2025-07-17:14:27:06,688 INFO     [psi4.optking.optwrapper:214] Creating a UserComputer
2025-07-17:14:27:06,688 INFO     [psi4.optking.optwrapper:222] 
    			-----------------------------------------

    			 OPTKING 3.0: for geometry optimizations 

    			     By R.A. King, Bethel University     

    			        with contributions from          

    			    A.V. Copan, J. Cayton, A. Heide      

    			-----------------------------------------

    
2025-07-17:14:27:06,688 INFO     [psi4.optking.optwrapper:238] 
		 -- Optimization Parameters --
	accept_symmetry_breaking       =           False
	alg_geom_maxiter               =             500
	bt_dx_conv                     =           1e-07
	bt_dx_rms_change_conv          =           1e-12
	bt_max_iter                    =              25
	cart_hess_read                 =           False
	consecutive_backsteps_allowed  =               0
	conv_max_DE                    =           1e-06
	conv_max_disp                  =          0.0012
	conv_max_force                 =          0.0003
	conv_rms_disp                  =              -1
	conv_rms_force                 =              -1
	covalent_connect               =             1.3
	dynamic_level                  =               0
	dynamic_level_max              =               0
	ensure_bt_convergence          =           False
	ext_force_bend                 =              []
	ext_force_cartesian            =              []
	ext_force_dihedral             =              []
	ext_force_distance             =              []
	ext_force_oofp                 =              []
	fix_val_near_pi                =            1.57
	flexible_g_convergence         =           False
	frag_mode                      =          SINGLE
	frag_ref_atoms                 =            None
	freeze_intrafrag               =           False
	frozen_bend                    =              []
	frozen_cartesian               =              []
	frozen_dihedral                =              []
	frozen_distance                =              []
	frozen_oofp                    =              []
	full_hess_every                =              -1
	g_convergence                  =           QCHEM
	generate_intcos_exit           =           False
	geom_maxiter                   =             500
	h_bond_connect                 =             4.3
	hess_update                    =            BFGS
	hess_update_den_tol            =           1e-07
	hess_update_dq_tol             =             0.5
	hess_update_limit              =            True
	hess_update_limit_max          =             1.0
	hess_update_limit_scale        =             0.5
	hess_update_use_last           =               4
	hessian_file                   =            None
	i_max_DE                       =            True
	i_max_disp                     =            True
	i_max_force                    =            True
	i_rms_disp                     =           False
	i_rms_force                    =           False
	i_untampered                   =            True
	include_oofp                   =           False
	interfrag_collinear_tol        =            0.01
	interfrag_coords               =            None
	interfrag_dist_inv             =           False
	interfrag_mode                 =           FIXED
	interfrag_trust                =             0.5
	interfrag_trust_max            =             1.0
	interfrag_trust_min            =           0.001
	interfragment_connect          =             1.8
	intrafrag_hess                 =        SCHLEGEL
	intrafrag_trust                =             0.5
	intrafrag_trust_max            =             1.0
	intrafrag_trust_min            =           0.001
	irc_direction                  =         FORWARD
	irc_points                     =              20
	irc_step_size                  =             0.2
	keep_intcos                    =           False
	linear_bend_threshold          =            3.05
	linesearch                     =           False
	linesearch_step                =             0.1
	max_disp_g_convergence         =          0.0012
	max_energy_g_convergence       =           1e-06
	max_force_g_convergence        =          0.0003
	opt_coordinates                =       REDUNDANT
	opt_type                       =             MIN
	output_type                    =            FILE
	print_lvl                      =               1
	program                        =            psi4
	ranged_bend                    =              []
	ranged_cartesian               =              []
	ranged_dihedral                =              []
	ranged_distance                =              []
	ranged_oofp                    =              []
	redundant_eval_tol             =           1e-10
	rfo_follow_root                =           False
	rfo_normalization_max          =             100
	rfo_root                       =               0
	rms_disp_g_convergence         =          0.0012
	rms_force_g_convergence        =          0.0003
	rsrfo_alpha_max                =     100000000.0
	sd_hessian                     =             1.0
	simple_step_scaling            =           False
	small_bend_fix_threshold       =            0.35
	steepest_descent_type          =         OVERLAP
	step_type                      =             RFO
	test_B                         =           False
	test_derivative_B              =           False
	trajectory                     =           False
	v3d_tors_angle_lim             =           0.017
	v3d_tors_cos_tol               =           1e-10
	working_consecutive_backsteps  =               0
	working_steps_since_last_H     =               0


2025-07-17:14:27:07,180 INFO     [psi4.optking.opt_helper:151] Molsys:

	                            ===> Fragment 1 <== 

	 Z (Atomic Numbers)          Masses                          Geom                  
	       9.000000            18.998403          0.00000000  0.00000000  1.33069464   
	      13.000000            26.981539          0.00000000  0.00000000 -0.93697671   

	 - Coordinate -           - BOHR/RAD -       - ANG/DEG -
	 R(1,2)           =         2.267671           1.200000

2025-07-17:14:27:07,191 INFO     [psi4.driver.task_planner:285] PLANNING Atomic:  keywords={'DAMPING_PERCENTAGE': 1.0, 'GEOM_MAXITER': 500, 'GUESS': 'SAP', 'MAXITER': 500, 'REFERENCE': 'UKS', 'function_kwargs': {}}
2025-07-17:14:27:07,192 INFO     [psi4.driver.driver:636] Compute gradient(): method=b3lyp, basis=cc-pvdz, molecule=default, nre=51.59477804032501
2025-07-17:14:27:08,345 INFO     [psi4.driver.driver:639] Return gradient(): -341.6917446875161
2025-07-17:14:27:08,345 INFO     [psi4.driver.driver:640] [[ 0.00000000  0.00000000 -1.07485930]
 [ 0.00000000 -0.00000000  1.07484130]]
2025-07-17:14:27:08,348 INFO     [psi4.optking.molsys:874] Projected (PHP) Hessian matrix
	   4.182219

2025-07-17:14:27:08,348 INFO     [psi4.optking.opt_helper:168] 
	         Geometry (au)                                       Gradient (au)
   0.0000000000   0.0000000000   1.3306946391		   0.0000000000   0.0000000000  -1.0748593016
   0.0000000000   0.0000000000  -0.9369767114		   0.0000000000  -0.0000000000   1.0748412962

2025-07-17:14:27:08,348 INFO     [psi4.optking.stepAlgorithms:750] 	Using RFO solution 1.
2025-07-17:14:27:08,349 INFO     [psi4.optking.displace:73] 	Determining Cartesian step for fragment 1.
2025-07-17:14:27:08,349 INFO     [psi4.optking.displace:378] 	Successfully converged to displaced geometry.
2025-07-17:14:27:08,349 INFO     [psi4.optking.displace:379] 	RMS(dx):  0.000e+00 	Max(dx):  0.000e+00 	RMS(dq):  0.000e+00
2025-07-17:14:27:08,349 INFO     [psi4.optking.displace:132] 

	        --- Internal Coordinate Step in ANG or DEG, aJ/ANG or AJ/DEG ---
	-------------------------------------------------------------------------------
	           Coordinate      Previous         Force          Change          New 
	           ----------      --------        ------          ------        ------
	               R(1,2)       1.20000        8.85539        0.12804       1.32804
	-------------------------------------------------------------------------------

2025-07-17:14:27:08,349 INFO     [psi4.optking.stepAlgorithms:96] 	|target step| :    0.2419587198
2025-07-17:14:27:08,349 INFO     [psi4.optking.stepAlgorithms:97] 	gradient     :   -1.0748502989
2025-07-17:14:27:08,349 INFO     [psi4.optking.stepAlgorithms:98] 	hessian      :    4.1822185214
2025-07-17:14:27:08,349 INFO     [psi4.optking.stepAlgorithms:177] 	Norm of achieved step-size    0.2419587198
2025-07-17:14:27:08,349 INFO     [psi4.optking.stepAlgorithms:179] 	Norm of achieved step-size (cart):    0.1710906515
2025-07-17:14:27:08,350 INFO     [psi4.optking.opt_helper:151] Molsys:

	                            ===> Fragment 1 <== 

	 Z (Atomic Numbers)          Masses                          Geom                  
	       9.000000            18.998403          0.00000000  0.00000000  1.45167400   
	      13.000000            26.981539          0.00000000  0.00000000 -1.05795607   

	 - Coordinate -           - BOHR/RAD -       - ANG/DEG -
	 R(1,2)           =         2.509630           1.328039

2025-07-17:14:27:08,351 INFO     [psi4.optking.convcheck:71] Performing convergence check.
2025-07-17:14:27:08,351 INFO     [psi4.optking.convcheck:263] 
	                                 ==> Convergence Check <==                                  
    
	Measures of convergence in internal coordinates in au.
    
	Criteria marked as inactive (o), active & met (*), and active & unmet ( ).

	----------------------------------------------------------------------------------------------
	   Step    Total Energy     Delta E     Max Force     RMS Force      Max Disp      RMS Disp   
	----------------------------------------------------------------------------------------------
	  Convergence Criteria     1.00e-06 *    3.00e-04 *             o    1.20e-03 *             o
	----------------------------------------------------------------------------------------------
	     1    -341.69174469   -3.42e+02      1.07e+00      1.07e+00 o    2.42e-01      2.42e-01 o  ~
	----------------------------------------------------------------------------------------------


2025-07-17:14:27:08,351 INFO     [psi4.optking.stepAlgorithms:266] 	Convergence check returned False
2025-07-17:14:27:08,364 INFO     [psi4.driver.task_planner:285] PLANNING Atomic:  keywords={'DAMPING_PERCENTAGE': 1.0, 'GEOM_MAXITER': 500, 'SCF__GUESS': 'READ', 'GUESS': 'SAP', 'MAXITER': 500, 'REFERENCE': 'UKS', 'function_kwargs': {}}
2025-07-17:14:27:08,366 INFO     [psi4.driver.driver:636] Compute gradient(): method=b3lyp, basis=cc-pvdz, molecule=default, nre=46.62041684293941
2025-07-17:14:27:09,354 INFO     [psi4.driver.driver:639] Return gradient(): -341.875050391109
2025-07-17:14:27:09,354 INFO     [psi4.driver.driver:640] [[ 0.00000000 -0.00000000 -0.50523067]
 [ 0.00000000 -0.00000000  0.50509775]]
2025-07-17:14:27:09,355 INFO     [psi4.optking.history:257] 	Performing BFGS update.
2025-07-17:14:27:09,355 INFO     [psi4.optking.history:268] 	Using 1 previous steps for update.
2025-07-17:14:27:09,356 INFO     [psi4.optking.history:302] 	Steps to be used in Hessian update:  1

2025-07-17:14:27:09,356 INFO     [psi4.optking.history:400] 	Updated Hessian (in au) 
 	   2.354476

2025-07-17:14:27:09,356 INFO     [psi4.optking.molsys:874] Projected (PHP) Hessian matrix
	   2.354476

2025-07-17:14:27:09,356 INFO     [psi4.optking.opt_helper:168] 
	         Geometry (au)                                       Gradient (au)
   0.0000000000   0.0000000000   1.4726786930		   0.0000000000  -0.0000000000  -0.5052306721
   0.0000000000   0.0000000000  -1.0369513773		   0.0000000000  -0.0000000000   0.5050977548

2025-07-17:14:27:09,356 INFO     [psi4.optking.stepAlgorithms:315] 	Current Step Report 
 
	Current energy:      -341.8750503911
	Energy change for the previous step:
		Actual       :        -0.1833057036
		Projected    :        -0.1300347011

2025-07-17:14:27:09,356 INFO     [psi4.optking.stepAlgorithms:318] 	Energy ratio =    1.40967
2025-07-17:14:27:09,356 INFO     [psi4.optking.stepAlgorithms:346] 	Energy ratio indicates good step.
2025-07-17:14:27:09,356 INFO     [psi4.optking.stepAlgorithms:347] 	Intrafrag trust radius increased to 1.000e+00.
2025-07-17:14:27:09,356 INFO     [psi4.optking.stepAlgorithms:750] 	Using RFO solution 1.
2025-07-17:14:27:09,356 INFO     [psi4.optking.displace:73] 	Determining Cartesian step for fragment 1.
2025-07-17:14:27:09,356 INFO     [psi4.optking.displace:378] 	Successfully converged to displaced geometry.
2025-07-17:14:27:09,356 INFO     [psi4.optking.displace:379] 	RMS(dx):  0.000e+00 	Max(dx):  0.000e+00 	RMS(dq):  0.000e+00
2025-07-17:14:27:09,356 INFO     [psi4.optking.displace:132] 

	        --- Internal Coordinate Step in ANG or DEG, aJ/ANG or AJ/DEG ---
	-------------------------------------------------------------------------------
	           Coordinate      Previous         Force          Change          New 
	           ----------      --------        ------          ------        ------
	               R(1,2)       1.32804        4.16191        0.10874       1.43678
	-------------------------------------------------------------------------------

2025-07-17:14:27:09,356 INFO     [psi4.optking.stepAlgorithms:96] 	|target step| :    0.2054945789
2025-07-17:14:27:09,356 INFO     [psi4.optking.stepAlgorithms:97] 	gradient     :   -0.5051642134
2025-07-17:14:27:09,357 INFO     [psi4.optking.stepAlgorithms:98] 	hessian      :    2.3544763585
2025-07-17:14:27:09,357 INFO     [psi4.optking.stepAlgorithms:177] 	Norm of achieved step-size    0.2054945789
2025-07-17:14:27:09,357 INFO     [psi4.optking.stepAlgorithms:179] 	Norm of achieved step-size (cart):    0.1453066103
2025-07-17:14:27:09,357 INFO     [psi4.optking.opt_helper:151] Molsys:

	                            ===> Fragment 1 <== 

	 Z (Atomic Numbers)          Masses                          Geom                  
	       9.000000            18.998403          0.00000000  0.00000000  1.57542598   
	      13.000000            26.981539          0.00000000  0.00000000 -1.13969867   

	 - Coordinate -           - BOHR/RAD -       - ANG/DEG -
	 R(1,2)           =         2.715125           1.436782

2025-07-17:14:27:09,357 INFO     [psi4.optking.convcheck:71] Performing convergence check.
2025-07-17:14:27:09,357 INFO     [psi4.optking.convcheck:263] 
	                                 ==> Convergence Check <==                                  
    
	Measures of convergence in internal coordinates in au.
    
	Criteria marked as inactive (o), active & met (*), and active & unmet ( ).

	----------------------------------------------------------------------------------------------
	   Step    Total Energy     Delta E     Max Force     RMS Force      Max Disp      RMS Disp   
	----------------------------------------------------------------------------------------------
	  Convergence Criteria     1.00e-06 *    3.00e-04 *             o    1.20e-03 *             o
	----------------------------------------------------------------------------------------------
	     2    -341.87505039   -1.83e-01      5.05e-01      5.05e-01 o    2.05e-01      2.05e-01 o  ~
	----------------------------------------------------------------------------------------------


2025-07-17:14:27:09,357 INFO     [psi4.optking.stepAlgorithms:266] 	Convergence check returned False
2025-07-17:14:27:09,376 INFO     [psi4.driver.task_planner:285] PLANNING Atomic:  keywords={'DAMPING_PERCENTAGE': 1.0, 'GEOM_MAXITER': 500, 'SCF__GUESS': 'READ', 'GUESS': 'SAP', 'MAXITER': 500, 'REFERENCE': 'UKS', 'function_kwargs': {}}
2025-07-17:14:27:09,377 INFO     [psi4.driver.driver:636] Compute gradient(): method=b3lyp, basis=cc-pvdz, molecule=default, nre=43.09194424330422
2025-07-17:14:27:10,515 INFO     [psi4.driver.driver:639] Return gradient(): -341.9498245945364
2025-07-17:14:27:10,516 INFO     [psi4.driver.driver:640] [[ 0.00000000  0.00000000 -0.24633228]
 [ 0.00000000  0.00000000  0.24619611]]
2025-07-17:14:27:10,517 INFO     [psi4.optking.history:257] 	Performing BFGS update.
2025-07-17:14:27:10,517 INFO     [psi4.optking.history:268] 	Using 2 previous steps for update.
2025-07-17:14:27:10,517 INFO     [psi4.optking.history:302] 	Steps to be used in Hessian update:  2 1

2025-07-17:14:27:10,517 INFO     [psi4.optking.history:400] 	Updated Hessian (in au) 
 	   1.851782

2025-07-17:14:27:10,517 INFO     [psi4.optking.molsys:874] Projected (PHP) Hessian matrix
	   1.851782

2025-07-17:14:27:10,517 INFO     [psi4.optking.opt_helper:168] 
	         Geometry (au)                                       Gradient (au)
   0.0000000000   0.0000000000   1.5932651857		   0.0000000000   0.0000000000  -0.2463322799
   0.0000000000   0.0000000000  -1.1218594636		   0.0000000000   0.0000000000   0.2461961080

2025-07-17:14:27:10,517 INFO     [psi4.optking.stepAlgorithms:315] 	Current Step Report 
 
	Current energy:      -341.9498245945
	Energy change for the previous step:
		Actual       :        -0.0747742034
		Projected    :        -0.0519042537

2025-07-17:14:27:10,517 INFO     [psi4.optking.stepAlgorithms:318] 	Energy ratio =    1.44062
2025-07-17:14:27:10,517 INFO     [psi4.optking.stepAlgorithms:750] 	Using RFO solution 1.
2025-07-17:14:27:10,517 INFO     [psi4.optking.displace:73] 	Determining Cartesian step for fragment 1.
2025-07-17:14:27:10,518 INFO     [psi4.optking.displace:378] 	Successfully converged to displaced geometry.
2025-07-17:14:27:10,518 INFO     [psi4.optking.displace:379] 	RMS(dx):  1.282e-16 	Max(dx):  2.220e-16 	RMS(dq):  4.441e-16
2025-07-17:14:27:10,518 INFO     [psi4.optking.displace:132] 

	        --- Internal Coordinate Step in ANG or DEG, aJ/ANG or AJ/DEG ---
	-------------------------------------------------------------------------------
	           Coordinate      Previous         Force          Change          New 
	           ----------      --------        ------          ------        ------
	               R(1,2)       1.43678        2.02890        0.06917       1.50595
	-------------------------------------------------------------------------------

2025-07-17:14:27:10,518 INFO     [psi4.optking.stepAlgorithms:96] 	|target step| :    0.1307153640
2025-07-17:14:27:10,518 INFO     [psi4.optking.stepAlgorithms:97] 	gradient     :   -0.2462641939
2025-07-17:14:27:10,518 INFO     [psi4.optking.stepAlgorithms:98] 	hessian      :    1.8517823140
2025-07-17:14:27:10,518 INFO     [psi4.optking.stepAlgorithms:177] 	Norm of achieved step-size    0.1307153640
2025-07-17:14:27:10,518 INFO     [psi4.optking.stepAlgorithms:179] 	Norm of achieved step-size (cart):    0.0924297203
2025-07-17:14:27:10,518 INFO     [psi4.optking.opt_helper:151] Molsys:

	                            ===> Fragment 1 <== 

	 Z (Atomic Numbers)          Masses                          Geom                  
	       9.000000            18.998403          0.00000000  0.00000000  1.65862287   
	      13.000000            26.981539          0.00000000  0.00000000 -1.18721715   

	 - Coordinate -           - BOHR/RAD -       - ANG/DEG -
	 R(1,2)           =         2.845840           1.505954

2025-07-17:14:27:10,518 INFO     [psi4.optking.convcheck:71] Performing convergence check.
2025-07-17:14:27:10,518 INFO     [psi4.optking.convcheck:263] 
	                                 ==> Convergence Check <==                                  
    
	Measures of convergence in internal coordinates in au.
    
	Criteria marked as inactive (o), active & met (*), and active & unmet ( ).

	----------------------------------------------------------------------------------------------
	   Step    Total Energy     Delta E     Max Force     RMS Force      Max Disp      RMS Disp   
	----------------------------------------------------------------------------------------------
	  Convergence Criteria     1.00e-06 *    3.00e-04 *             o    1.20e-03 *             o
	----------------------------------------------------------------------------------------------
	     3    -341.94982459   -7.48e-02      2.46e-01      2.46e-01 o    1.31e-01      1.31e-01 o  ~
	----------------------------------------------------------------------------------------------


2025-07-17:14:27:10,518 INFO     [psi4.optking.stepAlgorithms:266] 	Convergence check returned False
2025-07-17:14:27:10,534 INFO     [psi4.driver.task_planner:285] PLANNING Atomic:  keywords={'DAMPING_PERCENTAGE': 1.0, 'GEOM_MAXITER': 500, 'SCF__GUESS': 'READ', 'GUESS': 'SAP', 'MAXITER': 500, 'REFERENCE': 'UKS', 'function_kwargs': {}}
2025-07-17:14:27:10,535 INFO     [psi4.driver.driver:636] Compute gradient(): method=b3lyp, basis=cc-pvdz, molecule=default, nre=41.112641418565076
2025-07-17:14:27:11,519 INFO     [psi4.driver.driver:639] Return gradient(): -341.9747255590974
2025-07-17:14:27:11,520 INFO     [psi4.driver.driver:640] [[ 0.00000000 -0.00000000 -0.14073188]
 [ 0.00000000  0.00000000  0.14062772]]
2025-07-17:14:27:11,521 INFO     [psi4.optking.history:257] 	Performing BFGS update.
2025-07-17:14:27:11,521 INFO     [psi4.optking.history:268] 	Using 3 previous steps for update.
2025-07-17:14:27:11,521 WARNING  [psi4.optking.history:286] 	Change in internal coordinate of 5.78e-01 exceeds limit of 5.00e-01.
2025-07-17:14:27:11,521 WARNING  [psi4.optking.history:291] 	Skipping Hessian update for step 1.
2025-07-17:14:27:11,521 INFO     [psi4.optking.history:302] 	Steps to be used in Hessian update:  3 2

2025-07-17:14:27:11,522 INFO     [psi4.optking.history:400] 	Updated Hessian (in au) 
 	   1.084098

2025-07-17:14:27:11,522 INFO     [psi4.optking.molsys:874] Projected (PHP) Hessian matrix
	   1.084098

2025-07-17:14:27:11,522 INFO     [psi4.optking.opt_helper:168] 
	         Geometry (au)                                       Gradient (au)
   0.0000000000   0.0000000000   1.6699704076		   0.0000000000  -0.0000000000  -0.1407318817
   0.0000000000   0.0000000000  -1.1758696057		   0.0000000000   0.0000000000   0.1406277244

2025-07-17:14:27:11,522 INFO     [psi4.optking.stepAlgorithms:315] 	Current Step Report 
 
	Current energy:      -341.9747255591
	Energy change for the previous step:
		Actual       :        -0.0249009646
		Projected    :        -0.0160952569

2025-07-17:14:27:11,522 INFO     [psi4.optking.stepAlgorithms:318] 	Energy ratio =    1.54710
2025-07-17:14:27:11,522 INFO     [psi4.optking.stepAlgorithms:750] 	Using RFO solution 1.
2025-07-17:14:27:11,522 INFO     [psi4.optking.displace:73] 	Determining Cartesian step for fragment 1.
2025-07-17:14:27:11,522 INFO     [psi4.optking.displace:378] 	Successfully converged to displaced geometry.
2025-07-17:14:27:11,522 INFO     [psi4.optking.displace:379] 	RMS(dx):  1.282e-16 	Max(dx):  2.220e-16 	RMS(dq):  4.441e-16
2025-07-17:14:27:11,522 INFO     [psi4.optking.displace:132] 

	        --- Internal Coordinate Step in ANG or DEG, aJ/ANG or AJ/DEG ---
	-------------------------------------------------------------------------------
	           Coordinate      Previous         Force          Change          New 
	           ----------      --------        ------          ------        ------
	               R(1,2)       1.50595        1.15902        0.06755       1.57350
	-------------------------------------------------------------------------------

2025-07-17:14:27:11,522 INFO     [psi4.optking.stepAlgorithms:96] 	|target step| :    0.1276521672
2025-07-17:14:27:11,522 INFO     [psi4.optking.stepAlgorithms:97] 	gradient     :   -0.1406798031
2025-07-17:14:27:11,522 INFO     [psi4.optking.stepAlgorithms:98] 	hessian      :    1.0840976539
2025-07-17:14:27:11,522 INFO     [psi4.optking.stepAlgorithms:177] 	Norm of achieved step-size    0.1276521672
2025-07-17:14:27:11,522 INFO     [psi4.optking.stepAlgorithms:179] 	Norm of achieved step-size (cart):    0.0902637131
2025-07-17:14:27:11,522 INFO     [psi4.optking.opt_helper:151] Molsys:

	                            ===> Fragment 1 <== 

	 Z (Atomic Numbers)          Masses                          Geom                  
	       9.000000            18.998403          0.00000000  0.00000000  1.73379649   
	      13.000000            26.981539          0.00000000  0.00000000 -1.23969569   

	 - Coordinate -           - BOHR/RAD -       - ANG/DEG -
	 R(1,2)           =         2.973492           1.573504

2025-07-17:14:27:11,523 INFO     [psi4.optking.convcheck:71] Performing convergence check.
2025-07-17:14:27:11,523 INFO     [psi4.optking.convcheck:263] 
	                                 ==> Convergence Check <==                                  
    
	Measures of convergence in internal coordinates in au.
    
	Criteria marked as inactive (o), active & met (*), and active & unmet ( ).

	----------------------------------------------------------------------------------------------
	   Step    Total Energy     Delta E     Max Force     RMS Force      Max Disp      RMS Disp   
	----------------------------------------------------------------------------------------------
	  Convergence Criteria     1.00e-06 *    3.00e-04 *             o    1.20e-03 *             o
	----------------------------------------------------------------------------------------------
	     4    -341.97472556   -2.49e-02      1.41e-01      1.41e-01 o    1.28e-01      1.28e-01 o  ~
	----------------------------------------------------------------------------------------------


2025-07-17:14:27:11,523 INFO     [psi4.optking.stepAlgorithms:266] 	Convergence check returned False
2025-07-17:14:27:11,538 INFO     [psi4.driver.task_planner:285] PLANNING Atomic:  keywords={'DAMPING_PERCENTAGE': 1.0, 'GEOM_MAXITER': 500, 'SCF__GUESS': 'READ', 'GUESS': 'SAP', 'MAXITER': 500, 'REFERENCE': 'UKS', 'function_kwargs': {}}
2025-07-17:14:27:11,540 INFO     [psi4.driver.driver:636] Compute gradient(): method=b3lyp, basis=cc-pvdz, molecule=default, nre=39.347673677348745
2025-07-17:14:27:12,528 INFO     [psi4.driver.driver:639] Return gradient(): -341.9876684118911
2025-07-17:14:27:12,528 INFO     [psi4.driver.driver:640] [[ 0.00000000  0.00000000 -0.06639295]
 [ 0.00000000  0.00000000  0.06632993]]
2025-07-17:14:27:12,529 INFO     [psi4.optking.history:257] 	Performing BFGS update.
2025-07-17:14:27:12,529 INFO     [psi4.optking.history:268] 	Using 4 previous steps for update.
2025-07-17:14:27:12,529 WARNING  [psi4.optking.history:286] 	Change in internal coordinate of 7.06e-01 exceeds limit of 5.00e-01.
2025-07-17:14:27:12,529 WARNING  [psi4.optking.history:291] 	Skipping Hessian update for step 1.
2025-07-17:14:27:12,530 INFO     [psi4.optking.history:302] 	Steps to be used in Hessian update:  4 3 2

2025-07-17:14:27:12,530 INFO     [psi4.optking.history:400] 	Updated Hessian (in au) 
 	   0.945977

2025-07-17:14:27:12,530 INFO     [psi4.optking.molsys:874] Projected (PHP) Hessian matrix
	   0.945977

2025-07-17:14:27:12,530 INFO     [psi4.optking.opt_helper:168] 
	         Geometry (au)                                       Gradient (au)
   0.0000000000   0.0000000000   1.7448781117		   0.0000000000   0.0000000000  -0.0663929480
   0.0000000000   0.0000000000  -1.2286140688		   0.0000000000   0.0000000000   0.0663299347

2025-07-17:14:27:12,530 INFO     [psi4.optking.stepAlgorithms:315] 	Current Step Report 
 
	Current energy:      -341.9876684119
	Energy change for the previous step:
		Actual       :        -0.0129428528
		Projected    :        -0.0089790409

2025-07-17:14:27:12,530 INFO     [psi4.optking.stepAlgorithms:318] 	Energy ratio =    1.44145
2025-07-17:14:27:12,530 INFO     [psi4.optking.stepAlgorithms:750] 	Using RFO solution 1.
2025-07-17:14:27:12,530 INFO     [psi4.optking.displace:73] 	Determining Cartesian step for fragment 1.
2025-07-17:14:27:12,530 INFO     [psi4.optking.displace:378] 	Successfully converged to displaced geometry.
2025-07-17:14:27:12,530 INFO     [psi4.optking.displace:379] 	RMS(dx):  1.282e-16 	Max(dx):  2.220e-16 	RMS(dq):  4.441e-16
2025-07-17:14:27:12,530 INFO     [psi4.optking.displace:132] 

	        --- Internal Coordinate Step in ANG or DEG, aJ/ANG or AJ/DEG ---
	-------------------------------------------------------------------------------
	           Coordinate      Previous         Force          Change          New 
	           ----------      --------        ------          ------        ------
	               R(1,2)       1.57350        0.54673        0.03694       1.61045
	-------------------------------------------------------------------------------

2025-07-17:14:27:12,530 INFO     [psi4.optking.stepAlgorithms:96] 	|target step| :    0.0698093678
2025-07-17:14:27:12,531 INFO     [psi4.optking.stepAlgorithms:97] 	gradient     :   -0.0663614413
2025-07-17:14:27:12,531 INFO     [psi4.optking.stepAlgorithms:98] 	hessian      :    0.9459767515
2025-07-17:14:27:12,531 INFO     [psi4.optking.stepAlgorithms:177] 	Norm of achieved step-size    0.0698093678
2025-07-17:14:27:12,531 INFO     [psi4.optking.stepAlgorithms:179] 	Norm of achieved step-size (cart):    0.0493626773
2025-07-17:14:27:12,531 INFO     [psi4.optking.opt_helper:151] Molsys:

	                            ===> Fragment 1 <== 

	 Z (Atomic Numbers)          Masses                          Geom                  
	       9.000000            18.998403          0.00000000  0.00000000  1.77978280   
	      13.000000            26.981539          0.00000000  0.00000000 -1.26351875   

	 - Coordinate -           - BOHR/RAD -       - ANG/DEG -
	 R(1,2)           =         3.043302           1.610446

2025-07-17:14:27:12,531 INFO     [psi4.optking.convcheck:71] Performing convergence check.
2025-07-17:14:27:12,531 INFO     [psi4.optking.convcheck:263] 
	                                 ==> Convergence Check <==                                  
    
	Measures of convergence in internal coordinates in au.
    
	Criteria marked as inactive (o), active & met (*), and active & unmet ( ).

	----------------------------------------------------------------------------------------------
	   Step    Total Energy     Delta E     Max Force     RMS Force      Max Disp      RMS Disp   
	----------------------------------------------------------------------------------------------
	  Convergence Criteria     1.00e-06 *    3.00e-04 *             o    1.20e-03 *             o
	----------------------------------------------------------------------------------------------
	     5    -341.98766841   -1.29e-02      6.64e-02      6.64e-02 o    6.98e-02      6.98e-02 o  ~
	----------------------------------------------------------------------------------------------


2025-07-17:14:27:12,532 INFO     [psi4.optking.stepAlgorithms:266] 	Convergence check returned False
2025-07-17:14:27:12,552 INFO     [psi4.driver.task_planner:285] PLANNING Atomic:  keywords={'DAMPING_PERCENTAGE': 1.0, 'GEOM_MAXITER': 500, 'SCF__GUESS': 'READ', 'GUESS': 'SAP', 'MAXITER': 500, 'REFERENCE': 'UKS', 'function_kwargs': {}}
2025-07-17:14:27:12,553 INFO     [psi4.driver.driver:636] Compute gradient(): method=b3lyp, basis=cc-pvdz, molecule=default, nre=38.44508936906905
2025-07-17:14:27:13,580 INFO     [psi4.driver.driver:639] Return gradient(): -341.99116038276094
2025-07-17:14:27:13,580 INFO     [psi4.driver.driver:640] [[ 0.00000000  0.00000000 -0.03489586]
 [ 0.00000000  0.00000000  0.03480305]]
2025-07-17:14:27:13,581 INFO     [psi4.optking.history:257] 	Performing BFGS update.
2025-07-17:14:27:13,581 INFO     [psi4.optking.history:268] 	Using 4 previous steps for update.
2025-07-17:14:27:13,581 WARNING  [psi4.optking.history:286] 	Change in internal coordinate of 5.34e-01 exceeds limit of 5.00e-01.
2025-07-17:14:27:13,581 WARNING  [psi4.optking.history:291] 	Skipping Hessian update for step 2.
2025-07-17:14:27:13,581 WARNING  [psi4.optking.history:286] 	Change in internal coordinate of 7.76e-01 exceeds limit of 5.00e-01.
2025-07-17:14:27:13,581 WARNING  [psi4.optking.history:291] 	Skipping Hessian update for step 1.
2025-07-17:14:27:13,581 INFO     [psi4.optking.history:302] 	Steps to be used in Hessian update:  5 4 3

2025-07-17:14:27:13,582 INFO     [psi4.optking.history:400] 	Updated Hessian (in au) 
 	   0.644210

2025-07-17:14:27:13,582 INFO     [psi4.optking.molsys:874] Projected (PHP) Hessian matrix
	   0.644210

2025-07-17:14:27:13,582 INFO     [psi4.optking.opt_helper:168] 
	         Geometry (au)                                       Gradient (au)
   0.0000000000   0.0000000000   1.7858430211		   0.0000000000   0.0000000000  -0.0348958566
   0.0000000000   0.0000000000  -1.2574585272		   0.0000000000   0.0000000000   0.0348030522

2025-07-17:14:27:13,582 INFO     [psi4.optking.stepAlgorithms:315] 	Current Step Report 
 
	Current energy:      -341.9911603828
	Energy change for the previous step:
		Actual       :        -0.0034919709
		Projected    :        -0.0023163251

2025-07-17:14:27:13,582 INFO     [psi4.optking.stepAlgorithms:318] 	Energy ratio =    1.50755
2025-07-17:14:27:13,582 INFO     [psi4.optking.stepAlgorithms:750] 	Using RFO solution 1.
2025-07-17:14:27:13,582 INFO     [psi4.optking.displace:73] 	Determining Cartesian step for fragment 1.
2025-07-17:14:27:13,582 INFO     [psi4.optking.displace:378] 	Successfully converged to displaced geometry.
2025-07-17:14:27:13,582 INFO     [psi4.optking.displace:379] 	RMS(dx):  1.282e-16 	Max(dx):  2.220e-16 	RMS(dq):  4.441e-16
2025-07-17:14:27:13,582 INFO     [psi4.optking.displace:132] 

	        --- Internal Coordinate Step in ANG or DEG, aJ/ANG or AJ/DEG ---
	-------------------------------------------------------------------------------
	           Coordinate      Previous         Force          Change          New 
	           ----------      --------        ------          ------        ------
	               R(1,2)       1.61045        0.28712        0.02854       1.63899
	-------------------------------------------------------------------------------

2025-07-17:14:27:13,582 INFO     [psi4.optking.stepAlgorithms:96] 	|target step| :    0.0539390559
2025-07-17:14:27:13,582 INFO     [psi4.optking.stepAlgorithms:97] 	gradient     :   -0.0348494544
2025-07-17:14:27:13,582 INFO     [psi4.optking.stepAlgorithms:98] 	hessian      :    0.6442096935
2025-07-17:14:27:13,582 INFO     [psi4.optking.stepAlgorithms:177] 	Norm of achieved step-size    0.0539390559
2025-07-17:14:27:13,582 INFO     [psi4.optking.stepAlgorithms:179] 	Norm of achieved step-size (cart):    0.0381406722
2025-07-17:14:27:13,583 INFO     [psi4.optking.opt_helper:151] Molsys:

	                            ===> Fragment 1 <== 

	 Z (Atomic Numbers)          Masses                          Geom                  
	       9.000000            18.998403          0.00000000  0.00000000  1.81281255   
	      13.000000            26.981539          0.00000000  0.00000000 -1.28442806   

	 - Coordinate -           - BOHR/RAD -       - ANG/DEG -
	 R(1,2)           =         3.097241           1.638989

2025-07-17:14:27:13,583 INFO     [psi4.optking.convcheck:71] Performing convergence check.
2025-07-17:14:27:13,583 INFO     [psi4.optking.convcheck:263] 
	                                 ==> Convergence Check <==                                  
    
	Measures of convergence in internal coordinates in au.
    
	Criteria marked as inactive (o), active & met (*), and active & unmet ( ).

	----------------------------------------------------------------------------------------------
	   Step    Total Energy     Delta E     Max Force     RMS Force      Max Disp      RMS Disp   
	----------------------------------------------------------------------------------------------
	  Convergence Criteria     1.00e-06 *    3.00e-04 *             o    1.20e-03 *             o
	----------------------------------------------------------------------------------------------
	     6    -341.99116038   -3.49e-03      3.48e-02      3.48e-02 o    5.39e-02      5.39e-02 o  ~
	----------------------------------------------------------------------------------------------


2025-07-17:14:27:13,583 INFO     [psi4.optking.stepAlgorithms:266] 	Convergence check returned False
2025-07-17:14:27:13,594 INFO     [psi4.driver.task_planner:285] PLANNING Atomic:  keywords={'DAMPING_PERCENTAGE': 1.0, 'GEOM_MAXITER': 500, 'SCF__GUESS': 'READ', 'GUESS': 'SAP', 'MAXITER': 500, 'REFERENCE': 'UKS', 'function_kwargs': {}}
2025-07-17:14:27:13,596 INFO     [psi4.driver.driver:636] Compute gradient(): method=b3lyp, basis=cc-pvdz, molecule=default, nre=37.7755605566124
2025-07-17:14:27:14,553 INFO     [psi4.driver.driver:639] Return gradient(): -341.9924632418446
2025-07-17:14:27:14,553 INFO     [psi4.driver.driver:640] [[-0.00000000 -0.00000000 -0.01422543]
 [-0.00000000  0.00000000  0.01409494]]
2025-07-17:14:27:14,554 INFO     [psi4.optking.history:257] 	Performing BFGS update.
2025-07-17:14:27:14,554 INFO     [psi4.optking.history:268] 	Using 4 previous steps for update.
2025-07-17:14:27:14,554 INFO     [psi4.optking.history:302] 	Steps to be used in Hessian update:  6 5 4 3

2025-07-17:14:27:14,554 INFO     [psi4.optking.history:400] 	Updated Hessian (in au) 
 	   0.607418

2025-07-17:14:27:14,554 INFO     [psi4.optking.molsys:874] Projected (PHP) Hessian matrix
	   0.607418

2025-07-17:14:27:14,554 INFO     [psi4.optking.opt_helper:168] 
	         Geometry (au)                                       Gradient (au)
   0.0000000000   0.0000000000   1.8174950559		  -0.0000000000  -0.0000000000  -0.0142254280
   0.0000000000   0.0000000000  -1.2797455482		  -0.0000000000   0.0000000000   0.0140949414

2025-07-17:14:27:14,555 INFO     [psi4.optking.stepAlgorithms:315] 	Current Step Report 
 
	Current energy:      -341.9924632418
	Energy change for the previous step:
		Actual       :        -0.0013028591
		Projected    :        -0.0009398733

2025-07-17:14:27:14,555 INFO     [psi4.optking.stepAlgorithms:318] 	Energy ratio =    1.38621
2025-07-17:14:27:14,555 INFO     [psi4.optking.stepAlgorithms:750] 	Using RFO solution 1.
2025-07-17:14:27:14,555 INFO     [psi4.optking.displace:73] 	Determining Cartesian step for fragment 1.
2025-07-17:14:27:14,555 INFO     [psi4.optking.displace:378] 	Successfully converged to displaced geometry.
2025-07-17:14:27:14,555 INFO     [psi4.optking.displace:379] 	RMS(dx):  0.000e+00 	Max(dx):  0.000e+00 	RMS(dq):  0.000e+00
2025-07-17:14:27:14,555 INFO     [psi4.optking.displace:132] 

	        --- Internal Coordinate Step in ANG or DEG, aJ/ANG or AJ/DEG ---
	-------------------------------------------------------------------------------
	           Coordinate      Previous         Force          Change          New 
	           ----------      --------        ------          ------        ------
	               R(1,2)       1.63899        0.11666        0.01233       1.65132
	-------------------------------------------------------------------------------

2025-07-17:14:27:14,555 INFO     [psi4.optking.stepAlgorithms:96] 	|target step| :    0.0232994475
2025-07-17:14:27:14,555 INFO     [psi4.optking.stepAlgorithms:97] 	gradient     :   -0.0141601847
2025-07-17:14:27:14,555 INFO     [psi4.optking.stepAlgorithms:98] 	hessian      :    0.6074177386
2025-07-17:14:27:14,555 INFO     [psi4.optking.stepAlgorithms:177] 	Norm of achieved step-size    0.0232994475
2025-07-17:14:27:14,555 INFO     [psi4.optking.stepAlgorithms:179] 	Norm of achieved step-size (cart):    0.0164751973
2025-07-17:14:27:14,555 INFO     [psi4.optking.opt_helper:151] Molsys:

	                            ===> Fragment 1 <== 

	 Z (Atomic Numbers)          Masses                          Geom                  
	       9.000000            18.998403          0.00000000  0.00000000  1.82914478   
	      13.000000            26.981539          0.00000000  0.00000000 -1.29139527   

	 - Coordinate -           - BOHR/RAD -       - ANG/DEG -
	 R(1,2)           =         3.120540           1.651319

2025-07-17:14:27:14,555 INFO     [psi4.optking.convcheck:71] Performing convergence check.
2025-07-17:14:27:14,555 INFO     [psi4.optking.convcheck:263] 
	                                 ==> Convergence Check <==                                  
    
	Measures of convergence in internal coordinates in au.
    
	Criteria marked as inactive (o), active & met (*), and active & unmet ( ).

	----------------------------------------------------------------------------------------------
	   Step    Total Energy     Delta E     Max Force     RMS Force      Max Disp      RMS Disp   
	----------------------------------------------------------------------------------------------
	  Convergence Criteria     1.00e-06 *    3.00e-04 *             o    1.20e-03 *             o
	----------------------------------------------------------------------------------------------
	     7    -341.99246324   -1.30e-03      1.42e-02      1.42e-02 o    2.33e-02      2.33e-02 o  ~
	----------------------------------------------------------------------------------------------


2025-07-17:14:27:14,556 INFO     [psi4.optking.stepAlgorithms:266] 	Convergence check returned False
2025-07-17:14:27:14,574 INFO     [psi4.driver.task_planner:285] PLANNING Atomic:  keywords={'DAMPING_PERCENTAGE': 1.0, 'GEOM_MAXITER': 500, 'SCF__GUESS': 'READ', 'GUESS': 'SAP', 'MAXITER': 500, 'REFERENCE': 'UKS', 'function_kwargs': {}}
2025-07-17:14:27:14,576 INFO     [psi4.driver.driver:636] Compute gradient(): method=b3lyp, basis=cc-pvdz, molecule=default, nre=37.493510118529755
2025-07-17:14:27:15,515 INFO     [psi4.driver.driver:639] Return gradient(): -341.992695913855
2025-07-17:14:27:15,515 INFO     [psi4.driver.driver:640] [[ 0.00000000 -0.00000000 -0.00618116]
 [ 0.00000000  0.00000000  0.00603818]]
2025-07-17:14:27:15,518 INFO     [psi4.optking.history:257] 	Performing BFGS update.
2025-07-17:14:27:15,518 INFO     [psi4.optking.history:268] 	Using 4 previous steps for update.
2025-07-17:14:27:15,518 INFO     [psi4.optking.history:302] 	Steps to be used in Hessian update:  7 6 5 4

2025-07-17:14:27:15,518 INFO     [psi4.optking.history:400] 	Updated Hessian (in au) 
 	   0.489880

2025-07-17:14:27:15,519 INFO     [psi4.optking.molsys:874] Projected (PHP) Hessian matrix
	   0.489880

2025-07-17:14:27:15,519 INFO     [psi4.optking.opt_helper:168] 
	         Geometry (au)                                       Gradient (au)
   0.0000000000   0.0000000000   1.8311674295		   0.0000000000  -0.0000000000  -0.0061811613
   0.0000000000   0.0000000000  -1.2893726221		   0.0000000000   0.0000000000   0.0060381843

2025-07-17:14:27:15,519 INFO     [psi4.optking.stepAlgorithms:315] 	Current Step Report 
 
	Current energy:      -341.9926959139
	Energy change for the previous step:
		Actual       :        -0.0002326720
		Projected    :        -0.0001649622

2025-07-17:14:27:15,519 INFO     [psi4.optking.stepAlgorithms:318] 	Energy ratio =    1.41046
2025-07-17:14:27:15,519 INFO     [psi4.optking.stepAlgorithms:750] 	Using RFO solution 1.
2025-07-17:14:27:15,519 INFO     [psi4.optking.displace:73] 	Determining Cartesian step for fragment 1.
2025-07-17:14:27:15,520 INFO     [psi4.optking.displace:378] 	Successfully converged to displaced geometry.
2025-07-17:14:27:15,520 INFO     [psi4.optking.displace:379] 	RMS(dx):  1.282e-16 	Max(dx):  2.220e-16 	RMS(dq):  4.441e-16
2025-07-17:14:27:15,520 INFO     [psi4.optking.displace:132] 

	        --- Internal Coordinate Step in ANG or DEG, aJ/ANG or AJ/DEG ---
	-------------------------------------------------------------------------------
	           Coordinate      Previous         Force          Change          New 
	           ----------      --------        ------          ------        ------
	               R(1,2)       1.65132        0.05034        0.00660       1.65792
	-------------------------------------------------------------------------------

2025-07-17:14:27:15,520 INFO     [psi4.optking.stepAlgorithms:96] 	|target step| :    0.0124698279
2025-07-17:14:27:15,520 INFO     [psi4.optking.stepAlgorithms:97] 	gradient     :   -0.0061096728
2025-07-17:14:27:15,520 INFO     [psi4.optking.stepAlgorithms:98] 	hessian      :    0.4898802749
2025-07-17:14:27:15,520 INFO     [psi4.optking.stepAlgorithms:177] 	Norm of achieved step-size    0.0124698279
2025-07-17:14:27:15,520 INFO     [psi4.optking.stepAlgorithms:179] 	Norm of achieved step-size (cart):    0.0088174999
2025-07-17:14:27:15,520 INFO     [psi4.optking.opt_helper:151] Molsys:

	                            ===> Fragment 1 <== 

	 Z (Atomic Numbers)          Masses                          Geom                  
	       9.000000            18.998403          0.00000000  0.00000000  1.83740234   
	      13.000000            26.981539          0.00000000  0.00000000 -1.29560754   

	 - Coordinate -           - BOHR/RAD -       - ANG/DEG -
	 R(1,2)           =         3.133010           1.657917

2025-07-17:14:27:15,521 INFO     [psi4.optking.convcheck:71] Performing convergence check.
2025-07-17:14:27:15,521 INFO     [psi4.optking.convcheck:263] 
	                                 ==> Convergence Check <==                                  
    
	Measures of convergence in internal coordinates in au.
    
	Criteria marked as inactive (o), active & met (*), and active & unmet ( ).

	----------------------------------------------------------------------------------------------
	   Step    Total Energy     Delta E     Max Force     RMS Force      Max Disp      RMS Disp   
	----------------------------------------------------------------------------------------------
	  Convergence Criteria     1.00e-06 *    3.00e-04 *             o    1.20e-03 *             o
	----------------------------------------------------------------------------------------------
	     8    -341.99269591   -2.33e-04      6.11e-03      6.11e-03 o    1.25e-02      1.25e-02 o  ~
	----------------------------------------------------------------------------------------------


2025-07-17:14:27:15,521 INFO     [psi4.optking.stepAlgorithms:266] 	Convergence check returned False
2025-07-17:14:27:15,542 INFO     [psi4.driver.task_planner:285] PLANNING Atomic:  keywords={'DAMPING_PERCENTAGE': 1.0, 'GEOM_MAXITER': 500, 'SCF__GUESS': 'READ', 'GUESS': 'SAP', 'MAXITER': 500, 'REFERENCE': 'UKS', 'function_kwargs': {}}
2025-07-17:14:27:15,544 INFO     [psi4.driver.driver:636] Compute gradient(): method=b3lyp, basis=cc-pvdz, molecule=default, nre=37.34428057941796
2025-07-17:14:27:16,432 INFO     [psi4.driver.driver:639] Return gradient(): -341.9927450619598
2025-07-17:14:27:16,433 INFO     [psi4.driver.driver:640] [[-0.00000000 -0.00000000 -0.00208050]
 [-0.00000000  0.00000000  0.00193298]]
2025-07-17:14:27:16,435 INFO     [psi4.optking.history:257] 	Performing BFGS update.
2025-07-17:14:27:16,435 INFO     [psi4.optking.history:268] 	Using 4 previous steps for update.
2025-07-17:14:27:16,435 INFO     [psi4.optking.history:302] 	Steps to be used in Hessian update:  8 7 6 5

2025-07-17:14:27:16,435 INFO     [psi4.optking.history:400] 	Updated Hessian (in au) 
 	   0.403433

2025-07-17:14:27:16,435 INFO     [psi4.optking.molsys:874] Projected (PHP) Hessian matrix
	   0.403433

2025-07-17:14:27:16,436 INFO     [psi4.optking.opt_helper:168] 
	         Geometry (au)                                       Gradient (au)
   0.0000000000   0.0000000000   1.8384848625		  -0.0000000000  -0.0000000000  -0.0020804989
   0.0000000000   0.0000000000  -1.2945250171		  -0.0000000000   0.0000000000   0.0019329775

2025-07-17:14:27:16,436 INFO     [psi4.optking.stepAlgorithms:315] 	Current Step Report 
 
	Current energy:      -341.9927450620
	Energy change for the previous step:
		Actual       :        -0.0000491481
		Projected    :        -0.0000380933

2025-07-17:14:27:16,436 INFO     [psi4.optking.stepAlgorithms:318] 	Energy ratio =    1.29020
2025-07-17:14:27:16,436 INFO     [psi4.optking.stepAlgorithms:750] 	Using RFO solution 1.
2025-07-17:14:27:16,436 INFO     [psi4.optking.displace:73] 	Determining Cartesian step for fragment 1.
2025-07-17:14:27:16,436 INFO     [psi4.optking.displace:378] 	Successfully converged to displaced geometry.
2025-07-17:14:27:16,436 INFO     [psi4.optking.displace:379] 	RMS(dx):  0.000e+00 	Max(dx):  0.000e+00 	RMS(dq):  0.000e+00
2025-07-17:14:27:16,436 INFO     [psi4.optking.displace:132] 

	        --- Internal Coordinate Step in ANG or DEG, aJ/ANG or AJ/DEG ---
	-------------------------------------------------------------------------------
	           Coordinate      Previous         Force          Change          New 
	           ----------      --------        ------          ------        ------
	               R(1,2)       1.65792        0.01653        0.00263       1.66055
	-------------------------------------------------------------------------------

2025-07-17:14:27:16,436 INFO     [psi4.optking.stepAlgorithms:96] 	|target step| :    0.0049740319
2025-07-17:14:27:16,436 INFO     [psi4.optking.stepAlgorithms:97] 	gradient     :   -0.0020067382
2025-07-17:14:27:16,436 INFO     [psi4.optking.stepAlgorithms:98] 	hessian      :    0.4034329952
2025-07-17:14:27:16,436 INFO     [psi4.optking.stepAlgorithms:177] 	Norm of achieved step-size    0.0049740319
2025-07-17:14:27:16,436 INFO     [psi4.optking.stepAlgorithms:179] 	Norm of achieved step-size (cart):    0.0035171717
2025-07-17:14:27:16,436 INFO     [psi4.optking.opt_helper:151] Molsys:

	                            ===> Fragment 1 <== 

	 Z (Atomic Numbers)          Masses                          Geom                  
	       9.000000            18.998403          0.00000000  0.00000000  1.84097188   
	      13.000000            26.981539          0.00000000  0.00000000 -1.29701203   

	 - Coordinate -           - BOHR/RAD -       - ANG/DEG -
	 R(1,2)           =         3.137984           1.660550

2025-07-17:14:27:16,436 INFO     [psi4.optking.convcheck:71] Performing convergence check.
2025-07-17:14:27:16,437 INFO     [psi4.optking.convcheck:263] 
	                                 ==> Convergence Check <==                                  
    
	Measures of convergence in internal coordinates in au.
    
	Criteria marked as inactive (o), active & met (*), and active & unmet ( ).

	----------------------------------------------------------------------------------------------
	   Step    Total Energy     Delta E     Max Force     RMS Force      Max Disp      RMS Disp   
	----------------------------------------------------------------------------------------------
	  Convergence Criteria     1.00e-06 *    3.00e-04 *             o    1.20e-03 *             o
	----------------------------------------------------------------------------------------------
	     9    -341.99274506   -4.91e-05      2.01e-03      2.01e-03 o    4.97e-03      4.97e-03 o  ~
	----------------------------------------------------------------------------------------------


2025-07-17:14:27:16,437 INFO     [psi4.optking.stepAlgorithms:266] 	Convergence check returned False
2025-07-17:14:27:16,448 INFO     [psi4.driver.task_planner:285] PLANNING Atomic:  keywords={'DAMPING_PERCENTAGE': 1.0, 'GEOM_MAXITER': 500, 'SCF__GUESS': 'READ', 'GUESS': 'SAP', 'MAXITER': 500, 'REFERENCE': 'UKS', 'function_kwargs': {}}
2025-07-17:14:27:16,449 INFO     [psi4.driver.driver:636] Compute gradient(): method=b3lyp, basis=cc-pvdz, molecule=default, nre=37.285085998873676
2025-07-17:14:27:17,372 INFO     [psi4.driver.driver:639] Return gradient(): -341.9927505451655
2025-07-17:14:27:17,372 INFO     [psi4.driver.driver:640] [[-0.00000000 -0.00000000 -0.00048344]
 [-0.00000000  0.00000000  0.00033456]]
2025-07-17:14:27:17,375 INFO     [psi4.optking.history:257] 	Performing BFGS update.
2025-07-17:14:27:17,375 INFO     [psi4.optking.history:268] 	Using 4 previous steps for update.
2025-07-17:14:27:17,375 INFO     [psi4.optking.history:302] 	Steps to be used in Hessian update:  9 8 7 6

2025-07-17:14:27:17,376 INFO     [psi4.optking.history:400] 	Updated Hessian (in au) 
 	   0.363747

2025-07-17:14:27:17,376 INFO     [psi4.optking.molsys:874] Projected (PHP) Hessian matrix
	   0.363747

2025-07-17:14:27:17,376 INFO     [psi4.optking.opt_helper:168] 
	         Geometry (au)                                       Gradient (au)
   0.0000000000   0.0000000000   1.8414036794		  -0.0000000000  -0.0000000000  -0.0004834360
   0.0000000000   0.0000000000  -1.2965802320		  -0.0000000000   0.0000000000   0.0003345599

2025-07-17:14:27:17,376 INFO     [psi4.optking.stepAlgorithms:315] 	Current Step Report 
 
	Current energy:      -341.9927505452
	Energy change for the previous step:
		Actual       :        -0.0000054832
		Projected    :        -0.0000049908

2025-07-17:14:27:17,376 INFO     [psi4.optking.stepAlgorithms:318] 	Energy ratio =    1.09866
2025-07-17:14:27:17,377 INFO     [psi4.optking.stepAlgorithms:750] 	Using RFO solution 1.
2025-07-17:14:27:17,377 INFO     [psi4.optking.displace:73] 	Determining Cartesian step for fragment 1.
2025-07-17:14:27:17,377 INFO     [psi4.optking.displace:378] 	Successfully converged to displaced geometry.
2025-07-17:14:27:17,377 INFO     [psi4.optking.displace:379] 	RMS(dx):  1.282e-16 	Max(dx):  2.220e-16 	RMS(dq):  4.441e-16
2025-07-17:14:27:17,377 INFO     [psi4.optking.displace:132] 

	        --- Internal Coordinate Step in ANG or DEG, aJ/ANG or AJ/DEG ---
	-------------------------------------------------------------------------------
	           Coordinate      Previous         Force          Change          New 
	           ----------      --------        ------          ------        ------
	               R(1,2)       1.66055        0.00337        0.00060       1.66114
	-------------------------------------------------------------------------------

2025-07-17:14:27:17,377 INFO     [psi4.optking.stepAlgorithms:96] 	|target step| :    0.0011243999
2025-07-17:14:27:17,377 INFO     [psi4.optking.stepAlgorithms:97] 	gradient     :   -0.0004089980
2025-07-17:14:27:17,377 INFO     [psi4.optking.stepAlgorithms:98] 	hessian      :    0.3637473263
2025-07-17:14:27:17,377 INFO     [psi4.optking.stepAlgorithms:177] 	Norm of achieved step-size    0.0011243999
2025-07-17:14:27:17,377 INFO     [psi4.optking.stepAlgorithms:179] 	Norm of achieved step-size (cart):    0.0007950708
2025-07-17:14:27:17,377 INFO     [psi4.optking.opt_helper:151] Molsys:

	                            ===> Fragment 1 <== 

	 Z (Atomic Numbers)          Masses                          Geom                  
	       9.000000            18.998403          0.00000000  0.00000000  1.84196588   
	      13.000000            26.981539          0.00000000  0.00000000 -1.29714243   

	 - Coordinate -           - BOHR/RAD -       - ANG/DEG -
	 R(1,2)           =         3.139108           1.661145

2025-07-17:14:27:17,377 INFO     [psi4.optking.convcheck:71] Performing convergence check.
2025-07-17:14:27:17,377 INFO     [psi4.optking.convcheck:263] 
	                                 ==> Convergence Check <==                                  
    
	Measures of convergence in internal coordinates in au.
    
	Criteria marked as inactive (o), active & met (*), and active & unmet ( ).

	----------------------------------------------------------------------------------------------
	   Step    Total Energy     Delta E     Max Force     RMS Force      Max Disp      RMS Disp   
	----------------------------------------------------------------------------------------------
	  Convergence Criteria     1.00e-06 *    3.00e-04 *             o    1.20e-03 *             o
	----------------------------------------------------------------------------------------------
	    10    -341.99275055   -5.48e-06      4.09e-04      4.09e-04 o    1.12e-03 *    1.12e-03 o  ~
	----------------------------------------------------------------------------------------------


2025-07-17:14:27:17,377 INFO     [psi4.optking.stepAlgorithms:266] 	Convergence check returned False
2025-07-17:14:27:17,389 INFO     [psi4.driver.task_planner:285] PLANNING Atomic:  keywords={'DAMPING_PERCENTAGE': 1.0, 'GEOM_MAXITER': 500, 'SCF__GUESS': 'READ', 'GUESS': 'SAP', 'MAXITER': 500, 'REFERENCE': 'UKS', 'function_kwargs': {}}
2025-07-17:14:27:17,390 INFO     [psi4.driver.driver:636] Compute gradient(): method=b3lyp, basis=cc-pvdz, molecule=default, nre=37.271730821909465
2025-07-17:14:27:18,304 INFO     [psi4.driver.driver:639] Return gradient(): -341.99275068826427
2025-07-17:14:27:18,304 INFO     [psi4.driver.driver:640] [[ 0.00000000 -0.00000000 -0.00012543]
 [ 0.00000000  0.00000000 -0.00002372]]
2025-07-17:14:27:18,307 INFO     [psi4.optking.history:257] 	Performing BFGS update.
2025-07-17:14:27:18,307 INFO     [psi4.optking.history:268] 	Using 4 previous steps for update.
2025-07-17:14:27:18,308 INFO     [psi4.optking.history:302] 	Steps to be used in Hessian update:  10 9 8 7

2025-07-17:14:27:18,308 INFO     [psi4.optking.history:400] 	Updated Hessian (in au) 
 	   0.336998

2025-07-17:14:27:18,308 INFO     [psi4.optking.molsys:874] Projected (PHP) Hessian matrix
	   0.336998

2025-07-17:14:27:18,308 INFO     [psi4.optking.opt_helper:168] 
	         Geometry (au)                                       Gradient (au)
   0.0000000000   0.0000000000   1.8420634897		   0.0000000000  -0.0000000000  -0.0001254265
   0.0000000000   0.0000000000  -1.2970448216		   0.0000000000   0.0000000000  -0.0000237195

2025-07-17:14:27:18,308 INFO     [psi4.optking.stepAlgorithms:315] 	Current Step Report 
 
	Current energy:      -341.9927506883
	Energy change for the previous step:
		Actual       :        -0.0000001431
		Projected    :        -0.0000002299

2025-07-17:14:27:18,308 INFO     [psi4.optking.stepAlgorithms:318] 	Energy ratio =    0.62233
2025-07-17:14:27:18,308 INFO     [psi4.optking.stepAlgorithms:750] 	Using RFO solution 1.
2025-07-17:14:27:18,309 INFO     [psi4.optking.displace:73] 	Determining Cartesian step for fragment 1.
2025-07-17:14:27:18,309 INFO     [psi4.optking.displace:378] 	Successfully converged to displaced geometry.
2025-07-17:14:27:18,309 INFO     [psi4.optking.displace:379] 	RMS(dx):  0.000e+00 	Max(dx):  0.000e+00 	RMS(dq):  0.000e+00
2025-07-17:14:27:18,309 INFO     [psi4.optking.displace:132] 

	        --- Internal Coordinate Step in ANG or DEG, aJ/ANG or AJ/DEG ---
	-------------------------------------------------------------------------------
	           Coordinate      Previous         Force          Change          New 
	           ----------      --------        ------          ------        ------
	               R(1,2)       1.66114        0.00042        0.00008       1.66122
	-------------------------------------------------------------------------------

2025-07-17:14:27:18,309 INFO     [psi4.optking.stepAlgorithms:96] 	|target step| :    0.0001509015
2025-07-17:14:27:18,309 INFO     [psi4.optking.stepAlgorithms:97] 	gradient     :   -0.0000508535
2025-07-17:14:27:18,309 INFO     [psi4.optking.stepAlgorithms:98] 	hessian      :    0.3369979442
2025-07-17:14:27:18,309 INFO     [psi4.optking.stepAlgorithms:177] 	Norm of achieved step-size    0.0001509015
2025-07-17:14:27:18,309 INFO     [psi4.optking.stepAlgorithms:179] 	Norm of achieved step-size (cart):    0.0001067035
2025-07-17:14:27:18,310 INFO     [psi4.optking.opt_helper:151] Molsys:

	                            ===> Fragment 1 <== 

	 Z (Atomic Numbers)          Masses                          Geom                  
	       9.000000            18.998403          0.00000000  0.00000000  1.84213894   
	      13.000000            26.981539          0.00000000  0.00000000 -1.29712027   

	 - Coordinate -           - BOHR/RAD -       - ANG/DEG -
	 R(1,2)           =         3.139259           1.661224

2025-07-17:14:27:18,310 INFO     [psi4.optking.convcheck:71] Performing convergence check.
2025-07-17:14:27:18,310 INFO     [psi4.optking.convcheck:263] 
	                                 ==> Convergence Check <==                                  
    
	Measures of convergence in internal coordinates in au.
    
	Criteria marked as inactive (o), active & met (*), and active & unmet ( ).

	----------------------------------------------------------------------------------------------
	   Step    Total Energy     Delta E     Max Force     RMS Force      Max Disp      RMS Disp   
	----------------------------------------------------------------------------------------------
	  Convergence Criteria     1.00e-06 *    3.00e-04 *             o    1.20e-03 *             o
	----------------------------------------------------------------------------------------------
	    11    -341.99275069   -1.43e-07 *    5.09e-05 *    5.09e-05 o    1.51e-04 *    1.51e-04 o  ~
	----------------------------------------------------------------------------------------------


2025-07-17:14:27:18,310 INFO     [psi4.optking.convcheck:193] 
	                      ===> Final Convergence Report <===                     

	----------------------------------------------------------------------------
	|   Required Criteria    |  One or More Criteria  |   Alternate Criteria   |
	----------------------------------------------------------------------------
	| [x]     max_force      | [x]       max_DE       |                        |
	|                        | [x]      max_disp      |                        |
	----------------------------------------------------------------------------


2025-07-17:14:27:18,310 INFO     [psi4.optking.stepAlgorithms:266] 	Convergence check returned True
2025-07-17:14:27:18,310 INFO     [psi4.optking.optimize:286] 	Converged in 11 steps!
2025-07-17:14:27:18,310 INFO     [psi4.optking.optimize:287] 	Final energy is   -341.9927506882643
2025-07-17:14:27:18,310 INFO     [psi4.optking.optimize:288] 	Final structure (Angstroms): 
	Fragment 1 (Ang)

	    F   0.0000000000   0.0000000000   0.9748179462
	   Al   0.0000000000   0.0000000000  -0.6864064876


2025-07-17:14:27:18,312 INFO     [psi4.optking.optimize:432] 	Optimization Finished

	==> Optimization Summary <==

        
	Measures of convergence in internal coordinates in au. (Any backward steps not shown.)
        
	---------------------------------------------------------------------------------------------------------------  ~
        
	 Step         Total Energy             Delta E       MAX Force       RMS Force        MAX Disp        RMS Disp   ~
        
	---------------------------------------------------------------------------------------------------------------  ~
        
	     1    -341.691744687516   -341.691744687516      1.07485030      1.07485030      0.24195872      0.24195872  ~
	     2    -341.875050391109     -0.183305703593      0.50516421      0.50516421      0.20549458      0.20549458  ~
	     3    -341.949824594536     -0.074774203427      0.24626419      0.24626419      0.13071536      0.13071536  ~
	     4    -341.974725559097     -0.024900964561      0.14067980      0.14067980      0.12765217      0.12765217  ~
	     5    -341.987668411891     -0.012942852794      0.06636144      0.06636144      0.06980937      0.06980937  ~
	     6    -341.991160382761     -0.003491970870      0.03484945      0.03484945      0.05393906      0.05393906  ~
	     7    -341.992463241845     -0.001302859084      0.01416018      0.01416018      0.02329945      0.02329945  ~
	     8    -341.992695913855     -0.000232672010      0.00610967      0.00610967      0.01246983      0.01246983  ~
	     9    -341.992745061960     -0.000049148105      0.00200674      0.00200674      0.00497403      0.00497403  ~
	    10    -341.992750545166     -0.000005483206      0.00040900      0.00040900      0.00112440      0.00112440  ~
	    11    -341.992750688264     -0.000000143099      0.00005085      0.00005085      0.00015090      0.00015090  ~
	----------------------------------------------------------------------------------------------------------------


2025-07-17:14:27:18,312 INFO     [psi4.optking.optimize:640] Preparing OptimizationResult
