2025-07-17:12:22:04,53 INFO     [psi4.optking.optwrapper:214] Creating a UserComputer
2025-07-17:12:22:04,53 INFO     [psi4.optking.optwrapper:222] 
    			-----------------------------------------

    			 OPTKING 3.0: for geometry optimizations 

    			     By R.A. King, Bethel University     

    			        with contributions from          

    			    A.V. Copan, J. Cayton, A. Heide      

    			-----------------------------------------

    
2025-07-17:12:22:04,53 INFO     [psi4.optking.optwrapper:238] 
		 -- Optimization Parameters --
	accept_symmetry_breaking       =           False
	alg_geom_maxiter               =             500
	bt_dx_conv                     =           1e-07
	bt_dx_rms_change_conv          =           1e-12
	bt_max_iter                    =              25
	cart_hess_read                 =           False
	consecutive_backsteps_allowed  =               0
	conv_max_DE                    =           1e-06
	conv_max_disp                  =          0.0012
	conv_max_force                 =          0.0003
	conv_rms_disp                  =              -1
	conv_rms_force                 =              -1
	covalent_connect               =             1.3
	dynamic_level                  =               0
	dynamic_level_max              =               0
	ensure_bt_convergence          =           False
	ext_force_bend                 =              []
	ext_force_cartesian            =              []
	ext_force_dihedral             =              []
	ext_force_distance             =              []
	ext_force_oofp                 =              []
	fix_val_near_pi                =            1.57
	flexible_g_convergence         =           False
	frag_mode                      =          SINGLE
	frag_ref_atoms                 =            None
	freeze_intrafrag               =           False
	frozen_bend                    =              []
	frozen_cartesian               =              []
	frozen_dihedral                =              []
	frozen_distance                =              []
	frozen_oofp                    =              []
	full_hess_every                =              -1
	g_convergence                  =           QCHEM
	generate_intcos_exit           =           False
	geom_maxiter                   =             500
	h_bond_connect                 =             4.3
	hess_update                    =            BFGS
	hess_update_den_tol            =           1e-07
	hess_update_dq_tol             =             0.5
	hess_update_limit              =            True
	hess_update_limit_max          =             1.0
	hess_update_limit_scale        =             0.5
	hess_update_use_last           =               4
	hessian_file                   =            None
	i_max_DE                       =            True
	i_max_disp                     =            True
	i_max_force                    =            True
	i_rms_disp                     =           False
	i_rms_force                    =           False
	i_untampered                   =            True
	include_oofp                   =           False
	interfrag_collinear_tol        =            0.01
	interfrag_coords               =            None
	interfrag_dist_inv             =           False
	interfrag_mode                 =           FIXED
	interfrag_trust                =             0.5
	interfrag_trust_max            =             1.0
	interfrag_trust_min            =           0.001
	interfragment_connect          =             1.8
	intrafrag_hess                 =        SCHLEGEL
	intrafrag_trust                =             0.5
	intrafrag_trust_max            =             1.0
	intrafrag_trust_min            =           0.001
	irc_direction                  =         FORWARD
	irc_points                     =              20
	irc_step_size                  =             0.2
	keep_intcos                    =           False
	linear_bend_threshold          =            3.05
	linesearch                     =           False
	linesearch_step                =             0.1
	max_disp_g_convergence         =          0.0012
	max_energy_g_convergence       =           1e-06
	max_force_g_convergence        =          0.0003
	opt_coordinates                =       REDUNDANT
	opt_type                       =             MIN
	output_type                    =            FILE
	print_lvl                      =               1
	program                        =            psi4
	ranged_bend                    =              []
	ranged_cartesian               =              []
	ranged_dihedral                =              []
	ranged_distance                =              []
	ranged_oofp                    =              []
	redundant_eval_tol             =           1e-10
	rfo_follow_root                =           False
	rfo_normalization_max          =             100
	rfo_root                       =               0
	rms_disp_g_convergence         =          0.0012
	rms_force_g_convergence        =          0.0003
	rsrfo_alpha_max                =     100000000.0
	sd_hessian                     =             1.0
	simple_step_scaling            =           False
	small_bend_fix_threshold       =            0.35
	steepest_descent_type          =         OVERLAP
	step_type                      =             RFO
	test_B                         =           False
	test_derivative_B              =           False
	trajectory                     =           False
	v3d_tors_angle_lim             =           0.017
	v3d_tors_cos_tol               =           1e-10
	working_consecutive_backsteps  =               0
	working_steps_since_last_H     =               0


2025-07-17:12:22:04,676 INFO     [psi4.optking.opt_helper:151] Molsys:

	                            ===> Fragment 1 <== 

	 Z (Atomic Numbers)          Masses                          Geom                  
	       1.000000             1.007825          0.00000000  0.00000000  2.18601833   
	      13.000000            26.981539          0.00000000  0.00000000 -0.08165302   

	 - Coordinate -           - BOHR/RAD -       - ANG/DEG -
	 R(1,2)           =         2.267671           1.200000

2025-07-17:12:22:04,686 INFO     [psi4.driver.task_planner:285] PLANNING Atomic:  keywords={'DAMPING_PERCENTAGE': 1.0, 'GEOM_MAXITER': 500, 'GUESS': 'SAP', 'MAXITER': 500, 'REFERENCE': 'UKS', 'function_kwargs': {}}
2025-07-17:12:22:04,687 INFO     [psi4.driver.driver:636] Compute gradient(): method=b3lyp, basis=cc-pvdz, molecule=default, nre=5.732753115591667
2025-07-17:12:22:05,615 INFO     [psi4.driver.driver:639] Return gradient(): -242.62872727566804
2025-07-17:12:22:05,615 INFO     [psi4.driver.driver:640] [[ 0.00000000  0.00000000 -0.22614397]
 [ 0.00000000  0.00000000  0.22613825]]
2025-07-17:12:22:05,616 INFO     [psi4.optking.molsys:874] Projected (PHP) Hessian matrix
	   0.417309

2025-07-17:12:22:05,616 INFO     [psi4.optking.opt_helper:168] 
	         Geometry (au)                                       Gradient (au)
   0.0000000000   0.0000000000   2.1860183345		   0.0000000000   0.0000000000  -0.2261439658
   0.0000000000   0.0000000000  -0.0816530160		   0.0000000000   0.0000000000   0.2261382541

2025-07-17:12:22:05,616 INFO     [psi4.optking.stepAlgorithms:750] 	Using RFO solution 1.
2025-07-17:12:22:05,616 INFO     [psi4.optking.displace:73] 	Determining Cartesian step for fragment 1.
2025-07-17:12:22:05,616 INFO     [psi4.optking.displace:378] 	Successfully converged to displaced geometry.
2025-07-17:12:22:05,616 INFO     [psi4.optking.displace:379] 	RMS(dx):  1.282e-16 	Max(dx):  2.220e-16 	RMS(dq):  4.441e-16
2025-07-17:12:22:05,617 INFO     [psi4.optking.displace:132] 

	        --- Internal Coordinate Step in ANG or DEG, aJ/ANG or AJ/DEG ---
	-------------------------------------------------------------------------------
	           Coordinate      Previous         Force          Change          New 
	           ----------      --------        ------          ------        ------
	               R(1,2)       1.20000        1.86311        0.23176       1.43176
	-------------------------------------------------------------------------------

2025-07-17:12:22:05,617 INFO     [psi4.optking.stepAlgorithms:96] 	|target step| :    0.4379612495
2025-07-17:12:22:05,617 INFO     [psi4.optking.stepAlgorithms:97] 	gradient     :   -0.2261411099
2025-07-17:12:22:05,617 INFO     [psi4.optking.stepAlgorithms:98] 	hessian      :    0.4173085431
2025-07-17:12:22:05,617 INFO     [psi4.optking.stepAlgorithms:177] 	Norm of achieved step-size    0.4379612495
2025-07-17:12:22:05,617 INFO     [psi4.optking.stepAlgorithms:179] 	Norm of achieved step-size (cart):    0.3096853694
2025-07-17:12:22:05,617 INFO     [psi4.optking.opt_helper:151] Molsys:

	                            ===> Fragment 1 <== 

	 Z (Atomic Numbers)          Masses                          Geom                  
	       1.000000             1.007825          0.00000000  0.00000000  2.40499896   
	      13.000000            26.981539          0.00000000  0.00000000 -0.30063364   

	 - Coordinate -           - BOHR/RAD -       - ANG/DEG -
	 R(1,2)           =         2.705633           1.431759

2025-07-17:12:22:05,617 INFO     [psi4.optking.convcheck:71] Performing convergence check.
2025-07-17:12:22:05,617 INFO     [psi4.optking.convcheck:263] 
	                                 ==> Convergence Check <==                                  
    
	Measures of convergence in internal coordinates in au.
    
	Criteria marked as inactive (o), active & met (*), and active & unmet ( ).

	----------------------------------------------------------------------------------------------
	   Step    Total Energy     Delta E     Max Force     RMS Force      Max Disp      RMS Disp   
	----------------------------------------------------------------------------------------------
	  Convergence Criteria     1.00e-06 *    3.00e-04 *             o    1.20e-03 *             o
	----------------------------------------------------------------------------------------------
	     1    -242.62872728   -2.43e+02      2.26e-01      2.26e-01 o    4.38e-01      4.38e-01 o  ~
	----------------------------------------------------------------------------------------------


2025-07-17:12:22:05,617 INFO     [psi4.optking.stepAlgorithms:266] 	Convergence check returned False
2025-07-17:12:22:05,628 INFO     [psi4.driver.task_planner:285] PLANNING Atomic:  keywords={'DAMPING_PERCENTAGE': 1.0, 'GEOM_MAXITER': 500, 'SCF__GUESS': 'READ', 'GUESS': 'SAP', 'MAXITER': 500, 'REFERENCE': 'UKS', 'function_kwargs': {}}
2025-07-17:12:22:05,629 INFO     [psi4.driver.driver:636] Compute gradient(): method=b3lyp, basis=cc-pvdz, molecule=default, nre=4.804791308241
2025-07-17:12:22:06,379 INFO     [psi4.driver.driver:639] Return gradient(): -242.68553784818906
2025-07-17:12:22:06,380 INFO     [psi4.driver.driver:640] [[ 0.00000000  0.00000000 -0.05933479]
 [ 0.00000000 -0.00000000  0.05933413]]
2025-07-17:12:22:06,382 INFO     [psi4.optking.history:257] 	Performing BFGS update.
2025-07-17:12:22:06,382 INFO     [psi4.optking.history:268] 	Using 1 previous steps for update.
2025-07-17:12:22:06,382 INFO     [psi4.optking.history:302] 	Steps to be used in Hessian update:  1

2025-07-17:12:22:06,382 INFO     [psi4.optking.history:400] 	Updated Hessian (in au) 
 	   0.380871

2025-07-17:12:22:06,383 INFO     [psi4.optking.molsys:874] Projected (PHP) Hessian matrix
	   0.380871

2025-07-17:12:22:06,383 INFO     [psi4.optking.opt_helper:168] 
	         Geometry (au)                                       Gradient (au)
   0.0000000000   0.0000000000   2.6082097252		   0.0000000000   0.0000000000  -0.0593347867
   0.0000000000   0.0000000000  -0.0974228748		   0.0000000000  -0.0000000000   0.0593341260

2025-07-17:12:22:06,383 INFO     [psi4.optking.stepAlgorithms:315] 	Current Step Report 
 
	Current energy:      -242.6855378482
	Energy change for the previous step:
		Actual       :        -0.0568105725
		Projected    :        -0.0495205215

2025-07-17:12:22:06,383 INFO     [psi4.optking.stepAlgorithms:318] 	Energy ratio =    1.14721
2025-07-17:12:22:06,383 INFO     [psi4.optking.stepAlgorithms:346] 	Energy ratio indicates good step.
2025-07-17:12:22:06,383 INFO     [psi4.optking.stepAlgorithms:347] 	Intrafrag trust radius increased to 1.000e+00.
2025-07-17:12:22:06,383 INFO     [psi4.optking.stepAlgorithms:750] 	Using RFO solution 1.
2025-07-17:12:22:06,383 INFO     [psi4.optking.displace:73] 	Determining Cartesian step for fragment 1.
2025-07-17:12:22:06,384 INFO     [psi4.optking.displace:378] 	Successfully converged to displaced geometry.
2025-07-17:12:22:06,384 INFO     [psi4.optking.displace:379] 	RMS(dx):  1.282e-16 	Max(dx):  2.220e-16 	RMS(dq):  4.441e-16
2025-07-17:12:22:06,384 INFO     [psi4.optking.displace:132] 

	        --- Internal Coordinate Step in ANG or DEG, aJ/ANG or AJ/DEG ---
	-------------------------------------------------------------------------------
	           Coordinate      Previous         Force          Change          New 
	           ----------      --------        ------          ------        ------
	               R(1,2)       1.43176        0.48884        0.08053       1.51229
	-------------------------------------------------------------------------------

2025-07-17:12:22:06,384 INFO     [psi4.optking.stepAlgorithms:96] 	|target step| :    0.1521785593
2025-07-17:12:22:06,384 INFO     [psi4.optking.stepAlgorithms:97] 	gradient     :   -0.0593344563
2025-07-17:12:22:06,384 INFO     [psi4.optking.stepAlgorithms:98] 	hessian      :    0.3808708049
2025-07-17:12:22:06,384 INFO     [psi4.optking.stepAlgorithms:177] 	Norm of achieved step-size    0.1521785593
2025-07-17:12:22:06,384 INFO     [psi4.optking.stepAlgorithms:179] 	Norm of achieved step-size (cart):    0.1076064912
2025-07-17:12:22:06,384 INFO     [psi4.optking.opt_helper:151] Molsys:

	                            ===> Fragment 1 <== 

	 Z (Atomic Numbers)          Masses                          Geom                  
	       1.000000             1.007825          0.00000000  0.00000000  2.68429900   
	      13.000000            26.981539          0.00000000  0.00000000 -0.17351215   

	 - Coordinate -           - BOHR/RAD -       - ANG/DEG -
	 R(1,2)           =         2.857811           1.512289

2025-07-17:12:22:06,385 INFO     [psi4.optking.convcheck:71] Performing convergence check.
2025-07-17:12:22:06,385 INFO     [psi4.optking.convcheck:263] 
	                                 ==> Convergence Check <==                                  
    
	Measures of convergence in internal coordinates in au.
    
	Criteria marked as inactive (o), active & met (*), and active & unmet ( ).

	----------------------------------------------------------------------------------------------
	   Step    Total Energy     Delta E     Max Force     RMS Force      Max Disp      RMS Disp   
	----------------------------------------------------------------------------------------------
	  Convergence Criteria     1.00e-06 *    3.00e-04 *             o    1.20e-03 *             o
	----------------------------------------------------------------------------------------------
	     2    -242.68553785   -5.68e-02      5.93e-02      5.93e-02 o    1.52e-01      1.52e-01 o  ~
	----------------------------------------------------------------------------------------------


2025-07-17:12:22:06,385 INFO     [psi4.optking.stepAlgorithms:266] 	Convergence check returned False
2025-07-17:12:22:06,397 INFO     [psi4.driver.task_planner:285] PLANNING Atomic:  keywords={'DAMPING_PERCENTAGE': 1.0, 'GEOM_MAXITER': 500, 'SCF__GUESS': 'READ', 'GUESS': 'SAP', 'MAXITER': 500, 'REFERENCE': 'UKS', 'function_kwargs': {}}
2025-07-17:12:22:06,398 INFO     [psi4.driver.driver:636] Compute gradient(): method=b3lyp, basis=cc-pvdz, molecule=default, nre=4.54893597768966
2025-07-17:12:22:07,139 INFO     [psi4.driver.driver:639] Return gradient(): -242.69219014387497
2025-07-17:12:22:07,139 INFO     [psi4.driver.driver:640] [[-0.00000000  0.00000000 -0.02974474]
 [ 0.00000000 -0.00000000  0.02974463]]
2025-07-17:12:22:07,140 INFO     [psi4.optking.history:257] 	Performing BFGS update.
2025-07-17:12:22:07,140 INFO     [psi4.optking.history:268] 	Using 2 previous steps for update.
2025-07-17:12:22:07,140 WARNING  [psi4.optking.history:286] 	Change in internal coordinate of 5.90e-01 exceeds limit of 5.00e-01.
2025-07-17:12:22:07,140 WARNING  [psi4.optking.history:291] 	Skipping Hessian update for step 1.
2025-07-17:12:22:07,141 INFO     [psi4.optking.history:302] 	Steps to be used in Hessian update:  2

2025-07-17:12:22:07,141 INFO     [psi4.optking.history:400] 	Updated Hessian (in au) 
 	   0.194441

2025-07-17:12:22:07,141 INFO     [psi4.optking.molsys:874] Projected (PHP) Hessian matrix
	   0.194441

2025-07-17:12:22:07,141 INFO     [psi4.optking.opt_helper:168] 
	         Geometry (au)                                       Gradient (au)
   0.0000000000   0.0000000000   2.7549087258		  -0.0000000000   0.0000000000  -0.0297447374
   0.0000000000   0.0000000000  -0.1029024335		   0.0000000000  -0.0000000000   0.0297446253

2025-07-17:12:22:07,141 INFO     [psi4.optking.stepAlgorithms:315] 	Current Step Report 
 
	Current energy:      -242.6921901439
	Energy change for the previous step:
		Actual       :        -0.0066522957
		Projected    :        -0.0045147160

2025-07-17:12:22:07,141 INFO     [psi4.optking.stepAlgorithms:318] 	Energy ratio =    1.47347
2025-07-17:12:22:07,141 INFO     [psi4.optking.stepAlgorithms:750] 	Using RFO solution 1.
2025-07-17:12:22:07,141 INFO     [psi4.optking.displace:73] 	Determining Cartesian step for fragment 1.
2025-07-17:12:22:07,141 INFO     [psi4.optking.displace:378] 	Successfully converged to displaced geometry.
2025-07-17:12:22:07,141 INFO     [psi4.optking.displace:379] 	RMS(dx):  1.282e-16 	Max(dx):  2.220e-16 	RMS(dq):  0.000e+00
2025-07-17:12:22:07,141 INFO     [psi4.optking.displace:132] 

	        --- Internal Coordinate Step in ANG or DEG, aJ/ANG or AJ/DEG ---
	-------------------------------------------------------------------------------
	           Coordinate      Previous         Force          Change          New 
	           ----------      --------        ------          ------        ------
	               R(1,2)       1.51229        0.24506        0.07914       1.59143
	-------------------------------------------------------------------------------

2025-07-17:12:22:07,141 INFO     [psi4.optking.stepAlgorithms:96] 	|target step| :    0.1495537408
2025-07-17:12:22:07,141 INFO     [psi4.optking.stepAlgorithms:97] 	gradient     :   -0.0297446813
2025-07-17:12:22:07,141 INFO     [psi4.optking.stepAlgorithms:98] 	hessian      :    0.1944411560
2025-07-17:12:22:07,141 INFO     [psi4.optking.stepAlgorithms:177] 	Norm of achieved step-size    0.1495537408
2025-07-17:12:22:07,141 INFO     [psi4.optking.stepAlgorithms:179] 	Norm of achieved step-size (cart):    0.1057504643
2025-07-17:12:22:07,141 INFO     [psi4.optking.opt_helper:151] Molsys:

	                            ===> Fragment 1 <== 

	 Z (Atomic Numbers)          Masses                          Geom                  
	       1.000000             1.007825          0.00000000  0.00000000  2.82968560   
	      13.000000            26.981539          0.00000000  0.00000000 -0.17767930   

	 - Coordinate -           - BOHR/RAD -       - ANG/DEG -
	 R(1,2)           =         3.007365           1.591429

2025-07-17:12:22:07,142 INFO     [psi4.optking.convcheck:71] Performing convergence check.
2025-07-17:12:22:07,142 INFO     [psi4.optking.convcheck:263] 
	                                 ==> Convergence Check <==                                  
    
	Measures of convergence in internal coordinates in au.
    
	Criteria marked as inactive (o), active & met (*), and active & unmet ( ).

	----------------------------------------------------------------------------------------------
	   Step    Total Energy     Delta E     Max Force     RMS Force      Max Disp      RMS Disp   
	----------------------------------------------------------------------------------------------
	  Convergence Criteria     1.00e-06 *    3.00e-04 *             o    1.20e-03 *             o
	----------------------------------------------------------------------------------------------
	     3    -242.69219014   -6.65e-03      2.97e-02      2.97e-02 o    1.50e-01      1.50e-01 o  ~
	----------------------------------------------------------------------------------------------


2025-07-17:12:22:07,142 INFO     [psi4.optking.stepAlgorithms:266] 	Convergence check returned False
2025-07-17:12:22:07,157 INFO     [psi4.driver.task_planner:285] PLANNING Atomic:  keywords={'DAMPING_PERCENTAGE': 1.0, 'GEOM_MAXITER': 500, 'SCF__GUESS': 'READ', 'GUESS': 'SAP', 'MAXITER': 500, 'REFERENCE': 'UKS', 'function_kwargs': {}}
2025-07-17:12:22:07,158 INFO     [psi4.driver.driver:636] Compute gradient(): method=b3lyp, basis=cc-pvdz, molecule=default, nre=4.322721196778612
2025-07-17:12:22:07,909 INFO     [psi4.driver.driver:639] Return gradient(): -242.69500705765176
2025-07-17:12:22:07,910 INFO     [psi4.driver.driver:640] [[ 0.00000000  0.00000000 -0.00914478]
 [-0.00000000 -0.00000000  0.00914650]]
2025-07-17:12:22:07,911 INFO     [psi4.optking.history:257] 	Performing BFGS update.
2025-07-17:12:22:07,911 INFO     [psi4.optking.history:268] 	Using 3 previous steps for update.
2025-07-17:12:22:07,911 WARNING  [psi4.optking.history:286] 	Change in internal coordinate of 7.40e-01 exceeds limit of 5.00e-01.
2025-07-17:12:22:07,911 WARNING  [psi4.optking.history:291] 	Skipping Hessian update for step 1.
2025-07-17:12:22:07,911 INFO     [psi4.optking.history:302] 	Steps to be used in Hessian update:  3 2

2025-07-17:12:22:07,911 INFO     [psi4.optking.history:400] 	Updated Hessian (in au) 
 	   0.166336

2025-07-17:12:22:07,911 INFO     [psi4.optking.molsys:874] Projected (PHP) Hessian matrix
	   0.166336

2025-07-17:12:22:07,912 INFO     [psi4.optking.opt_helper:168] 
	         Geometry (au)                                       Gradient (au)
   0.0000000000   0.0000000000   2.8990774208		   0.0000000000   0.0000000000  -0.0091447778
   0.0000000000   0.0000000000  -0.1082874793		  -0.0000000000  -0.0000000000   0.0091464988

2025-07-17:12:22:07,912 INFO     [psi4.optking.stepAlgorithms:315] 	Current Step Report 
 
	Current energy:      -242.6950070577
	Energy change for the previous step:
		Actual       :        -0.0028169138
		Projected    :        -0.0022242142

2025-07-17:12:22:07,912 INFO     [psi4.optking.stepAlgorithms:318] 	Energy ratio =    1.26648
2025-07-17:12:22:07,912 INFO     [psi4.optking.stepAlgorithms:750] 	Using RFO solution 1.
2025-07-17:12:22:07,912 INFO     [psi4.optking.displace:73] 	Determining Cartesian step for fragment 1.
2025-07-17:12:22:07,912 INFO     [psi4.optking.displace:378] 	Successfully converged to displaced geometry.
2025-07-17:12:22:07,912 INFO     [psi4.optking.displace:379] 	RMS(dx):  0.000e+00 	Max(dx):  0.000e+00 	RMS(dq):  0.000e+00
2025-07-17:12:22:07,912 INFO     [psi4.optking.displace:132] 

	        --- Internal Coordinate Step in ANG or DEG, aJ/ANG or AJ/DEG ---
	-------------------------------------------------------------------------------
	           Coordinate      Previous         Force          Change          New 
	           ----------      --------        ------          ------        ------
	               R(1,2)       1.59143        0.07535        0.02901       1.62044
	-------------------------------------------------------------------------------

2025-07-17:12:22:07,912 INFO     [psi4.optking.stepAlgorithms:96] 	|target step| :    0.0548178299
2025-07-17:12:22:07,912 INFO     [psi4.optking.stepAlgorithms:97] 	gradient     :   -0.0091456383
2025-07-17:12:22:07,912 INFO     [psi4.optking.stepAlgorithms:98] 	hessian      :    0.1663355830
2025-07-17:12:22:07,912 INFO     [psi4.optking.stepAlgorithms:177] 	Norm of achieved step-size    0.0548178299
2025-07-17:12:22:07,912 INFO     [psi4.optking.stepAlgorithms:179] 	Norm of achieved step-size (cart):    0.0387620592
2025-07-17:12:22:07,912 INFO     [psi4.optking.opt_helper:151] Molsys:

	                            ===> Fragment 1 <== 

	 Z (Atomic Numbers)          Masses                          Geom                  
	       1.000000             1.007825          0.00000000  0.00000000  2.92648634   
	      13.000000            26.981539          0.00000000  0.00000000 -0.13569639   

	 - Coordinate -           - BOHR/RAD -       - ANG/DEG -
	 R(1,2)           =         3.062183           1.620437

2025-07-17:12:22:07,912 INFO     [psi4.optking.convcheck:71] Performing convergence check.
2025-07-17:12:22:07,913 INFO     [psi4.optking.convcheck:263] 
	                                 ==> Convergence Check <==                                  
    
	Measures of convergence in internal coordinates in au.
    
	Criteria marked as inactive (o), active & met (*), and active & unmet ( ).

	----------------------------------------------------------------------------------------------
	   Step    Total Energy     Delta E     Max Force     RMS Force      Max Disp      RMS Disp   
	----------------------------------------------------------------------------------------------
	  Convergence Criteria     1.00e-06 *    3.00e-04 *             o    1.20e-03 *             o
	----------------------------------------------------------------------------------------------
	     4    -242.69500706   -2.82e-03      9.15e-03      9.15e-03 o    5.48e-02      5.48e-02 o  ~
	----------------------------------------------------------------------------------------------


2025-07-17:12:22:07,913 INFO     [psi4.optking.stepAlgorithms:266] 	Convergence check returned False
2025-07-17:12:22:07,928 INFO     [psi4.driver.task_planner:285] PLANNING Atomic:  keywords={'DAMPING_PERCENTAGE': 1.0, 'GEOM_MAXITER': 500, 'SCF__GUESS': 'READ', 'GUESS': 'SAP', 'MAXITER': 500, 'REFERENCE': 'UKS', 'function_kwargs': {}}
2025-07-17:12:22:07,929 INFO     [psi4.driver.driver:636] Compute gradient(): method=b3lyp, basis=cc-pvdz, molecule=default, nre=4.245337769285964
2025-07-17:12:22:08,643 INFO     [psi4.driver.driver:639] Return gradient(): -242.69534448886012
2025-07-17:12:22:08,643 INFO     [psi4.driver.driver:640] [[-0.00000000  0.00000000 -0.00330268]
 [ 0.00000000  0.00000000  0.00330434]]
2025-07-17:12:22:08,646 INFO     [psi4.optking.history:257] 	Performing BFGS update.
2025-07-17:12:22:08,646 INFO     [psi4.optking.history:268] 	Using 4 previous steps for update.
2025-07-17:12:22:08,646 WARNING  [psi4.optking.history:286] 	Change in internal coordinate of 7.95e-01 exceeds limit of 5.00e-01.
2025-07-17:12:22:08,646 WARNING  [psi4.optking.history:291] 	Skipping Hessian update for step 1.
2025-07-17:12:22:08,646 INFO     [psi4.optking.history:302] 	Steps to be used in Hessian update:  4 3 2

2025-07-17:12:22:08,647 INFO     [psi4.optking.history:400] 	Updated Hessian (in au) 
 	   0.157147

2025-07-17:12:22:08,647 INFO     [psi4.optking.molsys:874] Projected (PHP) Hessian matrix
	   0.157147

2025-07-17:12:22:08,647 INFO     [psi4.optking.opt_helper:168] 
	         Geometry (au)                                       Gradient (au)
   0.0000000000   0.0000000000   2.9519214015		  -0.0000000000   0.0000000000  -0.0033026777
   0.0000000000   0.0000000000  -0.1102613284		   0.0000000000   0.0000000000   0.0033043384

2025-07-17:12:22:08,647 INFO     [psi4.optking.stepAlgorithms:315] 	Current Step Report 
 
	Current energy:      -242.6953444889
	Energy change for the previous step:
		Actual       :        -0.0003374312
		Projected    :        -0.0002506720

2025-07-17:12:22:08,647 INFO     [psi4.optking.stepAlgorithms:318] 	Energy ratio =    1.34611
2025-07-17:12:22:08,647 INFO     [psi4.optking.stepAlgorithms:750] 	Using RFO solution 1.
2025-07-17:12:22:08,647 INFO     [psi4.optking.displace:73] 	Determining Cartesian step for fragment 1.
2025-07-17:12:22:08,648 INFO     [psi4.optking.displace:378] 	Successfully converged to displaced geometry.
2025-07-17:12:22:08,648 INFO     [psi4.optking.displace:379] 	RMS(dx):  1.282e-16 	Max(dx):  2.220e-16 	RMS(dq):  0.000e+00
2025-07-17:12:22:08,648 INFO     [psi4.optking.displace:132] 

	        --- Internal Coordinate Step in ANG or DEG, aJ/ANG or AJ/DEG ---
	-------------------------------------------------------------------------------
	           Coordinate      Previous         Force          Change          New 
	           ----------      --------        ------          ------        ------
	               R(1,2)       1.62044        0.02722        0.01112       1.63156
	-------------------------------------------------------------------------------

2025-07-17:12:22:08,648 INFO     [psi4.optking.stepAlgorithms:96] 	|target step| :    0.0210124262
2025-07-17:12:22:08,648 INFO     [psi4.optking.stepAlgorithms:97] 	gradient     :   -0.0033035080
2025-07-17:12:22:08,648 INFO     [psi4.optking.stepAlgorithms:98] 	hessian      :    0.1571474628
2025-07-17:12:22:08,648 INFO     [psi4.optking.stepAlgorithms:177] 	Norm of achieved step-size    0.0210124262
2025-07-17:12:22:08,648 INFO     [psi4.optking.stepAlgorithms:179] 	Norm of achieved step-size (cart):    0.0148580290
2025-07-17:12:22:08,648 INFO     [psi4.optking.opt_helper:151] Molsys:

	                            ===> Fragment 1 <== 

	 Z (Atomic Numbers)          Masses                          Geom                  
	       1.000000             1.007825          0.00000000  0.00000000  2.96242761   
	      13.000000            26.981539          0.00000000  0.00000000 -0.12076754   

	 - Coordinate -           - BOHR/RAD -       - ANG/DEG -
	 R(1,2)           =         3.083195           1.631557

2025-07-17:12:22:08,649 INFO     [psi4.optking.convcheck:71] Performing convergence check.
2025-07-17:12:22:08,649 INFO     [psi4.optking.convcheck:263] 
	                                 ==> Convergence Check <==                                  
    
	Measures of convergence in internal coordinates in au.
    
	Criteria marked as inactive (o), active & met (*), and active & unmet ( ).

	----------------------------------------------------------------------------------------------
	   Step    Total Energy     Delta E     Max Force     RMS Force      Max Disp      RMS Disp   
	----------------------------------------------------------------------------------------------
	  Convergence Criteria     1.00e-06 *    3.00e-04 *             o    1.20e-03 *             o
	----------------------------------------------------------------------------------------------
	     5    -242.69534449   -3.37e-04      3.30e-03      3.30e-03 o    2.10e-02      2.10e-02 o  ~
	----------------------------------------------------------------------------------------------


2025-07-17:12:22:08,649 INFO     [psi4.optking.stepAlgorithms:266] 	Convergence check returned False
2025-07-17:12:22:08,661 INFO     [psi4.driver.task_planner:285] PLANNING Atomic:  keywords={'DAMPING_PERCENTAGE': 1.0, 'GEOM_MAXITER': 500, 'SCF__GUESS': 'READ', 'GUESS': 'SAP', 'MAXITER': 500, 'REFERENCE': 'UKS', 'function_kwargs': {}}
2025-07-17:12:22:08,663 INFO     [psi4.driver.driver:636] Compute gradient(): method=b3lyp, basis=cc-pvdz, molecule=default, nre=4.216405171134506
2025-07-17:12:22:09,406 INFO     [psi4.driver.driver:639] Return gradient(): -242.69539242562112
2025-07-17:12:22:09,406 INFO     [psi4.driver.driver:640] [[ 0.00000000  0.00000000 -0.00127740]
 [-0.00000000  0.00000000  0.00127896]]
2025-07-17:12:22:09,407 INFO     [psi4.optking.history:257] 	Performing BFGS update.
2025-07-17:12:22:09,407 INFO     [psi4.optking.history:268] 	Using 4 previous steps for update.
2025-07-17:12:22:09,408 INFO     [psi4.optking.history:302] 	Steps to be used in Hessian update:  5 4 3 2

2025-07-17:12:22:09,408 INFO     [psi4.optking.history:400] 	Updated Hessian (in au) 
 	   0.153766

2025-07-17:12:22:09,408 INFO     [psi4.optking.molsys:874] Projected (PHP) Hessian matrix
	   0.153766

2025-07-17:12:22:09,408 INFO     [psi4.optking.opt_helper:168] 
	         Geometry (au)                                       Gradient (au)
   0.0000000000   0.0000000000   2.9721772243		   0.0000000000   0.0000000000  -0.0012774027
   0.0000000000   0.0000000000  -0.1110179319		  -0.0000000000   0.0000000000   0.0012789613

2025-07-17:12:22:09,408 INFO     [psi4.optking.stepAlgorithms:315] 	Current Step Report 
 
	Current energy:      -242.6953924256
	Energy change for the previous step:
		Actual       :        -0.0000479368
		Projected    :        -0.0000347074

2025-07-17:12:22:09,408 INFO     [psi4.optking.stepAlgorithms:318] 	Energy ratio =    1.38117
2025-07-17:12:22:09,408 INFO     [psi4.optking.stepAlgorithms:750] 	Using RFO solution 1.
2025-07-17:12:22:09,408 INFO     [psi4.optking.displace:73] 	Determining Cartesian step for fragment 1.
2025-07-17:12:22:09,408 INFO     [psi4.optking.displace:378] 	Successfully converged to displaced geometry.
2025-07-17:12:22:09,408 INFO     [psi4.optking.displace:379] 	RMS(dx):  1.282e-16 	Max(dx):  2.220e-16 	RMS(dq):  0.000e+00
2025-07-17:12:22:09,408 INFO     [psi4.optking.displace:132] 

	        --- Internal Coordinate Step in ANG or DEG, aJ/ANG or AJ/DEG ---
	-------------------------------------------------------------------------------
	           Coordinate      Previous         Force          Change          New 
	           ----------      --------        ------          ------        ------
	               R(1,2)       1.63156        0.01053        0.00440       1.63596
	-------------------------------------------------------------------------------

2025-07-17:12:22:09,408 INFO     [psi4.optking.stepAlgorithms:96] 	|target step| :    0.0083119408
2025-07-17:12:22:09,408 INFO     [psi4.optking.stepAlgorithms:97] 	gradient     :   -0.0012781820
2025-07-17:12:22:09,408 INFO     [psi4.optking.stepAlgorithms:98] 	hessian      :    0.1537659744
2025-07-17:12:22:09,408 INFO     [psi4.optking.stepAlgorithms:177] 	Norm of achieved step-size    0.0083119408
2025-07-17:12:22:09,409 INFO     [psi4.optking.stepAlgorithms:179] 	Norm of achieved step-size (cart):    0.0058774297
2025-07-17:12:22:09,409 INFO     [psi4.optking.opt_helper:151] Molsys:

	                            ===> Fragment 1 <== 

	 Z (Atomic Numbers)          Masses                          Geom                  
	       1.000000             1.007825          0.00000000  0.00000000  2.97633319   
	      13.000000            26.981539          0.00000000  0.00000000 -0.11517390   

	 - Coordinate -           - BOHR/RAD -       - ANG/DEG -
	 R(1,2)           =         3.091507           1.635955

2025-07-17:12:22:09,409 INFO     [psi4.optking.convcheck:71] Performing convergence check.
2025-07-17:12:22:09,409 INFO     [psi4.optking.convcheck:263] 
	                                 ==> Convergence Check <==                                  
    
	Measures of convergence in internal coordinates in au.
    
	Criteria marked as inactive (o), active & met (*), and active & unmet ( ).

	----------------------------------------------------------------------------------------------
	   Step    Total Energy     Delta E     Max Force     RMS Force      Max Disp      RMS Disp   
	----------------------------------------------------------------------------------------------
	  Convergence Criteria     1.00e-06 *    3.00e-04 *             o    1.20e-03 *             o
	----------------------------------------------------------------------------------------------
	     6    -242.69539243   -4.79e-05      1.28e-03      1.28e-03 o    8.31e-03      8.31e-03 o  ~
	----------------------------------------------------------------------------------------------


2025-07-17:12:22:09,409 INFO     [psi4.optking.stepAlgorithms:266] 	Convergence check returned False
2025-07-17:12:22:09,424 INFO     [psi4.driver.task_planner:285] PLANNING Atomic:  keywords={'DAMPING_PERCENTAGE': 1.0, 'GEOM_MAXITER': 500, 'SCF__GUESS': 'READ', 'GUESS': 'SAP', 'MAXITER': 500, 'REFERENCE': 'UKS', 'function_kwargs': {}}
2025-07-17:12:22:09,426 INFO     [psi4.driver.driver:636] Compute gradient(): method=b3lyp, basis=cc-pvdz, molecule=default, nre=4.205068787587227
2025-07-17:12:22:10,94 INFO     [psi4.driver.driver:639] Return gradient(): -242.6953998388884
2025-07-17:12:22:10,94 INFO     [psi4.driver.driver:640] [[ 0.00000000  0.00000000 -0.00050753]
 [ 0.00000000 -0.00000000  0.00050904]]
2025-07-17:12:22:10,97 INFO     [psi4.optking.history:257] 	Performing BFGS update.
2025-07-17:12:22:10,97 INFO     [psi4.optking.history:268] 	Using 4 previous steps for update.
2025-07-17:12:22:10,98 INFO     [psi4.optking.history:302] 	Steps to be used in Hessian update:  6 5 4 3

2025-07-17:12:22:10,98 INFO     [psi4.optking.history:400] 	Updated Hessian (in au) 
 	   0.125104

2025-07-17:12:22:10,98 INFO     [psi4.optking.molsys:874] Projected (PHP) Hessian matrix
	   0.125104

2025-07-17:12:22:10,98 INFO     [psi4.optking.opt_helper:168] 
	         Geometry (au)                                       Gradient (au)
   0.0000000000   0.0000000000   2.9801898734		   0.0000000000   0.0000000000  -0.0005075330
   0.0000000000   0.0000000000  -0.1113172235		   0.0000000000  -0.0000000000   0.0005090427

2025-07-17:12:22:10,99 INFO     [psi4.optking.stepAlgorithms:315] 	Current Step Report 
 
	Current energy:      -242.6953998389
	Energy change for the previous step:
		Actual       :        -0.0000074133
		Projected    :        -0.0000053121

2025-07-17:12:22:10,99 INFO     [psi4.optking.stepAlgorithms:318] 	Energy ratio =    1.39555
2025-07-17:12:22:10,99 INFO     [psi4.optking.stepAlgorithms:750] 	Using RFO solution 1.
2025-07-17:12:22:10,99 INFO     [psi4.optking.displace:73] 	Determining Cartesian step for fragment 1.
2025-07-17:12:22:10,99 INFO     [psi4.optking.displace:378] 	Successfully converged to displaced geometry.
2025-07-17:12:22:10,99 INFO     [psi4.optking.displace:379] 	RMS(dx):  1.282e-16 	Max(dx):  2.220e-16 	RMS(dq):  4.441e-16
2025-07-17:12:22:10,99 INFO     [psi4.optking.displace:132] 

	        --- Internal Coordinate Step in ANG or DEG, aJ/ANG or AJ/DEG ---
	-------------------------------------------------------------------------------
	           Coordinate      Previous         Force          Change          New 
	           ----------      --------        ------          ------        ------
	               R(1,2)       1.63596        0.00419        0.00215       1.63811
	-------------------------------------------------------------------------------

2025-07-17:12:22:10,99 INFO     [psi4.optking.stepAlgorithms:96] 	|target step| :    0.0040628419
2025-07-17:12:22:10,99 INFO     [psi4.optking.stepAlgorithms:97] 	gradient     :   -0.0005082878
2025-07-17:12:22:10,100 INFO     [psi4.optking.stepAlgorithms:98] 	hessian      :    0.1251044147
2025-07-17:12:22:10,100 INFO     [psi4.optking.stepAlgorithms:177] 	Norm of achieved step-size    0.0040628419
2025-07-17:12:22:10,100 INFO     [psi4.optking.stepAlgorithms:179] 	Norm of achieved step-size (cart):    0.0028728631
2025-07-17:12:22:10,100 INFO     [psi4.optking.opt_helper:151] Molsys:

	                            ===> Fragment 1 <== 

	 Z (Atomic Numbers)          Masses                          Geom                  
	       1.000000             1.007825          0.00000000  0.00000000  2.98222129   
	      13.000000            26.981539          0.00000000  0.00000000 -0.11334864   

	 - Coordinate -           - BOHR/RAD -       - ANG/DEG -
	 R(1,2)           =         3.095570           1.638105

2025-07-17:12:22:10,100 INFO     [psi4.optking.convcheck:71] Performing convergence check.
2025-07-17:12:22:10,100 INFO     [psi4.optking.convcheck:263] 
	                                 ==> Convergence Check <==                                  
    
	Measures of convergence in internal coordinates in au.
    
	Criteria marked as inactive (o), active & met (*), and active & unmet ( ).

	----------------------------------------------------------------------------------------------
	   Step    Total Energy     Delta E     Max Force     RMS Force      Max Disp      RMS Disp   
	----------------------------------------------------------------------------------------------
	  Convergence Criteria     1.00e-06 *    3.00e-04 *             o    1.20e-03 *             o
	----------------------------------------------------------------------------------------------
	     7    -242.69539984   -7.41e-06      5.08e-04      5.08e-04 o    4.06e-03      4.06e-03 o  ~
	----------------------------------------------------------------------------------------------


2025-07-17:12:22:10,100 INFO     [psi4.optking.stepAlgorithms:266] 	Convergence check returned False
2025-07-17:12:22:10,115 INFO     [psi4.driver.task_planner:285] PLANNING Atomic:  keywords={'DAMPING_PERCENTAGE': 1.0, 'GEOM_MAXITER': 500, 'SCF__GUESS': 'READ', 'GUESS': 'SAP', 'MAXITER': 500, 'REFERENCE': 'UKS', 'function_kwargs': {}}
2025-07-17:12:22:10,116 INFO     [psi4.driver.driver:636] Compute gradient(): method=b3lyp, basis=cc-pvdz, molecule=default, nre=4.1995497620266375
2025-07-17:12:22:10,754 INFO     [psi4.driver.driver:639] Return gradient(): -242.69540115089436
2025-07-17:12:22:10,754 INFO     [psi4.driver.driver:640] [[ 0.00000000  0.00000000 -0.00013756]
 [-0.00000000  0.00000000  0.00013904]]
2025-07-17:12:22:10,755 INFO     [psi4.optking.history:257] 	Performing BFGS update.
2025-07-17:12:22:10,755 INFO     [psi4.optking.history:268] 	Using 4 previous steps for update.
2025-07-17:12:22:10,755 INFO     [psi4.optking.history:302] 	Steps to be used in Hessian update:  7 6 5 4

2025-07-17:12:22:10,755 INFO     [psi4.optking.history:400] 	Updated Hessian (in au) 
 	   0.102118

2025-07-17:12:22:10,755 INFO     [psi4.optking.molsys:874] Projected (PHP) Hessian matrix
	   0.102118

2025-07-17:12:22:10,756 INFO     [psi4.optking.opt_helper:168] 
	         Geometry (au)                                       Gradient (au)
   0.0000000000   0.0000000000   2.9841064228		   0.0000000000   0.0000000000  -0.0001375588
   0.0000000000   0.0000000000  -0.1114635160		  -0.0000000000   0.0000000000   0.0001390430

2025-07-17:12:22:10,756 INFO     [psi4.optking.stepAlgorithms:315] 	Current Step Report 
 
	Current energy:      -242.6954011509
	Energy change for the previous step:
		Actual       :        -0.0000013120
		Projected    :        -0.0000010325

2025-07-17:12:22:10,756 INFO     [psi4.optking.stepAlgorithms:318] 	Energy ratio =    1.27065
2025-07-17:12:22:10,756 INFO     [psi4.optking.stepAlgorithms:750] 	Using RFO solution 1.
2025-07-17:12:22:10,756 INFO     [psi4.optking.displace:73] 	Determining Cartesian step for fragment 1.
2025-07-17:12:22:10,757 INFO     [psi4.optking.displace:378] 	Successfully converged to displaced geometry.
2025-07-17:12:22:10,757 INFO     [psi4.optking.displace:379] 	RMS(dx):  1.282e-16 	Max(dx):  2.220e-16 	RMS(dq):  4.441e-16
2025-07-17:12:22:10,757 INFO     [psi4.optking.displace:132] 

	        --- Internal Coordinate Step in ANG or DEG, aJ/ANG or AJ/DEG ---
	-------------------------------------------------------------------------------
	           Coordinate      Previous         Force          Change          New 
	           ----------      --------        ------          ------        ------
	               R(1,2)       1.63811        0.00114        0.00072       1.63882
	-------------------------------------------------------------------------------

2025-07-17:12:22:10,757 INFO     [psi4.optking.stepAlgorithms:96] 	|target step| :    0.0013543193
2025-07-17:12:22:10,757 INFO     [psi4.optking.stepAlgorithms:97] 	gradient     :   -0.0001383009
2025-07-17:12:22:10,757 INFO     [psi4.optking.stepAlgorithms:98] 	hessian      :    0.1021181732
2025-07-17:12:22:10,757 INFO     [psi4.optking.stepAlgorithms:177] 	Norm of achieved step-size    0.0013543193
2025-07-17:12:22:10,757 INFO     [psi4.optking.stepAlgorithms:179] 	Norm of achieved step-size (cart):    0.0009576483
2025-07-17:12:22:10,757 INFO     [psi4.optking.opt_helper:151] Molsys:

	                            ===> Fragment 1 <== 

	 Z (Atomic Numbers)          Masses                          Geom                  
	       1.000000             1.007825          0.00000000  0.00000000  2.98478358   
	      13.000000            26.981539          0.00000000  0.00000000 -0.11214068   

	 - Coordinate -           - BOHR/RAD -       - ANG/DEG -
	 R(1,2)           =         3.096924           1.638822

2025-07-17:12:22:10,758 INFO     [psi4.optking.convcheck:71] Performing convergence check.
2025-07-17:12:22:10,758 INFO     [psi4.optking.convcheck:263] 
	                                 ==> Convergence Check <==                                  
    
	Measures of convergence in internal coordinates in au.
    
	Criteria marked as inactive (o), active & met (*), and active & unmet ( ).

	----------------------------------------------------------------------------------------------
	   Step    Total Energy     Delta E     Max Force     RMS Force      Max Disp      RMS Disp   
	----------------------------------------------------------------------------------------------
	  Convergence Criteria     1.00e-06 *    3.00e-04 *             o    1.20e-03 *             o
	----------------------------------------------------------------------------------------------
	     8    -242.69540115   -1.31e-06      1.38e-04 *    1.38e-04 o    1.35e-03      1.35e-03 o  ~
	----------------------------------------------------------------------------------------------


2025-07-17:12:22:10,758 INFO     [psi4.optking.stepAlgorithms:266] 	Convergence check returned False
2025-07-17:12:22:10,772 INFO     [psi4.driver.task_planner:285] PLANNING Atomic:  keywords={'DAMPING_PERCENTAGE': 1.0, 'GEOM_MAXITER': 500, 'SCF__GUESS': 'READ', 'GUESS': 'SAP', 'MAXITER': 500, 'REFERENCE': 'UKS', 'function_kwargs': {}}
2025-07-17:12:22:10,773 INFO     [psi4.driver.driver:636] Compute gradient(): method=b3lyp, basis=cc-pvdz, molecule=default, nre=4.197713252408809
2025-07-17:12:22:11,481 INFO     [psi4.driver.driver:639] Return gradient(): -242.69540125587028
2025-07-17:12:22:11,481 INFO     [psi4.driver.driver:640] [[-0.00000000  0.00000000 -0.00001515]
 [ 0.00000000 -0.00000000  0.00001662]]
2025-07-17:12:22:11,482 INFO     [psi4.optking.history:257] 	Performing BFGS update.
2025-07-17:12:22:11,483 INFO     [psi4.optking.history:268] 	Using 4 previous steps for update.
2025-07-17:12:22:11,483 INFO     [psi4.optking.history:302] 	Steps to be used in Hessian update:  8 7 6 5

2025-07-17:12:22:11,483 INFO     [psi4.optking.history:400] 	Updated Hessian (in au) 
 	   0.094631

2025-07-17:12:22:11,483 INFO     [psi4.optking.molsys:874] Projected (PHP) Hessian matrix
	   0.094631

2025-07-17:12:22:11,483 INFO     [psi4.optking.opt_helper:168] 
	         Geometry (au)                                       Gradient (au)
   0.0000000000   0.0000000000   2.9854119766		  -0.0000000000   0.0000000000  -0.0000151481
   0.0000000000   0.0000000000  -0.1115122816		   0.0000000000  -0.0000000000   0.0000166236

2025-07-17:12:22:11,483 INFO     [psi4.optking.stepAlgorithms:315] 	Current Step Report 
 
	Current energy:      -242.6954012559
	Energy change for the previous step:
		Actual       :        -0.0000001050
		Projected    :        -0.0000000937

2025-07-17:12:22:11,483 INFO     [psi4.optking.stepAlgorithms:318] 	Energy ratio =    1.12092
2025-07-17:12:22:11,483 INFO     [psi4.optking.stepAlgorithms:750] 	Using RFO solution 1.
2025-07-17:12:22:11,483 INFO     [psi4.optking.displace:73] 	Determining Cartesian step for fragment 1.
2025-07-17:12:22:11,483 INFO     [psi4.optking.displace:378] 	Successfully converged to displaced geometry.
2025-07-17:12:22:11,483 INFO     [psi4.optking.displace:379] 	RMS(dx):  0.000e+00 	Max(dx):  0.000e+00 	RMS(dq):  0.000e+00
2025-07-17:12:22:11,484 INFO     [psi4.optking.displace:132] 

	        --- Internal Coordinate Step in ANG or DEG, aJ/ANG or AJ/DEG ---
	-------------------------------------------------------------------------------
	           Coordinate      Previous         Force          Change          New 
	           ----------      --------        ------          ------        ------
	               R(1,2)       1.63882        0.00013        0.00009       1.63891
	-------------------------------------------------------------------------------

2025-07-17:12:22:11,484 INFO     [psi4.optking.stepAlgorithms:96] 	|target step| :    0.0001678717
2025-07-17:12:22:11,484 INFO     [psi4.optking.stepAlgorithms:97] 	gradient     :   -0.0000158859
2025-07-17:12:22:11,484 INFO     [psi4.optking.stepAlgorithms:98] 	hessian      :    0.0946309030
2025-07-17:12:22:11,484 INFO     [psi4.optking.stepAlgorithms:177] 	Norm of achieved step-size    0.0001678717
2025-07-17:12:22:11,484 INFO     [psi4.optking.stepAlgorithms:179] 	Norm of achieved step-size (cart):    0.0001187032
2025-07-17:12:22:11,484 INFO     [psi4.optking.opt_helper:151] Molsys:

	                            ===> Fragment 1 <== 

	 Z (Atomic Numbers)          Masses                          Geom                  
	       1.000000             1.007825          0.00000000  0.00000000  2.98549591   
	      13.000000            26.981539          0.00000000  0.00000000 -0.11159622   

	 - Coordinate -           - BOHR/RAD -       - ANG/DEG -
	 R(1,2)           =         3.097092           1.638911

2025-07-17:12:22:11,484 INFO     [psi4.optking.convcheck:71] Performing convergence check.
2025-07-17:12:22:11,484 INFO     [psi4.optking.convcheck:263] 
	                                 ==> Convergence Check <==                                  
    
	Measures of convergence in internal coordinates in au.
    
	Criteria marked as inactive (o), active & met (*), and active & unmet ( ).

	----------------------------------------------------------------------------------------------
	   Step    Total Energy     Delta E     Max Force     RMS Force      Max Disp      RMS Disp   
	----------------------------------------------------------------------------------------------
	  Convergence Criteria     1.00e-06 *    3.00e-04 *             o    1.20e-03 *             o
	----------------------------------------------------------------------------------------------
	     9    -242.69540126   -1.05e-07 *    1.59e-05 *    1.59e-05 o    1.68e-04 *    1.68e-04 o  ~
	----------------------------------------------------------------------------------------------


2025-07-17:12:22:11,484 INFO     [psi4.optking.convcheck:193] 
	                      ===> Final Convergence Report <===                     

	----------------------------------------------------------------------------
	|   Required Criteria    |  One or More Criteria  |   Alternate Criteria   |
	----------------------------------------------------------------------------
	| [x]     max_force      | [x]       max_DE       |                        |
	|                        | [x]      max_disp      |                        |
	----------------------------------------------------------------------------


2025-07-17:12:22:11,484 INFO     [psi4.optking.stepAlgorithms:266] 	Convergence check returned True
2025-07-17:12:22:11,484 INFO     [psi4.optking.optimize:286] 	Converged in 9 steps!
2025-07-17:12:22:11,484 INFO     [psi4.optking.optimize:287] 	Final energy is   -242.6954012558703
2025-07-17:12:22:11,484 INFO     [psi4.optking.optimize:288] 	Final structure (Angstroms): 
	Fragment 1 (Ang)

	    H   0.0000000000   0.0000000000   1.5798563994
	   Al   0.0000000000   0.0000000000  -0.0590541751


2025-07-17:12:22:11,485 INFO     [psi4.optking.optimize:432] 	Optimization Finished

	==> Optimization Summary <==

        
	Measures of convergence in internal coordinates in au. (Any backward steps not shown.)
        
	---------------------------------------------------------------------------------------------------------------  ~
        
	 Step         Total Energy             Delta E       MAX Force       RMS Force        MAX Disp        RMS Disp   ~
        
	---------------------------------------------------------------------------------------------------------------  ~
        
	     1    -242.628727275668   -242.628727275668      0.22614111      0.22614111      0.43796125      0.43796125  ~
	     2    -242.685537848189     -0.056810572521      0.05933446      0.05933446      0.15217856      0.15217856  ~
	     3    -242.692190143875     -0.006652295686      0.02974468      0.02974468      0.14955374      0.14955374  ~
	     4    -242.695007057652     -0.002816913777      0.00914564      0.00914564      0.05481783      0.05481783  ~
	     5    -242.695344488860     -0.000337431208      0.00330351      0.00330351      0.02101243      0.02101243  ~
	     6    -242.695392425621     -0.000047936761      0.00127818      0.00127818      0.00831194      0.00831194  ~
	     7    -242.695399838888     -0.000007413267      0.00050829      0.00050829      0.00406284      0.00406284  ~
	     8    -242.695401150894     -0.000001312006      0.00013830      0.00013830      0.00135432      0.00135432  ~
	     9    -242.695401255870     -0.000000104976      0.00001589      0.00001589      0.00016787      0.00016787  ~
	----------------------------------------------------------------------------------------------------------------


2025-07-17:12:22:11,485 INFO     [psi4.optking.optimize:640] Preparing OptimizationResult
