2025-07-17:13:30:30,748 INFO     [psi4.optking.optwrapper:214] Creating a UserComputer
2025-07-17:13:30:30,749 INFO     [psi4.optking.optwrapper:222] 
    			-----------------------------------------

    			 OPTKING 3.0: for geometry optimizations 

    			     By R.A. King, Bethel University     

    			        with contributions from          

    			    A.V. Copan, J. Cayton, A. Heide      

    			-----------------------------------------

    
2025-07-17:13:30:30,749 INFO     [psi4.optking.optwrapper:238] 
		 -- Optimization Parameters --
	accept_symmetry_breaking       =           False
	alg_geom_maxiter               =             500
	bt_dx_conv                     =           1e-07
	bt_dx_rms_change_conv          =           1e-12
	bt_max_iter                    =              25
	cart_hess_read                 =           False
	consecutive_backsteps_allowed  =               0
	conv_max_DE                    =           1e-06
	conv_max_disp                  =          0.0012
	conv_max_force                 =          0.0003
	conv_rms_disp                  =              -1
	conv_rms_force                 =              -1
	covalent_connect               =             1.3
	dynamic_level                  =               0
	dynamic_level_max              =               0
	ensure_bt_convergence          =           False
	ext_force_bend                 =              []
	ext_force_cartesian            =              []
	ext_force_dihedral             =              []
	ext_force_distance             =              []
	ext_force_oofp                 =              []
	fix_val_near_pi                =            1.57
	flexible_g_convergence         =           False
	frag_mode                      =          SINGLE
	frag_ref_atoms                 =            None
	freeze_intrafrag               =           False
	frozen_bend                    =              []
	frozen_cartesian               =              []
	frozen_dihedral                =              []
	frozen_distance                =              []
	frozen_oofp                    =              []
	full_hess_every                =              -1
	g_convergence                  =           QCHEM
	generate_intcos_exit           =           False
	geom_maxiter                   =             500
	h_bond_connect                 =             4.3
	hess_update                    =            BFGS
	hess_update_den_tol            =           1e-07
	hess_update_dq_tol             =             0.5
	hess_update_limit              =            True
	hess_update_limit_max          =             1.0
	hess_update_limit_scale        =             0.5
	hess_update_use_last           =               4
	hessian_file                   =            None
	i_max_DE                       =            True
	i_max_disp                     =            True
	i_max_force                    =            True
	i_rms_disp                     =           False
	i_rms_force                    =           False
	i_untampered                   =            True
	include_oofp                   =           False
	interfrag_collinear_tol        =            0.01
	interfrag_coords               =            None
	interfrag_dist_inv             =           False
	interfrag_mode                 =           FIXED
	interfrag_trust                =             0.5
	interfrag_trust_max            =             1.0
	interfrag_trust_min            =           0.001
	interfragment_connect          =             1.8
	intrafrag_hess                 =        SCHLEGEL
	intrafrag_trust                =             0.5
	intrafrag_trust_max            =             1.0
	intrafrag_trust_min            =           0.001
	irc_direction                  =         FORWARD
	irc_points                     =              20
	irc_step_size                  =             0.2
	keep_intcos                    =           False
	linear_bend_threshold          =            3.05
	linesearch                     =           False
	linesearch_step                =             0.1
	max_disp_g_convergence         =          0.0012
	max_energy_g_convergence       =           1e-06
	max_force_g_convergence        =          0.0003
	opt_coordinates                =       REDUNDANT
	opt_type                       =             MIN
	output_type                    =            FILE
	print_lvl                      =               1
	program                        =            psi4
	ranged_bend                    =              []
	ranged_cartesian               =              []
	ranged_dihedral                =              []
	ranged_distance                =              []
	ranged_oofp                    =              []
	redundant_eval_tol             =           1e-10
	rfo_follow_root                =           False
	rfo_normalization_max          =             100
	rfo_root                       =               0
	rms_disp_g_convergence         =          0.0012
	rms_force_g_convergence        =          0.0003
	rsrfo_alpha_max                =     100000000.0
	sd_hessian                     =             1.0
	simple_step_scaling            =           False
	small_bend_fix_threshold       =            0.35
	steepest_descent_type          =         OVERLAP
	step_type                      =             RFO
	test_B                         =           False
	test_derivative_B              =           False
	trajectory                     =           False
	v3d_tors_angle_lim             =           0.017
	v3d_tors_cos_tol               =           1e-10
	working_consecutive_backsteps  =               0
	working_steps_since_last_H     =               0


2025-07-17:13:30:31,238 INFO     [psi4.optking.opt_helper:151] Molsys:

	                            ===> Fragment 1 <== 

	 Z (Atomic Numbers)          Masses                          Geom                  
	       5.000000            11.009305          0.00000000  0.00000000  1.26954614   
	       7.000000            14.003074          0.00000000  0.00000000 -0.99812521   

	 - Coordinate -           - BOHR/RAD -       - ANG/DEG -
	 R(1,2)           =         2.267671           1.200000

2025-07-17:13:30:31,249 INFO     [psi4.driver.task_planner:285] PLANNING Atomic:  keywords={'DAMPING_PERCENTAGE': 1.0, 'GEOM_MAXITER': 500, 'GUESS': 'SAP', 'MAXITER': 500, 'REFERENCE': 'UKS', 'function_kwargs': {}}
2025-07-17:13:30:31,250 INFO     [psi4.driver.driver:636] Compute gradient(): method=b3lyp, basis=cc-pvdz, molecule=default, nre=15.434335311208336
2025-07-17:13:30:32,227 INFO     [psi4.driver.driver:639] Return gradient(): -78.94821032165632
2025-07-17:13:30:32,227 INFO     [psi4.driver.driver:640] [[ 0.00000000  0.00000000 -0.32506583]
 [-0.00000000  0.00000000  0.32507720]]
2025-07-17:13:30:32,228 INFO     [psi4.optking.molsys:874] Projected (PHP) Hessian matrix
	   1.048231

2025-07-17:13:30:32,228 INFO     [psi4.optking.opt_helper:168] 
	         Geometry (au)                                       Gradient (au)
   0.0000000000   0.0000000000   1.2695461426		   0.0000000000   0.0000000000  -0.3250658309
   0.0000000000   0.0000000000  -0.9981252079		  -0.0000000000   0.0000000000   0.3250772036

2025-07-17:13:30:32,228 INFO     [psi4.optking.stepAlgorithms:750] 	Using RFO solution 1.
2025-07-17:13:30:32,228 INFO     [psi4.optking.displace:73] 	Determining Cartesian step for fragment 1.
2025-07-17:13:30:32,229 INFO     [psi4.optking.displace:378] 	Successfully converged to displaced geometry.
2025-07-17:13:30:32,229 INFO     [psi4.optking.displace:379] 	RMS(dx):  0.000e+00 	Max(dx):  0.000e+00 	RMS(dq):  0.000e+00
2025-07-17:13:30:32,229 INFO     [psi4.optking.displace:132] 

	        --- Internal Coordinate Step in ANG or DEG, aJ/ANG or AJ/DEG ---
	-------------------------------------------------------------------------------
	           Coordinate      Previous         Force          Change          New 
	           ----------      --------        ------          ------        ------
	               R(1,2)       1.20000        2.67817        0.15078       1.35078
	-------------------------------------------------------------------------------

2025-07-17:13:30:32,229 INFO     [psi4.optking.stepAlgorithms:96] 	|target step| :    0.2849366368
2025-07-17:13:30:32,229 INFO     [psi4.optking.stepAlgorithms:97] 	gradient     :   -0.3250715172
2025-07-17:13:30:32,229 INFO     [psi4.optking.stepAlgorithms:98] 	hessian      :    1.0482306732
2025-07-17:13:30:32,229 INFO     [psi4.optking.stepAlgorithms:177] 	Norm of achieved step-size    0.2849366368
2025-07-17:13:30:32,229 INFO     [psi4.optking.stepAlgorithms:179] 	Norm of achieved step-size (cart):    0.2014806281
2025-07-17:13:30:32,230 INFO     [psi4.optking.opt_helper:151] Molsys:

	                            ===> Fragment 1 <== 

	 Z (Atomic Numbers)          Masses                          Geom                  
	       5.000000            11.009305          0.00000000  0.00000000  1.41201446   
	       7.000000            14.003074          0.00000000  0.00000000 -1.14059353   

	 - Coordinate -           - BOHR/RAD -       - ANG/DEG -
	 R(1,2)           =         2.552608           1.350782

2025-07-17:13:30:32,230 INFO     [psi4.optking.convcheck:71] Performing convergence check.
2025-07-17:13:30:32,230 INFO     [psi4.optking.convcheck:263] 
	                                 ==> Convergence Check <==                                  
    
	Measures of convergence in internal coordinates in au.
    
	Criteria marked as inactive (o), active & met (*), and active & unmet ( ).

	----------------------------------------------------------------------------------------------
	   Step    Total Energy     Delta E     Max Force     RMS Force      Max Disp      RMS Disp   
	----------------------------------------------------------------------------------------------
	  Convergence Criteria     1.00e-06 *    3.00e-04 *             o    1.20e-03 *             o
	----------------------------------------------------------------------------------------------
	     1     -78.94821032   -7.89e+01      3.25e-01      3.25e-01 o    2.85e-01      2.85e-01 o  ~
	----------------------------------------------------------------------------------------------


2025-07-17:13:30:32,230 INFO     [psi4.optking.stepAlgorithms:266] 	Convergence check returned False
2025-07-17:13:30:32,252 INFO     [psi4.driver.task_planner:285] PLANNING Atomic:  keywords={'DAMPING_PERCENTAGE': 1.0, 'GEOM_MAXITER': 500, 'SCF__GUESS': 'READ', 'GUESS': 'SAP', 'MAXITER': 500, 'REFERENCE': 'UKS', 'function_kwargs': {}}
2025-07-17:13:30:32,254 INFO     [psi4.driver.driver:636] Compute gradient(): method=b3lyp, basis=cc-pvdz, molecule=default, nre=13.71146692877189
2025-07-17:13:30:33,86 INFO     [psi4.driver.driver:639] Return gradient(): -79.00049736758871
2025-07-17:13:30:33,87 INFO     [psi4.driver.driver:640] [[ 0.00000000  0.00000000 -0.07657553]
 [ 0.00000000 -0.00000000  0.07658654]]
2025-07-17:13:30:33,89 INFO     [psi4.optking.history:257] 	Performing BFGS update.
2025-07-17:13:30:33,89 INFO     [psi4.optking.history:268] 	Using 1 previous steps for update.
2025-07-17:13:30:33,89 INFO     [psi4.optking.history:302] 	Steps to be used in Hessian update:  1

2025-07-17:13:30:33,89 INFO     [psi4.optking.history:400] 	Updated Hessian (in au) 
 	   0.872090

2025-07-17:13:30:33,89 INFO     [psi4.optking.molsys:874] Projected (PHP) Hessian matrix
	   0.872090

2025-07-17:13:30:33,89 INFO     [psi4.optking.opt_helper:168] 
	         Geometry (au)                                       Gradient (au)
   0.0000000000   0.0000000000   1.4290667045		   0.0000000000   0.0000000000  -0.0765755271
   0.0000000000   0.0000000000  -1.1235412828		   0.0000000000  -0.0000000000   0.0765865426

2025-07-17:13:30:33,89 INFO     [psi4.optking.stepAlgorithms:315] 	Current Step Report 
 
	Current energy:       -79.0004973676
	Energy change for the previous step:
		Actual       :        -0.0522870459
		Projected    :        -0.0463123924

2025-07-17:13:30:33,89 INFO     [psi4.optking.stepAlgorithms:318] 	Energy ratio =    1.12901
2025-07-17:13:30:33,89 INFO     [psi4.optking.stepAlgorithms:346] 	Energy ratio indicates good step.
2025-07-17:13:30:33,89 INFO     [psi4.optking.stepAlgorithms:347] 	Intrafrag trust radius increased to 1.000e+00.
2025-07-17:13:30:33,89 INFO     [psi4.optking.stepAlgorithms:750] 	Using RFO solution 1.
2025-07-17:13:30:33,90 INFO     [psi4.optking.displace:73] 	Determining Cartesian step for fragment 1.
2025-07-17:13:30:33,90 INFO     [psi4.optking.displace:378] 	Successfully converged to displaced geometry.
2025-07-17:13:30:33,90 INFO     [psi4.optking.displace:379] 	RMS(dx):  0.000e+00 	Max(dx):  0.000e+00 	RMS(dq):  0.000e+00
2025-07-17:13:30:33,90 INFO     [psi4.optking.displace:132] 

	        --- Internal Coordinate Step in ANG or DEG, aJ/ANG or AJ/DEG ---
	-------------------------------------------------------------------------------
	           Coordinate      Previous         Force          Change          New 
	           ----------      --------        ------          ------        ------
	               R(1,2)       1.35078        0.63093        0.04612       1.39690
	-------------------------------------------------------------------------------

2025-07-17:13:30:33,90 INFO     [psi4.optking.stepAlgorithms:96] 	|target step| :    0.0871462970
2025-07-17:13:30:33,90 INFO     [psi4.optking.stepAlgorithms:97] 	gradient     :   -0.0765810348
2025-07-17:13:30:33,90 INFO     [psi4.optking.stepAlgorithms:98] 	hessian      :    0.8720903189
2025-07-17:13:30:33,90 INFO     [psi4.optking.stepAlgorithms:177] 	Norm of achieved step-size    0.0871462970
2025-07-17:13:30:33,90 INFO     [psi4.optking.stepAlgorithms:179] 	Norm of achieved step-size (cart):    0.0616217375
2025-07-17:13:30:33,90 INFO     [psi4.optking.opt_helper:151] Molsys:

	                            ===> Fragment 1 <== 

	 Z (Atomic Numbers)          Masses                          Geom                  
	       5.000000            11.009305          0.00000000  0.00000000  1.47263985   
	       7.000000            14.003074          0.00000000  0.00000000 -1.16711443   

	 - Coordinate -           - BOHR/RAD -       - ANG/DEG -
	 R(1,2)           =         2.639754           1.396898

2025-07-17:13:30:33,90 INFO     [psi4.optking.convcheck:71] Performing convergence check.
2025-07-17:13:30:33,90 INFO     [psi4.optking.convcheck:263] 
	                                 ==> Convergence Check <==                                  
    
	Measures of convergence in internal coordinates in au.
    
	Criteria marked as inactive (o), active & met (*), and active & unmet ( ).

	----------------------------------------------------------------------------------------------
	   Step    Total Energy     Delta E     Max Force     RMS Force      Max Disp      RMS Disp   
	----------------------------------------------------------------------------------------------
	  Convergence Criteria     1.00e-06 *    3.00e-04 *             o    1.20e-03 *             o
	----------------------------------------------------------------------------------------------
	     2     -79.00049737   -5.23e-02      7.66e-02      7.66e-02 o    8.71e-02      8.71e-02 o  ~
	----------------------------------------------------------------------------------------------


2025-07-17:13:30:33,90 INFO     [psi4.optking.stepAlgorithms:266] 	Convergence check returned False
2025-07-17:13:30:33,102 INFO     [psi4.driver.task_planner:285] PLANNING Atomic:  keywords={'DAMPING_PERCENTAGE': 1.0, 'GEOM_MAXITER': 500, 'SCF__GUESS': 'READ', 'GUESS': 'SAP', 'MAXITER': 500, 'REFERENCE': 'UKS', 'function_kwargs': {}}
2025-07-17:13:30:33,104 INFO     [psi4.driver.driver:636] Compute gradient(): method=b3lyp, basis=cc-pvdz, molecule=default, nre=13.258809809899425
2025-07-17:13:30:33,910 INFO     [psi4.driver.driver:639] Return gradient(): -79.00526765338053
2025-07-17:13:30:33,911 INFO     [psi4.driver.driver:640] [[ 0.00000000  0.00000000 -0.03489346]
 [ 0.00000000 -0.00000000  0.03490213]]
2025-07-17:13:30:33,913 INFO     [psi4.optking.history:257] 	Performing BFGS update.
2025-07-17:13:30:33,913 INFO     [psi4.optking.history:268] 	Using 2 previous steps for update.
2025-07-17:13:30:33,913 INFO     [psi4.optking.history:302] 	Steps to be used in Hessian update:  2 1

2025-07-17:13:30:33,914 INFO     [psi4.optking.history:400] 	Updated Hessian (in au) 
 	   0.779863

2025-07-17:13:30:33,914 INFO     [psi4.optking.molsys:874] Projected (PHP) Hessian matrix
	   0.779863

2025-07-17:13:30:33,914 INFO     [psi4.optking.opt_helper:168] 
	         Geometry (au)                                       Gradient (au)
   0.0000000000   0.0000000000   1.4778551875		   0.0000000000   0.0000000000  -0.0348934611
   0.0000000000   0.0000000000  -1.1618990967		   0.0000000000  -0.0000000000   0.0349021257

2025-07-17:13:30:33,914 INFO     [psi4.optking.stepAlgorithms:315] 	Current Step Report 
 
	Current energy:       -79.0052676534
	Energy change for the previous step:
		Actual       :        -0.0047702858
		Projected    :        -0.0033368768

2025-07-17:13:30:33,914 INFO     [psi4.optking.stepAlgorithms:318] 	Energy ratio =    1.42957
2025-07-17:13:30:33,914 INFO     [psi4.optking.stepAlgorithms:750] 	Using RFO solution 1.
2025-07-17:13:30:33,914 INFO     [psi4.optking.displace:73] 	Determining Cartesian step for fragment 1.
2025-07-17:13:30:33,915 INFO     [psi4.optking.displace:378] 	Successfully converged to displaced geometry.
2025-07-17:13:30:33,915 INFO     [psi4.optking.displace:379] 	RMS(dx):  0.000e+00 	Max(dx):  0.000e+00 	RMS(dq):  0.000e+00
2025-07-17:13:30:33,915 INFO     [psi4.optking.displace:132] 

	        --- Internal Coordinate Step in ANG or DEG, aJ/ANG or AJ/DEG ---
	-------------------------------------------------------------------------------
	           Coordinate      Previous         Force          Change          New 
	           ----------      --------        ------          ------        ------
	               R(1,2)       1.39690        0.28751        0.02363       1.42053
	-------------------------------------------------------------------------------

2025-07-17:13:30:33,915 INFO     [psi4.optking.stepAlgorithms:96] 	|target step| :    0.0446593695
2025-07-17:13:30:33,915 INFO     [psi4.optking.stepAlgorithms:97] 	gradient     :   -0.0348977934
2025-07-17:13:30:33,915 INFO     [psi4.optking.stepAlgorithms:98] 	hessian      :    0.7798630292
2025-07-17:13:30:33,915 INFO     [psi4.optking.stepAlgorithms:177] 	Norm of achieved step-size    0.0446593695
2025-07-17:13:30:33,915 INFO     [psi4.optking.stepAlgorithms:179] 	Norm of achieved step-size (cart):    0.0315789430
2025-07-17:13:30:33,915 INFO     [psi4.optking.opt_helper:151] Molsys:

	                            ===> Fragment 1 <== 

	 Z (Atomic Numbers)          Masses                          Geom                  
	       5.000000            11.009305          0.00000000  0.00000000  1.50018487   
	       7.000000            14.003074          0.00000000  0.00000000 -1.18422878   

	 - Coordinate -           - BOHR/RAD -       - ANG/DEG -
	 R(1,2)           =         2.684414           1.420531

2025-07-17:13:30:33,916 INFO     [psi4.optking.convcheck:71] Performing convergence check.
2025-07-17:13:30:33,916 INFO     [psi4.optking.convcheck:263] 
	                                 ==> Convergence Check <==                                  
    
	Measures of convergence in internal coordinates in au.
    
	Criteria marked as inactive (o), active & met (*), and active & unmet ( ).

	----------------------------------------------------------------------------------------------
	   Step    Total Energy     Delta E     Max Force     RMS Force      Max Disp      RMS Disp   
	----------------------------------------------------------------------------------------------
	  Convergence Criteria     1.00e-06 *    3.00e-04 *             o    1.20e-03 *             o
	----------------------------------------------------------------------------------------------
	     3     -79.00526765   -4.77e-03      3.49e-02      3.49e-02 o    4.47e-02      4.47e-02 o  ~
	----------------------------------------------------------------------------------------------


2025-07-17:13:30:33,916 INFO     [psi4.optking.stepAlgorithms:266] 	Convergence check returned False
2025-07-17:13:30:33,933 INFO     [psi4.driver.task_planner:285] PLANNING Atomic:  keywords={'DAMPING_PERCENTAGE': 1.0, 'GEOM_MAXITER': 500, 'SCF__GUESS': 'READ', 'GUESS': 'SAP', 'MAXITER': 500, 'REFERENCE': 'UKS', 'function_kwargs': {}}
2025-07-17:13:30:33,934 INFO     [psi4.driver.driver:636] Compute gradient(): method=b3lyp, basis=cc-pvdz, molecule=default, nre=13.03822901903764
2025-07-17:13:30:34,757 INFO     [psi4.driver.driver:639] Return gradient(): -79.0064351845823
2025-07-17:13:30:34,757 INFO     [psi4.driver.driver:640] [[ 0.00000000  0.00000000 -0.01784208]
 [-0.00000000  0.00000000  0.01785106]]
2025-07-17:13:30:34,759 INFO     [psi4.optking.history:257] 	Performing BFGS update.
2025-07-17:13:30:34,760 INFO     [psi4.optking.history:268] 	Using 3 previous steps for update.
2025-07-17:13:30:34,760 INFO     [psi4.optking.history:302] 	Steps to be used in Hessian update:  3 2 1

2025-07-17:13:30:34,760 INFO     [psi4.optking.history:400] 	Updated Hessian (in au) 
 	   0.737206

2025-07-17:13:30:34,760 INFO     [psi4.optking.molsys:874] Projected (PHP) Hessian matrix
	   0.737206

2025-07-17:13:30:34,760 INFO     [psi4.optking.opt_helper:168] 
	         Geometry (au)                                       Gradient (au)
   0.0000000000   0.0000000000   1.5028575453		   0.0000000000   0.0000000000  -0.0178420778
   0.0000000000   0.0000000000  -1.1815561085		  -0.0000000000   0.0000000000   0.0178510551

2025-07-17:13:30:34,760 INFO     [psi4.optking.stepAlgorithms:315] 	Current Step Report 
 
	Current energy:       -79.0064351846
	Energy change for the previous step:
		Actual       :        -0.0011675312
		Projected    :        -0.0007792567

2025-07-17:13:30:34,761 INFO     [psi4.optking.stepAlgorithms:318] 	Energy ratio =    1.49826
2025-07-17:13:30:34,761 INFO     [psi4.optking.stepAlgorithms:750] 	Using RFO solution 1.
2025-07-17:13:30:34,761 INFO     [psi4.optking.displace:73] 	Determining Cartesian step for fragment 1.
2025-07-17:13:30:34,761 INFO     [psi4.optking.displace:378] 	Successfully converged to displaced geometry.
2025-07-17:13:30:34,761 INFO     [psi4.optking.displace:379] 	RMS(dx):  0.000e+00 	Max(dx):  0.000e+00 	RMS(dq):  0.000e+00
2025-07-17:13:30:34,761 INFO     [psi4.optking.displace:132] 

	        --- Internal Coordinate Step in ANG or DEG, aJ/ANG or AJ/DEG ---
	-------------------------------------------------------------------------------
	           Coordinate      Previous         Force          Change          New 
	           ----------      --------        ------          ------        ------
	               R(1,2)       1.42053        0.14703        0.01280       1.43333
	-------------------------------------------------------------------------------

2025-07-17:13:30:34,761 INFO     [psi4.optking.stepAlgorithms:96] 	|target step| :    0.0241942121
2025-07-17:13:30:34,761 INFO     [psi4.optking.stepAlgorithms:97] 	gradient     :   -0.0178465664
2025-07-17:13:30:34,761 INFO     [psi4.optking.stepAlgorithms:98] 	hessian      :    0.7372060586
2025-07-17:13:30:34,761 INFO     [psi4.optking.stepAlgorithms:177] 	Norm of achieved step-size    0.0241942121
2025-07-17:13:30:34,762 INFO     [psi4.optking.stepAlgorithms:179] 	Norm of achieved step-size (cart):    0.0171078915
2025-07-17:13:30:34,762 INFO     [psi4.optking.opt_helper:151] Molsys:

	                            ===> Fragment 1 <== 

	 Z (Atomic Numbers)          Masses                          Geom                  
	       5.000000            11.009305          0.00000000  0.00000000  1.51495465   
	       7.000000            14.003074          0.00000000  0.00000000 -1.19365321   

	 - Coordinate -           - BOHR/RAD -       - ANG/DEG -
	 R(1,2)           =         2.708608           1.433334

2025-07-17:13:30:34,762 INFO     [psi4.optking.convcheck:71] Performing convergence check.
2025-07-17:13:30:34,762 INFO     [psi4.optking.convcheck:263] 
	                                 ==> Convergence Check <==                                  
    
	Measures of convergence in internal coordinates in au.
    
	Criteria marked as inactive (o), active & met (*), and active & unmet ( ).

	----------------------------------------------------------------------------------------------
	   Step    Total Energy     Delta E     Max Force     RMS Force      Max Disp      RMS Disp   
	----------------------------------------------------------------------------------------------
	  Convergence Criteria     1.00e-06 *    3.00e-04 *             o    1.20e-03 *             o
	----------------------------------------------------------------------------------------------
	     4     -79.00643518   -1.17e-03      1.78e-02      1.78e-02 o    2.42e-02      2.42e-02 o  ~
	----------------------------------------------------------------------------------------------


2025-07-17:13:30:34,762 INFO     [psi4.optking.stepAlgorithms:266] 	Convergence check returned False
2025-07-17:13:30:34,775 INFO     [psi4.driver.task_planner:285] PLANNING Atomic:  keywords={'DAMPING_PERCENTAGE': 1.0, 'GEOM_MAXITER': 500, 'SCF__GUESS': 'READ', 'GUESS': 'SAP', 'MAXITER': 500, 'REFERENCE': 'UKS', 'function_kwargs': {}}
2025-07-17:13:30:34,775 INFO     [psi4.driver.driver:636] Compute gradient(): method=b3lyp, basis=cc-pvdz, molecule=default, nre=12.921767096803958
2025-07-17:13:30:35,606 INFO     [psi4.driver.driver:639] Return gradient(): -79.00676655787684
2025-07-17:13:30:35,606 INFO     [psi4.driver.driver:640] [[ 0.00000000  0.00000000 -0.00967775]
 [ 0.00000000 -0.00000000  0.00968738]]
2025-07-17:13:30:35,608 INFO     [psi4.optking.history:257] 	Performing BFGS update.
2025-07-17:13:30:35,608 INFO     [psi4.optking.history:268] 	Using 4 previous steps for update.
2025-07-17:13:30:35,608 INFO     [psi4.optking.history:302] 	Steps to be used in Hessian update:  4 3 2 1

2025-07-17:13:30:35,608 INFO     [psi4.optking.history:400] 	Updated Hessian (in au) 
 	   0.715271

2025-07-17:13:30:35,608 INFO     [psi4.optking.molsys:874] Projected (PHP) Hessian matrix
	   0.715271

2025-07-17:13:30:35,608 INFO     [psi4.optking.opt_helper:168] 
	         Geometry (au)                                       Gradient (au)
   0.0000000000   0.0000000000   1.5164025718		   0.0000000000   0.0000000000  -0.0096777502
   0.0000000000   0.0000000000  -1.1922052941		   0.0000000000  -0.0000000000   0.0096873837

2025-07-17:13:30:35,608 INFO     [psi4.optking.stepAlgorithms:315] 	Current Step Report 
 
	Current energy:       -79.0067665579
	Energy change for the previous step:
		Actual       :        -0.0003313733
		Projected    :        -0.0002158918

2025-07-17:13:30:35,608 INFO     [psi4.optking.stepAlgorithms:318] 	Energy ratio =    1.53490
2025-07-17:13:30:35,608 INFO     [psi4.optking.stepAlgorithms:750] 	Using RFO solution 1.
2025-07-17:13:30:35,608 INFO     [psi4.optking.displace:73] 	Determining Cartesian step for fragment 1.
2025-07-17:13:30:35,609 INFO     [psi4.optking.displace:378] 	Successfully converged to displaced geometry.
2025-07-17:13:30:35,609 INFO     [psi4.optking.displace:379] 	RMS(dx):  0.000e+00 	Max(dx):  0.000e+00 	RMS(dq):  0.000e+00
2025-07-17:13:30:35,609 INFO     [psi4.optking.displace:132] 

	        --- Internal Coordinate Step in ANG or DEG, aJ/ANG or AJ/DEG ---
	-------------------------------------------------------------------------------
	           Coordinate      Previous         Force          Change          New 
	           ----------      --------        ------          ------        ------
	               R(1,2)       1.43333        0.07977        0.00716       1.44050
	-------------------------------------------------------------------------------

2025-07-17:13:30:35,609 INFO     [psi4.optking.stepAlgorithms:96] 	|target step| :    0.0135344477
2025-07-17:13:30:35,609 INFO     [psi4.optking.stepAlgorithms:97] 	gradient     :   -0.0096825670
2025-07-17:13:30:35,609 INFO     [psi4.optking.stepAlgorithms:98] 	hessian      :    0.7152706552
2025-07-17:13:30:35,609 INFO     [psi4.optking.stepAlgorithms:177] 	Norm of achieved step-size    0.0135344477
2025-07-17:13:30:35,609 INFO     [psi4.optking.stepAlgorithms:179] 	Norm of achieved step-size (cart):    0.0095702998
2025-07-17:13:30:35,609 INFO     [psi4.optking.opt_helper:151] Molsys:

	                            ===> Fragment 1 <== 

	 Z (Atomic Numbers)          Masses                          Geom                  
	       5.000000            11.009305          0.00000000  0.00000000  1.52316980   
	       7.000000            14.003074          0.00000000  0.00000000 -1.19897252   

	 - Coordinate -           - BOHR/RAD -       - ANG/DEG -
	 R(1,2)           =         2.722142           1.440496

2025-07-17:13:30:35,609 INFO     [psi4.optking.convcheck:71] Performing convergence check.
2025-07-17:13:30:35,609 INFO     [psi4.optking.convcheck:263] 
	                                 ==> Convergence Check <==                                  
    
	Measures of convergence in internal coordinates in au.
    
	Criteria marked as inactive (o), active & met (*), and active & unmet ( ).

	----------------------------------------------------------------------------------------------
	   Step    Total Energy     Delta E     Max Force     RMS Force      Max Disp      RMS Disp   
	----------------------------------------------------------------------------------------------
	  Convergence Criteria     1.00e-06 *    3.00e-04 *             o    1.20e-03 *             o
	----------------------------------------------------------------------------------------------
	     5     -79.00676656   -3.31e-04      9.68e-03      9.68e-03 o    1.35e-02      1.35e-02 o  ~
	----------------------------------------------------------------------------------------------


2025-07-17:13:30:35,609 INFO     [psi4.optking.stepAlgorithms:266] 	Convergence check returned False
2025-07-17:13:30:35,625 INFO     [psi4.driver.task_planner:285] PLANNING Atomic:  keywords={'DAMPING_PERCENTAGE': 1.0, 'GEOM_MAXITER': 500, 'SCF__GUESS': 'READ', 'GUESS': 'SAP', 'MAXITER': 500, 'REFERENCE': 'UKS', 'function_kwargs': {}}
2025-07-17:13:30:35,626 INFO     [psi4.driver.driver:636] Compute gradient(): method=b3lyp, basis=cc-pvdz, molecule=default, nre=12.857520278950764
2025-07-17:13:30:36,318 INFO     [psi4.driver.driver:639] Return gradient(): -79.0068684267694
2025-07-17:13:30:36,318 INFO     [psi4.driver.driver:640] [[-0.00000000  0.00000000 -0.00541834]
 [ 0.00000000  0.00000000  0.00542831]]
2025-07-17:13:30:36,320 INFO     [psi4.optking.history:257] 	Performing BFGS update.
2025-07-17:13:30:36,320 INFO     [psi4.optking.history:268] 	Using 4 previous steps for update.
2025-07-17:13:30:36,320 INFO     [psi4.optking.history:302] 	Steps to be used in Hessian update:  5 4 3 2

2025-07-17:13:30:36,320 INFO     [psi4.optking.history:400] 	Updated Hessian (in au) 
 	   0.419724

2025-07-17:13:30:36,320 INFO     [psi4.optking.molsys:874] Projected (PHP) Hessian matrix
	   0.419724

2025-07-17:13:30:36,320 INFO     [psi4.optking.opt_helper:168] 
	         Geometry (au)                                       Gradient (au)
   0.0000000000   0.0000000000   1.5239797747		  -0.0000000000   0.0000000000  -0.0054183428
   0.0000000000   0.0000000000  -1.1981625389		   0.0000000000   0.0000000000   0.0054283087

2025-07-17:13:30:36,320 INFO     [psi4.optking.stepAlgorithms:315] 	Current Step Report 
 
	Current energy:       -79.0068684268
	Energy change for the previous step:
		Actual       :        -0.0001018689
		Projected    :        -0.0000655241

2025-07-17:13:30:36,320 INFO     [psi4.optking.stepAlgorithms:318] 	Energy ratio =    1.55468
2025-07-17:13:30:36,321 INFO     [psi4.optking.stepAlgorithms:750] 	Using RFO solution 1.
2025-07-17:13:30:36,321 INFO     [psi4.optking.displace:73] 	Determining Cartesian step for fragment 1.
2025-07-17:13:30:36,321 INFO     [psi4.optking.displace:378] 	Successfully converged to displaced geometry.
2025-07-17:13:30:36,321 INFO     [psi4.optking.displace:379] 	RMS(dx):  0.000e+00 	Max(dx):  0.000e+00 	RMS(dq):  0.000e+00
2025-07-17:13:30:36,321 INFO     [psi4.optking.displace:132] 

	        --- Internal Coordinate Step in ANG or DEG, aJ/ANG or AJ/DEG ---
	-------------------------------------------------------------------------------
	           Coordinate      Previous         Force          Change          New 
	           ----------      --------        ------          ------        ------
	               R(1,2)       1.44050        0.04468        0.00684       1.44733
	-------------------------------------------------------------------------------

2025-07-17:13:30:36,321 INFO     [psi4.optking.stepAlgorithms:96] 	|target step| :    0.0129189997
2025-07-17:13:30:36,321 INFO     [psi4.optking.stepAlgorithms:97] 	gradient     :   -0.0054233258
2025-07-17:13:30:36,321 INFO     [psi4.optking.stepAlgorithms:98] 	hessian      :    0.4197244924
2025-07-17:13:30:36,321 INFO     [psi4.optking.stepAlgorithms:177] 	Norm of achieved step-size    0.0129189997
2025-07-17:13:30:36,321 INFO     [psi4.optking.stepAlgorithms:179] 	Norm of achieved step-size (cart):    0.0091351123
2025-07-17:13:30:36,321 INFO     [psi4.optking.opt_helper:151] Molsys:

	                            ===> Fragment 1 <== 

	 Z (Atomic Numbers)          Masses                          Geom                  
	       5.000000            11.009305          0.00000000  0.00000000  1.53043927   
	       7.000000            14.003074          0.00000000  0.00000000 -1.20462204   

	 - Coordinate -           - BOHR/RAD -       - ANG/DEG -
	 R(1,2)           =         2.735061           1.447332

2025-07-17:13:30:36,321 INFO     [psi4.optking.convcheck:71] Performing convergence check.
2025-07-17:13:30:36,321 INFO     [psi4.optking.convcheck:263] 
	                                 ==> Convergence Check <==                                  
    
	Measures of convergence in internal coordinates in au.
    
	Criteria marked as inactive (o), active & met (*), and active & unmet ( ).

	----------------------------------------------------------------------------------------------
	   Step    Total Energy     Delta E     Max Force     RMS Force      Max Disp      RMS Disp   
	----------------------------------------------------------------------------------------------
	  Convergence Criteria     1.00e-06 *    3.00e-04 *             o    1.20e-03 *             o
	----------------------------------------------------------------------------------------------
	     6     -79.00686843   -1.02e-04      5.42e-03      5.42e-03 o    1.29e-02      1.29e-02 o  ~
	----------------------------------------------------------------------------------------------


2025-07-17:13:30:36,321 INFO     [psi4.optking.stepAlgorithms:266] 	Convergence check returned False
2025-07-17:13:30:36,337 INFO     [psi4.driver.task_planner:285] PLANNING Atomic:  keywords={'DAMPING_PERCENTAGE': 1.0, 'GEOM_MAXITER': 500, 'SCF__GUESS': 'READ', 'GUESS': 'SAP', 'MAXITER': 500, 'REFERENCE': 'UKS', 'function_kwargs': {}}
2025-07-17:13:30:36,338 INFO     [psi4.driver.driver:636] Compute gradient(): method=b3lyp, basis=cc-pvdz, molecule=default, nre=12.796788075253339
2025-07-17:13:30:37,100 INFO     [psi4.driver.driver:639] Return gradient(): -79.0069131965103
2025-07-17:13:30:37,101 INFO     [psi4.driver.driver:640] [[ 0.00000000 -0.00000000 -0.00155040]
 [ 0.00000000 -0.00000000  0.00156060]]
2025-07-17:13:30:37,102 INFO     [psi4.optking.history:257] 	Performing BFGS update.
2025-07-17:13:30:37,102 INFO     [psi4.optking.history:268] 	Using 4 previous steps for update.
2025-07-17:13:30:37,102 INFO     [psi4.optking.history:302] 	Steps to be used in Hessian update:  6 5 4 3

2025-07-17:13:30:37,102 INFO     [psi4.optking.history:400] 	Updated Hessian (in au) 
 	   0.349841

2025-07-17:13:30:37,102 INFO     [psi4.optking.molsys:874] Projected (PHP) Hessian matrix
	   0.349841

2025-07-17:13:30:37,102 INFO     [psi4.optking.opt_helper:168] 
	         Geometry (au)                                       Gradient (au)
   0.0000000000   0.0000000000   1.5312124216		   0.0000000000  -0.0000000000  -0.0015504022
   0.0000000000   0.0000000000  -1.2038488917		   0.0000000000  -0.0000000000   0.0015606038

2025-07-17:13:30:37,102 INFO     [psi4.optking.stepAlgorithms:315] 	Current Step Report 
 
	Current energy:       -79.0069131965
	Energy change for the previous step:
		Actual       :        -0.0000447697
		Projected    :        -0.0000350320

2025-07-17:13:30:37,102 INFO     [psi4.optking.stepAlgorithms:318] 	Energy ratio =    1.27797
2025-07-17:13:30:37,102 INFO     [psi4.optking.stepAlgorithms:750] 	Using RFO solution 1.
2025-07-17:13:30:37,103 INFO     [psi4.optking.displace:73] 	Determining Cartesian step for fragment 1.
2025-07-17:13:30:37,103 INFO     [psi4.optking.displace:378] 	Successfully converged to displaced geometry.
2025-07-17:13:30:37,103 INFO     [psi4.optking.displace:379] 	RMS(dx):  0.000e+00 	Max(dx):  0.000e+00 	RMS(dq):  0.000e+00
2025-07-17:13:30:37,103 INFO     [psi4.optking.displace:132] 

	        --- Internal Coordinate Step in ANG or DEG, aJ/ANG or AJ/DEG ---
	-------------------------------------------------------------------------------
	           Coordinate      Previous         Force          Change          New 
	           ----------      --------        ------          ------        ------
	               R(1,2)       1.44733        0.01282        0.00235       1.44968
	-------------------------------------------------------------------------------

2025-07-17:13:30:37,103 INFO     [psi4.optking.stepAlgorithms:96] 	|target step| :    0.0044462284
2025-07-17:13:30:37,103 INFO     [psi4.optking.stepAlgorithms:97] 	gradient     :   -0.0015555030
2025-07-17:13:30:37,103 INFO     [psi4.optking.stepAlgorithms:98] 	hessian      :    0.3498408330
2025-07-17:13:30:37,103 INFO     [psi4.optking.stepAlgorithms:177] 	Norm of achieved step-size    0.0044462284
2025-07-17:13:30:37,103 INFO     [psi4.optking.stepAlgorithms:179] 	Norm of achieved step-size (cart):    0.0031439582
2025-07-17:13:30:37,103 INFO     [psi4.optking.opt_helper:151] Molsys:

	                            ===> Fragment 1 <== 

	 Z (Atomic Numbers)          Masses                          Geom                  
	       5.000000            11.009305          0.00000000  0.00000000  1.53343554   
	       7.000000            14.003074          0.00000000  0.00000000 -1.20607201   

	 - Coordinate -           - BOHR/RAD -       - ANG/DEG -
	 R(1,2)           =         2.739508           1.449685

2025-07-17:13:30:37,103 INFO     [psi4.optking.convcheck:71] Performing convergence check.
2025-07-17:13:30:37,103 INFO     [psi4.optking.convcheck:263] 
	                                 ==> Convergence Check <==                                  
    
	Measures of convergence in internal coordinates in au.
    
	Criteria marked as inactive (o), active & met (*), and active & unmet ( ).

	----------------------------------------------------------------------------------------------
	   Step    Total Energy     Delta E     Max Force     RMS Force      Max Disp      RMS Disp   
	----------------------------------------------------------------------------------------------
	  Convergence Criteria     1.00e-06 *    3.00e-04 *             o    1.20e-03 *             o
	----------------------------------------------------------------------------------------------
	     7     -79.00691320   -4.48e-05      1.56e-03      1.56e-03 o    4.45e-03      4.45e-03 o  ~
	----------------------------------------------------------------------------------------------


2025-07-17:13:30:37,103 INFO     [psi4.optking.stepAlgorithms:266] 	Convergence check returned False
2025-07-17:13:30:37,119 INFO     [psi4.driver.task_planner:285] PLANNING Atomic:  keywords={'DAMPING_PERCENTAGE': 1.0, 'GEOM_MAXITER': 500, 'SCF__GUESS': 'READ', 'GUESS': 'SAP', 'MAXITER': 500, 'REFERENCE': 'UKS', 'function_kwargs': {}}
2025-07-17:13:30:37,120 INFO     [psi4.driver.driver:636] Compute gradient(): method=b3lyp, basis=cc-pvdz, molecule=default, nre=12.776018852648917
2025-07-17:13:30:37,918 INFO     [psi4.driver.driver:639] Return gradient(): -79.00691720498347
2025-07-17:13:30:37,918 INFO     [psi4.driver.driver:640] [[ 0.00000000  0.00000000 -0.00026279]
 [ 0.00000000  0.00000000  0.00027305]]
2025-07-17:13:30:37,919 INFO     [psi4.optking.history:257] 	Performing BFGS update.
2025-07-17:13:30:37,919 INFO     [psi4.optking.history:268] 	Using 4 previous steps for update.
2025-07-17:13:30:37,919 INFO     [psi4.optking.history:302] 	Steps to be used in Hessian update:  7 6 5 4

2025-07-17:13:30:37,920 INFO     [psi4.optking.history:400] 	Updated Hessian (in au) 
 	   0.319067

2025-07-17:13:30:37,920 INFO     [psi4.optking.molsys:874] Projected (PHP) Hessian matrix
	   0.319067

2025-07-17:13:30:37,920 INFO     [psi4.optking.opt_helper:168] 
	         Geometry (au)                                       Gradient (au)
   0.0000000000   0.0000000000   1.5337016236		   0.0000000000   0.0000000000  -0.0002627938
   0.0000000000   0.0000000000  -1.2058059181		   0.0000000000   0.0000000000   0.0002730544

2025-07-17:13:30:37,920 INFO     [psi4.optking.stepAlgorithms:315] 	Current Step Report 
 
	Current energy:       -79.0069172050
	Energy change for the previous step:
		Actual       :        -0.0000040085
		Projected    :        -0.0000034581

2025-07-17:13:30:37,920 INFO     [psi4.optking.stepAlgorithms:318] 	Energy ratio =    1.15917
2025-07-17:13:30:37,920 INFO     [psi4.optking.stepAlgorithms:750] 	Using RFO solution 1.
2025-07-17:13:30:37,920 INFO     [psi4.optking.displace:73] 	Determining Cartesian step for fragment 1.
2025-07-17:13:30:37,920 INFO     [psi4.optking.displace:378] 	Successfully converged to displaced geometry.
2025-07-17:13:30:37,920 INFO     [psi4.optking.displace:379] 	RMS(dx):  0.000e+00 	Max(dx):  0.000e+00 	RMS(dq):  0.000e+00
2025-07-17:13:30:37,920 INFO     [psi4.optking.displace:132] 

	        --- Internal Coordinate Step in ANG or DEG, aJ/ANG or AJ/DEG ---
	-------------------------------------------------------------------------------
	           Coordinate      Previous         Force          Change          New 
	           ----------      --------        ------          ------        ------
	               R(1,2)       1.44968        0.00221        0.00044       1.45013
	-------------------------------------------------------------------------------

2025-07-17:13:30:37,920 INFO     [psi4.optking.stepAlgorithms:96] 	|target step| :    0.0008397105
2025-07-17:13:30:37,920 INFO     [psi4.optking.stepAlgorithms:97] 	gradient     :   -0.0002679241
2025-07-17:13:30:37,920 INFO     [psi4.optking.stepAlgorithms:98] 	hessian      :    0.3190670140
2025-07-17:13:30:37,920 INFO     [psi4.optking.stepAlgorithms:177] 	Norm of achieved step-size    0.0008397105
2025-07-17:13:30:37,920 INFO     [psi4.optking.stepAlgorithms:179] 	Norm of achieved step-size (cart):    0.0005937650
2025-07-17:13:30:37,920 INFO     [psi4.optking.opt_helper:151] Molsys:

	                            ===> Fragment 1 <== 

	 Z (Atomic Numbers)          Masses                          Geom                  
	       5.000000            11.009305          0.00000000  0.00000000  1.53412148   
	       7.000000            14.003074          0.00000000  0.00000000 -1.20622577   

	 - Coordinate -           - BOHR/RAD -       - ANG/DEG -
	 R(1,2)           =         2.740347           1.450129

2025-07-17:13:30:37,921 INFO     [psi4.optking.convcheck:71] Performing convergence check.
2025-07-17:13:30:37,921 INFO     [psi4.optking.convcheck:263] 
	                                 ==> Convergence Check <==                                  
    
	Measures of convergence in internal coordinates in au.
    
	Criteria marked as inactive (o), active & met (*), and active & unmet ( ).

	----------------------------------------------------------------------------------------------
	   Step    Total Energy     Delta E     Max Force     RMS Force      Max Disp      RMS Disp   
	----------------------------------------------------------------------------------------------
	  Convergence Criteria     1.00e-06 *    3.00e-04 *             o    1.20e-03 *             o
	----------------------------------------------------------------------------------------------
	     8     -79.00691720   -4.01e-06      2.68e-04 *    2.68e-04 o    8.40e-04 *    8.40e-04 o  ~
	----------------------------------------------------------------------------------------------


2025-07-17:13:30:37,921 INFO     [psi4.optking.convcheck:193] 
	                      ===> Final Convergence Report <===                     

	----------------------------------------------------------------------------
	|   Required Criteria    |  One or More Criteria  |   Alternate Criteria   |
	----------------------------------------------------------------------------
	| [x]     max_force      | [ ]       max_DE       |                        |
	|                        | [x]      max_disp      |                        |
	----------------------------------------------------------------------------


2025-07-17:13:30:37,921 INFO     [psi4.optking.stepAlgorithms:266] 	Convergence check returned True
2025-07-17:13:30:37,921 INFO     [psi4.optking.optimize:286] 	Converged in 8 steps!
2025-07-17:13:30:37,921 INFO     [psi4.optking.optimize:287] 	Final energy is    -79.0069172049835
2025-07-17:13:30:37,921 INFO     [psi4.optking.optimize:288] 	Final structure (Angstroms): 
	Fragment 1 (Ang)

	    B   0.0000000000   0.0000000000   0.8118221250
	    N   0.0000000000   0.0000000000  -0.6383071902


2025-07-17:13:30:37,922 INFO     [psi4.optking.optimize:432] 	Optimization Finished

	==> Optimization Summary <==

        
	Measures of convergence in internal coordinates in au. (Any backward steps not shown.)
        
	---------------------------------------------------------------------------------------------------------------  ~
        
	 Step         Total Energy             Delta E       MAX Force       RMS Force        MAX Disp        RMS Disp   ~
        
	---------------------------------------------------------------------------------------------------------------  ~
        
	     1     -78.948210321656    -78.948210321656      0.32507152      0.32507152      0.28493664      0.28493664  ~
	     2     -79.000497367589     -0.052287045932      0.07658103      0.07658103      0.08714630      0.08714630  ~
	     3     -79.005267653381     -0.004770285792      0.03489779      0.03489779      0.04465937      0.04465937  ~
	     4     -79.006435184582     -0.001167531202      0.01784657      0.01784657      0.02419421      0.02419421  ~
	     5     -79.006766557877     -0.000331373295      0.00968257      0.00968257      0.01353445      0.01353445  ~
	     6     -79.006868426769     -0.000101868893      0.00542333      0.00542333      0.01291900      0.01291900  ~
	     7     -79.006913196510     -0.000044769741      0.00155550      0.00155550      0.00444623      0.00444623  ~
	     8     -79.006917204983     -0.000004008473      0.00026792      0.00026792      0.00083971      0.00083971  ~
	----------------------------------------------------------------------------------------------------------------


2025-07-17:13:30:37,922 INFO     [psi4.optking.optimize:640] Preparing OptimizationResult
