2025-07-17:13:15:32,239 INFO     [psi4.optking.optwrapper:214] Creating a UserComputer
2025-07-17:13:15:32,239 INFO     [psi4.optking.optwrapper:222] 
    			-----------------------------------------

    			 OPTKING 3.0: for geometry optimizations 

    			     By R.A. King, Bethel University     

    			        with contributions from          

    			    A.V. Copan, J. Cayton, A. Heide      

    			-----------------------------------------

    
2025-07-17:13:15:32,239 INFO     [psi4.optking.optwrapper:238] 
		 -- Optimization Parameters --
	accept_symmetry_breaking       =           False
	alg_geom_maxiter               =             500
	bt_dx_conv                     =           1e-07
	bt_dx_rms_change_conv          =           1e-12
	bt_max_iter                    =              25
	cart_hess_read                 =           False
	consecutive_backsteps_allowed  =               0
	conv_max_DE                    =           1e-06
	conv_max_disp                  =          0.0012
	conv_max_force                 =          0.0003
	conv_rms_disp                  =              -1
	conv_rms_force                 =              -1
	covalent_connect               =             1.3
	dynamic_level                  =               0
	dynamic_level_max              =               0
	ensure_bt_convergence          =           False
	ext_force_bend                 =              []
	ext_force_cartesian            =              []
	ext_force_dihedral             =              []
	ext_force_distance             =              []
	ext_force_oofp                 =              []
	fix_val_near_pi                =            1.57
	flexible_g_convergence         =           False
	frag_mode                      =          SINGLE
	frag_ref_atoms                 =            None
	freeze_intrafrag               =           False
	frozen_bend                    =              []
	frozen_cartesian               =              []
	frozen_dihedral                =              []
	frozen_distance                =              []
	frozen_oofp                    =              []
	full_hess_every                =              -1
	g_convergence                  =           QCHEM
	generate_intcos_exit           =           False
	geom_maxiter                   =             500
	h_bond_connect                 =             4.3
	hess_update                    =            BFGS
	hess_update_den_tol            =           1e-07
	hess_update_dq_tol             =             0.5
	hess_update_limit              =            True
	hess_update_limit_max          =             1.0
	hess_update_limit_scale        =             0.5
	hess_update_use_last           =               4
	hessian_file                   =            None
	i_max_DE                       =            True
	i_max_disp                     =            True
	i_max_force                    =            True
	i_rms_disp                     =           False
	i_rms_force                    =           False
	i_untampered                   =            True
	include_oofp                   =           False
	interfrag_collinear_tol        =            0.01
	interfrag_coords               =            None
	interfrag_dist_inv             =           False
	interfrag_mode                 =           FIXED
	interfrag_trust                =             0.5
	interfrag_trust_max            =             1.0
	interfrag_trust_min            =           0.001
	interfragment_connect          =             1.8
	intrafrag_hess                 =        SCHLEGEL
	intrafrag_trust                =             0.5
	intrafrag_trust_max            =             1.0
	intrafrag_trust_min            =           0.001
	irc_direction                  =         FORWARD
	irc_points                     =              20
	irc_step_size                  =             0.2
	keep_intcos                    =           False
	linear_bend_threshold          =            3.05
	linesearch                     =           False
	linesearch_step                =             0.1
	max_disp_g_convergence         =          0.0012
	max_energy_g_convergence       =           1e-06
	max_force_g_convergence        =          0.0003
	opt_coordinates                =       REDUNDANT
	opt_type                       =             MIN
	output_type                    =            FILE
	print_lvl                      =               1
	program                        =            psi4
	ranged_bend                    =              []
	ranged_cartesian               =              []
	ranged_dihedral                =              []
	ranged_distance                =              []
	ranged_oofp                    =              []
	redundant_eval_tol             =           1e-10
	rfo_follow_root                =           False
	rfo_normalization_max          =             100
	rfo_root                       =               0
	rms_disp_g_convergence         =          0.0012
	rms_force_g_convergence        =          0.0003
	rsrfo_alpha_max                =     100000000.0
	sd_hessian                     =             1.0
	simple_step_scaling            =           False
	small_bend_fix_threshold       =            0.35
	steepest_descent_type          =         OVERLAP
	step_type                      =             RFO
	test_B                         =           False
	test_derivative_B              =           False
	trajectory                     =           False
	v3d_tors_angle_lim             =           0.017
	v3d_tors_cos_tol               =           1e-10
	working_consecutive_backsteps  =               0
	working_steps_since_last_H     =               0


2025-07-17:13:15:32,722 INFO     [psi4.optking.opt_helper:151] Molsys:

	                            ===> Fragment 1 <== 

	 Z (Atomic Numbers)          Masses                          Geom                  
	       4.000000             9.012183          0.00000000  0.00000000  1.37970954   
	       7.000000            14.003074          0.00000000  0.00000000 -0.88796181   

	 - Coordinate -           - BOHR/RAD -       - ANG/DEG -
	 R(1,2)           =         2.267671           1.200000

2025-07-17:13:15:32,732 INFO     [psi4.driver.task_planner:285] PLANNING Atomic:  keywords={'DAMPING_PERCENTAGE': 1.0, 'GEOM_MAXITER': 500, 'GUESS': 'SAP', 'MAXITER': 500, 'REFERENCE': 'UKS', 'function_kwargs': {}}
2025-07-17:13:15:32,733 INFO     [psi4.driver.driver:636] Compute gradient(): method=b3lyp, basis=cc-pvdz, molecule=default, nre=12.347468248966669
2025-07-17:13:15:33,654 INFO     [psi4.driver.driver:639] Return gradient(): -68.76371585445659
2025-07-17:13:15:33,655 INFO     [psi4.driver.driver:640] [[ 0.00000000  0.00000000 -0.47024422]
 [-0.00000000 -0.00000000  0.47025825]]
2025-07-17:13:15:33,656 INFO     [psi4.optking.molsys:874] Projected (PHP) Hessian matrix
	   1.048231

2025-07-17:13:15:33,656 INFO     [psi4.optking.opt_helper:168] 
	         Geometry (au)                                       Gradient (au)
   0.0000000000   0.0000000000   1.3797095398		   0.0000000000   0.0000000000  -0.4702442194
   0.0000000000   0.0000000000  -0.8879618108		  -0.0000000000  -0.0000000000   0.4702582454

2025-07-17:13:15:33,656 INFO     [psi4.optking.stepAlgorithms:750] 	Using RFO solution 1.
2025-07-17:13:15:33,656 INFO     [psi4.optking.displace:73] 	Determining Cartesian step for fragment 1.
2025-07-17:13:15:33,656 INFO     [psi4.optking.displace:378] 	Successfully converged to displaced geometry.
2025-07-17:13:15:33,656 INFO     [psi4.optking.displace:379] 	RMS(dx):  0.000e+00 	Max(dx):  0.000e+00 	RMS(dq):  0.000e+00
2025-07-17:13:15:33,656 INFO     [psi4.optking.displace:132] 

	        --- Internal Coordinate Step in ANG or DEG, aJ/ANG or AJ/DEG ---
	-------------------------------------------------------------------------------
	           Coordinate      Previous         Force          Change          New 
	           ----------      --------        ------          ------        ------
	               R(1,2)       1.20000        3.87427        0.20260       1.40260
	-------------------------------------------------------------------------------

2025-07-17:13:15:33,656 INFO     [psi4.optking.stepAlgorithms:96] 	|target step| :    0.3828567155
2025-07-17:13:15:33,656 INFO     [psi4.optking.stepAlgorithms:97] 	gradient     :   -0.4702512324
2025-07-17:13:15:33,657 INFO     [psi4.optking.stepAlgorithms:98] 	hessian      :    1.0482306732
2025-07-17:13:15:33,657 INFO     [psi4.optking.stepAlgorithms:177] 	Norm of achieved step-size    0.3828567155
2025-07-17:13:15:33,657 INFO     [psi4.optking.stepAlgorithms:179] 	Norm of achieved step-size (cart):    0.2707205797
2025-07-17:13:15:33,657 INFO     [psi4.optking.opt_helper:151] Molsys:

	                            ===> Fragment 1 <== 

	 Z (Atomic Numbers)          Masses                          Geom                  
	       4.000000             9.012183          0.00000000  0.00000000  1.57113790   
	       7.000000            14.003074          0.00000000  0.00000000 -1.07939017   

	 - Coordinate -           - BOHR/RAD -       - ANG/DEG -
	 R(1,2)           =         2.650528           1.402599

2025-07-17:13:15:33,657 INFO     [psi4.optking.convcheck:71] Performing convergence check.
2025-07-17:13:15:33,657 INFO     [psi4.optking.convcheck:263] 
	                                 ==> Convergence Check <==                                  
    
	Measures of convergence in internal coordinates in au.
    
	Criteria marked as inactive (o), active & met (*), and active & unmet ( ).

	----------------------------------------------------------------------------------------------
	   Step    Total Energy     Delta E     Max Force     RMS Force      Max Disp      RMS Disp   
	----------------------------------------------------------------------------------------------
	  Convergence Criteria     1.00e-06 *    3.00e-04 *             o    1.20e-03 *             o
	----------------------------------------------------------------------------------------------
	     1     -68.76371585   -6.88e+01      4.70e-01      4.70e-01 o    3.83e-01      3.83e-01 o  ~
	----------------------------------------------------------------------------------------------


2025-07-17:13:15:33,657 INFO     [psi4.optking.stepAlgorithms:266] 	Convergence check returned False
2025-07-17:13:15:33,672 INFO     [psi4.driver.task_planner:285] PLANNING Atomic:  keywords={'DAMPING_PERCENTAGE': 1.0, 'GEOM_MAXITER': 500, 'SCF__GUESS': 'READ', 'GUESS': 'SAP', 'MAXITER': 500, 'REFERENCE': 'UKS', 'function_kwargs': {}}
2025-07-17:13:15:33,674 INFO     [psi4.driver.driver:636] Compute gradient(): method=b3lyp, basis=cc-pvdz, molecule=default, nre=10.563932658985191
2025-07-17:13:15:34,426 INFO     [psi4.driver.driver:639] Return gradient(): -68.87744329262051
2025-07-17:13:15:34,426 INFO     [psi4.driver.driver:640] [[ 0.00000000  0.00000000 -0.17050035]
 [ 0.00000000  0.00000000  0.17051291]]
2025-07-17:13:15:34,427 INFO     [psi4.optking.history:257] 	Performing BFGS update.
2025-07-17:13:15:34,427 INFO     [psi4.optking.history:268] 	Using 1 previous steps for update.
2025-07-17:13:15:34,427 INFO     [psi4.optking.history:302] 	Steps to be used in Hessian update:  1

2025-07-17:13:15:34,427 INFO     [psi4.optking.history:400] 	Updated Hessian (in au) 
 	   0.782916

2025-07-17:13:15:34,427 INFO     [psi4.optking.molsys:874] Projected (PHP) Hessian matrix
	   0.782916

2025-07-17:13:15:34,427 INFO     [psi4.optking.opt_helper:168] 
	         Geometry (au)                                       Gradient (au)
   0.0000000000   0.0000000000   1.6126494067		   0.0000000000   0.0000000000  -0.1705003476
   0.0000000000   0.0000000000  -1.0378786593		   0.0000000000   0.0000000000   0.1705129104

2025-07-17:13:15:34,427 INFO     [psi4.optking.stepAlgorithms:315] 	Current Step Report 
 
	Current energy:       -68.8774432926
	Energy change for the previous step:
		Actual       :        -0.1137274382
		Projected    :        -0.0900194211

2025-07-17:13:15:34,427 INFO     [psi4.optking.stepAlgorithms:318] 	Energy ratio =    1.26337
2025-07-17:13:15:34,427 INFO     [psi4.optking.stepAlgorithms:346] 	Energy ratio indicates good step.
2025-07-17:13:15:34,428 INFO     [psi4.optking.stepAlgorithms:347] 	Intrafrag trust radius increased to 1.000e+00.
2025-07-17:13:15:34,428 INFO     [psi4.optking.stepAlgorithms:750] 	Using RFO solution 1.
2025-07-17:13:15:34,428 INFO     [psi4.optking.displace:73] 	Determining Cartesian step for fragment 1.
2025-07-17:13:15:34,428 INFO     [psi4.optking.displace:378] 	Successfully converged to displaced geometry.
2025-07-17:13:15:34,428 INFO     [psi4.optking.displace:379] 	RMS(dx):  1.282e-16 	Max(dx):  2.220e-16 	RMS(dq):  4.441e-16
2025-07-17:13:15:34,428 INFO     [psi4.optking.displace:132] 

	        --- Internal Coordinate Step in ANG or DEG, aJ/ANG or AJ/DEG ---
	-------------------------------------------------------------------------------
	           Coordinate      Previous         Force          Change          New 
	           ----------      --------        ------          ------        ------
	               R(1,2)       1.40260        1.40476        0.11024       1.51284
	-------------------------------------------------------------------------------

2025-07-17:13:15:34,428 INFO     [psi4.optking.stepAlgorithms:96] 	|target step| :    0.2083318017
2025-07-17:13:15:34,428 INFO     [psi4.optking.stepAlgorithms:97] 	gradient     :   -0.1705066290
2025-07-17:13:15:34,428 INFO     [psi4.optking.stepAlgorithms:98] 	hessian      :    0.7829158829
2025-07-17:13:15:34,428 INFO     [psi4.optking.stepAlgorithms:177] 	Norm of achieved step-size    0.2083318017
2025-07-17:13:15:34,428 INFO     [psi4.optking.stepAlgorithms:179] 	Norm of achieved step-size (cart):    0.1473128297
2025-07-17:13:15:34,428 INFO     [psi4.optking.opt_helper:151] Molsys:

	                            ===> Fragment 1 <== 

	 Z (Atomic Numbers)          Masses                          Geom                  
	       4.000000             9.012183          0.00000000  0.00000000  1.71681531   
	       7.000000            14.003074          0.00000000  0.00000000 -1.14204456   

	 - Coordinate -           - BOHR/RAD -       - ANG/DEG -
	 R(1,2)           =         2.858860           1.512843

2025-07-17:13:15:34,428 INFO     [psi4.optking.convcheck:71] Performing convergence check.
2025-07-17:13:15:34,428 INFO     [psi4.optking.convcheck:263] 
	                                 ==> Convergence Check <==                                  
    
	Measures of convergence in internal coordinates in au.
    
	Criteria marked as inactive (o), active & met (*), and active & unmet ( ).

	----------------------------------------------------------------------------------------------
	   Step    Total Energy     Delta E     Max Force     RMS Force      Max Disp      RMS Disp   
	----------------------------------------------------------------------------------------------
	  Convergence Criteria     1.00e-06 *    3.00e-04 *             o    1.20e-03 *             o
	----------------------------------------------------------------------------------------------
	     2     -68.87744329   -1.14e-01      1.71e-01      1.71e-01 o    2.08e-01      2.08e-01 o  ~
	----------------------------------------------------------------------------------------------


2025-07-17:13:15:34,428 INFO     [psi4.optking.stepAlgorithms:266] 	Convergence check returned False
2025-07-17:13:15:34,444 INFO     [psi4.driver.task_planner:285] PLANNING Atomic:  keywords={'DAMPING_PERCENTAGE': 1.0, 'GEOM_MAXITER': 500, 'SCF__GUESS': 'READ', 'GUESS': 'SAP', 'MAXITER': 500, 'REFERENCE': 'UKS', 'function_kwargs': {}}
2025-07-17:13:15:34,445 INFO     [psi4.driver.driver:636] Compute gradient(): method=b3lyp, basis=cc-pvdz, molecule=default, nre=9.794114190732714
2025-07-17:13:15:35,209 INFO     [psi4.driver.driver:639] Return gradient(): -68.90441978841307
2025-07-17:13:15:35,210 INFO     [psi4.driver.driver:640] [[ 0.00000000 -0.00000000 -0.09525105]
 [ 0.00000000  0.00000000  0.09527186]]
2025-07-17:13:15:35,212 INFO     [psi4.optking.history:257] 	Performing BFGS update.
2025-07-17:13:15:35,212 INFO     [psi4.optking.history:268] 	Using 2 previous steps for update.
2025-07-17:13:15:35,212 WARNING  [psi4.optking.history:286] 	Change in internal coordinate of 5.91e-01 exceeds limit of 5.00e-01.
2025-07-17:13:15:35,212 WARNING  [psi4.optking.history:291] 	Skipping Hessian update for step 1.
2025-07-17:13:15:35,212 INFO     [psi4.optking.history:302] 	Steps to be used in Hessian update:  2

2025-07-17:13:15:35,213 INFO     [psi4.optking.history:400] 	Updated Hessian (in au) 
 	   0.361179

2025-07-17:13:15:35,213 INFO     [psi4.optking.molsys:874] Projected (PHP) Hessian matrix
	   0.361179

2025-07-17:13:15:35,213 INFO     [psi4.optking.opt_helper:168] 
	         Geometry (au)                                       Gradient (au)
   0.0000000000   0.0000000000   1.7394038301		   0.0000000000  -0.0000000000  -0.0952510521
   0.0000000000   0.0000000000  -1.1194560377		   0.0000000000   0.0000000000   0.0952718648

2025-07-17:13:15:35,213 INFO     [psi4.optking.stepAlgorithms:315] 	Current Step Report 
 
	Current energy:       -68.9044197884
	Energy change for the previous step:
		Actual       :        -0.0269764958
		Projected    :        -0.0177609766

2025-07-17:13:15:35,213 INFO     [psi4.optking.stepAlgorithms:318] 	Energy ratio =    1.51886
2025-07-17:13:15:35,213 INFO     [psi4.optking.stepAlgorithms:750] 	Using RFO solution 1.
2025-07-17:13:15:35,213 INFO     [psi4.optking.displace:73] 	Determining Cartesian step for fragment 1.
2025-07-17:13:15:35,214 INFO     [psi4.optking.displace:378] 	Successfully converged to displaced geometry.
2025-07-17:13:15:35,214 INFO     [psi4.optking.displace:379] 	RMS(dx):  0.000e+00 	Max(dx):  0.000e+00 	RMS(dq):  0.000e+00
2025-07-17:13:15:35,214 INFO     [psi4.optking.displace:132] 

	        --- Internal Coordinate Step in ANG or DEG, aJ/ANG or AJ/DEG ---
	-------------------------------------------------------------------------------
	           Coordinate      Previous         Force          Change          New 
	           ----------      --------        ------          ------        ------
	               R(1,2)       1.51284        0.78483        0.13102       1.64386
	-------------------------------------------------------------------------------

2025-07-17:13:15:35,214 INFO     [psi4.optking.stepAlgorithms:96] 	|target step| :    0.2475837018
2025-07-17:13:15:35,214 INFO     [psi4.optking.stepAlgorithms:97] 	gradient     :   -0.0952614585
2025-07-17:13:15:35,214 INFO     [psi4.optking.stepAlgorithms:98] 	hessian      :    0.3611794739
2025-07-17:13:15:35,214 INFO     [psi4.optking.stepAlgorithms:177] 	Norm of achieved step-size    0.2475837018
2025-07-17:13:15:35,214 INFO     [psi4.optking.stepAlgorithms:179] 	Norm of achieved step-size (cart):    0.1750681145
2025-07-17:13:15:35,214 INFO     [psi4.optking.opt_helper:151] Molsys:

	                            ===> Fragment 1 <== 

	 Z (Atomic Numbers)          Masses                          Geom                  
	       4.000000             9.012183          0.00000000  0.00000000  1.86319568   
	       7.000000            14.003074          0.00000000  0.00000000 -1.24324789   

	 - Coordinate -           - BOHR/RAD -       - ANG/DEG -
	 R(1,2)           =         3.106444           1.643859

2025-07-17:13:15:35,215 INFO     [psi4.optking.convcheck:71] Performing convergence check.
2025-07-17:13:15:35,215 INFO     [psi4.optking.convcheck:263] 
	                                 ==> Convergence Check <==                                  
    
	Measures of convergence in internal coordinates in au.
    
	Criteria marked as inactive (o), active & met (*), and active & unmet ( ).

	----------------------------------------------------------------------------------------------
	   Step    Total Energy     Delta E     Max Force     RMS Force      Max Disp      RMS Disp   
	----------------------------------------------------------------------------------------------
	  Convergence Criteria     1.00e-06 *    3.00e-04 *             o    1.20e-03 *             o
	----------------------------------------------------------------------------------------------
	     3     -68.90441979   -2.70e-02      9.53e-02      9.53e-02 o    2.48e-01      2.48e-01 o  ~
	----------------------------------------------------------------------------------------------


2025-07-17:13:15:35,215 INFO     [psi4.optking.stepAlgorithms:266] 	Convergence check returned False
2025-07-17:13:15:35,234 INFO     [psi4.driver.task_planner:285] PLANNING Atomic:  keywords={'DAMPING_PERCENTAGE': 1.0, 'GEOM_MAXITER': 500, 'SCF__GUESS': 'READ', 'GUESS': 'SAP', 'MAXITER': 500, 'REFERENCE': 'UKS', 'function_kwargs': {}}
2025-07-17:13:15:35,235 INFO     [psi4.driver.driver:636] Compute gradient(): method=b3lyp, basis=cc-pvdz, molecule=default, nre=9.013522818947655
2025-07-17:13:15:36,41 INFO     [psi4.driver.driver:639] Return gradient(): -68.92125331922071
2025-07-17:13:15:36,42 INFO     [psi4.driver.driver:640] [[ 0.00000000  0.00000000 -0.04614477]
 [ 0.00000000  0.00000000  0.04616064]]
2025-07-17:13:15:36,43 INFO     [psi4.optking.history:257] 	Performing BFGS update.
2025-07-17:13:15:36,43 INFO     [psi4.optking.history:268] 	Using 3 previous steps for update.
2025-07-17:13:15:36,43 WARNING  [psi4.optking.history:286] 	Change in internal coordinate of 8.39e-01 exceeds limit of 5.00e-01.
2025-07-17:13:15:36,43 WARNING  [psi4.optking.history:291] 	Skipping Hessian update for step 1.
2025-07-17:13:15:36,43 INFO     [psi4.optking.history:302] 	Steps to be used in Hessian update:  3 2

2025-07-17:13:15:36,43 INFO     [psi4.optking.history:400] 	Updated Hessian (in au) 
 	   0.272757

2025-07-17:13:15:36,43 INFO     [psi4.optking.molsys:874] Projected (PHP) Hessian matrix
	   0.272757

2025-07-17:13:15:36,43 INFO     [psi4.optking.opt_helper:168] 
	         Geometry (au)                                       Gradient (au)
   0.0000000000   0.0000000000   1.8900401183		   0.0000000000   0.0000000000  -0.0461447687
   0.0000000000   0.0000000000  -1.2164034512		   0.0000000000   0.0000000000   0.0461606391

2025-07-17:13:15:36,43 INFO     [psi4.optking.stepAlgorithms:315] 	Current Step Report 
 
	Current energy:       -68.9212533192
	Energy change for the previous step:
		Actual       :        -0.0168335308
		Projected    :        -0.0117925923

2025-07-17:13:15:36,43 INFO     [psi4.optking.stepAlgorithms:318] 	Energy ratio =    1.42747
2025-07-17:13:15:36,44 INFO     [psi4.optking.stepAlgorithms:750] 	Using RFO solution 1.
2025-07-17:13:15:36,44 INFO     [psi4.optking.displace:73] 	Determining Cartesian step for fragment 1.
2025-07-17:13:15:36,44 INFO     [psi4.optking.displace:378] 	Successfully converged to displaced geometry.
2025-07-17:13:15:36,44 INFO     [psi4.optking.displace:379] 	RMS(dx):  0.000e+00 	Max(dx):  0.000e+00 	RMS(dq):  0.000e+00
2025-07-17:13:15:36,44 INFO     [psi4.optking.displace:132] 

	        --- Internal Coordinate Step in ANG or DEG, aJ/ANG or AJ/DEG ---
	-------------------------------------------------------------------------------
	           Coordinate      Previous         Force          Change          New 
	           ----------      --------        ------          ------        ------
	               R(1,2)       1.64386        0.38024        0.08711       1.73097
	-------------------------------------------------------------------------------

2025-07-17:13:15:36,44 INFO     [psi4.optking.stepAlgorithms:96] 	|target step| :    0.1646227766
2025-07-17:13:15:36,44 INFO     [psi4.optking.stepAlgorithms:97] 	gradient     :   -0.0461527039
2025-07-17:13:15:36,44 INFO     [psi4.optking.stepAlgorithms:98] 	hessian      :    0.2727565176
2025-07-17:13:15:36,44 INFO     [psi4.optking.stepAlgorithms:177] 	Norm of achieved step-size    0.1646227766
2025-07-17:13:15:36,44 INFO     [psi4.optking.stepAlgorithms:179] 	Norm of achieved step-size (cart):    0.1164058816
2025-07-17:13:15:36,44 INFO     [psi4.optking.opt_helper:151] Molsys:

	                            ===> Fragment 1 <== 

	 Z (Atomic Numbers)          Masses                          Geom                  
	       4.000000             9.012183          0.00000000  0.00000000  1.97235151   
	       7.000000            14.003074          0.00000000  0.00000000 -1.29871484   

	 - Coordinate -           - BOHR/RAD -       - ANG/DEG -
	 R(1,2)           =         3.271066           1.730974

2025-07-17:13:15:36,44 INFO     [psi4.optking.convcheck:71] Performing convergence check.
2025-07-17:13:15:36,44 INFO     [psi4.optking.convcheck:263] 
	                                 ==> Convergence Check <==                                  
    
	Measures of convergence in internal coordinates in au.
    
	Criteria marked as inactive (o), active & met (*), and active & unmet ( ).

	----------------------------------------------------------------------------------------------
	   Step    Total Energy     Delta E     Max Force     RMS Force      Max Disp      RMS Disp   
	----------------------------------------------------------------------------------------------
	  Convergence Criteria     1.00e-06 *    3.00e-04 *             o    1.20e-03 *             o
	----------------------------------------------------------------------------------------------
	     4     -68.92125332   -1.68e-02      4.62e-02      4.62e-02 o    1.65e-01      1.65e-01 o  ~
	----------------------------------------------------------------------------------------------


2025-07-17:13:15:36,44 INFO     [psi4.optking.stepAlgorithms:266] 	Convergence check returned False
2025-07-17:13:15:36,56 INFO     [psi4.driver.task_planner:285] PLANNING Atomic:  keywords={'DAMPING_PERCENTAGE': 1.0, 'GEOM_MAXITER': 500, 'SCF__GUESS': 'READ', 'GUESS': 'SAP', 'MAXITER': 500, 'REFERENCE': 'UKS', 'function_kwargs': {}}
2025-07-17:13:15:36,57 INFO     [psi4.driver.driver:636] Compute gradient(): method=b3lyp, basis=cc-pvdz, molecule=default, nre=8.559899750494903
2025-07-17:13:15:36,859 INFO     [psi4.driver.driver:639] Return gradient(): -68.92721730828872
2025-07-17:13:15:36,859 INFO     [psi4.driver.driver:640] [[ 0.00000000  0.00000000 -0.02768767]
 [ 0.00000000  0.00000000  0.02770455]]
2025-07-17:13:15:36,862 INFO     [psi4.optking.history:257] 	Performing BFGS update.
2025-07-17:13:15:36,862 INFO     [psi4.optking.history:268] 	Using 4 previous steps for update.
2025-07-17:13:15:36,862 WARNING  [psi4.optking.history:286] 	Change in internal coordinate of 6.21e-01 exceeds limit of 5.00e-01.
2025-07-17:13:15:36,862 WARNING  [psi4.optking.history:291] 	Skipping Hessian update for step 2.
2025-07-17:13:15:36,862 WARNING  [psi4.optking.history:286] 	Change in internal coordinate of 1.00e+00 exceeds limit of 5.00e-01.
2025-07-17:13:15:36,862 WARNING  [psi4.optking.history:291] 	Skipping Hessian update for step 1.
2025-07-17:13:15:36,862 INFO     [psi4.optking.history:302] 	Steps to be used in Hessian update:  4 3

2025-07-17:13:15:36,862 INFO     [psi4.optking.history:400] 	Updated Hessian (in au) 
 	   0.163911

2025-07-17:13:15:36,863 INFO     [psi4.optking.molsys:874] Projected (PHP) Hessian matrix
	   0.163911

2025-07-17:13:15:36,863 INFO     [psi4.optking.opt_helper:168] 
	         Geometry (au)                                       Gradient (au)
   0.0000000000   0.0000000000   1.9902008472		   0.0000000000   0.0000000000  -0.0276876692
   0.0000000000   0.0000000000  -1.2808654989		   0.0000000000   0.0000000000   0.0277045482

2025-07-17:13:15:36,863 INFO     [psi4.optking.stepAlgorithms:315] 	Current Step Report 
 
	Current energy:       -68.9272173083
	Energy change for the previous step:
		Actual       :        -0.0059639891
		Projected    :        -0.0037988931

2025-07-17:13:15:36,863 INFO     [psi4.optking.stepAlgorithms:318] 	Energy ratio =    1.56993
2025-07-17:13:15:36,863 INFO     [psi4.optking.stepAlgorithms:750] 	Using RFO solution 1.
2025-07-17:13:15:36,863 INFO     [psi4.optking.displace:73] 	Determining Cartesian step for fragment 1.
2025-07-17:13:15:36,863 INFO     [psi4.optking.displace:378] 	Successfully converged to displaced geometry.
2025-07-17:13:15:36,863 INFO     [psi4.optking.displace:379] 	RMS(dx):  0.000e+00 	Max(dx):  0.000e+00 	RMS(dq):  0.000e+00
2025-07-17:13:15:36,864 INFO     [psi4.optking.displace:132] 

	        --- Internal Coordinate Step in ANG or DEG, aJ/ANG or AJ/DEG ---
	-------------------------------------------------------------------------------
	           Coordinate      Previous         Force          Change          New 
	           ----------      --------        ------          ------        ------
	               R(1,2)       1.73097        0.22818        0.08700       1.81797
	-------------------------------------------------------------------------------

2025-07-17:13:15:36,864 INFO     [psi4.optking.stepAlgorithms:96] 	|target step| :    0.1644029957
2025-07-17:13:15:36,864 INFO     [psi4.optking.stepAlgorithms:97] 	gradient     :   -0.0276961087
2025-07-17:13:15:36,864 INFO     [psi4.optking.stepAlgorithms:98] 	hessian      :    0.1639114214
2025-07-17:13:15:36,864 INFO     [psi4.optking.stepAlgorithms:177] 	Norm of achieved step-size    0.1644029957
2025-07-17:13:15:36,864 INFO     [psi4.optking.stepAlgorithms:179] 	Norm of achieved step-size (cart):    0.1162504731
2025-07-17:13:15:36,867 INFO     [psi4.optking.opt_helper:151] Molsys:

	                            ===> Fragment 1 <== 

	 Z (Atomic Numbers)          Masses                          Geom                  
	       4.000000             9.012183          0.00000000  0.00000000  2.07240235   
	       7.000000            14.003074          0.00000000  0.00000000 -1.36306700   

	 - Coordinate -           - BOHR/RAD -       - ANG/DEG -
	 R(1,2)           =         3.435469           1.817972

2025-07-17:13:15:36,867 INFO     [psi4.optking.convcheck:71] Performing convergence check.
2025-07-17:13:15:36,868 INFO     [psi4.optking.convcheck:263] 
	                                 ==> Convergence Check <==                                  
    
	Measures of convergence in internal coordinates in au.
    
	Criteria marked as inactive (o), active & met (*), and active & unmet ( ).

	----------------------------------------------------------------------------------------------
	   Step    Total Energy     Delta E     Max Force     RMS Force      Max Disp      RMS Disp   
	----------------------------------------------------------------------------------------------
	  Convergence Criteria     1.00e-06 *    3.00e-04 *             o    1.20e-03 *             o
	----------------------------------------------------------------------------------------------
	     5     -68.92721731   -5.96e-03      2.77e-02      2.77e-02 o    1.64e-01      1.64e-01 o  ~
	----------------------------------------------------------------------------------------------


2025-07-17:13:15:36,868 INFO     [psi4.optking.stepAlgorithms:266] 	Convergence check returned False
2025-07-17:13:15:36,879 INFO     [psi4.driver.task_planner:285] PLANNING Atomic:  keywords={'DAMPING_PERCENTAGE': 1.0, 'GEOM_MAXITER': 500, 'SCF__GUESS': 'READ', 'GUESS': 'SAP', 'MAXITER': 500, 'REFERENCE': 'UKS', 'function_kwargs': {}}
2025-07-17:13:15:36,880 INFO     [psi4.driver.driver:636] Compute gradient(): method=b3lyp, basis=cc-pvdz, molecule=default, nre=8.150269210349471
2025-07-17:13:15:37,721 INFO     [psi4.driver.driver:639] Return gradient(): -68.93073590053662
2025-07-17:13:15:37,721 INFO     [psi4.driver.driver:640] [[ 0.00000000 -0.00000000 -0.01600872]
 [ 0.00000000 -0.00000000  0.01602025]]
2025-07-17:13:15:37,723 INFO     [psi4.optking.history:257] 	Performing BFGS update.
2025-07-17:13:15:37,723 INFO     [psi4.optking.history:268] 	Using 4 previous steps for update.
2025-07-17:13:15:37,723 WARNING  [psi4.optking.history:286] 	Change in internal coordinate of 5.77e-01 exceeds limit of 5.00e-01.
2025-07-17:13:15:37,723 WARNING  [psi4.optking.history:291] 	Skipping Hessian update for step 3.
2025-07-17:13:15:37,723 WARNING  [psi4.optking.history:286] 	Change in internal coordinate of 7.85e-01 exceeds limit of 5.00e-01.
2025-07-17:13:15:37,724 WARNING  [psi4.optking.history:291] 	Skipping Hessian update for step 2.
2025-07-17:13:15:37,724 WARNING  [psi4.optking.history:286] 	Change in internal coordinate of 1.17e+00 exceeds limit of 5.00e-01.
2025-07-17:13:15:37,724 WARNING  [psi4.optking.history:291] 	Skipping Hessian update for step 1.
2025-07-17:13:15:37,724 INFO     [psi4.optking.history:302] 	Steps to be used in Hessian update:  5 4

2025-07-17:13:15:37,724 INFO     [psi4.optking.history:400] 	Updated Hessian (in au) 
 	   0.091598

2025-07-17:13:15:37,724 INFO     [psi4.optking.molsys:874] Projected (PHP) Hessian matrix
	   0.091598

2025-07-17:13:15:37,724 INFO     [psi4.optking.opt_helper:168] 
	         Geometry (au)                                       Gradient (au)
   0.0000000000   0.0000000000   2.0902278558		   0.0000000000  -0.0000000000  -0.0160087220
   0.0000000000   0.0000000000  -1.3452414861		   0.0000000000  -0.0000000000   0.0160202524

2025-07-17:13:15:37,724 INFO     [psi4.optking.stepAlgorithms:315] 	Current Step Report 
 
	Current energy:       -68.9307359005
	Energy change for the previous step:
		Actual       :        -0.0035185922
		Projected    :        -0.0022766616

2025-07-17:13:15:37,724 INFO     [psi4.optking.stepAlgorithms:318] 	Energy ratio =    1.54551
2025-07-17:13:15:37,725 INFO     [psi4.optking.stepAlgorithms:750] 	Using RFO solution 1.
2025-07-17:13:15:37,725 INFO     [psi4.optking.displace:73] 	Determining Cartesian step for fragment 1.
2025-07-17:13:15:37,725 INFO     [psi4.optking.displace:378] 	Successfully converged to displaced geometry.
2025-07-17:13:15:37,725 INFO     [psi4.optking.displace:379] 	RMS(dx):  0.000e+00 	Max(dx):  0.000e+00 	RMS(dq):  0.000e+00
2025-07-17:13:15:37,725 INFO     [psi4.optking.displace:132] 

	        --- Internal Coordinate Step in ANG or DEG, aJ/ANG or AJ/DEG ---
	-------------------------------------------------------------------------------
	           Coordinate      Previous         Force          Change          New 
	           ----------      --------        ------          ------        ------
	               R(1,2)       1.81797        0.13194        0.08985       1.90782
	-------------------------------------------------------------------------------

2025-07-17:13:15:37,725 INFO     [psi4.optking.stepAlgorithms:96] 	|target step| :    0.1697933801
2025-07-17:13:15:37,725 INFO     [psi4.optking.stepAlgorithms:97] 	gradient     :   -0.0160144872
2025-07-17:13:15:37,725 INFO     [psi4.optking.stepAlgorithms:98] 	hessian      :    0.0915983466
2025-07-17:13:15:37,725 INFO     [psi4.optking.stepAlgorithms:177] 	Norm of achieved step-size    0.1697933801
2025-07-17:13:15:37,725 INFO     [psi4.optking.stepAlgorithms:179] 	Norm of achieved step-size (cart):    0.1200620505
2025-07-17:13:15:37,726 INFO     [psi4.optking.opt_helper:151] Molsys:

	                            ===> Fragment 1 <== 

	 Z (Atomic Numbers)          Masses                          Geom                  
	       4.000000             9.012183          0.00000000  0.00000000  2.17512455   
	       7.000000            14.003074          0.00000000  0.00000000 -1.43013818   

	 - Coordinate -           - BOHR/RAD -       - ANG/DEG -
	 R(1,2)           =         3.605263           1.907823

2025-07-17:13:15:37,726 INFO     [psi4.optking.convcheck:71] Performing convergence check.
2025-07-17:13:15:37,726 INFO     [psi4.optking.convcheck:263] 
	                                 ==> Convergence Check <==                                  
    
	Measures of convergence in internal coordinates in au.
    
	Criteria marked as inactive (o), active & met (*), and active & unmet ( ).

	----------------------------------------------------------------------------------------------
	   Step    Total Energy     Delta E     Max Force     RMS Force      Max Disp      RMS Disp   
	----------------------------------------------------------------------------------------------
	  Convergence Criteria     1.00e-06 *    3.00e-04 *             o    1.20e-03 *             o
	----------------------------------------------------------------------------------------------
	     6     -68.93073590   -3.52e-03      1.60e-02      1.60e-02 o    1.70e-01      1.70e-01 o  ~
	----------------------------------------------------------------------------------------------


2025-07-17:13:15:37,726 INFO     [psi4.optking.stepAlgorithms:266] 	Convergence check returned False
2025-07-17:13:15:37,739 INFO     [psi4.driver.task_planner:285] PLANNING Atomic:  keywords={'DAMPING_PERCENTAGE': 1.0, 'GEOM_MAXITER': 500, 'SCF__GUESS': 'READ', 'GUESS': 'SAP', 'MAXITER': 500, 'REFERENCE': 'UKS', 'function_kwargs': {}}
2025-07-17:13:15:37,740 INFO     [psi4.driver.driver:636] Compute gradient(): method=b3lyp, basis=cc-pvdz, molecule=default, nre=7.766424296794838
2025-07-17:13:15:38,556 INFO     [psi4.driver.driver:639] Return gradient(): -68.9327620703821
2025-07-17:13:15:38,556 INFO     [psi4.driver.driver:640] [[ 0.00000000  0.00000000 -0.00847274]
 [ 0.00000000  0.00000000  0.00848994]]
2025-07-17:13:15:38,558 INFO     [psi4.optking.history:257] 	Performing BFGS update.
2025-07-17:13:15:38,558 INFO     [psi4.optking.history:268] 	Using 4 previous steps for update.
2025-07-17:13:15:38,558 WARNING  [psi4.optking.history:286] 	Change in internal coordinate of 7.46e-01 exceeds limit of 5.00e-01.
2025-07-17:13:15:38,558 WARNING  [psi4.optking.history:291] 	Skipping Hessian update for step 3.
2025-07-17:13:15:38,558 WARNING  [psi4.optking.history:286] 	Change in internal coordinate of 9.55e-01 exceeds limit of 5.00e-01.
2025-07-17:13:15:38,558 WARNING  [psi4.optking.history:291] 	Skipping Hessian update for step 2.
2025-07-17:13:15:38,558 WARNING  [psi4.optking.history:286] 	Change in internal coordinate of 1.34e+00 exceeds limit of 5.00e-01.
2025-07-17:13:15:38,558 WARNING  [psi4.optking.history:291] 	Skipping Hessian update for step 1.
2025-07-17:13:15:38,558 INFO     [psi4.optking.history:302] 	Steps to be used in Hessian update:  6 5 4

2025-07-17:13:15:38,558 INFO     [psi4.optking.history:400] 	Updated Hessian (in au) 
 	   0.075521

2025-07-17:13:15:38,558 INFO     [psi4.optking.molsys:874] Projected (PHP) Hessian matrix
	   0.075521

2025-07-17:13:15:38,559 INFO     [psi4.optking.opt_helper:168] 
	         Geometry (au)                                       Gradient (au)
   0.0000000000   0.0000000000   2.1935345127		   0.0000000000   0.0000000000  -0.0084727392
   0.0000000000   0.0000000000  -1.4117282092		   0.0000000000   0.0000000000   0.0084899433

2025-07-17:13:15:38,559 INFO     [psi4.optking.stepAlgorithms:315] 	Current Step Report 
 
	Current energy:       -68.9327620704
	Energy change for the previous step:
		Actual       :        -0.0020261698
		Projected    :        -0.0013595770

2025-07-17:13:15:38,559 INFO     [psi4.optking.stepAlgorithms:318] 	Energy ratio =    1.49029
2025-07-17:13:15:38,559 INFO     [psi4.optking.stepAlgorithms:750] 	Using RFO solution 1.
2025-07-17:13:15:38,559 INFO     [psi4.optking.displace:73] 	Determining Cartesian step for fragment 1.
2025-07-17:13:15:38,559 INFO     [psi4.optking.displace:378] 	Successfully converged to displaced geometry.
2025-07-17:13:15:38,559 INFO     [psi4.optking.displace:379] 	RMS(dx):  0.000e+00 	Max(dx):  0.000e+00 	RMS(dq):  0.000e+00
2025-07-17:13:15:38,559 INFO     [psi4.optking.displace:132] 

	        --- Internal Coordinate Step in ANG or DEG, aJ/ANG or AJ/DEG ---
	-------------------------------------------------------------------------------
	           Coordinate      Previous         Force          Change          New 
	           ----------      --------        ------          ------        ------
	               R(1,2)       1.90782        0.06988        0.05870       1.96652
	-------------------------------------------------------------------------------

2025-07-17:13:15:38,559 INFO     [psi4.optking.stepAlgorithms:96] 	|target step| :    0.1109225150
2025-07-17:13:15:38,559 INFO     [psi4.optking.stepAlgorithms:97] 	gradient     :   -0.0084813412
2025-07-17:13:15:38,559 INFO     [psi4.optking.stepAlgorithms:98] 	hessian      :    0.0755210831
2025-07-17:13:15:38,559 INFO     [psi4.optking.stepAlgorithms:177] 	Norm of achieved step-size    0.1109225150
2025-07-17:13:15:38,559 INFO     [psi4.optking.stepAlgorithms:179] 	Norm of achieved step-size (cart):    0.0784340626
2025-07-17:13:15:38,559 INFO     [psi4.optking.opt_helper:151] Molsys:

	                            ===> Fragment 1 <== 

	 Z (Atomic Numbers)          Masses                          Geom                  
	       4.000000             9.012183          0.00000000  0.00000000  2.24899577   
	       7.000000            14.003074          0.00000000  0.00000000 -1.46718947   

	 - Coordinate -           - BOHR/RAD -       - ANG/DEG -
	 R(1,2)           =         3.716185           1.966521

2025-07-17:13:15:38,559 INFO     [psi4.optking.convcheck:71] Performing convergence check.
2025-07-17:13:15:38,560 INFO     [psi4.optking.convcheck:263] 
	                                 ==> Convergence Check <==                                  
    
	Measures of convergence in internal coordinates in au.
    
	Criteria marked as inactive (o), active & met (*), and active & unmet ( ).

	----------------------------------------------------------------------------------------------
	   Step    Total Energy     Delta E     Max Force     RMS Force      Max Disp      RMS Disp   
	----------------------------------------------------------------------------------------------
	  Convergence Criteria     1.00e-06 *    3.00e-04 *             o    1.20e-03 *             o
	----------------------------------------------------------------------------------------------
	     7     -68.93276207   -2.03e-03      8.48e-03      8.48e-03 o    1.11e-01      1.11e-01 o  ~
	----------------------------------------------------------------------------------------------


2025-07-17:13:15:38,560 INFO     [psi4.optking.stepAlgorithms:266] 	Convergence check returned False
2025-07-17:13:15:38,575 INFO     [psi4.driver.task_planner:285] PLANNING Atomic:  keywords={'DAMPING_PERCENTAGE': 1.0, 'GEOM_MAXITER': 500, 'SCF__GUESS': 'READ', 'GUESS': 'SAP', 'MAXITER': 500, 'REFERENCE': 'UKS', 'function_kwargs': {}}
2025-07-17:13:15:38,577 INFO     [psi4.driver.driver:636] Compute gradient(): method=b3lyp, basis=cc-pvdz, molecule=default, nre=7.534608264788863
2025-07-17:13:15:39,344 INFO     [psi4.driver.driver:639] Return gradient(): -68.93351076918583
2025-07-17:13:15:39,344 INFO     [psi4.driver.driver:640] [[ 0.00000000 -0.00000000 -0.00520789]
 [ 0.00000000  0.00000000  0.00522038]]
2025-07-17:13:15:39,345 INFO     [psi4.optking.history:257] 	Performing BFGS update.
2025-07-17:13:15:39,345 INFO     [psi4.optking.history:268] 	Using 4 previous steps for update.
2025-07-17:13:15:39,345 WARNING  [psi4.optking.history:286] 	Change in internal coordinate of 6.10e-01 exceeds limit of 5.00e-01.
2025-07-17:13:15:39,345 WARNING  [psi4.optking.history:291] 	Skipping Hessian update for step 4.
2025-07-17:13:15:39,345 WARNING  [psi4.optking.history:286] 	Change in internal coordinate of 8.57e-01 exceeds limit of 5.00e-01.
2025-07-17:13:15:39,345 WARNING  [psi4.optking.history:291] 	Skipping Hessian update for step 3.
2025-07-17:13:15:39,345 WARNING  [psi4.optking.history:286] 	Change in internal coordinate of 1.07e+00 exceeds limit of 5.00e-01.
2025-07-17:13:15:39,345 WARNING  [psi4.optking.history:291] 	Skipping Hessian update for step 2.
2025-07-17:13:15:39,345 WARNING  [psi4.optking.history:286] 	Change in internal coordinate of 1.45e+00 exceeds limit of 5.00e-01.
2025-07-17:13:15:39,345 WARNING  [psi4.optking.history:291] 	Skipping Hessian update for step 1.
2025-07-17:13:15:39,345 INFO     [psi4.optking.history:302] 	Steps to be used in Hessian update:  7 6 5

2025-07-17:13:15:39,345 INFO     [psi4.optking.history:400] 	Updated Hessian (in au) 
 	   0.050508

2025-07-17:13:15:39,346 INFO     [psi4.optking.molsys:874] Projected (PHP) Hessian matrix
	   0.050508

2025-07-17:13:15:39,346 INFO     [psi4.optking.opt_helper:168] 
	         Geometry (au)                                       Gradient (au)
   0.0000000000   0.0000000000   2.2610226221		   0.0000000000  -0.0000000000  -0.0052078915
   0.0000000000   0.0000000000  -1.4551626149		   0.0000000000   0.0000000000   0.0052203822

2025-07-17:13:15:39,346 INFO     [psi4.optking.stepAlgorithms:315] 	Current Step Report 
 
	Current energy:       -68.9335107692
	Energy change for the previous step:
		Actual       :        -0.0007486988
		Projected    :        -0.0004703859

2025-07-17:13:15:39,346 INFO     [psi4.optking.stepAlgorithms:318] 	Energy ratio =    1.59167
2025-07-17:13:15:39,346 INFO     [psi4.optking.stepAlgorithms:750] 	Using RFO solution 1.
2025-07-17:13:15:39,346 INFO     [psi4.optking.displace:73] 	Determining Cartesian step for fragment 1.
2025-07-17:13:15:39,346 INFO     [psi4.optking.displace:378] 	Successfully converged to displaced geometry.
2025-07-17:13:15:39,346 INFO     [psi4.optking.displace:379] 	RMS(dx):  1.282e-16 	Max(dx):  2.220e-16 	RMS(dq):  4.441e-16
2025-07-17:13:15:39,346 INFO     [psi4.optking.displace:132] 

	        --- Internal Coordinate Step in ANG or DEG, aJ/ANG or AJ/DEG ---
	-------------------------------------------------------------------------------
	           Coordinate      Previous         Force          Change          New 
	           ----------      --------        ------          ------        ------
	               R(1,2)       1.96652        0.04296        0.05406       2.02058
	-------------------------------------------------------------------------------

2025-07-17:13:15:39,346 INFO     [psi4.optking.stepAlgorithms:96] 	|target step| :    0.1021569507
2025-07-17:13:15:39,346 INFO     [psi4.optking.stepAlgorithms:97] 	gradient     :   -0.0052141369
2025-07-17:13:15:39,346 INFO     [psi4.optking.stepAlgorithms:98] 	hessian      :    0.0505077908
2025-07-17:13:15:39,346 INFO     [psi4.optking.stepAlgorithms:177] 	Norm of achieved step-size    0.1021569507
2025-07-17:13:15:39,346 INFO     [psi4.optking.stepAlgorithms:179] 	Norm of achieved step-size (cart):    0.0722358726
2025-07-17:13:15:39,346 INFO     [psi4.optking.opt_helper:151] Molsys:

	                            ===> Fragment 1 <== 

	 Z (Atomic Numbers)          Masses                          Geom                  
	       4.000000             9.012183          0.00000000  0.00000000  2.31210110   
	       7.000000            14.003074          0.00000000  0.00000000 -1.50624109   

	 - Coordinate -           - BOHR/RAD -       - ANG/DEG -
	 R(1,2)           =         3.818342           2.020580

2025-07-17:13:15:39,347 INFO     [psi4.optking.convcheck:71] Performing convergence check.
2025-07-17:13:15:39,347 INFO     [psi4.optking.convcheck:263] 
	                                 ==> Convergence Check <==                                  
    
	Measures of convergence in internal coordinates in au.
    
	Criteria marked as inactive (o), active & met (*), and active & unmet ( ).

	----------------------------------------------------------------------------------------------
	   Step    Total Energy     Delta E     Max Force     RMS Force      Max Disp      RMS Disp   
	----------------------------------------------------------------------------------------------
	  Convergence Criteria     1.00e-06 *    3.00e-04 *             o    1.20e-03 *             o
	----------------------------------------------------------------------------------------------
	     8     -68.93351077   -7.49e-04      5.21e-03      5.21e-03 o    1.02e-01      1.02e-01 o  ~
	----------------------------------------------------------------------------------------------


2025-07-17:13:15:39,347 INFO     [psi4.optking.stepAlgorithms:266] 	Convergence check returned False
2025-07-17:13:15:39,360 INFO     [psi4.driver.task_planner:285] PLANNING Atomic:  keywords={'DAMPING_PERCENTAGE': 1.0, 'GEOM_MAXITER': 500, 'SCF__GUESS': 'READ', 'GUESS': 'SAP', 'MAXITER': 500, 'REFERENCE': 'UKS', 'function_kwargs': {}}
2025-07-17:13:15:39,362 INFO     [psi4.driver.driver:636] Compute gradient(): method=b3lyp, basis=cc-pvdz, molecule=default, nre=7.333025334974744
2025-07-17:13:15:40,114 INFO     [psi4.driver.driver:639] Return gradient(): -68.93392408969547
2025-07-17:13:15:40,114 INFO     [psi4.driver.driver:640] [[ 0.00000000  0.00000000 -0.00301042]
 [ 0.00000000  0.00000000  0.00302337]]
2025-07-17:13:15:40,116 INFO     [psi4.optking.history:257] 	Performing BFGS update.
2025-07-17:13:15:40,116 INFO     [psi4.optking.history:268] 	Using 4 previous steps for update.
2025-07-17:13:15:40,116 WARNING  [psi4.optking.history:286] 	Change in internal coordinate of 5.47e-01 exceeds limit of 5.00e-01.
2025-07-17:13:15:40,116 WARNING  [psi4.optking.history:291] 	Skipping Hessian update for step 5.
2025-07-17:13:15:40,116 WARNING  [psi4.optking.history:286] 	Change in internal coordinate of 7.12e-01 exceeds limit of 5.00e-01.
2025-07-17:13:15:40,116 WARNING  [psi4.optking.history:291] 	Skipping Hessian update for step 4.
2025-07-17:13:15:40,116 WARNING  [psi4.optking.history:286] 	Change in internal coordinate of 9.59e-01 exceeds limit of 5.00e-01.
2025-07-17:13:15:40,116 WARNING  [psi4.optking.history:291] 	Skipping Hessian update for step 3.
2025-07-17:13:15:40,116 WARNING  [psi4.optking.history:286] 	Change in internal coordinate of 1.17e+00 exceeds limit of 5.00e-01.
2025-07-17:13:15:40,116 WARNING  [psi4.optking.history:291] 	Skipping Hessian update for step 2.
2025-07-17:13:15:40,116 WARNING  [psi4.optking.history:286] 	Change in internal coordinate of 1.55e+00 exceeds limit of 5.00e-01.
2025-07-17:13:15:40,116 WARNING  [psi4.optking.history:291] 	Skipping Hessian update for step 1.
2025-07-17:13:15:40,116 INFO     [psi4.optking.history:302] 	Steps to be used in Hessian update:  8 7 6

2025-07-17:13:15:40,116 INFO     [psi4.optking.history:400] 	Updated Hessian (in au) 
 	   0.033948

2025-07-17:13:15:40,117 INFO     [psi4.optking.molsys:874] Projected (PHP) Hessian matrix
	   0.033948

2025-07-17:13:15:40,117 INFO     [psi4.optking.opt_helper:168] 
	         Geometry (au)                                       Gradient (au)
   0.0000000000   0.0000000000   2.3231775369		   0.0000000000   0.0000000000  -0.0030104223
   0.0000000000   0.0000000000  -1.4951646508		   0.0000000000   0.0000000000   0.0030233727

2025-07-17:13:15:40,117 INFO     [psi4.optking.stepAlgorithms:315] 	Current Step Report 
 
	Current energy:       -68.9339240897
	Energy change for the previous step:
		Actual       :        -0.0004133205
		Projected    :        -0.0002663302

2025-07-17:13:15:40,117 INFO     [psi4.optking.stepAlgorithms:318] 	Energy ratio =    1.55191
2025-07-17:13:15:40,117 INFO     [psi4.optking.stepAlgorithms:750] 	Using RFO solution 1.
2025-07-17:13:15:40,117 INFO     [psi4.optking.displace:73] 	Determining Cartesian step for fragment 1.
2025-07-17:13:15:40,117 INFO     [psi4.optking.displace:378] 	Successfully converged to displaced geometry.
2025-07-17:13:15:40,117 INFO     [psi4.optking.displace:379] 	RMS(dx):  0.000e+00 	Max(dx):  0.000e+00 	RMS(dq):  0.000e+00
2025-07-17:13:15:40,117 INFO     [psi4.optking.displace:132] 

	        --- Internal Coordinate Step in ANG or DEG, aJ/ANG or AJ/DEG ---
	-------------------------------------------------------------------------------
	           Coordinate      Previous         Force          Change          New 
	           ----------      --------        ------          ------        ------
	               R(1,2)       2.02058        0.02486        0.04666       2.06724
	-------------------------------------------------------------------------------

2025-07-17:13:15:40,117 INFO     [psi4.optking.stepAlgorithms:96] 	|target step| :    0.0881784123
2025-07-17:13:15:40,117 INFO     [psi4.optking.stepAlgorithms:97] 	gradient     :   -0.0030168975
2025-07-17:13:15:40,117 INFO     [psi4.optking.stepAlgorithms:98] 	hessian      :    0.0339475360
2025-07-17:13:15:40,117 INFO     [psi4.optking.stepAlgorithms:177] 	Norm of achieved step-size    0.0881784123
2025-07-17:13:15:40,117 INFO     [psi4.optking.stepAlgorithms:179] 	Norm of achieved step-size (cart):    0.0623515533
2025-07-17:13:15:40,117 INFO     [psi4.optking.opt_helper:151] Molsys:

	                            ===> Fragment 1 <== 

	 Z (Atomic Numbers)          Masses                          Geom                  
	       4.000000             9.012183          0.00000000  0.00000000  2.36726674   
	       7.000000            14.003074          0.00000000  0.00000000 -1.53925386   

	 - Coordinate -           - BOHR/RAD -       - ANG/DEG -
	 R(1,2)           =         3.906521           2.067242

2025-07-17:13:15:40,118 INFO     [psi4.optking.convcheck:71] Performing convergence check.
2025-07-17:13:15:40,118 INFO     [psi4.optking.convcheck:263] 
	                                 ==> Convergence Check <==                                  
    
	Measures of convergence in internal coordinates in au.
    
	Criteria marked as inactive (o), active & met (*), and active & unmet ( ).

	----------------------------------------------------------------------------------------------
	   Step    Total Energy     Delta E     Max Force     RMS Force      Max Disp      RMS Disp   
	----------------------------------------------------------------------------------------------
	  Convergence Criteria     1.00e-06 *    3.00e-04 *             o    1.20e-03 *             o
	----------------------------------------------------------------------------------------------
	     9     -68.93392409   -4.13e-04      3.02e-03      3.02e-03 o    8.82e-02      8.82e-02 o  ~
	----------------------------------------------------------------------------------------------


2025-07-17:13:15:40,118 INFO     [psi4.optking.stepAlgorithms:266] 	Convergence check returned False
2025-07-17:13:15:40,133 INFO     [psi4.driver.task_planner:285] PLANNING Atomic:  keywords={'DAMPING_PERCENTAGE': 1.0, 'GEOM_MAXITER': 500, 'SCF__GUESS': 'READ', 'GUESS': 'SAP', 'MAXITER': 500, 'REFERENCE': 'UKS', 'function_kwargs': {}}
2025-07-17:13:15:40,134 INFO     [psi4.driver.driver:636] Compute gradient(): method=b3lyp, basis=cc-pvdz, molecule=default, nre=7.16750348122503
2025-07-17:13:15:40,883 INFO     [psi4.driver.driver:639] Return gradient(): -68.93412289706235
2025-07-17:13:15:40,883 INFO     [psi4.driver.driver:640] [[ 0.00000000  0.00000000 -0.00157969]
 [ 0.00000000  0.00000000  0.00159314]]
2025-07-17:13:15:40,884 INFO     [psi4.optking.history:257] 	Performing BFGS update.
2025-07-17:13:15:40,884 INFO     [psi4.optking.history:268] 	Using 4 previous steps for update.
2025-07-17:13:15:40,884 INFO     [psi4.optking.history:302] 	Steps to be used in Hessian update:  9 8 7 6

2025-07-17:13:15:40,885 INFO     [psi4.optking.history:400] 	Updated Hessian (in au) 
 	   0.030630

2025-07-17:13:15:40,885 INFO     [psi4.optking.molsys:874] Projected (PHP) Hessian matrix
	   0.030630

2025-07-17:13:15:40,885 INFO     [psi4.optking.opt_helper:168] 
	         Geometry (au)                                       Gradient (au)
   0.0000000000   0.0000000000   2.3768275495		   0.0000000000   0.0000000000  -0.0015796888
   0.0000000000   0.0000000000  -1.5296930505		   0.0000000000   0.0000000000   0.0015931388

2025-07-17:13:15:40,885 INFO     [psi4.optking.stepAlgorithms:315] 	Current Step Report 
 
	Current energy:       -68.9341228971
	Energy change for the previous step:
		Actual       :        -0.0001988074
		Projected    :        -0.0001330126

2025-07-17:13:15:40,885 INFO     [psi4.optking.stepAlgorithms:318] 	Energy ratio =    1.49465
2025-07-17:13:15:40,885 INFO     [psi4.optking.stepAlgorithms:750] 	Using RFO solution 1.
2025-07-17:13:15:40,885 INFO     [psi4.optking.displace:73] 	Determining Cartesian step for fragment 1.
2025-07-17:13:15:40,885 INFO     [psi4.optking.displace:378] 	Successfully converged to displaced geometry.
2025-07-17:13:15:40,885 INFO     [psi4.optking.displace:379] 	RMS(dx):  0.000e+00 	Max(dx):  0.000e+00 	RMS(dq):  0.000e+00
2025-07-17:13:15:40,885 INFO     [psi4.optking.displace:132] 

	        --- Internal Coordinate Step in ANG or DEG, aJ/ANG or AJ/DEG ---
	-------------------------------------------------------------------------------
	           Coordinate      Previous         Force          Change          New 
	           ----------      --------        ------          ------        ------
	               R(1,2)       2.06724        0.01307        0.02733       2.09458
	-------------------------------------------------------------------------------

2025-07-17:13:15:40,885 INFO     [psi4.optking.stepAlgorithms:96] 	|target step| :    0.0516554239
2025-07-17:13:15:40,885 INFO     [psi4.optking.stepAlgorithms:97] 	gradient     :   -0.0015864138
2025-07-17:13:15:40,885 INFO     [psi4.optking.stepAlgorithms:98] 	hessian      :    0.0306295189
2025-07-17:13:15:40,885 INFO     [psi4.optking.stepAlgorithms:177] 	Norm of achieved step-size    0.0516554239
2025-07-17:13:15:40,885 INFO     [psi4.optking.stepAlgorithms:179] 	Norm of achieved step-size (cart):    0.0365259006
2025-07-17:13:15:40,886 INFO     [psi4.optking.opt_helper:151] Molsys:

	                            ===> Fragment 1 <== 

	 Z (Atomic Numbers)          Masses                          Geom                  
	       4.000000             9.012183          0.00000000  0.00000000  2.40265526   
	       7.000000            14.003074          0.00000000  0.00000000 -1.55552076   

	 - Coordinate -           - BOHR/RAD -       - ANG/DEG -
	 R(1,2)           =         3.958176           2.094577

2025-07-17:13:15:40,886 INFO     [psi4.optking.convcheck:71] Performing convergence check.
2025-07-17:13:15:40,886 INFO     [psi4.optking.convcheck:263] 
	                                 ==> Convergence Check <==                                  
    
	Measures of convergence in internal coordinates in au.
    
	Criteria marked as inactive (o), active & met (*), and active & unmet ( ).

	----------------------------------------------------------------------------------------------
	   Step    Total Energy     Delta E     Max Force     RMS Force      Max Disp      RMS Disp   
	----------------------------------------------------------------------------------------------
	  Convergence Criteria     1.00e-06 *    3.00e-04 *             o    1.20e-03 *             o
	----------------------------------------------------------------------------------------------
	    10     -68.93412290   -1.99e-04      1.59e-03      1.59e-03 o    5.17e-02      5.17e-02 o  ~
	----------------------------------------------------------------------------------------------


2025-07-17:13:15:40,886 INFO     [psi4.optking.stepAlgorithms:266] 	Convergence check returned False
2025-07-17:13:15:40,901 INFO     [psi4.driver.task_planner:285] PLANNING Atomic:  keywords={'DAMPING_PERCENTAGE': 1.0, 'GEOM_MAXITER': 500, 'SCF__GUESS': 'READ', 'GUESS': 'SAP', 'MAXITER': 500, 'REFERENCE': 'UKS', 'function_kwargs': {}}
2025-07-17:13:15:40,902 INFO     [psi4.driver.driver:636] Compute gradient(): method=b3lyp, basis=cc-pvdz, molecule=default, nre=7.073965339236632
2025-07-17:13:15:41,665 INFO     [psi4.driver.driver:639] Return gradient(): -68.93418610543601
2025-07-17:13:15:41,665 INFO     [psi4.driver.driver:640] [[ 0.00000000  0.00000000 -0.00089929]
 [ 0.00000000  0.00000000  0.00091185]]
2025-07-17:13:15:41,667 INFO     [psi4.optking.history:257] 	Performing BFGS update.
2025-07-17:13:15:41,667 INFO     [psi4.optking.history:268] 	Using 4 previous steps for update.
2025-07-17:13:15:41,668 INFO     [psi4.optking.history:302] 	Steps to be used in Hessian update:  10 9 8 7

2025-07-17:13:15:41,668 INFO     [psi4.optking.history:400] 	Updated Hessian (in au) 
 	   0.021466

2025-07-17:13:15:41,668 INFO     [psi4.optking.molsys:874] Projected (PHP) Hessian matrix
	   0.021466

2025-07-17:13:15:41,668 INFO     [psi4.optking.opt_helper:168] 
	         Geometry (au)                                       Gradient (au)
   0.0000000000   0.0000000000   2.4082560372		   0.0000000000   0.0000000000  -0.0008992942
   0.0000000000   0.0000000000  -1.5499199867		   0.0000000000   0.0000000000   0.0009118542

2025-07-17:13:15:41,668 INFO     [psi4.optking.stepAlgorithms:315] 	Current Step Report 
 
	Current energy:       -68.9341861054
	Energy change for the previous step:
		Actual       :        -0.0000632084
		Projected    :        -0.0000409734

2025-07-17:13:15:41,668 INFO     [psi4.optking.stepAlgorithms:318] 	Energy ratio =    1.54267
2025-07-17:13:15:41,669 INFO     [psi4.optking.stepAlgorithms:750] 	Using RFO solution 1.
2025-07-17:13:15:41,669 INFO     [psi4.optking.displace:73] 	Determining Cartesian step for fragment 1.
2025-07-17:13:15:41,669 INFO     [psi4.optking.displace:378] 	Successfully converged to displaced geometry.
2025-07-17:13:15:41,669 INFO     [psi4.optking.displace:379] 	RMS(dx):  0.000e+00 	Max(dx):  0.000e+00 	RMS(dq):  0.000e+00
2025-07-17:13:15:41,669 INFO     [psi4.optking.displace:132] 

	        --- Internal Coordinate Step in ANG or DEG, aJ/ANG or AJ/DEG ---
	-------------------------------------------------------------------------------
	           Coordinate      Previous         Force          Change          New 
	           ----------      --------        ------          ------        ------
	               R(1,2)       2.09458        0.00746        0.02228       2.11686
	-------------------------------------------------------------------------------

2025-07-17:13:15:41,669 INFO     [psi4.optking.stepAlgorithms:96] 	|target step| :    0.0421109092
2025-07-17:13:15:41,669 INFO     [psi4.optking.stepAlgorithms:97] 	gradient     :   -0.0009055742
2025-07-17:13:15:41,669 INFO     [psi4.optking.stepAlgorithms:98] 	hessian      :    0.0214663687
2025-07-17:13:15:41,669 INFO     [psi4.optking.stepAlgorithms:177] 	Norm of achieved step-size    0.0421109092
2025-07-17:13:15:41,669 INFO     [psi4.optking.stepAlgorithms:179] 	Norm of achieved step-size (cart):    0.0297769095
2025-07-17:13:15:41,670 INFO     [psi4.optking.opt_helper:151] Molsys:

	                            ===> Fragment 1 <== 

	 Z (Atomic Numbers)          Masses                          Geom                  
	       4.000000             9.012183          0.00000000  0.00000000  2.42931149   
	       7.000000            14.003074          0.00000000  0.00000000 -1.57097544   

	 - Coordinate -           - BOHR/RAD -       - ANG/DEG -
	 R(1,2)           =         4.000287           2.116861

2025-07-17:13:15:41,670 INFO     [psi4.optking.convcheck:71] Performing convergence check.
2025-07-17:13:15:41,670 INFO     [psi4.optking.convcheck:263] 
	                                 ==> Convergence Check <==                                  
    
	Measures of convergence in internal coordinates in au.
    
	Criteria marked as inactive (o), active & met (*), and active & unmet ( ).

	----------------------------------------------------------------------------------------------
	   Step    Total Energy     Delta E     Max Force     RMS Force      Max Disp      RMS Disp   
	----------------------------------------------------------------------------------------------
	  Convergence Criteria     1.00e-06 *    3.00e-04 *             o    1.20e-03 *             o
	----------------------------------------------------------------------------------------------
	    11     -68.93418611   -6.32e-05      9.06e-04      9.06e-04 o    4.21e-02      4.21e-02 o  ~
	----------------------------------------------------------------------------------------------


2025-07-17:13:15:41,670 INFO     [psi4.optking.stepAlgorithms:266] 	Convergence check returned False
2025-07-17:13:15:41,692 INFO     [psi4.driver.task_planner:285] PLANNING Atomic:  keywords={'DAMPING_PERCENTAGE': 1.0, 'GEOM_MAXITER': 500, 'SCF__GUESS': 'READ', 'GUESS': 'SAP', 'MAXITER': 500, 'REFERENCE': 'UKS', 'function_kwargs': {}}
2025-07-17:13:15:41,693 INFO     [psi4.driver.driver:636] Compute gradient(): method=b3lyp, basis=cc-pvdz, molecule=default, nre=6.999497902979588
2025-07-17:13:15:42,496 INFO     [psi4.driver.driver:639] Return gradient(): -68.93421332152737
2025-07-17:13:15:42,496 INFO     [psi4.driver.driver:640] [[ 0.00000000  0.00000000 -0.00041640]
 [ 0.00000000  0.00000000  0.00042956]]
2025-07-17:13:15:42,498 INFO     [psi4.optking.history:257] 	Performing BFGS update.
2025-07-17:13:15:42,498 INFO     [psi4.optking.history:268] 	Using 4 previous steps for update.
2025-07-17:13:15:42,498 INFO     [psi4.optking.history:302] 	Steps to be used in Hessian update:  11 10 9 8

2025-07-17:13:15:42,498 INFO     [psi4.optking.history:400] 	Updated Hessian (in au) 
 	   0.016864

2025-07-17:13:15:42,498 INFO     [psi4.optking.molsys:874] Projected (PHP) Hessian matrix
	   0.016864

2025-07-17:13:15:42,498 INFO     [psi4.optking.opt_helper:168] 
	         Geometry (au)                                       Gradient (au)
   0.0000000000   0.0000000000   2.4338773969		   0.0000000000   0.0000000000  -0.0004163994
   0.0000000000   0.0000000000  -1.5664095363		   0.0000000000   0.0000000000   0.0004295573

2025-07-17:13:15:42,498 INFO     [psi4.optking.stepAlgorithms:315] 	Current Step Report 
 
	Current energy:       -68.9342133215
	Energy change for the previous step:
		Actual       :        -0.0000272161
		Projected    :        -0.0000190673

2025-07-17:13:15:42,498 INFO     [psi4.optking.stepAlgorithms:318] 	Energy ratio =    1.42737
2025-07-17:13:15:42,498 INFO     [psi4.optking.stepAlgorithms:750] 	Using RFO solution 1.
2025-07-17:13:15:42,498 INFO     [psi4.optking.displace:73] 	Determining Cartesian step for fragment 1.
2025-07-17:13:15:42,498 INFO     [psi4.optking.displace:378] 	Successfully converged to displaced geometry.
2025-07-17:13:15:42,498 INFO     [psi4.optking.displace:379] 	RMS(dx):  0.000e+00 	Max(dx):  0.000e+00 	RMS(dq):  0.000e+00
2025-07-17:13:15:42,499 INFO     [psi4.optking.displace:132] 

	        --- Internal Coordinate Step in ANG or DEG, aJ/ANG or AJ/DEG ---
	-------------------------------------------------------------------------------
	           Coordinate      Previous         Force          Change          New 
	           ----------      --------        ------          ------        ------
	               R(1,2)       2.11686        0.00348        0.01326       2.13012
	-------------------------------------------------------------------------------

2025-07-17:13:15:42,499 INFO     [psi4.optking.stepAlgorithms:96] 	|target step| :    0.0250656202
2025-07-17:13:15:42,499 INFO     [psi4.optking.stepAlgorithms:97] 	gradient     :   -0.0004229783
2025-07-17:13:15:42,499 INFO     [psi4.optking.stepAlgorithms:98] 	hessian      :    0.0168642377
2025-07-17:13:15:42,499 INFO     [psi4.optking.stepAlgorithms:177] 	Norm of achieved step-size    0.0250656202
2025-07-17:13:15:42,499 INFO     [psi4.optking.stepAlgorithms:179] 	Norm of achieved step-size (cart):    0.0177240700
2025-07-17:13:15:42,499 INFO     [psi4.optking.opt_helper:151] Molsys:

	                            ===> Fragment 1 <== 

	 Z (Atomic Numbers)          Masses                          Geom                  
	       4.000000             9.012183          0.00000000  0.00000000  2.44641021   
	       7.000000            14.003074          0.00000000  0.00000000 -1.57894235   

	 - Coordinate -           - BOHR/RAD -       - ANG/DEG -
	 R(1,2)           =         4.025353           2.130125

2025-07-17:13:15:42,499 INFO     [psi4.optking.convcheck:71] Performing convergence check.
2025-07-17:13:15:42,499 INFO     [psi4.optking.convcheck:263] 
	                                 ==> Convergence Check <==                                  
    
	Measures of convergence in internal coordinates in au.
    
	Criteria marked as inactive (o), active & met (*), and active & unmet ( ).

	----------------------------------------------------------------------------------------------
	   Step    Total Energy     Delta E     Max Force     RMS Force      Max Disp      RMS Disp   
	----------------------------------------------------------------------------------------------
	  Convergence Criteria     1.00e-06 *    3.00e-04 *             o    1.20e-03 *             o
	----------------------------------------------------------------------------------------------
	    12     -68.93421332   -2.72e-05      4.23e-04      4.23e-04 o    2.51e-02      2.51e-02 o  ~
	----------------------------------------------------------------------------------------------


2025-07-17:13:15:42,499 INFO     [psi4.optking.stepAlgorithms:266] 	Convergence check returned False
2025-07-17:13:15:42,517 INFO     [psi4.driver.task_planner:285] PLANNING Atomic:  keywords={'DAMPING_PERCENTAGE': 1.0, 'GEOM_MAXITER': 500, 'SCF__GUESS': 'READ', 'GUESS': 'SAP', 'MAXITER': 500, 'REFERENCE': 'UKS', 'function_kwargs': {}}
2025-07-17:13:15:42,519 INFO     [psi4.driver.driver:636] Compute gradient(): method=b3lyp, basis=cc-pvdz, molecule=default, nre=6.955912464550356
2025-07-17:13:15:43,176 INFO     [psi4.driver.driver:639] Return gradient(): -68.93422031302951
2025-07-17:13:15:43,177 INFO     [psi4.driver.driver:640] [[ 0.00000000  0.00000000 -0.00015616]
 [ 0.00000000 -0.00000000  0.00017041]]
2025-07-17:13:15:43,178 INFO     [psi4.optking.history:257] 	Performing BFGS update.
2025-07-17:13:15:43,178 INFO     [psi4.optking.history:268] 	Using 4 previous steps for update.
2025-07-17:13:15:43,178 INFO     [psi4.optking.history:302] 	Steps to be used in Hessian update:  12 11 10 9

2025-07-17:13:15:43,178 INFO     [psi4.optking.history:400] 	Updated Hessian (in au) 
 	   0.013785

2025-07-17:13:15:43,178 INFO     [psi4.optking.molsys:874] Projected (PHP) Hessian matrix
	   0.013785

2025-07-17:13:15:43,178 INFO     [psi4.optking.opt_helper:168] 
	         Geometry (au)                                       Gradient (au)
   0.0000000000   0.0000000000   2.4491279645		   0.0000000000   0.0000000000  -0.0001561625
   0.0000000000   0.0000000000  -1.5762245889		   0.0000000000  -0.0000000000   0.0001704063

2025-07-17:13:15:43,178 INFO     [psi4.optking.stepAlgorithms:315] 	Current Step Report 
 
	Current energy:       -68.9342203130
	Energy change for the previous step:
		Actual       :        -0.0000069915
		Projected    :        -0.0000053011

2025-07-17:13:15:43,178 INFO     [psi4.optking.stepAlgorithms:318] 	Energy ratio =    1.31888
2025-07-17:13:15:43,178 INFO     [psi4.optking.stepAlgorithms:750] 	Using RFO solution 1.
2025-07-17:13:15:43,179 INFO     [psi4.optking.displace:73] 	Determining Cartesian step for fragment 1.
2025-07-17:13:15:43,179 INFO     [psi4.optking.displace:378] 	Successfully converged to displaced geometry.
2025-07-17:13:15:43,179 INFO     [psi4.optking.displace:379] 	RMS(dx):  0.000e+00 	Max(dx):  0.000e+00 	RMS(dq):  0.000e+00
2025-07-17:13:15:43,179 INFO     [psi4.optking.displace:132] 

	        --- Internal Coordinate Step in ANG or DEG, aJ/ANG or AJ/DEG ---
	-------------------------------------------------------------------------------
	           Coordinate      Previous         Force          Change          New 
	           ----------      --------        ------          ------        ------
	               R(1,2)       2.13012        0.00135        0.00627       2.13639
	-------------------------------------------------------------------------------

2025-07-17:13:15:43,179 INFO     [psi4.optking.stepAlgorithms:96] 	|target step| :    0.0118435220
2025-07-17:13:15:43,179 INFO     [psi4.optking.stepAlgorithms:97] 	gradient     :   -0.0001632844
2025-07-17:13:15:43,179 INFO     [psi4.optking.stepAlgorithms:98] 	hessian      :    0.0137848801
2025-07-17:13:15:43,179 INFO     [psi4.optking.stepAlgorithms:177] 	Norm of achieved step-size    0.0118435220
2025-07-17:13:15:43,179 INFO     [psi4.optking.stepAlgorithms:179] 	Norm of achieved step-size (cart):    0.0083746347
2025-07-17:13:15:43,179 INFO     [psi4.optking.opt_helper:151] Molsys:

	                            ===> Fragment 1 <== 

	 Z (Atomic Numbers)          Masses                          Geom                  
	       4.000000             9.012183          0.00000000  0.00000000  2.45504973   
	       7.000000            14.003074          0.00000000  0.00000000 -1.58214635   

	 - Coordinate -           - BOHR/RAD -       - ANG/DEG -
	 R(1,2)           =         4.037196           2.136392

2025-07-17:13:15:43,179 INFO     [psi4.optking.convcheck:71] Performing convergence check.
2025-07-17:13:15:43,179 INFO     [psi4.optking.convcheck:263] 
	                                 ==> Convergence Check <==                                  
    
	Measures of convergence in internal coordinates in au.
    
	Criteria marked as inactive (o), active & met (*), and active & unmet ( ).

	----------------------------------------------------------------------------------------------
	   Step    Total Energy     Delta E     Max Force     RMS Force      Max Disp      RMS Disp   
	----------------------------------------------------------------------------------------------
	  Convergence Criteria     1.00e-06 *    3.00e-04 *             o    1.20e-03 *             o
	----------------------------------------------------------------------------------------------
	    13     -68.93422031   -6.99e-06      1.63e-04 *    1.63e-04 o    1.18e-02      1.18e-02 o  ~
	----------------------------------------------------------------------------------------------


2025-07-17:13:15:43,179 INFO     [psi4.optking.stepAlgorithms:266] 	Convergence check returned False
2025-07-17:13:15:43,191 INFO     [psi4.driver.task_planner:285] PLANNING Atomic:  keywords={'DAMPING_PERCENTAGE': 1.0, 'GEOM_MAXITER': 500, 'SCF__GUESS': 'READ', 'GUESS': 'SAP', 'MAXITER': 500, 'REFERENCE': 'UKS', 'function_kwargs': {}}
2025-07-17:13:15:43,192 INFO     [psi4.driver.driver:636] Compute gradient(): method=b3lyp, basis=cc-pvdz, molecule=default, nre=6.935506593504684
2025-07-17:13:15:43,865 INFO     [psi4.driver.driver:639] Return gradient(): -68.93422138482754
2025-07-17:13:15:43,866 INFO     [psi4.driver.driver:640] [[ 0.00000000  0.00000000 -0.00003972]
 [ 0.00000000 -0.00000000  0.00005460]]
2025-07-17:13:15:43,867 INFO     [psi4.optking.history:257] 	Performing BFGS update.
2025-07-17:13:15:43,867 INFO     [psi4.optking.history:268] 	Using 4 previous steps for update.
2025-07-17:13:15:43,867 INFO     [psi4.optking.history:302] 	Steps to be used in Hessian update:  13 12 11 10

2025-07-17:13:15:43,867 INFO     [psi4.optking.history:400] 	Updated Hessian (in au) 
 	   0.011779

2025-07-17:13:15:43,867 INFO     [psi4.optking.molsys:874] Projected (PHP) Hessian matrix
	   0.011779

2025-07-17:13:15:43,867 INFO     [psi4.optking.opt_helper:168] 
	         Geometry (au)                                       Gradient (au)
   0.0000000000   0.0000000000   2.4563338677		   0.0000000000   0.0000000000  -0.0000397239
   0.0000000000   0.0000000000  -1.5808622077		   0.0000000000  -0.0000000000   0.0000545953

2025-07-17:13:15:43,867 INFO     [psi4.optking.stepAlgorithms:315] 	Current Step Report 
 
	Current energy:       -68.9342213848
	Energy change for the previous step:
		Actual       :        -0.0000010718
		Projected    :        -0.0000009669

2025-07-17:13:15:43,867 INFO     [psi4.optking.stepAlgorithms:318] 	Energy ratio =    1.10845
2025-07-17:13:15:43,867 INFO     [psi4.optking.stepAlgorithms:750] 	Using RFO solution 1.
2025-07-17:13:15:43,868 INFO     [psi4.optking.displace:73] 	Determining Cartesian step for fragment 1.
2025-07-17:13:15:43,868 INFO     [psi4.optking.displace:378] 	Successfully converged to displaced geometry.
2025-07-17:13:15:43,868 INFO     [psi4.optking.displace:379] 	RMS(dx):  0.000e+00 	Max(dx):  0.000e+00 	RMS(dq):  0.000e+00
2025-07-17:13:15:43,868 INFO     [psi4.optking.displace:132] 

	        --- Internal Coordinate Step in ANG or DEG, aJ/ANG or AJ/DEG ---
	-------------------------------------------------------------------------------
	           Coordinate      Previous         Force          Change          New 
	           ----------      --------        ------          ------        ------
	               R(1,2)       2.13639        0.00039        0.00212       2.13851
	-------------------------------------------------------------------------------

2025-07-17:13:15:43,868 INFO     [psi4.optking.stepAlgorithms:96] 	|target step| :    0.0040035632
2025-07-17:13:15:43,868 INFO     [psi4.optking.stepAlgorithms:97] 	gradient     :   -0.0000471596
2025-07-17:13:15:43,868 INFO     [psi4.optking.stepAlgorithms:98] 	hessian      :    0.0117792126
2025-07-17:13:15:43,868 INFO     [psi4.optking.stepAlgorithms:177] 	Norm of achieved step-size    0.0040035632
2025-07-17:13:15:43,868 INFO     [psi4.optking.stepAlgorithms:179] 	Norm of achieved step-size (cart):    0.0028309467
2025-07-17:13:15:43,868 INFO     [psi4.optking.opt_helper:151] Molsys:

	                            ===> Fragment 1 <== 

	 Z (Atomic Numbers)          Masses                          Geom                  
	       4.000000             9.012183          0.00000000  0.00000000  2.45833565   
	       7.000000            14.003074          0.00000000  0.00000000 -1.58286399   

	 - Coordinate -           - BOHR/RAD -       - ANG/DEG -
	 R(1,2)           =         4.041200           2.138511

2025-07-17:13:15:43,868 INFO     [psi4.optking.convcheck:71] Performing convergence check.
2025-07-17:13:15:43,868 INFO     [psi4.optking.convcheck:263] 
	                                 ==> Convergence Check <==                                  
    
	Measures of convergence in internal coordinates in au.
    
	Criteria marked as inactive (o), active & met (*), and active & unmet ( ).

	----------------------------------------------------------------------------------------------
	   Step    Total Energy     Delta E     Max Force     RMS Force      Max Disp      RMS Disp   
	----------------------------------------------------------------------------------------------
	  Convergence Criteria     1.00e-06 *    3.00e-04 *             o    1.20e-03 *             o
	----------------------------------------------------------------------------------------------
	    14     -68.93422138   -1.07e-06      4.72e-05 *    4.72e-05 o    4.00e-03      4.00e-03 o  ~
	----------------------------------------------------------------------------------------------


2025-07-17:13:15:43,868 INFO     [psi4.optking.stepAlgorithms:266] 	Convergence check returned False
2025-07-17:13:15:43,883 INFO     [psi4.driver.task_planner:285] PLANNING Atomic:  keywords={'DAMPING_PERCENTAGE': 1.0, 'GEOM_MAXITER': 500, 'SCF__GUESS': 'READ', 'GUESS': 'SAP', 'MAXITER': 500, 'REFERENCE': 'UKS', 'function_kwargs': {}}
2025-07-17:13:15:43,884 INFO     [psi4.driver.driver:636] Compute gradient(): method=b3lyp, basis=cc-pvdz, molecule=default, nre=6.928635678510772
2025-07-17:13:15:44,541 INFO     [psi4.driver.driver:639] Return gradient(): -68.9342214362234
2025-07-17:13:15:44,541 INFO     [psi4.driver.driver:640] [[ 0.00000000  0.00000000 -0.00000127]
 [ 0.00000000 -0.00000000  0.00001636]]
2025-07-17:13:15:44,542 INFO     [psi4.optking.history:257] 	Performing BFGS update.
2025-07-17:13:15:44,542 INFO     [psi4.optking.history:268] 	Using 4 previous steps for update.
2025-07-17:13:15:44,542 INFO     [psi4.optking.history:302] 	Steps to be used in Hessian update:  14 13 12 11

2025-07-17:13:15:44,542 INFO     [psi4.optking.history:400] 	Updated Hessian (in au) 
 	   0.010801

2025-07-17:13:15:44,542 INFO     [psi4.optking.molsys:874] Projected (PHP) Hessian matrix
	   0.010801

2025-07-17:13:15:44,542 INFO     [psi4.optking.opt_helper:168] 
	         Geometry (au)                                       Gradient (au)
   0.0000000000   0.0000000000   2.4587697385		   0.0000000000   0.0000000000  -0.0000012719
   0.0000000000   0.0000000000  -1.5824299001		   0.0000000000  -0.0000000000   0.0000163633

2025-07-17:13:15:44,542 INFO     [psi4.optking.stepAlgorithms:315] 	Current Step Report 
 
	Current energy:       -68.9342214362
	Energy change for the previous step:
		Actual       :        -0.0000000514
		Projected    :        -0.0000000944

2025-07-17:13:15:44,542 INFO     [psi4.optking.stepAlgorithms:318] 	Energy ratio =    0.54443
2025-07-17:13:15:44,543 INFO     [psi4.optking.stepAlgorithms:750] 	Using RFO solution 1.
2025-07-17:13:15:44,543 INFO     [psi4.optking.displace:73] 	Determining Cartesian step for fragment 1.
2025-07-17:13:15:44,543 INFO     [psi4.optking.displace:378] 	Successfully converged to displaced geometry.
2025-07-17:13:15:44,543 INFO     [psi4.optking.displace:379] 	RMS(dx):  0.000e+00 	Max(dx):  0.000e+00 	RMS(dq):  0.000e+00
2025-07-17:13:15:44,543 INFO     [psi4.optking.displace:132] 

	        --- Internal Coordinate Step in ANG or DEG, aJ/ANG or AJ/DEG ---
	-------------------------------------------------------------------------------
	           Coordinate      Previous         Force          Change          New 
	           ----------      --------        ------          ------        ------
	               R(1,2)       2.13851        0.00007        0.00043       2.13894
	-------------------------------------------------------------------------------

2025-07-17:13:15:44,543 INFO     [psi4.optking.stepAlgorithms:96] 	|target step| :    0.0008163518
2025-07-17:13:15:44,543 INFO     [psi4.optking.stepAlgorithms:97] 	gradient     :   -0.0000088176
2025-07-17:13:15:44,543 INFO     [psi4.optking.stepAlgorithms:98] 	hessian      :    0.0108012230
2025-07-17:13:15:44,543 INFO     [psi4.optking.stepAlgorithms:177] 	Norm of achieved step-size    0.0008163518
2025-07-17:13:15:44,543 INFO     [psi4.optking.stepAlgorithms:179] 	Norm of achieved step-size (cart):    0.0005772479
2025-07-17:13:15:44,543 INFO     [psi4.optking.opt_helper:151] Molsys:

	                            ===> Fragment 1 <== 

	 Z (Atomic Numbers)          Masses                          Geom                  
	       4.000000             9.012183          0.00000000  0.00000000  2.45917791   
	       7.000000            14.003074          0.00000000  0.00000000 -1.58283808   

	 - Coordinate -           - BOHR/RAD -       - ANG/DEG -
	 R(1,2)           =         4.042016           2.138943

2025-07-17:13:15:44,543 INFO     [psi4.optking.convcheck:71] Performing convergence check.
2025-07-17:13:15:44,543 INFO     [psi4.optking.convcheck:263] 
	                                 ==> Convergence Check <==                                  
    
	Measures of convergence in internal coordinates in au.
    
	Criteria marked as inactive (o), active & met (*), and active & unmet ( ).

	----------------------------------------------------------------------------------------------
	   Step    Total Energy     Delta E     Max Force     RMS Force      Max Disp      RMS Disp   
	----------------------------------------------------------------------------------------------
	  Convergence Criteria     1.00e-06 *    3.00e-04 *             o    1.20e-03 *             o
	----------------------------------------------------------------------------------------------
	    15     -68.93422144   -5.14e-08 *    8.82e-06 *    8.82e-06 o    8.16e-04 *    8.16e-04 o  ~
	----------------------------------------------------------------------------------------------


2025-07-17:13:15:44,543 INFO     [psi4.optking.convcheck:193] 
	                      ===> Final Convergence Report <===                     

	----------------------------------------------------------------------------
	|   Required Criteria    |  One or More Criteria  |   Alternate Criteria   |
	----------------------------------------------------------------------------
	| [x]     max_force      | [x]       max_DE       |                        |
	|                        | [x]      max_disp      |                        |
	----------------------------------------------------------------------------


2025-07-17:13:15:44,543 INFO     [psi4.optking.stepAlgorithms:266] 	Convergence check returned True
2025-07-17:13:15:44,543 INFO     [psi4.optking.optimize:286] 	Converged in 15 steps!
2025-07-17:13:15:44,543 INFO     [psi4.optking.optimize:287] 	Final energy is    -68.9342214362234
2025-07-17:13:15:44,543 INFO     [psi4.optking.optimize:288] 	Final structure (Angstroms): 
	Fragment 1 (Ang)

	   Be   0.0000000000   0.0000000000   1.3013409093
	    N   0.0000000000   0.0000000000  -0.8376018380


2025-07-17:13:15:44,544 INFO     [psi4.optking.optimize:432] 	Optimization Finished

	==> Optimization Summary <==

        
	Measures of convergence in internal coordinates in au. (Any backward steps not shown.)
        
	---------------------------------------------------------------------------------------------------------------  ~
        
	 Step         Total Energy             Delta E       MAX Force       RMS Force        MAX Disp        RMS Disp   ~
        
	---------------------------------------------------------------------------------------------------------------  ~
        
	     1     -68.763715854457    -68.763715854457      0.47025123      0.47025123      0.38285672      0.38285672  ~
	     2     -68.877443292621     -0.113727438164      0.17050663      0.17050663      0.20833180      0.20833180  ~
	     3     -68.904419788413     -0.026976495793      0.09526146      0.09526146      0.24758370      0.24758370  ~
	     4     -68.921253319221     -0.016833530808      0.04615270      0.04615270      0.16462278      0.16462278  ~
	     5     -68.927217308289     -0.005963989068      0.02769611      0.02769611      0.16440300      0.16440300  ~
	     6     -68.930735900537     -0.003518592248      0.01601449      0.01601449      0.16979338      0.16979338  ~
	     7     -68.932762070382     -0.002026169845      0.00848134      0.00848134      0.11092252      0.11092252  ~
	     8     -68.933510769186     -0.000748698804      0.00521414      0.00521414      0.10215695      0.10215695  ~
	     9     -68.933924089695     -0.000413320510      0.00301690      0.00301690      0.08817841      0.08817841  ~
	    10     -68.934122897062     -0.000198807367      0.00158641      0.00158641      0.05165542      0.05165542  ~
	    11     -68.934186105436     -0.000063208374      0.00090557      0.00090557      0.04211091      0.04211091  ~
	    12     -68.934213321527     -0.000027216091      0.00042298      0.00042298      0.02506562      0.02506562  ~
	    13     -68.934220313030     -0.000006991502      0.00016328      0.00016328      0.01184352      0.01184352  ~
	    14     -68.934221384828     -0.000001071798      0.00004716      0.00004716      0.00400356      0.00400356  ~
	    15     -68.934221436223     -0.000000051396      0.00000882      0.00000882      0.00081635      0.00081635  ~
	----------------------------------------------------------------------------------------------------------------


2025-07-17:13:15:44,544 INFO     [psi4.optking.optimize:640] Preparing OptimizationResult
