2025-07-17:12:29:20,323 INFO     [psi4.optking.optwrapper:214] Creating a UserComputer
2025-07-17:12:29:20,323 INFO     [psi4.optking.optwrapper:222] 
    			-----------------------------------------

    			 OPTKING 3.0: for geometry optimizations 

    			     By R.A. King, Bethel University     

    			        with contributions from          

    			    A.V. Copan, J. Cayton, A. Heide      

    			-----------------------------------------

    
2025-07-17:12:29:20,323 INFO     [psi4.optking.optwrapper:238] 
		 -- Optimization Parameters --
	accept_symmetry_breaking       =           False
	alg_geom_maxiter               =             500
	bt_dx_conv                     =           1e-07
	bt_dx_rms_change_conv          =           1e-12
	bt_max_iter                    =              25
	cart_hess_read                 =           False
	consecutive_backsteps_allowed  =               0
	conv_max_DE                    =           1e-06
	conv_max_disp                  =          0.0012
	conv_max_force                 =          0.0003
	conv_rms_disp                  =              -1
	conv_rms_force                 =              -1
	covalent_connect               =             1.3
	dynamic_level                  =               0
	dynamic_level_max              =               0
	ensure_bt_convergence          =           False
	ext_force_bend                 =              []
	ext_force_cartesian            =              []
	ext_force_dihedral             =              []
	ext_force_distance             =              []
	ext_force_oofp                 =              []
	fix_val_near_pi                =            1.57
	flexible_g_convergence         =           False
	frag_mode                      =          SINGLE
	frag_ref_atoms                 =            None
	freeze_intrafrag               =           False
	frozen_bend                    =              []
	frozen_cartesian               =              []
	frozen_dihedral                =              []
	frozen_distance                =              []
	frozen_oofp                    =              []
	full_hess_every                =              -1
	g_convergence                  =           QCHEM
	generate_intcos_exit           =           False
	geom_maxiter                   =             500
	h_bond_connect                 =             4.3
	hess_update                    =            BFGS
	hess_update_den_tol            =           1e-07
	hess_update_dq_tol             =             0.5
	hess_update_limit              =            True
	hess_update_limit_max          =             1.0
	hess_update_limit_scale        =             0.5
	hess_update_use_last           =               4
	hessian_file                   =            None
	i_max_DE                       =            True
	i_max_disp                     =            True
	i_max_force                    =            True
	i_rms_disp                     =           False
	i_rms_force                    =           False
	i_untampered                   =            True
	include_oofp                   =           False
	interfrag_collinear_tol        =            0.01
	interfrag_coords               =            None
	interfrag_dist_inv             =           False
	interfrag_mode                 =           FIXED
	interfrag_trust                =             0.5
	interfrag_trust_max            =             1.0
	interfrag_trust_min            =           0.001
	interfragment_connect          =             1.8
	intrafrag_hess                 =        SCHLEGEL
	intrafrag_trust                =             0.5
	intrafrag_trust_max            =             1.0
	intrafrag_trust_min            =           0.001
	irc_direction                  =         FORWARD
	irc_points                     =              20
	irc_step_size                  =             0.2
	keep_intcos                    =           False
	linear_bend_threshold          =            3.05
	linesearch                     =           False
	linesearch_step                =             0.1
	max_disp_g_convergence         =          0.0012
	max_energy_g_convergence       =           1e-06
	max_force_g_convergence        =          0.0003
	opt_coordinates                =       REDUNDANT
	opt_type                       =             MIN
	output_type                    =            FILE
	print_lvl                      =               1
	program                        =            psi4
	ranged_bend                    =              []
	ranged_cartesian               =              []
	ranged_dihedral                =              []
	ranged_distance                =              []
	ranged_oofp                    =              []
	redundant_eval_tol             =           1e-10
	rfo_follow_root                =           False
	rfo_normalization_max          =             100
	rfo_root                       =               0
	rms_disp_g_convergence         =          0.0012
	rms_force_g_convergence        =          0.0003
	rsrfo_alpha_max                =     100000000.0
	sd_hessian                     =             1.0
	simple_step_scaling            =           False
	small_bend_fix_threshold       =            0.35
	steepest_descent_type          =         OVERLAP
	step_type                      =             RFO
	test_B                         =           False
	test_derivative_B              =           False
	trajectory                     =           False
	v3d_tors_angle_lim             =           0.017
	v3d_tors_cos_tol               =           1e-10
	working_consecutive_backsteps  =               0
	working_steps_since_last_H     =               0


2025-07-17:12:29:20,811 INFO     [psi4.optking.molsys:599] 	Increasing scaling to  1.500 to connect fragments.
2025-07-17:12:29:20,811 INFO     [psi4.optking.molsys:576] 	Connecting fragments with atoms 1 and 2
2025-07-17:12:29:20,811 INFO     [psi4.optking.molsys:595] 	All fragments are connected in connectivity matrix.
2025-07-17:12:29:20,811 INFO     [psi4.optking.molsys:470] 	Consolidating multiple fragments into one for optimization.
2025-07-17:12:29:20,812 INFO     [psi4.optking.opt_helper:151] Molsys:

	                            ===> Fragment 1 <== 

	 Z (Atomic Numbers)          Masses                          Geom                  
	       2.000000             4.002603          0.00000000  0.00000000  1.87305433   
	       9.000000            18.998403          0.00000000  0.00000000 -0.39461703   

	 - Coordinate -           - BOHR/RAD -       - ANG/DEG -
	 R(1,2)           =         2.267671           1.200000

2025-07-17:12:29:20,822 INFO     [psi4.driver.task_planner:285] PLANNING Atomic:  keywords={'DAMPING_PERCENTAGE': 1.0, 'GEOM_MAXITER': 500, 'GUESS': 'SAP', 'MAXITER': 500, 'REFERENCE': 'UKS', 'function_kwargs': {}}
2025-07-17:12:29:20,823 INFO     [psi4.driver.driver:636] Compute gradient(): method=b3lyp, basis=cc-pvdz, molecule=default, nre=7.937658160050002
2025-07-17:12:29:21,473 INFO     [psi4.driver.driver:639] Return gradient(): -100.59284727220695
2025-07-17:12:29:21,473 INFO     [psi4.driver.driver:640] [[-0.00000000  0.00000000 -0.18206562]
 [ 0.00000000 -0.00000000  0.18206486]]
2025-07-17:12:29:21,475 INFO     [psi4.optking.molsys:874] Projected (PHP) Hessian matrix
	   0.246653

2025-07-17:12:29:21,475 INFO     [psi4.optking.opt_helper:168] 
	         Geometry (au)                                       Gradient (au)
   0.0000000000   0.0000000000   1.8730543254		  -0.0000000000   0.0000000000  -0.1820656192
   0.0000000000   0.0000000000  -0.3946170251		   0.0000000000  -0.0000000000   0.1820648645

2025-07-17:12:29:21,475 INFO     [psi4.optking.stepAlgorithms:750] 	Using RFO solution 1.
2025-07-17:12:29:21,476 INFO     [psi4.optking.displace:73] 	Determining Cartesian step for fragment 1.
2025-07-17:12:29:21,476 INFO     [psi4.optking.displace:378] 	Successfully converged to displaced geometry.
2025-07-17:12:29:21,476 INFO     [psi4.optking.displace:379] 	RMS(dx):  0.000e+00 	Max(dx):  0.000e+00 	RMS(dq):  0.000e+00
2025-07-17:12:29:21,476 INFO     [psi4.optking.displace:132] 

	        --- Internal Coordinate Step in ANG or DEG, aJ/ANG or AJ/DEG ---
	-------------------------------------------------------------------------------
	           Coordinate      Previous         Force          Change          New 
	           ----------      --------        ------          ------        ------
	               R(1,2)       1.20000        1.49999        0.26459       1.46459
	-------------------------------------------------------------------------------

2025-07-17:12:29:21,477 INFO     [psi4.optking.stepAlgorithms:96] 	|target step| :    0.5000000025
2025-07-17:12:29:21,477 INFO     [psi4.optking.stepAlgorithms:97] 	gradient     :   -0.1820652418
2025-07-17:12:29:21,477 INFO     [psi4.optking.stepAlgorithms:98] 	hessian      :    0.2466528172
2025-07-17:12:29:21,477 INFO     [psi4.optking.stepAlgorithms:177] 	Norm of achieved step-size    0.5000000025
2025-07-17:12:29:21,477 INFO     [psi4.optking.stepAlgorithms:179] 	Norm of achieved step-size (cart):    0.3535533924
2025-07-17:12:29:21,477 INFO     [psi4.optking.opt_helper:151] Molsys:

	                            ===> Fragment 1 <== 

	 Z (Atomic Numbers)          Masses                          Geom                  
	       2.000000             4.002603          0.00000000  0.00000000  2.12305433   
	       9.000000            18.998403          0.00000000  0.00000000 -0.64461703   

	 - Coordinate -           - BOHR/RAD -       - ANG/DEG -
	 R(1,2)           =         2.767671           1.464589

2025-07-17:12:29:21,477 INFO     [psi4.optking.convcheck:71] Performing convergence check.
2025-07-17:12:29:21,477 INFO     [psi4.optking.convcheck:263] 
	                                 ==> Convergence Check <==                                  
    
	Measures of convergence in internal coordinates in au.
    
	Criteria marked as inactive (o), active & met (*), and active & unmet ( ).

	----------------------------------------------------------------------------------------------
	   Step    Total Energy     Delta E     Max Force     RMS Force      Max Disp      RMS Disp   
	----------------------------------------------------------------------------------------------
	  Convergence Criteria     1.00e-06 *    3.00e-04 *             o    1.20e-03 *             o
	----------------------------------------------------------------------------------------------
	     1    -100.59284727   -1.01e+02      1.82e-01      1.82e-01 o    5.00e-01      5.00e-01 o  ~
	----------------------------------------------------------------------------------------------


2025-07-17:12:29:21,477 INFO     [psi4.optking.stepAlgorithms:266] 	Convergence check returned False
2025-07-17:12:29:21,499 INFO     [psi4.driver.task_planner:285] PLANNING Atomic:  keywords={'DAMPING_PERCENTAGE': 1.0, 'GEOM_MAXITER': 500, 'SCF__GUESS': 'READ', 'GUESS': 'SAP', 'MAXITER': 500, 'REFERENCE': 'UKS', 'function_kwargs': {}}
2025-07-17:12:29:21,501 INFO     [psi4.driver.driver:636] Compute gradient(): method=b3lyp, basis=cc-pvdz, molecule=default, nre=6.503662358681103
2025-07-17:12:29:22,111 INFO     [psi4.driver.driver:639] Return gradient(): -100.63245857132699
2025-07-17:12:29:22,111 INFO     [psi4.driver.driver:640] [[ 0.00000000 -0.00000000 -0.01514065]
 [ 0.00000000  0.00000000  0.01514242]]
2025-07-17:12:29:22,113 INFO     [psi4.optking.history:257] 	Performing BFGS update.
2025-07-17:12:29:22,113 INFO     [psi4.optking.history:268] 	Using 1 previous steps for update.
2025-07-17:12:29:22,113 INFO     [psi4.optking.history:302] 	Steps to be used in Hessian update:  1

2025-07-17:12:29:22,113 INFO     [psi4.optking.history:400] 	Updated Hessian (in au) 
 	   0.333847

2025-07-17:12:29:22,113 INFO     [psi4.optking.molsys:874] Projected (PHP) Hessian matrix
	   0.333847

2025-07-17:12:29:22,113 INFO     [psi4.optking.opt_helper:168] 
	         Geometry (au)                                       Gradient (au)
   0.0000000000   0.0000000000   2.2860450206		   0.0000000000  -0.0000000000  -0.0151406495
   0.0000000000   0.0000000000  -0.4816263325		   0.0000000000   0.0000000000   0.0151424250

2025-07-17:12:29:22,113 INFO     [psi4.optking.stepAlgorithms:315] 	Current Step Report 
 
	Current energy:      -100.6324585713
	Energy change for the previous step:
		Actual       :        -0.0396112991
		Projected    :        -0.0481608150

2025-07-17:12:29:22,113 INFO     [psi4.optking.stepAlgorithms:318] 	Energy ratio =    0.82248
2025-07-17:12:29:22,113 INFO     [psi4.optking.stepAlgorithms:346] 	Energy ratio indicates good step.
2025-07-17:12:29:22,113 INFO     [psi4.optking.stepAlgorithms:347] 	Intrafrag trust radius increased to 1.000e+00.
2025-07-17:12:29:22,113 INFO     [psi4.optking.stepAlgorithms:750] 	Using RFO solution 1.
2025-07-17:12:29:22,113 INFO     [psi4.optking.displace:73] 	Determining Cartesian step for fragment 1.
2025-07-17:12:29:22,113 INFO     [psi4.optking.displace:378] 	Successfully converged to displaced geometry.
2025-07-17:12:29:22,113 INFO     [psi4.optking.displace:379] 	RMS(dx):  0.000e+00 	Max(dx):  0.000e+00 	RMS(dq):  0.000e+00
2025-07-17:12:29:22,114 INFO     [psi4.optking.displace:132] 

	        --- Internal Coordinate Step in ANG or DEG, aJ/ANG or AJ/DEG ---
	-------------------------------------------------------------------------------
	           Coordinate      Previous         Force          Change          New 
	           ----------      --------        ------          ------        ------
	               R(1,2)       1.46459        0.12475        0.02395       1.48854
	-------------------------------------------------------------------------------

2025-07-17:12:29:22,114 INFO     [psi4.optking.stepAlgorithms:96] 	|target step| :    0.0452617499
2025-07-17:12:29:22,114 INFO     [psi4.optking.stepAlgorithms:97] 	gradient     :   -0.0151415372
2025-07-17:12:29:22,114 INFO     [psi4.optking.stepAlgorithms:98] 	hessian      :    0.3338474075
2025-07-17:12:29:22,114 INFO     [psi4.optking.stepAlgorithms:177] 	Norm of achieved step-size    0.0452617499
2025-07-17:12:29:22,114 INFO     [psi4.optking.stepAlgorithms:179] 	Norm of achieved step-size (cart):    0.0320048903
2025-07-17:12:29:22,114 INFO     [psi4.optking.opt_helper:151] Molsys:

	                            ===> Fragment 1 <== 

	 Z (Atomic Numbers)          Masses                          Geom                  
	       2.000000             4.002603          0.00000000  0.00000000  2.30867590   
	       9.000000            18.998403          0.00000000  0.00000000 -0.50425721   

	 - Coordinate -           - BOHR/RAD -       - ANG/DEG -
	 R(1,2)           =         2.812933           1.488540

2025-07-17:12:29:22,114 INFO     [psi4.optking.convcheck:71] Performing convergence check.
2025-07-17:12:29:22,114 INFO     [psi4.optking.convcheck:263] 
	                                 ==> Convergence Check <==                                  
    
	Measures of convergence in internal coordinates in au.
    
	Criteria marked as inactive (o), active & met (*), and active & unmet ( ).

	----------------------------------------------------------------------------------------------
	   Step    Total Energy     Delta E     Max Force     RMS Force      Max Disp      RMS Disp   
	----------------------------------------------------------------------------------------------
	  Convergence Criteria     1.00e-06 *    3.00e-04 *             o    1.20e-03 *             o
	----------------------------------------------------------------------------------------------
	     2    -100.63245857   -3.96e-02      1.51e-02      1.51e-02 o    4.53e-02      4.53e-02 o  ~
	----------------------------------------------------------------------------------------------


2025-07-17:12:29:22,114 INFO     [psi4.optking.stepAlgorithms:266] 	Convergence check returned False
2025-07-17:12:29:22,128 INFO     [psi4.driver.task_planner:285] PLANNING Atomic:  keywords={'DAMPING_PERCENTAGE': 1.0, 'GEOM_MAXITER': 500, 'SCF__GUESS': 'READ', 'GUESS': 'SAP', 'MAXITER': 500, 'REFERENCE': 'UKS', 'function_kwargs': {}}
2025-07-17:12:29:22,130 INFO     [psi4.driver.driver:636] Compute gradient(): method=b3lyp, basis=cc-pvdz, molecule=default, nre=6.399014601917661
2025-07-17:12:29:22,707 INFO     [psi4.driver.driver:639] Return gradient(): -100.63300486619457
2025-07-17:12:29:22,707 INFO     [psi4.driver.driver:640] [[-0.00000000  0.00000000 -0.00915847]
 [ 0.00000000  0.00000000  0.00915650]]
2025-07-17:12:29:22,708 INFO     [psi4.optking.history:257] 	Performing BFGS update.
2025-07-17:12:29:22,708 INFO     [psi4.optking.history:268] 	Using 2 previous steps for update.
2025-07-17:12:29:22,708 WARNING  [psi4.optking.history:286] 	Change in internal coordinate of 5.45e-01 exceeds limit of 5.00e-01.
2025-07-17:12:29:22,709 WARNING  [psi4.optking.history:291] 	Skipping Hessian update for step 1.
2025-07-17:12:29:22,709 INFO     [psi4.optking.history:302] 	Steps to be used in Hessian update:  2

2025-07-17:12:29:22,709 INFO     [psi4.optking.history:400] 	Updated Hessian (in au) 
 	   0.132210

2025-07-17:12:29:22,709 INFO     [psi4.optking.molsys:874] Projected (PHP) Hessian matrix
	   0.132210

2025-07-17:12:29:22,709 INFO     [psi4.optking.opt_helper:168] 
	         Geometry (au)                                       Gradient (au)
   0.0000000000   0.0000000000   2.3234303835		  -0.0000000000   0.0000000000  -0.0091584656
   0.0000000000   0.0000000000  -0.4895027195		   0.0000000000   0.0000000000   0.0091564983

2025-07-17:12:29:22,709 INFO     [psi4.optking.stepAlgorithms:315] 	Current Step Report 
 
	Current energy:      -100.6330048662
	Energy change for the previous step:
		Actual       :        -0.0005462949
		Projected    :        -0.0003426662

2025-07-17:12:29:22,709 INFO     [psi4.optking.stepAlgorithms:318] 	Energy ratio =    1.59425
2025-07-17:12:29:22,709 INFO     [psi4.optking.stepAlgorithms:750] 	Using RFO solution 1.
2025-07-17:12:29:22,709 INFO     [psi4.optking.displace:73] 	Determining Cartesian step for fragment 1.
2025-07-17:12:29:22,709 INFO     [psi4.optking.displace:378] 	Successfully converged to displaced geometry.
2025-07-17:12:29:22,709 INFO     [psi4.optking.displace:379] 	RMS(dx):  0.000e+00 	Max(dx):  0.000e+00 	RMS(dq):  0.000e+00
2025-07-17:12:29:22,709 INFO     [psi4.optking.displace:132] 

	        --- Internal Coordinate Step in ANG or DEG, aJ/ANG or AJ/DEG ---
	-------------------------------------------------------------------------------
	           Coordinate      Previous         Force          Change          New 
	           ----------      --------        ------          ------        ------
	               R(1,2)       1.48854        0.07545        0.03648       1.52502
	-------------------------------------------------------------------------------

2025-07-17:12:29:22,709 INFO     [psi4.optking.stepAlgorithms:96] 	|target step| :    0.0689355244
2025-07-17:12:29:22,709 INFO     [psi4.optking.stepAlgorithms:97] 	gradient     :   -0.0091574820
2025-07-17:12:29:22,709 INFO     [psi4.optking.stepAlgorithms:98] 	hessian      :    0.1322099847
2025-07-17:12:29:22,709 INFO     [psi4.optking.stepAlgorithms:177] 	Norm of achieved step-size    0.0689355244
2025-07-17:12:29:22,709 INFO     [psi4.optking.stepAlgorithms:179] 	Norm of achieved step-size (cart):    0.0487447767
2025-07-17:12:29:22,710 INFO     [psi4.optking.opt_helper:151] Molsys:

	                            ===> Fragment 1 <== 

	 Z (Atomic Numbers)          Masses                          Geom                  
	       2.000000             4.002603          0.00000000  0.00000000  2.35789815   
	       9.000000            18.998403          0.00000000  0.00000000 -0.52397048   

	 - Coordinate -           - BOHR/RAD -       - ANG/DEG -
	 R(1,2)           =         2.881869           1.525019

2025-07-17:12:29:22,710 INFO     [psi4.optking.convcheck:71] Performing convergence check.
2025-07-17:12:29:22,710 INFO     [psi4.optking.convcheck:263] 
	                                 ==> Convergence Check <==                                  
    
	Measures of convergence in internal coordinates in au.
    
	Criteria marked as inactive (o), active & met (*), and active & unmet ( ).

	----------------------------------------------------------------------------------------------
	   Step    Total Energy     Delta E     Max Force     RMS Force      Max Disp      RMS Disp   
	----------------------------------------------------------------------------------------------
	  Convergence Criteria     1.00e-06 *    3.00e-04 *             o    1.20e-03 *             o
	----------------------------------------------------------------------------------------------
	     3    -100.63300487   -5.46e-04      9.16e-03      9.16e-03 o    6.89e-02      6.89e-02 o  ~
	----------------------------------------------------------------------------------------------


2025-07-17:12:29:22,710 INFO     [psi4.optking.stepAlgorithms:266] 	Convergence check returned False
2025-07-17:12:29:22,726 INFO     [psi4.driver.task_planner:285] PLANNING Atomic:  keywords={'DAMPING_PERCENTAGE': 1.0, 'GEOM_MAXITER': 500, 'SCF__GUESS': 'READ', 'GUESS': 'SAP', 'MAXITER': 500, 'REFERENCE': 'UKS', 'function_kwargs': {}}
2025-07-17:12:29:22,728 INFO     [psi4.driver.driver:636] Compute gradient(): method=b3lyp, basis=cc-pvdz, molecule=default, nre=6.245947448622876
2025-07-17:12:29:23,293 INFO     [psi4.driver.driver:639] Return gradient(): -100.63336767828676
2025-07-17:12:29:23,293 INFO     [psi4.driver.driver:640] [[-0.00000000  0.00000000 -0.00168203]
 [ 0.00000000 -0.00000000  0.00167783]]
2025-07-17:12:29:23,295 INFO     [psi4.optking.history:257] 	Performing BFGS update.
2025-07-17:12:29:23,295 INFO     [psi4.optking.history:268] 	Using 3 previous steps for update.
2025-07-17:12:29:23,295 WARNING  [psi4.optking.history:286] 	Change in internal coordinate of 6.14e-01 exceeds limit of 5.00e-01.
2025-07-17:12:29:23,295 WARNING  [psi4.optking.history:291] 	Skipping Hessian update for step 1.
2025-07-17:12:29:23,295 INFO     [psi4.optking.history:302] 	Steps to be used in Hessian update:  3 2

2025-07-17:12:29:23,295 INFO     [psi4.optking.history:400] 	Updated Hessian (in au) 
 	   0.117880

2025-07-17:12:29:23,295 INFO     [psi4.optking.molsys:874] Projected (PHP) Hessian matrix
	   0.117880

2025-07-17:12:29:23,295 INFO     [psi4.optking.opt_helper:168] 
	         Geometry (au)                                       Gradient (au)
   0.0000000000   0.0000000000   2.3803698434		  -0.0000000000   0.0000000000  -0.0016820284
   0.0000000000   0.0000000000  -0.5014987839		   0.0000000000  -0.0000000000   0.0016778313

2025-07-17:12:29:23,295 INFO     [psi4.optking.stepAlgorithms:315] 	Current Step Report 
 
	Current energy:      -100.6333676783
	Energy change for the previous step:
		Actual       :        -0.0003628121
		Projected    :        -0.0003156379

2025-07-17:12:29:23,295 INFO     [psi4.optking.stepAlgorithms:318] 	Energy ratio =    1.14946
2025-07-17:12:29:23,295 INFO     [psi4.optking.stepAlgorithms:750] 	Using RFO solution 1.
2025-07-17:12:29:23,295 INFO     [psi4.optking.displace:73] 	Determining Cartesian step for fragment 1.
2025-07-17:12:29:23,295 INFO     [psi4.optking.displace:378] 	Successfully converged to displaced geometry.
2025-07-17:12:29:23,295 INFO     [psi4.optking.displace:379] 	RMS(dx):  0.000e+00 	Max(dx):  0.000e+00 	RMS(dq):  0.000e+00
2025-07-17:12:29:23,296 INFO     [psi4.optking.displace:132] 

	        --- Internal Coordinate Step in ANG or DEG, aJ/ANG or AJ/DEG ---
	-------------------------------------------------------------------------------
	           Coordinate      Previous         Force          Change          New 
	           ----------      --------        ------          ------        ------
	               R(1,2)       1.52502        0.01384        0.00754       1.53256
	-------------------------------------------------------------------------------

2025-07-17:12:29:23,296 INFO     [psi4.optking.stepAlgorithms:96] 	|target step| :    0.0142482583
2025-07-17:12:29:23,296 INFO     [psi4.optking.stepAlgorithms:97] 	gradient     :   -0.0016799298
2025-07-17:12:29:23,296 INFO     [psi4.optking.stepAlgorithms:98] 	hessian      :    0.1178802864
2025-07-17:12:29:23,296 INFO     [psi4.optking.stepAlgorithms:177] 	Norm of achieved step-size    0.0142482583
2025-07-17:12:29:23,296 INFO     [psi4.optking.stepAlgorithms:179] 	Norm of achieved step-size (cart):    0.0100750401
2025-07-17:12:29:23,296 INFO     [psi4.optking.opt_helper:151] Molsys:

	                            ===> Fragment 1 <== 

	 Z (Atomic Numbers)          Masses                          Geom                  
	       2.000000             4.002603          0.00000000  0.00000000  2.38749397   
	       9.000000            18.998403          0.00000000  0.00000000 -0.50862291   

	 - Coordinate -           - BOHR/RAD -       - ANG/DEG -
	 R(1,2)           =         2.896117           1.532559

2025-07-17:12:29:23,296 INFO     [psi4.optking.convcheck:71] Performing convergence check.
2025-07-17:12:29:23,296 INFO     [psi4.optking.convcheck:263] 
	                                 ==> Convergence Check <==                                  
    
	Measures of convergence in internal coordinates in au.
    
	Criteria marked as inactive (o), active & met (*), and active & unmet ( ).

	----------------------------------------------------------------------------------------------
	   Step    Total Energy     Delta E     Max Force     RMS Force      Max Disp      RMS Disp   
	----------------------------------------------------------------------------------------------
	  Convergence Criteria     1.00e-06 *    3.00e-04 *             o    1.20e-03 *             o
	----------------------------------------------------------------------------------------------
	     4    -100.63336768   -3.63e-04      1.68e-03      1.68e-03 o    1.42e-02      1.42e-02 o  ~
	----------------------------------------------------------------------------------------------


2025-07-17:12:29:23,296 INFO     [psi4.optking.stepAlgorithms:266] 	Convergence check returned False
2025-07-17:12:29:23,311 INFO     [psi4.driver.task_planner:285] PLANNING Atomic:  keywords={'DAMPING_PERCENTAGE': 1.0, 'GEOM_MAXITER': 500, 'SCF__GUESS': 'READ', 'GUESS': 'SAP', 'MAXITER': 500, 'REFERENCE': 'UKS', 'function_kwargs': {}}
2025-07-17:12:29:23,312 INFO     [psi4.driver.driver:636] Compute gradient(): method=b3lyp, basis=cc-pvdz, molecule=default, nre=6.215218760487723
2025-07-17:12:29:23,852 INFO     [psi4.driver.driver:639] Return gradient(): -100.63338203502313
2025-07-17:12:29:23,853 INFO     [psi4.driver.driver:640] [[-0.00000000  0.00000000 -0.00035538]
 [ 0.00000000 -0.00000000  0.00035120]]
2025-07-17:12:29:23,855 INFO     [psi4.optking.history:257] 	Performing BFGS update.
2025-07-17:12:29:23,855 INFO     [psi4.optking.history:268] 	Using 4 previous steps for update.
2025-07-17:12:29:23,855 WARNING  [psi4.optking.history:286] 	Change in internal coordinate of 6.28e-01 exceeds limit of 5.00e-01.
2025-07-17:12:29:23,855 WARNING  [psi4.optking.history:291] 	Skipping Hessian update for step 1.
2025-07-17:12:29:23,855 INFO     [psi4.optking.history:302] 	Steps to be used in Hessian update:  4 3 2

2025-07-17:12:29:23,856 INFO     [psi4.optking.history:400] 	Updated Hessian (in au) 
 	   0.115132

2025-07-17:12:29:23,856 INFO     [psi4.optking.molsys:874] Projected (PHP) Hessian matrix
	   0.115132

2025-07-17:12:29:23,856 INFO     [psi4.optking.opt_helper:168] 
	         Geometry (au)                                       Gradient (au)
   0.0000000000   0.0000000000   2.3921386396		  -0.0000000000   0.0000000000  -0.0003553845
   0.0000000000   0.0000000000  -0.5039782460		   0.0000000000  -0.0000000000   0.0003511994

2025-07-17:12:29:23,856 INFO     [psi4.optking.stepAlgorithms:315] 	Current Step Report 
 
	Current energy:      -100.6333820350
	Energy change for the previous step:
		Actual       :        -0.0000143567
		Projected    :        -0.0000119680

2025-07-17:12:29:23,856 INFO     [psi4.optking.stepAlgorithms:318] 	Energy ratio =    1.19959
2025-07-17:12:29:23,856 INFO     [psi4.optking.stepAlgorithms:750] 	Using RFO solution 1.
2025-07-17:12:29:23,857 INFO     [psi4.optking.displace:73] 	Determining Cartesian step for fragment 1.
2025-07-17:12:29:23,857 INFO     [psi4.optking.displace:378] 	Successfully converged to displaced geometry.
2025-07-17:12:29:23,857 INFO     [psi4.optking.displace:379] 	RMS(dx):  0.000e+00 	Max(dx):  0.000e+00 	RMS(dq):  0.000e+00
2025-07-17:12:29:23,857 INFO     [psi4.optking.displace:132] 

	        --- Internal Coordinate Step in ANG or DEG, aJ/ANG or AJ/DEG ---
	-------------------------------------------------------------------------------
	           Coordinate      Previous         Force          Change          New 
	           ----------      --------        ------          ------        ------
	               R(1,2)       1.53256        0.00291        0.00162       1.53418
	-------------------------------------------------------------------------------

2025-07-17:12:29:23,857 INFO     [psi4.optking.stepAlgorithms:96] 	|target step| :    0.0030685415
2025-07-17:12:29:23,857 INFO     [psi4.optking.stepAlgorithms:97] 	gradient     :   -0.0003532919
2025-07-17:12:29:23,857 INFO     [psi4.optking.stepAlgorithms:98] 	hessian      :    0.1151324221
2025-07-17:12:29:23,857 INFO     [psi4.optking.stepAlgorithms:177] 	Norm of achieved step-size    0.0030685415
2025-07-17:12:29:23,857 INFO     [psi4.optking.stepAlgorithms:179] 	Norm of achieved step-size (cart):    0.0021697865
2025-07-17:12:29:23,858 INFO     [psi4.optking.opt_helper:151] Molsys:

	                            ===> Fragment 1 <== 

	 Z (Atomic Numbers)          Masses                          Geom                  
	       2.000000             4.002603          0.00000000  0.00000000  2.39367291   
	       9.000000            18.998403          0.00000000  0.00000000 -0.50551252   

	 - Coordinate -           - BOHR/RAD -       - ANG/DEG -
	 R(1,2)           =         2.899185           1.534183

2025-07-17:12:29:23,858 INFO     [psi4.optking.convcheck:71] Performing convergence check.
2025-07-17:12:29:23,858 INFO     [psi4.optking.convcheck:263] 
	                                 ==> Convergence Check <==                                  
    
	Measures of convergence in internal coordinates in au.
    
	Criteria marked as inactive (o), active & met (*), and active & unmet ( ).

	----------------------------------------------------------------------------------------------
	   Step    Total Energy     Delta E     Max Force     RMS Force      Max Disp      RMS Disp   
	----------------------------------------------------------------------------------------------
	  Convergence Criteria     1.00e-06 *    3.00e-04 *             o    1.20e-03 *             o
	----------------------------------------------------------------------------------------------
	     5    -100.63338204   -1.44e-05      3.53e-04      3.53e-04 o    3.07e-03      3.07e-03 o  ~
	----------------------------------------------------------------------------------------------


2025-07-17:12:29:23,858 INFO     [psi4.optking.stepAlgorithms:266] 	Convergence check returned False
2025-07-17:12:29:23,871 INFO     [psi4.driver.task_planner:285] PLANNING Atomic:  keywords={'DAMPING_PERCENTAGE': 1.0, 'GEOM_MAXITER': 500, 'SCF__GUESS': 'READ', 'GUESS': 'SAP', 'MAXITER': 500, 'REFERENCE': 'UKS', 'function_kwargs': {}}
2025-07-17:12:29:23,872 INFO     [psi4.driver.driver:636] Compute gradient(): method=b3lyp, basis=cc-pvdz, molecule=default, nre=6.208640479331596
2025-07-17:12:29:24,376 INFO     [psi4.driver.driver:639] Return gradient(): -100.63338268049843
2025-07-17:12:29:24,376 INFO     [psi4.driver.driver:640] [[ 0.00000000  0.00000000 -0.00007872]
 [-0.00000000 -0.00000000  0.00007455]]
2025-07-17:12:29:24,379 INFO     [psi4.optking.history:257] 	Performing BFGS update.
2025-07-17:12:29:24,379 INFO     [psi4.optking.history:268] 	Using 4 previous steps for update.
2025-07-17:12:29:24,379 INFO     [psi4.optking.history:302] 	Steps to be used in Hessian update:  5 4 3 2

2025-07-17:12:29:24,379 INFO     [psi4.optking.history:400] 	Updated Hessian (in au) 
 	   0.114550

2025-07-17:12:29:24,379 INFO     [psi4.optking.molsys:874] Projected (PHP) Hessian matrix
	   0.114550

2025-07-17:12:29:24,380 INFO     [psi4.optking.opt_helper:168] 
	         Geometry (au)                                       Gradient (au)
   0.0000000000   0.0000000000   2.3946731978		   0.0000000000   0.0000000000  -0.0000787246
   0.0000000000   0.0000000000  -0.5045122294		  -0.0000000000  -0.0000000000   0.0000745516

2025-07-17:12:29:24,380 INFO     [psi4.optking.stepAlgorithms:315] 	Current Step Report 
 
	Current energy:      -100.6333826805
	Energy change for the previous step:
		Actual       :        -0.0000006455
		Projected    :        -0.0000005420

2025-07-17:12:29:24,380 INFO     [psi4.optking.stepAlgorithms:318] 	Energy ratio =    1.19081
2025-07-17:12:29:24,380 INFO     [psi4.optking.stepAlgorithms:750] 	Using RFO solution 1.
2025-07-17:12:29:24,380 INFO     [psi4.optking.displace:73] 	Determining Cartesian step for fragment 1.
2025-07-17:12:29:24,380 INFO     [psi4.optking.displace:378] 	Successfully converged to displaced geometry.
2025-07-17:12:29:24,380 INFO     [psi4.optking.displace:379] 	RMS(dx):  0.000e+00 	Max(dx):  0.000e+00 	RMS(dq):  0.000e+00
2025-07-17:12:29:24,381 INFO     [psi4.optking.displace:132] 

	        --- Internal Coordinate Step in ANG or DEG, aJ/ANG or AJ/DEG ---
	-------------------------------------------------------------------------------
	           Coordinate      Previous         Force          Change          New 
	           ----------      --------        ------          ------        ------
	               R(1,2)       1.53418        0.00063        0.00035       1.53454
	-------------------------------------------------------------------------------

2025-07-17:12:29:24,381 INFO     [psi4.optking.stepAlgorithms:96] 	|target step| :    0.0006690377
2025-07-17:12:29:24,381 INFO     [psi4.optking.stepAlgorithms:97] 	gradient     :   -0.0000766381
2025-07-17:12:29:24,381 INFO     [psi4.optking.stepAlgorithms:98] 	hessian      :    0.1145497105
2025-07-17:12:29:24,381 INFO     [psi4.optking.stepAlgorithms:177] 	Norm of achieved step-size    0.0006690377
2025-07-17:12:29:24,381 INFO     [psi4.optking.stepAlgorithms:179] 	Norm of achieved step-size (cart):    0.0004730811
2025-07-17:12:29:24,381 INFO     [psi4.optking.opt_helper:151] Molsys:

	                            ===> Fragment 1 <== 

	 Z (Atomic Numbers)          Masses                          Geom                  
	       2.000000             4.002603          0.00000000  0.00000000  2.39500772   
	       9.000000            18.998403          0.00000000  0.00000000 -0.50484675   

	 - Coordinate -           - BOHR/RAD -       - ANG/DEG -
	 R(1,2)           =         2.899854           1.534537

2025-07-17:12:29:24,381 INFO     [psi4.optking.convcheck:71] Performing convergence check.
2025-07-17:12:29:24,382 INFO     [psi4.optking.convcheck:263] 
	                                 ==> Convergence Check <==                                  
    
	Measures of convergence in internal coordinates in au.
    
	Criteria marked as inactive (o), active & met (*), and active & unmet ( ).

	----------------------------------------------------------------------------------------------
	   Step    Total Energy     Delta E     Max Force     RMS Force      Max Disp      RMS Disp   
	----------------------------------------------------------------------------------------------
	  Convergence Criteria     1.00e-06 *    3.00e-04 *             o    1.20e-03 *             o
	----------------------------------------------------------------------------------------------
	     6    -100.63338268   -6.45e-07 *    7.66e-05 *    7.66e-05 o    6.69e-04 *    6.69e-04 o  ~
	----------------------------------------------------------------------------------------------


2025-07-17:12:29:24,382 INFO     [psi4.optking.convcheck:193] 
	                      ===> Final Convergence Report <===                     

	----------------------------------------------------------------------------
	|   Required Criteria    |  One or More Criteria  |   Alternate Criteria   |
	----------------------------------------------------------------------------
	| [x]     max_force      | [x]       max_DE       |                        |
	|                        | [x]      max_disp      |                        |
	----------------------------------------------------------------------------


2025-07-17:12:29:24,382 INFO     [psi4.optking.stepAlgorithms:266] 	Convergence check returned True
2025-07-17:12:29:24,383 INFO     [psi4.optking.optimize:286] 	Converged in 6 steps!
2025-07-17:12:29:24,383 INFO     [psi4.optking.optimize:287] 	Final energy is   -100.6333826804984
2025-07-17:12:29:24,384 INFO     [psi4.optking.optimize:288] 	Final structure (Angstroms): 
	Fragment 1 (Ang)

	   He   0.0000000000   0.0000000000   1.2673835030
	    F   0.0000000000   0.0000000000  -0.2671533940


2025-07-17:12:29:24,385 INFO     [psi4.optking.optimize:432] 	Optimization Finished

	==> Optimization Summary <==

        
	Measures of convergence in internal coordinates in au. (Any backward steps not shown.)
        
	---------------------------------------------------------------------------------------------------------------  ~
        
	 Step         Total Energy             Delta E       MAX Force       RMS Force        MAX Disp        RMS Disp   ~
        
	---------------------------------------------------------------------------------------------------------------  ~
        
	     1    -100.592847272207   -100.592847272207      0.18206524      0.18206524      0.50000000      0.50000000  ~
	     2    -100.632458571327     -0.039611299120      0.01514154      0.01514154      0.04526175      0.04526175  ~
	     3    -100.633004866195     -0.000546294868      0.00915748      0.00915748      0.06893552      0.06893552  ~
	     4    -100.633367678287     -0.000362812092      0.00167993      0.00167993      0.01424826      0.01424826  ~
	     5    -100.633382035023     -0.000014356736      0.00035329      0.00035329      0.00306854      0.00306854  ~
	     6    -100.633382680498     -0.000000645475      0.00007664      0.00007664      0.00066904      0.00066904  ~
	----------------------------------------------------------------------------------------------------------------


2025-07-17:12:29:24,385 INFO     [psi4.optking.optimize:640] Preparing OptimizationResult
