2025-07-17:13:23:56,541 INFO     [psi4.optking.optwrapper:214] Creating a UserComputer
2025-07-17:13:23:56,541 INFO     [psi4.optking.optwrapper:222] 
    			-----------------------------------------

    			 OPTKING 3.0: for geometry optimizations 

    			     By R.A. King, Bethel University     

    			        with contributions from          

    			    A.V. Copan, J. Cayton, A. Heide      

    			-----------------------------------------

    
2025-07-17:13:23:56,541 INFO     [psi4.optking.optwrapper:238] 
		 -- Optimization Parameters --
	accept_symmetry_breaking       =           False
	alg_geom_maxiter               =             500
	bt_dx_conv                     =           1e-07
	bt_dx_rms_change_conv          =           1e-12
	bt_max_iter                    =              25
	cart_hess_read                 =           False
	consecutive_backsteps_allowed  =               0
	conv_max_DE                    =           1e-06
	conv_max_disp                  =          0.0012
	conv_max_force                 =          0.0003
	conv_rms_disp                  =              -1
	conv_rms_force                 =              -1
	covalent_connect               =             1.3
	dynamic_level                  =               0
	dynamic_level_max              =               0
	ensure_bt_convergence          =           False
	ext_force_bend                 =              []
	ext_force_cartesian            =              []
	ext_force_dihedral             =              []
	ext_force_distance             =              []
	ext_force_oofp                 =              []
	fix_val_near_pi                =            1.57
	flexible_g_convergence         =           False
	frag_mode                      =          SINGLE
	frag_ref_atoms                 =            None
	freeze_intrafrag               =           False
	frozen_bend                    =              []
	frozen_cartesian               =              []
	frozen_dihedral                =              []
	frozen_distance                =              []
	frozen_oofp                    =              []
	full_hess_every                =              -1
	g_convergence                  =           QCHEM
	generate_intcos_exit           =           False
	geom_maxiter                   =             500
	h_bond_connect                 =             4.3
	hess_update                    =            BFGS
	hess_update_den_tol            =           1e-07
	hess_update_dq_tol             =             0.5
	hess_update_limit              =            True
	hess_update_limit_max          =             1.0
	hess_update_limit_scale        =             0.5
	hess_update_use_last           =               4
	hessian_file                   =            None
	i_max_DE                       =            True
	i_max_disp                     =            True
	i_max_force                    =            True
	i_rms_disp                     =           False
	i_rms_force                    =           False
	i_untampered                   =            True
	include_oofp                   =           False
	interfrag_collinear_tol        =            0.01
	interfrag_coords               =            None
	interfrag_dist_inv             =           False
	interfrag_mode                 =           FIXED
	interfrag_trust                =             0.5
	interfrag_trust_max            =             1.0
	interfrag_trust_min            =           0.001
	interfragment_connect          =             1.8
	intrafrag_hess                 =        SCHLEGEL
	intrafrag_trust                =             0.5
	intrafrag_trust_max            =             1.0
	intrafrag_trust_min            =           0.001
	irc_direction                  =         FORWARD
	irc_points                     =              20
	irc_step_size                  =             0.2
	keep_intcos                    =           False
	linear_bend_threshold          =            3.05
	linesearch                     =           False
	linesearch_step                =             0.1
	max_disp_g_convergence         =          0.0012
	max_energy_g_convergence       =           1e-06
	max_force_g_convergence        =          0.0003
	opt_coordinates                =       REDUNDANT
	opt_type                       =             MIN
	output_type                    =            FILE
	print_lvl                      =               1
	program                        =            psi4
	ranged_bend                    =              []
	ranged_cartesian               =              []
	ranged_dihedral                =              []
	ranged_distance                =              []
	ranged_oofp                    =              []
	redundant_eval_tol             =           1e-10
	rfo_follow_root                =           False
	rfo_normalization_max          =             100
	rfo_root                       =               0
	rms_disp_g_convergence         =          0.0012
	rms_force_g_convergence        =          0.0003
	rsrfo_alpha_max                =     100000000.0
	sd_hessian                     =             1.0
	simple_step_scaling            =           False
	small_bend_fix_threshold       =            0.35
	steepest_descent_type          =         OVERLAP
	step_type                      =             RFO
	test_B                         =           False
	test_derivative_B              =           False
	trajectory                     =           False
	v3d_tors_angle_lim             =           0.017
	v3d_tors_cos_tol               =           1e-10
	working_consecutive_backsteps  =               0
	working_steps_since_last_H     =               0


2025-07-17:13:23:57,46 INFO     [psi4.optking.opt_helper:151] Molsys:

	                            ===> Fragment 1 <== 

	 Z (Atomic Numbers)          Masses                          Geom                  
	       4.000000             9.012183          0.00000000  0.00000000  1.75657503   
	      15.000000            30.973762          0.00000000  0.00000000 -0.51109632   

	 - Coordinate -           - BOHR/RAD -       - ANG/DEG -
	 R(1,2)           =         2.267671           1.200000

2025-07-17:13:23:57,57 INFO     [psi4.driver.task_planner:285] PLANNING Atomic:  keywords={'DAMPING_PERCENTAGE': 1.0, 'GEOM_MAXITER': 500, 'GUESS': 'SAP', 'MAXITER': 500, 'REFERENCE': 'UKS', 'function_kwargs': {}}
2025-07-17:13:23:57,58 INFO     [psi4.driver.driver:636] Compute gradient(): method=b3lyp, basis=cc-pvdz, molecule=default, nre=26.458860533500005
2025-07-17:13:23:58,178 INFO     [psi4.driver.driver:639] Return gradient(): -355.0602092109934
2025-07-17:13:23:58,178 INFO     [psi4.driver.driver:640] [[-0.00000000  0.00000000 -1.16306034]
 [ 0.00000000  0.00000000  1.16309325]]
2025-07-17:13:23:58,179 INFO     [psi4.optking.molsys:874] Projected (PHP) Hessian matrix
	   4.182219

2025-07-17:13:23:58,179 INFO     [psi4.optking.opt_helper:168] 
	         Geometry (au)                                       Gradient (au)
   0.0000000000   0.0000000000   1.7565750313		  -0.0000000000   0.0000000000  -1.1630603419
   0.0000000000   0.0000000000  -0.5110963192		   0.0000000000   0.0000000000   1.1630932469

2025-07-17:13:23:58,179 INFO     [psi4.optking.stepAlgorithms:750] 	Using RFO solution 1.
2025-07-17:13:23:58,179 INFO     [psi4.optking.displace:73] 	Determining Cartesian step for fragment 1.
2025-07-17:13:23:58,179 INFO     [psi4.optking.displace:378] 	Successfully converged to displaced geometry.
2025-07-17:13:23:58,179 INFO     [psi4.optking.displace:379] 	RMS(dx):  0.000e+00 	Max(dx):  0.000e+00 	RMS(dq):  0.000e+00
2025-07-17:13:23:58,180 INFO     [psi4.optking.displace:132] 

	        --- Internal Coordinate Step in ANG or DEG, aJ/ANG or AJ/DEG ---
	-------------------------------------------------------------------------------
	           Coordinate      Previous         Force          Change          New 
	           ----------      --------        ------          ------        ------
	               R(1,2)       1.20000        9.58227        0.13726       1.33726
	-------------------------------------------------------------------------------

2025-07-17:13:23:58,180 INFO     [psi4.optking.stepAlgorithms:96] 	|target step| :    0.2593890881
2025-07-17:13:23:58,180 INFO     [psi4.optking.stepAlgorithms:97] 	gradient     :   -1.1630767944
2025-07-17:13:23:58,180 INFO     [psi4.optking.stepAlgorithms:98] 	hessian      :    4.1822185214
2025-07-17:13:23:58,180 INFO     [psi4.optking.stepAlgorithms:177] 	Norm of achieved step-size    0.2593890881
2025-07-17:13:23:58,180 INFO     [psi4.optking.stepAlgorithms:179] 	Norm of achieved step-size (cart):    0.1834157832
2025-07-17:13:23:58,180 INFO     [psi4.optking.opt_helper:151] Molsys:

	                            ===> Fragment 1 <== 

	 Z (Atomic Numbers)          Masses                          Geom                  
	       4.000000             9.012183          0.00000000  0.00000000  1.88626958   
	      15.000000            30.973762          0.00000000  0.00000000 -0.64079086   

	 - Coordinate -           - BOHR/RAD -       - ANG/DEG -
	 R(1,2)           =         2.527060           1.337263

2025-07-17:13:23:58,180 INFO     [psi4.optking.convcheck:71] Performing convergence check.
2025-07-17:13:23:58,180 INFO     [psi4.optking.convcheck:263] 
	                                 ==> Convergence Check <==                                  
    
	Measures of convergence in internal coordinates in au.
    
	Criteria marked as inactive (o), active & met (*), and active & unmet ( ).

	----------------------------------------------------------------------------------------------
	   Step    Total Energy     Delta E     Max Force     RMS Force      Max Disp      RMS Disp   
	----------------------------------------------------------------------------------------------
	  Convergence Criteria     1.00e-06 *    3.00e-04 *             o    1.20e-03 *             o
	----------------------------------------------------------------------------------------------
	     1    -355.06020921   -3.55e+02      1.16e+00      1.16e+00 o    2.59e-01      2.59e-01 o  ~
	----------------------------------------------------------------------------------------------


2025-07-17:13:23:58,180 INFO     [psi4.optking.stepAlgorithms:266] 	Convergence check returned False
2025-07-17:13:23:58,195 INFO     [psi4.driver.task_planner:285] PLANNING Atomic:  keywords={'DAMPING_PERCENTAGE': 1.0, 'GEOM_MAXITER': 500, 'SCF__GUESS': 'READ', 'GUESS': 'SAP', 'MAXITER': 500, 'REFERENCE': 'UKS', 'function_kwargs': {}}
2025-07-17:13:23:58,196 INFO     [psi4.driver.driver:636] Compute gradient(): method=b3lyp, basis=cc-pvdz, molecule=default, nre=23.74300158494801
2025-07-17:13:23:59,172 INFO     [psi4.driver.driver:639] Return gradient(): -355.30029349525637
2025-07-17:13:23:59,172 INFO     [psi4.driver.driver:640] [[ 0.00000000  0.00000000 -0.71870009]
 [ 0.00000000  0.00000000  0.71871167]]
2025-07-17:13:23:59,174 INFO     [psi4.optking.history:257] 	Performing BFGS update.
2025-07-17:13:23:59,174 INFO     [psi4.optking.history:268] 	Using 1 previous steps for update.
2025-07-17:13:23:59,174 INFO     [psi4.optking.history:302] 	Steps to be used in Hessian update:  1

2025-07-17:13:23:59,174 INFO     [psi4.optking.history:400] 	Updated Hessian (in au) 
 	   2.091109

2025-07-17:13:23:59,174 INFO     [psi4.optking.molsys:874] Projected (PHP) Hessian matrix
	   2.091109

2025-07-17:13:23:59,174 INFO     [psi4.optking.opt_helper:168] 
	         Geometry (au)                                       Gradient (au)
   0.0000000000   0.0000000000   1.9575020287		   0.0000000000   0.0000000000  -0.7187000857
   0.0000000000   0.0000000000  -0.5695584099		   0.0000000000   0.0000000000   0.7187116725

2025-07-17:13:23:59,174 INFO     [psi4.optking.stepAlgorithms:315] 	Current Step Report 
 
	Current energy:      -355.3002934953
	Energy change for the previous step:
		Actual       :        -0.2400842843
		Projected    :        -0.1508447145

2025-07-17:13:23:59,174 INFO     [psi4.optking.stepAlgorithms:318] 	Energy ratio =    1.59160
2025-07-17:13:23:59,174 INFO     [psi4.optking.stepAlgorithms:346] 	Energy ratio indicates good step.
2025-07-17:13:23:59,174 INFO     [psi4.optking.stepAlgorithms:347] 	Intrafrag trust radius increased to 1.000e+00.
2025-07-17:13:23:59,175 INFO     [psi4.optking.stepAlgorithms:750] 	Using RFO solution 1.
2025-07-17:13:23:59,175 INFO     [psi4.optking.displace:73] 	Determining Cartesian step for fragment 1.
2025-07-17:13:23:59,175 INFO     [psi4.optking.displace:378] 	Successfully converged to displaced geometry.
2025-07-17:13:23:59,175 INFO     [psi4.optking.displace:379] 	RMS(dx):  1.282e-16 	Max(dx):  2.220e-16 	RMS(dq):  0.000e+00
2025-07-17:13:23:59,175 INFO     [psi4.optking.displace:132] 

	        --- Internal Coordinate Step in ANG or DEG, aJ/ANG or AJ/DEG ---
	-------------------------------------------------------------------------------
	           Coordinate      Previous         Force          Change          New 
	           ----------      --------        ------          ------        ------
	               R(1,2)       1.33726        5.92122        0.16434       1.50160
	-------------------------------------------------------------------------------

2025-07-17:13:23:59,175 INFO     [psi4.optking.stepAlgorithms:96] 	|target step| :    0.3105495929
2025-07-17:13:23:59,175 INFO     [psi4.optking.stepAlgorithms:97] 	gradient     :   -0.7187058791
2025-07-17:13:23:59,175 INFO     [psi4.optking.stepAlgorithms:98] 	hessian      :    2.0911092607
2025-07-17:13:23:59,175 INFO     [psi4.optking.stepAlgorithms:177] 	Norm of achieved step-size    0.3105495929
2025-07-17:13:23:59,175 INFO     [psi4.optking.stepAlgorithms:179] 	Norm of achieved step-size (cart):    0.2195917231
2025-07-17:13:23:59,175 INFO     [psi4.optking.opt_helper:151] Molsys:

	                            ===> Fragment 1 <== 

	 Z (Atomic Numbers)          Masses                          Geom                  
	       4.000000             9.012183          0.00000000  0.00000000  2.11277683   
	      15.000000            30.973762          0.00000000  0.00000000 -0.72483321   

	 - Coordinate -           - BOHR/RAD -       - ANG/DEG -
	 R(1,2)           =         2.837610           1.501599

2025-07-17:13:23:59,175 INFO     [psi4.optking.convcheck:71] Performing convergence check.
2025-07-17:13:23:59,175 INFO     [psi4.optking.convcheck:263] 
	                                 ==> Convergence Check <==                                  
    
	Measures of convergence in internal coordinates in au.
    
	Criteria marked as inactive (o), active & met (*), and active & unmet ( ).

	----------------------------------------------------------------------------------------------
	   Step    Total Energy     Delta E     Max Force     RMS Force      Max Disp      RMS Disp   
	----------------------------------------------------------------------------------------------
	  Convergence Criteria     1.00e-06 *    3.00e-04 *             o    1.20e-03 *             o
	----------------------------------------------------------------------------------------------
	     2    -355.30029350   -2.40e-01      7.19e-01      7.19e-01 o    3.11e-01      3.11e-01 o  ~
	----------------------------------------------------------------------------------------------


2025-07-17:13:23:59,175 INFO     [psi4.optking.stepAlgorithms:266] 	Convergence check returned False
2025-07-17:13:23:59,191 INFO     [psi4.driver.task_planner:285] PLANNING Atomic:  keywords={'DAMPING_PERCENTAGE': 1.0, 'GEOM_MAXITER': 500, 'SCF__GUESS': 'READ', 'GUESS': 'SAP', 'MAXITER': 500, 'REFERENCE': 'UKS', 'function_kwargs': {}}
2025-07-17:13:23:59,192 INFO     [psi4.driver.driver:636] Compute gradient(): method=b3lyp, basis=cc-pvdz, molecule=default, nre=21.144554513252437
2025-07-17:13:24:00,176 INFO     [psi4.driver.driver:639] Return gradient(): -355.4675330494337
2025-07-17:13:24:00,176 INFO     [psi4.driver.driver:640] [[ 0.00000000  0.00000000 -0.38856336]
 [ 0.00000000  0.00000000  0.38853874]]
2025-07-17:13:24:00,178 INFO     [psi4.optking.history:257] 	Performing BFGS update.
2025-07-17:13:24:00,178 INFO     [psi4.optking.history:268] 	Using 2 previous steps for update.
2025-07-17:13:24:00,178 WARNING  [psi4.optking.history:286] 	Change in internal coordinate of 5.70e-01 exceeds limit of 5.00e-01.
2025-07-17:13:24:00,178 WARNING  [psi4.optking.history:291] 	Skipping Hessian update for step 1.
2025-07-17:13:24:00,178 INFO     [psi4.optking.history:302] 	Steps to be used in Hessian update:  2

2025-07-17:13:24:00,178 INFO     [psi4.optking.history:400] 	Updated Hessian (in au) 
 	   1.063131

2025-07-17:13:24:00,178 INFO     [psi4.optking.molsys:874] Projected (PHP) Hessian matrix
	   1.063131

2025-07-17:13:24:00,178 INFO     [psi4.optking.opt_helper:168] 
	         Geometry (au)                                       Gradient (au)
   0.0000000000   0.0000000000   2.1980587835		   0.0000000000   0.0000000000  -0.3885633572
   0.0000000000   0.0000000000  -0.6395512481		   0.0000000000   0.0000000000   0.3885387445

2025-07-17:13:24:00,178 INFO     [psi4.optking.stepAlgorithms:315] 	Current Step Report 
 
	Current energy:      -355.4675330494
	Energy change for the previous step:
		Actual       :        -0.1672395542
		Projected    :        -0.1115969091

2025-07-17:13:24:00,178 INFO     [psi4.optking.stepAlgorithms:318] 	Energy ratio =    1.49860
2025-07-17:13:24:00,178 INFO     [psi4.optking.stepAlgorithms:750] 	Using RFO solution 1.
2025-07-17:13:24:00,178 INFO     [psi4.optking.displace:73] 	Determining Cartesian step for fragment 1.
2025-07-17:13:24:00,178 INFO     [psi4.optking.displace:378] 	Successfully converged to displaced geometry.
2025-07-17:13:24:00,178 INFO     [psi4.optking.displace:379] 	RMS(dx):  1.282e-16 	Max(dx):  2.220e-16 	RMS(dq):  4.441e-16
2025-07-17:13:24:00,179 INFO     [psi4.optking.displace:132] 

	        --- Internal Coordinate Step in ANG or DEG, aJ/ANG or AJ/DEG ---
	-------------------------------------------------------------------------------
	           Coordinate      Previous         Force          Change          New 
	           ----------      --------        ------          ------        ------
	               R(1,2)       1.50160        3.20116        0.17278       1.67438
	-------------------------------------------------------------------------------

2025-07-17:13:24:00,179 INFO     [psi4.optking.stepAlgorithms:96] 	|target step| :    0.3265140014
2025-07-17:13:24:00,179 INFO     [psi4.optking.stepAlgorithms:97] 	gradient     :   -0.3885510509
2025-07-17:13:24:00,179 INFO     [psi4.optking.stepAlgorithms:98] 	hessian      :    1.0631307711
2025-07-17:13:24:00,179 INFO     [psi4.optking.stepAlgorithms:177] 	Norm of achieved step-size    0.3265140014
2025-07-17:13:24:00,179 INFO     [psi4.optking.stepAlgorithms:179] 	Norm of achieved step-size (cart):    0.2308802645
2025-07-17:13:24:00,179 INFO     [psi4.optking.opt_helper:151] Molsys:

	                            ===> Fragment 1 <== 

	 Z (Atomic Numbers)          Masses                          Geom                  
	       4.000000             9.012183          0.00000000  0.00000000  2.36131578   
	      15.000000            30.973762          0.00000000  0.00000000 -0.80280825   

	 - Coordinate -           - BOHR/RAD -       - ANG/DEG -
	 R(1,2)           =         3.164124           1.674382

2025-07-17:13:24:00,179 INFO     [psi4.optking.convcheck:71] Performing convergence check.
2025-07-17:13:24:00,179 INFO     [psi4.optking.convcheck:263] 
	                                 ==> Convergence Check <==                                  
    
	Measures of convergence in internal coordinates in au.
    
	Criteria marked as inactive (o), active & met (*), and active & unmet ( ).

	----------------------------------------------------------------------------------------------
	   Step    Total Energy     Delta E     Max Force     RMS Force      Max Disp      RMS Disp   
	----------------------------------------------------------------------------------------------
	  Convergence Criteria     1.00e-06 *    3.00e-04 *             o    1.20e-03 *             o
	----------------------------------------------------------------------------------------------
	     3    -355.46753305   -1.67e-01      3.89e-01      3.89e-01 o    3.27e-01      3.27e-01 o  ~
	----------------------------------------------------------------------------------------------


2025-07-17:13:24:00,179 INFO     [psi4.optking.stepAlgorithms:266] 	Convergence check returned False
2025-07-17:13:24:00,194 INFO     [psi4.driver.task_planner:285] PLANNING Atomic:  keywords={'DAMPING_PERCENTAGE': 1.0, 'GEOM_MAXITER': 500, 'SCF__GUESS': 'READ', 'GUESS': 'SAP', 'MAXITER': 500, 'REFERENCE': 'UKS', 'function_kwargs': {}}
2025-07-17:13:24:00,195 INFO     [psi4.driver.driver:636] Compute gradient(): method=b3lyp, basis=cc-pvdz, molecule=default, nre=18.962594188887444
2025-07-17:13:24:01,168 INFO     [psi4.driver.driver:639] Return gradient(): -355.5596853080607
2025-07-17:13:24:01,169 INFO     [psi4.driver.driver:640] [[-0.00000000  0.00000000 -0.19589245]
 [ 0.00000000 -0.00000000  0.19586529]]
2025-07-17:13:24:01,171 INFO     [psi4.optking.history:257] 	Performing BFGS update.
2025-07-17:13:24:01,171 INFO     [psi4.optking.history:268] 	Using 3 previous steps for update.
2025-07-17:13:24:01,172 WARNING  [psi4.optking.history:286] 	Change in internal coordinate of 6.37e-01 exceeds limit of 5.00e-01.
2025-07-17:13:24:01,172 WARNING  [psi4.optking.history:291] 	Skipping Hessian update for step 2.
2025-07-17:13:24:01,172 WARNING  [psi4.optking.history:286] 	Change in internal coordinate of 8.96e-01 exceeds limit of 5.00e-01.
2025-07-17:13:24:01,172 WARNING  [psi4.optking.history:291] 	Skipping Hessian update for step 1.
2025-07-17:13:24:01,172 INFO     [psi4.optking.history:302] 	Steps to be used in Hessian update:  3

2025-07-17:13:24:01,172 INFO     [psi4.optking.history:400] 	Updated Hessian (in au) 
 	   0.590089

2025-07-17:13:24:01,172 INFO     [psi4.optking.molsys:874] Projected (PHP) Hessian matrix
	   0.590089

2025-07-17:13:24:01,172 INFO     [psi4.optking.opt_helper:168] 
	         Geometry (au)                                       Gradient (au)
   0.0000000000   0.0000000000   2.4509818281		  -0.0000000000   0.0000000000  -0.1958924470
   0.0000000000   0.0000000000  -0.7131422048		   0.0000000000  -0.0000000000   0.1958652920

2025-07-17:13:24:01,172 INFO     [psi4.optking.stepAlgorithms:315] 	Current Step Report 
 
	Current energy:      -355.5596853081
	Energy change for the previous step:
		Actual       :        -0.0921522586
		Projected    :        -0.0634336792

2025-07-17:13:24:01,173 INFO     [psi4.optking.stepAlgorithms:318] 	Energy ratio =    1.45273
2025-07-17:13:24:01,173 INFO     [psi4.optking.stepAlgorithms:750] 	Using RFO solution 1.
2025-07-17:13:24:01,173 INFO     [psi4.optking.displace:73] 	Determining Cartesian step for fragment 1.
2025-07-17:13:24:01,173 INFO     [psi4.optking.displace:378] 	Successfully converged to displaced geometry.
2025-07-17:13:24:01,173 INFO     [psi4.optking.displace:379] 	RMS(dx):  0.000e+00 	Max(dx):  0.000e+00 	RMS(dq):  0.000e+00
2025-07-17:13:24:01,173 INFO     [psi4.optking.displace:132] 

	        --- Internal Coordinate Step in ANG or DEG, aJ/ANG or AJ/DEG ---
	-------------------------------------------------------------------------------
	           Coordinate      Previous         Force          Change          New 
	           ----------      --------        ------          ------        ------
	               R(1,2)       1.67438        1.61379        0.15967       1.83405
	-------------------------------------------------------------------------------

2025-07-17:13:24:01,173 INFO     [psi4.optking.stepAlgorithms:96] 	|target step| :    0.3017277937
2025-07-17:13:24:01,174 INFO     [psi4.optking.stepAlgorithms:97] 	gradient     :   -0.1958788695
2025-07-17:13:24:01,174 INFO     [psi4.optking.stepAlgorithms:98] 	hessian      :    0.5900885738
2025-07-17:13:24:01,174 INFO     [psi4.optking.stepAlgorithms:177] 	Norm of achieved step-size    0.3017277937
2025-07-17:13:24:01,174 INFO     [psi4.optking.stepAlgorithms:179] 	Norm of achieved step-size (cart):    0.2133537690
2025-07-17:13:24:01,174 INFO     [psi4.optking.opt_helper:151] Molsys:

	                            ===> Fragment 1 <== 

	 Z (Atomic Numbers)          Masses                          Geom                  
	       4.000000             9.012183          0.00000000  0.00000000  2.60184572   
	      15.000000            30.973762          0.00000000  0.00000000 -0.86400610   

	 - Coordinate -           - BOHR/RAD -       - ANG/DEG -
	 R(1,2)           =         3.465852           1.834050

2025-07-17:13:24:01,174 INFO     [psi4.optking.convcheck:71] Performing convergence check.
2025-07-17:13:24:01,174 INFO     [psi4.optking.convcheck:263] 
	                                 ==> Convergence Check <==                                  
    
	Measures of convergence in internal coordinates in au.
    
	Criteria marked as inactive (o), active & met (*), and active & unmet ( ).

	----------------------------------------------------------------------------------------------
	   Step    Total Energy     Delta E     Max Force     RMS Force      Max Disp      RMS Disp   
	----------------------------------------------------------------------------------------------
	  Convergence Criteria     1.00e-06 *    3.00e-04 *             o    1.20e-03 *             o
	----------------------------------------------------------------------------------------------
	     4    -355.55968531   -9.22e-02      1.96e-01      1.96e-01 o    3.02e-01      3.02e-01 o  ~
	----------------------------------------------------------------------------------------------


2025-07-17:13:24:01,175 INFO     [psi4.optking.stepAlgorithms:266] 	Convergence check returned False
2025-07-17:13:24:01,194 INFO     [psi4.driver.task_planner:285] PLANNING Atomic:  keywords={'DAMPING_PERCENTAGE': 1.0, 'GEOM_MAXITER': 500, 'SCF__GUESS': 'READ', 'GUESS': 'SAP', 'MAXITER': 500, 'REFERENCE': 'UKS', 'function_kwargs': {}}
2025-07-17:13:24:01,196 INFO     [psi4.driver.driver:636] Compute gradient(): method=b3lyp, basis=cc-pvdz, molecule=default, nre=17.311761437092144
2025-07-17:13:24:02,166 INFO     [psi4.driver.driver:639] Return gradient(): -355.6028310502634
2025-07-17:13:24:02,166 INFO     [psi4.driver.driver:640] [[ 0.00000000  0.00000000 -0.09964323]
 [-0.00000000  0.00000000  0.09962976]]
2025-07-17:13:24:02,168 INFO     [psi4.optking.history:257] 	Performing BFGS update.
2025-07-17:13:24:02,168 INFO     [psi4.optking.history:268] 	Using 4 previous steps for update.
2025-07-17:13:24:02,168 WARNING  [psi4.optking.history:286] 	Change in internal coordinate of 6.28e-01 exceeds limit of 5.00e-01.
2025-07-17:13:24:02,168 WARNING  [psi4.optking.history:291] 	Skipping Hessian update for step 3.
2025-07-17:13:24:02,168 WARNING  [psi4.optking.history:286] 	Change in internal coordinate of 9.39e-01 exceeds limit of 5.00e-01.
2025-07-17:13:24:02,168 WARNING  [psi4.optking.history:291] 	Skipping Hessian update for step 2.
2025-07-17:13:24:02,168 WARNING  [psi4.optking.history:286] 	Change in internal coordinate of 1.20e+00 exceeds limit of 5.00e-01.
2025-07-17:13:24:02,168 WARNING  [psi4.optking.history:291] 	Skipping Hessian update for step 1.
2025-07-17:13:24:02,168 INFO     [psi4.optking.history:302] 	Steps to be used in Hessian update:  4

2025-07-17:13:24:02,168 INFO     [psi4.optking.history:400] 	Updated Hessian (in au) 
 	   0.318971

2025-07-17:13:24:02,168 INFO     [psi4.optking.molsys:874] Projected (PHP) Hessian matrix
	   0.318971

2025-07-17:13:24:02,168 INFO     [psi4.optking.opt_helper:168] 
	         Geometry (au)                                       Gradient (au)
   0.0000000000   0.0000000000   2.6847050740		   0.0000000000   0.0000000000  -0.0996432341
   0.0000000000   0.0000000000  -0.7811467527		  -0.0000000000   0.0000000000   0.0996297553

2025-07-17:13:24:02,168 INFO     [psi4.optking.stepAlgorithms:315] 	Current Step Report 
 
	Current energy:      -355.6028310503
	Energy change for the previous step:
		Actual       :        -0.0431457422
		Projected    :        -0.0295510496

2025-07-17:13:24:02,168 INFO     [psi4.optking.stepAlgorithms:318] 	Energy ratio =    1.46004
2025-07-17:13:24:02,169 INFO     [psi4.optking.stepAlgorithms:750] 	Using RFO solution 1.
2025-07-17:13:24:02,169 INFO     [psi4.optking.displace:73] 	Determining Cartesian step for fragment 1.
2025-07-17:13:24:02,169 INFO     [psi4.optking.displace:378] 	Successfully converged to displaced geometry.
2025-07-17:13:24:02,169 INFO     [psi4.optking.displace:379] 	RMS(dx):  1.282e-16 	Max(dx):  2.220e-16 	RMS(dq):  0.000e+00
2025-07-17:13:24:02,169 INFO     [psi4.optking.displace:132] 

	        --- Internal Coordinate Step in ANG or DEG, aJ/ANG or AJ/DEG ---
	-------------------------------------------------------------------------------
	           Coordinate      Previous         Force          Change          New 
	           ----------      --------        ------          ------        ------
	               R(1,2)       1.83405        0.82088        0.15171       1.98576
	-------------------------------------------------------------------------------

2025-07-17:13:24:02,169 INFO     [psi4.optking.stepAlgorithms:96] 	|target step| :    0.2866939865
2025-07-17:13:24:02,169 INFO     [psi4.optking.stepAlgorithms:97] 	gradient     :   -0.0996364947
2025-07-17:13:24:02,169 INFO     [psi4.optking.stepAlgorithms:98] 	hessian      :    0.3189708630
2025-07-17:13:24:02,169 INFO     [psi4.optking.stepAlgorithms:177] 	Norm of achieved step-size    0.2866939865
2025-07-17:13:24:02,169 INFO     [psi4.optking.stepAlgorithms:179] 	Norm of achieved step-size (cart):    0.2027232620
2025-07-17:13:24:02,169 INFO     [psi4.optking.opt_helper:151] Molsys:

	                            ===> Fragment 1 <== 

	 Z (Atomic Numbers)          Masses                          Geom                  
	       4.000000             9.012183          0.00000000  0.00000000  2.82805207   
	      15.000000            30.973762          0.00000000  0.00000000 -0.92449375   

	 - Coordinate -           - BOHR/RAD -       - ANG/DEG -
	 R(1,2)           =         3.752546           1.985762

2025-07-17:13:24:02,169 INFO     [psi4.optking.convcheck:71] Performing convergence check.
2025-07-17:13:24:02,169 INFO     [psi4.optking.convcheck:263] 
	                                 ==> Convergence Check <==                                  
    
	Measures of convergence in internal coordinates in au.
    
	Criteria marked as inactive (o), active & met (*), and active & unmet ( ).

	----------------------------------------------------------------------------------------------
	   Step    Total Energy     Delta E     Max Force     RMS Force      Max Disp      RMS Disp   
	----------------------------------------------------------------------------------------------
	  Convergence Criteria     1.00e-06 *    3.00e-04 *             o    1.20e-03 *             o
	----------------------------------------------------------------------------------------------
	     5    -355.60283105   -4.31e-02      9.96e-02      9.96e-02 o    2.87e-01      2.87e-01 o  ~
	----------------------------------------------------------------------------------------------


2025-07-17:13:24:02,169 INFO     [psi4.optking.stepAlgorithms:266] 	Convergence check returned False
2025-07-17:13:24:02,188 INFO     [psi4.driver.task_planner:285] PLANNING Atomic:  keywords={'DAMPING_PERCENTAGE': 1.0, 'GEOM_MAXITER': 500, 'SCF__GUESS': 'READ', 'GUESS': 'SAP', 'MAXITER': 500, 'REFERENCE': 'UKS', 'function_kwargs': {}}
2025-07-17:13:24:02,191 INFO     [psi4.driver.driver:636] Compute gradient(): method=b3lyp, basis=cc-pvdz, molecule=default, nre=15.98914523290585
2025-07-17:13:24:03,115 INFO     [psi4.driver.driver:639] Return gradient(): -355.62344751162334
2025-07-17:13:24:03,116 INFO     [psi4.driver.driver:640] [[ 0.00000000 -0.00000000 -0.04909682]
 [ 0.00000000 -0.00000000  0.04909373]]
2025-07-17:13:24:03,117 INFO     [psi4.optking.history:257] 	Performing BFGS update.
2025-07-17:13:24:03,117 INFO     [psi4.optking.history:268] 	Using 4 previous steps for update.
2025-07-17:13:24:03,117 WARNING  [psi4.optking.history:286] 	Change in internal coordinate of 5.88e-01 exceeds limit of 5.00e-01.
2025-07-17:13:24:03,117 WARNING  [psi4.optking.history:291] 	Skipping Hessian update for step 4.
2025-07-17:13:24:03,117 WARNING  [psi4.optking.history:286] 	Change in internal coordinate of 9.15e-01 exceeds limit of 5.00e-01.
2025-07-17:13:24:03,117 WARNING  [psi4.optking.history:291] 	Skipping Hessian update for step 3.
2025-07-17:13:24:03,117 WARNING  [psi4.optking.history:286] 	Change in internal coordinate of 1.23e+00 exceeds limit of 5.00e-01.
2025-07-17:13:24:03,117 WARNING  [psi4.optking.history:291] 	Skipping Hessian update for step 2.
2025-07-17:13:24:03,117 WARNING  [psi4.optking.history:286] 	Change in internal coordinate of 1.48e+00 exceeds limit of 5.00e-01.
2025-07-17:13:24:03,117 WARNING  [psi4.optking.history:291] 	Skipping Hessian update for step 1.
2025-07-17:13:24:03,117 INFO     [psi4.optking.history:302] 	Steps to be used in Hessian update:  5

2025-07-17:13:24:03,117 INFO     [psi4.optking.history:400] 	Updated Hessian (in au) 
 	   0.176290

2025-07-17:13:24:03,118 INFO     [psi4.optking.molsys:874] Projected (PHP) Hessian matrix
	   0.176290

2025-07-17:13:24:03,118 INFO     [psi4.optking.opt_helper:168] 
	         Geometry (au)                                       Gradient (au)
   0.0000000000   0.0000000000   2.9067828889		   0.0000000000  -0.0000000000  -0.0490968237
   0.0000000000   0.0000000000  -0.8457629243		   0.0000000000  -0.0000000000   0.0490937250

2025-07-17:13:24:03,118 INFO     [psi4.optking.stepAlgorithms:315] 	Current Step Report 
 
	Current energy:      -355.6234475116
	Energy change for the previous step:
		Actual       :        -0.0206164614
		Projected    :        -0.0142825919

2025-07-17:13:24:03,118 INFO     [psi4.optking.stepAlgorithms:318] 	Energy ratio =    1.44347
2025-07-17:13:24:03,118 INFO     [psi4.optking.stepAlgorithms:750] 	Using RFO solution 1.
2025-07-17:13:24:03,118 INFO     [psi4.optking.displace:73] 	Determining Cartesian step for fragment 1.
2025-07-17:13:24:03,118 INFO     [psi4.optking.displace:378] 	Successfully converged to displaced geometry.
2025-07-17:13:24:03,118 INFO     [psi4.optking.displace:379] 	RMS(dx):  0.000e+00 	Max(dx):  0.000e+00 	RMS(dq):  0.000e+00
2025-07-17:13:24:03,118 INFO     [psi4.optking.displace:132] 

	        --- Internal Coordinate Step in ANG or DEG, aJ/ANG or AJ/DEG ---
	-------------------------------------------------------------------------------
	           Coordinate      Previous         Force          Change          New 
	           ----------      --------        ------          ------        ------
	               R(1,2)       1.98576        0.40448        0.13743       2.12319
	-------------------------------------------------------------------------------

2025-07-17:13:24:03,118 INFO     [psi4.optking.stepAlgorithms:96] 	|target step| :    0.2597080871
2025-07-17:13:24:03,118 INFO     [psi4.optking.stepAlgorithms:97] 	gradient     :   -0.0490952744
2025-07-17:13:24:03,118 INFO     [psi4.optking.stepAlgorithms:98] 	hessian      :    0.1762897819
2025-07-17:13:24:03,118 INFO     [psi4.optking.stepAlgorithms:177] 	Norm of achieved step-size    0.2597080871
2025-07-17:13:24:03,118 INFO     [psi4.optking.stepAlgorithms:179] 	Norm of achieved step-size (cart):    0.1836413495
2025-07-17:13:24:03,118 INFO     [psi4.optking.opt_helper:151] Molsys:

	                            ===> Fragment 1 <== 

	 Z (Atomic Numbers)          Masses                          Geom                  
	       4.000000             9.012183          0.00000000  0.00000000  3.03663693   
	      15.000000            30.973762          0.00000000  0.00000000 -0.97561697   

	 - Coordinate -           - BOHR/RAD -       - ANG/DEG -
	 R(1,2)           =         4.012254           2.123193

2025-07-17:13:24:03,119 INFO     [psi4.optking.convcheck:71] Performing convergence check.
2025-07-17:13:24:03,119 INFO     [psi4.optking.convcheck:263] 
	                                 ==> Convergence Check <==                                  
    
	Measures of convergence in internal coordinates in au.
    
	Criteria marked as inactive (o), active & met (*), and active & unmet ( ).

	----------------------------------------------------------------------------------------------
	   Step    Total Energy     Delta E     Max Force     RMS Force      Max Disp      RMS Disp   
	----------------------------------------------------------------------------------------------
	  Convergence Criteria     1.00e-06 *    3.00e-04 *             o    1.20e-03 *             o
	----------------------------------------------------------------------------------------------
	     6    -355.62344751   -2.06e-02      4.91e-02      4.91e-02 o    2.60e-01      2.60e-01 o  ~
	----------------------------------------------------------------------------------------------


2025-07-17:13:24:03,119 INFO     [psi4.optking.stepAlgorithms:266] 	Convergence check returned False
2025-07-17:13:24:03,130 INFO     [psi4.driver.task_planner:285] PLANNING Atomic:  keywords={'DAMPING_PERCENTAGE': 1.0, 'GEOM_MAXITER': 500, 'SCF__GUESS': 'READ', 'GUESS': 'SAP', 'MAXITER': 500, 'REFERENCE': 'UKS', 'function_kwargs': {}}
2025-07-17:13:24:03,131 INFO     [psi4.driver.driver:636] Compute gradient(): method=b3lyp, basis=cc-pvdz, molecule=default, nre=14.954188217286523
2025-07-17:13:24:04,48 INFO     [psi4.driver.driver:639] Return gradient(): -355.6325369267151
2025-07-17:13:24:04,48 INFO     [psi4.driver.driver:640] [[ 0.00000000  0.00000000 -0.02327876]
 [ 0.00000000  0.00000000  0.02328030]]
2025-07-17:13:24:04,50 INFO     [psi4.optking.history:257] 	Performing BFGS update.
2025-07-17:13:24:04,50 INFO     [psi4.optking.history:268] 	Using 4 previous steps for update.
2025-07-17:13:24:04,50 WARNING  [psi4.optking.history:286] 	Change in internal coordinate of 5.46e-01 exceeds limit of 5.00e-01.
2025-07-17:13:24:04,50 WARNING  [psi4.optking.history:291] 	Skipping Hessian update for step 5.
2025-07-17:13:24:04,50 WARNING  [psi4.optking.history:286] 	Change in internal coordinate of 8.48e-01 exceeds limit of 5.00e-01.
2025-07-17:13:24:04,50 WARNING  [psi4.optking.history:291] 	Skipping Hessian update for step 4.
2025-07-17:13:24:04,50 WARNING  [psi4.optking.history:286] 	Change in internal coordinate of 1.17e+00 exceeds limit of 5.00e-01.
2025-07-17:13:24:04,50 WARNING  [psi4.optking.history:291] 	Skipping Hessian update for step 3.
2025-07-17:13:24:04,50 WARNING  [psi4.optking.history:286] 	Change in internal coordinate of 1.49e+00 exceeds limit of 5.00e-01.
2025-07-17:13:24:04,50 WARNING  [psi4.optking.history:291] 	Skipping Hessian update for step 2.
2025-07-17:13:24:04,50 WARNING  [psi4.optking.history:286] 	Change in internal coordinate of 1.74e+00 exceeds limit of 5.00e-01.
2025-07-17:13:24:04,50 WARNING  [psi4.optking.history:291] 	Skipping Hessian update for step 1.
2025-07-17:13:24:04,50 INFO     [psi4.optking.history:302] 	Steps to be used in Hessian update:  6

2025-07-17:13:24:04,50 INFO     [psi4.optking.history:400] 	Updated Hessian (in au) 
 	   0.099403

2025-07-17:13:24:04,51 INFO     [psi4.optking.molsys:874] Projected (PHP) Hessian matrix
	   0.099403

2025-07-17:13:24:04,51 INFO     [psi4.optking.opt_helper:168] 
	         Geometry (au)                                       Gradient (au)
   0.0000000000   0.0000000000   3.1079569881		   0.0000000000   0.0000000000  -0.0232787579
   0.0000000000   0.0000000000  -0.9042969122		   0.0000000000   0.0000000000   0.0232802998

2025-07-17:13:24:04,51 INFO     [psi4.optking.stepAlgorithms:315] 	Current Step Report 
 
	Current energy:      -355.6325369267
	Energy change for the previous step:
		Actual       :        -0.0090894151
		Projected    :        -0.0063752199

2025-07-17:13:24:04,51 INFO     [psi4.optking.stepAlgorithms:318] 	Energy ratio =    1.42574
2025-07-17:13:24:04,51 INFO     [psi4.optking.stepAlgorithms:750] 	Using RFO solution 1.
2025-07-17:13:24:04,51 INFO     [psi4.optking.displace:73] 	Determining Cartesian step for fragment 1.
2025-07-17:13:24:04,51 INFO     [psi4.optking.displace:378] 	Successfully converged to displaced geometry.
2025-07-17:13:24:04,51 INFO     [psi4.optking.displace:379] 	RMS(dx):  0.000e+00 	Max(dx):  0.000e+00 	RMS(dq):  0.000e+00
2025-07-17:13:24:04,51 INFO     [psi4.optking.displace:132] 

	        --- Internal Coordinate Step in ANG or DEG, aJ/ANG or AJ/DEG ---
	-------------------------------------------------------------------------------
	           Coordinate      Previous         Force          Change          New 
	           ----------      --------        ------          ------        ------
	               R(1,2)       2.12319        0.19179        0.11779       2.24098
	-------------------------------------------------------------------------------

2025-07-17:13:24:04,51 INFO     [psi4.optking.stepAlgorithms:96] 	|target step| :    0.2225901392
2025-07-17:13:24:04,51 INFO     [psi4.optking.stepAlgorithms:97] 	gradient     :   -0.0232795288
2025-07-17:13:24:04,51 INFO     [psi4.optking.stepAlgorithms:98] 	hessian      :    0.0994029329
2025-07-17:13:24:04,51 INFO     [psi4.optking.stepAlgorithms:177] 	Norm of achieved step-size    0.2225901392
2025-07-17:13:24:04,51 INFO     [psi4.optking.stepAlgorithms:179] 	Norm of achieved step-size (cart):    0.1573949969
2025-07-17:13:24:04,51 INFO     [psi4.optking.opt_helper:151] Molsys:

	                            ===> Fragment 1 <== 

	 Z (Atomic Numbers)          Masses                          Geom                  
	       4.000000             9.012183          0.00000000  0.00000000  3.21925206   
	      15.000000            30.973762          0.00000000  0.00000000 -1.01559198   

	 - Coordinate -           - BOHR/RAD -       - ANG/DEG -
	 R(1,2)           =         4.234844           2.240983

2025-07-17:13:24:04,52 INFO     [psi4.optking.convcheck:71] Performing convergence check.
2025-07-17:13:24:04,52 INFO     [psi4.optking.convcheck:263] 
	                                 ==> Convergence Check <==                                  
    
	Measures of convergence in internal coordinates in au.
    
	Criteria marked as inactive (o), active & met (*), and active & unmet ( ).

	----------------------------------------------------------------------------------------------
	   Step    Total Energy     Delta E     Max Force     RMS Force      Max Disp      RMS Disp   
	----------------------------------------------------------------------------------------------
	  Convergence Criteria     1.00e-06 *    3.00e-04 *             o    1.20e-03 *             o
	----------------------------------------------------------------------------------------------
	     7    -355.63253693   -9.09e-03      2.33e-02      2.33e-02 o    2.23e-01      2.23e-01 o  ~
	----------------------------------------------------------------------------------------------


2025-07-17:13:24:04,52 INFO     [psi4.optking.stepAlgorithms:266] 	Convergence check returned False
2025-07-17:13:24:04,67 INFO     [psi4.driver.task_planner:285] PLANNING Atomic:  keywords={'DAMPING_PERCENTAGE': 1.0, 'GEOM_MAXITER': 500, 'SCF__GUESS': 'READ', 'GUESS': 'SAP', 'MAXITER': 500, 'REFERENCE': 'UKS', 'function_kwargs': {}}
2025-07-17:13:24:04,68 INFO     [psi4.driver.driver:636] Compute gradient(): method=b3lyp, basis=cc-pvdz, molecule=default, nre=14.168172296391418
2025-07-17:13:24:05,58 INFO     [psi4.driver.driver:639] Return gradient(): -355.63614954950356
2025-07-17:13:24:05,58 INFO     [psi4.driver.driver:640] [[ 0.00000000  0.00000000 -0.01026076]
 [-0.00000000  0.00000000  0.01026520]]
2025-07-17:13:24:05,60 INFO     [psi4.optking.history:257] 	Performing BFGS update.
2025-07-17:13:24:05,60 INFO     [psi4.optking.history:268] 	Using 4 previous steps for update.
2025-07-17:13:24:05,61 WARNING  [psi4.optking.history:286] 	Change in internal coordinate of 7.69e-01 exceeds limit of 5.00e-01.
2025-07-17:13:24:05,61 WARNING  [psi4.optking.history:291] 	Skipping Hessian update for step 5.
2025-07-17:13:24:05,61 WARNING  [psi4.optking.history:286] 	Change in internal coordinate of 1.07e+00 exceeds limit of 5.00e-01.
2025-07-17:13:24:05,61 WARNING  [psi4.optking.history:291] 	Skipping Hessian update for step 4.
2025-07-17:13:24:05,61 WARNING  [psi4.optking.history:286] 	Change in internal coordinate of 1.40e+00 exceeds limit of 5.00e-01.
2025-07-17:13:24:05,61 WARNING  [psi4.optking.history:291] 	Skipping Hessian update for step 3.
2025-07-17:13:24:05,61 WARNING  [psi4.optking.history:286] 	Change in internal coordinate of 1.71e+00 exceeds limit of 5.00e-01.
2025-07-17:13:24:05,61 WARNING  [psi4.optking.history:291] 	Skipping Hessian update for step 2.
2025-07-17:13:24:05,61 WARNING  [psi4.optking.history:286] 	Change in internal coordinate of 1.97e+00 exceeds limit of 5.00e-01.
2025-07-17:13:24:05,61 WARNING  [psi4.optking.history:291] 	Skipping Hessian update for step 1.
2025-07-17:13:24:05,61 INFO     [psi4.optking.history:302] 	Steps to be used in Hessian update:  7 6

2025-07-17:13:24:05,62 INFO     [psi4.optking.history:400] 	Updated Hessian (in au) 
 	   0.080515

2025-07-17:13:24:05,62 INFO     [psi4.optking.molsys:874] Projected (PHP) Hessian matrix
	   0.080515

2025-07-17:13:24:05,62 INFO     [psi4.optking.opt_helper:168] 
	         Geometry (au)                                       Gradient (au)
   0.0000000000   0.0000000000   3.2803789224		   0.0000000000   0.0000000000  -0.0102607634
   0.0000000000   0.0000000000  -0.9544651171		  -0.0000000000   0.0000000000   0.0102652045

2025-07-17:13:24:05,62 INFO     [psi4.optking.stepAlgorithms:315] 	Current Step Report 
 
	Current energy:      -355.6361495495
	Energy change for the previous step:
		Actual       :        -0.0036126228
		Projected    :        -0.0025908968

2025-07-17:13:24:05,62 INFO     [psi4.optking.stepAlgorithms:318] 	Energy ratio =    1.39435
2025-07-17:13:24:05,62 INFO     [psi4.optking.stepAlgorithms:750] 	Using RFO solution 1.
2025-07-17:13:24:05,62 INFO     [psi4.optking.displace:73] 	Determining Cartesian step for fragment 1.
2025-07-17:13:24:05,64 INFO     [psi4.optking.displace:378] 	Successfully converged to displaced geometry.
2025-07-17:13:24:05,64 INFO     [psi4.optking.displace:379] 	RMS(dx):  0.000e+00 	Max(dx):  0.000e+00 	RMS(dq):  0.000e+00
2025-07-17:13:24:05,64 INFO     [psi4.optking.displace:132] 

	        --- Internal Coordinate Step in ANG or DEG, aJ/ANG or AJ/DEG ---
	-------------------------------------------------------------------------------
	           Coordinate      Previous         Force          Change          New 
	           ----------      --------        ------          ------        ------
	               R(1,2)       2.24098        0.08455        0.06639       2.30737
	-------------------------------------------------------------------------------

2025-07-17:13:24:05,64 INFO     [psi4.optking.stepAlgorithms:96] 	|target step| :    0.1254602151
2025-07-17:13:24:05,64 INFO     [psi4.optking.stepAlgorithms:97] 	gradient     :   -0.0102629840
2025-07-17:13:24:05,64 INFO     [psi4.optking.stepAlgorithms:98] 	hessian      :    0.0805151010
2025-07-17:13:24:05,64 INFO     [psi4.optking.stepAlgorithms:177] 	Norm of achieved step-size    0.1254602151
2025-07-17:13:24:05,64 INFO     [psi4.optking.stepAlgorithms:179] 	Norm of achieved step-size (cart):    0.0887137689
2025-07-17:13:24:05,64 INFO     [psi4.optking.opt_helper:151] Molsys:

	                            ===> Fragment 1 <== 

	 Z (Atomic Numbers)          Masses                          Geom                  
	       4.000000             9.012183          0.00000000  0.00000000  3.34310903   
	      15.000000            30.973762          0.00000000  0.00000000 -1.01719522   

	 - Coordinate -           - BOHR/RAD -       - ANG/DEG -
	 R(1,2)           =         4.360304           2.307374

2025-07-17:13:24:05,65 INFO     [psi4.optking.convcheck:71] Performing convergence check.
2025-07-17:13:24:05,65 INFO     [psi4.optking.convcheck:263] 
	                                 ==> Convergence Check <==                                  
    
	Measures of convergence in internal coordinates in au.
    
	Criteria marked as inactive (o), active & met (*), and active & unmet ( ).

	----------------------------------------------------------------------------------------------
	   Step    Total Energy     Delta E     Max Force     RMS Force      Max Disp      RMS Disp   
	----------------------------------------------------------------------------------------------
	  Convergence Criteria     1.00e-06 *    3.00e-04 *             o    1.20e-03 *             o
	----------------------------------------------------------------------------------------------
	     8    -355.63614955   -3.61e-03      1.03e-02      1.03e-02 o    1.25e-01      1.25e-01 o  ~
	----------------------------------------------------------------------------------------------


2025-07-17:13:24:05,65 INFO     [psi4.optking.stepAlgorithms:266] 	Convergence check returned False
2025-07-17:13:24:05,76 INFO     [psi4.driver.task_planner:285] PLANNING Atomic:  keywords={'DAMPING_PERCENTAGE': 1.0, 'GEOM_MAXITER': 500, 'SCF__GUESS': 'READ', 'GUESS': 'SAP', 'MAXITER': 500, 'REFERENCE': 'UKS', 'function_kwargs': {}}
2025-07-17:13:24:05,77 INFO     [psi4.driver.driver:636] Compute gradient(): method=b3lyp, basis=cc-pvdz, molecule=default, nre=13.7605076380592
2025-07-17:13:24:06,22 INFO     [psi4.driver.driver:639] Return gradient(): -355.6371144266489
2025-07-17:13:24:06,22 INFO     [psi4.driver.driver:640] [[ 0.00000000  0.00000000 -0.00536371]
 [ 0.00000000 -0.00000000  0.00537071]]
2025-07-17:13:24:06,23 INFO     [psi4.optking.history:257] 	Performing BFGS update.
2025-07-17:13:24:06,23 INFO     [psi4.optking.history:268] 	Using 4 previous steps for update.
2025-07-17:13:24:06,23 WARNING  [psi4.optking.history:286] 	Change in internal coordinate of 6.08e-01 exceeds limit of 5.00e-01.
2025-07-17:13:24:06,23 WARNING  [psi4.optking.history:291] 	Skipping Hessian update for step 6.
2025-07-17:13:24:06,23 WARNING  [psi4.optking.history:286] 	Change in internal coordinate of 8.94e-01 exceeds limit of 5.00e-01.
2025-07-17:13:24:06,23 WARNING  [psi4.optking.history:291] 	Skipping Hessian update for step 5.
2025-07-17:13:24:06,23 WARNING  [psi4.optking.history:286] 	Change in internal coordinate of 1.20e+00 exceeds limit of 5.00e-01.
2025-07-17:13:24:06,23 WARNING  [psi4.optking.history:291] 	Skipping Hessian update for step 4.
2025-07-17:13:24:06,23 WARNING  [psi4.optking.history:286] 	Change in internal coordinate of 1.52e+00 exceeds limit of 5.00e-01.
2025-07-17:13:24:06,23 WARNING  [psi4.optking.history:291] 	Skipping Hessian update for step 3.
2025-07-17:13:24:06,23 WARNING  [psi4.optking.history:286] 	Change in internal coordinate of 1.83e+00 exceeds limit of 5.00e-01.
2025-07-17:13:24:06,23 WARNING  [psi4.optking.history:291] 	Skipping Hessian update for step 2.
2025-07-17:13:24:06,24 WARNING  [psi4.optking.history:286] 	Change in internal coordinate of 2.09e+00 exceeds limit of 5.00e-01.
2025-07-17:13:24:06,24 WARNING  [psi4.optking.history:291] 	Skipping Hessian update for step 1.
2025-07-17:13:24:06,24 INFO     [psi4.optking.history:302] 	Steps to be used in Hessian update:  8 7

2025-07-17:13:24:06,24 INFO     [psi4.optking.history:400] 	Updated Hessian (in au) 
 	   0.051465

2025-07-17:13:24:06,24 INFO     [psi4.optking.molsys:874] Projected (PHP) Hessian matrix
	   0.051465

2025-07-17:13:24:06,24 INFO     [psi4.optking.opt_helper:168] 
	         Geometry (au)                                       Gradient (au)
   0.0000000000   0.0000000000   3.3775624412		   0.0000000000   0.0000000000  -0.0053637095
   0.0000000000   0.0000000000  -0.9827418134		   0.0000000000  -0.0000000000   0.0053707111

2025-07-17:13:24:06,24 INFO     [psi4.optking.stepAlgorithms:315] 	Current Step Report 
 
	Current energy:      -355.6371144266
	Energy change for the previous step:
		Actual       :        -0.0009648771
		Projected    :        -0.0006437981

2025-07-17:13:24:06,24 INFO     [psi4.optking.stepAlgorithms:318] 	Energy ratio =    1.49873
2025-07-17:13:24:06,24 INFO     [psi4.optking.stepAlgorithms:750] 	Using RFO solution 1.
2025-07-17:13:24:06,24 INFO     [psi4.optking.displace:73] 	Determining Cartesian step for fragment 1.
2025-07-17:13:24:06,24 INFO     [psi4.optking.displace:378] 	Successfully converged to displaced geometry.
2025-07-17:13:24:06,24 INFO     [psi4.optking.displace:379] 	RMS(dx):  0.000e+00 	Max(dx):  0.000e+00 	RMS(dq):  0.000e+00
2025-07-17:13:24:06,24 INFO     [psi4.optking.displace:132] 

	        --- Internal Coordinate Step in ANG or DEG, aJ/ANG or AJ/DEG ---
	-------------------------------------------------------------------------------
	           Coordinate      Previous         Force          Change          New 
	           ----------      --------        ------          ------        ------
	               R(1,2)       2.30737        0.04422        0.05460       2.36197
	-------------------------------------------------------------------------------

2025-07-17:13:24:06,24 INFO     [psi4.optking.stepAlgorithms:96] 	|target step| :    0.1031788448
2025-07-17:13:24:06,24 INFO     [psi4.optking.stepAlgorithms:97] 	gradient     :   -0.0053672103
2025-07-17:13:24:06,24 INFO     [psi4.optking.stepAlgorithms:98] 	hessian      :    0.0514647328
2025-07-17:13:24:06,24 INFO     [psi4.optking.stepAlgorithms:177] 	Norm of achieved step-size    0.1031788448
2025-07-17:13:24:06,24 INFO     [psi4.optking.stepAlgorithms:179] 	Norm of achieved step-size (cart):    0.0729584608
2025-07-17:13:24:06,25 INFO     [psi4.optking.opt_helper:151] Molsys:

	                            ===> Fragment 1 <== 

	 Z (Atomic Numbers)          Masses                          Geom                  
	       4.000000             9.012183          0.00000000  0.00000000  3.42915186   
	      15.000000            30.973762          0.00000000  0.00000000 -1.03433124   

	 - Coordinate -           - BOHR/RAD -       - ANG/DEG -
	 R(1,2)           =         4.463483           2.361974

2025-07-17:13:24:06,25 INFO     [psi4.optking.convcheck:71] Performing convergence check.
2025-07-17:13:24:06,25 INFO     [psi4.optking.convcheck:263] 
	                                 ==> Convergence Check <==                                  
    
	Measures of convergence in internal coordinates in au.
    
	Criteria marked as inactive (o), active & met (*), and active & unmet ( ).

	----------------------------------------------------------------------------------------------
	   Step    Total Energy     Delta E     Max Force     RMS Force      Max Disp      RMS Disp   
	----------------------------------------------------------------------------------------------
	  Convergence Criteria     1.00e-06 *    3.00e-04 *             o    1.20e-03 *             o
	----------------------------------------------------------------------------------------------
	     9    -355.63711443   -9.65e-04      5.37e-03      5.37e-03 o    1.03e-01      1.03e-01 o  ~
	----------------------------------------------------------------------------------------------


2025-07-17:13:24:06,25 INFO     [psi4.optking.stepAlgorithms:266] 	Convergence check returned False
2025-07-17:13:24:06,45 INFO     [psi4.driver.task_planner:285] PLANNING Atomic:  keywords={'DAMPING_PERCENTAGE': 1.0, 'GEOM_MAXITER': 500, 'SCF__GUESS': 'READ', 'GUESS': 'SAP', 'MAXITER': 500, 'REFERENCE': 'UKS', 'function_kwargs': {}}
2025-07-17:13:24:06,46 INFO     [psi4.driver.driver:636] Compute gradient(): method=b3lyp, basis=cc-pvdz, molecule=default, nre=13.442416754686253
2025-07-17:13:24:07,36 INFO     [psi4.driver.driver:639] Return gradient(): -355.63750276172897
2025-07-17:13:24:07,37 INFO     [psi4.driver.driver:640] [[-0.00000000  0.00000000 -0.00229146]
 [ 0.00000000 -0.00000000  0.00229850]]
2025-07-17:13:24:07,38 INFO     [psi4.optking.history:257] 	Performing BFGS update.
2025-07-17:13:24:07,38 INFO     [psi4.optking.history:268] 	Using 4 previous steps for update.
2025-07-17:13:24:07,38 WARNING  [psi4.optking.history:286] 	Change in internal coordinate of 7.11e-01 exceeds limit of 5.00e-01.
2025-07-17:13:24:07,38 WARNING  [psi4.optking.history:291] 	Skipping Hessian update for step 6.
2025-07-17:13:24:07,38 WARNING  [psi4.optking.history:286] 	Change in internal coordinate of 9.98e-01 exceeds limit of 5.00e-01.
2025-07-17:13:24:07,38 WARNING  [psi4.optking.history:291] 	Skipping Hessian update for step 5.
2025-07-17:13:24:07,38 WARNING  [psi4.optking.history:286] 	Change in internal coordinate of 1.30e+00 exceeds limit of 5.00e-01.
2025-07-17:13:24:07,38 WARNING  [psi4.optking.history:291] 	Skipping Hessian update for step 4.
2025-07-17:13:24:07,38 WARNING  [psi4.optking.history:286] 	Change in internal coordinate of 1.63e+00 exceeds limit of 5.00e-01.
2025-07-17:13:24:07,38 WARNING  [psi4.optking.history:291] 	Skipping Hessian update for step 3.
2025-07-17:13:24:07,38 WARNING  [psi4.optking.history:286] 	Change in internal coordinate of 1.94e+00 exceeds limit of 5.00e-01.
2025-07-17:13:24:07,38 WARNING  [psi4.optking.history:291] 	Skipping Hessian update for step 2.
2025-07-17:13:24:07,38 WARNING  [psi4.optking.history:286] 	Change in internal coordinate of 2.20e+00 exceeds limit of 5.00e-01.
2025-07-17:13:24:07,38 WARNING  [psi4.optking.history:291] 	Skipping Hessian update for step 1.
2025-07-17:13:24:07,38 INFO     [psi4.optking.history:302] 	Steps to be used in Hessian update:  9 8 7

2025-07-17:13:24:07,39 INFO     [psi4.optking.history:400] 	Updated Hessian (in au) 
 	   0.046505

2025-07-17:13:24:07,39 INFO     [psi4.optking.molsys:874] Projected (PHP) Hessian matrix
	   0.046505

2025-07-17:13:24:07,39 INFO     [psi4.optking.opt_helper:168] 
	         Geometry (au)                                       Gradient (au)
   0.0000000000   0.0000000000   3.4574864490		  -0.0000000000   0.0000000000  -0.0022914591
   0.0000000000   0.0000000000  -1.0059966505		   0.0000000000  -0.0000000000   0.0022985039

2025-07-17:13:24:07,39 INFO     [psi4.optking.stepAlgorithms:315] 	Current Step Report 
 
	Current energy:      -355.6375027617
	Energy change for the previous step:
		Actual       :        -0.0003883351
		Projected    :        -0.0002768913

2025-07-17:13:24:07,39 INFO     [psi4.optking.stepAlgorithms:318] 	Energy ratio =    1.40248
2025-07-17:13:24:07,39 INFO     [psi4.optking.stepAlgorithms:750] 	Using RFO solution 1.
2025-07-17:13:24:07,39 INFO     [psi4.optking.displace:73] 	Determining Cartesian step for fragment 1.
2025-07-17:13:24:07,39 INFO     [psi4.optking.displace:378] 	Successfully converged to displaced geometry.
2025-07-17:13:24:07,39 INFO     [psi4.optking.displace:379] 	RMS(dx):  0.000e+00 	Max(dx):  0.000e+00 	RMS(dq):  0.000e+00
2025-07-17:13:24:07,39 INFO     [psi4.optking.displace:132] 

	        --- Internal Coordinate Step in ANG or DEG, aJ/ANG or AJ/DEG ---
	-------------------------------------------------------------------------------
	           Coordinate      Previous         Force          Change          New 
	           ----------      --------        ------          ------        ------
	               R(1,2)       2.36197        0.01891        0.02605       2.38802
	-------------------------------------------------------------------------------

2025-07-17:13:24:07,39 INFO     [psi4.optking.stepAlgorithms:96] 	|target step| :    0.0492292224
2025-07-17:13:24:07,39 INFO     [psi4.optking.stepAlgorithms:97] 	gradient     :   -0.0022949815
2025-07-17:13:24:07,39 INFO     [psi4.optking.stepAlgorithms:98] 	hessian      :    0.0465052957
2025-07-17:13:24:07,39 INFO     [psi4.optking.stepAlgorithms:177] 	Norm of achieved step-size    0.0492292224
2025-07-17:13:24:07,39 INFO     [psi4.optking.stepAlgorithms:179] 	Norm of achieved step-size (cart):    0.0348103170
2025-07-17:13:24:07,39 INFO     [psi4.optking.opt_helper:151] Molsys:

	                            ===> Fragment 1 <== 

	 Z (Atomic Numbers)          Masses                          Geom                  
	       4.000000             9.012183          0.00000000  0.00000000  3.48210106   
	      15.000000            30.973762          0.00000000  0.00000000 -1.03061126   

	 - Coordinate -           - BOHR/RAD -       - ANG/DEG -
	 R(1,2)           =         4.512712           2.388025

2025-07-17:13:24:07,40 INFO     [psi4.optking.convcheck:71] Performing convergence check.
2025-07-17:13:24:07,40 INFO     [psi4.optking.convcheck:263] 
	                                 ==> Convergence Check <==                                  
    
	Measures of convergence in internal coordinates in au.
    
	Criteria marked as inactive (o), active & met (*), and active & unmet ( ).

	----------------------------------------------------------------------------------------------
	   Step    Total Energy     Delta E     Max Force     RMS Force      Max Disp      RMS Disp   
	----------------------------------------------------------------------------------------------
	  Convergence Criteria     1.00e-06 *    3.00e-04 *             o    1.20e-03 *             o
	----------------------------------------------------------------------------------------------
	    10    -355.63750276   -3.88e-04      2.29e-03      2.29e-03 o    4.92e-02      4.92e-02 o  ~
	----------------------------------------------------------------------------------------------


2025-07-17:13:24:07,40 INFO     [psi4.optking.stepAlgorithms:266] 	Convergence check returned False
2025-07-17:13:24:07,55 INFO     [psi4.driver.task_planner:285] PLANNING Atomic:  keywords={'DAMPING_PERCENTAGE': 1.0, 'GEOM_MAXITER': 500, 'SCF__GUESS': 'READ', 'GUESS': 'SAP', 'MAXITER': 500, 'REFERENCE': 'UKS', 'function_kwargs': {}}
2025-07-17:13:24:07,56 INFO     [psi4.driver.driver:636] Compute gradient(): method=b3lyp, basis=cc-pvdz, molecule=default, nre=13.295773300075673
2025-07-17:13:24:07,928 INFO     [psi4.driver.driver:639] Return gradient(): -355.63758480939487
2025-07-17:13:24:07,928 INFO     [psi4.driver.driver:640] [[-0.00000000 -0.00000000 -0.00107403]
 [ 0.00000000 -0.00000000  0.00108200]]
2025-07-17:13:24:07,930 INFO     [psi4.optking.history:257] 	Performing BFGS update.
2025-07-17:13:24:07,930 INFO     [psi4.optking.history:268] 	Using 4 previous steps for update.
2025-07-17:13:24:07,930 WARNING  [psi4.optking.history:286] 	Change in internal coordinate of 5.00e-01 exceeds limit of 5.00e-01.
2025-07-17:13:24:07,930 WARNING  [psi4.optking.history:291] 	Skipping Hessian update for step 7.
2025-07-17:13:24:07,930 WARNING  [psi4.optking.history:286] 	Change in internal coordinate of 7.60e-01 exceeds limit of 5.00e-01.
2025-07-17:13:24:07,930 WARNING  [psi4.optking.history:291] 	Skipping Hessian update for step 6.
2025-07-17:13:24:07,930 WARNING  [psi4.optking.history:286] 	Change in internal coordinate of 1.05e+00 exceeds limit of 5.00e-01.
2025-07-17:13:24:07,930 WARNING  [psi4.optking.history:291] 	Skipping Hessian update for step 5.
2025-07-17:13:24:07,930 WARNING  [psi4.optking.history:286] 	Change in internal coordinate of 1.35e+00 exceeds limit of 5.00e-01.
2025-07-17:13:24:07,930 WARNING  [psi4.optking.history:291] 	Skipping Hessian update for step 4.
2025-07-17:13:24:07,930 WARNING  [psi4.optking.history:286] 	Change in internal coordinate of 1.68e+00 exceeds limit of 5.00e-01.
2025-07-17:13:24:07,931 WARNING  [psi4.optking.history:291] 	Skipping Hessian update for step 3.
2025-07-17:13:24:07,931 WARNING  [psi4.optking.history:286] 	Change in internal coordinate of 1.99e+00 exceeds limit of 5.00e-01.
2025-07-17:13:24:07,931 WARNING  [psi4.optking.history:291] 	Skipping Hessian update for step 2.
2025-07-17:13:24:07,931 WARNING  [psi4.optking.history:286] 	Change in internal coordinate of 2.25e+00 exceeds limit of 5.00e-01.
2025-07-17:13:24:07,931 WARNING  [psi4.optking.history:291] 	Skipping Hessian update for step 1.
2025-07-17:13:24:07,931 INFO     [psi4.optking.history:302] 	Steps to be used in Hessian update:  10 9 8

2025-07-17:13:24:07,931 INFO     [psi4.optking.history:400] 	Updated Hessian (in au) 
 	   0.033055

2025-07-17:13:24:07,932 INFO     [psi4.optking.molsys:874] Projected (PHP) Hessian matrix
	   0.033055

2025-07-17:13:24:07,932 INFO     [psi4.optking.opt_helper:168] 
	         Geometry (au)                                       Gradient (au)
   0.0000000000   0.0000000000   3.4956202036		  -0.0000000000  -0.0000000000  -0.0010740260
   0.0000000000   0.0000000000  -1.0170921182		   0.0000000000  -0.0000000000   0.0010820009

2025-07-17:13:24:07,932 INFO     [psi4.optking.stepAlgorithms:315] 	Current Step Report 
 
	Current energy:      -355.6375848094
	Energy change for the previous step:
		Actual       :        -0.0000820477
		Projected    :        -0.0000564901

2025-07-17:13:24:07,932 INFO     [psi4.optking.stepAlgorithms:318] 	Energy ratio =    1.45243
2025-07-17:13:24:07,932 INFO     [psi4.optking.stepAlgorithms:750] 	Using RFO solution 1.
2025-07-17:13:24:07,932 INFO     [psi4.optking.displace:73] 	Determining Cartesian step for fragment 1.
2025-07-17:13:24:07,932 INFO     [psi4.optking.displace:378] 	Successfully converged to displaced geometry.
2025-07-17:13:24:07,933 INFO     [psi4.optking.displace:379] 	RMS(dx):  0.000e+00 	Max(dx):  0.000e+00 	RMS(dq):  0.000e+00
2025-07-17:13:24:07,933 INFO     [psi4.optking.displace:132] 

	        --- Internal Coordinate Step in ANG or DEG, aJ/ANG or AJ/DEG ---
	-------------------------------------------------------------------------------
	           Coordinate      Previous         Force          Change          New 
	           ----------      --------        ------          ------        ------
	               R(1,2)       2.38802        0.00888        0.01724       2.40526
	-------------------------------------------------------------------------------

2025-07-17:13:24:07,933 INFO     [psi4.optking.stepAlgorithms:96] 	|target step| :    0.0325779853
2025-07-17:13:24:07,933 INFO     [psi4.optking.stepAlgorithms:97] 	gradient     :   -0.0010780135
2025-07-17:13:24:07,933 INFO     [psi4.optking.stepAlgorithms:98] 	hessian      :    0.0330551240
2025-07-17:13:24:07,933 INFO     [psi4.optking.stepAlgorithms:177] 	Norm of achieved step-size    0.0325779853
2025-07-17:13:24:07,933 INFO     [psi4.optking.stepAlgorithms:179] 	Norm of achieved step-size (cart):    0.0230361143
2025-07-17:13:24:07,933 INFO     [psi4.optking.opt_helper:151] Molsys:

	                            ===> Fragment 1 <== 

	 Z (Atomic Numbers)          Masses                          Geom                  
	       4.000000             9.012183          0.00000000  0.00000000  3.51190920   
	      15.000000            30.973762          0.00000000  0.00000000 -1.03338111   

	 - Coordinate -           - BOHR/RAD -       - ANG/DEG -
	 R(1,2)           =         4.545290           2.405264

2025-07-17:13:24:07,934 INFO     [psi4.optking.convcheck:71] Performing convergence check.
2025-07-17:13:24:07,934 INFO     [psi4.optking.convcheck:263] 
	                                 ==> Convergence Check <==                                  
    
	Measures of convergence in internal coordinates in au.
    
	Criteria marked as inactive (o), active & met (*), and active & unmet ( ).

	----------------------------------------------------------------------------------------------
	   Step    Total Energy     Delta E     Max Force     RMS Force      Max Disp      RMS Disp   
	----------------------------------------------------------------------------------------------
	  Convergence Criteria     1.00e-06 *    3.00e-04 *             o    1.20e-03 *             o
	----------------------------------------------------------------------------------------------
	    11    -355.63758481   -8.20e-05      1.08e-03      1.08e-03 o    3.26e-02      3.26e-02 o  ~
	----------------------------------------------------------------------------------------------


2025-07-17:13:24:07,934 INFO     [psi4.optking.stepAlgorithms:266] 	Convergence check returned False
2025-07-17:13:24:07,955 INFO     [psi4.driver.task_planner:285] PLANNING Atomic:  keywords={'DAMPING_PERCENTAGE': 1.0, 'GEOM_MAXITER': 500, 'SCF__GUESS': 'READ', 'GUESS': 'SAP', 'MAXITER': 500, 'REFERENCE': 'UKS', 'function_kwargs': {}}
2025-07-17:13:24:07,957 INFO     [psi4.driver.driver:636] Compute gradient(): method=b3lyp, basis=cc-pvdz, molecule=default, nre=13.200476965330184
2025-07-17:13:24:08,905 INFO     [psi4.driver.driver:639] Return gradient(): -355.6376076146252
2025-07-17:13:24:08,906 INFO     [psi4.driver.driver:640] [[ 0.00000000  0.00000000 -0.00034540]
 [-0.00000000  0.00000000  0.00035458]]
2025-07-17:13:24:08,907 INFO     [psi4.optking.history:257] 	Performing BFGS update.
2025-07-17:13:24:08,907 INFO     [psi4.optking.history:268] 	Using 4 previous steps for update.
2025-07-17:13:24:08,907 INFO     [psi4.optking.history:302] 	Steps to be used in Hessian update:  11 10 9 8

2025-07-17:13:24:08,907 INFO     [psi4.optking.history:400] 	Updated Hessian (in au) 
 	   0.031931

2025-07-17:13:24:08,907 INFO     [psi4.optking.molsys:874] Projected (PHP) Hessian matrix
	   0.031931

2025-07-17:13:24:08,908 INFO     [psi4.optking.opt_helper:168] 
	         Geometry (au)                                       Gradient (au)
   0.0000000000   0.0000000000   3.5208556397		   0.0000000000   0.0000000000  -0.0003453983
   0.0000000000   0.0000000000  -1.0244346674		  -0.0000000000   0.0000000000   0.0003545799

2025-07-17:13:24:08,908 INFO     [psi4.optking.stepAlgorithms:315] 	Current Step Report 
 
	Current energy:      -355.6376076146
	Energy change for the previous step:
		Actual       :        -0.0000228052
		Projected    :        -0.0000175598

2025-07-17:13:24:08,908 INFO     [psi4.optking.stepAlgorithms:318] 	Energy ratio =    1.29872
2025-07-17:13:24:08,908 INFO     [psi4.optking.stepAlgorithms:750] 	Using RFO solution 1.
2025-07-17:13:24:08,908 INFO     [psi4.optking.displace:73] 	Determining Cartesian step for fragment 1.
2025-07-17:13:24:08,908 INFO     [psi4.optking.displace:378] 	Successfully converged to displaced geometry.
2025-07-17:13:24:08,908 INFO     [psi4.optking.displace:379] 	RMS(dx):  0.000e+00 	Max(dx):  0.000e+00 	RMS(dq):  0.000e+00
2025-07-17:13:24:08,908 INFO     [psi4.optking.displace:132] 

	        --- Internal Coordinate Step in ANG or DEG, aJ/ANG or AJ/DEG ---
	-------------------------------------------------------------------------------
	           Coordinate      Previous         Force          Change          New 
	           ----------      --------        ------          ------        ------
	               R(1,2)       2.40526        0.00288        0.00580       2.41106
	-------------------------------------------------------------------------------

2025-07-17:13:24:08,908 INFO     [psi4.optking.stepAlgorithms:96] 	|target step| :    0.0109593278
2025-07-17:13:24:08,908 INFO     [psi4.optking.stepAlgorithms:97] 	gradient     :   -0.0003499891
2025-07-17:13:24:08,908 INFO     [psi4.optking.stepAlgorithms:98] 	hessian      :    0.0319314352
2025-07-17:13:24:08,908 INFO     [psi4.optking.stepAlgorithms:177] 	Norm of achieved step-size    0.0109593278
2025-07-17:13:24:08,908 INFO     [psi4.optking.stepAlgorithms:179] 	Norm of achieved step-size (cart):    0.0077494150
2025-07-17:13:24:08,908 INFO     [psi4.optking.opt_helper:151] Molsys:

	                            ===> Fragment 1 <== 

	 Z (Atomic Numbers)          Masses                          Geom                  
	       4.000000             9.012183          0.00000000  0.00000000  3.52633530   
	      15.000000            30.973762          0.00000000  0.00000000 -1.02991433   

	 - Coordinate -           - BOHR/RAD -       - ANG/DEG -
	 R(1,2)           =         4.556250           2.411063

2025-07-17:13:24:08,908 INFO     [psi4.optking.convcheck:71] Performing convergence check.
2025-07-17:13:24:08,909 INFO     [psi4.optking.convcheck:263] 
	                                 ==> Convergence Check <==                                  
    
	Measures of convergence in internal coordinates in au.
    
	Criteria marked as inactive (o), active & met (*), and active & unmet ( ).

	----------------------------------------------------------------------------------------------
	   Step    Total Energy     Delta E     Max Force     RMS Force      Max Disp      RMS Disp   
	----------------------------------------------------------------------------------------------
	  Convergence Criteria     1.00e-06 *    3.00e-04 *             o    1.20e-03 *             o
	----------------------------------------------------------------------------------------------
	    12    -355.63760761   -2.28e-05      3.50e-04      3.50e-04 o    1.10e-02      1.10e-02 o  ~
	----------------------------------------------------------------------------------------------


2025-07-17:13:24:08,909 INFO     [psi4.optking.stepAlgorithms:266] 	Convergence check returned False
2025-07-17:13:24:08,924 INFO     [psi4.driver.task_planner:285] PLANNING Atomic:  keywords={'DAMPING_PERCENTAGE': 1.0, 'GEOM_MAXITER': 500, 'SCF__GUESS': 'READ', 'GUESS': 'SAP', 'MAXITER': 500, 'REFERENCE': 'UKS', 'function_kwargs': {}}
2025-07-17:13:24:08,925 INFO     [psi4.driver.driver:636] Compute gradient(): method=b3lyp, basis=cc-pvdz, molecule=default, nre=13.168725334894024
2025-07-17:13:24:09,863 INFO     [psi4.driver.driver:639] Return gradient(): -355.63761007141034
2025-07-17:13:24:09,863 INFO     [psi4.driver.driver:640] [[-0.00000000  0.00000000 -0.00011316]
 [-0.00000000  0.00000000  0.00012281]]
2025-07-17:13:24:09,865 INFO     [psi4.optking.history:257] 	Performing BFGS update.
2025-07-17:13:24:09,865 INFO     [psi4.optking.history:268] 	Using 4 previous steps for update.
2025-07-17:13:24:09,865 INFO     [psi4.optking.history:302] 	Steps to be used in Hessian update:  12 11 10 9

2025-07-17:13:24:09,865 INFO     [psi4.optking.history:400] 	Updated Hessian (in au) 
 	   0.026789

2025-07-17:13:24:09,866 INFO     [psi4.optking.molsys:874] Projected (PHP) Hessian matrix
	   0.026789

2025-07-17:13:24:09,866 INFO     [psi4.optking.opt_helper:168] 
	         Geometry (au)                                       Gradient (au)
   0.0000000000   0.0000000000   3.5293449129		  -0.0000000000   0.0000000000  -0.0001131633
   0.0000000000   0.0000000000  -1.0269047220		  -0.0000000000   0.0000000000   0.0001228115

2025-07-17:13:24:09,866 INFO     [psi4.optking.stepAlgorithms:315] 	Current Step Report 
 
	Current energy:      -355.6376100714
	Energy change for the previous step:
		Actual       :        -0.0000024568
		Projected    :        -0.0000019178

2025-07-17:13:24:09,866 INFO     [psi4.optking.stepAlgorithms:318] 	Energy ratio =    1.28103
2025-07-17:13:24:09,866 INFO     [psi4.optking.stepAlgorithms:750] 	Using RFO solution 1.
2025-07-17:13:24:09,866 INFO     [psi4.optking.displace:73] 	Determining Cartesian step for fragment 1.
2025-07-17:13:24:09,866 INFO     [psi4.optking.displace:378] 	Successfully converged to displaced geometry.
2025-07-17:13:24:09,866 INFO     [psi4.optking.displace:379] 	RMS(dx):  0.000e+00 	Max(dx):  0.000e+00 	RMS(dq):  0.000e+00
2025-07-17:13:24:09,866 INFO     [psi4.optking.displace:132] 

	        --- Internal Coordinate Step in ANG or DEG, aJ/ANG or AJ/DEG ---
	-------------------------------------------------------------------------------
	           Coordinate      Previous         Force          Change          New 
	           ----------      --------        ------          ------        ------
	               R(1,2)       2.41106        0.00097        0.00233       2.41339
	-------------------------------------------------------------------------------

2025-07-17:13:24:09,866 INFO     [psi4.optking.stepAlgorithms:96] 	|target step| :    0.0044042032
2025-07-17:13:24:09,866 INFO     [psi4.optking.stepAlgorithms:97] 	gradient     :   -0.0001179874
2025-07-17:13:24:09,866 INFO     [psi4.optking.stepAlgorithms:98] 	hessian      :    0.0267892148
2025-07-17:13:24:09,866 INFO     [psi4.optking.stepAlgorithms:177] 	Norm of achieved step-size    0.0044042032
2025-07-17:13:24:09,866 INFO     [psi4.optking.stepAlgorithms:179] 	Norm of achieved step-size (cart):    0.0031142419
2025-07-17:13:24:09,866 INFO     [psi4.optking.opt_helper:151] Molsys:

	                            ===> Fragment 1 <== 

	 Z (Atomic Numbers)          Masses                          Geom                  
	       4.000000             9.012183          0.00000000  0.00000000  3.53154701   
	      15.000000            30.973762          0.00000000  0.00000000 -1.02910682   

	 - Coordinate -           - BOHR/RAD -       - ANG/DEG -
	 R(1,2)           =         4.560654           2.413394

2025-07-17:13:24:09,867 INFO     [psi4.optking.convcheck:71] Performing convergence check.
2025-07-17:13:24:09,867 INFO     [psi4.optking.convcheck:263] 
	                                 ==> Convergence Check <==                                  
    
	Measures of convergence in internal coordinates in au.
    
	Criteria marked as inactive (o), active & met (*), and active & unmet ( ).

	----------------------------------------------------------------------------------------------
	   Step    Total Energy     Delta E     Max Force     RMS Force      Max Disp      RMS Disp   
	----------------------------------------------------------------------------------------------
	  Convergence Criteria     1.00e-06 *    3.00e-04 *             o    1.20e-03 *             o
	----------------------------------------------------------------------------------------------
	    13    -355.63761007   -2.46e-06      1.18e-04 *    1.18e-04 o    4.40e-03      4.40e-03 o  ~
	----------------------------------------------------------------------------------------------


2025-07-17:13:24:09,867 INFO     [psi4.optking.stepAlgorithms:266] 	Convergence check returned False
2025-07-17:13:24:09,882 INFO     [psi4.driver.task_planner:285] PLANNING Atomic:  keywords={'DAMPING_PERCENTAGE': 1.0, 'GEOM_MAXITER': 500, 'SCF__GUESS': 'READ', 'GUESS': 'SAP', 'MAXITER': 500, 'REFERENCE': 'UKS', 'function_kwargs': {}}
2025-07-17:13:24:09,884 INFO     [psi4.driver.driver:636] Compute gradient(): method=b3lyp, basis=cc-pvdz, molecule=default, nre=13.156008355292192
2025-07-17:13:24:10,815 INFO     [psi4.driver.driver:639] Return gradient(): -355.6376103480649
2025-07-17:13:24:10,815 INFO     [psi4.driver.driver:640] [[ 0.00000000 -0.00000000 -0.00002160]
 [ 0.00000000  0.00000000  0.00003144]]
2025-07-17:13:24:10,816 INFO     [psi4.optking.history:257] 	Performing BFGS update.
2025-07-17:13:24:10,816 INFO     [psi4.optking.history:268] 	Using 4 previous steps for update.
2025-07-17:13:24:10,816 INFO     [psi4.optking.history:302] 	Steps to be used in Hessian update:  13 12 11 10

2025-07-17:13:24:10,816 INFO     [psi4.optking.history:400] 	Updated Hessian (in au) 
 	   0.023345

2025-07-17:13:24:10,816 INFO     [psi4.optking.molsys:874] Projected (PHP) Hessian matrix
	   0.023345

2025-07-17:13:24:10,816 INFO     [psi4.optking.opt_helper:168] 
	         Geometry (au)                                       Gradient (au)
   0.0000000000   0.0000000000   3.5327564802		   0.0000000000  -0.0000000000  -0.0000215980
   0.0000000000   0.0000000000  -1.0278973579		   0.0000000000   0.0000000000   0.0000314366

2025-07-17:13:24:10,817 INFO     [psi4.optking.stepAlgorithms:315] 	Current Step Report 
 
	Current energy:      -355.6376103481
	Energy change for the previous step:
		Actual       :        -0.0000002767
		Projected    :        -0.0000002598

2025-07-17:13:24:10,817 INFO     [psi4.optking.stepAlgorithms:318] 	Energy ratio =    1.06479
2025-07-17:13:24:10,817 INFO     [psi4.optking.stepAlgorithms:750] 	Using RFO solution 1.
2025-07-17:13:24:10,817 INFO     [psi4.optking.displace:73] 	Determining Cartesian step for fragment 1.
2025-07-17:13:24:10,817 INFO     [psi4.optking.displace:378] 	Successfully converged to displaced geometry.
2025-07-17:13:24:10,817 INFO     [psi4.optking.displace:379] 	RMS(dx):  0.000e+00 	Max(dx):  0.000e+00 	RMS(dq):  0.000e+00
2025-07-17:13:24:10,817 INFO     [psi4.optking.displace:132] 

	        --- Internal Coordinate Step in ANG or DEG, aJ/ANG or AJ/DEG ---
	-------------------------------------------------------------------------------
	           Coordinate      Previous         Force          Change          New 
	           ----------      --------        ------          ------        ------
	               R(1,2)       2.41339        0.00022        0.00060       2.41400
	-------------------------------------------------------------------------------

2025-07-17:13:24:10,817 INFO     [psi4.optking.stepAlgorithms:96] 	|target step| :    0.0011358798
2025-07-17:13:24:10,817 INFO     [psi4.optking.stepAlgorithms:97] 	gradient     :   -0.0000265173
2025-07-17:13:24:10,817 INFO     [psi4.optking.stepAlgorithms:98] 	hessian      :    0.0233451366
2025-07-17:13:24:10,817 INFO     [psi4.optking.stepAlgorithms:177] 	Norm of achieved step-size    0.0011358798
2025-07-17:13:24:10,817 INFO     [psi4.optking.stepAlgorithms:179] 	Norm of achieved step-size (cart):    0.0008031883
2025-07-17:13:24:10,817 INFO     [psi4.optking.opt_helper:151] Molsys:

	                            ===> Fragment 1 <== 

	 Z (Atomic Numbers)          Masses                          Geom                  
	       4.000000             9.012183          0.00000000  0.00000000  3.53332442   
	      15.000000            30.973762          0.00000000  0.00000000 -1.02846530   

	 - Coordinate -           - BOHR/RAD -       - ANG/DEG -
	 R(1,2)           =         4.561790           2.413995

2025-07-17:13:24:10,817 INFO     [psi4.optking.convcheck:71] Performing convergence check.
2025-07-17:13:24:10,817 INFO     [psi4.optking.convcheck:263] 
	                                 ==> Convergence Check <==                                  
    
	Measures of convergence in internal coordinates in au.
    
	Criteria marked as inactive (o), active & met (*), and active & unmet ( ).

	----------------------------------------------------------------------------------------------
	   Step    Total Energy     Delta E     Max Force     RMS Force      Max Disp      RMS Disp   
	----------------------------------------------------------------------------------------------
	  Convergence Criteria     1.00e-06 *    3.00e-04 *             o    1.20e-03 *             o
	----------------------------------------------------------------------------------------------
	    14    -355.63761035   -2.77e-07 *    2.65e-05 *    2.65e-05 o    1.14e-03 *    1.14e-03 o  ~
	----------------------------------------------------------------------------------------------


2025-07-17:13:24:10,817 INFO     [psi4.optking.convcheck:193] 
	                      ===> Final Convergence Report <===                     

	----------------------------------------------------------------------------
	|   Required Criteria    |  One or More Criteria  |   Alternate Criteria   |
	----------------------------------------------------------------------------
	| [x]     max_force      | [x]       max_DE       |                        |
	|                        | [x]      max_disp      |                        |
	----------------------------------------------------------------------------


2025-07-17:13:24:10,817 INFO     [psi4.optking.stepAlgorithms:266] 	Convergence check returned True
2025-07-17:13:24:10,818 INFO     [psi4.optking.optimize:286] 	Converged in 14 steps!
2025-07-17:13:24:10,818 INFO     [psi4.optking.optimize:287] 	Final energy is   -355.6376103480649
2025-07-17:13:24:10,818 INFO     [psi4.optking.optimize:288] 	Final structure (Angstroms): 
	Fragment 1 (Ang)

	   Be   0.0000000000   0.0000000000   1.8697547610
	    P   0.0000000000   0.0000000000  -0.5442403976


2025-07-17:13:24:10,818 INFO     [psi4.optking.optimize:432] 	Optimization Finished

	==> Optimization Summary <==

        
	Measures of convergence in internal coordinates in au. (Any backward steps not shown.)
        
	---------------------------------------------------------------------------------------------------------------  ~
        
	 Step         Total Energy             Delta E       MAX Force       RMS Force        MAX Disp        RMS Disp   ~
        
	---------------------------------------------------------------------------------------------------------------  ~
        
	     1    -355.060209210993   -355.060209210993      1.16307679      1.16307679      0.25938909      0.25938909  ~
	     2    -355.300293495256     -0.240084284263      0.71870588      0.71870588      0.31054959      0.31054959  ~
	     3    -355.467533049434     -0.167239554177      0.38855105      0.38855105      0.32651400      0.32651400  ~
	     4    -355.559685308061     -0.092152258627      0.19587887      0.19587887      0.30172779      0.30172779  ~
	     5    -355.602831050263     -0.043145742203      0.09963649      0.09963649      0.28669399      0.28669399  ~
	     6    -355.623447511623     -0.020616461360      0.04909527      0.04909527      0.25970809      0.25970809  ~
	     7    -355.632536926715     -0.009089415092      0.02327953      0.02327953      0.22259014      0.22259014  ~
	     8    -355.636149549504     -0.003612622788      0.01026298      0.01026298      0.12546022      0.12546022  ~
	     9    -355.637114426649     -0.000964877145      0.00536721      0.00536721      0.10317884      0.10317884  ~
	    10    -355.637502761729     -0.000388335080      0.00229498      0.00229498      0.04922922      0.04922922  ~
	    11    -355.637584809395     -0.000082047666      0.00107801      0.00107801      0.03257799      0.03257799  ~
	    12    -355.637607614625     -0.000022805230      0.00034999      0.00034999      0.01095933      0.01095933  ~
	    13    -355.637610071410     -0.000002456785      0.00011799      0.00011799      0.00440420      0.00440420  ~
	    14    -355.637610348065     -0.000000276655      0.00002652      0.00002652      0.00113588      0.00113588  ~
	----------------------------------------------------------------------------------------------------------------


2025-07-17:13:24:10,818 INFO     [psi4.optking.optimize:640] Preparing OptimizationResult
