2025-07-17:14:10:14,526 INFO     [psi4.optking.optwrapper:214] Creating a UserComputer
2025-07-17:14:10:14,526 INFO     [psi4.optking.optwrapper:222] 
    			-----------------------------------------

    			 OPTKING 3.0: for geometry optimizations 

    			     By R.A. King, Bethel University     

    			        with contributions from          

    			    A.V. Copan, J. Cayton, A. Heide      

    			-----------------------------------------

    
2025-07-17:14:10:14,526 INFO     [psi4.optking.optwrapper:238] 
		 -- Optimization Parameters --
	accept_symmetry_breaking       =           False
	alg_geom_maxiter               =             500
	bt_dx_conv                     =           1e-07
	bt_dx_rms_change_conv          =           1e-12
	bt_max_iter                    =              25
	cart_hess_read                 =           False
	consecutive_backsteps_allowed  =               0
	conv_max_DE                    =           1e-06
	conv_max_disp                  =          0.0012
	conv_max_force                 =          0.0003
	conv_rms_disp                  =              -1
	conv_rms_force                 =              -1
	covalent_connect               =             1.3
	dynamic_level                  =               0
	dynamic_level_max              =               0
	ensure_bt_convergence          =           False
	ext_force_bend                 =              []
	ext_force_cartesian            =              []
	ext_force_dihedral             =              []
	ext_force_distance             =              []
	ext_force_oofp                 =              []
	fix_val_near_pi                =            1.57
	flexible_g_convergence         =           False
	frag_mode                      =          SINGLE
	frag_ref_atoms                 =            None
	freeze_intrafrag               =           False
	frozen_bend                    =              []
	frozen_cartesian               =              []
	frozen_dihedral                =              []
	frozen_distance                =              []
	frozen_oofp                    =              []
	full_hess_every                =              -1
	g_convergence                  =           QCHEM
	generate_intcos_exit           =           False
	geom_maxiter                   =             500
	h_bond_connect                 =             4.3
	hess_update                    =            BFGS
	hess_update_den_tol            =           1e-07
	hess_update_dq_tol             =             0.5
	hess_update_limit              =            True
	hess_update_limit_max          =             1.0
	hess_update_limit_scale        =             0.5
	hess_update_use_last           =               4
	hessian_file                   =            None
	i_max_DE                       =            True
	i_max_disp                     =            True
	i_max_force                    =            True
	i_rms_disp                     =           False
	i_rms_force                    =           False
	i_untampered                   =            True
	include_oofp                   =           False
	interfrag_collinear_tol        =            0.01
	interfrag_coords               =            None
	interfrag_dist_inv             =           False
	interfrag_mode                 =           FIXED
	interfrag_trust                =             0.5
	interfrag_trust_max            =             1.0
	interfrag_trust_min            =           0.001
	interfragment_connect          =             1.8
	intrafrag_hess                 =        SCHLEGEL
	intrafrag_trust                =             0.5
	intrafrag_trust_max            =             1.0
	intrafrag_trust_min            =           0.001
	irc_direction                  =         FORWARD
	irc_points                     =              20
	irc_step_size                  =             0.2
	keep_intcos                    =           False
	linear_bend_threshold          =            3.05
	linesearch                     =           False
	linesearch_step                =             0.1
	max_disp_g_convergence         =          0.0012
	max_energy_g_convergence       =           1e-06
	max_force_g_convergence        =          0.0003
	opt_coordinates                =       REDUNDANT
	opt_type                       =             MIN
	output_type                    =            FILE
	print_lvl                      =               1
	program                        =            psi4
	ranged_bend                    =              []
	ranged_cartesian               =              []
	ranged_dihedral                =              []
	ranged_distance                =              []
	ranged_oofp                    =              []
	redundant_eval_tol             =           1e-10
	rfo_follow_root                =           False
	rfo_normalization_max          =             100
	rfo_root                       =               0
	rms_disp_g_convergence         =          0.0012
	rms_force_g_convergence        =          0.0003
	rsrfo_alpha_max                =     100000000.0
	sd_hessian                     =             1.0
	simple_step_scaling            =           False
	small_bend_fix_threshold       =            0.35
	steepest_descent_type          =         OVERLAP
	step_type                      =             RFO
	test_B                         =           False
	test_derivative_B              =           False
	trajectory                     =           False
	v3d_tors_angle_lim             =           0.017
	v3d_tors_cos_tol               =           1e-10
	working_consecutive_backsteps  =               0
	working_steps_since_last_H     =               0


2025-07-17:14:10:15,192 INFO     [psi4.optking.opt_helper:151] Molsys:

	                            ===> Fragment 1 <== 

	 Z (Atomic Numbers)          Masses                          Geom                  
	       8.000000            15.994915          0.00000000  0.00000000  1.49542882   
	      15.000000            30.973762          0.00000000  0.00000000 -0.77224253   

	 - Coordinate -           - BOHR/RAD -       - ANG/DEG -
	 R(1,2)           =         2.267671           1.200000

2025-07-17:14:10:15,203 INFO     [psi4.driver.task_planner:285] PLANNING Atomic:  keywords={'DAMPING_PERCENTAGE': 1.0, 'GEOM_MAXITER': 500, 'GUESS': 'SAP', 'MAXITER': 500, 'REFERENCE': 'UKS', 'function_kwargs': {}}
2025-07-17:14:10:15,204 INFO     [psi4.driver.driver:636] Compute gradient(): method=b3lyp, basis=cc-pvdz, molecule=default, nre=52.91772106700001
2025-07-17:14:10:16,538 INFO     [psi4.driver.driver:639] Return gradient(): -415.55187127712367
2025-07-17:14:10:16,538 INFO     [psi4.driver.driver:640] [[ 0.00000000 -0.00000000 -0.95065263]
 [ 0.00000000 -0.00000000  0.95064266]]
2025-07-17:14:10:16,539 INFO     [psi4.optking.molsys:874] Projected (PHP) Hessian matrix
	   4.182219

2025-07-17:14:10:16,539 INFO     [psi4.optking.opt_helper:168] 
	         Geometry (au)                                       Gradient (au)
   0.0000000000   0.0000000000   1.4954288211		   0.0000000000  -0.0000000000  -0.9506526263
   0.0000000000   0.0000000000  -0.7722425295		   0.0000000000  -0.0000000000   0.9506426618

2025-07-17:14:10:16,539 INFO     [psi4.optking.stepAlgorithms:750] 	Using RFO solution 1.
2025-07-17:14:10:16,539 INFO     [psi4.optking.displace:73] 	Determining Cartesian step for fragment 1.
2025-07-17:14:10:16,540 INFO     [psi4.optking.displace:378] 	Successfully converged to displaced geometry.
2025-07-17:14:10:16,540 INFO     [psi4.optking.displace:379] 	RMS(dx):  0.000e+00 	Max(dx):  0.000e+00 	RMS(dq):  0.000e+00
2025-07-17:14:10:16,540 INFO     [psi4.optking.displace:132] 

	        --- Internal Coordinate Step in ANG or DEG, aJ/ANG or AJ/DEG ---
	-------------------------------------------------------------------------------
	           Coordinate      Previous         Force          Change          New 
	           ----------      --------        ------          ------        ------
	               R(1,2)       1.20000        7.83212        0.11464       1.31464
	-------------------------------------------------------------------------------

2025-07-17:14:10:16,540 INFO     [psi4.optking.stepAlgorithms:96] 	|target step| :    0.2166389514
2025-07-17:14:10:16,540 INFO     [psi4.optking.stepAlgorithms:97] 	gradient     :   -0.9506476440
2025-07-17:14:10:16,540 INFO     [psi4.optking.stepAlgorithms:98] 	hessian      :    4.1822185214
2025-07-17:14:10:16,540 INFO     [psi4.optking.stepAlgorithms:177] 	Norm of achieved step-size    0.2166389514
2025-07-17:14:10:16,540 INFO     [psi4.optking.stepAlgorithms:179] 	Norm of achieved step-size (cart):    0.1531868716
2025-07-17:14:10:16,540 INFO     [psi4.optking.opt_helper:151] Molsys:

	                            ===> Fragment 1 <== 

	 Z (Atomic Numbers)          Masses                          Geom                  
	       8.000000            15.994915          0.00000000  0.00000000  1.60374830   
	      15.000000            30.973762          0.00000000  0.00000000 -0.88056201   

	 - Coordinate -           - BOHR/RAD -       - ANG/DEG -
	 R(1,2)           =         2.484310           1.314640

2025-07-17:14:10:16,540 INFO     [psi4.optking.convcheck:71] Performing convergence check.
2025-07-17:14:10:16,540 INFO     [psi4.optking.convcheck:263] 
	                                 ==> Convergence Check <==                                  
    
	Measures of convergence in internal coordinates in au.
    
	Criteria marked as inactive (o), active & met (*), and active & unmet ( ).

	----------------------------------------------------------------------------------------------
	   Step    Total Energy     Delta E     Max Force     RMS Force      Max Disp      RMS Disp   
	----------------------------------------------------------------------------------------------
	  Convergence Criteria     1.00e-06 *    3.00e-04 *             o    1.20e-03 *             o
	----------------------------------------------------------------------------------------------
	     1    -415.55187128   -4.16e+02      9.51e-01      9.51e-01 o    2.17e-01      2.17e-01 o  ~
	----------------------------------------------------------------------------------------------


2025-07-17:14:10:16,540 INFO     [psi4.optking.stepAlgorithms:266] 	Convergence check returned False
2025-07-17:14:10:16,557 INFO     [psi4.driver.task_planner:285] PLANNING Atomic:  keywords={'DAMPING_PERCENTAGE': 1.0, 'GEOM_MAXITER': 500, 'SCF__GUESS': 'READ', 'GUESS': 'SAP', 'MAXITER': 500, 'REFERENCE': 'UKS', 'function_kwargs': {}}
2025-07-17:14:10:16,558 INFO     [psi4.driver.driver:636] Compute gradient(): method=b3lyp, basis=cc-pvdz, molecule=default, nre=48.303144702053764
2025-07-17:14:10:17,643 INFO     [psi4.driver.driver:639] Return gradient(): -415.6995322942735
2025-07-17:14:10:17,643 INFO     [psi4.driver.driver:640] [[-0.00000000 -0.00000000 -0.45896687]
 [ 0.00000000 -0.00000000  0.45895367]]
2025-07-17:14:10:17,645 INFO     [psi4.optking.history:257] 	Performing BFGS update.
2025-07-17:14:10:17,645 INFO     [psi4.optking.history:268] 	Using 1 previous steps for update.
2025-07-17:14:10:17,646 INFO     [psi4.optking.history:302] 	Steps to be used in Hessian update:  1

2025-07-17:14:10:17,646 INFO     [psi4.optking.history:400] 	Updated Hessian (in au) 
 	   2.269617

2025-07-17:14:10:17,646 INFO     [psi4.optking.molsys:874] Projected (PHP) Hessian matrix
	   2.269617

2025-07-17:14:10:17,646 INFO     [psi4.optking.opt_helper:168] 
	         Geometry (au)                                       Gradient (au)
   0.0000000000   0.0000000000   1.6382926146		  -0.0000000000  -0.0000000000  -0.4589668716
   0.0000000000   0.0000000000  -0.8460176873		   0.0000000000  -0.0000000000   0.4589536692

2025-07-17:14:10:17,646 INFO     [psi4.optking.stepAlgorithms:315] 	Current Step Report 
 
	Current energy:      -415.6995322943
	Energy change for the previous step:
		Actual       :        -0.1476610171
		Projected    :        -0.1029736544

2025-07-17:14:10:17,646 INFO     [psi4.optking.stepAlgorithms:318] 	Energy ratio =    1.43397
2025-07-17:14:10:17,646 INFO     [psi4.optking.stepAlgorithms:346] 	Energy ratio indicates good step.
2025-07-17:14:10:17,646 INFO     [psi4.optking.stepAlgorithms:347] 	Intrafrag trust radius increased to 1.000e+00.
2025-07-17:14:10:17,646 INFO     [psi4.optking.stepAlgorithms:750] 	Using RFO solution 1.
2025-07-17:14:10:17,646 INFO     [psi4.optking.displace:73] 	Determining Cartesian step for fragment 1.
2025-07-17:14:10:17,646 INFO     [psi4.optking.displace:378] 	Successfully converged to displaced geometry.
2025-07-17:14:10:17,646 INFO     [psi4.optking.displace:379] 	RMS(dx):  0.000e+00 	Max(dx):  0.000e+00 	RMS(dq):  0.000e+00
2025-07-17:14:10:17,646 INFO     [psi4.optking.displace:132] 

	        --- Internal Coordinate Step in ANG or DEG, aJ/ANG or AJ/DEG ---
	-------------------------------------------------------------------------------
	           Coordinate      Previous         Force          Change          New 
	           ----------      --------        ------          ------        ------
	               R(1,2)       1.31464        3.78125        0.10296       1.41760
	-------------------------------------------------------------------------------

2025-07-17:14:10:17,646 INFO     [psi4.optking.stepAlgorithms:96] 	|target step| :    0.1945642305
2025-07-17:14:10:17,646 INFO     [psi4.optking.stepAlgorithms:97] 	gradient     :   -0.4589602704
2025-07-17:14:10:17,646 INFO     [psi4.optking.stepAlgorithms:98] 	hessian      :    2.2696166615
2025-07-17:14:10:17,646 INFO     [psi4.optking.stepAlgorithms:177] 	Norm of achieved step-size    0.1945642305
2025-07-17:14:10:17,646 INFO     [psi4.optking.stepAlgorithms:179] 	Norm of achieved step-size (cart):    0.1375776868
2025-07-17:14:10:17,647 INFO     [psi4.optking.opt_helper:151] Molsys:

	                            ===> Fragment 1 <== 

	 Z (Atomic Numbers)          Masses                          Geom                  
	       8.000000            15.994915          0.00000000  0.00000000  1.73557473   
	      15.000000            30.973762          0.00000000  0.00000000 -0.94329980   

	 - Coordinate -           - BOHR/RAD -       - ANG/DEG -
	 R(1,2)           =         2.678875           1.417599

2025-07-17:14:10:17,647 INFO     [psi4.optking.convcheck:71] Performing convergence check.
2025-07-17:14:10:17,647 INFO     [psi4.optking.convcheck:263] 
	                                 ==> Convergence Check <==                                  
    
	Measures of convergence in internal coordinates in au.
    
	Criteria marked as inactive (o), active & met (*), and active & unmet ( ).

	----------------------------------------------------------------------------------------------
	   Step    Total Energy     Delta E     Max Force     RMS Force      Max Disp      RMS Disp   
	----------------------------------------------------------------------------------------------
	  Convergence Criteria     1.00e-06 *    3.00e-04 *             o    1.20e-03 *             o
	----------------------------------------------------------------------------------------------
	     2    -415.69953229   -1.48e-01      4.59e-01      4.59e-01 o    1.95e-01      1.95e-01 o  ~
	----------------------------------------------------------------------------------------------


2025-07-17:14:10:17,647 INFO     [psi4.optking.stepAlgorithms:266] 	Convergence check returned False
2025-07-17:14:10:17,663 INFO     [psi4.driver.task_planner:285] PLANNING Atomic:  keywords={'DAMPING_PERCENTAGE': 1.0, 'GEOM_MAXITER': 500, 'SCF__GUESS': 'READ', 'GUESS': 'SAP', 'MAXITER': 500, 'REFERENCE': 'UKS', 'function_kwargs': {}}
2025-07-17:14:10:17,665 INFO     [psi4.driver.driver:636] Compute gradient(): method=b3lyp, basis=cc-pvdz, molecule=default, nre=44.79493106007274
2025-07-17:14:10:19,55 INFO     [psi4.driver.driver:639] Return gradient(): -415.86714010252376
2025-07-17:14:10:19,55 INFO     [psi4.driver.driver:640] [[-0.00000000 -0.00000000 -0.36943058]
 [ 0.00000000  0.00000000  0.36941177]]
2025-07-17:14:10:19,58 INFO     [psi4.optking.history:257] 	Performing BFGS update.
2025-07-17:14:10:19,58 INFO     [psi4.optking.history:268] 	Using 2 previous steps for update.
2025-07-17:14:10:19,58 INFO     [psi4.optking.history:302] 	Steps to be used in Hessian update:  2 1

2025-07-17:14:10:19,58 INFO     [psi4.optking.history:400] 	Updated Hessian (in au) 
 	   1.413478

2025-07-17:14:10:19,58 INFO     [psi4.optking.molsys:874] Projected (PHP) Hessian matrix
	   1.413478

2025-07-17:14:10:19,58 INFO     [psi4.optking.opt_helper:168] 
	         Geometry (au)                                       Gradient (au)
   0.0000000000   0.0000000000   1.7665991075		  -0.0000000000  -0.0000000000  -0.3694305811
   0.0000000000   0.0000000000  -0.9122754250		   0.0000000000   0.0000000000   0.3694117654

2025-07-17:14:10:19,58 INFO     [psi4.optking.stepAlgorithms:315] 	Current Step Report 
 
	Current energy:      -415.8671401025
	Energy change for the previous step:
		Actual       :        -0.1676078083
		Projected    :        -0.0446486259

2025-07-17:14:10:19,58 INFO     [psi4.optking.stepAlgorithms:318] 	Energy ratio =    3.75393
2025-07-17:14:10:19,58 INFO     [psi4.optking.stepAlgorithms:750] 	Using RFO solution 1.
2025-07-17:14:10:19,58 INFO     [psi4.optking.displace:73] 	Determining Cartesian step for fragment 1.
2025-07-17:14:10:19,59 INFO     [psi4.optking.displace:378] 	Successfully converged to displaced geometry.
2025-07-17:14:10:19,59 INFO     [psi4.optking.displace:379] 	RMS(dx):  1.282e-16 	Max(dx):  2.220e-16 	RMS(dq):  4.441e-16
2025-07-17:14:10:19,59 INFO     [psi4.optking.displace:132] 

	        --- Internal Coordinate Step in ANG or DEG, aJ/ANG or AJ/DEG ---
	-------------------------------------------------------------------------------
	           Coordinate      Previous         Force          Change          New 
	           ----------      --------        ------          ------        ------
	               R(1,2)       1.41760        3.04356        0.12996       1.54756
	-------------------------------------------------------------------------------

2025-07-17:14:10:19,59 INFO     [psi4.optking.stepAlgorithms:96] 	|target step| :    0.2455923730
2025-07-17:14:10:19,59 INFO     [psi4.optking.stepAlgorithms:97] 	gradient     :   -0.3694211732
2025-07-17:14:10:19,59 INFO     [psi4.optking.stepAlgorithms:98] 	hessian      :    1.4134775614
2025-07-17:14:10:19,59 INFO     [psi4.optking.stepAlgorithms:177] 	Norm of achieved step-size    0.2455923730
2025-07-17:14:10:19,59 INFO     [psi4.optking.stepAlgorithms:179] 	Norm of achieved step-size (cart):    0.1736600324
2025-07-17:14:10:19,59 INFO     [psi4.optking.opt_helper:151] Molsys:

	                            ===> Fragment 1 <== 

	 Z (Atomic Numbers)          Masses                          Geom                  
	       8.000000            15.994915          0.00000000  0.00000000  1.88939529   
	      15.000000            30.973762          0.00000000  0.00000000 -1.03507161   

	 - Coordinate -           - BOHR/RAD -       - ANG/DEG -
	 R(1,2)           =         2.924467           1.547561

2025-07-17:14:10:19,59 INFO     [psi4.optking.convcheck:71] Performing convergence check.
2025-07-17:14:10:19,59 INFO     [psi4.optking.convcheck:263] 
	                                 ==> Convergence Check <==                                  
    
	Measures of convergence in internal coordinates in au.
    
	Criteria marked as inactive (o), active & met (*), and active & unmet ( ).

	----------------------------------------------------------------------------------------------
	   Step    Total Energy     Delta E     Max Force     RMS Force      Max Disp      RMS Disp   
	----------------------------------------------------------------------------------------------
	  Convergence Criteria     1.00e-06 *    3.00e-04 *             o    1.20e-03 *             o
	----------------------------------------------------------------------------------------------
	     3    -415.86714010   -1.68e-01      3.69e-01      3.69e-01 o    2.46e-01      2.46e-01 o  ~
	----------------------------------------------------------------------------------------------


2025-07-17:14:10:19,59 INFO     [psi4.optking.stepAlgorithms:266] 	Convergence check returned False
2025-07-17:14:10:19,81 INFO     [psi4.driver.task_planner:285] PLANNING Atomic:  keywords={'DAMPING_PERCENTAGE': 1.0, 'GEOM_MAXITER': 500, 'SCF__GUESS': 'READ', 'GUESS': 'SAP', 'MAXITER': 500, 'REFERENCE': 'UKS', 'function_kwargs': {}}
2025-07-17:14:10:19,82 INFO     [psi4.driver.driver:636] Compute gradient(): method=b3lyp, basis=cc-pvdz, molecule=default, nre=41.03311949816312
2025-07-17:14:10:20,328 INFO     [psi4.driver.driver:639] Return gradient(): -415.93113355595614
2025-07-17:14:10:20,329 INFO     [psi4.driver.driver:640] [[-0.00000000  0.00000000 -0.17334986]
 [-0.00000000  0.00000000  0.17332373]]
2025-07-17:14:10:20,332 INFO     [psi4.optking.history:257] 	Performing BFGS update.
2025-07-17:14:10:20,332 INFO     [psi4.optking.history:268] 	Using 3 previous steps for update.
2025-07-17:14:10:20,332 WARNING  [psi4.optking.history:286] 	Change in internal coordinate of 6.57e-01 exceeds limit of 5.00e-01.
2025-07-17:14:10:20,332 WARNING  [psi4.optking.history:291] 	Skipping Hessian update for step 1.
2025-07-17:14:10:20,332 INFO     [psi4.optking.history:302] 	Steps to be used in Hessian update:  3 2

2025-07-17:14:10:20,333 INFO     [psi4.optking.history:400] 	Updated Hessian (in au) 
 	   0.648913

2025-07-17:14:10:20,333 INFO     [psi4.optking.molsys:874] Projected (PHP) Hessian matrix
	   0.648913

2025-07-17:14:10:20,333 INFO     [psi4.optking.opt_helper:168] 
	         Geometry (au)                                       Gradient (au)
   0.0000000000   0.0000000000   1.9285564002		  -0.0000000000   0.0000000000  -0.1733498559
   0.0000000000   0.0000000000  -0.9959105052		  -0.0000000000   0.0000000000   0.1733237345

2025-07-17:14:10:20,333 INFO     [psi4.optking.stepAlgorithms:315] 	Current Step Report 
 
	Current energy:      -415.9311335560
	Energy change for the previous step:
		Actual       :        -0.0639934534
		Projected    :        -0.0453635113

2025-07-17:14:10:20,333 INFO     [psi4.optking.stepAlgorithms:318] 	Energy ratio =    1.41068
2025-07-17:14:10:20,333 INFO     [psi4.optking.stepAlgorithms:750] 	Using RFO solution 1.
2025-07-17:14:10:20,333 INFO     [psi4.optking.displace:73] 	Determining Cartesian step for fragment 1.
2025-07-17:14:10:20,334 INFO     [psi4.optking.displace:378] 	Successfully converged to displaced geometry.
2025-07-17:14:10:20,334 INFO     [psi4.optking.displace:379] 	RMS(dx):  0.000e+00 	Max(dx):  0.000e+00 	RMS(dq):  0.000e+00
2025-07-17:14:10:20,334 INFO     [psi4.optking.displace:132] 

	        --- Internal Coordinate Step in ANG or DEG, aJ/ANG or AJ/DEG ---
	-------------------------------------------------------------------------------
	           Coordinate      Previous         Force          Change          New 
	           ----------      --------        ------          ------        ------
	               R(1,2)       1.54756        1.42807        0.13249       1.68005
	-------------------------------------------------------------------------------

2025-07-17:14:10:20,334 INFO     [psi4.optking.stepAlgorithms:96] 	|target step| :    0.2503737119
2025-07-17:14:10:20,334 INFO     [psi4.optking.stepAlgorithms:97] 	gradient     :   -0.1733367952
2025-07-17:14:10:20,334 INFO     [psi4.optking.stepAlgorithms:98] 	hessian      :    0.6489133025
2025-07-17:14:10:20,334 INFO     [psi4.optking.stepAlgorithms:177] 	Norm of achieved step-size    0.2503737119
2025-07-17:14:10:20,334 INFO     [psi4.optking.stepAlgorithms:179] 	Norm of achieved step-size (cart):    0.1770409495
2025-07-17:14:10:20,336 INFO     [psi4.optking.opt_helper:151] Molsys:

	                            ===> Fragment 1 <== 

	 Z (Atomic Numbers)          Masses                          Geom                  
	       8.000000            15.994915          0.00000000  0.00000000  2.05374326   
	      15.000000            30.973762          0.00000000  0.00000000 -1.12109736   

	 - Coordinate -           - BOHR/RAD -       - ANG/DEG -
	 R(1,2)           =         3.174841           1.680053

2025-07-17:14:10:20,336 INFO     [psi4.optking.convcheck:71] Performing convergence check.
2025-07-17:14:10:20,336 INFO     [psi4.optking.convcheck:263] 
	                                 ==> Convergence Check <==                                  
    
	Measures of convergence in internal coordinates in au.
    
	Criteria marked as inactive (o), active & met (*), and active & unmet ( ).

	----------------------------------------------------------------------------------------------
	   Step    Total Energy     Delta E     Max Force     RMS Force      Max Disp      RMS Disp   
	----------------------------------------------------------------------------------------------
	  Convergence Criteria     1.00e-06 *    3.00e-04 *             o    1.20e-03 *             o
	----------------------------------------------------------------------------------------------
	     4    -415.93113356   -6.40e-02      1.73e-01      1.73e-01 o    2.50e-01      2.50e-01 o  ~
	----------------------------------------------------------------------------------------------


2025-07-17:14:10:20,336 INFO     [psi4.optking.stepAlgorithms:266] 	Convergence check returned False
2025-07-17:14:10:20,357 INFO     [psi4.driver.task_planner:285] PLANNING Atomic:  keywords={'DAMPING_PERCENTAGE': 1.0, 'GEOM_MAXITER': 500, 'SCF__GUESS': 'READ', 'GUESS': 'SAP', 'MAXITER': 500, 'REFERENCE': 'UKS', 'function_kwargs': {}}
2025-07-17:14:10:20,358 INFO     [psi4.driver.driver:636] Compute gradient(): method=b3lyp, basis=cc-pvdz, molecule=default, nre=37.79717298072841
2025-07-17:14:10:21,619 INFO     [psi4.driver.driver:639] Return gradient(): -415.9605929801488
2025-07-17:14:10:21,619 INFO     [psi4.driver.driver:640] [[ 0.00000000 -0.00000000 -0.07427477]
 [ 0.00000000  0.00000000  0.07424670]]
2025-07-17:14:10:21,622 INFO     [psi4.optking.history:257] 	Performing BFGS update.
2025-07-17:14:10:21,622 INFO     [psi4.optking.history:268] 	Using 4 previous steps for update.
2025-07-17:14:10:21,622 WARNING  [psi4.optking.history:286] 	Change in internal coordinate of 6.91e-01 exceeds limit of 5.00e-01.
2025-07-17:14:10:21,622 WARNING  [psi4.optking.history:291] 	Skipping Hessian update for step 2.
2025-07-17:14:10:21,623 WARNING  [psi4.optking.history:286] 	Change in internal coordinate of 9.07e-01 exceeds limit of 5.00e-01.
2025-07-17:14:10:21,623 WARNING  [psi4.optking.history:291] 	Skipping Hessian update for step 1.
2025-07-17:14:10:21,623 INFO     [psi4.optking.history:302] 	Steps to be used in Hessian update:  4 3

2025-07-17:14:10:21,623 INFO     [psi4.optking.history:400] 	Updated Hessian (in au) 
 	   0.595122

2025-07-17:14:10:21,623 INFO     [psi4.optking.molsys:874] Projected (PHP) Hessian matrix
	   0.595122

2025-07-17:14:10:21,623 INFO     [psi4.optking.opt_helper:168] 
	         Geometry (au)                                       Gradient (au)
   0.0000000000   0.0000000000   2.0936667742		   0.0000000000  -0.0000000000  -0.0742747725
   0.0000000000   0.0000000000  -1.0811738431		   0.0000000000   0.0000000000   0.0742467033

2025-07-17:14:10:21,623 INFO     [psi4.optking.stepAlgorithms:315] 	Current Step Report 
 
	Current energy:      -415.9605929801
	Energy change for the previous step:
		Actual       :        -0.0294594242
		Projected    :        -0.0216994884

2025-07-17:14:10:21,623 INFO     [psi4.optking.stepAlgorithms:318] 	Energy ratio =    1.35761
2025-07-17:14:10:21,623 INFO     [psi4.optking.stepAlgorithms:750] 	Using RFO solution 1.
2025-07-17:14:10:21,623 INFO     [psi4.optking.displace:73] 	Determining Cartesian step for fragment 1.
2025-07-17:14:10:21,624 INFO     [psi4.optking.displace:378] 	Successfully converged to displaced geometry.
2025-07-17:14:10:21,624 INFO     [psi4.optking.displace:379] 	RMS(dx):  0.000e+00 	Max(dx):  0.000e+00 	RMS(dq):  0.000e+00
2025-07-17:14:10:21,624 INFO     [psi4.optking.displace:132] 

	        --- Internal Coordinate Step in ANG or DEG, aJ/ANG or AJ/DEG ---
	-------------------------------------------------------------------------------
	           Coordinate      Previous         Force          Change          New 
	           ----------      --------        ------          ------        ------
	               R(1,2)       1.68005        0.61181        0.06503       1.74509
	-------------------------------------------------------------------------------

2025-07-17:14:10:21,624 INFO     [psi4.optking.stepAlgorithms:96] 	|target step| :    0.1228976408
2025-07-17:14:10:21,624 INFO     [psi4.optking.stepAlgorithms:97] 	gradient     :   -0.0742607379
2025-07-17:14:10:21,624 INFO     [psi4.optking.stepAlgorithms:98] 	hessian      :    0.5951222157
2025-07-17:14:10:21,624 INFO     [psi4.optking.stepAlgorithms:177] 	Norm of achieved step-size    0.1228976408
2025-07-17:14:10:21,624 INFO     [psi4.optking.stepAlgorithms:179] 	Norm of achieved step-size (cart):    0.0869017552
2025-07-17:14:10:21,624 INFO     [psi4.optking.opt_helper:151] Molsys:

	                            ===> Fragment 1 <== 

	 Z (Atomic Numbers)          Masses                          Geom                  
	       8.000000            15.994915          0.00000000  0.00000000  2.15511559   
	      15.000000            30.973762          0.00000000  0.00000000 -1.14262266   

	 - Coordinate -           - BOHR/RAD -       - ANG/DEG -
	 R(1,2)           =         3.297738           1.745088

2025-07-17:14:10:21,624 INFO     [psi4.optking.convcheck:71] Performing convergence check.
2025-07-17:14:10:21,624 INFO     [psi4.optking.convcheck:263] 
	                                 ==> Convergence Check <==                                  
    
	Measures of convergence in internal coordinates in au.
    
	Criteria marked as inactive (o), active & met (*), and active & unmet ( ).

	----------------------------------------------------------------------------------------------
	   Step    Total Energy     Delta E     Max Force     RMS Force      Max Disp      RMS Disp   
	----------------------------------------------------------------------------------------------
	  Convergence Criteria     1.00e-06 *    3.00e-04 *             o    1.20e-03 *             o
	----------------------------------------------------------------------------------------------
	     5    -415.96059298   -2.95e-02      7.43e-02      7.43e-02 o    1.23e-01      1.23e-01 o  ~
	----------------------------------------------------------------------------------------------


2025-07-17:14:10:21,624 INFO     [psi4.optking.stepAlgorithms:266] 	Convergence check returned False
2025-07-17:14:10:21,641 INFO     [psi4.driver.task_planner:285] PLANNING Atomic:  keywords={'DAMPING_PERCENTAGE': 1.0, 'GEOM_MAXITER': 500, 'SCF__GUESS': 'READ', 'GUESS': 'SAP', 'MAXITER': 500, 'REFERENCE': 'UKS', 'function_kwargs': {}}
2025-07-17:14:10:21,642 INFO     [psi4.driver.driver:636] Compute gradient(): method=b3lyp, basis=cc-pvdz, molecule=default, nre=36.388576232062704
2025-07-17:14:10:22,686 INFO     [psi4.driver.driver:639] Return gradient(): -415.96796225503317
2025-07-17:14:10:22,687 INFO     [psi4.driver.driver:640] [[-0.00000000  0.00000000 -0.04749273]
 [ 0.00000000  0.00000000  0.04747052]]
2025-07-17:14:10:22,688 INFO     [psi4.optking.history:257] 	Performing BFGS update.
2025-07-17:14:10:22,688 INFO     [psi4.optking.history:268] 	Using 4 previous steps for update.
2025-07-17:14:10:22,688 WARNING  [psi4.optking.history:286] 	Change in internal coordinate of 6.19e-01 exceeds limit of 5.00e-01.
2025-07-17:14:10:22,688 WARNING  [psi4.optking.history:291] 	Skipping Hessian update for step 3.
2025-07-17:14:10:22,688 WARNING  [psi4.optking.history:286] 	Change in internal coordinate of 8.13e-01 exceeds limit of 5.00e-01.
2025-07-17:14:10:22,688 WARNING  [psi4.optking.history:291] 	Skipping Hessian update for step 2.
2025-07-17:14:10:22,688 WARNING  [psi4.optking.history:286] 	Change in internal coordinate of 1.03e+00 exceeds limit of 5.00e-01.
2025-07-17:14:10:22,688 WARNING  [psi4.optking.history:291] 	Skipping Hessian update for step 1.
2025-07-17:14:10:22,688 INFO     [psi4.optking.history:302] 	Steps to be used in Hessian update:  5 4

2025-07-17:14:10:22,688 INFO     [psi4.optking.history:400] 	Updated Hessian (in au) 
 	   0.337168

2025-07-17:14:10:22,688 INFO     [psi4.optking.molsys:874] Projected (PHP) Hessian matrix
	   0.337168

2025-07-17:14:10:22,689 INFO     [psi4.optking.opt_helper:168] 
	         Geometry (au)                                       Gradient (au)
   0.0000000000   0.0000000000   2.1747123252		  -0.0000000000   0.0000000000  -0.0474927311
   0.0000000000   0.0000000000  -1.1230259329		   0.0000000000   0.0000000000   0.0474705227

2025-07-17:14:10:22,689 INFO     [psi4.optking.stepAlgorithms:315] 	Current Step Report 
 
	Current energy:      -415.9679622550
	Energy change for the previous step:
		Actual       :        -0.0073692749
		Projected    :        -0.0045632347

2025-07-17:14:10:22,689 INFO     [psi4.optking.stepAlgorithms:318] 	Energy ratio =    1.61492
2025-07-17:14:10:22,689 INFO     [psi4.optking.stepAlgorithms:750] 	Using RFO solution 1.
2025-07-17:14:10:22,689 INFO     [psi4.optking.displace:73] 	Determining Cartesian step for fragment 1.
2025-07-17:14:10:22,689 INFO     [psi4.optking.displace:378] 	Successfully converged to displaced geometry.
2025-07-17:14:10:22,689 INFO     [psi4.optking.displace:379] 	RMS(dx):  1.282e-16 	Max(dx):  2.220e-16 	RMS(dq):  0.000e+00
2025-07-17:14:10:22,689 INFO     [psi4.optking.displace:132] 

	        --- Internal Coordinate Step in ANG or DEG, aJ/ANG or AJ/DEG ---
	-------------------------------------------------------------------------------
	           Coordinate      Previous         Force          Change          New 
	           ----------      --------        ------          ------        ------
	               R(1,2)       1.74509        0.39119        0.07310       1.81819
	-------------------------------------------------------------------------------

2025-07-17:14:10:22,689 INFO     [psi4.optking.stepAlgorithms:96] 	|target step| :    0.1381375989
2025-07-17:14:10:22,689 INFO     [psi4.optking.stepAlgorithms:97] 	gradient     :   -0.0474816269
2025-07-17:14:10:22,689 INFO     [psi4.optking.stepAlgorithms:98] 	hessian      :    0.3371680343
2025-07-17:14:10:22,689 INFO     [psi4.optking.stepAlgorithms:177] 	Norm of achieved step-size    0.1381375989
2025-07-17:14:10:22,689 INFO     [psi4.optking.stepAlgorithms:179] 	Norm of achieved step-size (cart):    0.0976780329
2025-07-17:14:10:22,689 INFO     [psi4.optking.opt_helper:151] Molsys:

	                            ===> Fragment 1 <== 

	 Z (Atomic Numbers)          Masses                          Geom                  
	       8.000000            15.994915          0.00000000  0.00000000  2.24378112   
	      15.000000            30.973762          0.00000000  0.00000000 -1.19209473   

	 - Coordinate -           - BOHR/RAD -       - ANG/DEG -
	 R(1,2)           =         3.435876           1.818187

2025-07-17:14:10:22,689 INFO     [psi4.optking.convcheck:71] Performing convergence check.
2025-07-17:14:10:22,690 INFO     [psi4.optking.convcheck:263] 
	                                 ==> Convergence Check <==                                  
    
	Measures of convergence in internal coordinates in au.
    
	Criteria marked as inactive (o), active & met (*), and active & unmet ( ).

	----------------------------------------------------------------------------------------------
	   Step    Total Energy     Delta E     Max Force     RMS Force      Max Disp      RMS Disp   
	----------------------------------------------------------------------------------------------
	  Convergence Criteria     1.00e-06 *    3.00e-04 *             o    1.20e-03 *             o
	----------------------------------------------------------------------------------------------
	     6    -415.96796226   -7.37e-03      4.75e-02      4.75e-02 o    1.38e-01      1.38e-01 o  ~
	----------------------------------------------------------------------------------------------


2025-07-17:14:10:22,690 INFO     [psi4.optking.stepAlgorithms:266] 	Convergence check returned False
2025-07-17:14:10:22,710 INFO     [psi4.driver.task_planner:285] PLANNING Atomic:  keywords={'DAMPING_PERCENTAGE': 1.0, 'GEOM_MAXITER': 500, 'SCF__GUESS': 'READ', 'GUESS': 'SAP', 'MAXITER': 500, 'REFERENCE': 'UKS', 'function_kwargs': {}}
2025-07-17:14:10:22,711 INFO     [psi4.driver.driver:636] Compute gradient(): method=b3lyp, basis=cc-pvdz, molecule=default, nre=34.925592481255094
2025-07-17:14:10:23,935 INFO     [psi4.driver.driver:639] Return gradient(): -415.97305979486015
2025-07-17:14:10:23,936 INFO     [psi4.driver.driver:640] [[ 0.00000000  0.00000000 -0.02790182]
 [ 0.00000000  0.00000000  0.02787290]]
2025-07-17:14:10:23,938 INFO     [psi4.optking.history:257] 	Performing BFGS update.
2025-07-17:14:10:23,938 INFO     [psi4.optking.history:268] 	Using 4 previous steps for update.
2025-07-17:14:10:23,939 WARNING  [psi4.optking.history:286] 	Change in internal coordinate of 5.11e-01 exceeds limit of 5.00e-01.
2025-07-17:14:10:23,939 WARNING  [psi4.optking.history:291] 	Skipping Hessian update for step 4.
2025-07-17:14:10:23,939 WARNING  [psi4.optking.history:286] 	Change in internal coordinate of 7.57e-01 exceeds limit of 5.00e-01.
2025-07-17:14:10:23,939 WARNING  [psi4.optking.history:291] 	Skipping Hessian update for step 3.
2025-07-17:14:10:23,939 WARNING  [psi4.optking.history:286] 	Change in internal coordinate of 9.52e-01 exceeds limit of 5.00e-01.
2025-07-17:14:10:23,939 WARNING  [psi4.optking.history:291] 	Skipping Hessian update for step 2.
2025-07-17:14:10:23,939 WARNING  [psi4.optking.history:286] 	Change in internal coordinate of 1.17e+00 exceeds limit of 5.00e-01.
2025-07-17:14:10:23,939 WARNING  [psi4.optking.history:291] 	Skipping Hessian update for step 1.
2025-07-17:14:10:23,939 INFO     [psi4.optking.history:302] 	Steps to be used in Hessian update:  6 5

2025-07-17:14:10:23,940 INFO     [psi4.optking.history:400] 	Updated Hessian (in au) 
 	   0.177652

2025-07-17:14:10:23,940 INFO     [psi4.optking.molsys:874] Projected (PHP) Hessian matrix
	   0.177652

2025-07-17:14:10:23,940 INFO     [psi4.optking.opt_helper:168] 
	         Geometry (au)                                       Gradient (au)
   0.0000000000   0.0000000000   2.2658079536		   0.0000000000   0.0000000000  -0.0279018229
   0.0000000000   0.0000000000  -1.1700679034		   0.0000000000   0.0000000000   0.0278728986

2025-07-17:14:10:23,940 INFO     [psi4.optking.stepAlgorithms:315] 	Current Step Report 
 
	Current energy:      -415.9730597949
	Energy change for the previous step:
		Actual       :        -0.0050975398
		Projected    :        -0.0032794990

2025-07-17:14:10:23,940 INFO     [psi4.optking.stepAlgorithms:318] 	Energy ratio =    1.55437
2025-07-17:14:10:23,940 INFO     [psi4.optking.stepAlgorithms:750] 	Using RFO solution 1.
2025-07-17:14:10:23,940 INFO     [psi4.optking.displace:73] 	Determining Cartesian step for fragment 1.
2025-07-17:14:10:23,941 INFO     [psi4.optking.displace:378] 	Successfully converged to displaced geometry.
2025-07-17:14:10:23,941 INFO     [psi4.optking.displace:379] 	RMS(dx):  0.000e+00 	Max(dx):  0.000e+00 	RMS(dq):  0.000e+00
2025-07-17:14:10:23,941 INFO     [psi4.optking.displace:132] 

	        --- Internal Coordinate Step in ANG or DEG, aJ/ANG or AJ/DEG ---
	-------------------------------------------------------------------------------
	           Coordinate      Previous         Force          Change          New 
	           ----------      --------        ------          ------        ------
	               R(1,2)       1.81819        0.22976        0.08112       1.89930
	-------------------------------------------------------------------------------

2025-07-17:14:10:23,941 INFO     [psi4.optking.stepAlgorithms:96] 	|target step| :    0.1532890649
2025-07-17:14:10:23,941 INFO     [psi4.optking.stepAlgorithms:97] 	gradient     :   -0.0278873608
2025-07-17:14:10:23,941 INFO     [psi4.optking.stepAlgorithms:98] 	hessian      :    0.1776517881
2025-07-17:14:10:23,942 INFO     [psi4.optking.stepAlgorithms:177] 	Norm of achieved step-size    0.1532890649
2025-07-17:14:10:23,942 INFO     [psi4.optking.stepAlgorithms:179] 	Norm of achieved step-size (cart):    0.1083917373
2025-07-17:14:10:23,942 INFO     [psi4.optking.opt_helper:151] Molsys:

	                            ===> Fragment 1 <== 

	 Z (Atomic Numbers)          Masses                          Geom                  
	       8.000000            15.994915          0.00000000  0.00000000  2.34245249   
	      15.000000            30.973762          0.00000000  0.00000000 -1.24671244   

	 - Coordinate -           - BOHR/RAD -       - ANG/DEG -
	 R(1,2)           =         3.589165           1.899304

2025-07-17:14:10:23,943 INFO     [psi4.optking.convcheck:71] Performing convergence check.
2025-07-17:14:10:23,943 INFO     [psi4.optking.convcheck:263] 
	                                 ==> Convergence Check <==                                  
    
	Measures of convergence in internal coordinates in au.
    
	Criteria marked as inactive (o), active & met (*), and active & unmet ( ).

	----------------------------------------------------------------------------------------------
	   Step    Total Energy     Delta E     Max Force     RMS Force      Max Disp      RMS Disp   
	----------------------------------------------------------------------------------------------
	  Convergence Criteria     1.00e-06 *    3.00e-04 *             o    1.20e-03 *             o
	----------------------------------------------------------------------------------------------
	     7    -415.97305979   -5.10e-03      2.79e-02      2.79e-02 o    1.53e-01      1.53e-01 o  ~
	----------------------------------------------------------------------------------------------


2025-07-17:14:10:23,943 INFO     [psi4.optking.stepAlgorithms:266] 	Convergence check returned False
2025-07-17:14:10:23,958 INFO     [psi4.driver.task_planner:285] PLANNING Atomic:  keywords={'DAMPING_PERCENTAGE': 1.0, 'GEOM_MAXITER': 500, 'SCF__GUESS': 'READ', 'GUESS': 'SAP', 'MAXITER': 500, 'REFERENCE': 'UKS', 'function_kwargs': {}}
2025-07-17:14:10:23,960 INFO     [psi4.driver.driver:636] Compute gradient(): method=b3lyp, basis=cc-pvdz, molecule=default, nre=33.433960993703174
2025-07-17:14:10:25,164 INFO     [psi4.driver.driver:639] Return gradient(): -415.97621989427205
2025-07-17:14:10:25,164 INFO     [psi4.driver.driver:640] [[ 0.00000000  0.00000000 -0.01455005]
 [-0.00000000  0.00000000  0.01452073]]
2025-07-17:14:10:25,165 INFO     [psi4.optking.history:257] 	Performing BFGS update.
2025-07-17:14:10:25,165 INFO     [psi4.optking.history:268] 	Using 4 previous steps for update.
2025-07-17:14:10:25,165 WARNING  [psi4.optking.history:286] 	Change in internal coordinate of 6.65e-01 exceeds limit of 5.00e-01.
2025-07-17:14:10:25,165 WARNING  [psi4.optking.history:291] 	Skipping Hessian update for step 4.
2025-07-17:14:10:25,165 WARNING  [psi4.optking.history:286] 	Change in internal coordinate of 9.10e-01 exceeds limit of 5.00e-01.
2025-07-17:14:10:25,165 WARNING  [psi4.optking.history:291] 	Skipping Hessian update for step 3.
2025-07-17:14:10:25,166 WARNING  [psi4.optking.history:286] 	Change in internal coordinate of 1.10e+00 exceeds limit of 5.00e-01.
2025-07-17:14:10:25,166 WARNING  [psi4.optking.history:291] 	Skipping Hessian update for step 2.
2025-07-17:14:10:25,166 WARNING  [psi4.optking.history:286] 	Change in internal coordinate of 1.32e+00 exceeds limit of 5.00e-01.
2025-07-17:14:10:25,166 WARNING  [psi4.optking.history:291] 	Skipping Hessian update for step 1.
2025-07-17:14:10:25,166 INFO     [psi4.optking.history:302] 	Steps to be used in Hessian update:  7 6 5

2025-07-17:14:10:25,166 INFO     [psi4.optking.history:400] 	Updated Hessian (in au) 
 	   0.144151

2025-07-17:14:10:25,166 INFO     [psi4.optking.molsys:874] Projected (PHP) Hessian matrix
	   0.144151

2025-07-17:14:10:25,166 INFO     [psi4.optking.opt_helper:168] 
	         Geometry (au)                                       Gradient (au)
   0.0000000000   0.0000000000   2.3668953028		   0.0000000000   0.0000000000  -0.0145500460
   0.0000000000   0.0000000000  -1.2222696192		  -0.0000000000   0.0000000000   0.0145207275

2025-07-17:14:10:25,166 INFO     [psi4.optking.stepAlgorithms:315] 	Current Step Report 
 
	Current energy:      -415.9762198943
	Energy change for the previous step:
		Actual       :        -0.0031600994
		Projected    :        -0.0021374137

2025-07-17:14:10:25,166 INFO     [psi4.optking.stepAlgorithms:318] 	Energy ratio =    1.47847
2025-07-17:14:10:25,166 INFO     [psi4.optking.stepAlgorithms:750] 	Using RFO solution 1.
2025-07-17:14:10:25,166 INFO     [psi4.optking.displace:73] 	Determining Cartesian step for fragment 1.
2025-07-17:14:10:25,166 INFO     [psi4.optking.displace:378] 	Successfully converged to displaced geometry.
2025-07-17:14:10:25,166 INFO     [psi4.optking.displace:379] 	RMS(dx):  0.000e+00 	Max(dx):  0.000e+00 	RMS(dq):  0.000e+00
2025-07-17:14:10:25,166 INFO     [psi4.optking.displace:132] 

	        --- Internal Coordinate Step in ANG or DEG, aJ/ANG or AJ/DEG ---
	-------------------------------------------------------------------------------
	           Coordinate      Previous         Force          Change          New 
	           ----------      --------        ------          ------        ------
	               R(1,2)       1.89930        0.11975        0.05283       1.95213
	-------------------------------------------------------------------------------

2025-07-17:14:10:25,167 INFO     [psi4.optking.stepAlgorithms:96] 	|target step| :    0.0998293953
2025-07-17:14:10:25,167 INFO     [psi4.optking.stepAlgorithms:97] 	gradient     :   -0.0145353868
2025-07-17:14:10:25,167 INFO     [psi4.optking.stepAlgorithms:98] 	hessian      :    0.1441512131
2025-07-17:14:10:25,167 INFO     [psi4.optking.stepAlgorithms:177] 	Norm of achieved step-size    0.0998293953
2025-07-17:14:10:25,167 INFO     [psi4.optking.stepAlgorithms:179] 	Norm of achieved step-size (cart):    0.0705900424
2025-07-17:14:10:25,167 INFO     [psi4.optking.opt_helper:151] Molsys:

	                            ===> Fragment 1 <== 

	 Z (Atomic Numbers)          Masses                          Geom                  
	       8.000000            15.994915          0.00000000  0.00000000  2.41681000   
	      15.000000            30.973762          0.00000000  0.00000000 -1.27218432   

	 - Coordinate -           - BOHR/RAD -       - ANG/DEG -
	 R(1,2)           =         3.688994           1.952132

2025-07-17:14:10:25,167 INFO     [psi4.optking.convcheck:71] Performing convergence check.
2025-07-17:14:10:25,167 INFO     [psi4.optking.convcheck:263] 
	                                 ==> Convergence Check <==                                  
    
	Measures of convergence in internal coordinates in au.
    
	Criteria marked as inactive (o), active & met (*), and active & unmet ( ).

	----------------------------------------------------------------------------------------------
	   Step    Total Energy     Delta E     Max Force     RMS Force      Max Disp      RMS Disp   
	----------------------------------------------------------------------------------------------
	  Convergence Criteria     1.00e-06 *    3.00e-04 *             o    1.20e-03 *             o
	----------------------------------------------------------------------------------------------
	     8    -415.97621989   -3.16e-03      1.45e-02      1.45e-02 o    9.98e-02      9.98e-02 o  ~
	----------------------------------------------------------------------------------------------


2025-07-17:14:10:25,167 INFO     [psi4.optking.stepAlgorithms:266] 	Convergence check returned False
2025-07-17:14:10:25,178 INFO     [psi4.driver.task_planner:285] PLANNING Atomic:  keywords={'DAMPING_PERCENTAGE': 1.0, 'GEOM_MAXITER': 500, 'SCF__GUESS': 'READ', 'GUESS': 'SAP', 'MAXITER': 500, 'REFERENCE': 'UKS', 'function_kwargs': {}}
2025-07-17:14:10:25,180 INFO     [psi4.driver.driver:636] Compute gradient(): method=b3lyp, basis=cc-pvdz, molecule=default, nre=32.52919079811721
2025-07-17:14:10:26,280 INFO     [psi4.driver.driver:639] Return gradient(): -415.977369131181
2025-07-17:14:10:26,280 INFO     [psi4.driver.driver:640] [[ 0.00000000  0.00000000 -0.00886061]
 [-0.00000000  0.00000000  0.00882811]]
2025-07-17:14:10:26,281 INFO     [psi4.optking.history:257] 	Performing BFGS update.
2025-07-17:14:10:26,281 INFO     [psi4.optking.history:268] 	Using 4 previous steps for update.
2025-07-17:14:10:26,281 WARNING  [psi4.optking.history:286] 	Change in internal coordinate of 5.14e-01 exceeds limit of 5.00e-01.
2025-07-17:14:10:26,281 WARNING  [psi4.optking.history:291] 	Skipping Hessian update for step 5.
2025-07-17:14:10:26,281 WARNING  [psi4.optking.history:286] 	Change in internal coordinate of 7.65e-01 exceeds limit of 5.00e-01.
2025-07-17:14:10:26,281 WARNING  [psi4.optking.history:291] 	Skipping Hessian update for step 4.
2025-07-17:14:10:26,281 WARNING  [psi4.optking.history:286] 	Change in internal coordinate of 1.01e+00 exceeds limit of 5.00e-01.
2025-07-17:14:10:26,281 WARNING  [psi4.optking.history:291] 	Skipping Hessian update for step 3.
2025-07-17:14:10:26,281 WARNING  [psi4.optking.history:286] 	Change in internal coordinate of 1.20e+00 exceeds limit of 5.00e-01.
2025-07-17:14:10:26,281 WARNING  [psi4.optking.history:291] 	Skipping Hessian update for step 2.
2025-07-17:14:10:26,281 WARNING  [psi4.optking.history:286] 	Change in internal coordinate of 1.42e+00 exceeds limit of 5.00e-01.
2025-07-17:14:10:26,282 WARNING  [psi4.optking.history:291] 	Skipping Hessian update for step 1.
2025-07-17:14:10:26,282 INFO     [psi4.optking.history:302] 	Steps to be used in Hessian update:  8 7 6

2025-07-17:14:10:26,282 INFO     [psi4.optking.history:400] 	Updated Hessian (in au) 
 	   0.098752

2025-07-17:14:10:26,282 INFO     [psi4.optking.molsys:874] Projected (PHP) Hessian matrix
	   0.098752

2025-07-17:14:10:26,282 INFO     [psi4.optking.opt_helper:168] 
	         Geometry (au)                                       Gradient (au)
   0.0000000000   0.0000000000   2.4327283676		   0.0000000000   0.0000000000  -0.0088606127
   0.0000000000   0.0000000000  -1.2562659497		  -0.0000000000   0.0000000000   0.0088281077

2025-07-17:14:10:26,282 INFO     [psi4.optking.stepAlgorithms:315] 	Current Step Report 
 
	Current energy:      -415.9773691312
	Energy change for the previous step:
		Actual       :        -0.0011492369
		Projected    :        -0.0007255294

2025-07-17:14:10:26,282 INFO     [psi4.optking.stepAlgorithms:318] 	Energy ratio =    1.58400
2025-07-17:14:10:26,282 INFO     [psi4.optking.stepAlgorithms:750] 	Using RFO solution 1.
2025-07-17:14:10:26,282 INFO     [psi4.optking.displace:73] 	Determining Cartesian step for fragment 1.
2025-07-17:14:10:26,282 INFO     [psi4.optking.displace:378] 	Successfully converged to displaced geometry.
2025-07-17:14:10:26,282 INFO     [psi4.optking.displace:379] 	RMS(dx):  0.000e+00 	Max(dx):  0.000e+00 	RMS(dq):  0.000e+00
2025-07-17:14:10:26,282 INFO     [psi4.optking.displace:132] 

	        --- Internal Coordinate Step in ANG or DEG, aJ/ANG or AJ/DEG ---
	-------------------------------------------------------------------------------
	           Coordinate      Previous         Force          Change          New 
	           ----------      --------        ------          ------        ------
	               R(1,2)       1.95213        0.07287        0.04702       1.99915
	-------------------------------------------------------------------------------

2025-07-17:14:10:26,282 INFO     [psi4.optking.stepAlgorithms:96] 	|target step| :    0.0888543507
2025-07-17:14:10:26,282 INFO     [psi4.optking.stepAlgorithms:97] 	gradient     :   -0.0088443602
2025-07-17:14:10:26,282 INFO     [psi4.optking.stepAlgorithms:98] 	hessian      :    0.0987518681
2025-07-17:14:10:26,283 INFO     [psi4.optking.stepAlgorithms:177] 	Norm of achieved step-size    0.0888543507
2025-07-17:14:10:26,283 INFO     [psi4.optking.stepAlgorithms:179] 	Norm of achieved step-size (cart):    0.0628295139
2025-07-17:14:10:26,283 INFO     [psi4.optking.opt_helper:151] Molsys:

	                            ===> Fragment 1 <== 

	 Z (Atomic Numbers)          Masses                          Geom                  
	       8.000000            15.994915          0.00000000  0.00000000  2.47715554   
	      15.000000            30.973762          0.00000000  0.00000000 -1.30069313   

	 - Coordinate -           - BOHR/RAD -       - ANG/DEG -
	 R(1,2)           =         3.777849           1.999151

2025-07-17:14:10:26,283 INFO     [psi4.optking.convcheck:71] Performing convergence check.
2025-07-17:14:10:26,283 INFO     [psi4.optking.convcheck:263] 
	                                 ==> Convergence Check <==                                  
    
	Measures of convergence in internal coordinates in au.
    
	Criteria marked as inactive (o), active & met (*), and active & unmet ( ).

	----------------------------------------------------------------------------------------------
	   Step    Total Energy     Delta E     Max Force     RMS Force      Max Disp      RMS Disp   
	----------------------------------------------------------------------------------------------
	  Convergence Criteria     1.00e-06 *    3.00e-04 *             o    1.20e-03 *             o
	----------------------------------------------------------------------------------------------
	     9    -415.97736913   -1.15e-03      8.84e-03      8.84e-03 o    8.89e-02      8.89e-02 o  ~
	----------------------------------------------------------------------------------------------


2025-07-17:14:10:26,283 INFO     [psi4.optking.stepAlgorithms:266] 	Convergence check returned False
2025-07-17:14:10:26,300 INFO     [psi4.driver.task_planner:285] PLANNING Atomic:  keywords={'DAMPING_PERCENTAGE': 1.0, 'GEOM_MAXITER': 500, 'SCF__GUESS': 'READ', 'GUESS': 'SAP', 'MAXITER': 500, 'REFERENCE': 'UKS', 'function_kwargs': {}}
2025-07-17:14:10:26,301 INFO     [psi4.driver.driver:636] Compute gradient(): method=b3lyp, basis=cc-pvdz, molecule=default, nre=31.764109827397277
2025-07-17:14:10:27,353 INFO     [psi4.driver.driver:639] Return gradient(): -415.9779786190755
2025-07-17:14:10:27,353 INFO     [psi4.driver.driver:640] [[-0.00000000  0.00000000 -0.00509649]
 [ 0.00000000 -0.00000000  0.00506667]]
2025-07-17:14:10:27,354 INFO     [psi4.optking.history:257] 	Performing BFGS update.
2025-07-17:14:10:27,354 INFO     [psi4.optking.history:268] 	Using 4 previous steps for update.
2025-07-17:14:10:27,355 INFO     [psi4.optking.history:302] 	Steps to be used in Hessian update:  9 8 7 6

2025-07-17:14:10:27,355 INFO     [psi4.optking.history:400] 	Updated Hessian (in au) 
 	   0.088313

2025-07-17:14:10:27,355 INFO     [psi4.optking.molsys:874] Projected (PHP) Hessian matrix
	   0.088313

2025-07-17:14:10:27,355 INFO     [psi4.optking.opt_helper:168] 
	         Geometry (au)                                       Gradient (au)
   0.0000000000   0.0000000000   2.4913238765		  -0.0000000000   0.0000000000  -0.0050964942
   0.0000000000   0.0000000000  -1.2865247914		   0.0000000000  -0.0000000000   0.0050666668

2025-07-17:14:10:27,355 INFO     [psi4.optking.stepAlgorithms:315] 	Current Step Report 
 
	Current energy:      -415.9779786191
	Energy change for the previous step:
		Actual       :        -0.0006094879
		Projected    :        -0.0003929299

2025-07-17:14:10:27,355 INFO     [psi4.optking.stepAlgorithms:318] 	Energy ratio =    1.55114
2025-07-17:14:10:27,355 INFO     [psi4.optking.stepAlgorithms:750] 	Using RFO solution 1.
2025-07-17:14:10:27,355 INFO     [psi4.optking.displace:73] 	Determining Cartesian step for fragment 1.
2025-07-17:14:10:27,355 INFO     [psi4.optking.displace:378] 	Successfully converged to displaced geometry.
2025-07-17:14:10:27,356 INFO     [psi4.optking.displace:379] 	RMS(dx):  0.000e+00 	Max(dx):  0.000e+00 	RMS(dq):  0.000e+00
2025-07-17:14:10:27,356 INFO     [psi4.optking.displace:132] 

	        --- Internal Coordinate Step in ANG or DEG, aJ/ANG or AJ/DEG ---
	-------------------------------------------------------------------------------
	           Coordinate      Previous         Force          Change          New 
	           ----------      --------        ------          ------        ------
	               R(1,2)       1.99915        0.04187        0.03035       2.02950
	-------------------------------------------------------------------------------

2025-07-17:14:10:27,356 INFO     [psi4.optking.stepAlgorithms:96] 	|target step| :    0.0573512358
2025-07-17:14:10:27,356 INFO     [psi4.optking.stepAlgorithms:97] 	gradient     :   -0.0050815805
2025-07-17:14:10:27,356 INFO     [psi4.optking.stepAlgorithms:98] 	hessian      :    0.0883131162
2025-07-17:14:10:27,357 INFO     [psi4.optking.stepAlgorithms:177] 	Norm of achieved step-size    0.0573512358
2025-07-17:14:10:27,357 INFO     [psi4.optking.stepAlgorithms:179] 	Norm of achieved step-size (cart):    0.0405534477
2025-07-17:14:10:27,357 INFO     [psi4.optking.opt_helper:151] Molsys:

	                            ===> Fragment 1 <== 

	 Z (Atomic Numbers)          Masses                          Geom                  
	       8.000000            15.994915          0.00000000  0.00000000  2.51999949   
	      15.000000            30.973762          0.00000000  0.00000000 -1.31520041   

	 - Coordinate -           - BOHR/RAD -       - ANG/DEG -
	 R(1,2)           =         3.835200           2.029500

2025-07-17:14:10:27,358 INFO     [psi4.optking.convcheck:71] Performing convergence check.
2025-07-17:14:10:27,359 INFO     [psi4.optking.convcheck:263] 
	                                 ==> Convergence Check <==                                  
    
	Measures of convergence in internal coordinates in au.
    
	Criteria marked as inactive (o), active & met (*), and active & unmet ( ).

	----------------------------------------------------------------------------------------------
	   Step    Total Energy     Delta E     Max Force     RMS Force      Max Disp      RMS Disp   
	----------------------------------------------------------------------------------------------
	  Convergence Criteria     1.00e-06 *    3.00e-04 *             o    1.20e-03 *             o
	----------------------------------------------------------------------------------------------
	    10    -415.97797862   -6.09e-04      5.08e-03      5.08e-03 o    5.74e-02      5.74e-02 o  ~
	----------------------------------------------------------------------------------------------


2025-07-17:14:10:27,359 INFO     [psi4.optking.stepAlgorithms:266] 	Convergence check returned False
2025-07-17:14:10:27,378 INFO     [psi4.driver.task_planner:285] PLANNING Atomic:  keywords={'DAMPING_PERCENTAGE': 1.0, 'GEOM_MAXITER': 500, 'SCF__GUESS': 'READ', 'GUESS': 'SAP', 'MAXITER': 500, 'REFERENCE': 'UKS', 'function_kwargs': {}}
2025-07-17:14:10:27,380 INFO     [psi4.driver.driver:636] Compute gradient(): method=b3lyp, basis=cc-pvdz, molecule=default, nre=31.289112174465156
2025-07-17:14:10:28,483 INFO     [psi4.driver.driver:639] Return gradient(): -415.9782119048203
2025-07-17:14:10:28,484 INFO     [psi4.driver.driver:640] [[ 0.00000000 -0.00000000 -0.00315179]
 [ 0.00000000  0.00000000  0.00312217]]
2025-07-17:14:10:28,486 INFO     [psi4.optking.history:257] 	Performing BFGS update.
2025-07-17:14:10:28,486 INFO     [psi4.optking.history:268] 	Using 4 previous steps for update.
2025-07-17:14:10:28,487 INFO     [psi4.optking.history:302] 	Steps to be used in Hessian update:  10 9 8 7

2025-07-17:14:10:28,487 INFO     [psi4.optking.history:400] 	Updated Hessian (in au) 
 	   0.061981

2025-07-17:14:10:28,487 INFO     [psi4.optking.molsys:874] Projected (PHP) Hessian matrix
	   0.061981

2025-07-17:14:10:28,487 INFO     [psi4.optking.opt_helper:168] 
	         Geometry (au)                                       Gradient (au)
   0.0000000000   0.0000000000   2.5291444765		   0.0000000000  -0.0000000000  -0.0031517943
   0.0000000000   0.0000000000  -1.3060554273		   0.0000000000   0.0000000000   0.0031221750

2025-07-17:14:10:28,487 INFO     [psi4.optking.stepAlgorithms:315] 	Current Step Report 
 
	Current energy:      -415.9782119048
	Energy change for the previous step:
		Actual       :        -0.0002332857
		Projected    :        -0.0001457175

2025-07-17:14:10:28,487 INFO     [psi4.optking.stepAlgorithms:318] 	Energy ratio =    1.60095
2025-07-17:14:10:28,487 INFO     [psi4.optking.stepAlgorithms:750] 	Using RFO solution 1.
2025-07-17:14:10:28,487 INFO     [psi4.optking.displace:73] 	Determining Cartesian step for fragment 1.
2025-07-17:14:10:28,487 INFO     [psi4.optking.displace:378] 	Successfully converged to displaced geometry.
2025-07-17:14:10:28,487 INFO     [psi4.optking.displace:379] 	RMS(dx):  0.000e+00 	Max(dx):  0.000e+00 	RMS(dq):  0.000e+00
2025-07-17:14:10:28,487 INFO     [psi4.optking.displace:132] 

	        --- Internal Coordinate Step in ANG or DEG, aJ/ANG or AJ/DEG ---
	-------------------------------------------------------------------------------
	           Coordinate      Previous         Force          Change          New 
	           ----------      --------        ------          ------        ------
	               R(1,2)       2.02950        0.02584        0.02671       2.05622
	-------------------------------------------------------------------------------

2025-07-17:14:10:28,488 INFO     [psi4.optking.stepAlgorithms:96] 	|target step| :    0.0504833088
2025-07-17:14:10:28,488 INFO     [psi4.optking.stepAlgorithms:97] 	gradient     :   -0.0031369846
2025-07-17:14:10:28,488 INFO     [psi4.optking.stepAlgorithms:98] 	hessian      :    0.0619806805
2025-07-17:14:10:28,488 INFO     [psi4.optking.stepAlgorithms:177] 	Norm of achieved step-size    0.0504833088
2025-07-17:14:10:28,488 INFO     [psi4.optking.stepAlgorithms:179] 	Norm of achieved step-size (cart):    0.0356970900
2025-07-17:14:10:28,488 INFO     [psi4.optking.opt_helper:151] Molsys:

	                            ===> Fragment 1 <== 

	 Z (Atomic Numbers)          Masses                          Geom                  
	       8.000000            15.994915          0.00000000  0.00000000  2.55438613   
	      15.000000            30.973762          0.00000000  0.00000000 -1.33129708   

	 - Coordinate -           - BOHR/RAD -       - ANG/DEG -
	 R(1,2)           =         3.885683           2.056215

2025-07-17:14:10:28,488 INFO     [psi4.optking.convcheck:71] Performing convergence check.
2025-07-17:14:10:28,488 INFO     [psi4.optking.convcheck:263] 
	                                 ==> Convergence Check <==                                  
    
	Measures of convergence in internal coordinates in au.
    
	Criteria marked as inactive (o), active & met (*), and active & unmet ( ).

	----------------------------------------------------------------------------------------------
	   Step    Total Energy     Delta E     Max Force     RMS Force      Max Disp      RMS Disp   
	----------------------------------------------------------------------------------------------
	  Convergence Criteria     1.00e-06 *    3.00e-04 *             o    1.20e-03 *             o
	----------------------------------------------------------------------------------------------
	    11    -415.97821190   -2.33e-04      3.14e-03      3.14e-03 o    5.05e-02      5.05e-02 o  ~
	----------------------------------------------------------------------------------------------


2025-07-17:14:10:28,488 INFO     [psi4.optking.stepAlgorithms:266] 	Convergence check returned False
2025-07-17:14:10:28,504 INFO     [psi4.driver.task_planner:285] PLANNING Atomic:  keywords={'DAMPING_PERCENTAGE': 1.0, 'GEOM_MAXITER': 500, 'SCF__GUESS': 'READ', 'GUESS': 'SAP', 'MAXITER': 500, 'REFERENCE': 'UKS', 'function_kwargs': {}}
2025-07-17:14:10:28,505 INFO     [psi4.driver.driver:636] Compute gradient(): method=b3lyp, basis=cc-pvdz, molecule=default, nre=30.882599902226723
2025-07-17:14:10:29,471 INFO     [psi4.driver.driver:639] Return gradient(): -415.9783317756427
2025-07-17:14:10:29,471 INFO     [psi4.driver.driver:640] [[ 0.00000000  0.00000000 -0.00168925]
 [ 0.00000000  0.00000000  0.00165914]]
2025-07-17:14:10:29,473 INFO     [psi4.optking.history:257] 	Performing BFGS update.
2025-07-17:14:10:29,473 INFO     [psi4.optking.history:268] 	Using 4 previous steps for update.
2025-07-17:14:10:29,473 INFO     [psi4.optking.history:302] 	Steps to be used in Hessian update:  11 10 9 8

2025-07-17:14:10:29,473 INFO     [psi4.optking.history:400] 	Updated Hessian (in au) 
 	   0.043374

2025-07-17:14:10:29,473 INFO     [psi4.optking.molsys:874] Projected (PHP) Hessian matrix
	   0.043374

2025-07-17:14:10:29,473 INFO     [psi4.optking.opt_helper:168] 
	         Geometry (au)                                       Gradient (au)
   0.0000000000   0.0000000000   2.5624359827		   0.0000000000   0.0000000000  -0.0016892473
   0.0000000000   0.0000000000  -1.3232472298		   0.0000000000   0.0000000000   0.0016591412

2025-07-17:14:10:29,473 INFO     [psi4.optking.stepAlgorithms:315] 	Current Step Report 
 
	Current energy:      -415.9783317756
	Energy change for the previous step:
		Actual       :        -0.0001198708
		Projected    :        -0.0000791827

2025-07-17:14:10:29,473 INFO     [psi4.optking.stepAlgorithms:318] 	Energy ratio =    1.51385
2025-07-17:14:10:29,473 INFO     [psi4.optking.stepAlgorithms:750] 	Using RFO solution 1.
2025-07-17:14:10:29,474 INFO     [psi4.optking.displace:73] 	Determining Cartesian step for fragment 1.
2025-07-17:14:10:29,474 INFO     [psi4.optking.displace:378] 	Successfully converged to displaced geometry.
2025-07-17:14:10:29,474 INFO     [psi4.optking.displace:379] 	RMS(dx):  0.000e+00 	Max(dx):  0.000e+00 	RMS(dq):  0.000e+00
2025-07-17:14:10:29,474 INFO     [psi4.optking.displace:132] 

	        --- Internal Coordinate Step in ANG or DEG, aJ/ANG or AJ/DEG ---
	-------------------------------------------------------------------------------
	           Coordinate      Previous         Force          Change          New 
	           ----------      --------        ------          ------        ------
	               R(1,2)       2.05622        0.01379        0.02040       2.07661
	-------------------------------------------------------------------------------

2025-07-17:14:10:29,474 INFO     [psi4.optking.stepAlgorithms:96] 	|target step| :    0.0385416664
2025-07-17:14:10:29,474 INFO     [psi4.optking.stepAlgorithms:97] 	gradient     :   -0.0016741943
2025-07-17:14:10:29,474 INFO     [psi4.optking.stepAlgorithms:98] 	hessian      :    0.0433740276
2025-07-17:14:10:29,474 INFO     [psi4.optking.stepAlgorithms:177] 	Norm of achieved step-size    0.0385416664
2025-07-17:14:10:29,474 INFO     [psi4.optking.stepAlgorithms:179] 	Norm of achieved step-size (cart):    0.0272530737
2025-07-17:14:10:29,474 INFO     [psi4.optking.opt_helper:151] Molsys:

	                            ===> Fragment 1 <== 

	 Z (Atomic Numbers)          Masses                          Geom                  
	       8.000000            15.994915          0.00000000  0.00000000  2.58170682   
	      15.000000            30.973762          0.00000000  0.00000000 -1.34251806   

	 - Coordinate -           - BOHR/RAD -       - ANG/DEG -
	 R(1,2)           =         3.924225           2.076610

2025-07-17:14:10:29,474 INFO     [psi4.optking.convcheck:71] Performing convergence check.
2025-07-17:14:10:29,474 INFO     [psi4.optking.convcheck:263] 
	                                 ==> Convergence Check <==                                  
    
	Measures of convergence in internal coordinates in au.
    
	Criteria marked as inactive (o), active & met (*), and active & unmet ( ).

	----------------------------------------------------------------------------------------------
	   Step    Total Energy     Delta E     Max Force     RMS Force      Max Disp      RMS Disp   
	----------------------------------------------------------------------------------------------
	  Convergence Criteria     1.00e-06 *    3.00e-04 *             o    1.20e-03 *             o
	----------------------------------------------------------------------------------------------
	    12    -415.97833178   -1.20e-04      1.67e-03      1.67e-03 o    3.85e-02      3.85e-02 o  ~
	----------------------------------------------------------------------------------------------


2025-07-17:14:10:29,474 INFO     [psi4.optking.stepAlgorithms:266] 	Convergence check returned False
2025-07-17:14:10:29,493 INFO     [psi4.driver.task_planner:285] PLANNING Atomic:  keywords={'DAMPING_PERCENTAGE': 1.0, 'GEOM_MAXITER': 500, 'SCF__GUESS': 'READ', 'GUESS': 'SAP', 'MAXITER': 500, 'REFERENCE': 'UKS', 'function_kwargs': {}}
2025-07-17:14:10:29,495 INFO     [psi4.driver.driver:636] Compute gradient(): method=b3lyp, basis=cc-pvdz, molecule=default, nre=30.57928729920997
2025-07-17:14:10:30,460 INFO     [psi4.driver.driver:639] Return gradient(): -415.97837658104214
2025-07-17:14:10:30,460 INFO     [psi4.driver.driver:640] [[ 0.00000000 -0.00000000 -0.00070452]
 [ 0.00000000 -0.00000000  0.00067508]]
2025-07-17:14:10:30,461 INFO     [psi4.optking.history:257] 	Performing BFGS update.
2025-07-17:14:10:30,461 INFO     [psi4.optking.history:268] 	Using 4 previous steps for update.
2025-07-17:14:10:30,461 INFO     [psi4.optking.history:302] 	Steps to be used in Hessian update:  12 11 10 9

2025-07-17:14:10:30,462 INFO     [psi4.optking.history:400] 	Updated Hessian (in au) 
 	   0.034666

2025-07-17:14:10:30,462 INFO     [psi4.optking.molsys:874] Projected (PHP) Hessian matrix
	   0.034666

2025-07-17:14:10:30,462 INFO     [psi4.optking.opt_helper:168] 
	         Geometry (au)                                       Gradient (au)
   0.0000000000   0.0000000000   2.5878525047		   0.0000000000  -0.0000000000  -0.0007045200
   0.0000000000   0.0000000000  -1.3363723742		   0.0000000000  -0.0000000000   0.0006750803

2025-07-17:14:10:30,462 INFO     [psi4.optking.stepAlgorithms:315] 	Current Step Report 
 
	Current energy:      -415.9783765810
	Energy change for the previous step:
		Actual       :        -0.0000448054
		Projected    :        -0.0000322631

2025-07-17:14:10:30,462 INFO     [psi4.optking.stepAlgorithms:318] 	Energy ratio =    1.38875
2025-07-17:14:10:30,462 INFO     [psi4.optking.stepAlgorithms:750] 	Using RFO solution 1.
2025-07-17:14:10:30,462 INFO     [psi4.optking.displace:73] 	Determining Cartesian step for fragment 1.
2025-07-17:14:10:30,462 INFO     [psi4.optking.displace:378] 	Successfully converged to displaced geometry.
2025-07-17:14:10:30,462 INFO     [psi4.optking.displace:379] 	RMS(dx):  0.000e+00 	Max(dx):  0.000e+00 	RMS(dq):  0.000e+00
2025-07-17:14:10:30,462 INFO     [psi4.optking.displace:132] 

	        --- Internal Coordinate Step in ANG or DEG, aJ/ANG or AJ/DEG ---
	-------------------------------------------------------------------------------
	           Coordinate      Previous         Force          Change          New 
	           ----------      --------        ------          ------        ------
	               R(1,2)       2.07661        0.00568        0.01053       2.08714
	-------------------------------------------------------------------------------

2025-07-17:14:10:30,462 INFO     [psi4.optking.stepAlgorithms:96] 	|target step| :    0.0198904512
2025-07-17:14:10:30,462 INFO     [psi4.optking.stepAlgorithms:97] 	gradient     :   -0.0006898001
2025-07-17:14:10:30,462 INFO     [psi4.optking.stepAlgorithms:98] 	hessian      :    0.0346662440
2025-07-17:14:10:30,462 INFO     [psi4.optking.stepAlgorithms:177] 	Norm of achieved step-size    0.0198904512
2025-07-17:14:10:30,462 INFO     [psi4.optking.stepAlgorithms:179] 	Norm of achieved step-size (cart):    0.0140646729
2025-07-17:14:10:30,462 INFO     [psi4.optking.opt_helper:151] Molsys:

	                            ===> Fragment 1 <== 

	 Z (Atomic Numbers)          Masses                          Geom                  
	       8.000000            15.994915          0.00000000  0.00000000  2.59779773   
	      15.000000            30.973762          0.00000000  0.00000000 -1.34631760   

	 - Coordinate -           - BOHR/RAD -       - ANG/DEG -
	 R(1,2)           =         3.944115           2.087136

2025-07-17:14:10:30,463 INFO     [psi4.optking.convcheck:71] Performing convergence check.
2025-07-17:14:10:30,463 INFO     [psi4.optking.convcheck:263] 
	                                 ==> Convergence Check <==                                  
    
	Measures of convergence in internal coordinates in au.
    
	Criteria marked as inactive (o), active & met (*), and active & unmet ( ).

	----------------------------------------------------------------------------------------------
	   Step    Total Energy     Delta E     Max Force     RMS Force      Max Disp      RMS Disp   
	----------------------------------------------------------------------------------------------
	  Convergence Criteria     1.00e-06 *    3.00e-04 *             o    1.20e-03 *             o
	----------------------------------------------------------------------------------------------
	    13    -415.97837658   -4.48e-05      6.90e-04      6.90e-04 o    1.99e-02      1.99e-02 o  ~
	----------------------------------------------------------------------------------------------


2025-07-17:14:10:30,463 INFO     [psi4.optking.stepAlgorithms:266] 	Convergence check returned False
2025-07-17:14:10:30,479 INFO     [psi4.driver.task_planner:285] PLANNING Atomic:  keywords={'DAMPING_PERCENTAGE': 1.0, 'GEOM_MAXITER': 500, 'SCF__GUESS': 'READ', 'GUESS': 'SAP', 'MAXITER': 500, 'REFERENCE': 'UKS', 'function_kwargs': {}}
2025-07-17:14:10:30,480 INFO     [psi4.driver.driver:636] Compute gradient(): method=b3lyp, basis=cc-pvdz, molecule=default, nre=30.425073801096648
2025-07-17:14:10:31,429 INFO     [psi4.driver.driver:639] Return gradient(): -415.97838544568214
2025-07-17:14:10:31,430 INFO     [psi4.driver.driver:640] [[ 0.00000000  0.00000000 -0.00023581]
 [ 0.00000000 -0.00000000  0.00020724]]
2025-07-17:14:10:31,431 INFO     [psi4.optking.history:257] 	Performing BFGS update.
2025-07-17:14:10:31,431 INFO     [psi4.optking.history:268] 	Using 4 previous steps for update.
2025-07-17:14:10:31,431 INFO     [psi4.optking.history:302] 	Steps to be used in Hessian update:  13 12 11 10

2025-07-17:14:10:31,431 INFO     [psi4.optking.history:400] 	Updated Hessian (in au) 
 	   0.029231

2025-07-17:14:10:31,431 INFO     [psi4.optking.molsys:874] Projected (PHP) Hessian matrix
	   0.029231

2025-07-17:14:10:31,431 INFO     [psi4.optking.opt_helper:168] 
	         Geometry (au)                                       Gradient (au)
   0.0000000000   0.0000000000   2.6009693763		   0.0000000000   0.0000000000  -0.0002358052
   0.0000000000   0.0000000000  -1.3431459538		   0.0000000000  -0.0000000000   0.0002072396

2025-07-17:14:10:31,431 INFO     [psi4.optking.stepAlgorithms:315] 	Current Step Report 
 
	Current energy:      -415.9783854457
	Energy change for the previous step:
		Actual       :        -0.0000088646
		Projected    :        -0.0000068602

2025-07-17:14:10:31,431 INFO     [psi4.optking.stepAlgorithms:318] 	Energy ratio =    1.29218
2025-07-17:14:10:31,432 INFO     [psi4.optking.stepAlgorithms:750] 	Using RFO solution 1.
2025-07-17:14:10:31,432 INFO     [psi4.optking.displace:73] 	Determining Cartesian step for fragment 1.
2025-07-17:14:10:31,432 INFO     [psi4.optking.displace:378] 	Successfully converged to displaced geometry.
2025-07-17:14:10:31,432 INFO     [psi4.optking.displace:379] 	RMS(dx):  0.000e+00 	Max(dx):  0.000e+00 	RMS(dq):  0.000e+00
2025-07-17:14:10:31,432 INFO     [psi4.optking.displace:132] 

	        --- Internal Coordinate Step in ANG or DEG, aJ/ANG or AJ/DEG ---
	-------------------------------------------------------------------------------
	           Coordinate      Previous         Force          Change          New 
	           ----------      --------        ------          ------        ------
	               R(1,2)       2.08714        0.00183        0.00401       2.09115
	-------------------------------------------------------------------------------

2025-07-17:14:10:31,432 INFO     [psi4.optking.stepAlgorithms:96] 	|target step| :    0.0075780313
2025-07-17:14:10:31,432 INFO     [psi4.optking.stepAlgorithms:97] 	gradient     :   -0.0002215224
2025-07-17:14:10:31,432 INFO     [psi4.optking.stepAlgorithms:98] 	hessian      :    0.0292305027
2025-07-17:14:10:31,433 INFO     [psi4.optking.stepAlgorithms:177] 	Norm of achieved step-size    0.0075780313
2025-07-17:14:10:31,433 INFO     [psi4.optking.stepAlgorithms:179] 	Norm of achieved step-size (cart):    0.0053584773
2025-07-17:14:10:31,433 INFO     [psi4.optking.opt_helper:151] Molsys:

	                            ===> Fragment 1 <== 

	 Z (Atomic Numbers)          Masses                          Geom                  
	       8.000000            15.994915          0.00000000  0.00000000  2.60475839   
	      15.000000            30.973762          0.00000000  0.00000000 -1.34693497   

	 - Coordinate -           - BOHR/RAD -       - ANG/DEG -
	 R(1,2)           =         3.951693           2.091146

2025-07-17:14:10:31,434 INFO     [psi4.optking.convcheck:71] Performing convergence check.
2025-07-17:14:10:31,434 INFO     [psi4.optking.convcheck:263] 
	                                 ==> Convergence Check <==                                  
    
	Measures of convergence in internal coordinates in au.
    
	Criteria marked as inactive (o), active & met (*), and active & unmet ( ).

	----------------------------------------------------------------------------------------------
	   Step    Total Energy     Delta E     Max Force     RMS Force      Max Disp      RMS Disp   
	----------------------------------------------------------------------------------------------
	  Convergence Criteria     1.00e-06 *    3.00e-04 *             o    1.20e-03 *             o
	----------------------------------------------------------------------------------------------
	    14    -415.97838545   -8.86e-06      2.22e-04 *    2.22e-04 o    7.58e-03      7.58e-03 o  ~
	----------------------------------------------------------------------------------------------


2025-07-17:14:10:31,434 INFO     [psi4.optking.stepAlgorithms:266] 	Convergence check returned False
2025-07-17:14:10:31,448 INFO     [psi4.driver.task_planner:285] PLANNING Atomic:  keywords={'DAMPING_PERCENTAGE': 1.0, 'GEOM_MAXITER': 500, 'SCF__GUESS': 'READ', 'GUESS': 'SAP', 'MAXITER': 500, 'REFERENCE': 'UKS', 'function_kwargs': {}}
2025-07-17:14:10:31,450 INFO     [psi4.driver.driver:636] Compute gradient(): method=b3lyp, basis=cc-pvdz, molecule=default, nre=30.366728646226036
2025-07-17:14:10:32,422 INFO     [psi4.driver.driver:639] Return gradient(): -415.97838642435346
2025-07-17:14:10:32,422 INFO     [psi4.driver.driver:640] [[ 0.00000000 -0.00000000 -0.00006383]
 [ 0.00000000  0.00000000  0.00003568]]
2025-07-17:14:10:32,423 INFO     [psi4.optking.history:257] 	Performing BFGS update.
2025-07-17:14:10:32,423 INFO     [psi4.optking.history:268] 	Using 4 previous steps for update.
2025-07-17:14:10:32,424 INFO     [psi4.optking.history:302] 	Steps to be used in Hessian update:  14 13 12 11

2025-07-17:14:10:32,424 INFO     [psi4.optking.history:400] 	Updated Hessian (in au) 
 	   0.026501

2025-07-17:14:10:32,424 INFO     [psi4.optking.molsys:874] Projected (PHP) Hessian matrix
	   0.026501

2025-07-17:14:10:32,424 INFO     [psi4.optking.opt_helper:168] 
	         Geometry (au)                                       Gradient (au)
   0.0000000000   0.0000000000   2.6059667523		   0.0000000000  -0.0000000000  -0.0000638287
   0.0000000000   0.0000000000  -1.3457266091		   0.0000000000   0.0000000000   0.0000356828

2025-07-17:14:10:32,424 INFO     [psi4.optking.stepAlgorithms:315] 	Current Step Report 
 
	Current energy:      -415.9783864244
	Energy change for the previous step:
		Actual       :        -0.0000009787
		Projected    :        -0.0000008394

2025-07-17:14:10:32,424 INFO     [psi4.optking.stepAlgorithms:318] 	Energy ratio =    1.16598
2025-07-17:14:10:32,424 INFO     [psi4.optking.stepAlgorithms:750] 	Using RFO solution 1.
2025-07-17:14:10:32,424 INFO     [psi4.optking.displace:73] 	Determining Cartesian step for fragment 1.
2025-07-17:14:10:32,424 INFO     [psi4.optking.displace:378] 	Successfully converged to displaced geometry.
2025-07-17:14:10:32,424 INFO     [psi4.optking.displace:379] 	RMS(dx):  1.282e-16 	Max(dx):  2.220e-16 	RMS(dq):  4.441e-16
2025-07-17:14:10:32,424 INFO     [psi4.optking.displace:132] 

	        --- Internal Coordinate Step in ANG or DEG, aJ/ANG or AJ/DEG ---
	-------------------------------------------------------------------------------
	           Coordinate      Previous         Force          Change          New 
	           ----------      --------        ------          ------        ------
	               R(1,2)       2.09115        0.00041        0.00099       2.09214
	-------------------------------------------------------------------------------

2025-07-17:14:10:32,424 INFO     [psi4.optking.stepAlgorithms:96] 	|target step| :    0.0018774769
2025-07-17:14:10:32,424 INFO     [psi4.optking.stepAlgorithms:97] 	gradient     :   -0.0000497558
2025-07-17:14:10:32,425 INFO     [psi4.optking.stepAlgorithms:98] 	hessian      :    0.0265013069
2025-07-17:14:10:32,425 INFO     [psi4.optking.stepAlgorithms:177] 	Norm of achieved step-size    0.0018774769
2025-07-17:14:10:32,425 INFO     [psi4.optking.stepAlgorithms:179] 	Norm of achieved step-size (cart):    0.0013275767
2025-07-17:14:10:32,425 INFO     [psi4.optking.opt_helper:151] Molsys:

	                            ===> Fragment 1 <== 

	 Z (Atomic Numbers)          Masses                          Geom                  
	       8.000000            15.994915          0.00000000  0.00000000  2.60690549   
	      15.000000            30.973762          0.00000000  0.00000000 -1.34666535   

	 - Coordinate -           - BOHR/RAD -       - ANG/DEG -
	 R(1,2)           =         3.953571           2.092140

2025-07-17:14:10:32,425 INFO     [psi4.optking.convcheck:71] Performing convergence check.
2025-07-17:14:10:32,425 INFO     [psi4.optking.convcheck:263] 
	                                 ==> Convergence Check <==                                  
    
	Measures of convergence in internal coordinates in au.
    
	Criteria marked as inactive (o), active & met (*), and active & unmet ( ).

	----------------------------------------------------------------------------------------------
	   Step    Total Energy     Delta E     Max Force     RMS Force      Max Disp      RMS Disp   
	----------------------------------------------------------------------------------------------
	  Convergence Criteria     1.00e-06 *    3.00e-04 *             o    1.20e-03 *             o
	----------------------------------------------------------------------------------------------
	    15    -415.97838642   -9.79e-07 *    4.98e-05 *    4.98e-05 o    1.88e-03      1.88e-03 o  ~
	----------------------------------------------------------------------------------------------


2025-07-17:14:10:32,425 INFO     [psi4.optking.convcheck:193] 
	                      ===> Final Convergence Report <===                     

	----------------------------------------------------------------------------
	|   Required Criteria    |  One or More Criteria  |   Alternate Criteria   |
	----------------------------------------------------------------------------
	| [x]     max_force      | [x]       max_DE       |                        |
	|                        | [ ]      max_disp      |                        |
	----------------------------------------------------------------------------


2025-07-17:14:10:32,425 INFO     [psi4.optking.stepAlgorithms:266] 	Convergence check returned True
2025-07-17:14:10:32,425 INFO     [psi4.optking.optimize:286] 	Converged in 15 steps!
2025-07-17:14:10:32,425 INFO     [psi4.optking.optimize:287] 	Final energy is   -415.9783864243535
2025-07-17:14:10:32,425 INFO     [psi4.optking.optimize:288] 	Final structure (Angstroms): 
	Fragment 1 (Ang)

	    O   0.0000000000   0.0000000000   1.3795149761
	    P   0.0000000000   0.0000000000  -0.7126246123


2025-07-17:14:10:32,426 INFO     [psi4.optking.optimize:432] 	Optimization Finished

	==> Optimization Summary <==

        
	Measures of convergence in internal coordinates in au. (Any backward steps not shown.)
        
	---------------------------------------------------------------------------------------------------------------  ~
        
	 Step         Total Energy             Delta E       MAX Force       RMS Force        MAX Disp        RMS Disp   ~
        
	---------------------------------------------------------------------------------------------------------------  ~
        
	     1    -415.551871277124   -415.551871277124      0.95064764      0.95064764      0.21663895      0.21663895  ~
	     2    -415.699532294274     -0.147661017150      0.45896027      0.45896027      0.19456423      0.19456423  ~
	     3    -415.867140102524     -0.167607808250      0.36942117      0.36942117      0.24559237      0.24559237  ~
	     4    -415.931133555956     -0.063993453432      0.17333680      0.17333680      0.25037371      0.25037371  ~
	     5    -415.960592980149     -0.029459424193      0.07426074      0.07426074      0.12289764      0.12289764  ~
	     6    -415.967962255033     -0.007369274884      0.04748163      0.04748163      0.13813760      0.13813760  ~
	     7    -415.973059794860     -0.005097539827      0.02788736      0.02788736      0.15328906      0.15328906  ~
	     8    -415.976219894272     -0.003160099412      0.01453539      0.01453539      0.09982940      0.09982940  ~
	     9    -415.977369131181     -0.001149236909      0.00884436      0.00884436      0.08885435      0.08885435  ~
	    10    -415.977978619075     -0.000609487895      0.00508158      0.00508158      0.05735124      0.05735124  ~
	    11    -415.978211904820     -0.000233285745      0.00313698      0.00313698      0.05048331      0.05048331  ~
	    12    -415.978331775643     -0.000119870822      0.00167419      0.00167419      0.03854167      0.03854167  ~
	    13    -415.978376581042     -0.000044805399      0.00068980      0.00068980      0.01989045      0.01989045  ~
	    14    -415.978385445682     -0.000008864640      0.00022152      0.00022152      0.00757803      0.00757803  ~
	    15    -415.978386424353     -0.000000978671      0.00004976      0.00004976      0.00187748      0.00187748  ~
	----------------------------------------------------------------------------------------------------------------


2025-07-17:14:10:32,426 INFO     [psi4.optking.optimize:640] Preparing OptimizationResult
