2025-07-17:12:37:34,930 INFO     [psi4.optking.optwrapper:214] Creating a UserComputer
2025-07-17:12:37:34,930 INFO     [psi4.optking.optwrapper:222] 
    			-----------------------------------------

    			 OPTKING 3.0: for geometry optimizations 

    			     By R.A. King, Bethel University     

    			        with contributions from          

    			    A.V. Copan, J. Cayton, A. Heide      

    			-----------------------------------------

    
2025-07-17:12:37:34,930 INFO     [psi4.optking.optwrapper:238] 
		 -- Optimization Parameters --
	accept_symmetry_breaking       =           False
	alg_geom_maxiter               =             500
	bt_dx_conv                     =           1e-07
	bt_dx_rms_change_conv          =           1e-12
	bt_max_iter                    =              25
	cart_hess_read                 =           False
	consecutive_backsteps_allowed  =               0
	conv_max_DE                    =           1e-06
	conv_max_disp                  =          0.0012
	conv_max_force                 =          0.0003
	conv_rms_disp                  =              -1
	conv_rms_force                 =              -1
	covalent_connect               =             1.3
	dynamic_level                  =               0
	dynamic_level_max              =               0
	ensure_bt_convergence          =           False
	ext_force_bend                 =              []
	ext_force_cartesian            =              []
	ext_force_dihedral             =              []
	ext_force_distance             =              []
	ext_force_oofp                 =              []
	fix_val_near_pi                =            1.57
	flexible_g_convergence         =           False
	frag_mode                      =          SINGLE
	frag_ref_atoms                 =            None
	freeze_intrafrag               =           False
	frozen_bend                    =              []
	frozen_cartesian               =              []
	frozen_dihedral                =              []
	frozen_distance                =              []
	frozen_oofp                    =              []
	full_hess_every                =              -1
	g_convergence                  =           QCHEM
	generate_intcos_exit           =           False
	geom_maxiter                   =             500
	h_bond_connect                 =             4.3
	hess_update                    =            BFGS
	hess_update_den_tol            =           1e-07
	hess_update_dq_tol             =             0.5
	hess_update_limit              =            True
	hess_update_limit_max          =             1.0
	hess_update_limit_scale        =             0.5
	hess_update_use_last           =               4
	hessian_file                   =            None
	i_max_DE                       =            True
	i_max_disp                     =            True
	i_max_force                    =            True
	i_rms_disp                     =           False
	i_rms_force                    =           False
	i_untampered                   =            True
	include_oofp                   =           False
	interfrag_collinear_tol        =            0.01
	interfrag_coords               =            None
	interfrag_dist_inv             =           False
	interfrag_mode                 =           FIXED
	interfrag_trust                =             0.5
	interfrag_trust_max            =             1.0
	interfrag_trust_min            =           0.001
	interfragment_connect          =             1.8
	intrafrag_hess                 =        SCHLEGEL
	intrafrag_trust                =             0.5
	intrafrag_trust_max            =             1.0
	intrafrag_trust_min            =           0.001
	irc_direction                  =         FORWARD
	irc_points                     =              20
	irc_step_size                  =             0.2
	keep_intcos                    =           False
	linear_bend_threshold          =            3.05
	linesearch                     =           False
	linesearch_step                =             0.1
	max_disp_g_convergence         =          0.0012
	max_energy_g_convergence       =           1e-06
	max_force_g_convergence        =          0.0003
	opt_coordinates                =       REDUNDANT
	opt_type                       =             MIN
	output_type                    =            FILE
	print_lvl                      =               1
	program                        =            psi4
	ranged_bend                    =              []
	ranged_cartesian               =              []
	ranged_dihedral                =              []
	ranged_distance                =              []
	ranged_oofp                    =              []
	redundant_eval_tol             =           1e-10
	rfo_follow_root                =           False
	rfo_normalization_max          =             100
	rfo_root                       =               0
	rms_disp_g_convergence         =          0.0012
	rms_force_g_convergence        =          0.0003
	rsrfo_alpha_max                =     100000000.0
	sd_hessian                     =             1.0
	simple_step_scaling            =           False
	small_bend_fix_threshold       =            0.35
	steepest_descent_type          =         OVERLAP
	step_type                      =             RFO
	test_B                         =           False
	test_derivative_B              =           False
	trajectory                     =           False
	v3d_tors_angle_lim             =           0.017
	v3d_tors_cos_tol               =           1e-10
	working_consecutive_backsteps  =               0
	working_steps_since_last_H     =               0


2025-07-17:12:37:35,418 INFO     [psi4.optking.opt_helper:151] Molsys:

	                            ===> Fragment 1 <== 

	 Z (Atomic Numbers)          Masses                          Geom                  
	       2.000000             4.002603          0.00000000  0.00000000  1.98384639   
	      14.000000            27.976927          0.00000000  0.00000000 -0.28382496   

	 - Coordinate -           - BOHR/RAD -       - ANG/DEG -
	 R(1,2)           =         2.267671           1.200000

2025-07-17:12:37:35,429 INFO     [psi4.driver.task_planner:285] PLANNING Atomic:  keywords={'DAMPING_PERCENTAGE': 1.0, 'GEOM_MAXITER': 500, 'GUESS': 'SAP', 'MAXITER': 500, 'REFERENCE': 'UKS', 'function_kwargs': {}}
2025-07-17:12:37:35,430 INFO     [psi4.driver.driver:636] Compute gradient(): method=b3lyp, basis=cc-pvdz, molecule=default, nre=12.34746824896667
2025-07-17:12:37:36,341 INFO     [psi4.driver.driver:639] Return gradient(): -290.67392928888336
2025-07-17:12:37:36,342 INFO     [psi4.driver.driver:640] [[ 0.00000000 -0.00000000 -0.68304379]
 [ 0.00000000  0.00000000  0.68302381]]
2025-07-17:12:37:36,343 INFO     [psi4.optking.molsys:874] Projected (PHP) Hessian matrix
	   0.417309

2025-07-17:12:37:36,343 INFO     [psi4.optking.opt_helper:168] 
	         Geometry (au)                                       Gradient (au)
   0.0000000000   0.0000000000   1.9838463917		   0.0000000000  -0.0000000000  -0.6830437886
   0.0000000000   0.0000000000  -0.2838249589		   0.0000000000   0.0000000000   0.6830238080

2025-07-17:12:37:36,343 INFO     [psi4.optking.stepAlgorithms:750] 	Using RFO solution 1.
2025-07-17:12:37:36,343 INFO     [psi4.optking.displace:73] 	Determining Cartesian step for fragment 1.
2025-07-17:12:37:36,343 INFO     [psi4.optking.displace:378] 	Successfully converged to displaced geometry.
2025-07-17:12:37:36,344 INFO     [psi4.optking.displace:379] 	RMS(dx):  0.000e+00 	Max(dx):  0.000e+00 	RMS(dq):  0.000e+00
2025-07-17:12:37:36,344 INFO     [psi4.optking.displace:132] 

	        --- Internal Coordinate Step in ANG or DEG, aJ/ANG or AJ/DEG ---
	-------------------------------------------------------------------------------
	           Coordinate      Previous         Force          Change          New 
	           ----------      --------        ------          ------        ------
	               R(1,2)       1.20000        5.62733        0.26459       1.46459
	-------------------------------------------------------------------------------

2025-07-17:12:37:36,344 INFO     [psi4.optking.stepAlgorithms:96] 	|target step| :    0.5000011486
2025-07-17:12:37:36,344 INFO     [psi4.optking.stepAlgorithms:97] 	gradient     :   -0.6830337983
2025-07-17:12:37:36,344 INFO     [psi4.optking.stepAlgorithms:98] 	hessian      :    0.4173085431
2025-07-17:12:37:36,344 INFO     [psi4.optking.stepAlgorithms:177] 	Norm of achieved step-size    0.5000011486
2025-07-17:12:37:36,344 INFO     [psi4.optking.stepAlgorithms:179] 	Norm of achieved step-size (cart):    0.3535542028
2025-07-17:12:37:36,344 INFO     [psi4.optking.opt_helper:151] Molsys:

	                            ===> Fragment 1 <== 

	 Z (Atomic Numbers)          Masses                          Geom                  
	       2.000000             4.002603          0.00000000  0.00000000  2.23384697   
	      14.000000            27.976927          0.00000000  0.00000000 -0.53382553   

	 - Coordinate -           - BOHR/RAD -       - ANG/DEG -
	 R(1,2)           =         2.767672           1.464589

2025-07-17:12:37:36,344 INFO     [psi4.optking.convcheck:71] Performing convergence check.
2025-07-17:12:37:36,344 INFO     [psi4.optking.convcheck:263] 
	                                 ==> Convergence Check <==                                  
    
	Measures of convergence in internal coordinates in au.
    
	Criteria marked as inactive (o), active & met (*), and active & unmet ( ).

	----------------------------------------------------------------------------------------------
	   Step    Total Energy     Delta E     Max Force     RMS Force      Max Disp      RMS Disp   
	----------------------------------------------------------------------------------------------
	  Convergence Criteria     1.00e-06 *    3.00e-04 *             o    1.20e-03 *             o
	----------------------------------------------------------------------------------------------
	     1    -290.67392929   -2.91e+02      6.83e-01      6.83e-01 o    5.00e-01      5.00e-01 o  ~
	----------------------------------------------------------------------------------------------


2025-07-17:12:37:36,344 INFO     [psi4.optking.stepAlgorithms:266] 	Convergence check returned False
2025-07-17:12:37:36,360 INFO     [psi4.driver.task_planner:285] PLANNING Atomic:  keywords={'DAMPING_PERCENTAGE': 1.0, 'GEOM_MAXITER': 500, 'SCF__GUESS': 'READ', 'GUESS': 'SAP', 'MAXITER': 500, 'REFERENCE': 'UKS', 'function_kwargs': {}}
2025-07-17:12:37:36,361 INFO     [psi4.driver.driver:636] Compute gradient(): method=b3lyp, basis=cc-pvdz, molecule=default, nre=10.116803924194622
2025-07-17:12:37:37,117 INFO     [psi4.driver.driver:639] Return gradient(): -290.9368323755268
2025-07-17:12:37:37,117 INFO     [psi4.driver.driver:640] [[ 0.00000000  0.00000000 -0.38717275]
 [ 0.00000000 -0.00000000  0.38717522]]
2025-07-17:12:37:37,119 INFO     [psi4.optking.history:257] 	Performing BFGS update.
2025-07-17:12:37:37,119 INFO     [psi4.optking.history:268] 	Using 1 previous steps for update.
2025-07-17:12:37:37,119 INFO     [psi4.optking.history:302] 	Steps to be used in Hessian update:  1

2025-07-17:12:37:37,119 INFO     [psi4.optking.history:400] 	Updated Hessian (in au) 
 	   0.591718

2025-07-17:12:37:37,119 INFO     [psi4.optking.molsys:874] Projected (PHP) Hessian matrix
	   0.591718

2025-07-17:12:37:37,119 INFO     [psi4.optking.opt_helper:168] 
	         Geometry (au)                                       Gradient (au)
   0.0000000000   0.0000000000   2.4212666881		   0.0000000000   0.0000000000  -0.3871727507
   0.0000000000   0.0000000000  -0.3464058110		   0.0000000000  -0.0000000000   0.3871752240

2025-07-17:12:37:37,119 INFO     [psi4.optking.stepAlgorithms:315] 	Current Step Report 
 
	Current energy:      -290.9368323755
	Energy change for the previous step:
		Actual       :        -0.2629030866
		Projected    :        -0.2314828882

2025-07-17:12:37:37,119 INFO     [psi4.optking.stepAlgorithms:318] 	Energy ratio =    1.13573
2025-07-17:12:37:37,119 INFO     [psi4.optking.stepAlgorithms:346] 	Energy ratio indicates good step.
2025-07-17:12:37:37,119 INFO     [psi4.optking.stepAlgorithms:347] 	Intrafrag trust radius increased to 1.000e+00.
2025-07-17:12:37:37,119 INFO     [psi4.optking.stepAlgorithms:750] 	Using RFO solution 1.
2025-07-17:12:37:37,119 INFO     [psi4.optking.displace:73] 	Determining Cartesian step for fragment 1.
2025-07-17:12:37:37,120 INFO     [psi4.optking.displace:378] 	Successfully converged to displaced geometry.
2025-07-17:12:37:37,120 INFO     [psi4.optking.displace:379] 	RMS(dx):  0.000e+00 	Max(dx):  0.000e+00 	RMS(dq):  0.000e+00
2025-07-17:12:37:37,120 INFO     [psi4.optking.displace:132] 

	        --- Internal Coordinate Step in ANG or DEG, aJ/ANG or AJ/DEG ---
	-------------------------------------------------------------------------------
	           Coordinate      Previous         Force          Change          New 
	           ----------      --------        ------          ------        ------
	               R(1,2)       1.46459        3.18982        0.26162       1.72621
	-------------------------------------------------------------------------------

2025-07-17:12:37:37,120 INFO     [psi4.optking.stepAlgorithms:96] 	|target step| :    0.4943907794
2025-07-17:12:37:37,120 INFO     [psi4.optking.stepAlgorithms:97] 	gradient     :   -0.3871739874
2025-07-17:12:37:37,120 INFO     [psi4.optking.stepAlgorithms:98] 	hessian      :    0.5917182626
2025-07-17:12:37:37,120 INFO     [psi4.optking.stepAlgorithms:177] 	Norm of achieved step-size    0.4943907794
2025-07-17:12:37:37,120 INFO     [psi4.optking.stepAlgorithms:179] 	Norm of achieved step-size (cart):    0.3495870727
2025-07-17:12:37:37,120 INFO     [psi4.optking.opt_helper:151] Molsys:

	                            ===> Fragment 1 <== 

	 Z (Atomic Numbers)          Masses                          Geom                  
	       2.000000             4.002603          0.00000000  0.00000000  2.66846208   
	      14.000000            27.976927          0.00000000  0.00000000 -0.59360120   

	 - Coordinate -           - BOHR/RAD -       - ANG/DEG -
	 R(1,2)           =         3.262063           1.726210

2025-07-17:12:37:37,120 INFO     [psi4.optking.convcheck:71] Performing convergence check.
2025-07-17:12:37:37,120 INFO     [psi4.optking.convcheck:263] 
	                                 ==> Convergence Check <==                                  
    
	Measures of convergence in internal coordinates in au.
    
	Criteria marked as inactive (o), active & met (*), and active & unmet ( ).

	----------------------------------------------------------------------------------------------
	   Step    Total Energy     Delta E     Max Force     RMS Force      Max Disp      RMS Disp   
	----------------------------------------------------------------------------------------------
	  Convergence Criteria     1.00e-06 *    3.00e-04 *             o    1.20e-03 *             o
	----------------------------------------------------------------------------------------------
	     2    -290.93683238   -2.63e-01      3.87e-01      3.87e-01 o    4.94e-01      4.94e-01 o  ~
	----------------------------------------------------------------------------------------------


2025-07-17:12:37:37,120 INFO     [psi4.optking.stepAlgorithms:266] 	Convergence check returned False
2025-07-17:12:37:37,131 INFO     [psi4.driver.task_planner:285] PLANNING Atomic:  keywords={'DAMPING_PERCENTAGE': 1.0, 'GEOM_MAXITER': 500, 'SCF__GUESS': 'READ', 'GUESS': 'SAP', 'MAXITER': 500, 'REFERENCE': 'UKS', 'function_kwargs': {}}
2025-07-17:12:37:37,134 INFO     [psi4.driver.driver:636] Compute gradient(): method=b3lyp, basis=cc-pvdz, molecule=default, nre=8.583524478057736
2025-07-17:12:37:37,919 INFO     [psi4.driver.driver:639] Return gradient(): -291.07878074088785
2025-07-17:12:37:37,919 INFO     [psi4.driver.driver:640] [[ 0.00000000 -0.00000000 -0.20407348]
 [ 0.00000000 -0.00000000  0.20407923]]
2025-07-17:12:37:37,921 INFO     [psi4.optking.history:257] 	Performing BFGS update.
2025-07-17:12:37:37,921 INFO     [psi4.optking.history:268] 	Using 2 previous steps for update.
2025-07-17:12:37:37,921 WARNING  [psi4.optking.history:286] 	Change in internal coordinate of 9.94e-01 exceeds limit of 5.00e-01.
2025-07-17:12:37:37,921 WARNING  [psi4.optking.history:291] 	Skipping Hessian update for step 1.
2025-07-17:12:37:37,921 INFO     [psi4.optking.history:302] 	Steps to be used in Hessian update:  2

2025-07-17:12:37:37,921 INFO     [psi4.optking.history:400] 	Updated Hessian (in au) 
 	   0.370350

2025-07-17:12:37:37,921 INFO     [psi4.optking.molsys:874] Projected (PHP) Hessian matrix
	   0.370350

2025-07-17:12:37:37,921 INFO     [psi4.optking.opt_helper:168] 
	         Geometry (au)                                       Gradient (au)
   0.0000000000   0.0000000000   2.8537788172		   0.0000000000  -0.0000000000  -0.2040734783
   0.0000000000   0.0000000000  -0.4082844613		   0.0000000000  -0.0000000000   0.2040792290

2025-07-17:12:37:37,921 INFO     [psi4.optking.stepAlgorithms:315] 	Current Step Report 
 
	Current energy:      -291.0787807409
	Energy change for the previous step:
		Actual       :        -0.1419483654
		Projected    :        -0.0957076247

2025-07-17:12:37:37,921 INFO     [psi4.optking.stepAlgorithms:318] 	Energy ratio =    1.48315
2025-07-17:12:37:37,921 INFO     [psi4.optking.stepAlgorithms:750] 	Using RFO solution 1.
2025-07-17:12:37:37,921 INFO     [psi4.optking.displace:73] 	Determining Cartesian step for fragment 1.
2025-07-17:12:37:37,921 INFO     [psi4.optking.displace:378] 	Successfully converged to displaced geometry.
2025-07-17:12:37:37,922 INFO     [psi4.optking.displace:379] 	RMS(dx):  1.282e-16 	Max(dx):  2.220e-16 	RMS(dq):  4.441e-16
2025-07-17:12:37:37,922 INFO     [psi4.optking.displace:132] 

	        --- Internal Coordinate Step in ANG or DEG, aJ/ANG or AJ/DEG ---
	-------------------------------------------------------------------------------
	           Coordinate      Previous         Force          Change          New 
	           ----------      --------        ------          ------        ------
	               R(1,2)       1.72621        1.68133        0.23439       1.96060
	-------------------------------------------------------------------------------

2025-07-17:12:37:37,922 INFO     [psi4.optking.stepAlgorithms:96] 	|target step| :    0.4429301740
2025-07-17:12:37:37,922 INFO     [psi4.optking.stepAlgorithms:97] 	gradient     :   -0.2040763536
2025-07-17:12:37:37,922 INFO     [psi4.optking.stepAlgorithms:98] 	hessian      :    0.3703500174
2025-07-17:12:37:37,922 INFO     [psi4.optking.stepAlgorithms:177] 	Norm of achieved step-size    0.4429301740
2025-07-17:12:37:37,922 INFO     [psi4.optking.stepAlgorithms:179] 	Norm of achieved step-size (cart):    0.3131989296
2025-07-17:12:37:37,922 INFO     [psi4.optking.opt_helper:151] Molsys:

	                            ===> Fragment 1 <== 

	 Z (Atomic Numbers)          Masses                          Geom                  
	       2.000000             4.002603          0.00000000  0.00000000  3.07524390   
	      14.000000            27.976927          0.00000000  0.00000000 -0.62974955   

	 - Coordinate -           - BOHR/RAD -       - ANG/DEG -
	 R(1,2)           =         3.704993           1.960598

2025-07-17:12:37:37,922 INFO     [psi4.optking.convcheck:71] Performing convergence check.
2025-07-17:12:37:37,922 INFO     [psi4.optking.convcheck:263] 
	                                 ==> Convergence Check <==                                  
    
	Measures of convergence in internal coordinates in au.
    
	Criteria marked as inactive (o), active & met (*), and active & unmet ( ).

	----------------------------------------------------------------------------------------------
	   Step    Total Energy     Delta E     Max Force     RMS Force      Max Disp      RMS Disp   
	----------------------------------------------------------------------------------------------
	  Convergence Criteria     1.00e-06 *    3.00e-04 *             o    1.20e-03 *             o
	----------------------------------------------------------------------------------------------
	     3    -291.07878074   -1.42e-01      2.04e-01      2.04e-01 o    4.43e-01      4.43e-01 o  ~
	----------------------------------------------------------------------------------------------


2025-07-17:12:37:37,922 INFO     [psi4.optking.stepAlgorithms:266] 	Convergence check returned False
2025-07-17:12:37:37,938 INFO     [psi4.driver.task_planner:285] PLANNING Atomic:  keywords={'DAMPING_PERCENTAGE': 1.0, 'GEOM_MAXITER': 500, 'SCF__GUESS': 'READ', 'GUESS': 'SAP', 'MAXITER': 500, 'REFERENCE': 'UKS', 'function_kwargs': {}}
2025-07-17:12:37:37,939 INFO     [psi4.driver.driver:636] Compute gradient(): method=b3lyp, basis=cc-pvdz, molecule=default, nre=7.557368281179453
2025-07-17:12:37:38,678 INFO     [psi4.driver.driver:639] Return gradient(): -291.1467262445765
2025-07-17:12:37:38,678 INFO     [psi4.driver.driver:640] [[ 0.00000000  0.00000000 -0.11140525]
 [-0.00000000  0.00000000  0.11141382]]
2025-07-17:12:37:38,681 INFO     [psi4.optking.history:257] 	Performing BFGS update.
2025-07-17:12:37:38,681 INFO     [psi4.optking.history:268] 	Using 3 previous steps for update.
2025-07-17:12:37:38,681 WARNING  [psi4.optking.history:286] 	Change in internal coordinate of 9.37e-01 exceeds limit of 5.00e-01.
2025-07-17:12:37:38,681 WARNING  [psi4.optking.history:291] 	Skipping Hessian update for step 2.
2025-07-17:12:37:38,681 WARNING  [psi4.optking.history:286] 	Change in internal coordinate of 1.44e+00 exceeds limit of 5.00e-01.
2025-07-17:12:37:38,681 WARNING  [psi4.optking.history:291] 	Skipping Hessian update for step 1.
2025-07-17:12:37:38,681 INFO     [psi4.optking.history:302] 	Steps to be used in Hessian update:  3

2025-07-17:12:37:38,681 INFO     [psi4.optking.history:400] 	Updated Hessian (in au) 
 	   0.209213

2025-07-17:12:37:38,682 INFO     [psi4.optking.molsys:874] Projected (PHP) Hessian matrix
	   0.209213

2025-07-17:12:37:38,682 INFO     [psi4.optking.opt_helper:168] 
	         Geometry (au)                                       Gradient (au)
   0.0000000000   0.0000000000   3.2412712231		   0.0000000000   0.0000000000  -0.1114052494
   0.0000000000   0.0000000000  -0.4637222294		  -0.0000000000   0.0000000000   0.1114138249

2025-07-17:12:37:38,682 INFO     [psi4.optking.stepAlgorithms:315] 	Current Step Report 
 
	Current energy:      -291.1467262446
	Energy change for the previous step:
		Actual       :        -0.0679455037
		Projected    :        -0.0451957874

2025-07-17:12:37:38,682 INFO     [psi4.optking.stepAlgorithms:318] 	Energy ratio =    1.50336
2025-07-17:12:37:38,682 INFO     [psi4.optking.stepAlgorithms:750] 	Using RFO solution 1.
2025-07-17:12:37:38,682 INFO     [psi4.optking.displace:73] 	Determining Cartesian step for fragment 1.
2025-07-17:12:37:38,682 INFO     [psi4.optking.displace:378] 	Successfully converged to displaced geometry.
2025-07-17:12:37:38,682 INFO     [psi4.optking.displace:379] 	RMS(dx):  0.000e+00 	Max(dx):  0.000e+00 	RMS(dq):  0.000e+00
2025-07-17:12:37:38,683 INFO     [psi4.optking.displace:132] 

	        --- Internal Coordinate Step in ANG or DEG, aJ/ANG or AJ/DEG ---
	-------------------------------------------------------------------------------
	           Coordinate      Previous         Force          Change          New 
	           ----------      --------        ------          ------        ------
	               R(1,2)       1.96060        0.91787        0.22902       2.18961
	-------------------------------------------------------------------------------

2025-07-17:12:37:38,683 INFO     [psi4.optking.stepAlgorithms:96] 	|target step| :    0.4327781291
2025-07-17:12:37:38,683 INFO     [psi4.optking.stepAlgorithms:97] 	gradient     :   -0.1114095371
2025-07-17:12:37:38,683 INFO     [psi4.optking.stepAlgorithms:98] 	hessian      :    0.2092131490
2025-07-17:12:37:38,683 INFO     [psi4.optking.stepAlgorithms:177] 	Norm of achieved step-size    0.4327781291
2025-07-17:12:37:38,683 INFO     [psi4.optking.stepAlgorithms:179] 	Norm of achieved step-size (cart):    0.3060203498
2025-07-17:12:37:38,683 INFO     [psi4.optking.opt_helper:151] Molsys:

	                            ===> Fragment 1 <== 

	 Z (Atomic Numbers)          Masses                          Geom                  
	       2.000000             4.002603          0.00000000  0.00000000  3.45766029   
	      14.000000            27.976927          0.00000000  0.00000000 -0.68011129   

	 - Coordinate -           - BOHR/RAD -       - ANG/DEG -
	 R(1,2)           =         4.137772           2.189614

2025-07-17:12:37:38,684 INFO     [psi4.optking.convcheck:71] Performing convergence check.
2025-07-17:12:37:38,684 INFO     [psi4.optking.convcheck:263] 
	                                 ==> Convergence Check <==                                  
    
	Measures of convergence in internal coordinates in au.
    
	Criteria marked as inactive (o), active & met (*), and active & unmet ( ).

	----------------------------------------------------------------------------------------------
	   Step    Total Energy     Delta E     Max Force     RMS Force      Max Disp      RMS Disp   
	----------------------------------------------------------------------------------------------
	  Convergence Criteria     1.00e-06 *    3.00e-04 *             o    1.20e-03 *             o
	----------------------------------------------------------------------------------------------
	     4    -291.14672624   -6.79e-02      1.11e-01      1.11e-01 o    4.33e-01      4.33e-01 o  ~
	----------------------------------------------------------------------------------------------


2025-07-17:12:37:38,684 INFO     [psi4.optking.stepAlgorithms:266] 	Convergence check returned False
2025-07-17:12:37:38,705 INFO     [psi4.driver.task_planner:285] PLANNING Atomic:  keywords={'DAMPING_PERCENTAGE': 1.0, 'GEOM_MAXITER': 500, 'SCF__GUESS': 'READ', 'GUESS': 'SAP', 'MAXITER': 500, 'REFERENCE': 'UKS', 'function_kwargs': {}}
2025-07-17:12:37:38,707 INFO     [psi4.driver.driver:636] Compute gradient(): method=b3lyp, basis=cc-pvdz, molecule=default, nre=6.766927426502263
2025-07-17:12:37:39,485 INFO     [psi4.driver.driver:639] Return gradient(): -291.1828250208664
2025-07-17:12:37:39,485 INFO     [psi4.driver.driver:640] [[-0.00000000  0.00000000 -0.06027671]
 [ 0.00000000  0.00000000  0.06028161]]
2025-07-17:12:37:39,488 INFO     [psi4.optking.history:257] 	Performing BFGS update.
2025-07-17:12:37:39,488 INFO     [psi4.optking.history:268] 	Using 4 previous steps for update.
2025-07-17:12:37:39,488 WARNING  [psi4.optking.history:286] 	Change in internal coordinate of 8.76e-01 exceeds limit of 5.00e-01.
2025-07-17:12:37:39,490 WARNING  [psi4.optking.history:291] 	Skipping Hessian update for step 3.
2025-07-17:12:37:39,490 WARNING  [psi4.optking.history:286] 	Change in internal coordinate of 1.37e+00 exceeds limit of 5.00e-01.
2025-07-17:12:37:39,490 WARNING  [psi4.optking.history:291] 	Skipping Hessian update for step 2.
2025-07-17:12:37:39,490 WARNING  [psi4.optking.history:286] 	Change in internal coordinate of 1.87e+00 exceeds limit of 5.00e-01.
2025-07-17:12:37:39,490 WARNING  [psi4.optking.history:291] 	Skipping Hessian update for step 1.
2025-07-17:12:37:39,490 INFO     [psi4.optking.history:302] 	Steps to be used in Hessian update:  4

2025-07-17:12:37:39,490 INFO     [psi4.optking.history:400] 	Updated Hessian (in au) 
 	   0.118145

2025-07-17:12:37:39,491 INFO     [psi4.optking.molsys:874] Projected (PHP) Hessian matrix
	   0.118145

2025-07-17:12:37:39,491 INFO     [psi4.optking.opt_helper:168] 
	         Geometry (au)                                       Gradient (au)
   0.0000000000   0.0000000000   3.6198822284		  -0.0000000000   0.0000000000  -0.0602767127
   0.0000000000   0.0000000000  -0.5178893532		   0.0000000000   0.0000000000   0.0602816134

2025-07-17:12:37:39,491 INFO     [psi4.optking.stepAlgorithms:315] 	Current Step Report 
 
	Current energy:      -291.1828250209
	Energy change for the previous step:
		Actual       :        -0.0360987763
		Projected    :        -0.0241078055

2025-07-17:12:37:39,491 INFO     [psi4.optking.stepAlgorithms:318] 	Energy ratio =    1.49739
2025-07-17:12:37:39,491 INFO     [psi4.optking.stepAlgorithms:750] 	Using RFO solution 1.
2025-07-17:12:37:39,491 INFO     [psi4.optking.displace:73] 	Determining Cartesian step for fragment 1.
2025-07-17:12:37:39,492 INFO     [psi4.optking.displace:378] 	Successfully converged to displaced geometry.
2025-07-17:12:37:39,492 INFO     [psi4.optking.displace:379] 	RMS(dx):  0.000e+00 	Max(dx):  0.000e+00 	RMS(dq):  0.000e+00
2025-07-17:12:37:39,492 INFO     [psi4.optking.displace:132] 

	        --- Internal Coordinate Step in ANG or DEG, aJ/ANG or AJ/DEG ---
	-------------------------------------------------------------------------------
	           Coordinate      Previous         Force          Change          New 
	           ----------      --------        ------          ------        ------
	               R(1,2)       2.18961        0.49662        0.22233       2.41195
	-------------------------------------------------------------------------------

2025-07-17:12:37:39,492 INFO     [psi4.optking.stepAlgorithms:96] 	|target step| :    0.4201493633
2025-07-17:12:37:39,492 INFO     [psi4.optking.stepAlgorithms:97] 	gradient     :   -0.0602791630
2025-07-17:12:37:39,492 INFO     [psi4.optking.stepAlgorithms:98] 	hessian      :    0.1181445426
2025-07-17:12:37:39,492 INFO     [psi4.optking.stepAlgorithms:177] 	Norm of achieved step-size    0.4201493633
2025-07-17:12:37:39,492 INFO     [psi4.optking.stepAlgorithms:179] 	Norm of achieved step-size (cart):    0.2970904639
2025-07-17:12:37:39,492 INFO     [psi4.optking.opt_helper:151] Molsys:

	                            ===> Fragment 1 <== 

	 Z (Atomic Numbers)          Masses                          Geom                  
	       2.000000             4.002603          0.00000000  0.00000000  3.82995691   
	      14.000000            27.976927          0.00000000  0.00000000 -0.72796403   

	 - Coordinate -           - BOHR/RAD -       - ANG/DEG -
	 R(1,2)           =         4.557921           2.411948

2025-07-17:12:37:39,493 INFO     [psi4.optking.convcheck:71] Performing convergence check.
2025-07-17:12:37:39,493 INFO     [psi4.optking.convcheck:263] 
	                                 ==> Convergence Check <==                                  
    
	Measures of convergence in internal coordinates in au.
    
	Criteria marked as inactive (o), active & met (*), and active & unmet ( ).

	----------------------------------------------------------------------------------------------
	   Step    Total Energy     Delta E     Max Force     RMS Force      Max Disp      RMS Disp   
	----------------------------------------------------------------------------------------------
	  Convergence Criteria     1.00e-06 *    3.00e-04 *             o    1.20e-03 *             o
	----------------------------------------------------------------------------------------------
	     5    -291.18282502   -3.61e-02      6.03e-02      6.03e-02 o    4.20e-01      4.20e-01 o  ~
	----------------------------------------------------------------------------------------------


2025-07-17:12:37:39,493 INFO     [psi4.optking.stepAlgorithms:266] 	Convergence check returned False
2025-07-17:12:37:39,512 INFO     [psi4.driver.task_planner:285] PLANNING Atomic:  keywords={'DAMPING_PERCENTAGE': 1.0, 'GEOM_MAXITER': 500, 'SCF__GUESS': 'READ', 'GUESS': 'SAP', 'MAXITER': 500, 'REFERENCE': 'UKS', 'function_kwargs': {}}
2025-07-17:12:37:39,513 INFO     [psi4.driver.driver:636] Compute gradient(): method=b3lyp, basis=cc-pvdz, molecule=default, nre=6.143151743602818
2025-07-17:12:37:40,250 INFO     [psi4.driver.driver:639] Return gradient(): -291.20171594791816
2025-07-17:12:37:40,251 INFO     [psi4.driver.driver:640] [[ 0.00000000  0.00000000 -0.03229581]
 [ 0.00000000  0.00000000  0.03229334]]
2025-07-17:12:37:40,253 INFO     [psi4.optking.history:257] 	Performing BFGS update.
2025-07-17:12:37:40,253 INFO     [psi4.optking.history:268] 	Using 4 previous steps for update.
2025-07-17:12:37:40,254 WARNING  [psi4.optking.history:286] 	Change in internal coordinate of 8.53e-01 exceeds limit of 5.00e-01.
2025-07-17:12:37:40,254 WARNING  [psi4.optking.history:291] 	Skipping Hessian update for step 4.
2025-07-17:12:37:40,254 WARNING  [psi4.optking.history:286] 	Change in internal coordinate of 1.30e+00 exceeds limit of 5.00e-01.
2025-07-17:12:37:40,254 WARNING  [psi4.optking.history:291] 	Skipping Hessian update for step 3.
2025-07-17:12:37:40,254 WARNING  [psi4.optking.history:286] 	Change in internal coordinate of 1.79e+00 exceeds limit of 5.00e-01.
2025-07-17:12:37:40,254 WARNING  [psi4.optking.history:291] 	Skipping Hessian update for step 2.
2025-07-17:12:37:40,254 WARNING  [psi4.optking.history:286] 	Change in internal coordinate of 2.29e+00 exceeds limit of 5.00e-01.
2025-07-17:12:37:40,254 WARNING  [psi4.optking.history:291] 	Skipping Hessian update for step 1.
2025-07-17:12:37:40,254 INFO     [psi4.optking.history:302] 	Steps to be used in Hessian update:  5

2025-07-17:12:37:40,255 INFO     [psi4.optking.history:400] 	Updated Hessian (in au) 
 	   0.066606

2025-07-17:12:37:40,255 INFO     [psi4.optking.molsys:874] Projected (PHP) Hessian matrix
	   0.066606

2025-07-17:12:37:40,255 INFO     [psi4.optking.opt_helper:168] 
	         Geometry (au)                                       Gradient (au)
   0.0000000000   0.0000000000   3.9874451022		   0.0000000000   0.0000000000  -0.0322958117
   0.0000000000   0.0000000000  -0.5704758427		   0.0000000000   0.0000000000   0.0322933390

2025-07-17:12:37:40,255 INFO     [psi4.optking.stepAlgorithms:315] 	Current Step Report 
 
	Current energy:      -291.2017159479
	Energy change for the previous step:
		Actual       :        -0.0188909271
		Projected    :        -0.0126631260

2025-07-17:12:37:40,255 INFO     [psi4.optking.stepAlgorithms:318] 	Energy ratio =    1.49181
2025-07-17:12:37:40,255 INFO     [psi4.optking.stepAlgorithms:750] 	Using RFO solution 1.
2025-07-17:12:37:40,255 INFO     [psi4.optking.displace:73] 	Determining Cartesian step for fragment 1.
2025-07-17:12:37:40,256 INFO     [psi4.optking.displace:378] 	Successfully converged to displaced geometry.
2025-07-17:12:37:40,256 INFO     [psi4.optking.displace:379] 	RMS(dx):  0.000e+00 	Max(dx):  0.000e+00 	RMS(dq):  0.000e+00
2025-07-17:12:37:40,256 INFO     [psi4.optking.displace:132] 

	        --- Internal Coordinate Step in ANG or DEG, aJ/ANG or AJ/DEG ---
	-------------------------------------------------------------------------------
	           Coordinate      Previous         Force          Change          New 
	           ----------      --------        ------          ------        ------
	               R(1,2)       2.41195        0.26607        0.21444       2.62639
	-------------------------------------------------------------------------------

2025-07-17:12:37:40,256 INFO     [psi4.optking.stepAlgorithms:96] 	|target step| :    0.4052361987
2025-07-17:12:37:40,256 INFO     [psi4.optking.stepAlgorithms:97] 	gradient     :   -0.0322945753
2025-07-17:12:37:40,256 INFO     [psi4.optking.stepAlgorithms:98] 	hessian      :    0.0666062836
2025-07-17:12:37:40,256 INFO     [psi4.optking.stepAlgorithms:177] 	Norm of achieved step-size    0.4052361987
2025-07-17:12:37:40,256 INFO     [psi4.optking.stepAlgorithms:179] 	Norm of achieved step-size (cart):    0.2865452641
2025-07-17:12:37:40,256 INFO     [psi4.optking.opt_helper:151] Molsys:

	                            ===> Fragment 1 <== 

	 Z (Atomic Numbers)          Masses                          Geom                  
	       2.000000             4.002603          0.00000000  0.00000000  4.19006320   
	      14.000000            27.976927          0.00000000  0.00000000 -0.77309394   

	 - Coordinate -           - BOHR/RAD -       - ANG/DEG -
	 R(1,2)           =         4.963157           2.626390

2025-07-17:12:37:40,257 INFO     [psi4.optking.convcheck:71] Performing convergence check.
2025-07-17:12:37:40,257 INFO     [psi4.optking.convcheck:263] 
	                                 ==> Convergence Check <==                                  
    
	Measures of convergence in internal coordinates in au.
    
	Criteria marked as inactive (o), active & met (*), and active & unmet ( ).

	----------------------------------------------------------------------------------------------
	   Step    Total Energy     Delta E     Max Force     RMS Force      Max Disp      RMS Disp   
	----------------------------------------------------------------------------------------------
	  Convergence Criteria     1.00e-06 *    3.00e-04 *             o    1.20e-03 *             o
	----------------------------------------------------------------------------------------------
	     6    -291.20171595   -1.89e-02      3.23e-02      3.23e-02 o    4.05e-01      4.05e-01 o  ~
	----------------------------------------------------------------------------------------------


2025-07-17:12:37:40,257 INFO     [psi4.optking.stepAlgorithms:266] 	Convergence check returned False
2025-07-17:12:37:40,274 INFO     [psi4.driver.task_planner:285] PLANNING Atomic:  keywords={'DAMPING_PERCENTAGE': 1.0, 'GEOM_MAXITER': 500, 'SCF__GUESS': 'READ', 'GUESS': 'SAP', 'MAXITER': 500, 'REFERENCE': 'UKS', 'function_kwargs': {}}
2025-07-17:12:37:40,275 INFO     [psi4.driver.driver:636] Compute gradient(): method=b3lyp, basis=cc-pvdz, molecule=default, nre=5.641570312918883
2025-07-17:12:37:41,56 INFO     [psi4.driver.driver:639] Return gradient(): -291.2113972792068
2025-07-17:12:37:41,56 INFO     [psi4.driver.driver:640] [[ 0.00000000  0.00000000 -0.01691862]
 [-0.00000000 -0.00000000  0.01690242]]
2025-07-17:12:37:41,57 INFO     [psi4.optking.history:257] 	Performing BFGS update.
2025-07-17:12:37:41,57 INFO     [psi4.optking.history:268] 	Using 4 previous steps for update.
2025-07-17:12:37:41,57 WARNING  [psi4.optking.history:286] 	Change in internal coordinate of 8.25e-01 exceeds limit of 5.00e-01.
2025-07-17:12:37:41,58 WARNING  [psi4.optking.history:291] 	Skipping Hessian update for step 5.
2025-07-17:12:37:41,58 WARNING  [psi4.optking.history:286] 	Change in internal coordinate of 1.26e+00 exceeds limit of 5.00e-01.
2025-07-17:12:37:41,58 WARNING  [psi4.optking.history:291] 	Skipping Hessian update for step 4.
2025-07-17:12:37:41,58 WARNING  [psi4.optking.history:286] 	Change in internal coordinate of 1.70e+00 exceeds limit of 5.00e-01.
2025-07-17:12:37:41,58 WARNING  [psi4.optking.history:291] 	Skipping Hessian update for step 3.
2025-07-17:12:37:41,58 WARNING  [psi4.optking.history:286] 	Change in internal coordinate of 2.20e+00 exceeds limit of 5.00e-01.
2025-07-17:12:37:41,58 WARNING  [psi4.optking.history:291] 	Skipping Hessian update for step 2.
2025-07-17:12:37:41,58 WARNING  [psi4.optking.history:286] 	Change in internal coordinate of 2.70e+00 exceeds limit of 5.00e-01.
2025-07-17:12:37:41,58 WARNING  [psi4.optking.history:291] 	Skipping Hessian update for step 1.
2025-07-17:12:37:41,58 INFO     [psi4.optking.history:302] 	Steps to be used in Hessian update:  6

2025-07-17:12:37:41,58 INFO     [psi4.optking.history:400] 	Updated Hessian (in au) 
 	   0.037963

2025-07-17:12:37:41,58 INFO     [psi4.optking.molsys:874] Projected (PHP) Hessian matrix
	   0.037963

2025-07-17:12:37:41,58 INFO     [psi4.optking.opt_helper:168] 
	         Geometry (au)                                       Gradient (au)
   0.0000000000   0.0000000000   4.3419613642		   0.0000000000   0.0000000000  -0.0169186222
   0.0000000000   0.0000000000  -0.6211957795		  -0.0000000000  -0.0000000000   0.0169024173

2025-07-17:12:37:41,58 INFO     [psi4.optking.stepAlgorithms:315] 	Current Step Report 
 
	Current energy:      -291.2113972792
	Energy change for the previous step:
		Actual       :        -0.0096813313
		Projected    :        -0.0065434655

2025-07-17:12:37:41,58 INFO     [psi4.optking.stepAlgorithms:318] 	Energy ratio =    1.47954
2025-07-17:12:37:41,58 INFO     [psi4.optking.stepAlgorithms:750] 	Using RFO solution 1.
2025-07-17:12:37:41,58 INFO     [psi4.optking.displace:73] 	Determining Cartesian step for fragment 1.
2025-07-17:12:37:41,59 INFO     [psi4.optking.displace:378] 	Successfully converged to displaced geometry.
2025-07-17:12:37:41,59 INFO     [psi4.optking.displace:379] 	RMS(dx):  0.000e+00 	Max(dx):  0.000e+00 	RMS(dq):  0.000e+00
2025-07-17:12:37:41,59 INFO     [psi4.optking.displace:132] 

	        --- Internal Coordinate Step in ANG or DEG, aJ/ANG or AJ/DEG ---
	-------------------------------------------------------------------------------
	           Coordinate      Previous         Force          Change          New 
	           ----------      --------        ------          ------        ------
	               R(1,2)       2.62639        0.13932        0.20153       2.82792
	-------------------------------------------------------------------------------

2025-07-17:12:37:41,59 INFO     [psi4.optking.stepAlgorithms:96] 	|target step| :    0.3808387193
2025-07-17:12:37:41,59 INFO     [psi4.optking.stepAlgorithms:97] 	gradient     :   -0.0169105198
2025-07-17:12:37:41,59 INFO     [psi4.optking.stepAlgorithms:98] 	hessian      :    0.0379631820
2025-07-17:12:37:41,59 INFO     [psi4.optking.stepAlgorithms:177] 	Norm of achieved step-size    0.3808387193
2025-07-17:12:37:41,59 INFO     [psi4.optking.stepAlgorithms:179] 	Norm of achieved step-size (cart):    0.2692936410
2025-07-17:12:37:41,59 INFO     [psi4.optking.opt_helper:151] Molsys:

	                            ===> Fragment 1 <== 

	 Z (Atomic Numbers)          Masses                          Geom                  
	       2.000000             4.002603          0.00000000  0.00000000  4.53238072   
	      14.000000            27.976927          0.00000000  0.00000000 -0.81161514   

	 - Coordinate -           - BOHR/RAD -       - ANG/DEG -
	 R(1,2)           =         5.343996           2.827921

2025-07-17:12:37:41,59 INFO     [psi4.optking.convcheck:71] Performing convergence check.
2025-07-17:12:37:41,59 INFO     [psi4.optking.convcheck:263] 
	                                 ==> Convergence Check <==                                  
    
	Measures of convergence in internal coordinates in au.
    
	Criteria marked as inactive (o), active & met (*), and active & unmet ( ).

	----------------------------------------------------------------------------------------------
	   Step    Total Energy     Delta E     Max Force     RMS Force      Max Disp      RMS Disp   
	----------------------------------------------------------------------------------------------
	  Convergence Criteria     1.00e-06 *    3.00e-04 *             o    1.20e-03 *             o
	----------------------------------------------------------------------------------------------
	     7    -291.21139728   -9.68e-03      1.69e-02      1.69e-02 o    3.81e-01      3.81e-01 o  ~
	----------------------------------------------------------------------------------------------


2025-07-17:12:37:41,59 INFO     [psi4.optking.stepAlgorithms:266] 	Convergence check returned False
2025-07-17:12:37:41,74 INFO     [psi4.driver.task_planner:285] PLANNING Atomic:  keywords={'DAMPING_PERCENTAGE': 1.0, 'GEOM_MAXITER': 500, 'SCF__GUESS': 'READ', 'GUESS': 'SAP', 'MAXITER': 500, 'REFERENCE': 'UKS', 'function_kwargs': {}}
2025-07-17:12:37:41,77 INFO     [psi4.driver.driver:636] Compute gradient(): method=b3lyp, basis=cc-pvdz, molecule=default, nre=5.239525014246131
2025-07-17:12:37:41,737 INFO     [psi4.driver.driver:639] Return gradient(): -291.21609525529556
2025-07-17:12:37:41,737 INFO     [psi4.driver.driver:640] [[ 0.00000000  0.00000000 -0.00852260]
 [-0.00000000 -0.00000000  0.00850817]]
2025-07-17:12:37:41,739 INFO     [psi4.optking.history:257] 	Performing BFGS update.
2025-07-17:12:37:41,739 INFO     [psi4.optking.history:268] 	Using 4 previous steps for update.
2025-07-17:12:37:41,740 WARNING  [psi4.optking.history:286] 	Change in internal coordinate of 7.86e-01 exceeds limit of 5.00e-01.
2025-07-17:12:37:41,740 WARNING  [psi4.optking.history:291] 	Skipping Hessian update for step 6.
2025-07-17:12:37:41,740 WARNING  [psi4.optking.history:286] 	Change in internal coordinate of 1.21e+00 exceeds limit of 5.00e-01.
2025-07-17:12:37:41,740 WARNING  [psi4.optking.history:291] 	Skipping Hessian update for step 5.
2025-07-17:12:37:41,740 WARNING  [psi4.optking.history:286] 	Change in internal coordinate of 1.64e+00 exceeds limit of 5.00e-01.
2025-07-17:12:37:41,740 WARNING  [psi4.optking.history:291] 	Skipping Hessian update for step 4.
2025-07-17:12:37:41,740 WARNING  [psi4.optking.history:286] 	Change in internal coordinate of 2.08e+00 exceeds limit of 5.00e-01.
2025-07-17:12:37:41,740 WARNING  [psi4.optking.history:291] 	Skipping Hessian update for step 3.
2025-07-17:12:37:41,740 WARNING  [psi4.optking.history:286] 	Change in internal coordinate of 2.58e+00 exceeds limit of 5.00e-01.
2025-07-17:12:37:41,740 WARNING  [psi4.optking.history:291] 	Skipping Hessian update for step 2.
2025-07-17:12:37:41,740 WARNING  [psi4.optking.history:286] 	Change in internal coordinate of 3.08e+00 exceeds limit of 5.00e-01.
2025-07-17:12:37:41,741 WARNING  [psi4.optking.history:291] 	Skipping Hessian update for step 1.
2025-07-17:12:37:41,741 INFO     [psi4.optking.history:302] 	Steps to be used in Hessian update:  7

2025-07-17:12:37:41,741 INFO     [psi4.optking.history:400] 	Updated Hessian (in au) 
 	   0.022044

2025-07-17:12:37:41,741 INFO     [psi4.optking.molsys:874] Projected (PHP) Hessian matrix
	   0.022044

2025-07-17:12:37:41,741 INFO     [psi4.optking.opt_helper:168] 
	         Geometry (au)                                       Gradient (au)
   0.0000000000   0.0000000000   4.6751337699		   0.0000000000   0.0000000000  -0.0085225958
   0.0000000000   0.0000000000  -0.6688620931		  -0.0000000000  -0.0000000000   0.0085081685

2025-07-17:12:37:41,741 INFO     [psi4.optking.stepAlgorithms:315] 	Current Step Report 
 
	Current energy:      -291.2160952553
	Energy change for the previous step:
		Actual       :        -0.0046979761
		Projected    :        -0.0032200903

2025-07-17:12:37:41,741 INFO     [psi4.optking.stepAlgorithms:318] 	Energy ratio =    1.45896
2025-07-17:12:37:41,741 INFO     [psi4.optking.stepAlgorithms:750] 	Using RFO solution 1.
2025-07-17:12:37:41,742 INFO     [psi4.optking.displace:73] 	Determining Cartesian step for fragment 1.
2025-07-17:12:37:41,742 INFO     [psi4.optking.displace:378] 	Successfully converged to displaced geometry.
2025-07-17:12:37:41,742 INFO     [psi4.optking.displace:379] 	RMS(dx):  2.564e-16 	Max(dx):  4.441e-16 	RMS(dq):  8.882e-16
2025-07-17:12:37:41,742 INFO     [psi4.optking.displace:132] 

	        --- Internal Coordinate Step in ANG or DEG, aJ/ANG or AJ/DEG ---
	-------------------------------------------------------------------------------
	           Coordinate      Previous         Force          Change          New 
	           ----------      --------        ------          ------        ------
	               R(1,2)       2.82792        0.07016        0.18061       3.00853
	-------------------------------------------------------------------------------

2025-07-17:12:37:41,742 INFO     [psi4.optking.stepAlgorithms:96] 	|target step| :    0.3412967160
2025-07-17:12:37:41,742 INFO     [psi4.optking.stepAlgorithms:97] 	gradient     :   -0.0085153822
2025-07-17:12:37:41,742 INFO     [psi4.optking.stepAlgorithms:98] 	hessian      :    0.0220438133
2025-07-17:12:37:41,742 INFO     [psi4.optking.stepAlgorithms:177] 	Norm of achieved step-size    0.3412967160
2025-07-17:12:37:41,742 INFO     [psi4.optking.stepAlgorithms:179] 	Norm of achieved step-size (cart):    0.2413332223
2025-07-17:12:37:41,743 INFO     [psi4.optking.opt_helper:151] Molsys:

	                            ===> Fragment 1 <== 

	 Z (Atomic Numbers)          Masses                          Geom                  
	       2.000000             4.002603          0.00000000  0.00000000  4.84578213   
	      14.000000            27.976927          0.00000000  0.00000000 -0.83951045   

	 - Coordinate -           - BOHR/RAD -       - ANG/DEG -
	 R(1,2)           =         5.685293           3.008527

2025-07-17:12:37:41,743 INFO     [psi4.optking.convcheck:71] Performing convergence check.
2025-07-17:12:37:41,743 INFO     [psi4.optking.convcheck:263] 
	                                 ==> Convergence Check <==                                  
    
	Measures of convergence in internal coordinates in au.
    
	Criteria marked as inactive (o), active & met (*), and active & unmet ( ).

	----------------------------------------------------------------------------------------------
	   Step    Total Energy     Delta E     Max Force     RMS Force      Max Disp      RMS Disp   
	----------------------------------------------------------------------------------------------
	  Convergence Criteria     1.00e-06 *    3.00e-04 *             o    1.20e-03 *             o
	----------------------------------------------------------------------------------------------
	     8    -291.21609526   -4.70e-03      8.52e-03      8.52e-03 o    3.41e-01      3.41e-01 o  ~
	----------------------------------------------------------------------------------------------


2025-07-17:12:37:41,743 INFO     [psi4.optking.stepAlgorithms:266] 	Convergence check returned False
2025-07-17:12:37:41,756 INFO     [psi4.driver.task_planner:285] PLANNING Atomic:  keywords={'DAMPING_PERCENTAGE': 1.0, 'GEOM_MAXITER': 500, 'SCF__GUESS': 'READ', 'GUESS': 'SAP', 'MAXITER': 500, 'REFERENCE': 'UKS', 'function_kwargs': {}}
2025-07-17:12:37:41,757 INFO     [psi4.driver.driver:636] Compute gradient(): method=b3lyp, basis=cc-pvdz, molecule=default, nre=4.92498839968877
2025-07-17:12:37:42,452 INFO     [psi4.driver.driver:639] Return gradient(): -291.2181738796129
2025-07-17:12:37:42,453 INFO     [psi4.driver.driver:640] [[ 0.00000000  0.00000000 -0.00405452]
 [-0.00000000  0.00000000  0.00404435]]
2025-07-17:12:37:42,458 INFO     [psi4.optking.history:257] 	Performing BFGS update.
2025-07-17:12:37:42,458 INFO     [psi4.optking.history:268] 	Using 4 previous steps for update.
2025-07-17:12:37:42,458 WARNING  [psi4.optking.history:286] 	Change in internal coordinate of 7.22e-01 exceeds limit of 5.00e-01.
2025-07-17:12:37:42,458 WARNING  [psi4.optking.history:291] 	Skipping Hessian update for step 7.
2025-07-17:12:37:42,458 WARNING  [psi4.optking.history:286] 	Change in internal coordinate of 1.13e+00 exceeds limit of 5.00e-01.
2025-07-17:12:37:42,458 WARNING  [psi4.optking.history:291] 	Skipping Hessian update for step 6.
2025-07-17:12:37:42,458 WARNING  [psi4.optking.history:286] 	Change in internal coordinate of 1.55e+00 exceeds limit of 5.00e-01.
2025-07-17:12:37:42,458 WARNING  [psi4.optking.history:291] 	Skipping Hessian update for step 5.
2025-07-17:12:37:42,458 WARNING  [psi4.optking.history:286] 	Change in internal coordinate of 1.98e+00 exceeds limit of 5.00e-01.
2025-07-17:12:37:42,458 WARNING  [psi4.optking.history:291] 	Skipping Hessian update for step 4.
2025-07-17:12:37:42,458 WARNING  [psi4.optking.history:286] 	Change in internal coordinate of 2.42e+00 exceeds limit of 5.00e-01.
2025-07-17:12:37:42,458 WARNING  [psi4.optking.history:291] 	Skipping Hessian update for step 3.
2025-07-17:12:37:42,458 WARNING  [psi4.optking.history:286] 	Change in internal coordinate of 2.92e+00 exceeds limit of 5.00e-01.
2025-07-17:12:37:42,458 WARNING  [psi4.optking.history:291] 	Skipping Hessian update for step 2.
2025-07-17:12:37:42,458 WARNING  [psi4.optking.history:286] 	Change in internal coordinate of 3.42e+00 exceeds limit of 5.00e-01.
2025-07-17:12:37:42,458 WARNING  [psi4.optking.history:291] 	Skipping Hessian update for step 1.
2025-07-17:12:37:42,458 INFO     [psi4.optking.history:302] 	Steps to be used in Hessian update:  8

2025-07-17:12:37:42,459 INFO     [psi4.optking.history:400] 	Updated Hessian (in au) 
 	   0.013085

2025-07-17:12:37:42,459 INFO     [psi4.optking.molsys:874] Projected (PHP) Hessian matrix
	   0.013085

2025-07-17:12:37:42,459 INFO     [psi4.optking.opt_helper:168] 
	         Geometry (au)                                       Gradient (au)
   0.0000000000   0.0000000000   4.9737133053		   0.0000000000   0.0000000000  -0.0040545241
   0.0000000000   0.0000000000  -0.7115792736		  -0.0000000000   0.0000000000   0.0040443532

2025-07-17:12:37:42,459 INFO     [psi4.optking.stepAlgorithms:315] 	Current Step Report 
 
	Current energy:      -291.2181738796
	Energy change for the previous step:
		Actual       :        -0.0020786243
		Projected    :        -0.0014531360

2025-07-17:12:37:42,459 INFO     [psi4.optking.stepAlgorithms:318] 	Energy ratio =    1.43044
2025-07-17:12:37:42,459 INFO     [psi4.optking.stepAlgorithms:750] 	Using RFO solution 1.
2025-07-17:12:37:42,459 INFO     [psi4.optking.displace:73] 	Determining Cartesian step for fragment 1.
2025-07-17:12:37:42,459 INFO     [psi4.optking.displace:378] 	Successfully converged to displaced geometry.
2025-07-17:12:37:42,459 INFO     [psi4.optking.displace:379] 	RMS(dx):  0.000e+00 	Max(dx):  0.000e+00 	RMS(dq):  0.000e+00
2025-07-17:12:37:42,459 INFO     [psi4.optking.displace:132] 

	        --- Internal Coordinate Step in ANG or DEG, aJ/ANG or AJ/DEG ---
	-------------------------------------------------------------------------------
	           Coordinate      Previous         Force          Change          New 
	           ----------      --------        ------          ------        ------
	               R(1,2)       3.00853        0.03336        0.15051       3.15904
	-------------------------------------------------------------------------------

2025-07-17:12:37:42,459 INFO     [psi4.optking.stepAlgorithms:96] 	|target step| :    0.2844304825
2025-07-17:12:37:42,459 INFO     [psi4.optking.stepAlgorithms:97] 	gradient     :   -0.0040494386
2025-07-17:12:37:42,459 INFO     [psi4.optking.stepAlgorithms:98] 	hessian      :    0.0130852227
2025-07-17:12:37:42,459 INFO     [psi4.optking.stepAlgorithms:177] 	Norm of achieved step-size    0.2844304825
2025-07-17:12:37:42,459 INFO     [psi4.optking.stepAlgorithms:179] 	Norm of achieved step-size (cart):    0.2011227230
2025-07-17:12:37:42,459 INFO     [psi4.optking.opt_helper:151] Molsys:

	                            ===> Fragment 1 <== 

	 Z (Atomic Numbers)          Masses                          Geom                  
	       2.000000             4.002603          0.00000000  0.00000000  5.11592855   
	      14.000000            27.976927          0.00000000  0.00000000 -0.85379451   

	 - Coordinate -           - BOHR/RAD -       - ANG/DEG -
	 R(1,2)           =         5.969723           3.159041

2025-07-17:12:37:42,460 INFO     [psi4.optking.convcheck:71] Performing convergence check.
2025-07-17:12:37:42,460 INFO     [psi4.optking.convcheck:263] 
	                                 ==> Convergence Check <==                                  
    
	Measures of convergence in internal coordinates in au.
    
	Criteria marked as inactive (o), active & met (*), and active & unmet ( ).

	----------------------------------------------------------------------------------------------
	   Step    Total Energy     Delta E     Max Force     RMS Force      Max Disp      RMS Disp   
	----------------------------------------------------------------------------------------------
	  Convergence Criteria     1.00e-06 *    3.00e-04 *             o    1.20e-03 *             o
	----------------------------------------------------------------------------------------------
	     9    -291.21817388   -2.08e-03      4.05e-03      4.05e-03 o    2.84e-01      2.84e-01 o  ~
	----------------------------------------------------------------------------------------------


2025-07-17:12:37:42,460 INFO     [psi4.optking.stepAlgorithms:266] 	Convergence check returned False
2025-07-17:12:37:42,475 INFO     [psi4.driver.task_planner:285] PLANNING Atomic:  keywords={'DAMPING_PERCENTAGE': 1.0, 'GEOM_MAXITER': 500, 'SCF__GUESS': 'READ', 'GUESS': 'SAP', 'MAXITER': 500, 'REFERENCE': 'UKS', 'function_kwargs': {}}
2025-07-17:12:37:42,477 INFO     [psi4.driver.driver:636] Compute gradient(): method=b3lyp, basis=cc-pvdz, molecule=default, nre=4.69033482989567
2025-07-17:12:37:43,143 INFO     [psi4.driver.driver:639] Return gradient(): -291.21897499098145
2025-07-17:12:37:43,143 INFO     [psi4.driver.driver:640] [[ 0.00000000  0.00000000 -0.00176149]
 [ 0.00000000 -0.00000000  0.00176114]]
2025-07-17:12:37:43,145 INFO     [psi4.optking.history:257] 	Performing BFGS update.
2025-07-17:12:37:43,145 INFO     [psi4.optking.history:268] 	Using 4 previous steps for update.
2025-07-17:12:37:43,145 WARNING  [psi4.optking.history:286] 	Change in internal coordinate of 6.26e-01 exceeds limit of 5.00e-01.
2025-07-17:12:37:43,145 WARNING  [psi4.optking.history:291] 	Skipping Hessian update for step 8.
2025-07-17:12:37:43,145 WARNING  [psi4.optking.history:286] 	Change in internal coordinate of 1.01e+00 exceeds limit of 5.00e-01.
2025-07-17:12:37:43,145 WARNING  [psi4.optking.history:291] 	Skipping Hessian update for step 7.
2025-07-17:12:37:43,145 WARNING  [psi4.optking.history:286] 	Change in internal coordinate of 1.41e+00 exceeds limit of 5.00e-01.
2025-07-17:12:37:43,145 WARNING  [psi4.optking.history:291] 	Skipping Hessian update for step 6.
2025-07-17:12:37:43,145 WARNING  [psi4.optking.history:286] 	Change in internal coordinate of 1.83e+00 exceeds limit of 5.00e-01.
2025-07-17:12:37:43,145 WARNING  [psi4.optking.history:291] 	Skipping Hessian update for step 5.
2025-07-17:12:37:43,145 WARNING  [psi4.optking.history:286] 	Change in internal coordinate of 2.26e+00 exceeds limit of 5.00e-01.
2025-07-17:12:37:43,145 WARNING  [psi4.optking.history:291] 	Skipping Hessian update for step 4.
2025-07-17:12:37:43,145 WARNING  [psi4.optking.history:286] 	Change in internal coordinate of 2.71e+00 exceeds limit of 5.00e-01.
2025-07-17:12:37:43,145 WARNING  [psi4.optking.history:291] 	Skipping Hessian update for step 3.
2025-07-17:12:37:43,145 WARNING  [psi4.optking.history:286] 	Change in internal coordinate of 3.20e+00 exceeds limit of 5.00e-01.
2025-07-17:12:37:43,145 WARNING  [psi4.optking.history:291] 	Skipping Hessian update for step 2.
2025-07-17:12:37:43,146 WARNING  [psi4.optking.history:286] 	Change in internal coordinate of 3.70e+00 exceeds limit of 5.00e-01.
2025-07-17:12:37:43,146 WARNING  [psi4.optking.history:291] 	Skipping Hessian update for step 1.
2025-07-17:12:37:43,146 INFO     [psi4.optking.history:302] 	Steps to be used in Hessian update:  9

2025-07-17:12:37:43,146 INFO     [psi4.optking.history:400] 	Updated Hessian (in au) 
 	   0.008045

2025-07-17:12:37:43,146 INFO     [psi4.optking.molsys:874] Projected (PHP) Hessian matrix
	   0.008045

2025-07-17:12:37:43,146 INFO     [psi4.optking.opt_helper:168] 
	         Geometry (au)                                       Gradient (au)
   0.0000000000   0.0000000000   5.2225440657		   0.0000000000   0.0000000000  -0.0017614945
   0.0000000000   0.0000000000  -0.7471789957		   0.0000000000  -0.0000000000   0.0017611355

2025-07-17:12:37:43,146 INFO     [psi4.optking.stepAlgorithms:315] 	Current Step Report 
 
	Current energy:      -291.2189749910
	Energy change for the previous step:
		Actual       :        -0.0008011114
		Projected    :        -0.0005758919

2025-07-17:12:37:43,146 INFO     [psi4.optking.stepAlgorithms:318] 	Energy ratio =    1.39108
2025-07-17:12:37:43,146 INFO     [psi4.optking.stepAlgorithms:750] 	Using RFO solution 1.
2025-07-17:12:37:43,146 INFO     [psi4.optking.displace:73] 	Determining Cartesian step for fragment 1.
2025-07-17:12:37:43,146 INFO     [psi4.optking.displace:378] 	Successfully converged to displaced geometry.
2025-07-17:12:37:43,146 INFO     [psi4.optking.displace:379] 	RMS(dx):  0.000e+00 	Max(dx):  0.000e+00 	RMS(dq):  0.000e+00
2025-07-17:12:37:43,146 INFO     [psi4.optking.displace:132] 

	        --- Internal Coordinate Step in ANG or DEG, aJ/ANG or AJ/DEG ---
	-------------------------------------------------------------------------------
	           Coordinate      Previous         Force          Change          New 
	           ----------      --------        ------          ------        ------
	               R(1,2)       3.15904        0.01451        0.11078       3.26982
	-------------------------------------------------------------------------------

2025-07-17:12:37:43,146 INFO     [psi4.optking.stepAlgorithms:96] 	|target step| :    0.2093486836
2025-07-17:12:37:43,146 INFO     [psi4.optking.stepAlgorithms:97] 	gradient     :   -0.0017613150
2025-07-17:12:37:43,146 INFO     [psi4.optking.stepAlgorithms:98] 	hessian      :    0.0080445794
2025-07-17:12:37:43,146 INFO     [psi4.optking.stepAlgorithms:177] 	Norm of achieved step-size    0.2093486836
2025-07-17:12:37:43,146 INFO     [psi4.optking.stepAlgorithms:179] 	Norm of achieved step-size (cart):    0.1480318738
2025-07-17:12:37:43,147 INFO     [psi4.optking.opt_helper:151] Molsys:

	                            ===> Fragment 1 <== 

	 Z (Atomic Numbers)          Masses                          Geom                  
	       2.000000             4.002603          0.00000000  0.00000000  5.32721841   
	      14.000000            27.976927          0.00000000  0.00000000 -0.85185334   

	 - Coordinate -           - BOHR/RAD -       - ANG/DEG -
	 R(1,2)           =         6.179072           3.269824

2025-07-17:12:37:43,147 INFO     [psi4.optking.convcheck:71] Performing convergence check.
2025-07-17:12:37:43,147 INFO     [psi4.optking.convcheck:263] 
	                                 ==> Convergence Check <==                                  
    
	Measures of convergence in internal coordinates in au.
    
	Criteria marked as inactive (o), active & met (*), and active & unmet ( ).

	----------------------------------------------------------------------------------------------
	   Step    Total Energy     Delta E     Max Force     RMS Force      Max Disp      RMS Disp   
	----------------------------------------------------------------------------------------------
	  Convergence Criteria     1.00e-06 *    3.00e-04 *             o    1.20e-03 *             o
	----------------------------------------------------------------------------------------------
	    10    -291.21897499   -8.01e-04      1.76e-03      1.76e-03 o    2.09e-01      2.09e-01 o  ~
	----------------------------------------------------------------------------------------------


2025-07-17:12:37:43,147 INFO     [psi4.optking.stepAlgorithms:266] 	Convergence check returned False
2025-07-17:12:37:43,163 INFO     [psi4.driver.task_planner:285] PLANNING Atomic:  keywords={'DAMPING_PERCENTAGE': 1.0, 'GEOM_MAXITER': 500, 'SCF__GUESS': 'READ', 'GUESS': 'SAP', 'MAXITER': 500, 'REFERENCE': 'UKS', 'function_kwargs': {}}
2025-07-17:12:37:43,164 INFO     [psi4.driver.driver:636] Compute gradient(): method=b3lyp, basis=cc-pvdz, molecule=default, nre=4.531424970454869
2025-07-17:12:37:43,810 INFO     [psi4.driver.driver:639] Return gradient(): -291.2192212666896
2025-07-17:12:37:43,810 INFO     [psi4.driver.driver:640] [[-0.00000000 -0.00000000 -0.00066011]
 [ 0.00000000  0.00000000  0.00065515]]
2025-07-17:12:37:43,811 INFO     [psi4.optking.history:257] 	Performing BFGS update.
2025-07-17:12:37:43,812 INFO     [psi4.optking.history:268] 	Using 4 previous steps for update.
2025-07-17:12:37:43,812 WARNING  [psi4.optking.history:286] 	Change in internal coordinate of 8.35e-01 exceeds limit of 5.00e-01.
2025-07-17:12:37:43,812 WARNING  [psi4.optking.history:291] 	Skipping Hessian update for step 8.
2025-07-17:12:37:43,812 WARNING  [psi4.optking.history:286] 	Change in internal coordinate of 1.22e+00 exceeds limit of 5.00e-01.
2025-07-17:12:37:43,812 WARNING  [psi4.optking.history:291] 	Skipping Hessian update for step 7.
2025-07-17:12:37:43,812 WARNING  [psi4.optking.history:286] 	Change in internal coordinate of 1.62e+00 exceeds limit of 5.00e-01.
2025-07-17:12:37:43,812 WARNING  [psi4.optking.history:291] 	Skipping Hessian update for step 6.
2025-07-17:12:37:43,812 WARNING  [psi4.optking.history:286] 	Change in internal coordinate of 2.04e+00 exceeds limit of 5.00e-01.
2025-07-17:12:37:43,812 WARNING  [psi4.optking.history:291] 	Skipping Hessian update for step 5.
2025-07-17:12:37:43,812 WARNING  [psi4.optking.history:286] 	Change in internal coordinate of 2.47e+00 exceeds limit of 5.00e-01.
2025-07-17:12:37:43,812 WARNING  [psi4.optking.history:291] 	Skipping Hessian update for step 4.
2025-07-17:12:37:43,812 WARNING  [psi4.optking.history:286] 	Change in internal coordinate of 2.92e+00 exceeds limit of 5.00e-01.
2025-07-17:12:37:43,812 WARNING  [psi4.optking.history:291] 	Skipping Hessian update for step 3.
2025-07-17:12:37:43,812 WARNING  [psi4.optking.history:286] 	Change in internal coordinate of 3.41e+00 exceeds limit of 5.00e-01.
2025-07-17:12:37:43,812 WARNING  [psi4.optking.history:291] 	Skipping Hessian update for step 2.
2025-07-17:12:37:43,812 WARNING  [psi4.optking.history:286] 	Change in internal coordinate of 3.91e+00 exceeds limit of 5.00e-01.
2025-07-17:12:37:43,812 WARNING  [psi4.optking.history:291] 	Skipping Hessian update for step 1.
2025-07-17:12:37:43,812 INFO     [psi4.optking.history:302] 	Steps to be used in Hessian update:  10 9

2025-07-17:12:37:43,812 INFO     [psi4.optking.history:400] 	Updated Hessian (in au) 
 	   0.006869

2025-07-17:12:37:43,813 INFO     [psi4.optking.molsys:874] Projected (PHP) Hessian matrix
	   0.006869

2025-07-17:12:37:43,813 INFO     [psi4.optking.opt_helper:168] 
	         Geometry (au)                                       Gradient (au)
   0.0000000000   0.0000000000   5.4056903715		  -0.0000000000  -0.0000000000  -0.0006601126
   0.0000000000   0.0000000000  -0.7733813736		   0.0000000000   0.0000000000   0.0006551480

2025-07-17:12:37:43,813 INFO     [psi4.optking.stepAlgorithms:315] 	Current Step Report 
 
	Current energy:      -291.2192212667
	Energy change for the previous step:
		Actual       :        -0.0002462757
		Projected    :        -0.0001843645

2025-07-17:12:37:43,813 INFO     [psi4.optking.stepAlgorithms:318] 	Energy ratio =    1.33581
2025-07-17:12:37:43,813 INFO     [psi4.optking.stepAlgorithms:750] 	Using RFO solution 1.
2025-07-17:12:37:43,813 INFO     [psi4.optking.displace:73] 	Determining Cartesian step for fragment 1.
2025-07-17:12:37:43,813 INFO     [psi4.optking.displace:378] 	Successfully converged to displaced geometry.
2025-07-17:12:37:43,813 INFO     [psi4.optking.displace:379] 	RMS(dx):  2.564e-16 	Max(dx):  4.441e-16 	RMS(dq):  0.000e+00
2025-07-17:12:37:43,813 INFO     [psi4.optking.displace:132] 

	        --- Internal Coordinate Step in ANG or DEG, aJ/ANG or AJ/DEG ---
	-------------------------------------------------------------------------------
	           Coordinate      Previous         Force          Change          New 
	           ----------      --------        ------          ------        ------
	               R(1,2)       3.26982        0.00542        0.05021       3.32003
	-------------------------------------------------------------------------------

2025-07-17:12:37:43,813 INFO     [psi4.optking.stepAlgorithms:96] 	|target step| :    0.0948759807
2025-07-17:12:37:43,813 INFO     [psi4.optking.stepAlgorithms:97] 	gradient     :   -0.0006576303
2025-07-17:12:37:43,813 INFO     [psi4.optking.stepAlgorithms:98] 	hessian      :    0.0068690795
2025-07-17:12:37:43,813 INFO     [psi4.optking.stepAlgorithms:177] 	Norm of achieved step-size    0.0948759807
2025-07-17:12:37:43,813 INFO     [psi4.optking.stepAlgorithms:179] 	Norm of achieved step-size (cart):    0.0670874494
2025-07-17:12:37:43,814 INFO     [psi4.optking.opt_helper:151] Molsys:

	                            ===> Fragment 1 <== 

	 Z (Atomic Numbers)          Masses                          Geom                  
	       2.000000             4.002603          0.00000000  0.00000000  5.45312836   
	      14.000000            27.976927          0.00000000  0.00000000 -0.82081936   

	 - Coordinate -           - BOHR/RAD -       - ANG/DEG -
	 R(1,2)           =         6.273948           3.320030

2025-07-17:12:37:43,814 INFO     [psi4.optking.convcheck:71] Performing convergence check.
2025-07-17:12:37:43,814 INFO     [psi4.optking.convcheck:263] 
	                                 ==> Convergence Check <==                                  
    
	Measures of convergence in internal coordinates in au.
    
	Criteria marked as inactive (o), active & met (*), and active & unmet ( ).

	----------------------------------------------------------------------------------------------
	   Step    Total Energy     Delta E     Max Force     RMS Force      Max Disp      RMS Disp   
	----------------------------------------------------------------------------------------------
	  Convergence Criteria     1.00e-06 *    3.00e-04 *             o    1.20e-03 *             o
	----------------------------------------------------------------------------------------------
	    11    -291.21922127   -2.46e-04      6.58e-04      6.58e-04 o    9.49e-02      9.49e-02 o  ~
	----------------------------------------------------------------------------------------------


2025-07-17:12:37:43,814 INFO     [psi4.optking.stepAlgorithms:266] 	Convergence check returned False
2025-07-17:12:37:43,830 INFO     [psi4.driver.task_planner:285] PLANNING Atomic:  keywords={'DAMPING_PERCENTAGE': 1.0, 'GEOM_MAXITER': 500, 'SCF__GUESS': 'READ', 'GUESS': 'SAP', 'MAXITER': 500, 'REFERENCE': 'UKS', 'function_kwargs': {}}
2025-07-17:12:37:43,831 INFO     [psi4.driver.driver:636] Compute gradient(): method=b3lyp, basis=cc-pvdz, molecule=default, nre=4.462899791891269
2025-07-17:12:37:44,348 INFO     [psi4.driver.driver:639] Return gradient(): -291.2192652624911
2025-07-17:12:37:44,349 INFO     [psi4.driver.driver:640] [[-0.00000000  0.00000000 -0.00027982]
 [-0.00000000 -0.00000000  0.00027997]]
2025-07-17:12:37:44,350 INFO     [psi4.optking.history:257] 	Performing BFGS update.
2025-07-17:12:37:44,350 INFO     [psi4.optking.history:268] 	Using 4 previous steps for update.
2025-07-17:12:37:44,350 WARNING  [psi4.optking.history:286] 	Change in internal coordinate of 5.89e-01 exceeds limit of 5.00e-01.
2025-07-17:12:37:44,350 WARNING  [psi4.optking.history:291] 	Skipping Hessian update for step 9.
2025-07-17:12:37:44,350 WARNING  [psi4.optking.history:286] 	Change in internal coordinate of 9.30e-01 exceeds limit of 5.00e-01.
2025-07-17:12:37:44,350 WARNING  [psi4.optking.history:291] 	Skipping Hessian update for step 8.
2025-07-17:12:37:44,350 WARNING  [psi4.optking.history:286] 	Change in internal coordinate of 1.31e+00 exceeds limit of 5.00e-01.
2025-07-17:12:37:44,350 WARNING  [psi4.optking.history:291] 	Skipping Hessian update for step 7.
2025-07-17:12:37:44,350 WARNING  [psi4.optking.history:286] 	Change in internal coordinate of 1.72e+00 exceeds limit of 5.00e-01.
2025-07-17:12:37:44,350 WARNING  [psi4.optking.history:291] 	Skipping Hessian update for step 6.
2025-07-17:12:37:44,350 WARNING  [psi4.optking.history:286] 	Change in internal coordinate of 2.14e+00 exceeds limit of 5.00e-01.
2025-07-17:12:37:44,350 WARNING  [psi4.optking.history:291] 	Skipping Hessian update for step 5.
2025-07-17:12:37:44,350 WARNING  [psi4.optking.history:286] 	Change in internal coordinate of 2.57e+00 exceeds limit of 5.00e-01.
2025-07-17:12:37:44,350 WARNING  [psi4.optking.history:291] 	Skipping Hessian update for step 4.
2025-07-17:12:37:44,350 WARNING  [psi4.optking.history:286] 	Change in internal coordinate of 3.01e+00 exceeds limit of 5.00e-01.
2025-07-17:12:37:44,350 WARNING  [psi4.optking.history:291] 	Skipping Hessian update for step 3.
2025-07-17:12:37:44,351 WARNING  [psi4.optking.history:286] 	Change in internal coordinate of 3.51e+00 exceeds limit of 5.00e-01.
2025-07-17:12:37:44,351 WARNING  [psi4.optking.history:291] 	Skipping Hessian update for step 2.
2025-07-17:12:37:44,351 WARNING  [psi4.optking.history:286] 	Change in internal coordinate of 4.01e+00 exceeds limit of 5.00e-01.
2025-07-17:12:37:44,351 WARNING  [psi4.optking.history:291] 	Skipping Hessian update for step 1.
2025-07-17:12:37:44,351 INFO     [psi4.optking.history:302] 	Steps to be used in Hessian update:  11 10

2025-07-17:12:37:44,351 INFO     [psi4.optking.history:400] 	Updated Hessian (in au) 
 	   0.004869

2025-07-17:12:37:44,351 INFO     [psi4.optking.molsys:874] Projected (PHP) Hessian matrix
	   0.004869

2025-07-17:12:37:44,351 INFO     [psi4.optking.opt_helper:168] 
	         Geometry (au)                                       Gradient (au)
   0.0000000000   0.0000000000   5.4886915401		  -0.0000000000   0.0000000000  -0.0002798160
   0.0000000000   0.0000000000  -0.7852561857		  -0.0000000000  -0.0000000000   0.0002799741

2025-07-17:12:37:44,351 INFO     [psi4.optking.stepAlgorithms:315] 	Current Step Report 
 
	Current energy:      -291.2192652625
	Energy change for the previous step:
		Actual       :        -0.0000439958
		Projected    :        -0.0000311967

2025-07-17:12:37:44,351 INFO     [psi4.optking.stepAlgorithms:318] 	Energy ratio =    1.41027
2025-07-17:12:37:44,351 INFO     [psi4.optking.stepAlgorithms:750] 	Using RFO solution 1.
2025-07-17:12:37:44,351 INFO     [psi4.optking.displace:73] 	Determining Cartesian step for fragment 1.
2025-07-17:12:37:44,351 INFO     [psi4.optking.displace:378] 	Successfully converged to displaced geometry.
2025-07-17:12:37:44,351 INFO     [psi4.optking.displace:379] 	RMS(dx):  2.564e-16 	Max(dx):  4.441e-16 	RMS(dq):  8.882e-16
2025-07-17:12:37:44,351 INFO     [psi4.optking.displace:132] 

	        --- Internal Coordinate Step in ANG or DEG, aJ/ANG or AJ/DEG ---
	-------------------------------------------------------------------------------
	           Coordinate      Previous         Force          Change          New 
	           ----------      --------        ------          ------        ------
	               R(1,2)       3.32003        0.00231        0.03032       3.35035
	-------------------------------------------------------------------------------

2025-07-17:12:37:44,351 INFO     [psi4.optking.stepAlgorithms:96] 	|target step| :    0.0572906373
2025-07-17:12:37:44,351 INFO     [psi4.optking.stepAlgorithms:97] 	gradient     :   -0.0002798951
2025-07-17:12:37:44,351 INFO     [psi4.optking.stepAlgorithms:98] 	hessian      :    0.0048694933
2025-07-17:12:37:44,352 INFO     [psi4.optking.stepAlgorithms:177] 	Norm of achieved step-size    0.0572906373
2025-07-17:12:37:44,352 INFO     [psi4.optking.stepAlgorithms:179] 	Norm of achieved step-size (cart):    0.0405105981
2025-07-17:12:37:44,352 INFO     [psi4.optking.opt_helper:151] Molsys:

	                            ===> Fragment 1 <== 

	 Z (Atomic Numbers)          Masses                          Geom                  
	       2.000000             4.002603          0.00000000  0.00000000  5.51733686   
	      14.000000            27.976927          0.00000000  0.00000000 -0.81390150   

	 - Coordinate -           - BOHR/RAD -       - ANG/DEG -
	 R(1,2)           =         6.331238           3.350347

2025-07-17:12:37:44,352 INFO     [psi4.optking.convcheck:71] Performing convergence check.
2025-07-17:12:37:44,352 INFO     [psi4.optking.convcheck:263] 
	                                 ==> Convergence Check <==                                  
    
	Measures of convergence in internal coordinates in au.
    
	Criteria marked as inactive (o), active & met (*), and active & unmet ( ).

	----------------------------------------------------------------------------------------------
	   Step    Total Energy     Delta E     Max Force     RMS Force      Max Disp      RMS Disp   
	----------------------------------------------------------------------------------------------
	  Convergence Criteria     1.00e-06 *    3.00e-04 *             o    1.20e-03 *             o
	----------------------------------------------------------------------------------------------
	    12    -291.21926526   -4.40e-05      2.80e-04 *    2.80e-04 o    5.73e-02      5.73e-02 o  ~
	----------------------------------------------------------------------------------------------


2025-07-17:12:37:44,352 INFO     [psi4.optking.stepAlgorithms:266] 	Convergence check returned False
2025-07-17:12:37:44,368 INFO     [psi4.driver.task_planner:285] PLANNING Atomic:  keywords={'DAMPING_PERCENTAGE': 1.0, 'GEOM_MAXITER': 500, 'SCF__GUESS': 'READ', 'GUESS': 'SAP', 'MAXITER': 500, 'REFERENCE': 'UKS', 'function_kwargs': {}}
2025-07-17:12:37:44,368 INFO     [psi4.driver.driver:636] Compute gradient(): method=b3lyp, basis=cc-pvdz, molecule=default, nre=4.422515532356451
2025-07-17:12:37:44,910 INFO     [psi4.driver.driver:639] Return gradient(): -291.2192755417304
2025-07-17:12:37:44,911 INFO     [psi4.driver.driver:640] [[ 0.00000000 -0.00000000 -0.00008239]
 [ 0.00000000  0.00000000  0.00008450]]
2025-07-17:12:37:44,912 INFO     [psi4.optking.history:257] 	Performing BFGS update.
2025-07-17:12:37:44,912 INFO     [psi4.optking.history:268] 	Using 4 previous steps for update.
2025-07-17:12:37:44,912 WARNING  [psi4.optking.history:286] 	Change in internal coordinate of 6.46e-01 exceeds limit of 5.00e-01.
2025-07-17:12:37:44,912 WARNING  [psi4.optking.history:291] 	Skipping Hessian update for step 9.
2025-07-17:12:37:44,912 WARNING  [psi4.optking.history:286] 	Change in internal coordinate of 9.87e-01 exceeds limit of 5.00e-01.
2025-07-17:12:37:44,912 WARNING  [psi4.optking.history:291] 	Skipping Hessian update for step 8.
2025-07-17:12:37:44,912 WARNING  [psi4.optking.history:286] 	Change in internal coordinate of 1.37e+00 exceeds limit of 5.00e-01.
2025-07-17:12:37:44,912 WARNING  [psi4.optking.history:291] 	Skipping Hessian update for step 7.
2025-07-17:12:37:44,912 WARNING  [psi4.optking.history:286] 	Change in internal coordinate of 1.77e+00 exceeds limit of 5.00e-01.
2025-07-17:12:37:44,912 WARNING  [psi4.optking.history:291] 	Skipping Hessian update for step 6.
2025-07-17:12:37:44,912 WARNING  [psi4.optking.history:286] 	Change in internal coordinate of 2.19e+00 exceeds limit of 5.00e-01.
2025-07-17:12:37:44,912 WARNING  [psi4.optking.history:291] 	Skipping Hessian update for step 5.
2025-07-17:12:37:44,913 WARNING  [psi4.optking.history:286] 	Change in internal coordinate of 2.63e+00 exceeds limit of 5.00e-01.
2025-07-17:12:37:44,913 WARNING  [psi4.optking.history:291] 	Skipping Hessian update for step 4.
2025-07-17:12:37:44,913 WARNING  [psi4.optking.history:286] 	Change in internal coordinate of 3.07e+00 exceeds limit of 5.00e-01.
2025-07-17:12:37:44,913 WARNING  [psi4.optking.history:291] 	Skipping Hessian update for step 3.
2025-07-17:12:37:44,913 WARNING  [psi4.optking.history:286] 	Change in internal coordinate of 3.56e+00 exceeds limit of 5.00e-01.
2025-07-17:12:37:44,913 WARNING  [psi4.optking.history:291] 	Skipping Hessian update for step 2.
2025-07-17:12:37:44,913 WARNING  [psi4.optking.history:286] 	Change in internal coordinate of 4.06e+00 exceeds limit of 5.00e-01.
2025-07-17:12:37:44,913 WARNING  [psi4.optking.history:291] 	Skipping Hessian update for step 1.
2025-07-17:12:37:44,913 INFO     [psi4.optking.history:302] 	Steps to be used in Hessian update:  12 11 10

2025-07-17:12:37:44,913 INFO     [psi4.optking.history:400] 	Updated Hessian (in au) 
 	   0.004641

2025-07-17:12:37:44,913 INFO     [psi4.optking.molsys:874] Projected (PHP) Hessian matrix
	   0.004641

2025-07-17:12:37:44,913 INFO     [psi4.optking.opt_helper:168] 
	         Geometry (au)                                       Gradient (au)
   0.0000000000   0.0000000000   5.5388116001		   0.0000000000  -0.0000000000  -0.0000823902
   0.0000000000   0.0000000000  -0.7924267631		   0.0000000000   0.0000000000   0.0000845046

2025-07-17:12:37:44,913 INFO     [psi4.optking.stepAlgorithms:315] 	Current Step Report 
 
	Current energy:      -291.2192755417
	Energy change for the previous step:
		Actual       :        -0.0000102792
		Projected    :        -0.0000080177

2025-07-17:12:37:44,913 INFO     [psi4.optking.stepAlgorithms:318] 	Energy ratio =    1.28207
2025-07-17:12:37:44,913 INFO     [psi4.optking.stepAlgorithms:750] 	Using RFO solution 1.
2025-07-17:12:37:44,913 INFO     [psi4.optking.displace:73] 	Determining Cartesian step for fragment 1.
2025-07-17:12:37:44,913 INFO     [psi4.optking.displace:378] 	Successfully converged to displaced geometry.
2025-07-17:12:37:44,914 INFO     [psi4.optking.displace:379] 	RMS(dx):  0.000e+00 	Max(dx):  0.000e+00 	RMS(dq):  0.000e+00
2025-07-17:12:37:44,914 INFO     [psi4.optking.displace:132] 

	        --- Internal Coordinate Step in ANG or DEG, aJ/ANG or AJ/DEG ---
	-------------------------------------------------------------------------------
	           Coordinate      Previous         Force          Change          New 
	           ----------      --------        ------          ------        ------
	               R(1,2)       3.35035        0.00069        0.00951       3.35986
	-------------------------------------------------------------------------------

2025-07-17:12:37:44,914 INFO     [psi4.optking.stepAlgorithms:96] 	|target step| :    0.0179738634
2025-07-17:12:37:44,914 INFO     [psi4.optking.stepAlgorithms:97] 	gradient     :   -0.0000834474
2025-07-17:12:37:44,914 INFO     [psi4.optking.stepAlgorithms:98] 	hessian      :    0.0046412078
2025-07-17:12:37:44,914 INFO     [psi4.optking.stepAlgorithms:177] 	Norm of achieved step-size    0.0179738634
2025-07-17:12:37:44,914 INFO     [psi4.optking.stepAlgorithms:179] 	Norm of achieved step-size (cart):    0.0127094407
2025-07-17:12:37:44,914 INFO     [psi4.optking.opt_helper:151] Molsys:

	                            ===> Fragment 1 <== 

	 Z (Atomic Numbers)          Masses                          Geom                  
	       2.000000             4.002603          0.00000000  0.00000000  5.54779853   
	      14.000000            27.976927          0.00000000  0.00000000 -0.80141369   

	 - Coordinate -           - BOHR/RAD -       - ANG/DEG -
	 R(1,2)           =         6.349212           3.359858

2025-07-17:12:37:44,914 INFO     [psi4.optking.convcheck:71] Performing convergence check.
2025-07-17:12:37:44,914 INFO     [psi4.optking.convcheck:263] 
	                                 ==> Convergence Check <==                                  
    
	Measures of convergence in internal coordinates in au.
    
	Criteria marked as inactive (o), active & met (*), and active & unmet ( ).

	----------------------------------------------------------------------------------------------
	   Step    Total Energy     Delta E     Max Force     RMS Force      Max Disp      RMS Disp   
	----------------------------------------------------------------------------------------------
	  Convergence Criteria     1.00e-06 *    3.00e-04 *             o    1.20e-03 *             o
	----------------------------------------------------------------------------------------------
	    13    -291.21927554   -1.03e-05      8.34e-05 *    8.34e-05 o    1.80e-02      1.80e-02 o  ~
	----------------------------------------------------------------------------------------------


2025-07-17:12:37:44,914 INFO     [psi4.optking.stepAlgorithms:266] 	Convergence check returned False
2025-07-17:12:37:44,925 INFO     [psi4.driver.task_planner:285] PLANNING Atomic:  keywords={'DAMPING_PERCENTAGE': 1.0, 'GEOM_MAXITER': 500, 'SCF__GUESS': 'READ', 'GUESS': 'SAP', 'MAXITER': 500, 'REFERENCE': 'UKS', 'function_kwargs': {}}
2025-07-17:12:37:44,926 INFO     [psi4.driver.driver:636] Compute gradient(): method=b3lyp, basis=cc-pvdz, molecule=default, nre=4.409995917735744
2025-07-17:12:37:45,524 INFO     [psi4.driver.driver:639] Return gradient(): -291.21927651452336
2025-07-17:12:37:45,524 INFO     [psi4.driver.driver:640] [[-0.00000000  0.00000000 -0.00002525]
 [-0.00000000  0.00000000  0.00002753]]
2025-07-17:12:37:45,525 INFO     [psi4.optking.history:257] 	Performing BFGS update.
2025-07-17:12:37:45,525 INFO     [psi4.optking.history:268] 	Using 4 previous steps for update.
2025-07-17:12:37:45,525 INFO     [psi4.optking.history:302] 	Steps to be used in Hessian update:  13 12 11 10

2025-07-17:12:37:45,526 INFO     [psi4.optking.history:400] 	Updated Hessian (in au) 
 	   0.004572

2025-07-17:12:37:45,526 INFO     [psi4.optking.molsys:874] Projected (PHP) Hessian matrix
	   0.004572

2025-07-17:12:37:45,526 INFO     [psi4.optking.opt_helper:168] 
	         Geometry (au)                                       Gradient (au)
   0.0000000000   0.0000000000   5.5545358293		  -0.0000000000   0.0000000000  -0.0000252532
   0.0000000000   0.0000000000  -0.7946763973		  -0.0000000000   0.0000000000   0.0000275301

2025-07-17:12:37:45,526 INFO     [psi4.optking.stepAlgorithms:315] 	Current Step Report 
 
	Current energy:      -291.2192765145
	Energy change for the previous step:
		Actual       :        -0.0000009728
		Projected    :        -0.0000007499

2025-07-17:12:37:45,526 INFO     [psi4.optking.stepAlgorithms:318] 	Energy ratio =    1.29717
2025-07-17:12:37:45,526 INFO     [psi4.optking.stepAlgorithms:750] 	Using RFO solution 1.
2025-07-17:12:37:45,526 INFO     [psi4.optking.displace:73] 	Determining Cartesian step for fragment 1.
2025-07-17:12:37:45,526 INFO     [psi4.optking.displace:378] 	Successfully converged to displaced geometry.
2025-07-17:12:37:45,526 INFO     [psi4.optking.displace:379] 	RMS(dx):  2.564e-16 	Max(dx):  4.441e-16 	RMS(dq):  0.000e+00
2025-07-17:12:37:45,526 INFO     [psi4.optking.displace:132] 

	        --- Internal Coordinate Step in ANG or DEG, aJ/ANG or AJ/DEG ---
	-------------------------------------------------------------------------------
	           Coordinate      Previous         Force          Change          New 
	           ----------      --------        ------          ------        ------
	               R(1,2)       3.35986        0.00022        0.00305       3.36291
	-------------------------------------------------------------------------------

2025-07-17:12:37:45,526 INFO     [psi4.optking.stepAlgorithms:96] 	|target step| :    0.0057725944
2025-07-17:12:37:45,526 INFO     [psi4.optking.stepAlgorithms:97] 	gradient     :   -0.0000263916
2025-07-17:12:37:45,526 INFO     [psi4.optking.stepAlgorithms:98] 	hessian      :    0.0045717337
2025-07-17:12:37:45,526 INFO     [psi4.optking.stepAlgorithms:177] 	Norm of achieved step-size    0.0057725944
2025-07-17:12:37:45,526 INFO     [psi4.optking.stepAlgorithms:179] 	Norm of achieved step-size (cart):    0.0040818407
2025-07-17:12:37:45,527 INFO     [psi4.optking.opt_helper:151] Molsys:

	                            ===> Fragment 1 <== 

	 Z (Atomic Numbers)          Masses                          Geom                  
	       2.000000             4.002603          0.00000000  0.00000000  5.55742213   
	      14.000000            27.976927          0.00000000  0.00000000 -0.79756269   

	 - Coordinate -           - BOHR/RAD -       - ANG/DEG -
	 R(1,2)           =         6.354985           3.362913

2025-07-17:12:37:45,527 INFO     [psi4.optking.convcheck:71] Performing convergence check.
2025-07-17:12:37:45,527 INFO     [psi4.optking.convcheck:263] 
	                                 ==> Convergence Check <==                                  
    
	Measures of convergence in internal coordinates in au.
    
	Criteria marked as inactive (o), active & met (*), and active & unmet ( ).

	----------------------------------------------------------------------------------------------
	   Step    Total Energy     Delta E     Max Force     RMS Force      Max Disp      RMS Disp   
	----------------------------------------------------------------------------------------------
	  Convergence Criteria     1.00e-06 *    3.00e-04 *             o    1.20e-03 *             o
	----------------------------------------------------------------------------------------------
	    14    -291.21927651   -9.73e-07 *    2.64e-05 *    2.64e-05 o    5.77e-03      5.77e-03 o  ~
	----------------------------------------------------------------------------------------------


2025-07-17:12:37:45,527 INFO     [psi4.optking.convcheck:193] 
	                      ===> Final Convergence Report <===                     

	----------------------------------------------------------------------------
	|   Required Criteria    |  One or More Criteria  |   Alternate Criteria   |
	----------------------------------------------------------------------------
	| [x]     max_force      | [x]       max_DE       |                        |
	|                        | [ ]      max_disp      |                        |
	----------------------------------------------------------------------------


2025-07-17:12:37:45,527 INFO     [psi4.optking.stepAlgorithms:266] 	Convergence check returned True
2025-07-17:12:37:45,527 INFO     [psi4.optking.optimize:286] 	Converged in 14 steps!
2025-07-17:12:37:45,527 INFO     [psi4.optking.optimize:287] 	Final energy is   -291.2192765145234
2025-07-17:12:37:45,527 INFO     [psi4.optking.optimize:288] 	Final structure (Angstroms): 
	Fragment 1 (Ang)

	   He   0.0000000000   0.0000000000   2.9408611394
	   Si   0.0000000000   0.0000000000  -0.4220520020


2025-07-17:12:37:45,528 INFO     [psi4.optking.optimize:432] 	Optimization Finished

	==> Optimization Summary <==

        
	Measures of convergence in internal coordinates in au. (Any backward steps not shown.)
        
	---------------------------------------------------------------------------------------------------------------  ~
        
	 Step         Total Energy             Delta E       MAX Force       RMS Force        MAX Disp        RMS Disp   ~
        
	---------------------------------------------------------------------------------------------------------------  ~
        
	     1    -290.673929288883   -290.673929288883      0.68303380      0.68303380      0.50000115      0.50000115  ~
	     2    -290.936832375527     -0.262903086643      0.38717399      0.38717399      0.49439078      0.49439078  ~
	     3    -291.078780740888     -0.141948365361      0.20407635      0.20407635      0.44293017      0.44293017  ~
	     4    -291.146726244576     -0.067945503689      0.11140954      0.11140954      0.43277813      0.43277813  ~
	     5    -291.182825020866     -0.036098776290      0.06027916      0.06027916      0.42014936      0.42014936  ~
	     6    -291.201715947918     -0.018890927052      0.03229458      0.03229458      0.40523620      0.40523620  ~
	     7    -291.211397279207     -0.009681331289      0.01691052      0.01691052      0.38083872      0.38083872  ~
	     8    -291.216095255296     -0.004697976089      0.00851538      0.00851538      0.34129672      0.34129672  ~
	     9    -291.218173879613     -0.002078624317      0.00404944      0.00404944      0.28443048      0.28443048  ~
	    10    -291.218974990981     -0.000801111369      0.00176132      0.00176132      0.20934868      0.20934868  ~
	    11    -291.219221266690     -0.000246275708      0.00065763      0.00065763      0.09487598      0.09487598  ~
	    12    -291.219265262491     -0.000043995801      0.00027990      0.00027990      0.05729064      0.05729064  ~
	    13    -291.219275541730     -0.000010279239      0.00008345      0.00008345      0.01797386      0.01797386  ~
	    14    -291.219276514523     -0.000000972793      0.00002639      0.00002639      0.00577259      0.00577259  ~
	----------------------------------------------------------------------------------------------------------------


2025-07-17:12:37:45,528 INFO     [psi4.optking.optimize:640] Preparing OptimizationResult
