2025-07-17:16:02:46,426 INFO     [psi4.optking.optwrapper:214] Creating a UserComputer
2025-07-17:16:02:46,426 INFO     [psi4.optking.optwrapper:222] 
    			-----------------------------------------

    			 OPTKING 3.0: for geometry optimizations 

    			     By R.A. King, Bethel University     

    			        with contributions from          

    			    A.V. Copan, J. Cayton, A. Heide      

    			-----------------------------------------

    
2025-07-17:16:02:46,426 INFO     [psi4.optking.optwrapper:238] 
		 -- Optimization Parameters --
	accept_symmetry_breaking       =           False
	alg_geom_maxiter               =             500
	bt_dx_conv                     =           1e-07
	bt_dx_rms_change_conv          =           1e-12
	bt_max_iter                    =              25
	cart_hess_read                 =           False
	consecutive_backsteps_allowed  =               0
	conv_max_DE                    =           1e-06
	conv_max_disp                  =          0.0012
	conv_max_force                 =          0.0003
	conv_rms_disp                  =              -1
	conv_rms_force                 =              -1
	covalent_connect               =             1.3
	dynamic_level                  =               0
	dynamic_level_max              =               0
	ensure_bt_convergence          =           False
	ext_force_bend                 =              []
	ext_force_cartesian            =              []
	ext_force_dihedral             =              []
	ext_force_distance             =              []
	ext_force_oofp                 =              []
	fix_val_near_pi                =            1.57
	flexible_g_convergence         =           False
	frag_mode                      =          SINGLE
	frag_ref_atoms                 =            None
	freeze_intrafrag               =           False
	frozen_bend                    =              []
	frozen_cartesian               =              []
	frozen_dihedral                =              []
	frozen_distance                =              []
	frozen_oofp                    =              []
	full_hess_every                =              -1
	g_convergence                  =           QCHEM
	generate_intcos_exit           =           False
	geom_maxiter                   =             500
	h_bond_connect                 =             4.3
	hess_update                    =            BFGS
	hess_update_den_tol            =           1e-07
	hess_update_dq_tol             =             0.5
	hess_update_limit              =            True
	hess_update_limit_max          =             1.0
	hess_update_limit_scale        =             0.5
	hess_update_use_last           =               4
	hessian_file                   =            None
	i_max_DE                       =            True
	i_max_disp                     =            True
	i_max_force                    =            True
	i_rms_disp                     =           False
	i_rms_force                    =           False
	i_untampered                   =            True
	include_oofp                   =           False
	interfrag_collinear_tol        =            0.01
	interfrag_coords               =            None
	interfrag_dist_inv             =           False
	interfrag_mode                 =           FIXED
	interfrag_trust                =             0.5
	interfrag_trust_max            =             1.0
	interfrag_trust_min            =           0.001
	interfragment_connect          =             1.8
	intrafrag_hess                 =        SCHLEGEL
	intrafrag_trust                =             0.5
	intrafrag_trust_max            =             1.0
	intrafrag_trust_min            =           0.001
	irc_direction                  =         FORWARD
	irc_points                     =              20
	irc_step_size                  =             0.2
	keep_intcos                    =           False
	linear_bend_threshold          =            3.05
	linesearch                     =           False
	linesearch_step                =             0.1
	max_disp_g_convergence         =          0.0012
	max_energy_g_convergence       =           1e-06
	max_force_g_convergence        =          0.0003
	opt_coordinates                =       REDUNDANT
	opt_type                       =             MIN
	output_type                    =            FILE
	print_lvl                      =               1
	program                        =            psi4
	ranged_bend                    =              []
	ranged_cartesian               =              []
	ranged_dihedral                =              []
	ranged_distance                =              []
	ranged_oofp                    =              []
	redundant_eval_tol             =           1e-10
	rfo_follow_root                =           False
	rfo_normalization_max          =             100
	rfo_root                       =               0
	rms_disp_g_convergence         =          0.0012
	rms_force_g_convergence        =          0.0003
	rsrfo_alpha_max                =     100000000.0
	sd_hessian                     =             1.0
	simple_step_scaling            =           False
	small_bend_fix_threshold       =            0.35
	steepest_descent_type          =         OVERLAP
	step_type                      =             RFO
	test_B                         =           False
	test_derivative_B              =           False
	trajectory                     =           False
	v3d_tors_angle_lim             =           0.017
	v3d_tors_cos_tol               =           1e-10
	working_consecutive_backsteps  =               0
	working_steps_since_last_H     =               0


2025-07-17:16:02:46,914 INFO     [psi4.optking.opt_helper:151] Molsys:

	                            ===> Fragment 1 <== 

	 Z (Atomic Numbers)          Masses                          Geom                  
	      18.000000            39.962383         -0.00000000  1.13383568  0.00000000   
	      18.000000            39.962383          0.00000000 -1.13383568  0.00000000   

	 - Coordinate -           - BOHR/RAD -       - ANG/DEG -
	 R(1,2)           =         2.267671           1.200000

2025-07-17:16:02:46,925 INFO     [psi4.driver.task_planner:285] PLANNING Atomic:  keywords={'DAMPING_PERCENTAGE': 1.0, 'GEOM_MAXITER': 500, 'GUESS': 'SAP', 'MAXITER': 500, 'REFERENCE': 'UKS', 'function_kwargs': {}}
2025-07-17:16:02:46,926 INFO     [psi4.driver.driver:636] Compute gradient(): method=b3lyp, basis=cc-pvdz, molecule=default, nre=142.87784688090002
2025-07-17:16:02:49,104 INFO     [psi4.driver.driver:639] Return gradient(): -1051.895992777392
2025-07-17:16:02:49,104 INFO     [psi4.driver.driver:640] [[ 0.00000000 -3.01608767  0.00000000]
 [-0.00000000  3.01608767  0.00000000]]
2025-07-17:16:02:49,105 INFO     [psi4.optking.molsys:874] Projected (PHP) Hessian matrix
	 217.822043

2025-07-17:16:02:49,105 INFO     [psi4.optking.opt_helper:168] 
	         Geometry (au)                                       Gradient (au)
  -0.0000000000   1.1338356753   0.0000000000		   0.0000000000  -3.0160876652   0.0000000000
   0.0000000000  -1.1338356753   0.0000000000		  -0.0000000000   3.0160876652   0.0000000000

2025-07-17:16:02:49,106 INFO     [psi4.optking.stepAlgorithms:750] 	Using RFO solution 1.
2025-07-17:16:02:49,106 INFO     [psi4.optking.displace:73] 	Determining Cartesian step for fragment 1.
2025-07-17:16:02:49,106 INFO     [psi4.optking.displace:378] 	Successfully converged to displaced geometry.
2025-07-17:16:02:49,106 INFO     [psi4.optking.displace:379] 	RMS(dx):  0.000e+00 	Max(dx):  0.000e+00 	RMS(dq):  0.000e+00
2025-07-17:16:02:49,106 INFO     [psi4.optking.displace:132] 

	        --- Internal Coordinate Step in ANG or DEG, aJ/ANG or AJ/DEG ---
	-------------------------------------------------------------------------------
	           Coordinate      Previous         Force          Change          New 
	           ----------      --------        ------          ------        ------
	               R(1,2)       1.20000       24.84871        0.00733       1.20733
	-------------------------------------------------------------------------------

2025-07-17:16:02:49,106 INFO     [psi4.optking.stepAlgorithms:96] 	|target step| :    0.0138439140
2025-07-17:16:02:49,106 INFO     [psi4.optking.stepAlgorithms:97] 	gradient     :   -3.0160876652
2025-07-17:16:02:49,106 INFO     [psi4.optking.stepAlgorithms:98] 	hessian      :  217.8220428578
2025-07-17:16:02:49,106 INFO     [psi4.optking.stepAlgorithms:177] 	Norm of achieved step-size    0.0138439140
2025-07-17:16:02:49,106 INFO     [psi4.optking.stepAlgorithms:179] 	Norm of achieved step-size (cart):    0.0097891254
2025-07-17:16:02:49,106 INFO     [psi4.optking.opt_helper:151] Molsys:

	                            ===> Fragment 1 <== 

	 Z (Atomic Numbers)          Masses                          Geom                  
	      18.000000            39.962383         -0.00000000  1.14075763  0.00000000   
	      18.000000            39.962383          0.00000000 -1.14075763  0.00000000   

	 - Coordinate -           - BOHR/RAD -       - ANG/DEG -
	 R(1,2)           =         2.281515           1.207326

2025-07-17:16:02:49,106 INFO     [psi4.optking.convcheck:71] Performing convergence check.
2025-07-17:16:02:49,106 INFO     [psi4.optking.convcheck:263] 
	                                 ==> Convergence Check <==                                  
    
	Measures of convergence in internal coordinates in au.
    
	Criteria marked as inactive (o), active & met (*), and active & unmet ( ).

	----------------------------------------------------------------------------------------------
	   Step    Total Energy     Delta E     Max Force     RMS Force      Max Disp      RMS Disp   
	----------------------------------------------------------------------------------------------
	  Convergence Criteria     1.00e-06 *    3.00e-04 *             o    1.20e-03 *             o
	----------------------------------------------------------------------------------------------
	     1   -1051.89599278   -1.05e+03      3.02e+00      3.02e+00 o    1.38e-02      1.38e-02 o  ~
	----------------------------------------------------------------------------------------------


2025-07-17:16:02:49,106 INFO     [psi4.optking.stepAlgorithms:266] 	Convergence check returned False
2025-07-17:16:02:49,125 INFO     [psi4.driver.task_planner:285] PLANNING Atomic:  keywords={'DAMPING_PERCENTAGE': 1.0, 'GEOM_MAXITER': 500, 'SCF__GUESS': 'READ', 'GUESS': 'SAP', 'MAXITER': 500, 'REFERENCE': 'UKS', 'function_kwargs': {}}
2025-07-17:16:02:49,127 INFO     [psi4.driver.driver:636] Compute gradient(): method=b3lyp, basis=cc-pvdz, molecule=default, nre=142.01088418734463
2025-07-17:16:02:50,345 INFO     [psi4.driver.driver:639] Return gradient(): -1051.9369501103672
2025-07-17:16:02:50,345 INFO     [psi4.driver.driver:640] [[ 0.00000000 -2.90154494  0.00000000]
 [-0.00000000  2.90154494 -0.00000000]]
2025-07-17:16:02:50,348 INFO     [psi4.optking.history:257] 	Performing BFGS update.
2025-07-17:16:02:50,348 INFO     [psi4.optking.history:268] 	Using 1 previous steps for update.
2025-07-17:16:02:50,348 INFO     [psi4.optking.history:302] 	Steps to be used in Hessian update:  1

2025-07-17:16:02:50,348 INFO     [psi4.optking.history:400] 	Updated Hessian (in au) 
 	 108.911021

2025-07-17:16:02:50,348 INFO     [psi4.optking.molsys:874] Projected (PHP) Hessian matrix
	 108.911021

2025-07-17:16:02:50,348 INFO     [psi4.optking.opt_helper:168] 
	         Geometry (au)                                       Gradient (au)
  -0.0000000000   1.1407576323   0.0000000000		   0.0000000000  -2.9015449391   0.0000000000
   0.0000000000  -1.1407576323   0.0000000000		  -0.0000000000   2.9015449391  -0.0000000000

2025-07-17:16:02:50,349 INFO     [psi4.optking.stepAlgorithms:315] 	Current Step Report 
 
	Current energy:     -1051.9369501104
	Energy change for the previous step:
		Actual       :        -0.0409573330
		Projected    :        -0.0208772291

2025-07-17:16:02:50,349 INFO     [psi4.optking.stepAlgorithms:318] 	Energy ratio =    1.96182
2025-07-17:16:02:50,349 INFO     [psi4.optking.stepAlgorithms:346] 	Energy ratio indicates good step.
2025-07-17:16:02:50,349 INFO     [psi4.optking.stepAlgorithms:347] 	Intrafrag trust radius increased to 1.000e+00.
2025-07-17:16:02:50,349 INFO     [psi4.optking.stepAlgorithms:750] 	Using RFO solution 1.
2025-07-17:16:02:50,349 INFO     [psi4.optking.displace:73] 	Determining Cartesian step for fragment 1.
2025-07-17:16:02:50,349 INFO     [psi4.optking.displace:378] 	Successfully converged to displaced geometry.
2025-07-17:16:02:50,349 INFO     [psi4.optking.displace:379] 	RMS(dx):  0.000e+00 	Max(dx):  0.000e+00 	RMS(dq):  0.000e+00
2025-07-17:16:02:50,349 INFO     [psi4.optking.displace:132] 

	        --- Internal Coordinate Step in ANG or DEG, aJ/ANG or AJ/DEG ---
	-------------------------------------------------------------------------------
	           Coordinate      Previous         Force          Change          New 
	           ----------      --------        ------          ------        ------
	               R(1,2)       1.20733       23.90503        0.01409       1.22141
	-------------------------------------------------------------------------------

2025-07-17:16:02:50,350 INFO     [psi4.optking.stepAlgorithms:96] 	|target step| :    0.0266225438
2025-07-17:16:02:50,350 INFO     [psi4.optking.stepAlgorithms:97] 	gradient     :   -2.9015449391
2025-07-17:16:02:50,350 INFO     [psi4.optking.stepAlgorithms:98] 	hessian      :  108.9110214289
2025-07-17:16:02:50,350 INFO     [psi4.optking.stepAlgorithms:177] 	Norm of achieved step-size    0.0266225438
2025-07-17:16:02:50,350 INFO     [psi4.optking.stepAlgorithms:179] 	Norm of achieved step-size (cart):    0.0188249813
2025-07-17:16:02:50,350 INFO     [psi4.optking.opt_helper:151] Molsys:

	                            ===> Fragment 1 <== 

	 Z (Atomic Numbers)          Masses                          Geom                  
	      18.000000            39.962383         -0.00000000  1.15406890  0.00000000   
	      18.000000            39.962383          0.00000000 -1.15406890  0.00000000   

	 - Coordinate -           - BOHR/RAD -       - ANG/DEG -
	 R(1,2)           =         2.308138           1.221414

2025-07-17:16:02:50,350 INFO     [psi4.optking.convcheck:71] Performing convergence check.
2025-07-17:16:02:50,350 INFO     [psi4.optking.convcheck:263] 
	                                 ==> Convergence Check <==                                  
    
	Measures of convergence in internal coordinates in au.
    
	Criteria marked as inactive (o), active & met (*), and active & unmet ( ).

	----------------------------------------------------------------------------------------------
	   Step    Total Energy     Delta E     Max Force     RMS Force      Max Disp      RMS Disp   
	----------------------------------------------------------------------------------------------
	  Convergence Criteria     1.00e-06 *    3.00e-04 *             o    1.20e-03 *             o
	----------------------------------------------------------------------------------------------
	     2   -1051.93695011   -4.10e-02      2.90e+00      2.90e+00 o    2.66e-02      2.66e-02 o  ~
	----------------------------------------------------------------------------------------------


2025-07-17:16:02:50,350 INFO     [psi4.optking.stepAlgorithms:266] 	Convergence check returned False
2025-07-17:16:02:50,363 INFO     [psi4.driver.task_planner:285] PLANNING Atomic:  keywords={'DAMPING_PERCENTAGE': 1.0, 'GEOM_MAXITER': 500, 'SCF__GUESS': 'READ', 'GUESS': 'SAP', 'MAXITER': 500, 'REFERENCE': 'UKS', 'function_kwargs': {}}
2025-07-17:16:02:50,365 INFO     [psi4.driver.driver:636] Compute gradient(): method=b3lyp, basis=cc-pvdz, molecule=default, nre=140.37290097261467
2025-07-17:16:02:51,532 INFO     [psi4.driver.driver:639] Return gradient(): -1052.0113822196865
2025-07-17:16:02:51,532 INFO     [psi4.driver.driver:640] [[ 0.00000000 -2.69240812  0.00000000]
 [-0.00000000  2.69240812  0.00000000]]
2025-07-17:16:02:51,533 INFO     [psi4.optking.history:257] 	Performing BFGS update.
2025-07-17:16:02:51,533 INFO     [psi4.optking.history:268] 	Using 2 previous steps for update.
2025-07-17:16:02:51,533 INFO     [psi4.optking.history:302] 	Steps to be used in Hessian update:  2 1

2025-07-17:16:02:51,533 INFO     [psi4.optking.history:400] 	Updated Hessian (in au) 
 	  27.227755

2025-07-17:16:02:51,534 INFO     [psi4.optking.molsys:874] Projected (PHP) Hessian matrix
	  27.227755

2025-07-17:16:02:51,534 INFO     [psi4.optking.opt_helper:168] 
	         Geometry (au)                                       Gradient (au)
  -0.0000000000   1.1540689042   0.0000000000		   0.0000000000  -2.6924081156   0.0000000000
   0.0000000000  -1.1540689042   0.0000000000		  -0.0000000000   2.6924081156   0.0000000000

2025-07-17:16:02:51,534 INFO     [psi4.optking.stepAlgorithms:315] 	Current Step Report 
 
	Current energy:     -1052.0113822197
	Energy change for the previous step:
		Actual       :        -0.0744321093
		Projected    :        -0.0386232536

2025-07-17:16:02:51,534 INFO     [psi4.optking.stepAlgorithms:318] 	Energy ratio =    1.92713
2025-07-17:16:02:51,534 INFO     [psi4.optking.stepAlgorithms:750] 	Using RFO solution 1.
2025-07-17:16:02:51,534 INFO     [psi4.optking.displace:73] 	Determining Cartesian step for fragment 1.
2025-07-17:16:02:51,534 INFO     [psi4.optking.displace:378] 	Successfully converged to displaced geometry.
2025-07-17:16:02:51,534 INFO     [psi4.optking.displace:379] 	RMS(dx):  0.000e+00 	Max(dx):  0.000e+00 	RMS(dq):  0.000e+00
2025-07-17:16:02:51,534 INFO     [psi4.optking.displace:132] 

	        --- Internal Coordinate Step in ANG or DEG, aJ/ANG or AJ/DEG ---
	-------------------------------------------------------------------------------
	           Coordinate      Previous         Force          Change          New 
	           ----------      --------        ------          ------        ------
	               R(1,2)       1.22141       22.18201        0.05183       1.27324
	-------------------------------------------------------------------------------

2025-07-17:16:02:51,534 INFO     [psi4.optking.stepAlgorithms:96] 	|target step| :    0.0979362357
2025-07-17:16:02:51,534 INFO     [psi4.optking.stepAlgorithms:97] 	gradient     :   -2.6924081156
2025-07-17:16:02:51,534 INFO     [psi4.optking.stepAlgorithms:98] 	hessian      :   27.2277553572
2025-07-17:16:02:51,534 INFO     [psi4.optking.stepAlgorithms:177] 	Norm of achieved step-size    0.0979362357
2025-07-17:16:02:51,534 INFO     [psi4.optking.stepAlgorithms:179] 	Norm of achieved step-size (cart):    0.0692513764
2025-07-17:16:02:51,534 INFO     [psi4.optking.opt_helper:151] Molsys:

	                            ===> Fragment 1 <== 

	 Z (Atomic Numbers)          Masses                          Geom                  
	      18.000000            39.962383         -0.00000000  1.20303702  0.00000000   
	      18.000000            39.962383          0.00000000 -1.20303702  0.00000000   

	 - Coordinate -           - BOHR/RAD -       - ANG/DEG -
	 R(1,2)           =         2.406074           1.273240

2025-07-17:16:02:51,534 INFO     [psi4.optking.convcheck:71] Performing convergence check.
2025-07-17:16:02:51,534 INFO     [psi4.optking.convcheck:263] 
	                                 ==> Convergence Check <==                                  
    
	Measures of convergence in internal coordinates in au.
    
	Criteria marked as inactive (o), active & met (*), and active & unmet ( ).

	----------------------------------------------------------------------------------------------
	   Step    Total Energy     Delta E     Max Force     RMS Force      Max Disp      RMS Disp   
	----------------------------------------------------------------------------------------------
	  Convergence Criteria     1.00e-06 *    3.00e-04 *             o    1.20e-03 *             o
	----------------------------------------------------------------------------------------------
	     3   -1052.01138222   -7.44e-02      2.69e+00      2.69e+00 o    9.79e-02      9.79e-02 o  ~
	----------------------------------------------------------------------------------------------


2025-07-17:16:02:51,534 INFO     [psi4.optking.stepAlgorithms:266] 	Convergence check returned False
2025-07-17:16:02:51,551 INFO     [psi4.driver.task_planner:285] PLANNING Atomic:  keywords={'DAMPING_PERCENTAGE': 1.0, 'GEOM_MAXITER': 500, 'SCF__GUESS': 'READ', 'GUESS': 'SAP', 'MAXITER': 500, 'REFERENCE': 'UKS', 'function_kwargs': {}}
2025-07-17:16:02:51,552 INFO     [psi4.driver.driver:636] Compute gradient(): method=b3lyp, basis=cc-pvdz, molecule=default, nre=134.65919754363506
2025-07-17:16:02:52,926 INFO     [psi4.driver.driver:639] Return gradient(): -1052.241538040896
2025-07-17:16:02:52,926 INFO     [psi4.driver.driver:640] [[ 0.00000000 -2.03503316 -0.00000000]
 [-0.00000000  2.03503316 -0.00000000]]
2025-07-17:16:02:52,927 INFO     [psi4.optking.history:257] 	Performing BFGS update.
2025-07-17:16:02:52,927 INFO     [psi4.optking.history:268] 	Using 3 previous steps for update.
2025-07-17:16:02:52,928 INFO     [psi4.optking.history:302] 	Steps to be used in Hessian update:  3 2 1

2025-07-17:16:02:52,928 INFO     [psi4.optking.history:400] 	Updated Hessian (in au) 
 	   7.088406

2025-07-17:16:02:52,928 INFO     [psi4.optking.molsys:874] Projected (PHP) Hessian matrix
	   7.088406

2025-07-17:16:02:52,928 INFO     [psi4.optking.opt_helper:168] 
	         Geometry (au)                                       Gradient (au)
  -0.0000000000   1.2030370220   0.0000000000		   0.0000000000  -2.0350331622  -0.0000000000
   0.0000000000  -1.2030370220   0.0000000000		  -0.0000000000   2.0350331622  -0.0000000000

2025-07-17:16:02:52,928 INFO     [psi4.optking.stepAlgorithms:315] 	Current Step Report 
 
	Current energy:     -1052.2415380409
	Energy change for the previous step:
		Actual       :        -0.2301558212
		Projected    :        -0.1318421579

2025-07-17:16:02:52,928 INFO     [psi4.optking.stepAlgorithms:318] 	Energy ratio =    1.74569
2025-07-17:16:02:52,928 INFO     [psi4.optking.stepAlgorithms:750] 	Using RFO solution 1.
2025-07-17:16:02:52,928 INFO     [psi4.optking.displace:73] 	Determining Cartesian step for fragment 1.
2025-07-17:16:02:52,928 INFO     [psi4.optking.displace:378] 	Successfully converged to displaced geometry.
2025-07-17:16:02:52,928 INFO     [psi4.optking.displace:379] 	RMS(dx):  0.000e+00 	Max(dx):  0.000e+00 	RMS(dq):  0.000e+00
2025-07-17:16:02:52,928 INFO     [psi4.optking.displace:132] 

	        --- Internal Coordinate Step in ANG or DEG, aJ/ANG or AJ/DEG ---
	-------------------------------------------------------------------------------
	           Coordinate      Previous         Force          Change          New 
	           ----------      --------        ------          ------        ------
	               R(1,2)       1.27324       16.76608        0.14112       1.41436
	-------------------------------------------------------------------------------

2025-07-17:16:02:52,928 INFO     [psi4.optking.stepAlgorithms:96] 	|target step| :    0.2666762160
2025-07-17:16:02:52,928 INFO     [psi4.optking.stepAlgorithms:97] 	gradient     :   -2.0350331622
2025-07-17:16:02:52,928 INFO     [psi4.optking.stepAlgorithms:98] 	hessian      :    7.0884061450
2025-07-17:16:02:52,928 INFO     [psi4.optking.stepAlgorithms:177] 	Norm of achieved step-size    0.2666762160
2025-07-17:16:02:52,928 INFO     [psi4.optking.stepAlgorithms:179] 	Norm of achieved step-size (cart):    0.1885685607
2025-07-17:16:02:52,929 INFO     [psi4.optking.opt_helper:151] Molsys:

	                            ===> Fragment 1 <== 

	 Z (Atomic Numbers)          Masses                          Geom                  
	      18.000000            39.962383         -0.00000000  1.33637513  0.00000000   
	      18.000000            39.962383          0.00000000 -1.33637513  0.00000000   

	 - Coordinate -           - BOHR/RAD -       - ANG/DEG -
	 R(1,2)           =         2.672750           1.414359

2025-07-17:16:02:52,929 INFO     [psi4.optking.convcheck:71] Performing convergence check.
2025-07-17:16:02:52,929 INFO     [psi4.optking.convcheck:263] 
	                                 ==> Convergence Check <==                                  
    
	Measures of convergence in internal coordinates in au.
    
	Criteria marked as inactive (o), active & met (*), and active & unmet ( ).

	----------------------------------------------------------------------------------------------
	   Step    Total Energy     Delta E     Max Force     RMS Force      Max Disp      RMS Disp   
	----------------------------------------------------------------------------------------------
	  Convergence Criteria     1.00e-06 *    3.00e-04 *             o    1.20e-03 *             o
	----------------------------------------------------------------------------------------------
	     4   -1052.24153804   -2.30e-01      2.04e+00      2.04e+00 o    2.67e-01      2.67e-01 o  ~
	----------------------------------------------------------------------------------------------


2025-07-17:16:02:52,929 INFO     [psi4.optking.stepAlgorithms:266] 	Convergence check returned False
2025-07-17:16:02:52,947 INFO     [psi4.driver.task_planner:285] PLANNING Atomic:  keywords={'DAMPING_PERCENTAGE': 1.0, 'GEOM_MAXITER': 500, 'SCF__GUESS': 'READ', 'GUESS': 'SAP', 'MAXITER': 500, 'REFERENCE': 'UKS', 'function_kwargs': {}}
2025-07-17:16:02:52,949 INFO     [psi4.driver.driver:636] Compute gradient(): method=b3lyp, basis=cc-pvdz, molecule=default, nre=121.22344718956279
2025-07-17:16:02:54,243 INFO     [psi4.driver.driver:639] Return gradient(): -1052.6144549029996
2025-07-17:16:02:54,244 INFO     [psi4.driver.driver:640] [[ 0.00000000 -0.88848727  0.00000000]
 [-0.00000000  0.88848727  0.00000000]]
2025-07-17:16:02:54,246 INFO     [psi4.optking.history:257] 	Performing BFGS update.
2025-07-17:16:02:54,246 INFO     [psi4.optking.history:268] 	Using 4 previous steps for update.
2025-07-17:16:02:54,247 INFO     [psi4.optking.history:302] 	Steps to be used in Hessian update:  4 3 2 1

2025-07-17:16:02:54,247 INFO     [psi4.optking.history:400] 	Updated Hessian (in au) 
 	   5.252311

2025-07-17:16:02:54,247 INFO     [psi4.optking.molsys:874] Projected (PHP) Hessian matrix
	   5.252311

2025-07-17:16:02:54,247 INFO     [psi4.optking.opt_helper:168] 
	         Geometry (au)                                       Gradient (au)
  -0.0000000000   1.3363751300   0.0000000000		   0.0000000000  -0.8884872732   0.0000000000
   0.0000000000  -1.3363751300   0.0000000000		  -0.0000000000   0.8884872732   0.0000000000

2025-07-17:16:02:54,247 INFO     [psi4.optking.stepAlgorithms:315] 	Current Step Report 
 
	Current energy:     -1052.6144549030
	Energy change for the previous step:
		Actual       :        -0.3729168621
		Projected    :        -0.2713474716

2025-07-17:16:02:54,247 INFO     [psi4.optking.stepAlgorithms:318] 	Energy ratio =    1.37431
2025-07-17:16:02:54,248 INFO     [psi4.optking.stepAlgorithms:750] 	Using RFO solution 1.
2025-07-17:16:02:54,248 INFO     [psi4.optking.displace:73] 	Determining Cartesian step for fragment 1.
2025-07-17:16:02:54,248 INFO     [psi4.optking.displace:378] 	Successfully converged to displaced geometry.
2025-07-17:16:02:54,248 INFO     [psi4.optking.displace:379] 	RMS(dx):  0.000e+00 	Max(dx):  0.000e+00 	RMS(dq):  0.000e+00
2025-07-17:16:02:54,248 INFO     [psi4.optking.displace:132] 

	        --- Internal Coordinate Step in ANG or DEG, aJ/ANG or AJ/DEG ---
	-------------------------------------------------------------------------------
	           Coordinate      Previous         Force          Change          New 
	           ----------      --------        ------          ------        ------
	               R(1,2)       1.41436        7.32000        0.08709       1.50145
	-------------------------------------------------------------------------------

2025-07-17:16:02:54,248 INFO     [psi4.optking.stepAlgorithms:96] 	|target step| :    0.1645792531
2025-07-17:16:02:54,248 INFO     [psi4.optking.stepAlgorithms:97] 	gradient     :   -0.8884872732
2025-07-17:16:02:54,248 INFO     [psi4.optking.stepAlgorithms:98] 	hessian      :    5.2523109499
2025-07-17:16:02:54,248 INFO     [psi4.optking.stepAlgorithms:177] 	Norm of achieved step-size    0.1645792531
2025-07-17:16:02:54,248 INFO     [psi4.optking.stepAlgorithms:179] 	Norm of achieved step-size (cart):    0.1163751059
2025-07-17:16:02:54,249 INFO     [psi4.optking.opt_helper:151] Molsys:

	                            ===> Fragment 1 <== 

	 Z (Atomic Numbers)          Masses                          Geom                  
	      18.000000            39.962383         -0.00000000  1.41866476  0.00000000   
	      18.000000            39.962383          0.00000000 -1.41866476  0.00000000   

	 - Coordinate -           - BOHR/RAD -       - ANG/DEG -
	 R(1,2)           =         2.837330           1.501450

2025-07-17:16:02:54,249 INFO     [psi4.optking.convcheck:71] Performing convergence check.
2025-07-17:16:02:54,249 INFO     [psi4.optking.convcheck:263] 
	                                 ==> Convergence Check <==                                  
    
	Measures of convergence in internal coordinates in au.
    
	Criteria marked as inactive (o), active & met (*), and active & unmet ( ).

	----------------------------------------------------------------------------------------------
	   Step    Total Energy     Delta E     Max Force     RMS Force      Max Disp      RMS Disp   
	----------------------------------------------------------------------------------------------
	  Convergence Criteria     1.00e-06 *    3.00e-04 *             o    1.20e-03 *             o
	----------------------------------------------------------------------------------------------
	     5   -1052.61445490   -3.73e-01      8.88e-01      8.88e-01 o    1.65e-01      1.65e-01 o  ~
	----------------------------------------------------------------------------------------------


2025-07-17:16:02:54,249 INFO     [psi4.optking.stepAlgorithms:266] 	Convergence check returned False
2025-07-17:16:02:54,262 INFO     [psi4.driver.task_planner:285] PLANNING Atomic:  keywords={'DAMPING_PERCENTAGE': 1.0, 'GEOM_MAXITER': 500, 'SCF__GUESS': 'READ', 'GUESS': 'SAP', 'MAXITER': 500, 'REFERENCE': 'UKS', 'function_kwargs': {}}
2025-07-17:16:02:54,264 INFO     [psi4.driver.driver:636] Compute gradient(): method=b3lyp, basis=cc-pvdz, molecule=default, nre=114.1918830705936
2025-07-17:16:02:55,525 INFO     [psi4.driver.driver:639] Return gradient(): -1052.7247117817294
2025-07-17:16:02:55,525 INFO     [psi4.driver.driver:640] [[ 0.00000000 -0.47918440  0.00000000]
 [-0.00000000  0.47918440 -0.00000000]]
2025-07-17:16:02:55,526 INFO     [psi4.optking.history:257] 	Performing BFGS update.
2025-07-17:16:02:55,526 INFO     [psi4.optking.history:268] 	Using 4 previous steps for update.
2025-07-17:16:02:55,527 WARNING  [psi4.optking.history:286] 	Change in internal coordinate of 5.29e-01 exceeds limit of 5.00e-01.
2025-07-17:16:02:55,527 WARNING  [psi4.optking.history:291] 	Skipping Hessian update for step 3.
2025-07-17:16:02:55,527 WARNING  [psi4.optking.history:286] 	Change in internal coordinate of 5.56e-01 exceeds limit of 5.00e-01.
2025-07-17:16:02:55,527 WARNING  [psi4.optking.history:291] 	Skipping Hessian update for step 2.
2025-07-17:16:02:55,527 WARNING  [psi4.optking.history:286] 	Change in internal coordinate of 5.70e-01 exceeds limit of 5.00e-01.
2025-07-17:16:02:55,527 WARNING  [psi4.optking.history:291] 	Skipping Hessian update for step 1.
2025-07-17:16:02:55,527 INFO     [psi4.optking.history:302] 	Steps to be used in Hessian update:  5 4

2025-07-17:16:02:55,527 INFO     [psi4.optking.history:400] 	Updated Hessian (in au) 
 	   3.607720

2025-07-17:16:02:55,527 INFO     [psi4.optking.molsys:874] Projected (PHP) Hessian matrix
	   3.607720

2025-07-17:16:02:55,527 INFO     [psi4.optking.opt_helper:168] 
	         Geometry (au)                                       Gradient (au)
  -0.0000000000   1.4186647566   0.0000000000		   0.0000000000  -0.4791843966   0.0000000000
   0.0000000000  -1.4186647566   0.0000000000		  -0.0000000000   0.4791843966  -0.0000000000

2025-07-17:16:02:55,527 INFO     [psi4.optking.stepAlgorithms:315] 	Current Step Report 
 
	Current energy:     -1052.7247117817
	Energy change for the previous step:
		Actual       :        -0.1102568787
		Projected    :        -0.0731132859

2025-07-17:16:02:55,527 INFO     [psi4.optking.stepAlgorithms:318] 	Energy ratio =    1.50803
2025-07-17:16:02:55,527 INFO     [psi4.optking.stepAlgorithms:750] 	Using RFO solution 1.
2025-07-17:16:02:55,527 INFO     [psi4.optking.displace:73] 	Determining Cartesian step for fragment 1.
2025-07-17:16:02:55,527 INFO     [psi4.optking.displace:378] 	Successfully converged to displaced geometry.
2025-07-17:16:02:55,527 INFO     [psi4.optking.displace:379] 	RMS(dx):  0.000e+00 	Max(dx):  0.000e+00 	RMS(dq):  0.000e+00
2025-07-17:16:02:55,527 INFO     [psi4.optking.displace:132] 

	        --- Internal Coordinate Step in ANG or DEG, aJ/ANG or AJ/DEG ---
	-------------------------------------------------------------------------------
	           Coordinate      Previous         Force          Change          New 
	           ----------      --------        ------          ------        ------
	               R(1,2)       1.50145        3.94787        0.06909       1.57054
	-------------------------------------------------------------------------------

2025-07-17:16:02:55,527 INFO     [psi4.optking.stepAlgorithms:96] 	|target step| :    0.1305579648
2025-07-17:16:02:55,527 INFO     [psi4.optking.stepAlgorithms:97] 	gradient     :   -0.4791843966
2025-07-17:16:02:55,527 INFO     [psi4.optking.stepAlgorithms:98] 	hessian      :    3.6077195003
2025-07-17:16:02:55,527 INFO     [psi4.optking.stepAlgorithms:177] 	Norm of achieved step-size    0.1305579648
2025-07-17:16:02:55,527 INFO     [psi4.optking.stepAlgorithms:179] 	Norm of achieved step-size (cart):    0.0923184222
2025-07-17:16:02:55,528 INFO     [psi4.optking.opt_helper:151] Molsys:

	                            ===> Fragment 1 <== 

	 Z (Atomic Numbers)          Masses                          Geom                  
	      18.000000            39.962383         -0.00000000  1.48394374  0.00000000   
	      18.000000            39.962383          0.00000000 -1.48394374  0.00000000   

	 - Coordinate -           - BOHR/RAD -       - ANG/DEG -
	 R(1,2)           =         2.967887           1.570538

2025-07-17:16:02:55,528 INFO     [psi4.optking.convcheck:71] Performing convergence check.
2025-07-17:16:02:55,528 INFO     [psi4.optking.convcheck:263] 
	                                 ==> Convergence Check <==                                  
    
	Measures of convergence in internal coordinates in au.
    
	Criteria marked as inactive (o), active & met (*), and active & unmet ( ).

	----------------------------------------------------------------------------------------------
	   Step    Total Energy     Delta E     Max Force     RMS Force      Max Disp      RMS Disp   
	----------------------------------------------------------------------------------------------
	  Convergence Criteria     1.00e-06 *    3.00e-04 *             o    1.20e-03 *             o
	----------------------------------------------------------------------------------------------
	     6   -1052.72471178   -1.10e-01      4.79e-01      4.79e-01 o    1.31e-01      1.31e-01 o  ~
	----------------------------------------------------------------------------------------------


2025-07-17:16:02:55,528 INFO     [psi4.optking.stepAlgorithms:266] 	Convergence check returned False
2025-07-17:16:02:55,542 INFO     [psi4.driver.task_planner:285] PLANNING Atomic:  keywords={'DAMPING_PERCENTAGE': 1.0, 'GEOM_MAXITER': 500, 'SCF__GUESS': 'READ', 'GUESS': 'SAP', 'MAXITER': 500, 'REFERENCE': 'UKS', 'function_kwargs': {}}
2025-07-17:16:02:55,544 INFO     [psi4.driver.driver:636] Compute gradient(): method=b3lyp, basis=cc-pvdz, molecule=default, nre=109.16855925542635
2025-07-17:16:02:56,849 INFO     [psi4.driver.driver:639] Return gradient(): -1052.7720466658066
2025-07-17:16:02:56,849 INFO     [psi4.driver.driver:640] [[ 0.00000000 -0.26023355  0.00000000]
 [-0.00000000  0.26023355  0.00000000]]
2025-07-17:16:02:56,851 INFO     [psi4.optking.history:257] 	Performing BFGS update.
2025-07-17:16:02:56,851 INFO     [psi4.optking.history:268] 	Using 4 previous steps for update.
2025-07-17:16:02:56,851 WARNING  [psi4.optking.history:286] 	Change in internal coordinate of 5.62e-01 exceeds limit of 5.00e-01.
2025-07-17:16:02:56,851 WARNING  [psi4.optking.history:291] 	Skipping Hessian update for step 4.
2025-07-17:16:02:56,851 WARNING  [psi4.optking.history:286] 	Change in internal coordinate of 6.60e-01 exceeds limit of 5.00e-01.
2025-07-17:16:02:56,851 WARNING  [psi4.optking.history:291] 	Skipping Hessian update for step 3.
2025-07-17:16:02:56,851 WARNING  [psi4.optking.history:286] 	Change in internal coordinate of 6.86e-01 exceeds limit of 5.00e-01.
2025-07-17:16:02:56,851 WARNING  [psi4.optking.history:291] 	Skipping Hessian update for step 2.
2025-07-17:16:02:56,851 WARNING  [psi4.optking.history:286] 	Change in internal coordinate of 7.00e-01 exceeds limit of 5.00e-01.
2025-07-17:16:02:56,851 WARNING  [psi4.optking.history:291] 	Skipping Hessian update for step 1.
2025-07-17:16:02:56,851 INFO     [psi4.optking.history:302] 	Steps to be used in Hessian update:  6 5

2025-07-17:16:02:56,851 INFO     [psi4.optking.history:400] 	Updated Hessian (in au) 
 	   2.128683

2025-07-17:16:02:56,851 INFO     [psi4.optking.molsys:874] Projected (PHP) Hessian matrix
	   2.128683

2025-07-17:16:02:56,851 INFO     [psi4.optking.opt_helper:168] 
	         Geometry (au)                                       Gradient (au)
  -0.0000000000   1.4839437390   0.0000000000		   0.0000000000  -0.2602335549   0.0000000000
   0.0000000000  -1.4839437390   0.0000000000		  -0.0000000000   0.2602335549   0.0000000000

2025-07-17:16:02:56,851 INFO     [psi4.optking.stepAlgorithms:315] 	Current Step Report 
 
	Current energy:     -1052.7720466658
	Energy change for the previous step:
		Actual       :        -0.0473348841
		Projected    :        -0.0312806698

2025-07-17:16:02:56,851 INFO     [psi4.optking.stepAlgorithms:318] 	Energy ratio =    1.51323
2025-07-17:16:02:56,851 INFO     [psi4.optking.stepAlgorithms:750] 	Using RFO solution 1.
2025-07-17:16:02:56,851 INFO     [psi4.optking.displace:73] 	Determining Cartesian step for fragment 1.
2025-07-17:16:02:56,851 INFO     [psi4.optking.displace:378] 	Successfully converged to displaced geometry.
2025-07-17:16:02:56,851 INFO     [psi4.optking.displace:379] 	RMS(dx):  0.000e+00 	Max(dx):  0.000e+00 	RMS(dq):  0.000e+00
2025-07-17:16:02:56,852 INFO     [psi4.optking.displace:132] 

	        --- Internal Coordinate Step in ANG or DEG, aJ/ANG or AJ/DEG ---
	-------------------------------------------------------------------------------
	           Coordinate      Previous         Force          Change          New 
	           ----------      --------        ------          ------        ------
	               R(1,2)       1.57054        2.14399        0.06375       1.63429
	-------------------------------------------------------------------------------

2025-07-17:16:02:56,852 INFO     [psi4.optking.stepAlgorithms:96] 	|target step| :    0.1204765172
2025-07-17:16:02:56,852 INFO     [psi4.optking.stepAlgorithms:97] 	gradient     :   -0.2602335549
2025-07-17:16:02:56,852 INFO     [psi4.optking.stepAlgorithms:98] 	hessian      :    2.1286834741
2025-07-17:16:02:56,852 INFO     [psi4.optking.stepAlgorithms:177] 	Norm of achieved step-size    0.1204765172
2025-07-17:16:02:56,852 INFO     [psi4.optking.stepAlgorithms:179] 	Norm of achieved step-size (cart):    0.0851897623
2025-07-17:16:02:56,852 INFO     [psi4.optking.opt_helper:151] Molsys:

	                            ===> Fragment 1 <== 

	 Z (Atomic Numbers)          Masses                          Geom                  
	      18.000000            39.962383         -0.00000000  1.54418200  0.00000000   
	      18.000000            39.962383          0.00000000 -1.54418200  0.00000000   

	 - Coordinate -           - BOHR/RAD -       - ANG/DEG -
	 R(1,2)           =         3.088364           1.634292

2025-07-17:16:02:56,852 INFO     [psi4.optking.convcheck:71] Performing convergence check.
2025-07-17:16:02:56,852 INFO     [psi4.optking.convcheck:263] 
	                                 ==> Convergence Check <==                                  
    
	Measures of convergence in internal coordinates in au.
    
	Criteria marked as inactive (o), active & met (*), and active & unmet ( ).

	----------------------------------------------------------------------------------------------
	   Step    Total Energy     Delta E     Max Force     RMS Force      Max Disp      RMS Disp   
	----------------------------------------------------------------------------------------------
	  Convergence Criteria     1.00e-06 *    3.00e-04 *             o    1.20e-03 *             o
	----------------------------------------------------------------------------------------------
	     7   -1052.77204667   -4.73e-02      2.60e-01      2.60e-01 o    1.20e-01      1.20e-01 o  ~
	----------------------------------------------------------------------------------------------


2025-07-17:16:02:56,852 INFO     [psi4.optking.stepAlgorithms:266] 	Convergence check returned False
2025-07-17:16:02:56,870 INFO     [psi4.driver.task_planner:285] PLANNING Atomic:  keywords={'DAMPING_PERCENTAGE': 1.0, 'GEOM_MAXITER': 500, 'SCF__GUESS': 'READ', 'GUESS': 'SAP', 'MAXITER': 500, 'REFERENCE': 'UKS', 'function_kwargs': {}}
2025-07-17:16:02:56,872 INFO     [psi4.driver.driver:636] Compute gradient(): method=b3lyp, basis=cc-pvdz, molecule=default, nre=104.90991363239903
2025-07-17:16:02:58,283 INFO     [psi4.driver.driver:639] Return gradient(): -1052.7954469721446
2025-07-17:16:02:58,283 INFO     [psi4.driver.driver:640] [[ 0.00000000 -0.14556094  0.00000000]
 [-0.00000000  0.14556094 -0.00000000]]
2025-07-17:16:02:58,286 INFO     [psi4.optking.history:257] 	Performing BFGS update.
2025-07-17:16:02:58,286 INFO     [psi4.optking.history:268] 	Using 4 previous steps for update.
2025-07-17:16:02:58,286 WARNING  [psi4.optking.history:286] 	Change in internal coordinate of 6.82e-01 exceeds limit of 5.00e-01.
2025-07-17:16:02:58,286 WARNING  [psi4.optking.history:291] 	Skipping Hessian update for step 4.
2025-07-17:16:02:58,286 WARNING  [psi4.optking.history:286] 	Change in internal coordinate of 7.80e-01 exceeds limit of 5.00e-01.
2025-07-17:16:02:58,286 WARNING  [psi4.optking.history:291] 	Skipping Hessian update for step 3.
2025-07-17:16:02:58,286 WARNING  [psi4.optking.history:286] 	Change in internal coordinate of 8.07e-01 exceeds limit of 5.00e-01.
2025-07-17:16:02:58,286 WARNING  [psi4.optking.history:291] 	Skipping Hessian update for step 2.
2025-07-17:16:02:58,286 WARNING  [psi4.optking.history:286] 	Change in internal coordinate of 8.21e-01 exceeds limit of 5.00e-01.
2025-07-17:16:02:58,286 WARNING  [psi4.optking.history:291] 	Skipping Hessian update for step 1.
2025-07-17:16:02:58,287 INFO     [psi4.optking.history:302] 	Steps to be used in Hessian update:  7 6 5

2025-07-17:16:02:58,287 INFO     [psi4.optking.history:400] 	Updated Hessian (in au) 
 	   1.787540

2025-07-17:16:02:58,287 INFO     [psi4.optking.molsys:874] Projected (PHP) Hessian matrix
	   1.787540

2025-07-17:16:02:58,287 INFO     [psi4.optking.opt_helper:168] 
	         Geometry (au)                                       Gradient (au)
  -0.0000000000   1.5441819976   0.0000000000		   0.0000000000  -0.1455609385   0.0000000000
   0.0000000000  -1.5441819976   0.0000000000		  -0.0000000000   0.1455609385  -0.0000000000

2025-07-17:16:02:58,287 INFO     [psi4.optking.stepAlgorithms:315] 	Current Step Report 
 
	Current energy:     -1052.7954469721
	Energy change for the previous step:
		Actual       :        -0.0234003063
		Projected    :        -0.0156760162

2025-07-17:16:02:58,287 INFO     [psi4.optking.stepAlgorithms:318] 	Energy ratio =    1.49275
2025-07-17:16:02:58,287 INFO     [psi4.optking.stepAlgorithms:750] 	Using RFO solution 1.
2025-07-17:16:02:58,287 INFO     [psi4.optking.displace:73] 	Determining Cartesian step for fragment 1.
2025-07-17:16:02:58,288 INFO     [psi4.optking.displace:378] 	Successfully converged to displaced geometry.
2025-07-17:16:02:58,288 INFO     [psi4.optking.displace:379] 	RMS(dx):  0.000e+00 	Max(dx):  0.000e+00 	RMS(dq):  0.000e+00
2025-07-17:16:02:58,288 INFO     [psi4.optking.displace:132] 

	        --- Internal Coordinate Step in ANG or DEG, aJ/ANG or AJ/DEG ---
	-------------------------------------------------------------------------------
	           Coordinate      Previous         Force          Change          New 
	           ----------      --------        ------          ------        ------
	               R(1,2)       1.63429        1.19924        0.04281       1.67710
	-------------------------------------------------------------------------------

2025-07-17:16:02:58,288 INFO     [psi4.optking.stepAlgorithms:96] 	|target step| :    0.0808979311
2025-07-17:16:02:58,288 INFO     [psi4.optking.stepAlgorithms:97] 	gradient     :   -0.1455609385
2025-07-17:16:02:58,288 INFO     [psi4.optking.stepAlgorithms:98] 	hessian      :    1.7875403817
2025-07-17:16:02:58,288 INFO     [psi4.optking.stepAlgorithms:177] 	Norm of achieved step-size    0.0808979311
2025-07-17:16:02:58,288 INFO     [psi4.optking.stepAlgorithms:179] 	Norm of achieved step-size (cart):    0.0572034756
2025-07-17:16:02:58,288 INFO     [psi4.optking.opt_helper:151] Molsys:

	                            ===> Fragment 1 <== 

	 Z (Atomic Numbers)          Masses                          Geom                  
	      18.000000            39.962383         -0.00000000  1.58463096  0.00000000   
	      18.000000            39.962383          0.00000000 -1.58463096  0.00000000   

	 - Coordinate -           - BOHR/RAD -       - ANG/DEG -
	 R(1,2)           =         3.169262           1.677101

2025-07-17:16:02:58,289 INFO     [psi4.optking.convcheck:71] Performing convergence check.
2025-07-17:16:02:58,289 INFO     [psi4.optking.convcheck:263] 
	                                 ==> Convergence Check <==                                  
    
	Measures of convergence in internal coordinates in au.
    
	Criteria marked as inactive (o), active & met (*), and active & unmet ( ).

	----------------------------------------------------------------------------------------------
	   Step    Total Energy     Delta E     Max Force     RMS Force      Max Disp      RMS Disp   
	----------------------------------------------------------------------------------------------
	  Convergence Criteria     1.00e-06 *    3.00e-04 *             o    1.20e-03 *             o
	----------------------------------------------------------------------------------------------
	     8   -1052.79544697   -2.34e-02      1.46e-01      1.46e-01 o    8.09e-02      8.09e-02 o  ~
	----------------------------------------------------------------------------------------------


2025-07-17:16:02:58,289 INFO     [psi4.optking.stepAlgorithms:266] 	Convergence check returned False
2025-07-17:16:02:58,306 INFO     [psi4.driver.task_planner:285] PLANNING Atomic:  keywords={'DAMPING_PERCENTAGE': 1.0, 'GEOM_MAXITER': 500, 'SCF__GUESS': 'READ', 'GUESS': 'SAP', 'MAXITER': 500, 'REFERENCE': 'UKS', 'function_kwargs': {}}
2025-07-17:16:02:58,307 INFO     [psi4.driver.driver:636] Compute gradient(): method=b3lyp, basis=cc-pvdz, molecule=default, nre=102.23200465623536
2025-07-17:16:02:59,672 INFO     [psi4.driver.driver:639] Return gradient(): -1052.8063950494238
2025-07-17:16:02:59,672 INFO     [psi4.driver.driver:640] [[ 0.00000000 -0.13214398  0.00000000]
 [-0.00000000  0.13214398  0.00000000]]
2025-07-17:16:02:59,675 INFO     [psi4.optking.history:257] 	Performing BFGS update.
2025-07-17:16:02:59,675 INFO     [psi4.optking.history:268] 	Using 4 previous steps for update.
2025-07-17:16:02:59,675 INFO     [psi4.optking.history:302] 	Steps to be used in Hessian update:  8 7 6 5

2025-07-17:16:02:59,675 INFO     [psi4.optking.history:400] 	Updated Hessian (in au) 
 	   1.523314

2025-07-17:16:02:59,676 INFO     [psi4.optking.molsys:874] Projected (PHP) Hessian matrix
	   1.523314

2025-07-17:16:02:59,676 INFO     [psi4.optking.opt_helper:168] 
	         Geometry (au)                                       Gradient (au)
  -0.0000000000   1.5846309631   0.0000000000		   0.0000000000  -0.1321439793   0.0000000000
   0.0000000000  -1.5846309631   0.0000000000		  -0.0000000000   0.1321439793   0.0000000000

2025-07-17:16:02:59,676 INFO     [psi4.optking.stepAlgorithms:315] 	Current Step Report 
 
	Current energy:     -1052.8063950494
	Energy change for the previous step:
		Actual       :        -0.0109480773
		Projected    :        -0.0058877894

2025-07-17:16:02:59,676 INFO     [psi4.optking.stepAlgorithms:318] 	Energy ratio =    1.85945
2025-07-17:16:02:59,676 INFO     [psi4.optking.stepAlgorithms:750] 	Using RFO solution 1.
2025-07-17:16:02:59,676 INFO     [psi4.optking.displace:73] 	Determining Cartesian step for fragment 1.
2025-07-17:16:02:59,676 INFO     [psi4.optking.displace:378] 	Successfully converged to displaced geometry.
2025-07-17:16:02:59,677 INFO     [psi4.optking.displace:379] 	RMS(dx):  0.000e+00 	Max(dx):  0.000e+00 	RMS(dq):  0.000e+00
2025-07-17:16:02:59,677 INFO     [psi4.optking.displace:132] 

	        --- Internal Coordinate Step in ANG or DEG, aJ/ANG or AJ/DEG ---
	-------------------------------------------------------------------------------
	           Coordinate      Previous         Force          Change          New 
	           ----------      --------        ------          ------        ------
	               R(1,2)       1.67710        1.08870        0.04556       1.72267
	-------------------------------------------------------------------------------

2025-07-17:16:02:59,677 INFO     [psi4.optking.stepAlgorithms:96] 	|target step| :    0.0861045352
2025-07-17:16:02:59,677 INFO     [psi4.optking.stepAlgorithms:97] 	gradient     :   -0.1321439793
2025-07-17:16:02:59,677 INFO     [psi4.optking.stepAlgorithms:98] 	hessian      :    1.5233142451
2025-07-17:16:02:59,677 INFO     [psi4.optking.stepAlgorithms:177] 	Norm of achieved step-size    0.0861045352
2025-07-17:16:02:59,677 INFO     [psi4.optking.stepAlgorithms:179] 	Norm of achieved step-size (cart):    0.0608851007
2025-07-17:16:02:59,677 INFO     [psi4.optking.opt_helper:151] Molsys:

	                            ===> Fragment 1 <== 

	 Z (Atomic Numbers)          Masses                          Geom                  
	      18.000000            39.962383         -0.00000000  1.62768323  0.00000000   
	      18.000000            39.962383          0.00000000 -1.62768323  0.00000000   

	 - Coordinate -           - BOHR/RAD -       - ANG/DEG -
	 R(1,2)           =         3.255366           1.722666

2025-07-17:16:02:59,677 INFO     [psi4.optking.convcheck:71] Performing convergence check.
2025-07-17:16:02:59,678 INFO     [psi4.optking.convcheck:263] 
	                                 ==> Convergence Check <==                                  
    
	Measures of convergence in internal coordinates in au.
    
	Criteria marked as inactive (o), active & met (*), and active & unmet ( ).

	----------------------------------------------------------------------------------------------
	   Step    Total Energy     Delta E     Max Force     RMS Force      Max Disp      RMS Disp   
	----------------------------------------------------------------------------------------------
	  Convergence Criteria     1.00e-06 *    3.00e-04 *             o    1.20e-03 *             o
	----------------------------------------------------------------------------------------------
	     9   -1052.80639505   -1.09e-02      1.32e-01      1.32e-01 o    8.61e-02      8.61e-02 o  ~
	----------------------------------------------------------------------------------------------


2025-07-17:16:02:59,678 INFO     [psi4.optking.stepAlgorithms:266] 	Convergence check returned False
2025-07-17:16:02:59,690 INFO     [psi4.driver.task_planner:285] PLANNING Atomic:  keywords={'DAMPING_PERCENTAGE': 1.0, 'GEOM_MAXITER': 500, 'SCF__GUESS': 'READ', 'GUESS': 'SAP', 'MAXITER': 500, 'REFERENCE': 'UKS', 'function_kwargs': {}}
2025-07-17:16:02:59,692 INFO     [psi4.driver.driver:636] Compute gradient(): method=b3lyp, basis=cc-pvdz, molecule=default, nre=99.52796523498738
2025-07-17:16:03:01,0 INFO     [psi4.driver.driver:639] Return gradient(): -1052.8175233503189
2025-07-17:16:03:01,0 INFO     [psi4.driver.driver:640] [[ 0.00000000 -0.12061388 -0.00000000]
 [-0.00000000  0.12061388  0.00000000]]
2025-07-17:16:03:01,3 INFO     [psi4.optking.history:257] 	Performing BFGS update.
2025-07-17:16:03:01,3 INFO     [psi4.optking.history:268] 	Using 4 previous steps for update.
2025-07-17:16:03:01,3 INFO     [psi4.optking.history:302] 	Steps to be used in Hessian update:  9 8 7 6

2025-07-17:16:03:01,4 INFO     [psi4.optking.history:400] 	Updated Hessian (in au) 
 	   0.857748

2025-07-17:16:03:01,4 INFO     [psi4.optking.molsys:874] Projected (PHP) Hessian matrix
	   0.857748

2025-07-17:16:03:01,4 INFO     [psi4.optking.opt_helper:168] 
	         Geometry (au)                                       Gradient (au)
  -0.0000000000   1.6276832307   0.0000000000		   0.0000000000  -0.1206138843  -0.0000000000
   0.0000000000  -1.6276832307   0.0000000000		  -0.0000000000   0.1206138843   0.0000000000

2025-07-17:16:03:01,4 INFO     [psi4.optking.stepAlgorithms:315] 	Current Step Report 
 
	Current energy:     -1052.8175233503
	Energy change for the previous step:
		Actual       :        -0.0111283009
		Projected    :        -0.0056890980

2025-07-17:16:03:01,4 INFO     [psi4.optking.stepAlgorithms:318] 	Energy ratio =    1.95607
2025-07-17:16:03:01,4 INFO     [psi4.optking.stepAlgorithms:750] 	Using RFO solution 1.
2025-07-17:16:03:01,4 INFO     [psi4.optking.displace:73] 	Determining Cartesian step for fragment 1.
2025-07-17:16:03:01,4 INFO     [psi4.optking.displace:378] 	Successfully converged to displaced geometry.
2025-07-17:16:03:01,5 INFO     [psi4.optking.displace:379] 	RMS(dx):  0.000e+00 	Max(dx):  0.000e+00 	RMS(dq):  0.000e+00
2025-07-17:16:03:01,5 INFO     [psi4.optking.displace:132] 

	        --- Internal Coordinate Step in ANG or DEG, aJ/ANG or AJ/DEG ---
	-------------------------------------------------------------------------------
	           Coordinate      Previous         Force          Change          New 
	           ----------      --------        ------          ------        ------
	               R(1,2)       1.72267        0.99370        0.07300       1.79566
	-------------------------------------------------------------------------------

2025-07-17:16:03:01,5 INFO     [psi4.optking.stepAlgorithms:96] 	|target step| :    0.1379412343
2025-07-17:16:03:01,5 INFO     [psi4.optking.stepAlgorithms:97] 	gradient     :   -0.1206138843
2025-07-17:16:03:01,5 INFO     [psi4.optking.stepAlgorithms:98] 	hessian      :    0.8577483732
2025-07-17:16:03:01,5 INFO     [psi4.optking.stepAlgorithms:177] 	Norm of achieved step-size    0.1379412343
2025-07-17:16:03:01,5 INFO     [psi4.optking.stepAlgorithms:179] 	Norm of achieved step-size (cart):    0.0975391822
2025-07-17:16:03:01,5 INFO     [psi4.optking.opt_helper:151] Molsys:

	                            ===> Fragment 1 <== 

	 Z (Atomic Numbers)          Masses                          Geom                  
	      18.000000            39.962383         -0.00000000  1.69665385  0.00000000   
	      18.000000            39.962383          0.00000000 -1.69665385  0.00000000   

	 - Coordinate -           - BOHR/RAD -       - ANG/DEG -
	 R(1,2)           =         3.393308           1.795661

2025-07-17:16:03:01,5 INFO     [psi4.optking.convcheck:71] Performing convergence check.
2025-07-17:16:03:01,5 INFO     [psi4.optking.convcheck:263] 
	                                 ==> Convergence Check <==                                  
    
	Measures of convergence in internal coordinates in au.
    
	Criteria marked as inactive (o), active & met (*), and active & unmet ( ).

	----------------------------------------------------------------------------------------------
	   Step    Total Energy     Delta E     Max Force     RMS Force      Max Disp      RMS Disp   
	----------------------------------------------------------------------------------------------
	  Convergence Criteria     1.00e-06 *    3.00e-04 *             o    1.20e-03 *             o
	----------------------------------------------------------------------------------------------
	    10   -1052.81752335   -1.11e-02      1.21e-01      1.21e-01 o    1.38e-01      1.38e-01 o  ~
	----------------------------------------------------------------------------------------------


2025-07-17:16:03:01,5 INFO     [psi4.optking.stepAlgorithms:266] 	Convergence check returned False
2025-07-17:16:03:01,20 INFO     [psi4.driver.task_planner:285] PLANNING Atomic:  keywords={'DAMPING_PERCENTAGE': 1.0, 'GEOM_MAXITER': 500, 'SCF__GUESS': 'READ', 'GUESS': 'SAP', 'MAXITER': 500, 'REFERENCE': 'UKS', 'function_kwargs': {}}
2025-07-17:16:03:01,21 INFO     [psi4.driver.driver:636] Compute gradient(): method=b3lyp, basis=cc-pvdz, molecule=default, nre=95.48205734606748
2025-07-17:16:03:02,398 INFO     [psi4.driver.driver:639] Return gradient(): -1052.8294506776178
2025-07-17:16:03:02,398 INFO     [psi4.driver.driver:640] [[ 0.00000000 -0.04696011  0.00000000]
 [-0.00000000  0.04696011 -0.00000000]]
2025-07-17:16:03:02,400 INFO     [psi4.optking.history:257] 	Performing BFGS update.
2025-07-17:16:03:02,400 INFO     [psi4.optking.history:268] 	Using 4 previous steps for update.
2025-07-17:16:03:02,401 INFO     [psi4.optking.history:302] 	Steps to be used in Hessian update:  10 9 8 7

2025-07-17:16:03:02,401 INFO     [psi4.optking.history:400] 	Updated Hessian (in au) 
 	   0.501324

2025-07-17:16:03:02,401 INFO     [psi4.optking.molsys:874] Projected (PHP) Hessian matrix
	   0.501324

2025-07-17:16:03:02,401 INFO     [psi4.optking.opt_helper:168] 
	         Geometry (au)                                       Gradient (au)
  -0.0000000000   1.6966538479   0.0000000000		   0.0000000000  -0.0469601070   0.0000000000
   0.0000000000  -1.6966538479   0.0000000000		  -0.0000000000   0.0469601070  -0.0000000000

2025-07-17:16:03:02,401 INFO     [psi4.optking.stepAlgorithms:315] 	Current Step Report 
 
	Current energy:     -1052.8294506776
	Energy change for the previous step:
		Actual       :        -0.0119273273
		Projected    :        -0.0083188140

2025-07-17:16:03:02,401 INFO     [psi4.optking.stepAlgorithms:318] 	Energy ratio =    1.43378
2025-07-17:16:03:02,402 INFO     [psi4.optking.stepAlgorithms:750] 	Using RFO solution 1.
2025-07-17:16:03:02,402 INFO     [psi4.optking.displace:73] 	Determining Cartesian step for fragment 1.
2025-07-17:16:03:02,402 INFO     [psi4.optking.displace:378] 	Successfully converged to displaced geometry.
2025-07-17:16:03:02,402 INFO     [psi4.optking.displace:379] 	RMS(dx):  0.000e+00 	Max(dx):  0.000e+00 	RMS(dq):  0.000e+00
2025-07-17:16:03:02,402 INFO     [psi4.optking.displace:132] 

	        --- Internal Coordinate Step in ANG or DEG, aJ/ANG or AJ/DEG ---
	-------------------------------------------------------------------------------
	           Coordinate      Previous         Force          Change          New 
	           ----------      --------        ------          ------        ------
	               R(1,2)       1.79566        0.38689        0.04914       1.84480
	-------------------------------------------------------------------------------

2025-07-17:16:03:02,402 INFO     [psi4.optking.stepAlgorithms:96] 	|target step| :    0.0928643257
2025-07-17:16:03:02,402 INFO     [psi4.optking.stepAlgorithms:97] 	gradient     :   -0.0469601070
2025-07-17:16:03:02,402 INFO     [psi4.optking.stepAlgorithms:98] 	hessian      :    0.5013241942
2025-07-17:16:03:02,402 INFO     [psi4.optking.stepAlgorithms:177] 	Norm of achieved step-size    0.0928643257
2025-07-17:16:03:02,402 INFO     [psi4.optking.stepAlgorithms:179] 	Norm of achieved step-size (cart):    0.0656649944
2025-07-17:16:03:02,403 INFO     [psi4.optking.opt_helper:151] Molsys:

	                            ===> Fragment 1 <== 

	 Z (Atomic Numbers)          Masses                          Geom                  
	      18.000000            39.962383         -0.00000000  1.74308601  0.00000000   
	      18.000000            39.962383          0.00000000 -1.74308601  0.00000000   

	 - Coordinate -           - BOHR/RAD -       - ANG/DEG -
	 R(1,2)           =         3.486172           1.844803

2025-07-17:16:03:02,403 INFO     [psi4.optking.convcheck:71] Performing convergence check.
2025-07-17:16:03:02,403 INFO     [psi4.optking.convcheck:263] 
	                                 ==> Convergence Check <==                                  
    
	Measures of convergence in internal coordinates in au.
    
	Criteria marked as inactive (o), active & met (*), and active & unmet ( ).

	----------------------------------------------------------------------------------------------
	   Step    Total Energy     Delta E     Max Force     RMS Force      Max Disp      RMS Disp   
	----------------------------------------------------------------------------------------------
	  Convergence Criteria     1.00e-06 *    3.00e-04 *             o    1.20e-03 *             o
	----------------------------------------------------------------------------------------------
	    11   -1052.82945068   -1.19e-02      4.70e-02      4.70e-02 o    9.29e-02      9.29e-02 o  ~
	----------------------------------------------------------------------------------------------


2025-07-17:16:03:02,403 INFO     [psi4.optking.stepAlgorithms:266] 	Convergence check returned False
2025-07-17:16:03:02,416 INFO     [psi4.driver.task_planner:285] PLANNING Atomic:  keywords={'DAMPING_PERCENTAGE': 1.0, 'GEOM_MAXITER': 500, 'SCF__GUESS': 'READ', 'GUESS': 'SAP', 'MAXITER': 500, 'REFERENCE': 'UKS', 'function_kwargs': {}}
2025-07-17:16:03:02,417 INFO     [psi4.driver.driver:636] Compute gradient(): method=b3lyp, basis=cc-pvdz, molecule=default, nre=92.93861519325844
2025-07-17:16:03:03,631 INFO     [psi4.driver.driver:639] Return gradient(): -1052.8312699707508
2025-07-17:16:03:03,632 INFO     [psi4.driver.driver:640] [[-0.00000000  0.00689985  0.00000000]
 [ 0.00000000 -0.00689985  0.00000000]]
2025-07-17:16:03:03,634 INFO     [psi4.optking.history:257] 	Performing BFGS update.
2025-07-17:16:03:03,635 INFO     [psi4.optking.history:268] 	Using 4 previous steps for update.
2025-07-17:16:03:03,635 INFO     [psi4.optking.history:302] 	Steps to be used in Hessian update:  11 10 9 8

2025-07-17:16:03:03,635 INFO     [psi4.optking.history:400] 	Updated Hessian (in au) 
 	   0.383252

2025-07-17:16:03:03,635 INFO     [psi4.optking.molsys:874] Projected (PHP) Hessian matrix
	   0.383252

2025-07-17:16:03:03,635 INFO     [psi4.optking.opt_helper:168] 
	         Geometry (au)                                       Gradient (au)
  -0.0000000000   1.7430860107   0.0000000000		  -0.0000000000   0.0068998524   0.0000000000
   0.0000000000  -1.7430860107   0.0000000000		   0.0000000000  -0.0068998524   0.0000000000

2025-07-17:16:03:03,636 INFO     [psi4.optking.stepAlgorithms:315] 	Current Step Report 
 
	Current energy:     -1052.8312699708
	Energy change for the previous step:
		Actual       :        -0.0018192931
		Projected    :        -0.0021804593

2025-07-17:16:03:03,636 INFO     [psi4.optking.stepAlgorithms:318] 	Energy ratio =    0.83436
2025-07-17:16:03:03,636 INFO     [psi4.optking.stepAlgorithms:750] 	Using RFO solution 1.
2025-07-17:16:03:03,636 INFO     [psi4.optking.displace:73] 	Determining Cartesian step for fragment 1.
2025-07-17:16:03:03,636 INFO     [psi4.optking.displace:378] 	Successfully converged to displaced geometry.
2025-07-17:16:03:03,636 INFO     [psi4.optking.displace:379] 	RMS(dx):  0.000e+00 	Max(dx):  0.000e+00 	RMS(dq):  0.000e+00
2025-07-17:16:03:03,636 INFO     [psi4.optking.displace:132] 

	        --- Internal Coordinate Step in ANG or DEG, aJ/ANG or AJ/DEG ---
	-------------------------------------------------------------------------------
	           Coordinate      Previous         Force          Change          New 
	           ----------      --------        ------          ------        ------
	               R(1,2)       1.84480       -0.05685       -0.00952       1.83528
	-------------------------------------------------------------------------------

2025-07-17:16:03:03,636 INFO     [psi4.optking.stepAlgorithms:96] 	|target step| :    0.0179975952
2025-07-17:16:03:03,636 INFO     [psi4.optking.stepAlgorithms:97] 	gradient     :   -0.0068998524
2025-07-17:16:03:03,636 INFO     [psi4.optking.stepAlgorithms:98] 	hessian      :    0.3832521741
2025-07-17:16:03:03,636 INFO     [psi4.optking.stepAlgorithms:177] 	Norm of achieved step-size    0.0179975952
2025-07-17:16:03:03,637 INFO     [psi4.optking.stepAlgorithms:179] 	Norm of achieved step-size (cart):    0.0127262216
2025-07-17:16:03:03,637 INFO     [psi4.optking.opt_helper:151] Molsys:

	                            ===> Fragment 1 <== 

	 Z (Atomic Numbers)          Masses                          Geom                  
	      18.000000            39.962383         -0.00000000  1.73408721  0.00000000   
	      18.000000            39.962383          0.00000000 -1.73408721  0.00000000   

	 - Coordinate -           - BOHR/RAD -       - ANG/DEG -
	 R(1,2)           =         3.468174           1.835279

2025-07-17:16:03:03,637 INFO     [psi4.optking.convcheck:71] Performing convergence check.
2025-07-17:16:03:03,637 INFO     [psi4.optking.convcheck:263] 
	                                 ==> Convergence Check <==                                  
    
	Measures of convergence in internal coordinates in au.
    
	Criteria marked as inactive (o), active & met (*), and active & unmet ( ).

	----------------------------------------------------------------------------------------------
	   Step    Total Energy     Delta E     Max Force     RMS Force      Max Disp      RMS Disp   
	----------------------------------------------------------------------------------------------
	  Convergence Criteria     1.00e-06 *    3.00e-04 *             o    1.20e-03 *             o
	----------------------------------------------------------------------------------------------
	    12   -1052.83126997   -1.82e-03      6.90e-03      6.90e-03 o    1.80e-02      1.80e-02 o  ~
	----------------------------------------------------------------------------------------------


2025-07-17:16:03:03,637 INFO     [psi4.optking.stepAlgorithms:266] 	Convergence check returned False
2025-07-17:16:03:03,649 INFO     [psi4.driver.task_planner:285] PLANNING Atomic:  keywords={'DAMPING_PERCENTAGE': 1.0, 'GEOM_MAXITER': 500, 'SCF__GUESS': 'READ', 'GUESS': 'SAP', 'MAXITER': 500, 'REFERENCE': 'UKS', 'function_kwargs': {}}
2025-07-17:16:03:03,650 INFO     [psi4.driver.driver:636] Compute gradient(): method=b3lyp, basis=cc-pvdz, molecule=default, nre=93.420906844584
2025-07-17:16:03:04,955 INFO     [psi4.driver.driver:639] Return gradient(): -1052.8313049623948
2025-07-17:16:03:04,956 INFO     [psi4.driver.driver:640] [[ 0.00000000 -0.00309675  0.00000000]
 [-0.00000000  0.00309675 -0.00000000]]
2025-07-17:16:03:04,957 INFO     [psi4.optking.history:257] 	Performing BFGS update.
2025-07-17:16:03:04,957 INFO     [psi4.optking.history:268] 	Using 4 previous steps for update.
2025-07-17:16:03:04,957 INFO     [psi4.optking.history:302] 	Steps to be used in Hessian update:  12 11 10 9

2025-07-17:16:03:04,957 INFO     [psi4.optking.history:400] 	Updated Hessian (in au) 
 	   0.431722

2025-07-17:16:03:04,957 INFO     [psi4.optking.molsys:874] Projected (PHP) Hessian matrix
	   0.431722

2025-07-17:16:03:04,958 INFO     [psi4.optking.opt_helper:168] 
	         Geometry (au)                                       Gradient (au)
  -0.0000000000   1.7340872131   0.0000000000		   0.0000000000  -0.0030967506   0.0000000000
   0.0000000000  -1.7340872131   0.0000000000		  -0.0000000000   0.0030967506  -0.0000000000

2025-07-17:16:03:04,958 INFO     [psi4.optking.stepAlgorithms:315] 	Current Step Report 
 
	Current energy:     -1052.8313049624
	Energy change for the previous step:
		Actual       :        -0.0000349916
		Projected    :        -0.0000620904

2025-07-17:16:03:04,958 INFO     [psi4.optking.stepAlgorithms:318] 	Energy ratio =    0.56356
2025-07-17:16:03:04,958 INFO     [psi4.optking.stepAlgorithms:750] 	Using RFO solution 1.
2025-07-17:16:03:04,958 INFO     [psi4.optking.displace:73] 	Determining Cartesian step for fragment 1.
2025-07-17:16:03:04,958 INFO     [psi4.optking.displace:378] 	Successfully converged to displaced geometry.
2025-07-17:16:03:04,958 INFO     [psi4.optking.displace:379] 	RMS(dx):  0.000e+00 	Max(dx):  0.000e+00 	RMS(dq):  0.000e+00
2025-07-17:16:03:04,958 INFO     [psi4.optking.displace:132] 

	        --- Internal Coordinate Step in ANG or DEG, aJ/ANG or AJ/DEG ---
	-------------------------------------------------------------------------------
	           Coordinate      Previous         Force          Change          New 
	           ----------      --------        ------          ------        ------
	               R(1,2)       1.83528        0.02551        0.00380       1.83907
	-------------------------------------------------------------------------------

2025-07-17:16:03:04,958 INFO     [psi4.optking.stepAlgorithms:96] 	|target step| :    0.0071726442
2025-07-17:16:03:04,958 INFO     [psi4.optking.stepAlgorithms:97] 	gradient     :   -0.0030967506
2025-07-17:16:03:04,959 INFO     [psi4.optking.stepAlgorithms:98] 	hessian      :    0.4317224225
2025-07-17:16:03:04,959 INFO     [psi4.optking.stepAlgorithms:177] 	Norm of achieved step-size    0.0071726442
2025-07-17:16:03:04,959 INFO     [psi4.optking.stepAlgorithms:179] 	Norm of achieved step-size (cart):    0.0050718253
2025-07-17:16:03:04,959 INFO     [psi4.optking.opt_helper:151] Molsys:

	                            ===> Fragment 1 <== 

	 Z (Atomic Numbers)          Masses                          Geom                  
	      18.000000            39.962383         -0.00000000  1.73767354  0.00000000   
	      18.000000            39.962383          0.00000000 -1.73767354  0.00000000   

	 - Coordinate -           - BOHR/RAD -       - ANG/DEG -
	 R(1,2)           =         3.475347           1.839074

2025-07-17:16:03:04,959 INFO     [psi4.optking.convcheck:71] Performing convergence check.
2025-07-17:16:03:04,959 INFO     [psi4.optking.convcheck:263] 
	                                 ==> Convergence Check <==                                  
    
	Measures of convergence in internal coordinates in au.
    
	Criteria marked as inactive (o), active & met (*), and active & unmet ( ).

	----------------------------------------------------------------------------------------------
	   Step    Total Energy     Delta E     Max Force     RMS Force      Max Disp      RMS Disp   
	----------------------------------------------------------------------------------------------
	  Convergence Criteria     1.00e-06 *    3.00e-04 *             o    1.20e-03 *             o
	----------------------------------------------------------------------------------------------
	    13   -1052.83130496   -3.50e-05      3.10e-03      3.10e-03 o    7.17e-03      7.17e-03 o  ~
	----------------------------------------------------------------------------------------------


2025-07-17:16:03:04,959 INFO     [psi4.optking.stepAlgorithms:266] 	Convergence check returned False
2025-07-17:16:03:04,982 INFO     [psi4.driver.task_planner:285] PLANNING Atomic:  keywords={'DAMPING_PERCENTAGE': 1.0, 'GEOM_MAXITER': 500, 'SCF__GUESS': 'READ', 'GUESS': 'SAP', 'MAXITER': 500, 'REFERENCE': 'UKS', 'function_kwargs': {}}
2025-07-17:16:03:04,984 INFO     [psi4.driver.driver:636] Compute gradient(): method=b3lyp, basis=cc-pvdz, molecule=default, nre=93.2280987855374
2025-07-17:16:03:06,289 INFO     [psi4.driver.driver:639] Return gradient(): -1052.8313126031396
2025-07-17:16:03:06,290 INFO     [psi4.driver.driver:640] [[-0.00000000  0.00091890  0.00000000]
 [ 0.00000000 -0.00091890  0.00000000]]
2025-07-17:16:03:06,291 INFO     [psi4.optking.history:257] 	Performing BFGS update.
2025-07-17:16:03:06,291 INFO     [psi4.optking.history:268] 	Using 4 previous steps for update.
2025-07-17:16:03:06,291 INFO     [psi4.optking.history:302] 	Steps to be used in Hessian update:  13 12 11 10

2025-07-17:16:03:06,291 INFO     [psi4.optking.history:400] 	Updated Hessian (in au) 
 	   0.552470

2025-07-17:16:03:06,292 INFO     [psi4.optking.molsys:874] Projected (PHP) Hessian matrix
	   0.552470

2025-07-17:16:03:06,292 INFO     [psi4.optking.opt_helper:168] 
	         Geometry (au)                                       Gradient (au)
  -0.0000000000   1.7376735352   0.0000000000		  -0.0000000000   0.0009189021   0.0000000000
   0.0000000000  -1.7376735352   0.0000000000		   0.0000000000  -0.0009189021   0.0000000000

2025-07-17:16:03:06,292 INFO     [psi4.optking.stepAlgorithms:315] 	Current Step Report 
 
	Current energy:     -1052.8313126031
	Energy change for the previous step:
		Actual       :        -0.0000076407
		Projected    :        -0.0000111059

2025-07-17:16:03:06,292 INFO     [psi4.optking.stepAlgorithms:318] 	Energy ratio =    0.68799
2025-07-17:16:03:06,292 INFO     [psi4.optking.stepAlgorithms:750] 	Using RFO solution 1.
2025-07-17:16:03:06,292 INFO     [psi4.optking.displace:73] 	Determining Cartesian step for fragment 1.
2025-07-17:16:03:06,292 INFO     [psi4.optking.displace:378] 	Successfully converged to displaced geometry.
2025-07-17:16:03:06,292 INFO     [psi4.optking.displace:379] 	RMS(dx):  0.000e+00 	Max(dx):  0.000e+00 	RMS(dq):  0.000e+00
2025-07-17:16:03:06,292 INFO     [psi4.optking.displace:132] 

	        --- Internal Coordinate Step in ANG or DEG, aJ/ANG or AJ/DEG ---
	-------------------------------------------------------------------------------
	           Coordinate      Previous         Force          Change          New 
	           ----------      --------        ------          ------        ------
	               R(1,2)       1.83907       -0.00757       -0.00088       1.83819
	-------------------------------------------------------------------------------

2025-07-17:16:03:06,292 INFO     [psi4.optking.stepAlgorithms:96] 	|target step| :    0.0016632555
2025-07-17:16:03:06,292 INFO     [psi4.optking.stepAlgorithms:97] 	gradient     :   -0.0009189021
2025-07-17:16:03:06,292 INFO     [psi4.optking.stepAlgorithms:98] 	hessian      :    0.5524704515
2025-07-17:16:03:06,292 INFO     [psi4.optking.stepAlgorithms:177] 	Norm of achieved step-size    0.0016632555
2025-07-17:16:03:06,292 INFO     [psi4.optking.stepAlgorithms:179] 	Norm of achieved step-size (cart):    0.0011760993
2025-07-17:16:03:06,292 INFO     [psi4.optking.opt_helper:151] Molsys:

	                            ===> Fragment 1 <== 

	 Z (Atomic Numbers)          Masses                          Geom                  
	      18.000000            39.962383         -0.00000000  1.73684191  0.00000000   
	      18.000000            39.962383          0.00000000 -1.73684191  0.00000000   

	 - Coordinate -           - BOHR/RAD -       - ANG/DEG -
	 R(1,2)           =         3.473684           1.838194

2025-07-17:16:03:06,292 INFO     [psi4.optking.convcheck:71] Performing convergence check.
2025-07-17:16:03:06,292 INFO     [psi4.optking.convcheck:263] 
	                                 ==> Convergence Check <==                                  
    
	Measures of convergence in internal coordinates in au.
    
	Criteria marked as inactive (o), active & met (*), and active & unmet ( ).

	----------------------------------------------------------------------------------------------
	   Step    Total Energy     Delta E     Max Force     RMS Force      Max Disp      RMS Disp   
	----------------------------------------------------------------------------------------------
	  Convergence Criteria     1.00e-06 *    3.00e-04 *             o    1.20e-03 *             o
	----------------------------------------------------------------------------------------------
	    14   -1052.83131260   -7.64e-06      9.19e-04      9.19e-04 o    1.66e-03      1.66e-03 o  ~
	----------------------------------------------------------------------------------------------


2025-07-17:16:03:06,292 INFO     [psi4.optking.stepAlgorithms:266] 	Convergence check returned False
2025-07-17:16:03:06,306 INFO     [psi4.driver.task_planner:285] PLANNING Atomic:  keywords={'DAMPING_PERCENTAGE': 1.0, 'GEOM_MAXITER': 500, 'SCF__GUESS': 'READ', 'GUESS': 'SAP', 'MAXITER': 500, 'REFERENCE': 'UKS', 'function_kwargs': {}}
2025-07-17:16:03:06,308 INFO     [psi4.driver.driver:636] Compute gradient(): method=b3lyp, basis=cc-pvdz, molecule=default, nre=93.27273789500703
2025-07-17:16:03:07,506 INFO     [psi4.driver.driver:639] Return gradient(): -1052.8313133944932
2025-07-17:16:03:07,507 INFO     [psi4.driver.driver:640] [[ 0.00000000 -0.00000863 -0.00000000]
 [-0.00000000  0.00000863 -0.00000000]]
2025-07-17:16:03:07,509 INFO     [psi4.optking.history:257] 	Performing BFGS update.
2025-07-17:16:03:07,509 INFO     [psi4.optking.history:268] 	Using 4 previous steps for update.
2025-07-17:16:03:07,509 INFO     [psi4.optking.history:302] 	Steps to be used in Hessian update:  14 13 12 11

2025-07-17:16:03:07,509 INFO     [psi4.optking.history:400] 	Updated Hessian (in au) 
 	   0.584147

2025-07-17:16:03:07,510 INFO     [psi4.optking.molsys:874] Projected (PHP) Hessian matrix
	   0.584147

2025-07-17:16:03:07,510 INFO     [psi4.optking.opt_helper:168] 
	         Geometry (au)                                       Gradient (au)
  -0.0000000000   1.7368419075   0.0000000000		   0.0000000000  -0.0000086268  -0.0000000000
   0.0000000000  -1.7368419075   0.0000000000		  -0.0000000000   0.0000086268  -0.0000000000

2025-07-17:16:03:07,510 INFO     [psi4.optking.stepAlgorithms:315] 	Current Step Report 
 
	Current energy:     -1052.8313133945
	Energy change for the previous step:
		Actual       :        -0.0000007914
		Projected    :        -0.0000007642

2025-07-17:16:03:07,510 INFO     [psi4.optking.stepAlgorithms:318] 	Energy ratio =    1.03555
2025-07-17:16:03:07,510 INFO     [psi4.optking.stepAlgorithms:750] 	Using RFO solution 1.
2025-07-17:16:03:07,510 INFO     [psi4.optking.displace:73] 	Determining Cartesian step for fragment 1.
2025-07-17:16:03:07,510 INFO     [psi4.optking.displace:378] 	Successfully converged to displaced geometry.
2025-07-17:16:03:07,510 INFO     [psi4.optking.displace:379] 	RMS(dx):  0.000e+00 	Max(dx):  0.000e+00 	RMS(dq):  0.000e+00
2025-07-17:16:03:07,510 INFO     [psi4.optking.displace:132] 

	        --- Internal Coordinate Step in ANG or DEG, aJ/ANG or AJ/DEG ---
	-------------------------------------------------------------------------------
	           Coordinate      Previous         Force          Change          New 
	           ----------      --------        ------          ------        ------
	               R(1,2)       1.83819        0.00007        0.00001       1.83820
	-------------------------------------------------------------------------------

2025-07-17:16:03:07,510 INFO     [psi4.optking.stepAlgorithms:96] 	|target step| :    0.0000147682
2025-07-17:16:03:07,510 INFO     [psi4.optking.stepAlgorithms:97] 	gradient     :   -0.0000086268
2025-07-17:16:03:07,510 INFO     [psi4.optking.stepAlgorithms:98] 	hessian      :    0.5841471408
2025-07-17:16:03:07,510 INFO     [psi4.optking.stepAlgorithms:177] 	Norm of achieved step-size    0.0000147682
2025-07-17:16:03:07,510 INFO     [psi4.optking.stepAlgorithms:179] 	Norm of achieved step-size (cart):    0.0000104427
2025-07-17:16:03:07,510 INFO     [psi4.optking.opt_helper:151] Molsys:

	                            ===> Fragment 1 <== 

	 Z (Atomic Numbers)          Masses                          Geom                  
	      18.000000            39.962383         -0.00000000  1.73684929  0.00000000   
	      18.000000            39.962383          0.00000000 -1.73684929  0.00000000   

	 - Coordinate -           - BOHR/RAD -       - ANG/DEG -
	 R(1,2)           =         3.473699           1.838202

2025-07-17:16:03:07,510 INFO     [psi4.optking.convcheck:71] Performing convergence check.
2025-07-17:16:03:07,510 INFO     [psi4.optking.convcheck:263] 
	                                 ==> Convergence Check <==                                  
    
	Measures of convergence in internal coordinates in au.
    
	Criteria marked as inactive (o), active & met (*), and active & unmet ( ).

	----------------------------------------------------------------------------------------------
	   Step    Total Energy     Delta E     Max Force     RMS Force      Max Disp      RMS Disp   
	----------------------------------------------------------------------------------------------
	  Convergence Criteria     1.00e-06 *    3.00e-04 *             o    1.20e-03 *             o
	----------------------------------------------------------------------------------------------
	    15   -1052.83131339   -7.91e-07 *    8.63e-06 *    8.63e-06 o    1.48e-05 *    1.48e-05 o  ~
	----------------------------------------------------------------------------------------------


2025-07-17:16:03:07,510 INFO     [psi4.optking.convcheck:193] 
	                      ===> Final Convergence Report <===                     

	----------------------------------------------------------------------------
	|   Required Criteria    |  One or More Criteria  |   Alternate Criteria   |
	----------------------------------------------------------------------------
	| [x]     max_force      | [x]       max_DE       |                        |
	|                        | [x]      max_disp      |                        |
	----------------------------------------------------------------------------


2025-07-17:16:03:07,510 INFO     [psi4.optking.stepAlgorithms:266] 	Convergence check returned True
2025-07-17:16:03:07,511 INFO     [psi4.optking.optimize:286] 	Converged in 15 steps!
2025-07-17:16:03:07,511 INFO     [psi4.optking.optimize:287] 	Final energy is  -1052.8313133944932
2025-07-17:16:03:07,511 INFO     [psi4.optking.optimize:288] 	Final structure (Angstroms): 
	Fragment 1 (Ang)

	   Ar  -0.0000000000   0.9191010635   0.0000000000
	   Ar   0.0000000000  -0.9191010635   0.0000000000


2025-07-17:16:03:07,511 INFO     [psi4.optking.optimize:432] 	Optimization Finished

	==> Optimization Summary <==

        
	Measures of convergence in internal coordinates in au. (Any backward steps not shown.)
        
	---------------------------------------------------------------------------------------------------------------  ~
        
	 Step         Total Energy             Delta E       MAX Force       RMS Force        MAX Disp        RMS Disp   ~
        
	---------------------------------------------------------------------------------------------------------------  ~
        
	     1   -1051.895992777392  -1051.895992777392      3.01608767      3.01608767      0.01384391      0.01384391  ~
	     2   -1051.936950110367     -0.040957332975      2.90154494      2.90154494      0.02662254      0.02662254  ~
	     3   -1052.011382219687     -0.074432109319      2.69240812      2.69240812      0.09793624      0.09793624  ~
	     4   -1052.241538040896     -0.230155821210      2.03503316      2.03503316      0.26667622      0.26667622  ~
	     5   -1052.614454903000     -0.372916862103      0.88848727      0.88848727      0.16457925      0.16457925  ~
	     6   -1052.724711781729     -0.110256878730      0.47918440      0.47918440      0.13055796      0.13055796  ~
	     7   -1052.772046665807     -0.047334884077      0.26023355      0.26023355      0.12047652      0.12047652  ~
	     8   -1052.795446972145     -0.023400306338      0.14556094      0.14556094      0.08089793      0.08089793  ~
	     9   -1052.806395049424     -0.010948077279      0.13214398      0.13214398      0.08610454      0.08610454  ~
	    10   -1052.817523350319     -0.011128300895      0.12061388      0.12061388      0.13794123      0.13794123  ~
	    11   -1052.829450677618     -0.011927327299      0.04696011      0.04696011      0.09286433      0.09286433  ~
	    12   -1052.831269970751     -0.001819293133      0.00689985      0.00689985      0.01799760      0.01799760  ~
	    13   -1052.831304962395     -0.000034991644      0.00309675      0.00309675      0.00717264      0.00717264  ~
	    14   -1052.831312603140     -0.000007640745      0.00091890      0.00091890      0.00166326      0.00166326  ~
	    15   -1052.831313394493     -0.000000791354      0.00000863      0.00000863      0.00001477      0.00001477  ~
	----------------------------------------------------------------------------------------------------------------


2025-07-17:16:03:07,511 INFO     [psi4.optking.optimize:640] Preparing OptimizationResult
