2025-07-17:14:29:23,257 INFO     [psi4.optking.optwrapper:214] Creating a UserComputer
2025-07-17:14:29:23,257 INFO     [psi4.optking.optwrapper:222] 
    			-----------------------------------------

    			 OPTKING 3.0: for geometry optimizations 

    			     By R.A. King, Bethel University     

    			        with contributions from          

    			    A.V. Copan, J. Cayton, A. Heide      

    			-----------------------------------------

    
2025-07-17:14:29:23,257 INFO     [psi4.optking.optwrapper:238] 
		 -- Optimization Parameters --
	accept_symmetry_breaking       =           False
	alg_geom_maxiter               =             500
	bt_dx_conv                     =           1e-07
	bt_dx_rms_change_conv          =           1e-12
	bt_max_iter                    =              25
	cart_hess_read                 =           False
	consecutive_backsteps_allowed  =               0
	conv_max_DE                    =           1e-06
	conv_max_disp                  =          0.0012
	conv_max_force                 =          0.0003
	conv_rms_disp                  =              -1
	conv_rms_force                 =              -1
	covalent_connect               =             1.3
	dynamic_level                  =               0
	dynamic_level_max              =               0
	ensure_bt_convergence          =           False
	ext_force_bend                 =              []
	ext_force_cartesian            =              []
	ext_force_dihedral             =              []
	ext_force_distance             =              []
	ext_force_oofp                 =              []
	fix_val_near_pi                =            1.57
	flexible_g_convergence         =           False
	frag_mode                      =          SINGLE
	frag_ref_atoms                 =            None
	freeze_intrafrag               =           False
	frozen_bend                    =              []
	frozen_cartesian               =              []
	frozen_dihedral                =              []
	frozen_distance                =              []
	frozen_oofp                    =              []
	full_hess_every                =              -1
	g_convergence                  =           QCHEM
	generate_intcos_exit           =           False
	geom_maxiter                   =             500
	h_bond_connect                 =             4.3
	hess_update                    =            BFGS
	hess_update_den_tol            =           1e-07
	hess_update_dq_tol             =             0.5
	hess_update_limit              =            True
	hess_update_limit_max          =             1.0
	hess_update_limit_scale        =             0.5
	hess_update_use_last           =               4
	hessian_file                   =            None
	i_max_DE                       =            True
	i_max_disp                     =            True
	i_max_force                    =            True
	i_rms_disp                     =           False
	i_rms_force                    =           False
	i_untampered                   =            True
	include_oofp                   =           False
	interfrag_collinear_tol        =            0.01
	interfrag_coords               =            None
	interfrag_dist_inv             =           False
	interfrag_mode                 =           FIXED
	interfrag_trust                =             0.5
	interfrag_trust_max            =             1.0
	interfrag_trust_min            =           0.001
	interfragment_connect          =             1.8
	intrafrag_hess                 =        SCHLEGEL
	intrafrag_trust                =             0.5
	intrafrag_trust_max            =             1.0
	intrafrag_trust_min            =           0.001
	irc_direction                  =         FORWARD
	irc_points                     =              20
	irc_step_size                  =             0.2
	keep_intcos                    =           False
	linear_bend_threshold          =            3.05
	linesearch                     =           False
	linesearch_step                =             0.1
	max_disp_g_convergence         =          0.0012
	max_energy_g_convergence       =           1e-06
	max_force_g_convergence        =          0.0003
	opt_coordinates                =       REDUNDANT
	opt_type                       =             MIN
	output_type                    =            FILE
	print_lvl                      =               1
	program                        =            psi4
	ranged_bend                    =              []
	ranged_cartesian               =              []
	ranged_dihedral                =              []
	ranged_distance                =              []
	ranged_oofp                    =              []
	redundant_eval_tol             =           1e-10
	rfo_follow_root                =           False
	rfo_normalization_max          =             100
	rfo_root                       =               0
	rms_disp_g_convergence         =          0.0012
	rms_force_g_convergence        =          0.0003
	rsrfo_alpha_max                =     100000000.0
	sd_hessian                     =             1.0
	simple_step_scaling            =           False
	small_bend_fix_threshold       =            0.35
	steepest_descent_type          =         OVERLAP
	step_type                      =             RFO
	test_B                         =           False
	test_derivative_B              =           False
	trajectory                     =           False
	v3d_tors_angle_lim             =           0.017
	v3d_tors_cos_tol               =           1e-10
	working_consecutive_backsteps  =               0
	working_steps_since_last_H     =               0


2025-07-17:14:29:23,745 INFO     [psi4.optking.opt_helper:151] Molsys:

	                            ===> Fragment 1 <== 

	 Z (Atomic Numbers)          Masses                          Geom                  
	       9.000000            18.998403          0.00000000  0.00000000  1.40554872   
	      15.000000            30.973762          0.00000000  0.00000000 -0.86212263   

	 - Coordinate -           - BOHR/RAD -       - ANG/DEG -
	 R(1,2)           =         2.267671           1.200000

2025-07-17:14:29:23,755 INFO     [psi4.driver.task_planner:285] PLANNING Atomic:  keywords={'DAMPING_PERCENTAGE': 1.0, 'GEOM_MAXITER': 500, 'GUESS': 'SAP', 'MAXITER': 500, 'REFERENCE': 'UKS', 'function_kwargs': {}}
2025-07-17:14:29:23,756 INFO     [psi4.driver.driver:636] Compute gradient(): method=b3lyp, basis=cc-pvdz, molecule=default, nre=59.53243620037501
2025-07-17:14:29:24,781 INFO     [psi4.driver.driver:639] Return gradient(): -439.7778031876165
2025-07-17:14:29:24,781 INFO     [psi4.driver.driver:640] [[ 0.00000000 -0.00000000 -1.32287792]
 [ 0.00000000 -0.00000000  1.32280470]]
2025-07-17:14:29:24,784 INFO     [psi4.optking.molsys:874] Projected (PHP) Hessian matrix
	   4.182219

2025-07-17:14:29:24,784 INFO     [psi4.optking.opt_helper:168] 
	         Geometry (au)                                       Gradient (au)
   0.0000000000   0.0000000000   1.4055487185		   0.0000000000  -0.0000000000  -1.3228779163
   0.0000000000   0.0000000000  -0.8621226321		   0.0000000000  -0.0000000000   1.3228046996

2025-07-17:14:29:24,785 INFO     [psi4.optking.stepAlgorithms:750] 	Using RFO solution 1.
2025-07-17:14:29:24,785 INFO     [psi4.optking.displace:73] 	Determining Cartesian step for fragment 1.
2025-07-17:14:29:24,785 INFO     [psi4.optking.displace:378] 	Successfully converged to displaced geometry.
2025-07-17:14:29:24,785 INFO     [psi4.optking.displace:379] 	RMS(dx):  0.000e+00 	Max(dx):  0.000e+00 	RMS(dq):  0.000e+00
2025-07-17:14:29:24,785 INFO     [psi4.optking.displace:132] 

	        --- Internal Coordinate Step in ANG or DEG, aJ/ANG or AJ/DEG ---
	-------------------------------------------------------------------------------
	           Coordinate      Previous         Force          Change          New 
	           ----------      --------        ------          ------        ------
	               R(1,2)       1.20000       10.89852        0.15333       1.35333
	-------------------------------------------------------------------------------

2025-07-17:14:29:24,785 INFO     [psi4.optking.stepAlgorithms:96] 	|target step| :    0.2897468208
2025-07-17:14:29:24,785 INFO     [psi4.optking.stepAlgorithms:97] 	gradient     :   -1.3228413080
2025-07-17:14:29:24,785 INFO     [psi4.optking.stepAlgorithms:98] 	hessian      :    4.1822185214
2025-07-17:14:29:24,786 INFO     [psi4.optking.stepAlgorithms:177] 	Norm of achieved step-size    0.2897468208
2025-07-17:14:29:24,786 INFO     [psi4.optking.stepAlgorithms:179] 	Norm of achieved step-size (cart):    0.2048819418
2025-07-17:14:29:24,786 INFO     [psi4.optking.opt_helper:151] Molsys:

	                            ===> Fragment 1 <== 

	 Z (Atomic Numbers)          Masses                          Geom                  
	       9.000000            18.998403          0.00000000  0.00000000  1.55042213   
	      15.000000            30.973762          0.00000000  0.00000000 -1.00699604   

	 - Coordinate -           - BOHR/RAD -       - ANG/DEG -
	 R(1,2)           =         2.557418           1.353327

2025-07-17:14:29:24,786 INFO     [psi4.optking.convcheck:71] Performing convergence check.
2025-07-17:14:29:24,786 INFO     [psi4.optking.convcheck:263] 
	                                 ==> Convergence Check <==                                  
    
	Measures of convergence in internal coordinates in au.
    
	Criteria marked as inactive (o), active & met (*), and active & unmet ( ).

	----------------------------------------------------------------------------------------------
	   Step    Total Energy     Delta E     Max Force     RMS Force      Max Disp      RMS Disp   
	----------------------------------------------------------------------------------------------
	  Convergence Criteria     1.00e-06 *    3.00e-04 *             o    1.20e-03 *             o
	----------------------------------------------------------------------------------------------
	     1    -439.77780319   -4.40e+02      1.32e+00      1.32e+00 o    2.90e-01      2.90e-01 o  ~
	----------------------------------------------------------------------------------------------


2025-07-17:14:29:24,786 INFO     [psi4.optking.stepAlgorithms:266] 	Convergence check returned False
2025-07-17:14:29:24,798 INFO     [psi4.driver.task_planner:285] PLANNING Atomic:  keywords={'DAMPING_PERCENTAGE': 1.0, 'GEOM_MAXITER': 500, 'SCF__GUESS': 'READ', 'GUESS': 'SAP', 'MAXITER': 500, 'REFERENCE': 'UKS', 'function_kwargs': {}}
2025-07-17:14:29:24,799 INFO     [psi4.driver.driver:636] Compute gradient(): method=b3lyp, basis=cc-pvdz, molecule=default, nre=52.78761272333303
2025-07-17:14:29:25,710 INFO     [psi4.driver.driver:639] Return gradient(): -440.06160326946394
2025-07-17:14:29:25,710 INFO     [psi4.driver.driver:640] [[ 0.00000000  0.00000000 -0.71432351]
 [ 0.00000000 -0.00000000  0.71426360]]
2025-07-17:14:29:25,711 INFO     [psi4.optking.history:257] 	Performing BFGS update.
2025-07-17:14:29:25,711 INFO     [psi4.optking.history:268] 	Using 1 previous steps for update.
2025-07-17:14:29:25,711 INFO     [psi4.optking.history:302] 	Steps to be used in Hessian update:  1

2025-07-17:14:29:25,711 INFO     [psi4.optking.history:400] 	Updated Hessian (in au) 
 	   2.100274

2025-07-17:14:29:25,712 INFO     [psi4.optking.molsys:874] Projected (PHP) Hessian matrix
	   2.100274

2025-07-17:14:29:25,712 INFO     [psi4.optking.opt_helper:168] 
	         Geometry (au)                                       Gradient (au)
   0.0000000000   0.0000000000   1.5851396775		   0.0000000000   0.0000000000  -0.7143235078
   0.0000000000   0.0000000000  -0.9722784938		   0.0000000000  -0.0000000000   0.7142635963

2025-07-17:14:29:25,712 INFO     [psi4.optking.stepAlgorithms:315] 	Current Step Report 
 
	Current energy:      -440.0616032695
	Energy change for the previous step:
		Actual       :        -0.2838000818
		Projected    :        -0.1916445317

2025-07-17:14:29:25,712 INFO     [psi4.optking.stepAlgorithms:318] 	Energy ratio =    1.48087
2025-07-17:14:29:25,712 INFO     [psi4.optking.stepAlgorithms:346] 	Energy ratio indicates good step.
2025-07-17:14:29:25,712 INFO     [psi4.optking.stepAlgorithms:347] 	Intrafrag trust radius increased to 1.000e+00.
2025-07-17:14:29:25,712 INFO     [psi4.optking.stepAlgorithms:750] 	Using RFO solution 1.
2025-07-17:14:29:25,712 INFO     [psi4.optking.displace:73] 	Determining Cartesian step for fragment 1.
2025-07-17:14:29:25,712 INFO     [psi4.optking.displace:378] 	Successfully converged to displaced geometry.
2025-07-17:14:29:25,712 INFO     [psi4.optking.displace:379] 	RMS(dx):  0.000e+00 	Max(dx):  0.000e+00 	RMS(dq):  0.000e+00
2025-07-17:14:29:25,712 INFO     [psi4.optking.displace:132] 

	        --- Internal Coordinate Step in ANG or DEG, aJ/ANG or AJ/DEG ---
	-------------------------------------------------------------------------------
	           Coordinate      Previous         Force          Change          New 
	           ----------      --------        ------          ------        ------
	               R(1,2)       1.35333        5.88487        0.16291       1.51624
	-------------------------------------------------------------------------------

2025-07-17:14:29:25,712 INFO     [psi4.optking.stepAlgorithms:96] 	|target step| :    0.3078615737
2025-07-17:14:29:25,712 INFO     [psi4.optking.stepAlgorithms:97] 	gradient     :   -0.7142935521
2025-07-17:14:29:25,712 INFO     [psi4.optking.stepAlgorithms:98] 	hessian      :    2.1002741437
2025-07-17:14:29:25,712 INFO     [psi4.optking.stepAlgorithms:177] 	Norm of achieved step-size    0.3078615737
2025-07-17:14:29:25,713 INFO     [psi4.optking.stepAlgorithms:179] 	Norm of achieved step-size (cart):    0.2176910064
2025-07-17:14:29:25,713 INFO     [psi4.optking.opt_helper:151] Molsys:

	                            ===> Fragment 1 <== 

	 Z (Atomic Numbers)          Masses                          Geom                  
	       9.000000            18.998403          0.00000000  0.00000000  1.73907046   
	      15.000000            30.973762          0.00000000  0.00000000 -1.12620928   

	 - Coordinate -           - BOHR/RAD -       - ANG/DEG -
	 R(1,2)           =         2.865280           1.516241

2025-07-17:14:29:25,713 INFO     [psi4.optking.convcheck:71] Performing convergence check.
2025-07-17:14:29:25,713 INFO     [psi4.optking.convcheck:263] 
	                                 ==> Convergence Check <==                                  
    
	Measures of convergence in internal coordinates in au.
    
	Criteria marked as inactive (o), active & met (*), and active & unmet ( ).

	----------------------------------------------------------------------------------------------
	   Step    Total Energy     Delta E     Max Force     RMS Force      Max Disp      RMS Disp   
	----------------------------------------------------------------------------------------------
	  Convergence Criteria     1.00e-06 *    3.00e-04 *             o    1.20e-03 *             o
	----------------------------------------------------------------------------------------------
	     2    -440.06160327   -2.84e-01      7.14e-01      7.14e-01 o    3.08e-01      3.08e-01 o  ~
	----------------------------------------------------------------------------------------------


2025-07-17:14:29:25,713 INFO     [psi4.optking.stepAlgorithms:266] 	Convergence check returned False
2025-07-17:14:29:25,728 INFO     [psi4.driver.task_planner:285] PLANNING Atomic:  keywords={'DAMPING_PERCENTAGE': 1.0, 'GEOM_MAXITER': 500, 'SCF__GUESS': 'READ', 'GUESS': 'SAP', 'MAXITER': 500, 'REFERENCE': 'UKS', 'function_kwargs': {}}
2025-07-17:14:29:25,729 INFO     [psi4.driver.driver:636] Compute gradient(): method=b3lyp, basis=cc-pvdz, molecule=default, nre=47.11581835381218
2025-07-17:14:29:26,703 INFO     [psi4.driver.driver:639] Return gradient(): -440.2291122488696
2025-07-17:14:29:26,703 INFO     [psi4.driver.driver:640] [[-0.00000000  0.00000000 -0.40932099]
 [ 0.00000000  0.00000000  0.40927560]]
2025-07-17:14:29:26,704 INFO     [psi4.optking.history:257] 	Performing BFGS update.
2025-07-17:14:29:26,705 INFO     [psi4.optking.history:268] 	Using 2 previous steps for update.
2025-07-17:14:29:26,705 WARNING  [psi4.optking.history:286] 	Change in internal coordinate of 5.98e-01 exceeds limit of 5.00e-01.
2025-07-17:14:29:26,705 WARNING  [psi4.optking.history:291] 	Skipping Hessian update for step 1.
2025-07-17:14:29:26,705 INFO     [psi4.optking.history:302] 	Steps to be used in Hessian update:  2

2025-07-17:14:29:26,705 INFO     [psi4.optking.history:400] 	Updated Hessian (in au) 
 	   1.050137

2025-07-17:14:29:26,705 INFO     [psi4.optking.molsys:874] Projected (PHP) Hessian matrix
	   1.050137

2025-07-17:14:29:26,705 INFO     [psi4.optking.opt_helper:168] 
	         Geometry (au)                                       Gradient (au)
   0.0000000000   0.0000000000   1.7759585280		  -0.0000000000   0.0000000000  -0.4093209950
   0.0000000000   0.0000000000  -1.0893212170		   0.0000000000   0.0000000000   0.4092756035

2025-07-17:14:29:26,705 INFO     [psi4.optking.stepAlgorithms:315] 	Current Step Report 
 
	Current energy:      -440.2291122489
	Energy change for the previous step:
		Actual       :        -0.1675089794
		Projected    :        -0.1099517685

2025-07-17:14:29:26,706 INFO     [psi4.optking.stepAlgorithms:318] 	Energy ratio =    1.52348
2025-07-17:14:29:26,706 INFO     [psi4.optking.stepAlgorithms:750] 	Using RFO solution 1.
2025-07-17:14:29:26,706 INFO     [psi4.optking.displace:73] 	Determining Cartesian step for fragment 1.
2025-07-17:14:29:26,706 INFO     [psi4.optking.displace:378] 	Successfully converged to displaced geometry.
2025-07-17:14:29:26,706 INFO     [psi4.optking.displace:379] 	RMS(dx):  0.000e+00 	Max(dx):  0.000e+00 	RMS(dq):  0.000e+00
2025-07-17:14:29:26,706 INFO     [psi4.optking.displace:132] 

	        --- Internal Coordinate Step in ANG or DEG, aJ/ANG or AJ/DEG ---
	-------------------------------------------------------------------------------
	           Coordinate      Previous         Force          Change          New 
	           ----------      --------        ------          ------        ------
	               R(1,2)       1.51624        3.37210        0.18188       1.69813
	-------------------------------------------------------------------------------

2025-07-17:14:29:26,706 INFO     [psi4.optking.stepAlgorithms:96] 	|target step| :    0.3437119463
2025-07-17:14:29:26,706 INFO     [psi4.optking.stepAlgorithms:97] 	gradient     :   -0.4092982993
2025-07-17:14:29:26,706 INFO     [psi4.optking.stepAlgorithms:98] 	hessian      :    1.0501370718
2025-07-17:14:29:26,707 INFO     [psi4.optking.stepAlgorithms:177] 	Norm of achieved step-size    0.3437119463
2025-07-17:14:29:26,707 INFO     [psi4.optking.stepAlgorithms:179] 	Norm of achieved step-size (cart):    0.2430410480
2025-07-17:14:29:26,707 INFO     [psi4.optking.opt_helper:151] Molsys:

	                            ===> Fragment 1 <== 

	 Z (Atomic Numbers)          Masses                          Geom                  
	       9.000000            18.998403          0.00000000  0.00000000  1.94781450   
	      15.000000            30.973762          0.00000000  0.00000000 -1.26117719   

	 - Coordinate -           - BOHR/RAD -       - ANG/DEG -
	 R(1,2)           =         3.208992           1.698125

2025-07-17:14:29:26,707 INFO     [psi4.optking.convcheck:71] Performing convergence check.
2025-07-17:14:29:26,707 INFO     [psi4.optking.convcheck:263] 
	                                 ==> Convergence Check <==                                  
    
	Measures of convergence in internal coordinates in au.
    
	Criteria marked as inactive (o), active & met (*), and active & unmet ( ).

	----------------------------------------------------------------------------------------------
	   Step    Total Energy     Delta E     Max Force     RMS Force      Max Disp      RMS Disp   
	----------------------------------------------------------------------------------------------
	  Convergence Criteria     1.00e-06 *    3.00e-04 *             o    1.20e-03 *             o
	----------------------------------------------------------------------------------------------
	     3    -440.22911225   -1.68e-01      4.09e-01      4.09e-01 o    3.44e-01      3.44e-01 o  ~
	----------------------------------------------------------------------------------------------


2025-07-17:14:29:26,707 INFO     [psi4.optking.stepAlgorithms:266] 	Convergence check returned False
2025-07-17:14:29:26,722 INFO     [psi4.driver.task_planner:285] PLANNING Atomic:  keywords={'DAMPING_PERCENTAGE': 1.0, 'GEOM_MAXITER': 500, 'SCF__GUESS': 'READ', 'GUESS': 'SAP', 'MAXITER': 500, 'REFERENCE': 'UKS', 'function_kwargs': {}}
2025-07-17:14:29:26,723 INFO     [psi4.driver.driver:636] Compute gradient(): method=b3lyp, basis=cc-pvdz, molecule=default, nre=42.06928935449136
2025-07-17:14:29:27,672 INFO     [psi4.driver.driver:639] Return gradient(): -440.33577159730703
2025-07-17:14:29:27,672 INFO     [psi4.driver.driver:640] [[ 0.00000000 -0.00000000 -0.22847206]
 [ 0.00000000 -0.00000000  0.22840126]]
2025-07-17:14:29:27,673 INFO     [psi4.optking.history:257] 	Performing BFGS update.
2025-07-17:14:29:27,674 INFO     [psi4.optking.history:268] 	Using 3 previous steps for update.
2025-07-17:14:29:27,674 WARNING  [psi4.optking.history:286] 	Change in internal coordinate of 6.52e-01 exceeds limit of 5.00e-01.
2025-07-17:14:29:27,674 WARNING  [psi4.optking.history:291] 	Skipping Hessian update for step 2.
2025-07-17:14:29:27,674 WARNING  [psi4.optking.history:286] 	Change in internal coordinate of 9.41e-01 exceeds limit of 5.00e-01.
2025-07-17:14:29:27,674 WARNING  [psi4.optking.history:291] 	Skipping Hessian update for step 1.
2025-07-17:14:29:27,674 INFO     [psi4.optking.history:302] 	Steps to be used in Hessian update:  3

2025-07-17:14:29:27,674 INFO     [psi4.optking.history:400] 	Updated Hessian (in au) 
 	   0.526201

2025-07-17:14:29:27,674 INFO     [psi4.optking.molsys:874] Projected (PHP) Hessian matrix
	   0.526201

2025-07-17:14:29:27,675 INFO     [psi4.optking.opt_helper:168] 
	         Geometry (au)                                       Gradient (au)
   0.0000000000   0.0000000000   1.9889981669		   0.0000000000  -0.0000000000  -0.2284720598
   0.0000000000   0.0000000000  -1.2199935244		   0.0000000000  -0.0000000000   0.2284012620

2025-07-17:14:29:27,675 INFO     [psi4.optking.stepAlgorithms:315] 	Current Step Report 
 
	Current energy:      -440.3357715973
	Energy change for the previous step:
		Actual       :        -0.1066593484
		Projected    :        -0.0703403575

2025-07-17:14:29:27,675 INFO     [psi4.optking.stepAlgorithms:318] 	Energy ratio =    1.51633
2025-07-17:14:29:27,675 INFO     [psi4.optking.stepAlgorithms:750] 	Using RFO solution 1.
2025-07-17:14:29:27,675 INFO     [psi4.optking.displace:73] 	Determining Cartesian step for fragment 1.
2025-07-17:14:29:27,675 INFO     [psi4.optking.displace:378] 	Successfully converged to displaced geometry.
2025-07-17:14:29:27,675 INFO     [psi4.optking.displace:379] 	RMS(dx):  0.000e+00 	Max(dx):  0.000e+00 	RMS(dq):  0.000e+00
2025-07-17:14:29:27,676 INFO     [psi4.optking.displace:132] 

	        --- Internal Coordinate Step in ANG or DEG, aJ/ANG or AJ/DEG ---
	-------------------------------------------------------------------------------
	           Coordinate      Previous         Force          Change          New 
	           ----------      --------        ------          ------        ------
	               R(1,2)       1.69813        1.88203        0.19767       1.89580
	-------------------------------------------------------------------------------

2025-07-17:14:29:27,676 INFO     [psi4.optking.stepAlgorithms:96] 	|target step| :    0.3735474774
2025-07-17:14:29:27,676 INFO     [psi4.optking.stepAlgorithms:97] 	gradient     :   -0.2284366609
2025-07-17:14:29:27,676 INFO     [psi4.optking.stepAlgorithms:98] 	hessian      :    0.5262011992
2025-07-17:14:29:27,676 INFO     [psi4.optking.stepAlgorithms:177] 	Norm of achieved step-size    0.3735474774
2025-07-17:14:29:27,676 INFO     [psi4.optking.stepAlgorithms:179] 	Norm of achieved step-size (cart):    0.2641379543
2025-07-17:14:29:27,676 INFO     [psi4.optking.opt_helper:151] Molsys:

	                            ===> Fragment 1 <== 

	 Z (Atomic Numbers)          Masses                          Geom                  
	       9.000000            18.998403          0.00000000  0.00000000  2.17577191   
	      15.000000            30.973762          0.00000000  0.00000000 -1.40676726   

	 - Coordinate -           - BOHR/RAD -       - ANG/DEG -
	 R(1,2)           =         3.582539           1.895798

2025-07-17:14:29:27,676 INFO     [psi4.optking.convcheck:71] Performing convergence check.
2025-07-17:14:29:27,676 INFO     [psi4.optking.convcheck:263] 
	                                 ==> Convergence Check <==                                  
    
	Measures of convergence in internal coordinates in au.
    
	Criteria marked as inactive (o), active & met (*), and active & unmet ( ).

	----------------------------------------------------------------------------------------------
	   Step    Total Energy     Delta E     Max Force     RMS Force      Max Disp      RMS Disp   
	----------------------------------------------------------------------------------------------
	  Convergence Criteria     1.00e-06 *    3.00e-04 *             o    1.20e-03 *             o
	----------------------------------------------------------------------------------------------
	     4    -440.33577160   -1.07e-01      2.28e-01      2.28e-01 o    3.74e-01      3.74e-01 o  ~
	----------------------------------------------------------------------------------------------


2025-07-17:14:29:27,676 INFO     [psi4.optking.stepAlgorithms:266] 	Convergence check returned False
2025-07-17:14:29:27,690 INFO     [psi4.driver.task_planner:285] PLANNING Atomic:  keywords={'DAMPING_PERCENTAGE': 1.0, 'GEOM_MAXITER': 500, 'SCF__GUESS': 'READ', 'GUESS': 'SAP', 'MAXITER': 500, 'REFERENCE': 'UKS', 'function_kwargs': {}}
2025-07-17:14:29:27,691 INFO     [psi4.driver.driver:636] Compute gradient(): method=b3lyp, basis=cc-pvdz, molecule=default, nre=37.682770136353824
2025-07-17:14:29:28,671 INFO     [psi4.driver.driver:639] Return gradient(): -440.3980377628049
2025-07-17:14:29:28,671 INFO     [psi4.driver.driver:640] [[ 0.00000000 -0.00000000 -0.11568075]
 [ 0.00000000 -0.00000000  0.11563657]]
2025-07-17:14:29:28,672 INFO     [psi4.optking.history:257] 	Performing BFGS update.
2025-07-17:14:29:28,672 INFO     [psi4.optking.history:268] 	Using 4 previous steps for update.
2025-07-17:14:29:28,672 WARNING  [psi4.optking.history:286] 	Change in internal coordinate of 7.17e-01 exceeds limit of 5.00e-01.
2025-07-17:14:29:28,672 WARNING  [psi4.optking.history:291] 	Skipping Hessian update for step 3.
2025-07-17:14:29:28,672 WARNING  [psi4.optking.history:286] 	Change in internal coordinate of 1.03e+00 exceeds limit of 5.00e-01.
2025-07-17:14:29:28,673 WARNING  [psi4.optking.history:291] 	Skipping Hessian update for step 2.
2025-07-17:14:29:28,673 WARNING  [psi4.optking.history:286] 	Change in internal coordinate of 1.31e+00 exceeds limit of 5.00e-01.
2025-07-17:14:29:28,673 WARNING  [psi4.optking.history:291] 	Skipping Hessian update for step 1.
2025-07-17:14:29:28,673 INFO     [psi4.optking.history:302] 	Steps to be used in Hessian update:  4

2025-07-17:14:29:28,673 INFO     [psi4.optking.history:400] 	Updated Hessian (in au) 
 	   0.301911

2025-07-17:14:29:28,673 INFO     [psi4.optking.molsys:874] Projected (PHP) Hessian matrix
	   0.301911

2025-07-17:14:29:28,673 INFO     [psi4.optking.opt_helper:168] 
	         Geometry (au)                                       Gradient (au)
   0.0000000000   0.0000000000   2.2205304734		   0.0000000000  -0.0000000000  -0.1156807490
   0.0000000000   0.0000000000  -1.3620086953		   0.0000000000  -0.0000000000   0.1156365714

2025-07-17:14:29:28,673 INFO     [psi4.optking.stepAlgorithms:315] 	Current Step Report 
 
	Current energy:      -440.3980377628
	Energy change for the previous step:
		Actual       :        -0.0622661655
		Projected    :        -0.0426659692

2025-07-17:14:29:28,673 INFO     [psi4.optking.stepAlgorithms:318] 	Energy ratio =    1.45939
2025-07-17:14:29:28,673 INFO     [psi4.optking.stepAlgorithms:750] 	Using RFO solution 1.
2025-07-17:14:29:28,673 INFO     [psi4.optking.displace:73] 	Determining Cartesian step for fragment 1.
2025-07-17:14:29:28,673 INFO     [psi4.optking.displace:378] 	Successfully converged to displaced geometry.
2025-07-17:14:29:28,673 INFO     [psi4.optking.displace:379] 	RMS(dx):  0.000e+00 	Max(dx):  0.000e+00 	RMS(dq):  0.000e+00
2025-07-17:14:29:28,673 INFO     [psi4.optking.displace:132] 

	        --- Internal Coordinate Step in ANG or DEG, aJ/ANG or AJ/DEG ---
	-------------------------------------------------------------------------------
	           Coordinate      Previous         Force          Change          New 
	           ----------      --------        ------          ------        ------
	               R(1,2)       1.89580        0.95288        0.17942       2.07522
	-------------------------------------------------------------------------------

2025-07-17:14:29:28,673 INFO     [psi4.optking.stepAlgorithms:96] 	|target step| :    0.3390507595
2025-07-17:14:29:28,673 INFO     [psi4.optking.stepAlgorithms:97] 	gradient     :   -0.1156586602
2025-07-17:14:29:28,673 INFO     [psi4.optking.stepAlgorithms:98] 	hessian      :    0.3019107545
2025-07-17:14:29:28,673 INFO     [psi4.optking.stepAlgorithms:177] 	Norm of achieved step-size    0.3390507595
2025-07-17:14:29:28,674 INFO     [psi4.optking.stepAlgorithms:179] 	Norm of achieved step-size (cart):    0.2397450912
2025-07-17:14:29:28,674 INFO     [psi4.optking.opt_helper:151] Molsys:

	                            ===> Fragment 1 <== 

	 Z (Atomic Numbers)          Masses                          Geom                  
	       9.000000            18.998403          0.00000000  0.00000000  2.39005585   
	      15.000000            30.973762          0.00000000  0.00000000 -1.53153408   

	 - Coordinate -           - BOHR/RAD -       - ANG/DEG -
	 R(1,2)           =         3.921590           2.075216

2025-07-17:14:29:28,674 INFO     [psi4.optking.convcheck:71] Performing convergence check.
2025-07-17:14:29:28,674 INFO     [psi4.optking.convcheck:263] 
	                                 ==> Convergence Check <==                                  
    
	Measures of convergence in internal coordinates in au.
    
	Criteria marked as inactive (o), active & met (*), and active & unmet ( ).

	----------------------------------------------------------------------------------------------
	   Step    Total Energy     Delta E     Max Force     RMS Force      Max Disp      RMS Disp   
	----------------------------------------------------------------------------------------------
	  Convergence Criteria     1.00e-06 *    3.00e-04 *             o    1.20e-03 *             o
	----------------------------------------------------------------------------------------------
	     5    -440.39803776   -6.23e-02      1.16e-01      1.16e-01 o    3.39e-01      3.39e-01 o  ~
	----------------------------------------------------------------------------------------------


2025-07-17:14:29:28,674 INFO     [psi4.optking.stepAlgorithms:266] 	Convergence check returned False
2025-07-17:14:29:28,685 INFO     [psi4.driver.task_planner:285] PLANNING Atomic:  keywords={'DAMPING_PERCENTAGE': 1.0, 'GEOM_MAXITER': 500, 'SCF__GUESS': 'READ', 'GUESS': 'SAP', 'MAXITER': 500, 'REFERENCE': 'UKS', 'function_kwargs': {}}
2025-07-17:14:29:28,686 INFO     [psi4.driver.driver:636] Compute gradient(): method=b3lyp, basis=cc-pvdz, molecule=default, nre=34.42481301448605
2025-07-17:14:29:29,618 INFO     [psi4.driver.driver:639] Return gradient(): -440.42652422406485
2025-07-17:14:29:29,618 INFO     [psi4.driver.driver:640] [[-0.00000000  0.00000000 -0.05777142]
 [ 0.00000000  0.00000000  0.05778156]]
2025-07-17:14:29:29,620 INFO     [psi4.optking.history:257] 	Performing BFGS update.
2025-07-17:14:29:29,620 INFO     [psi4.optking.history:268] 	Using 4 previous steps for update.
2025-07-17:14:29:29,620 WARNING  [psi4.optking.history:286] 	Change in internal coordinate of 7.13e-01 exceeds limit of 5.00e-01.
2025-07-17:14:29:29,620 WARNING  [psi4.optking.history:291] 	Skipping Hessian update for step 4.
2025-07-17:14:29:29,620 WARNING  [psi4.optking.history:286] 	Change in internal coordinate of 1.06e+00 exceeds limit of 5.00e-01.
2025-07-17:14:29:29,620 WARNING  [psi4.optking.history:291] 	Skipping Hessian update for step 3.
2025-07-17:14:29:29,620 WARNING  [psi4.optking.history:286] 	Change in internal coordinate of 1.36e+00 exceeds limit of 5.00e-01.
2025-07-17:14:29:29,620 WARNING  [psi4.optking.history:291] 	Skipping Hessian update for step 2.
2025-07-17:14:29:29,620 WARNING  [psi4.optking.history:286] 	Change in internal coordinate of 1.65e+00 exceeds limit of 5.00e-01.
2025-07-17:14:29:29,620 WARNING  [psi4.optking.history:291] 	Skipping Hessian update for step 1.
2025-07-17:14:29:29,620 INFO     [psi4.optking.history:302] 	Steps to be used in Hessian update:  5

2025-07-17:14:29:29,620 INFO     [psi4.optking.history:400] 	Updated Hessian (in au) 
 	   0.170718

2025-07-17:14:29:29,620 INFO     [psi4.optking.molsys:874] Projected (PHP) Hessian matrix
	   0.170718

2025-07-17:14:29:29,620 INFO     [psi4.optking.opt_helper:168] 
	         Geometry (au)                                       Gradient (au)
   0.0000000000   0.0000000000   2.4306810142		  -0.0000000000   0.0000000000  -0.0577714174
   0.0000000000   0.0000000000  -1.4909089141		   0.0000000000   0.0000000000   0.0577815575

2025-07-17:14:29:29,620 INFO     [psi4.optking.stepAlgorithms:315] 	Current Step Report 
 
	Current energy:      -440.4265242241
	Energy change for the previous step:
		Actual       :        -0.0284864613
		Projected    :        -0.0196070783

2025-07-17:14:29:29,620 INFO     [psi4.optking.stepAlgorithms:318] 	Energy ratio =    1.45287
2025-07-17:14:29:29,620 INFO     [psi4.optking.stepAlgorithms:750] 	Using RFO solution 1.
2025-07-17:14:29:29,620 INFO     [psi4.optking.displace:73] 	Determining Cartesian step for fragment 1.
2025-07-17:14:29:29,621 INFO     [psi4.optking.displace:378] 	Successfully converged to displaced geometry.
2025-07-17:14:29:29,621 INFO     [psi4.optking.displace:379] 	RMS(dx):  0.000e+00 	Max(dx):  0.000e+00 	RMS(dq):  0.000e+00
2025-07-17:14:29:29,621 INFO     [psi4.optking.displace:132] 

	        --- Internal Coordinate Step in ANG or DEG, aJ/ANG or AJ/DEG ---
	-------------------------------------------------------------------------------
	           Coordinate      Previous         Force          Change          New 
	           ----------      --------        ------          ------        ------
	               R(1,2)       2.07522        0.47600        0.16225       2.23747
	-------------------------------------------------------------------------------

2025-07-17:14:29:29,621 INFO     [psi4.optking.stepAlgorithms:96] 	|target step| :    0.3066148343
2025-07-17:14:29:29,621 INFO     [psi4.optking.stepAlgorithms:97] 	gradient     :   -0.0577764875
2025-07-17:14:29:29,621 INFO     [psi4.optking.stepAlgorithms:98] 	hessian      :    0.1707183102
2025-07-17:14:29:29,621 INFO     [psi4.optking.stepAlgorithms:177] 	Norm of achieved step-size    0.3066148343
2025-07-17:14:29:29,621 INFO     [psi4.optking.stepAlgorithms:179] 	Norm of achieved step-size (cart):    0.2168094285
2025-07-17:14:29:29,621 INFO     [psi4.optking.opt_helper:151] Molsys:

	                            ===> Fragment 1 <== 

	 Z (Atomic Numbers)          Masses                          Geom                  
	       9.000000            18.998403          0.00000000  0.00000000  2.58398843   
	      15.000000            30.973762          0.00000000  0.00000000 -1.64421633   

	 - Coordinate -           - BOHR/RAD -       - ANG/DEG -
	 R(1,2)           =         4.228205           2.237470

2025-07-17:14:29:29,621 INFO     [psi4.optking.convcheck:71] Performing convergence check.
2025-07-17:14:29:29,621 INFO     [psi4.optking.convcheck:263] 
	                                 ==> Convergence Check <==                                  
    
	Measures of convergence in internal coordinates in au.
    
	Criteria marked as inactive (o), active & met (*), and active & unmet ( ).

	----------------------------------------------------------------------------------------------
	   Step    Total Energy     Delta E     Max Force     RMS Force      Max Disp      RMS Disp   
	----------------------------------------------------------------------------------------------
	  Convergence Criteria     1.00e-06 *    3.00e-04 *             o    1.20e-03 *             o
	----------------------------------------------------------------------------------------------
	     6    -440.42652422   -2.85e-02      5.78e-02      5.78e-02 o    3.07e-01      3.07e-01 o  ~
	----------------------------------------------------------------------------------------------


2025-07-17:14:29:29,621 INFO     [psi4.optking.stepAlgorithms:266] 	Convergence check returned False
2025-07-17:14:29:29,637 INFO     [psi4.driver.task_planner:285] PLANNING Atomic:  keywords={'DAMPING_PERCENTAGE': 1.0, 'GEOM_MAXITER': 500, 'SCF__GUESS': 'READ', 'GUESS': 'SAP', 'MAXITER': 500, 'REFERENCE': 'UKS', 'function_kwargs': {}}
2025-07-17:14:29:29,640 INFO     [psi4.driver.driver:636] Compute gradient(): method=b3lyp, basis=cc-pvdz, molecule=default, nre=31.928444240816223
2025-07-17:14:29:30,564 INFO     [psi4.driver.driver:639] Return gradient(): -440.439268013401
2025-07-17:14:29:30,565 INFO     [psi4.driver.driver:640] [[-0.00000000  0.00000000 -0.02803520]
 [ 0.00000000 -0.00000000  0.02807336]]
2025-07-17:14:29:30,566 INFO     [psi4.optking.history:257] 	Performing BFGS update.
2025-07-17:14:29:30,566 INFO     [psi4.optking.history:268] 	Using 4 previous steps for update.
2025-07-17:14:29:30,566 WARNING  [psi4.optking.history:286] 	Change in internal coordinate of 6.46e-01 exceeds limit of 5.00e-01.
2025-07-17:14:29:30,566 WARNING  [psi4.optking.history:291] 	Skipping Hessian update for step 5.
2025-07-17:14:29:30,566 WARNING  [psi4.optking.history:286] 	Change in internal coordinate of 1.02e+00 exceeds limit of 5.00e-01.
2025-07-17:14:29:30,566 WARNING  [psi4.optking.history:291] 	Skipping Hessian update for step 4.
2025-07-17:14:29:30,566 WARNING  [psi4.optking.history:286] 	Change in internal coordinate of 1.36e+00 exceeds limit of 5.00e-01.
2025-07-17:14:29:30,566 WARNING  [psi4.optking.history:291] 	Skipping Hessian update for step 3.
2025-07-17:14:29:30,566 WARNING  [psi4.optking.history:286] 	Change in internal coordinate of 1.67e+00 exceeds limit of 5.00e-01.
2025-07-17:14:29:30,566 WARNING  [psi4.optking.history:291] 	Skipping Hessian update for step 2.
2025-07-17:14:29:30,566 WARNING  [psi4.optking.history:286] 	Change in internal coordinate of 1.96e+00 exceeds limit of 5.00e-01.
2025-07-17:14:29:30,566 WARNING  [psi4.optking.history:291] 	Skipping Hessian update for step 1.
2025-07-17:14:29:30,566 INFO     [psi4.optking.history:302] 	Steps to be used in Hessian update:  6

2025-07-17:14:29:30,566 INFO     [psi4.optking.history:400] 	Updated Hessian (in au) 
 	   0.096937

2025-07-17:14:29:30,567 INFO     [psi4.optking.molsys:874] Projected (PHP) Hessian matrix
	   0.096937

2025-07-17:14:29:30,567 INFO     [psi4.optking.opt_helper:168] 
	         Geometry (au)                                       Gradient (au)
   0.0000000000   0.0000000000   2.6207271103		  -0.0000000000   0.0000000000  -0.0280351964
   0.0000000000   0.0000000000  -1.6074776523		   0.0000000000  -0.0000000000   0.0280733593

2025-07-17:14:29:30,567 INFO     [psi4.optking.stepAlgorithms:315] 	Current Step Report 
 
	Current energy:      -440.4392680134
	Energy change for the previous step:
		Actual       :        -0.0127437893
		Projected    :        -0.0088575641

2025-07-17:14:29:30,567 INFO     [psi4.optking.stepAlgorithms:318] 	Energy ratio =    1.43875
2025-07-17:14:29:30,567 INFO     [psi4.optking.stepAlgorithms:750] 	Using RFO solution 1.
2025-07-17:14:29:30,567 INFO     [psi4.optking.displace:73] 	Determining Cartesian step for fragment 1.
2025-07-17:14:29:30,567 INFO     [psi4.optking.displace:378] 	Successfully converged to displaced geometry.
2025-07-17:14:29:30,567 INFO     [psi4.optking.displace:379] 	RMS(dx):  0.000e+00 	Max(dx):  0.000e+00 	RMS(dq):  0.000e+00
2025-07-17:14:29:30,567 INFO     [psi4.optking.displace:132] 

	        --- Internal Coordinate Step in ANG or DEG, aJ/ANG or AJ/DEG ---
	-------------------------------------------------------------------------------
	           Coordinate      Previous         Force          Change          New 
	           ----------      --------        ------          ------        ------
	               R(1,2)       2.23747        0.23113        0.14210       2.37957
	-------------------------------------------------------------------------------

2025-07-17:14:29:30,567 INFO     [psi4.optking.stepAlgorithms:96] 	|target step| :    0.2685383552
2025-07-17:14:29:30,567 INFO     [psi4.optking.stepAlgorithms:97] 	gradient     :   -0.0280542778
2025-07-17:14:29:30,567 INFO     [psi4.optking.stepAlgorithms:98] 	hessian      :    0.0969366329
2025-07-17:14:29:30,567 INFO     [psi4.optking.stepAlgorithms:177] 	Norm of achieved step-size    0.2685383552
2025-07-17:14:29:30,567 INFO     [psi4.optking.stepAlgorithms:179] 	Norm of achieved step-size (cart):    0.1898852920
2025-07-17:14:29:30,567 INFO     [psi4.optking.opt_helper:151] Molsys:

	                            ===> Fragment 1 <== 

	 Z (Atomic Numbers)          Masses                          Geom                  
	       9.000000            18.998403          0.00000000  0.00000000  2.75499629   
	      15.000000            30.973762          0.00000000  0.00000000 -1.74174683   

	 - Coordinate -           - BOHR/RAD -       - ANG/DEG -
	 R(1,2)           =         4.496743           2.379574

2025-07-17:14:29:30,567 INFO     [psi4.optking.convcheck:71] Performing convergence check.
2025-07-17:14:29:30,568 INFO     [psi4.optking.convcheck:263] 
	                                 ==> Convergence Check <==                                  
    
	Measures of convergence in internal coordinates in au.
    
	Criteria marked as inactive (o), active & met (*), and active & unmet ( ).

	----------------------------------------------------------------------------------------------
	   Step    Total Energy     Delta E     Max Force     RMS Force      Max Disp      RMS Disp   
	----------------------------------------------------------------------------------------------
	  Convergence Criteria     1.00e-06 *    3.00e-04 *             o    1.20e-03 *             o
	----------------------------------------------------------------------------------------------
	     7    -440.43926801   -1.27e-02      2.81e-02      2.81e-02 o    2.69e-01      2.69e-01 o  ~
	----------------------------------------------------------------------------------------------


2025-07-17:14:29:30,568 INFO     [psi4.optking.stepAlgorithms:266] 	Convergence check returned False
2025-07-17:14:29:30,583 INFO     [psi4.driver.task_planner:285] PLANNING Atomic:  keywords={'DAMPING_PERCENTAGE': 1.0, 'GEOM_MAXITER': 500, 'SCF__GUESS': 'READ', 'GUESS': 'SAP', 'MAXITER': 500, 'REFERENCE': 'UKS', 'function_kwargs': {}}
2025-07-17:14:29:30,585 INFO     [psi4.driver.driver:636] Compute gradient(): method=b3lyp, basis=cc-pvdz, molecule=default, nre=30.0217282741885
2025-07-17:14:29:31,508 INFO     [psi4.driver.driver:639] Return gradient(): -440.4446110176299
2025-07-17:14:29:31,509 INFO     [psi4.driver.driver:640] [[ 0.00000000 -0.00000000 -0.01302844]
 [ 0.00000000  0.00000000  0.01306719]]
2025-07-17:14:29:31,510 INFO     [psi4.optking.history:257] 	Performing BFGS update.
2025-07-17:14:29:31,510 INFO     [psi4.optking.history:268] 	Using 4 previous steps for update.
2025-07-17:14:29:31,510 WARNING  [psi4.optking.history:286] 	Change in internal coordinate of 5.75e-01 exceeds limit of 5.00e-01.
2025-07-17:14:29:31,510 WARNING  [psi4.optking.history:291] 	Skipping Hessian update for step 6.
2025-07-17:14:29:31,511 WARNING  [psi4.optking.history:286] 	Change in internal coordinate of 9.14e-01 exceeds limit of 5.00e-01.
2025-07-17:14:29:31,511 WARNING  [psi4.optking.history:291] 	Skipping Hessian update for step 5.
2025-07-17:14:29:31,511 WARNING  [psi4.optking.history:286] 	Change in internal coordinate of 1.29e+00 exceeds limit of 5.00e-01.
2025-07-17:14:29:31,511 WARNING  [psi4.optking.history:291] 	Skipping Hessian update for step 4.
2025-07-17:14:29:31,511 WARNING  [psi4.optking.history:286] 	Change in internal coordinate of 1.63e+00 exceeds limit of 5.00e-01.
2025-07-17:14:29:31,511 WARNING  [psi4.optking.history:291] 	Skipping Hessian update for step 3.
2025-07-17:14:29:31,511 WARNING  [psi4.optking.history:286] 	Change in internal coordinate of 1.94e+00 exceeds limit of 5.00e-01.
2025-07-17:14:29:31,511 WARNING  [psi4.optking.history:291] 	Skipping Hessian update for step 2.
2025-07-17:14:29:31,511 WARNING  [psi4.optking.history:286] 	Change in internal coordinate of 2.23e+00 exceeds limit of 5.00e-01.
2025-07-17:14:29:31,511 WARNING  [psi4.optking.history:291] 	Skipping Hessian update for step 1.
2025-07-17:14:29:31,511 INFO     [psi4.optking.history:302] 	Steps to be used in Hessian update:  7

2025-07-17:14:29:31,511 INFO     [psi4.optking.history:400] 	Updated Hessian (in au) 
 	   0.055882

2025-07-17:14:29:31,512 INFO     [psi4.optking.molsys:874] Projected (PHP) Hessian matrix
	   0.055882

2025-07-17:14:29:31,512 INFO     [psi4.optking.opt_helper:168] 
	         Geometry (au)                                       Gradient (au)
   0.0000000000   0.0000000000   2.7871726320		   0.0000000000  -0.0000000000  -0.0130284368
   0.0000000000   0.0000000000  -1.7095704858		   0.0000000000   0.0000000000   0.0130671896

2025-07-17:14:29:31,512 INFO     [psi4.optking.stepAlgorithms:315] 	Current Step Report 
 
	Current energy:      -440.4446110176
	Energy change for the previous step:
		Actual       :        -0.0053430042
		Projected    :        -0.0037668248

2025-07-17:14:29:31,512 INFO     [psi4.optking.stepAlgorithms:318] 	Energy ratio =    1.41844
2025-07-17:14:29:31,512 INFO     [psi4.optking.stepAlgorithms:750] 	Using RFO solution 1.
2025-07-17:14:29:31,512 INFO     [psi4.optking.displace:73] 	Determining Cartesian step for fragment 1.
2025-07-17:14:29:31,513 INFO     [psi4.optking.displace:378] 	Successfully converged to displaced geometry.
2025-07-17:14:29:31,513 INFO     [psi4.optking.displace:379] 	RMS(dx):  0.000e+00 	Max(dx):  0.000e+00 	RMS(dq):  0.000e+00
2025-07-17:14:29:31,513 INFO     [psi4.optking.displace:132] 

	        --- Internal Coordinate Step in ANG or DEG, aJ/ANG or AJ/DEG ---
	-------------------------------------------------------------------------------
	           Coordinate      Previous         Force          Change          New 
	           ----------      --------        ------          ------        ------
	               R(1,2)       2.37957        0.10750        0.11747       2.49704
	-------------------------------------------------------------------------------

2025-07-17:14:29:31,513 INFO     [psi4.optking.stepAlgorithms:96] 	|target step| :    0.2219830927
2025-07-17:14:29:31,513 INFO     [psi4.optking.stepAlgorithms:97] 	gradient     :   -0.0130478132
2025-07-17:14:29:31,513 INFO     [psi4.optking.stepAlgorithms:98] 	hessian      :    0.0558820159
2025-07-17:14:29:31,513 INFO     [psi4.optking.stepAlgorithms:177] 	Norm of achieved step-size    0.2219830927
2025-07-17:14:29:31,513 INFO     [psi4.optking.stepAlgorithms:179] 	Norm of achieved step-size (cart):    0.1569657502
2025-07-17:14:29:31,513 INFO     [psi4.optking.opt_helper:151] Molsys:

	                            ===> Fragment 1 <== 

	 Z (Atomic Numbers)          Masses                          Geom                  
	       9.000000            18.998403          0.00000000  0.00000000  2.89816418   
	      15.000000            30.973762          0.00000000  0.00000000 -1.82056203   

	 - Coordinate -           - BOHR/RAD -       - ANG/DEG -
	 R(1,2)           =         4.718726           2.497042

2025-07-17:14:29:31,514 INFO     [psi4.optking.convcheck:71] Performing convergence check.
2025-07-17:14:29:31,514 INFO     [psi4.optking.convcheck:263] 
	                                 ==> Convergence Check <==                                  
    
	Measures of convergence in internal coordinates in au.
    
	Criteria marked as inactive (o), active & met (*), and active & unmet ( ).

	----------------------------------------------------------------------------------------------
	   Step    Total Energy     Delta E     Max Force     RMS Force      Max Disp      RMS Disp   
	----------------------------------------------------------------------------------------------
	  Convergence Criteria     1.00e-06 *    3.00e-04 *             o    1.20e-03 *             o
	----------------------------------------------------------------------------------------------
	     8    -440.44461102   -5.34e-03      1.30e-02      1.30e-02 o    2.22e-01      2.22e-01 o  ~
	----------------------------------------------------------------------------------------------


2025-07-17:14:29:31,514 INFO     [psi4.optking.stepAlgorithms:266] 	Convergence check returned False
2025-07-17:14:29:31,532 INFO     [psi4.driver.task_planner:285] PLANNING Atomic:  keywords={'DAMPING_PERCENTAGE': 1.0, 'GEOM_MAXITER': 500, 'SCF__GUESS': 'READ', 'GUESS': 'SAP', 'MAXITER': 500, 'REFERENCE': 'UKS', 'function_kwargs': {}}
2025-07-17:14:29:31,533 INFO     [psi4.driver.driver:636] Compute gradient(): method=b3lyp, basis=cc-pvdz, molecule=default, nre=28.609415757144355
2025-07-17:14:29:32,406 INFO     [psi4.driver.driver:639] Return gradient(): -440.44661923137176
2025-07-17:14:29:32,406 INFO     [psi4.driver.driver:640] [[ 0.00000000 -0.00000000 -0.00563017]
 [ 0.00000000 -0.00000000  0.00565755]]
2025-07-17:14:29:32,408 INFO     [psi4.optking.history:257] 	Performing BFGS update.
2025-07-17:14:29:32,409 INFO     [psi4.optking.history:268] 	Using 4 previous steps for update.
2025-07-17:14:29:32,409 WARNING  [psi4.optking.history:286] 	Change in internal coordinate of 7.97e-01 exceeds limit of 5.00e-01.
2025-07-17:14:29:32,409 WARNING  [psi4.optking.history:291] 	Skipping Hessian update for step 6.
2025-07-17:14:29:32,409 WARNING  [psi4.optking.history:286] 	Change in internal coordinate of 1.14e+00 exceeds limit of 5.00e-01.
2025-07-17:14:29:32,409 WARNING  [psi4.optking.history:291] 	Skipping Hessian update for step 5.
2025-07-17:14:29:32,409 WARNING  [psi4.optking.history:286] 	Change in internal coordinate of 1.51e+00 exceeds limit of 5.00e-01.
2025-07-17:14:29:32,409 WARNING  [psi4.optking.history:291] 	Skipping Hessian update for step 4.
2025-07-17:14:29:32,409 WARNING  [psi4.optking.history:286] 	Change in internal coordinate of 1.85e+00 exceeds limit of 5.00e-01.
2025-07-17:14:29:32,409 WARNING  [psi4.optking.history:291] 	Skipping Hessian update for step 3.
2025-07-17:14:29:32,409 WARNING  [psi4.optking.history:286] 	Change in internal coordinate of 2.16e+00 exceeds limit of 5.00e-01.
2025-07-17:14:29:32,409 WARNING  [psi4.optking.history:291] 	Skipping Hessian update for step 2.
2025-07-17:14:29:32,410 WARNING  [psi4.optking.history:286] 	Change in internal coordinate of 2.45e+00 exceeds limit of 5.00e-01.
2025-07-17:14:29:32,410 WARNING  [psi4.optking.history:291] 	Skipping Hessian update for step 1.
2025-07-17:14:29:32,410 INFO     [psi4.optking.history:302] 	Steps to be used in Hessian update:  8 7

2025-07-17:14:29:32,410 INFO     [psi4.optking.history:400] 	Updated Hessian (in au) 
 	   0.045687

2025-07-17:14:29:32,410 INFO     [psi4.optking.molsys:874] Projected (PHP) Hessian matrix
	   0.045687

2025-07-17:14:29:32,410 INFO     [psi4.optking.opt_helper:168] 
	         Geometry (au)                                       Gradient (au)
   0.0000000000   0.0000000000   2.9247622573		   0.0000000000  -0.0000000000  -0.0056301670
   0.0000000000   0.0000000000  -1.7939639532		   0.0000000000  -0.0000000000   0.0056575480

2025-07-17:14:29:32,410 INFO     [psi4.optking.stepAlgorithms:315] 	Current Step Report 
 
	Current energy:      -440.4466192314
	Energy change for the previous step:
		Actual       :        -0.0020082137
		Projected    :        -0.0014481970

2025-07-17:14:29:32,410 INFO     [psi4.optking.stepAlgorithms:318] 	Energy ratio =    1.38670
2025-07-17:14:29:32,410 INFO     [psi4.optking.stepAlgorithms:750] 	Using RFO solution 1.
2025-07-17:14:29:32,411 INFO     [psi4.optking.displace:73] 	Determining Cartesian step for fragment 1.
2025-07-17:14:29:32,411 INFO     [psi4.optking.displace:378] 	Successfully converged to displaced geometry.
2025-07-17:14:29:32,411 INFO     [psi4.optking.displace:379] 	RMS(dx):  0.000e+00 	Max(dx):  0.000e+00 	RMS(dq):  0.000e+00
2025-07-17:14:29:32,411 INFO     [psi4.optking.displace:132] 

	        --- Internal Coordinate Step in ANG or DEG, aJ/ANG or AJ/DEG ---
	-------------------------------------------------------------------------------
	           Coordinate      Previous         Force          Change          New 
	           ----------      --------        ------          ------        ------
	               R(1,2)       2.49704        0.04650        0.06440       2.56145
	-------------------------------------------------------------------------------

2025-07-17:14:29:32,411 INFO     [psi4.optking.stepAlgorithms:96] 	|target step| :    0.1217035543
2025-07-17:14:29:32,411 INFO     [psi4.optking.stepAlgorithms:97] 	gradient     :   -0.0056438575
2025-07-17:14:29:32,411 INFO     [psi4.optking.stepAlgorithms:98] 	hessian      :    0.0456869326
2025-07-17:14:29:32,411 INFO     [psi4.optking.stepAlgorithms:177] 	Norm of achieved step-size    0.1217035543
2025-07-17:14:29:32,411 INFO     [psi4.optking.stepAlgorithms:179] 	Norm of achieved step-size (cart):    0.0860574086
2025-07-17:14:29:32,412 INFO     [psi4.optking.opt_helper:151] Molsys:

	                            ===> Fragment 1 <== 

	 Z (Atomic Numbers)          Masses                          Geom                  
	       9.000000            18.998403          0.00000000  0.00000000  2.98561403   
	      15.000000            30.973762          0.00000000  0.00000000 -1.85481573   

	 - Coordinate -           - BOHR/RAD -       - ANG/DEG -
	 R(1,2)           =         4.840430           2.561445

2025-07-17:14:29:32,412 INFO     [psi4.optking.convcheck:71] Performing convergence check.
2025-07-17:14:29:32,412 INFO     [psi4.optking.convcheck:263] 
	                                 ==> Convergence Check <==                                  
    
	Measures of convergence in internal coordinates in au.
    
	Criteria marked as inactive (o), active & met (*), and active & unmet ( ).

	----------------------------------------------------------------------------------------------
	   Step    Total Energy     Delta E     Max Force     RMS Force      Max Disp      RMS Disp   
	----------------------------------------------------------------------------------------------
	  Convergence Criteria     1.00e-06 *    3.00e-04 *             o    1.20e-03 *             o
	----------------------------------------------------------------------------------------------
	     9    -440.44661923   -2.01e-03      5.64e-03      5.64e-03 o    1.22e-01      1.22e-01 o  ~
	----------------------------------------------------------------------------------------------


2025-07-17:14:29:32,412 INFO     [psi4.optking.stepAlgorithms:266] 	Convergence check returned False
2025-07-17:14:29:32,424 INFO     [psi4.driver.task_planner:285] PLANNING Atomic:  keywords={'DAMPING_PERCENTAGE': 1.0, 'GEOM_MAXITER': 500, 'SCF__GUESS': 'READ', 'GUESS': 'SAP', 'MAXITER': 500, 'REFERENCE': 'UKS', 'function_kwargs': {}}
2025-07-17:14:29:32,426 INFO     [psi4.driver.driver:636] Compute gradient(): method=b3lyp, basis=cc-pvdz, molecule=default, nre=27.890085500423165
2025-07-17:14:29:33,307 INFO     [psi4.driver.driver:639] Return gradient(): -440.4471314111093
2025-07-17:14:29:33,307 INFO     [psi4.driver.driver:640] [[ 0.00000000 -0.00000000 -0.00291990]
 [ 0.00000000 -0.00000000  0.00293447]]
2025-07-17:14:29:33,311 INFO     [psi4.optking.history:257] 	Performing BFGS update.
2025-07-17:14:29:33,311 INFO     [psi4.optking.history:268] 	Using 4 previous steps for update.
2025-07-17:14:29:33,311 WARNING  [psi4.optking.history:286] 	Change in internal coordinate of 6.12e-01 exceeds limit of 5.00e-01.
2025-07-17:14:29:33,311 WARNING  [psi4.optking.history:291] 	Skipping Hessian update for step 7.
2025-07-17:14:29:33,311 WARNING  [psi4.optking.history:286] 	Change in internal coordinate of 9.19e-01 exceeds limit of 5.00e-01.
2025-07-17:14:29:33,311 WARNING  [psi4.optking.history:291] 	Skipping Hessian update for step 6.
2025-07-17:14:29:33,311 WARNING  [psi4.optking.history:286] 	Change in internal coordinate of 1.26e+00 exceeds limit of 5.00e-01.
2025-07-17:14:29:33,311 WARNING  [psi4.optking.history:291] 	Skipping Hessian update for step 5.
2025-07-17:14:29:33,311 WARNING  [psi4.optking.history:286] 	Change in internal coordinate of 1.63e+00 exceeds limit of 5.00e-01.
2025-07-17:14:29:33,311 WARNING  [psi4.optking.history:291] 	Skipping Hessian update for step 4.
2025-07-17:14:29:33,311 WARNING  [psi4.optking.history:286] 	Change in internal coordinate of 1.98e+00 exceeds limit of 5.00e-01.
2025-07-17:14:29:33,311 WARNING  [psi4.optking.history:291] 	Skipping Hessian update for step 3.
2025-07-17:14:29:33,312 WARNING  [psi4.optking.history:286] 	Change in internal coordinate of 2.28e+00 exceeds limit of 5.00e-01.
2025-07-17:14:29:33,312 WARNING  [psi4.optking.history:291] 	Skipping Hessian update for step 2.
2025-07-17:14:29:33,312 WARNING  [psi4.optking.history:286] 	Change in internal coordinate of 2.57e+00 exceeds limit of 5.00e-01.
2025-07-17:14:29:33,312 WARNING  [psi4.optking.history:291] 	Skipping Hessian update for step 1.
2025-07-17:14:29:33,312 INFO     [psi4.optking.history:302] 	Steps to be used in Hessian update:  9 8

2025-07-17:14:29:33,312 INFO     [psi4.optking.history:400] 	Updated Hessian (in au) 
 	   0.029447

2025-07-17:14:29:33,312 INFO     [psi4.optking.molsys:874] Projected (PHP) Hessian matrix
	   0.029447

2025-07-17:14:29:33,312 INFO     [psi4.optking.opt_helper:168] 
	         Geometry (au)                                       Gradient (au)
   0.0000000000   0.0000000000   3.0001965899		   0.0000000000  -0.0000000000  -0.0029199001
   0.0000000000   0.0000000000  -1.8402331749		   0.0000000000  -0.0000000000   0.0029344684

2025-07-17:14:29:33,312 INFO     [psi4.optking.stepAlgorithms:315] 	Current Step Report 
 
	Current energy:      -440.4471314111
	Energy change for the previous step:
		Actual       :        -0.0005121797
		Projected    :        -0.0003434388

2025-07-17:14:29:33,312 INFO     [psi4.optking.stepAlgorithms:318] 	Energy ratio =    1.49133
2025-07-17:14:29:33,312 INFO     [psi4.optking.stepAlgorithms:750] 	Using RFO solution 1.
2025-07-17:14:29:33,313 INFO     [psi4.optking.displace:73] 	Determining Cartesian step for fragment 1.
2025-07-17:14:29:33,313 INFO     [psi4.optking.displace:378] 	Successfully converged to displaced geometry.
2025-07-17:14:29:33,313 INFO     [psi4.optking.displace:379] 	RMS(dx):  2.564e-16 	Max(dx):  4.441e-16 	RMS(dq):  8.882e-16
2025-07-17:14:29:33,313 INFO     [psi4.optking.displace:132] 

	        --- Internal Coordinate Step in ANG or DEG, aJ/ANG or AJ/DEG ---
	-------------------------------------------------------------------------------
	           Coordinate      Previous         Force          Change          New 
	           ----------      --------        ------          ------        ------
	               R(1,2)       2.56145        0.02412        0.05209       2.61354
	-------------------------------------------------------------------------------

2025-07-17:14:29:33,313 INFO     [psi4.optking.stepAlgorithms:96] 	|target step| :    0.0984410196
2025-07-17:14:29:33,313 INFO     [psi4.optking.stepAlgorithms:97] 	gradient     :   -0.0029271843
2025-07-17:14:29:33,313 INFO     [psi4.optking.stepAlgorithms:98] 	hessian      :    0.0294472568
2025-07-17:14:29:33,313 INFO     [psi4.optking.stepAlgorithms:177] 	Norm of achieved step-size    0.0984410196
2025-07-17:14:29:33,313 INFO     [psi4.optking.stepAlgorithms:179] 	Norm of achieved step-size (cart):    0.0696083125
2025-07-17:14:29:33,313 INFO     [psi4.optking.opt_helper:151] Molsys:

	                            ===> Fragment 1 <== 

	 Z (Atomic Numbers)          Masses                          Geom                  
	       9.000000            18.998403          0.00000000  0.00000000  3.04941710   
	      15.000000            30.973762          0.00000000  0.00000000 -1.88945368   

	 - Coordinate -           - BOHR/RAD -       - ANG/DEG -
	 R(1,2)           =         4.938871           2.613538

2025-07-17:14:29:33,314 INFO     [psi4.optking.convcheck:71] Performing convergence check.
2025-07-17:14:29:33,314 INFO     [psi4.optking.convcheck:263] 
	                                 ==> Convergence Check <==                                  
    
	Measures of convergence in internal coordinates in au.
    
	Criteria marked as inactive (o), active & met (*), and active & unmet ( ).

	----------------------------------------------------------------------------------------------
	   Step    Total Energy     Delta E     Max Force     RMS Force      Max Disp      RMS Disp   
	----------------------------------------------------------------------------------------------
	  Convergence Criteria     1.00e-06 *    3.00e-04 *             o    1.20e-03 *             o
	----------------------------------------------------------------------------------------------
	    10    -440.44713141   -5.12e-04      2.93e-03      2.93e-03 o    9.84e-02      9.84e-02 o  ~
	----------------------------------------------------------------------------------------------


2025-07-17:14:29:33,314 INFO     [psi4.optking.stepAlgorithms:266] 	Convergence check returned False
2025-07-17:14:29:33,326 INFO     [psi4.driver.task_planner:285] PLANNING Atomic:  keywords={'DAMPING_PERCENTAGE': 1.0, 'GEOM_MAXITER': 500, 'SCF__GUESS': 'READ', 'GUESS': 'SAP', 'MAXITER': 500, 'REFERENCE': 'UKS', 'function_kwargs': {}}
2025-07-17:14:29:33,328 INFO     [psi4.driver.driver:636] Compute gradient(): method=b3lyp, basis=cc-pvdz, molecule=default, nre=27.334183438341466
2025-07-17:14:29:34,254 INFO     [psi4.driver.driver:639] Return gradient(): -440.4473329782661
2025-07-17:14:29:34,254 INFO     [psi4.driver.driver:640] [[-0.00000000  0.00000000 -0.00125210]
 [ 0.00000000 -0.00000000  0.00125895]]
2025-07-17:14:29:34,256 INFO     [psi4.optking.history:257] 	Performing BFGS update.
2025-07-17:14:29:34,256 INFO     [psi4.optking.history:268] 	Using 4 previous steps for update.
2025-07-17:14:29:34,257 WARNING  [psi4.optking.history:286] 	Change in internal coordinate of 7.11e-01 exceeds limit of 5.00e-01.
2025-07-17:14:29:34,257 WARNING  [psi4.optking.history:291] 	Skipping Hessian update for step 7.
2025-07-17:14:29:34,257 WARNING  [psi4.optking.history:286] 	Change in internal coordinate of 1.02e+00 exceeds limit of 5.00e-01.
2025-07-17:14:29:34,257 WARNING  [psi4.optking.history:291] 	Skipping Hessian update for step 6.
2025-07-17:14:29:34,257 WARNING  [psi4.optking.history:286] 	Change in internal coordinate of 1.36e+00 exceeds limit of 5.00e-01.
2025-07-17:14:29:34,257 WARNING  [psi4.optking.history:291] 	Skipping Hessian update for step 5.
2025-07-17:14:29:34,257 WARNING  [psi4.optking.history:286] 	Change in internal coordinate of 1.73e+00 exceeds limit of 5.00e-01.
2025-07-17:14:29:34,257 WARNING  [psi4.optking.history:291] 	Skipping Hessian update for step 4.
2025-07-17:14:29:34,257 WARNING  [psi4.optking.history:286] 	Change in internal coordinate of 2.07e+00 exceeds limit of 5.00e-01.
2025-07-17:14:29:34,257 WARNING  [psi4.optking.history:291] 	Skipping Hessian update for step 3.
2025-07-17:14:29:34,257 WARNING  [psi4.optking.history:286] 	Change in internal coordinate of 2.38e+00 exceeds limit of 5.00e-01.
2025-07-17:14:29:34,257 WARNING  [psi4.optking.history:291] 	Skipping Hessian update for step 2.
2025-07-17:14:29:34,257 WARNING  [psi4.optking.history:286] 	Change in internal coordinate of 2.67e+00 exceeds limit of 5.00e-01.
2025-07-17:14:29:34,257 WARNING  [psi4.optking.history:291] 	Skipping Hessian update for step 1.
2025-07-17:14:29:34,257 INFO     [psi4.optking.history:302] 	Steps to be used in Hessian update:  10 9 8

2025-07-17:14:29:34,257 INFO     [psi4.optking.history:400] 	Updated Hessian (in au) 
 	   0.026672

2025-07-17:14:29:34,257 INFO     [psi4.optking.molsys:874] Projected (PHP) Hessian matrix
	   0.026672

2025-07-17:14:29:34,257 INFO     [psi4.optking.opt_helper:168] 
	         Geometry (au)                                       Gradient (au)
   0.0000000000   0.0000000000   3.0612123314		  -0.0000000000   0.0000000000  -0.0012520982
   0.0000000000   0.0000000000  -1.8776584530		   0.0000000000  -0.0000000000   0.0012589505

2025-07-17:14:29:34,257 INFO     [psi4.optking.stepAlgorithms:315] 	Current Step Report 
 
	Current energy:      -440.4473329783
	Energy change for the previous step:
		Actual       :        -0.0002015672
		Projected    :        -0.0001440775

2025-07-17:14:29:34,257 INFO     [psi4.optking.stepAlgorithms:318] 	Energy ratio =    1.39902
2025-07-17:14:29:34,257 INFO     [psi4.optking.stepAlgorithms:750] 	Using RFO solution 1.
2025-07-17:14:29:34,257 INFO     [psi4.optking.displace:73] 	Determining Cartesian step for fragment 1.
2025-07-17:14:29:34,258 INFO     [psi4.optking.displace:378] 	Successfully converged to displaced geometry.
2025-07-17:14:29:34,258 INFO     [psi4.optking.displace:379] 	RMS(dx):  0.000e+00 	Max(dx):  0.000e+00 	RMS(dq):  0.000e+00
2025-07-17:14:29:34,258 INFO     [psi4.optking.displace:132] 

	        --- Internal Coordinate Step in ANG or DEG, aJ/ANG or AJ/DEG ---
	-------------------------------------------------------------------------------
	           Coordinate      Previous         Force          Change          New 
	           ----------      --------        ------          ------        ------
	               R(1,2)       2.61354        0.01034        0.02486       2.63839
	-------------------------------------------------------------------------------

2025-07-17:14:29:34,258 INFO     [psi4.optking.stepAlgorithms:96] 	|target step| :    0.0469694589
2025-07-17:14:29:34,258 INFO     [psi4.optking.stepAlgorithms:97] 	gradient     :   -0.0012555244
2025-07-17:14:29:34,258 INFO     [psi4.optking.stepAlgorithms:98] 	hessian      :    0.0266716827
2025-07-17:14:29:34,258 INFO     [psi4.optking.stepAlgorithms:177] 	Norm of achieved step-size    0.0469694589
2025-07-17:14:29:34,258 INFO     [psi4.optking.stepAlgorithms:179] 	Norm of achieved step-size (cart):    0.0332124229
2025-07-17:14:29:34,258 INFO     [psi4.optking.opt_helper:151] Molsys:

	                            ===> Fragment 1 <== 

	 Z (Atomic Numbers)          Masses                          Geom                  
	       9.000000            18.998403          0.00000000  0.00000000  3.08469706   
	      15.000000            30.973762          0.00000000  0.00000000 -1.90114318   

	 - Coordinate -           - BOHR/RAD -       - ANG/DEG -
	 R(1,2)           =         4.985840           2.638393

2025-07-17:14:29:34,258 INFO     [psi4.optking.convcheck:71] Performing convergence check.
2025-07-17:14:29:34,258 INFO     [psi4.optking.convcheck:263] 
	                                 ==> Convergence Check <==                                  
    
	Measures of convergence in internal coordinates in au.
    
	Criteria marked as inactive (o), active & met (*), and active & unmet ( ).

	----------------------------------------------------------------------------------------------
	   Step    Total Energy     Delta E     Max Force     RMS Force      Max Disp      RMS Disp   
	----------------------------------------------------------------------------------------------
	  Convergence Criteria     1.00e-06 *    3.00e-04 *             o    1.20e-03 *             o
	----------------------------------------------------------------------------------------------
	    11    -440.44733298   -2.02e-04      1.26e-03      1.26e-03 o    4.70e-02      4.70e-02 o  ~
	----------------------------------------------------------------------------------------------


2025-07-17:14:29:34,258 INFO     [psi4.optking.stepAlgorithms:266] 	Convergence check returned False
2025-07-17:14:29:34,269 INFO     [psi4.driver.task_planner:285] PLANNING Atomic:  keywords={'DAMPING_PERCENTAGE': 1.0, 'GEOM_MAXITER': 500, 'SCF__GUESS': 'READ', 'GUESS': 'SAP', 'MAXITER': 500, 'REFERENCE': 'UKS', 'function_kwargs': {}}
2025-07-17:14:29:34,270 INFO     [psi4.driver.driver:636] Compute gradient(): method=b3lyp, basis=cc-pvdz, molecule=default, nre=27.076679839414428
2025-07-17:14:29:35,158 INFO     [psi4.driver.driver:639] Return gradient(): -440.4473756240268
2025-07-17:14:29:35,158 INFO     [psi4.driver.driver:640] [[ 0.00000000  0.00000000 -0.00059677]
 [ 0.00000000  0.00000000  0.00060164]]
2025-07-17:14:29:35,159 INFO     [psi4.optking.history:257] 	Performing BFGS update.
2025-07-17:14:29:35,159 INFO     [psi4.optking.history:268] 	Using 4 previous steps for update.
2025-07-17:14:29:35,160 INFO     [psi4.optking.history:302] 	Steps to be used in Hessian update:  11 10 9 8

2025-07-17:14:29:35,160 INFO     [psi4.optking.history:400] 	Updated Hessian (in au) 
 	   0.025452

2025-07-17:14:29:35,160 INFO     [psi4.optking.molsys:874] Projected (PHP) Hessian matrix
	   0.025452

2025-07-17:14:29:35,160 INFO     [psi4.optking.opt_helper:168] 
	         Geometry (au)                                       Gradient (au)
   0.0000000000   0.0000000000   3.0903249551		   0.0000000000   0.0000000000  -0.0005967694
   0.0000000000   0.0000000000  -1.8955152882		   0.0000000000   0.0000000000   0.0006016373

2025-07-17:14:29:35,160 INFO     [psi4.optking.stepAlgorithms:315] 	Current Step Report 
 
	Current energy:      -440.4473756240
	Energy change for the previous step:
		Actual       :        -0.0000426458
		Projected    :        -0.0000294856

2025-07-17:14:29:35,160 INFO     [psi4.optking.stepAlgorithms:318] 	Energy ratio =    1.44632
2025-07-17:14:29:35,160 INFO     [psi4.optking.stepAlgorithms:750] 	Using RFO solution 1.
2025-07-17:14:29:35,160 INFO     [psi4.optking.displace:73] 	Determining Cartesian step for fragment 1.
2025-07-17:14:29:35,160 INFO     [psi4.optking.displace:378] 	Successfully converged to displaced geometry.
2025-07-17:14:29:35,160 INFO     [psi4.optking.displace:379] 	RMS(dx):  0.000e+00 	Max(dx):  0.000e+00 	RMS(dq):  0.000e+00
2025-07-17:14:29:35,160 INFO     [psi4.optking.displace:132] 

	        --- Internal Coordinate Step in ANG or DEG, aJ/ANG or AJ/DEG ---
	-------------------------------------------------------------------------------
	           Coordinate      Previous         Force          Change          New 
	           ----------      --------        ------          ------        ------
	               R(1,2)       2.63839        0.00494        0.01245       2.65084
	-------------------------------------------------------------------------------

2025-07-17:14:29:35,160 INFO     [psi4.optking.stepAlgorithms:96] 	|target step| :    0.0235292447
2025-07-17:14:29:35,160 INFO     [psi4.optking.stepAlgorithms:97] 	gradient     :   -0.0005992034
2025-07-17:14:29:35,161 INFO     [psi4.optking.stepAlgorithms:98] 	hessian      :    0.0254522245
2025-07-17:14:29:35,161 INFO     [psi4.optking.stepAlgorithms:177] 	Norm of achieved step-size    0.0235292447
2025-07-17:14:29:35,161 INFO     [psi4.optking.stepAlgorithms:179] 	Norm of achieved step-size (cart):    0.0166376885
2025-07-17:14:29:35,161 INFO     [psi4.optking.opt_helper:151] Molsys:

	                            ===> Fragment 1 <== 

	 Z (Atomic Numbers)          Masses                          Geom                  
	       9.000000            18.998403          0.00000000  0.00000000  3.10208958   
	      15.000000            30.973762          0.00000000  0.00000000 -1.90727991   

	 - Coordinate -           - BOHR/RAD -       - ANG/DEG -
	 R(1,2)           =         5.009369           2.650844

2025-07-17:14:29:35,161 INFO     [psi4.optking.convcheck:71] Performing convergence check.
2025-07-17:14:29:35,161 INFO     [psi4.optking.convcheck:263] 
	                                 ==> Convergence Check <==                                  
    
	Measures of convergence in internal coordinates in au.
    
	Criteria marked as inactive (o), active & met (*), and active & unmet ( ).

	----------------------------------------------------------------------------------------------
	   Step    Total Energy     Delta E     Max Force     RMS Force      Max Disp      RMS Disp   
	----------------------------------------------------------------------------------------------
	  Convergence Criteria     1.00e-06 *    3.00e-04 *             o    1.20e-03 *             o
	----------------------------------------------------------------------------------------------
	    12    -440.44737562   -4.26e-05      5.99e-04      5.99e-04 o    2.35e-02      2.35e-02 o  ~
	----------------------------------------------------------------------------------------------


2025-07-17:14:29:35,161 INFO     [psi4.optking.stepAlgorithms:266] 	Convergence check returned False
2025-07-17:14:29:35,177 INFO     [psi4.driver.task_planner:285] PLANNING Atomic:  keywords={'DAMPING_PERCENTAGE': 1.0, 'GEOM_MAXITER': 500, 'SCF__GUESS': 'READ', 'GUESS': 'SAP', 'MAXITER': 500, 'REFERENCE': 'UKS', 'function_kwargs': {}}
2025-07-17:14:29:35,178 INFO     [psi4.driver.driver:636] Compute gradient(): method=b3lyp, basis=cc-pvdz, molecule=default, nre=26.94949939721803
2025-07-17:14:29:36,52 INFO     [psi4.driver.driver:639] Return gradient(): -440.4473858059295
2025-07-17:14:29:36,52 INFO     [psi4.driver.driver:640] [[ 0.00000000  0.00000000 -0.00029972]
 [-0.00000000  0.00000000  0.00030335]]
2025-07-17:14:29:36,53 INFO     [psi4.optking.history:257] 	Performing BFGS update.
2025-07-17:14:29:36,53 INFO     [psi4.optking.history:268] 	Using 4 previous steps for update.
2025-07-17:14:29:36,54 INFO     [psi4.optking.history:302] 	Steps to be used in Hessian update:  12 11 10 9

2025-07-17:14:29:36,54 INFO     [psi4.optking.history:400] 	Updated Hessian (in au) 
 	   0.018381

2025-07-17:14:29:36,54 INFO     [psi4.optking.molsys:874] Projected (PHP) Hessian matrix
	   0.018381

2025-07-17:14:29:36,54 INFO     [psi4.optking.opt_helper:168] 
	         Geometry (au)                                       Gradient (au)
   0.0000000000   0.0000000000   3.1049088585		   0.0000000000   0.0000000000  -0.0002997181
   0.0000000000   0.0000000000  -1.9044606296		  -0.0000000000   0.0000000000   0.0003033457

2025-07-17:14:29:36,54 INFO     [psi4.optking.stepAlgorithms:315] 	Current Step Report 
 
	Current energy:      -440.4473858059
	Energy change for the previous step:
		Actual       :        -0.0000101819
		Projected    :        -0.0000070494

2025-07-17:14:29:36,54 INFO     [psi4.optking.stepAlgorithms:318] 	Energy ratio =    1.44436
2025-07-17:14:29:36,54 INFO     [psi4.optking.stepAlgorithms:750] 	Using RFO solution 1.
2025-07-17:14:29:36,54 INFO     [psi4.optking.displace:73] 	Determining Cartesian step for fragment 1.
2025-07-17:14:29:36,54 INFO     [psi4.optking.displace:378] 	Successfully converged to displaced geometry.
2025-07-17:14:29:36,54 INFO     [psi4.optking.displace:379] 	RMS(dx):  0.000e+00 	Max(dx):  0.000e+00 	RMS(dq):  0.000e+00
2025-07-17:14:29:36,54 INFO     [psi4.optking.displace:132] 

	        --- Internal Coordinate Step in ANG or DEG, aJ/ANG or AJ/DEG ---
	-------------------------------------------------------------------------------
	           Coordinate      Previous         Force          Change          New 
	           ----------      --------        ------          ------        ------
	               R(1,2)       2.65084        0.00248        0.00868       2.65952
	-------------------------------------------------------------------------------

2025-07-17:14:29:36,54 INFO     [psi4.optking.stepAlgorithms:96] 	|target step| :    0.0164000966
2025-07-17:14:29:36,54 INFO     [psi4.optking.stepAlgorithms:97] 	gradient     :   -0.0003015319
2025-07-17:14:29:36,54 INFO     [psi4.optking.stepAlgorithms:98] 	hessian      :    0.0183810396
2025-07-17:14:29:36,55 INFO     [psi4.optking.stepAlgorithms:177] 	Norm of achieved step-size    0.0164000966
2025-07-17:14:29:36,55 INFO     [psi4.optking.stepAlgorithms:179] 	Norm of achieved step-size (cart):    0.0115966195
2025-07-17:14:29:36,55 INFO     [psi4.optking.opt_helper:151] Molsys:

	                            ===> Fragment 1 <== 

	 Z (Atomic Numbers)          Masses                          Geom                  
	       9.000000            18.998403          0.00000000  0.00000000  3.11310891   
	      15.000000            30.973762          0.00000000  0.00000000 -1.91266068   

	 - Coordinate -           - BOHR/RAD -       - ANG/DEG -
	 R(1,2)           =         5.025770           2.659523

2025-07-17:14:29:36,55 INFO     [psi4.optking.convcheck:71] Performing convergence check.
2025-07-17:14:29:36,55 INFO     [psi4.optking.convcheck:263] 
	                                 ==> Convergence Check <==                                  
    
	Measures of convergence in internal coordinates in au.
    
	Criteria marked as inactive (o), active & met (*), and active & unmet ( ).

	----------------------------------------------------------------------------------------------
	   Step    Total Energy     Delta E     Max Force     RMS Force      Max Disp      RMS Disp   
	----------------------------------------------------------------------------------------------
	  Convergence Criteria     1.00e-06 *    3.00e-04 *             o    1.20e-03 *             o
	----------------------------------------------------------------------------------------------
	    13    -440.44738581   -1.02e-05      3.02e-04      3.02e-04 o    1.64e-02      1.64e-02 o  ~
	----------------------------------------------------------------------------------------------


2025-07-17:14:29:36,55 INFO     [psi4.optking.stepAlgorithms:266] 	Convergence check returned False
2025-07-17:14:29:36,67 INFO     [psi4.driver.task_planner:285] PLANNING Atomic:  keywords={'DAMPING_PERCENTAGE': 1.0, 'GEOM_MAXITER': 500, 'SCF__GUESS': 'READ', 'GUESS': 'SAP', 'MAXITER': 500, 'REFERENCE': 'UKS', 'function_kwargs': {}}
2025-07-17:14:29:36,69 INFO     [psi4.driver.driver:636] Compute gradient(): method=b3lyp, basis=cc-pvdz, molecule=default, nre=26.86155776243313
2025-07-17:14:29:36,863 INFO     [psi4.driver.driver:639] Return gradient(): -440.44738883920843
2025-07-17:14:29:36,864 INFO     [psi4.driver.driver:640] [[ 0.00000000 -0.00000000 -0.00010434]
 [ 0.00000000  0.00000000  0.00010696]]
2025-07-17:14:29:36,865 INFO     [psi4.optking.history:257] 	Performing BFGS update.
2025-07-17:14:29:36,865 INFO     [psi4.optking.history:268] 	Using 4 previous steps for update.
2025-07-17:14:29:36,866 INFO     [psi4.optking.history:302] 	Steps to be used in Hessian update:  13 12 11 10

2025-07-17:14:29:36,866 INFO     [psi4.optking.history:400] 	Updated Hessian (in au) 
 	   0.015224

2025-07-17:14:29:36,866 INFO     [psi4.optking.molsys:874] Projected (PHP) Hessian matrix
	   0.015224

2025-07-17:14:29:36,866 INFO     [psi4.optking.opt_helper:168] 
	         Geometry (au)                                       Gradient (au)
   0.0000000000   0.0000000000   3.1150739711		   0.0000000000  -0.0000000000  -0.0001043446
   0.0000000000   0.0000000000  -1.9106956136		   0.0000000000   0.0000000000   0.0001069604

2025-07-17:14:29:36,866 INFO     [psi4.optking.stepAlgorithms:315] 	Current Step Report 
 
	Current energy:      -440.4473888392
	Energy change for the previous step:
		Actual       :        -0.0000030333
		Projected    :        -0.0000024726

2025-07-17:14:29:36,866 INFO     [psi4.optking.stepAlgorithms:318] 	Energy ratio =    1.22677
2025-07-17:14:29:36,866 INFO     [psi4.optking.stepAlgorithms:750] 	Using RFO solution 1.
2025-07-17:14:29:36,866 INFO     [psi4.optking.displace:73] 	Determining Cartesian step for fragment 1.
2025-07-17:14:29:36,866 INFO     [psi4.optking.displace:378] 	Successfully converged to displaced geometry.
2025-07-17:14:29:36,866 INFO     [psi4.optking.displace:379] 	RMS(dx):  0.000e+00 	Max(dx):  0.000e+00 	RMS(dq):  0.000e+00
2025-07-17:14:29:36,866 INFO     [psi4.optking.displace:132] 

	        --- Internal Coordinate Step in ANG or DEG, aJ/ANG or AJ/DEG ---
	-------------------------------------------------------------------------------
	           Coordinate      Previous         Force          Change          New 
	           ----------      --------        ------          ------        ------
	               R(1,2)       2.65952        0.00087        0.00367       2.66320
	-------------------------------------------------------------------------------

2025-07-17:14:29:36,866 INFO     [psi4.optking.stepAlgorithms:96] 	|target step| :    0.0069397301
2025-07-17:14:29:36,867 INFO     [psi4.optking.stepAlgorithms:97] 	gradient     :   -0.0001056525
2025-07-17:14:29:36,867 INFO     [psi4.optking.stepAlgorithms:98] 	hessian      :    0.0152235595
2025-07-17:14:29:36,867 INFO     [psi4.optking.stepAlgorithms:177] 	Norm of achieved step-size    0.0069397301
2025-07-17:14:29:36,867 INFO     [psi4.optking.stepAlgorithms:179] 	Norm of achieved step-size (cart):    0.0049071302
2025-07-17:14:29:36,867 INFO     [psi4.optking.opt_helper:151] Molsys:

	                            ===> Fragment 1 <== 

	 Z (Atomic Numbers)          Masses                          Geom                  
	       9.000000            18.998403          0.00000000  0.00000000  3.11854384   
	      15.000000            30.973762          0.00000000  0.00000000 -1.91416548   

	 - Coordinate -           - BOHR/RAD -       - ANG/DEG -
	 R(1,2)           =         5.032709           2.663195

2025-07-17:14:29:36,867 INFO     [psi4.optking.convcheck:71] Performing convergence check.
2025-07-17:14:29:36,867 INFO     [psi4.optking.convcheck:263] 
	                                 ==> Convergence Check <==                                  
    
	Measures of convergence in internal coordinates in au.
    
	Criteria marked as inactive (o), active & met (*), and active & unmet ( ).

	----------------------------------------------------------------------------------------------
	   Step    Total Energy     Delta E     Max Force     RMS Force      Max Disp      RMS Disp   
	----------------------------------------------------------------------------------------------
	  Convergence Criteria     1.00e-06 *    3.00e-04 *             o    1.20e-03 *             o
	----------------------------------------------------------------------------------------------
	    14    -440.44738884   -3.03e-06      1.06e-04 *    1.06e-04 o    6.94e-03      6.94e-03 o  ~
	----------------------------------------------------------------------------------------------


2025-07-17:14:29:36,867 INFO     [psi4.optking.stepAlgorithms:266] 	Convergence check returned False
2025-07-17:14:29:36,882 INFO     [psi4.driver.task_planner:285] PLANNING Atomic:  keywords={'DAMPING_PERCENTAGE': 1.0, 'GEOM_MAXITER': 500, 'SCF__GUESS': 'READ', 'GUESS': 'SAP', 'MAXITER': 500, 'REFERENCE': 'UKS', 'function_kwargs': {}}
2025-07-17:14:29:36,884 INFO     [psi4.driver.driver:636] Compute gradient(): method=b3lyp, basis=cc-pvdz, molecule=default, nre=26.82451768122323
2025-07-17:14:29:37,736 INFO     [psi4.driver.driver:639] Return gradient(): -440.44738916713175
2025-07-17:14:29:37,737 INFO     [psi4.driver.driver:640] [[-0.00000000 -0.00000000 -0.00002446]
 [ 0.00000000  0.00000000  0.00002662]]
2025-07-17:14:29:37,738 INFO     [psi4.optking.history:257] 	Performing BFGS update.
2025-07-17:14:29:37,738 INFO     [psi4.optking.history:268] 	Using 4 previous steps for update.
2025-07-17:14:29:37,738 INFO     [psi4.optking.history:302] 	Steps to be used in Hessian update:  14 13 12 11

2025-07-17:14:29:37,738 INFO     [psi4.optking.history:400] 	Updated Hessian (in au) 
 	   0.013107

2025-07-17:14:29:37,738 INFO     [psi4.optking.molsys:874] Projected (PHP) Hessian matrix
	   0.013107

2025-07-17:14:29:37,739 INFO     [psi4.optking.opt_helper:168] 
	         Geometry (au)                                       Gradient (au)
   0.0000000000   0.0000000000   3.1193753567		  -0.0000000000  -0.0000000000  -0.0000244558
   0.0000000000   0.0000000000  -1.9133339581		   0.0000000000   0.0000000000   0.0000266195

2025-07-17:14:29:37,739 INFO     [psi4.optking.stepAlgorithms:315] 	Current Step Report 
 
	Current energy:      -440.4473891671
	Energy change for the previous step:
		Actual       :        -0.0000003279
		Projected    :        -0.0000003666

2025-07-17:14:29:37,739 INFO     [psi4.optking.stepAlgorithms:318] 	Energy ratio =    0.89450
2025-07-17:14:29:37,739 INFO     [psi4.optking.stepAlgorithms:750] 	Using RFO solution 1.
2025-07-17:14:29:37,739 INFO     [psi4.optking.displace:73] 	Determining Cartesian step for fragment 1.
2025-07-17:14:29:37,739 INFO     [psi4.optking.displace:378] 	Successfully converged to displaced geometry.
2025-07-17:14:29:37,739 INFO     [psi4.optking.displace:379] 	RMS(dx):  0.000e+00 	Max(dx):  0.000e+00 	RMS(dq):  0.000e+00
2025-07-17:14:29:37,739 INFO     [psi4.optking.displace:132] 

	        --- Internal Coordinate Step in ANG or DEG, aJ/ANG or AJ/DEG ---
	-------------------------------------------------------------------------------
	           Coordinate      Previous         Force          Change          New 
	           ----------      --------        ------          ------        ------
	               R(1,2)       2.66320        0.00021        0.00103       2.66423
	-------------------------------------------------------------------------------

2025-07-17:14:29:37,739 INFO     [psi4.optking.stepAlgorithms:96] 	|target step| :    0.0019483166
2025-07-17:14:29:37,739 INFO     [psi4.optking.stepAlgorithms:97] 	gradient     :   -0.0000255376
2025-07-17:14:29:37,739 INFO     [psi4.optking.stepAlgorithms:98] 	hessian      :    0.0131074808
2025-07-17:14:29:37,739 INFO     [psi4.optking.stepAlgorithms:177] 	Norm of achieved step-size    0.0019483166
2025-07-17:14:29:37,739 INFO     [psi4.optking.stepAlgorithms:179] 	Norm of achieved step-size (cart):    0.0013776679
2025-07-17:14:29:37,739 INFO     [psi4.optking.opt_helper:151] Molsys:

	                            ===> Fragment 1 <== 

	 Z (Atomic Numbers)          Masses                          Geom                  
	       9.000000            18.998403          0.00000000  0.00000000  3.12034951   
	      15.000000            30.973762          0.00000000  0.00000000 -1.91430812   

	 - Coordinate -           - BOHR/RAD -       - ANG/DEG -
	 R(1,2)           =         5.034658           2.664226

2025-07-17:14:29:37,739 INFO     [psi4.optking.convcheck:71] Performing convergence check.
2025-07-17:14:29:37,739 INFO     [psi4.optking.convcheck:263] 
	                                 ==> Convergence Check <==                                  
    
	Measures of convergence in internal coordinates in au.
    
	Criteria marked as inactive (o), active & met (*), and active & unmet ( ).

	----------------------------------------------------------------------------------------------
	   Step    Total Energy     Delta E     Max Force     RMS Force      Max Disp      RMS Disp   
	----------------------------------------------------------------------------------------------
	  Convergence Criteria     1.00e-06 *    3.00e-04 *             o    1.20e-03 *             o
	----------------------------------------------------------------------------------------------
	    15    -440.44738917   -3.28e-07 *    2.55e-05 *    2.55e-05 o    1.95e-03      1.95e-03 o  ~
	----------------------------------------------------------------------------------------------


2025-07-17:14:29:37,740 INFO     [psi4.optking.convcheck:193] 
	                      ===> Final Convergence Report <===                     

	----------------------------------------------------------------------------
	|   Required Criteria    |  One or More Criteria  |   Alternate Criteria   |
	----------------------------------------------------------------------------
	| [x]     max_force      | [x]       max_DE       |                        |
	|                        | [ ]      max_disp      |                        |
	----------------------------------------------------------------------------


2025-07-17:14:29:37,740 INFO     [psi4.optking.stepAlgorithms:266] 	Convergence check returned True
2025-07-17:14:29:37,740 INFO     [psi4.optking.optimize:286] 	Converged in 15 steps!
2025-07-17:14:29:37,740 INFO     [psi4.optking.optimize:287] 	Final energy is   -440.4473891671317
2025-07-17:14:29:37,740 INFO     [psi4.optking.optimize:288] 	Final structure (Angstroms): 
	Fragment 1 (Ang)

	    F   0.0000000000   0.0000000000   1.6512178527
	    P   0.0000000000   0.0000000000  -1.0130082294


2025-07-17:14:29:37,740 INFO     [psi4.optking.optimize:432] 	Optimization Finished

	==> Optimization Summary <==

        
	Measures of convergence in internal coordinates in au. (Any backward steps not shown.)
        
	---------------------------------------------------------------------------------------------------------------  ~
        
	 Step         Total Energy             Delta E       MAX Force       RMS Force        MAX Disp        RMS Disp   ~
        
	---------------------------------------------------------------------------------------------------------------  ~
        
	     1    -439.777803187616   -439.777803187616      1.32284131      1.32284131      0.28974682      0.28974682  ~
	     2    -440.061603269464     -0.283800081847      0.71429355      0.71429355      0.30786157      0.30786157  ~
	     3    -440.229112248870     -0.167508979406      0.40929830      0.40929830      0.34371195      0.34371195  ~
	     4    -440.335771597307     -0.106659348437      0.22843666      0.22843666      0.37354748      0.37354748  ~
	     5    -440.398037762805     -0.062266165498      0.11565866      0.11565866      0.33905076      0.33905076  ~
	     6    -440.426524224065     -0.028486461260      0.05777649      0.05777649      0.30661483      0.30661483  ~
	     7    -440.439268013401     -0.012743789336      0.02805428      0.02805428      0.26853836      0.26853836  ~
	     8    -440.444611017630     -0.005343004229      0.01304781      0.01304781      0.22198309      0.22198309  ~
	     9    -440.446619231372     -0.002008213742      0.00564386      0.00564386      0.12170355      0.12170355  ~
	    10    -440.447131411109     -0.000512179738      0.00292718      0.00292718      0.09844102      0.09844102  ~
	    11    -440.447332978266     -0.000201567157      0.00125552      0.00125552      0.04696946      0.04696946  ~
	    12    -440.447375624027     -0.000042645761      0.00059920      0.00059920      0.02352924      0.02352924  ~
	    13    -440.447385805930     -0.000010181903      0.00030153      0.00030153      0.01640010      0.01640010  ~
	    14    -440.447388839208     -0.000003033279      0.00010565      0.00010565      0.00693973      0.00693973  ~
	    15    -440.447389167132     -0.000000327923      0.00002554      0.00002554      0.00194832      0.00194832  ~
	----------------------------------------------------------------------------------------------------------------


2025-07-17:14:29:37,740 INFO     [psi4.optking.optimize:640] Preparing OptimizationResult
