2025-07-17:13:55:03,855 INFO     [psi4.optking.optwrapper:214] Creating a UserComputer
2025-07-17:13:55:03,855 INFO     [psi4.optking.optwrapper:222] 
    			-----------------------------------------

    			 OPTKING 3.0: for geometry optimizations 

    			     By R.A. King, Bethel University     

    			        with contributions from          

    			    A.V. Copan, J. Cayton, A. Heide      

    			-----------------------------------------

    
2025-07-17:13:55:03,855 INFO     [psi4.optking.optwrapper:238] 
		 -- Optimization Parameters --
	accept_symmetry_breaking       =           False
	alg_geom_maxiter               =             500
	bt_dx_conv                     =           1e-07
	bt_dx_rms_change_conv          =           1e-12
	bt_max_iter                    =              25
	cart_hess_read                 =           False
	consecutive_backsteps_allowed  =               0
	conv_max_DE                    =           1e-06
	conv_max_disp                  =          0.0012
	conv_max_force                 =          0.0003
	conv_rms_disp                  =              -1
	conv_rms_force                 =              -1
	covalent_connect               =             1.3
	dynamic_level                  =               0
	dynamic_level_max              =               0
	ensure_bt_convergence          =           False
	ext_force_bend                 =              []
	ext_force_cartesian            =              []
	ext_force_dihedral             =              []
	ext_force_distance             =              []
	ext_force_oofp                 =              []
	fix_val_near_pi                =            1.57
	flexible_g_convergence         =           False
	frag_mode                      =          SINGLE
	frag_ref_atoms                 =            None
	freeze_intrafrag               =           False
	frozen_bend                    =              []
	frozen_cartesian               =              []
	frozen_dihedral                =              []
	frozen_distance                =              []
	frozen_oofp                    =              []
	full_hess_every                =              -1
	g_convergence                  =           QCHEM
	generate_intcos_exit           =           False
	geom_maxiter                   =             500
	h_bond_connect                 =             4.3
	hess_update                    =            BFGS
	hess_update_den_tol            =           1e-07
	hess_update_dq_tol             =             0.5
	hess_update_limit              =            True
	hess_update_limit_max          =             1.0
	hess_update_limit_scale        =             0.5
	hess_update_use_last           =               4
	hessian_file                   =            None
	i_max_DE                       =            True
	i_max_disp                     =            True
	i_max_force                    =            True
	i_rms_disp                     =           False
	i_rms_force                    =           False
	i_untampered                   =            True
	include_oofp                   =           False
	interfrag_collinear_tol        =            0.01
	interfrag_coords               =            None
	interfrag_dist_inv             =           False
	interfrag_mode                 =           FIXED
	interfrag_trust                =             0.5
	interfrag_trust_max            =             1.0
	interfrag_trust_min            =           0.001
	interfragment_connect          =             1.8
	intrafrag_hess                 =        SCHLEGEL
	intrafrag_trust                =             0.5
	intrafrag_trust_max            =             1.0
	intrafrag_trust_min            =           0.001
	irc_direction                  =         FORWARD
	irc_points                     =              20
	irc_step_size                  =             0.2
	keep_intcos                    =           False
	linear_bend_threshold          =            3.05
	linesearch                     =           False
	linesearch_step                =             0.1
	max_disp_g_convergence         =          0.0012
	max_energy_g_convergence       =           1e-06
	max_force_g_convergence        =          0.0003
	opt_coordinates                =       REDUNDANT
	opt_type                       =             MIN
	output_type                    =            FILE
	print_lvl                      =               1
	program                        =            psi4
	ranged_bend                    =              []
	ranged_cartesian               =              []
	ranged_dihedral                =              []
	ranged_distance                =              []
	ranged_oofp                    =              []
	redundant_eval_tol             =           1e-10
	rfo_follow_root                =           False
	rfo_normalization_max          =             100
	rfo_root                       =               0
	rms_disp_g_convergence         =          0.0012
	rms_force_g_convergence        =          0.0003
	rsrfo_alpha_max                =     100000000.0
	sd_hessian                     =             1.0
	simple_step_scaling            =           False
	small_bend_fix_threshold       =            0.35
	steepest_descent_type          =         OVERLAP
	step_type                      =             RFO
	test_B                         =           False
	test_derivative_B              =           False
	trajectory                     =           False
	v3d_tors_angle_lim             =           0.017
	v3d_tors_cos_tol               =           1e-10
	working_consecutive_backsteps  =               0
	working_steps_since_last_H     =               0


2025-07-17:13:55:04,388 INFO     [psi4.optking.opt_helper:151] Molsys:

	                            ===> Fragment 1 <== 

	 Z (Atomic Numbers)          Masses                          Geom                  
	       7.000000            14.003074          0.00000000  0.00000000  1.49288375   
	      13.000000            26.981539          0.00000000  0.00000000 -0.77478760   

	 - Coordinate -           - BOHR/RAD -       - ANG/DEG -
	 R(1,2)           =         2.267671           1.200000

2025-07-17:13:55:04,398 INFO     [psi4.driver.task_planner:285] PLANNING Atomic:  keywords={'DAMPING_PERCENTAGE': 1.0, 'GEOM_MAXITER': 500, 'GUESS': 'SAP', 'MAXITER': 500, 'REFERENCE': 'UKS', 'function_kwargs': {}}
2025-07-17:13:55:04,399 INFO     [psi4.driver.driver:636] Compute gradient(): method=b3lyp, basis=cc-pvdz, molecule=default, nre=40.12927180914167
2025-07-17:13:55:05,505 INFO     [psi4.driver.driver:639] Return gradient(): -295.9631941146885
2025-07-17:13:55:05,506 INFO     [psi4.driver.driver:640] [[ 0.00000000  0.00000000 -1.37191857]
 [ 0.00000000 -0.00000000  1.37190375]]
2025-07-17:13:55:05,508 INFO     [psi4.optking.molsys:874] Projected (PHP) Hessian matrix
	   4.182219

2025-07-17:13:55:05,508 INFO     [psi4.optking.opt_helper:168] 
	         Geometry (au)                                       Gradient (au)
   0.0000000000   0.0000000000   1.4928837467		   0.0000000000   0.0000000000  -1.3719185748
   0.0000000000   0.0000000000  -0.7747876038		   0.0000000000  -0.0000000000   1.3719037526

2025-07-17:13:55:05,508 INFO     [psi4.optking.stepAlgorithms:750] 	Using RFO solution 1.
2025-07-17:13:55:05,508 INFO     [psi4.optking.displace:73] 	Determining Cartesian step for fragment 1.
2025-07-17:13:55:05,509 INFO     [psi4.optking.displace:378] 	Successfully converged to displaced geometry.
2025-07-17:13:55:05,509 INFO     [psi4.optking.displace:379] 	RMS(dx):  0.000e+00 	Max(dx):  0.000e+00 	RMS(dq):  0.000e+00
2025-07-17:13:55:05,509 INFO     [psi4.optking.displace:132] 

	        --- Internal Coordinate Step in ANG or DEG, aJ/ANG or AJ/DEG ---
	-------------------------------------------------------------------------------
	           Coordinate      Previous         Force          Change          New 
	           ----------      --------        ------          ------        ------
	               R(1,2)       1.20000       11.30280        0.15809       1.35809
	-------------------------------------------------------------------------------

2025-07-17:13:55:05,509 INFO     [psi4.optking.stepAlgorithms:96] 	|target step| :    0.2987556309
2025-07-17:13:55:05,509 INFO     [psi4.optking.stepAlgorithms:97] 	gradient     :   -1.3719111637
2025-07-17:13:55:05,509 INFO     [psi4.optking.stepAlgorithms:98] 	hessian      :    4.1822185214
2025-07-17:13:55:05,509 INFO     [psi4.optking.stepAlgorithms:177] 	Norm of achieved step-size    0.2987556309
2025-07-17:13:55:05,509 INFO     [psi4.optking.stepAlgorithms:179] 	Norm of achieved step-size (cart):    0.2112521325
2025-07-17:13:55:05,509 INFO     [psi4.optking.opt_helper:151] Molsys:

	                            ===> Fragment 1 <== 

	 Z (Atomic Numbers)          Masses                          Geom                  
	       7.000000            14.003074          0.00000000  0.00000000  1.64226156   
	      13.000000            26.981539          0.00000000  0.00000000 -0.92416542   

	 - Coordinate -           - BOHR/RAD -       - ANG/DEG -
	 R(1,2)           =         2.566427           1.358095

2025-07-17:13:55:05,509 INFO     [psi4.optking.convcheck:71] Performing convergence check.
2025-07-17:13:55:05,509 INFO     [psi4.optking.convcheck:263] 
	                                 ==> Convergence Check <==                                  
    
	Measures of convergence in internal coordinates in au.
    
	Criteria marked as inactive (o), active & met (*), and active & unmet ( ).

	----------------------------------------------------------------------------------------------
	   Step    Total Energy     Delta E     Max Force     RMS Force      Max Disp      RMS Disp   
	----------------------------------------------------------------------------------------------
	  Convergence Criteria     1.00e-06 *    3.00e-04 *             o    1.20e-03 *             o
	----------------------------------------------------------------------------------------------
	     1    -295.96319411   -2.96e+02      1.37e+00      1.37e+00 o    2.99e-01      2.99e-01 o  ~
	----------------------------------------------------------------------------------------------


2025-07-17:13:55:05,509 INFO     [psi4.optking.stepAlgorithms:266] 	Convergence check returned False
2025-07-17:13:55:05,526 INFO     [psi4.driver.task_planner:285] PLANNING Atomic:  keywords={'DAMPING_PERCENTAGE': 1.0, 'GEOM_MAXITER': 500, 'SCF__GUESS': 'READ', 'GUESS': 'SAP', 'MAXITER': 500, 'REFERENCE': 'UKS', 'function_kwargs': {}}
2025-07-17:13:55:05,527 INFO     [psi4.driver.driver:636] Compute gradient(): method=b3lyp, basis=cc-pvdz, molecule=default, nre=35.45785664576304
2025-07-17:13:55:06,521 INFO     [psi4.driver.driver:639] Return gradient(): -296.2629863492867
2025-07-17:13:55:06,521 INFO     [psi4.driver.driver:640] [[-0.00000000  0.00000000 -0.70823670]
 [ 0.00000000 -0.00000000  0.70818585]]
2025-07-17:13:55:06,522 INFO     [psi4.optking.history:257] 	Performing BFGS update.
2025-07-17:13:55:06,522 INFO     [psi4.optking.history:268] 	Using 1 previous steps for update.
2025-07-17:13:55:06,522 INFO     [psi4.optking.history:302] 	Steps to be used in Hessian update:  1

2025-07-17:13:55:06,522 INFO     [psi4.optking.history:400] 	Updated Hessian (in au) 
 	   2.221548

2025-07-17:13:55:06,523 INFO     [psi4.optking.molsys:874] Projected (PHP) Hessian matrix
	   2.221548

2025-07-17:13:55:06,523 INFO     [psi4.optking.opt_helper:168] 
	         Geometry (au)                                       Gradient (au)
   0.0000000000   0.0000000000   1.6895645512		  -0.0000000000   0.0000000000  -0.7082366986
   0.0000000000   0.0000000000  -0.8768624302		   0.0000000000  -0.0000000000   0.7081858527

2025-07-17:13:55:06,523 INFO     [psi4.optking.stepAlgorithms:315] 	Current Step Report 
 
	Current energy:      -296.2629863493
	Energy change for the previous step:
		Actual       :        -0.2997922346
		Projected    :        -0.2049330926

2025-07-17:13:55:06,523 INFO     [psi4.optking.stepAlgorithms:318] 	Energy ratio =    1.46288
2025-07-17:13:55:06,523 INFO     [psi4.optking.stepAlgorithms:346] 	Energy ratio indicates good step.
2025-07-17:13:55:06,523 INFO     [psi4.optking.stepAlgorithms:347] 	Intrafrag trust radius increased to 1.000e+00.
2025-07-17:13:55:06,523 INFO     [psi4.optking.stepAlgorithms:750] 	Using RFO solution 1.
2025-07-17:13:55:06,523 INFO     [psi4.optking.displace:73] 	Determining Cartesian step for fragment 1.
2025-07-17:13:55:06,524 INFO     [psi4.optking.displace:378] 	Successfully converged to displaced geometry.
2025-07-17:13:55:06,524 INFO     [psi4.optking.displace:379] 	RMS(dx):  0.000e+00 	Max(dx):  0.000e+00 	RMS(dq):  0.000e+00
2025-07-17:13:55:06,524 INFO     [psi4.optking.displace:132] 

	        --- Internal Coordinate Step in ANG or DEG, aJ/ANG or AJ/DEG ---
	-------------------------------------------------------------------------------
	           Coordinate      Previous         Force          Change          New 
	           ----------      --------        ------          ------        ------
	               R(1,2)       1.35809        5.83476        0.15435       1.51244
	-------------------------------------------------------------------------------

2025-07-17:13:55:06,524 INFO     [psi4.optking.stepAlgorithms:96] 	|target step| :    0.2916714946
2025-07-17:13:55:06,524 INFO     [psi4.optking.stepAlgorithms:97] 	gradient     :   -0.7082112756
2025-07-17:13:55:06,525 INFO     [psi4.optking.stepAlgorithms:98] 	hessian      :    2.2215477112
2025-07-17:13:55:06,525 INFO     [psi4.optking.stepAlgorithms:177] 	Norm of achieved step-size    0.2916714946
2025-07-17:13:55:06,525 INFO     [psi4.optking.stepAlgorithms:179] 	Norm of achieved step-size (cart):    0.2062428917
2025-07-17:13:55:06,525 INFO     [psi4.optking.opt_helper:151] Molsys:

	                            ===> Fragment 1 <== 

	 Z (Atomic Numbers)          Masses                          Geom                  
	       7.000000            14.003074          0.00000000  0.00000000  1.83540030   
	      13.000000            26.981539          0.00000000  0.00000000 -1.02269818   

	 - Coordinate -           - BOHR/RAD -       - ANG/DEG -
	 R(1,2)           =         2.858098           1.512441

2025-07-17:13:55:06,525 INFO     [psi4.optking.convcheck:71] Performing convergence check.
2025-07-17:13:55:06,525 INFO     [psi4.optking.convcheck:263] 
	                                 ==> Convergence Check <==                                  
    
	Measures of convergence in internal coordinates in au.
    
	Criteria marked as inactive (o), active & met (*), and active & unmet ( ).

	----------------------------------------------------------------------------------------------
	   Step    Total Energy     Delta E     Max Force     RMS Force      Max Disp      RMS Disp   
	----------------------------------------------------------------------------------------------
	  Convergence Criteria     1.00e-06 *    3.00e-04 *             o    1.20e-03 *             o
	----------------------------------------------------------------------------------------------
	     2    -296.26298635   -3.00e-01      7.08e-01      7.08e-01 o    2.92e-01      2.92e-01 o  ~
	----------------------------------------------------------------------------------------------


2025-07-17:13:55:06,525 INFO     [psi4.optking.stepAlgorithms:266] 	Convergence check returned False
2025-07-17:13:55:06,542 INFO     [psi4.driver.task_planner:285] PLANNING Atomic:  keywords={'DAMPING_PERCENTAGE': 1.0, 'GEOM_MAXITER': 500, 'SCF__GUESS': 'READ', 'GUESS': 'SAP', 'MAXITER': 500, 'REFERENCE': 'UKS', 'function_kwargs': {}}
2025-07-17:13:55:06,543 INFO     [psi4.driver.driver:636] Compute gradient(): method=b3lyp, basis=cc-pvdz, molecule=default, nre=31.839350799716854
2025-07-17:13:55:07,611 INFO     [psi4.driver.driver:639] Return gradient(): -296.41584131352334
2025-07-17:13:55:07,611 INFO     [psi4.driver.driver:640] [[-0.00000000  0.00000000 -0.37622606]
 [ 0.00000000  0.00000000  0.37620398]]
2025-07-17:13:55:07,614 INFO     [psi4.optking.history:257] 	Performing BFGS update.
2025-07-17:13:55:07,615 INFO     [psi4.optking.history:268] 	Using 2 previous steps for update.
2025-07-17:13:55:07,616 WARNING  [psi4.optking.history:286] 	Change in internal coordinate of 5.90e-01 exceeds limit of 5.00e-01.
2025-07-17:13:55:07,616 WARNING  [psi4.optking.history:291] 	Skipping Hessian update for step 1.
2025-07-17:13:55:07,616 INFO     [psi4.optking.history:302] 	Steps to be used in Hessian update:  2

2025-07-17:13:55:07,616 INFO     [psi4.optking.history:400] 	Updated Hessian (in au) 
 	   1.138254

2025-07-17:13:55:07,616 INFO     [psi4.optking.molsys:874] Projected (PHP) Hessian matrix
	   1.138254

2025-07-17:13:55:07,616 INFO     [psi4.optking.opt_helper:168] 
	         Geometry (au)                                       Gradient (au)
   0.0000000000   0.0000000000   1.8815816324		  -0.0000000000   0.0000000000  -0.3762260586
   0.0000000000   0.0000000000  -0.9765168437		   0.0000000000   0.0000000000   0.3762039783

2025-07-17:13:55:07,616 INFO     [psi4.optking.stepAlgorithms:315] 	Current Step Report 
 
	Current energy:      -296.4158413135
	Energy change for the previous step:
		Actual       :        -0.1528549642
		Projected    :        -0.1032825206

2025-07-17:13:55:07,616 INFO     [psi4.optking.stepAlgorithms:318] 	Energy ratio =    1.47997
2025-07-17:13:55:07,616 INFO     [psi4.optking.stepAlgorithms:750] 	Using RFO solution 1.
2025-07-17:13:55:07,616 INFO     [psi4.optking.displace:73] 	Determining Cartesian step for fragment 1.
2025-07-17:13:55:07,617 INFO     [psi4.optking.displace:378] 	Successfully converged to displaced geometry.
2025-07-17:13:55:07,617 INFO     [psi4.optking.displace:379] 	RMS(dx):  1.282e-16 	Max(dx):  2.220e-16 	RMS(dq):  0.000e+00
2025-07-17:13:55:07,617 INFO     [psi4.optking.displace:132] 

	        --- Internal Coordinate Step in ANG or DEG, aJ/ANG or AJ/DEG ---
	-------------------------------------------------------------------------------
	           Coordinate      Previous         Force          Change          New 
	           ----------      --------        ------          ------        ------
	               R(1,2)       1.51244        3.09953        0.15909       1.67153
	-------------------------------------------------------------------------------

2025-07-17:13:55:07,617 INFO     [psi4.optking.stepAlgorithms:96] 	|target step| :    0.3006446549
2025-07-17:13:55:07,617 INFO     [psi4.optking.stepAlgorithms:97] 	gradient     :   -0.3762150184
2025-07-17:13:55:07,617 INFO     [psi4.optking.stepAlgorithms:98] 	hessian      :    1.1382540403
2025-07-17:13:55:07,617 INFO     [psi4.optking.stepAlgorithms:177] 	Norm of achieved step-size    0.3006446549
2025-07-17:13:55:07,617 INFO     [psi4.optking.stepAlgorithms:179] 	Norm of achieved step-size (cart):    0.2125878742
2025-07-17:13:55:07,617 INFO     [psi4.optking.opt_helper:151] Molsys:

	                            ===> Fragment 1 <== 

	 Z (Atomic Numbers)          Masses                          Geom                  
	       7.000000            14.003074          0.00000000  0.00000000  2.03190396   
	      13.000000            26.981539          0.00000000  0.00000000 -1.12683917   

	 - Coordinate -           - BOHR/RAD -       - ANG/DEG -
	 R(1,2)           =         3.158743           1.671535

2025-07-17:13:55:07,617 INFO     [psi4.optking.convcheck:71] Performing convergence check.
2025-07-17:13:55:07,617 INFO     [psi4.optking.convcheck:263] 
	                                 ==> Convergence Check <==                                  
    
	Measures of convergence in internal coordinates in au.
    
	Criteria marked as inactive (o), active & met (*), and active & unmet ( ).

	----------------------------------------------------------------------------------------------
	   Step    Total Energy     Delta E     Max Force     RMS Force      Max Disp      RMS Disp   
	----------------------------------------------------------------------------------------------
	  Convergence Criteria     1.00e-06 *    3.00e-04 *             o    1.20e-03 *             o
	----------------------------------------------------------------------------------------------
	     3    -296.41584131   -1.53e-01      3.76e-01      3.76e-01 o    3.01e-01      3.01e-01 o  ~
	----------------------------------------------------------------------------------------------


2025-07-17:13:55:07,617 INFO     [psi4.optking.stepAlgorithms:266] 	Convergence check returned False
2025-07-17:13:55:07,634 INFO     [psi4.driver.task_planner:285] PLANNING Atomic:  keywords={'DAMPING_PERCENTAGE': 1.0, 'GEOM_MAXITER': 500, 'SCF__GUESS': 'READ', 'GUESS': 'SAP', 'MAXITER': 500, 'REFERENCE': 'UKS', 'function_kwargs': {}}
2025-07-17:13:55:07,635 INFO     [psi4.driver.driver:636] Compute gradient(): method=b3lyp, basis=cc-pvdz, molecule=default, nre=28.808926913946024
2025-07-17:13:55:08,715 INFO     [psi4.driver.driver:639] Return gradient(): -296.49937722385977
2025-07-17:13:55:08,716 INFO     [psi4.driver.driver:640] [[ 0.00000000 -0.00000000 -0.19866285]
 [-0.00000000 -0.00000000  0.19864897]]
2025-07-17:13:55:08,718 INFO     [psi4.optking.history:257] 	Performing BFGS update.
2025-07-17:13:55:08,718 INFO     [psi4.optking.history:268] 	Using 3 previous steps for update.
2025-07-17:13:55:08,718 WARNING  [psi4.optking.history:286] 	Change in internal coordinate of 5.92e-01 exceeds limit of 5.00e-01.
2025-07-17:13:55:08,718 WARNING  [psi4.optking.history:291] 	Skipping Hessian update for step 2.
2025-07-17:13:55:08,718 WARNING  [psi4.optking.history:286] 	Change in internal coordinate of 8.91e-01 exceeds limit of 5.00e-01.
2025-07-17:13:55:08,718 WARNING  [psi4.optking.history:291] 	Skipping Hessian update for step 1.
2025-07-17:13:55:08,718 INFO     [psi4.optking.history:302] 	Steps to be used in Hessian update:  3

2025-07-17:13:55:08,719 INFO     [psi4.optking.history:400] 	Updated Hessian (in au) 
 	   0.590595

2025-07-17:13:55:08,719 INFO     [psi4.optking.molsys:874] Projected (PHP) Hessian matrix
	   0.590595

2025-07-17:13:55:08,719 INFO     [psi4.optking.opt_helper:168] 
	         Geometry (au)                                       Gradient (au)
   0.0000000000   0.0000000000   2.0795060444		   0.0000000000  -0.0000000000  -0.1986628549
   0.0000000000   0.0000000000  -1.0792370865		  -0.0000000000  -0.0000000000   0.1986489742

2025-07-17:13:55:08,719 INFO     [psi4.optking.stepAlgorithms:315] 	Current Step Report 
 
	Current energy:      -296.4993772239
	Energy change for the previous step:
		Actual       :        -0.0835359103
		Projected    :        -0.0565535172

2025-07-17:13:55:08,719 INFO     [psi4.optking.stepAlgorithms:318] 	Energy ratio =    1.47711
2025-07-17:13:55:08,719 INFO     [psi4.optking.stepAlgorithms:750] 	Using RFO solution 1.
2025-07-17:13:55:08,719 INFO     [psi4.optking.displace:73] 	Determining Cartesian step for fragment 1.
2025-07-17:13:55:08,719 INFO     [psi4.optking.displace:378] 	Successfully converged to displaced geometry.
2025-07-17:13:55:08,719 INFO     [psi4.optking.displace:379] 	RMS(dx):  1.282e-16 	Max(dx):  2.220e-16 	RMS(dq):  4.441e-16
2025-07-17:13:55:08,719 INFO     [psi4.optking.displace:132] 

	        --- Internal Coordinate Step in ANG or DEG, aJ/ANG or AJ/DEG ---
	-------------------------------------------------------------------------------
	           Coordinate      Previous         Force          Change          New 
	           ----------      --------        ------          ------        ------
	               R(1,2)       1.67153        1.63667        0.16143       1.83297
	-------------------------------------------------------------------------------

2025-07-17:13:55:08,719 INFO     [psi4.optking.stepAlgorithms:96] 	|target step| :    0.3050626606
2025-07-17:13:55:08,719 INFO     [psi4.optking.stepAlgorithms:97] 	gradient     :   -0.1986559146
2025-07-17:13:55:08,719 INFO     [psi4.optking.stepAlgorithms:98] 	hessian      :    0.5905945806
2025-07-17:13:55:08,719 INFO     [psi4.optking.stepAlgorithms:177] 	Norm of achieved step-size    0.3050626606
2025-07-17:13:55:08,719 INFO     [psi4.optking.stepAlgorithms:179] 	Norm of achieved step-size (cart):    0.2157118760
2025-07-17:13:55:08,720 INFO     [psi4.optking.opt_helper:151] Molsys:

	                            ===> Fragment 1 <== 

	 Z (Atomic Numbers)          Masses                          Geom                  
	       7.000000            14.003074          0.00000000  0.00000000  2.23203737   
	      13.000000            26.981539          0.00000000  0.00000000 -1.23176842   

	 - Coordinate -           - BOHR/RAD -       - ANG/DEG -
	 R(1,2)           =         3.463806           1.832967

2025-07-17:13:55:08,720 INFO     [psi4.optking.convcheck:71] Performing convergence check.
2025-07-17:13:55:08,720 INFO     [psi4.optking.convcheck:263] 
	                                 ==> Convergence Check <==                                  
    
	Measures of convergence in internal coordinates in au.
    
	Criteria marked as inactive (o), active & met (*), and active & unmet ( ).

	----------------------------------------------------------------------------------------------
	   Step    Total Energy     Delta E     Max Force     RMS Force      Max Disp      RMS Disp   
	----------------------------------------------------------------------------------------------
	  Convergence Criteria     1.00e-06 *    3.00e-04 *             o    1.20e-03 *             o
	----------------------------------------------------------------------------------------------
	     4    -296.49937722   -8.35e-02      1.99e-01      1.99e-01 o    3.05e-01      3.05e-01 o  ~
	----------------------------------------------------------------------------------------------


2025-07-17:13:55:08,720 INFO     [psi4.optking.stepAlgorithms:266] 	Convergence check returned False
2025-07-17:13:55:08,731 INFO     [psi4.driver.task_planner:285] PLANNING Atomic:  keywords={'DAMPING_PERCENTAGE': 1.0, 'GEOM_MAXITER': 500, 'SCF__GUESS': 'READ', 'GUESS': 'SAP', 'MAXITER': 500, 'REFERENCE': 'UKS', 'function_kwargs': {}}
2025-07-17:13:55:08,732 INFO     [psi4.driver.driver:636] Compute gradient(): method=b3lyp, basis=cc-pvdz, molecule=default, nre=26.271680768181252
2025-07-17:13:55:09,755 INFO     [psi4.driver.driver:639] Return gradient(): -296.5440144209194
2025-07-17:13:55:09,756 INFO     [psi4.driver.driver:640] [[ 0.00000000  0.00000000 -0.10401286]
 [-0.00000000  0.00000000  0.10397450]]
2025-07-17:13:55:09,757 INFO     [psi4.optking.history:257] 	Performing BFGS update.
2025-07-17:13:55:09,757 INFO     [psi4.optking.history:268] 	Using 4 previous steps for update.
2025-07-17:13:55:09,757 WARNING  [psi4.optking.history:286] 	Change in internal coordinate of 6.06e-01 exceeds limit of 5.00e-01.
2025-07-17:13:55:09,757 WARNING  [psi4.optking.history:291] 	Skipping Hessian update for step 3.
2025-07-17:13:55:09,757 WARNING  [psi4.optking.history:286] 	Change in internal coordinate of 8.97e-01 exceeds limit of 5.00e-01.
2025-07-17:13:55:09,757 WARNING  [psi4.optking.history:291] 	Skipping Hessian update for step 2.
2025-07-17:13:55:09,757 WARNING  [psi4.optking.history:286] 	Change in internal coordinate of 1.20e+00 exceeds limit of 5.00e-01.
2025-07-17:13:55:09,757 WARNING  [psi4.optking.history:291] 	Skipping Hessian update for step 1.
2025-07-17:13:55:09,757 INFO     [psi4.optking.history:302] 	Steps to be used in Hessian update:  4

2025-07-17:13:55:09,757 INFO     [psi4.optking.history:400] 	Updated Hessian (in au) 
 	   0.310304

2025-07-17:13:55:09,757 INFO     [psi4.optking.molsys:874] Projected (PHP) Hessian matrix
	   0.310304

2025-07-17:13:55:09,758 INFO     [psi4.optking.opt_helper:168] 
	         Geometry (au)                                       Gradient (au)
   0.0000000000   0.0000000000   2.2803389772		   0.0000000000   0.0000000000  -0.1040128585
   0.0000000000   0.0000000000  -1.1834668144		  -0.0000000000   0.0000000000   0.1039744953

2025-07-17:13:55:09,758 INFO     [psi4.optking.stepAlgorithms:315] 	Current Step Report 
 
	Current energy:      -296.5440144209
	Energy change for the previous step:
		Actual       :        -0.0446371971
		Projected    :        -0.0303012509

2025-07-17:13:55:09,758 INFO     [psi4.optking.stepAlgorithms:318] 	Energy ratio =    1.47311
2025-07-17:13:55:09,758 INFO     [psi4.optking.stepAlgorithms:750] 	Using RFO solution 1.
2025-07-17:13:55:09,758 INFO     [psi4.optking.displace:73] 	Determining Cartesian step for fragment 1.
2025-07-17:13:55:09,758 INFO     [psi4.optking.displace:378] 	Successfully converged to displaced geometry.
2025-07-17:13:55:09,758 INFO     [psi4.optking.displace:379] 	RMS(dx):  0.000e+00 	Max(dx):  0.000e+00 	RMS(dq):  0.000e+00
2025-07-17:13:55:09,758 INFO     [psi4.optking.displace:132] 

	        --- Internal Coordinate Step in ANG or DEG, aJ/ANG or AJ/DEG ---
	-------------------------------------------------------------------------------
	           Coordinate      Previous         Force          Change          New 
	           ----------      --------        ------          ------        ------
	               R(1,2)       1.83297        0.85678        0.16094       1.99391
	-------------------------------------------------------------------------------

2025-07-17:13:55:09,758 INFO     [psi4.optking.stepAlgorithms:96] 	|target step| :    0.3041352112
2025-07-17:13:55:09,758 INFO     [psi4.optking.stepAlgorithms:97] 	gradient     :   -0.1039936769
2025-07-17:13:55:09,758 INFO     [psi4.optking.stepAlgorithms:98] 	hessian      :    0.3103042421
2025-07-17:13:55:09,758 INFO     [psi4.optking.stepAlgorithms:177] 	Norm of achieved step-size    0.3041352112
2025-07-17:13:55:09,758 INFO     [psi4.optking.stepAlgorithms:179] 	Norm of achieved step-size (cart):    0.2150560702
2025-07-17:13:55:09,758 INFO     [psi4.optking.opt_helper:151] Molsys:

	                            ===> Fragment 1 <== 

	 Z (Atomic Numbers)          Masses                          Geom                  
	       7.000000            14.003074          0.00000000  0.00000000  2.43240658   
	      13.000000            26.981539          0.00000000  0.00000000 -1.33553442   

	 - Coordinate -           - BOHR/RAD -       - ANG/DEG -
	 R(1,2)           =         3.767941           1.993909

2025-07-17:13:55:09,758 INFO     [psi4.optking.convcheck:71] Performing convergence check.
2025-07-17:13:55:09,759 INFO     [psi4.optking.convcheck:263] 
	                                 ==> Convergence Check <==                                  
    
	Measures of convergence in internal coordinates in au.
    
	Criteria marked as inactive (o), active & met (*), and active & unmet ( ).

	----------------------------------------------------------------------------------------------
	   Step    Total Energy     Delta E     Max Force     RMS Force      Max Disp      RMS Disp   
	----------------------------------------------------------------------------------------------
	  Convergence Criteria     1.00e-06 *    3.00e-04 *             o    1.20e-03 *             o
	----------------------------------------------------------------------------------------------
	     5    -296.54401442   -4.46e-02      1.04e-01      1.04e-01 o    3.04e-01      3.04e-01 o  ~
	----------------------------------------------------------------------------------------------


2025-07-17:13:55:09,759 INFO     [psi4.optking.stepAlgorithms:266] 	Convergence check returned False
2025-07-17:13:55:09,778 INFO     [psi4.driver.task_planner:285] PLANNING Atomic:  keywords={'DAMPING_PERCENTAGE': 1.0, 'GEOM_MAXITER': 500, 'SCF__GUESS': 'READ', 'GUESS': 'SAP', 'MAXITER': 500, 'REFERENCE': 'UKS', 'function_kwargs': {}}
2025-07-17:13:55:09,780 INFO     [psi4.driver.driver:636] Compute gradient(): method=b3lyp, basis=cc-pvdz, molecule=default, nre=24.151121244547152
2025-07-17:13:55:10,816 INFO     [psi4.driver.driver:639] Return gradient(): -296.56719864771077
2025-07-17:13:55:10,816 INFO     [psi4.driver.driver:640] [[ 0.00000000 -0.00000000 -0.05368373]
 [ 0.00000000  0.00000000  0.05366122]]
2025-07-17:13:55:10,818 INFO     [psi4.optking.history:257] 	Performing BFGS update.
2025-07-17:13:55:10,818 INFO     [psi4.optking.history:268] 	Using 4 previous steps for update.
2025-07-17:13:55:10,818 WARNING  [psi4.optking.history:286] 	Change in internal coordinate of 6.09e-01 exceeds limit of 5.00e-01.
2025-07-17:13:55:10,818 WARNING  [psi4.optking.history:291] 	Skipping Hessian update for step 4.
2025-07-17:13:55:10,818 WARNING  [psi4.optking.history:286] 	Change in internal coordinate of 9.10e-01 exceeds limit of 5.00e-01.
2025-07-17:13:55:10,818 WARNING  [psi4.optking.history:291] 	Skipping Hessian update for step 3.
2025-07-17:13:55:10,818 WARNING  [psi4.optking.history:286] 	Change in internal coordinate of 1.20e+00 exceeds limit of 5.00e-01.
2025-07-17:13:55:10,818 WARNING  [psi4.optking.history:291] 	Skipping Hessian update for step 2.
2025-07-17:13:55:10,818 WARNING  [psi4.optking.history:286] 	Change in internal coordinate of 1.50e+00 exceeds limit of 5.00e-01.
2025-07-17:13:55:10,818 WARNING  [psi4.optking.history:291] 	Skipping Hessian update for step 1.
2025-07-17:13:55:10,818 INFO     [psi4.optking.history:302] 	Steps to be used in Hessian update:  5

2025-07-17:13:55:10,818 INFO     [psi4.optking.history:400] 	Updated Hessian (in au) 
 	   0.165457

2025-07-17:13:55:10,819 INFO     [psi4.optking.molsys:874] Projected (PHP) Hessian matrix
	   0.165457

2025-07-17:13:55:10,819 INFO     [psi4.optking.opt_helper:168] 
	         Geometry (au)                                       Gradient (au)
   0.0000000000   0.0000000000   2.4805613390		   0.0000000000  -0.0000000000  -0.0536837265
   0.0000000000   0.0000000000  -1.2873796638		   0.0000000000   0.0000000000   0.0536612187

2025-07-17:13:55:10,819 INFO     [psi4.optking.stepAlgorithms:315] 	Current Step Report 
 
	Current energy:      -296.5671986477
	Energy change for the previous step:
		Actual       :        -0.0231842268
		Projected    :        -0.0158140694

2025-07-17:13:55:10,819 INFO     [psi4.optking.stepAlgorithms:318] 	Energy ratio =    1.46605
2025-07-17:13:55:10,819 INFO     [psi4.optking.stepAlgorithms:750] 	Using RFO solution 1.
2025-07-17:13:55:10,819 INFO     [psi4.optking.displace:73] 	Determining Cartesian step for fragment 1.
2025-07-17:13:55:10,820 INFO     [psi4.optking.displace:378] 	Successfully converged to displaced geometry.
2025-07-17:13:55:10,820 INFO     [psi4.optking.displace:379] 	RMS(dx):  0.000e+00 	Max(dx):  0.000e+00 	RMS(dq):  0.000e+00
2025-07-17:13:55:10,820 INFO     [psi4.optking.displace:132] 

	        --- Internal Coordinate Step in ANG or DEG, aJ/ANG or AJ/DEG ---
	-------------------------------------------------------------------------------
	           Coordinate      Previous         Force          Change          New 
	           ----------      --------        ------          ------        ------
	               R(1,2)       1.99391        0.44219        0.15662       2.15053
	-------------------------------------------------------------------------------

2025-07-17:13:55:10,820 INFO     [psi4.optking.stepAlgorithms:96] 	|target step| :    0.2959732597
2025-07-17:13:55:10,820 INFO     [psi4.optking.stepAlgorithms:97] 	gradient     :   -0.0536724726
2025-07-17:13:55:10,820 INFO     [psi4.optking.stepAlgorithms:98] 	hessian      :    0.1654566865
2025-07-17:13:55:10,820 INFO     [psi4.optking.stepAlgorithms:177] 	Norm of achieved step-size    0.2959732597
2025-07-17:13:55:10,820 INFO     [psi4.optking.stepAlgorithms:179] 	Norm of achieved step-size (cart):    0.2092846989
2025-07-17:13:55:10,820 INFO     [psi4.optking.opt_helper:151] Molsys:

	                            ===> Fragment 1 <== 

	 Z (Atomic Numbers)          Masses                          Geom                  
	       7.000000            14.003074          0.00000000  0.00000000  2.62854797   
	      13.000000            26.981539          0.00000000  0.00000000 -1.43536629   

	 - Coordinate -           - BOHR/RAD -       - ANG/DEG -
	 R(1,2)           =         4.063914           2.150531

2025-07-17:13:55:10,821 INFO     [psi4.optking.convcheck:71] Performing convergence check.
2025-07-17:13:55:10,822 INFO     [psi4.optking.convcheck:263] 
	                                 ==> Convergence Check <==                                  
    
	Measures of convergence in internal coordinates in au.
    
	Criteria marked as inactive (o), active & met (*), and active & unmet ( ).

	----------------------------------------------------------------------------------------------
	   Step    Total Energy     Delta E     Max Force     RMS Force      Max Disp      RMS Disp   
	----------------------------------------------------------------------------------------------
	  Convergence Criteria     1.00e-06 *    3.00e-04 *             o    1.20e-03 *             o
	----------------------------------------------------------------------------------------------
	     6    -296.56719865   -2.32e-02      5.37e-02      5.37e-02 o    2.96e-01      2.96e-01 o  ~
	----------------------------------------------------------------------------------------------


2025-07-17:13:55:10,822 INFO     [psi4.optking.stepAlgorithms:266] 	Convergence check returned False
2025-07-17:13:55:10,840 INFO     [psi4.driver.task_planner:285] PLANNING Atomic:  keywords={'DAMPING_PERCENTAGE': 1.0, 'GEOM_MAXITER': 500, 'SCF__GUESS': 'READ', 'GUESS': 'SAP', 'MAXITER': 500, 'REFERENCE': 'UKS', 'function_kwargs': {}}
2025-07-17:13:55:10,841 INFO     [psi4.driver.driver:636] Compute gradient(): method=b3lyp, basis=cc-pvdz, molecule=default, nre=22.39220468838923
2025-07-17:13:55:11,937 INFO     [psi4.driver.driver:639] Return gradient(): -296.5787424664329
2025-07-17:13:55:11,937 INFO     [psi4.driver.driver:640] [[-0.00000000  0.00000000 -0.02701104]
 [ 0.00000000  0.00000000  0.02699007]]
2025-07-17:13:55:11,939 INFO     [psi4.optking.history:257] 	Performing BFGS update.
2025-07-17:13:55:11,939 INFO     [psi4.optking.history:268] 	Using 4 previous steps for update.
2025-07-17:13:55:11,939 WARNING  [psi4.optking.history:286] 	Change in internal coordinate of 6.00e-01 exceeds limit of 5.00e-01.
2025-07-17:13:55:11,939 WARNING  [psi4.optking.history:291] 	Skipping Hessian update for step 5.
2025-07-17:13:55:11,939 WARNING  [psi4.optking.history:286] 	Change in internal coordinate of 9.05e-01 exceeds limit of 5.00e-01.
2025-07-17:13:55:11,939 WARNING  [psi4.optking.history:291] 	Skipping Hessian update for step 4.
2025-07-17:13:55:11,939 WARNING  [psi4.optking.history:286] 	Change in internal coordinate of 1.21e+00 exceeds limit of 5.00e-01.
2025-07-17:13:55:11,939 WARNING  [psi4.optking.history:291] 	Skipping Hessian update for step 3.
2025-07-17:13:55:11,939 WARNING  [psi4.optking.history:286] 	Change in internal coordinate of 1.50e+00 exceeds limit of 5.00e-01.
2025-07-17:13:55:11,939 WARNING  [psi4.optking.history:291] 	Skipping Hessian update for step 2.
2025-07-17:13:55:11,940 WARNING  [psi4.optking.history:286] 	Change in internal coordinate of 1.80e+00 exceeds limit of 5.00e-01.
2025-07-17:13:55:11,940 WARNING  [psi4.optking.history:291] 	Skipping Hessian update for step 1.
2025-07-17:13:55:11,940 INFO     [psi4.optking.history:302] 	Steps to be used in Hessian update:  6

2025-07-17:13:55:11,940 INFO     [psi4.optking.history:400] 	Updated Hessian (in au) 
 	   0.090116

2025-07-17:13:55:11,940 INFO     [psi4.optking.molsys:874] Projected (PHP) Hessian matrix
	   0.090116

2025-07-17:13:55:11,940 INFO     [psi4.optking.opt_helper:168] 
	         Geometry (au)                                       Gradient (au)
   0.0000000000   0.0000000000   2.6754104156		  -0.0000000000   0.0000000000  -0.0270110390
   0.0000000000   0.0000000000  -1.3885038468		   0.0000000000   0.0000000000   0.0269900693

2025-07-17:13:55:11,940 INFO     [psi4.optking.stepAlgorithms:315] 	Current Step Report 
 
	Current energy:      -296.5787424664
	Energy change for the previous step:
		Actual       :        -0.0115438187
		Projected    :        -0.0079428083

2025-07-17:13:55:11,940 INFO     [psi4.optking.stepAlgorithms:318] 	Energy ratio =    1.45337
2025-07-17:13:55:11,940 INFO     [psi4.optking.stepAlgorithms:750] 	Using RFO solution 1.
2025-07-17:13:55:11,940 INFO     [psi4.optking.displace:73] 	Determining Cartesian step for fragment 1.
2025-07-17:13:55:11,940 INFO     [psi4.optking.displace:378] 	Successfully converged to displaced geometry.
2025-07-17:13:55:11,940 INFO     [psi4.optking.displace:379] 	RMS(dx):  0.000e+00 	Max(dx):  0.000e+00 	RMS(dq):  0.000e+00
2025-07-17:13:55:11,940 INFO     [psi4.optking.displace:132] 

	        --- Internal Coordinate Step in ANG or DEG, aJ/ANG or AJ/DEG ---
	-------------------------------------------------------------------------------
	           Coordinate      Previous         Force          Change          New 
	           ----------      --------        ------          ------        ------
	               R(1,2)       2.15053        0.22245        0.14641       2.29695
	-------------------------------------------------------------------------------

2025-07-17:13:55:11,940 INFO     [psi4.optking.stepAlgorithms:96] 	|target step| :    0.2766830930
2025-07-17:13:55:11,940 INFO     [psi4.optking.stepAlgorithms:97] 	gradient     :   -0.0270005541
2025-07-17:13:55:11,940 INFO     [psi4.optking.stepAlgorithms:98] 	hessian      :    0.0901159736
2025-07-17:13:55:11,940 INFO     [psi4.optking.stepAlgorithms:177] 	Norm of achieved step-size    0.2766830930
2025-07-17:13:55:11,940 INFO     [psi4.optking.stepAlgorithms:179] 	Norm of achieved step-size (cart):    0.1956444913
2025-07-17:13:55:11,941 INFO     [psi4.optking.opt_helper:151] Molsys:

	                            ===> Fragment 1 <== 

	 Z (Atomic Numbers)          Masses                          Geom                  
	       7.000000            14.003074          0.00000000  0.00000000  2.81375196   
	      13.000000            26.981539          0.00000000  0.00000000 -1.52684539   

	 - Coordinate -           - BOHR/RAD -       - ANG/DEG -
	 R(1,2)           =         4.340597           2.296945

2025-07-17:13:55:11,941 INFO     [psi4.optking.convcheck:71] Performing convergence check.
2025-07-17:13:55:11,941 INFO     [psi4.optking.convcheck:263] 
	                                 ==> Convergence Check <==                                  
    
	Measures of convergence in internal coordinates in au.
    
	Criteria marked as inactive (o), active & met (*), and active & unmet ( ).

	----------------------------------------------------------------------------------------------
	   Step    Total Energy     Delta E     Max Force     RMS Force      Max Disp      RMS Disp   
	----------------------------------------------------------------------------------------------
	  Convergence Criteria     1.00e-06 *    3.00e-04 *             o    1.20e-03 *             o
	----------------------------------------------------------------------------------------------
	     7    -296.57874247   -1.15e-02      2.70e-02      2.70e-02 o    2.77e-01      2.77e-01 o  ~
	----------------------------------------------------------------------------------------------


2025-07-17:13:55:11,941 INFO     [psi4.optking.stepAlgorithms:266] 	Convergence check returned False
2025-07-17:13:55:11,960 INFO     [psi4.driver.task_planner:285] PLANNING Atomic:  keywords={'DAMPING_PERCENTAGE': 1.0, 'GEOM_MAXITER': 500, 'SCF__GUESS': 'READ', 'GUESS': 'SAP', 'MAXITER': 500, 'REFERENCE': 'UKS', 'function_kwargs': {}}
2025-07-17:13:55:11,961 INFO     [psi4.driver.driver:636] Compute gradient(): method=b3lyp, basis=cc-pvdz, molecule=default, nre=20.964856343187495
2025-07-17:13:55:13,45 INFO     [psi4.driver.driver:639] Return gradient(): -296.5840884287552
2025-07-17:13:55:13,46 INFO     [psi4.driver.driver:640] [[-0.00000000  0.00000000 -0.01298050]
 [ 0.00000000 -0.00000000  0.01295169]]
2025-07-17:13:55:13,48 INFO     [psi4.optking.history:257] 	Performing BFGS update.
2025-07-17:13:55:13,49 INFO     [psi4.optking.history:268] 	Using 4 previous steps for update.
2025-07-17:13:55:13,49 WARNING  [psi4.optking.history:286] 	Change in internal coordinate of 5.73e-01 exceeds limit of 5.00e-01.
2025-07-17:13:55:13,49 WARNING  [psi4.optking.history:291] 	Skipping Hessian update for step 6.
2025-07-17:13:55:13,49 WARNING  [psi4.optking.history:286] 	Change in internal coordinate of 8.77e-01 exceeds limit of 5.00e-01.
2025-07-17:13:55:13,49 WARNING  [psi4.optking.history:291] 	Skipping Hessian update for step 5.
2025-07-17:13:55:13,49 WARNING  [psi4.optking.history:286] 	Change in internal coordinate of 1.18e+00 exceeds limit of 5.00e-01.
2025-07-17:13:55:13,49 WARNING  [psi4.optking.history:291] 	Skipping Hessian update for step 4.
2025-07-17:13:55:13,49 WARNING  [psi4.optking.history:286] 	Change in internal coordinate of 1.48e+00 exceeds limit of 5.00e-01.
2025-07-17:13:55:13,49 WARNING  [psi4.optking.history:291] 	Skipping Hessian update for step 3.
2025-07-17:13:55:13,49 WARNING  [psi4.optking.history:286] 	Change in internal coordinate of 1.77e+00 exceeds limit of 5.00e-01.
2025-07-17:13:55:13,49 WARNING  [psi4.optking.history:291] 	Skipping Hessian update for step 2.
2025-07-17:13:55:13,50 WARNING  [psi4.optking.history:286] 	Change in internal coordinate of 2.07e+00 exceeds limit of 5.00e-01.
2025-07-17:13:55:13,50 WARNING  [psi4.optking.history:291] 	Skipping Hessian update for step 1.
2025-07-17:13:55:13,50 INFO     [psi4.optking.history:302] 	Steps to be used in Hessian update:  7

2025-07-17:13:55:13,50 INFO     [psi4.optking.history:400] 	Updated Hessian (in au) 
 	   0.050724

2025-07-17:13:55:13,50 INFO     [psi4.optking.molsys:874] Projected (PHP) Hessian matrix
	   0.050724

2025-07-17:13:55:13,50 INFO     [psi4.optking.opt_helper:168] 
	         Geometry (au)                                       Gradient (au)
   0.0000000000   0.0000000000   2.8575601316		  -0.0000000000   0.0000000000  -0.0129804959
   0.0000000000   0.0000000000  -1.4830372238		   0.0000000000  -0.0000000000   0.0129516946

2025-07-17:13:55:13,50 INFO     [psi4.optking.stepAlgorithms:315] 	Current Step Report 
 
	Current energy:      -296.5840884288
	Energy change for the previous step:
		Actual       :        -0.0053459623
		Projected    :        -0.0037352984

2025-07-17:13:55:13,50 INFO     [psi4.optking.stepAlgorithms:318] 	Energy ratio =    1.43120
2025-07-17:13:55:13,50 INFO     [psi4.optking.stepAlgorithms:750] 	Using RFO solution 1.
2025-07-17:13:55:13,51 INFO     [psi4.optking.displace:73] 	Determining Cartesian step for fragment 1.
2025-07-17:13:55:13,51 INFO     [psi4.optking.displace:378] 	Successfully converged to displaced geometry.
2025-07-17:13:55:13,51 INFO     [psi4.optking.displace:379] 	RMS(dx):  2.564e-16 	Max(dx):  4.441e-16 	RMS(dq):  0.000e+00
2025-07-17:13:55:13,51 INFO     [psi4.optking.displace:132] 

	        --- Internal Coordinate Step in ANG or DEG, aJ/ANG or AJ/DEG ---
	-------------------------------------------------------------------------------
	           Coordinate      Previous         Force          Change          New 
	           ----------      --------        ------          ------        ------
	               R(1,2)       2.29695        0.10682        0.12743       2.42437
	-------------------------------------------------------------------------------

2025-07-17:13:55:13,51 INFO     [psi4.optking.stepAlgorithms:96] 	|target step| :    0.2407988450
2025-07-17:13:55:13,51 INFO     [psi4.optking.stepAlgorithms:97] 	gradient     :   -0.0129660953
2025-07-17:13:55:13,51 INFO     [psi4.optking.stepAlgorithms:98] 	hessian      :    0.0507239481
2025-07-17:13:55:13,51 INFO     [psi4.optking.stepAlgorithms:177] 	Norm of achieved step-size    0.2407988450
2025-07-17:13:55:13,51 INFO     [psi4.optking.stepAlgorithms:179] 	Norm of achieved step-size (cart):    0.1702704962
2025-07-17:13:55:13,52 INFO     [psi4.optking.opt_helper:151] Molsys:

	                            ===> Fragment 1 <== 

	 Z (Atomic Numbers)          Masses                          Geom                  
	       7.000000            14.003074          0.00000000  0.00000000  2.97795955   
	      13.000000            26.981539          0.00000000  0.00000000 -1.60343665   

	 - Coordinate -           - BOHR/RAD -       - ANG/DEG -
	 R(1,2)           =         4.581396           2.424370

2025-07-17:13:55:13,52 INFO     [psi4.optking.convcheck:71] Performing convergence check.
2025-07-17:13:55:13,52 INFO     [psi4.optking.convcheck:263] 
	                                 ==> Convergence Check <==                                  
    
	Measures of convergence in internal coordinates in au.
    
	Criteria marked as inactive (o), active & met (*), and active & unmet ( ).

	----------------------------------------------------------------------------------------------
	   Step    Total Energy     Delta E     Max Force     RMS Force      Max Disp      RMS Disp   
	----------------------------------------------------------------------------------------------
	  Convergence Criteria     1.00e-06 *    3.00e-04 *             o    1.20e-03 *             o
	----------------------------------------------------------------------------------------------
	     8    -296.58408843   -5.35e-03      1.30e-02      1.30e-02 o    2.41e-01      2.41e-01 o  ~
	----------------------------------------------------------------------------------------------


2025-07-17:13:55:13,52 INFO     [psi4.optking.stepAlgorithms:266] 	Convergence check returned False
2025-07-17:13:55:13,73 INFO     [psi4.driver.task_planner:285] PLANNING Atomic:  keywords={'DAMPING_PERCENTAGE': 1.0, 'GEOM_MAXITER': 500, 'SCF__GUESS': 'READ', 'GUESS': 'SAP', 'MAXITER': 500, 'REFERENCE': 'UKS', 'function_kwargs': {}}
2025-07-17:13:55:13,74 INFO     [psi4.driver.driver:636] Compute gradient(): method=b3lyp, basis=cc-pvdz, molecule=default, nre=19.8629404703388
2025-07-17:13:55:14,264 INFO     [psi4.driver.driver:639] Return gradient(): -296.58626821775704
2025-07-17:13:55:14,265 INFO     [psi4.driver.driver:640] [[ 0.00000000 -0.00000000 -0.00575045]
 [ 0.00000000  0.00000000  0.00573371]]
2025-07-17:13:55:14,269 INFO     [psi4.optking.history:257] 	Performing BFGS update.
2025-07-17:13:55:14,269 INFO     [psi4.optking.history:268] 	Using 4 previous steps for update.
2025-07-17:13:55:14,269 WARNING  [psi4.optking.history:286] 	Change in internal coordinate of 5.17e-01 exceeds limit of 5.00e-01.
2025-07-17:13:55:14,269 WARNING  [psi4.optking.history:291] 	Skipping Hessian update for step 7.
2025-07-17:13:55:14,269 WARNING  [psi4.optking.history:286] 	Change in internal coordinate of 8.13e-01 exceeds limit of 5.00e-01.
2025-07-17:13:55:14,269 WARNING  [psi4.optking.history:291] 	Skipping Hessian update for step 6.
2025-07-17:13:55:14,270 WARNING  [psi4.optking.history:286] 	Change in internal coordinate of 1.12e+00 exceeds limit of 5.00e-01.
2025-07-17:13:55:14,270 WARNING  [psi4.optking.history:291] 	Skipping Hessian update for step 5.
2025-07-17:13:55:14,271 WARNING  [psi4.optking.history:286] 	Change in internal coordinate of 1.42e+00 exceeds limit of 5.00e-01.
2025-07-17:13:55:14,271 WARNING  [psi4.optking.history:291] 	Skipping Hessian update for step 4.
2025-07-17:13:55:14,271 WARNING  [psi4.optking.history:286] 	Change in internal coordinate of 1.72e+00 exceeds limit of 5.00e-01.
2025-07-17:13:55:14,271 WARNING  [psi4.optking.history:291] 	Skipping Hessian update for step 3.
2025-07-17:13:55:14,271 WARNING  [psi4.optking.history:286] 	Change in internal coordinate of 2.01e+00 exceeds limit of 5.00e-01.
2025-07-17:13:55:14,271 WARNING  [psi4.optking.history:291] 	Skipping Hessian update for step 2.
2025-07-17:13:55:14,271 WARNING  [psi4.optking.history:286] 	Change in internal coordinate of 2.31e+00 exceeds limit of 5.00e-01.
2025-07-17:13:55:14,271 WARNING  [psi4.optking.history:291] 	Skipping Hessian update for step 1.
2025-07-17:13:55:14,271 INFO     [psi4.optking.history:302] 	Steps to be used in Hessian update:  8

2025-07-17:13:55:14,272 INFO     [psi4.optking.history:400] 	Updated Hessian (in au) 
 	   0.030000

2025-07-17:13:55:14,272 INFO     [psi4.optking.molsys:874] Projected (PHP) Hessian matrix
	   0.030000

2025-07-17:13:55:14,272 INFO     [psi4.optking.opt_helper:168] 
	         Geometry (au)                                       Gradient (au)
   0.0000000000   0.0000000000   3.0160860493		   0.0000000000  -0.0000000000  -0.0057504485
   0.0000000000   0.0000000000  -1.5653101511		   0.0000000000   0.0000000000   0.0057337134

2025-07-17:13:55:14,272 INFO     [psi4.optking.stepAlgorithms:315] 	Current Step Report 
 
	Current energy:      -296.5862682178
	Energy change for the previous step:
		Actual       :        -0.0021797890
		Projected    :        -0.0015611104

2025-07-17:13:55:14,272 INFO     [psi4.optking.stepAlgorithms:318] 	Energy ratio =    1.39631
2025-07-17:13:55:14,272 INFO     [psi4.optking.stepAlgorithms:750] 	Using RFO solution 1.
2025-07-17:13:55:14,273 INFO     [psi4.optking.displace:73] 	Determining Cartesian step for fragment 1.
2025-07-17:13:55:14,273 INFO     [psi4.optking.displace:378] 	Successfully converged to displaced geometry.
2025-07-17:13:55:14,273 INFO     [psi4.optking.displace:379] 	RMS(dx):  2.564e-16 	Max(dx):  4.441e-16 	RMS(dq):  0.000e+00
2025-07-17:13:55:14,273 INFO     [psi4.optking.displace:132] 

	        --- Internal Coordinate Step in ANG or DEG, aJ/ANG or AJ/DEG ---
	-------------------------------------------------------------------------------
	           Coordinate      Previous         Force          Change          New 
	           ----------      --------        ------          ------        ------
	               R(1,2)       2.42437        0.04731        0.09782       2.52219
	-------------------------------------------------------------------------------

2025-07-17:13:55:14,273 INFO     [psi4.optking.stepAlgorithms:96] 	|target step| :    0.1848605596
2025-07-17:13:55:14,273 INFO     [psi4.optking.stepAlgorithms:97] 	gradient     :   -0.0057420810
2025-07-17:13:55:14,273 INFO     [psi4.optking.stepAlgorithms:98] 	hessian      :    0.0300002034
2025-07-17:13:55:14,273 INFO     [psi4.optking.stepAlgorithms:177] 	Norm of achieved step-size    0.1848605596
2025-07-17:13:55:14,273 INFO     [psi4.optking.stepAlgorithms:179] 	Norm of achieved step-size (cart):    0.1307161552
2025-07-17:13:55:14,274 INFO     [psi4.optking.opt_helper:151] Molsys:

	                            ===> Fragment 1 <== 

	 Z (Atomic Numbers)          Masses                          Geom                  
	       7.000000            14.003074          0.00000000  0.00000000  3.10851633   
	      13.000000            26.981539          0.00000000  0.00000000 -1.65774043   

	 - Coordinate -           - BOHR/RAD -       - ANG/DEG -
	 R(1,2)           =         4.766257           2.522194

2025-07-17:13:55:14,274 INFO     [psi4.optking.convcheck:71] Performing convergence check.
2025-07-17:13:55:14,274 INFO     [psi4.optking.convcheck:263] 
	                                 ==> Convergence Check <==                                  
    
	Measures of convergence in internal coordinates in au.
    
	Criteria marked as inactive (o), active & met (*), and active & unmet ( ).

	----------------------------------------------------------------------------------------------
	   Step    Total Energy     Delta E     Max Force     RMS Force      Max Disp      RMS Disp   
	----------------------------------------------------------------------------------------------
	  Convergence Criteria     1.00e-06 *    3.00e-04 *             o    1.20e-03 *             o
	----------------------------------------------------------------------------------------------
	     9    -296.58626822   -2.18e-03      5.74e-03      5.74e-03 o    1.85e-01      1.85e-01 o  ~
	----------------------------------------------------------------------------------------------


2025-07-17:13:55:14,274 INFO     [psi4.optking.stepAlgorithms:266] 	Convergence check returned False
2025-07-17:13:55:14,292 INFO     [psi4.driver.task_planner:285] PLANNING Atomic:  keywords={'DAMPING_PERCENTAGE': 1.0, 'GEOM_MAXITER': 500, 'SCF__GUESS': 'READ', 'GUESS': 'SAP', 'MAXITER': 500, 'REFERENCE': 'UKS', 'function_kwargs': {}}
2025-07-17:13:55:14,294 INFO     [psi4.driver.driver:636] Compute gradient(): method=b3lyp, basis=cc-pvdz, molecule=default, nre=19.092550943556095
2025-07-17:13:55:15,405 INFO     [psi4.driver.driver:639] Return gradient(): -296.5869802753528
2025-07-17:13:55:15,405 INFO     [psi4.driver.driver:640] [[ 0.00000000  0.00000000 -0.00219765]
 [ 0.00000000  0.00000000  0.00218933]]
2025-07-17:13:55:15,407 INFO     [psi4.optking.history:257] 	Performing BFGS update.
2025-07-17:13:55:15,407 INFO     [psi4.optking.history:268] 	Using 4 previous steps for update.
2025-07-17:13:55:15,407 WARNING  [psi4.optking.history:286] 	Change in internal coordinate of 7.02e-01 exceeds limit of 5.00e-01.
2025-07-17:13:55:15,407 WARNING  [psi4.optking.history:291] 	Skipping Hessian update for step 7.
2025-07-17:13:55:15,407 WARNING  [psi4.optking.history:286] 	Change in internal coordinate of 9.98e-01 exceeds limit of 5.00e-01.
2025-07-17:13:55:15,407 WARNING  [psi4.optking.history:291] 	Skipping Hessian update for step 6.
2025-07-17:13:55:15,407 WARNING  [psi4.optking.history:286] 	Change in internal coordinate of 1.30e+00 exceeds limit of 5.00e-01.
2025-07-17:13:55:15,407 WARNING  [psi4.optking.history:291] 	Skipping Hessian update for step 5.
2025-07-17:13:55:15,407 WARNING  [psi4.optking.history:286] 	Change in internal coordinate of 1.61e+00 exceeds limit of 5.00e-01.
2025-07-17:13:55:15,407 WARNING  [psi4.optking.history:291] 	Skipping Hessian update for step 4.
2025-07-17:13:55:15,407 WARNING  [psi4.optking.history:286] 	Change in internal coordinate of 1.91e+00 exceeds limit of 5.00e-01.
2025-07-17:13:55:15,407 WARNING  [psi4.optking.history:291] 	Skipping Hessian update for step 3.
2025-07-17:13:55:15,407 WARNING  [psi4.optking.history:286] 	Change in internal coordinate of 2.20e+00 exceeds limit of 5.00e-01.
2025-07-17:13:55:15,407 WARNING  [psi4.optking.history:291] 	Skipping Hessian update for step 2.
2025-07-17:13:55:15,407 WARNING  [psi4.optking.history:286] 	Change in internal coordinate of 2.50e+00 exceeds limit of 5.00e-01.
2025-07-17:13:55:15,407 WARNING  [psi4.optking.history:291] 	Skipping Hessian update for step 1.
2025-07-17:13:55:15,407 INFO     [psi4.optking.history:302] 	Steps to be used in Hessian update:  9 8

2025-07-17:13:55:15,408 INFO     [psi4.optking.history:400] 	Updated Hessian (in au) 
 	   0.025308

2025-07-17:13:55:15,408 INFO     [psi4.optking.molsys:874] Projected (PHP) Hessian matrix
	   0.025308

2025-07-17:13:55:15,408 INFO     [psi4.optking.opt_helper:168] 
	         Geometry (au)                                       Gradient (au)
   0.0000000000   0.0000000000   3.1377859265		   0.0000000000   0.0000000000  -0.0021976470
   0.0000000000   0.0000000000  -1.6284708335		   0.0000000000   0.0000000000   0.0021893250

2025-07-17:13:55:15,408 INFO     [psi4.optking.stepAlgorithms:315] 	Current Step Report 
 
	Current energy:      -296.5869802754
	Energy change for the previous step:
		Actual       :        -0.0007120576
		Projected    :        -0.0005307421

2025-07-17:13:55:15,408 INFO     [psi4.optking.stepAlgorithms:318] 	Energy ratio =    1.34163
2025-07-17:13:55:15,408 INFO     [psi4.optking.stepAlgorithms:750] 	Using RFO solution 1.
2025-07-17:13:55:15,408 INFO     [psi4.optking.displace:73] 	Determining Cartesian step for fragment 1.
2025-07-17:13:55:15,408 INFO     [psi4.optking.displace:378] 	Successfully converged to displaced geometry.
2025-07-17:13:55:15,408 INFO     [psi4.optking.displace:379] 	RMS(dx):  0.000e+00 	Max(dx):  0.000e+00 	RMS(dq):  0.000e+00
2025-07-17:13:55:15,408 INFO     [psi4.optking.displace:132] 

	        --- Internal Coordinate Step in ANG or DEG, aJ/ANG or AJ/DEG ---
	-------------------------------------------------------------------------------
	           Coordinate      Previous         Force          Change          New 
	           ----------      --------        ------          ------        ------
	               R(1,2)       2.52219        0.01807        0.04553       2.56772
	-------------------------------------------------------------------------------

2025-07-17:13:55:15,408 INFO     [psi4.optking.stepAlgorithms:96] 	|target step| :    0.0860300071
2025-07-17:13:55:15,408 INFO     [psi4.optking.stepAlgorithms:97] 	gradient     :   -0.0021934860
2025-07-17:13:55:15,408 INFO     [psi4.optking.stepAlgorithms:98] 	hessian      :    0.0253080495
2025-07-17:13:55:15,408 INFO     [psi4.optking.stepAlgorithms:177] 	Norm of achieved step-size    0.0860300071
2025-07-17:13:55:15,408 INFO     [psi4.optking.stepAlgorithms:179] 	Norm of achieved step-size (cart):    0.0608324014
2025-07-17:13:55:15,408 INFO     [psi4.optking.opt_helper:151] Molsys:

	                            ===> Fragment 1 <== 

	 Z (Atomic Numbers)          Masses                          Geom                  
	       7.000000            14.003074          0.00000000  0.00000000  3.18080093   
	      13.000000            26.981539          0.00000000  0.00000000 -1.67148584   

	 - Coordinate -           - BOHR/RAD -       - ANG/DEG -
	 R(1,2)           =         4.852287           2.567720

2025-07-17:13:55:15,409 INFO     [psi4.optking.convcheck:71] Performing convergence check.
2025-07-17:13:55:15,409 INFO     [psi4.optking.convcheck:263] 
	                                 ==> Convergence Check <==                                  
    
	Measures of convergence in internal coordinates in au.
    
	Criteria marked as inactive (o), active & met (*), and active & unmet ( ).

	----------------------------------------------------------------------------------------------
	   Step    Total Energy     Delta E     Max Force     RMS Force      Max Disp      RMS Disp   
	----------------------------------------------------------------------------------------------
	  Convergence Criteria     1.00e-06 *    3.00e-04 *             o    1.20e-03 *             o
	----------------------------------------------------------------------------------------------
	    10    -296.58698028   -7.12e-04      2.19e-03      2.19e-03 o    8.60e-02      8.60e-02 o  ~
	----------------------------------------------------------------------------------------------


2025-07-17:13:55:15,409 INFO     [psi4.optking.stepAlgorithms:266] 	Convergence check returned False
2025-07-17:13:55:15,425 INFO     [psi4.driver.task_planner:285] PLANNING Atomic:  keywords={'DAMPING_PERCENTAGE': 1.0, 'GEOM_MAXITER': 500, 'SCF__GUESS': 'READ', 'GUESS': 'SAP', 'MAXITER': 500, 'REFERENCE': 'UKS', 'function_kwargs': {}}
2025-07-17:13:55:15,425 INFO     [psi4.driver.driver:636] Compute gradient(): method=b3lyp, basis=cc-pvdz, molecule=default, nre=18.754044096881433
2025-07-17:13:55:16,539 INFO     [psi4.driver.driver:639] Return gradient(): -296.58711505835214
2025-07-17:13:55:16,539 INFO     [psi4.driver.driver:640] [[ 0.00000000 -0.00000000 -0.00097592]
 [ 0.00000000 -0.00000000  0.00096368]]
2025-07-17:13:55:16,542 INFO     [psi4.optking.history:257] 	Performing BFGS update.
2025-07-17:13:55:16,542 INFO     [psi4.optking.history:268] 	Using 4 previous steps for update.
2025-07-17:13:55:16,542 WARNING  [psi4.optking.history:286] 	Change in internal coordinate of 5.12e-01 exceeds limit of 5.00e-01.
2025-07-17:13:55:16,542 WARNING  [psi4.optking.history:291] 	Skipping Hessian update for step 8.
2025-07-17:13:55:16,542 WARNING  [psi4.optking.history:286] 	Change in internal coordinate of 7.88e-01 exceeds limit of 5.00e-01.
2025-07-17:13:55:16,542 WARNING  [psi4.optking.history:291] 	Skipping Hessian update for step 7.
2025-07-17:13:55:16,542 WARNING  [psi4.optking.history:286] 	Change in internal coordinate of 1.08e+00 exceeds limit of 5.00e-01.
2025-07-17:13:55:16,542 WARNING  [psi4.optking.history:291] 	Skipping Hessian update for step 6.
2025-07-17:13:55:16,542 WARNING  [psi4.optking.history:286] 	Change in internal coordinate of 1.39e+00 exceeds limit of 5.00e-01.
2025-07-17:13:55:16,542 WARNING  [psi4.optking.history:291] 	Skipping Hessian update for step 5.
2025-07-17:13:55:16,543 WARNING  [psi4.optking.history:286] 	Change in internal coordinate of 1.69e+00 exceeds limit of 5.00e-01.
2025-07-17:13:55:16,543 WARNING  [psi4.optking.history:291] 	Skipping Hessian update for step 4.
2025-07-17:13:55:16,543 WARNING  [psi4.optking.history:286] 	Change in internal coordinate of 1.99e+00 exceeds limit of 5.00e-01.
2025-07-17:13:55:16,543 WARNING  [psi4.optking.history:291] 	Skipping Hessian update for step 3.
2025-07-17:13:55:16,543 WARNING  [psi4.optking.history:286] 	Change in internal coordinate of 2.29e+00 exceeds limit of 5.00e-01.
2025-07-17:13:55:16,543 WARNING  [psi4.optking.history:291] 	Skipping Hessian update for step 2.
2025-07-17:13:55:16,543 WARNING  [psi4.optking.history:286] 	Change in internal coordinate of 2.58e+00 exceeds limit of 5.00e-01.
2025-07-17:13:55:16,543 WARNING  [psi4.optking.history:291] 	Skipping Hessian update for step 1.
2025-07-17:13:55:16,543 INFO     [psi4.optking.history:302] 	Steps to be used in Hessian update:  10 9

2025-07-17:13:55:16,543 INFO     [psi4.optking.history:400] 	Updated Hessian (in au) 
 	   0.017617

2025-07-17:13:55:16,543 INFO     [psi4.optking.molsys:874] Projected (PHP) Hessian matrix
	   0.017617

2025-07-17:13:55:16,543 INFO     [psi4.optking.opt_helper:168] 
	         Geometry (au)                                       Gradient (au)
   0.0000000000   0.0000000000   3.1944223519		   0.0000000000  -0.0000000000  -0.0009759185
   0.0000000000   0.0000000000  -1.6578644152		   0.0000000000  -0.0000000000   0.0009636795

2025-07-17:13:55:16,543 INFO     [psi4.optking.stepAlgorithms:315] 	Current Step Report 
 
	Current energy:      -296.5871150584
	Energy change for the previous step:
		Actual       :        -0.0001347830
		Projected    :        -0.0000943528

2025-07-17:13:55:16,543 INFO     [psi4.optking.stepAlgorithms:318] 	Energy ratio =    1.42850
2025-07-17:13:55:16,543 INFO     [psi4.optking.stepAlgorithms:750] 	Using RFO solution 1.
2025-07-17:13:55:16,543 INFO     [psi4.optking.displace:73] 	Determining Cartesian step for fragment 1.
2025-07-17:13:55:16,544 INFO     [psi4.optking.displace:378] 	Successfully converged to displaced geometry.
2025-07-17:13:55:16,544 INFO     [psi4.optking.displace:379] 	RMS(dx):  2.564e-16 	Max(dx):  4.441e-16 	RMS(dq):  8.882e-16
2025-07-17:13:55:16,544 INFO     [psi4.optking.displace:132] 

	        --- Internal Coordinate Step in ANG or DEG, aJ/ANG or AJ/DEG ---
	-------------------------------------------------------------------------------
	           Coordinate      Previous         Force          Change          New 
	           ----------      --------        ------          ------        ------
	               R(1,2)       2.56772        0.00799        0.02904       2.59676
	-------------------------------------------------------------------------------

2025-07-17:13:55:16,544 INFO     [psi4.optking.stepAlgorithms:96] 	|target step| :    0.0548831914
2025-07-17:13:55:16,544 INFO     [psi4.optking.stepAlgorithms:97] 	gradient     :   -0.0009697990
2025-07-17:13:55:16,544 INFO     [psi4.optking.stepAlgorithms:98] 	hessian      :    0.0176170107
2025-07-17:13:55:16,544 INFO     [psi4.optking.stepAlgorithms:177] 	Norm of achieved step-size    0.0548831914
2025-07-17:13:55:16,544 INFO     [psi4.optking.stepAlgorithms:179] 	Norm of achieved step-size (cart):    0.0388082768
2025-07-17:13:55:16,544 INFO     [psi4.optking.opt_helper:151] Molsys:

	                            ===> Fragment 1 <== 

	 Z (Atomic Numbers)          Masses                          Geom                  
	       7.000000            14.003074          0.00000000  0.00000000  3.22186395   
	      13.000000            26.981539          0.00000000  0.00000000 -1.68530601   

	 - Coordinate -           - BOHR/RAD -       - ANG/DEG -
	 R(1,2)           =         4.907170           2.596763

2025-07-17:13:55:16,544 INFO     [psi4.optking.convcheck:71] Performing convergence check.
2025-07-17:13:55:16,544 INFO     [psi4.optking.convcheck:263] 
	                                 ==> Convergence Check <==                                  
    
	Measures of convergence in internal coordinates in au.
    
	Criteria marked as inactive (o), active & met (*), and active & unmet ( ).

	----------------------------------------------------------------------------------------------
	   Step    Total Energy     Delta E     Max Force     RMS Force      Max Disp      RMS Disp   
	----------------------------------------------------------------------------------------------
	  Convergence Criteria     1.00e-06 *    3.00e-04 *             o    1.20e-03 *             o
	----------------------------------------------------------------------------------------------
	    11    -296.58711506   -1.35e-04      9.70e-04      9.70e-04 o    5.49e-02      5.49e-02 o  ~
	----------------------------------------------------------------------------------------------


2025-07-17:13:55:16,544 INFO     [psi4.optking.stepAlgorithms:266] 	Convergence check returned False
2025-07-17:13:55:16,562 INFO     [psi4.driver.task_planner:285] PLANNING Atomic:  keywords={'DAMPING_PERCENTAGE': 1.0, 'GEOM_MAXITER': 500, 'SCF__GUESS': 'READ', 'GUESS': 'SAP', 'MAXITER': 500, 'REFERENCE': 'UKS', 'function_kwargs': {}}
2025-07-17:13:55:16,564 INFO     [psi4.driver.driver:636] Compute gradient(): method=b3lyp, basis=cc-pvdz, molecule=default, nre=18.544293507324905
2025-07-17:13:55:17,685 INFO     [psi4.driver.driver:639] Return gradient(): -296.58715003512543
2025-07-17:13:55:17,685 INFO     [psi4.driver.driver:640] [[ 0.00000000 -0.00000000 -0.00031086]
 [ 0.00000000  0.00000000  0.00029813]]
2025-07-17:13:55:17,687 INFO     [psi4.optking.history:257] 	Performing BFGS update.
2025-07-17:13:55:17,687 INFO     [psi4.optking.history:268] 	Using 4 previous steps for update.
2025-07-17:13:55:17,687 WARNING  [psi4.optking.history:286] 	Change in internal coordinate of 5.67e-01 exceeds limit of 5.00e-01.
2025-07-17:13:55:17,688 WARNING  [psi4.optking.history:291] 	Skipping Hessian update for step 8.
2025-07-17:13:55:17,688 WARNING  [psi4.optking.history:286] 	Change in internal coordinate of 8.43e-01 exceeds limit of 5.00e-01.
2025-07-17:13:55:17,688 WARNING  [psi4.optking.history:291] 	Skipping Hessian update for step 7.
2025-07-17:13:55:17,688 WARNING  [psi4.optking.history:286] 	Change in internal coordinate of 1.14e+00 exceeds limit of 5.00e-01.
2025-07-17:13:55:17,688 WARNING  [psi4.optking.history:291] 	Skipping Hessian update for step 6.
2025-07-17:13:55:17,688 WARNING  [psi4.optking.history:286] 	Change in internal coordinate of 1.44e+00 exceeds limit of 5.00e-01.
2025-07-17:13:55:17,688 WARNING  [psi4.optking.history:291] 	Skipping Hessian update for step 5.
2025-07-17:13:55:17,688 WARNING  [psi4.optking.history:286] 	Change in internal coordinate of 1.75e+00 exceeds limit of 5.00e-01.
2025-07-17:13:55:17,688 WARNING  [psi4.optking.history:291] 	Skipping Hessian update for step 4.
2025-07-17:13:55:17,688 WARNING  [psi4.optking.history:286] 	Change in internal coordinate of 2.05e+00 exceeds limit of 5.00e-01.
2025-07-17:13:55:17,688 WARNING  [psi4.optking.history:291] 	Skipping Hessian update for step 3.
2025-07-17:13:55:17,689 WARNING  [psi4.optking.history:286] 	Change in internal coordinate of 2.34e+00 exceeds limit of 5.00e-01.
2025-07-17:13:55:17,689 WARNING  [psi4.optking.history:291] 	Skipping Hessian update for step 2.
2025-07-17:13:55:17,689 WARNING  [psi4.optking.history:286] 	Change in internal coordinate of 2.64e+00 exceeds limit of 5.00e-01.
2025-07-17:13:55:17,689 WARNING  [psi4.optking.history:291] 	Skipping Hessian update for step 1.
2025-07-17:13:55:17,689 INFO     [psi4.optking.history:302] 	Steps to be used in Hessian update:  11 10 9

2025-07-17:13:55:17,689 INFO     [psi4.optking.history:400] 	Updated Hessian (in au) 
 	   0.016691

2025-07-17:13:55:17,689 INFO     [psi4.optking.molsys:874] Projected (PHP) Hessian matrix
	   0.016691

2025-07-17:13:55:17,689 INFO     [psi4.optking.opt_helper:168] 
	         Geometry (au)                                       Gradient (au)
   0.0000000000   0.0000000000   3.2305537888		   0.0000000000  -0.0000000000  -0.0003108581
   0.0000000000   0.0000000000  -1.6766161696		   0.0000000000   0.0000000000   0.0002981285

2025-07-17:13:55:17,689 INFO     [psi4.optking.stepAlgorithms:315] 	Current Step Report 
 
	Current energy:      -296.5871500351
	Energy change for the previous step:
		Actual       :        -0.0000349768
		Projected    :        -0.0000266128

2025-07-17:13:55:17,690 INFO     [psi4.optking.stepAlgorithms:318] 	Energy ratio =    1.31428
2025-07-17:13:55:17,690 INFO     [psi4.optking.stepAlgorithms:750] 	Using RFO solution 1.
2025-07-17:13:55:17,690 INFO     [psi4.optking.displace:73] 	Determining Cartesian step for fragment 1.
2025-07-17:13:55:17,690 INFO     [psi4.optking.displace:378] 	Successfully converged to displaced geometry.
2025-07-17:13:55:17,690 INFO     [psi4.optking.displace:379] 	RMS(dx):  2.564e-16 	Max(dx):  4.441e-16 	RMS(dq):  8.882e-16
2025-07-17:13:55:17,690 INFO     [psi4.optking.displace:132] 

	        --- Internal Coordinate Step in ANG or DEG, aJ/ANG or AJ/DEG ---
	-------------------------------------------------------------------------------
	           Coordinate      Previous         Force          Change          New 
	           ----------      --------        ------          ------        ------
	               R(1,2)       2.59676        0.00251        0.00965       2.60641
	-------------------------------------------------------------------------------

2025-07-17:13:55:17,690 INFO     [psi4.optking.stepAlgorithms:96] 	|target step| :    0.0182365686
2025-07-17:13:55:17,690 INFO     [psi4.optking.stepAlgorithms:97] 	gradient     :   -0.0003044933
2025-07-17:13:55:17,690 INFO     [psi4.optking.stepAlgorithms:98] 	hessian      :    0.0166913004
2025-07-17:13:55:17,691 INFO     [psi4.optking.stepAlgorithms:177] 	Norm of achieved step-size    0.0182365686
2025-07-17:13:55:17,691 INFO     [psi4.optking.stepAlgorithms:179] 	Norm of achieved step-size (cart):    0.0128952013
2025-07-17:13:55:17,691 INFO     [psi4.optking.opt_helper:151] Molsys:

	                            ===> Fragment 1 <== 

	 Z (Atomic Numbers)          Masses                          Geom                  
	       7.000000            14.003074          0.00000000  0.00000000  3.23967207   
	      13.000000            26.981539          0.00000000  0.00000000 -1.68573445   

	 - Coordinate -           - BOHR/RAD -       - ANG/DEG -
	 R(1,2)           =         4.925407           2.606413

2025-07-17:13:55:17,691 INFO     [psi4.optking.convcheck:71] Performing convergence check.
2025-07-17:13:55:17,691 INFO     [psi4.optking.convcheck:263] 
	                                 ==> Convergence Check <==                                  
    
	Measures of convergence in internal coordinates in au.
    
	Criteria marked as inactive (o), active & met (*), and active & unmet ( ).

	----------------------------------------------------------------------------------------------
	   Step    Total Energy     Delta E     Max Force     RMS Force      Max Disp      RMS Disp   
	----------------------------------------------------------------------------------------------
	  Convergence Criteria     1.00e-06 *    3.00e-04 *             o    1.20e-03 *             o
	----------------------------------------------------------------------------------------------
	    12    -296.58715004   -3.50e-05      3.04e-04      3.04e-04 o    1.82e-02      1.82e-02 o  ~
	----------------------------------------------------------------------------------------------


2025-07-17:13:55:17,691 INFO     [psi4.optking.stepAlgorithms:266] 	Convergence check returned False
2025-07-17:13:55:17,709 INFO     [psi4.driver.task_planner:285] PLANNING Atomic:  keywords={'DAMPING_PERCENTAGE': 1.0, 'GEOM_MAXITER': 500, 'SCF__GUESS': 'READ', 'GUESS': 'SAP', 'MAXITER': 500, 'REFERENCE': 'UKS', 'function_kwargs': {}}
2025-07-17:13:55:17,714 INFO     [psi4.driver.driver:636] Compute gradient(): method=b3lyp, basis=cc-pvdz, molecule=default, nre=18.47563231574825
2025-07-17:13:55:18,785 INFO     [psi4.driver.driver:639] Return gradient(): -296.58715389199506
2025-07-17:13:55:18,785 INFO     [psi4.driver.driver:640] [[ 0.00000000  0.00000000 -0.00010745]
 [ 0.00000000 -0.00000000  0.00009537]]
2025-07-17:13:55:18,788 INFO     [psi4.optking.history:257] 	Performing BFGS update.
2025-07-17:13:55:18,788 INFO     [psi4.optking.history:268] 	Using 4 previous steps for update.
2025-07-17:13:55:18,788 INFO     [psi4.optking.history:302] 	Steps to be used in Hessian update:  12 11 10 9

2025-07-17:13:55:18,789 INFO     [psi4.optking.history:400] 	Updated Hessian (in au) 
 	   0.016397

2025-07-17:13:55:18,789 INFO     [psi4.optking.molsys:874] Projected (PHP) Hessian matrix
	   0.016397

2025-07-17:13:55:18,789 INFO     [psi4.optking.opt_helper:168] 
	         Geometry (au)                                       Gradient (au)
   0.0000000000   0.0000000000   3.2425595307		   0.0000000000   0.0000000000  -0.0001074525
   0.0000000000   0.0000000000  -1.6828469964		   0.0000000000  -0.0000000000   0.0000953714

2025-07-17:13:55:18,789 INFO     [psi4.optking.stepAlgorithms:315] 	Current Step Report 
 
	Current energy:      -296.5871538920
	Energy change for the previous step:
		Actual       :        -0.0000038569
		Projected    :        -0.0000027765

2025-07-17:13:55:18,789 INFO     [psi4.optking.stepAlgorithms:318] 	Energy ratio =    1.38913
2025-07-17:13:55:18,790 INFO     [psi4.optking.stepAlgorithms:750] 	Using RFO solution 1.
2025-07-17:13:55:18,790 INFO     [psi4.optking.displace:73] 	Determining Cartesian step for fragment 1.
2025-07-17:13:55:18,790 INFO     [psi4.optking.displace:378] 	Successfully converged to displaced geometry.
2025-07-17:13:55:18,790 INFO     [psi4.optking.displace:379] 	RMS(dx):  0.000e+00 	Max(dx):  0.000e+00 	RMS(dq):  0.000e+00
2025-07-17:13:55:18,790 INFO     [psi4.optking.displace:132] 

	        --- Internal Coordinate Step in ANG or DEG, aJ/ANG or AJ/DEG ---
	-------------------------------------------------------------------------------
	           Coordinate      Previous         Force          Change          New 
	           ----------      --------        ------          ------        ------
	               R(1,2)       2.60641        0.00084        0.00327       2.60969
	-------------------------------------------------------------------------------

2025-07-17:13:55:18,790 INFO     [psi4.optking.stepAlgorithms:96] 	|target step| :    0.0061846266
2025-07-17:13:55:18,790 INFO     [psi4.optking.stepAlgorithms:97] 	gradient     :   -0.0001014120
2025-07-17:13:55:18,790 INFO     [psi4.optking.stepAlgorithms:98] 	hessian      :    0.0163968013
2025-07-17:13:55:18,790 INFO     [psi4.optking.stepAlgorithms:177] 	Norm of achieved step-size    0.0061846266
2025-07-17:13:55:18,790 INFO     [psi4.optking.stepAlgorithms:179] 	Norm of achieved step-size (cart):    0.0043731914
2025-07-17:13:55:18,790 INFO     [psi4.optking.opt_helper:151] Molsys:

	                            ===> Fragment 1 <== 

	 Z (Atomic Numbers)          Masses                          Geom                  
	       7.000000            14.003074          0.00000000  0.00000000  3.24565184   
	      13.000000            26.981539          0.00000000  0.00000000 -1.68593931   

	 - Coordinate -           - BOHR/RAD -       - ANG/DEG -
	 R(1,2)           =         4.931591           2.609686

2025-07-17:13:55:18,790 INFO     [psi4.optking.convcheck:71] Performing convergence check.
2025-07-17:13:55:18,790 INFO     [psi4.optking.convcheck:263] 
	                                 ==> Convergence Check <==                                  
    
	Measures of convergence in internal coordinates in au.
    
	Criteria marked as inactive (o), active & met (*), and active & unmet ( ).

	----------------------------------------------------------------------------------------------
	   Step    Total Energy     Delta E     Max Force     RMS Force      Max Disp      RMS Disp   
	----------------------------------------------------------------------------------------------
	  Convergence Criteria     1.00e-06 *    3.00e-04 *             o    1.20e-03 *             o
	----------------------------------------------------------------------------------------------
	    13    -296.58715389   -3.86e-06      1.01e-04 *    1.01e-04 o    6.18e-03      6.18e-03 o  ~
	----------------------------------------------------------------------------------------------


2025-07-17:13:55:18,790 INFO     [psi4.optking.stepAlgorithms:266] 	Convergence check returned False
2025-07-17:13:55:18,807 INFO     [psi4.driver.task_planner:285] PLANNING Atomic:  keywords={'DAMPING_PERCENTAGE': 1.0, 'GEOM_MAXITER': 500, 'SCF__GUESS': 'READ', 'GUESS': 'SAP', 'MAXITER': 500, 'REFERENCE': 'UKS', 'function_kwargs': {}}
2025-07-17:13:55:18,809 INFO     [psi4.driver.driver:636] Compute gradient(): method=b3lyp, basis=cc-pvdz, molecule=default, nre=18.452462331964057
2025-07-17:13:55:19,646 INFO     [psi4.driver.driver:639] Return gradient(): -296.58715437026837
2025-07-17:13:55:19,646 INFO     [psi4.driver.driver:640] [[-0.00000000 -0.00000000 -0.00004037]
 [-0.00000000  0.00000000  0.00002860]]
2025-07-17:13:55:19,650 INFO     [psi4.optking.history:257] 	Performing BFGS update.
2025-07-17:13:55:19,650 INFO     [psi4.optking.history:268] 	Using 4 previous steps for update.
2025-07-17:13:55:19,650 INFO     [psi4.optking.history:302] 	Steps to be used in Hessian update:  13 12 11 10

2025-07-17:13:55:19,651 INFO     [psi4.optking.history:400] 	Updated Hessian (in au) 
 	   0.013058

2025-07-17:13:55:19,651 INFO     [psi4.optking.molsys:874] Projected (PHP) Hessian matrix
	   0.013058

2025-07-17:13:55:19,651 INFO     [psi4.optking.opt_helper:168] 
	         Geometry (au)                                       Gradient (au)
   0.0000000000   0.0000000000   3.2466310769		  -0.0000000000  -0.0000000000  -0.0000403661
   0.0000000000   0.0000000000  -1.6849600768		  -0.0000000000   0.0000000000   0.0000285962

2025-07-17:13:55:19,651 INFO     [psi4.optking.stepAlgorithms:315] 	Current Step Report 
 
	Current energy:      -296.5871543703
	Energy change for the previous step:
		Actual       :        -0.0000004783
		Projected    :        -0.0000003136

2025-07-17:13:55:19,651 INFO     [psi4.optking.stepAlgorithms:318] 	Energy ratio =    1.52512
2025-07-17:13:55:19,651 INFO     [psi4.optking.stepAlgorithms:750] 	Using RFO solution 1.
2025-07-17:13:55:19,651 INFO     [psi4.optking.displace:73] 	Determining Cartesian step for fragment 1.
2025-07-17:13:55:19,652 INFO     [psi4.optking.displace:378] 	Successfully converged to displaced geometry.
2025-07-17:13:55:19,652 INFO     [psi4.optking.displace:379] 	RMS(dx):  0.000e+00 	Max(dx):  0.000e+00 	RMS(dq):  0.000e+00
2025-07-17:13:55:19,652 INFO     [psi4.optking.displace:132] 

	        --- Internal Coordinate Step in ANG or DEG, aJ/ANG or AJ/DEG ---
	-------------------------------------------------------------------------------
	           Coordinate      Previous         Force          Change          New 
	           ----------      --------        ------          ------        ------
	               R(1,2)       2.60969        0.00028        0.00140       2.61108
	-------------------------------------------------------------------------------

2025-07-17:13:55:19,652 INFO     [psi4.optking.stepAlgorithms:96] 	|target step| :    0.0026405152
2025-07-17:13:55:19,652 INFO     [psi4.optking.stepAlgorithms:97] 	gradient     :   -0.0000344812
2025-07-17:13:55:19,652 INFO     [psi4.optking.stepAlgorithms:98] 	hessian      :    0.0130584133
2025-07-17:13:55:19,652 INFO     [psi4.optking.stepAlgorithms:177] 	Norm of achieved step-size    0.0026405152
2025-07-17:13:55:19,652 INFO     [psi4.optking.stepAlgorithms:179] 	Norm of achieved step-size (cart):    0.0018671262
2025-07-17:13:55:19,652 INFO     [psi4.optking.opt_helper:151] Molsys:

	                            ===> Fragment 1 <== 

	 Z (Atomic Numbers)          Masses                          Geom                  
	       7.000000            14.003074          0.00000000  0.00000000  3.24795133   
	      13.000000            26.981539          0.00000000  0.00000000 -1.68628033   

	 - Coordinate -           - BOHR/RAD -       - ANG/DEG -
	 R(1,2)           =         4.934232           2.611083

2025-07-17:13:55:19,653 INFO     [psi4.optking.convcheck:71] Performing convergence check.
2025-07-17:13:55:19,653 INFO     [psi4.optking.convcheck:263] 
	                                 ==> Convergence Check <==                                  
    
	Measures of convergence in internal coordinates in au.
    
	Criteria marked as inactive (o), active & met (*), and active & unmet ( ).

	----------------------------------------------------------------------------------------------
	   Step    Total Energy     Delta E     Max Force     RMS Force      Max Disp      RMS Disp   
	----------------------------------------------------------------------------------------------
	  Convergence Criteria     1.00e-06 *    3.00e-04 *             o    1.20e-03 *             o
	----------------------------------------------------------------------------------------------
	    14    -296.58715437   -4.78e-07 *    3.45e-05 *    3.45e-05 o    2.64e-03      2.64e-03 o  ~
	----------------------------------------------------------------------------------------------


2025-07-17:13:55:19,653 INFO     [psi4.optking.convcheck:193] 
	                      ===> Final Convergence Report <===                     

	----------------------------------------------------------------------------
	|   Required Criteria    |  One or More Criteria  |   Alternate Criteria   |
	----------------------------------------------------------------------------
	| [x]     max_force      | [x]       max_DE       |                        |
	|                        | [ ]      max_disp      |                        |
	----------------------------------------------------------------------------


2025-07-17:13:55:19,653 INFO     [psi4.optking.stepAlgorithms:266] 	Convergence check returned True
2025-07-17:13:55:19,653 INFO     [psi4.optking.optimize:286] 	Converged in 14 steps!
2025-07-17:13:55:19,653 INFO     [psi4.optking.optimize:287] 	Final energy is   -296.5871543702684
2025-07-17:13:55:19,653 INFO     [psi4.optking.optimize:288] 	Final structure (Angstroms): 
	Fragment 1 (Ang)

	    N   0.0000000000   0.0000000000   1.7187418276
	   Al   0.0000000000   0.0000000000  -0.8923411238


2025-07-17:13:55:19,656 INFO     [psi4.optking.optimize:432] 	Optimization Finished

	==> Optimization Summary <==

        
	Measures of convergence in internal coordinates in au. (Any backward steps not shown.)
        
	---------------------------------------------------------------------------------------------------------------  ~
        
	 Step         Total Energy             Delta E       MAX Force       RMS Force        MAX Disp        RMS Disp   ~
        
	---------------------------------------------------------------------------------------------------------------  ~
        
	     1    -295.963194114689   -295.963194114689      1.37191116      1.37191116      0.29875563      0.29875563  ~
	     2    -296.262986349287     -0.299792234598      0.70821128      0.70821128      0.29167149      0.29167149  ~
	     3    -296.415841313523     -0.152854964237      0.37621502      0.37621502      0.30064465      0.30064465  ~
	     4    -296.499377223860     -0.083535910336      0.19865591      0.19865591      0.30506266      0.30506266  ~
	     5    -296.544014420919     -0.044637197060      0.10399368      0.10399368      0.30413521      0.30413521  ~
	     6    -296.567198647711     -0.023184226791      0.05367247      0.05367247      0.29597326      0.29597326  ~
	     7    -296.578742466433     -0.011543818722      0.02700055      0.02700055      0.27668309      0.27668309  ~
	     8    -296.584088428755     -0.005345962322      0.01296610      0.01296610      0.24079885      0.24079885  ~
	     9    -296.586268217757     -0.002179789002      0.00574208      0.00574208      0.18486056      0.18486056  ~
	    10    -296.586980275353     -0.000712057596      0.00219349      0.00219349      0.08603001      0.08603001  ~
	    11    -296.587115058352     -0.000134782999      0.00096980      0.00096980      0.05488319      0.05488319  ~
	    12    -296.587150035125     -0.000034976773      0.00030449      0.00030449      0.01823657      0.01823657  ~
	    13    -296.587153891995     -0.000003856870      0.00010141      0.00010141      0.00618463      0.00618463  ~
	    14    -296.587154370268     -0.000000478273      0.00003448      0.00003448      0.00264052      0.00264052  ~
	----------------------------------------------------------------------------------------------------------------


2025-07-17:13:55:19,656 INFO     [psi4.optking.optimize:640] Preparing OptimizationResult
