2025-07-17:15:06:45,338 INFO     [psi4.optking.optwrapper:214] Creating a UserComputer
2025-07-17:15:06:45,338 INFO     [psi4.optking.optwrapper:222] 
    			-----------------------------------------

    			 OPTKING 3.0: for geometry optimizations 

    			     By R.A. King, Bethel University     

    			        with contributions from          

    			    A.V. Copan, J. Cayton, A. Heide      

    			-----------------------------------------

    
2025-07-17:15:06:45,338 INFO     [psi4.optking.optwrapper:238] 
		 -- Optimization Parameters --
	accept_symmetry_breaking       =           False
	alg_geom_maxiter               =             500
	bt_dx_conv                     =           1e-07
	bt_dx_rms_change_conv          =           1e-12
	bt_max_iter                    =              25
	cart_hess_read                 =           False
	consecutive_backsteps_allowed  =               0
	conv_max_DE                    =           1e-06
	conv_max_disp                  =          0.0012
	conv_max_force                 =          0.0003
	conv_rms_disp                  =              -1
	conv_rms_force                 =              -1
	covalent_connect               =             1.3
	dynamic_level                  =               0
	dynamic_level_max              =               0
	ensure_bt_convergence          =           False
	ext_force_bend                 =              []
	ext_force_cartesian            =              []
	ext_force_dihedral             =              []
	ext_force_distance             =              []
	ext_force_oofp                 =              []
	fix_val_near_pi                =            1.57
	flexible_g_convergence         =           False
	frag_mode                      =          SINGLE
	frag_ref_atoms                 =            None
	freeze_intrafrag               =           False
	frozen_bend                    =              []
	frozen_cartesian               =              []
	frozen_dihedral                =              []
	frozen_distance                =              []
	frozen_oofp                    =              []
	full_hess_every                =              -1
	g_convergence                  =           QCHEM
	generate_intcos_exit           =           False
	geom_maxiter                   =             500
	h_bond_connect                 =             4.3
	hess_update                    =            BFGS
	hess_update_den_tol            =           1e-07
	hess_update_dq_tol             =             0.5
	hess_update_limit              =            True
	hess_update_limit_max          =             1.0
	hess_update_limit_scale        =             0.5
	hess_update_use_last           =               4
	hessian_file                   =            None
	i_max_DE                       =            True
	i_max_disp                     =            True
	i_max_force                    =            True
	i_rms_disp                     =           False
	i_rms_force                    =           False
	i_untampered                   =            True
	include_oofp                   =           False
	interfrag_collinear_tol        =            0.01
	interfrag_coords               =            None
	interfrag_dist_inv             =           False
	interfrag_mode                 =           FIXED
	interfrag_trust                =             0.5
	interfrag_trust_max            =             1.0
	interfrag_trust_min            =           0.001
	interfragment_connect          =             1.8
	intrafrag_hess                 =        SCHLEGEL
	intrafrag_trust                =             0.5
	intrafrag_trust_max            =             1.0
	intrafrag_trust_min            =           0.001
	irc_direction                  =         FORWARD
	irc_points                     =              20
	irc_step_size                  =             0.2
	keep_intcos                    =           False
	linear_bend_threshold          =            3.05
	linesearch                     =           False
	linesearch_step                =             0.1
	max_disp_g_convergence         =          0.0012
	max_energy_g_convergence       =           1e-06
	max_force_g_convergence        =          0.0003
	opt_coordinates                =       REDUNDANT
	opt_type                       =             MIN
	output_type                    =            FILE
	print_lvl                      =               1
	program                        =            psi4
	ranged_bend                    =              []
	ranged_cartesian               =              []
	ranged_dihedral                =              []
	ranged_distance                =              []
	ranged_oofp                    =              []
	redundant_eval_tol             =           1e-10
	rfo_follow_root                =           False
	rfo_normalization_max          =             100
	rfo_root                       =               0
	rms_disp_g_convergence         =          0.0012
	rms_force_g_convergence        =          0.0003
	rsrfo_alpha_max                =     100000000.0
	sd_hessian                     =             1.0
	simple_step_scaling            =           False
	small_bend_fix_threshold       =            0.35
	steepest_descent_type          =         OVERLAP
	step_type                      =             RFO
	test_B                         =           False
	test_derivative_B              =           False
	trajectory                     =           False
	v3d_tors_angle_lim             =           0.017
	v3d_tors_cos_tol               =           1e-10
	working_consecutive_backsteps  =               0
	working_steps_since_last_H     =               0


2025-07-17:15:06:45,975 INFO     [psi4.optking.opt_helper:151] Molsys:

	                            ===> Fragment 1 <== 

	 Z (Atomic Numbers)          Masses                          Geom                  
	      12.000000            23.985042          0.00000000  0.00000000  1.27801750   
	      15.000000            30.973762          0.00000000  0.00000000 -0.98965385   

	 - Coordinate -           - BOHR/RAD -       - ANG/DEG -
	 R(1,2)           =         2.267671           1.200000

2025-07-17:15:06:45,986 INFO     [psi4.driver.task_planner:285] PLANNING Atomic:  keywords={'DAMPING_PERCENTAGE': 1.0, 'GEOM_MAXITER': 500, 'GUESS': 'SAP', 'MAXITER': 500, 'REFERENCE': 'UKS', 'function_kwargs': {}}
2025-07-17:15:06:45,987 INFO     [psi4.driver.driver:636] Compute gradient(): method=b3lyp, basis=cc-pvdz, molecule=default, nre=79.37658160050002
2025-07-17:15:06:48,62 INFO     [psi4.driver.driver:639] Return gradient(): -540.0876449175506
2025-07-17:15:06:48,63 INFO     [psi4.driver.driver:640] [[ 0.00000000  0.00000000 -1.68707094]
 [ 0.00000000 -0.00000000  1.68722718]]
2025-07-17:15:06:48,64 INFO     [psi4.optking.molsys:874] Projected (PHP) Hessian matrix
	 217.822043

2025-07-17:15:06:48,64 INFO     [psi4.optking.opt_helper:168] 
	         Geometry (au)                                       Gradient (au)
   0.0000000000   0.0000000000   1.2780174964		   0.0000000000   0.0000000000  -1.6870709417
   0.0000000000   0.0000000000  -0.9896538542		   0.0000000000  -0.0000000000   1.6872271829

2025-07-17:15:06:48,64 INFO     [psi4.optking.stepAlgorithms:750] 	Using RFO solution 1.
2025-07-17:15:06:48,64 INFO     [psi4.optking.displace:73] 	Determining Cartesian step for fragment 1.
2025-07-17:15:06:48,64 INFO     [psi4.optking.displace:378] 	Successfully converged to displaced geometry.
2025-07-17:15:06:48,64 INFO     [psi4.optking.displace:379] 	RMS(dx):  0.000e+00 	Max(dx):  0.000e+00 	RMS(dq):  0.000e+00
2025-07-17:15:06:48,64 INFO     [psi4.optking.displace:132] 

	        --- Internal Coordinate Step in ANG or DEG, aJ/ANG or AJ/DEG ---
	-------------------------------------------------------------------------------
	           Coordinate      Previous         Force          Change          New 
	           ----------      --------        ------          ------        ------
	               R(1,2)       1.20000       13.89995        0.00410       1.20410
	-------------------------------------------------------------------------------

2025-07-17:15:06:48,64 INFO     [psi4.optking.stepAlgorithms:96] 	|target step| :    0.0077450741
2025-07-17:15:06:48,64 INFO     [psi4.optking.stepAlgorithms:97] 	gradient     :   -1.6871490623
2025-07-17:15:06:48,64 INFO     [psi4.optking.stepAlgorithms:98] 	hessian      :  217.8220428578
2025-07-17:15:06:48,64 INFO     [psi4.optking.stepAlgorithms:177] 	Norm of achieved step-size    0.0077450741
2025-07-17:15:06:48,64 INFO     [psi4.optking.stepAlgorithms:179] 	Norm of achieved step-size (cart):    0.0054765944
2025-07-17:15:06:48,65 INFO     [psi4.optking.opt_helper:151] Molsys:

	                            ===> Fragment 1 <== 

	 Z (Atomic Numbers)          Masses                          Geom                  
	      12.000000            23.985042          0.00000000  0.00000000  1.28189003   
	      15.000000            30.973762          0.00000000  0.00000000 -0.99352639   

	 - Coordinate -           - BOHR/RAD -       - ANG/DEG -
	 R(1,2)           =         2.275416           1.204099

2025-07-17:15:06:48,65 INFO     [psi4.optking.convcheck:71] Performing convergence check.
2025-07-17:15:06:48,65 INFO     [psi4.optking.convcheck:263] 
	                                 ==> Convergence Check <==                                  
    
	Measures of convergence in internal coordinates in au.
    
	Criteria marked as inactive (o), active & met (*), and active & unmet ( ).

	----------------------------------------------------------------------------------------------
	   Step    Total Energy     Delta E     Max Force     RMS Force      Max Disp      RMS Disp   
	----------------------------------------------------------------------------------------------
	  Convergence Criteria     1.00e-06 *    3.00e-04 *             o    1.20e-03 *             o
	----------------------------------------------------------------------------------------------
	     1    -540.08764492   -5.40e+02      1.69e+00      1.69e+00 o    7.75e-03      7.75e-03 o  ~
	----------------------------------------------------------------------------------------------


2025-07-17:15:06:48,65 INFO     [psi4.optking.stepAlgorithms:266] 	Convergence check returned False
2025-07-17:15:06:48,78 INFO     [psi4.driver.task_planner:285] PLANNING Atomic:  keywords={'DAMPING_PERCENTAGE': 1.0, 'GEOM_MAXITER': 500, 'SCF__GUESS': 'READ', 'GUESS': 'SAP', 'MAXITER': 500, 'REFERENCE': 'UKS', 'function_kwargs': {}}
2025-07-17:15:06:48,80 INFO     [psi4.driver.driver:636] Compute gradient(): method=b3lyp, basis=cc-pvdz, molecule=default, nre=79.10639918574996
2025-07-17:15:06:49,270 INFO     [psi4.driver.driver:639] Return gradient(): -540.1006159609587
2025-07-17:15:06:49,270 INFO     [psi4.driver.driver:640] [[ 0.00000000 -0.00000000 -1.66250425]
 [ 0.00000000  0.00000000  1.66263866]]
2025-07-17:15:06:49,272 INFO     [psi4.optking.history:257] 	Performing BFGS update.
2025-07-17:15:06:49,272 INFO     [psi4.optking.history:268] 	Using 1 previous steps for update.
2025-07-17:15:06:49,272 INFO     [psi4.optking.history:302] 	Steps to be used in Hessian update:  1

2025-07-17:15:06:49,272 INFO     [psi4.optking.history:400] 	Updated Hessian (in au) 
 	 108.911021

2025-07-17:15:06:49,272 INFO     [psi4.optking.molsys:874] Projected (PHP) Hessian matrix
	 108.911021

2025-07-17:15:06:49,272 INFO     [psi4.optking.opt_helper:168] 
	         Geometry (au)                                       Gradient (au)
   0.0000000000   0.0000000000   1.2823824764		   0.0000000000  -0.0000000000  -1.6625042458
   0.0000000000   0.0000000000  -0.9930339482		   0.0000000000   0.0000000000   1.6626386571

2025-07-17:15:06:49,272 INFO     [psi4.optking.stepAlgorithms:315] 	Current Step Report 
 
	Current energy:      -540.1006159610
	Energy change for the previous step:
		Actual       :        -0.0129710434
		Projected    :        -0.0065335472

2025-07-17:15:06:49,272 INFO     [psi4.optking.stepAlgorithms:318] 	Energy ratio =    1.98530
2025-07-17:15:06:49,272 INFO     [psi4.optking.stepAlgorithms:346] 	Energy ratio indicates good step.
2025-07-17:15:06:49,272 INFO     [psi4.optking.stepAlgorithms:347] 	Intrafrag trust radius increased to 1.000e+00.
2025-07-17:15:06:49,272 INFO     [psi4.optking.stepAlgorithms:750] 	Using RFO solution 1.
2025-07-17:15:06:49,272 INFO     [psi4.optking.displace:73] 	Determining Cartesian step for fragment 1.
2025-07-17:15:06:49,272 INFO     [psi4.optking.displace:378] 	Successfully converged to displaced geometry.
2025-07-17:15:06:49,272 INFO     [psi4.optking.displace:379] 	RMS(dx):  0.000e+00 	Max(dx):  0.000e+00 	RMS(dq):  0.000e+00
2025-07-17:15:06:49,272 INFO     [psi4.optking.displace:132] 

	        --- Internal Coordinate Step in ANG or DEG, aJ/ANG or AJ/DEG ---
	-------------------------------------------------------------------------------
	           Coordinate      Previous         Force          Change          New 
	           ----------      --------        ------          ------        ------
	               R(1,2)       1.20410       13.69747        0.00808       1.21217
	-------------------------------------------------------------------------------

2025-07-17:15:06:49,272 INFO     [psi4.optking.stepAlgorithms:96] 	|target step| :    0.0152618548
2025-07-17:15:06:49,273 INFO     [psi4.optking.stepAlgorithms:97] 	gradient     :   -1.6625714514
2025-07-17:15:06:49,273 INFO     [psi4.optking.stepAlgorithms:98] 	hessian      :  108.9110214289
2025-07-17:15:06:49,273 INFO     [psi4.optking.stepAlgorithms:177] 	Norm of achieved step-size    0.0152618548
2025-07-17:15:06:49,273 INFO     [psi4.optking.stepAlgorithms:179] 	Norm of achieved step-size (cart):    0.0107917610
2025-07-17:15:06:49,273 INFO     [psi4.optking.opt_helper:151] Molsys:

	                            ===> Fragment 1 <== 

	 Z (Atomic Numbers)          Masses                          Geom                  
	      12.000000            23.985042          0.00000000  0.00000000  1.29001340   
	      15.000000            30.973762          0.00000000  0.00000000 -1.00066488   

	 - Coordinate -           - BOHR/RAD -       - ANG/DEG -
	 R(1,2)           =         2.290678           1.212175

2025-07-17:15:06:49,273 INFO     [psi4.optking.convcheck:71] Performing convergence check.
2025-07-17:15:06:49,273 INFO     [psi4.optking.convcheck:263] 
	                                 ==> Convergence Check <==                                  
    
	Measures of convergence in internal coordinates in au.
    
	Criteria marked as inactive (o), active & met (*), and active & unmet ( ).

	----------------------------------------------------------------------------------------------
	   Step    Total Energy     Delta E     Max Force     RMS Force      Max Disp      RMS Disp   
	----------------------------------------------------------------------------------------------
	  Convergence Criteria     1.00e-06 *    3.00e-04 *             o    1.20e-03 *             o
	----------------------------------------------------------------------------------------------
	     2    -540.10061596   -1.30e-02      1.66e+00      1.66e+00 o    1.53e-02      1.53e-02 o  ~
	----------------------------------------------------------------------------------------------


2025-07-17:15:06:49,273 INFO     [psi4.optking.stepAlgorithms:266] 	Convergence check returned False
2025-07-17:15:06:49,288 INFO     [psi4.driver.task_planner:285] PLANNING Atomic:  keywords={'DAMPING_PERCENTAGE': 1.0, 'GEOM_MAXITER': 500, 'SCF__GUESS': 'READ', 'GUESS': 'SAP', 'MAXITER': 500, 'REFERENCE': 'UKS', 'function_kwargs': {}}
2025-07-17:15:06:49,289 INFO     [psi4.driver.driver:636] Compute gradient(): method=b3lyp, basis=cc-pvdz, molecule=default, nre=78.57934552167643
2025-07-17:15:06:50,548 INFO     [psi4.driver.driver:639] Return gradient(): -540.1256267887459
2025-07-17:15:06:50,548 INFO     [psi4.driver.driver:640] [[-0.00000000  0.00000000 -1.61537861]
 [ 0.00000000 -0.00000000  1.61546358]]
2025-07-17:15:06:50,550 INFO     [psi4.optking.history:257] 	Performing BFGS update.
2025-07-17:15:06:50,550 INFO     [psi4.optking.history:268] 	Using 2 previous steps for update.
2025-07-17:15:06:50,550 INFO     [psi4.optking.history:302] 	Steps to be used in Hessian update:  2 1

2025-07-17:15:06:50,550 INFO     [psi4.optking.history:400] 	Updated Hessian (in au) 
 	  27.227755

2025-07-17:15:06:50,550 INFO     [psi4.optking.molsys:874] Projected (PHP) Hessian matrix
	  27.227755

2025-07-17:15:06:50,550 INFO     [psi4.optking.opt_helper:168] 
	         Geometry (au)                                       Gradient (au)
   0.0000000000   0.0000000000   1.2909837746		  -0.0000000000   0.0000000000  -1.6153786099
   0.0000000000   0.0000000000  -0.9996945048		   0.0000000000  -0.0000000000   1.6154635794

2025-07-17:15:06:50,550 INFO     [psi4.optking.stepAlgorithms:315] 	Current Step Report 
 
	Current energy:      -540.1256267887
	Energy change for the previous step:
		Actual       :        -0.0250108278
		Projected    :        -0.0126869621

2025-07-17:15:06:50,550 INFO     [psi4.optking.stepAlgorithms:318] 	Energy ratio =    1.97138
2025-07-17:15:06:50,550 INFO     [psi4.optking.stepAlgorithms:750] 	Using RFO solution 1.
2025-07-17:15:06:50,550 INFO     [psi4.optking.displace:73] 	Determining Cartesian step for fragment 1.
2025-07-17:15:06:50,550 INFO     [psi4.optking.displace:378] 	Successfully converged to displaced geometry.
2025-07-17:15:06:50,550 INFO     [psi4.optking.displace:379] 	RMS(dx):  0.000e+00 	Max(dx):  0.000e+00 	RMS(dq):  0.000e+00
2025-07-17:15:06:50,550 INFO     [psi4.optking.displace:132] 

	        --- Internal Coordinate Step in ANG or DEG, aJ/ANG or AJ/DEG ---
	-------------------------------------------------------------------------------
	           Coordinate      Previous         Force          Change          New 
	           ----------      --------        ------          ------        ------
	               R(1,2)       1.21217       13.30901        0.03129       1.24346
	-------------------------------------------------------------------------------

2025-07-17:15:06:50,550 INFO     [psi4.optking.stepAlgorithms:96] 	|target step| :    0.0591225537
2025-07-17:15:06:50,550 INFO     [psi4.optking.stepAlgorithms:97] 	gradient     :   -1.6154210946
2025-07-17:15:06:50,550 INFO     [psi4.optking.stepAlgorithms:98] 	hessian      :   27.2277553572
2025-07-17:15:06:50,550 INFO     [psi4.optking.stepAlgorithms:177] 	Norm of achieved step-size    0.0591225537
2025-07-17:15:06:50,550 INFO     [psi4.optking.stepAlgorithms:179] 	Norm of achieved step-size (cart):    0.0418059586
2025-07-17:15:06:50,551 INFO     [psi4.optking.opt_helper:151] Molsys:

	                            ===> Fragment 1 <== 

	 Z (Atomic Numbers)          Masses                          Geom                  
	      12.000000            23.985042          0.00000000  0.00000000  1.32054505   
	      15.000000            30.973762          0.00000000  0.00000000 -1.02925578   

	 - Coordinate -           - BOHR/RAD -       - ANG/DEG -
	 R(1,2)           =         2.349801           1.243461

2025-07-17:15:06:50,551 INFO     [psi4.optking.convcheck:71] Performing convergence check.
2025-07-17:15:06:50,551 INFO     [psi4.optking.convcheck:263] 
	                                 ==> Convergence Check <==                                  
    
	Measures of convergence in internal coordinates in au.
    
	Criteria marked as inactive (o), active & met (*), and active & unmet ( ).

	----------------------------------------------------------------------------------------------
	   Step    Total Energy     Delta E     Max Force     RMS Force      Max Disp      RMS Disp   
	----------------------------------------------------------------------------------------------
	  Convergence Criteria     1.00e-06 *    3.00e-04 *             o    1.20e-03 *             o
	----------------------------------------------------------------------------------------------
	     3    -540.12562679   -2.50e-02      1.62e+00      1.62e+00 o    5.91e-02      5.91e-02 o  ~
	----------------------------------------------------------------------------------------------


2025-07-17:15:06:50,551 INFO     [psi4.optking.stepAlgorithms:266] 	Convergence check returned False
2025-07-17:15:06:50,567 INFO     [psi4.driver.task_planner:285] PLANNING Atomic:  keywords={'DAMPING_PERCENTAGE': 1.0, 'GEOM_MAXITER': 500, 'SCF__GUESS': 'READ', 'GUESS': 'SAP', 'MAXITER': 500, 'REFERENCE': 'UKS', 'function_kwargs': {}}
2025-07-17:15:06:50,568 INFO     [psi4.driver.driver:636] Compute gradient(): method=b3lyp, basis=cc-pvdz, molecule=default, nre=76.6022368619953
2025-07-17:15:06:51,897 INFO     [psi4.driver.driver:639] Return gradient(): -540.2160562210776
2025-07-17:15:06:51,897 INFO     [psi4.driver.driver:640] [[-0.00000000  0.00000000 -1.44752851]
 [-0.00000000 -0.00000000  1.44748547]]
2025-07-17:15:06:51,900 INFO     [psi4.optking.history:257] 	Performing BFGS update.
2025-07-17:15:06:51,900 INFO     [psi4.optking.history:268] 	Using 3 previous steps for update.
2025-07-17:15:06:51,900 INFO     [psi4.optking.history:302] 	Steps to be used in Hessian update:  3 2 1

2025-07-17:15:06:51,901 INFO     [psi4.optking.history:400] 	Updated Hessian (in au) 
 	   3.403469

2025-07-17:15:06:51,901 INFO     [psi4.optking.molsys:874] Projected (PHP) Hessian matrix
	   3.403469

2025-07-17:15:06:51,901 INFO     [psi4.optking.opt_helper:168] 
	         Geometry (au)                                       Gradient (au)
   0.0000000000   0.0000000000   1.3243041489		  -0.0000000000   0.0000000000  -1.4475285123
   0.0000000000   0.0000000000  -1.0254966843		  -0.0000000000  -0.0000000000   1.4474854662

2025-07-17:15:06:51,901 INFO     [psi4.optking.stepAlgorithms:315] 	Current Step Report 
 
	Current energy:      -540.2160562211
	Energy change for the previous step:
		Actual       :        -0.0904294323
		Projected    :        -0.0477539102

2025-07-17:15:06:51,901 INFO     [psi4.optking.stepAlgorithms:318] 	Energy ratio =    1.89366
2025-07-17:15:06:51,901 INFO     [psi4.optking.stepAlgorithms:750] 	Using RFO solution 1.
2025-07-17:15:06:51,901 INFO     [psi4.optking.displace:73] 	Determining Cartesian step for fragment 1.
2025-07-17:15:06:51,902 INFO     [psi4.optking.displace:378] 	Successfully converged to displaced geometry.
2025-07-17:15:06:51,902 INFO     [psi4.optking.displace:379] 	RMS(dx):  0.000e+00 	Max(dx):  0.000e+00 	RMS(dq):  0.000e+00
2025-07-17:15:06:51,902 INFO     [psi4.optking.displace:132] 

	        --- Internal Coordinate Step in ANG or DEG, aJ/ANG or AJ/DEG ---
	-------------------------------------------------------------------------------
	           Coordinate      Previous         Force          Change          New 
	           ----------      --------        ------          ------        ------
	               R(1,2)       1.24346       11.92561        0.19462       1.43808
	-------------------------------------------------------------------------------

2025-07-17:15:06:51,902 INFO     [psi4.optking.stepAlgorithms:96] 	|target step| :    0.3677768958
2025-07-17:15:06:51,902 INFO     [psi4.optking.stepAlgorithms:97] 	gradient     :   -1.4475069892
2025-07-17:15:06:51,902 INFO     [psi4.optking.stepAlgorithms:98] 	hessian      :    3.4034694197
2025-07-17:15:06:51,902 INFO     [psi4.optking.stepAlgorithms:177] 	Norm of achieved step-size    0.3677768958
2025-07-17:15:06:51,902 INFO     [psi4.optking.stepAlgorithms:179] 	Norm of achieved step-size (cart):    0.2600575370
2025-07-17:15:06:51,902 INFO     [psi4.optking.opt_helper:151] Molsys:

	                            ===> Fragment 1 <== 

	 Z (Atomic Numbers)          Masses                          Geom                  
	      12.000000            23.985042          0.00000000  0.00000000  1.50819260   
	      15.000000            30.973762          0.00000000  0.00000000 -1.20938513   

	 - Coordinate -           - BOHR/RAD -       - ANG/DEG -
	 R(1,2)           =         2.717578           1.438080

2025-07-17:15:06:51,903 INFO     [psi4.optking.convcheck:71] Performing convergence check.
2025-07-17:15:06:51,903 INFO     [psi4.optking.convcheck:263] 
	                                 ==> Convergence Check <==                                  
    
	Measures of convergence in internal coordinates in au.
    
	Criteria marked as inactive (o), active & met (*), and active & unmet ( ).

	----------------------------------------------------------------------------------------------
	   Step    Total Energy     Delta E     Max Force     RMS Force      Max Disp      RMS Disp   
	----------------------------------------------------------------------------------------------
	  Convergence Criteria     1.00e-06 *    3.00e-04 *             o    1.20e-03 *             o
	----------------------------------------------------------------------------------------------
	     4    -540.21605622   -9.04e-02      1.45e+00      1.45e+00 o    3.68e-01      3.68e-01 o  ~
	----------------------------------------------------------------------------------------------


2025-07-17:15:06:51,903 INFO     [psi4.optking.stepAlgorithms:266] 	Convergence check returned False
2025-07-17:15:06:51,919 INFO     [psi4.driver.task_planner:285] PLANNING Atomic:  keywords={'DAMPING_PERCENTAGE': 1.0, 'GEOM_MAXITER': 500, 'SCF__GUESS': 'READ', 'GUESS': 'SAP', 'MAXITER': 500, 'REFERENCE': 'UKS', 'function_kwargs': {}}
2025-07-17:15:06:51,920 INFO     [psi4.driver.driver:636] Compute gradient(): method=b3lyp, basis=cc-pvdz, molecule=default, nre=66.23545596588129
2025-07-17:15:06:53,376 INFO     [psi4.driver.driver:639] Return gradient(): -540.6061179116009
2025-07-17:15:06:53,376 INFO     [psi4.driver.driver:640] [[-0.00000000  0.00000000 -0.75243281]
 [ 0.00000000 -0.00000000  0.75241330]]
2025-07-17:15:06:53,378 INFO     [psi4.optking.history:257] 	Performing BFGS update.
2025-07-17:15:06:53,378 INFO     [psi4.optking.history:268] 	Using 4 previous steps for update.
2025-07-17:15:06:53,378 INFO     [psi4.optking.history:302] 	Steps to be used in Hessian update:  4 3 2 1

2025-07-17:15:06:53,378 INFO     [psi4.optking.history:400] 	Updated Hessian (in au) 
 	   2.077601

2025-07-17:15:06:53,378 INFO     [psi4.optking.molsys:874] Projected (PHP) Hessian matrix
	   2.077601

2025-07-17:15:06:53,378 INFO     [psi4.optking.opt_helper:168] 
	         Geometry (au)                                       Gradient (au)
   0.0000000000   0.0000000000   1.5315763832		  -0.0000000000   0.0000000000  -0.7524328058
   0.0000000000   0.0000000000  -1.1860013458		   0.0000000000  -0.0000000000   0.7524133048

2025-07-17:15:06:53,378 INFO     [psi4.optking.stepAlgorithms:315] 	Current Step Report 
 
	Current energy:      -540.6061179116
	Energy change for the previous step:
		Actual       :        -0.3900616905
		Projected    :        -0.2661798136

2025-07-17:15:06:53,378 INFO     [psi4.optking.stepAlgorithms:318] 	Energy ratio =    1.46541
2025-07-17:15:06:53,378 INFO     [psi4.optking.stepAlgorithms:750] 	Using RFO solution 1.
2025-07-17:15:06:53,378 INFO     [psi4.optking.displace:73] 	Determining Cartesian step for fragment 1.
2025-07-17:15:06:53,378 INFO     [psi4.optking.displace:378] 	Successfully converged to displaced geometry.
2025-07-17:15:06:53,378 INFO     [psi4.optking.displace:379] 	RMS(dx):  0.000e+00 	Max(dx):  0.000e+00 	RMS(dq):  0.000e+00
2025-07-17:15:06:53,378 INFO     [psi4.optking.displace:132] 

	        --- Internal Coordinate Step in ANG or DEG, aJ/ANG or AJ/DEG ---
	-------------------------------------------------------------------------------
	           Coordinate      Previous         Force          Change          New 
	           ----------      --------        ------          ------        ------
	               R(1,2)       1.43808        6.19901        0.17151       1.60959
	-------------------------------------------------------------------------------

2025-07-17:15:06:53,378 INFO     [psi4.optking.stepAlgorithms:96] 	|target step| :    0.3241145778
2025-07-17:15:06:53,378 INFO     [psi4.optking.stepAlgorithms:97] 	gradient     :   -0.7524230553
2025-07-17:15:06:53,378 INFO     [psi4.optking.stepAlgorithms:98] 	hessian      :    2.0776011451
2025-07-17:15:06:53,378 INFO     [psi4.optking.stepAlgorithms:177] 	Norm of achieved step-size    0.3241145778
2025-07-17:15:06:53,378 INFO     [psi4.optking.stepAlgorithms:179] 	Norm of achieved step-size (cart):    0.2291836159
2025-07-17:15:06:53,379 INFO     [psi4.optking.opt_helper:151] Molsys:

	                            ===> Fragment 1 <== 

	 Z (Atomic Numbers)          Masses                          Geom                  
	      12.000000            23.985042          0.00000000  0.00000000  1.69363367   
	      15.000000            30.973762          0.00000000  0.00000000 -1.34805863   

	 - Coordinate -           - BOHR/RAD -       - ANG/DEG -
	 R(1,2)           =         3.041692           1.609594

2025-07-17:15:06:53,379 INFO     [psi4.optking.convcheck:71] Performing convergence check.
2025-07-17:15:06:53,379 INFO     [psi4.optking.convcheck:263] 
	                                 ==> Convergence Check <==                                  
    
	Measures of convergence in internal coordinates in au.
    
	Criteria marked as inactive (o), active & met (*), and active & unmet ( ).

	----------------------------------------------------------------------------------------------
	   Step    Total Energy     Delta E     Max Force     RMS Force      Max Disp      RMS Disp   
	----------------------------------------------------------------------------------------------
	  Convergence Criteria     1.00e-06 *    3.00e-04 *             o    1.20e-03 *             o
	----------------------------------------------------------------------------------------------
	     5    -540.60611791   -3.90e-01      7.52e-01      7.52e-01 o    3.24e-01      3.24e-01 o  ~
	----------------------------------------------------------------------------------------------


2025-07-17:15:06:53,379 INFO     [psi4.optking.stepAlgorithms:266] 	Convergence check returned False
2025-07-17:15:06:53,394 INFO     [psi4.driver.task_planner:285] PLANNING Atomic:  keywords={'DAMPING_PERCENTAGE': 1.0, 'GEOM_MAXITER': 500, 'SCF__GUESS': 'READ', 'GUESS': 'SAP', 'MAXITER': 500, 'REFERENCE': 'UKS', 'function_kwargs': {}}
2025-07-17:15:06:53,396 INFO     [psi4.driver.driver:636] Compute gradient(): method=b3lyp, basis=cc-pvdz, molecule=default, nre=59.177583346556595
2025-07-17:15:06:54,750 INFO     [psi4.driver.driver:639] Return gradient(): -540.7901153382651
2025-07-17:15:06:54,750 INFO     [psi4.driver.driver:640] [[-0.00000000  0.00000000 -0.41124965]
 [ 0.00000000  0.00000000  0.41113242]]
2025-07-17:15:06:54,753 INFO     [psi4.optking.history:257] 	Performing BFGS update.
2025-07-17:15:06:54,753 INFO     [psi4.optking.history:268] 	Using 4 previous steps for update.
2025-07-17:15:06:54,753 WARNING  [psi4.optking.history:286] 	Change in internal coordinate of 6.92e-01 exceeds limit of 5.00e-01.
2025-07-17:15:06:54,753 WARNING  [psi4.optking.history:291] 	Skipping Hessian update for step 4.
2025-07-17:15:06:54,753 WARNING  [psi4.optking.history:286] 	Change in internal coordinate of 7.51e-01 exceeds limit of 5.00e-01.
2025-07-17:15:06:54,753 WARNING  [psi4.optking.history:291] 	Skipping Hessian update for step 3.
2025-07-17:15:06:54,754 WARNING  [psi4.optking.history:286] 	Change in internal coordinate of 7.66e-01 exceeds limit of 5.00e-01.
2025-07-17:15:06:54,754 WARNING  [psi4.optking.history:291] 	Skipping Hessian update for step 2.
2025-07-17:15:06:54,754 WARNING  [psi4.optking.history:286] 	Change in internal coordinate of 7.74e-01 exceeds limit of 5.00e-01.
2025-07-17:15:06:54,754 WARNING  [psi4.optking.history:291] 	Skipping Hessian update for step 1.
2025-07-17:15:06:54,754 INFO     [psi4.optking.history:302] 	Steps to be used in Hessian update:  5

2025-07-17:15:06:54,754 INFO     [psi4.optking.history:400] 	Updated Hessian (in au) 
 	   1.052813

2025-07-17:15:06:54,754 INFO     [psi4.optking.molsys:874] Projected (PHP) Hessian matrix
	   1.052813

2025-07-17:15:06:54,754 INFO     [psi4.optking.opt_helper:168] 
	         Geometry (au)                                       Gradient (au)
   0.0000000000   0.0000000000   1.7142413453		  -0.0000000000   0.0000000000  -0.4112496460
   0.0000000000   0.0000000000  -1.3274509615		   0.0000000000   0.0000000000   0.4111324199

2025-07-17:15:06:54,754 INFO     [psi4.optking.stepAlgorithms:315] 	Current Step Report 
 
	Current energy:      -540.7901153383
	Energy change for the previous step:
		Actual       :        -0.1839974267
		Projected    :        -0.1219356405

2025-07-17:15:06:54,754 INFO     [psi4.optking.stepAlgorithms:318] 	Energy ratio =    1.50897
2025-07-17:15:06:54,754 INFO     [psi4.optking.stepAlgorithms:750] 	Using RFO solution 1.
2025-07-17:15:06:54,754 INFO     [psi4.optking.displace:73] 	Determining Cartesian step for fragment 1.
2025-07-17:15:06:54,755 INFO     [psi4.optking.displace:378] 	Successfully converged to displaced geometry.
2025-07-17:15:06:54,755 INFO     [psi4.optking.displace:379] 	RMS(dx):  0.000e+00 	Max(dx):  0.000e+00 	RMS(dq):  0.000e+00
2025-07-17:15:06:54,755 INFO     [psi4.optking.displace:132] 

	        --- Internal Coordinate Step in ANG or DEG, aJ/ANG or AJ/DEG ---
	-------------------------------------------------------------------------------
	           Coordinate      Previous         Force          Change          New 
	           ----------      --------        ------          ------        ------
	               R(1,2)       1.60959        3.38769        0.18218       1.79178
	-------------------------------------------------------------------------------

2025-07-17:15:06:54,755 INFO     [psi4.optking.stepAlgorithms:96] 	|target step| :    0.3442729989
2025-07-17:15:06:54,755 INFO     [psi4.optking.stepAlgorithms:97] 	gradient     :   -0.4111910329
2025-07-17:15:06:54,755 INFO     [psi4.optking.stepAlgorithms:98] 	hessian      :    1.0528129425
2025-07-17:15:06:54,755 INFO     [psi4.optking.stepAlgorithms:177] 	Norm of achieved step-size    0.3442729989
2025-07-17:15:06:54,755 INFO     [psi4.optking.stepAlgorithms:179] 	Norm of achieved step-size (cart):    0.2434377721
2025-07-17:15:06:54,755 INFO     [psi4.optking.opt_helper:151] Molsys:

	                            ===> Fragment 1 <== 

	 Z (Atomic Numbers)          Masses                          Geom                  
	      12.000000            23.985042          0.00000000  0.00000000  1.88637784   
	      15.000000            30.973762          0.00000000  0.00000000 -1.49958746   

	 - Coordinate -           - BOHR/RAD -       - ANG/DEG -
	 R(1,2)           =         3.385965           1.791776

2025-07-17:15:06:54,756 INFO     [psi4.optking.convcheck:71] Performing convergence check.
2025-07-17:15:06:54,756 INFO     [psi4.optking.convcheck:263] 
	                                 ==> Convergence Check <==                                  
    
	Measures of convergence in internal coordinates in au.
    
	Criteria marked as inactive (o), active & met (*), and active & unmet ( ).

	----------------------------------------------------------------------------------------------
	   Step    Total Energy     Delta E     Max Force     RMS Force      Max Disp      RMS Disp   
	----------------------------------------------------------------------------------------------
	  Convergence Criteria     1.00e-06 *    3.00e-04 *             o    1.20e-03 *             o
	----------------------------------------------------------------------------------------------
	     6    -540.79011534   -1.84e-01      4.11e-01      4.11e-01 o    3.44e-01      3.44e-01 o  ~
	----------------------------------------------------------------------------------------------


2025-07-17:15:06:54,756 INFO     [psi4.optking.stepAlgorithms:266] 	Convergence check returned False
2025-07-17:15:06:54,768 INFO     [psi4.driver.task_planner:285] PLANNING Atomic:  keywords={'DAMPING_PERCENTAGE': 1.0, 'GEOM_MAXITER': 500, 'SCF__GUESS': 'READ', 'GUESS': 'SAP', 'MAXITER': 500, 'REFERENCE': 'UKS', 'function_kwargs': {}}
2025-07-17:15:06:54,770 INFO     [psi4.driver.driver:636] Compute gradient(): method=b3lyp, basis=cc-pvdz, molecule=default, nre=53.16061558519263
2025-07-17:15:06:56,235 INFO     [psi4.driver.driver:639] Return gradient(): -540.9554371165258
2025-07-17:15:06:56,236 INFO     [psi4.driver.driver:640] [[ 0.00000000  0.00000000 -0.32078393]
 [-0.00000000  0.00000000  0.32073397]]
2025-07-17:15:06:56,238 INFO     [psi4.optking.history:257] 	Performing BFGS update.
2025-07-17:15:06:56,238 INFO     [psi4.optking.history:268] 	Using 4 previous steps for update.
2025-07-17:15:06:56,239 WARNING  [psi4.optking.history:286] 	Change in internal coordinate of 6.68e-01 exceeds limit of 5.00e-01.
2025-07-17:15:06:56,239 WARNING  [psi4.optking.history:291] 	Skipping Hessian update for step 5.
2025-07-17:15:06:56,239 WARNING  [psi4.optking.history:286] 	Change in internal coordinate of 1.04e+00 exceeds limit of 5.00e-01.
2025-07-17:15:06:56,239 WARNING  [psi4.optking.history:291] 	Skipping Hessian update for step 4.
2025-07-17:15:06:56,239 WARNING  [psi4.optking.history:286] 	Change in internal coordinate of 1.10e+00 exceeds limit of 5.00e-01.
2025-07-17:15:06:56,239 WARNING  [psi4.optking.history:291] 	Skipping Hessian update for step 3.
2025-07-17:15:06:56,239 WARNING  [psi4.optking.history:286] 	Change in internal coordinate of 1.11e+00 exceeds limit of 5.00e-01.
2025-07-17:15:06:56,239 WARNING  [psi4.optking.history:291] 	Skipping Hessian update for step 2.
2025-07-17:15:06:56,239 WARNING  [psi4.optking.history:286] 	Change in internal coordinate of 1.12e+00 exceeds limit of 5.00e-01.
2025-07-17:15:06:56,239 WARNING  [psi4.optking.history:291] 	Skipping Hessian update for step 1.
2025-07-17:15:06:56,239 INFO     [psi4.optking.history:302] 	Steps to be used in Hessian update:  6

2025-07-17:15:06:56,239 INFO     [psi4.optking.history:400] 	Updated Hessian (in au) 
 	   0.262675

2025-07-17:15:06:56,239 INFO     [psi4.optking.molsys:874] Projected (PHP) Hessian matrix
	   0.262675

2025-07-17:15:06:56,239 INFO     [psi4.optking.opt_helper:168] 
	         Geometry (au)                                       Gradient (au)
   0.0000000000   0.0000000000   1.9082672195		   0.0000000000   0.0000000000  -0.3207839339
   0.0000000000   0.0000000000  -1.4776980862		  -0.0000000000   0.0000000000   0.3207339734

2025-07-17:15:06:56,239 INFO     [psi4.optking.stepAlgorithms:315] 	Current Step Report 
 
	Current energy:      -540.9554371165
	Energy change for the previous step:
		Actual       :        -0.1653217783
		Projected    :        -0.0707809850

2025-07-17:15:06:56,239 INFO     [psi4.optking.stepAlgorithms:318] 	Energy ratio =    2.33568
2025-07-17:15:06:56,239 INFO     [psi4.optking.stepAlgorithms:750] 	Using RFO solution 1.
2025-07-17:15:06:56,239 INFO     [psi4.optking.displace:73] 	Determining Cartesian step for fragment 1.
2025-07-17:15:06:56,239 INFO     [psi4.optking.displace:378] 	Successfully converged to displaced geometry.
2025-07-17:15:06:56,239 INFO     [psi4.optking.displace:379] 	RMS(dx):  0.000e+00 	Max(dx):  0.000e+00 	RMS(dq):  0.000e+00
2025-07-17:15:06:56,239 INFO     [psi4.optking.displace:132] 

	        --- Internal Coordinate Step in ANG or DEG, aJ/ANG or AJ/DEG ---
	-------------------------------------------------------------------------------
	           Coordinate      Previous         Force          Change          New 
	           ----------      --------        ------          ------        ------
	               R(1,2)       1.79178        2.64264        0.35514       2.14692
	-------------------------------------------------------------------------------

2025-07-17:15:06:56,240 INFO     [psi4.optking.stepAlgorithms:96] 	|target step| :    0.6711224321
2025-07-17:15:06:56,240 INFO     [psi4.optking.stepAlgorithms:97] 	gradient     :   -0.3207589537
2025-07-17:15:06:56,240 INFO     [psi4.optking.stepAlgorithms:98] 	hessian      :    0.2626754918
2025-07-17:15:06:56,240 INFO     [psi4.optking.stepAlgorithms:177] 	Norm of achieved step-size    0.6711224321
2025-07-17:15:06:56,240 INFO     [psi4.optking.stepAlgorithms:179] 	Norm of achieved step-size (cart):    0.4745552227
2025-07-17:15:06:56,240 INFO     [psi4.optking.opt_helper:151] Molsys:

	                            ===> Fragment 1 <== 

	 Z (Atomic Numbers)          Masses                          Geom                  
	      12.000000            23.985042          0.00000000  0.00000000  2.24382844   
	      15.000000            30.973762          0.00000000  0.00000000 -1.81325930   

	 - Coordinate -           - BOHR/RAD -       - ANG/DEG -
	 R(1,2)           =         4.057088           2.146918

2025-07-17:15:06:56,240 INFO     [psi4.optking.convcheck:71] Performing convergence check.
2025-07-17:15:06:56,240 INFO     [psi4.optking.convcheck:263] 
	                                 ==> Convergence Check <==                                  
    
	Measures of convergence in internal coordinates in au.
    
	Criteria marked as inactive (o), active & met (*), and active & unmet ( ).

	----------------------------------------------------------------------------------------------
	   Step    Total Energy     Delta E     Max Force     RMS Force      Max Disp      RMS Disp   
	----------------------------------------------------------------------------------------------
	  Convergence Criteria     1.00e-06 *    3.00e-04 *             o    1.20e-03 *             o
	----------------------------------------------------------------------------------------------
	     7    -540.95543712   -1.65e-01      3.21e-01      3.21e-01 o    6.71e-01      6.71e-01 o  ~
	----------------------------------------------------------------------------------------------


2025-07-17:15:06:56,240 INFO     [psi4.optking.stepAlgorithms:266] 	Convergence check returned False
2025-07-17:15:06:56,255 INFO     [psi4.driver.task_planner:285] PLANNING Atomic:  keywords={'DAMPING_PERCENTAGE': 1.0, 'GEOM_MAXITER': 500, 'SCF__GUESS': 'READ', 'GUESS': 'SAP', 'MAXITER': 500, 'REFERENCE': 'UKS', 'function_kwargs': {}}
2025-07-17:15:06:56,256 INFO     [psi4.driver.driver:636] Compute gradient(): method=b3lyp, basis=cc-pvdz, molecule=default, nre=44.36679994014885
2025-07-17:15:06:57,686 INFO     [psi4.driver.driver:639] Return gradient(): -541.0722965844526
2025-07-17:15:06:57,687 INFO     [psi4.driver.driver:640] [[-0.00000000  0.00000000 -0.07195560]
 [ 0.00000000 -0.00000000  0.07196332]]
2025-07-17:15:06:57,689 INFO     [psi4.optking.history:257] 	Performing BFGS update.
2025-07-17:15:06:57,689 INFO     [psi4.optking.history:268] 	Using 4 previous steps for update.
2025-07-17:15:06:57,689 WARNING  [psi4.optking.history:286] 	Change in internal coordinate of 6.71e-01 exceeds limit of 5.00e-01.
2025-07-17:15:06:57,689 WARNING  [psi4.optking.history:291] 	Skipping Hessian update for step 7.
2025-07-17:15:06:57,689 WARNING  [psi4.optking.history:286] 	Change in internal coordinate of 1.02e+00 exceeds limit of 5.00e-01.
2025-07-17:15:06:57,689 WARNING  [psi4.optking.history:291] 	Skipping Hessian update for step 6.
2025-07-17:15:06:57,689 WARNING  [psi4.optking.history:286] 	Change in internal coordinate of 1.34e+00 exceeds limit of 5.00e-01.
2025-07-17:15:06:57,689 WARNING  [psi4.optking.history:291] 	Skipping Hessian update for step 5.
2025-07-17:15:06:57,689 WARNING  [psi4.optking.history:286] 	Change in internal coordinate of 1.71e+00 exceeds limit of 5.00e-01.
2025-07-17:15:06:57,689 WARNING  [psi4.optking.history:291] 	Skipping Hessian update for step 4.
2025-07-17:15:06:57,690 WARNING  [psi4.optking.history:286] 	Change in internal coordinate of 1.77e+00 exceeds limit of 5.00e-01.
2025-07-17:15:06:57,690 WARNING  [psi4.optking.history:291] 	Skipping Hessian update for step 3.
2025-07-17:15:06:57,690 WARNING  [psi4.optking.history:286] 	Change in internal coordinate of 1.78e+00 exceeds limit of 5.00e-01.
2025-07-17:15:06:57,690 WARNING  [psi4.optking.history:291] 	Skipping Hessian update for step 2.
2025-07-17:15:06:57,690 INFO     [psi4.optking.history:302] 	Steps to be used in Hessian update:  1

2025-07-17:15:06:57,690 INFO     [psi4.optking.history:400] 	Updated Hessian (in au) 
 	   0.902635

2025-07-17:15:06:57,690 INFO     [psi4.optking.molsys:874] Projected (PHP) Hessian matrix
	   0.902635

2025-07-17:15:06:57,690 INFO     [psi4.optking.opt_helper:168] 
	         Geometry (au)                                       Gradient (au)
   0.0000000000   0.0000000000   2.2864993695		  -0.0000000000   0.0000000000  -0.0719556016
   0.0000000000   0.0000000000  -1.7705883683		   0.0000000000  -0.0000000000   0.0719633200

2025-07-17:15:06:57,690 INFO     [psi4.optking.stepAlgorithms:315] 	Current Step Report 
 
	Current energy:      -541.0722965845
	Energy change for the previous step:
		Actual       :        -0.1168594679
		Projected    :        -0.1076342645

2025-07-17:15:06:57,690 INFO     [psi4.optking.stepAlgorithms:318] 	Energy ratio =    1.08571
2025-07-17:15:06:57,690 INFO     [psi4.optking.stepAlgorithms:750] 	Using RFO solution 1.
2025-07-17:15:06:57,690 INFO     [psi4.optking.displace:73] 	Determining Cartesian step for fragment 1.
2025-07-17:15:06:57,690 INFO     [psi4.optking.displace:378] 	Successfully converged to displaced geometry.
2025-07-17:15:06:57,690 INFO     [psi4.optking.displace:379] 	RMS(dx):  0.000e+00 	Max(dx):  0.000e+00 	RMS(dq):  0.000e+00
2025-07-17:15:06:57,690 INFO     [psi4.optking.displace:132] 

	        --- Internal Coordinate Step in ANG or DEG, aJ/ANG or AJ/DEG ---
	-------------------------------------------------------------------------------
	           Coordinate      Previous         Force          Change          New 
	           ----------      --------        ------          ------        ------
	               R(1,2)       2.14692        0.59285        0.04192       2.18884
	-------------------------------------------------------------------------------

2025-07-17:15:06:57,690 INFO     [psi4.optking.stepAlgorithms:96] 	|target step| :    0.0792212295
2025-07-17:15:06:57,690 INFO     [psi4.optking.stepAlgorithms:97] 	gradient     :   -0.0719594608
2025-07-17:15:06:57,691 INFO     [psi4.optking.stepAlgorithms:98] 	hessian      :    0.9026348552
2025-07-17:15:06:57,691 INFO     [psi4.optking.stepAlgorithms:177] 	Norm of achieved step-size    0.0792212295
2025-07-17:15:06:57,691 INFO     [psi4.optking.stepAlgorithms:179] 	Norm of achieved step-size (cart):    0.0560178686
2025-07-17:15:06:57,691 INFO     [psi4.optking.opt_helper:151] Molsys:

	                            ===> Fragment 1 <== 

	 Z (Atomic Numbers)          Masses                          Geom                  
	      12.000000            23.985042          0.00000000  0.00000000  2.32610998   
	      15.000000            30.973762          0.00000000  0.00000000 -1.81019898   

	 - Coordinate -           - BOHR/RAD -       - ANG/DEG -
	 R(1,2)           =         4.136309           2.188840

2025-07-17:15:06:57,691 INFO     [psi4.optking.convcheck:71] Performing convergence check.
2025-07-17:15:06:57,691 INFO     [psi4.optking.convcheck:263] 
	                                 ==> Convergence Check <==                                  
    
	Measures of convergence in internal coordinates in au.
    
	Criteria marked as inactive (o), active & met (*), and active & unmet ( ).

	----------------------------------------------------------------------------------------------
	   Step    Total Energy     Delta E     Max Force     RMS Force      Max Disp      RMS Disp   
	----------------------------------------------------------------------------------------------
	  Convergence Criteria     1.00e-06 *    3.00e-04 *             o    1.20e-03 *             o
	----------------------------------------------------------------------------------------------
	     8    -541.07229658   -1.17e-01      7.20e-02      7.20e-02 o    7.92e-02      7.92e-02 o  ~
	----------------------------------------------------------------------------------------------


2025-07-17:15:06:57,691 INFO     [psi4.optking.stepAlgorithms:266] 	Convergence check returned False
2025-07-17:15:06:57,705 INFO     [psi4.driver.task_planner:285] PLANNING Atomic:  keywords={'DAMPING_PERCENTAGE': 1.0, 'GEOM_MAXITER': 500, 'SCF__GUESS': 'READ', 'GUESS': 'SAP', 'MAXITER': 500, 'REFERENCE': 'UKS', 'function_kwargs': {}}
2025-07-17:15:06:57,707 INFO     [psi4.driver.driver:636] Compute gradient(): method=b3lyp, basis=cc-pvdz, molecule=default, nre=43.517058669280175
2025-07-17:15:06:59,48 INFO     [psi4.driver.driver:639] Return gradient(): -541.0773885450577
2025-07-17:15:06:59,48 INFO     [psi4.driver.driver:640] [[ 0.00000000  0.00000000 -0.05692949]
 [ 0.00000000 -0.00000000  0.05694059]]
2025-07-17:15:06:59,49 INFO     [psi4.optking.history:257] 	Performing BFGS update.
2025-07-17:15:06:59,49 INFO     [psi4.optking.history:268] 	Using 4 previous steps for update.
2025-07-17:15:06:59,50 WARNING  [psi4.optking.history:286] 	Change in internal coordinate of 7.50e-01 exceeds limit of 5.00e-01.
2025-07-17:15:06:59,50 WARNING  [psi4.optking.history:291] 	Skipping Hessian update for step 7.
2025-07-17:15:06:59,50 WARNING  [psi4.optking.history:286] 	Change in internal coordinate of 1.09e+00 exceeds limit of 5.00e-01.
2025-07-17:15:06:59,50 WARNING  [psi4.optking.history:291] 	Skipping Hessian update for step 6.
2025-07-17:15:06:59,50 WARNING  [psi4.optking.history:286] 	Change in internal coordinate of 1.42e+00 exceeds limit of 5.00e-01.
2025-07-17:15:06:59,50 WARNING  [psi4.optking.history:291] 	Skipping Hessian update for step 5.
2025-07-17:15:06:59,50 WARNING  [psi4.optking.history:286] 	Change in internal coordinate of 1.79e+00 exceeds limit of 5.00e-01.
2025-07-17:15:06:59,50 WARNING  [psi4.optking.history:291] 	Skipping Hessian update for step 4.
2025-07-17:15:06:59,50 WARNING  [psi4.optking.history:286] 	Change in internal coordinate of 1.85e+00 exceeds limit of 5.00e-01.
2025-07-17:15:06:59,50 WARNING  [psi4.optking.history:291] 	Skipping Hessian update for step 3.
2025-07-17:15:06:59,50 WARNING  [psi4.optking.history:286] 	Change in internal coordinate of 1.86e+00 exceeds limit of 5.00e-01.
2025-07-17:15:06:59,50 WARNING  [psi4.optking.history:291] 	Skipping Hessian update for step 2.
2025-07-17:15:06:59,50 WARNING  [psi4.optking.history:286] 	Change in internal coordinate of 1.87e+00 exceeds limit of 5.00e-01.
2025-07-17:15:06:59,50 WARNING  [psi4.optking.history:291] 	Skipping Hessian update for step 1.
2025-07-17:15:06:59,50 INFO     [psi4.optking.history:302] 	Steps to be used in Hessian update:  8

2025-07-17:15:06:59,50 INFO     [psi4.optking.history:400] 	Updated Hessian (in au) 
 	   0.189651

2025-07-17:15:06:59,50 INFO     [psi4.optking.molsys:874] Projected (PHP) Hessian matrix
	   0.189651

2025-07-17:15:06:59,50 INFO     [psi4.optking.opt_helper:168] 
	         Geometry (au)                                       Gradient (au)
   0.0000000000   0.0000000000   2.3311469844		   0.0000000000   0.0000000000  -0.0569294910
   0.0000000000   0.0000000000  -1.8051619828		   0.0000000000  -0.0000000000   0.0569405889

2025-07-17:15:06:59,50 INFO     [psi4.optking.stepAlgorithms:315] 	Current Step Report 
 
	Current energy:      -541.0773885451
	Energy change for the previous step:
		Actual       :        -0.0050919606
		Projected    :        -0.0028503585

2025-07-17:15:06:59,50 INFO     [psi4.optking.stepAlgorithms:318] 	Energy ratio =    1.78643
2025-07-17:15:06:59,50 INFO     [psi4.optking.stepAlgorithms:750] 	Using RFO solution 1.
2025-07-17:15:06:59,50 INFO     [psi4.optking.displace:73] 	Determining Cartesian step for fragment 1.
2025-07-17:15:06:59,50 INFO     [psi4.optking.displace:378] 	Successfully converged to displaced geometry.
2025-07-17:15:06:59,50 INFO     [psi4.optking.displace:379] 	RMS(dx):  0.000e+00 	Max(dx):  0.000e+00 	RMS(dq):  0.000e+00
2025-07-17:15:06:59,51 INFO     [psi4.optking.displace:132] 

	        --- Internal Coordinate Step in ANG or DEG, aJ/ANG or AJ/DEG ---
	-------------------------------------------------------------------------------
	           Coordinate      Previous         Force          Change          New 
	           ----------      --------        ------          ------        ------
	               R(1,2)       2.18884        0.46907        0.14666       2.33550
	-------------------------------------------------------------------------------

2025-07-17:15:06:59,51 INFO     [psi4.optking.stepAlgorithms:96] 	|target step| :    0.2771492772
2025-07-17:15:06:59,51 INFO     [psi4.optking.stepAlgorithms:97] 	gradient     :   -0.0569350400
2025-07-17:15:06:59,51 INFO     [psi4.optking.stepAlgorithms:98] 	hessian      :    0.1896514472
2025-07-17:15:06:59,51 INFO     [psi4.optking.stepAlgorithms:177] 	Norm of achieved step-size    0.2771492772
2025-07-17:15:06:59,51 INFO     [psi4.optking.stepAlgorithms:179] 	Norm of achieved step-size (cart):    0.1959741333
2025-07-17:15:06:59,51 INFO     [psi4.optking.opt_helper:151] Molsys:

	                            ===> Fragment 1 <== 

	 Z (Atomic Numbers)          Masses                          Geom                  
	      12.000000            23.985042          0.00000000  0.00000000  2.46972162   
	      15.000000            30.973762          0.00000000  0.00000000 -1.94373662   

	 - Coordinate -           - BOHR/RAD -       - ANG/DEG -
	 R(1,2)           =         4.413458           2.335502

2025-07-17:15:06:59,51 INFO     [psi4.optking.convcheck:71] Performing convergence check.
2025-07-17:15:06:59,51 INFO     [psi4.optking.convcheck:263] 
	                                 ==> Convergence Check <==                                  
    
	Measures of convergence in internal coordinates in au.
    
	Criteria marked as inactive (o), active & met (*), and active & unmet ( ).

	----------------------------------------------------------------------------------------------
	   Step    Total Energy     Delta E     Max Force     RMS Force      Max Disp      RMS Disp   
	----------------------------------------------------------------------------------------------
	  Convergence Criteria     1.00e-06 *    3.00e-04 *             o    1.20e-03 *             o
	----------------------------------------------------------------------------------------------
	     9    -541.07738855   -5.09e-03      5.69e-02      5.69e-02 o    2.77e-01      2.77e-01 o  ~
	----------------------------------------------------------------------------------------------


2025-07-17:15:06:59,51 INFO     [psi4.optking.stepAlgorithms:266] 	Convergence check returned False
2025-07-17:15:06:59,62 INFO     [psi4.driver.task_planner:285] PLANNING Atomic:  keywords={'DAMPING_PERCENTAGE': 1.0, 'GEOM_MAXITER': 500, 'SCF__GUESS': 'READ', 'GUESS': 'SAP', 'MAXITER': 500, 'REFERENCE': 'UKS', 'function_kwargs': {}}
2025-07-17:15:06:59,63 INFO     [psi4.driver.driver:636] Compute gradient(): method=b3lyp, basis=cc-pvdz, molecule=default, nre=40.78434416591579
2025-07-17:15:07:00,408 INFO     [psi4.driver.driver:639] Return gradient(): -541.0873441550845
2025-07-17:15:07:00,409 INFO     [psi4.driver.driver:640] [[-0.00000000  0.00000000 -0.01809181]
 [ 0.00000000  0.00000000  0.01812107]]
2025-07-17:15:07:00,411 INFO     [psi4.optking.history:257] 	Performing BFGS update.
2025-07-17:15:07:00,411 INFO     [psi4.optking.history:268] 	Using 4 previous steps for update.
2025-07-17:15:07:00,411 WARNING  [psi4.optking.history:286] 	Change in internal coordinate of 1.03e+00 exceeds limit of 5.00e-01.
2025-07-17:15:07:00,411 WARNING  [psi4.optking.history:291] 	Skipping Hessian update for step 7.
2025-07-17:15:07:00,411 WARNING  [psi4.optking.history:286] 	Change in internal coordinate of 1.37e+00 exceeds limit of 5.00e-01.
2025-07-17:15:07:00,411 WARNING  [psi4.optking.history:291] 	Skipping Hessian update for step 6.
2025-07-17:15:07:00,411 WARNING  [psi4.optking.history:286] 	Change in internal coordinate of 1.70e+00 exceeds limit of 5.00e-01.
2025-07-17:15:07:00,411 WARNING  [psi4.optking.history:291] 	Skipping Hessian update for step 5.
2025-07-17:15:07:00,411 WARNING  [psi4.optking.history:286] 	Change in internal coordinate of 2.06e+00 exceeds limit of 5.00e-01.
2025-07-17:15:07:00,411 WARNING  [psi4.optking.history:291] 	Skipping Hessian update for step 4.
2025-07-17:15:07:00,411 WARNING  [psi4.optking.history:286] 	Change in internal coordinate of 2.12e+00 exceeds limit of 5.00e-01.
2025-07-17:15:07:00,411 WARNING  [psi4.optking.history:291] 	Skipping Hessian update for step 3.
2025-07-17:15:07:00,411 WARNING  [psi4.optking.history:286] 	Change in internal coordinate of 2.14e+00 exceeds limit of 5.00e-01.
2025-07-17:15:07:00,411 WARNING  [psi4.optking.history:291] 	Skipping Hessian update for step 2.
2025-07-17:15:07:00,411 WARNING  [psi4.optking.history:286] 	Change in internal coordinate of 2.15e+00 exceeds limit of 5.00e-01.
2025-07-17:15:07:00,411 WARNING  [psi4.optking.history:291] 	Skipping Hessian update for step 1.
2025-07-17:15:07:00,411 INFO     [psi4.optking.history:302] 	Steps to be used in Hessian update:  9 8

2025-07-17:15:07:00,411 INFO     [psi4.optking.history:400] 	Updated Hessian (in au) 
 	   0.151115

2025-07-17:15:07:00,412 INFO     [psi4.optking.molsys:874] Projected (PHP) Hessian matrix
	   0.151115

2025-07-17:15:07:00,412 INFO     [psi4.optking.opt_helper:168] 
	         Geometry (au)                                       Gradient (au)
   0.0000000000   0.0000000000   2.4873431745		  -0.0000000000   0.0000000000  -0.0180918066
   0.0000000000   0.0000000000  -1.9261150699		   0.0000000000   0.0000000000   0.0181210708

2025-07-17:15:07:00,412 INFO     [psi4.optking.stepAlgorithms:315] 	Current Step Report 
 
	Current energy:      -541.0873441551
	Energy change for the previous step:
		Actual       :        -0.0099556100
		Projected    :        -0.0078897526

2025-07-17:15:07:00,412 INFO     [psi4.optking.stepAlgorithms:318] 	Energy ratio =    1.26184
2025-07-17:15:07:00,412 INFO     [psi4.optking.stepAlgorithms:750] 	Using RFO solution 1.
2025-07-17:15:07:00,412 INFO     [psi4.optking.displace:73] 	Determining Cartesian step for fragment 1.
2025-07-17:15:07:00,412 INFO     [psi4.optking.displace:378] 	Successfully converged to displaced geometry.
2025-07-17:15:07:00,412 INFO     [psi4.optking.displace:379] 	RMS(dx):  0.000e+00 	Max(dx):  0.000e+00 	RMS(dq):  0.000e+00
2025-07-17:15:07:00,412 INFO     [psi4.optking.displace:132] 

	        --- Internal Coordinate Step in ANG or DEG, aJ/ANG or AJ/DEG ---
	-------------------------------------------------------------------------------
	           Coordinate      Previous         Force          Change          New 
	           ----------      --------        ------          ------        ------
	               R(1,2)       2.33550        0.14917        0.06252       2.39802
	-------------------------------------------------------------------------------

2025-07-17:15:07:00,412 INFO     [psi4.optking.stepAlgorithms:96] 	|target step| :    0.1181462364
2025-07-17:15:07:00,412 INFO     [psi4.optking.stepAlgorithms:97] 	gradient     :   -0.0181064387
2025-07-17:15:07:00,412 INFO     [psi4.optking.stepAlgorithms:98] 	hessian      :    0.1511152610
2025-07-17:15:07:00,412 INFO     [psi4.optking.stepAlgorithms:177] 	Norm of achieved step-size    0.1181462364
2025-07-17:15:07:00,412 INFO     [psi4.optking.stepAlgorithms:179] 	Norm of achieved step-size (cart):    0.0835420049
2025-07-17:15:07:00,412 INFO     [psi4.optking.opt_helper:151] Molsys:

	                            ===> Fragment 1 <== 

	 Z (Atomic Numbers)          Masses                          Geom                  
	      12.000000            23.985042          0.00000000  0.00000000  2.54641629   
	      15.000000            30.973762          0.00000000  0.00000000 -1.98518819   

	 - Coordinate -           - BOHR/RAD -       - ANG/DEG -
	 R(1,2)           =         4.531604           2.398022

2025-07-17:15:07:00,412 INFO     [psi4.optking.convcheck:71] Performing convergence check.
2025-07-17:15:07:00,412 INFO     [psi4.optking.convcheck:263] 
	                                 ==> Convergence Check <==                                  
    
	Measures of convergence in internal coordinates in au.
    
	Criteria marked as inactive (o), active & met (*), and active & unmet ( ).

	----------------------------------------------------------------------------------------------
	   Step    Total Energy     Delta E     Max Force     RMS Force      Max Disp      RMS Disp   
	----------------------------------------------------------------------------------------------
	  Convergence Criteria     1.00e-06 *    3.00e-04 *             o    1.20e-03 *             o
	----------------------------------------------------------------------------------------------
	    10    -541.08734416   -9.96e-03      1.81e-02      1.81e-02 o    1.18e-01      1.18e-01 o  ~
	----------------------------------------------------------------------------------------------


2025-07-17:15:07:00,412 INFO     [psi4.optking.stepAlgorithms:266] 	Convergence check returned False
2025-07-17:15:07:00,427 INFO     [psi4.driver.task_planner:285] PLANNING Atomic:  keywords={'DAMPING_PERCENTAGE': 1.0, 'GEOM_MAXITER': 500, 'SCF__GUESS': 'READ', 'GUESS': 'SAP', 'MAXITER': 500, 'REFERENCE': 'UKS', 'function_kwargs': {}}
2025-07-17:15:07:00,429 INFO     [psi4.driver.driver:636] Compute gradient(): method=b3lyp, basis=cc-pvdz, molecule=default, nre=39.72103054578961
2025-07-17:15:07:01,768 INFO     [psi4.driver.driver:639] Return gradient(): -541.0887796502576
2025-07-17:15:07:01,768 INFO     [psi4.driver.driver:640] [[ 0.00000000 -0.00000000 -0.00664960]
 [ 0.00000000  0.00000000  0.00668034]]
2025-07-17:15:07:01,770 INFO     [psi4.optking.history:257] 	Performing BFGS update.
2025-07-17:15:07:01,770 INFO     [psi4.optking.history:268] 	Using 4 previous steps for update.
2025-07-17:15:07:01,771 WARNING  [psi4.optking.history:286] 	Change in internal coordinate of 1.15e+00 exceeds limit of 5.00e-01.
2025-07-17:15:07:01,771 WARNING  [psi4.optking.history:291] 	Skipping Hessian update for step 7.
2025-07-17:15:07:01,771 WARNING  [psi4.optking.history:286] 	Change in internal coordinate of 1.49e+00 exceeds limit of 5.00e-01.
2025-07-17:15:07:01,771 WARNING  [psi4.optking.history:291] 	Skipping Hessian update for step 6.
2025-07-17:15:07:01,771 WARNING  [psi4.optking.history:286] 	Change in internal coordinate of 1.81e+00 exceeds limit of 5.00e-01.
2025-07-17:15:07:01,771 WARNING  [psi4.optking.history:291] 	Skipping Hessian update for step 5.
2025-07-17:15:07:01,771 WARNING  [psi4.optking.history:286] 	Change in internal coordinate of 2.18e+00 exceeds limit of 5.00e-01.
2025-07-17:15:07:01,771 WARNING  [psi4.optking.history:291] 	Skipping Hessian update for step 4.
2025-07-17:15:07:01,771 WARNING  [psi4.optking.history:286] 	Change in internal coordinate of 2.24e+00 exceeds limit of 5.00e-01.
2025-07-17:15:07:01,771 WARNING  [psi4.optking.history:291] 	Skipping Hessian update for step 3.
2025-07-17:15:07:01,771 WARNING  [psi4.optking.history:286] 	Change in internal coordinate of 2.26e+00 exceeds limit of 5.00e-01.
2025-07-17:15:07:01,771 WARNING  [psi4.optking.history:291] 	Skipping Hessian update for step 2.
2025-07-17:15:07:01,771 WARNING  [psi4.optking.history:286] 	Change in internal coordinate of 2.26e+00 exceeds limit of 5.00e-01.
2025-07-17:15:07:01,771 WARNING  [psi4.optking.history:291] 	Skipping Hessian update for step 1.
2025-07-17:15:07:01,771 INFO     [psi4.optking.history:302] 	Steps to be used in Hessian update:  10 9 8

2025-07-17:15:07:01,772 INFO     [psi4.optking.history:400] 	Updated Hessian (in au) 
 	   0.137602

2025-07-17:15:07:01,772 INFO     [psi4.optking.molsys:874] Projected (PHP) Hessian matrix
	   0.137602

2025-07-17:15:07:01,772 INFO     [psi4.optking.opt_helper:168] 
	         Geometry (au)                                       Gradient (au)
   0.0000000000   0.0000000000   2.5539282011		   0.0000000000  -0.0000000000  -0.0066495992
   0.0000000000   0.0000000000  -1.9776762796		   0.0000000000   0.0000000000   0.0066803423

2025-07-17:15:07:01,772 INFO     [psi4.optking.stepAlgorithms:315] 	Current Step Report 
 
	Current energy:      -541.0887796503
	Energy change for the previous step:
		Actual       :        -0.0014354952
		Projected    :        -0.0010696038

2025-07-17:15:07:01,772 INFO     [psi4.optking.stepAlgorithms:318] 	Energy ratio =    1.34208
2025-07-17:15:07:01,772 INFO     [psi4.optking.stepAlgorithms:750] 	Using RFO solution 1.
2025-07-17:15:07:01,772 INFO     [psi4.optking.displace:73] 	Determining Cartesian step for fragment 1.
2025-07-17:15:07:01,773 INFO     [psi4.optking.displace:378] 	Successfully converged to displaced geometry.
2025-07-17:15:07:01,773 INFO     [psi4.optking.displace:379] 	RMS(dx):  0.000e+00 	Max(dx):  0.000e+00 	RMS(dq):  0.000e+00
2025-07-17:15:07:01,773 INFO     [psi4.optking.displace:132] 

	        --- Internal Coordinate Step in ANG or DEG, aJ/ANG or AJ/DEG ---
	-------------------------------------------------------------------------------
	           Coordinate      Previous         Force          Change          New 
	           ----------      --------        ------          ------        ------
	               R(1,2)       2.39802        0.05491        0.02557       2.42359
	-------------------------------------------------------------------------------

2025-07-17:15:07:01,773 INFO     [psi4.optking.stepAlgorithms:96] 	|target step| :    0.0483234489
2025-07-17:15:07:01,773 INFO     [psi4.optking.stepAlgorithms:97] 	gradient     :   -0.0066649707
2025-07-17:15:07:01,773 INFO     [psi4.optking.stepAlgorithms:98] 	hessian      :    0.1376020784
2025-07-17:15:07:01,773 INFO     [psi4.optking.stepAlgorithms:177] 	Norm of achieved step-size    0.0483234489
2025-07-17:15:07:01,773 INFO     [psi4.optking.stepAlgorithms:179] 	Norm of achieved step-size (cart):    0.0341698384
2025-07-17:15:07:01,773 INFO     [psi4.optking.opt_helper:151] Molsys:

	                            ===> Fragment 1 <== 

	 Z (Atomic Numbers)          Masses                          Geom                  
	      12.000000            23.985042          0.00000000  0.00000000  2.57808993   
	      15.000000            30.973762          0.00000000  0.00000000 -2.00183800   

	 - Coordinate -           - BOHR/RAD -       - ANG/DEG -
	 R(1,2)           =         4.579928           2.423593

2025-07-17:15:07:01,773 INFO     [psi4.optking.convcheck:71] Performing convergence check.
2025-07-17:15:07:01,774 INFO     [psi4.optking.convcheck:263] 
	                                 ==> Convergence Check <==                                  
    
	Measures of convergence in internal coordinates in au.
    
	Criteria marked as inactive (o), active & met (*), and active & unmet ( ).

	----------------------------------------------------------------------------------------------
	   Step    Total Energy     Delta E     Max Force     RMS Force      Max Disp      RMS Disp   
	----------------------------------------------------------------------------------------------
	  Convergence Criteria     1.00e-06 *    3.00e-04 *             o    1.20e-03 *             o
	----------------------------------------------------------------------------------------------
	    11    -541.08877965   -1.44e-03      6.66e-03      6.66e-03 o    4.83e-02      4.83e-02 o  ~
	----------------------------------------------------------------------------------------------


2025-07-17:15:07:01,774 INFO     [psi4.optking.stepAlgorithms:266] 	Convergence check returned False
2025-07-17:15:07:01,793 INFO     [psi4.driver.task_planner:285] PLANNING Atomic:  keywords={'DAMPING_PERCENTAGE': 1.0, 'GEOM_MAXITER': 500, 'SCF__GUESS': 'READ', 'GUESS': 'SAP', 'MAXITER': 500, 'REFERENCE': 'UKS', 'function_kwargs': {}}
2025-07-17:15:07:01,794 INFO     [psi4.driver.driver:636] Compute gradient(): method=b3lyp, basis=cc-pvdz, molecule=default, nre=39.30192849491872
2025-07-17:15:07:03,108 INFO     [psi4.driver.driver:639] Return gradient(): -541.0890026585652
2025-07-17:15:07:03,109 INFO     [psi4.driver.driver:640] [[ 0.00000000  0.00000000 -0.00266596]
 [ 0.00000000 -0.00000000  0.00270535]]
2025-07-17:15:07:03,111 INFO     [psi4.optking.history:257] 	Performing BFGS update.
2025-07-17:15:07:03,111 INFO     [psi4.optking.history:268] 	Using 4 previous steps for update.
2025-07-17:15:07:03,111 WARNING  [psi4.optking.history:286] 	Change in internal coordinate of 5.23e-01 exceeds limit of 5.00e-01.
2025-07-17:15:07:03,111 WARNING  [psi4.optking.history:291] 	Skipping Hessian update for step 8.
2025-07-17:15:07:03,111 WARNING  [psi4.optking.history:286] 	Change in internal coordinate of 1.19e+00 exceeds limit of 5.00e-01.
2025-07-17:15:07:03,111 WARNING  [psi4.optking.history:291] 	Skipping Hessian update for step 7.
2025-07-17:15:07:03,111 WARNING  [psi4.optking.history:286] 	Change in internal coordinate of 1.54e+00 exceeds limit of 5.00e-01.
2025-07-17:15:07:03,111 WARNING  [psi4.optking.history:291] 	Skipping Hessian update for step 6.
2025-07-17:15:07:03,111 WARNING  [psi4.optking.history:286] 	Change in internal coordinate of 1.86e+00 exceeds limit of 5.00e-01.
2025-07-17:15:07:03,111 WARNING  [psi4.optking.history:291] 	Skipping Hessian update for step 5.
2025-07-17:15:07:03,111 WARNING  [psi4.optking.history:286] 	Change in internal coordinate of 2.23e+00 exceeds limit of 5.00e-01.
2025-07-17:15:07:03,111 WARNING  [psi4.optking.history:291] 	Skipping Hessian update for step 4.
2025-07-17:15:07:03,111 WARNING  [psi4.optking.history:286] 	Change in internal coordinate of 2.29e+00 exceeds limit of 5.00e-01.
2025-07-17:15:07:03,111 WARNING  [psi4.optking.history:291] 	Skipping Hessian update for step 3.
2025-07-17:15:07:03,111 WARNING  [psi4.optking.history:286] 	Change in internal coordinate of 2.30e+00 exceeds limit of 5.00e-01.
2025-07-17:15:07:03,111 WARNING  [psi4.optking.history:291] 	Skipping Hessian update for step 2.
2025-07-17:15:07:03,111 WARNING  [psi4.optking.history:286] 	Change in internal coordinate of 2.31e+00 exceeds limit of 5.00e-01.
2025-07-17:15:07:03,111 WARNING  [psi4.optking.history:291] 	Skipping Hessian update for step 1.
2025-07-17:15:07:03,111 INFO     [psi4.optking.history:302] 	Steps to be used in Hessian update:  11 10 9

2025-07-17:15:07:03,111 INFO     [psi4.optking.history:400] 	Updated Hessian (in au) 
 	   0.122288

2025-07-17:15:07:03,112 INFO     [psi4.optking.molsys:874] Projected (PHP) Hessian matrix
	   0.122288

2025-07-17:15:07:03,112 INFO     [psi4.optking.opt_helper:168] 
	         Geometry (au)                                       Gradient (au)
   0.0000000000   0.0000000000   2.5811624002		   0.0000000000   0.0000000000  -0.0026659577
   0.0000000000   0.0000000000  -1.9987655293		   0.0000000000  -0.0000000000   0.0027053492

2025-07-17:15:07:03,112 INFO     [psi4.optking.stepAlgorithms:315] 	Current Step Report 
 
	Current energy:      -541.0890026586
	Energy change for the previous step:
		Actual       :        -0.0002230083
		Projected    :        -0.0001610372

2025-07-17:15:07:03,112 INFO     [psi4.optking.stepAlgorithms:318] 	Energy ratio =    1.38482
2025-07-17:15:07:03,112 INFO     [psi4.optking.stepAlgorithms:750] 	Using RFO solution 1.
2025-07-17:15:07:03,112 INFO     [psi4.optking.displace:73] 	Determining Cartesian step for fragment 1.
2025-07-17:15:07:03,112 INFO     [psi4.optking.displace:378] 	Successfully converged to displaced geometry.
2025-07-17:15:07:03,112 INFO     [psi4.optking.displace:379] 	RMS(dx):  2.564e-16 	Max(dx):  4.441e-16 	RMS(dq):  8.882e-16
2025-07-17:15:07:03,112 INFO     [psi4.optking.displace:132] 

	        --- Internal Coordinate Step in ANG or DEG, aJ/ANG or AJ/DEG ---
	-------------------------------------------------------------------------------
	           Coordinate      Previous         Force          Change          New 
	           ----------      --------        ------          ------        ------
	               R(1,2)       2.42359        0.02213        0.01162       2.43521
	-------------------------------------------------------------------------------

2025-07-17:15:07:03,112 INFO     [psi4.optking.stepAlgorithms:96] 	|target step| :    0.0219510819
2025-07-17:15:07:03,112 INFO     [psi4.optking.stepAlgorithms:97] 	gradient     :   -0.0026856535
2025-07-17:15:07:03,112 INFO     [psi4.optking.stepAlgorithms:98] 	hessian      :    0.1222882498
2025-07-17:15:07:03,112 INFO     [psi4.optking.stepAlgorithms:177] 	Norm of achieved step-size    0.0219510819
2025-07-17:15:07:03,112 INFO     [psi4.optking.stepAlgorithms:179] 	Norm of achieved step-size (cart):    0.0155217589
2025-07-17:15:07:03,112 INFO     [psi4.optking.opt_helper:151] Molsys:

	                            ===> Fragment 1 <== 

	 Z (Atomic Numbers)          Masses                          Geom                  
	      12.000000            23.985042          0.00000000  0.00000000  2.59213794   
	      15.000000            30.973762          0.00000000  0.00000000 -2.00974107   

	 - Coordinate -           - BOHR/RAD -       - ANG/DEG -
	 R(1,2)           =         4.601879           2.435209

2025-07-17:15:07:03,112 INFO     [psi4.optking.convcheck:71] Performing convergence check.
2025-07-17:15:07:03,112 INFO     [psi4.optking.convcheck:263] 
	                                 ==> Convergence Check <==                                  
    
	Measures of convergence in internal coordinates in au.
    
	Criteria marked as inactive (o), active & met (*), and active & unmet ( ).

	----------------------------------------------------------------------------------------------
	   Step    Total Energy     Delta E     Max Force     RMS Force      Max Disp      RMS Disp   
	----------------------------------------------------------------------------------------------
	  Convergence Criteria     1.00e-06 *    3.00e-04 *             o    1.20e-03 *             o
	----------------------------------------------------------------------------------------------
	    12    -541.08900266   -2.23e-04      2.69e-03      2.69e-03 o    2.20e-02      2.20e-02 o  ~
	----------------------------------------------------------------------------------------------


2025-07-17:15:07:03,112 INFO     [psi4.optking.stepAlgorithms:266] 	Convergence check returned False
2025-07-17:15:07:03,124 INFO     [psi4.driver.task_planner:285] PLANNING Atomic:  keywords={'DAMPING_PERCENTAGE': 1.0, 'GEOM_MAXITER': 500, 'SCF__GUESS': 'READ', 'GUESS': 'SAP', 'MAXITER': 500, 'REFERENCE': 'UKS', 'function_kwargs': {}}
2025-07-17:15:07:03,125 INFO     [psi4.driver.driver:636] Compute gradient(): method=b3lyp, basis=cc-pvdz, molecule=default, nre=39.11445727925418
2025-07-17:15:07:04,453 INFO     [psi4.driver.driver:639] Return gradient(): -541.0890424439166
2025-07-17:15:07:04,453 INFO     [psi4.driver.driver:640] [[ 0.00000000 -0.00000000 -0.00097744]
 [ 0.00000000  0.00000000  0.00102011]]
2025-07-17:15:07:04,455 INFO     [psi4.optking.history:257] 	Performing BFGS update.
2025-07-17:15:07:04,455 INFO     [psi4.optking.history:268] 	Using 4 previous steps for update.
2025-07-17:15:07:04,455 INFO     [psi4.optking.history:302] 	Steps to be used in Hessian update:  12 11 10 9

2025-07-17:15:07:04,455 INFO     [psi4.optking.history:400] 	Updated Hessian (in au) 
 	   0.120146

2025-07-17:15:07:04,455 INFO     [psi4.optking.molsys:874] Projected (PHP) Hessian matrix
	   0.120146

2025-07-17:15:07:04,455 INFO     [psi4.optking.opt_helper:168] 
	         Geometry (au)                                       Gradient (au)
   0.0000000000   0.0000000000   2.5935336227		   0.0000000000  -0.0000000000  -0.0009774415
   0.0000000000   0.0000000000  -2.0083453888		   0.0000000000   0.0000000000   0.0010201123

2025-07-17:15:07:04,455 INFO     [psi4.optking.stepAlgorithms:315] 	Current Step Report 
 
	Current energy:      -541.0890424439
	Energy change for the previous step:
		Actual       :        -0.0000397854
		Projected    :        -0.0000294765

2025-07-17:15:07:04,455 INFO     [psi4.optking.stepAlgorithms:318] 	Energy ratio =    1.34973
2025-07-17:15:07:04,455 INFO     [psi4.optking.stepAlgorithms:750] 	Using RFO solution 1.
2025-07-17:15:07:04,455 INFO     [psi4.optking.displace:73] 	Determining Cartesian step for fragment 1.
2025-07-17:15:07:04,455 INFO     [psi4.optking.displace:378] 	Successfully converged to displaced geometry.
2025-07-17:15:07:04,455 INFO     [psi4.optking.displace:379] 	RMS(dx):  2.564e-16 	Max(dx):  4.441e-16 	RMS(dq):  8.882e-16
2025-07-17:15:07:04,456 INFO     [psi4.optking.displace:132] 

	        --- Internal Coordinate Step in ANG or DEG, aJ/ANG or AJ/DEG ---
	-------------------------------------------------------------------------------
	           Coordinate      Previous         Force          Change          New 
	           ----------      --------        ------          ------        ------
	               R(1,2)       2.43521        0.00823        0.00440       2.43961
	-------------------------------------------------------------------------------

2025-07-17:15:07:04,456 INFO     [psi4.optking.stepAlgorithms:96] 	|target step| :    0.0083124696
2025-07-17:15:07:04,456 INFO     [psi4.optking.stepAlgorithms:97] 	gradient     :   -0.0009987769
2025-07-17:15:07:04,456 INFO     [psi4.optking.stepAlgorithms:98] 	hessian      :    0.1201457519
2025-07-17:15:07:04,456 INFO     [psi4.optking.stepAlgorithms:177] 	Norm of achieved step-size    0.0083124696
2025-07-17:15:07:04,456 INFO     [psi4.optking.stepAlgorithms:179] 	Norm of achieved step-size (cart):    0.0058778036
2025-07-17:15:07:04,456 INFO     [psi4.optking.opt_helper:151] Molsys:

	                            ===> Fragment 1 <== 

	 Z (Atomic Numbers)          Masses                          Geom                  
	      12.000000            23.985042          0.00000000  0.00000000  2.59768986   
	      15.000000            30.973762          0.00000000  0.00000000 -2.01250162   

	 - Coordinate -           - BOHR/RAD -       - ANG/DEG -
	 R(1,2)           =         4.610191           2.439608

2025-07-17:15:07:04,456 INFO     [psi4.optking.convcheck:71] Performing convergence check.
2025-07-17:15:07:04,456 INFO     [psi4.optking.convcheck:263] 
	                                 ==> Convergence Check <==                                  
    
	Measures of convergence in internal coordinates in au.
    
	Criteria marked as inactive (o), active & met (*), and active & unmet ( ).

	----------------------------------------------------------------------------------------------
	   Step    Total Energy     Delta E     Max Force     RMS Force      Max Disp      RMS Disp   
	----------------------------------------------------------------------------------------------
	  Convergence Criteria     1.00e-06 *    3.00e-04 *             o    1.20e-03 *             o
	----------------------------------------------------------------------------------------------
	    13    -541.08904244   -3.98e-05      9.99e-04      9.99e-04 o    8.31e-03      8.31e-03 o  ~
	----------------------------------------------------------------------------------------------


2025-07-17:15:07:04,456 INFO     [psi4.optking.stepAlgorithms:266] 	Convergence check returned False
2025-07-17:15:07:04,470 INFO     [psi4.driver.task_planner:285] PLANNING Atomic:  keywords={'DAMPING_PERCENTAGE': 1.0, 'GEOM_MAXITER': 500, 'SCF__GUESS': 'READ', 'GUESS': 'SAP', 'MAXITER': 500, 'REFERENCE': 'UKS', 'function_kwargs': {}}
2025-07-17:15:07:04,472 INFO     [psi4.driver.driver:636] Compute gradient(): method=b3lyp, basis=cc-pvdz, molecule=default, nre=39.04393141559018
2025-07-17:15:07:05,823 INFO     [psi4.driver.driver:639] Return gradient(): -541.0890479921937
2025-07-17:15:07:05,824 INFO     [psi4.driver.driver:640] [[ 0.00000000  0.00000000 -0.00035698]
 [ 0.00000000 -0.00000000  0.00040057]]
2025-07-17:15:07:05,825 INFO     [psi4.optking.history:257] 	Performing BFGS update.
2025-07-17:15:07:05,825 INFO     [psi4.optking.history:268] 	Using 4 previous steps for update.
2025-07-17:15:07:05,825 INFO     [psi4.optking.history:302] 	Steps to be used in Hessian update:  13 12 11 10

2025-07-17:15:07:05,825 INFO     [psi4.optking.history:400] 	Updated Hessian (in au) 
 	   0.090110

2025-07-17:15:07:05,825 INFO     [psi4.optking.molsys:874] Projected (PHP) Hessian matrix
	   0.090110

2025-07-17:15:07:05,825 INFO     [psi4.optking.opt_helper:168] 
	         Geometry (au)                                       Gradient (au)
   0.0000000000   0.0000000000   2.5982183763		   0.0000000000   0.0000000000  -0.0003569785
   0.0000000000   0.0000000000  -2.0119731048		   0.0000000000  -0.0000000000   0.0004005738

2025-07-17:15:07:05,825 INFO     [psi4.optking.stepAlgorithms:315] 	Current Step Report 
 
	Current energy:      -541.0890479922
	Energy change for the previous step:
		Actual       :        -0.0000055483
		Projected    :        -0.0000041512

2025-07-17:15:07:05,825 INFO     [psi4.optking.stepAlgorithms:318] 	Energy ratio =    1.33656
2025-07-17:15:07:05,825 INFO     [psi4.optking.stepAlgorithms:750] 	Using RFO solution 1.
2025-07-17:15:07:05,825 INFO     [psi4.optking.displace:73] 	Determining Cartesian step for fragment 1.
2025-07-17:15:07:05,826 INFO     [psi4.optking.displace:378] 	Successfully converged to displaced geometry.
2025-07-17:15:07:05,826 INFO     [psi4.optking.displace:379] 	RMS(dx):  2.564e-16 	Max(dx):  4.441e-16 	RMS(dq):  8.882e-16
2025-07-17:15:07:05,826 INFO     [psi4.optking.displace:132] 

	        --- Internal Coordinate Step in ANG or DEG, aJ/ANG or AJ/DEG ---
	-------------------------------------------------------------------------------
	           Coordinate      Previous         Force          Change          New 
	           ----------      --------        ------          ------        ------
	               R(1,2)       2.43961        0.00312        0.00222       2.44183
	-------------------------------------------------------------------------------

2025-07-17:15:07:05,826 INFO     [psi4.optking.stepAlgorithms:96] 	|target step| :    0.0042034046
2025-07-17:15:07:05,826 INFO     [psi4.optking.stepAlgorithms:97] 	gradient     :   -0.0003787761
2025-07-17:15:07:05,826 INFO     [psi4.optking.stepAlgorithms:98] 	hessian      :    0.0901101554
2025-07-17:15:07:05,826 INFO     [psi4.optking.stepAlgorithms:177] 	Norm of achieved step-size    0.0042034046
2025-07-17:15:07:05,826 INFO     [psi4.optking.stepAlgorithms:179] 	Norm of achieved step-size (cart):    0.0029722559
2025-07-17:15:07:05,826 INFO     [psi4.optking.opt_helper:151] Molsys:

	                            ===> Fragment 1 <== 

	 Z (Atomic Numbers)          Masses                          Geom                  
	      12.000000            23.985042          0.00000000  0.00000000  2.60032008   
	      15.000000            30.973762          0.00000000  0.00000000 -2.01407481   

	 - Coordinate -           - BOHR/RAD -       - ANG/DEG -
	 R(1,2)           =         4.614395           2.441833

2025-07-17:15:07:05,826 INFO     [psi4.optking.convcheck:71] Performing convergence check.
2025-07-17:15:07:05,826 INFO     [psi4.optking.convcheck:263] 
	                                 ==> Convergence Check <==                                  
    
	Measures of convergence in internal coordinates in au.
    
	Criteria marked as inactive (o), active & met (*), and active & unmet ( ).

	----------------------------------------------------------------------------------------------
	   Step    Total Energy     Delta E     Max Force     RMS Force      Max Disp      RMS Disp   
	----------------------------------------------------------------------------------------------
	  Convergence Criteria     1.00e-06 *    3.00e-04 *             o    1.20e-03 *             o
	----------------------------------------------------------------------------------------------
	    14    -541.08904799   -5.55e-06      3.79e-04      3.79e-04 o    4.20e-03      4.20e-03 o  ~
	----------------------------------------------------------------------------------------------


2025-07-17:15:07:05,826 INFO     [psi4.optking.stepAlgorithms:266] 	Convergence check returned False
2025-07-17:15:07:05,841 INFO     [psi4.driver.task_planner:285] PLANNING Atomic:  keywords={'DAMPING_PERCENTAGE': 1.0, 'GEOM_MAXITER': 500, 'SCF__GUESS': 'READ', 'GUESS': 'SAP', 'MAXITER': 500, 'REFERENCE': 'UKS', 'function_kwargs': {}}
2025-07-17:15:07:05,842 INFO     [psi4.driver.driver:636] Compute gradient(): method=b3lyp, basis=cc-pvdz, molecule=default, nre=39.008365010130916
2025-07-17:15:07:07,92 INFO     [psi4.driver.driver:639] Return gradient(): -541.0890488530883
2025-07-17:15:07:07,93 INFO     [psi4.driver.driver:640] [[ 0.00000000  0.00000000 -0.00004712]
 [ 0.00000000 -0.00000000  0.00009109]]
2025-07-17:15:07:07,97 INFO     [psi4.optking.history:257] 	Performing BFGS update.
2025-07-17:15:07:07,97 INFO     [psi4.optking.history:268] 	Using 4 previous steps for update.
2025-07-17:15:07:07,98 INFO     [psi4.optking.history:302] 	Steps to be used in Hessian update:  14 13 12 11

2025-07-17:15:07:07,98 INFO     [psi4.optking.history:400] 	Updated Hessian (in au) 
 	   0.079669

2025-07-17:15:07:07,98 INFO     [psi4.optking.molsys:874] Projected (PHP) Hessian matrix
	   0.079669

2025-07-17:15:07:07,98 INFO     [psi4.optking.opt_helper:168] 
	         Geometry (au)                                       Gradient (au)
   0.0000000000   0.0000000000   2.6005873371		   0.0000000000   0.0000000000  -0.0000471154
   0.0000000000   0.0000000000  -2.0138075485		   0.0000000000  -0.0000000000   0.0000910947

2025-07-17:15:07:07,98 INFO     [psi4.optking.stepAlgorithms:315] 	Current Step Report 
 
	Current energy:      -541.0890488531
	Energy change for the previous step:
		Actual       :        -0.0000008609
		Projected    :        -0.0000007961

2025-07-17:15:07:07,99 INFO     [psi4.optking.stepAlgorithms:318] 	Energy ratio =    1.08142
2025-07-17:15:07:07,99 INFO     [psi4.optking.stepAlgorithms:750] 	Using RFO solution 1.
2025-07-17:15:07:07,99 INFO     [psi4.optking.displace:73] 	Determining Cartesian step for fragment 1.
2025-07-17:15:07:07,99 INFO     [psi4.optking.displace:378] 	Successfully converged to displaced geometry.
2025-07-17:15:07:07,99 INFO     [psi4.optking.displace:379] 	RMS(dx):  2.564e-16 	Max(dx):  4.441e-16 	RMS(dq):  8.882e-16
2025-07-17:15:07:07,99 INFO     [psi4.optking.displace:132] 

	        --- Internal Coordinate Step in ANG or DEG, aJ/ANG or AJ/DEG ---
	-------------------------------------------------------------------------------
	           Coordinate      Previous         Force          Change          New 
	           ----------      --------        ------          ------        ------
	               R(1,2)       2.44183        0.00057        0.00046       2.44229
	-------------------------------------------------------------------------------

2025-07-17:15:07:07,99 INFO     [psi4.optking.stepAlgorithms:96] 	|target step| :    0.0008673964
2025-07-17:15:07:07,99 INFO     [psi4.optking.stepAlgorithms:97] 	gradient     :   -0.0000691050
2025-07-17:15:07:07,99 INFO     [psi4.optking.stepAlgorithms:98] 	hessian      :    0.0796694460
2025-07-17:15:07:07,99 INFO     [psi4.optking.stepAlgorithms:177] 	Norm of achieved step-size    0.0008673964
2025-07-17:15:07:07,99 INFO     [psi4.optking.stepAlgorithms:179] 	Norm of achieved step-size (cart):    0.0006133419
2025-07-17:15:07:07,100 INFO     [psi4.optking.opt_helper:151] Molsys:

	                            ===> Fragment 1 <== 

	 Z (Atomic Numbers)          Masses                          Geom                  
	      12.000000            23.985042          0.00000000  0.00000000  2.60102104   
	      15.000000            30.973762          0.00000000  0.00000000 -2.01424125   

	 - Coordinate -           - BOHR/RAD -       - ANG/DEG -
	 R(1,2)           =         4.615262           2.442292

2025-07-17:15:07:07,100 INFO     [psi4.optking.convcheck:71] Performing convergence check.
2025-07-17:15:07:07,100 INFO     [psi4.optking.convcheck:263] 
	                                 ==> Convergence Check <==                                  
    
	Measures of convergence in internal coordinates in au.
    
	Criteria marked as inactive (o), active & met (*), and active & unmet ( ).

	----------------------------------------------------------------------------------------------
	   Step    Total Energy     Delta E     Max Force     RMS Force      Max Disp      RMS Disp   
	----------------------------------------------------------------------------------------------
	  Convergence Criteria     1.00e-06 *    3.00e-04 *             o    1.20e-03 *             o
	----------------------------------------------------------------------------------------------
	    15    -541.08904885   -8.61e-07 *    6.91e-05 *    6.91e-05 o    8.67e-04 *    8.67e-04 o  ~
	----------------------------------------------------------------------------------------------


2025-07-17:15:07:07,100 INFO     [psi4.optking.convcheck:193] 
	                      ===> Final Convergence Report <===                     

	----------------------------------------------------------------------------
	|   Required Criteria    |  One or More Criteria  |   Alternate Criteria   |
	----------------------------------------------------------------------------
	| [x]     max_force      | [x]       max_DE       |                        |
	|                        | [x]      max_disp      |                        |
	----------------------------------------------------------------------------


2025-07-17:15:07:07,100 INFO     [psi4.optking.stepAlgorithms:266] 	Convergence check returned True
2025-07-17:15:07:07,100 INFO     [psi4.optking.optimize:286] 	Converged in 15 steps!
2025-07-17:15:07:07,100 INFO     [psi4.optking.optimize:287] 	Final energy is   -541.0890488530883
2025-07-17:15:07:07,100 INFO     [psi4.optking.optimize:288] 	Final structure (Angstroms): 
	Fragment 1 (Ang)

	   Mg   0.0000000000   0.0000000000   1.3764010564
	    P   0.0000000000   0.0000000000  -1.0658905645


2025-07-17:15:07:07,102 INFO     [psi4.optking.optimize:432] 	Optimization Finished

	==> Optimization Summary <==

        
	Measures of convergence in internal coordinates in au. (Any backward steps not shown.)
        
	---------------------------------------------------------------------------------------------------------------  ~
        
	 Step         Total Energy             Delta E       MAX Force       RMS Force        MAX Disp        RMS Disp   ~
        
	---------------------------------------------------------------------------------------------------------------  ~
        
	     1    -540.087644917551   -540.087644917551      1.68714906      1.68714906      0.00774507      0.00774507  ~
	     2    -540.100615960959     -0.012971043408      1.66257145      1.66257145      0.01526185      0.01526185  ~
	     3    -540.125626788746     -0.025010827787      1.61542109      1.61542109      0.05912255      0.05912255  ~
	     4    -540.216056221078     -0.090429432332      1.44750699      1.44750699      0.36777690      0.36777690  ~
	     5    -540.606117911601     -0.390061690523      0.75242306      0.75242306      0.32411458      0.32411458  ~
	     6    -540.790115338265     -0.183997426664      0.41119103      0.41119103      0.34427300      0.34427300  ~
	     7    -540.955437116526     -0.165321778261      0.32075895      0.32075895      0.67112243      0.67112243  ~
	     8    -541.072296584453     -0.116859467927      0.07195946      0.07195946      0.07922123      0.07922123  ~
	     9    -541.077388545058     -0.005091960605      0.05693504      0.05693504      0.27714928      0.27714928  ~
	    10    -541.087344155084     -0.009955610027      0.01810644      0.01810644      0.11814624      0.11814624  ~
	    11    -541.088779650258     -0.001435495173      0.00666497      0.00666497      0.04832345      0.04832345  ~
	    12    -541.089002658565     -0.000223008308      0.00268565      0.00268565      0.02195108      0.02195108  ~
	    13    -541.089042443917     -0.000039785351      0.00099878      0.00099878      0.00831247      0.00831247  ~
	    14    -541.089047992194     -0.000005548277      0.00037878      0.00037878      0.00420340      0.00420340  ~
	    15    -541.089048853088     -0.000000860895      0.00006911      0.00006911      0.00086740      0.00086740  ~
	----------------------------------------------------------------------------------------------------------------


2025-07-17:15:07:07,102 INFO     [psi4.optking.optimize:640] Preparing OptimizationResult
