2025-07-17:12:51:56,786 INFO     [psi4.optking.optwrapper:214] Creating a UserComputer
2025-07-17:12:51:56,786 INFO     [psi4.optking.optwrapper:222] 
    			-----------------------------------------

    			 OPTKING 3.0: for geometry optimizations 

    			     By R.A. King, Bethel University     

    			        with contributions from          

    			    A.V. Copan, J. Cayton, A. Heide      

    			-----------------------------------------

    
2025-07-17:12:51:56,786 INFO     [psi4.optking.optwrapper:238] 
		 -- Optimization Parameters --
	accept_symmetry_breaking       =           False
	alg_geom_maxiter               =             500
	bt_dx_conv                     =           1e-07
	bt_dx_rms_change_conv          =           1e-12
	bt_max_iter                    =              25
	cart_hess_read                 =           False
	consecutive_backsteps_allowed  =               0
	conv_max_DE                    =           1e-06
	conv_max_disp                  =          0.0012
	conv_max_force                 =          0.0003
	conv_rms_disp                  =              -1
	conv_rms_force                 =              -1
	covalent_connect               =             1.3
	dynamic_level                  =               0
	dynamic_level_max              =               0
	ensure_bt_convergence          =           False
	ext_force_bend                 =              []
	ext_force_cartesian            =              []
	ext_force_dihedral             =              []
	ext_force_distance             =              []
	ext_force_oofp                 =              []
	fix_val_near_pi                =            1.57
	flexible_g_convergence         =           False
	frag_mode                      =          SINGLE
	frag_ref_atoms                 =            None
	freeze_intrafrag               =           False
	frozen_bend                    =              []
	frozen_cartesian               =              []
	frozen_dihedral                =              []
	frozen_distance                =              []
	frozen_oofp                    =              []
	full_hess_every                =              -1
	g_convergence                  =           QCHEM
	generate_intcos_exit           =           False
	geom_maxiter                   =             500
	h_bond_connect                 =             4.3
	hess_update                    =            BFGS
	hess_update_den_tol            =           1e-07
	hess_update_dq_tol             =             0.5
	hess_update_limit              =            True
	hess_update_limit_max          =             1.0
	hess_update_limit_scale        =             0.5
	hess_update_use_last           =               4
	hessian_file                   =            None
	i_max_DE                       =            True
	i_max_disp                     =            True
	i_max_force                    =            True
	i_rms_disp                     =           False
	i_rms_force                    =           False
	i_untampered                   =            True
	include_oofp                   =           False
	interfrag_collinear_tol        =            0.01
	interfrag_coords               =            None
	interfrag_dist_inv             =           False
	interfrag_mode                 =           FIXED
	interfrag_trust                =             0.5
	interfrag_trust_max            =             1.0
	interfrag_trust_min            =           0.001
	interfragment_connect          =             1.8
	intrafrag_hess                 =        SCHLEGEL
	intrafrag_trust                =             0.5
	intrafrag_trust_max            =             1.0
	intrafrag_trust_min            =           0.001
	irc_direction                  =         FORWARD
	irc_points                     =              20
	irc_step_size                  =             0.2
	keep_intcos                    =           False
	linear_bend_threshold          =            3.05
	linesearch                     =           False
	linesearch_step                =             0.1
	max_disp_g_convergence         =          0.0012
	max_energy_g_convergence       =           1e-06
	max_force_g_convergence        =          0.0003
	opt_coordinates                =       REDUNDANT
	opt_type                       =             MIN
	output_type                    =            FILE
	print_lvl                      =               1
	program                        =            psi4
	ranged_bend                    =              []
	ranged_cartesian               =              []
	ranged_dihedral                =              []
	ranged_distance                =              []
	ranged_oofp                    =              []
	redundant_eval_tol             =           1e-10
	rfo_follow_root                =           False
	rfo_normalization_max          =             100
	rfo_root                       =               0
	rms_disp_g_convergence         =          0.0012
	rms_force_g_convergence        =          0.0003
	rsrfo_alpha_max                =     100000000.0
	sd_hessian                     =             1.0
	simple_step_scaling            =           False
	small_bend_fix_threshold       =            0.35
	steepest_descent_type          =         OVERLAP
	step_type                      =             RFO
	test_B                         =           False
	test_derivative_B              =           False
	trajectory                     =           False
	v3d_tors_angle_lim             =           0.017
	v3d_tors_cos_tol               =           1e-10
	working_consecutive_backsteps  =               0
	working_steps_since_last_H     =               0


2025-07-17:12:51:57,408 INFO     [psi4.optking.opt_helper:151] Molsys:

	                            ===> Fragment 1 <== 

	 Z (Atomic Numbers)          Masses                          Geom                  
	       3.000000             7.016003          0.00000000  0.00000000  1.75446317   
	      12.000000            23.985042          0.00000000  0.00000000 -0.51320818   

	 - Coordinate -           - BOHR/RAD -       - ANG/DEG -
	 R(1,2)           =         2.267671           1.200000

2025-07-17:12:51:57,419 INFO     [psi4.driver.task_planner:285] PLANNING Atomic:  keywords={'DAMPING_PERCENTAGE': 1.0, 'GEOM_MAXITER': 500, 'GUESS': 'SAP', 'MAXITER': 500, 'REFERENCE': 'UKS', 'function_kwargs': {}}
2025-07-17:12:51:57,420 INFO     [psi4.driver.driver:636] Compute gradient(): method=b3lyp, basis=cc-pvdz, molecule=default, nre=15.875316320100003
2025-07-17:12:51:59,654 INFO     [psi4.driver.driver:639] Return gradient(): -207.0125099241048
2025-07-17:12:51:59,655 INFO     [psi4.driver.driver:640] [[-0.00000000  0.00000000 -0.50985897]
 [-0.00000000  0.00000000  0.50987222]]
2025-07-17:12:51:59,656 INFO     [psi4.optking.molsys:874] Projected (PHP) Hessian matrix
	   4.182219

2025-07-17:12:51:59,656 INFO     [psi4.optking.opt_helper:168] 
	         Geometry (au)                                       Gradient (au)
   0.0000000000   0.0000000000   1.7544631693		  -0.0000000000   0.0000000000  -0.5098589696
   0.0000000000   0.0000000000  -0.5132081812		  -0.0000000000   0.0000000000   0.5098722178

2025-07-17:12:51:59,656 INFO     [psi4.optking.stepAlgorithms:750] 	Using RFO solution 1.
2025-07-17:12:51:59,656 INFO     [psi4.optking.displace:73] 	Determining Cartesian step for fragment 1.
2025-07-17:12:51:59,656 INFO     [psi4.optking.displace:378] 	Successfully converged to displaced geometry.
2025-07-17:12:51:59,656 INFO     [psi4.optking.displace:379] 	RMS(dx):  1.282e-16 	Max(dx):  2.220e-16 	RMS(dq):  4.441e-16
2025-07-17:12:51:59,656 INFO     [psi4.optking.displace:132] 

	        --- Internal Coordinate Step in ANG or DEG, aJ/ANG or AJ/DEG ---
	-------------------------------------------------------------------------------
	           Coordinate      Previous         Force          Change          New 
	           ----------      --------        ------          ------        ------
	               R(1,2)       1.20000        4.20064        0.06358       1.26358
	-------------------------------------------------------------------------------

2025-07-17:12:51:59,657 INFO     [psi4.optking.stepAlgorithms:96] 	|target step| :    0.1201526964
2025-07-17:12:51:59,657 INFO     [psi4.optking.stepAlgorithms:97] 	gradient     :   -0.5098655937
2025-07-17:12:51:59,657 INFO     [psi4.optking.stepAlgorithms:98] 	hessian      :    4.1822185214
2025-07-17:12:51:59,657 INFO     [psi4.optking.stepAlgorithms:177] 	Norm of achieved step-size    0.1201526964
2025-07-17:12:51:59,657 INFO     [psi4.optking.stepAlgorithms:179] 	Norm of achieved step-size (cart):    0.0849607864
2025-07-17:12:51:59,657 INFO     [psi4.optking.opt_helper:151] Molsys:

	                            ===> Fragment 1 <== 

	 Z (Atomic Numbers)          Masses                          Geom                  
	       3.000000             7.016003          0.00000000  0.00000000  1.81453952   
	      12.000000            23.985042          0.00000000  0.00000000 -0.57328453   

	 - Coordinate -           - BOHR/RAD -       - ANG/DEG -
	 R(1,2)           =         2.387824           1.263582

2025-07-17:12:51:59,657 INFO     [psi4.optking.convcheck:71] Performing convergence check.
2025-07-17:12:51:59,657 INFO     [psi4.optking.convcheck:263] 
	                                 ==> Convergence Check <==                                  
    
	Measures of convergence in internal coordinates in au.
    
	Criteria marked as inactive (o), active & met (*), and active & unmet ( ).

	----------------------------------------------------------------------------------------------
	   Step    Total Energy     Delta E     Max Force     RMS Force      Max Disp      RMS Disp   
	----------------------------------------------------------------------------------------------
	  Convergence Criteria     1.00e-06 *    3.00e-04 *             o    1.20e-03 *             o
	----------------------------------------------------------------------------------------------
	     1    -207.01250992   -2.07e+02      5.10e-01      5.10e-01 o    1.20e-01      1.20e-01 o  ~
	----------------------------------------------------------------------------------------------


2025-07-17:12:51:59,657 INFO     [psi4.optking.stepAlgorithms:266] 	Convergence check returned False
2025-07-17:12:51:59,677 INFO     [psi4.driver.task_planner:285] PLANNING Atomic:  keywords={'DAMPING_PERCENTAGE': 1.0, 'GEOM_MAXITER': 500, 'SCF__GUESS': 'READ', 'GUESS': 'SAP', 'MAXITER': 500, 'REFERENCE': 'UKS', 'function_kwargs': {}}
2025-07-17:12:51:59,678 INFO     [psi4.driver.driver:636] Compute gradient(): method=b3lyp, basis=cc-pvdz, molecule=default, nre=15.076487753096302
2025-07-17:12:52:00,827 INFO     [psi4.driver.driver:639] Return gradient(): -207.0683405262469
2025-07-17:12:52:00,828 INFO     [psi4.driver.driver:640] [[ 0.00000000 -0.00000000 -0.42398028]
 [-0.00000000  0.00000000  0.42399217]]
2025-07-17:12:52:00,829 INFO     [psi4.optking.history:257] 	Performing BFGS update.
2025-07-17:12:52:00,829 INFO     [psi4.optking.history:268] 	Using 1 previous steps for update.
2025-07-17:12:52:00,829 INFO     [psi4.optking.history:302] 	Steps to be used in Hessian update:  1

2025-07-17:12:52:00,829 INFO     [psi4.optking.history:400] 	Updated Hessian (in au) 
 	   2.091109

2025-07-17:12:52:00,829 INFO     [psi4.optking.molsys:874] Projected (PHP) Hessian matrix
	   2.091109

2025-07-17:12:52:00,829 INFO     [psi4.optking.opt_helper:168] 
	         Geometry (au)                                       Gradient (au)
   0.0000000000   0.0000000000   1.8474235008		   0.0000000000  -0.0000000000  -0.4239802843
   0.0000000000   0.0000000000  -0.5404005461		  -0.0000000000   0.0000000000   0.4239921650

2025-07-17:12:52:00,830 INFO     [psi4.optking.stepAlgorithms:315] 	Current Step Report 
 
	Current energy:      -207.0683405262
	Energy change for the previous step:
		Actual       :        -0.0558306021
		Projected    :        -0.0306308629

2025-07-17:12:52:00,830 INFO     [psi4.optking.stepAlgorithms:318] 	Energy ratio =    1.82269
2025-07-17:12:52:00,830 INFO     [psi4.optking.stepAlgorithms:346] 	Energy ratio indicates good step.
2025-07-17:12:52:00,830 INFO     [psi4.optking.stepAlgorithms:347] 	Intrafrag trust radius increased to 1.000e+00.
2025-07-17:12:52:00,830 INFO     [psi4.optking.stepAlgorithms:750] 	Using RFO solution 1.
2025-07-17:12:52:00,830 INFO     [psi4.optking.displace:73] 	Determining Cartesian step for fragment 1.
2025-07-17:12:52:00,831 INFO     [psi4.optking.displace:378] 	Successfully converged to displaced geometry.
2025-07-17:12:52:00,831 INFO     [psi4.optking.displace:379] 	RMS(dx):  0.000e+00 	Max(dx):  0.000e+00 	RMS(dq):  0.000e+00
2025-07-17:12:52:00,831 INFO     [psi4.optking.displace:132] 

	        --- Internal Coordinate Step in ANG or DEG, aJ/ANG or AJ/DEG ---
	-------------------------------------------------------------------------------
	           Coordinate      Previous         Force          Change          New 
	           ----------      --------        ------          ------        ------
	               R(1,2)       1.26358        3.49311        0.10321       1.36679
	-------------------------------------------------------------------------------

2025-07-17:12:52:00,831 INFO     [psi4.optking.stepAlgorithms:96] 	|target step| :    0.1950433607
2025-07-17:12:52:00,831 INFO     [psi4.optking.stepAlgorithms:97] 	gradient     :   -0.4239862247
2025-07-17:12:52:00,831 INFO     [psi4.optking.stepAlgorithms:98] 	hessian      :    2.0911092607
2025-07-17:12:52:00,831 INFO     [psi4.optking.stepAlgorithms:177] 	Norm of achieved step-size    0.1950433607
2025-07-17:12:52:00,831 INFO     [psi4.optking.stepAlgorithms:179] 	Norm of achieved step-size (cart):    0.1379164830
2025-07-17:12:52:00,831 INFO     [psi4.optking.opt_helper:151] Molsys:

	                            ===> Fragment 1 <== 

	 Z (Atomic Numbers)          Masses                          Geom                  
	       3.000000             7.016003          0.00000000  0.00000000  1.94494518   
	      12.000000            23.985042          0.00000000  0.00000000 -0.63792223   

	 - Coordinate -           - BOHR/RAD -       - ANG/DEG -
	 R(1,2)           =         2.582867           1.366795

2025-07-17:12:52:00,832 INFO     [psi4.optking.convcheck:71] Performing convergence check.
2025-07-17:12:52:00,832 INFO     [psi4.optking.convcheck:263] 
	                                 ==> Convergence Check <==                                  
    
	Measures of convergence in internal coordinates in au.
    
	Criteria marked as inactive (o), active & met (*), and active & unmet ( ).

	----------------------------------------------------------------------------------------------
	   Step    Total Energy     Delta E     Max Force     RMS Force      Max Disp      RMS Disp   
	----------------------------------------------------------------------------------------------
	  Convergence Criteria     1.00e-06 *    3.00e-04 *             o    1.20e-03 *             o
	----------------------------------------------------------------------------------------------
	     2    -207.06834053   -5.58e-02      4.24e-01      4.24e-01 o    1.95e-01      1.95e-01 o  ~
	----------------------------------------------------------------------------------------------


2025-07-17:12:52:00,832 INFO     [psi4.optking.stepAlgorithms:266] 	Convergence check returned False
2025-07-17:12:52:00,849 INFO     [psi4.driver.task_planner:285] PLANNING Atomic:  keywords={'DAMPING_PERCENTAGE': 1.0, 'GEOM_MAXITER': 500, 'SCF__GUESS': 'READ', 'GUESS': 'SAP', 'MAXITER': 500, 'REFERENCE': 'UKS', 'function_kwargs': {}}
2025-07-17:12:52:00,850 INFO     [psi4.driver.driver:636] Compute gradient(): method=b3lyp, basis=cc-pvdz, molecule=default, nre=13.937997705132886
2025-07-17:12:52:01,968 INFO     [psi4.driver.driver:639] Return gradient(): -207.1410637604585
2025-07-17:12:52:01,968 INFO     [psi4.driver.driver:640] [[ 0.00000000  0.00000000 -0.32870615]
 [ 0.00000000  0.00000000  0.32865396]]
2025-07-17:12:52:01,970 INFO     [psi4.optking.history:257] 	Performing BFGS update.
2025-07-17:12:52:01,970 INFO     [psi4.optking.history:268] 	Using 2 previous steps for update.
2025-07-17:12:52:01,970 INFO     [psi4.optking.history:302] 	Steps to be used in Hessian update:  2 1

2025-07-17:12:52:01,970 INFO     [psi4.optking.history:400] 	Updated Hessian (in au) 
 	   0.574834

2025-07-17:12:52:01,970 INFO     [psi4.optking.molsys:874] Projected (PHP) Hessian matrix
	   0.574834

2025-07-17:12:52:01,970 INFO     [psi4.optking.opt_helper:168] 
	         Geometry (au)                                       Gradient (au)
   0.0000000000   0.0000000000   1.9983256114		   0.0000000000   0.0000000000  -0.3287061531
   0.0000000000   0.0000000000  -0.5845417963		   0.0000000000   0.0000000000   0.3286539558

2025-07-17:12:52:01,970 INFO     [psi4.optking.stepAlgorithms:315] 	Current Step Report 
 
	Current energy:      -207.1410637605
	Energy change for the previous step:
		Actual       :        -0.0727232342
		Projected    :        -0.0413478491

2025-07-17:12:52:01,970 INFO     [psi4.optking.stepAlgorithms:318] 	Energy ratio =    1.75882
2025-07-17:12:52:01,970 INFO     [psi4.optking.stepAlgorithms:750] 	Using RFO solution 1.
2025-07-17:12:52:01,970 INFO     [psi4.optking.displace:73] 	Determining Cartesian step for fragment 1.
2025-07-17:12:52:01,970 INFO     [psi4.optking.displace:378] 	Successfully converged to displaced geometry.
2025-07-17:12:52:01,970 INFO     [psi4.optking.displace:379] 	RMS(dx):  0.000e+00 	Max(dx):  0.000e+00 	RMS(dq):  0.000e+00
2025-07-17:12:52:01,971 INFO     [psi4.optking.displace:132] 

	        --- Internal Coordinate Step in ANG or DEG, aJ/ANG or AJ/DEG ---
	-------------------------------------------------------------------------------
	           Coordinate      Previous         Force          Change          New 
	           ----------      --------        ------          ------        ------
	               R(1,2)       1.36679        2.70790        0.24022       1.60702
	-------------------------------------------------------------------------------

2025-07-17:12:52:01,971 INFO     [psi4.optking.stepAlgorithms:96] 	|target step| :    0.4539530661
2025-07-17:12:52:01,971 INFO     [psi4.optking.stepAlgorithms:97] 	gradient     :   -0.3286800544
2025-07-17:12:52:01,971 INFO     [psi4.optking.stepAlgorithms:98] 	hessian      :    0.5748344094
2025-07-17:12:52:01,971 INFO     [psi4.optking.stepAlgorithms:177] 	Norm of achieved step-size    0.4539530661
2025-07-17:12:52:01,971 INFO     [psi4.optking.stepAlgorithms:179] 	Norm of achieved step-size (cart):    0.3209932914
2025-07-17:12:52:01,971 INFO     [psi4.optking.opt_helper:151] Molsys:

	                            ===> Fragment 1 <== 

	 Z (Atomic Numbers)          Masses                          Geom                  
	       3.000000             7.016003          0.00000000  0.00000000  2.22530214   
	      12.000000            23.985042          0.00000000  0.00000000 -0.81151833   

	 - Coordinate -           - BOHR/RAD -       - ANG/DEG -
	 R(1,2)           =         3.036820           1.607016

2025-07-17:12:52:01,971 INFO     [psi4.optking.convcheck:71] Performing convergence check.
2025-07-17:12:52:01,971 INFO     [psi4.optking.convcheck:263] 
	                                 ==> Convergence Check <==                                  
    
	Measures of convergence in internal coordinates in au.
    
	Criteria marked as inactive (o), active & met (*), and active & unmet ( ).

	----------------------------------------------------------------------------------------------
	   Step    Total Energy     Delta E     Max Force     RMS Force      Max Disp      RMS Disp   
	----------------------------------------------------------------------------------------------
	  Convergence Criteria     1.00e-06 *    3.00e-04 *             o    1.20e-03 *             o
	----------------------------------------------------------------------------------------------
	     3    -207.14106376   -7.27e-02      3.29e-01      3.29e-01 o    4.54e-01      4.54e-01 o  ~
	----------------------------------------------------------------------------------------------


2025-07-17:12:52:01,971 INFO     [psi4.optking.stepAlgorithms:266] 	Convergence check returned False
2025-07-17:12:52:01,987 INFO     [psi4.driver.task_planner:285] PLANNING Atomic:  keywords={'DAMPING_PERCENTAGE': 1.0, 'GEOM_MAXITER': 500, 'SCF__GUESS': 'READ', 'GUESS': 'SAP', 'MAXITER': 500, 'REFERENCE': 'UKS', 'function_kwargs': {}}
2025-07-17:12:52:01,988 INFO     [psi4.driver.driver:636] Compute gradient(): method=b3lyp, basis=cc-pvdz, molecule=default, nre=11.854503850830294
2025-07-17:12:52:03,150 INFO     [psi4.driver.driver:639] Return gradient(): -207.25818859712314
2025-07-17:12:52:03,150 INFO     [psi4.driver.driver:640] [[ 0.00000000 -0.00000000 -0.20032882]
 [ 0.00000000 -0.00000000  0.20034029]]
2025-07-17:12:52:03,152 INFO     [psi4.optking.history:257] 	Performing BFGS update.
2025-07-17:12:52:03,152 INFO     [psi4.optking.history:268] 	Using 3 previous steps for update.
2025-07-17:12:52:03,152 WARNING  [psi4.optking.history:286] 	Change in internal coordinate of 6.49e-01 exceeds limit of 5.00e-01.
2025-07-17:12:52:03,152 WARNING  [psi4.optking.history:291] 	Skipping Hessian update for step 2.
2025-07-17:12:52:03,152 WARNING  [psi4.optking.history:286] 	Change in internal coordinate of 7.69e-01 exceeds limit of 5.00e-01.
2025-07-17:12:52:03,152 WARNING  [psi4.optking.history:291] 	Skipping Hessian update for step 1.
2025-07-17:12:52:03,152 INFO     [psi4.optking.history:302] 	Steps to be used in Hessian update:  3

2025-07-17:12:52:03,152 INFO     [psi4.optking.history:400] 	Updated Hessian (in au) 
 	   0.282729

2025-07-17:12:52:03,152 INFO     [psi4.optking.molsys:874] Projected (PHP) Hessian matrix
	   0.282729

2025-07-17:12:52:03,152 INFO     [psi4.optking.opt_helper:168] 
	         Geometry (au)                                       Gradient (au)
   0.0000000000   0.0000000000   2.3495422614		   0.0000000000  -0.0000000000  -0.2003288249
   0.0000000000   0.0000000000  -0.6872782123		   0.0000000000  -0.0000000000   0.2003402916

2025-07-17:12:52:03,152 INFO     [psi4.optking.stepAlgorithms:315] 	Current Step Report 
 
	Current energy:      -207.2581885971
	Energy change for the previous step:
		Actual       :        -0.1171248367
		Projected    :        -0.0746026592

2025-07-17:12:52:03,152 INFO     [psi4.optking.stepAlgorithms:318] 	Energy ratio =    1.56998
2025-07-17:12:52:03,152 INFO     [psi4.optking.stepAlgorithms:750] 	Using RFO solution 1.
2025-07-17:12:52:03,152 INFO     [psi4.optking.displace:73] 	Determining Cartesian step for fragment 1.
2025-07-17:12:52:03,153 INFO     [psi4.optking.displace:378] 	Successfully converged to displaced geometry.
2025-07-17:12:52:03,153 INFO     [psi4.optking.displace:379] 	RMS(dx):  0.000e+00 	Max(dx):  0.000e+00 	RMS(dq):  0.000e+00
2025-07-17:12:52:03,153 INFO     [psi4.optking.displace:132] 

	        --- Internal Coordinate Step in ANG or DEG, aJ/ANG or AJ/DEG ---
	-------------------------------------------------------------------------------
	           Coordinate      Previous         Force          Change          New 
	           ----------      --------        ------          ------        ------
	               R(1,2)       1.60702        1.65050        0.27425       1.88127
	-------------------------------------------------------------------------------

2025-07-17:12:52:03,153 INFO     [psi4.optking.stepAlgorithms:96] 	|target step| :    0.5182581844
2025-07-17:12:52:03,153 INFO     [psi4.optking.stepAlgorithms:97] 	gradient     :   -0.2003345582
2025-07-17:12:52:03,153 INFO     [psi4.optking.stepAlgorithms:98] 	hessian      :    0.2827285589
2025-07-17:12:52:03,153 INFO     [psi4.optking.stepAlgorithms:177] 	Norm of achieved step-size    0.5182581844
2025-07-17:12:52:03,153 INFO     [psi4.optking.stepAlgorithms:179] 	Norm of achieved step-size (cart):    0.3664638766
2025-07-17:12:52:03,153 INFO     [psi4.optking.opt_helper:151] Molsys:

	                            ===> Fragment 1 <== 

	 Z (Atomic Numbers)          Masses                          Geom                  
	       3.000000             7.016003          0.00000000  0.00000000  2.60867135   
	      12.000000            23.985042          0.00000000  0.00000000 -0.94640730   

	 - Coordinate -           - BOHR/RAD -       - ANG/DEG -
	 R(1,2)           =         3.555079           1.881267

2025-07-17:12:52:03,153 INFO     [psi4.optking.convcheck:71] Performing convergence check.
2025-07-17:12:52:03,153 INFO     [psi4.optking.convcheck:263] 
	                                 ==> Convergence Check <==                                  
    
	Measures of convergence in internal coordinates in au.
    
	Criteria marked as inactive (o), active & met (*), and active & unmet ( ).

	----------------------------------------------------------------------------------------------
	   Step    Total Energy     Delta E     Max Force     RMS Force      Max Disp      RMS Disp   
	----------------------------------------------------------------------------------------------
	  Convergence Criteria     1.00e-06 *    3.00e-04 *             o    1.20e-03 *             o
	----------------------------------------------------------------------------------------------
	     4    -207.25818860   -1.17e-01      2.00e-01      2.00e-01 o    5.18e-01      5.18e-01 o  ~
	----------------------------------------------------------------------------------------------


2025-07-17:12:52:03,153 INFO     [psi4.optking.stepAlgorithms:266] 	Convergence check returned False
2025-07-17:12:52:03,173 INFO     [psi4.driver.task_planner:285] PLANNING Atomic:  keywords={'DAMPING_PERCENTAGE': 1.0, 'GEOM_MAXITER': 500, 'SCF__GUESS': 'READ', 'GUESS': 'SAP', 'MAXITER': 500, 'REFERENCE': 'UKS', 'function_kwargs': {}}
2025-07-17:12:52:03,174 INFO     [psi4.driver.driver:636] Compute gradient(): method=b3lyp, basis=cc-pvdz, molecule=default, nre=10.126358222215284
2025-07-17:12:52:04,249 INFO     [psi4.driver.driver:639] Return gradient(): -207.33717957868205
2025-07-17:12:52:04,250 INFO     [psi4.driver.driver:640] [[ 0.00000000 -0.00000000 -0.11107085]
 [ 0.00000000  0.00000000  0.11107031]]
2025-07-17:12:52:04,251 INFO     [psi4.optking.history:257] 	Performing BFGS update.
2025-07-17:12:52:04,251 INFO     [psi4.optking.history:268] 	Using 4 previous steps for update.
2025-07-17:12:52:04,251 WARNING  [psi4.optking.history:286] 	Change in internal coordinate of 5.18e-01 exceeds limit of 5.00e-01.
2025-07-17:12:52:04,251 WARNING  [psi4.optking.history:291] 	Skipping Hessian update for step 4.
2025-07-17:12:52:04,251 WARNING  [psi4.optking.history:286] 	Change in internal coordinate of 9.72e-01 exceeds limit of 5.00e-01.
2025-07-17:12:52:04,251 WARNING  [psi4.optking.history:291] 	Skipping Hessian update for step 3.
2025-07-17:12:52:04,251 WARNING  [psi4.optking.history:286] 	Change in internal coordinate of 1.17e+00 exceeds limit of 5.00e-01.
2025-07-17:12:52:04,251 WARNING  [psi4.optking.history:291] 	Skipping Hessian update for step 2.
2025-07-17:12:52:04,251 INFO     [psi4.optking.history:302] 	Steps to be used in Hessian update:  1

2025-07-17:12:52:04,251 INFO     [psi4.optking.history:400] 	Updated Hessian (in au) 
 	   0.309766

2025-07-17:12:52:04,251 INFO     [psi4.optking.molsys:874] Projected (PHP) Hessian matrix
	   0.309766

2025-07-17:12:52:04,251 INFO     [psi4.optking.opt_helper:168] 
	         Geometry (au)                                       Gradient (au)
   0.0000000000   0.0000000000   2.7505108129		   0.0000000000  -0.0000000000  -0.1110708461
   0.0000000000   0.0000000000  -0.8045678452		   0.0000000000   0.0000000000   0.1110703137

2025-07-17:12:52:04,251 INFO     [psi4.optking.stepAlgorithms:315] 	Current Step Report 
 
	Current energy:      -207.3371795787
	Energy change for the previous step:
		Actual       :        -0.0789909816
		Projected    :        -0.0519125122

2025-07-17:12:52:04,251 INFO     [psi4.optking.stepAlgorithms:318] 	Energy ratio =    1.52162
2025-07-17:12:52:04,251 INFO     [psi4.optking.stepAlgorithms:750] 	Using RFO solution 1.
2025-07-17:12:52:04,252 INFO     [psi4.optking.displace:73] 	Determining Cartesian step for fragment 1.
2025-07-17:12:52:04,252 INFO     [psi4.optking.displace:378] 	Successfully converged to displaced geometry.
2025-07-17:12:52:04,252 INFO     [psi4.optking.displace:379] 	RMS(dx):  0.000e+00 	Max(dx):  0.000e+00 	RMS(dq):  0.000e+00
2025-07-17:12:52:04,252 INFO     [psi4.optking.displace:132] 

	        --- Internal Coordinate Step in ANG or DEG, aJ/ANG or AJ/DEG ---
	-------------------------------------------------------------------------------
	           Coordinate      Previous         Force          Change          New 
	           ----------      --------        ------          ------        ------
	               R(1,2)       1.88127        0.91508        0.17013       2.05140
	-------------------------------------------------------------------------------

2025-07-17:12:52:04,252 INFO     [psi4.optking.stepAlgorithms:96] 	|target step| :    0.3215008012
2025-07-17:12:52:04,252 INFO     [psi4.optking.stepAlgorithms:97] 	gradient     :   -0.1110705799
2025-07-17:12:52:04,252 INFO     [psi4.optking.stepAlgorithms:98] 	hessian      :    0.3097660014
2025-07-17:12:52:04,252 INFO     [psi4.optking.stepAlgorithms:177] 	Norm of achieved step-size    0.3215008012
2025-07-17:12:52:04,252 INFO     [psi4.optking.stepAlgorithms:179] 	Norm of achieved step-size (cart):    0.2273353967
2025-07-17:12:52:04,252 INFO     [psi4.optking.opt_helper:151] Molsys:

	                            ===> Fragment 1 <== 

	 Z (Atomic Numbers)          Masses                          Geom                  
	       3.000000             7.016003          0.00000000  0.00000000  2.91126121   
	      12.000000            23.985042          0.00000000  0.00000000 -0.96531825   

	 - Coordinate -           - BOHR/RAD -       - ANG/DEG -
	 R(1,2)           =         3.876579           2.051398

2025-07-17:12:52:04,252 INFO     [psi4.optking.convcheck:71] Performing convergence check.
2025-07-17:12:52:04,252 INFO     [psi4.optking.convcheck:263] 
	                                 ==> Convergence Check <==                                  
    
	Measures of convergence in internal coordinates in au.
    
	Criteria marked as inactive (o), active & met (*), and active & unmet ( ).

	----------------------------------------------------------------------------------------------
	   Step    Total Energy     Delta E     Max Force     RMS Force      Max Disp      RMS Disp   
	----------------------------------------------------------------------------------------------
	  Convergence Criteria     1.00e-06 *    3.00e-04 *             o    1.20e-03 *             o
	----------------------------------------------------------------------------------------------
	     5    -207.33717958   -7.90e-02      1.11e-01      1.11e-01 o    3.22e-01      3.22e-01 o  ~
	----------------------------------------------------------------------------------------------


2025-07-17:12:52:04,252 INFO     [psi4.optking.stepAlgorithms:266] 	Convergence check returned False
2025-07-17:12:52:04,269 INFO     [psi4.driver.task_planner:285] PLANNING Atomic:  keywords={'DAMPING_PERCENTAGE': 1.0, 'GEOM_MAXITER': 500, 'SCF__GUESS': 'READ', 'GUESS': 'SAP', 'MAXITER': 500, 'REFERENCE': 'UKS', 'function_kwargs': {}}
2025-07-17:12:52:04,270 INFO     [psi4.driver.driver:636] Compute gradient(): method=b3lyp, basis=cc-pvdz, molecule=default, nre=9.286537365694855
2025-07-17:12:52:05,408 INFO     [psi4.driver.driver:639] Return gradient(): -207.3665067675058
2025-07-17:12:52:05,409 INFO     [psi4.driver.driver:640] [[ 0.00000000  0.00000000 -0.07333779]
 [-0.00000000  0.00000000  0.07333331]]
2025-07-17:12:52:05,411 INFO     [psi4.optking.history:257] 	Performing BFGS update.
2025-07-17:12:52:05,411 INFO     [psi4.optking.history:268] 	Using 4 previous steps for update.
2025-07-17:12:52:05,411 WARNING  [psi4.optking.history:286] 	Change in internal coordinate of 8.40e-01 exceeds limit of 5.00e-01.
2025-07-17:12:52:05,411 WARNING  [psi4.optking.history:291] 	Skipping Hessian update for step 4.
2025-07-17:12:52:05,411 WARNING  [psi4.optking.history:286] 	Change in internal coordinate of 1.29e+00 exceeds limit of 5.00e-01.
2025-07-17:12:52:05,411 WARNING  [psi4.optking.history:291] 	Skipping Hessian update for step 3.
2025-07-17:12:52:05,412 WARNING  [psi4.optking.history:286] 	Change in internal coordinate of 1.49e+00 exceeds limit of 5.00e-01.
2025-07-17:12:52:05,412 WARNING  [psi4.optking.history:291] 	Skipping Hessian update for step 2.
2025-07-17:12:52:05,412 WARNING  [psi4.optking.history:286] 	Change in internal coordinate of 1.61e+00 exceeds limit of 5.00e-01.
2025-07-17:12:52:05,412 WARNING  [psi4.optking.history:291] 	Skipping Hessian update for step 1.
2025-07-17:12:52:05,412 INFO     [psi4.optking.history:302] 	Steps to be used in Hessian update:  5

2025-07-17:12:52:05,412 INFO     [psi4.optking.history:400] 	Updated Hessian (in au) 
 	   0.117371

2025-07-17:12:52:05,412 INFO     [psi4.optking.molsys:874] Projected (PHP) Hessian matrix
	   0.117371

2025-07-17:12:52:05,412 INFO     [psi4.optking.opt_helper:168] 
	         Geometry (au)                                       Gradient (au)
   0.0000000000   0.0000000000   2.9992511405		   0.0000000000   0.0000000000  -0.0733377932
   0.0000000000   0.0000000000  -0.8773283188		  -0.0000000000   0.0000000000   0.0733333097

2025-07-17:12:52:05,412 INFO     [psi4.optking.stepAlgorithms:315] 	Current Step Report 
 
	Current energy:      -207.3665067675
	Energy change for the previous step:
		Actual       :        -0.0293271888
		Projected    :        -0.0178546402

2025-07-17:12:52:05,412 INFO     [psi4.optking.stepAlgorithms:318] 	Energy ratio =    1.64255
2025-07-17:12:52:05,413 INFO     [psi4.optking.stepAlgorithms:750] 	Using RFO solution 1.
2025-07-17:12:52:05,413 INFO     [psi4.optking.displace:73] 	Determining Cartesian step for fragment 1.
2025-07-17:12:52:05,413 INFO     [psi4.optking.displace:378] 	Successfully converged to displaced geometry.
2025-07-17:12:52:05,413 INFO     [psi4.optking.displace:379] 	RMS(dx):  0.000e+00 	Max(dx):  0.000e+00 	RMS(dq):  0.000e+00
2025-07-17:12:52:05,413 INFO     [psi4.optking.displace:132] 

	        --- Internal Coordinate Step in ANG or DEG, aJ/ANG or AJ/DEG ---
	-------------------------------------------------------------------------------
	           Coordinate      Previous         Force          Change          New 
	           ----------      --------        ------          ------        ------
	               R(1,2)       2.05140        0.60419        0.25429       2.30569
	-------------------------------------------------------------------------------

2025-07-17:12:52:05,413 INFO     [psi4.optking.stepAlgorithms:96] 	|target step| :    0.4805363030
2025-07-17:12:52:05,413 INFO     [psi4.optking.stepAlgorithms:97] 	gradient     :   -0.0733355515
2025-07-17:12:52:05,413 INFO     [psi4.optking.stepAlgorithms:98] 	hessian      :    0.1173714912
2025-07-17:12:52:05,413 INFO     [psi4.optking.stepAlgorithms:177] 	Norm of achieved step-size    0.4805363030
2025-07-17:12:52:05,414 INFO     [psi4.optking.stepAlgorithms:179] 	Norm of achieved step-size (cart):    0.3397904784
2025-07-17:12:52:05,414 INFO     [psi4.optking.opt_helper:151] Molsys:

	                            ===> Fragment 1 <== 

	 Z (Atomic Numbers)          Masses                          Geom                  
	       3.000000             7.016003          0.00000000  0.00000000  3.23951929   
	      12.000000            23.985042          0.00000000  0.00000000 -1.11759647   

	 - Coordinate -           - BOHR/RAD -       - ANG/DEG -
	 R(1,2)           =         4.357116           2.305686

2025-07-17:12:52:05,414 INFO     [psi4.optking.convcheck:71] Performing convergence check.
2025-07-17:12:52:05,414 INFO     [psi4.optking.convcheck:263] 
	                                 ==> Convergence Check <==                                  
    
	Measures of convergence in internal coordinates in au.
    
	Criteria marked as inactive (o), active & met (*), and active & unmet ( ).

	----------------------------------------------------------------------------------------------
	   Step    Total Energy     Delta E     Max Force     RMS Force      Max Disp      RMS Disp   
	----------------------------------------------------------------------------------------------
	  Convergence Criteria     1.00e-06 *    3.00e-04 *             o    1.20e-03 *             o
	----------------------------------------------------------------------------------------------
	     6    -207.36650677   -2.93e-02      7.33e-02      7.33e-02 o    4.81e-01      4.81e-01 o  ~
	----------------------------------------------------------------------------------------------


2025-07-17:12:52:05,414 INFO     [psi4.optking.stepAlgorithms:266] 	Convergence check returned False
2025-07-17:12:52:05,431 INFO     [psi4.driver.task_planner:285] PLANNING Atomic:  keywords={'DAMPING_PERCENTAGE': 1.0, 'GEOM_MAXITER': 500, 'SCF__GUESS': 'READ', 'GUESS': 'SAP', 'MAXITER': 500, 'REFERENCE': 'UKS', 'function_kwargs': {}}
2025-07-17:12:52:05,433 INFO     [psi4.driver.driver:636] Compute gradient(): method=b3lyp, basis=cc-pvdz, molecule=default, nre=8.262346461289411
2025-07-17:12:52:06,557 INFO     [psi4.driver.driver:639] Return gradient(): -207.39197292319028
2025-07-17:12:52:06,557 INFO     [psi4.driver.driver:640] [[ 0.00000000  0.00000000 -0.03588471]
 [-0.00000000  0.00000000  0.03587629]]
2025-07-17:12:52:06,562 INFO     [psi4.optking.history:257] 	Performing BFGS update.
2025-07-17:12:52:06,562 INFO     [psi4.optking.history:268] 	Using 4 previous steps for update.
2025-07-17:12:52:06,562 WARNING  [psi4.optking.history:286] 	Change in internal coordinate of 8.02e-01 exceeds limit of 5.00e-01.
2025-07-17:12:52:06,562 WARNING  [psi4.optking.history:291] 	Skipping Hessian update for step 5.
2025-07-17:12:52:06,562 WARNING  [psi4.optking.history:286] 	Change in internal coordinate of 1.32e+00 exceeds limit of 5.00e-01.
2025-07-17:12:52:06,562 WARNING  [psi4.optking.history:291] 	Skipping Hessian update for step 4.
2025-07-17:12:52:06,563 WARNING  [psi4.optking.history:286] 	Change in internal coordinate of 1.77e+00 exceeds limit of 5.00e-01.
2025-07-17:12:52:06,563 WARNING  [psi4.optking.history:291] 	Skipping Hessian update for step 3.
2025-07-17:12:52:06,563 WARNING  [psi4.optking.history:286] 	Change in internal coordinate of 1.97e+00 exceeds limit of 5.00e-01.
2025-07-17:12:52:06,563 WARNING  [psi4.optking.history:291] 	Skipping Hessian update for step 2.
2025-07-17:12:52:06,563 WARNING  [psi4.optking.history:286] 	Change in internal coordinate of 2.09e+00 exceeds limit of 5.00e-01.
2025-07-17:12:52:06,563 WARNING  [psi4.optking.history:291] 	Skipping Hessian update for step 1.
2025-07-17:12:52:06,563 INFO     [psi4.optking.history:302] 	Steps to be used in Hessian update:  6

2025-07-17:12:52:06,563 INFO     [psi4.optking.history:400] 	Updated Hessian (in au) 
 	   0.077944

2025-07-17:12:52:06,563 INFO     [psi4.optking.molsys:874] Projected (PHP) Hessian matrix
	   0.077944

2025-07-17:12:52:06,563 INFO     [psi4.optking.opt_helper:168] 
	         Geometry (au)                                       Gradient (au)
   0.0000000000   0.0000000000   3.3710348405		   0.0000000000   0.0000000000  -0.0358847142
   0.0000000000   0.0000000000  -0.9860809218		  -0.0000000000   0.0000000000   0.0358762924

2025-07-17:12:52:06,564 INFO     [psi4.optking.stepAlgorithms:315] 	Current Step Report 
 
	Current energy:      -207.3919729232
	Energy change for the previous step:
		Actual       :        -0.0254661557
		Projected    :        -0.0176201974

2025-07-17:12:52:06,564 INFO     [psi4.optking.stepAlgorithms:318] 	Energy ratio =    1.44528
2025-07-17:12:52:06,564 INFO     [psi4.optking.stepAlgorithms:750] 	Using RFO solution 1.
2025-07-17:12:52:06,564 INFO     [psi4.optking.displace:73] 	Determining Cartesian step for fragment 1.
2025-07-17:12:52:06,564 INFO     [psi4.optking.displace:378] 	Successfully converged to displaced geometry.
2025-07-17:12:52:06,564 INFO     [psi4.optking.displace:379] 	RMS(dx):  0.000e+00 	Max(dx):  0.000e+00 	RMS(dq):  0.000e+00
2025-07-17:12:52:06,564 INFO     [psi4.optking.displace:132] 

	        --- Internal Coordinate Step in ANG or DEG, aJ/ANG or AJ/DEG ---
	-------------------------------------------------------------------------------
	           Coordinate      Previous         Force          Change          New 
	           ----------      --------        ------          ------        ------
	               R(1,2)       2.30569        0.29561        0.20650       2.51219
	-------------------------------------------------------------------------------

2025-07-17:12:52:06,565 INFO     [psi4.optking.stepAlgorithms:96] 	|target step| :    0.3902342472
2025-07-17:12:52:06,565 INFO     [psi4.optking.stepAlgorithms:97] 	gradient     :   -0.0358805033
2025-07-17:12:52:06,565 INFO     [psi4.optking.stepAlgorithms:98] 	hessian      :    0.0779442634
2025-07-17:12:52:06,565 INFO     [psi4.optking.stepAlgorithms:177] 	Norm of achieved step-size    0.3902342472
2025-07-17:12:52:06,565 INFO     [psi4.optking.stepAlgorithms:179] 	Norm of achieved step-size (cart):    0.2759372825
2025-07-17:12:52:06,565 INFO     [psi4.optking.opt_helper:151] Molsys:

	                            ===> Fragment 1 <== 

	 Z (Atomic Numbers)          Masses                          Geom                  
	       3.000000             7.016003          0.00000000  0.00000000  3.56615196   
	      12.000000            23.985042          0.00000000  0.00000000 -1.18119805   

	 - Coordinate -           - BOHR/RAD -       - ANG/DEG -
	 R(1,2)           =         4.747350           2.512189

2025-07-17:12:52:06,566 INFO     [psi4.optking.convcheck:71] Performing convergence check.
2025-07-17:12:52:06,566 INFO     [psi4.optking.convcheck:263] 
	                                 ==> Convergence Check <==                                  
    
	Measures of convergence in internal coordinates in au.
    
	Criteria marked as inactive (o), active & met (*), and active & unmet ( ).

	----------------------------------------------------------------------------------------------
	   Step    Total Energy     Delta E     Max Force     RMS Force      Max Disp      RMS Disp   
	----------------------------------------------------------------------------------------------
	  Convergence Criteria     1.00e-06 *    3.00e-04 *             o    1.20e-03 *             o
	----------------------------------------------------------------------------------------------
	     7    -207.39197292   -2.55e-02      3.59e-02      3.59e-02 o    3.90e-01      3.90e-01 o  ~
	----------------------------------------------------------------------------------------------


2025-07-17:12:52:06,566 INFO     [psi4.optking.stepAlgorithms:266] 	Convergence check returned False
2025-07-17:12:52:06,588 INFO     [psi4.driver.task_planner:285] PLANNING Atomic:  keywords={'DAMPING_PERCENTAGE': 1.0, 'GEOM_MAXITER': 500, 'SCF__GUESS': 'READ', 'GUESS': 'SAP', 'MAXITER': 500, 'REFERENCE': 'UKS', 'function_kwargs': {}}
2025-07-17:12:52:06,589 INFO     [psi4.driver.driver:636] Compute gradient(): method=b3lyp, basis=cc-pvdz, molecule=default, nre=7.583177968269877
2025-07-17:12:52:07,514 INFO     [psi4.driver.driver:639] Return gradient(): -207.40209071357827
2025-07-17:12:52:07,515 INFO     [psi4.driver.driver:640] [[-0.00000000  0.00000000 -0.01740509]
 [ 0.00000000  0.00000000  0.01739953]]
2025-07-17:12:52:07,521 INFO     [psi4.optking.history:257] 	Performing BFGS update.
2025-07-17:12:52:07,521 INFO     [psi4.optking.history:268] 	Using 4 previous steps for update.
2025-07-17:12:52:07,521 WARNING  [psi4.optking.history:286] 	Change in internal coordinate of 8.71e-01 exceeds limit of 5.00e-01.
2025-07-17:12:52:07,521 WARNING  [psi4.optking.history:291] 	Skipping Hessian update for step 6.
2025-07-17:12:52:07,521 WARNING  [psi4.optking.history:286] 	Change in internal coordinate of 1.19e+00 exceeds limit of 5.00e-01.
2025-07-17:12:52:07,521 WARNING  [psi4.optking.history:291] 	Skipping Hessian update for step 5.
2025-07-17:12:52:07,521 WARNING  [psi4.optking.history:286] 	Change in internal coordinate of 1.71e+00 exceeds limit of 5.00e-01.
2025-07-17:12:52:07,521 WARNING  [psi4.optking.history:291] 	Skipping Hessian update for step 4.
2025-07-17:12:52:07,521 WARNING  [psi4.optking.history:286] 	Change in internal coordinate of 2.16e+00 exceeds limit of 5.00e-01.
2025-07-17:12:52:07,521 WARNING  [psi4.optking.history:291] 	Skipping Hessian update for step 3.
2025-07-17:12:52:07,521 WARNING  [psi4.optking.history:286] 	Change in internal coordinate of 2.36e+00 exceeds limit of 5.00e-01.
2025-07-17:12:52:07,521 WARNING  [psi4.optking.history:291] 	Skipping Hessian update for step 2.
2025-07-17:12:52:07,521 WARNING  [psi4.optking.history:286] 	Change in internal coordinate of 2.48e+00 exceeds limit of 5.00e-01.
2025-07-17:12:52:07,522 WARNING  [psi4.optking.history:291] 	Skipping Hessian update for step 1.
2025-07-17:12:52:07,522 INFO     [psi4.optking.history:302] 	Steps to be used in Hessian update:  7

2025-07-17:12:52:07,522 INFO     [psi4.optking.history:400] 	Updated Hessian (in au) 
 	   0.047352

2025-07-17:12:52:07,522 INFO     [psi4.optking.molsys:874] Projected (PHP) Hessian matrix
	   0.047352

2025-07-17:12:52:07,522 INFO     [psi4.optking.opt_helper:168] 
	         Geometry (au)                                       Gradient (au)
   0.0000000000   0.0000000000   3.6729532001		  -0.0000000000   0.0000000000  -0.0174050890
   0.0000000000   0.0000000000  -1.0743968095		   0.0000000000   0.0000000000   0.0173995257

2025-07-17:12:52:07,522 INFO     [psi4.optking.stepAlgorithms:315] 	Current Step Report 
 
	Current energy:      -207.4020907136
	Energy change for the previous step:
		Actual       :        -0.0101177904
		Projected    :        -0.0070009006

2025-07-17:12:52:07,522 INFO     [psi4.optking.stepAlgorithms:318] 	Energy ratio =    1.44521
2025-07-17:12:52:07,522 INFO     [psi4.optking.stepAlgorithms:750] 	Using RFO solution 1.
2025-07-17:12:52:07,522 INFO     [psi4.optking.displace:73] 	Determining Cartesian step for fragment 1.
2025-07-17:12:52:07,522 INFO     [psi4.optking.displace:378] 	Successfully converged to displaced geometry.
2025-07-17:12:52:07,522 INFO     [psi4.optking.displace:379] 	RMS(dx):  0.000e+00 	Max(dx):  0.000e+00 	RMS(dq):  0.000e+00
2025-07-17:12:52:07,522 INFO     [psi4.optking.displace:132] 

	        --- Internal Coordinate Step in ANG or DEG, aJ/ANG or AJ/DEG ---
	-------------------------------------------------------------------------------
	           Coordinate      Previous         Force          Change          New 
	           ----------      --------        ------          ------        ------
	               R(1,2)       2.51219        0.14337        0.17356       2.68575
	-------------------------------------------------------------------------------

2025-07-17:12:52:07,522 INFO     [psi4.optking.stepAlgorithms:96] 	|target step| :    0.3279794034
2025-07-17:12:52:07,522 INFO     [psi4.optking.stepAlgorithms:97] 	gradient     :   -0.0174023074
2025-07-17:12:52:07,522 INFO     [psi4.optking.stepAlgorithms:98] 	hessian      :    0.0473515486
2025-07-17:12:52:07,522 INFO     [psi4.optking.stepAlgorithms:177] 	Norm of achieved step-size    0.3279794034
2025-07-17:12:52:07,522 INFO     [psi4.optking.stepAlgorithms:179] 	Norm of achieved step-size (cart):    0.2319164603
2025-07-17:12:52:07,523 INFO     [psi4.optking.opt_helper:151] Molsys:

	                            ===> Fragment 1 <== 

	 Z (Atomic Numbers)          Masses                          Geom                  
	       3.000000             7.016003          0.00000000  0.00000000  3.83694290   
	      12.000000            23.985042          0.00000000  0.00000000 -1.23838651   

	 - Coordinate -           - BOHR/RAD -       - ANG/DEG -
	 R(1,2)           =         5.075329           2.685749

2025-07-17:12:52:07,523 INFO     [psi4.optking.convcheck:71] Performing convergence check.
2025-07-17:12:52:07,523 INFO     [psi4.optking.convcheck:263] 
	                                 ==> Convergence Check <==                                  
    
	Measures of convergence in internal coordinates in au.
    
	Criteria marked as inactive (o), active & met (*), and active & unmet ( ).

	----------------------------------------------------------------------------------------------
	   Step    Total Energy     Delta E     Max Force     RMS Force      Max Disp      RMS Disp   
	----------------------------------------------------------------------------------------------
	  Convergence Criteria     1.00e-06 *    3.00e-04 *             o    1.20e-03 *             o
	----------------------------------------------------------------------------------------------
	     8    -207.40209071   -1.01e-02      1.74e-02      1.74e-02 o    3.28e-01      3.28e-01 o  ~
	----------------------------------------------------------------------------------------------


2025-07-17:12:52:07,523 INFO     [psi4.optking.stepAlgorithms:266] 	Convergence check returned False
2025-07-17:12:52:07,542 INFO     [psi4.driver.task_planner:285] PLANNING Atomic:  keywords={'DAMPING_PERCENTAGE': 1.0, 'GEOM_MAXITER': 500, 'SCF__GUESS': 'READ', 'GUESS': 'SAP', 'MAXITER': 500, 'REFERENCE': 'UKS', 'function_kwargs': {}}
2025-07-17:12:52:07,544 INFO     [psi4.driver.driver:636] Compute gradient(): method=b3lyp, basis=cc-pvdz, molecule=default, nre=7.093135651040877
2025-07-17:12:52:08,501 INFO     [psi4.driver.driver:639] Return gradient(): -207.40605787875256
2025-07-17:12:52:08,501 INFO     [psi4.driver.driver:640] [[ 0.00000000  0.00000000 -0.00748482]
 [ 0.00000000  0.00000000  0.00748243]]
2025-07-17:12:52:08,503 INFO     [psi4.optking.history:257] 	Performing BFGS update.
2025-07-17:12:52:08,503 INFO     [psi4.optking.history:268] 	Using 4 previous steps for update.
2025-07-17:12:52:08,503 WARNING  [psi4.optking.history:286] 	Change in internal coordinate of 7.18e-01 exceeds limit of 5.00e-01.
2025-07-17:12:52:08,503 WARNING  [psi4.optking.history:291] 	Skipping Hessian update for step 7.
2025-07-17:12:52:08,503 WARNING  [psi4.optking.history:286] 	Change in internal coordinate of 1.20e+00 exceeds limit of 5.00e-01.
2025-07-17:12:52:08,503 WARNING  [psi4.optking.history:291] 	Skipping Hessian update for step 6.
2025-07-17:12:52:08,503 WARNING  [psi4.optking.history:286] 	Change in internal coordinate of 1.52e+00 exceeds limit of 5.00e-01.
2025-07-17:12:52:08,503 WARNING  [psi4.optking.history:291] 	Skipping Hessian update for step 5.
2025-07-17:12:52:08,503 WARNING  [psi4.optking.history:286] 	Change in internal coordinate of 2.04e+00 exceeds limit of 5.00e-01.
2025-07-17:12:52:08,503 WARNING  [psi4.optking.history:291] 	Skipping Hessian update for step 4.
2025-07-17:12:52:08,503 WARNING  [psi4.optking.history:286] 	Change in internal coordinate of 2.49e+00 exceeds limit of 5.00e-01.
2025-07-17:12:52:08,503 WARNING  [psi4.optking.history:291] 	Skipping Hessian update for step 3.
2025-07-17:12:52:08,503 WARNING  [psi4.optking.history:286] 	Change in internal coordinate of 2.69e+00 exceeds limit of 5.00e-01.
2025-07-17:12:52:08,503 WARNING  [psi4.optking.history:291] 	Skipping Hessian update for step 2.
2025-07-17:12:52:08,503 WARNING  [psi4.optking.history:286] 	Change in internal coordinate of 2.81e+00 exceeds limit of 5.00e-01.
2025-07-17:12:52:08,503 WARNING  [psi4.optking.history:291] 	Skipping Hessian update for step 1.
2025-07-17:12:52:08,503 INFO     [psi4.optking.history:302] 	Steps to be used in Hessian update:  8

2025-07-17:12:52:08,503 INFO     [psi4.optking.history:400] 	Updated Hessian (in au) 
 	   0.030242

2025-07-17:12:52:08,504 INFO     [psi4.optking.molsys:874] Projected (PHP) Hessian matrix
	   0.030242

2025-07-17:12:52:08,504 INFO     [psi4.optking.opt_helper:168] 
	         Geometry (au)                                       Gradient (au)
   0.0000000000   0.0000000000   3.9267059246		   0.0000000000   0.0000000000  -0.0074848236
   0.0000000000   0.0000000000  -1.1486234883		   0.0000000000   0.0000000000   0.0074824268

2025-07-17:12:52:08,504 INFO     [psi4.optking.stepAlgorithms:315] 	Current Step Report 
 
	Current energy:      -207.4060578788
	Energy change for the previous step:
		Actual       :        -0.0039671652
		Projected    :        -0.0028537992

2025-07-17:12:52:08,504 INFO     [psi4.optking.stepAlgorithms:318] 	Energy ratio =    1.39013
2025-07-17:12:52:08,504 INFO     [psi4.optking.stepAlgorithms:750] 	Using RFO solution 1.
2025-07-17:12:52:08,504 INFO     [psi4.optking.displace:73] 	Determining Cartesian step for fragment 1.
2025-07-17:12:52:08,504 INFO     [psi4.optking.displace:378] 	Successfully converged to displaced geometry.
2025-07-17:12:52:08,504 INFO     [psi4.optking.displace:379] 	RMS(dx):  2.564e-16 	Max(dx):  4.441e-16 	RMS(dq):  8.882e-16
2025-07-17:12:52:08,504 INFO     [psi4.optking.displace:132] 

	        --- Internal Coordinate Step in ANG or DEG, aJ/ANG or AJ/DEG ---
	-------------------------------------------------------------------------------
	           Coordinate      Previous         Force          Change          New 
	           ----------      --------        ------          ------        ------
	               R(1,2)       2.68575        0.06166        0.12378       2.80953
	-------------------------------------------------------------------------------

2025-07-17:12:52:08,504 INFO     [psi4.optking.stepAlgorithms:96] 	|target step| :    0.2339192292
2025-07-17:12:52:08,504 INFO     [psi4.optking.stepAlgorithms:97] 	gradient     :   -0.0074836252
2025-07-17:12:52:08,504 INFO     [psi4.optking.stepAlgorithms:98] 	hessian      :    0.0302417836
2025-07-17:12:52:08,504 INFO     [psi4.optking.stepAlgorithms:177] 	Norm of achieved step-size    0.2339192292
2025-07-17:12:52:08,504 INFO     [psi4.optking.stepAlgorithms:179] 	Norm of achieved step-size (cart):    0.1654058732
2025-07-17:12:52:08,504 INFO     [psi4.optking.opt_helper:151] Molsys:

	                            ===> Fragment 1 <== 

	 Z (Atomic Numbers)          Masses                          Geom                  
	       3.000000             7.016003          0.00000000  0.00000000  4.04366554   
	      12.000000            23.985042          0.00000000  0.00000000 -1.26558310   

	 - Coordinate -           - BOHR/RAD -       - ANG/DEG -
	 R(1,2)           =         5.309249           2.809533

2025-07-17:12:52:08,505 INFO     [psi4.optking.convcheck:71] Performing convergence check.
2025-07-17:12:52:08,505 INFO     [psi4.optking.convcheck:263] 
	                                 ==> Convergence Check <==                                  
    
	Measures of convergence in internal coordinates in au.
    
	Criteria marked as inactive (o), active & met (*), and active & unmet ( ).

	----------------------------------------------------------------------------------------------
	   Step    Total Energy     Delta E     Max Force     RMS Force      Max Disp      RMS Disp   
	----------------------------------------------------------------------------------------------
	  Convergence Criteria     1.00e-06 *    3.00e-04 *             o    1.20e-03 *             o
	----------------------------------------------------------------------------------------------
	     9    -207.40605788   -3.97e-03      7.48e-03      7.48e-03 o    2.34e-01      2.34e-01 o  ~
	----------------------------------------------------------------------------------------------


2025-07-17:12:52:08,505 INFO     [psi4.optking.stepAlgorithms:266] 	Convergence check returned False
2025-07-17:12:52:08,522 INFO     [psi4.driver.task_planner:285] PLANNING Atomic:  keywords={'DAMPING_PERCENTAGE': 1.0, 'GEOM_MAXITER': 500, 'SCF__GUESS': 'READ', 'GUESS': 'SAP', 'MAXITER': 500, 'REFERENCE': 'UKS', 'function_kwargs': {}}
2025-07-17:12:52:08,524 INFO     [psi4.driver.driver:636] Compute gradient(): method=b3lyp, basis=cc-pvdz, molecule=default, nre=6.780620465545197
2025-07-17:12:52:09,401 INFO     [psi4.driver.driver:639] Return gradient(): -207.40720970192788
2025-07-17:12:52:09,401 INFO     [psi4.driver.driver:640] [[ 0.00000000 -0.00000000 -0.00262255]
 [-0.00000000  0.00000000  0.00262146]]
2025-07-17:12:52:09,402 INFO     [psi4.optking.history:257] 	Performing BFGS update.
2025-07-17:12:52:09,402 INFO     [psi4.optking.history:268] 	Using 4 previous steps for update.
2025-07-17:12:52:09,402 WARNING  [psi4.optking.history:286] 	Change in internal coordinate of 5.62e-01 exceeds limit of 5.00e-01.
2025-07-17:12:52:09,402 WARNING  [psi4.optking.history:291] 	Skipping Hessian update for step 8.
2025-07-17:12:52:09,402 WARNING  [psi4.optking.history:286] 	Change in internal coordinate of 9.52e-01 exceeds limit of 5.00e-01.
2025-07-17:12:52:09,402 WARNING  [psi4.optking.history:291] 	Skipping Hessian update for step 7.
2025-07-17:12:52:09,402 WARNING  [psi4.optking.history:286] 	Change in internal coordinate of 1.43e+00 exceeds limit of 5.00e-01.
2025-07-17:12:52:09,403 WARNING  [psi4.optking.history:291] 	Skipping Hessian update for step 6.
2025-07-17:12:52:09,403 WARNING  [psi4.optking.history:286] 	Change in internal coordinate of 1.75e+00 exceeds limit of 5.00e-01.
2025-07-17:12:52:09,403 WARNING  [psi4.optking.history:291] 	Skipping Hessian update for step 5.
2025-07-17:12:52:09,403 WARNING  [psi4.optking.history:286] 	Change in internal coordinate of 2.27e+00 exceeds limit of 5.00e-01.
2025-07-17:12:52:09,403 WARNING  [psi4.optking.history:291] 	Skipping Hessian update for step 4.
2025-07-17:12:52:09,403 WARNING  [psi4.optking.history:286] 	Change in internal coordinate of 2.73e+00 exceeds limit of 5.00e-01.
2025-07-17:12:52:09,403 WARNING  [psi4.optking.history:291] 	Skipping Hessian update for step 3.
2025-07-17:12:52:09,403 WARNING  [psi4.optking.history:286] 	Change in internal coordinate of 2.92e+00 exceeds limit of 5.00e-01.
2025-07-17:12:52:09,403 WARNING  [psi4.optking.history:291] 	Skipping Hessian update for step 2.
2025-07-17:12:52:09,403 WARNING  [psi4.optking.history:286] 	Change in internal coordinate of 3.04e+00 exceeds limit of 5.00e-01.
2025-07-17:12:52:09,403 WARNING  [psi4.optking.history:291] 	Skipping Hessian update for step 1.
2025-07-17:12:52:09,403 INFO     [psi4.optking.history:302] 	Steps to be used in Hessian update:  9

2025-07-17:12:52:09,403 INFO     [psi4.optking.history:400] 	Updated Hessian (in au) 
 	   0.020783

2025-07-17:12:52:09,403 INFO     [psi4.optking.molsys:874] Projected (PHP) Hessian matrix
	   0.020783

2025-07-17:12:52:09,403 INFO     [psi4.optking.opt_helper:168] 
	         Geometry (au)                                       Gradient (au)
   0.0000000000   0.0000000000   4.1076857091		   0.0000000000  -0.0000000000  -0.0026225519
   0.0000000000   0.0000000000  -1.2015629331		  -0.0000000000   0.0000000000   0.0026214570

2025-07-17:12:52:09,403 INFO     [psi4.optking.stepAlgorithms:315] 	Current Step Report 
 
	Current energy:      -207.4072097019
	Energy change for the previous step:
		Actual       :        -0.0011518232
		Projected    :        -0.0008752819

2025-07-17:12:52:09,403 INFO     [psi4.optking.stepAlgorithms:318] 	Energy ratio =    1.31595
2025-07-17:12:52:09,403 INFO     [psi4.optking.stepAlgorithms:750] 	Using RFO solution 1.
2025-07-17:12:52:09,403 INFO     [psi4.optking.displace:73] 	Determining Cartesian step for fragment 1.
2025-07-17:12:52:09,404 INFO     [psi4.optking.displace:378] 	Successfully converged to displaced geometry.
2025-07-17:12:52:09,404 INFO     [psi4.optking.displace:379] 	RMS(dx):  2.564e-16 	Max(dx):  4.441e-16 	RMS(dq):  0.000e+00
2025-07-17:12:52:09,404 INFO     [psi4.optking.displace:132] 

	        --- Internal Coordinate Step in ANG or DEG, aJ/ANG or AJ/DEG ---
	-------------------------------------------------------------------------------
	           Coordinate      Previous         Force          Change          New 
	           ----------      --------        ------          ------        ------
	               R(1,2)       2.80953        0.02160        0.06573       2.87526
	-------------------------------------------------------------------------------

2025-07-17:12:52:09,404 INFO     [psi4.optking.stepAlgorithms:96] 	|target step| :    0.1242125304
2025-07-17:12:52:09,404 INFO     [psi4.optking.stepAlgorithms:97] 	gradient     :   -0.0026220044
2025-07-17:12:52:09,404 INFO     [psi4.optking.stepAlgorithms:98] 	hessian      :    0.0207833312
2025-07-17:12:52:09,404 INFO     [psi4.optking.stepAlgorithms:177] 	Norm of achieved step-size    0.1242125304
2025-07-17:12:52:09,404 INFO     [psi4.optking.stepAlgorithms:179] 	Norm of achieved step-size (cart):    0.0878315226
2025-07-17:12:52:09,404 INFO     [psi4.optking.opt_helper:151] Molsys:

	                            ===> Fragment 1 <== 

	 Z (Atomic Numbers)          Masses                          Geom                  
	       3.000000             7.016003          0.00000000  0.00000000  4.16979197   
	      12.000000            23.985042          0.00000000  0.00000000 -1.26366920   

	 - Coordinate -           - BOHR/RAD -       - ANG/DEG -
	 R(1,2)           =         5.433461           2.875264

2025-07-17:12:52:09,404 INFO     [psi4.optking.convcheck:71] Performing convergence check.
2025-07-17:12:52:09,404 INFO     [psi4.optking.convcheck:263] 
	                                 ==> Convergence Check <==                                  
    
	Measures of convergence in internal coordinates in au.
    
	Criteria marked as inactive (o), active & met (*), and active & unmet ( ).

	----------------------------------------------------------------------------------------------
	   Step    Total Energy     Delta E     Max Force     RMS Force      Max Disp      RMS Disp   
	----------------------------------------------------------------------------------------------
	  Convergence Criteria     1.00e-06 *    3.00e-04 *             o    1.20e-03 *             o
	----------------------------------------------------------------------------------------------
	    10    -207.40720970   -1.15e-03      2.62e-03      2.62e-03 o    1.24e-01      1.24e-01 o  ~
	----------------------------------------------------------------------------------------------


2025-07-17:12:52:09,404 INFO     [psi4.optking.stepAlgorithms:266] 	Convergence check returned False
2025-07-17:12:52:09,416 INFO     [psi4.driver.task_planner:285] PLANNING Atomic:  keywords={'DAMPING_PERCENTAGE': 1.0, 'GEOM_MAXITER': 500, 'SCF__GUESS': 'READ', 'GUESS': 'SAP', 'MAXITER': 500, 'REFERENCE': 'UKS', 'function_kwargs': {}}
2025-07-17:12:52:09,418 INFO     [psi4.driver.driver:636] Compute gradient(): method=b3lyp, basis=cc-pvdz, molecule=default, nre=6.625610979105915
2025-07-17:12:52:10,267 INFO     [psi4.driver.driver:639] Return gradient(): -207.4074068785972
2025-07-17:12:52:10,267 INFO     [psi4.driver.driver:640] [[ 0.00000000  0.00000000 -0.00061498]
 [ 0.00000000 -0.00000000  0.00061504]]
2025-07-17:12:52:10,269 INFO     [psi4.optking.history:257] 	Performing BFGS update.
2025-07-17:12:52:10,269 INFO     [psi4.optking.history:268] 	Using 4 previous steps for update.
2025-07-17:12:52:10,269 WARNING  [psi4.optking.history:286] 	Change in internal coordinate of 6.86e-01 exceeds limit of 5.00e-01.
2025-07-17:12:52:10,269 WARNING  [psi4.optking.history:291] 	Skipping Hessian update for step 8.
2025-07-17:12:52:10,269 WARNING  [psi4.optking.history:286] 	Change in internal coordinate of 1.08e+00 exceeds limit of 5.00e-01.
2025-07-17:12:52:10,269 WARNING  [psi4.optking.history:291] 	Skipping Hessian update for step 7.
2025-07-17:12:52:10,270 WARNING  [psi4.optking.history:286] 	Change in internal coordinate of 1.56e+00 exceeds limit of 5.00e-01.
2025-07-17:12:52:10,270 WARNING  [psi4.optking.history:291] 	Skipping Hessian update for step 6.
2025-07-17:12:52:10,270 WARNING  [psi4.optking.history:286] 	Change in internal coordinate of 1.88e+00 exceeds limit of 5.00e-01.
2025-07-17:12:52:10,270 WARNING  [psi4.optking.history:291] 	Skipping Hessian update for step 5.
2025-07-17:12:52:10,270 WARNING  [psi4.optking.history:286] 	Change in internal coordinate of 2.40e+00 exceeds limit of 5.00e-01.
2025-07-17:12:52:10,270 WARNING  [psi4.optking.history:291] 	Skipping Hessian update for step 4.
2025-07-17:12:52:10,270 WARNING  [psi4.optking.history:286] 	Change in internal coordinate of 2.85e+00 exceeds limit of 5.00e-01.
2025-07-17:12:52:10,270 WARNING  [psi4.optking.history:291] 	Skipping Hessian update for step 3.
2025-07-17:12:52:10,270 WARNING  [psi4.optking.history:286] 	Change in internal coordinate of 3.05e+00 exceeds limit of 5.00e-01.
2025-07-17:12:52:10,270 WARNING  [psi4.optking.history:291] 	Skipping Hessian update for step 2.
2025-07-17:12:52:10,270 WARNING  [psi4.optking.history:286] 	Change in internal coordinate of 3.17e+00 exceeds limit of 5.00e-01.
2025-07-17:12:52:10,270 WARNING  [psi4.optking.history:291] 	Skipping Hessian update for step 1.
2025-07-17:12:52:10,270 INFO     [psi4.optking.history:302] 	Steps to be used in Hessian update:  10 9

2025-07-17:12:52:10,271 INFO     [psi4.optking.history:400] 	Updated Hessian (in au) 
 	   0.019179

2025-07-17:12:52:10,271 INFO     [psi4.optking.molsys:874] Projected (PHP) Hessian matrix
	   0.019179

2025-07-17:12:52:10,271 INFO     [psi4.optking.opt_helper:168] 
	         Geometry (au)                                       Gradient (au)
   0.0000000000   0.0000000000   4.2037870731		   0.0000000000   0.0000000000  -0.0006149811
   0.0000000000   0.0000000000  -1.2296740996		   0.0000000000  -0.0000000000   0.0006150365

2025-07-17:12:52:10,271 INFO     [psi4.optking.stepAlgorithms:315] 	Current Step Report 
 
	Current energy:      -207.4074068786
	Energy change for the previous step:
		Actual       :        -0.0001971767
		Projected    :        -0.0001628429

2025-07-17:12:52:10,271 INFO     [psi4.optking.stepAlgorithms:318] 	Energy ratio =    1.21084
2025-07-17:12:52:10,271 INFO     [psi4.optking.stepAlgorithms:750] 	Using RFO solution 1.
2025-07-17:12:52:10,271 INFO     [psi4.optking.displace:73] 	Determining Cartesian step for fragment 1.
2025-07-17:12:52:10,272 INFO     [psi4.optking.displace:378] 	Successfully converged to displaced geometry.
2025-07-17:12:52:10,272 INFO     [psi4.optking.displace:379] 	RMS(dx):  2.564e-16 	Max(dx):  4.441e-16 	RMS(dq):  0.000e+00
2025-07-17:12:52:10,272 INFO     [psi4.optking.displace:132] 

	        --- Internal Coordinate Step in ANG or DEG, aJ/ANG or AJ/DEG ---
	-------------------------------------------------------------------------------
	           Coordinate      Previous         Force          Change          New 
	           ----------      --------        ------          ------        ------
	               R(1,2)       2.87526        0.00507        0.01695       2.89222
	-------------------------------------------------------------------------------

2025-07-17:12:52:10,272 INFO     [psi4.optking.stepAlgorithms:96] 	|target step| :    0.0320338413
2025-07-17:12:52:10,272 INFO     [psi4.optking.stepAlgorithms:97] 	gradient     :   -0.0006150088
2025-07-17:12:52:10,272 INFO     [psi4.optking.stepAlgorithms:98] 	hessian      :    0.0191790207
2025-07-17:12:52:10,272 INFO     [psi4.optking.stepAlgorithms:177] 	Norm of achieved step-size    0.0320338413
2025-07-17:12:52:10,272 INFO     [psi4.optking.stepAlgorithms:179] 	Norm of achieved step-size (cart):    0.0226513464
2025-07-17:12:52:10,273 INFO     [psi4.optking.opt_helper:151] Molsys:

	                            ===> Fragment 1 <== 

	 Z (Atomic Numbers)          Masses                          Geom                  
	       3.000000             7.016003          0.00000000  0.00000000  4.21980399   
	      12.000000            23.985042          0.00000000  0.00000000 -1.24569102   

	 - Coordinate -           - BOHR/RAD -       - ANG/DEG -
	 R(1,2)           =         5.465495           2.892215

2025-07-17:12:52:10,273 INFO     [psi4.optking.convcheck:71] Performing convergence check.
2025-07-17:12:52:10,273 INFO     [psi4.optking.convcheck:263] 
	                                 ==> Convergence Check <==                                  
    
	Measures of convergence in internal coordinates in au.
    
	Criteria marked as inactive (o), active & met (*), and active & unmet ( ).

	----------------------------------------------------------------------------------------------
	   Step    Total Energy     Delta E     Max Force     RMS Force      Max Disp      RMS Disp   
	----------------------------------------------------------------------------------------------
	  Convergence Criteria     1.00e-06 *    3.00e-04 *             o    1.20e-03 *             o
	----------------------------------------------------------------------------------------------
	    11    -207.40740688   -1.97e-04      6.15e-04      6.15e-04 o    3.20e-02      3.20e-02 o  ~
	----------------------------------------------------------------------------------------------


2025-07-17:12:52:10,273 INFO     [psi4.optking.stepAlgorithms:266] 	Convergence check returned False
2025-07-17:12:52:10,294 INFO     [psi4.driver.task_planner:285] PLANNING Atomic:  keywords={'DAMPING_PERCENTAGE': 1.0, 'GEOM_MAXITER': 500, 'SCF__GUESS': 'READ', 'GUESS': 'SAP', 'MAXITER': 500, 'REFERENCE': 'UKS', 'function_kwargs': {}}
2025-07-17:12:52:10,297 INFO     [psi4.driver.driver:636] Compute gradient(): method=b3lyp, basis=cc-pvdz, molecule=default, nre=6.586777576059331
2025-07-17:12:52:11,115 INFO     [psi4.driver.driver:639] Return gradient(): -207.40741905441266
2025-07-17:12:52:11,115 INFO     [psi4.driver.driver:640] [[-0.00000000 -0.00000000 -0.00015268]
 [ 0.00000000  0.00000000  0.00015278]]
2025-07-17:12:52:11,118 INFO     [psi4.optking.history:257] 	Performing BFGS update.
2025-07-17:12:52:11,119 INFO     [psi4.optking.history:268] 	Using 4 previous steps for update.
2025-07-17:12:52:11,119 WARNING  [psi4.optking.history:286] 	Change in internal coordinate of 7.18e-01 exceeds limit of 5.00e-01.
2025-07-17:12:52:11,119 WARNING  [psi4.optking.history:291] 	Skipping Hessian update for step 8.
2025-07-17:12:52:11,119 WARNING  [psi4.optking.history:286] 	Change in internal coordinate of 1.11e+00 exceeds limit of 5.00e-01.
2025-07-17:12:52:11,119 WARNING  [psi4.optking.history:291] 	Skipping Hessian update for step 7.
2025-07-17:12:52:11,119 WARNING  [psi4.optking.history:286] 	Change in internal coordinate of 1.59e+00 exceeds limit of 5.00e-01.
2025-07-17:12:52:11,119 WARNING  [psi4.optking.history:291] 	Skipping Hessian update for step 6.
2025-07-17:12:52:11,119 WARNING  [psi4.optking.history:286] 	Change in internal coordinate of 1.91e+00 exceeds limit of 5.00e-01.
2025-07-17:12:52:11,119 WARNING  [psi4.optking.history:291] 	Skipping Hessian update for step 5.
2025-07-17:12:52:11,120 WARNING  [psi4.optking.history:286] 	Change in internal coordinate of 2.43e+00 exceeds limit of 5.00e-01.
2025-07-17:12:52:11,120 WARNING  [psi4.optking.history:291] 	Skipping Hessian update for step 4.
2025-07-17:12:52:11,120 WARNING  [psi4.optking.history:286] 	Change in internal coordinate of 2.88e+00 exceeds limit of 5.00e-01.
2025-07-17:12:52:11,120 WARNING  [psi4.optking.history:291] 	Skipping Hessian update for step 3.
2025-07-17:12:52:11,120 WARNING  [psi4.optking.history:286] 	Change in internal coordinate of 3.08e+00 exceeds limit of 5.00e-01.
2025-07-17:12:52:11,120 WARNING  [psi4.optking.history:291] 	Skipping Hessian update for step 2.
2025-07-17:12:52:11,120 WARNING  [psi4.optking.history:286] 	Change in internal coordinate of 3.20e+00 exceeds limit of 5.00e-01.
2025-07-17:12:52:11,120 WARNING  [psi4.optking.history:291] 	Skipping Hessian update for step 1.
2025-07-17:12:52:11,120 INFO     [psi4.optking.history:302] 	Steps to be used in Hessian update:  11 10 9

2025-07-17:12:52:11,120 INFO     [psi4.optking.history:400] 	Updated Hessian (in au) 
 	   0.018789

2025-07-17:12:52:11,121 INFO     [psi4.optking.molsys:874] Projected (PHP) Hessian matrix
	   0.018789

2025-07-17:12:52:11,121 INFO     [psi4.optking.opt_helper:168] 
	         Geometry (au)                                       Gradient (au)
   0.0000000000   0.0000000000   4.2285711736		  -0.0000000000  -0.0000000000  -0.0001526832
   0.0000000000   0.0000000000  -1.2369238403		   0.0000000000   0.0000000000   0.0001527757

2025-07-17:12:52:11,121 INFO     [psi4.optking.stepAlgorithms:315] 	Current Step Report 
 
	Current energy:      -207.4074190544
	Energy change for the previous step:
		Actual       :        -0.0000121758
		Projected    :        -0.0000098505

2025-07-17:12:52:11,121 INFO     [psi4.optking.stepAlgorithms:318] 	Energy ratio =    1.23605
2025-07-17:12:52:11,121 INFO     [psi4.optking.stepAlgorithms:750] 	Using RFO solution 1.
2025-07-17:12:52:11,121 INFO     [psi4.optking.displace:73] 	Determining Cartesian step for fragment 1.
2025-07-17:12:52:11,122 INFO     [psi4.optking.displace:378] 	Successfully converged to displaced geometry.
2025-07-17:12:52:11,122 INFO     [psi4.optking.displace:379] 	RMS(dx):  2.564e-16 	Max(dx):  4.441e-16 	RMS(dq):  0.000e+00
2025-07-17:12:52:11,122 INFO     [psi4.optking.displace:132] 

	        --- Internal Coordinate Step in ANG or DEG, aJ/ANG or AJ/DEG ---
	-------------------------------------------------------------------------------
	           Coordinate      Previous         Force          Change          New 
	           ----------      --------        ------          ------        ------
	               R(1,2)       2.89222        0.00126        0.00430       2.89652
	-------------------------------------------------------------------------------

2025-07-17:12:52:11,122 INFO     [psi4.optking.stepAlgorithms:96] 	|target step| :    0.0081280449
2025-07-17:12:52:11,122 INFO     [psi4.optking.stepAlgorithms:97] 	gradient     :   -0.0001527295
2025-07-17:12:52:11,122 INFO     [psi4.optking.stepAlgorithms:98] 	hessian      :    0.0187891904
2025-07-17:12:52:11,122 INFO     [psi4.optking.stepAlgorithms:177] 	Norm of achieved step-size    0.0081280449
2025-07-17:12:52:11,122 INFO     [psi4.optking.stepAlgorithms:179] 	Norm of achieved step-size (cart):    0.0057473957
2025-07-17:12:52:11,122 INFO     [psi4.optking.opt_helper:151] Molsys:

	                            ===> Fragment 1 <== 

	 Z (Atomic Numbers)          Masses                          Geom                  
	       3.000000             7.016003          0.00000000  0.00000000  4.23263520   
	      12.000000            23.985042          0.00000000  0.00000000 -1.24098786   

	 - Coordinate -           - BOHR/RAD -       - ANG/DEG -
	 R(1,2)           =         5.473623           2.896517

2025-07-17:12:52:11,123 INFO     [psi4.optking.convcheck:71] Performing convergence check.
2025-07-17:12:52:11,123 INFO     [psi4.optking.convcheck:263] 
	                                 ==> Convergence Check <==                                  
    
	Measures of convergence in internal coordinates in au.
    
	Criteria marked as inactive (o), active & met (*), and active & unmet ( ).

	----------------------------------------------------------------------------------------------
	   Step    Total Energy     Delta E     Max Force     RMS Force      Max Disp      RMS Disp   
	----------------------------------------------------------------------------------------------
	  Convergence Criteria     1.00e-06 *    3.00e-04 *             o    1.20e-03 *             o
	----------------------------------------------------------------------------------------------
	    12    -207.40741905   -1.22e-05      1.53e-04 *    1.53e-04 o    8.13e-03      8.13e-03 o  ~
	----------------------------------------------------------------------------------------------


2025-07-17:12:52:11,123 INFO     [psi4.optking.stepAlgorithms:266] 	Convergence check returned False
2025-07-17:12:52:11,135 INFO     [psi4.driver.task_planner:285] PLANNING Atomic:  keywords={'DAMPING_PERCENTAGE': 1.0, 'GEOM_MAXITER': 500, 'SCF__GUESS': 'READ', 'GUESS': 'SAP', 'MAXITER': 500, 'REFERENCE': 'UKS', 'function_kwargs': {}}
2025-07-17:12:52:11,136 INFO     [psi4.driver.driver:636] Compute gradient(): method=b3lyp, basis=cc-pvdz, molecule=default, nre=6.576996554705925
2025-07-17:12:52:11,917 INFO     [psi4.driver.driver:639] Return gradient(): -207.40741981162358
2025-07-17:12:52:11,917 INFO     [psi4.driver.driver:640] [[ 0.00000000 -0.00000000 -0.00003875]
 [ 0.00000000  0.00000000  0.00003884]]
2025-07-17:12:52:11,918 INFO     [psi4.optking.history:257] 	Performing BFGS update.
2025-07-17:12:52:11,918 INFO     [psi4.optking.history:268] 	Using 4 previous steps for update.
2025-07-17:12:52:11,919 INFO     [psi4.optking.history:302] 	Steps to be used in Hessian update:  12 11 10 9

2025-07-17:12:52:11,919 INFO     [psi4.optking.history:400] 	Updated Hessian (in au) 
 	   0.018692

2025-07-17:12:52:11,919 INFO     [psi4.optking.molsys:874] Projected (PHP) Hessian matrix
	   0.018692

2025-07-17:12:52:11,919 INFO     [psi4.optking.opt_helper:168] 
	         Geometry (au)                                       Gradient (au)
   0.0000000000   0.0000000000   4.2348597196		   0.0000000000  -0.0000000000  -0.0000387463
   0.0000000000   0.0000000000  -1.2387633393		   0.0000000000   0.0000000000   0.0000388394

2025-07-17:12:52:11,919 INFO     [psi4.optking.stepAlgorithms:315] 	Current Step Report 
 
	Current energy:      -207.4074198116
	Energy change for the previous step:
		Actual       :        -0.0000007572
		Projected    :        -0.0000006207

2025-07-17:12:52:11,919 INFO     [psi4.optking.stepAlgorithms:318] 	Energy ratio =    1.21994
2025-07-17:12:52:11,919 INFO     [psi4.optking.stepAlgorithms:750] 	Using RFO solution 1.
2025-07-17:12:52:11,919 INFO     [psi4.optking.displace:73] 	Determining Cartesian step for fragment 1.
2025-07-17:12:52:11,920 INFO     [psi4.optking.displace:378] 	Successfully converged to displaced geometry.
2025-07-17:12:52:11,920 INFO     [psi4.optking.displace:379] 	RMS(dx):  0.000e+00 	Max(dx):  0.000e+00 	RMS(dq):  0.000e+00
2025-07-17:12:52:11,920 INFO     [psi4.optking.displace:132] 

	        --- Internal Coordinate Step in ANG or DEG, aJ/ANG or AJ/DEG ---
	-------------------------------------------------------------------------------
	           Coordinate      Previous         Force          Change          New 
	           ----------      --------        ------          ------        ------
	               R(1,2)       2.89652        0.00032        0.00110       2.89761
	-------------------------------------------------------------------------------

2025-07-17:12:52:11,920 INFO     [psi4.optking.stepAlgorithms:96] 	|target step| :    0.0020753834
2025-07-17:12:52:11,920 INFO     [psi4.optking.stepAlgorithms:97] 	gradient     :   -0.0000387929
2025-07-17:12:52:11,920 INFO     [psi4.optking.stepAlgorithms:98] 	hessian      :    0.0186918181
2025-07-17:12:52:11,920 INFO     [psi4.optking.stepAlgorithms:177] 	Norm of achieved step-size    0.0020753834
2025-07-17:12:52:11,920 INFO     [psi4.optking.stepAlgorithms:179] 	Norm of achieved step-size (cart):    0.0014675177
2025-07-17:12:52:11,921 INFO     [psi4.optking.opt_helper:151] Molsys:

	                            ===> Fragment 1 <== 

	 Z (Atomic Numbers)          Masses                          Geom                  
	       3.000000             7.016003          0.00000000  0.00000000  4.23589741   
	      12.000000            23.985042          0.00000000  0.00000000 -1.23980103   

	 - Coordinate -           - BOHR/RAD -       - ANG/DEG -
	 R(1,2)           =         5.475698           2.897615

2025-07-17:12:52:11,921 INFO     [psi4.optking.convcheck:71] Performing convergence check.
2025-07-17:12:52:11,921 INFO     [psi4.optking.convcheck:263] 
	                                 ==> Convergence Check <==                                  
    
	Measures of convergence in internal coordinates in au.
    
	Criteria marked as inactive (o), active & met (*), and active & unmet ( ).

	----------------------------------------------------------------------------------------------
	   Step    Total Energy     Delta E     Max Force     RMS Force      Max Disp      RMS Disp   
	----------------------------------------------------------------------------------------------
	  Convergence Criteria     1.00e-06 *    3.00e-04 *             o    1.20e-03 *             o
	----------------------------------------------------------------------------------------------
	    13    -207.40741981   -7.57e-07 *    3.88e-05 *    3.88e-05 o    2.08e-03      2.08e-03 o  ~
	----------------------------------------------------------------------------------------------


2025-07-17:12:52:11,921 INFO     [psi4.optking.convcheck:193] 
	                      ===> Final Convergence Report <===                     

	----------------------------------------------------------------------------
	|   Required Criteria    |  One or More Criteria  |   Alternate Criteria   |
	----------------------------------------------------------------------------
	| [x]     max_force      | [x]       max_DE       |                        |
	|                        | [ ]      max_disp      |                        |
	----------------------------------------------------------------------------


2025-07-17:12:52:11,921 INFO     [psi4.optking.stepAlgorithms:266] 	Convergence check returned True
2025-07-17:12:52:11,921 INFO     [psi4.optking.optimize:286] 	Converged in 13 steps!
2025-07-17:12:52:11,921 INFO     [psi4.optking.optimize:287] 	Final energy is   -207.4074198116236
2025-07-17:12:52:11,921 INFO     [psi4.optking.optimize:288] 	Final structure (Angstroms): 
	Fragment 1 (Ang)

	   Li   0.0000000000   0.0000000000   2.2415403768
	   Mg   0.0000000000   0.0000000000  -0.6560744514


2025-07-17:12:52:11,923 INFO     [psi4.optking.optimize:432] 	Optimization Finished

	==> Optimization Summary <==

        
	Measures of convergence in internal coordinates in au. (Any backward steps not shown.)
        
	---------------------------------------------------------------------------------------------------------------  ~
        
	 Step         Total Energy             Delta E       MAX Force       RMS Force        MAX Disp        RMS Disp   ~
        
	---------------------------------------------------------------------------------------------------------------  ~
        
	     1    -207.012509924105   -207.012509924105      0.50986559      0.50986559      0.12015270      0.12015270  ~
	     2    -207.068340526247     -0.055830602142      0.42398622      0.42398622      0.19504336      0.19504336  ~
	     3    -207.141063760459     -0.072723234212      0.32868005      0.32868005      0.45395307      0.45395307  ~
	     4    -207.258188597123     -0.117124836665      0.20033456      0.20033456      0.51825818      0.51825818  ~
	     5    -207.337179578682     -0.078990981559      0.11107058      0.11107058      0.32150080      0.32150080  ~
	     6    -207.366506767506     -0.029327188824      0.07333555      0.07333555      0.48053630      0.48053630  ~
	     7    -207.391972923190     -0.025466155684      0.03588050      0.03588050      0.39023425      0.39023425  ~
	     8    -207.402090713578     -0.010117790388      0.01740231      0.01740231      0.32797940      0.32797940  ~
	     9    -207.406057878753     -0.003967165174      0.00748363      0.00748363      0.23391923      0.23391923  ~
	    10    -207.407209701928     -0.001151823175      0.00262200      0.00262200      0.12421253      0.12421253  ~
	    11    -207.407406878597     -0.000197176669      0.00061501      0.00061501      0.03203384      0.03203384  ~
	    12    -207.407419054413     -0.000012175815      0.00015273      0.00015273      0.00812804      0.00812804  ~
	    13    -207.407419811624     -0.000000757211      0.00003879      0.00003879      0.00207538      0.00207538  ~
	----------------------------------------------------------------------------------------------------------------


2025-07-17:12:52:11,923 INFO     [psi4.optking.optimize:640] Preparing OptimizationResult
