2025-07-17:14:38:59,825 INFO     [psi4.optking.optwrapper:214] Creating a UserComputer
2025-07-17:14:38:59,826 INFO     [psi4.optking.optwrapper:222] 
    			-----------------------------------------

    			 OPTKING 3.0: for geometry optimizations 

    			     By R.A. King, Bethel University     

    			        with contributions from          

    			    A.V. Copan, J. Cayton, A. Heide      

    			-----------------------------------------

    
2025-07-17:14:38:59,826 INFO     [psi4.optking.optwrapper:238] 
		 -- Optimization Parameters --
	accept_symmetry_breaking       =           False
	alg_geom_maxiter               =             500
	bt_dx_conv                     =           1e-07
	bt_dx_rms_change_conv          =           1e-12
	bt_max_iter                    =              25
	cart_hess_read                 =           False
	consecutive_backsteps_allowed  =               0
	conv_max_DE                    =           1e-06
	conv_max_disp                  =          0.0012
	conv_max_force                 =          0.0003
	conv_rms_disp                  =              -1
	conv_rms_force                 =              -1
	covalent_connect               =             1.3
	dynamic_level                  =               0
	dynamic_level_max              =               0
	ensure_bt_convergence          =           False
	ext_force_bend                 =              []
	ext_force_cartesian            =              []
	ext_force_dihedral             =              []
	ext_force_distance             =              []
	ext_force_oofp                 =              []
	fix_val_near_pi                =            1.57
	flexible_g_convergence         =           False
	frag_mode                      =          SINGLE
	frag_ref_atoms                 =            None
	freeze_intrafrag               =           False
	frozen_bend                    =              []
	frozen_cartesian               =              []
	frozen_dihedral                =              []
	frozen_distance                =              []
	frozen_oofp                    =              []
	full_hess_every                =              -1
	g_convergence                  =           QCHEM
	generate_intcos_exit           =           False
	geom_maxiter                   =             500
	h_bond_connect                 =             4.3
	hess_update                    =            BFGS
	hess_update_den_tol            =           1e-07
	hess_update_dq_tol             =             0.5
	hess_update_limit              =            True
	hess_update_limit_max          =             1.0
	hess_update_limit_scale        =             0.5
	hess_update_use_last           =               4
	hessian_file                   =            None
	i_max_DE                       =            True
	i_max_disp                     =            True
	i_max_force                    =            True
	i_rms_disp                     =           False
	i_rms_force                    =           False
	i_untampered                   =            True
	include_oofp                   =           False
	interfrag_collinear_tol        =            0.01
	interfrag_coords               =            None
	interfrag_dist_inv             =           False
	interfrag_mode                 =           FIXED
	interfrag_trust                =             0.5
	interfrag_trust_max            =             1.0
	interfrag_trust_min            =           0.001
	interfragment_connect          =             1.8
	intrafrag_hess                 =        SCHLEGEL
	intrafrag_trust                =             0.5
	intrafrag_trust_max            =             1.0
	intrafrag_trust_min            =           0.001
	irc_direction                  =         FORWARD
	irc_points                     =              20
	irc_step_size                  =             0.2
	keep_intcos                    =           False
	linear_bend_threshold          =            3.05
	linesearch                     =           False
	linesearch_step                =             0.1
	max_disp_g_convergence         =          0.0012
	max_energy_g_convergence       =           1e-06
	max_force_g_convergence        =          0.0003
	opt_coordinates                =       REDUNDANT
	opt_type                       =             MIN
	output_type                    =            FILE
	print_lvl                      =               1
	program                        =            psi4
	ranged_bend                    =              []
	ranged_cartesian               =              []
	ranged_dihedral                =              []
	ranged_distance                =              []
	ranged_oofp                    =              []
	redundant_eval_tol             =           1e-10
	rfo_follow_root                =           False
	rfo_normalization_max          =             100
	rfo_root                       =               0
	rms_disp_g_convergence         =          0.0012
	rms_force_g_convergence        =          0.0003
	rsrfo_alpha_max                =     100000000.0
	sd_hessian                     =             1.0
	simple_step_scaling            =           False
	small_bend_fix_threshold       =            0.35
	steepest_descent_type          =         OVERLAP
	step_type                      =             RFO
	test_B                         =           False
	test_derivative_B              =           False
	trajectory                     =           False
	v3d_tors_angle_lim             =           0.017
	v3d_tors_cos_tol               =           1e-10
	working_consecutive_backsteps  =               0
	working_steps_since_last_H     =               0


2025-07-17:14:39:00,325 INFO     [psi4.optking.opt_helper:151] Molsys:

	                            ===> Fragment 1 <== 

	 Z (Atomic Numbers)          Masses                          Geom                  
	      10.000000            19.992440          0.00000000  0.00000000  1.30253522   
	      13.000000            26.981539          0.00000000  0.00000000 -0.96513613   

	 - Coordinate -           - BOHR/RAD -       - ANG/DEG -
	 R(1,2)           =         2.267671           1.200000

2025-07-17:14:39:00,335 INFO     [psi4.driver.task_planner:285] PLANNING Atomic:  keywords={'DAMPING_PERCENTAGE': 1.0, 'GEOM_MAXITER': 500, 'GUESS': 'SAP', 'MAXITER': 500, 'REFERENCE': 'UKS', 'function_kwargs': {}}
2025-07-17:14:39:00,336 INFO     [psi4.driver.driver:636] Compute gradient(): method=b3lyp, basis=cc-pvdz, molecule=default, nre=57.327531155916674
2025-07-17:14:39:01,466 INFO     [psi4.driver.driver:639] Return gradient(): -370.60984168477944
2025-07-17:14:39:01,467 INFO     [psi4.driver.driver:640] [[ 0.00000000  0.00000000 -1.12670858]
 [ 0.00000000  0.00000000  1.12667200]]
2025-07-17:14:39:01,470 INFO     [psi4.optking.molsys:874] Projected (PHP) Hessian matrix
	   4.182219

2025-07-17:14:39:01,470 INFO     [psi4.optking.opt_helper:168] 
	         Geometry (au)                                       Gradient (au)
   0.0000000000   0.0000000000   1.3025352249		   0.0000000000   0.0000000000  -1.1267085788
   0.0000000000   0.0000000000  -0.9651361257		   0.0000000000   0.0000000000   1.1266719993

2025-07-17:14:39:01,470 INFO     [psi4.optking.stepAlgorithms:750] 	Using RFO solution 1.
2025-07-17:14:39:01,470 INFO     [psi4.optking.displace:73] 	Determining Cartesian step for fragment 1.
2025-07-17:14:39:01,471 INFO     [psi4.optking.displace:378] 	Successfully converged to displaced geometry.
2025-07-17:14:39:01,471 INFO     [psi4.optking.displace:379] 	RMS(dx):  0.000e+00 	Max(dx):  0.000e+00 	RMS(dq):  0.000e+00
2025-07-17:14:39:01,471 INFO     [psi4.optking.displace:132] 

	        --- Internal Coordinate Step in ANG or DEG, aJ/ANG or AJ/DEG ---
	-------------------------------------------------------------------------------
	           Coordinate      Previous         Force          Change          New 
	           ----------      --------        ------          ------        ------
	               R(1,2)       1.20000        9.28249        0.13349       1.33349
	-------------------------------------------------------------------------------

2025-07-17:14:39:01,471 INFO     [psi4.optking.stepAlgorithms:96] 	|target step| :    0.2522572187
2025-07-17:14:39:01,471 INFO     [psi4.optking.stepAlgorithms:97] 	gradient     :   -1.1266902891
2025-07-17:14:39:01,471 INFO     [psi4.optking.stepAlgorithms:98] 	hessian      :    4.1822185214
2025-07-17:14:39:01,471 INFO     [psi4.optking.stepAlgorithms:177] 	Norm of achieved step-size    0.2522572187
2025-07-17:14:39:01,471 INFO     [psi4.optking.stepAlgorithms:179] 	Norm of achieved step-size (cart):    0.1783727900
2025-07-17:14:39:01,471 INFO     [psi4.optking.opt_helper:151] Molsys:

	                            ===> Fragment 1 <== 

	 Z (Atomic Numbers)          Masses                          Geom                  
	      10.000000            19.992440          0.00000000  0.00000000  1.42866383   
	      13.000000            26.981539          0.00000000  0.00000000 -1.09126474   

	 - Coordinate -           - BOHR/RAD -       - ANG/DEG -
	 R(1,2)           =         2.519929           1.333489

2025-07-17:14:39:01,472 INFO     [psi4.optking.convcheck:71] Performing convergence check.
2025-07-17:14:39:01,472 INFO     [psi4.optking.convcheck:263] 
	                                 ==> Convergence Check <==                                  
    
	Measures of convergence in internal coordinates in au.
    
	Criteria marked as inactive (o), active & met (*), and active & unmet ( ).

	----------------------------------------------------------------------------------------------
	   Step    Total Energy     Delta E     Max Force     RMS Force      Max Disp      RMS Disp   
	----------------------------------------------------------------------------------------------
	  Convergence Criteria     1.00e-06 *    3.00e-04 *             o    1.20e-03 *             o
	----------------------------------------------------------------------------------------------
	     1    -370.60984168   -3.71e+02      1.13e+00      1.13e+00 o    2.52e-01      2.52e-01 o  ~
	----------------------------------------------------------------------------------------------


2025-07-17:14:39:01,472 INFO     [psi4.optking.stepAlgorithms:266] 	Convergence check returned False
2025-07-17:14:39:01,489 INFO     [psi4.driver.task_planner:285] PLANNING Atomic:  keywords={'DAMPING_PERCENTAGE': 1.0, 'GEOM_MAXITER': 500, 'SCF__GUESS': 'READ', 'GUESS': 'SAP', 'MAXITER': 500, 'REFERENCE': 'UKS', 'function_kwargs': {}}
2025-07-17:14:39:01,490 INFO     [psi4.driver.driver:636] Compute gradient(): method=b3lyp, basis=cc-pvdz, molecule=default, nre=51.58876389820892
2025-07-17:14:39:02,432 INFO     [psi4.driver.driver:639] Return gradient(): -370.817631360453
2025-07-17:14:39:02,432 INFO     [psi4.driver.driver:640] [[ 0.00000000 -0.00000000 -0.58688049]
 [ 0.00000000  0.00000000  0.58680409]]
2025-07-17:14:39:02,434 INFO     [psi4.optking.history:257] 	Performing BFGS update.
2025-07-17:14:39:02,434 INFO     [psi4.optking.history:268] 	Using 1 previous steps for update.
2025-07-17:14:39:02,434 INFO     [psi4.optking.history:302] 	Steps to be used in Hessian update:  1

2025-07-17:14:39:02,434 INFO     [psi4.optking.history:400] 	Updated Hessian (in au) 
 	   2.140070

2025-07-17:14:39:02,434 INFO     [psi4.optking.molsys:874] Projected (PHP) Hessian matrix
	   2.140070

2025-07-17:14:39:02,434 INFO     [psi4.optking.opt_helper:168] 
	         Geometry (au)                                       Gradient (au)
   0.0000000000   0.0000000000   1.4474300806		   0.0000000000  -0.0000000000  -0.5868804934
   0.0000000000   0.0000000000  -1.0724984887		   0.0000000000   0.0000000000   0.5868040920

2025-07-17:14:39:02,435 INFO     [psi4.optking.stepAlgorithms:315] 	Current Step Report 
 
	Current energy:      -370.8176313605
	Energy change for the previous step:
		Actual       :        -0.2077896757
		Projected    :        -0.1421078793

2025-07-17:14:39:02,435 INFO     [psi4.optking.stepAlgorithms:318] 	Energy ratio =    1.46220
2025-07-17:14:39:02,435 INFO     [psi4.optking.stepAlgorithms:346] 	Energy ratio indicates good step.
2025-07-17:14:39:02,435 INFO     [psi4.optking.stepAlgorithms:347] 	Intrafrag trust radius increased to 1.000e+00.
2025-07-17:14:39:02,435 INFO     [psi4.optking.stepAlgorithms:750] 	Using RFO solution 1.
2025-07-17:14:39:02,435 INFO     [psi4.optking.displace:73] 	Determining Cartesian step for fragment 1.
2025-07-17:14:39:02,435 INFO     [psi4.optking.displace:378] 	Successfully converged to displaced geometry.
2025-07-17:14:39:02,435 INFO     [psi4.optking.displace:379] 	RMS(dx):  0.000e+00 	Max(dx):  0.000e+00 	RMS(dq):  0.000e+00
2025-07-17:14:39:02,435 INFO     [psi4.optking.displace:132] 

	        --- Internal Coordinate Step in ANG or DEG, aJ/ANG or AJ/DEG ---
	-------------------------------------------------------------------------------
	           Coordinate      Previous         Force          Change          New 
	           ----------      --------        ------          ------        ------
	               R(1,2)       1.33349        4.83483        0.13558       1.46907
	-------------------------------------------------------------------------------

2025-07-17:14:39:02,435 INFO     [psi4.optking.stepAlgorithms:96] 	|target step| :    0.2562151827
2025-07-17:14:39:02,435 INFO     [psi4.optking.stepAlgorithms:97] 	gradient     :   -0.5868422927
2025-07-17:14:39:02,435 INFO     [psi4.optking.stepAlgorithms:98] 	hessian      :    2.1400695652
2025-07-17:14:39:02,435 INFO     [psi4.optking.stepAlgorithms:177] 	Norm of achieved step-size    0.2562151827
2025-07-17:14:39:02,435 INFO     [psi4.optking.stepAlgorithms:179] 	Norm of achieved step-size (cart):    0.1811714931
2025-07-17:14:39:02,435 INFO     [psi4.optking.opt_helper:151] Molsys:

	                            ===> Fragment 1 <== 

	 Z (Atomic Numbers)          Masses                          Geom                  
	      10.000000            19.992440          0.00000000  0.00000000  1.57553767   
	      13.000000            26.981539          0.00000000  0.00000000 -1.20060608   

	 - Coordinate -           - BOHR/RAD -       - ANG/DEG -
	 R(1,2)           =         2.776144           1.469072

2025-07-17:14:39:02,435 INFO     [psi4.optking.convcheck:71] Performing convergence check.
2025-07-17:14:39:02,436 INFO     [psi4.optking.convcheck:263] 
	                                 ==> Convergence Check <==                                  
    
	Measures of convergence in internal coordinates in au.
    
	Criteria marked as inactive (o), active & met (*), and active & unmet ( ).

	----------------------------------------------------------------------------------------------
	   Step    Total Energy     Delta E     Max Force     RMS Force      Max Disp      RMS Disp   
	----------------------------------------------------------------------------------------------
	  Convergence Criteria     1.00e-06 *    3.00e-04 *             o    1.20e-03 *             o
	----------------------------------------------------------------------------------------------
	     2    -370.81763136   -2.08e-01      5.87e-01      5.87e-01 o    2.56e-01      2.56e-01 o  ~
	----------------------------------------------------------------------------------------------


2025-07-17:14:39:02,436 INFO     [psi4.optking.stepAlgorithms:266] 	Convergence check returned False
2025-07-17:14:39:02,454 INFO     [psi4.driver.task_planner:285] PLANNING Atomic:  keywords={'DAMPING_PERCENTAGE': 1.0, 'GEOM_MAXITER': 500, 'SCF__GUESS': 'READ', 'GUESS': 'SAP', 'MAXITER': 500, 'REFERENCE': 'UKS', 'function_kwargs': {}}
2025-07-17:14:39:02,455 INFO     [psi4.driver.driver:636] Compute gradient(): method=b3lyp, basis=cc-pvdz, molecule=default, nre=46.82754627175301
2025-07-17:14:39:03,410 INFO     [psi4.driver.driver:639] Return gradient(): -370.92981055667957
2025-07-17:14:39:03,410 INFO     [psi4.driver.driver:640] [[ 0.00000000 -0.00000000 -0.31987750]
 [ 0.00000000 -0.00000000  0.31969293]]
2025-07-17:14:39:03,411 INFO     [psi4.optking.history:257] 	Performing BFGS update.
2025-07-17:14:39:03,411 INFO     [psi4.optking.history:268] 	Using 2 previous steps for update.
2025-07-17:14:39:03,412 WARNING  [psi4.optking.history:286] 	Change in internal coordinate of 5.08e-01 exceeds limit of 5.00e-01.
2025-07-17:14:39:03,412 WARNING  [psi4.optking.history:291] 	Skipping Hessian update for step 1.
2025-07-17:14:39:03,412 INFO     [psi4.optking.history:302] 	Steps to be used in Hessian update:  2

2025-07-17:14:39:03,412 INFO     [psi4.optking.history:400] 	Updated Hessian (in au) 
 	   1.070035

2025-07-17:14:39:03,412 INFO     [psi4.optking.molsys:874] Projected (PHP) Hessian matrix
	   1.070035

2025-07-17:14:39:03,412 INFO     [psi4.optking.opt_helper:168] 
	         Geometry (au)                                       Gradient (au)
   0.0000000000   0.0000000000   1.5945983642		   0.0000000000  -0.0000000000  -0.3198775040
   0.0000000000   0.0000000000  -1.1815453877		   0.0000000000  -0.0000000000   0.3196929316

2025-07-17:14:39:03,412 INFO     [psi4.optking.stepAlgorithms:315] 	Current Step Report 
 
	Current energy:      -370.9298105567
	Energy change for the previous step:
		Actual       :        -0.1121791962
		Projected    :        -0.0751789526

2025-07-17:14:39:03,412 INFO     [psi4.optking.stepAlgorithms:318] 	Energy ratio =    1.49216
2025-07-17:14:39:03,412 INFO     [psi4.optking.stepAlgorithms:750] 	Using RFO solution 1.
2025-07-17:14:39:03,412 INFO     [psi4.optking.displace:73] 	Determining Cartesian step for fragment 1.
2025-07-17:14:39:03,412 INFO     [psi4.optking.displace:378] 	Successfully converged to displaced geometry.
2025-07-17:14:39:03,412 INFO     [psi4.optking.displace:379] 	RMS(dx):  0.000e+00 	Max(dx):  0.000e+00 	RMS(dq):  0.000e+00
2025-07-17:14:39:03,412 INFO     [psi4.optking.displace:132] 

	        --- Internal Coordinate Step in ANG or DEG, aJ/ANG or AJ/DEG ---
	-------------------------------------------------------------------------------
	           Coordinate      Previous         Force          Change          New 
	           ----------      --------        ------          ------        ------
	               R(1,2)       1.46907        2.63462        0.14609       1.61517
	-------------------------------------------------------------------------------

2025-07-17:14:39:03,412 INFO     [psi4.optking.stepAlgorithms:96] 	|target step| :    0.2760767371
2025-07-17:14:39:03,413 INFO     [psi4.optking.stepAlgorithms:97] 	gradient     :   -0.3197852178
2025-07-17:14:39:03,413 INFO     [psi4.optking.stepAlgorithms:98] 	hessian      :    1.0700347826
2025-07-17:14:39:03,413 INFO     [psi4.optking.stepAlgorithms:177] 	Norm of achieved step-size    0.2760767371
2025-07-17:14:39:03,413 INFO     [psi4.optking.stepAlgorithms:179] 	Norm of achieved step-size (cart):    0.1952157330
2025-07-17:14:39:03,413 INFO     [psi4.optking.opt_helper:151] Molsys:

	                            ===> Fragment 1 <== 

	 Z (Atomic Numbers)          Masses                          Geom                  
	      10.000000            19.992440          0.00000000  0.00000000  1.73263673   
	      13.000000            26.981539          0.00000000  0.00000000 -1.31958376   

	 - Coordinate -           - BOHR/RAD -       - ANG/DEG -
	 R(1,2)           =         3.052220           1.615166

2025-07-17:14:39:03,413 INFO     [psi4.optking.convcheck:71] Performing convergence check.
2025-07-17:14:39:03,413 INFO     [psi4.optking.convcheck:263] 
	                                 ==> Convergence Check <==                                  
    
	Measures of convergence in internal coordinates in au.
    
	Criteria marked as inactive (o), active & met (*), and active & unmet ( ).

	----------------------------------------------------------------------------------------------
	   Step    Total Energy     Delta E     Max Force     RMS Force      Max Disp      RMS Disp   
	----------------------------------------------------------------------------------------------
	  Convergence Criteria     1.00e-06 *    3.00e-04 *             o    1.20e-03 *             o
	----------------------------------------------------------------------------------------------
	     3    -370.92981056   -1.12e-01      3.20e-01      3.20e-01 o    2.76e-01      2.76e-01 o  ~
	----------------------------------------------------------------------------------------------


2025-07-17:14:39:03,413 INFO     [psi4.optking.stepAlgorithms:266] 	Convergence check returned False
2025-07-17:14:39:03,434 INFO     [psi4.driver.task_planner:285] PLANNING Atomic:  keywords={'DAMPING_PERCENTAGE': 1.0, 'GEOM_MAXITER': 500, 'SCF__GUESS': 'READ', 'GUESS': 'SAP', 'MAXITER': 500, 'REFERENCE': 'UKS', 'function_kwargs': {}}
2025-07-17:14:39:03,436 INFO     [psi4.driver.driver:636] Compute gradient(): method=b3lyp, basis=cc-pvdz, molecule=default, nre=42.59194264183997
2025-07-17:14:39:04,506 INFO     [psi4.driver.driver:639] Return gradient(): -370.99577684436474
2025-07-17:14:39:04,506 INFO     [psi4.driver.driver:640] [[-0.00000000 -0.00000000 -0.17454917]
 [ 0.00000000  0.00000000  0.17436955]]
2025-07-17:14:39:04,508 INFO     [psi4.optking.history:257] 	Performing BFGS update.
2025-07-17:14:39:04,508 INFO     [psi4.optking.history:268] 	Using 3 previous steps for update.
2025-07-17:14:39:04,508 WARNING  [psi4.optking.history:286] 	Change in internal coordinate of 5.32e-01 exceeds limit of 5.00e-01.
2025-07-17:14:39:04,508 WARNING  [psi4.optking.history:291] 	Skipping Hessian update for step 2.
2025-07-17:14:39:04,508 WARNING  [psi4.optking.history:286] 	Change in internal coordinate of 7.85e-01 exceeds limit of 5.00e-01.
2025-07-17:14:39:04,508 WARNING  [psi4.optking.history:291] 	Skipping Hessian update for step 1.
2025-07-17:14:39:04,508 INFO     [psi4.optking.history:302] 	Steps to be used in Hessian update:  3

2025-07-17:14:39:04,508 INFO     [psi4.optking.history:400] 	Updated Hessian (in au) 
 	   0.526397

2025-07-17:14:39:04,508 INFO     [psi4.optking.molsys:874] Projected (PHP) Hessian matrix
	   0.526397

2025-07-17:14:39:04,508 INFO     [psi4.optking.opt_helper:168] 
	         Geometry (au)                                       Gradient (au)
   0.0000000000   0.0000000000   1.7531749917		  -0.0000000000  -0.0000000000  -0.1745491685
   0.0000000000   0.0000000000  -1.2990454974		   0.0000000000   0.0000000000   0.1743695488

2025-07-17:14:39:04,508 INFO     [psi4.optking.stepAlgorithms:315] 	Current Step Report 
 
	Current energy:      -370.9957768444
	Energy change for the previous step:
		Actual       :        -0.0659662877
		Projected    :        -0.0441426298

2025-07-17:14:39:04,508 INFO     [psi4.optking.stepAlgorithms:318] 	Energy ratio =    1.49439
2025-07-17:14:39:04,508 INFO     [psi4.optking.stepAlgorithms:750] 	Using RFO solution 1.
2025-07-17:14:39:04,508 INFO     [psi4.optking.displace:73] 	Determining Cartesian step for fragment 1.
2025-07-17:14:39:04,509 INFO     [psi4.optking.displace:378] 	Successfully converged to displaced geometry.
2025-07-17:14:39:04,509 INFO     [psi4.optking.displace:379] 	RMS(dx):  0.000e+00 	Max(dx):  0.000e+00 	RMS(dq):  0.000e+00
2025-07-17:14:39:04,509 INFO     [psi4.optking.displace:132] 

	        --- Internal Coordinate Step in ANG or DEG, aJ/ANG or AJ/DEG ---
	-------------------------------------------------------------------------------
	           Coordinate      Previous         Force          Change          New 
	           ----------      --------        ------          ------        ------
	               R(1,2)       1.61517        1.43732        0.15946       1.77462
	-------------------------------------------------------------------------------

2025-07-17:14:39:04,509 INFO     [psi4.optking.stepAlgorithms:96] 	|target step| :    0.3013290468
2025-07-17:14:39:04,509 INFO     [psi4.optking.stepAlgorithms:97] 	gradient     :   -0.1744593586
2025-07-17:14:39:04,509 INFO     [psi4.optking.stepAlgorithms:98] 	hessian      :    0.5263966123
2025-07-17:14:39:04,509 INFO     [psi4.optking.stepAlgorithms:177] 	Norm of achieved step-size    0.3013290468
2025-07-17:14:39:04,509 INFO     [psi4.optking.stepAlgorithms:179] 	Norm of achieved step-size (cart):    0.2130718123
2025-07-17:14:39:04,509 INFO     [psi4.optking.opt_helper:151] Molsys:

	                            ===> Fragment 1 <== 

	 Z (Atomic Numbers)          Masses                          Geom                  
	      10.000000            19.992440          0.00000000  0.00000000  1.90383952   
	      13.000000            26.981539          0.00000000  0.00000000 -1.44971002   

	 - Coordinate -           - BOHR/RAD -       - ANG/DEG -
	 R(1,2)           =         3.353550           1.774622

2025-07-17:14:39:04,509 INFO     [psi4.optking.convcheck:71] Performing convergence check.
2025-07-17:14:39:04,509 INFO     [psi4.optking.convcheck:263] 
	                                 ==> Convergence Check <==                                  
    
	Measures of convergence in internal coordinates in au.
    
	Criteria marked as inactive (o), active & met (*), and active & unmet ( ).

	----------------------------------------------------------------------------------------------
	   Step    Total Energy     Delta E     Max Force     RMS Force      Max Disp      RMS Disp   
	----------------------------------------------------------------------------------------------
	  Convergence Criteria     1.00e-06 *    3.00e-04 *             o    1.20e-03 *             o
	----------------------------------------------------------------------------------------------
	     4    -370.99577684   -6.60e-02      1.74e-01      1.74e-01 o    3.01e-01      3.01e-01 o  ~
	----------------------------------------------------------------------------------------------


2025-07-17:14:39:04,509 INFO     [psi4.optking.stepAlgorithms:266] 	Convergence check returned False
2025-07-17:14:39:04,528 INFO     [psi4.driver.task_planner:285] PLANNING Atomic:  keywords={'DAMPING_PERCENTAGE': 1.0, 'GEOM_MAXITER': 500, 'SCF__GUESS': 'READ', 'GUESS': 'SAP', 'MAXITER': 500, 'REFERENCE': 'UKS', 'function_kwargs': {}}
2025-07-17:14:39:04,530 INFO     [psi4.driver.driver:636] Compute gradient(): method=b3lyp, basis=cc-pvdz, molecule=default, nre=38.764896302054474
2025-07-17:14:39:05,426 INFO     [psi4.driver.driver:639] Return gradient(): -371.0347677642224
2025-07-17:14:39:05,426 INFO     [psi4.driver.driver:640] [[ 0.00000000 -0.00000000 -0.09322491]
 [ 0.00000000  0.00000000  0.09320408]]
2025-07-17:14:39:05,427 INFO     [psi4.optking.history:257] 	Performing BFGS update.
2025-07-17:14:39:05,427 INFO     [psi4.optking.history:268] 	Using 4 previous steps for update.
2025-07-17:14:39:05,427 WARNING  [psi4.optking.history:286] 	Change in internal coordinate of 5.77e-01 exceeds limit of 5.00e-01.
2025-07-17:14:39:05,428 WARNING  [psi4.optking.history:291] 	Skipping Hessian update for step 3.
2025-07-17:14:39:05,428 WARNING  [psi4.optking.history:286] 	Change in internal coordinate of 8.34e-01 exceeds limit of 5.00e-01.
2025-07-17:14:39:05,428 WARNING  [psi4.optking.history:291] 	Skipping Hessian update for step 2.
2025-07-17:14:39:05,428 WARNING  [psi4.optking.history:286] 	Change in internal coordinate of 1.09e+00 exceeds limit of 5.00e-01.
2025-07-17:14:39:05,428 WARNING  [psi4.optking.history:291] 	Skipping Hessian update for step 1.
2025-07-17:14:39:05,428 INFO     [psi4.optking.history:302] 	Steps to be used in Hessian update:  4

2025-07-17:14:39:05,428 INFO     [psi4.optking.history:400] 	Updated Hessian (in au) 
 	   0.269622

2025-07-17:14:39:05,429 INFO     [psi4.optking.molsys:874] Projected (PHP) Hessian matrix
	   0.269622

2025-07-17:14:39:05,430 INFO     [psi4.optking.opt_helper:168] 
	         Geometry (au)                                       Gradient (au)
   0.0000000000   0.0000000000   1.9262563765		   0.0000000000  -0.0000000000  -0.0932249054
   0.0000000000   0.0000000000  -1.4272931593		   0.0000000000   0.0000000000   0.0932040775

2025-07-17:14:39:05,430 INFO     [psi4.optking.stepAlgorithms:315] 	Current Step Report 
 
	Current energy:      -371.0347677642
	Energy change for the previous step:
		Actual       :        -0.0389909199
		Projected    :        -0.0262848361

2025-07-17:14:39:05,430 INFO     [psi4.optking.stepAlgorithms:318] 	Energy ratio =    1.48340
2025-07-17:14:39:05,430 INFO     [psi4.optking.stepAlgorithms:750] 	Using RFO solution 1.
2025-07-17:14:39:05,430 INFO     [psi4.optking.displace:73] 	Determining Cartesian step for fragment 1.
2025-07-17:14:39:05,431 INFO     [psi4.optking.displace:378] 	Successfully converged to displaced geometry.
2025-07-17:14:39:05,431 INFO     [psi4.optking.displace:379] 	RMS(dx):  1.282e-16 	Max(dx):  2.220e-16 	RMS(dq):  4.441e-16
2025-07-17:14:39:05,431 INFO     [psi4.optking.displace:132] 

	        --- Internal Coordinate Step in ANG or DEG, aJ/ANG or AJ/DEG ---
	-------------------------------------------------------------------------------
	           Coordinate      Previous         Force          Change          New 
	           ----------      --------        ------          ------        ------
	               R(1,2)       1.77462        0.76797        0.16513       1.93976
	-------------------------------------------------------------------------------

2025-07-17:14:39:05,431 INFO     [psi4.optking.stepAlgorithms:96] 	|target step| :    0.3120568397
2025-07-17:14:39:05,432 INFO     [psi4.optking.stepAlgorithms:97] 	gradient     :   -0.0932144914
2025-07-17:14:39:05,432 INFO     [psi4.optking.stepAlgorithms:98] 	hessian      :    0.2696217575
2025-07-17:14:39:05,432 INFO     [psi4.optking.stepAlgorithms:177] 	Norm of achieved step-size    0.3120568397
2025-07-17:14:39:05,432 INFO     [psi4.optking.stepAlgorithms:179] 	Norm of achieved step-size (cart):    0.2206575074
2025-07-17:14:39:05,432 INFO     [psi4.optking.opt_helper:151] Molsys:

	                            ===> Fragment 1 <== 

	 Z (Atomic Numbers)          Masses                          Geom                  
	      10.000000            19.992440          0.00000000  0.00000000  2.08228480   
	      13.000000            26.981539          0.00000000  0.00000000 -1.58332158   

	 - Coordinate -           - BOHR/RAD -       - ANG/DEG -
	 R(1,2)           =         3.665606           1.939755

2025-07-17:14:39:05,433 INFO     [psi4.optking.convcheck:71] Performing convergence check.
2025-07-17:14:39:05,433 INFO     [psi4.optking.convcheck:263] 
	                                 ==> Convergence Check <==                                  
    
	Measures of convergence in internal coordinates in au.
    
	Criteria marked as inactive (o), active & met (*), and active & unmet ( ).

	----------------------------------------------------------------------------------------------
	   Step    Total Energy     Delta E     Max Force     RMS Force      Max Disp      RMS Disp   
	----------------------------------------------------------------------------------------------
	  Convergence Criteria     1.00e-06 *    3.00e-04 *             o    1.20e-03 *             o
	----------------------------------------------------------------------------------------------
	     5    -371.03476776   -3.90e-02      9.32e-02      9.32e-02 o    3.12e-01      3.12e-01 o  ~
	----------------------------------------------------------------------------------------------


2025-07-17:14:39:05,433 INFO     [psi4.optking.stepAlgorithms:266] 	Convergence check returned False
2025-07-17:14:39:05,454 INFO     [psi4.driver.task_planner:285] PLANNING Atomic:  keywords={'DAMPING_PERCENTAGE': 1.0, 'GEOM_MAXITER': 500, 'SCF__GUESS': 'READ', 'GUESS': 'SAP', 'MAXITER': 500, 'REFERENCE': 'UKS', 'function_kwargs': {}}
2025-07-17:14:39:05,456 INFO     [psi4.driver.driver:636] Compute gradient(): method=b3lyp, basis=cc-pvdz, molecule=default, nre=35.46480082250046
2025-07-17:14:39:06,459 INFO     [psi4.driver.driver:639] Return gradient(): -371.05631702268306
2025-07-17:14:39:06,460 INFO     [psi4.driver.driver:640] [[ 0.00000000 -0.00000000 -0.04926525]
 [ 0.00000000  0.00000000  0.04937663]]
2025-07-17:14:39:06,461 INFO     [psi4.optking.history:257] 	Performing BFGS update.
2025-07-17:14:39:06,461 INFO     [psi4.optking.history:268] 	Using 4 previous steps for update.
2025-07-17:14:39:06,462 WARNING  [psi4.optking.history:286] 	Change in internal coordinate of 6.13e-01 exceeds limit of 5.00e-01.
2025-07-17:14:39:06,462 WARNING  [psi4.optking.history:291] 	Skipping Hessian update for step 4.
2025-07-17:14:39:06,462 WARNING  [psi4.optking.history:286] 	Change in internal coordinate of 8.89e-01 exceeds limit of 5.00e-01.
2025-07-17:14:39:06,462 WARNING  [psi4.optking.history:291] 	Skipping Hessian update for step 3.
2025-07-17:14:39:06,462 WARNING  [psi4.optking.history:286] 	Change in internal coordinate of 1.15e+00 exceeds limit of 5.00e-01.
2025-07-17:14:39:06,462 WARNING  [psi4.optking.history:291] 	Skipping Hessian update for step 2.
2025-07-17:14:39:06,462 WARNING  [psi4.optking.history:286] 	Change in internal coordinate of 1.40e+00 exceeds limit of 5.00e-01.
2025-07-17:14:39:06,462 WARNING  [psi4.optking.history:291] 	Skipping Hessian update for step 1.
2025-07-17:14:39:06,462 INFO     [psi4.optking.history:302] 	Steps to be used in Hessian update:  5

2025-07-17:14:39:06,462 INFO     [psi4.optking.history:400] 	Updated Hessian (in au) 
 	   0.140659

2025-07-17:14:39:06,462 INFO     [psi4.optking.molsys:874] Projected (PHP) Hessian matrix
	   0.140659

2025-07-17:14:39:06,462 INFO     [psi4.optking.opt_helper:168] 
	         Geometry (au)                                       Gradient (au)
   0.0000000000   0.0000000000   2.1054997337		   0.0000000000  -0.0000000000  -0.0492652502
   0.0000000000   0.0000000000  -1.5601066418		   0.0000000000   0.0000000000   0.0493766328

2025-07-17:14:39:06,462 INFO     [psi4.optking.stepAlgorithms:315] 	Current Step Report 
 
	Current energy:      -371.0563170227
	Energy change for the previous step:
		Actual       :        -0.0215492585
		Projected    :        -0.0145441098

2025-07-17:14:39:06,462 INFO     [psi4.optking.stepAlgorithms:318] 	Energy ratio =    1.48165
2025-07-17:14:39:06,462 INFO     [psi4.optking.stepAlgorithms:750] 	Using RFO solution 1.
2025-07-17:14:39:06,462 INFO     [psi4.optking.displace:73] 	Determining Cartesian step for fragment 1.
2025-07-17:14:39:06,463 INFO     [psi4.optking.displace:378] 	Successfully converged to displaced geometry.
2025-07-17:14:39:06,463 INFO     [psi4.optking.displace:379] 	RMS(dx):  1.282e-16 	Max(dx):  2.220e-16 	RMS(dq):  0.000e+00
2025-07-17:14:39:06,463 INFO     [psi4.optking.displace:132] 

	        --- Internal Coordinate Step in ANG or DEG, aJ/ANG or AJ/DEG ---
	-------------------------------------------------------------------------------
	           Coordinate      Previous         Force          Change          New 
	           ----------      --------        ------          ------        ------
	               R(1,2)       1.93976        0.40634        0.16706       2.10681
	-------------------------------------------------------------------------------

2025-07-17:14:39:06,463 INFO     [psi4.optking.stepAlgorithms:96] 	|target step| :    0.3156959472
2025-07-17:14:39:06,463 INFO     [psi4.optking.stepAlgorithms:97] 	gradient     :   -0.0493209415
2025-07-17:14:39:06,463 INFO     [psi4.optking.stepAlgorithms:98] 	hessian      :    0.1406588300
2025-07-17:14:39:06,463 INFO     [psi4.optking.stepAlgorithms:177] 	Norm of achieved step-size    0.3156959472
2025-07-17:14:39:06,463 INFO     [psi4.optking.stepAlgorithms:179] 	Norm of achieved step-size (cart):    0.2232307451
2025-07-17:14:39:06,463 INFO     [psi4.optking.opt_helper:151] Molsys:

	                            ===> Fragment 1 <== 

	 Z (Atomic Numbers)          Masses                          Geom                  
	      10.000000            19.992440          0.00000000  0.00000000  2.26334771   
	      13.000000            26.981539          0.00000000  0.00000000 -1.71795462   

	 - Coordinate -           - BOHR/RAD -       - ANG/DEG -
	 R(1,2)           =         3.981302           2.106814

2025-07-17:14:39:06,463 INFO     [psi4.optking.convcheck:71] Performing convergence check.
2025-07-17:14:39:06,463 INFO     [psi4.optking.convcheck:263] 
	                                 ==> Convergence Check <==                                  
    
	Measures of convergence in internal coordinates in au.
    
	Criteria marked as inactive (o), active & met (*), and active & unmet ( ).

	----------------------------------------------------------------------------------------------
	   Step    Total Energy     Delta E     Max Force     RMS Force      Max Disp      RMS Disp   
	----------------------------------------------------------------------------------------------
	  Convergence Criteria     1.00e-06 *    3.00e-04 *             o    1.20e-03 *             o
	----------------------------------------------------------------------------------------------
	     6    -371.05631702   -2.15e-02      4.93e-02      4.93e-02 o    3.16e-01      3.16e-01 o  ~
	----------------------------------------------------------------------------------------------


2025-07-17:14:39:06,463 INFO     [psi4.optking.stepAlgorithms:266] 	Convergence check returned False
2025-07-17:14:39:06,481 INFO     [psi4.driver.task_planner:285] PLANNING Atomic:  keywords={'DAMPING_PERCENTAGE': 1.0, 'GEOM_MAXITER': 500, 'SCF__GUESS': 'READ', 'GUESS': 'SAP', 'MAXITER': 500, 'REFERENCE': 'UKS', 'function_kwargs': {}}
2025-07-17:14:39:06,482 INFO     [psi4.driver.driver:636] Compute gradient(): method=b3lyp, basis=cc-pvdz, molecule=default, nre=32.65263209426283
2025-07-17:14:39:07,359 INFO     [psi4.driver.driver:639] Return gradient(): -371.06775775179256
2025-07-17:14:39:07,359 INFO     [psi4.driver.driver:640] [[ 0.00000000 -0.00000000 -0.02537110]
 [ 0.00000000  0.00000000  0.02549560]]
2025-07-17:14:39:07,360 INFO     [psi4.optking.history:257] 	Performing BFGS update.
2025-07-17:14:39:07,360 INFO     [psi4.optking.history:268] 	Using 4 previous steps for update.
2025-07-17:14:39:07,360 WARNING  [psi4.optking.history:286] 	Change in internal coordinate of 6.28e-01 exceeds limit of 5.00e-01.
2025-07-17:14:39:07,360 WARNING  [psi4.optking.history:291] 	Skipping Hessian update for step 5.
2025-07-17:14:39:07,361 WARNING  [psi4.optking.history:286] 	Change in internal coordinate of 9.29e-01 exceeds limit of 5.00e-01.
2025-07-17:14:39:07,361 WARNING  [psi4.optking.history:291] 	Skipping Hessian update for step 4.
2025-07-17:14:39:07,361 WARNING  [psi4.optking.history:286] 	Change in internal coordinate of 1.21e+00 exceeds limit of 5.00e-01.
2025-07-17:14:39:07,361 WARNING  [psi4.optking.history:291] 	Skipping Hessian update for step 3.
2025-07-17:14:39:07,361 WARNING  [psi4.optking.history:286] 	Change in internal coordinate of 1.46e+00 exceeds limit of 5.00e-01.
2025-07-17:14:39:07,361 WARNING  [psi4.optking.history:291] 	Skipping Hessian update for step 2.
2025-07-17:14:39:07,361 WARNING  [psi4.optking.history:286] 	Change in internal coordinate of 1.71e+00 exceeds limit of 5.00e-01.
2025-07-17:14:39:07,361 WARNING  [psi4.optking.history:291] 	Skipping Hessian update for step 1.
2025-07-17:14:39:07,361 INFO     [psi4.optking.history:302] 	Steps to be used in Hessian update:  6

2025-07-17:14:39:07,361 INFO     [psi4.optking.history:400] 	Updated Hessian (in au) 
 	   0.075666

2025-07-17:14:39:07,362 INFO     [psi4.optking.molsys:874] Projected (PHP) Hessian matrix
	   0.075666

2025-07-17:14:39:07,362 INFO     [psi4.optking.opt_helper:168] 
	         Geometry (au)                                       Gradient (au)
   0.0000000000   0.0000000000   2.2868333699		   0.0000000000  -0.0000000000  -0.0253711020
   0.0000000000   0.0000000000  -1.6944689529		   0.0000000000   0.0000000000   0.0254955968

2025-07-17:14:39:07,362 INFO     [psi4.optking.stepAlgorithms:315] 	Current Step Report 
 
	Current energy:      -371.0677577518
	Energy change for the previous step:
		Actual       :        -0.0114407291
		Projected    :        -0.0077852107

2025-07-17:14:39:07,362 INFO     [psi4.optking.stepAlgorithms:318] 	Energy ratio =    1.46955
2025-07-17:14:39:07,362 INFO     [psi4.optking.stepAlgorithms:750] 	Using RFO solution 1.
2025-07-17:14:39:07,362 INFO     [psi4.optking.displace:73] 	Determining Cartesian step for fragment 1.
2025-07-17:14:39:07,363 INFO     [psi4.optking.displace:378] 	Successfully converged to displaced geometry.
2025-07-17:14:39:07,363 INFO     [psi4.optking.displace:379] 	RMS(dx):  2.564e-16 	Max(dx):  4.441e-16 	RMS(dq):  8.882e-16
2025-07-17:14:39:07,363 INFO     [psi4.optking.displace:132] 

	        --- Internal Coordinate Step in ANG or DEG, aJ/ANG or AJ/DEG ---
	-------------------------------------------------------------------------------
	           Coordinate      Previous         Force          Change          New 
	           ----------      --------        ------          ------        ------
	               R(1,2)       2.10681        0.20954        0.16134       2.26815
	-------------------------------------------------------------------------------

2025-07-17:14:39:07,363 INFO     [psi4.optking.stepAlgorithms:96] 	|target step| :    0.3048809403
2025-07-17:14:39:07,363 INFO     [psi4.optking.stepAlgorithms:97] 	gradient     :   -0.0254333494
2025-07-17:14:39:07,363 INFO     [psi4.optking.stepAlgorithms:98] 	hessian      :    0.0756664514
2025-07-17:14:39:07,363 INFO     [psi4.optking.stepAlgorithms:177] 	Norm of achieved step-size    0.3048809403
2025-07-17:14:39:07,363 INFO     [psi4.optking.stepAlgorithms:179] 	Norm of achieved step-size (cart):    0.2155833803
2025-07-17:14:39:07,363 INFO     [psi4.optking.opt_helper:151] Molsys:

	                            ===> Fragment 1 <== 

	 Z (Atomic Numbers)          Masses                          Geom                  
	      10.000000            19.992440          0.00000000  0.00000000  2.43927384   
	      13.000000            26.981539          0.00000000  0.00000000 -1.84690942   

	 - Coordinate -           - BOHR/RAD -       - ANG/DEG -
	 R(1,2)           =         4.286183           2.268151

2025-07-17:14:39:07,364 INFO     [psi4.optking.convcheck:71] Performing convergence check.
2025-07-17:14:39:07,364 INFO     [psi4.optking.convcheck:263] 
	                                 ==> Convergence Check <==                                  
    
	Measures of convergence in internal coordinates in au.
    
	Criteria marked as inactive (o), active & met (*), and active & unmet ( ).

	----------------------------------------------------------------------------------------------
	   Step    Total Energy     Delta E     Max Force     RMS Force      Max Disp      RMS Disp   
	----------------------------------------------------------------------------------------------
	  Convergence Criteria     1.00e-06 *    3.00e-04 *             o    1.20e-03 *             o
	----------------------------------------------------------------------------------------------
	     7    -371.06775775   -1.14e-02      2.54e-02      2.54e-02 o    3.05e-01      3.05e-01 o  ~
	----------------------------------------------------------------------------------------------


2025-07-17:14:39:07,364 INFO     [psi4.optking.stepAlgorithms:266] 	Convergence check returned False
2025-07-17:14:39:07,378 INFO     [psi4.driver.task_planner:285] PLANNING Atomic:  keywords={'DAMPING_PERCENTAGE': 1.0, 'GEOM_MAXITER': 500, 'SCF__GUESS': 'READ', 'GUESS': 'SAP', 'MAXITER': 500, 'REFERENCE': 'UKS', 'function_kwargs': {}}
2025-07-17:14:39:07,379 INFO     [psi4.driver.driver:636] Compute gradient(): method=b3lyp, basis=cc-pvdz, molecule=default, nre=30.330014379258213
2025-07-17:14:39:08,322 INFO     [psi4.driver.driver:639] Return gradient(): -371.0733803735316
2025-07-17:14:39:08,322 INFO     [psi4.driver.driver:640] [[ 0.00000000  0.00000000 -0.01261679]
 [-0.00000000 -0.00000000  0.01267203]]
2025-07-17:14:39:08,323 INFO     [psi4.optking.history:257] 	Performing BFGS update.
2025-07-17:14:39:08,323 INFO     [psi4.optking.history:268] 	Using 4 previous steps for update.
2025-07-17:14:39:08,323 WARNING  [psi4.optking.history:286] 	Change in internal coordinate of 6.21e-01 exceeds limit of 5.00e-01.
2025-07-17:14:39:08,323 WARNING  [psi4.optking.history:291] 	Skipping Hessian update for step 6.
2025-07-17:14:39:08,324 WARNING  [psi4.optking.history:286] 	Change in internal coordinate of 9.33e-01 exceeds limit of 5.00e-01.
2025-07-17:14:39:08,324 WARNING  [psi4.optking.history:291] 	Skipping Hessian update for step 5.
2025-07-17:14:39:08,324 WARNING  [psi4.optking.history:286] 	Change in internal coordinate of 1.23e+00 exceeds limit of 5.00e-01.
2025-07-17:14:39:08,324 WARNING  [psi4.optking.history:291] 	Skipping Hessian update for step 4.
2025-07-17:14:39:08,324 WARNING  [psi4.optking.history:286] 	Change in internal coordinate of 1.51e+00 exceeds limit of 5.00e-01.
2025-07-17:14:39:08,324 WARNING  [psi4.optking.history:291] 	Skipping Hessian update for step 3.
2025-07-17:14:39:08,324 WARNING  [psi4.optking.history:286] 	Change in internal coordinate of 1.77e+00 exceeds limit of 5.00e-01.
2025-07-17:14:39:08,324 WARNING  [psi4.optking.history:291] 	Skipping Hessian update for step 2.
2025-07-17:14:39:08,324 WARNING  [psi4.optking.history:286] 	Change in internal coordinate of 2.02e+00 exceeds limit of 5.00e-01.
2025-07-17:14:39:08,324 WARNING  [psi4.optking.history:291] 	Skipping Hessian update for step 1.
2025-07-17:14:39:08,324 INFO     [psi4.optking.history:302] 	Steps to be used in Hessian update:  7

2025-07-17:14:39:08,324 INFO     [psi4.optking.history:400] 	Updated Hessian (in au) 
 	   0.041947

2025-07-17:14:39:08,325 INFO     [psi4.optking.molsys:874] Projected (PHP) Hessian matrix
	   0.041947

2025-07-17:14:39:08,325 INFO     [psi4.optking.opt_helper:168] 
	         Geometry (au)                                       Gradient (au)
   0.0000000000   0.0000000000   2.4619549385		   0.0000000000   0.0000000000  -0.0126167867
   0.0000000000   0.0000000000  -1.8242283245		  -0.0000000000  -0.0000000000   0.0126720308

2025-07-17:14:39:08,325 INFO     [psi4.optking.stepAlgorithms:315] 	Current Step Report 
 
	Current energy:      -371.0733803735
	Energy change for the previous step:
		Actual       :        -0.0056226217
		Projected    :        -0.0038770717

2025-07-17:14:39:08,325 INFO     [psi4.optking.stepAlgorithms:318] 	Energy ratio =    1.45022
2025-07-17:14:39:08,325 INFO     [psi4.optking.stepAlgorithms:750] 	Using RFO solution 1.
2025-07-17:14:39:08,325 INFO     [psi4.optking.displace:73] 	Determining Cartesian step for fragment 1.
2025-07-17:14:39:08,326 INFO     [psi4.optking.displace:378] 	Successfully converged to displaced geometry.
2025-07-17:14:39:08,326 INFO     [psi4.optking.displace:379] 	RMS(dx):  0.000e+00 	Max(dx):  0.000e+00 	RMS(dq):  0.000e+00
2025-07-17:14:39:08,326 INFO     [psi4.optking.displace:132] 

	        --- Internal Coordinate Step in ANG or DEG, aJ/ANG or AJ/DEG ---
	-------------------------------------------------------------------------------
	           Coordinate      Previous         Force          Change          New 
	           ----------      --------        ------          ------        ------
	               R(1,2)       2.26815        0.10417        0.14717       2.41532
	-------------------------------------------------------------------------------

2025-07-17:14:39:08,326 INFO     [psi4.optking.stepAlgorithms:96] 	|target step| :    0.2781192579
2025-07-17:14:39:08,326 INFO     [psi4.optking.stepAlgorithms:97] 	gradient     :   -0.0126444087
2025-07-17:14:39:08,326 INFO     [psi4.optking.stepAlgorithms:98] 	hessian      :    0.0419473277
2025-07-17:14:39:08,326 INFO     [psi4.optking.stepAlgorithms:177] 	Norm of achieved step-size    0.2781192579
2025-07-17:14:39:08,326 INFO     [psi4.optking.stepAlgorithms:179] 	Norm of achieved step-size (cart):    0.1966600133
2025-07-17:14:39:08,326 INFO     [psi4.optking.opt_helper:151] Molsys:

	                            ===> Fragment 1 <== 

	 Z (Atomic Numbers)          Masses                          Geom                  
	      10.000000            19.992440          0.00000000  0.00000000  2.60101457   
	      13.000000            26.981539          0.00000000  0.00000000 -1.96328795   

	 - Coordinate -           - BOHR/RAD -       - ANG/DEG -
	 R(1,2)           =         4.564303           2.415325

2025-07-17:14:39:08,327 INFO     [psi4.optking.convcheck:71] Performing convergence check.
2025-07-17:14:39:08,327 INFO     [psi4.optking.convcheck:263] 
	                                 ==> Convergence Check <==                                  
    
	Measures of convergence in internal coordinates in au.
    
	Criteria marked as inactive (o), active & met (*), and active & unmet ( ).

	----------------------------------------------------------------------------------------------
	   Step    Total Energy     Delta E     Max Force     RMS Force      Max Disp      RMS Disp   
	----------------------------------------------------------------------------------------------
	  Convergence Criteria     1.00e-06 *    3.00e-04 *             o    1.20e-03 *             o
	----------------------------------------------------------------------------------------------
	     8    -371.07338037   -5.62e-03      1.26e-02      1.26e-02 o    2.78e-01      2.78e-01 o  ~
	----------------------------------------------------------------------------------------------


2025-07-17:14:39:08,327 INFO     [psi4.optking.stepAlgorithms:266] 	Convergence check returned False
2025-07-17:14:39:08,339 INFO     [psi4.driver.task_planner:285] PLANNING Atomic:  keywords={'DAMPING_PERCENTAGE': 1.0, 'GEOM_MAXITER': 500, 'SCF__GUESS': 'READ', 'GUESS': 'SAP', 'MAXITER': 500, 'REFERENCE': 'UKS', 'function_kwargs': {}}
2025-07-17:14:39:08,340 INFO     [psi4.driver.driver:636] Compute gradient(): method=b3lyp, basis=cc-pvdz, molecule=default, nre=28.48189825339211
2025-07-17:14:39:09,401 INFO     [psi4.driver.driver:639] Return gradient(): -371.0758721821771
2025-07-17:14:39:09,402 INFO     [psi4.driver.driver:640] [[ 0.00000000 -0.00000000 -0.00592271]
 [ 0.00000000 -0.00000000  0.00591247]]
2025-07-17:14:39:09,408 INFO     [psi4.optking.history:257] 	Performing BFGS update.
2025-07-17:14:39:09,408 INFO     [psi4.optking.history:268] 	Using 4 previous steps for update.
2025-07-17:14:39:09,409 WARNING  [psi4.optking.history:286] 	Change in internal coordinate of 5.83e-01 exceeds limit of 5.00e-01.
2025-07-17:14:39:09,409 WARNING  [psi4.optking.history:291] 	Skipping Hessian update for step 7.
2025-07-17:14:39:09,409 WARNING  [psi4.optking.history:286] 	Change in internal coordinate of 8.99e-01 exceeds limit of 5.00e-01.
2025-07-17:14:39:09,409 WARNING  [psi4.optking.history:291] 	Skipping Hessian update for step 6.
2025-07-17:14:39:09,409 WARNING  [psi4.optking.history:286] 	Change in internal coordinate of 1.21e+00 exceeds limit of 5.00e-01.
2025-07-17:14:39:09,409 WARNING  [psi4.optking.history:291] 	Skipping Hessian update for step 5.
2025-07-17:14:39:09,409 WARNING  [psi4.optking.history:286] 	Change in internal coordinate of 1.51e+00 exceeds limit of 5.00e-01.
2025-07-17:14:39:09,409 WARNING  [psi4.optking.history:291] 	Skipping Hessian update for step 4.
2025-07-17:14:39:09,409 WARNING  [psi4.optking.history:286] 	Change in internal coordinate of 1.79e+00 exceeds limit of 5.00e-01.
2025-07-17:14:39:09,409 WARNING  [psi4.optking.history:291] 	Skipping Hessian update for step 3.
2025-07-17:14:39:09,409 WARNING  [psi4.optking.history:286] 	Change in internal coordinate of 2.04e+00 exceeds limit of 5.00e-01.
2025-07-17:14:39:09,409 WARNING  [psi4.optking.history:291] 	Skipping Hessian update for step 2.
2025-07-17:14:39:09,409 WARNING  [psi4.optking.history:286] 	Change in internal coordinate of 2.30e+00 exceeds limit of 5.00e-01.
2025-07-17:14:39:09,409 WARNING  [psi4.optking.history:291] 	Skipping Hessian update for step 1.
2025-07-17:14:39:09,410 INFO     [psi4.optking.history:302] 	Steps to be used in Hessian update:  8

2025-07-17:14:39:09,410 INFO     [psi4.optking.history:400] 	Updated Hessian (in au) 
 	   0.024187

2025-07-17:14:39:09,410 INFO     [psi4.optking.molsys:874] Projected (PHP) Hessian matrix
	   0.024187

2025-07-17:14:39:09,410 INFO     [psi4.optking.opt_helper:168] 
	         Geometry (au)                                       Gradient (au)
   0.0000000000   0.0000000000   2.6217047762		   0.0000000000  -0.0000000000  -0.0059227108
   0.0000000000   0.0000000000  -1.9425977447		   0.0000000000  -0.0000000000   0.0059124686

2025-07-17:14:39:09,410 INFO     [psi4.optking.stepAlgorithms:315] 	Current Step Report 
 
	Current energy:      -371.0758721822
	Energy change for the previous step:
		Actual       :        -0.0024918086
		Projected    :        -0.0017583268

2025-07-17:14:39:09,410 INFO     [psi4.optking.stepAlgorithms:318] 	Energy ratio =    1.41715
2025-07-17:14:39:09,410 INFO     [psi4.optking.stepAlgorithms:750] 	Using RFO solution 1.
2025-07-17:14:39:09,410 INFO     [psi4.optking.displace:73] 	Determining Cartesian step for fragment 1.
2025-07-17:14:39:09,411 INFO     [psi4.optking.displace:378] 	Successfully converged to displaced geometry.
2025-07-17:14:39:09,411 INFO     [psi4.optking.displace:379] 	RMS(dx):  0.000e+00 	Max(dx):  0.000e+00 	RMS(dq):  0.000e+00
2025-07-17:14:39:09,411 INFO     [psi4.optking.displace:132] 

	        --- Internal Coordinate Step in ANG or DEG, aJ/ANG or AJ/DEG ---
	-------------------------------------------------------------------------------
	           Coordinate      Previous         Force          Change          New 
	           ----------      --------        ------          ------        ------
	               R(1,2)       2.41532        0.04875        0.12253       2.53785
	-------------------------------------------------------------------------------

2025-07-17:14:39:09,411 INFO     [psi4.optking.stepAlgorithms:96] 	|target step| :    0.2315447540
2025-07-17:14:39:09,411 INFO     [psi4.optking.stepAlgorithms:97] 	gradient     :   -0.0059175897
2025-07-17:14:39:09,411 INFO     [psi4.optking.stepAlgorithms:98] 	hessian      :    0.0241868150
2025-07-17:14:39:09,411 INFO     [psi4.optking.stepAlgorithms:177] 	Norm of achieved step-size    0.2315447540
2025-07-17:14:39:09,411 INFO     [psi4.optking.stepAlgorithms:179] 	Norm of achieved step-size (cart):    0.1637268657
2025-07-17:14:39:09,411 INFO     [psi4.optking.opt_helper:151] Molsys:

	                            ===> Fragment 1 <== 

	 Z (Atomic Numbers)          Masses                          Geom                  
	      10.000000            19.992440          0.00000000  0.00000000  2.73747715   
	      13.000000            26.981539          0.00000000  0.00000000 -2.05837012   

	 - Coordinate -           - BOHR/RAD -       - ANG/DEG -
	 R(1,2)           =         4.795847           2.537853

2025-07-17:14:39:09,411 INFO     [psi4.optking.convcheck:71] Performing convergence check.
2025-07-17:14:39:09,411 INFO     [psi4.optking.convcheck:263] 
	                                 ==> Convergence Check <==                                  
    
	Measures of convergence in internal coordinates in au.
    
	Criteria marked as inactive (o), active & met (*), and active & unmet ( ).

	----------------------------------------------------------------------------------------------
	   Step    Total Energy     Delta E     Max Force     RMS Force      Max Disp      RMS Disp   
	----------------------------------------------------------------------------------------------
	  Convergence Criteria     1.00e-06 *    3.00e-04 *             o    1.20e-03 *             o
	----------------------------------------------------------------------------------------------
	     9    -371.07587218   -2.49e-03      5.92e-03      5.92e-03 o    2.32e-01      2.32e-01 o  ~
	----------------------------------------------------------------------------------------------


2025-07-17:14:39:09,411 INFO     [psi4.optking.stepAlgorithms:266] 	Convergence check returned False
2025-07-17:14:39:09,434 INFO     [psi4.driver.task_planner:285] PLANNING Atomic:  keywords={'DAMPING_PERCENTAGE': 1.0, 'GEOM_MAXITER': 500, 'SCF__GUESS': 'READ', 'GUESS': 'SAP', 'MAXITER': 500, 'REFERENCE': 'UKS', 'function_kwargs': {}}
2025-07-17:14:39:09,435 INFO     [psi4.driver.driver:636] Compute gradient(): method=b3lyp, basis=cc-pvdz, molecule=default, nre=27.106784796863646
2025-07-17:14:39:10,392 INFO     [psi4.driver.driver:639] Return gradient(): -371.07680459803385
2025-07-17:14:39:10,392 INFO     [psi4.driver.driver:640] [[-0.00000000  0.00000000 -0.00249326]
 [ 0.00000000  0.00000000  0.00246758]]
2025-07-17:14:39:10,394 INFO     [psi4.optking.history:257] 	Performing BFGS update.
2025-07-17:14:39:10,394 INFO     [psi4.optking.history:268] 	Using 4 previous steps for update.
2025-07-17:14:39:10,394 WARNING  [psi4.optking.history:286] 	Change in internal coordinate of 5.10e-01 exceeds limit of 5.00e-01.
2025-07-17:14:39:10,394 WARNING  [psi4.optking.history:291] 	Skipping Hessian update for step 8.
2025-07-17:14:39:10,394 WARNING  [psi4.optking.history:286] 	Change in internal coordinate of 8.15e-01 exceeds limit of 5.00e-01.
2025-07-17:14:39:10,394 WARNING  [psi4.optking.history:291] 	Skipping Hessian update for step 7.
2025-07-17:14:39:10,394 WARNING  [psi4.optking.history:286] 	Change in internal coordinate of 1.13e+00 exceeds limit of 5.00e-01.
2025-07-17:14:39:10,394 WARNING  [psi4.optking.history:291] 	Skipping Hessian update for step 6.
2025-07-17:14:39:10,394 WARNING  [psi4.optking.history:286] 	Change in internal coordinate of 1.44e+00 exceeds limit of 5.00e-01.
2025-07-17:14:39:10,394 WARNING  [psi4.optking.history:291] 	Skipping Hessian update for step 5.
2025-07-17:14:39:10,394 WARNING  [psi4.optking.history:286] 	Change in internal coordinate of 1.74e+00 exceeds limit of 5.00e-01.
2025-07-17:14:39:10,394 WARNING  [psi4.optking.history:291] 	Skipping Hessian update for step 4.
2025-07-17:14:39:10,394 WARNING  [psi4.optking.history:286] 	Change in internal coordinate of 2.02e+00 exceeds limit of 5.00e-01.
2025-07-17:14:39:10,394 WARNING  [psi4.optking.history:291] 	Skipping Hessian update for step 3.
2025-07-17:14:39:10,394 WARNING  [psi4.optking.history:286] 	Change in internal coordinate of 2.28e+00 exceeds limit of 5.00e-01.
2025-07-17:14:39:10,394 WARNING  [psi4.optking.history:291] 	Skipping Hessian update for step 2.
2025-07-17:14:39:10,394 WARNING  [psi4.optking.history:286] 	Change in internal coordinate of 2.53e+00 exceeds limit of 5.00e-01.
2025-07-17:14:39:10,394 WARNING  [psi4.optking.history:291] 	Skipping Hessian update for step 1.
2025-07-17:14:39:10,394 INFO     [psi4.optking.history:302] 	Steps to be used in Hessian update:  9

2025-07-17:14:39:10,394 INFO     [psi4.optking.history:400] 	Updated Hessian (in au) 
 	   0.014845

2025-07-17:14:39:10,395 INFO     [psi4.optking.molsys:874] Projected (PHP) Hessian matrix
	   0.014845

2025-07-17:14:39:10,395 INFO     [psi4.optking.opt_helper:168] 
	         Geometry (au)                                       Gradient (au)
   0.0000000000   0.0000000000   2.7547025310		  -0.0000000000   0.0000000000  -0.0024932597
   0.0000000000   0.0000000000  -2.0411447439		   0.0000000000   0.0000000000   0.0024675849

2025-07-17:14:39:10,395 INFO     [psi4.optking.stepAlgorithms:315] 	Current Step Report 
 
	Current energy:      -371.0768045980
	Energy change for the previous step:
		Actual       :        -0.0009324159
		Projected    :        -0.0006850934

2025-07-17:14:39:10,395 INFO     [psi4.optking.stepAlgorithms:318] 	Energy ratio =    1.36101
2025-07-17:14:39:10,395 INFO     [psi4.optking.stepAlgorithms:750] 	Using RFO solution 1.
2025-07-17:14:39:10,395 INFO     [psi4.optking.displace:73] 	Determining Cartesian step for fragment 1.
2025-07-17:14:39:10,395 INFO     [psi4.optking.displace:378] 	Successfully converged to displaced geometry.
2025-07-17:14:39:10,395 INFO     [psi4.optking.displace:379] 	RMS(dx):  0.000e+00 	Max(dx):  0.000e+00 	RMS(dq):  0.000e+00
2025-07-17:14:39:10,395 INFO     [psi4.optking.displace:132] 

	        --- Internal Coordinate Step in ANG or DEG, aJ/ANG or AJ/DEG ---
	-------------------------------------------------------------------------------
	           Coordinate      Previous         Force          Change          New 
	           ----------      --------        ------          ------        ------
	               R(1,2)       2.53785        0.02044        0.08608       2.62394
	-------------------------------------------------------------------------------

2025-07-17:14:39:10,395 INFO     [psi4.optking.stepAlgorithms:96] 	|target step| :    0.1626719680
2025-07-17:14:39:10,395 INFO     [psi4.optking.stepAlgorithms:97] 	gradient     :   -0.0024804223
2025-07-17:14:39:10,395 INFO     [psi4.optking.stepAlgorithms:98] 	hessian      :    0.0148445056
2025-07-17:14:39:10,395 INFO     [psi4.optking.stepAlgorithms:177] 	Norm of achieved step-size    0.1626719680
2025-07-17:14:39:10,395 INFO     [psi4.optking.stepAlgorithms:179] 	Norm of achieved step-size (cart):    0.1150264517
2025-07-17:14:39:10,395 INFO     [psi4.optking.opt_helper:151] Molsys:

	                            ===> Fragment 1 <== 

	 Z (Atomic Numbers)          Masses                          Geom                  
	      10.000000            19.992440          0.00000000  0.00000000  2.83603851   
	      13.000000            26.981539          0.00000000  0.00000000 -2.12248073   

	 - Coordinate -           - BOHR/RAD -       - ANG/DEG -
	 R(1,2)           =         4.958519           2.623935

2025-07-17:14:39:10,396 INFO     [psi4.optking.convcheck:71] Performing convergence check.
2025-07-17:14:39:10,396 INFO     [psi4.optking.convcheck:263] 
	                                 ==> Convergence Check <==                                  
    
	Measures of convergence in internal coordinates in au.
    
	Criteria marked as inactive (o), active & met (*), and active & unmet ( ).

	----------------------------------------------------------------------------------------------
	   Step    Total Energy     Delta E     Max Force     RMS Force      Max Disp      RMS Disp   
	----------------------------------------------------------------------------------------------
	  Convergence Criteria     1.00e-06 *    3.00e-04 *             o    1.20e-03 *             o
	----------------------------------------------------------------------------------------------
	    10    -371.07680460   -9.32e-04      2.48e-03      2.48e-03 o    1.63e-01      1.63e-01 o  ~
	----------------------------------------------------------------------------------------------


2025-07-17:14:39:10,396 INFO     [psi4.optking.stepAlgorithms:266] 	Convergence check returned False
2025-07-17:14:39:10,411 INFO     [psi4.driver.task_planner:285] PLANNING Atomic:  keywords={'DAMPING_PERCENTAGE': 1.0, 'GEOM_MAXITER': 500, 'SCF__GUESS': 'READ', 'GUESS': 'SAP', 'MAXITER': 500, 'REFERENCE': 'UKS', 'function_kwargs': {}}
2025-07-17:14:39:10,412 INFO     [psi4.driver.driver:636] Compute gradient(): method=b3lyp, basis=cc-pvdz, molecule=default, nre=26.217504385974173
2025-07-17:14:39:11,636 INFO     [psi4.driver.driver:639] Return gradient(): -371.07706192968266
2025-07-17:14:39:11,636 INFO     [psi4.driver.driver:640] [[-0.00000000  0.00000000 -0.00086083]
 [-0.00000000  0.00000000  0.00083795]]
2025-07-17:14:39:11,638 INFO     [psi4.optking.history:257] 	Performing BFGS update.
2025-07-17:14:39:11,638 INFO     [psi4.optking.history:268] 	Using 4 previous steps for update.
2025-07-17:14:39:11,638 WARNING  [psi4.optking.history:286] 	Change in internal coordinate of 6.72e-01 exceeds limit of 5.00e-01.
2025-07-17:14:39:11,638 WARNING  [psi4.optking.history:291] 	Skipping Hessian update for step 8.
2025-07-17:14:39:11,638 WARNING  [psi4.optking.history:286] 	Change in internal coordinate of 9.77e-01 exceeds limit of 5.00e-01.
2025-07-17:14:39:11,638 WARNING  [psi4.optking.history:291] 	Skipping Hessian update for step 7.
2025-07-17:14:39:11,638 WARNING  [psi4.optking.history:286] 	Change in internal coordinate of 1.29e+00 exceeds limit of 5.00e-01.
2025-07-17:14:39:11,638 WARNING  [psi4.optking.history:291] 	Skipping Hessian update for step 6.
2025-07-17:14:39:11,638 WARNING  [psi4.optking.history:286] 	Change in internal coordinate of 1.60e+00 exceeds limit of 5.00e-01.
2025-07-17:14:39:11,638 WARNING  [psi4.optking.history:291] 	Skipping Hessian update for step 5.
2025-07-17:14:39:11,638 WARNING  [psi4.optking.history:286] 	Change in internal coordinate of 1.91e+00 exceeds limit of 5.00e-01.
2025-07-17:14:39:11,638 WARNING  [psi4.optking.history:291] 	Skipping Hessian update for step 4.
2025-07-17:14:39:11,638 WARNING  [psi4.optking.history:286] 	Change in internal coordinate of 2.18e+00 exceeds limit of 5.00e-01.
2025-07-17:14:39:11,638 WARNING  [psi4.optking.history:291] 	Skipping Hessian update for step 3.
2025-07-17:14:39:11,638 WARNING  [psi4.optking.history:286] 	Change in internal coordinate of 2.44e+00 exceeds limit of 5.00e-01.
2025-07-17:14:39:11,638 WARNING  [psi4.optking.history:291] 	Skipping Hessian update for step 2.
2025-07-17:14:39:11,638 WARNING  [psi4.optking.history:286] 	Change in internal coordinate of 2.69e+00 exceeds limit of 5.00e-01.
2025-07-17:14:39:11,638 WARNING  [psi4.optking.history:291] 	Skipping Hessian update for step 1.
2025-07-17:14:39:11,638 INFO     [psi4.optking.history:302] 	Steps to be used in Hessian update:  10 9

2025-07-17:14:39:11,638 INFO     [psi4.optking.history:400] 	Updated Hessian (in au) 
 	   0.012856

2025-07-17:14:39:11,639 INFO     [psi4.optking.molsys:874] Projected (PHP) Hessian matrix
	   0.012856

2025-07-17:14:39:11,639 INFO     [psi4.optking.opt_helper:168] 
	         Geometry (au)                                       Gradient (au)
   0.0000000000   0.0000000000   2.8481402191		  -0.0000000000   0.0000000000  -0.0008608261
   0.0000000000   0.0000000000  -2.1103790238		  -0.0000000000   0.0000000000   0.0008379530

2025-07-17:14:39:11,639 INFO     [psi4.optking.stepAlgorithms:315] 	Current Step Report 
 
	Current energy:      -371.0770619297
	Energy change for the previous step:
		Actual       :        -0.0002573316
		Projected    :        -0.0002017476

2025-07-17:14:39:11,639 INFO     [psi4.optking.stepAlgorithms:318] 	Energy ratio =    1.27551
2025-07-17:14:39:11,639 INFO     [psi4.optking.stepAlgorithms:750] 	Using RFO solution 1.
2025-07-17:14:39:11,639 INFO     [psi4.optking.displace:73] 	Determining Cartesian step for fragment 1.
2025-07-17:14:39:11,639 INFO     [psi4.optking.displace:378] 	Successfully converged to displaced geometry.
2025-07-17:14:39:11,639 INFO     [psi4.optking.displace:379] 	RMS(dx):  0.000e+00 	Max(dx):  0.000e+00 	RMS(dq):  0.000e+00
2025-07-17:14:39:11,639 INFO     [psi4.optking.displace:132] 

	        --- Internal Coordinate Step in ANG or DEG, aJ/ANG or AJ/DEG ---
	-------------------------------------------------------------------------------
	           Coordinate      Previous         Force          Change          New 
	           ----------      --------        ------          ------        ------
	               R(1,2)       2.62394        0.00700        0.03481       2.65875
	-------------------------------------------------------------------------------

2025-07-17:14:39:11,639 INFO     [psi4.optking.stepAlgorithms:96] 	|target step| :    0.0657816615
2025-07-17:14:39:11,639 INFO     [psi4.optking.stepAlgorithms:97] 	gradient     :   -0.0008493896
2025-07-17:14:39:11,639 INFO     [psi4.optking.stepAlgorithms:98] 	hessian      :    0.0128563804
2025-07-17:14:39:11,639 INFO     [psi4.optking.stepAlgorithms:177] 	Norm of achieved step-size    0.0657816615
2025-07-17:14:39:11,639 INFO     [psi4.optking.stepAlgorithms:179] 	Norm of achieved step-size (cart):    0.0465146589
2025-07-17:14:39:11,639 INFO     [psi4.optking.opt_helper:151] Molsys:

	                            ===> Fragment 1 <== 

	 Z (Atomic Numbers)          Masses                          Geom                  
	      10.000000            19.992440          0.00000000  0.00000000  2.88103105   
	      13.000000            26.981539          0.00000000  0.00000000 -2.14326985   

	 - Coordinate -           - BOHR/RAD -       - ANG/DEG -
	 R(1,2)           =         5.024301           2.658746

2025-07-17:14:39:11,640 INFO     [psi4.optking.convcheck:71] Performing convergence check.
2025-07-17:14:39:11,640 INFO     [psi4.optking.convcheck:263] 
	                                 ==> Convergence Check <==                                  
    
	Measures of convergence in internal coordinates in au.
    
	Criteria marked as inactive (o), active & met (*), and active & unmet ( ).

	----------------------------------------------------------------------------------------------
	   Step    Total Energy     Delta E     Max Force     RMS Force      Max Disp      RMS Disp   
	----------------------------------------------------------------------------------------------
	  Convergence Criteria     1.00e-06 *    3.00e-04 *             o    1.20e-03 *             o
	----------------------------------------------------------------------------------------------
	    11    -371.07706193   -2.57e-04      8.49e-04      8.49e-04 o    6.58e-02      6.58e-02 o  ~
	----------------------------------------------------------------------------------------------


2025-07-17:14:39:11,640 INFO     [psi4.optking.stepAlgorithms:266] 	Convergence check returned False
2025-07-17:14:39:11,664 INFO     [psi4.driver.task_planner:285] PLANNING Atomic:  keywords={'DAMPING_PERCENTAGE': 1.0, 'GEOM_MAXITER': 500, 'SCF__GUESS': 'READ', 'GUESS': 'SAP', 'MAXITER': 500, 'REFERENCE': 'UKS', 'function_kwargs': {}}
2025-07-17:14:39:11,671 INFO     [psi4.driver.driver:636] Compute gradient(): method=b3lyp, basis=cc-pvdz, molecule=default, nre=25.874246481842654
2025-07-17:14:39:12,700 INFO     [psi4.driver.driver:639] Return gradient(): -371.07709759272535
2025-07-17:14:39:12,700 INFO     [psi4.driver.driver:640] [[ 0.00000000 -0.00000000 -0.00033394]
 [ 0.00000000 -0.00000000  0.00031876]]
2025-07-17:14:39:12,702 INFO     [psi4.optking.history:257] 	Performing BFGS update.
2025-07-17:14:39:12,702 INFO     [psi4.optking.history:268] 	Using 4 previous steps for update.
2025-07-17:14:39:12,702 WARNING  [psi4.optking.history:286] 	Change in internal coordinate of 7.38e-01 exceeds limit of 5.00e-01.
2025-07-17:14:39:12,702 WARNING  [psi4.optking.history:291] 	Skipping Hessian update for step 8.
2025-07-17:14:39:12,702 WARNING  [psi4.optking.history:286] 	Change in internal coordinate of 1.04e+00 exceeds limit of 5.00e-01.
2025-07-17:14:39:12,702 WARNING  [psi4.optking.history:291] 	Skipping Hessian update for step 7.
2025-07-17:14:39:12,702 WARNING  [psi4.optking.history:286] 	Change in internal coordinate of 1.36e+00 exceeds limit of 5.00e-01.
2025-07-17:14:39:12,702 WARNING  [psi4.optking.history:291] 	Skipping Hessian update for step 6.
2025-07-17:14:39:12,702 WARNING  [psi4.optking.history:286] 	Change in internal coordinate of 1.67e+00 exceeds limit of 5.00e-01.
2025-07-17:14:39:12,702 WARNING  [psi4.optking.history:291] 	Skipping Hessian update for step 5.
2025-07-17:14:39:12,702 WARNING  [psi4.optking.history:286] 	Change in internal coordinate of 1.97e+00 exceeds limit of 5.00e-01.
2025-07-17:14:39:12,702 WARNING  [psi4.optking.history:291] 	Skipping Hessian update for step 4.
2025-07-17:14:39:12,702 WARNING  [psi4.optking.history:286] 	Change in internal coordinate of 2.25e+00 exceeds limit of 5.00e-01.
2025-07-17:14:39:12,702 WARNING  [psi4.optking.history:291] 	Skipping Hessian update for step 3.
2025-07-17:14:39:12,702 WARNING  [psi4.optking.history:286] 	Change in internal coordinate of 2.50e+00 exceeds limit of 5.00e-01.
2025-07-17:14:39:12,702 WARNING  [psi4.optking.history:291] 	Skipping Hessian update for step 2.
2025-07-17:14:39:12,703 WARNING  [psi4.optking.history:286] 	Change in internal coordinate of 2.76e+00 exceeds limit of 5.00e-01.
2025-07-17:14:39:12,703 WARNING  [psi4.optking.history:291] 	Skipping Hessian update for step 1.
2025-07-17:14:39:12,703 INFO     [psi4.optking.history:302] 	Steps to be used in Hessian update:  11 10 9

2025-07-17:14:39:12,703 INFO     [psi4.optking.history:400] 	Updated Hessian (in au) 
 	   0.012155

2025-07-17:14:39:12,703 INFO     [psi4.optking.molsys:874] Projected (PHP) Hessian matrix
	   0.012155

2025-07-17:14:39:12,703 INFO     [psi4.optking.opt_helper:168] 
	         Geometry (au)                                       Gradient (au)
   0.0000000000   0.0000000000   2.8859247646		   0.0000000000  -0.0000000000  -0.0003339433
   0.0000000000   0.0000000000  -2.1383761398		   0.0000000000  -0.0000000000   0.0003187560

2025-07-17:14:39:12,703 INFO     [psi4.optking.stepAlgorithms:315] 	Current Step Report 
 
	Current energy:      -371.0770975927
	Energy change for the previous step:
		Actual       :        -0.0000356630
		Projected    :        -0.0000279371

2025-07-17:14:39:12,703 INFO     [psi4.optking.stepAlgorithms:318] 	Energy ratio =    1.27655
2025-07-17:14:39:12,703 INFO     [psi4.optking.stepAlgorithms:750] 	Using RFO solution 1.
2025-07-17:14:39:12,703 INFO     [psi4.optking.displace:73] 	Determining Cartesian step for fragment 1.
2025-07-17:14:39:12,703 INFO     [psi4.optking.displace:378] 	Successfully converged to displaced geometry.
2025-07-17:14:39:12,703 INFO     [psi4.optking.displace:379] 	RMS(dx):  0.000e+00 	Max(dx):  0.000e+00 	RMS(dq):  0.000e+00
2025-07-17:14:39:12,703 INFO     [psi4.optking.displace:132] 

	        --- Internal Coordinate Step in ANG or DEG, aJ/ANG or AJ/DEG ---
	-------------------------------------------------------------------------------
	           Coordinate      Previous         Force          Change          New 
	           ----------      --------        ------          ------        ------
	               R(1,2)       2.65875        0.00269        0.01420       2.67294
	-------------------------------------------------------------------------------

2025-07-17:14:39:12,703 INFO     [psi4.optking.stepAlgorithms:96] 	|target step| :    0.0268298699
2025-07-17:14:39:12,703 INFO     [psi4.optking.stepAlgorithms:97] 	gradient     :   -0.0003263496
2025-07-17:14:39:12,703 INFO     [psi4.optking.stepAlgorithms:98] 	hessian      :    0.0121549124
2025-07-17:14:39:12,703 INFO     [psi4.optking.stepAlgorithms:177] 	Norm of achieved step-size    0.0268298699
2025-07-17:14:39:12,704 INFO     [psi4.optking.stepAlgorithms:179] 	Norm of achieved step-size (cart):    0.0189715830
2025-07-17:14:39:12,704 INFO     [psi4.optking.opt_helper:151] Molsys:

	                            ===> Fragment 1 <== 

	 Z (Atomic Numbers)          Masses                          Geom                  
	      10.000000            19.992440          0.00000000  0.00000000  2.89933970   
	      13.000000            26.981539          0.00000000  0.00000000 -2.15179107   

	 - Coordinate -           - BOHR/RAD -       - ANG/DEG -
	 R(1,2)           =         5.051131           2.672943

2025-07-17:14:39:12,704 INFO     [psi4.optking.convcheck:71] Performing convergence check.
2025-07-17:14:39:12,704 INFO     [psi4.optking.convcheck:263] 
	                                 ==> Convergence Check <==                                  
    
	Measures of convergence in internal coordinates in au.
    
	Criteria marked as inactive (o), active & met (*), and active & unmet ( ).

	----------------------------------------------------------------------------------------------
	   Step    Total Energy     Delta E     Max Force     RMS Force      Max Disp      RMS Disp   
	----------------------------------------------------------------------------------------------
	  Convergence Criteria     1.00e-06 *    3.00e-04 *             o    1.20e-03 *             o
	----------------------------------------------------------------------------------------------
	    12    -371.07709759   -3.57e-05      3.26e-04      3.26e-04 o    2.68e-02      2.68e-02 o  ~
	----------------------------------------------------------------------------------------------


2025-07-17:14:39:12,704 INFO     [psi4.optking.stepAlgorithms:266] 	Convergence check returned False
2025-07-17:14:39:12,715 INFO     [psi4.driver.task_planner:285] PLANNING Atomic:  keywords={'DAMPING_PERCENTAGE': 1.0, 'GEOM_MAXITER': 500, 'SCF__GUESS': 'READ', 'GUESS': 'SAP', 'MAXITER': 500, 'REFERENCE': 'UKS', 'function_kwargs': {}}
2025-07-17:14:39:12,716 INFO     [psi4.driver.driver:636] Compute gradient(): method=b3lyp, basis=cc-pvdz, molecule=default, nre=25.736811380933403
2025-07-17:14:39:13,784 INFO     [psi4.driver.driver:639] Return gradient(): -371.0771024411018
2025-07-17:14:39:13,784 INFO     [psi4.driver.driver:640] [[ 0.00000000 -0.00000000 -0.00014370]
 [-0.00000000  0.00000000  0.00012691]]
2025-07-17:14:39:13,787 INFO     [psi4.optking.history:257] 	Performing BFGS update.
2025-07-17:14:39:13,787 INFO     [psi4.optking.history:268] 	Using 4 previous steps for update.
2025-07-17:14:39:13,787 INFO     [psi4.optking.history:302] 	Steps to be used in Hessian update:  12 11 10 9

2025-07-17:14:39:13,787 INFO     [psi4.optking.history:400] 	Updated Hessian (in au) 
 	   0.011877

2025-07-17:14:39:13,788 INFO     [psi4.optking.molsys:874] Projected (PHP) Hessian matrix
	   0.011877

2025-07-17:14:39:13,789 INFO     [psi4.optking.opt_helper:168] 
	         Geometry (au)                                       Gradient (au)
   0.0000000000   0.0000000000   2.9013356620		   0.0000000000  -0.0000000000  -0.0001436964
   0.0000000000   0.0000000000  -2.1497951123		  -0.0000000000   0.0000000000   0.0001269144

2025-07-17:14:39:13,789 INFO     [psi4.optking.stepAlgorithms:315] 	Current Step Report 
 
	Current energy:      -371.0771024411
	Energy change for the previous step:
		Actual       :        -0.0000048484
		Projected    :        -0.0000043780

2025-07-17:14:39:13,789 INFO     [psi4.optking.stepAlgorithms:318] 	Energy ratio =    1.10745
2025-07-17:14:39:13,789 INFO     [psi4.optking.stepAlgorithms:750] 	Using RFO solution 1.
2025-07-17:14:39:13,789 INFO     [psi4.optking.displace:73] 	Determining Cartesian step for fragment 1.
2025-07-17:14:39:13,790 INFO     [psi4.optking.displace:378] 	Successfully converged to displaced geometry.
2025-07-17:14:39:13,790 INFO     [psi4.optking.displace:379] 	RMS(dx):  0.000e+00 	Max(dx):  0.000e+00 	RMS(dq):  0.000e+00
2025-07-17:14:39:13,790 INFO     [psi4.optking.displace:132] 

	        --- Internal Coordinate Step in ANG or DEG, aJ/ANG or AJ/DEG ---
	-------------------------------------------------------------------------------
	           Coordinate      Previous         Force          Change          New 
	           ----------      --------        ------          ------        ------
	               R(1,2)       2.67294        0.00111        0.00603       2.67897
	-------------------------------------------------------------------------------

2025-07-17:14:39:13,790 INFO     [psi4.optking.stepAlgorithms:96] 	|target step| :    0.0113903023
2025-07-17:14:39:13,790 INFO     [psi4.optking.stepAlgorithms:97] 	gradient     :   -0.0001353054
2025-07-17:14:39:13,790 INFO     [psi4.optking.stepAlgorithms:98] 	hessian      :    0.0118774624
2025-07-17:14:39:13,790 INFO     [psi4.optking.stepAlgorithms:177] 	Norm of achieved step-size    0.0113903023
2025-07-17:14:39:13,790 INFO     [psi4.optking.stepAlgorithms:179] 	Norm of achieved step-size (cart):    0.0080541600
2025-07-17:14:39:13,790 INFO     [psi4.optking.opt_helper:151] Molsys:

	                            ===> Fragment 1 <== 

	 Z (Atomic Numbers)          Masses                          Geom                  
	      10.000000            19.992440          0.00000000  0.00000000  2.90703081   
	      13.000000            26.981539          0.00000000  0.00000000 -2.15549026   

	 - Coordinate -           - BOHR/RAD -       - ANG/DEG -
	 R(1,2)           =         5.062521           2.678971

2025-07-17:14:39:13,790 INFO     [psi4.optking.convcheck:71] Performing convergence check.
2025-07-17:14:39:13,790 INFO     [psi4.optking.convcheck:263] 
	                                 ==> Convergence Check <==                                  
    
	Measures of convergence in internal coordinates in au.
    
	Criteria marked as inactive (o), active & met (*), and active & unmet ( ).

	----------------------------------------------------------------------------------------------
	   Step    Total Energy     Delta E     Max Force     RMS Force      Max Disp      RMS Disp   
	----------------------------------------------------------------------------------------------
	  Convergence Criteria     1.00e-06 *    3.00e-04 *             o    1.20e-03 *             o
	----------------------------------------------------------------------------------------------
	    13    -371.07710244   -4.85e-06      1.35e-04 *    1.35e-04 o    1.14e-02      1.14e-02 o  ~
	----------------------------------------------------------------------------------------------


2025-07-17:14:39:13,790 INFO     [psi4.optking.stepAlgorithms:266] 	Convergence check returned False
2025-07-17:14:39:13,810 INFO     [psi4.driver.task_planner:285] PLANNING Atomic:  keywords={'DAMPING_PERCENTAGE': 1.0, 'GEOM_MAXITER': 500, 'SCF__GUESS': 'READ', 'GUESS': 'SAP', 'MAXITER': 500, 'REFERENCE': 'UKS', 'function_kwargs': {}}
2025-07-17:14:39:13,813 INFO     [psi4.driver.driver:636] Compute gradient(): method=b3lyp, basis=cc-pvdz, molecule=default, nre=25.67890543673211
2025-07-17:14:39:14,678 INFO     [psi4.driver.driver:639] Return gradient(): -371.0771029406288
2025-07-17:14:39:14,678 INFO     [psi4.driver.driver:640] [[ 0.00000000  0.00000000 -0.00006705]
 [-0.00000000  0.00000000  0.00004877]]
2025-07-17:14:39:14,681 INFO     [psi4.optking.history:257] 	Performing BFGS update.
2025-07-17:14:39:14,681 INFO     [psi4.optking.history:268] 	Using 4 previous steps for update.
2025-07-17:14:39:14,682 INFO     [psi4.optking.history:302] 	Steps to be used in Hessian update:  13 12 11 10

2025-07-17:14:39:14,682 INFO     [psi4.optking.history:400] 	Updated Hessian (in au) 
 	   0.009084

2025-07-17:14:39:14,682 INFO     [psi4.optking.molsys:874] Projected (PHP) Hessian matrix
	   0.009084

2025-07-17:14:39:14,683 INFO     [psi4.optking.opt_helper:168] 
	         Geometry (au)                                       Gradient (au)
   0.0000000000   0.0000000000   2.9078781754		   0.0000000000   0.0000000000  -0.0000670491
   0.0000000000   0.0000000000  -2.1546429013		  -0.0000000000   0.0000000000   0.0000487703

2025-07-17:14:39:14,683 INFO     [psi4.optking.stepAlgorithms:315] 	Current Step Report 
 
	Current energy:      -371.0771029406
	Energy change for the previous step:
		Actual       :        -0.0000004995
		Projected    :        -0.0000007706

2025-07-17:14:39:14,683 INFO     [psi4.optking.stepAlgorithms:318] 	Energy ratio =    0.64824
2025-07-17:14:39:14,683 INFO     [psi4.optking.stepAlgorithms:750] 	Using RFO solution 1.
2025-07-17:14:39:14,683 INFO     [psi4.optking.displace:73] 	Determining Cartesian step for fragment 1.
2025-07-17:14:39:14,684 INFO     [psi4.optking.displace:378] 	Successfully converged to displaced geometry.
2025-07-17:14:39:14,684 INFO     [psi4.optking.displace:379] 	RMS(dx):  0.000e+00 	Max(dx):  0.000e+00 	RMS(dq):  0.000e+00
2025-07-17:14:39:14,684 INFO     [psi4.optking.displace:132] 

	        --- Internal Coordinate Step in ANG or DEG, aJ/ANG or AJ/DEG ---
	-------------------------------------------------------------------------------
	           Coordinate      Previous         Force          Change          New 
	           ----------      --------        ------          ------        ------
	               R(1,2)       2.67897        0.00048        0.00337       2.68234
	-------------------------------------------------------------------------------

2025-07-17:14:39:14,684 INFO     [psi4.optking.stepAlgorithms:96] 	|target step| :    0.0063745260
2025-07-17:14:39:14,684 INFO     [psi4.optking.stepAlgorithms:97] 	gradient     :   -0.0000579097
2025-07-17:14:39:14,684 INFO     [psi4.optking.stepAlgorithms:98] 	hessian      :    0.0090841792
2025-07-17:14:39:14,684 INFO     [psi4.optking.stepAlgorithms:177] 	Norm of achieved step-size    0.0063745260
2025-07-17:14:39:14,684 INFO     [psi4.optking.stepAlgorithms:179] 	Norm of achieved step-size (cart):    0.0045074705
2025-07-17:14:39:14,684 INFO     [psi4.optking.opt_helper:151] Molsys:

	                            ===> Fragment 1 <== 

	 Z (Atomic Numbers)          Masses                          Geom                  
	      10.000000            19.992440          0.00000000  0.00000000  2.91106544   
	      13.000000            26.981539          0.00000000  0.00000000 -2.15783016   

	 - Coordinate -           - BOHR/RAD -       - ANG/DEG -
	 R(1,2)           =         5.068896           2.682344

2025-07-17:14:39:14,684 INFO     [psi4.optking.convcheck:71] Performing convergence check.
2025-07-17:14:39:14,684 INFO     [psi4.optking.convcheck:263] 
	                                 ==> Convergence Check <==                                  
    
	Measures of convergence in internal coordinates in au.
    
	Criteria marked as inactive (o), active & met (*), and active & unmet ( ).

	----------------------------------------------------------------------------------------------
	   Step    Total Energy     Delta E     Max Force     RMS Force      Max Disp      RMS Disp   
	----------------------------------------------------------------------------------------------
	  Convergence Criteria     1.00e-06 *    3.00e-04 *             o    1.20e-03 *             o
	----------------------------------------------------------------------------------------------
	    14    -371.07710294   -5.00e-07 *    5.79e-05 *    5.79e-05 o    6.37e-03      6.37e-03 o  ~
	----------------------------------------------------------------------------------------------


2025-07-17:14:39:14,685 INFO     [psi4.optking.convcheck:193] 
	                      ===> Final Convergence Report <===                     

	----------------------------------------------------------------------------
	|   Required Criteria    |  One or More Criteria  |   Alternate Criteria   |
	----------------------------------------------------------------------------
	| [x]     max_force      | [x]       max_DE       |                        |
	|                        | [ ]      max_disp      |                        |
	----------------------------------------------------------------------------


2025-07-17:14:39:14,685 INFO     [psi4.optking.stepAlgorithms:266] 	Convergence check returned True
2025-07-17:14:39:14,685 INFO     [psi4.optking.optimize:286] 	Converged in 14 steps!
2025-07-17:14:39:14,685 INFO     [psi4.optking.optimize:287] 	Final energy is   -371.0771029406288
2025-07-17:14:39:14,685 INFO     [psi4.optking.optimize:288] 	Final structure (Angstroms): 
	Fragment 1 (Ang)

	   Ne   0.0000000000   0.0000000000   1.5404694887
	   Al   0.0000000000   0.0000000000  -1.1418745475


2025-07-17:14:39:14,687 INFO     [psi4.optking.optimize:432] 	Optimization Finished

	==> Optimization Summary <==

        
	Measures of convergence in internal coordinates in au. (Any backward steps not shown.)
        
	---------------------------------------------------------------------------------------------------------------  ~
        
	 Step         Total Energy             Delta E       MAX Force       RMS Force        MAX Disp        RMS Disp   ~
        
	---------------------------------------------------------------------------------------------------------------  ~
        
	     1    -370.609841684779   -370.609841684779      1.12669029      1.12669029      0.25225722      0.25225722  ~
	     2    -370.817631360453     -0.207789675674      0.58684229      0.58684229      0.25621518      0.25621518  ~
	     3    -370.929810556680     -0.112179196227      0.31978522      0.31978522      0.27607674      0.27607674  ~
	     4    -370.995776844365     -0.065966287685      0.17445936      0.17445936      0.30132905      0.30132905  ~
	     5    -371.034767764222     -0.038990919858      0.09321449      0.09321449      0.31205684      0.31205684  ~
	     6    -371.056317022683     -0.021549258461      0.04932094      0.04932094      0.31569595      0.31569595  ~
	     7    -371.067757751793     -0.011440729109      0.02543335      0.02543335      0.30488094      0.30488094  ~
	     8    -371.073380373532     -0.005622621739      0.01264441      0.01264441      0.27811926      0.27811926  ~
	     9    -371.075872182177     -0.002491808645      0.00591759      0.00591759      0.23154475      0.23154475  ~
	    10    -371.076804598034     -0.000932415857      0.00248042      0.00248042      0.16267197      0.16267197  ~
	    11    -371.077061929683     -0.000257331649      0.00084939      0.00084939      0.06578166      0.06578166  ~
	    12    -371.077097592725     -0.000035663043      0.00032635      0.00032635      0.02682987      0.02682987  ~
	    13    -371.077102441102     -0.000004848376      0.00013531      0.00013531      0.01139030      0.01139030  ~
	    14    -371.077102940629     -0.000000499527      0.00005791      0.00005791      0.00637453      0.00637453  ~
	----------------------------------------------------------------------------------------------------------------


2025-07-17:14:39:14,687 INFO     [psi4.optking.optimize:640] Preparing OptimizationResult
