2025-07-17:13:30:49,306 INFO     [psi4.optking.optwrapper:214] Creating a UserComputer
2025-07-17:13:30:49,306 INFO     [psi4.optking.optwrapper:222] 
    			-----------------------------------------

    			 OPTKING 3.0: for geometry optimizations 

    			     By R.A. King, Bethel University     

    			        with contributions from          

    			    A.V. Copan, J. Cayton, A. Heide      

    			-----------------------------------------

    
2025-07-17:13:30:49,306 INFO     [psi4.optking.optwrapper:238] 
		 -- Optimization Parameters --
	accept_symmetry_breaking       =           False
	alg_geom_maxiter               =             500
	bt_dx_conv                     =           1e-07
	bt_dx_rms_change_conv          =           1e-12
	bt_max_iter                    =              25
	cart_hess_read                 =           False
	consecutive_backsteps_allowed  =               0
	conv_max_DE                    =           1e-06
	conv_max_disp                  =          0.0012
	conv_max_force                 =          0.0003
	conv_rms_disp                  =              -1
	conv_rms_force                 =              -1
	covalent_connect               =             1.3
	dynamic_level                  =               0
	dynamic_level_max              =               0
	ensure_bt_convergence          =           False
	ext_force_bend                 =              []
	ext_force_cartesian            =              []
	ext_force_dihedral             =              []
	ext_force_distance             =              []
	ext_force_oofp                 =              []
	fix_val_near_pi                =            1.57
	flexible_g_convergence         =           False
	frag_mode                      =          SINGLE
	frag_ref_atoms                 =            None
	freeze_intrafrag               =           False
	frozen_bend                    =              []
	frozen_cartesian               =              []
	frozen_dihedral                =              []
	frozen_distance                =              []
	frozen_oofp                    =              []
	full_hess_every                =              -1
	g_convergence                  =           QCHEM
	generate_intcos_exit           =           False
	geom_maxiter                   =             500
	h_bond_connect                 =             4.3
	hess_update                    =            BFGS
	hess_update_den_tol            =           1e-07
	hess_update_dq_tol             =             0.5
	hess_update_limit              =            True
	hess_update_limit_max          =             1.0
	hess_update_limit_scale        =             0.5
	hess_update_use_last           =               4
	hessian_file                   =            None
	i_max_DE                       =            True
	i_max_disp                     =            True
	i_max_force                    =            True
	i_rms_disp                     =           False
	i_rms_force                    =           False
	i_untampered                   =            True
	include_oofp                   =           False
	interfrag_collinear_tol        =            0.01
	interfrag_coords               =            None
	interfrag_dist_inv             =           False
	interfrag_mode                 =           FIXED
	interfrag_trust                =             0.5
	interfrag_trust_max            =             1.0
	interfrag_trust_min            =           0.001
	interfragment_connect          =             1.8
	intrafrag_hess                 =        SCHLEGEL
	intrafrag_trust                =             0.5
	intrafrag_trust_max            =             1.0
	intrafrag_trust_min            =           0.001
	irc_direction                  =         FORWARD
	irc_points                     =              20
	irc_step_size                  =             0.2
	keep_intcos                    =           False
	linear_bend_threshold          =            3.05
	linesearch                     =           False
	linesearch_step                =             0.1
	max_disp_g_convergence         =          0.0012
	max_energy_g_convergence       =           1e-06
	max_force_g_convergence        =          0.0003
	opt_coordinates                =       REDUNDANT
	opt_type                       =             MIN
	output_type                    =            FILE
	print_lvl                      =               1
	program                        =            psi4
	ranged_bend                    =              []
	ranged_cartesian               =              []
	ranged_dihedral                =              []
	ranged_distance                =              []
	ranged_oofp                    =              []
	redundant_eval_tol             =           1e-10
	rfo_follow_root                =           False
	rfo_normalization_max          =             100
	rfo_root                       =               0
	rms_disp_g_convergence         =          0.0012
	rms_force_g_convergence        =          0.0003
	rsrfo_alpha_max                =     100000000.0
	sd_hessian                     =             1.0
	simple_step_scaling            =           False
	small_bend_fix_threshold       =            0.35
	steepest_descent_type          =         OVERLAP
	step_type                      =             RFO
	test_B                         =           False
	test_derivative_B              =           False
	trajectory                     =           False
	v3d_tors_angle_lim             =           0.017
	v3d_tors_cos_tol               =           1e-10
	working_consecutive_backsteps  =               0
	working_steps_since_last_H     =               0


2025-07-17:13:30:49,795 INFO     [psi4.optking.opt_helper:151] Molsys:

	                            ===> Fragment 1 <== 

	 Z (Atomic Numbers)          Masses                          Geom                  
	       5.000000            11.009305          0.00000000  0.00000000  1.34316820   
	       8.000000            15.994915          0.00000000  0.00000000 -0.92450315   

	 - Coordinate -           - BOHR/RAD -       - ANG/DEG -
	 R(1,2)           =         2.267671           1.200000

2025-07-17:13:30:49,805 INFO     [psi4.driver.task_planner:285] PLANNING Atomic:  keywords={'DAMPING_PERCENTAGE': 1.0, 'GEOM_MAXITER': 500, 'GUESS': 'SAP', 'MAXITER': 500, 'REFERENCE': 'UKS', 'function_kwargs': {}}
2025-07-17:13:30:49,806 INFO     [psi4.driver.driver:636] Compute gradient(): method=b3lyp, basis=cc-pvdz, molecule=default, nre=17.63924035566667
2025-07-17:13:30:50,952 INFO     [psi4.driver.driver:639] Return gradient(): -99.54852666012424
2025-07-17:13:30:50,952 INFO     [psi4.driver.driver:640] [[ 0.00000000 -0.00000000  0.00511811]
 [ 0.00000000 -0.00000000 -0.00510376]]
2025-07-17:13:30:50,955 INFO     [psi4.optking.molsys:874] Projected (PHP) Hessian matrix
	   1.048231

2025-07-17:13:30:50,955 INFO     [psi4.optking.opt_helper:168] 
	         Geometry (au)                                       Gradient (au)
   0.0000000000   0.0000000000   1.3431682035		   0.0000000000  -0.0000000000   0.0051181140
   0.0000000000   0.0000000000  -0.9245031470		   0.0000000000  -0.0000000000  -0.0051037620

2025-07-17:13:30:50,955 INFO     [psi4.optking.stepAlgorithms:750] 	Using RFO solution 1.
2025-07-17:13:30:50,955 INFO     [psi4.optking.displace:73] 	Determining Cartesian step for fragment 1.
2025-07-17:13:30:50,956 INFO     [psi4.optking.displace:378] 	Successfully converged to displaced geometry.
2025-07-17:13:30:50,956 INFO     [psi4.optking.displace:379] 	RMS(dx):  0.000e+00 	Max(dx):  0.000e+00 	RMS(dq):  0.000e+00
2025-07-17:13:30:50,956 INFO     [psi4.optking.displace:132] 

	        --- Internal Coordinate Step in ANG or DEG, aJ/ANG or AJ/DEG ---
	-------------------------------------------------------------------------------
	           Coordinate      Previous         Force          Change          New 
	           ----------      --------        ------          ------        ------
	               R(1,2)       1.20000       -0.04211       -0.00258       1.19742
	-------------------------------------------------------------------------------

2025-07-17:13:30:50,956 INFO     [psi4.optking.stepAlgorithms:96] 	|target step| :    0.0048756601
2025-07-17:13:30:50,956 INFO     [psi4.optking.stepAlgorithms:97] 	gradient     :   -0.0051109380
2025-07-17:13:30:50,956 INFO     [psi4.optking.stepAlgorithms:98] 	hessian      :    1.0482306732
2025-07-17:13:30:50,956 INFO     [psi4.optking.stepAlgorithms:177] 	Norm of achieved step-size    0.0048756601
2025-07-17:13:30:50,956 INFO     [psi4.optking.stepAlgorithms:179] 	Norm of achieved step-size (cart):    0.0034476123
2025-07-17:13:30:50,956 INFO     [psi4.optking.opt_helper:151] Molsys:

	                            ===> Fragment 1 <== 

	 Z (Atomic Numbers)          Masses                          Geom                  
	       5.000000            11.009305          0.00000000  0.00000000  1.34073037   
	       8.000000            15.994915          0.00000000  0.00000000 -0.92206532   

	 - Coordinate -           - BOHR/RAD -       - ANG/DEG -
	 R(1,2)           =         2.262796           1.197420

2025-07-17:13:30:50,957 INFO     [psi4.optking.convcheck:71] Performing convergence check.
2025-07-17:13:30:50,957 INFO     [psi4.optking.convcheck:263] 
	                                 ==> Convergence Check <==                                  
    
	Measures of convergence in internal coordinates in au.
    
	Criteria marked as inactive (o), active & met (*), and active & unmet ( ).

	----------------------------------------------------------------------------------------------
	   Step    Total Energy     Delta E     Max Force     RMS Force      Max Disp      RMS Disp   
	----------------------------------------------------------------------------------------------
	  Convergence Criteria     1.00e-06 *    3.00e-04 *             o    1.20e-03 *             o
	----------------------------------------------------------------------------------------------
	     1     -99.54852666   -9.95e+01      5.11e-03      5.11e-03 o    4.88e-03      4.88e-03 o  ~
	----------------------------------------------------------------------------------------------


2025-07-17:13:30:50,957 INFO     [psi4.optking.stepAlgorithms:266] 	Convergence check returned False
2025-07-17:13:30:50,969 INFO     [psi4.driver.task_planner:285] PLANNING Atomic:  keywords={'DAMPING_PERCENTAGE': 1.0, 'GEOM_MAXITER': 500, 'SCF__GUESS': 'READ', 'GUESS': 'SAP', 'MAXITER': 500, 'REFERENCE': 'UKS', 'function_kwargs': {}}
2025-07-17:13:30:50,970 INFO     [psi4.driver.driver:636] Compute gradient(): method=b3lyp, basis=cc-pvdz, molecule=default, nre=17.67724773771376
2025-07-17:13:30:51,730 INFO     [psi4.driver.driver:639] Return gradient(): -99.54854106158508
2025-07-17:13:30:51,730 INFO     [psi4.driver.driver:640] [[ 0.00000000  0.00000000  0.00078297]
 [ 0.00000000 -0.00000000 -0.00076847]]
2025-07-17:13:30:51,732 INFO     [psi4.optking.history:257] 	Performing BFGS update.
2025-07-17:13:30:51,732 INFO     [psi4.optking.history:268] 	Using 1 previous steps for update.
2025-07-17:13:30:51,732 INFO     [psi4.optking.history:302] 	Steps to be used in Hessian update:  1

2025-07-17:13:30:51,732 INFO     [psi4.optking.history:400] 	Updated Hessian (in au) 
 	   0.889155

2025-07-17:13:30:51,732 INFO     [psi4.optking.molsys:874] Projected (PHP) Hessian matrix
	   0.889155

2025-07-17:13:30:51,732 INFO     [psi4.optking.opt_helper:168] 
	         Geometry (au)                                       Gradient (au)
   0.0000000000   0.0000000000   1.3402802931		   0.0000000000   0.0000000000   0.0007829690
   0.0000000000   0.0000000000  -0.9225153973		   0.0000000000  -0.0000000000  -0.0007684694

2025-07-17:13:30:51,732 INFO     [psi4.optking.stepAlgorithms:315] 	Current Step Report 
 
	Current energy:       -99.5485410616
	Energy change for the previous step:
		Actual       :        -0.0000144015
		Projected    :        -0.0000124596

2025-07-17:13:30:51,732 INFO     [psi4.optking.stepAlgorithms:318] 	Energy ratio =    1.15585
2025-07-17:13:30:51,732 INFO     [psi4.optking.stepAlgorithms:346] 	Energy ratio indicates good step.
2025-07-17:13:30:51,732 INFO     [psi4.optking.stepAlgorithms:347] 	Intrafrag trust radius increased to 1.000e+00.
2025-07-17:13:30:51,733 INFO     [psi4.optking.stepAlgorithms:750] 	Using RFO solution 1.
2025-07-17:13:30:51,733 INFO     [psi4.optking.displace:73] 	Determining Cartesian step for fragment 1.
2025-07-17:13:30:51,733 INFO     [psi4.optking.displace:378] 	Successfully converged to displaced geometry.
2025-07-17:13:30:51,733 INFO     [psi4.optking.displace:379] 	RMS(dx):  0.000e+00 	Max(dx):  0.000e+00 	RMS(dq):  0.000e+00
2025-07-17:13:30:51,733 INFO     [psi4.optking.displace:132] 

	        --- Internal Coordinate Step in ANG or DEG, aJ/ANG or AJ/DEG ---
	-------------------------------------------------------------------------------
	           Coordinate      Previous         Force          Change          New 
	           ----------      --------        ------          ------        ------
	               R(1,2)       1.19742       -0.00639       -0.00046       1.19696
	-------------------------------------------------------------------------------

2025-07-17:13:30:51,733 INFO     [psi4.optking.stepAlgorithms:96] 	|target step| :    0.0008724220
2025-07-17:13:30:51,733 INFO     [psi4.optking.stepAlgorithms:97] 	gradient     :   -0.0007757192
2025-07-17:13:30:51,733 INFO     [psi4.optking.stepAlgorithms:98] 	hessian      :    0.8891552436
2025-07-17:13:30:51,733 INFO     [psi4.optking.stepAlgorithms:177] 	Norm of achieved step-size    0.0008724220
2025-07-17:13:30:51,733 INFO     [psi4.optking.stepAlgorithms:179] 	Norm of achieved step-size (cart):    0.0006168955
2025-07-17:13:30:51,733 INFO     [psi4.optking.opt_helper:151] Molsys:

	                            ===> Fragment 1 <== 

	 Z (Atomic Numbers)          Masses                          Geom                  
	       5.000000            11.009305          0.00000000  0.00000000  1.33984408   
	       8.000000            15.994915          0.00000000  0.00000000 -0.92207919   

	 - Coordinate -           - BOHR/RAD -       - ANG/DEG -
	 R(1,2)           =         2.261923           1.196958

2025-07-17:13:30:51,733 INFO     [psi4.optking.convcheck:71] Performing convergence check.
2025-07-17:13:30:51,733 INFO     [psi4.optking.convcheck:263] 
	                                 ==> Convergence Check <==                                  
    
	Measures of convergence in internal coordinates in au.
    
	Criteria marked as inactive (o), active & met (*), and active & unmet ( ).

	----------------------------------------------------------------------------------------------
	   Step    Total Energy     Delta E     Max Force     RMS Force      Max Disp      RMS Disp   
	----------------------------------------------------------------------------------------------
	  Convergence Criteria     1.00e-06 *    3.00e-04 *             o    1.20e-03 *             o
	----------------------------------------------------------------------------------------------
	     2     -99.54854106   -1.44e-05      7.76e-04      7.76e-04 o    8.72e-04 *    8.72e-04 o  ~
	----------------------------------------------------------------------------------------------


2025-07-17:13:30:51,733 INFO     [psi4.optking.stepAlgorithms:266] 	Convergence check returned False
2025-07-17:13:30:51,749 INFO     [psi4.driver.task_planner:285] PLANNING Atomic:  keywords={'DAMPING_PERCENTAGE': 1.0, 'GEOM_MAXITER': 500, 'SCF__GUESS': 'READ', 'GUESS': 'SAP', 'MAXITER': 500, 'REFERENCE': 'UKS', 'function_kwargs': {}}
2025-07-17:13:30:51,750 INFO     [psi4.driver.driver:636] Compute gradient(): method=b3lyp, basis=cc-pvdz, molecule=default, nre=17.684065838372714
2025-07-17:13:30:52,420 INFO     [psi4.driver.driver:639] Return gradient(): -99.54854140035441
2025-07-17:13:30:52,421 INFO     [psi4.driver.driver:640] [[ 0.00000000 -0.00000000 -0.00000079]
 [ 0.00000000 -0.00000000  0.00001532]]
2025-07-17:13:30:52,423 INFO     [psi4.optking.history:257] 	Performing BFGS update.
2025-07-17:13:30:52,423 INFO     [psi4.optking.history:268] 	Using 2 previous steps for update.
2025-07-17:13:30:52,424 INFO     [psi4.optking.history:302] 	Steps to be used in Hessian update:  2 1

2025-07-17:13:30:52,424 INFO     [psi4.optking.history:400] 	Updated Hessian (in au) 
 	   0.890556

2025-07-17:13:30:52,424 INFO     [psi4.optking.molsys:874] Projected (PHP) Hessian matrix
	   0.890556

2025-07-17:13:30:52,424 INFO     [psi4.optking.opt_helper:168] 
	         Geometry (au)                                       Gradient (au)
   0.0000000000   0.0000000000   1.3397635474		   0.0000000000  -0.0000000000  -0.0000007900
   0.0000000000   0.0000000000  -0.9221597210		   0.0000000000  -0.0000000000   0.0000153176

2025-07-17:13:30:52,424 INFO     [psi4.optking.stepAlgorithms:315] 	Current Step Report 
 
	Current energy:       -99.5485414004
	Energy change for the previous step:
		Actual       :        -0.0000003388
		Projected    :        -0.0000003384

2025-07-17:13:30:52,424 INFO     [psi4.optking.stepAlgorithms:318] 	Energy ratio =    1.00116
2025-07-17:13:30:52,425 INFO     [psi4.optking.stepAlgorithms:750] 	Using RFO solution 1.
2025-07-17:13:30:52,425 INFO     [psi4.optking.displace:73] 	Determining Cartesian step for fragment 1.
2025-07-17:13:30:52,425 INFO     [psi4.optking.displace:378] 	Successfully converged to displaced geometry.
2025-07-17:13:30:52,425 INFO     [psi4.optking.displace:379] 	RMS(dx):  0.000e+00 	Max(dx):  0.000e+00 	RMS(dq):  0.000e+00
2025-07-17:13:30:52,425 INFO     [psi4.optking.displace:132] 

	        --- Internal Coordinate Step in ANG or DEG, aJ/ANG or AJ/DEG ---
	-------------------------------------------------------------------------------
	           Coordinate      Previous         Force          Change          New 
	           ----------      --------        ------          ------        ------
	               R(1,2)       1.19696        0.00007        0.00000       1.19696
	-------------------------------------------------------------------------------

2025-07-17:13:30:52,425 INFO     [psi4.optking.stepAlgorithms:96] 	|target step| :    0.0000090436
2025-07-17:13:30:52,425 INFO     [psi4.optking.stepAlgorithms:97] 	gradient     :   -0.0000080538
2025-07-17:13:30:52,426 INFO     [psi4.optking.stepAlgorithms:98] 	hessian      :    0.8905564771
2025-07-17:13:30:52,426 INFO     [psi4.optking.stepAlgorithms:177] 	Norm of achieved step-size    0.0000090436
2025-07-17:13:30:52,426 INFO     [psi4.optking.stepAlgorithms:179] 	Norm of achieved step-size (cart):    0.0000063948
2025-07-17:13:30:52,426 INFO     [psi4.optking.opt_helper:151] Molsys:

	                            ===> Fragment 1 <== 

	 Z (Atomic Numbers)          Masses                          Geom                  
	       5.000000            11.009305          0.00000000  0.00000000  1.33976807   
	       8.000000            15.994915          0.00000000  0.00000000 -0.92216424   

	 - Coordinate -           - BOHR/RAD -       - ANG/DEG -
	 R(1,2)           =         2.261932           1.196963

2025-07-17:13:30:52,426 INFO     [psi4.optking.convcheck:71] Performing convergence check.
2025-07-17:13:30:52,426 INFO     [psi4.optking.convcheck:263] 
	                                 ==> Convergence Check <==                                  
    
	Measures of convergence in internal coordinates in au.
    
	Criteria marked as inactive (o), active & met (*), and active & unmet ( ).

	----------------------------------------------------------------------------------------------
	   Step    Total Energy     Delta E     Max Force     RMS Force      Max Disp      RMS Disp   
	----------------------------------------------------------------------------------------------
	  Convergence Criteria     1.00e-06 *    3.00e-04 *             o    1.20e-03 *             o
	----------------------------------------------------------------------------------------------
	     3     -99.54854140   -3.39e-07 *    8.05e-06 *    8.05e-06 o    9.04e-06 *    9.04e-06 o  ~
	----------------------------------------------------------------------------------------------


2025-07-17:13:30:52,427 INFO     [psi4.optking.convcheck:193] 
	                      ===> Final Convergence Report <===                     

	----------------------------------------------------------------------------
	|   Required Criteria    |  One or More Criteria  |   Alternate Criteria   |
	----------------------------------------------------------------------------
	| [x]     max_force      | [x]       max_DE       |                        |
	|                        | [x]      max_disp      |                        |
	----------------------------------------------------------------------------


2025-07-17:13:30:52,427 INFO     [psi4.optking.stepAlgorithms:266] 	Convergence check returned True
2025-07-17:13:30:52,427 INFO     [psi4.optking.optimize:286] 	Converged in 3 steps!
2025-07-17:13:30:52,427 INFO     [psi4.optking.optimize:287] 	Final energy is    -99.5485414003544
2025-07-17:13:30:52,427 INFO     [psi4.optking.optimize:288] 	Final structure (Angstroms): 
	Fragment 1 (Ang)

	    B   0.0000000000   0.0000000000   0.7089747298
	    O   0.0000000000   0.0000000000  -0.4879883018


2025-07-17:13:30:52,428 INFO     [psi4.optking.optimize:432] 	Optimization Finished

	==> Optimization Summary <==

        
	Measures of convergence in internal coordinates in au. (Any backward steps not shown.)
        
	---------------------------------------------------------------------------------------------------------------  ~
        
	 Step         Total Energy             Delta E       MAX Force       RMS Force        MAX Disp        RMS Disp   ~
        
	---------------------------------------------------------------------------------------------------------------  ~
        
	     1     -99.548526660124    -99.548526660124      0.00511094      0.00511094      0.00487566      0.00487566  ~
	     2     -99.548541061585     -0.000014401461      0.00077572      0.00077572      0.00087242      0.00087242  ~
	     3     -99.548541400354     -0.000000338769      0.00000805      0.00000805      0.00000904      0.00000904  ~
	----------------------------------------------------------------------------------------------------------------


2025-07-17:13:30:52,428 INFO     [psi4.optking.optimize:640] Preparing OptimizationResult
