2025-07-17:12:56:40,269 INFO     [psi4.optking.optwrapper:214] Creating a UserComputer
2025-07-17:12:56:40,269 INFO     [psi4.optking.optwrapper:222] 
    			-----------------------------------------

    			 OPTKING 3.0: for geometry optimizations 

    			     By R.A. King, Bethel University     

    			        with contributions from          

    			    A.V. Copan, J. Cayton, A. Heide      

    			-----------------------------------------

    
2025-07-17:12:56:40,269 INFO     [psi4.optking.optwrapper:238] 
		 -- Optimization Parameters --
	accept_symmetry_breaking       =           False
	alg_geom_maxiter               =             500
	bt_dx_conv                     =           1e-07
	bt_dx_rms_change_conv          =           1e-12
	bt_max_iter                    =              25
	cart_hess_read                 =           False
	consecutive_backsteps_allowed  =               0
	conv_max_DE                    =           1e-06
	conv_max_disp                  =          0.0012
	conv_max_force                 =          0.0003
	conv_rms_disp                  =              -1
	conv_rms_force                 =              -1
	covalent_connect               =             1.3
	dynamic_level                  =               0
	dynamic_level_max              =               0
	ensure_bt_convergence          =           False
	ext_force_bend                 =              []
	ext_force_cartesian            =              []
	ext_force_dihedral             =              []
	ext_force_distance             =              []
	ext_force_oofp                 =              []
	fix_val_near_pi                =            1.57
	flexible_g_convergence         =           False
	frag_mode                      =          SINGLE
	frag_ref_atoms                 =            None
	freeze_intrafrag               =           False
	frozen_bend                    =              []
	frozen_cartesian               =              []
	frozen_dihedral                =              []
	frozen_distance                =              []
	frozen_oofp                    =              []
	full_hess_every                =              -1
	g_convergence                  =           QCHEM
	generate_intcos_exit           =           False
	geom_maxiter                   =             500
	h_bond_connect                 =             4.3
	hess_update                    =            BFGS
	hess_update_den_tol            =           1e-07
	hess_update_dq_tol             =             0.5
	hess_update_limit              =            True
	hess_update_limit_max          =             1.0
	hess_update_limit_scale        =             0.5
	hess_update_use_last           =               4
	hessian_file                   =            None
	i_max_DE                       =            True
	i_max_disp                     =            True
	i_max_force                    =            True
	i_rms_disp                     =           False
	i_rms_force                    =           False
	i_untampered                   =            True
	include_oofp                   =           False
	interfrag_collinear_tol        =            0.01
	interfrag_coords               =            None
	interfrag_dist_inv             =           False
	interfrag_mode                 =           FIXED
	interfrag_trust                =             0.5
	interfrag_trust_max            =             1.0
	interfrag_trust_min            =           0.001
	interfragment_connect          =             1.8
	intrafrag_hess                 =        SCHLEGEL
	intrafrag_trust                =             0.5
	intrafrag_trust_max            =             1.0
	intrafrag_trust_min            =           0.001
	irc_direction                  =         FORWARD
	irc_points                     =              20
	irc_step_size                  =             0.2
	keep_intcos                    =           False
	linear_bend_threshold          =            3.05
	linesearch                     =           False
	linesearch_step                =             0.1
	max_disp_g_convergence         =          0.0012
	max_energy_g_convergence       =           1e-06
	max_force_g_convergence        =          0.0003
	opt_coordinates                =       REDUNDANT
	opt_type                       =             MIN
	output_type                    =            FILE
	print_lvl                      =               1
	program                        =            psi4
	ranged_bend                    =              []
	ranged_cartesian               =              []
	ranged_dihedral                =              []
	ranged_distance                =              []
	ranged_oofp                    =              []
	redundant_eval_tol             =           1e-10
	rfo_follow_root                =           False
	rfo_normalization_max          =             100
	rfo_root                       =               0
	rms_disp_g_convergence         =          0.0012
	rms_force_g_convergence        =          0.0003
	rsrfo_alpha_max                =     100000000.0
	sd_hessian                     =             1.0
	simple_step_scaling            =           False
	small_bend_fix_threshold       =            0.35
	steepest_descent_type          =         OVERLAP
	step_type                      =             RFO
	test_B                         =           False
	test_derivative_B              =           False
	trajectory                     =           False
	v3d_tors_angle_lim             =           0.017
	v3d_tors_cos_tol               =           1e-10
	working_consecutive_backsteps  =               0
	working_steps_since_last_H     =               0


2025-07-17:12:56:40,757 INFO     [psi4.optking.opt_helper:151] Molsys:

	                            ===> Fragment 1 <== 

	 Z (Atomic Numbers)          Masses                          Geom                  
	       3.000000             7.016003          0.00000000  0.00000000  1.85959811   
	      16.000000            31.972071          0.00000000  0.00000000 -0.40807324   

	 - Coordinate -           - BOHR/RAD -       - ANG/DEG -
	 R(1,2)           =         2.267671           1.200000

2025-07-17:12:56:40,767 INFO     [psi4.driver.task_planner:285] PLANNING Atomic:  keywords={'DAMPING_PERCENTAGE': 1.0, 'GEOM_MAXITER': 500, 'GUESS': 'SAP', 'MAXITER': 500, 'REFERENCE': 'UKS', 'function_kwargs': {}}
2025-07-17:12:56:40,768 INFO     [psi4.driver.driver:636] Compute gradient(): method=b3lyp, basis=cc-pvdz, molecule=default, nre=21.167088426800003
2025-07-17:12:56:42,84 INFO     [psi4.driver.driver:639] Return gradient(): -404.9175662951546
2025-07-17:12:56:42,84 INFO     [psi4.driver.driver:640] [[-0.00000000  0.00000000 -0.89538022]
 [ 0.00000000  0.00000000  0.89546242]]
2025-07-17:12:56:42,87 INFO     [psi4.optking.molsys:874] Projected (PHP) Hessian matrix
	   4.182219

2025-07-17:12:56:42,87 INFO     [psi4.optking.opt_helper:168] 
	         Geometry (au)                                       Gradient (au)
   0.0000000000   0.0000000000   1.8595981090		  -0.0000000000   0.0000000000  -0.8953802192
   0.0000000000   0.0000000000  -0.4080732416		   0.0000000000   0.0000000000   0.8954624238

2025-07-17:12:56:42,87 INFO     [psi4.optking.stepAlgorithms:750] 	Using RFO solution 1.
2025-07-17:12:56:42,87 INFO     [psi4.optking.displace:73] 	Determining Cartesian step for fragment 1.
2025-07-17:12:56:42,88 INFO     [psi4.optking.displace:378] 	Successfully converged to displaced geometry.
2025-07-17:12:56:42,88 INFO     [psi4.optking.displace:379] 	RMS(dx):  0.000e+00 	Max(dx):  0.000e+00 	RMS(dq):  0.000e+00
2025-07-17:12:56:42,88 INFO     [psi4.optking.displace:132] 

	        --- Internal Coordinate Step in ANG or DEG, aJ/ANG or AJ/DEG ---
	-------------------------------------------------------------------------------
	           Coordinate      Previous         Force          Change          New 
	           ----------      --------        ------          ------        ------
	               R(1,2)       1.20000        7.37713        0.10853       1.30853
	-------------------------------------------------------------------------------

2025-07-17:12:56:42,88 INFO     [psi4.optking.stepAlgorithms:96] 	|target step| :    0.2050959337
2025-07-17:12:56:42,88 INFO     [psi4.optking.stepAlgorithms:97] 	gradient     :   -0.8954213215
2025-07-17:12:56:42,88 INFO     [psi4.optking.stepAlgorithms:98] 	hessian      :    4.1822185214
2025-07-17:12:56:42,88 INFO     [psi4.optking.stepAlgorithms:177] 	Norm of achieved step-size    0.2050959337
2025-07-17:12:56:42,88 INFO     [psi4.optking.stepAlgorithms:179] 	Norm of achieved step-size (cart):    0.1450247255
2025-07-17:12:56:42,89 INFO     [psi4.optking.opt_helper:151] Molsys:

	                            ===> Fragment 1 <== 

	 Z (Atomic Numbers)          Masses                          Geom                  
	       3.000000             7.016003          0.00000000  0.00000000  1.96214608   
	      16.000000            31.972071          0.00000000  0.00000000 -0.51062121   

	 - Coordinate -           - BOHR/RAD -       - ANG/DEG -
	 R(1,2)           =         2.472767           1.308532

2025-07-17:12:56:42,89 INFO     [psi4.optking.convcheck:71] Performing convergence check.
2025-07-17:12:56:42,89 INFO     [psi4.optking.convcheck:263] 
	                                 ==> Convergence Check <==                                  
    
	Measures of convergence in internal coordinates in au.
    
	Criteria marked as inactive (o), active & met (*), and active & unmet ( ).

	----------------------------------------------------------------------------------------------
	   Step    Total Energy     Delta E     Max Force     RMS Force      Max Disp      RMS Disp   
	----------------------------------------------------------------------------------------------
	  Convergence Criteria     1.00e-06 *    3.00e-04 *             o    1.20e-03 *             o
	----------------------------------------------------------------------------------------------
	     1    -404.91756630   -4.05e+02      8.95e-01      8.95e-01 o    2.05e-01      2.05e-01 o  ~
	----------------------------------------------------------------------------------------------


2025-07-17:12:56:42,89 INFO     [psi4.optking.stepAlgorithms:266] 	Convergence check returned False
2025-07-17:12:56:42,102 INFO     [psi4.driver.task_planner:285] PLANNING Atomic:  keywords={'DAMPING_PERCENTAGE': 1.0, 'GEOM_MAXITER': 500, 'SCF__GUESS': 'READ', 'GUESS': 'SAP', 'MAXITER': 500, 'REFERENCE': 'UKS', 'function_kwargs': {}}
2025-07-17:12:56:42,103 INFO     [psi4.driver.driver:636] Compute gradient(): method=b3lyp, basis=cc-pvdz, molecule=default, nre=19.411450606352723
2025-07-17:12:56:43,101 INFO     [psi4.driver.driver:639] Return gradient(): -405.0730897454261
2025-07-17:12:56:43,101 INFO     [psi4.driver.driver:640] [[-0.00000000 -0.00000000 -0.63402310]
 [ 0.00000000  0.00000000  0.63398126]]
2025-07-17:12:56:43,103 INFO     [psi4.optking.history:257] 	Performing BFGS update.
2025-07-17:12:56:43,103 INFO     [psi4.optking.history:268] 	Using 1 previous steps for update.
2025-07-17:12:56:43,103 INFO     [psi4.optking.history:302] 	Steps to be used in Hessian update:  1

2025-07-17:12:56:43,103 INFO     [psi4.optking.history:400] 	Updated Hessian (in au) 
 	   2.091109

2025-07-17:12:56:43,103 INFO     [psi4.optking.molsys:874] Projected (PHP) Hessian matrix
	   2.091109

2025-07-17:12:56:43,103 INFO     [psi4.optking.opt_helper:168] 
	         Geometry (au)                                       Gradient (au)
   0.0000000000   0.0000000000   2.0277865065		  -0.0000000000  -0.0000000000  -0.6340231019
   0.0000000000   0.0000000000  -0.4449807778		   0.0000000000   0.0000000000   0.6339812555

2025-07-17:12:56:43,103 INFO     [psi4.optking.stepAlgorithms:315] 	Current Step Report 
 
	Current energy:      -405.0730897454
	Energy change for the previous step:
		Actual       :        -0.1555234503
		Projected    :        -0.0918236360

2025-07-17:12:56:43,103 INFO     [psi4.optking.stepAlgorithms:318] 	Energy ratio =    1.69372
2025-07-17:12:56:43,103 INFO     [psi4.optking.stepAlgorithms:346] 	Energy ratio indicates good step.
2025-07-17:12:56:43,103 INFO     [psi4.optking.stepAlgorithms:347] 	Intrafrag trust radius increased to 1.000e+00.
2025-07-17:12:56:43,103 INFO     [psi4.optking.stepAlgorithms:750] 	Using RFO solution 1.
2025-07-17:12:56:43,104 INFO     [psi4.optking.displace:73] 	Determining Cartesian step for fragment 1.
2025-07-17:12:56:43,104 INFO     [psi4.optking.displace:378] 	Successfully converged to displaced geometry.
2025-07-17:12:56:43,104 INFO     [psi4.optking.displace:379] 	RMS(dx):  0.000e+00 	Max(dx):  0.000e+00 	RMS(dq):  0.000e+00
2025-07-17:12:56:43,104 INFO     [psi4.optking.displace:132] 

	        --- Internal Coordinate Step in ANG or DEG, aJ/ANG or AJ/DEG ---
	-------------------------------------------------------------------------------
	           Coordinate      Previous         Force          Change          New 
	           ----------      --------        ------          ------        ------
	               R(1,2)       1.30853        5.22337        0.14791       1.45644
	-------------------------------------------------------------------------------

2025-07-17:12:56:43,104 INFO     [psi4.optking.stepAlgorithms:96] 	|target step| :    0.2795035705
2025-07-17:12:56:43,104 INFO     [psi4.optking.stepAlgorithms:97] 	gradient     :   -0.6340021787
2025-07-17:12:56:43,104 INFO     [psi4.optking.stepAlgorithms:98] 	hessian      :    2.0911092607
2025-07-17:12:56:43,104 INFO     [psi4.optking.stepAlgorithms:177] 	Norm of achieved step-size    0.2795035705
2025-07-17:12:56:43,104 INFO     [psi4.optking.stepAlgorithms:179] 	Norm of achieved step-size (cart):    0.1976388700
2025-07-17:12:56:43,104 INFO     [psi4.optking.opt_helper:151] Molsys:

	                            ===> Fragment 1 <== 

	 Z (Atomic Numbers)          Masses                          Geom                  
	       3.000000             7.016003          0.00000000  0.00000000  2.16753829   
	      16.000000            31.972071          0.00000000  0.00000000 -0.58473256   

	 - Coordinate -           - BOHR/RAD -       - ANG/DEG -
	 R(1,2)           =         2.752271           1.456439

2025-07-17:12:56:43,104 INFO     [psi4.optking.convcheck:71] Performing convergence check.
2025-07-17:12:56:43,104 INFO     [psi4.optking.convcheck:263] 
	                                 ==> Convergence Check <==                                  
    
	Measures of convergence in internal coordinates in au.
    
	Criteria marked as inactive (o), active & met (*), and active & unmet ( ).

	----------------------------------------------------------------------------------------------
	   Step    Total Energy     Delta E     Max Force     RMS Force      Max Disp      RMS Disp   
	----------------------------------------------------------------------------------------------
	  Convergence Criteria     1.00e-06 *    3.00e-04 *             o    1.20e-03 *             o
	----------------------------------------------------------------------------------------------
	     2    -405.07308975   -1.56e-01      6.34e-01      6.34e-01 o    2.80e-01      2.80e-01 o  ~
	----------------------------------------------------------------------------------------------


2025-07-17:12:56:43,104 INFO     [psi4.optking.stepAlgorithms:266] 	Convergence check returned False
2025-07-17:12:56:43,120 INFO     [psi4.driver.task_planner:285] PLANNING Atomic:  keywords={'DAMPING_PERCENTAGE': 1.0, 'GEOM_MAXITER': 500, 'SCF__GUESS': 'READ', 'GUESS': 'SAP', 'MAXITER': 500, 'REFERENCE': 'UKS', 'function_kwargs': {}}
2025-07-17:12:56:43,121 INFO     [psi4.driver.driver:636] Compute gradient(): method=b3lyp, basis=cc-pvdz, molecule=default, nre=17.440143987673604
2025-07-17:12:56:44,98 INFO     [psi4.driver.driver:639] Return gradient(): -405.21323999016704
2025-07-17:12:56:44,99 INFO     [psi4.driver.driver:640] [[ 0.00000000  0.00000000 -0.38713298]
 [ 0.00000000 -0.00000000  0.38701563]]
2025-07-17:12:56:44,100 INFO     [psi4.optking.history:257] 	Performing BFGS update.
2025-07-17:12:56:44,100 INFO     [psi4.optking.history:268] 	Using 2 previous steps for update.
2025-07-17:12:56:44,100 INFO     [psi4.optking.history:302] 	Steps to be used in Hessian update:  2 1

2025-07-17:12:56:44,100 INFO     [psi4.optking.history:400] 	Updated Hessian (in au) 
 	   1.049004

2025-07-17:12:56:44,100 INFO     [psi4.optking.molsys:874] Projected (PHP) Hessian matrix
	   1.049004

2025-07-17:12:56:44,100 INFO     [psi4.optking.opt_helper:168] 
	         Geometry (au)                                       Gradient (au)
   0.0000000000   0.0000000000   2.2569926968		   0.0000000000   0.0000000000  -0.3871329760
   0.0000000000   0.0000000000  -0.4952781580		   0.0000000000  -0.0000000000   0.3870156305

2025-07-17:12:56:44,100 INFO     [psi4.optking.stepAlgorithms:315] 	Current Step Report 
 
	Current energy:      -405.2132399902
	Energy change for the previous step:
		Actual       :        -0.1401502447
		Projected    :        -0.0886029363

2025-07-17:12:56:44,100 INFO     [psi4.optking.stepAlgorithms:318] 	Energy ratio =    1.58178
2025-07-17:12:56:44,101 INFO     [psi4.optking.stepAlgorithms:750] 	Using RFO solution 1.
2025-07-17:12:56:44,101 INFO     [psi4.optking.displace:73] 	Determining Cartesian step for fragment 1.
2025-07-17:12:56:44,101 INFO     [psi4.optking.displace:378] 	Successfully converged to displaced geometry.
2025-07-17:12:56:44,101 INFO     [psi4.optking.displace:379] 	RMS(dx):  0.000e+00 	Max(dx):  0.000e+00 	RMS(dq):  0.000e+00
2025-07-17:12:56:44,101 INFO     [psi4.optking.displace:132] 

	        --- Internal Coordinate Step in ANG or DEG, aJ/ANG or AJ/DEG ---
	-------------------------------------------------------------------------------
	           Coordinate      Previous         Force          Change          New 
	           ----------      --------        ------          ------        ------
	               R(1,2)       1.45644        3.18900        0.17412       1.63056
	-------------------------------------------------------------------------------

2025-07-17:12:56:44,101 INFO     [psi4.optking.stepAlgorithms:96] 	|target step| :    0.3290418357
2025-07-17:12:56:44,101 INFO     [psi4.optking.stepAlgorithms:97] 	gradient     :   -0.3870743033
2025-07-17:12:56:44,101 INFO     [psi4.optking.stepAlgorithms:98] 	hessian      :    1.0490044126
2025-07-17:12:56:44,101 INFO     [psi4.optking.stepAlgorithms:177] 	Norm of achieved step-size    0.3290418357
2025-07-17:12:56:44,101 INFO     [psi4.optking.stepAlgorithms:179] 	Norm of achieved step-size (cart):    0.2326677133
2025-07-17:12:56:44,101 INFO     [psi4.optking.opt_helper:151] Molsys:

	                            ===> Fragment 1 <== 

	 Z (Atomic Numbers)          Masses                          Geom                  
	       3.000000             7.016003          0.00000000  0.00000000  2.42151361   
	      16.000000            31.972071          0.00000000  0.00000000 -0.65979908   

	 - Coordinate -           - BOHR/RAD -       - ANG/DEG -
	 R(1,2)           =         3.081313           1.630560

2025-07-17:12:56:44,101 INFO     [psi4.optking.convcheck:71] Performing convergence check.
2025-07-17:12:56:44,101 INFO     [psi4.optking.convcheck:263] 
	                                 ==> Convergence Check <==                                  
    
	Measures of convergence in internal coordinates in au.
    
	Criteria marked as inactive (o), active & met (*), and active & unmet ( ).

	----------------------------------------------------------------------------------------------
	   Step    Total Energy     Delta E     Max Force     RMS Force      Max Disp      RMS Disp   
	----------------------------------------------------------------------------------------------
	  Convergence Criteria     1.00e-06 *    3.00e-04 *             o    1.20e-03 *             o
	----------------------------------------------------------------------------------------------
	     3    -405.21323999   -1.40e-01      3.87e-01      3.87e-01 o    3.29e-01      3.29e-01 o  ~
	----------------------------------------------------------------------------------------------


2025-07-17:12:56:44,101 INFO     [psi4.optking.stepAlgorithms:266] 	Convergence check returned False
2025-07-17:12:56:44,115 INFO     [psi4.driver.task_planner:285] PLANNING Atomic:  keywords={'DAMPING_PERCENTAGE': 1.0, 'GEOM_MAXITER': 500, 'SCF__GUESS': 'READ', 'GUESS': 'SAP', 'MAXITER': 500, 'REFERENCE': 'UKS', 'function_kwargs': {}}
2025-07-17:12:56:44,117 INFO     [psi4.driver.driver:636] Compute gradient(): method=b3lyp, basis=cc-pvdz, molecule=default, nre=15.577776364126146
2025-07-17:12:56:45,157 INFO     [psi4.driver.driver:639] Return gradient(): -405.30903720951426
2025-07-17:12:56:45,157 INFO     [psi4.driver.driver:640] [[-0.00000000  0.00000000 -0.21182397]
 [ 0.00000000 -0.00000000  0.21175709]]
2025-07-17:12:56:45,158 INFO     [psi4.optking.history:257] 	Performing BFGS update.
2025-07-17:12:56:45,158 INFO     [psi4.optking.history:268] 	Using 3 previous steps for update.
2025-07-17:12:56:45,159 WARNING  [psi4.optking.history:286] 	Change in internal coordinate of 6.09e-01 exceeds limit of 5.00e-01.
2025-07-17:12:56:45,159 WARNING  [psi4.optking.history:291] 	Skipping Hessian update for step 2.
2025-07-17:12:56:45,159 WARNING  [psi4.optking.history:286] 	Change in internal coordinate of 8.14e-01 exceeds limit of 5.00e-01.
2025-07-17:12:56:45,159 WARNING  [psi4.optking.history:291] 	Skipping Hessian update for step 1.
2025-07-17:12:56:45,159 INFO     [psi4.optking.history:302] 	Steps to be used in Hessian update:  3

2025-07-17:12:56:45,159 INFO     [psi4.optking.history:400] 	Updated Hessian (in au) 
 	   0.532710

2025-07-17:12:56:45,159 INFO     [psi4.optking.molsys:874] Projected (PHP) Hessian matrix
	   0.532710

2025-07-17:12:56:45,159 INFO     [psi4.optking.opt_helper:168] 
	         Geometry (au)                                       Gradient (au)
   0.0000000000   0.0000000000   2.5268226152		  -0.0000000000   0.0000000000  -0.2118239707
   0.0000000000   0.0000000000  -0.5544900753		   0.0000000000  -0.0000000000   0.2117570934

2025-07-17:12:56:45,159 INFO     [psi4.optking.stepAlgorithms:315] 	Current Step Report 
 
	Current energy:      -405.3090372095
	Energy change for the previous step:
		Actual       :        -0.0957972193
		Projected    :        -0.0636818196

2025-07-17:12:56:45,160 INFO     [psi4.optking.stepAlgorithms:318] 	Energy ratio =    1.50431
2025-07-17:12:56:45,160 INFO     [psi4.optking.stepAlgorithms:750] 	Using RFO solution 1.
2025-07-17:12:56:45,160 INFO     [psi4.optking.displace:73] 	Determining Cartesian step for fragment 1.
2025-07-17:12:56:45,160 INFO     [psi4.optking.displace:378] 	Successfully converged to displaced geometry.
2025-07-17:12:56:45,160 INFO     [psi4.optking.displace:379] 	RMS(dx):  1.282e-16 	Max(dx):  2.220e-16 	RMS(dq):  4.441e-16
2025-07-17:12:56:45,160 INFO     [psi4.optking.displace:132] 

	        --- Internal Coordinate Step in ANG or DEG, aJ/ANG or AJ/DEG ---
	-------------------------------------------------------------------------------
	           Coordinate      Previous         Force          Change          New 
	           ----------      --------        ------          ------        ------
	               R(1,2)       1.63056        1.74488        0.18474       1.81530
	-------------------------------------------------------------------------------

2025-07-17:12:56:45,160 INFO     [psi4.optking.stepAlgorithms:96] 	|target step| :    0.3491154263
2025-07-17:12:56:45,160 INFO     [psi4.optking.stepAlgorithms:97] 	gradient     :   -0.2117905321
2025-07-17:12:56:45,161 INFO     [psi4.optking.stepAlgorithms:98] 	hessian      :    0.5327096806
2025-07-17:12:56:45,161 INFO     [psi4.optking.stepAlgorithms:177] 	Norm of achieved step-size    0.3491154263
2025-07-17:12:56:45,161 INFO     [psi4.optking.stepAlgorithms:179] 	Norm of achieved step-size (cart):    0.2468618853
2025-07-17:12:56:45,161 INFO     [psi4.optking.opt_helper:151] Molsys:

	                            ===> Fragment 1 <== 

	 Z (Atomic Numbers)          Masses                          Geom                  
	       3.000000             7.016003          0.00000000  0.00000000  2.70138033   
	      16.000000            31.972071          0.00000000  0.00000000 -0.72904779   

	 - Coordinate -           - BOHR/RAD -       - ANG/DEG -
	 R(1,2)           =         3.430428           1.815304

2025-07-17:12:56:45,161 INFO     [psi4.optking.convcheck:71] Performing convergence check.
2025-07-17:12:56:45,161 INFO     [psi4.optking.convcheck:263] 
	                                 ==> Convergence Check <==                                  
    
	Measures of convergence in internal coordinates in au.
    
	Criteria marked as inactive (o), active & met (*), and active & unmet ( ).

	----------------------------------------------------------------------------------------------
	   Step    Total Energy     Delta E     Max Force     RMS Force      Max Disp      RMS Disp   
	----------------------------------------------------------------------------------------------
	  Convergence Criteria     1.00e-06 *    3.00e-04 *             o    1.20e-03 *             o
	----------------------------------------------------------------------------------------------
	     4    -405.30903721   -9.58e-02      2.12e-01      2.12e-01 o    3.49e-01      3.49e-01 o  ~
	----------------------------------------------------------------------------------------------


2025-07-17:12:56:45,161 INFO     [psi4.optking.stepAlgorithms:266] 	Convergence check returned False
2025-07-17:12:56:45,175 INFO     [psi4.driver.task_planner:285] PLANNING Atomic:  keywords={'DAMPING_PERCENTAGE': 1.0, 'GEOM_MAXITER': 500, 'SCF__GUESS': 'READ', 'GUESS': 'SAP', 'MAXITER': 500, 'REFERENCE': 'UKS', 'function_kwargs': {}}
2025-07-17:12:56:45,176 INFO     [psi4.driver.driver:636] Compute gradient(): method=b3lyp, basis=cc-pvdz, molecule=default, nre=13.992422626801623
2025-07-17:12:56:46,120 INFO     [psi4.driver.driver:639] Return gradient(): -405.3633676163993
2025-07-17:12:56:46,120 INFO     [psi4.driver.driver:640] [[ 0.00000000  0.00000000 -0.11016453]
 [ 0.00000000  0.00000000  0.11014809]]
2025-07-17:12:56:46,122 INFO     [psi4.optking.history:257] 	Performing BFGS update.
2025-07-17:12:56:46,122 INFO     [psi4.optking.history:268] 	Using 4 previous steps for update.
2025-07-17:12:56:46,122 WARNING  [psi4.optking.history:286] 	Change in internal coordinate of 6.78e-01 exceeds limit of 5.00e-01.
2025-07-17:12:56:46,122 WARNING  [psi4.optking.history:291] 	Skipping Hessian update for step 3.
2025-07-17:12:56:46,122 WARNING  [psi4.optking.history:286] 	Change in internal coordinate of 9.58e-01 exceeds limit of 5.00e-01.
2025-07-17:12:56:46,122 WARNING  [psi4.optking.history:291] 	Skipping Hessian update for step 2.
2025-07-17:12:56:46,122 WARNING  [psi4.optking.history:286] 	Change in internal coordinate of 1.16e+00 exceeds limit of 5.00e-01.
2025-07-17:12:56:46,122 WARNING  [psi4.optking.history:291] 	Skipping Hessian update for step 1.
2025-07-17:12:56:46,122 INFO     [psi4.optking.history:302] 	Steps to be used in Hessian update:  4

2025-07-17:12:56:46,122 INFO     [psi4.optking.history:400] 	Updated Hessian (in au) 
 	   0.291119

2025-07-17:12:56:46,122 INFO     [psi4.optking.molsys:874] Projected (PHP) Hessian matrix
	   0.291119

2025-07-17:12:56:46,122 INFO     [psi4.optking.opt_helper:168] 
	         Geometry (au)                                       Gradient (au)
   0.0000000000   0.0000000000   2.8131138303		   0.0000000000   0.0000000000  -0.1101645301
   0.0000000000   0.0000000000  -0.6173142864		   0.0000000000   0.0000000000   0.1101480895

2025-07-17:12:56:46,123 INFO     [psi4.optking.stepAlgorithms:315] 	Current Step Report 
 
	Current energy:      -405.3633676164
	Energy change for the previous step:
		Actual       :        -0.0543304069
		Projected    :        -0.0369696709

2025-07-17:12:56:46,123 INFO     [psi4.optking.stepAlgorithms:318] 	Energy ratio =    1.46959
2025-07-17:12:56:46,123 INFO     [psi4.optking.stepAlgorithms:750] 	Using RFO solution 1.
2025-07-17:12:56:46,123 INFO     [psi4.optking.displace:73] 	Determining Cartesian step for fragment 1.
2025-07-17:12:56:46,123 INFO     [psi4.optking.displace:378] 	Successfully converged to displaced geometry.
2025-07-17:12:56:46,123 INFO     [psi4.optking.displace:379] 	RMS(dx):  1.282e-16 	Max(dx):  2.220e-16 	RMS(dq):  0.000e+00
2025-07-17:12:56:46,123 INFO     [psi4.optking.displace:132] 

	        --- Internal Coordinate Step in ANG or DEG, aJ/ANG or AJ/DEG ---
	-------------------------------------------------------------------------------
	           Coordinate      Previous         Force          Change          New 
	           ----------      --------        ------          ------        ------
	               R(1,2)       1.81530        0.90755        0.17766       1.99297
	-------------------------------------------------------------------------------

2025-07-17:12:56:46,123 INFO     [psi4.optking.stepAlgorithms:96] 	|target step| :    0.3357371623
2025-07-17:12:56:46,123 INFO     [psi4.optking.stepAlgorithms:97] 	gradient     :   -0.1101563098
2025-07-17:12:56:46,123 INFO     [psi4.optking.stepAlgorithms:98] 	hessian      :    0.2911192534
2025-07-17:12:56:46,123 INFO     [psi4.optking.stepAlgorithms:177] 	Norm of achieved step-size    0.3357371623
2025-07-17:12:56:46,123 INFO     [psi4.optking.stepAlgorithms:179] 	Norm of achieved step-size (cart):    0.2374020241
2025-07-17:12:56:46,123 INFO     [psi4.optking.opt_helper:151] Molsys:

	                            ===> Fragment 1 <== 

	 Z (Atomic Numbers)          Masses                          Geom                  
	       3.000000             7.016003          0.00000000  0.00000000  2.98098241   
	      16.000000            31.972071          0.00000000  0.00000000 -0.78518287   

	 - Coordinate -           - BOHR/RAD -       - ANG/DEG -
	 R(1,2)           =         3.766165           1.992969

2025-07-17:12:56:46,123 INFO     [psi4.optking.convcheck:71] Performing convergence check.
2025-07-17:12:56:46,123 INFO     [psi4.optking.convcheck:263] 
	                                 ==> Convergence Check <==                                  
    
	Measures of convergence in internal coordinates in au.
    
	Criteria marked as inactive (o), active & met (*), and active & unmet ( ).

	----------------------------------------------------------------------------------------------
	   Step    Total Energy     Delta E     Max Force     RMS Force      Max Disp      RMS Disp   
	----------------------------------------------------------------------------------------------
	  Convergence Criteria     1.00e-06 *    3.00e-04 *             o    1.20e-03 *             o
	----------------------------------------------------------------------------------------------
	     5    -405.36336762   -5.43e-02      1.10e-01      1.10e-01 o    3.36e-01      3.36e-01 o  ~
	----------------------------------------------------------------------------------------------


2025-07-17:12:56:46,123 INFO     [psi4.optking.stepAlgorithms:266] 	Convergence check returned False
2025-07-17:12:56:46,135 INFO     [psi4.driver.task_planner:285] PLANNING Atomic:  keywords={'DAMPING_PERCENTAGE': 1.0, 'GEOM_MAXITER': 500, 'SCF__GUESS': 'READ', 'GUESS': 'SAP', 'MAXITER': 500, 'REFERENCE': 'UKS', 'function_kwargs': {}}
2025-07-17:12:56:46,136 INFO     [psi4.driver.driver:636] Compute gradient(): method=b3lyp, basis=cc-pvdz, molecule=default, nre=12.74505934924722
2025-07-17:12:56:47,109 INFO     [psi4.driver.driver:639] Return gradient(): -405.39071609879846
2025-07-17:12:56:47,109 INFO     [psi4.driver.driver:640] [[ 0.00000000  0.00000000 -0.05804889]
 [ 0.00000000 -0.00000000  0.05807597]]
2025-07-17:12:56:47,112 INFO     [psi4.optking.history:257] 	Performing BFGS update.
2025-07-17:12:56:47,112 INFO     [psi4.optking.history:268] 	Using 4 previous steps for update.
2025-07-17:12:56:47,112 WARNING  [psi4.optking.history:286] 	Change in internal coordinate of 6.85e-01 exceeds limit of 5.00e-01.
2025-07-17:12:56:47,112 WARNING  [psi4.optking.history:291] 	Skipping Hessian update for step 4.
2025-07-17:12:56:47,113 WARNING  [psi4.optking.history:286] 	Change in internal coordinate of 1.01e+00 exceeds limit of 5.00e-01.
2025-07-17:12:56:47,113 WARNING  [psi4.optking.history:291] 	Skipping Hessian update for step 3.
2025-07-17:12:56:47,113 WARNING  [psi4.optking.history:286] 	Change in internal coordinate of 1.29e+00 exceeds limit of 5.00e-01.
2025-07-17:12:56:47,113 WARNING  [psi4.optking.history:291] 	Skipping Hessian update for step 2.
2025-07-17:12:56:47,113 WARNING  [psi4.optking.history:286] 	Change in internal coordinate of 1.50e+00 exceeds limit of 5.00e-01.
2025-07-17:12:56:47,113 WARNING  [psi4.optking.history:291] 	Skipping Hessian update for step 1.
2025-07-17:12:56:47,113 INFO     [psi4.optking.history:302] 	Steps to be used in Hessian update:  5

2025-07-17:12:56:47,113 INFO     [psi4.optking.history:400] 	Updated Hessian (in au) 
 	   0.155163

2025-07-17:12:56:47,113 INFO     [psi4.optking.molsys:874] Projected (PHP) Hessian matrix
	   0.155163

2025-07-17:12:56:47,113 INFO     [psi4.optking.opt_helper:168] 
	         Geometry (au)                                       Gradient (au)
   0.0000000000   0.0000000000   3.0884342342		   0.0000000000   0.0000000000  -0.0580488883
   0.0000000000   0.0000000000  -0.6777310448		   0.0000000000  -0.0000000000   0.0580759663

2025-07-17:12:56:47,114 INFO     [psi4.optking.stepAlgorithms:315] 	Current Step Report 
 
	Current energy:      -405.3907160988
	Energy change for the previous step:
		Actual       :        -0.0273484824
		Projected    :        -0.0184917834

2025-07-17:12:56:47,114 INFO     [psi4.optking.stepAlgorithms:318] 	Energy ratio =    1.47895
2025-07-17:12:56:47,114 INFO     [psi4.optking.stepAlgorithms:750] 	Using RFO solution 1.
2025-07-17:12:56:47,114 INFO     [psi4.optking.displace:73] 	Determining Cartesian step for fragment 1.
2025-07-17:12:56:47,114 INFO     [psi4.optking.displace:378] 	Successfully converged to displaced geometry.
2025-07-17:12:56:47,114 INFO     [psi4.optking.displace:379] 	RMS(dx):  0.000e+00 	Max(dx):  0.000e+00 	RMS(dq):  0.000e+00
2025-07-17:12:56:47,114 INFO     [psi4.optking.displace:132] 

	        --- Internal Coordinate Step in ANG or DEG, aJ/ANG or AJ/DEG ---
	-------------------------------------------------------------------------------
	           Coordinate      Previous         Force          Change          New 
	           ----------      --------        ------          ------        ------
	               R(1,2)       1.99297        0.47836        0.17609       2.16906
	-------------------------------------------------------------------------------

2025-07-17:12:56:47,114 INFO     [psi4.optking.stepAlgorithms:96] 	|target step| :    0.3327666157
2025-07-17:12:56:47,114 INFO     [psi4.optking.stepAlgorithms:97] 	gradient     :   -0.0580624273
2025-07-17:12:56:47,114 INFO     [psi4.optking.stepAlgorithms:98] 	hessian      :    0.1551626938
2025-07-17:12:56:47,115 INFO     [psi4.optking.stepAlgorithms:177] 	Norm of achieved step-size    0.3327666157
2025-07-17:12:56:47,115 INFO     [psi4.optking.stepAlgorithms:179] 	Norm of achieved step-size (cart):    0.2353015305
2025-07-17:12:56:47,115 INFO     [psi4.optking.opt_helper:151] Molsys:

	                            ===> Fragment 1 <== 

	 Z (Atomic Numbers)          Masses                          Geom                  
	       3.000000             7.016003          0.00000000  0.00000000  3.25481754   
	      16.000000            31.972071          0.00000000  0.00000000 -0.84411435   

	 - Coordinate -           - BOHR/RAD -       - ANG/DEG -
	 R(1,2)           =         4.098932           2.169061

2025-07-17:12:56:47,115 INFO     [psi4.optking.convcheck:71] Performing convergence check.
2025-07-17:12:56:47,115 INFO     [psi4.optking.convcheck:263] 
	                                 ==> Convergence Check <==                                  
    
	Measures of convergence in internal coordinates in au.
    
	Criteria marked as inactive (o), active & met (*), and active & unmet ( ).

	----------------------------------------------------------------------------------------------
	   Step    Total Energy     Delta E     Max Force     RMS Force      Max Disp      RMS Disp   
	----------------------------------------------------------------------------------------------
	  Convergence Criteria     1.00e-06 *    3.00e-04 *             o    1.20e-03 *             o
	----------------------------------------------------------------------------------------------
	     6    -405.39071610   -2.73e-02      5.81e-02      5.81e-02 o    3.33e-01      3.33e-01 o  ~
	----------------------------------------------------------------------------------------------


2025-07-17:12:56:47,115 INFO     [psi4.optking.stepAlgorithms:266] 	Convergence check returned False
2025-07-17:12:56:47,129 INFO     [psi4.driver.task_planner:285] PLANNING Atomic:  keywords={'DAMPING_PERCENTAGE': 1.0, 'GEOM_MAXITER': 500, 'SCF__GUESS': 'READ', 'GUESS': 'SAP', 'MAXITER': 500, 'REFERENCE': 'UKS', 'function_kwargs': {}}
2025-07-17:12:56:47,131 INFO     [psi4.driver.driver:636] Compute gradient(): method=b3lyp, basis=cc-pvdz, molecule=default, nre=11.710367782011973
2025-07-17:12:56:48,67 INFO     [psi4.driver.driver:639] Return gradient(): -405.40487595485394
2025-07-17:12:56:48,67 INFO     [psi4.driver.driver:640] [[-0.00000000  0.00000000 -0.02982461]
 [ 0.00000000 -0.00000000  0.02986389]]
2025-07-17:12:56:48,68 INFO     [psi4.optking.history:257] 	Performing BFGS update.
2025-07-17:12:56:48,68 INFO     [psi4.optking.history:268] 	Using 4 previous steps for update.
2025-07-17:12:56:48,68 WARNING  [psi4.optking.history:286] 	Change in internal coordinate of 6.69e-01 exceeds limit of 5.00e-01.
2025-07-17:12:56:48,68 WARNING  [psi4.optking.history:291] 	Skipping Hessian update for step 5.
2025-07-17:12:56:48,68 WARNING  [psi4.optking.history:286] 	Change in internal coordinate of 1.02e+00 exceeds limit of 5.00e-01.
2025-07-17:12:56:48,69 WARNING  [psi4.optking.history:291] 	Skipping Hessian update for step 4.
2025-07-17:12:56:48,69 WARNING  [psi4.optking.history:286] 	Change in internal coordinate of 1.35e+00 exceeds limit of 5.00e-01.
2025-07-17:12:56:48,69 WARNING  [psi4.optking.history:291] 	Skipping Hessian update for step 3.
2025-07-17:12:56:48,69 WARNING  [psi4.optking.history:286] 	Change in internal coordinate of 1.63e+00 exceeds limit of 5.00e-01.
2025-07-17:12:56:48,69 WARNING  [psi4.optking.history:291] 	Skipping Hessian update for step 2.
2025-07-17:12:56:48,69 WARNING  [psi4.optking.history:286] 	Change in internal coordinate of 1.83e+00 exceeds limit of 5.00e-01.
2025-07-17:12:56:48,69 WARNING  [psi4.optking.history:291] 	Skipping Hessian update for step 1.
2025-07-17:12:56:48,69 INFO     [psi4.optking.history:302] 	Steps to be used in Hessian update:  6

2025-07-17:12:56:48,69 INFO     [psi4.optking.history:400] 	Updated Hessian (in au) 
 	   0.084799

2025-07-17:12:56:48,69 INFO     [psi4.optking.molsys:874] Projected (PHP) Hessian matrix
	   0.084799

2025-07-17:12:56:48,69 INFO     [psi4.optking.opt_helper:168] 
	         Geometry (au)                                       Gradient (au)
   0.0000000000   0.0000000000   3.3613186489		  -0.0000000000   0.0000000000  -0.0298246071
   0.0000000000   0.0000000000  -0.7376132458		   0.0000000000  -0.0000000000   0.0298638884

2025-07-17:12:56:48,69 INFO     [psi4.optking.stepAlgorithms:315] 	Current Step Report 
 
	Current energy:      -405.4048759549
	Energy change for the previous step:
		Actual       :        -0.0141598561
		Projected    :        -0.0096606187

2025-07-17:12:56:48,69 INFO     [psi4.optking.stepAlgorithms:318] 	Energy ratio =    1.46573
2025-07-17:12:56:48,69 INFO     [psi4.optking.stepAlgorithms:750] 	Using RFO solution 1.
2025-07-17:12:56:48,69 INFO     [psi4.optking.displace:73] 	Determining Cartesian step for fragment 1.
2025-07-17:12:56:48,69 INFO     [psi4.optking.displace:378] 	Successfully converged to displaced geometry.
2025-07-17:12:56:48,69 INFO     [psi4.optking.displace:379] 	RMS(dx):  0.000e+00 	Max(dx):  0.000e+00 	RMS(dq):  0.000e+00
2025-07-17:12:56:48,70 INFO     [psi4.optking.displace:132] 

	        --- Internal Coordinate Step in ANG or DEG, aJ/ANG or AJ/DEG ---
	-------------------------------------------------------------------------------
	           Coordinate      Previous         Force          Change          New 
	           ----------      --------        ------          ------        ------
	               R(1,2)       2.16906        0.24588        0.16757       2.33663
	-------------------------------------------------------------------------------

2025-07-17:12:56:48,70 INFO     [psi4.optking.stepAlgorithms:96] 	|target step| :    0.3166532461
2025-07-17:12:56:48,70 INFO     [psi4.optking.stepAlgorithms:97] 	gradient     :   -0.0298442478
2025-07-17:12:56:48,70 INFO     [psi4.optking.stepAlgorithms:98] 	hessian      :    0.0847987094
2025-07-17:12:56:48,70 INFO     [psi4.optking.stepAlgorithms:177] 	Norm of achieved step-size    0.3166532461
2025-07-17:12:56:48,70 INFO     [psi4.optking.stepAlgorithms:179] 	Norm of achieved step-size (cart):    0.2239076576
2025-07-17:12:56:48,70 INFO     [psi4.optking.opt_helper:151] Molsys:

	                            ===> Fragment 1 <== 

	 Z (Atomic Numbers)          Masses                          Geom                  
	       3.000000             7.016003          0.00000000  0.00000000  3.51964527   
	      16.000000            31.972071          0.00000000  0.00000000 -0.89593987   

	 - Coordinate -           - BOHR/RAD -       - ANG/DEG -
	 R(1,2)           =         4.415585           2.336627

2025-07-17:12:56:48,70 INFO     [psi4.optking.convcheck:71] Performing convergence check.
2025-07-17:12:56:48,70 INFO     [psi4.optking.convcheck:263] 
	                                 ==> Convergence Check <==                                  
    
	Measures of convergence in internal coordinates in au.
    
	Criteria marked as inactive (o), active & met (*), and active & unmet ( ).

	----------------------------------------------------------------------------------------------
	   Step    Total Energy     Delta E     Max Force     RMS Force      Max Disp      RMS Disp   
	----------------------------------------------------------------------------------------------
	  Convergence Criteria     1.00e-06 *    3.00e-04 *             o    1.20e-03 *             o
	----------------------------------------------------------------------------------------------
	     7    -405.40487595   -1.42e-02      2.98e-02      2.98e-02 o    3.17e-01      3.17e-01 o  ~
	----------------------------------------------------------------------------------------------


2025-07-17:12:56:48,70 INFO     [psi4.optking.stepAlgorithms:266] 	Convergence check returned False
2025-07-17:12:56:48,87 INFO     [psi4.driver.task_planner:285] PLANNING Atomic:  keywords={'DAMPING_PERCENTAGE': 1.0, 'GEOM_MAXITER': 500, 'SCF__GUESS': 'READ', 'GUESS': 'SAP', 'MAXITER': 500, 'REFERENCE': 'UKS', 'function_kwargs': {}}
2025-07-17:12:56:48,89 INFO     [psi4.driver.driver:636] Compute gradient(): method=b3lyp, basis=cc-pvdz, molecule=default, nre=10.870586449951823
2025-07-17:12:56:49,24 INFO     [psi4.driver.driver:639] Return gradient(): -405.4117085649045
2025-07-17:12:56:49,24 INFO     [psi4.driver.driver:640] [[ 0.00000000 -0.00000000 -0.01474019]
 [ 0.00000000  0.00000000  0.01478815]]
2025-07-17:12:56:49,25 INFO     [psi4.optking.history:257] 	Performing BFGS update.
2025-07-17:12:56:49,25 INFO     [psi4.optking.history:268] 	Using 4 previous steps for update.
2025-07-17:12:56:49,26 WARNING  [psi4.optking.history:286] 	Change in internal coordinate of 6.49e-01 exceeds limit of 5.00e-01.
2025-07-17:12:56:49,26 WARNING  [psi4.optking.history:291] 	Skipping Hessian update for step 6.
2025-07-17:12:56:49,26 WARNING  [psi4.optking.history:286] 	Change in internal coordinate of 9.85e-01 exceeds limit of 5.00e-01.
2025-07-17:12:56:49,26 WARNING  [psi4.optking.history:291] 	Skipping Hessian update for step 5.
2025-07-17:12:56:49,26 WARNING  [psi4.optking.history:286] 	Change in internal coordinate of 1.33e+00 exceeds limit of 5.00e-01.
2025-07-17:12:56:49,26 WARNING  [psi4.optking.history:291] 	Skipping Hessian update for step 4.
2025-07-17:12:56:49,26 WARNING  [psi4.optking.history:286] 	Change in internal coordinate of 1.66e+00 exceeds limit of 5.00e-01.
2025-07-17:12:56:49,26 WARNING  [psi4.optking.history:291] 	Skipping Hessian update for step 3.
2025-07-17:12:56:49,26 WARNING  [psi4.optking.history:286] 	Change in internal coordinate of 1.94e+00 exceeds limit of 5.00e-01.
2025-07-17:12:56:49,26 WARNING  [psi4.optking.history:291] 	Skipping Hessian update for step 2.
2025-07-17:12:56:49,26 WARNING  [psi4.optking.history:286] 	Change in internal coordinate of 2.15e+00 exceeds limit of 5.00e-01.
2025-07-17:12:56:49,26 WARNING  [psi4.optking.history:291] 	Skipping Hessian update for step 1.
2025-07-17:12:56:49,26 INFO     [psi4.optking.history:302] 	Steps to be used in Hessian update:  7

2025-07-17:12:56:49,26 INFO     [psi4.optking.history:400] 	Updated Hessian (in au) 
 	   0.047623

2025-07-17:12:56:49,26 INFO     [psi4.optking.molsys:874] Projected (PHP) Hessian matrix
	   0.047623

2025-07-17:12:56:49,26 INFO     [psi4.optking.opt_helper:168] 
	         Geometry (au)                                       Gradient (au)
   0.0000000000   0.0000000000   3.6209893360		   0.0000000000  -0.0000000000  -0.0147401906
   0.0000000000   0.0000000000  -0.7945958048		   0.0000000000   0.0000000000   0.0147881513

2025-07-17:12:56:49,26 INFO     [psi4.optking.stepAlgorithms:315] 	Current Step Report 
 
	Current energy:      -405.4117085649
	Energy change for the previous step:
		Actual       :        -0.0068326101
		Projected    :        -0.0047251390

2025-07-17:12:56:49,26 INFO     [psi4.optking.stepAlgorithms:318] 	Energy ratio =    1.44601
2025-07-17:12:56:49,27 INFO     [psi4.optking.stepAlgorithms:750] 	Using RFO solution 1.
2025-07-17:12:56:49,27 INFO     [psi4.optking.displace:73] 	Determining Cartesian step for fragment 1.
2025-07-17:12:56:49,27 INFO     [psi4.optking.displace:378] 	Successfully converged to displaced geometry.
2025-07-17:12:56:49,27 INFO     [psi4.optking.displace:379] 	RMS(dx):  0.000e+00 	Max(dx):  0.000e+00 	RMS(dq):  0.000e+00
2025-07-17:12:56:49,27 INFO     [psi4.optking.displace:132] 

	        --- Internal Coordinate Step in ANG or DEG, aJ/ANG or AJ/DEG ---
	-------------------------------------------------------------------------------
	           Coordinate      Previous         Force          Change          New 
	           ----------      --------        ------          ------        ------
	               R(1,2)       2.33663        0.12164        0.15074       2.48737
	-------------------------------------------------------------------------------

2025-07-17:12:56:49,27 INFO     [psi4.optking.stepAlgorithms:96] 	|target step| :    0.2848627123
2025-07-17:12:56:49,27 INFO     [psi4.optking.stepAlgorithms:97] 	gradient     :   -0.0147641710
2025-07-17:12:56:49,27 INFO     [psi4.optking.stepAlgorithms:98] 	hessian      :    0.0476233135
2025-07-17:12:56:49,28 INFO     [psi4.optking.stepAlgorithms:177] 	Norm of achieved step-size    0.2848627123
2025-07-17:12:56:49,28 INFO     [psi4.optking.stepAlgorithms:179] 	Norm of achieved step-size (cart):    0.2014283556
2025-07-17:12:56:49,28 INFO     [psi4.optking.opt_helper:151] Molsys:

	                            ===> Fragment 1 <== 

	 Z (Atomic Numbers)          Masses                          Geom                  
	       3.000000             7.016003          0.00000000  0.00000000  3.76342069   
	      16.000000            31.972071          0.00000000  0.00000000 -0.93702716   

	 - Coordinate -           - BOHR/RAD -       - ANG/DEG -
	 R(1,2)           =         4.700448           2.487370

2025-07-17:12:56:49,28 INFO     [psi4.optking.convcheck:71] Performing convergence check.
2025-07-17:12:56:49,28 INFO     [psi4.optking.convcheck:263] 
	                                 ==> Convergence Check <==                                  
    
	Measures of convergence in internal coordinates in au.
    
	Criteria marked as inactive (o), active & met (*), and active & unmet ( ).

	----------------------------------------------------------------------------------------------
	   Step    Total Energy     Delta E     Max Force     RMS Force      Max Disp      RMS Disp   
	----------------------------------------------------------------------------------------------
	  Convergence Criteria     1.00e-06 *    3.00e-04 *             o    1.20e-03 *             o
	----------------------------------------------------------------------------------------------
	     8    -405.41170856   -6.83e-03      1.48e-02      1.48e-02 o    2.85e-01      2.85e-01 o  ~
	----------------------------------------------------------------------------------------------


2025-07-17:12:56:49,28 INFO     [psi4.optking.stepAlgorithms:266] 	Convergence check returned False
2025-07-17:12:56:49,43 INFO     [psi4.driver.task_planner:285] PLANNING Atomic:  keywords={'DAMPING_PERCENTAGE': 1.0, 'GEOM_MAXITER': 500, 'SCF__GUESS': 'READ', 'GUESS': 'SAP', 'MAXITER': 500, 'REFERENCE': 'UKS', 'function_kwargs': {}}
2025-07-17:12:56:49,44 INFO     [psi4.driver.driver:636] Compute gradient(): method=b3lyp, basis=cc-pvdz, molecule=default, nre=10.211792897166587
2025-07-17:12:56:49,999 INFO     [psi4.driver.driver:639] Return gradient(): -405.41468475971334
2025-07-17:12:56:50,0 INFO     [psi4.driver.driver:640] [[ 0.00000000  0.00000000 -0.00684170]
 [ 0.00000000  0.00000000  0.00690075]]
2025-07-17:12:56:50,2 INFO     [psi4.optking.history:257] 	Performing BFGS update.
2025-07-17:12:56:50,2 INFO     [psi4.optking.history:268] 	Using 4 previous steps for update.
2025-07-17:12:56:50,2 WARNING  [psi4.optking.history:286] 	Change in internal coordinate of 6.02e-01 exceeds limit of 5.00e-01.
2025-07-17:12:56:50,2 WARNING  [psi4.optking.history:291] 	Skipping Hessian update for step 7.
2025-07-17:12:56:50,2 WARNING  [psi4.optking.history:286] 	Change in internal coordinate of 9.34e-01 exceeds limit of 5.00e-01.
2025-07-17:12:56:50,2 WARNING  [psi4.optking.history:291] 	Skipping Hessian update for step 6.
2025-07-17:12:56:50,2 WARNING  [psi4.optking.history:286] 	Change in internal coordinate of 1.27e+00 exceeds limit of 5.00e-01.
2025-07-17:12:56:50,2 WARNING  [psi4.optking.history:291] 	Skipping Hessian update for step 5.
2025-07-17:12:56:50,2 WARNING  [psi4.optking.history:286] 	Change in internal coordinate of 1.62e+00 exceeds limit of 5.00e-01.
2025-07-17:12:56:50,2 WARNING  [psi4.optking.history:291] 	Skipping Hessian update for step 4.
2025-07-17:12:56:50,2 WARNING  [psi4.optking.history:286] 	Change in internal coordinate of 1.95e+00 exceeds limit of 5.00e-01.
2025-07-17:12:56:50,2 WARNING  [psi4.optking.history:291] 	Skipping Hessian update for step 3.
2025-07-17:12:56:50,2 WARNING  [psi4.optking.history:286] 	Change in internal coordinate of 2.23e+00 exceeds limit of 5.00e-01.
2025-07-17:12:56:50,2 WARNING  [psi4.optking.history:291] 	Skipping Hessian update for step 2.
2025-07-17:12:56:50,2 WARNING  [psi4.optking.history:286] 	Change in internal coordinate of 2.43e+00 exceeds limit of 5.00e-01.
2025-07-17:12:56:50,2 WARNING  [psi4.optking.history:291] 	Skipping Hessian update for step 1.
2025-07-17:12:56:50,2 INFO     [psi4.optking.history:302] 	Steps to be used in Hessian update:  8

2025-07-17:12:56:50,3 INFO     [psi4.optking.history:400] 	Updated Hessian (in au) 
 	   0.027708

2025-07-17:12:56:50,3 INFO     [psi4.optking.molsys:874] Projected (PHP) Hessian matrix
	   0.027708

2025-07-17:12:56:50,3 INFO     [psi4.optking.opt_helper:168] 
	         Geometry (au)                                       Gradient (au)
   0.0000000000   0.0000000000   3.8545902769		   0.0000000000   0.0000000000  -0.0068416967
   0.0000000000   0.0000000000  -0.8458575762		   0.0000000000   0.0000000000   0.0069007541

2025-07-17:12:56:50,3 INFO     [psi4.optking.stepAlgorithms:315] 	Current Step Report 
 
	Current energy:      -405.4146847597
	Energy change for the previous step:
		Actual       :        -0.0029761948
		Projected    :        -0.0021028809

2025-07-17:12:56:50,3 INFO     [psi4.optking.stepAlgorithms:318] 	Energy ratio =    1.41529
2025-07-17:12:56:50,3 INFO     [psi4.optking.stepAlgorithms:750] 	Using RFO solution 1.
2025-07-17:12:56:50,3 INFO     [psi4.optking.displace:73] 	Determining Cartesian step for fragment 1.
2025-07-17:12:56:50,3 INFO     [psi4.optking.displace:378] 	Successfully converged to displaced geometry.
2025-07-17:12:56:50,3 INFO     [psi4.optking.displace:379] 	RMS(dx):  0.000e+00 	Max(dx):  0.000e+00 	RMS(dq):  0.000e+00
2025-07-17:12:56:50,3 INFO     [psi4.optking.displace:132] 

	        --- Internal Coordinate Step in ANG or DEG, aJ/ANG or AJ/DEG ---
	-------------------------------------------------------------------------------
	           Coordinate      Previous         Force          Change          New 
	           ----------      --------        ------          ------        ------
	               R(1,2)       2.48737        0.05661        0.12402       2.61139
	-------------------------------------------------------------------------------

2025-07-17:12:56:50,3 INFO     [psi4.optking.stepAlgorithms:96] 	|target step| :    0.2343666019
2025-07-17:12:56:50,3 INFO     [psi4.optking.stepAlgorithms:97] 	gradient     :   -0.0068712254
2025-07-17:12:56:50,3 INFO     [psi4.optking.stepAlgorithms:98] 	hessian      :    0.0277078931
2025-07-17:12:56:50,3 INFO     [psi4.optking.stepAlgorithms:177] 	Norm of achieved step-size    0.2343666019
2025-07-17:12:56:50,3 INFO     [psi4.optking.stepAlgorithms:179] 	Norm of achieved step-size (cart):    0.1657222135
2025-07-17:12:56:50,3 INFO     [psi4.optking.opt_helper:151] Molsys:

	                            ===> Fragment 1 <== 

	 Z (Atomic Numbers)          Masses                          Geom                  
	       3.000000             7.016003          0.00000000  0.00000000  3.97177358   
	      16.000000            31.972071          0.00000000  0.00000000 -0.96304088   

	 - Coordinate -           - BOHR/RAD -       - ANG/DEG -
	 R(1,2)           =         4.934814           2.611391

2025-07-17:12:56:50,3 INFO     [psi4.optking.convcheck:71] Performing convergence check.
2025-07-17:12:56:50,3 INFO     [psi4.optking.convcheck:263] 
	                                 ==> Convergence Check <==                                  
    
	Measures of convergence in internal coordinates in au.
    
	Criteria marked as inactive (o), active & met (*), and active & unmet ( ).

	----------------------------------------------------------------------------------------------
	   Step    Total Energy     Delta E     Max Force     RMS Force      Max Disp      RMS Disp   
	----------------------------------------------------------------------------------------------
	  Convergence Criteria     1.00e-06 *    3.00e-04 *             o    1.20e-03 *             o
	----------------------------------------------------------------------------------------------
	     9    -405.41468476   -2.98e-03      6.87e-03      6.87e-03 o    2.34e-01      2.34e-01 o  ~
	----------------------------------------------------------------------------------------------


2025-07-17:12:56:50,3 INFO     [psi4.optking.stepAlgorithms:266] 	Convergence check returned False
2025-07-17:12:56:50,15 INFO     [psi4.driver.task_planner:285] PLANNING Atomic:  keywords={'DAMPING_PERCENTAGE': 1.0, 'GEOM_MAXITER': 500, 'SCF__GUESS': 'READ', 'GUESS': 'SAP', 'MAXITER': 500, 'REFERENCE': 'UKS', 'function_kwargs': {}}
2025-07-17:12:56:50,16 INFO     [psi4.driver.driver:636] Compute gradient(): method=b3lyp, basis=cc-pvdz, molecule=default, nre=9.726809475404483
2025-07-17:12:56:51,197 INFO     [psi4.driver.driver:639] Return gradient(): -405.41578689539745
2025-07-17:12:56:51,198 INFO     [psi4.driver.driver:640] [[ 0.00000000 -0.00000000 -0.00286362]
 [ 0.00000000  0.00000000  0.00289972]]
2025-07-17:12:56:51,201 INFO     [psi4.optking.history:257] 	Performing BFGS update.
2025-07-17:12:56:51,201 INFO     [psi4.optking.history:268] 	Using 4 previous steps for update.
2025-07-17:12:56:51,201 WARNING  [psi4.optking.history:286] 	Change in internal coordinate of 5.19e-01 exceeds limit of 5.00e-01.
2025-07-17:12:56:51,201 WARNING  [psi4.optking.history:291] 	Skipping Hessian update for step 8.
2025-07-17:12:56:51,201 WARNING  [psi4.optking.history:286] 	Change in internal coordinate of 8.36e-01 exceeds limit of 5.00e-01.
2025-07-17:12:56:51,201 WARNING  [psi4.optking.history:291] 	Skipping Hessian update for step 7.
2025-07-17:12:56:51,201 WARNING  [psi4.optking.history:286] 	Change in internal coordinate of 1.17e+00 exceeds limit of 5.00e-01.
2025-07-17:12:56:51,201 WARNING  [psi4.optking.history:291] 	Skipping Hessian update for step 6.
2025-07-17:12:56:51,201 WARNING  [psi4.optking.history:286] 	Change in internal coordinate of 1.50e+00 exceeds limit of 5.00e-01.
2025-07-17:12:56:51,201 WARNING  [psi4.optking.history:291] 	Skipping Hessian update for step 5.
2025-07-17:12:56:51,201 WARNING  [psi4.optking.history:286] 	Change in internal coordinate of 1.85e+00 exceeds limit of 5.00e-01.
2025-07-17:12:56:51,201 WARNING  [psi4.optking.history:291] 	Skipping Hessian update for step 4.
2025-07-17:12:56:51,201 WARNING  [psi4.optking.history:286] 	Change in internal coordinate of 2.18e+00 exceeds limit of 5.00e-01.
2025-07-17:12:56:51,201 WARNING  [psi4.optking.history:291] 	Skipping Hessian update for step 3.
2025-07-17:12:56:51,201 WARNING  [psi4.optking.history:286] 	Change in internal coordinate of 2.46e+00 exceeds limit of 5.00e-01.
2025-07-17:12:56:51,201 WARNING  [psi4.optking.history:291] 	Skipping Hessian update for step 2.
2025-07-17:12:56:51,202 WARNING  [psi4.optking.history:286] 	Change in internal coordinate of 2.67e+00 exceeds limit of 5.00e-01.
2025-07-17:12:56:51,202 WARNING  [psi4.optking.history:291] 	Skipping Hessian update for step 1.
2025-07-17:12:56:51,202 INFO     [psi4.optking.history:302] 	Steps to be used in Hessian update:  9

2025-07-17:12:56:51,203 INFO     [psi4.optking.history:400] 	Updated Hessian (in au) 
 	   0.017023

2025-07-17:12:56:51,203 INFO     [psi4.optking.molsys:874] Projected (PHP) Hessian matrix
	   0.017023

2025-07-17:12:56:51,203 INFO     [psi4.optking.opt_helper:168] 
	         Geometry (au)                                       Gradient (au)
   0.0000000000   0.0000000000   4.0467820112		   0.0000000000  -0.0000000000  -0.0028636157
   0.0000000000   0.0000000000  -0.8880324438		   0.0000000000   0.0000000000   0.0028997225

2025-07-17:12:56:51,203 INFO     [psi4.optking.stepAlgorithms:315] 	Current Step Report 
 
	Current energy:      -405.4157868954
	Energy change for the previous step:
		Actual       :        -0.0011021357
		Projected    :        -0.0008051929

2025-07-17:12:56:51,203 INFO     [psi4.optking.stepAlgorithms:318] 	Energy ratio =    1.36878
2025-07-17:12:56:51,203 INFO     [psi4.optking.stepAlgorithms:750] 	Using RFO solution 1.
2025-07-17:12:56:51,203 INFO     [psi4.optking.displace:73] 	Determining Cartesian step for fragment 1.
2025-07-17:12:56:51,204 INFO     [psi4.optking.displace:378] 	Successfully converged to displaced geometry.
2025-07-17:12:56:51,204 INFO     [psi4.optking.displace:379] 	RMS(dx):  0.000e+00 	Max(dx):  0.000e+00 	RMS(dq):  0.000e+00
2025-07-17:12:56:51,204 INFO     [psi4.optking.displace:132] 

	        --- Internal Coordinate Step in ANG or DEG, aJ/ANG or AJ/DEG ---
	-------------------------------------------------------------------------------
	           Coordinate      Previous         Force          Change          New 
	           ----------      --------        ------          ------        ------
	               R(1,2)       2.61139        0.02374        0.08715       2.69854
	-------------------------------------------------------------------------------

2025-07-17:12:56:51,204 INFO     [psi4.optking.stepAlgorithms:96] 	|target step| :    0.1646921692
2025-07-17:12:56:51,204 INFO     [psi4.optking.stepAlgorithms:97] 	gradient     :   -0.0028816691
2025-07-17:12:56:51,204 INFO     [psi4.optking.stepAlgorithms:98] 	hessian      :    0.0170227167
2025-07-17:12:56:51,204 INFO     [psi4.optking.stepAlgorithms:177] 	Norm of achieved step-size    0.1646921692
2025-07-17:12:56:51,204 INFO     [psi4.optking.stepAlgorithms:179] 	Norm of achieved step-size (cart):    0.1164549497
2025-07-17:12:56:51,204 INFO     [psi4.optking.opt_helper:151] Molsys:

	                            ===> Fragment 1 <== 

	 Z (Atomic Numbers)          Masses                          Geom                  
	       3.000000             7.016003          0.00000000  0.00000000  4.12912810   
	      16.000000            31.972071          0.00000000  0.00000000 -0.97037853   

	 - Coordinate -           - BOHR/RAD -       - ANG/DEG -
	 R(1,2)           =         5.099507           2.698543

2025-07-17:12:56:51,205 INFO     [psi4.optking.convcheck:71] Performing convergence check.
2025-07-17:12:56:51,205 INFO     [psi4.optking.convcheck:263] 
	                                 ==> Convergence Check <==                                  
    
	Measures of convergence in internal coordinates in au.
    
	Criteria marked as inactive (o), active & met (*), and active & unmet ( ).

	----------------------------------------------------------------------------------------------
	   Step    Total Energy     Delta E     Max Force     RMS Force      Max Disp      RMS Disp   
	----------------------------------------------------------------------------------------------
	  Convergence Criteria     1.00e-06 *    3.00e-04 *             o    1.20e-03 *             o
	----------------------------------------------------------------------------------------------
	    10    -405.41578690   -1.10e-03      2.88e-03      2.88e-03 o    1.65e-01      1.65e-01 o  ~
	----------------------------------------------------------------------------------------------


2025-07-17:12:56:51,205 INFO     [psi4.optking.stepAlgorithms:266] 	Convergence check returned False
2025-07-17:12:56:51,226 INFO     [psi4.driver.task_planner:285] PLANNING Atomic:  keywords={'DAMPING_PERCENTAGE': 1.0, 'GEOM_MAXITER': 500, 'SCF__GUESS': 'READ', 'GUESS': 'SAP', 'MAXITER': 500, 'REFERENCE': 'UKS', 'function_kwargs': {}}
2025-07-17:12:56:51,235 INFO     [psi4.driver.driver:636] Compute gradient(): method=b3lyp, basis=cc-pvdz, molecule=default, nre=9.412675291384222
2025-07-17:12:56:52,345 INFO     [psi4.driver.driver:639] Return gradient(): -405.4160916904513
2025-07-17:12:56:52,345 INFO     [psi4.driver.driver:640] [[ 0.00000000  0.00000000 -0.00097653]
 [ 0.00000000 -0.00000000  0.00103801]]
2025-07-17:12:56:52,347 INFO     [psi4.optking.history:257] 	Performing BFGS update.
2025-07-17:12:56:52,347 INFO     [psi4.optking.history:268] 	Using 4 previous steps for update.
2025-07-17:12:56:52,347 WARNING  [psi4.optking.history:286] 	Change in internal coordinate of 6.84e-01 exceeds limit of 5.00e-01.
2025-07-17:12:56:52,347 WARNING  [psi4.optking.history:291] 	Skipping Hessian update for step 8.
2025-07-17:12:56:52,347 WARNING  [psi4.optking.history:286] 	Change in internal coordinate of 1.00e+00 exceeds limit of 5.00e-01.
2025-07-17:12:56:52,347 WARNING  [psi4.optking.history:291] 	Skipping Hessian update for step 7.
2025-07-17:12:56:52,347 WARNING  [psi4.optking.history:286] 	Change in internal coordinate of 1.33e+00 exceeds limit of 5.00e-01.
2025-07-17:12:56:52,347 WARNING  [psi4.optking.history:291] 	Skipping Hessian update for step 6.
2025-07-17:12:56:52,347 WARNING  [psi4.optking.history:286] 	Change in internal coordinate of 1.67e+00 exceeds limit of 5.00e-01.
2025-07-17:12:56:52,347 WARNING  [psi4.optking.history:291] 	Skipping Hessian update for step 5.
2025-07-17:12:56:52,347 WARNING  [psi4.optking.history:286] 	Change in internal coordinate of 2.02e+00 exceeds limit of 5.00e-01.
2025-07-17:12:56:52,347 WARNING  [psi4.optking.history:291] 	Skipping Hessian update for step 4.
2025-07-17:12:56:52,348 WARNING  [psi4.optking.history:286] 	Change in internal coordinate of 2.35e+00 exceeds limit of 5.00e-01.
2025-07-17:12:56:52,348 WARNING  [psi4.optking.history:291] 	Skipping Hessian update for step 3.
2025-07-17:12:56:52,348 WARNING  [psi4.optking.history:286] 	Change in internal coordinate of 2.63e+00 exceeds limit of 5.00e-01.
2025-07-17:12:56:52,348 WARNING  [psi4.optking.history:291] 	Skipping Hessian update for step 2.
2025-07-17:12:56:52,348 WARNING  [psi4.optking.history:286] 	Change in internal coordinate of 2.83e+00 exceeds limit of 5.00e-01.
2025-07-17:12:56:52,348 WARNING  [psi4.optking.history:291] 	Skipping Hessian update for step 1.
2025-07-17:12:56:52,348 INFO     [psi4.optking.history:302] 	Steps to be used in Hessian update:  10 9

2025-07-17:12:56:52,348 INFO     [psi4.optking.history:400] 	Updated Hessian (in au) 
 	   0.014694

2025-07-17:12:56:52,349 INFO     [psi4.optking.molsys:874] Projected (PHP) Hessian matrix
	   0.014694

2025-07-17:12:56:52,349 INFO     [psi4.optking.opt_helper:168] 
	         Geometry (au)                                       Gradient (au)
   0.0000000000   0.0000000000   4.1818374047		   0.0000000000   0.0000000000  -0.0009765256
   0.0000000000   0.0000000000  -0.9176692196		   0.0000000000  -0.0000000000   0.0010380150

2025-07-17:12:56:52,349 INFO     [psi4.optking.stepAlgorithms:315] 	Current Step Report 
 
	Current energy:      -405.4160916905
	Energy change for the previous step:
		Actual       :        -0.0003047951
		Projected    :        -0.0002372942

2025-07-17:12:56:52,349 INFO     [psi4.optking.stepAlgorithms:318] 	Energy ratio =    1.28446
2025-07-17:12:56:52,349 INFO     [psi4.optking.stepAlgorithms:750] 	Using RFO solution 1.
2025-07-17:12:56:52,349 INFO     [psi4.optking.displace:73] 	Determining Cartesian step for fragment 1.
2025-07-17:12:56:52,349 INFO     [psi4.optking.displace:378] 	Successfully converged to displaced geometry.
2025-07-17:12:56:52,350 INFO     [psi4.optking.displace:379] 	RMS(dx):  2.564e-16 	Max(dx):  4.441e-16 	RMS(dq):  8.882e-16
2025-07-17:12:56:52,350 INFO     [psi4.optking.displace:132] 

	        --- Internal Coordinate Step in ANG or DEG, aJ/ANG or AJ/DEG ---
	-------------------------------------------------------------------------------
	           Coordinate      Previous         Force          Change          New 
	           ----------      --------        ------          ------        ------
	               R(1,2)       2.69854        0.00830        0.03610       2.73465
	-------------------------------------------------------------------------------

2025-07-17:12:56:52,350 INFO     [psi4.optking.stepAlgorithms:96] 	|target step| :    0.0682285017
2025-07-17:12:56:52,350 INFO     [psi4.optking.stepAlgorithms:97] 	gradient     :   -0.0010072703
2025-07-17:12:56:52,350 INFO     [psi4.optking.stepAlgorithms:98] 	hessian      :    0.0146944649
2025-07-17:12:56:52,350 INFO     [psi4.optking.stepAlgorithms:177] 	Norm of achieved step-size    0.0682285017
2025-07-17:12:56:52,350 INFO     [psi4.optking.stepAlgorithms:179] 	Norm of achieved step-size (cart):    0.0482448363
2025-07-17:12:56:52,350 INFO     [psi4.optking.opt_helper:151] Molsys:

	                            ===> Fragment 1 <== 

	 Z (Atomic Numbers)          Masses                          Geom                  
	       3.000000             7.016003          0.00000000  0.00000000  4.21595166   
	      16.000000            31.972071          0.00000000  0.00000000 -0.95178347   

	 - Coordinate -           - BOHR/RAD -       - ANG/DEG -
	 R(1,2)           =         5.167735           2.734648

2025-07-17:12:56:52,350 INFO     [psi4.optking.convcheck:71] Performing convergence check.
2025-07-17:12:56:52,351 INFO     [psi4.optking.convcheck:263] 
	                                 ==> Convergence Check <==                                  
    
	Measures of convergence in internal coordinates in au.
    
	Criteria marked as inactive (o), active & met (*), and active & unmet ( ).

	----------------------------------------------------------------------------------------------
	   Step    Total Energy     Delta E     Max Force     RMS Force      Max Disp      RMS Disp   
	----------------------------------------------------------------------------------------------
	  Convergence Criteria     1.00e-06 *    3.00e-04 *             o    1.20e-03 *             o
	----------------------------------------------------------------------------------------------
	    11    -405.41609169   -3.05e-04      1.01e-03      1.01e-03 o    6.82e-02      6.82e-02 o  ~
	----------------------------------------------------------------------------------------------


2025-07-17:12:56:52,351 INFO     [psi4.optking.stepAlgorithms:266] 	Convergence check returned False
2025-07-17:12:56:52,365 INFO     [psi4.driver.task_planner:285] PLANNING Atomic:  keywords={'DAMPING_PERCENTAGE': 1.0, 'GEOM_MAXITER': 500, 'SCF__GUESS': 'READ', 'GUESS': 'SAP', 'MAXITER': 500, 'REFERENCE': 'UKS', 'function_kwargs': {}}
2025-07-17:12:56:52,366 INFO     [psi4.driver.driver:636] Compute gradient(): method=b3lyp, basis=cc-pvdz, molecule=default, nre=9.288401752417437
2025-07-17:12:56:53,402 INFO     [psi4.driver.driver:639] Return gradient(): -405.41613748071586
2025-07-17:12:56:53,402 INFO     [psi4.driver.driver:640] [[ 0.00000000  0.00000000 -0.00036484]
 [-0.00000000  0.00000000  0.00042603]]
2025-07-17:12:56:53,405 INFO     [psi4.optking.history:257] 	Performing BFGS update.
2025-07-17:12:56:53,405 INFO     [psi4.optking.history:268] 	Using 4 previous steps for update.
2025-07-17:12:56:53,405 WARNING  [psi4.optking.history:286] 	Change in internal coordinate of 7.52e-01 exceeds limit of 5.00e-01.
2025-07-17:12:56:53,405 WARNING  [psi4.optking.history:291] 	Skipping Hessian update for step 8.
2025-07-17:12:56:53,405 WARNING  [psi4.optking.history:286] 	Change in internal coordinate of 1.07e+00 exceeds limit of 5.00e-01.
2025-07-17:12:56:53,405 WARNING  [psi4.optking.history:291] 	Skipping Hessian update for step 7.
2025-07-17:12:56:53,405 WARNING  [psi4.optking.history:286] 	Change in internal coordinate of 1.40e+00 exceeds limit of 5.00e-01.
2025-07-17:12:56:53,405 WARNING  [psi4.optking.history:291] 	Skipping Hessian update for step 6.
2025-07-17:12:56:53,406 WARNING  [psi4.optking.history:286] 	Change in internal coordinate of 1.74e+00 exceeds limit of 5.00e-01.
2025-07-17:12:56:53,406 WARNING  [psi4.optking.history:291] 	Skipping Hessian update for step 5.
2025-07-17:12:56:53,406 WARNING  [psi4.optking.history:286] 	Change in internal coordinate of 2.09e+00 exceeds limit of 5.00e-01.
2025-07-17:12:56:53,406 WARNING  [psi4.optking.history:291] 	Skipping Hessian update for step 4.
2025-07-17:12:56:53,406 WARNING  [psi4.optking.history:286] 	Change in internal coordinate of 2.42e+00 exceeds limit of 5.00e-01.
2025-07-17:12:56:53,406 WARNING  [psi4.optking.history:291] 	Skipping Hessian update for step 3.
2025-07-17:12:56:53,406 WARNING  [psi4.optking.history:286] 	Change in internal coordinate of 2.69e+00 exceeds limit of 5.00e-01.
2025-07-17:12:56:53,406 WARNING  [psi4.optking.history:291] 	Skipping Hessian update for step 2.
2025-07-17:12:56:53,406 WARNING  [psi4.optking.history:286] 	Change in internal coordinate of 2.90e+00 exceeds limit of 5.00e-01.
2025-07-17:12:56:53,406 WARNING  [psi4.optking.history:291] 	Skipping Hessian update for step 1.
2025-07-17:12:56:53,406 INFO     [psi4.optking.history:302] 	Steps to be used in Hessian update:  11 10 9

2025-07-17:12:56:53,406 INFO     [psi4.optking.history:400] 	Updated Hessian (in au) 
 	   0.013858

2025-07-17:12:56:53,406 INFO     [psi4.optking.molsys:874] Projected (PHP) Hessian matrix
	   0.013858

2025-07-17:12:56:53,406 INFO     [psi4.optking.opt_helper:168] 
	         Geometry (au)                                       Gradient (au)
   0.0000000000   0.0000000000   4.2377880135		   0.0000000000   0.0000000000  -0.0003648376
   0.0000000000   0.0000000000  -0.9299471124		  -0.0000000000   0.0000000000   0.0004260321

2025-07-17:12:56:53,406 INFO     [psi4.optking.stepAlgorithms:315] 	Current Step Report 
 
	Current energy:      -405.4161374807
	Energy change for the previous step:
		Actual       :        -0.0000457903
		Projected    :        -0.0000343623

2025-07-17:12:56:53,406 INFO     [psi4.optking.stepAlgorithms:318] 	Energy ratio =    1.33257
2025-07-17:12:56:53,406 INFO     [psi4.optking.stepAlgorithms:750] 	Using RFO solution 1.
2025-07-17:12:56:53,407 INFO     [psi4.optking.displace:73] 	Determining Cartesian step for fragment 1.
2025-07-17:12:56:53,407 INFO     [psi4.optking.displace:378] 	Successfully converged to displaced geometry.
2025-07-17:12:56:53,407 INFO     [psi4.optking.displace:379] 	RMS(dx):  0.000e+00 	Max(dx):  0.000e+00 	RMS(dq):  0.000e+00
2025-07-17:12:56:53,407 INFO     [psi4.optking.displace:132] 

	        --- Internal Coordinate Step in ANG or DEG, aJ/ANG or AJ/DEG ---
	-------------------------------------------------------------------------------
	           Coordinate      Previous         Force          Change          New 
	           ----------      --------        ------          ------        ------
	               R(1,2)       2.73465        0.00326        0.01509       2.74974
	-------------------------------------------------------------------------------

2025-07-17:12:56:53,407 INFO     [psi4.optking.stepAlgorithms:96] 	|target step| :    0.0285110306
2025-07-17:12:56:53,407 INFO     [psi4.optking.stepAlgorithms:97] 	gradient     :   -0.0003954348
2025-07-17:12:56:53,407 INFO     [psi4.optking.stepAlgorithms:98] 	hessian      :    0.0138582643
2025-07-17:12:56:53,407 INFO     [psi4.optking.stepAlgorithms:177] 	Norm of achieved step-size    0.0285110306
2025-07-17:12:56:53,407 INFO     [psi4.optking.stepAlgorithms:179] 	Norm of achieved step-size (cart):    0.0201603431
2025-07-17:12:56:53,407 INFO     [psi4.optking.opt_helper:151] Molsys:

	                            ===> Fragment 1 <== 

	 Z (Atomic Numbers)          Masses                          Geom                  
	       3.000000             7.016003          0.00000000  0.00000000  4.25204353   
	      16.000000            31.972071          0.00000000  0.00000000 -0.94420263   

	 - Coordinate -           - BOHR/RAD -       - ANG/DEG -
	 R(1,2)           =         5.196246           2.749735

2025-07-17:12:56:53,407 INFO     [psi4.optking.convcheck:71] Performing convergence check.
2025-07-17:12:56:53,407 INFO     [psi4.optking.convcheck:263] 
	                                 ==> Convergence Check <==                                  
    
	Measures of convergence in internal coordinates in au.
    
	Criteria marked as inactive (o), active & met (*), and active & unmet ( ).

	----------------------------------------------------------------------------------------------
	   Step    Total Energy     Delta E     Max Force     RMS Force      Max Disp      RMS Disp   
	----------------------------------------------------------------------------------------------
	  Convergence Criteria     1.00e-06 *    3.00e-04 *             o    1.20e-03 *             o
	----------------------------------------------------------------------------------------------
	    12    -405.41613748   -4.58e-05      3.95e-04      3.95e-04 o    2.85e-02      2.85e-02 o  ~
	----------------------------------------------------------------------------------------------


2025-07-17:12:56:53,407 INFO     [psi4.optking.stepAlgorithms:266] 	Convergence check returned False
2025-07-17:12:56:53,419 INFO     [psi4.driver.task_planner:285] PLANNING Atomic:  keywords={'DAMPING_PERCENTAGE': 1.0, 'GEOM_MAXITER': 500, 'SCF__GUESS': 'READ', 'GUESS': 'SAP', 'MAXITER': 500, 'REFERENCE': 'UKS', 'function_kwargs': {}}
2025-07-17:12:56:53,420 INFO     [psi4.driver.driver:636] Compute gradient(): method=b3lyp, basis=cc-pvdz, molecule=default, nre=9.237437671995625
2025-07-17:12:56:54,450 INFO     [psi4.driver.driver:639] Return gradient(): -405.41614493966125
2025-07-17:12:56:54,450 INFO     [psi4.driver.driver:640] [[-0.00000000  0.00000000 -0.00013530]
 [ 0.00000000 -0.00000000  0.00019289]]
2025-07-17:12:56:54,452 INFO     [psi4.optking.history:257] 	Performing BFGS update.
2025-07-17:12:56:54,452 INFO     [psi4.optking.history:268] 	Using 4 previous steps for update.
2025-07-17:12:56:54,452 INFO     [psi4.optking.history:302] 	Steps to be used in Hessian update:  12 11 10 9

2025-07-17:12:56:54,452 INFO     [psi4.optking.history:400] 	Updated Hessian (in au) 
 	   0.013528

2025-07-17:12:56:54,452 INFO     [psi4.optking.molsys:874] Projected (PHP) Hessian matrix
	   0.013528

2025-07-17:12:56:54,452 INFO     [psi4.optking.opt_helper:168] 
	         Geometry (au)                                       Gradient (au)
   0.0000000000   0.0000000000   4.2611684115		  -0.0000000000   0.0000000000  -0.0001353040
   0.0000000000   0.0000000000  -0.9350777451		   0.0000000000  -0.0000000000   0.0001928938

2025-07-17:12:56:54,452 INFO     [psi4.optking.stepAlgorithms:315] 	Current Step Report 
 
	Current energy:      -405.4161449397
	Energy change for the previous step:
		Actual       :        -0.0000074589
		Projected    :        -0.0000056371

2025-07-17:12:56:54,452 INFO     [psi4.optking.stepAlgorithms:318] 	Energy ratio =    1.32318
2025-07-17:12:56:54,452 INFO     [psi4.optking.stepAlgorithms:750] 	Using RFO solution 1.
2025-07-17:12:56:54,452 INFO     [psi4.optking.displace:73] 	Determining Cartesian step for fragment 1.
2025-07-17:12:56:54,453 INFO     [psi4.optking.displace:378] 	Successfully converged to displaced geometry.
2025-07-17:12:56:54,453 INFO     [psi4.optking.displace:379] 	RMS(dx):  2.564e-16 	Max(dx):  4.441e-16 	RMS(dq):  8.882e-16
2025-07-17:12:56:54,453 INFO     [psi4.optking.displace:132] 

	        --- Internal Coordinate Step in ANG or DEG, aJ/ANG or AJ/DEG ---
	-------------------------------------------------------------------------------
	           Coordinate      Previous         Force          Change          New 
	           ----------      --------        ------          ------        ------
	               R(1,2)       2.74974        0.00135        0.00642       2.75615
	-------------------------------------------------------------------------------

2025-07-17:12:56:54,453 INFO     [psi4.optking.stepAlgorithms:96] 	|target step| :    0.0121285900
2025-07-17:12:56:54,453 INFO     [psi4.optking.stepAlgorithms:97] 	gradient     :   -0.0001640989
2025-07-17:12:56:54,453 INFO     [psi4.optking.stepAlgorithms:98] 	hessian      :    0.0135279335
2025-07-17:12:56:54,453 INFO     [psi4.optking.stepAlgorithms:177] 	Norm of achieved step-size    0.0121285900
2025-07-17:12:56:54,453 INFO     [psi4.optking.stepAlgorithms:179] 	Norm of achieved step-size (cart):    0.0085762083
2025-07-17:12:56:54,453 INFO     [psi4.optking.opt_helper:151] Molsys:

	                            ===> Fragment 1 <== 

	 Z (Atomic Numbers)          Masses                          Geom                  
	       3.000000             7.016003          0.00000000  0.00000000  4.26723271   
	      16.000000            31.972071          0.00000000  0.00000000 -0.94114204   

	 - Coordinate -           - BOHR/RAD -       - ANG/DEG -
	 R(1,2)           =         5.208375           2.756153

2025-07-17:12:56:54,453 INFO     [psi4.optking.convcheck:71] Performing convergence check.
2025-07-17:12:56:54,453 INFO     [psi4.optking.convcheck:263] 
	                                 ==> Convergence Check <==                                  
    
	Measures of convergence in internal coordinates in au.
    
	Criteria marked as inactive (o), active & met (*), and active & unmet ( ).

	----------------------------------------------------------------------------------------------
	   Step    Total Energy     Delta E     Max Force     RMS Force      Max Disp      RMS Disp   
	----------------------------------------------------------------------------------------------
	  Convergence Criteria     1.00e-06 *    3.00e-04 *             o    1.20e-03 *             o
	----------------------------------------------------------------------------------------------
	    13    -405.41614494   -7.46e-06      1.64e-04 *    1.64e-04 o    1.21e-02      1.21e-02 o  ~
	----------------------------------------------------------------------------------------------


2025-07-17:12:56:54,453 INFO     [psi4.optking.stepAlgorithms:266] 	Convergence check returned False
2025-07-17:12:56:54,466 INFO     [psi4.driver.task_planner:285] PLANNING Atomic:  keywords={'DAMPING_PERCENTAGE': 1.0, 'GEOM_MAXITER': 500, 'SCF__GUESS': 'READ', 'GUESS': 'SAP', 'MAXITER': 500, 'REFERENCE': 'UKS', 'function_kwargs': {}}
2025-07-17:12:56:54,468 INFO     [psi4.driver.driver:636] Compute gradient(): method=b3lyp, basis=cc-pvdz, molecule=default, nre=9.215926720911915
2025-07-17:12:56:55,260 INFO     [psi4.driver.driver:639] Return gradient(): -405.41614615921964
2025-07-17:12:56:55,260 INFO     [psi4.driver.driver:640] [[ 0.00000000 -0.00000000 -0.00004209]
 [ 0.00000000 -0.00000000  0.00009780]]
2025-07-17:12:56:55,262 INFO     [psi4.optking.history:257] 	Performing BFGS update.
2025-07-17:12:56:55,262 INFO     [psi4.optking.history:268] 	Using 4 previous steps for update.
2025-07-17:12:56:55,262 INFO     [psi4.optking.history:302] 	Steps to be used in Hessian update:  13 12 11 10

2025-07-17:12:56:55,262 INFO     [psi4.optking.history:400] 	Updated Hessian (in au) 
 	   0.010278

2025-07-17:12:56:55,262 INFO     [psi4.optking.molsys:874] Projected (PHP) Hessian matrix
	   0.010278

2025-07-17:12:56:55,262 INFO     [psi4.optking.opt_helper:168] 
	         Geometry (au)                                       Gradient (au)
   0.0000000000   0.0000000000   4.2711144309		   0.0000000000  -0.0000000000  -0.0000420888
   0.0000000000   0.0000000000  -0.9372603158		   0.0000000000  -0.0000000000   0.0000978010

2025-07-17:12:56:55,262 INFO     [psi4.optking.stepAlgorithms:315] 	Current Step Report 
 
	Current energy:      -405.4161461592
	Energy change for the previous step:
		Actual       :        -0.0000012196
		Projected    :        -0.0000009951

2025-07-17:12:56:55,262 INFO     [psi4.optking.stepAlgorithms:318] 	Energy ratio =    1.22551
2025-07-17:12:56:55,262 INFO     [psi4.optking.stepAlgorithms:750] 	Using RFO solution 1.
2025-07-17:12:56:55,263 INFO     [psi4.optking.displace:73] 	Determining Cartesian step for fragment 1.
2025-07-17:12:56:55,263 INFO     [psi4.optking.displace:378] 	Successfully converged to displaced geometry.
2025-07-17:12:56:55,263 INFO     [psi4.optking.displace:379] 	RMS(dx):  0.000e+00 	Max(dx):  0.000e+00 	RMS(dq):  0.000e+00
2025-07-17:12:56:55,263 INFO     [psi4.optking.displace:132] 

	        --- Internal Coordinate Step in ANG or DEG, aJ/ANG or AJ/DEG ---
	-------------------------------------------------------------------------------
	           Coordinate      Previous         Force          Change          New 
	           ----------      --------        ------          ------        ------
	               R(1,2)       2.75615        0.00058        0.00360       2.75975
	-------------------------------------------------------------------------------

2025-07-17:12:56:55,263 INFO     [psi4.optking.stepAlgorithms:96] 	|target step| :    0.0068048115
2025-07-17:12:56:55,263 INFO     [psi4.optking.stepAlgorithms:97] 	gradient     :   -0.0000699449
2025-07-17:12:56:55,263 INFO     [psi4.optking.stepAlgorithms:98] 	hessian      :    0.0102782616
2025-07-17:12:56:55,263 INFO     [psi4.optking.stepAlgorithms:177] 	Norm of achieved step-size    0.0068048115
2025-07-17:12:56:55,263 INFO     [psi4.optking.stepAlgorithms:179] 	Norm of achieved step-size (cart):    0.0048117284
2025-07-17:12:56:55,263 INFO     [psi4.optking.opt_helper:151] Molsys:

	                            ===> Fragment 1 <== 

	 Z (Atomic Numbers)          Masses                          Geom                  
	       3.000000             7.016003          0.00000000  0.00000000  4.27451684   
	      16.000000            31.972071          0.00000000  0.00000000 -0.94066272   

	 - Coordinate -           - BOHR/RAD -       - ANG/DEG -
	 R(1,2)           =         5.215180           2.759754

2025-07-17:12:56:55,263 INFO     [psi4.optking.convcheck:71] Performing convergence check.
2025-07-17:12:56:55,263 INFO     [psi4.optking.convcheck:263] 
	                                 ==> Convergence Check <==                                  
    
	Measures of convergence in internal coordinates in au.
    
	Criteria marked as inactive (o), active & met (*), and active & unmet ( ).

	----------------------------------------------------------------------------------------------
	   Step    Total Energy     Delta E     Max Force     RMS Force      Max Disp      RMS Disp   
	----------------------------------------------------------------------------------------------
	  Convergence Criteria     1.00e-06 *    3.00e-04 *             o    1.20e-03 *             o
	----------------------------------------------------------------------------------------------
	    14    -405.41614616   -1.22e-06      6.99e-05 *    6.99e-05 o    6.80e-03      6.80e-03 o  ~
	----------------------------------------------------------------------------------------------


2025-07-17:12:56:55,263 INFO     [psi4.optking.stepAlgorithms:266] 	Convergence check returned False
2025-07-17:12:56:55,280 INFO     [psi4.driver.task_planner:285] PLANNING Atomic:  keywords={'DAMPING_PERCENTAGE': 1.0, 'GEOM_MAXITER': 500, 'SCF__GUESS': 'READ', 'GUESS': 'SAP', 'MAXITER': 500, 'REFERENCE': 'UKS', 'function_kwargs': {}}
2025-07-17:12:56:55,281 INFO     [psi4.driver.driver:636] Compute gradient(): method=b3lyp, basis=cc-pvdz, molecule=default, nre=9.203901699815617
2025-07-17:12:56:56,184 INFO     [psi4.driver.driver:639] Return gradient(): -405.4161463330686
2025-07-17:12:56:56,184 INFO     [psi4.driver.driver:640] [[ 0.00000000  0.00000000  0.00000909]
 [ 0.00000000  0.00000000  0.00004554]]
2025-07-17:12:56:56,186 INFO     [psi4.optking.history:257] 	Performing BFGS update.
2025-07-17:12:56:56,186 INFO     [psi4.optking.history:268] 	Using 4 previous steps for update.
2025-07-17:12:56:56,186 INFO     [psi4.optking.history:302] 	Steps to be used in Hessian update:  14 13 12 11

2025-07-17:12:56:56,186 INFO     [psi4.optking.history:400] 	Updated Hessian (in au) 
 	   0.008550

2025-07-17:12:56:56,186 INFO     [psi4.optking.molsys:874] Projected (PHP) Hessian matrix
	   0.008550

2025-07-17:12:56:56,186 INFO     [psi4.optking.opt_helper:168] 
	         Geometry (au)                                       Gradient (au)
   0.0000000000   0.0000000000   4.2766946992		   0.0000000000   0.0000000000   0.0000090859
   0.0000000000   0.0000000000  -0.9384848590		   0.0000000000   0.0000000000   0.0000455421

2025-07-17:12:56:56,187 INFO     [psi4.optking.stepAlgorithms:315] 	Current Step Report 
 
	Current energy:      -405.4161463331
	Energy change for the previous step:
		Actual       :        -0.0000001738
		Projected    :        -0.0000002380

2025-07-17:12:56:56,187 INFO     [psi4.optking.stepAlgorithms:318] 	Energy ratio =    0.73052
2025-07-17:12:56:56,187 INFO     [psi4.optking.stepAlgorithms:750] 	Using RFO solution 1.
2025-07-17:12:56:56,187 INFO     [psi4.optking.displace:73] 	Determining Cartesian step for fragment 1.
2025-07-17:12:56:56,187 INFO     [psi4.optking.displace:378] 	Successfully converged to displaced geometry.
2025-07-17:12:56:56,187 INFO     [psi4.optking.displace:379] 	RMS(dx):  2.564e-16 	Max(dx):  4.441e-16 	RMS(dq):  8.882e-16
2025-07-17:12:56:56,187 INFO     [psi4.optking.displace:132] 

	        --- Internal Coordinate Step in ANG or DEG, aJ/ANG or AJ/DEG ---
	-------------------------------------------------------------------------------
	           Coordinate      Previous         Force          Change          New 
	           ----------      --------        ------          ------        ------
	               R(1,2)       2.75975        0.00015        0.00113       2.76088
	-------------------------------------------------------------------------------

2025-07-17:12:56:56,187 INFO     [psi4.optking.stepAlgorithms:96] 	|target step| :    0.0021318479
2025-07-17:12:56:56,187 INFO     [psi4.optking.stepAlgorithms:97] 	gradient     :   -0.0000182281
2025-07-17:12:56:56,187 INFO     [psi4.optking.stepAlgorithms:98] 	hessian      :    0.0085503338
2025-07-17:12:56:56,187 INFO     [psi4.optking.stepAlgorithms:177] 	Norm of achieved step-size    0.0021318479
2025-07-17:12:56:56,187 INFO     [psi4.optking.stepAlgorithms:179] 	Norm of achieved step-size (cart):    0.0015074441
2025-07-17:12:56:56,187 INFO     [psi4.optking.opt_helper:151] Molsys:

	                            ===> Fragment 1 <== 

	 Z (Atomic Numbers)          Masses                          Geom                  
	       3.000000             7.016003          0.00000000  0.00000000  4.27776062   
	      16.000000            31.972071          0.00000000  0.00000000 -0.93955078   

	 - Coordinate -           - BOHR/RAD -       - ANG/DEG -
	 R(1,2)           =         5.217311           2.760882

2025-07-17:12:56:56,187 INFO     [psi4.optking.convcheck:71] Performing convergence check.
2025-07-17:12:56:56,187 INFO     [psi4.optking.convcheck:263] 
	                                 ==> Convergence Check <==                                  
    
	Measures of convergence in internal coordinates in au.
    
	Criteria marked as inactive (o), active & met (*), and active & unmet ( ).

	----------------------------------------------------------------------------------------------
	   Step    Total Energy     Delta E     Max Force     RMS Force      Max Disp      RMS Disp   
	----------------------------------------------------------------------------------------------
	  Convergence Criteria     1.00e-06 *    3.00e-04 *             o    1.20e-03 *             o
	----------------------------------------------------------------------------------------------
	    15    -405.41614633   -1.74e-07 *    1.82e-05 *    1.82e-05 o    2.13e-03      2.13e-03 o  ~
	----------------------------------------------------------------------------------------------


2025-07-17:12:56:56,188 INFO     [psi4.optking.convcheck:193] 
	                      ===> Final Convergence Report <===                     

	----------------------------------------------------------------------------
	|   Required Criteria    |  One or More Criteria  |   Alternate Criteria   |
	----------------------------------------------------------------------------
	| [x]     max_force      | [x]       max_DE       |                        |
	|                        | [ ]      max_disp      |                        |
	----------------------------------------------------------------------------


2025-07-17:12:56:56,188 INFO     [psi4.optking.stepAlgorithms:266] 	Convergence check returned True
2025-07-17:12:56:56,188 INFO     [psi4.optking.optimize:286] 	Converged in 15 steps!
2025-07-17:12:56:56,188 INFO     [psi4.optking.optimize:287] 	Final energy is   -405.4161463330686
2025-07-17:12:56:56,188 INFO     [psi4.optking.optimize:288] 	Final structure (Angstroms): 
	Fragment 1 (Ang)

	   Li   0.0000000000   0.0000000000   2.2636934345
	    S   0.0000000000   0.0000000000  -0.4971888626


2025-07-17:12:56:56,188 INFO     [psi4.optking.optimize:432] 	Optimization Finished

	==> Optimization Summary <==

        
	Measures of convergence in internal coordinates in au. (Any backward steps not shown.)
        
	---------------------------------------------------------------------------------------------------------------  ~
        
	 Step         Total Energy             Delta E       MAX Force       RMS Force        MAX Disp        RMS Disp   ~
        
	---------------------------------------------------------------------------------------------------------------  ~
        
	     1    -404.917566295155   -404.917566295155      0.89542132      0.89542132      0.20509593      0.20509593  ~
	     2    -405.073089745426     -0.155523450272      0.63400218      0.63400218      0.27950357      0.27950357  ~
	     3    -405.213239990167     -0.140150244741      0.38707430      0.38707430      0.32904184      0.32904184  ~
	     4    -405.309037209514     -0.095797219347      0.21179053      0.21179053      0.34911543      0.34911543  ~
	     5    -405.363367616399     -0.054330406885      0.11015631      0.11015631      0.33573716      0.33573716  ~
	     6    -405.390716098798     -0.027348482399      0.05806243      0.05806243      0.33276662      0.33276662  ~
	     7    -405.404875954854     -0.014159856055      0.02984425      0.02984425      0.31665325      0.31665325  ~
	     8    -405.411708564904     -0.006832610051      0.01476417      0.01476417      0.28486271      0.28486271  ~
	     9    -405.414684759713     -0.002976194809      0.00687123      0.00687123      0.23436660      0.23436660  ~
	    10    -405.415786895397     -0.001102135684      0.00288167      0.00288167      0.16469217      0.16469217  ~
	    11    -405.416091690451     -0.000304795054      0.00100727      0.00100727      0.06822850      0.06822850  ~
	    12    -405.416137480716     -0.000045790265      0.00039543      0.00039543      0.02851103      0.02851103  ~
	    13    -405.416144939661     -0.000007458945      0.00016410      0.00016410      0.01212859      0.01212859  ~
	    14    -405.416146159220     -0.000001219558      0.00006994      0.00006994      0.00680481      0.00680481  ~
	    15    -405.416146333069     -0.000000173849      0.00001823      0.00001823      0.00213185      0.00213185  ~
	----------------------------------------------------------------------------------------------------------------


2025-07-17:12:56:56,188 INFO     [psi4.optking.optimize:640] Preparing OptimizationResult
