2025-07-17:13:15:24,354 INFO     [psi4.optking.optwrapper:214] Creating a UserComputer
2025-07-17:13:15:24,354 INFO     [psi4.optking.optwrapper:222] 
    			-----------------------------------------

    			 OPTKING 3.0: for geometry optimizations 

    			     By R.A. King, Bethel University     

    			        with contributions from          

    			    A.V. Copan, J. Cayton, A. Heide      

    			-----------------------------------------

    
2025-07-17:13:15:24,355 INFO     [psi4.optking.optwrapper:238] 
		 -- Optimization Parameters --
	accept_symmetry_breaking       =           False
	alg_geom_maxiter               =             500
	bt_dx_conv                     =           1e-07
	bt_dx_rms_change_conv          =           1e-12
	bt_max_iter                    =              25
	cart_hess_read                 =           False
	consecutive_backsteps_allowed  =               0
	conv_max_DE                    =           1e-06
	conv_max_disp                  =          0.0012
	conv_max_force                 =          0.0003
	conv_rms_disp                  =              -1
	conv_rms_force                 =              -1
	covalent_connect               =             1.3
	dynamic_level                  =               0
	dynamic_level_max              =               0
	ensure_bt_convergence          =           False
	ext_force_bend                 =              []
	ext_force_cartesian            =              []
	ext_force_dihedral             =              []
	ext_force_distance             =              []
	ext_force_oofp                 =              []
	fix_val_near_pi                =            1.57
	flexible_g_convergence         =           False
	frag_mode                      =          SINGLE
	frag_ref_atoms                 =            None
	freeze_intrafrag               =           False
	frozen_bend                    =              []
	frozen_cartesian               =              []
	frozen_dihedral                =              []
	frozen_distance                =              []
	frozen_oofp                    =              []
	full_hess_every                =              -1
	g_convergence                  =           QCHEM
	generate_intcos_exit           =           False
	geom_maxiter                   =             500
	h_bond_connect                 =             4.3
	hess_update                    =            BFGS
	hess_update_den_tol            =           1e-07
	hess_update_dq_tol             =             0.5
	hess_update_limit              =            True
	hess_update_limit_max          =             1.0
	hess_update_limit_scale        =             0.5
	hess_update_use_last           =               4
	hessian_file                   =            None
	i_max_DE                       =            True
	i_max_disp                     =            True
	i_max_force                    =            True
	i_rms_disp                     =           False
	i_rms_force                    =           False
	i_untampered                   =            True
	include_oofp                   =           False
	interfrag_collinear_tol        =            0.01
	interfrag_coords               =            None
	interfrag_dist_inv             =           False
	interfrag_mode                 =           FIXED
	interfrag_trust                =             0.5
	interfrag_trust_max            =             1.0
	interfrag_trust_min            =           0.001
	interfragment_connect          =             1.8
	intrafrag_hess                 =        SCHLEGEL
	intrafrag_trust                =             0.5
	intrafrag_trust_max            =             1.0
	intrafrag_trust_min            =           0.001
	irc_direction                  =         FORWARD
	irc_points                     =              20
	irc_step_size                  =             0.2
	keep_intcos                    =           False
	linear_bend_threshold          =            3.05
	linesearch                     =           False
	linesearch_step                =             0.1
	max_disp_g_convergence         =          0.0012
	max_energy_g_convergence       =           1e-06
	max_force_g_convergence        =          0.0003
	opt_coordinates                =       REDUNDANT
	opt_type                       =             MIN
	output_type                    =            FILE
	print_lvl                      =               1
	program                        =            psi4
	ranged_bend                    =              []
	ranged_cartesian               =              []
	ranged_dihedral                =              []
	ranged_distance                =              []
	ranged_oofp                    =              []
	redundant_eval_tol             =           1e-10
	rfo_follow_root                =           False
	rfo_normalization_max          =             100
	rfo_root                       =               0
	rms_disp_g_convergence         =          0.0012
	rms_force_g_convergence        =          0.0003
	rsrfo_alpha_max                =     100000000.0
	sd_hessian                     =             1.0
	simple_step_scaling            =           False
	small_bend_fix_threshold       =            0.35
	steepest_descent_type          =         OVERLAP
	step_type                      =             RFO
	test_B                         =           False
	test_derivative_B              =           False
	trajectory                     =           False
	v3d_tors_angle_lim             =           0.017
	v3d_tors_cos_tol               =           1e-10
	working_consecutive_backsteps  =               0
	working_steps_since_last_H     =               0


2025-07-17:13:15:24,816 INFO     [psi4.optking.opt_helper:151] Molsys:

	                            ===> Fragment 1 <== 

	 Z (Atomic Numbers)          Masses                          Geom                  
	       4.000000             9.012183          0.00000000  0.00000000  1.37970954   
	       7.000000            14.003074          0.00000000  0.00000000 -0.88796181   

	 - Coordinate -           - BOHR/RAD -       - ANG/DEG -
	 R(1,2)           =         2.267671           1.200000

2025-07-17:13:15:24,826 INFO     [psi4.driver.task_planner:285] PLANNING Atomic:  keywords={'DAMPING_PERCENTAGE': 1.0, 'GEOM_MAXITER': 500, 'GUESS': 'SAP', 'MAXITER': 500, 'REFERENCE': 'UKS', 'function_kwargs': {}}
2025-07-17:13:15:24,827 INFO     [psi4.driver.driver:636] Compute gradient(): method=b3lyp, basis=cc-pvdz, molecule=default, nre=12.347468248966669
2025-07-17:13:15:25,810 INFO     [psi4.driver.driver:639] Return gradient(): -68.90570733316338
2025-07-17:13:15:25,811 INFO     [psi4.driver.driver:640] [[-0.00000000  0.00000000 -0.32200145]
 [ 0.00000000 -0.00000000  0.32201413]]
2025-07-17:13:15:25,812 INFO     [psi4.optking.molsys:874] Projected (PHP) Hessian matrix
	   1.048231

2025-07-17:13:15:25,812 INFO     [psi4.optking.opt_helper:168] 
	         Geometry (au)                                       Gradient (au)
   0.0000000000   0.0000000000   1.3797095398		  -0.0000000000   0.0000000000  -0.3220014534
   0.0000000000   0.0000000000  -0.8879618108		   0.0000000000  -0.0000000000   0.3220141275

2025-07-17:13:15:25,812 INFO     [psi4.optking.stepAlgorithms:750] 	Using RFO solution 1.
2025-07-17:13:15:25,812 INFO     [psi4.optking.displace:73] 	Determining Cartesian step for fragment 1.
2025-07-17:13:15:25,812 INFO     [psi4.optking.displace:378] 	Successfully converged to displaced geometry.
2025-07-17:13:15:25,812 INFO     [psi4.optking.displace:379] 	RMS(dx):  0.000e+00 	Max(dx):  0.000e+00 	RMS(dq):  0.000e+00
2025-07-17:13:15:25,812 INFO     [psi4.optking.displace:132] 

	        --- Internal Coordinate Step in ANG or DEG, aJ/ANG or AJ/DEG ---
	-------------------------------------------------------------------------------
	           Coordinate      Previous         Force          Change          New 
	           ----------      --------        ------          ------        ------
	               R(1,2)       1.20000        2.65293        0.14957       1.34957
	-------------------------------------------------------------------------------

2025-07-17:13:15:25,812 INFO     [psi4.optking.stepAlgorithms:96] 	|target step| :    0.2826498854
2025-07-17:13:15:25,812 INFO     [psi4.optking.stepAlgorithms:97] 	gradient     :   -0.3220077904
2025-07-17:13:15:25,812 INFO     [psi4.optking.stepAlgorithms:98] 	hessian      :    1.0482306732
2025-07-17:13:15:25,813 INFO     [psi4.optking.stepAlgorithms:177] 	Norm of achieved step-size    0.2826498854
2025-07-17:13:15:25,813 INFO     [psi4.optking.stepAlgorithms:179] 	Norm of achieved step-size (cart):    0.1998636507
2025-07-17:13:15:25,813 INFO     [psi4.optking.opt_helper:151] Molsys:

	                            ===> Fragment 1 <== 

	 Z (Atomic Numbers)          Masses                          Geom                  
	       4.000000             9.012183          0.00000000  0.00000000  1.52103448   
	       7.000000            14.003074          0.00000000  0.00000000 -1.02928675   

	 - Coordinate -           - BOHR/RAD -       - ANG/DEG -
	 R(1,2)           =         2.550321           1.349572

2025-07-17:13:15:25,813 INFO     [psi4.optking.convcheck:71] Performing convergence check.
2025-07-17:13:15:25,813 INFO     [psi4.optking.convcheck:263] 
	                                 ==> Convergence Check <==                                  
    
	Measures of convergence in internal coordinates in au.
    
	Criteria marked as inactive (o), active & met (*), and active & unmet ( ).

	----------------------------------------------------------------------------------------------
	   Step    Total Energy     Delta E     Max Force     RMS Force      Max Disp      RMS Disp   
	----------------------------------------------------------------------------------------------
	  Convergence Criteria     1.00e-06 *    3.00e-04 *             o    1.20e-03 *             o
	----------------------------------------------------------------------------------------------
	     1     -68.90570733   -6.89e+01      3.22e-01      3.22e-01 o    2.83e-01      2.83e-01 o  ~
	----------------------------------------------------------------------------------------------


2025-07-17:13:15:25,813 INFO     [psi4.optking.stepAlgorithms:266] 	Convergence check returned False
2025-07-17:13:15:25,833 INFO     [psi4.driver.task_planner:285] PLANNING Atomic:  keywords={'DAMPING_PERCENTAGE': 1.0, 'GEOM_MAXITER': 500, 'SCF__GUESS': 'READ', 'GUESS': 'SAP', 'MAXITER': 500, 'REFERENCE': 'UKS', 'function_kwargs': {}}
2025-07-17:13:15:25,836 INFO     [psi4.driver.driver:636] Compute gradient(): method=b3lyp, basis=cc-pvdz, molecule=default, nre=10.979009077466833
2025-07-17:13:15:26,702 INFO     [psi4.driver.driver:639] Return gradient(): -68.95958152671047
2025-07-17:13:15:26,702 INFO     [psi4.driver.driver:640] [[ 0.00000000 -0.00000000 -0.08692090]
 [ 0.00000000  0.00000000  0.08693873]]
2025-07-17:13:15:26,703 INFO     [psi4.optking.history:257] 	Performing BFGS update.
2025-07-17:13:15:26,703 INFO     [psi4.optking.history:268] 	Using 1 previous steps for update.
2025-07-17:13:15:26,703 INFO     [psi4.optking.history:302] 	Steps to be used in Hessian update:  1

2025-07-17:13:15:26,704 INFO     [psi4.optking.history:400] 	Updated Hessian (in au) 
 	   0.831693

2025-07-17:13:15:26,704 INFO     [psi4.optking.molsys:874] Projected (PHP) Hessian matrix
	   0.831693

2025-07-17:13:15:26,704 INFO     [psi4.optking.opt_helper:168] 
	         Geometry (au)                                       Gradient (au)
   0.0000000000   0.0000000000   1.5516809955		   0.0000000000  -0.0000000000  -0.0869208960
   0.0000000000   0.0000000000  -0.9986402404		   0.0000000000   0.0000000000   0.0869387294

2025-07-17:13:15:26,704 INFO     [psi4.optking.stepAlgorithms:315] 	Current Step Report 
 
	Current energy:       -68.9595815267
	Energy change for the previous step:
		Actual       :        -0.0538741935
		Projected    :        -0.0455077325

2025-07-17:13:15:26,704 INFO     [psi4.optking.stepAlgorithms:318] 	Energy ratio =    1.18385
2025-07-17:13:15:26,704 INFO     [psi4.optking.stepAlgorithms:346] 	Energy ratio indicates good step.
2025-07-17:13:15:26,704 INFO     [psi4.optking.stepAlgorithms:347] 	Intrafrag trust radius increased to 1.000e+00.
2025-07-17:13:15:26,704 INFO     [psi4.optking.stepAlgorithms:750] 	Using RFO solution 1.
2025-07-17:13:15:26,704 INFO     [psi4.optking.displace:73] 	Determining Cartesian step for fragment 1.
2025-07-17:13:15:26,704 INFO     [psi4.optking.displace:378] 	Successfully converged to displaced geometry.
2025-07-17:13:15:26,704 INFO     [psi4.optking.displace:379] 	RMS(dx):  0.000e+00 	Max(dx):  0.000e+00 	RMS(dq):  0.000e+00
2025-07-17:13:15:26,704 INFO     [psi4.optking.displace:132] 

	        --- Internal Coordinate Step in ANG or DEG, aJ/ANG or AJ/DEG ---
	-------------------------------------------------------------------------------
	           Coordinate      Previous         Force          Change          New 
	           ----------      --------        ------          ------        ------
	               R(1,2)       1.34957        0.71619        0.05472       1.40429
	-------------------------------------------------------------------------------

2025-07-17:13:15:26,704 INFO     [psi4.optking.stepAlgorithms:96] 	|target step| :    0.1034039123
2025-07-17:13:15:26,704 INFO     [psi4.optking.stepAlgorithms:97] 	gradient     :   -0.0869298127
2025-07-17:13:15:26,704 INFO     [psi4.optking.stepAlgorithms:98] 	hessian      :    0.8316931648
2025-07-17:13:15:26,704 INFO     [psi4.optking.stepAlgorithms:177] 	Norm of achieved step-size    0.1034039123
2025-07-17:13:15:26,704 INFO     [psi4.optking.stepAlgorithms:179] 	Norm of achieved step-size (cart):    0.0731176076
2025-07-17:13:15:26,705 INFO     [psi4.optking.opt_helper:151] Molsys:

	                            ===> Fragment 1 <== 

	 Z (Atomic Numbers)          Masses                          Geom                  
	       4.000000             9.012183          0.00000000  0.00000000  1.60338295   
	       7.000000            14.003074          0.00000000  0.00000000 -1.05034220   

	 - Coordinate -           - BOHR/RAD -       - ANG/DEG -
	 R(1,2)           =         2.653725           1.404291

2025-07-17:13:15:26,705 INFO     [psi4.optking.convcheck:71] Performing convergence check.
2025-07-17:13:15:26,705 INFO     [psi4.optking.convcheck:263] 
	                                 ==> Convergence Check <==                                  
    
	Measures of convergence in internal coordinates in au.
    
	Criteria marked as inactive (o), active & met (*), and active & unmet ( ).

	----------------------------------------------------------------------------------------------
	   Step    Total Energy     Delta E     Max Force     RMS Force      Max Disp      RMS Disp   
	----------------------------------------------------------------------------------------------
	  Convergence Criteria     1.00e-06 *    3.00e-04 *             o    1.20e-03 *             o
	----------------------------------------------------------------------------------------------
	     2     -68.95958153   -5.39e-02      8.69e-02      8.69e-02 o    1.03e-01      1.03e-01 o  ~
	----------------------------------------------------------------------------------------------


2025-07-17:13:15:26,705 INFO     [psi4.optking.stepAlgorithms:266] 	Convergence check returned False
2025-07-17:13:15:26,721 INFO     [psi4.driver.task_planner:285] PLANNING Atomic:  keywords={'DAMPING_PERCENTAGE': 1.0, 'GEOM_MAXITER': 500, 'SCF__GUESS': 'READ', 'GUESS': 'SAP', 'MAXITER': 500, 'REFERENCE': 'UKS', 'function_kwargs': {}}
2025-07-17:13:15:26,722 INFO     [psi4.driver.driver:636] Compute gradient(): method=b3lyp, basis=cc-pvdz, molecule=default, nre=10.55120573381155
2025-07-17:13:15:27,539 INFO     [psi4.driver.driver:639] Return gradient(): -68.96578655804966
2025-07-17:13:15:27,539 INFO     [psi4.driver.driver:640] [[ 0.00000000 -0.00000000 -0.03542995]
 [ 0.00000000 -0.00000000  0.03544045]]
2025-07-17:13:15:27,541 INFO     [psi4.optking.history:257] 	Performing BFGS update.
2025-07-17:13:15:27,541 INFO     [psi4.optking.history:268] 	Using 2 previous steps for update.
2025-07-17:13:15:27,541 INFO     [psi4.optking.history:302] 	Steps to be used in Hessian update:  2 1

2025-07-17:13:15:27,541 INFO     [psi4.optking.history:400] 	Updated Hessian (in au) 
 	   0.742313

2025-07-17:13:15:27,541 INFO     [psi4.optking.molsys:874] Projected (PHP) Hessian matrix
	   0.742313

2025-07-17:13:15:27,541 INFO     [psi4.optking.opt_helper:168] 
	         Geometry (au)                                       Gradient (au)
   0.0000000000   0.0000000000   1.6145945938		   0.0000000000  -0.0000000000  -0.0354299505
   0.0000000000   0.0000000000  -1.0391305545		   0.0000000000  -0.0000000000   0.0354404534

2025-07-17:13:15:27,541 INFO     [psi4.optking.stepAlgorithms:315] 	Current Step Report 
 
	Current energy:       -68.9657865580
	Energy change for the previous step:
		Actual       :        -0.0062050313
		Projected    :        -0.0044944414

2025-07-17:13:15:27,541 INFO     [psi4.optking.stepAlgorithms:318] 	Energy ratio =    1.38060
2025-07-17:13:15:27,541 INFO     [psi4.optking.stepAlgorithms:750] 	Using RFO solution 1.
2025-07-17:13:15:27,541 INFO     [psi4.optking.displace:73] 	Determining Cartesian step for fragment 1.
2025-07-17:13:15:27,542 INFO     [psi4.optking.displace:378] 	Successfully converged to displaced geometry.
2025-07-17:13:15:27,542 INFO     [psi4.optking.displace:379] 	RMS(dx):  0.000e+00 	Max(dx):  0.000e+00 	RMS(dq):  0.000e+00
2025-07-17:13:15:27,542 INFO     [psi4.optking.displace:132] 

	        --- Internal Coordinate Step in ANG or DEG, aJ/ANG or AJ/DEG ---
	-------------------------------------------------------------------------------
	           Coordinate      Previous         Force          Change          New 
	           ----------      --------        ------          ------        ------
	               R(1,2)       1.40429        0.29194        0.02520       1.42949
	-------------------------------------------------------------------------------

2025-07-17:13:15:27,542 INFO     [psi4.optking.stepAlgorithms:96] 	|target step| :    0.0476279416
2025-07-17:13:15:27,542 INFO     [psi4.optking.stepAlgorithms:97] 	gradient     :   -0.0354352019
2025-07-17:13:15:27,542 INFO     [psi4.optking.stepAlgorithms:98] 	hessian      :    0.7423125746
2025-07-17:13:15:27,542 INFO     [psi4.optking.stepAlgorithms:177] 	Norm of achieved step-size    0.0476279416
2025-07-17:13:15:27,542 INFO     [psi4.optking.stepAlgorithms:179] 	Norm of achieved step-size (cart):    0.0336780405
2025-07-17:13:15:27,542 INFO     [psi4.optking.opt_helper:151] Molsys:

	                            ===> Fragment 1 <== 

	 Z (Atomic Numbers)          Masses                          Geom                  
	       4.000000             9.012183          0.00000000  0.00000000  1.63840856   
	       7.000000            14.003074          0.00000000  0.00000000 -1.06294453   

	 - Coordinate -           - BOHR/RAD -       - ANG/DEG -
	 R(1,2)           =         2.701353           1.429494

2025-07-17:13:15:27,542 INFO     [psi4.optking.convcheck:71] Performing convergence check.
2025-07-17:13:15:27,542 INFO     [psi4.optking.convcheck:263] 
	                                 ==> Convergence Check <==                                  
    
	Measures of convergence in internal coordinates in au.
    
	Criteria marked as inactive (o), active & met (*), and active & unmet ( ).

	----------------------------------------------------------------------------------------------
	   Step    Total Energy     Delta E     Max Force     RMS Force      Max Disp      RMS Disp   
	----------------------------------------------------------------------------------------------
	  Convergence Criteria     1.00e-06 *    3.00e-04 *             o    1.20e-03 *             o
	----------------------------------------------------------------------------------------------
	     3     -68.96578656   -6.21e-03      3.54e-02      3.54e-02 o    4.76e-02      4.76e-02 o  ~
	----------------------------------------------------------------------------------------------


2025-07-17:13:15:27,542 INFO     [psi4.optking.stepAlgorithms:266] 	Convergence check returned False
2025-07-17:13:15:27,558 INFO     [psi4.driver.task_planner:285] PLANNING Atomic:  keywords={'DAMPING_PERCENTAGE': 1.0, 'GEOM_MAXITER': 500, 'SCF__GUESS': 'READ', 'GUESS': 'SAP', 'MAXITER': 500, 'REFERENCE': 'UKS', 'function_kwargs': {}}
2025-07-17:13:15:27,558 INFO     [psi4.driver.driver:636] Compute gradient(): method=b3lyp, basis=cc-pvdz, molecule=default, nre=10.365175920545624
2025-07-17:13:15:28,366 INFO     [psi4.driver.driver:639] Return gradient(): -68.96700272273215
2025-07-17:13:15:28,366 INFO     [psi4.driver.driver:640] [[ 0.00000000 -0.00000000 -0.01607201]
 [ 0.00000000  0.00000000  0.01608509]]
2025-07-17:13:15:28,369 INFO     [psi4.optking.history:257] 	Performing BFGS update.
2025-07-17:13:15:28,369 INFO     [psi4.optking.history:268] 	Using 3 previous steps for update.
2025-07-17:13:15:28,369 INFO     [psi4.optking.history:302] 	Steps to be used in Hessian update:  3 2 1

2025-07-17:13:15:28,369 INFO     [psi4.optking.history:400] 	Updated Hessian (in au) 
 	   0.705423

2025-07-17:13:15:28,369 INFO     [psi4.optking.molsys:874] Projected (PHP) Hessian matrix
	   0.705423

2025-07-17:13:15:28,369 INFO     [psi4.optking.opt_helper:168] 
	         Geometry (au)                                       Gradient (au)
   0.0000000000   0.0000000000   1.6435726577		   0.0000000000  -0.0000000000  -0.0160720062
   0.0000000000   0.0000000000  -1.0577804322		   0.0000000000   0.0000000000   0.0160850938

2025-07-17:13:15:28,369 INFO     [psi4.optking.stepAlgorithms:315] 	Current Step Report 
 
	Current energy:       -68.9670027227
	Energy change for the previous step:
		Actual       :        -0.0012161647
		Projected    :        -0.0008438529

2025-07-17:13:15:28,369 INFO     [psi4.optking.stepAlgorithms:318] 	Energy ratio =    1.44120
2025-07-17:13:15:28,370 INFO     [psi4.optking.stepAlgorithms:750] 	Using RFO solution 1.
2025-07-17:13:15:28,370 INFO     [psi4.optking.displace:73] 	Determining Cartesian step for fragment 1.
2025-07-17:13:15:28,370 INFO     [psi4.optking.displace:378] 	Successfully converged to displaced geometry.
2025-07-17:13:15:28,370 INFO     [psi4.optking.displace:379] 	RMS(dx):  0.000e+00 	Max(dx):  0.000e+00 	RMS(dq):  0.000e+00
2025-07-17:13:15:28,370 INFO     [psi4.optking.displace:132] 

	        --- Internal Coordinate Step in ANG or DEG, aJ/ANG or AJ/DEG ---
	-------------------------------------------------------------------------------
	           Coordinate      Previous         Force          Change          New 
	           ----------      --------        ------          ------        ------
	               R(1,2)       1.42949        0.13247        0.01206       1.44155
	-------------------------------------------------------------------------------

2025-07-17:13:15:28,370 INFO     [psi4.optking.stepAlgorithms:96] 	|target step| :    0.0227809370
2025-07-17:13:15:28,370 INFO     [psi4.optking.stepAlgorithms:97] 	gradient     :   -0.0160785500
2025-07-17:13:15:28,370 INFO     [psi4.optking.stepAlgorithms:98] 	hessian      :    0.7054233847
2025-07-17:13:15:28,370 INFO     [psi4.optking.stepAlgorithms:177] 	Norm of achieved step-size    0.0227809370
2025-07-17:13:15:28,370 INFO     [psi4.optking.stepAlgorithms:179] 	Norm of achieved step-size (cart):    0.0161085551
2025-07-17:13:15:28,370 INFO     [psi4.optking.opt_helper:151] Molsys:

	                            ===> Fragment 1 <== 

	 Z (Atomic Numbers)          Masses                          Geom                  
	       4.000000             9.012183          0.00000000  0.00000000  1.65496313   
	       7.000000            14.003074          0.00000000  0.00000000 -1.06917090   

	 - Coordinate -           - BOHR/RAD -       - ANG/DEG -
	 R(1,2)           =         2.724134           1.441550

2025-07-17:13:15:28,370 INFO     [psi4.optking.convcheck:71] Performing convergence check.
2025-07-17:13:15:28,370 INFO     [psi4.optking.convcheck:263] 
	                                 ==> Convergence Check <==                                  
    
	Measures of convergence in internal coordinates in au.
    
	Criteria marked as inactive (o), active & met (*), and active & unmet ( ).

	----------------------------------------------------------------------------------------------
	   Step    Total Energy     Delta E     Max Force     RMS Force      Max Disp      RMS Disp   
	----------------------------------------------------------------------------------------------
	  Convergence Criteria     1.00e-06 *    3.00e-04 *             o    1.20e-03 *             o
	----------------------------------------------------------------------------------------------
	     4     -68.96700272   -1.22e-03      1.61e-02      1.61e-02 o    2.28e-02      2.28e-02 o  ~
	----------------------------------------------------------------------------------------------


2025-07-17:13:15:28,370 INFO     [psi4.optking.stepAlgorithms:266] 	Convergence check returned False
2025-07-17:13:15:28,385 INFO     [psi4.driver.task_planner:285] PLANNING Atomic:  keywords={'DAMPING_PERCENTAGE': 1.0, 'GEOM_MAXITER': 500, 'SCF__GUESS': 'READ', 'GUESS': 'SAP', 'MAXITER': 500, 'REFERENCE': 'UKS', 'function_kwargs': {}}
2025-07-17:13:15:28,387 INFO     [psi4.driver.driver:636] Compute gradient(): method=b3lyp, basis=cc-pvdz, molecule=default, nre=10.278495743351186
2025-07-17:13:15:29,198 INFO     [psi4.driver.driver:639] Return gradient(): -68.96727195130812
2025-07-17:13:15:29,198 INFO     [psi4.driver.driver:640] [[ 0.00000000 -0.00000000 -0.00766051]
 [ 0.00000000  0.00000000  0.00767494]]
2025-07-17:13:15:29,200 INFO     [psi4.optking.history:257] 	Performing BFGS update.
2025-07-17:13:15:29,200 INFO     [psi4.optking.history:268] 	Using 4 previous steps for update.
2025-07-17:13:15:29,201 INFO     [psi4.optking.history:302] 	Steps to be used in Hessian update:  4 3 2 1

2025-07-17:13:15:29,201 INFO     [psi4.optking.history:400] 	Updated Hessian (in au) 
 	   0.688644

2025-07-17:13:15:29,201 INFO     [psi4.optking.molsys:874] Projected (PHP) Hessian matrix
	   0.688644

2025-07-17:13:15:29,201 INFO     [psi4.optking.opt_helper:168] 
	         Geometry (au)                                       Gradient (au)
   0.0000000000   0.0000000000   1.6574331654		   0.0000000000  -0.0000000000  -0.0076605094
   0.0000000000   0.0000000000  -1.0667008615		   0.0000000000   0.0000000000   0.0076749359

2025-07-17:13:15:29,201 INFO     [psi4.optking.stepAlgorithms:315] 	Current Step Report 
 
	Current energy:       -68.9672719513
	Energy change for the previous step:
		Actual       :        -0.0002692286
		Projected    :        -0.0001831422

2025-07-17:13:15:29,201 INFO     [psi4.optking.stepAlgorithms:318] 	Energy ratio =    1.47005
2025-07-17:13:15:29,202 INFO     [psi4.optking.stepAlgorithms:750] 	Using RFO solution 1.
2025-07-17:13:15:29,202 INFO     [psi4.optking.displace:73] 	Determining Cartesian step for fragment 1.
2025-07-17:13:15:29,202 INFO     [psi4.optking.displace:378] 	Successfully converged to displaced geometry.
2025-07-17:13:15:29,202 INFO     [psi4.optking.displace:379] 	RMS(dx):  1.282e-16 	Max(dx):  2.220e-16 	RMS(dq):  4.441e-16
2025-07-17:13:15:29,202 INFO     [psi4.optking.displace:132] 

	        --- Internal Coordinate Step in ANG or DEG, aJ/ANG or AJ/DEG ---
	-------------------------------------------------------------------------------
	           Coordinate      Previous         Force          Change          New 
	           ----------      --------        ------          ------        ------
	               R(1,2)       1.44155        0.06317        0.00589       1.44744
	-------------------------------------------------------------------------------

2025-07-17:13:15:29,202 INFO     [psi4.optking.stepAlgorithms:96] 	|target step| :    0.0111331508
2025-07-17:13:15:29,202 INFO     [psi4.optking.stepAlgorithms:97] 	gradient     :   -0.0076677227
2025-07-17:13:15:29,202 INFO     [psi4.optking.stepAlgorithms:98] 	hessian      :    0.6886435278
2025-07-17:13:15:29,202 INFO     [psi4.optking.stepAlgorithms:177] 	Norm of achieved step-size    0.0111331508
2025-07-17:13:15:29,202 INFO     [psi4.optking.stepAlgorithms:179] 	Norm of achieved step-size (cart):    0.0078723265
2025-07-17:13:15:29,203 INFO     [psi4.optking.opt_helper:151] Molsys:

	                            ===> Fragment 1 <== 

	 Z (Atomic Numbers)          Masses                          Geom                  
	       4.000000             9.012183          0.00000000  0.00000000  1.66299974   
	       7.000000            14.003074          0.00000000  0.00000000 -1.07226744   

	 - Coordinate -           - BOHR/RAD -       - ANG/DEG -
	 R(1,2)           =         2.735267           1.447441

2025-07-17:13:15:29,203 INFO     [psi4.optking.convcheck:71] Performing convergence check.
2025-07-17:13:15:29,203 INFO     [psi4.optking.convcheck:263] 
	                                 ==> Convergence Check <==                                  
    
	Measures of convergence in internal coordinates in au.
    
	Criteria marked as inactive (o), active & met (*), and active & unmet ( ).

	----------------------------------------------------------------------------------------------
	   Step    Total Energy     Delta E     Max Force     RMS Force      Max Disp      RMS Disp   
	----------------------------------------------------------------------------------------------
	  Convergence Criteria     1.00e-06 *    3.00e-04 *             o    1.20e-03 *             o
	----------------------------------------------------------------------------------------------
	     5     -68.96727195   -2.69e-04      7.67e-03      7.67e-03 o    1.11e-02      1.11e-02 o  ~
	----------------------------------------------------------------------------------------------


2025-07-17:13:15:29,203 INFO     [psi4.optking.stepAlgorithms:266] 	Convergence check returned False
2025-07-17:13:15:29,216 INFO     [psi4.driver.task_planner:285] PLANNING Atomic:  keywords={'DAMPING_PERCENTAGE': 1.0, 'GEOM_MAXITER': 500, 'SCF__GUESS': 'READ', 'GUESS': 'SAP', 'MAXITER': 500, 'REFERENCE': 'UKS', 'function_kwargs': {}}
2025-07-17:13:15:29,218 INFO     [psi4.driver.driver:636] Compute gradient(): method=b3lyp, basis=cc-pvdz, molecule=default, nre=10.236659960559852
2025-07-17:13:15:30,9 INFO     [psi4.driver.driver:639] Return gradient(): -68.96733527554929
2025-07-17:13:15:30,9 INFO     [psi4.driver.driver:640] [[ 0.00000000 -0.00000000 -0.00373704]
 [ 0.00000000 -0.00000000  0.00375215]]
2025-07-17:13:15:30,10 INFO     [psi4.optking.history:257] 	Performing BFGS update.
2025-07-17:13:15:30,10 INFO     [psi4.optking.history:268] 	Using 4 previous steps for update.
2025-07-17:13:15:30,10 INFO     [psi4.optking.history:302] 	Steps to be used in Hessian update:  5 4 3 2

2025-07-17:13:15:30,10 INFO     [psi4.optking.history:400] 	Updated Hessian (in au) 
 	   0.449781

2025-07-17:13:15:30,10 INFO     [psi4.optking.molsys:874] Projected (PHP) Hessian matrix
	   0.449781

2025-07-17:13:15:30,10 INFO     [psi4.optking.opt_helper:168] 
	         Geometry (au)                                       Gradient (au)
   0.0000000000   0.0000000000   1.6642068605		   0.0000000000  -0.0000000000  -0.0037370390
   0.0000000000   0.0000000000  -1.0710603172		   0.0000000000  -0.0000000000   0.0037521529

2025-07-17:13:15:30,10 INFO     [psi4.optking.stepAlgorithms:315] 	Current Step Report 
 
	Current energy:       -68.9673352755
	Energy change for the previous step:
		Actual       :        -0.0000633242
		Projected    :        -0.0000426830

2025-07-17:13:15:30,10 INFO     [psi4.optking.stepAlgorithms:318] 	Energy ratio =    1.48360
2025-07-17:13:15:30,11 INFO     [psi4.optking.stepAlgorithms:750] 	Using RFO solution 1.
2025-07-17:13:15:30,11 INFO     [psi4.optking.displace:73] 	Determining Cartesian step for fragment 1.
2025-07-17:13:15:30,11 INFO     [psi4.optking.displace:378] 	Successfully converged to displaced geometry.
2025-07-17:13:15:30,11 INFO     [psi4.optking.displace:379] 	RMS(dx):  0.000e+00 	Max(dx):  0.000e+00 	RMS(dq):  0.000e+00
2025-07-17:13:15:30,11 INFO     [psi4.optking.displace:132] 

	        --- Internal Coordinate Step in ANG or DEG, aJ/ANG or AJ/DEG ---
	-------------------------------------------------------------------------------
	           Coordinate      Previous         Force          Change          New 
	           ----------      --------        ------          ------        ------
	               R(1,2)       1.44744        0.03085        0.00441       1.45185
	-------------------------------------------------------------------------------

2025-07-17:13:15:30,11 INFO     [psi4.optking.stepAlgorithms:96] 	|target step| :    0.0083247945
2025-07-17:13:15:30,11 INFO     [psi4.optking.stepAlgorithms:97] 	gradient     :   -0.0037445960
2025-07-17:13:15:30,11 INFO     [psi4.optking.stepAlgorithms:98] 	hessian      :    0.4497812491
2025-07-17:13:15:30,11 INFO     [psi4.optking.stepAlgorithms:177] 	Norm of achieved step-size    0.0083247945
2025-07-17:13:15:30,11 INFO     [psi4.optking.stepAlgorithms:179] 	Norm of achieved step-size (cart):    0.0058865186
2025-07-17:13:15:30,11 INFO     [psi4.optking.opt_helper:151] Molsys:

	                            ===> Fragment 1 <== 

	 Z (Atomic Numbers)          Masses                          Geom                  
	       4.000000             9.012183          0.00000000  0.00000000  1.66836926   
	       7.000000            14.003074          0.00000000  0.00000000 -1.07522271   

	 - Coordinate -           - BOHR/RAD -       - ANG/DEG -
	 R(1,2)           =         2.743592           1.451846

2025-07-17:13:15:30,11 INFO     [psi4.optking.convcheck:71] Performing convergence check.
2025-07-17:13:15:30,11 INFO     [psi4.optking.convcheck:263] 
	                                 ==> Convergence Check <==                                  
    
	Measures of convergence in internal coordinates in au.
    
	Criteria marked as inactive (o), active & met (*), and active & unmet ( ).

	----------------------------------------------------------------------------------------------
	   Step    Total Energy     Delta E     Max Force     RMS Force      Max Disp      RMS Disp   
	----------------------------------------------------------------------------------------------
	  Convergence Criteria     1.00e-06 *    3.00e-04 *             o    1.20e-03 *             o
	----------------------------------------------------------------------------------------------
	     6     -68.96733528   -6.33e-05      3.74e-03      3.74e-03 o    8.32e-03      8.32e-03 o  ~
	----------------------------------------------------------------------------------------------


2025-07-17:13:15:30,11 INFO     [psi4.optking.stepAlgorithms:266] 	Convergence check returned False
2025-07-17:13:15:30,27 INFO     [psi4.driver.task_planner:285] PLANNING Atomic:  keywords={'DAMPING_PERCENTAGE': 1.0, 'GEOM_MAXITER': 500, 'SCF__GUESS': 'READ', 'GUESS': 'SAP', 'MAXITER': 500, 'REFERENCE': 'UKS', 'function_kwargs': {}}
2025-07-17:13:15:30,28 INFO     [psi4.driver.driver:636] Compute gradient(): method=b3lyp, basis=cc-pvdz, molecule=default, nre=10.205599186488927
2025-07-17:13:15:30,801 INFO     [psi4.driver.driver:639] Return gradient(): -68.96735446014847
2025-07-17:13:15:30,802 INFO     [psi4.driver.driver:640] [[-0.00000000  0.00000000 -0.00088104]
 [ 0.00000000 -0.00000000  0.00089667]]
2025-07-17:13:15:30,805 INFO     [psi4.optking.history:257] 	Performing BFGS update.
2025-07-17:13:15:30,805 INFO     [psi4.optking.history:268] 	Using 4 previous steps for update.
2025-07-17:13:15:30,805 INFO     [psi4.optking.history:302] 	Steps to be used in Hessian update:  6 5 4 3

2025-07-17:13:15:30,806 INFO     [psi4.optking.history:400] 	Updated Hessian (in au) 
 	   0.384417

2025-07-17:13:15:30,806 INFO     [psi4.optking.molsys:874] Projected (PHP) Hessian matrix
	   0.384417

2025-07-17:13:15:30,806 INFO     [psi4.optking.opt_helper:168] 
	         Geometry (au)                                       Gradient (au)
   0.0000000000   0.0000000000   1.6692718795		  -0.0000000000   0.0000000000  -0.0008810422
   0.0000000000   0.0000000000  -1.0743200928		   0.0000000000  -0.0000000000   0.0008966689

2025-07-17:13:15:30,806 INFO     [psi4.optking.stepAlgorithms:315] 	Current Step Report 
 
	Current energy:       -68.9673544601
	Energy change for the previous step:
		Actual       :        -0.0000191846
		Projected    :        -0.0000155865

2025-07-17:13:15:30,806 INFO     [psi4.optking.stepAlgorithms:318] 	Energy ratio =    1.23085
2025-07-17:13:15:30,806 INFO     [psi4.optking.stepAlgorithms:750] 	Using RFO solution 1.
2025-07-17:13:15:30,807 INFO     [psi4.optking.displace:73] 	Determining Cartesian step for fragment 1.
2025-07-17:13:15:30,807 INFO     [psi4.optking.displace:378] 	Successfully converged to displaced geometry.
2025-07-17:13:15:30,807 INFO     [psi4.optking.displace:379] 	RMS(dx):  0.000e+00 	Max(dx):  0.000e+00 	RMS(dq):  0.000e+00
2025-07-17:13:15:30,807 INFO     [psi4.optking.displace:132] 

	        --- Internal Coordinate Step in ANG or DEG, aJ/ANG or AJ/DEG ---
	-------------------------------------------------------------------------------
	           Coordinate      Previous         Force          Change          New 
	           ----------      --------        ------          ------        ------
	               R(1,2)       1.45185        0.00732        0.00122       1.45307
	-------------------------------------------------------------------------------

2025-07-17:13:15:30,807 INFO     [psi4.optking.stepAlgorithms:96] 	|target step| :    0.0023122040
2025-07-17:13:15:30,807 INFO     [psi4.optking.stepAlgorithms:97] 	gradient     :   -0.0008888556
2025-07-17:13:15:30,807 INFO     [psi4.optking.stepAlgorithms:98] 	hessian      :    0.3844171277
2025-07-17:13:15:30,807 INFO     [psi4.optking.stepAlgorithms:177] 	Norm of achieved step-size    0.0023122040
2025-07-17:13:15:30,807 INFO     [psi4.optking.stepAlgorithms:179] 	Norm of achieved step-size (cart):    0.0016349751
2025-07-17:13:15:30,808 INFO     [psi4.optking.opt_helper:151] Molsys:

	                            ===> Fragment 1 <== 

	 Z (Atomic Numbers)          Masses                          Geom                  
	       4.000000             9.012183          0.00000000  0.00000000  1.67042798   
	       7.000000            14.003074          0.00000000  0.00000000 -1.07547619   

	 - Coordinate -           - BOHR/RAD -       - ANG/DEG -
	 R(1,2)           =         2.745904           1.453070

2025-07-17:13:15:30,808 INFO     [psi4.optking.convcheck:71] Performing convergence check.
2025-07-17:13:15:30,808 INFO     [psi4.optking.convcheck:263] 
	                                 ==> Convergence Check <==                                  
    
	Measures of convergence in internal coordinates in au.
    
	Criteria marked as inactive (o), active & met (*), and active & unmet ( ).

	----------------------------------------------------------------------------------------------
	   Step    Total Energy     Delta E     Max Force     RMS Force      Max Disp      RMS Disp   
	----------------------------------------------------------------------------------------------
	  Convergence Criteria     1.00e-06 *    3.00e-04 *             o    1.20e-03 *             o
	----------------------------------------------------------------------------------------------
	     7     -68.96735446   -1.92e-05      8.89e-04      8.89e-04 o    2.31e-03      2.31e-03 o  ~
	----------------------------------------------------------------------------------------------


2025-07-17:13:15:30,808 INFO     [psi4.optking.stepAlgorithms:266] 	Convergence check returned False
2025-07-17:13:15:30,819 INFO     [psi4.driver.task_planner:285] PLANNING Atomic:  keywords={'DAMPING_PERCENTAGE': 1.0, 'GEOM_MAXITER': 500, 'SCF__GUESS': 'READ', 'GUESS': 'SAP', 'MAXITER': 500, 'REFERENCE': 'UKS', 'function_kwargs': {}}
2025-07-17:13:15:30,820 INFO     [psi4.driver.driver:636] Compute gradient(): method=b3lyp, basis=cc-pvdz, molecule=default, nre=10.197005504535815
2025-07-17:13:15:31,593 INFO     [psi4.driver.driver:639] Return gradient(): -68.96735559676618
2025-07-17:13:15:31,593 INFO     [psi4.driver.driver:640] [[ 0.00000000  0.00000000 -0.00009940]
 [ 0.00000000  0.00000000  0.00011517]]
2025-07-17:13:15:31,594 INFO     [psi4.optking.history:257] 	Performing BFGS update.
2025-07-17:13:15:31,594 INFO     [psi4.optking.history:268] 	Using 4 previous steps for update.
2025-07-17:13:15:31,594 INFO     [psi4.optking.history:302] 	Steps to be used in Hessian update:  7 6 5 4

2025-07-17:13:15:31,594 INFO     [psi4.optking.history:400] 	Updated Hessian (in au) 
 	   0.358493

2025-07-17:13:15:31,594 INFO     [psi4.optking.molsys:874] Projected (PHP) Hessian matrix
	   0.358493

2025-07-17:13:15:31,594 INFO     [psi4.optking.opt_helper:168] 
	         Geometry (au)                                       Gradient (au)
   0.0000000000   0.0000000000   1.6706786838		   0.0000000000   0.0000000000  -0.0000994049
   0.0000000000   0.0000000000  -1.0752254924		   0.0000000000   0.0000000000   0.0001151718

2025-07-17:13:15:31,595 INFO     [psi4.optking.stepAlgorithms:315] 	Current Step Report 
 
	Current energy:       -68.9673555968
	Energy change for the previous step:
		Actual       :        -0.0000011366
		Projected    :        -0.0000010276

2025-07-17:13:15:31,595 INFO     [psi4.optking.stepAlgorithms:318] 	Energy ratio =    1.10608
2025-07-17:13:15:31,595 INFO     [psi4.optking.stepAlgorithms:750] 	Using RFO solution 1.
2025-07-17:13:15:31,595 INFO     [psi4.optking.displace:73] 	Determining Cartesian step for fragment 1.
2025-07-17:13:15:31,595 INFO     [psi4.optking.displace:378] 	Successfully converged to displaced geometry.
2025-07-17:13:15:31,595 INFO     [psi4.optking.displace:379] 	RMS(dx):  0.000e+00 	Max(dx):  0.000e+00 	RMS(dq):  0.000e+00
2025-07-17:13:15:31,595 INFO     [psi4.optking.displace:132] 

	        --- Internal Coordinate Step in ANG or DEG, aJ/ANG or AJ/DEG ---
	-------------------------------------------------------------------------------
	           Coordinate      Previous         Force          Change          New 
	           ----------      --------        ------          ------        ------
	               R(1,2)       1.45307        0.00088        0.00016       1.45323
	-------------------------------------------------------------------------------

2025-07-17:13:15:31,595 INFO     [psi4.optking.stepAlgorithms:96] 	|target step| :    0.0002992758
2025-07-17:13:15:31,595 INFO     [psi4.optking.stepAlgorithms:97] 	gradient     :   -0.0001072884
2025-07-17:13:15:31,595 INFO     [psi4.optking.stepAlgorithms:98] 	hessian      :    0.3584932035
2025-07-17:13:15:31,595 INFO     [psi4.optking.stepAlgorithms:177] 	Norm of achieved step-size    0.0002992758
2025-07-17:13:15:31,595 INFO     [psi4.optking.stepAlgorithms:179] 	Norm of achieved step-size (cart):    0.0002116200
2025-07-17:13:15:31,595 INFO     [psi4.optking.opt_helper:151] Molsys:

	                            ===> Fragment 1 <== 

	 Z (Atomic Numbers)          Masses                          Geom                  
	       4.000000             9.012183          0.00000000  0.00000000  1.67082832   
	       7.000000            14.003074          0.00000000  0.00000000 -1.07537513   

	 - Coordinate -           - BOHR/RAD -       - ANG/DEG -
	 R(1,2)           =         2.746203           1.453228

2025-07-17:13:15:31,595 INFO     [psi4.optking.convcheck:71] Performing convergence check.
2025-07-17:13:15:31,595 INFO     [psi4.optking.convcheck:263] 
	                                 ==> Convergence Check <==                                  
    
	Measures of convergence in internal coordinates in au.
    
	Criteria marked as inactive (o), active & met (*), and active & unmet ( ).

	----------------------------------------------------------------------------------------------
	   Step    Total Energy     Delta E     Max Force     RMS Force      Max Disp      RMS Disp   
	----------------------------------------------------------------------------------------------
	  Convergence Criteria     1.00e-06 *    3.00e-04 *             o    1.20e-03 *             o
	----------------------------------------------------------------------------------------------
	     8     -68.96735560   -1.14e-06      1.07e-04 *    1.07e-04 o    2.99e-04 *    2.99e-04 o  ~
	----------------------------------------------------------------------------------------------


2025-07-17:13:15:31,595 INFO     [psi4.optking.convcheck:193] 
	                      ===> Final Convergence Report <===                     

	----------------------------------------------------------------------------
	|   Required Criteria    |  One or More Criteria  |   Alternate Criteria   |
	----------------------------------------------------------------------------
	| [x]     max_force      | [ ]       max_DE       |                        |
	|                        | [x]      max_disp      |                        |
	----------------------------------------------------------------------------


2025-07-17:13:15:31,596 INFO     [psi4.optking.stepAlgorithms:266] 	Convergence check returned True
2025-07-17:13:15:31,596 INFO     [psi4.optking.optimize:286] 	Converged in 8 steps!
2025-07-17:13:15:31,596 INFO     [psi4.optking.optimize:287] 	Final energy is    -68.9673555967662
2025-07-17:13:15:31,596 INFO     [psi4.optking.optimize:288] 	Final structure (Angstroms): 
	Fragment 1 (Ang)

	   Be   0.0000000000   0.0000000000   0.8841642708
	    N   0.0000000000   0.0000000000  -0.5690640119


2025-07-17:13:15:31,596 INFO     [psi4.optking.optimize:432] 	Optimization Finished

	==> Optimization Summary <==

        
	Measures of convergence in internal coordinates in au. (Any backward steps not shown.)
        
	---------------------------------------------------------------------------------------------------------------  ~
        
	 Step         Total Energy             Delta E       MAX Force       RMS Force        MAX Disp        RMS Disp   ~
        
	---------------------------------------------------------------------------------------------------------------  ~
        
	     1     -68.905707333163    -68.905707333163      0.32200779      0.32200779      0.28264989      0.28264989  ~
	     2     -68.959581526710     -0.053874193547      0.08692981      0.08692981      0.10340391      0.10340391  ~
	     3     -68.965786558050     -0.006205031339      0.03543520      0.03543520      0.04762794      0.04762794  ~
	     4     -68.967002722732     -0.001216164682      0.01607855      0.01607855      0.02278094      0.02278094  ~
	     5     -68.967271951308     -0.000269228576      0.00766772      0.00766772      0.01113315      0.01113315  ~
	     6     -68.967335275549     -0.000063324241      0.00374460      0.00374460      0.00832479      0.00832479  ~
	     7     -68.967354460148     -0.000019184599      0.00088886      0.00088886      0.00231220      0.00231220  ~
	     8     -68.967355596766     -0.000001136618      0.00010729      0.00010729      0.00029928      0.00029928  ~
	----------------------------------------------------------------------------------------------------------------


2025-07-17:13:15:31,596 INFO     [psi4.optking.optimize:640] Preparing OptimizationResult
