2025-07-17:14:28:31,7 INFO     [psi4.optking.optwrapper:214] Creating a UserComputer
2025-07-17:14:28:31,7 INFO     [psi4.optking.optwrapper:222] 
    			-----------------------------------------

    			 OPTKING 3.0: for geometry optimizations 

    			     By R.A. King, Bethel University     

    			        with contributions from          

    			    A.V. Copan, J. Cayton, A. Heide      

    			-----------------------------------------

    
2025-07-17:14:28:31,7 INFO     [psi4.optking.optwrapper:238] 
		 -- Optimization Parameters --
	accept_symmetry_breaking       =           False
	alg_geom_maxiter               =             500
	bt_dx_conv                     =           1e-07
	bt_dx_rms_change_conv          =           1e-12
	bt_max_iter                    =              25
	cart_hess_read                 =           False
	consecutive_backsteps_allowed  =               0
	conv_max_DE                    =           1e-06
	conv_max_disp                  =          0.0012
	conv_max_force                 =          0.0003
	conv_rms_disp                  =              -1
	conv_rms_force                 =              -1
	covalent_connect               =             1.3
	dynamic_level                  =               0
	dynamic_level_max              =               0
	ensure_bt_convergence          =           False
	ext_force_bend                 =              []
	ext_force_cartesian            =              []
	ext_force_dihedral             =              []
	ext_force_distance             =              []
	ext_force_oofp                 =              []
	fix_val_near_pi                =            1.57
	flexible_g_convergence         =           False
	frag_mode                      =          SINGLE
	frag_ref_atoms                 =            None
	freeze_intrafrag               =           False
	frozen_bend                    =              []
	frozen_cartesian               =              []
	frozen_dihedral                =              []
	frozen_distance                =              []
	frozen_oofp                    =              []
	full_hess_every                =              -1
	g_convergence                  =           QCHEM
	generate_intcos_exit           =           False
	geom_maxiter                   =             500
	h_bond_connect                 =             4.3
	hess_update                    =            BFGS
	hess_update_den_tol            =           1e-07
	hess_update_dq_tol             =             0.5
	hess_update_limit              =            True
	hess_update_limit_max          =             1.0
	hess_update_limit_scale        =             0.5
	hess_update_use_last           =               4
	hessian_file                   =            None
	i_max_DE                       =            True
	i_max_disp                     =            True
	i_max_force                    =            True
	i_rms_disp                     =           False
	i_rms_force                    =           False
	i_untampered                   =            True
	include_oofp                   =           False
	interfrag_collinear_tol        =            0.01
	interfrag_coords               =            None
	interfrag_dist_inv             =           False
	interfrag_mode                 =           FIXED
	interfrag_trust                =             0.5
	interfrag_trust_max            =             1.0
	interfrag_trust_min            =           0.001
	interfragment_connect          =             1.8
	intrafrag_hess                 =        SCHLEGEL
	intrafrag_trust                =             0.5
	intrafrag_trust_max            =             1.0
	intrafrag_trust_min            =           0.001
	irc_direction                  =         FORWARD
	irc_points                     =              20
	irc_step_size                  =             0.2
	keep_intcos                    =           False
	linear_bend_threshold          =            3.05
	linesearch                     =           False
	linesearch_step                =             0.1
	max_disp_g_convergence         =          0.0012
	max_energy_g_convergence       =           1e-06
	max_force_g_convergence        =          0.0003
	opt_coordinates                =       REDUNDANT
	opt_type                       =             MIN
	output_type                    =            FILE
	print_lvl                      =               1
	program                        =            psi4
	ranged_bend                    =              []
	ranged_cartesian               =              []
	ranged_dihedral                =              []
	ranged_distance                =              []
	ranged_oofp                    =              []
	redundant_eval_tol             =           1e-10
	rfo_follow_root                =           False
	rfo_normalization_max          =             100
	rfo_root                       =               0
	rms_disp_g_convergence         =          0.0012
	rms_force_g_convergence        =          0.0003
	rsrfo_alpha_max                =     100000000.0
	sd_hessian                     =             1.0
	simple_step_scaling            =           False
	small_bend_fix_threshold       =            0.35
	steepest_descent_type          =         OVERLAP
	step_type                      =             RFO
	test_B                         =           False
	test_derivative_B              =           False
	trajectory                     =           False
	v3d_tors_angle_lim             =           0.017
	v3d_tors_cos_tol               =           1e-10
	working_consecutive_backsteps  =               0
	working_steps_since_last_H     =               0


2025-07-17:14:28:31,634 INFO     [psi4.optking.opt_helper:151] Molsys:

	                            ===> Fragment 1 <== 

	 Z (Atomic Numbers)          Masses                          Geom                  
	       9.000000            18.998403          0.00000000  0.00000000  1.35054879   
	      14.000000            27.976927          0.00000000  0.00000000 -0.91712256   

	 - Coordinate -           - BOHR/RAD -       - ANG/DEG -
	 R(1,2)           =         2.267671           1.200000

2025-07-17:14:28:31,645 INFO     [psi4.driver.task_planner:285] PLANNING Atomic:  keywords={'DAMPING_PERCENTAGE': 1.0, 'GEOM_MAXITER': 500, 'GUESS': 'SAP', 'MAXITER': 500, 'REFERENCE': 'UKS', 'function_kwargs': {}}
2025-07-17:14:28:31,646 INFO     [psi4.driver.driver:636] Compute gradient(): method=b3lyp, basis=cc-pvdz, molecule=default, nre=55.56360712035001
2025-07-17:14:28:32,712 INFO     [psi4.driver.driver:639] Return gradient(): -388.6100558308202
2025-07-17:14:28:32,712 INFO     [psi4.driver.driver:640] [[ 0.00000000 -0.00000000 -0.99568343]
 [-0.00000000  0.00000000  0.99565684]]
2025-07-17:14:28:32,715 INFO     [psi4.optking.molsys:874] Projected (PHP) Hessian matrix
	   4.182219

2025-07-17:14:28:32,715 INFO     [psi4.optking.opt_helper:168] 
	         Geometry (au)                                       Gradient (au)
   0.0000000000   0.0000000000   1.3505487921		   0.0000000000  -0.0000000000  -0.9956834274
   0.0000000000   0.0000000000  -0.9171225585		  -0.0000000000   0.0000000000   0.9956568418

2025-07-17:14:28:32,716 INFO     [psi4.optking.stepAlgorithms:750] 	Using RFO solution 1.
2025-07-17:14:28:32,716 INFO     [psi4.optking.displace:73] 	Determining Cartesian step for fragment 1.
2025-07-17:14:28:32,716 INFO     [psi4.optking.displace:378] 	Successfully converged to displaced geometry.
2025-07-17:14:28:32,716 INFO     [psi4.optking.displace:379] 	RMS(dx):  1.282e-16 	Max(dx):  2.220e-16 	RMS(dq):  4.441e-16
2025-07-17:14:28:32,716 INFO     [psi4.optking.displace:132] 

	        --- Internal Coordinate Step in ANG or DEG, aJ/ANG or AJ/DEG ---
	-------------------------------------------------------------------------------
	           Coordinate      Previous         Force          Change          New 
	           ----------      --------        ------          ------        ------
	               R(1,2)       1.20000        8.20305        0.11955       1.31955
	-------------------------------------------------------------------------------

2025-07-17:14:28:32,716 INFO     [psi4.optking.stepAlgorithms:96] 	|target step| :    0.2259209662
2025-07-17:14:28:32,716 INFO     [psi4.optking.stepAlgorithms:97] 	gradient     :   -0.9956701346
2025-07-17:14:28:32,716 INFO     [psi4.optking.stepAlgorithms:98] 	hessian      :    4.1822185214
2025-07-17:14:28:32,717 INFO     [psi4.optking.stepAlgorithms:177] 	Norm of achieved step-size    0.2259209662
2025-07-17:14:28:32,717 INFO     [psi4.optking.stepAlgorithms:179] 	Norm of achieved step-size (cart):    0.1597502472
2025-07-17:14:28:32,717 INFO     [psi4.optking.opt_helper:151] Molsys:

	                            ===> Fragment 1 <== 

	 Z (Atomic Numbers)          Masses                          Geom                  
	       9.000000            18.998403          0.00000000  0.00000000  1.46350928   
	      14.000000            27.976927          0.00000000  0.00000000 -1.03008304   

	 - Coordinate -           - BOHR/RAD -       - ANG/DEG -
	 R(1,2)           =         2.493592           1.319552

2025-07-17:14:28:32,717 INFO     [psi4.optking.convcheck:71] Performing convergence check.
2025-07-17:14:28:32,718 INFO     [psi4.optking.convcheck:263] 
	                                 ==> Convergence Check <==                                  
    
	Measures of convergence in internal coordinates in au.
    
	Criteria marked as inactive (o), active & met (*), and active & unmet ( ).

	----------------------------------------------------------------------------------------------
	   Step    Total Energy     Delta E     Max Force     RMS Force      Max Disp      RMS Disp   
	----------------------------------------------------------------------------------------------
	  Convergence Criteria     1.00e-06 *    3.00e-04 *             o    1.20e-03 *             o
	----------------------------------------------------------------------------------------------
	     1    -388.61005583   -3.89e+02      9.96e-01      9.96e-01 o    2.26e-01      2.26e-01 o  ~
	----------------------------------------------------------------------------------------------


2025-07-17:14:28:32,718 INFO     [psi4.optking.stepAlgorithms:266] 	Convergence check returned False
2025-07-17:14:28:32,742 INFO     [psi4.driver.task_planner:285] PLANNING Atomic:  keywords={'DAMPING_PERCENTAGE': 1.0, 'GEOM_MAXITER': 500, 'SCF__GUESS': 'READ', 'GUESS': 'SAP', 'MAXITER': 500, 'REFERENCE': 'UKS', 'function_kwargs': {}}
2025-07-17:14:28:32,744 INFO     [psi4.driver.driver:636] Compute gradient(): method=b3lyp, basis=cc-pvdz, molecule=default, nre=50.52951084028392
2025-07-17:14:28:33,780 INFO     [psi4.driver.driver:639] Return gradient(): -388.7717997249597
2025-07-17:14:28:33,780 INFO     [psi4.driver.driver:640] [[ 0.00000000 -0.00000000 -0.48677018]
 [ 0.00000000  0.00000000  0.48666740]]
2025-07-17:14:28:33,782 INFO     [psi4.optking.history:257] 	Performing BFGS update.
2025-07-17:14:28:33,782 INFO     [psi4.optking.history:268] 	Using 1 previous steps for update.
2025-07-17:14:28:33,782 INFO     [psi4.optking.history:302] 	Steps to be used in Hessian update:  1

2025-07-17:14:28:33,782 INFO     [psi4.optking.history:400] 	Updated Hessian (in au) 
 	   2.252785

2025-07-17:14:28:33,783 INFO     [psi4.optking.molsys:874] Projected (PHP) Hessian matrix
	   2.252785

2025-07-17:14:28:33,783 INFO     [psi4.optking.opt_helper:168] 
	         Geometry (au)                                       Gradient (au)
   0.0000000000   0.0000000000   1.4850997215		   0.0000000000  -0.0000000000  -0.4867701760
   0.0000000000   0.0000000000  -1.0084925952		   0.0000000000   0.0000000000   0.4866673967

2025-07-17:14:28:33,783 INFO     [psi4.optking.stepAlgorithms:315] 	Current Step Report 
 
	Current energy:      -388.7717997250
	Energy change for the previous step:
		Actual       :        -0.1617438941
		Projected    :        -0.1124713794

2025-07-17:14:28:33,783 INFO     [psi4.optking.stepAlgorithms:318] 	Energy ratio =    1.43809
2025-07-17:14:28:33,783 INFO     [psi4.optking.stepAlgorithms:346] 	Energy ratio indicates good step.
2025-07-17:14:28:33,783 INFO     [psi4.optking.stepAlgorithms:347] 	Intrafrag trust radius increased to 1.000e+00.
2025-07-17:14:28:33,783 INFO     [psi4.optking.stepAlgorithms:750] 	Using RFO solution 1.
2025-07-17:14:28:33,783 INFO     [psi4.optking.displace:73] 	Determining Cartesian step for fragment 1.
2025-07-17:14:28:33,784 INFO     [psi4.optking.displace:378] 	Successfully converged to displaced geometry.
2025-07-17:14:28:33,784 INFO     [psi4.optking.displace:379] 	RMS(dx):  0.000e+00 	Max(dx):  0.000e+00 	RMS(dq):  0.000e+00
2025-07-17:14:28:33,784 INFO     [psi4.optking.displace:132] 

	        --- Internal Coordinate Step in ANG or DEG, aJ/ANG or AJ/DEG ---
	-------------------------------------------------------------------------------
	           Coordinate      Previous         Force          Change          New 
	           ----------      --------        ------          ------        ------
	               R(1,2)       1.31955        4.00994        0.10944       1.42899
	-------------------------------------------------------------------------------

2025-07-17:14:28:33,784 INFO     [psi4.optking.stepAlgorithms:96] 	|target step| :    0.2068112995
2025-07-17:14:28:33,784 INFO     [psi4.optking.stepAlgorithms:97] 	gradient     :   -0.4867187863
2025-07-17:14:28:33,784 INFO     [psi4.optking.stepAlgorithms:98] 	hessian      :    2.2527849312
2025-07-17:14:28:33,784 INFO     [psi4.optking.stepAlgorithms:177] 	Norm of achieved step-size    0.2068112995
2025-07-17:14:28:33,784 INFO     [psi4.optking.stepAlgorithms:179] 	Norm of achieved step-size (cart):    0.1462376723
2025-07-17:14:28:33,785 INFO     [psi4.optking.opt_helper:151] Molsys:

	                            ===> Fragment 1 <== 

	 Z (Atomic Numbers)          Masses                          Geom                  
	       9.000000            18.998403          0.00000000  0.00000000  1.58850537   
	      14.000000            27.976927          0.00000000  0.00000000 -1.11189824   

	 - Coordinate -           - BOHR/RAD -       - ANG/DEG -
	 R(1,2)           =         2.700404           1.428992

2025-07-17:14:28:33,785 INFO     [psi4.optking.convcheck:71] Performing convergence check.
2025-07-17:14:28:33,785 INFO     [psi4.optking.convcheck:263] 
	                                 ==> Convergence Check <==                                  
    
	Measures of convergence in internal coordinates in au.
    
	Criteria marked as inactive (o), active & met (*), and active & unmet ( ).

	----------------------------------------------------------------------------------------------
	   Step    Total Energy     Delta E     Max Force     RMS Force      Max Disp      RMS Disp   
	----------------------------------------------------------------------------------------------
	  Convergence Criteria     1.00e-06 *    3.00e-04 *             o    1.20e-03 *             o
	----------------------------------------------------------------------------------------------
	     2    -388.77179972   -1.62e-01      4.87e-01      4.87e-01 o    2.07e-01      2.07e-01 o  ~
	----------------------------------------------------------------------------------------------


2025-07-17:14:28:33,785 INFO     [psi4.optking.stepAlgorithms:266] 	Convergence check returned False
2025-07-17:14:28:33,799 INFO     [psi4.driver.task_planner:285] PLANNING Atomic:  keywords={'DAMPING_PERCENTAGE': 1.0, 'GEOM_MAXITER': 500, 'SCF__GUESS': 'READ', 'GUESS': 'SAP', 'MAXITER': 500, 'REFERENCE': 'UKS', 'function_kwargs': {}}
2025-07-17:14:28:33,800 INFO     [psi4.driver.driver:636] Compute gradient(): method=b3lyp, basis=cc-pvdz, molecule=default, nre=46.65969162579241
2025-07-17:14:28:34,902 INFO     [psi4.driver.driver:639] Return gradient(): -388.84275836561324
2025-07-17:14:28:34,903 INFO     [psi4.driver.driver:640] [[ 0.00000000 -0.00000000 -0.22321060]
 [ 0.00000000 -0.00000000  0.22319388]]
2025-07-17:14:28:34,904 INFO     [psi4.optking.history:257] 	Performing BFGS update.
2025-07-17:14:28:34,904 INFO     [psi4.optking.history:268] 	Using 2 previous steps for update.
2025-07-17:14:28:34,904 INFO     [psi4.optking.history:302] 	Steps to be used in Hessian update:  2 1

2025-07-17:14:28:34,904 INFO     [psi4.optking.history:400] 	Updated Hessian (in au) 
 	   1.785094

2025-07-17:14:28:34,905 INFO     [psi4.optking.molsys:874] Projected (PHP) Hessian matrix
	   1.785094

2025-07-17:14:28:34,905 INFO     [psi4.optking.opt_helper:168] 
	         Geometry (au)                                       Gradient (au)
   0.0000000000   0.0000000000   1.6082695762		   0.0000000000  -0.0000000000  -0.2232105968
   0.0000000000   0.0000000000  -1.0921340400		   0.0000000000  -0.0000000000   0.2231938849

2025-07-17:14:28:34,905 INFO     [psi4.optking.stepAlgorithms:315] 	Current Step Report 
 
	Current energy:      -388.8427583656
	Energy change for the previous step:
		Actual       :        -0.0709586407
		Projected    :        -0.0503294724

2025-07-17:14:28:34,905 INFO     [psi4.optking.stepAlgorithms:318] 	Energy ratio =    1.40988
2025-07-17:14:28:34,905 INFO     [psi4.optking.stepAlgorithms:750] 	Using RFO solution 1.
2025-07-17:14:28:34,905 INFO     [psi4.optking.displace:73] 	Determining Cartesian step for fragment 1.
2025-07-17:14:28:34,905 INFO     [psi4.optking.displace:378] 	Successfully converged to displaced geometry.
2025-07-17:14:28:34,905 INFO     [psi4.optking.displace:379] 	RMS(dx):  1.282e-16 	Max(dx):  2.220e-16 	RMS(dq):  4.441e-16
2025-07-17:14:28:34,905 INFO     [psi4.optking.displace:132] 

	        --- Internal Coordinate Step in ANG or DEG, aJ/ANG or AJ/DEG ---
	-------------------------------------------------------------------------------
	           Coordinate      Previous         Force          Change          New 
	           ----------      --------        ------          ------        ------
	               R(1,2)       1.42899        1.83890        0.06516       1.49416
	-------------------------------------------------------------------------------

2025-07-17:14:28:34,905 INFO     [psi4.optking.stepAlgorithms:96] 	|target step| :    0.1231406590
2025-07-17:14:28:34,905 INFO     [psi4.optking.stepAlgorithms:97] 	gradient     :   -0.2232022409
2025-07-17:14:28:34,905 INFO     [psi4.optking.stepAlgorithms:98] 	hessian      :    1.7850942833
2025-07-17:14:28:34,905 INFO     [psi4.optking.stepAlgorithms:177] 	Norm of achieved step-size    0.1231406590
2025-07-17:14:28:34,905 INFO     [psi4.optking.stepAlgorithms:179] 	Norm of achieved step-size (cart):    0.0870735950
2025-07-17:14:28:34,905 INFO     [psi4.optking.opt_helper:151] Molsys:

	                            ===> Fragment 1 <== 

	 Z (Atomic Numbers)          Masses                          Geom                  
	       9.000000            18.998403          0.00000000  0.00000000  1.66983991   
	      14.000000            27.976927          0.00000000  0.00000000 -1.15370437   

	 - Coordinate -           - BOHR/RAD -       - ANG/DEG -
	 R(1,2)           =         2.823544           1.494155

2025-07-17:14:28:34,906 INFO     [psi4.optking.convcheck:71] Performing convergence check.
2025-07-17:14:28:34,906 INFO     [psi4.optking.convcheck:263] 
	                                 ==> Convergence Check <==                                  
    
	Measures of convergence in internal coordinates in au.
    
	Criteria marked as inactive (o), active & met (*), and active & unmet ( ).

	----------------------------------------------------------------------------------------------
	   Step    Total Energy     Delta E     Max Force     RMS Force      Max Disp      RMS Disp   
	----------------------------------------------------------------------------------------------
	  Convergence Criteria     1.00e-06 *    3.00e-04 *             o    1.20e-03 *             o
	----------------------------------------------------------------------------------------------
	     3    -388.84275837   -7.10e-02      2.23e-01      2.23e-01 o    1.23e-01      1.23e-01 o  ~
	----------------------------------------------------------------------------------------------


2025-07-17:14:28:34,906 INFO     [psi4.optking.stepAlgorithms:266] 	Convergence check returned False
2025-07-17:14:28:34,923 INFO     [psi4.driver.task_planner:285] PLANNING Atomic:  keywords={'DAMPING_PERCENTAGE': 1.0, 'GEOM_MAXITER': 500, 'SCF__GUESS': 'READ', 'GUESS': 'SAP', 'MAXITER': 500, 'REFERENCE': 'UKS', 'function_kwargs': {}}
2025-07-17:14:28:34,924 INFO     [psi4.driver.driver:636] Compute gradient(): method=b3lyp, basis=cc-pvdz, molecule=default, nre=44.624765087787246
2025-07-17:14:28:35,777 INFO     [psi4.driver.driver:639] Return gradient(): -388.8637006712315
2025-07-17:14:28:35,777 INFO     [psi4.driver.driver:640] [[-0.00000000  0.00000000 -0.12270561]
 [ 0.00000000  0.00000000  0.12261163]]
2025-07-17:14:28:35,778 INFO     [psi4.optking.history:257] 	Performing BFGS update.
2025-07-17:14:28:35,778 INFO     [psi4.optking.history:268] 	Using 3 previous steps for update.
2025-07-17:14:28:35,779 WARNING  [psi4.optking.history:286] 	Change in internal coordinate of 5.56e-01 exceeds limit of 5.00e-01.
2025-07-17:14:28:35,779 WARNING  [psi4.optking.history:291] 	Skipping Hessian update for step 1.
2025-07-17:14:28:35,779 INFO     [psi4.optking.history:302] 	Steps to be used in Hessian update:  3 2

2025-07-17:14:28:35,779 INFO     [psi4.optking.history:400] 	Updated Hessian (in au) 
 	   1.103373

2025-07-17:14:28:35,779 INFO     [psi4.optking.molsys:874] Projected (PHP) Hessian matrix
	   1.103373

2025-07-17:14:28:35,779 INFO     [psi4.optking.opt_helper:168] 
	         Geometry (au)                                       Gradient (au)
   0.0000000000   0.0000000000   1.6816080114		  -0.0000000000   0.0000000000  -0.1227056122
   0.0000000000   0.0000000000  -1.1419362639		   0.0000000000   0.0000000000   0.1226116262

2025-07-17:14:28:35,779 INFO     [psi4.optking.stepAlgorithms:315] 	Current Step Report 
 
	Current energy:      -388.8637006712
	Energy change for the previous step:
		Actual       :        -0.0209423056
		Projected    :        -0.0137426355

2025-07-17:14:28:35,779 INFO     [psi4.optking.stepAlgorithms:318] 	Energy ratio =    1.52389
2025-07-17:14:28:35,779 INFO     [psi4.optking.stepAlgorithms:750] 	Using RFO solution 1.
2025-07-17:14:28:35,779 INFO     [psi4.optking.displace:73] 	Determining Cartesian step for fragment 1.
2025-07-17:14:28:35,779 INFO     [psi4.optking.displace:378] 	Successfully converged to displaced geometry.
2025-07-17:14:28:35,779 INFO     [psi4.optking.displace:379] 	RMS(dx):  0.000e+00 	Max(dx):  0.000e+00 	RMS(dq):  0.000e+00
2025-07-17:14:28:35,779 INFO     [psi4.optking.displace:132] 

	        --- Internal Coordinate Step in ANG or DEG, aJ/ANG or AJ/DEG ---
	-------------------------------------------------------------------------------
	           Coordinate      Previous         Force          Change          New 
	           ----------      --------        ------          ------        ------
	               R(1,2)       1.49416        1.01055        0.05812       1.55227
	-------------------------------------------------------------------------------

2025-07-17:14:28:35,779 INFO     [psi4.optking.stepAlgorithms:96] 	|target step| :    0.1098260622
2025-07-17:14:28:35,779 INFO     [psi4.optking.stepAlgorithms:97] 	gradient     :   -0.1226586192
2025-07-17:14:28:35,779 INFO     [psi4.optking.stepAlgorithms:98] 	hessian      :    1.1033732568
2025-07-17:14:28:35,779 INFO     [psi4.optking.stepAlgorithms:177] 	Norm of achieved step-size    0.1098260622
2025-07-17:14:28:35,779 INFO     [psi4.optking.stepAlgorithms:179] 	Norm of achieved step-size (cart):    0.0776587533
2025-07-17:14:28:35,780 INFO     [psi4.optking.opt_helper:151] Molsys:

	                            ===> Fragment 1 <== 

	 Z (Atomic Numbers)          Masses                          Geom                  
	       9.000000            18.998403          0.00000000  0.00000000  1.73652104   
	      14.000000            27.976927          0.00000000  0.00000000 -1.19684929   

	 - Coordinate -           - BOHR/RAD -       - ANG/DEG -
	 R(1,2)           =         2.933370           1.552273

2025-07-17:14:28:35,780 INFO     [psi4.optking.convcheck:71] Performing convergence check.
2025-07-17:14:28:35,780 INFO     [psi4.optking.convcheck:263] 
	                                 ==> Convergence Check <==                                  
    
	Measures of convergence in internal coordinates in au.
    
	Criteria marked as inactive (o), active & met (*), and active & unmet ( ).

	----------------------------------------------------------------------------------------------
	   Step    Total Energy     Delta E     Max Force     RMS Force      Max Disp      RMS Disp   
	----------------------------------------------------------------------------------------------
	  Convergence Criteria     1.00e-06 *    3.00e-04 *             o    1.20e-03 *             o
	----------------------------------------------------------------------------------------------
	     4    -388.86370067   -2.09e-02      1.23e-01      1.23e-01 o    1.10e-01      1.10e-01 o  ~
	----------------------------------------------------------------------------------------------


2025-07-17:14:28:35,780 INFO     [psi4.optking.stepAlgorithms:266] 	Convergence check returned False
2025-07-17:14:28:35,796 INFO     [psi4.driver.task_planner:285] PLANNING Atomic:  keywords={'DAMPING_PERCENTAGE': 1.0, 'GEOM_MAXITER': 500, 'SCF__GUESS': 'READ', 'GUESS': 'SAP', 'MAXITER': 500, 'REFERENCE': 'UKS', 'function_kwargs': {}}
2025-07-17:14:28:35,797 INFO     [psi4.driver.driver:636] Compute gradient(): method=b3lyp, basis=cc-pvdz, molecule=default, nre=42.95400358791565
2025-07-17:14:28:36,858 INFO     [psi4.driver.driver:639] Return gradient(): -388.87341925594296
2025-07-17:14:28:36,859 INFO     [psi4.driver.driver:640] [[ 0.00000000  0.00000000 -0.05788878]
 [-0.00000000 -0.00000000  0.05781791]]
2025-07-17:14:28:36,860 INFO     [psi4.optking.history:257] 	Performing BFGS update.
2025-07-17:14:28:36,860 INFO     [psi4.optking.history:268] 	Using 4 previous steps for update.
2025-07-17:14:28:36,860 WARNING  [psi4.optking.history:286] 	Change in internal coordinate of 6.66e-01 exceeds limit of 5.00e-01.
2025-07-17:14:28:36,860 WARNING  [psi4.optking.history:291] 	Skipping Hessian update for step 1.
2025-07-17:14:28:36,860 INFO     [psi4.optking.history:302] 	Steps to be used in Hessian update:  4 3 2

2025-07-17:14:28:36,860 INFO     [psi4.optking.history:400] 	Updated Hessian (in au) 
 	   0.975186

2025-07-17:14:28:36,860 INFO     [psi4.optking.molsys:874] Projected (PHP) Hessian matrix
	   0.975186

2025-07-17:14:28:36,860 INFO     [psi4.optking.opt_helper:168] 
	         Geometry (au)                                       Gradient (au)
   0.0000000000   0.0000000000   1.7470167205		   0.0000000000   0.0000000000  -0.0578887805
   0.0000000000   0.0000000000  -1.1863536170		  -0.0000000000  -0.0000000000   0.0578179057

2025-07-17:14:28:36,860 INFO     [psi4.optking.stepAlgorithms:315] 	Current Step Report 
 
	Current energy:      -388.8734192559
	Energy change for the previous step:
		Actual       :        -0.0097185847
		Projected    :        -0.0067355566

2025-07-17:14:28:36,860 INFO     [psi4.optking.stepAlgorithms:318] 	Energy ratio =    1.44288
2025-07-17:14:28:36,861 INFO     [psi4.optking.stepAlgorithms:750] 	Using RFO solution 1.
2025-07-17:14:28:36,861 INFO     [psi4.optking.displace:73] 	Determining Cartesian step for fragment 1.
2025-07-17:14:28:36,861 INFO     [psi4.optking.displace:378] 	Successfully converged to displaced geometry.
2025-07-17:14:28:36,861 INFO     [psi4.optking.displace:379] 	RMS(dx):  1.282e-16 	Max(dx):  2.220e-16 	RMS(dq):  4.441e-16
2025-07-17:14:28:36,861 INFO     [psi4.optking.displace:132] 

	        --- Internal Coordinate Step in ANG or DEG, aJ/ANG or AJ/DEG ---
	-------------------------------------------------------------------------------
	           Coordinate      Previous         Force          Change          New 
	           ----------      --------        ------          ------        ------
	               R(1,2)       1.55227        0.47664        0.03128       1.58356
	-------------------------------------------------------------------------------

2025-07-17:14:28:36,861 INFO     [psi4.optking.stepAlgorithms:96] 	|target step| :    0.0591180951
2025-07-17:14:28:36,861 INFO     [psi4.optking.stepAlgorithms:97] 	gradient     :   -0.0578533431
2025-07-17:14:28:36,861 INFO     [psi4.optking.stepAlgorithms:98] 	hessian      :    0.9751861689
2025-07-17:14:28:36,861 INFO     [psi4.optking.stepAlgorithms:177] 	Norm of achieved step-size    0.0591180951
2025-07-17:14:28:36,861 INFO     [psi4.optking.stepAlgorithms:179] 	Norm of achieved step-size (cart):    0.0418028059
2025-07-17:14:28:36,861 INFO     [psi4.optking.opt_helper:151] Molsys:

	                            ===> Fragment 1 <== 

	 Z (Atomic Numbers)          Masses                          Geom                  
	       9.000000            18.998403          0.00000000  0.00000000  1.77657577   
	      14.000000            27.976927          0.00000000  0.00000000 -1.21591266   

	 - Coordinate -           - BOHR/RAD -       - ANG/DEG -
	 R(1,2)           =         2.992488           1.583557

2025-07-17:14:28:36,861 INFO     [psi4.optking.convcheck:71] Performing convergence check.
2025-07-17:14:28:36,861 INFO     [psi4.optking.convcheck:263] 
	                                 ==> Convergence Check <==                                  
    
	Measures of convergence in internal coordinates in au.
    
	Criteria marked as inactive (o), active & met (*), and active & unmet ( ).

	----------------------------------------------------------------------------------------------
	   Step    Total Energy     Delta E     Max Force     RMS Force      Max Disp      RMS Disp   
	----------------------------------------------------------------------------------------------
	  Convergence Criteria     1.00e-06 *    3.00e-04 *             o    1.20e-03 *             o
	----------------------------------------------------------------------------------------------
	     5    -388.87341926   -9.72e-03      5.79e-02      5.79e-02 o    5.91e-02      5.91e-02 o  ~
	----------------------------------------------------------------------------------------------


2025-07-17:14:28:36,861 INFO     [psi4.optking.stepAlgorithms:266] 	Convergence check returned False
2025-07-17:14:28:36,877 INFO     [psi4.driver.task_planner:285] PLANNING Atomic:  keywords={'DAMPING_PERCENTAGE': 1.0, 'GEOM_MAXITER': 500, 'SCF__GUESS': 'READ', 'GUESS': 'SAP', 'MAXITER': 500, 'REFERENCE': 'UKS', 'function_kwargs': {}}
2025-07-17:14:28:36,878 INFO     [psi4.driver.driver:636] Compute gradient(): method=b3lyp, basis=cc-pvdz, molecule=default, nre=42.105425915854646
2025-07-17:14:28:37,816 INFO     [psi4.driver.driver:639] Return gradient(): -388.87600842092303
2025-07-17:14:28:37,816 INFO     [psi4.driver.driver:640] [[-0.00000000  0.00000000 -0.03078391]
 [ 0.00000000 -0.00000000  0.03070983]]
2025-07-17:14:28:37,819 INFO     [psi4.optking.history:257] 	Performing BFGS update.
2025-07-17:14:28:37,819 INFO     [psi4.optking.history:268] 	Using 4 previous steps for update.
2025-07-17:14:28:37,819 INFO     [psi4.optking.history:302] 	Steps to be used in Hessian update:  5 4 3 2

2025-07-17:14:28:37,820 INFO     [psi4.optking.history:400] 	Updated Hessian (in au) 
 	   0.913962

2025-07-17:14:28:37,820 INFO     [psi4.optking.molsys:874] Projected (PHP) Hessian matrix
	   0.913962

2025-07-17:14:28:37,820 INFO     [psi4.optking.opt_helper:168] 
	         Geometry (au)                                       Gradient (au)
   0.0000000000   0.0000000000   1.7822254697		  -0.0000000000   0.0000000000  -0.0307839150
   0.0000000000   0.0000000000  -1.2102629629		   0.0000000000  -0.0000000000   0.0307098290

2025-07-17:14:28:37,820 INFO     [psi4.optking.stepAlgorithms:315] 	Current Step Report 
 
	Current energy:      -388.8760084209
	Energy change for the previous step:
		Actual       :        -0.0025891650
		Projected    :        -0.0017100897

2025-07-17:14:28:37,820 INFO     [psi4.optking.stepAlgorithms:318] 	Energy ratio =    1.51405
2025-07-17:14:28:37,820 INFO     [psi4.optking.stepAlgorithms:750] 	Using RFO solution 1.
2025-07-17:14:28:37,820 INFO     [psi4.optking.displace:73] 	Determining Cartesian step for fragment 1.
2025-07-17:14:28:37,821 INFO     [psi4.optking.displace:378] 	Successfully converged to displaced geometry.
2025-07-17:14:28:37,821 INFO     [psi4.optking.displace:379] 	RMS(dx):  0.000e+00 	Max(dx):  0.000e+00 	RMS(dq):  0.000e+00
2025-07-17:14:28:37,821 INFO     [psi4.optking.displace:132] 

	        --- Internal Coordinate Step in ANG or DEG, aJ/ANG or AJ/DEG ---
	-------------------------------------------------------------------------------
	           Coordinate      Previous         Force          Change          New 
	           ----------      --------        ------          ------        ------
	               R(1,2)       1.58356        0.25331        0.01778       1.60134
	-------------------------------------------------------------------------------

2025-07-17:14:28:37,821 INFO     [psi4.optking.stepAlgorithms:96] 	|target step| :    0.0336033283
2025-07-17:14:28:37,821 INFO     [psi4.optking.stepAlgorithms:97] 	gradient     :   -0.0307468720
2025-07-17:14:28:37,821 INFO     [psi4.optking.stepAlgorithms:98] 	hessian      :    0.9139616443
2025-07-17:14:28:37,821 INFO     [psi4.optking.stepAlgorithms:177] 	Norm of achieved step-size    0.0336033283
2025-07-17:14:28:37,821 INFO     [psi4.optking.stepAlgorithms:179] 	Norm of achieved step-size (cart):    0.0237611413
2025-07-17:14:28:37,822 INFO     [psi4.optking.opt_helper:151] Molsys:

	                            ===> Fragment 1 <== 

	 Z (Atomic Numbers)          Masses                          Geom                  
	       9.000000            18.998403          0.00000000  0.00000000  1.79902713   
	      14.000000            27.976927          0.00000000  0.00000000 -1.22706463   

	 - Coordinate -           - BOHR/RAD -       - ANG/DEG -
	 R(1,2)           =         3.026092           1.601339

2025-07-17:14:28:37,822 INFO     [psi4.optking.convcheck:71] Performing convergence check.
2025-07-17:14:28:37,822 INFO     [psi4.optking.convcheck:263] 
	                                 ==> Convergence Check <==                                  
    
	Measures of convergence in internal coordinates in au.
    
	Criteria marked as inactive (o), active & met (*), and active & unmet ( ).

	----------------------------------------------------------------------------------------------
	   Step    Total Energy     Delta E     Max Force     RMS Force      Max Disp      RMS Disp   
	----------------------------------------------------------------------------------------------
	  Convergence Criteria     1.00e-06 *    3.00e-04 *             o    1.20e-03 *             o
	----------------------------------------------------------------------------------------------
	     6    -388.87600842   -2.59e-03      3.07e-02      3.07e-02 o    3.36e-02      3.36e-02 o  ~
	----------------------------------------------------------------------------------------------


2025-07-17:14:28:37,822 INFO     [psi4.optking.stepAlgorithms:266] 	Convergence check returned False
2025-07-17:14:28:37,843 INFO     [psi4.driver.task_planner:285] PLANNING Atomic:  keywords={'DAMPING_PERCENTAGE': 1.0, 'GEOM_MAXITER': 500, 'SCF__GUESS': 'READ', 'GUESS': 'SAP', 'MAXITER': 500, 'REFERENCE': 'UKS', 'function_kwargs': {}}
2025-07-17:14:28:37,845 INFO     [psi4.driver.driver:636] Compute gradient(): method=b3lyp, basis=cc-pvdz, molecule=default, nre=41.6378649295189
2025-07-17:14:28:38,799 INFO     [psi4.driver.driver:639] Return gradient(): -388.8768104072392
2025-07-17:14:28:38,799 INFO     [psi4.driver.driver:640] [[-0.00000000  0.00000000 -0.01745963]
 [-0.00000000  0.00000000  0.01738407]]
2025-07-17:14:28:38,801 INFO     [psi4.optking.history:257] 	Performing BFGS update.
2025-07-17:14:28:38,801 INFO     [psi4.optking.history:268] 	Using 4 previous steps for update.
2025-07-17:14:28:38,801 INFO     [psi4.optking.history:302] 	Steps to be used in Hessian update:  6 5 4 3

2025-07-17:14:28:38,801 INFO     [psi4.optking.history:400] 	Updated Hessian (in au) 
 	   0.631833

2025-07-17:14:28:38,801 INFO     [psi4.optking.molsys:874] Projected (PHP) Hessian matrix
	   0.631833

2025-07-17:14:28:38,801 INFO     [psi4.optking.opt_helper:168] 
	         Geometry (au)                                       Gradient (au)
   0.0000000000   0.0000000000   1.8022384819		  -0.0000000000   0.0000000000  -0.0174596276
   0.0000000000   0.0000000000  -1.2238532789		  -0.0000000000   0.0000000000   0.0173840664

2025-07-17:14:28:38,801 INFO     [psi4.optking.stepAlgorithms:315] 	Current Step Report 
 
	Current energy:      -388.8768104072
	Energy change for the previous step:
		Actual       :        -0.0008019863
		Projected    :        -0.0005165986

2025-07-17:14:28:38,801 INFO     [psi4.optking.stepAlgorithms:318] 	Energy ratio =    1.55244
2025-07-17:14:28:38,801 INFO     [psi4.optking.stepAlgorithms:750] 	Using RFO solution 1.
2025-07-17:14:28:38,801 INFO     [psi4.optking.displace:73] 	Determining Cartesian step for fragment 1.
2025-07-17:14:28:38,802 INFO     [psi4.optking.displace:378] 	Successfully converged to displaced geometry.
2025-07-17:14:28:38,802 INFO     [psi4.optking.displace:379] 	RMS(dx):  1.282e-16 	Max(dx):  2.220e-16 	RMS(dq):  4.441e-16
2025-07-17:14:28:38,802 INFO     [psi4.optking.displace:132] 

	        --- Internal Coordinate Step in ANG or DEG, aJ/ANG or AJ/DEG ---
	-------------------------------------------------------------------------------
	           Coordinate      Previous         Force          Change          New 
	           ----------      --------        ------          ------        ------
	               R(1,2)       1.60134        0.14353        0.01458       1.61592
	-------------------------------------------------------------------------------

2025-07-17:14:28:38,802 INFO     [psi4.optking.stepAlgorithms:96] 	|target step| :    0.0275525839
2025-07-17:14:28:38,802 INFO     [psi4.optking.stepAlgorithms:97] 	gradient     :   -0.0174218470
2025-07-17:14:28:38,802 INFO     [psi4.optking.stepAlgorithms:98] 	hessian      :    0.6318326206
2025-07-17:14:28:38,802 INFO     [psi4.optking.stepAlgorithms:177] 	Norm of achieved step-size    0.0275525839
2025-07-17:14:28:38,802 INFO     [psi4.optking.stepAlgorithms:179] 	Norm of achieved step-size (cart):    0.0194826189
2025-07-17:14:28:38,802 INFO     [psi4.optking.opt_helper:151] Molsys:

	                            ===> Fragment 1 <== 

	 Z (Atomic Numbers)          Masses                          Geom                  
	       9.000000            18.998403          0.00000000  0.00000000  1.81601477   
	      14.000000            27.976927          0.00000000  0.00000000 -1.23762957   

	 - Coordinate -           - BOHR/RAD -       - ANG/DEG -
	 R(1,2)           =         3.053644           1.615919

2025-07-17:14:28:38,803 INFO     [psi4.optking.convcheck:71] Performing convergence check.
2025-07-17:14:28:38,803 INFO     [psi4.optking.convcheck:263] 
	                                 ==> Convergence Check <==                                  
    
	Measures of convergence in internal coordinates in au.
    
	Criteria marked as inactive (o), active & met (*), and active & unmet ( ).

	----------------------------------------------------------------------------------------------
	   Step    Total Energy     Delta E     Max Force     RMS Force      Max Disp      RMS Disp   
	----------------------------------------------------------------------------------------------
	  Convergence Criteria     1.00e-06 *    3.00e-04 *             o    1.20e-03 *             o
	----------------------------------------------------------------------------------------------
	     7    -388.87681041   -8.02e-04      1.74e-02      1.74e-02 o    2.76e-02      2.76e-02 o  ~
	----------------------------------------------------------------------------------------------


2025-07-17:14:28:38,803 INFO     [psi4.optking.stepAlgorithms:266] 	Convergence check returned False
2025-07-17:14:28:38,818 INFO     [psi4.driver.task_planner:285] PLANNING Atomic:  keywords={'DAMPING_PERCENTAGE': 1.0, 'GEOM_MAXITER': 500, 'SCF__GUESS': 'READ', 'GUESS': 'SAP', 'MAXITER': 500, 'REFERENCE': 'UKS', 'function_kwargs': {}}
2025-07-17:14:28:38,819 INFO     [psi4.driver.driver:636] Compute gradient(): method=b3lyp, basis=cc-pvdz, molecule=default, nre=41.262172596822126
2025-07-17:14:28:39,751 INFO     [psi4.driver.driver:639] Return gradient(): -388.8771495738371
2025-07-17:14:28:39,752 INFO     [psi4.driver.driver:640] [[ 0.00000000  0.00000000 -0.00756739]
 [ 0.00000000 -0.00000000  0.00749080]]
2025-07-17:14:28:39,754 INFO     [psi4.optking.history:257] 	Performing BFGS update.
2025-07-17:14:28:39,755 INFO     [psi4.optking.history:268] 	Using 4 previous steps for update.
2025-07-17:14:28:39,755 INFO     [psi4.optking.history:302] 	Steps to be used in Hessian update:  7 6 5 4

2025-07-17:14:28:39,755 INFO     [psi4.optking.history:400] 	Updated Hessian (in au) 
 	   0.500345

2025-07-17:14:28:39,755 INFO     [psi4.optking.molsys:874] Projected (PHP) Hessian matrix
	   0.500345

2025-07-17:14:28:39,756 INFO     [psi4.optking.opt_helper:168] 
	         Geometry (au)                                       Gradient (au)
   0.0000000000   0.0000000000   1.8186478742		   0.0000000000   0.0000000000  -0.0075673879
   0.0000000000   0.0000000000  -1.2349964705		   0.0000000000  -0.0000000000   0.0074907968

2025-07-17:14:28:39,756 INFO     [psi4.optking.stepAlgorithms:315] 	Current Step Report 
 
	Current energy:      -388.8771495738
	Energy change for the previous step:
		Actual       :        -0.0003391666
		Projected    :        -0.0002400085

2025-07-17:14:28:39,756 INFO     [psi4.optking.stepAlgorithms:318] 	Energy ratio =    1.41314
2025-07-17:14:28:39,756 INFO     [psi4.optking.stepAlgorithms:750] 	Using RFO solution 1.
2025-07-17:14:28:39,756 INFO     [psi4.optking.displace:73] 	Determining Cartesian step for fragment 1.
2025-07-17:14:28:39,756 INFO     [psi4.optking.displace:378] 	Successfully converged to displaced geometry.
2025-07-17:14:28:39,756 INFO     [psi4.optking.displace:379] 	RMS(dx):  1.282e-16 	Max(dx):  2.220e-16 	RMS(dq):  4.441e-16
2025-07-17:14:28:39,756 INFO     [psi4.optking.displace:132] 

	        --- Internal Coordinate Step in ANG or DEG, aJ/ANG or AJ/DEG ---
	-------------------------------------------------------------------------------
	           Coordinate      Previous         Force          Change          New 
	           ----------      --------        ------          ------        ------
	               R(1,2)       1.61592        0.06203        0.00796       1.62388
	-------------------------------------------------------------------------------

2025-07-17:14:28:39,757 INFO     [psi4.optking.stepAlgorithms:96] 	|target step| :    0.0150443818
2025-07-17:14:28:39,757 INFO     [psi4.optking.stepAlgorithms:97] 	gradient     :   -0.0075290923
2025-07-17:14:28:39,757 INFO     [psi4.optking.stepAlgorithms:98] 	hessian      :    0.5003454679
2025-07-17:14:28:39,757 INFO     [psi4.optking.stepAlgorithms:177] 	Norm of achieved step-size    0.0150443818
2025-07-17:14:28:39,757 INFO     [psi4.optking.stepAlgorithms:179] 	Norm of achieved step-size (cart):    0.0106379844
2025-07-17:14:28:39,757 INFO     [psi4.optking.opt_helper:151] Molsys:

	                            ===> Fragment 1 <== 

	 Z (Atomic Numbers)          Masses                          Geom                  
	       9.000000            18.998403          0.00000000  0.00000000  1.82617007   
	      14.000000            27.976927          0.00000000  0.00000000 -1.24251866   

	 - Coordinate -           - BOHR/RAD -       - ANG/DEG -
	 R(1,2)           =         3.068689           1.623880

2025-07-17:14:28:39,757 INFO     [psi4.optking.convcheck:71] Performing convergence check.
2025-07-17:14:28:39,757 INFO     [psi4.optking.convcheck:263] 
	                                 ==> Convergence Check <==                                  
    
	Measures of convergence in internal coordinates in au.
    
	Criteria marked as inactive (o), active & met (*), and active & unmet ( ).

	----------------------------------------------------------------------------------------------
	   Step    Total Energy     Delta E     Max Force     RMS Force      Max Disp      RMS Disp   
	----------------------------------------------------------------------------------------------
	  Convergence Criteria     1.00e-06 *    3.00e-04 *             o    1.20e-03 *             o
	----------------------------------------------------------------------------------------------
	     8    -388.87714957   -3.39e-04      7.53e-03      7.53e-03 o    1.50e-02      1.50e-02 o  ~
	----------------------------------------------------------------------------------------------


2025-07-17:14:28:39,759 INFO     [psi4.optking.stepAlgorithms:266] 	Convergence check returned False
2025-07-17:14:28:39,774 INFO     [psi4.driver.task_planner:285] PLANNING Atomic:  keywords={'DAMPING_PERCENTAGE': 1.0, 'GEOM_MAXITER': 500, 'SCF__GUESS': 'READ', 'GUESS': 'SAP', 'MAXITER': 500, 'REFERENCE': 'UKS', 'function_kwargs': {}}
2025-07-17:14:28:39,776 INFO     [psi4.driver.driver:636] Compute gradient(): method=b3lyp, basis=cc-pvdz, molecule=default, nre=41.05988297643171
2025-07-17:14:28:40,701 INFO     [psi4.driver.driver:639] Return gradient(): -388.87722344042766
2025-07-17:14:28:40,701 INFO     [psi4.driver.driver:640] [[ 0.00000000  0.00000000 -0.00253846]
 [ 0.00000000  0.00000000  0.00246133]]
2025-07-17:14:28:40,702 INFO     [psi4.optking.history:257] 	Performing BFGS update.
2025-07-17:14:28:40,702 INFO     [psi4.optking.history:268] 	Using 4 previous steps for update.
2025-07-17:14:28:40,702 INFO     [psi4.optking.history:302] 	Steps to be used in Hessian update:  8 7 6 5

2025-07-17:14:28:40,703 INFO     [psi4.optking.history:400] 	Updated Hessian (in au) 
 	   0.409061

2025-07-17:14:28:40,703 INFO     [psi4.optking.molsys:874] Projected (PHP) Hessian matrix
	   0.409061

2025-07-17:14:28:40,703 INFO     [psi4.optking.opt_helper:168] 
	         Geometry (au)                                       Gradient (au)
   0.0000000000   0.0000000000   1.8276078020		   0.0000000000   0.0000000000  -0.0025384586
   0.0000000000   0.0000000000  -1.2410809244		   0.0000000000   0.0000000000   0.0024613347

2025-07-17:14:28:40,703 INFO     [psi4.optking.stepAlgorithms:315] 	Current Step Report 
 
	Current energy:      -388.8772234404
	Energy change for the previous step:
		Actual       :        -0.0000738666
		Projected    :        -0.0000566353

2025-07-17:14:28:40,703 INFO     [psi4.optking.stepAlgorithms:318] 	Energy ratio =    1.30425
2025-07-17:14:28:40,703 INFO     [psi4.optking.stepAlgorithms:750] 	Using RFO solution 1.
2025-07-17:14:28:40,703 INFO     [psi4.optking.displace:73] 	Determining Cartesian step for fragment 1.
2025-07-17:14:28:40,703 INFO     [psi4.optking.displace:378] 	Successfully converged to displaced geometry.
2025-07-17:14:28:40,703 INFO     [psi4.optking.displace:379] 	RMS(dx):  1.282e-16 	Max(dx):  2.220e-16 	RMS(dq):  4.441e-16
2025-07-17:14:28:40,703 INFO     [psi4.optking.displace:132] 

	        --- Internal Coordinate Step in ANG or DEG, aJ/ANG or AJ/DEG ---
	-------------------------------------------------------------------------------
	           Coordinate      Previous         Force          Change          New 
	           ----------      --------        ------          ------        ------
	               R(1,2)       1.62388        0.02060        0.00323       1.62711
	-------------------------------------------------------------------------------

2025-07-17:14:28:40,703 INFO     [psi4.optking.stepAlgorithms:96] 	|target step| :    0.0061110803
2025-07-17:14:28:40,703 INFO     [psi4.optking.stepAlgorithms:97] 	gradient     :   -0.0024998967
2025-07-17:14:28:40,703 INFO     [psi4.optking.stepAlgorithms:98] 	hessian      :    0.4090607854
2025-07-17:14:28:40,703 INFO     [psi4.optking.stepAlgorithms:177] 	Norm of achieved step-size    0.0061110803
2025-07-17:14:28:40,703 INFO     [psi4.optking.stepAlgorithms:179] 	Norm of achieved step-size (cart):    0.0043211863
2025-07-17:14:28:40,704 INFO     [psi4.optking.opt_helper:151] Molsys:

	                            ===> Fragment 1 <== 

	 Z (Atomic Numbers)          Masses                          Geom                  
	       9.000000            18.998403          0.00000000  0.00000000  1.83066334   
	      14.000000            27.976927          0.00000000  0.00000000 -1.24413646   

	 - Coordinate -           - BOHR/RAD -       - ANG/DEG -
	 R(1,2)           =         3.074800           1.627114

2025-07-17:14:28:40,704 INFO     [psi4.optking.convcheck:71] Performing convergence check.
2025-07-17:14:28:40,704 INFO     [psi4.optking.convcheck:263] 
	                                 ==> Convergence Check <==                                  
    
	Measures of convergence in internal coordinates in au.
    
	Criteria marked as inactive (o), active & met (*), and active & unmet ( ).

	----------------------------------------------------------------------------------------------
	   Step    Total Energy     Delta E     Max Force     RMS Force      Max Disp      RMS Disp   
	----------------------------------------------------------------------------------------------
	  Convergence Criteria     1.00e-06 *    3.00e-04 *             o    1.20e-03 *             o
	----------------------------------------------------------------------------------------------
	     9    -388.87722344   -7.39e-05      2.50e-03      2.50e-03 o    6.11e-03      6.11e-03 o  ~
	----------------------------------------------------------------------------------------------


2025-07-17:14:28:40,704 INFO     [psi4.optking.stepAlgorithms:266] 	Convergence check returned False
2025-07-17:14:28:40,720 INFO     [psi4.driver.task_planner:285] PLANNING Atomic:  keywords={'DAMPING_PERCENTAGE': 1.0, 'GEOM_MAXITER': 500, 'SCF__GUESS': 'READ', 'GUESS': 'SAP', 'MAXITER': 500, 'REFERENCE': 'UKS', 'function_kwargs': {}}
2025-07-17:14:28:40,722 INFO     [psi4.driver.driver:636] Compute gradient(): method=b3lyp, basis=cc-pvdz, molecule=default, nre=40.97827758543124
2025-07-17:14:28:41,592 INFO     [psi4.driver.driver:639] Return gradient(): -388.8772321860905
2025-07-17:14:28:41,592 INFO     [psi4.driver.driver:640] [[-0.00000000  0.00000000 -0.00056837]
 [ 0.00000000 -0.00000000  0.00049101]]
2025-07-17:14:28:41,593 INFO     [psi4.optking.history:257] 	Performing BFGS update.
2025-07-17:14:28:41,593 INFO     [psi4.optking.history:268] 	Using 4 previous steps for update.
2025-07-17:14:28:41,593 INFO     [psi4.optking.history:302] 	Steps to be used in Hessian update:  9 8 7 6

2025-07-17:14:28:41,593 INFO     [psi4.optking.history:400] 	Updated Hessian (in au) 
 	   0.367108

2025-07-17:14:28:41,593 INFO     [psi4.optking.molsys:874] Projected (PHP) Hessian matrix
	   0.367108

2025-07-17:14:28:41,593 INFO     [psi4.optking.opt_helper:168] 
	         Geometry (au)                                       Gradient (au)
   0.0000000000   0.0000000000   1.8312473559		  -0.0000000000   0.0000000000  -0.0005683708
   0.0000000000   0.0000000000  -1.2435524508		   0.0000000000  -0.0000000000   0.0004910149

2025-07-17:14:28:41,594 INFO     [psi4.optking.stepAlgorithms:315] 	Current Step Report 
 
	Current energy:      -388.8772321861
	Energy change for the previous step:
		Actual       :        -0.0000087457
		Projected    :        -0.0000076385

2025-07-17:14:28:41,594 INFO     [psi4.optking.stepAlgorithms:318] 	Energy ratio =    1.14494
2025-07-17:14:28:41,594 INFO     [psi4.optking.stepAlgorithms:750] 	Using RFO solution 1.
2025-07-17:14:28:41,594 INFO     [psi4.optking.displace:73] 	Determining Cartesian step for fragment 1.
2025-07-17:14:28:41,594 INFO     [psi4.optking.displace:378] 	Successfully converged to displaced geometry.
2025-07-17:14:28:41,594 INFO     [psi4.optking.displace:379] 	RMS(dx):  1.282e-16 	Max(dx):  2.220e-16 	RMS(dq):  4.441e-16
2025-07-17:14:28:41,594 INFO     [psi4.optking.displace:132] 

	        --- Internal Coordinate Step in ANG or DEG, aJ/ANG or AJ/DEG ---
	-------------------------------------------------------------------------------
	           Coordinate      Previous         Force          Change          New 
	           ----------      --------        ------          ------        ------
	               R(1,2)       1.62711        0.00436        0.00076       1.62788
	-------------------------------------------------------------------------------

2025-07-17:14:28:41,594 INFO     [psi4.optking.stepAlgorithms:96] 	|target step| :    0.0014428765
2025-07-17:14:28:41,594 INFO     [psi4.optking.stepAlgorithms:97] 	gradient     :   -0.0005296929
2025-07-17:14:28:41,594 INFO     [psi4.optking.stepAlgorithms:98] 	hessian      :    0.3671081845
2025-07-17:14:28:41,594 INFO     [psi4.optking.stepAlgorithms:177] 	Norm of achieved step-size    0.0014428765
2025-07-17:14:28:41,594 INFO     [psi4.optking.stepAlgorithms:179] 	Norm of achieved step-size (cart):    0.0010202677
2025-07-17:14:28:41,594 INFO     [psi4.optking.opt_helper:151] Molsys:

	                            ===> Fragment 1 <== 

	 Z (Atomic Numbers)          Masses                          Geom                  
	       9.000000            18.998403          0.00000000  0.00000000  1.83196879   
	      14.000000            27.976927          0.00000000  0.00000000 -1.24427389   

	 - Coordinate -           - BOHR/RAD -       - ANG/DEG -
	 R(1,2)           =         3.076243           1.627878

2025-07-17:14:28:41,594 INFO     [psi4.optking.convcheck:71] Performing convergence check.
2025-07-17:14:28:41,594 INFO     [psi4.optking.convcheck:263] 
	                                 ==> Convergence Check <==                                  
    
	Measures of convergence in internal coordinates in au.
    
	Criteria marked as inactive (o), active & met (*), and active & unmet ( ).

	----------------------------------------------------------------------------------------------
	   Step    Total Energy     Delta E     Max Force     RMS Force      Max Disp      RMS Disp   
	----------------------------------------------------------------------------------------------
	  Convergence Criteria     1.00e-06 *    3.00e-04 *             o    1.20e-03 *             o
	----------------------------------------------------------------------------------------------
	    10    -388.87723219   -8.75e-06      5.30e-04      5.30e-04 o    1.44e-03      1.44e-03 o  ~
	----------------------------------------------------------------------------------------------


2025-07-17:14:28:41,594 INFO     [psi4.optking.stepAlgorithms:266] 	Convergence check returned False
2025-07-17:14:28:41,607 INFO     [psi4.driver.task_planner:285] PLANNING Atomic:  keywords={'DAMPING_PERCENTAGE': 1.0, 'GEOM_MAXITER': 500, 'SCF__GUESS': 'READ', 'GUESS': 'SAP', 'MAXITER': 500, 'REFERENCE': 'UKS', 'function_kwargs': {}}
2025-07-17:14:28:41,612 INFO     [psi4.driver.driver:636] Compute gradient(): method=b3lyp, basis=cc-pvdz, molecule=default, nre=40.95905719283397
2025-07-17:14:28:42,586 INFO     [psi4.driver.driver:639] Return gradient(): -388.8772325042787
2025-07-17:14:28:42,587 INFO     [psi4.driver.driver:640] [[ 0.00000000  0.00000000 -0.00010925]
 [-0.00000000 -0.00000000  0.00003184]]
2025-07-17:14:28:42,588 INFO     [psi4.optking.history:257] 	Performing BFGS update.
2025-07-17:14:28:42,588 INFO     [psi4.optking.history:268] 	Using 4 previous steps for update.
2025-07-17:14:28:42,588 INFO     [psi4.optking.history:302] 	Steps to be used in Hessian update:  10 9 8 7

2025-07-17:14:28:42,588 INFO     [psi4.optking.history:400] 	Updated Hessian (in au) 
 	   0.345982

2025-07-17:14:28:42,588 INFO     [psi4.optking.molsys:874] Projected (PHP) Hessian matrix
	   0.345982

2025-07-17:14:28:42,588 INFO     [psi4.optking.opt_helper:168] 
	         Geometry (au)                                       Gradient (au)
   0.0000000000   0.0000000000   1.8321066846		   0.0000000000   0.0000000000  -0.0001092521
   0.0000000000   0.0000000000  -1.2441359986		  -0.0000000000  -0.0000000000   0.0000318383

2025-07-17:14:28:42,588 INFO     [psi4.optking.stepAlgorithms:315] 	Current Step Report 
 
	Current energy:      -388.8772325043
	Energy change for the previous step:
		Actual       :        -0.0000003182
		Projected    :        -0.0000003821

2025-07-17:14:28:42,588 INFO     [psi4.optking.stepAlgorithms:318] 	Energy ratio =    0.83265
2025-07-17:14:28:42,589 INFO     [psi4.optking.stepAlgorithms:750] 	Using RFO solution 1.
2025-07-17:14:28:42,589 INFO     [psi4.optking.displace:73] 	Determining Cartesian step for fragment 1.
2025-07-17:14:28:42,589 INFO     [psi4.optking.displace:378] 	Successfully converged to displaced geometry.
2025-07-17:14:28:42,589 INFO     [psi4.optking.displace:379] 	RMS(dx):  1.282e-16 	Max(dx):  2.220e-16 	RMS(dq):  4.441e-16
2025-07-17:14:28:42,589 INFO     [psi4.optking.displace:132] 

	        --- Internal Coordinate Step in ANG or DEG, aJ/ANG or AJ/DEG ---
	-------------------------------------------------------------------------------
	           Coordinate      Previous         Force          Change          New 
	           ----------      --------        ------          ------        ------
	               R(1,2)       1.62788        0.00058        0.00011       1.62799
	-------------------------------------------------------------------------------

2025-07-17:14:28:42,589 INFO     [psi4.optking.stepAlgorithms:96] 	|target step| :    0.0002038987
2025-07-17:14:28:42,589 INFO     [psi4.optking.stepAlgorithms:97] 	gradient     :   -0.0000705452
2025-07-17:14:28:42,589 INFO     [psi4.optking.stepAlgorithms:98] 	hessian      :    0.3459817078
2025-07-17:14:28:42,589 INFO     [psi4.optking.stepAlgorithms:177] 	Norm of achieved step-size    0.0002038987
2025-07-17:14:28:42,589 INFO     [psi4.optking.stepAlgorithms:179] 	Norm of achieved step-size (cart):    0.0001441781
2025-07-17:14:28:42,589 INFO     [psi4.optking.opt_helper:151] Molsys:

	                            ===> Fragment 1 <== 

	 Z (Atomic Numbers)          Masses                          Geom                  
	       9.000000            18.998403          0.00000000  0.00000000  1.83220863   
	      14.000000            27.976927          0.00000000  0.00000000 -1.24423795   

	 - Coordinate -           - BOHR/RAD -       - ANG/DEG -
	 R(1,2)           =         3.076447           1.627985

2025-07-17:14:28:42,589 INFO     [psi4.optking.convcheck:71] Performing convergence check.
2025-07-17:14:28:42,589 INFO     [psi4.optking.convcheck:263] 
	                                 ==> Convergence Check <==                                  
    
	Measures of convergence in internal coordinates in au.
    
	Criteria marked as inactive (o), active & met (*), and active & unmet ( ).

	----------------------------------------------------------------------------------------------
	   Step    Total Energy     Delta E     Max Force     RMS Force      Max Disp      RMS Disp   
	----------------------------------------------------------------------------------------------
	  Convergence Criteria     1.00e-06 *    3.00e-04 *             o    1.20e-03 *             o
	----------------------------------------------------------------------------------------------
	    11    -388.87723250   -3.18e-07 *    7.05e-05 *    7.05e-05 o    2.04e-04 *    2.04e-04 o  ~
	----------------------------------------------------------------------------------------------


2025-07-17:14:28:42,589 INFO     [psi4.optking.convcheck:193] 
	                      ===> Final Convergence Report <===                     

	----------------------------------------------------------------------------
	|   Required Criteria    |  One or More Criteria  |   Alternate Criteria   |
	----------------------------------------------------------------------------
	| [x]     max_force      | [x]       max_DE       |                        |
	|                        | [x]      max_disp      |                        |
	----------------------------------------------------------------------------


2025-07-17:14:28:42,589 INFO     [psi4.optking.stepAlgorithms:266] 	Convergence check returned True
2025-07-17:14:28:42,590 INFO     [psi4.optking.optimize:286] 	Converged in 11 steps!
2025-07-17:14:28:42,590 INFO     [psi4.optking.optimize:287] 	Final energy is   -388.8772325042787
2025-07-17:14:28:42,590 INFO     [psi4.optking.optimize:288] 	Final structure (Angstroms): 
	Fragment 1 (Ang)

	    F   0.0000000000   0.0000000000   0.9695630543
	   Si   0.0000000000   0.0000000000  -0.6584223667


2025-07-17:14:28:42,595 INFO     [psi4.optking.optimize:432] 	Optimization Finished

	==> Optimization Summary <==

        
	Measures of convergence in internal coordinates in au. (Any backward steps not shown.)
        
	---------------------------------------------------------------------------------------------------------------  ~
        
	 Step         Total Energy             Delta E       MAX Force       RMS Force        MAX Disp        RMS Disp   ~
        
	---------------------------------------------------------------------------------------------------------------  ~
        
	     1    -388.610055830820   -388.610055830820      0.99567013      0.99567013      0.22592097      0.22592097  ~
	     2    -388.771799724960     -0.161743894139      0.48671879      0.48671879      0.20681130      0.20681130  ~
	     3    -388.842758365613     -0.070958640654      0.22320224      0.22320224      0.12314066      0.12314066  ~
	     4    -388.863700671232     -0.020942305618      0.12265862      0.12265862      0.10982606      0.10982606  ~
	     5    -388.873419255943     -0.009718584711      0.05785334      0.05785334      0.05911810      0.05911810  ~
	     6    -388.876008420923     -0.002589164980      0.03074687      0.03074687      0.03360333      0.03360333  ~
	     7    -388.876810407239     -0.000801986316      0.01742185      0.01742185      0.02755258      0.02755258  ~
	     8    -388.877149573837     -0.000339166598      0.00752909      0.00752909      0.01504438      0.01504438  ~
	     9    -388.877223440428     -0.000073866591      0.00249990      0.00249990      0.00611108      0.00611108  ~
	    10    -388.877232186091     -0.000008745663      0.00052969      0.00052969      0.00144288      0.00144288  ~
	    11    -388.877232504279     -0.000000318188      0.00007055      0.00007055      0.00020390      0.00020390  ~
	----------------------------------------------------------------------------------------------------------------


2025-07-17:14:28:42,595 INFO     [psi4.optking.optimize:640] Preparing OptimizationResult
