2025-07-16:19:31:14,508 INFO     [psi4.optking.optwrapper:214] Creating a UserComputer
2025-07-16:19:31:14,508 INFO     [psi4.optking.optwrapper:222] 
    			-----------------------------------------

    			 OPTKING 3.0: for geometry optimizations 

    			     By R.A. King, Bethel University     

    			        with contributions from          

    			    A.V. Copan, J. Cayton, A. Heide      

    			-----------------------------------------

    
2025-07-16:19:31:14,508 INFO     [psi4.optking.optwrapper:238] 
		 -- Optimization Parameters --
	accept_symmetry_breaking       =           False
	alg_geom_maxiter               =             500
	bt_dx_conv                     =           1e-07
	bt_dx_rms_change_conv          =           1e-12
	bt_max_iter                    =              25
	cart_hess_read                 =           False
	consecutive_backsteps_allowed  =               0
	conv_max_DE                    =           1e-06
	conv_max_disp                  =          0.0012
	conv_max_force                 =          0.0003
	conv_rms_disp                  =              -1
	conv_rms_force                 =              -1
	covalent_connect               =             1.3
	dynamic_level                  =               0
	dynamic_level_max              =               0
	ensure_bt_convergence          =           False
	ext_force_bend                 =              []
	ext_force_cartesian            =              []
	ext_force_dihedral             =              []
	ext_force_distance             =              []
	ext_force_oofp                 =              []
	fix_val_near_pi                =            1.57
	flexible_g_convergence         =           False
	frag_mode                      =          SINGLE
	frag_ref_atoms                 =            None
	freeze_intrafrag               =           False
	frozen_bend                    =              []
	frozen_cartesian               =              []
	frozen_dihedral                =              []
	frozen_distance                =              []
	frozen_oofp                    =              []
	full_hess_every                =              -1
	g_convergence                  =           QCHEM
	generate_intcos_exit           =           False
	geom_maxiter                   =             500
	h_bond_connect                 =             4.3
	hess_update                    =            BFGS
	hess_update_den_tol            =           1e-07
	hess_update_dq_tol             =             0.5
	hess_update_limit              =            True
	hess_update_limit_max          =             1.0
	hess_update_limit_scale        =             0.5
	hess_update_use_last           =               4
	hessian_file                   =            None
	i_max_DE                       =            True
	i_max_disp                     =            True
	i_max_force                    =            True
	i_rms_disp                     =           False
	i_rms_force                    =           False
	i_untampered                   =            True
	include_oofp                   =           False
	interfrag_collinear_tol        =            0.01
	interfrag_coords               =            None
	interfrag_dist_inv             =           False
	interfrag_mode                 =           FIXED
	interfrag_trust                =             0.5
	interfrag_trust_max            =             1.0
	interfrag_trust_min            =           0.001
	interfragment_connect          =             1.8
	intrafrag_hess                 =        SCHLEGEL
	intrafrag_trust                =             0.5
	intrafrag_trust_max            =             1.0
	intrafrag_trust_min            =           0.001
	irc_direction                  =         FORWARD
	irc_points                     =              20
	irc_step_size                  =             0.2
	keep_intcos                    =           False
	linear_bend_threshold          =            3.05
	linesearch                     =           False
	linesearch_step                =             0.1
	max_disp_g_convergence         =          0.0012
	max_energy_g_convergence       =           1e-06
	max_force_g_convergence        =          0.0003
	opt_coordinates                =       REDUNDANT
	opt_type                       =             MIN
	output_type                    =            FILE
	print_lvl                      =               1
	program                        =            psi4
	ranged_bend                    =              []
	ranged_cartesian               =              []
	ranged_dihedral                =              []
	ranged_distance                =              []
	ranged_oofp                    =              []
	redundant_eval_tol             =           1e-10
	rfo_follow_root                =           False
	rfo_normalization_max          =             100
	rfo_root                       =               0
	rms_disp_g_convergence         =          0.0012
	rms_force_g_convergence        =          0.0003
	rsrfo_alpha_max                =     100000000.0
	sd_hessian                     =             1.0
	simple_step_scaling            =           False
	small_bend_fix_threshold       =            0.35
	steepest_descent_type          =         OVERLAP
	step_type                      =             RFO
	test_B                         =           False
	test_derivative_B              =           False
	trajectory                     =           False
	v3d_tors_angle_lim             =           0.017
	v3d_tors_cos_tol               =           1e-10
	working_consecutive_backsteps  =               0
	working_steps_since_last_H     =               0


2025-07-16:19:31:14,995 INFO     [psi4.optking.opt_helper:151] Molsys:

	                            ===> Fragment 1 <== 

	 Z (Atomic Numbers)          Masses                          Geom                  
	       9.000000            18.998403          0.00000000  0.00000000  1.53698003   
	      18.000000            39.962383          0.00000000  0.00000000 -0.73069132   

	 - Coordinate -           - BOHR/RAD -       - ANG/DEG -
	 R(1,2)           =         2.267671           1.200000

2025-07-16:19:31:15,6 INFO     [psi4.driver.task_planner:285] PLANNING Atomic:  keywords={'DAMPING_PERCENTAGE': 1.0, 'GEOM_MAXITER': 500, 'GUESS': 'SAP', 'MAXITER': 500, 'REFERENCE': 'UKS', 'function_kwargs': {}}
2025-07-16:19:31:15,7 INFO     [psi4.driver.driver:636] Compute gradient(): method=b3lyp, basis=cc-pvdz, molecule=default, nre=71.43892344045001
2025-07-16:19:31:16,258 INFO     [psi4.driver.driver:639] Return gradient(): -626.6715021582559
2025-07-16:19:31:16,258 INFO     [psi4.driver.driver:640] [[ 0.00000000  0.00000000 -1.22483451]
 [ 0.00000000  0.00000000  1.22481176]]
2025-07-16:19:31:16,260 INFO     [psi4.optking.molsys:874] Projected (PHP) Hessian matrix
	   4.182219

2025-07-16:19:31:16,260 INFO     [psi4.optking.opt_helper:168] 
	         Geometry (au)                                       Gradient (au)
   0.0000000000   0.0000000000   1.5369800340		   0.0000000000   0.0000000000  -1.2248345057
   0.0000000000   0.0000000000  -0.7306913166		   0.0000000000   0.0000000000   1.2248117625

2025-07-16:19:31:16,260 INFO     [psi4.optking.stepAlgorithms:750] 	Using RFO solution 1.
2025-07-16:19:31:16,260 INFO     [psi4.optking.displace:73] 	Determining Cartesian step for fragment 1.
2025-07-16:19:31:16,260 INFO     [psi4.optking.displace:378] 	Successfully converged to displaced geometry.
2025-07-16:19:31:16,260 INFO     [psi4.optking.displace:379] 	RMS(dx):  0.000e+00 	Max(dx):  0.000e+00 	RMS(dq):  0.000e+00
2025-07-16:19:31:16,260 INFO     [psi4.optking.displace:132] 

	        --- Internal Coordinate Step in ANG or DEG, aJ/ANG or AJ/DEG ---
	-------------------------------------------------------------------------------
	           Coordinate      Previous         Force          Change          New 
	           ----------      --------        ------          ------        ------
	               R(1,2)       1.20000       10.09098        0.14357       1.34357
	-------------------------------------------------------------------------------

2025-07-16:19:31:16,260 INFO     [psi4.optking.stepAlgorithms:96] 	|target step| :    0.2713073754
2025-07-16:19:31:16,260 INFO     [psi4.optking.stepAlgorithms:97] 	gradient     :   -1.2248231341
2025-07-16:19:31:16,260 INFO     [psi4.optking.stepAlgorithms:98] 	hessian      :    4.1822185214
2025-07-16:19:31:16,260 INFO     [psi4.optking.stepAlgorithms:177] 	Norm of achieved step-size    0.2713073754
2025-07-16:19:31:16,260 INFO     [psi4.optking.stepAlgorithms:179] 	Norm of achieved step-size (cart):    0.1918432849
2025-07-16:19:31:16,261 INFO     [psi4.optking.opt_helper:151] Molsys:

	                            ===> Fragment 1 <== 

	 Z (Atomic Numbers)          Masses                          Geom                  
	       9.000000            18.998403          0.00000000  0.00000000  1.67263372   
	      18.000000            39.962383          0.00000000  0.00000000 -0.86634500   

	 - Coordinate -           - BOHR/RAD -       - ANG/DEG -
	 R(1,2)           =         2.538979           1.343570

2025-07-16:19:31:16,261 INFO     [psi4.optking.convcheck:71] Performing convergence check.
2025-07-16:19:31:16,261 INFO     [psi4.optking.convcheck:263] 
	                                 ==> Convergence Check <==                                  
    
	Measures of convergence in internal coordinates in au.
    
	Criteria marked as inactive (o), active & met (*), and active & unmet ( ).

	----------------------------------------------------------------------------------------------
	   Step    Total Energy     Delta E     Max Force     RMS Force      Max Disp      RMS Disp   
	----------------------------------------------------------------------------------------------
	  Convergence Criteria     1.00e-06 *    3.00e-04 *             o    1.20e-03 *             o
	----------------------------------------------------------------------------------------------
	     1    -626.67150216   -6.27e+02      1.22e+00      1.22e+00 o    2.71e-01      2.71e-01 o  ~
	----------------------------------------------------------------------------------------------


2025-07-16:19:31:16,261 INFO     [psi4.optking.stepAlgorithms:266] 	Convergence check returned False
2025-07-16:19:31:16,279 INFO     [psi4.driver.task_planner:285] PLANNING Atomic:  keywords={'DAMPING_PERCENTAGE': 1.0, 'GEOM_MAXITER': 500, 'SCF__GUESS': 'READ', 'GUESS': 'SAP', 'MAXITER': 500, 'REFERENCE': 'UKS', 'function_kwargs': {}}
2025-07-16:19:31:16,281 INFO     [psi4.driver.driver:636] Compute gradient(): method=b3lyp, basis=cc-pvdz, molecule=default, nre=63.80518211804735
2025-07-16:19:31:17,356 INFO     [psi4.driver.driver:639] Return gradient(): -626.925664185293
2025-07-16:19:31:17,357 INFO     [psi4.driver.driver:640] [[-0.00000000 -0.00000000 -0.70780424]
 [ 0.00000000 -0.00000000  0.70774990]]
2025-07-16:19:31:17,358 INFO     [psi4.optking.history:257] 	Performing BFGS update.
2025-07-16:19:31:17,358 INFO     [psi4.optking.history:268] 	Using 1 previous steps for update.
2025-07-16:19:31:17,358 INFO     [psi4.optking.history:302] 	Steps to be used in Hessian update:  1

2025-07-16:19:31:17,358 INFO     [psi4.optking.history:400] 	Updated Hessian (in au) 
 	   2.091109

2025-07-16:19:31:17,358 INFO     [psi4.optking.molsys:874] Projected (PHP) Hessian matrix
	   2.091109

2025-07-16:19:31:17,358 INFO     [psi4.optking.opt_helper:168] 
	         Geometry (au)                                       Gradient (au)
   0.0000000000   0.0000000000   1.7208664772		  -0.0000000000  -0.0000000000  -0.7078042413
   0.0000000000   0.0000000000  -0.8181122487		   0.0000000000  -0.0000000000   0.7077499005

2025-07-16:19:31:17,359 INFO     [psi4.optking.stepAlgorithms:315] 	Current Step Report 
 
	Current energy:      -626.9256641853
	Energy change for the previous step:
		Actual       :        -0.2541620270
		Projected    :        -0.1661517749

2025-07-16:19:31:17,359 INFO     [psi4.optking.stepAlgorithms:318] 	Energy ratio =    1.52970
2025-07-16:19:31:17,359 INFO     [psi4.optking.stepAlgorithms:346] 	Energy ratio indicates good step.
2025-07-16:19:31:17,359 INFO     [psi4.optking.stepAlgorithms:347] 	Intrafrag trust radius increased to 1.000e+00.
2025-07-16:19:31:17,359 INFO     [psi4.optking.stepAlgorithms:750] 	Using RFO solution 1.
2025-07-16:19:31:17,359 INFO     [psi4.optking.displace:73] 	Determining Cartesian step for fragment 1.
2025-07-16:19:31:17,359 INFO     [psi4.optking.displace:378] 	Successfully converged to displaced geometry.
2025-07-16:19:31:17,359 INFO     [psi4.optking.displace:379] 	RMS(dx):  0.000e+00 	Max(dx):  0.000e+00 	RMS(dq):  0.000e+00
2025-07-16:19:31:17,359 INFO     [psi4.optking.displace:132] 

	        --- Internal Coordinate Step in ANG or DEG, aJ/ANG or AJ/DEG ---
	-------------------------------------------------------------------------------
	           Coordinate      Previous         Force          Change          New 
	           ----------      --------        ------          ------        ------
	               R(1,2)       1.34357        5.83118        0.16227       1.50584
	-------------------------------------------------------------------------------

2025-07-16:19:31:17,359 INFO     [psi4.optking.stepAlgorithms:96] 	|target step| :    0.3066433270
2025-07-16:19:31:17,359 INFO     [psi4.optking.stepAlgorithms:97] 	gradient     :   -0.7077770709
2025-07-16:19:31:17,359 INFO     [psi4.optking.stepAlgorithms:98] 	hessian      :    2.0911092607
2025-07-16:19:31:17,359 INFO     [psi4.optking.stepAlgorithms:177] 	Norm of achieved step-size    0.3066433270
2025-07-16:19:31:17,359 INFO     [psi4.optking.stepAlgorithms:179] 	Norm of achieved step-size (cart):    0.2168295760
2025-07-16:19:31:17,359 INFO     [psi4.optking.opt_helper:151] Molsys:

	                            ===> Fragment 1 <== 

	 Z (Atomic Numbers)          Masses                          Geom                  
	       9.000000            18.998403          0.00000000  0.00000000  1.87418814   
	      18.000000            39.962383          0.00000000  0.00000000 -0.97143391   

	 - Coordinate -           - BOHR/RAD -       - ANG/DEG -
	 R(1,2)           =         2.845622           1.505838

2025-07-16:19:31:17,359 INFO     [psi4.optking.convcheck:71] Performing convergence check.
2025-07-16:19:31:17,360 INFO     [psi4.optking.convcheck:263] 
	                                 ==> Convergence Check <==                                  
    
	Measures of convergence in internal coordinates in au.
    
	Criteria marked as inactive (o), active & met (*), and active & unmet ( ).

	----------------------------------------------------------------------------------------------
	   Step    Total Energy     Delta E     Max Force     RMS Force      Max Disp      RMS Disp   
	----------------------------------------------------------------------------------------------
	  Convergence Criteria     1.00e-06 *    3.00e-04 *             o    1.20e-03 *             o
	----------------------------------------------------------------------------------------------
	     2    -626.92566419   -2.54e-01      7.08e-01      7.08e-01 o    3.07e-01      3.07e-01 o  ~
	----------------------------------------------------------------------------------------------


2025-07-16:19:31:17,360 INFO     [psi4.optking.stepAlgorithms:266] 	Convergence check returned False
2025-07-16:19:31:17,374 INFO     [psi4.driver.task_planner:285] PLANNING Atomic:  keywords={'DAMPING_PERCENTAGE': 1.0, 'GEOM_MAXITER': 500, 'SCF__GUESS': 'READ', 'GUESS': 'SAP', 'MAXITER': 500, 'REFERENCE': 'UKS', 'function_kwargs': {}}
2025-07-16:19:31:17,376 INFO     [psi4.driver.driver:636] Compute gradient(): method=b3lyp, basis=cc-pvdz, molecule=default, nre=56.92955599383051
2025-07-16:19:31:18,347 INFO     [psi4.driver.driver:639] Return gradient(): -627.0901240420877
2025-07-16:19:31:18,347 INFO     [psi4.driver.driver:640] [[ 0.00000000  0.00000000 -0.39447395]
 [ 0.00000000  0.00000000  0.39442970]]
2025-07-16:19:31:18,349 INFO     [psi4.optking.history:257] 	Performing BFGS update.
2025-07-16:19:31:18,349 INFO     [psi4.optking.history:268] 	Using 2 previous steps for update.
2025-07-16:19:31:18,349 WARNING  [psi4.optking.history:286] 	Change in internal coordinate of 5.78e-01 exceeds limit of 5.00e-01.
2025-07-16:19:31:18,349 WARNING  [psi4.optking.history:291] 	Skipping Hessian update for step 1.
2025-07-16:19:31:18,349 INFO     [psi4.optking.history:302] 	Steps to be used in Hessian update:  2

2025-07-16:19:31:18,349 INFO     [psi4.optking.history:400] 	Updated Hessian (in au) 
 	   1.045555

2025-07-16:19:31:18,349 INFO     [psi4.optking.molsys:874] Projected (PHP) Hessian matrix
	   1.045555

2025-07-16:19:31:18,350 INFO     [psi4.optking.opt_helper:168] 
	         Geometry (au)                                       Gradient (au)
   0.0000000000   0.0000000000   1.9287028866		   0.0000000000   0.0000000000  -0.3944739465
   0.0000000000   0.0000000000  -0.9169191664		   0.0000000000   0.0000000000   0.3944297036

2025-07-16:19:31:18,350 INFO     [psi4.optking.stepAlgorithms:315] 	Current Step Report 
 
	Current energy:      -627.0901240421
	Energy change for the previous step:
		Actual       :        -0.1644598568
		Projected    :        -0.1085175579

2025-07-16:19:31:18,350 INFO     [psi4.optking.stepAlgorithms:318] 	Energy ratio =    1.51551
2025-07-16:19:31:18,350 INFO     [psi4.optking.stepAlgorithms:750] 	Using RFO solution 1.
2025-07-16:19:31:18,350 INFO     [psi4.optking.displace:73] 	Determining Cartesian step for fragment 1.
2025-07-16:19:31:18,350 INFO     [psi4.optking.displace:378] 	Successfully converged to displaced geometry.
2025-07-16:19:31:18,350 INFO     [psi4.optking.displace:379] 	RMS(dx):  0.000e+00 	Max(dx):  0.000e+00 	RMS(dq):  0.000e+00
2025-07-16:19:31:18,350 INFO     [psi4.optking.displace:132] 

	        --- Internal Coordinate Step in ANG or DEG, aJ/ANG or AJ/DEG ---
	-------------------------------------------------------------------------------
	           Coordinate      Previous         Force          Change          New 
	           ----------      --------        ------          ------        ------
	               R(1,2)       1.50584        3.24978        0.17724       1.68308
	-------------------------------------------------------------------------------

2025-07-16:19:31:18,351 INFO     [psi4.optking.stepAlgorithms:96] 	|target step| :    0.3349417229
2025-07-16:19:31:18,351 INFO     [psi4.optking.stepAlgorithms:97] 	gradient     :   -0.3944518251
2025-07-16:19:31:18,351 INFO     [psi4.optking.stepAlgorithms:98] 	hessian      :    1.0455546304
2025-07-16:19:31:18,351 INFO     [psi4.optking.stepAlgorithms:177] 	Norm of achieved step-size    0.3349417229
2025-07-16:19:31:18,351 INFO     [psi4.optking.stepAlgorithms:179] 	Norm of achieved step-size (cart):    0.2368395636
2025-07-16:19:31:18,351 INFO     [psi4.optking.opt_helper:151] Molsys:

	                            ===> Fragment 1 <== 

	 Z (Atomic Numbers)          Masses                          Geom                  
	       9.000000            18.998403          0.00000000  0.00000000  2.09617375   
	      18.000000            39.962383          0.00000000  0.00000000 -1.08439003   

	 - Coordinate -           - BOHR/RAD -       - ANG/DEG -
	 R(1,2)           =         3.180564           1.683082

2025-07-16:19:31:18,351 INFO     [psi4.optking.convcheck:71] Performing convergence check.
2025-07-16:19:31:18,351 INFO     [psi4.optking.convcheck:263] 
	                                 ==> Convergence Check <==                                  
    
	Measures of convergence in internal coordinates in au.
    
	Criteria marked as inactive (o), active & met (*), and active & unmet ( ).

	----------------------------------------------------------------------------------------------
	   Step    Total Energy     Delta E     Max Force     RMS Force      Max Disp      RMS Disp   
	----------------------------------------------------------------------------------------------
	  Convergence Criteria     1.00e-06 *    3.00e-04 *             o    1.20e-03 *             o
	----------------------------------------------------------------------------------------------
	     3    -627.09012404   -1.64e-01      3.94e-01      3.94e-01 o    3.35e-01      3.35e-01 o  ~
	----------------------------------------------------------------------------------------------


2025-07-16:19:31:18,351 INFO     [psi4.optking.stepAlgorithms:266] 	Convergence check returned False
2025-07-16:19:31:18,366 INFO     [psi4.driver.task_planner:285] PLANNING Atomic:  keywords={'DAMPING_PERCENTAGE': 1.0, 'GEOM_MAXITER': 500, 'SCF__GUESS': 'READ', 'GUESS': 'SAP', 'MAXITER': 500, 'REFERENCE': 'UKS', 'function_kwargs': {}}
2025-07-16:19:31:18,367 INFO     [psi4.driver.driver:636] Compute gradient(): method=b3lyp, basis=cc-pvdz, molecule=default, nre=50.934366174296095
2025-07-16:19:31:19,351 INFO     [psi4.driver.driver:639] Return gradient(): -627.1866335428354
2025-07-16:19:31:19,351 INFO     [psi4.driver.driver:640] [[-0.00000000  0.00000000 -0.20108470]
 [ 0.00000000  0.00000000  0.20100916]]
2025-07-16:19:31:19,352 INFO     [psi4.optking.history:257] 	Performing BFGS update.
2025-07-16:19:31:19,352 INFO     [psi4.optking.history:268] 	Using 3 previous steps for update.
2025-07-16:19:31:19,352 WARNING  [psi4.optking.history:286] 	Change in internal coordinate of 6.42e-01 exceeds limit of 5.00e-01.
2025-07-16:19:31:19,353 WARNING  [psi4.optking.history:291] 	Skipping Hessian update for step 2.
2025-07-16:19:31:19,353 WARNING  [psi4.optking.history:286] 	Change in internal coordinate of 9.13e-01 exceeds limit of 5.00e-01.
2025-07-16:19:31:19,353 WARNING  [psi4.optking.history:291] 	Skipping Hessian update for step 1.
2025-07-16:19:31:19,353 INFO     [psi4.optking.history:302] 	Steps to be used in Hessian update:  3

2025-07-16:19:31:19,353 INFO     [psi4.optking.history:400] 	Updated Hessian (in au) 
 	   0.577428

2025-07-16:19:31:19,353 INFO     [psi4.optking.molsys:874] Projected (PHP) Hessian matrix
	   0.577428

2025-07-16:19:31:19,353 INFO     [psi4.optking.opt_helper:168] 
	         Geometry (au)                                       Gradient (au)
   0.0000000000   0.0000000000   2.1557193546		  -0.0000000000   0.0000000000  -0.2010847004
   0.0000000000   0.0000000000  -1.0248444213		   0.0000000000   0.0000000000   0.2010091585

2025-07-16:19:31:19,353 INFO     [psi4.optking.stepAlgorithms:315] 	Current Step Report 
 
	Current energy:      -627.1866335428
	Energy change for the previous step:
		Actual       :        -0.0965095007
		Projected    :        -0.0660591869

2025-07-16:19:31:19,353 INFO     [psi4.optking.stepAlgorithms:318] 	Energy ratio =    1.46096
2025-07-16:19:31:19,353 INFO     [psi4.optking.stepAlgorithms:750] 	Using RFO solution 1.
2025-07-16:19:31:19,353 INFO     [psi4.optking.displace:73] 	Determining Cartesian step for fragment 1.
2025-07-16:19:31:19,353 INFO     [psi4.optking.displace:378] 	Successfully converged to displaced geometry.
2025-07-16:19:31:19,353 INFO     [psi4.optking.displace:379] 	RMS(dx):  0.000e+00 	Max(dx):  0.000e+00 	RMS(dq):  0.000e+00
2025-07-16:19:31:19,353 INFO     [psi4.optking.displace:132] 

	        --- Internal Coordinate Step in ANG or DEG, aJ/ANG or AJ/DEG ---
	-------------------------------------------------------------------------------
	           Coordinate      Previous         Force          Change          New 
	           ----------      --------        ------          ------        ------
	               R(1,2)       1.68308        1.65637        0.16610       1.84918
	-------------------------------------------------------------------------------

2025-07-16:19:31:19,353 INFO     [psi4.optking.stepAlgorithms:96] 	|target step| :    0.3138748805
2025-07-16:19:31:19,353 INFO     [psi4.optking.stepAlgorithms:97] 	gradient     :   -0.2010469294
2025-07-16:19:31:19,353 INFO     [psi4.optking.stepAlgorithms:98] 	hessian      :    0.5774284970
2025-07-16:19:31:19,353 INFO     [psi4.optking.stepAlgorithms:177] 	Norm of achieved step-size    0.3138748805
2025-07-16:19:31:19,353 INFO     [psi4.optking.stepAlgorithms:179] 	Norm of achieved step-size (cart):    0.2219430565
2025-07-16:19:31:19,354 INFO     [psi4.optking.opt_helper:151] Molsys:

	                            ===> Fragment 1 <== 

	 Z (Atomic Numbers)          Masses                          Geom                  
	       9.000000            18.998403          0.00000000  0.00000000  2.31265679   
	      18.000000            39.962383          0.00000000  0.00000000 -1.18178186   

	 - Coordinate -           - BOHR/RAD -       - ANG/DEG -
	 R(1,2)           =         3.494439           1.849177

2025-07-16:19:31:19,354 INFO     [psi4.optking.convcheck:71] Performing convergence check.
2025-07-16:19:31:19,354 INFO     [psi4.optking.convcheck:263] 
	                                 ==> Convergence Check <==                                  
    
	Measures of convergence in internal coordinates in au.
    
	Criteria marked as inactive (o), active & met (*), and active & unmet ( ).

	----------------------------------------------------------------------------------------------
	   Step    Total Energy     Delta E     Max Force     RMS Force      Max Disp      RMS Disp   
	----------------------------------------------------------------------------------------------
	  Convergence Criteria     1.00e-06 *    3.00e-04 *             o    1.20e-03 *             o
	----------------------------------------------------------------------------------------------
	     4    -627.18663354   -9.65e-02      2.01e-01      2.01e-01 o    3.14e-01      3.14e-01 o  ~
	----------------------------------------------------------------------------------------------


2025-07-16:19:31:19,354 INFO     [psi4.optking.stepAlgorithms:266] 	Convergence check returned False
2025-07-16:19:31:19,370 INFO     [psi4.driver.task_planner:285] PLANNING Atomic:  keywords={'DAMPING_PERCENTAGE': 1.0, 'GEOM_MAXITER': 500, 'SCF__GUESS': 'READ', 'GUESS': 'SAP', 'MAXITER': 500, 'REFERENCE': 'UKS', 'function_kwargs': {}}
2025-07-16:19:31:19,370 INFO     [psi4.driver.driver:636] Compute gradient(): method=b3lyp, basis=cc-pvdz, molecule=default, nre=46.35937726509509
2025-07-16:19:31:20,273 INFO     [psi4.driver.driver:639] Return gradient(): -627.2325103432221
2025-07-16:19:31:20,273 INFO     [psi4.driver.driver:640] [[ 0.00000000  0.00000000 -0.10125938]
 [ 0.00000000 -0.00000000  0.10119699]]
2025-07-16:19:31:20,275 INFO     [psi4.optking.history:257] 	Performing BFGS update.
2025-07-16:19:31:20,275 INFO     [psi4.optking.history:268] 	Using 4 previous steps for update.
2025-07-16:19:31:20,275 WARNING  [psi4.optking.history:286] 	Change in internal coordinate of 6.49e-01 exceeds limit of 5.00e-01.
2025-07-16:19:31:20,275 WARNING  [psi4.optking.history:291] 	Skipping Hessian update for step 3.
2025-07-16:19:31:20,275 WARNING  [psi4.optking.history:286] 	Change in internal coordinate of 9.55e-01 exceeds limit of 5.00e-01.
2025-07-16:19:31:20,275 WARNING  [psi4.optking.history:291] 	Skipping Hessian update for step 2.
2025-07-16:19:31:20,275 WARNING  [psi4.optking.history:286] 	Change in internal coordinate of 1.23e+00 exceeds limit of 5.00e-01.
2025-07-16:19:31:20,275 WARNING  [psi4.optking.history:291] 	Skipping Hessian update for step 1.
2025-07-16:19:31:20,275 INFO     [psi4.optking.history:302] 	Steps to be used in Hessian update:  4

2025-07-16:19:31:20,276 INFO     [psi4.optking.history:400] 	Updated Hessian (in au) 
 	   0.318021

2025-07-16:19:31:20,276 INFO     [psi4.optking.molsys:874] Projected (PHP) Hessian matrix
	   0.318021

2025-07-16:19:31:20,276 INFO     [psi4.optking.opt_helper:168] 
	         Geometry (au)                                       Gradient (au)
   0.0000000000   0.0000000000   2.3684571591		   0.0000000000   0.0000000000  -0.1012593796
   0.0000000000   0.0000000000  -1.1259814972		   0.0000000000  -0.0000000000   0.1011969872

2025-07-16:19:31:20,276 INFO     [psi4.optking.stepAlgorithms:315] 	Current Step Report 
 
	Current energy:      -627.2325103432
	Energy change for the previous step:
		Actual       :        -0.0458768004
		Projected    :        -0.0315517905

2025-07-16:19:31:20,276 INFO     [psi4.optking.stepAlgorithms:318] 	Energy ratio =    1.45402
2025-07-16:19:31:20,276 INFO     [psi4.optking.stepAlgorithms:750] 	Using RFO solution 1.
2025-07-16:19:31:20,276 INFO     [psi4.optking.displace:73] 	Determining Cartesian step for fragment 1.
2025-07-16:19:31:20,277 INFO     [psi4.optking.displace:378] 	Successfully converged to displaced geometry.
2025-07-16:19:31:20,277 INFO     [psi4.optking.displace:379] 	RMS(dx):  1.282e-16 	Max(dx):  2.220e-16 	RMS(dq):  4.441e-16
2025-07-16:19:31:20,277 INFO     [psi4.optking.displace:132] 

	        --- Internal Coordinate Step in ANG or DEG, aJ/ANG or AJ/DEG ---
	-------------------------------------------------------------------------------
	           Coordinate      Previous         Force          Change          New 
	           ----------      --------        ------          ------        ------
	               R(1,2)       1.84918        0.83399        0.15415       2.00333
	-------------------------------------------------------------------------------

2025-07-16:19:31:20,277 INFO     [psi4.optking.stepAlgorithms:96] 	|target step| :    0.2912971668
2025-07-16:19:31:20,277 INFO     [psi4.optking.stepAlgorithms:97] 	gradient     :   -0.1012281834
2025-07-16:19:31:20,277 INFO     [psi4.optking.stepAlgorithms:98] 	hessian      :    0.3180208174
2025-07-16:19:31:20,277 INFO     [psi4.optking.stepAlgorithms:177] 	Norm of achieved step-size    0.2912971668
2025-07-16:19:31:20,277 INFO     [psi4.optking.stepAlgorithms:179] 	Norm of achieved step-size (cart):    0.2059782020
2025-07-16:19:31:20,277 INFO     [psi4.optking.opt_helper:151] Molsys:

	                            ===> Fragment 1 <== 

	 Z (Atomic Numbers)          Masses                          Geom                  
	       9.000000            18.998403          0.00000000  0.00000000  2.51410574   
	      18.000000            39.962383          0.00000000  0.00000000 -1.27163008   

	 - Coordinate -           - BOHR/RAD -       - ANG/DEG -
	 R(1,2)           =         3.785736           2.003325

2025-07-16:19:31:20,278 INFO     [psi4.optking.convcheck:71] Performing convergence check.
2025-07-16:19:31:20,278 INFO     [psi4.optking.convcheck:263] 
	                                 ==> Convergence Check <==                                  
    
	Measures of convergence in internal coordinates in au.
    
	Criteria marked as inactive (o), active & met (*), and active & unmet ( ).

	----------------------------------------------------------------------------------------------
	   Step    Total Energy     Delta E     Max Force     RMS Force      Max Disp      RMS Disp   
	----------------------------------------------------------------------------------------------
	  Convergence Criteria     1.00e-06 *    3.00e-04 *             o    1.20e-03 *             o
	----------------------------------------------------------------------------------------------
	     5    -627.23251034   -4.59e-02      1.01e-01      1.01e-01 o    2.91e-01      2.91e-01 o  ~
	----------------------------------------------------------------------------------------------


2025-07-16:19:31:20,278 INFO     [psi4.optking.stepAlgorithms:266] 	Convergence check returned False
2025-07-16:19:31:20,292 INFO     [psi4.driver.task_planner:285] PLANNING Atomic:  keywords={'DAMPING_PERCENTAGE': 1.0, 'GEOM_MAXITER': 500, 'SCF__GUESS': 'READ', 'GUESS': 'SAP', 'MAXITER': 500, 'REFERENCE': 'UKS', 'function_kwargs': {}}
2025-07-16:19:31:20,293 INFO     [psi4.driver.driver:636] Compute gradient(): method=b3lyp, basis=cc-pvdz, molecule=default, nre=42.792209379421905
2025-07-16:19:31:21,286 INFO     [psi4.driver.driver:639] Return gradient(): -627.253850531673
2025-07-16:19:31:21,287 INFO     [psi4.driver.driver:640] [[-0.00000000  0.00000000 -0.05030992]
 [ 0.00000000 -0.00000000  0.05029718]]
2025-07-16:19:31:21,289 INFO     [psi4.optking.history:257] 	Performing BFGS update.
2025-07-16:19:31:21,289 INFO     [psi4.optking.history:268] 	Using 4 previous steps for update.
2025-07-16:19:31:21,289 WARNING  [psi4.optking.history:286] 	Change in internal coordinate of 6.05e-01 exceeds limit of 5.00e-01.
2025-07-16:19:31:21,289 WARNING  [psi4.optking.history:291] 	Skipping Hessian update for step 4.
2025-07-16:19:31:21,290 WARNING  [psi4.optking.history:286] 	Change in internal coordinate of 9.40e-01 exceeds limit of 5.00e-01.
2025-07-16:19:31:21,290 WARNING  [psi4.optking.history:291] 	Skipping Hessian update for step 3.
2025-07-16:19:31:21,290 WARNING  [psi4.optking.history:286] 	Change in internal coordinate of 1.25e+00 exceeds limit of 5.00e-01.
2025-07-16:19:31:21,290 WARNING  [psi4.optking.history:291] 	Skipping Hessian update for step 2.
2025-07-16:19:31:21,290 WARNING  [psi4.optking.history:286] 	Change in internal coordinate of 1.52e+00 exceeds limit of 5.00e-01.
2025-07-16:19:31:21,290 WARNING  [psi4.optking.history:291] 	Skipping Hessian update for step 1.
2025-07-16:19:31:21,290 INFO     [psi4.optking.history:302] 	Steps to be used in Hessian update:  5

2025-07-16:19:31:21,290 INFO     [psi4.optking.history:400] 	Updated Hessian (in au) 
 	   0.174820

2025-07-16:19:31:21,290 INFO     [psi4.optking.molsys:874] Projected (PHP) Hessian matrix
	   0.174820

2025-07-16:19:31:21,290 INFO     [psi4.optking.opt_helper:168] 
	         Geometry (au)                                       Gradient (au)
   0.0000000000   0.0000000000   2.5658922633		  -0.0000000000   0.0000000000  -0.0503099156
   0.0000000000   0.0000000000  -1.2198435599		   0.0000000000  -0.0000000000   0.0502971787

2025-07-16:19:31:21,290 INFO     [psi4.optking.stepAlgorithms:315] 	Current Step Report 
 
	Current energy:      -627.2538505317
	Energy change for the previous step:
		Actual       :        -0.0213401885
		Projected    :        -0.0147437415

2025-07-16:19:31:21,290 INFO     [psi4.optking.stepAlgorithms:318] 	Energy ratio =    1.44741
2025-07-16:19:31:21,290 INFO     [psi4.optking.stepAlgorithms:750] 	Using RFO solution 1.
2025-07-16:19:31:21,290 INFO     [psi4.optking.displace:73] 	Determining Cartesian step for fragment 1.
2025-07-16:19:31:21,290 INFO     [psi4.optking.displace:378] 	Successfully converged to displaced geometry.
2025-07-16:19:31:21,290 INFO     [psi4.optking.displace:379] 	RMS(dx):  0.000e+00 	Max(dx):  0.000e+00 	RMS(dq):  0.000e+00
2025-07-16:19:31:21,290 INFO     [psi4.optking.displace:132] 

	        --- Internal Coordinate Step in ANG or DEG, aJ/ANG or AJ/DEG ---
	-------------------------------------------------------------------------------
	           Coordinate      Previous         Force          Change          New 
	           ----------      --------        ------          ------        ------
	               R(1,2)       2.00333        0.41444        0.14140       2.14472
	-------------------------------------------------------------------------------

2025-07-16:19:31:21,290 INFO     [psi4.optking.stepAlgorithms:96] 	|target step| :    0.2672005900
2025-07-16:19:31:21,290 INFO     [psi4.optking.stepAlgorithms:97] 	gradient     :   -0.0503035471
2025-07-16:19:31:21,290 INFO     [psi4.optking.stepAlgorithms:98] 	hessian      :    0.1748202250
2025-07-16:19:31:21,290 INFO     [psi4.optking.stepAlgorithms:177] 	Norm of achieved step-size    0.2672005900
2025-07-16:19:31:21,290 INFO     [psi4.optking.stepAlgorithms:179] 	Norm of achieved step-size (cart):    0.1889393491
2025-07-16:19:31:21,291 INFO     [psi4.optking.opt_helper:151] Molsys:

	                            ===> Fragment 1 <== 

	 Z (Atomic Numbers)          Masses                          Geom                  
	       9.000000            18.998403          0.00000000  0.00000000  2.69949256   
	      18.000000            39.962383          0.00000000  0.00000000 -1.35344385   

	 - Coordinate -           - BOHR/RAD -       - ANG/DEG -
	 R(1,2)           =         4.052936           2.144722

2025-07-16:19:31:21,291 INFO     [psi4.optking.convcheck:71] Performing convergence check.
2025-07-16:19:31:21,291 INFO     [psi4.optking.convcheck:263] 
	                                 ==> Convergence Check <==                                  
    
	Measures of convergence in internal coordinates in au.
    
	Criteria marked as inactive (o), active & met (*), and active & unmet ( ).

	----------------------------------------------------------------------------------------------
	   Step    Total Energy     Delta E     Max Force     RMS Force      Max Disp      RMS Disp   
	----------------------------------------------------------------------------------------------
	  Convergence Criteria     1.00e-06 *    3.00e-04 *             o    1.20e-03 *             o
	----------------------------------------------------------------------------------------------
	     6    -627.25385053   -2.13e-02      5.03e-02      5.03e-02 o    2.67e-01      2.67e-01 o  ~
	----------------------------------------------------------------------------------------------


2025-07-16:19:31:21,291 INFO     [psi4.optking.stepAlgorithms:266] 	Convergence check returned False
2025-07-16:19:31:21,302 INFO     [psi4.driver.task_planner:285] PLANNING Atomic:  keywords={'DAMPING_PERCENTAGE': 1.0, 'GEOM_MAXITER': 500, 'SCF__GUESS': 'READ', 'GUESS': 'SAP', 'MAXITER': 500, 'REFERENCE': 'UKS', 'function_kwargs': {}}
2025-07-16:19:31:21,303 INFO     [psi4.driver.driver:636] Compute gradient(): method=b3lyp, basis=cc-pvdz, molecule=default, nre=39.971019400687155
2025-07-16:19:31:22,232 INFO     [psi4.driver.driver:639] Return gradient(): -627.2635317045762
2025-07-16:19:31:22,232 INFO     [psi4.driver.driver:640] [[ 0.00000000  0.00000000 -0.02459200]
 [ 0.00000000  0.00000000  0.02463422]]
2025-07-16:19:31:22,234 INFO     [psi4.optking.history:257] 	Performing BFGS update.
2025-07-16:19:31:22,234 INFO     [psi4.optking.history:268] 	Using 4 previous steps for update.
2025-07-16:19:31:22,234 WARNING  [psi4.optking.history:286] 	Change in internal coordinate of 5.58e-01 exceeds limit of 5.00e-01.
2025-07-16:19:31:22,234 WARNING  [psi4.optking.history:291] 	Skipping Hessian update for step 5.
2025-07-16:19:31:22,234 WARNING  [psi4.optking.history:286] 	Change in internal coordinate of 8.72e-01 exceeds limit of 5.00e-01.
2025-07-16:19:31:22,234 WARNING  [psi4.optking.history:291] 	Skipping Hessian update for step 4.
2025-07-16:19:31:22,234 WARNING  [psi4.optking.history:286] 	Change in internal coordinate of 1.21e+00 exceeds limit of 5.00e-01.
2025-07-16:19:31:22,234 WARNING  [psi4.optking.history:291] 	Skipping Hessian update for step 3.
2025-07-16:19:31:22,234 WARNING  [psi4.optking.history:286] 	Change in internal coordinate of 1.51e+00 exceeds limit of 5.00e-01.
2025-07-16:19:31:22,234 WARNING  [psi4.optking.history:291] 	Skipping Hessian update for step 2.
2025-07-16:19:31:22,234 WARNING  [psi4.optking.history:286] 	Change in internal coordinate of 1.79e+00 exceeds limit of 5.00e-01.
2025-07-16:19:31:22,234 WARNING  [psi4.optking.history:291] 	Skipping Hessian update for step 1.
2025-07-16:19:31:22,234 INFO     [psi4.optking.history:302] 	Steps to be used in Hessian update:  6

2025-07-16:19:31:22,234 INFO     [psi4.optking.history:400] 	Updated Hessian (in au) 
 	   0.096147

2025-07-16:19:31:22,234 INFO     [psi4.optking.molsys:874] Projected (PHP) Hessian matrix
	   0.096147

2025-07-16:19:31:22,234 INFO     [psi4.optking.opt_helper:168] 
	         Geometry (au)                                       Gradient (au)
   0.0000000000   0.0000000000   2.7469952136		   0.0000000000   0.0000000000  -0.0245920043
   0.0000000000   0.0000000000  -1.3059411996		   0.0000000000   0.0000000000   0.0246342192

2025-07-16:19:31:22,234 INFO     [psi4.optking.stepAlgorithms:315] 	Current Step Report 
 
	Current energy:      -627.2635317046
	Energy change for the previous step:
		Actual       :        -0.0096811729
		Projected    :        -0.0067205687

2025-07-16:19:31:22,234 INFO     [psi4.optking.stepAlgorithms:318] 	Energy ratio =    1.44053
2025-07-16:19:31:22,235 INFO     [psi4.optking.stepAlgorithms:750] 	Using RFO solution 1.
2025-07-16:19:31:22,235 INFO     [psi4.optking.displace:73] 	Determining Cartesian step for fragment 1.
2025-07-16:19:31:22,235 INFO     [psi4.optking.displace:378] 	Successfully converged to displaced geometry.
2025-07-16:19:31:22,235 INFO     [psi4.optking.displace:379] 	RMS(dx):  0.000e+00 	Max(dx):  0.000e+00 	RMS(dq):  0.000e+00
2025-07-16:19:31:22,235 INFO     [psi4.optking.displace:132] 

	        --- Internal Coordinate Step in ANG or DEG, aJ/ANG or AJ/DEG ---
	-------------------------------------------------------------------------------
	           Coordinate      Previous         Force          Change          New 
	           ----------      --------        ------          ------        ------
	               R(1,2)       2.14472        0.20278        0.12759       2.27231
	-------------------------------------------------------------------------------

2025-07-16:19:31:22,235 INFO     [psi4.optking.stepAlgorithms:96] 	|target step| :    0.2411131397
2025-07-16:19:31:22,235 INFO     [psi4.optking.stepAlgorithms:97] 	gradient     :   -0.0246131117
2025-07-16:19:31:22,235 INFO     [psi4.optking.stepAlgorithms:98] 	hessian      :    0.0961466267
2025-07-16:19:31:22,235 INFO     [psi4.optking.stepAlgorithms:177] 	Norm of achieved step-size    0.2411131397
2025-07-16:19:31:22,235 INFO     [psi4.optking.stepAlgorithms:179] 	Norm of achieved step-size (cart):    0.1704927361
2025-07-16:19:31:22,235 INFO     [psi4.optking.opt_helper:151] Molsys:

	                            ===> Fragment 1 <== 

	 Z (Atomic Numbers)          Masses                          Geom                  
	       9.000000            18.998403          0.00000000  0.00000000  2.86755178   
	      18.000000            39.962383          0.00000000  0.00000000 -1.42649777   

	 - Coordinate -           - BOHR/RAD -       - ANG/DEG -
	 R(1,2)           =         4.294050           2.272313

2025-07-16:19:31:22,235 INFO     [psi4.optking.convcheck:71] Performing convergence check.
2025-07-16:19:31:22,235 INFO     [psi4.optking.convcheck:263] 
	                                 ==> Convergence Check <==                                  
    
	Measures of convergence in internal coordinates in au.
    
	Criteria marked as inactive (o), active & met (*), and active & unmet ( ).

	----------------------------------------------------------------------------------------------
	   Step    Total Energy     Delta E     Max Force     RMS Force      Max Disp      RMS Disp   
	----------------------------------------------------------------------------------------------
	  Convergence Criteria     1.00e-06 *    3.00e-04 *             o    1.20e-03 *             o
	----------------------------------------------------------------------------------------------
	     7    -627.26353170   -9.68e-03      2.46e-02      2.46e-02 o    2.41e-01      2.41e-01 o  ~
	----------------------------------------------------------------------------------------------


2025-07-16:19:31:22,235 INFO     [psi4.optking.stepAlgorithms:266] 	Convergence check returned False
2025-07-16:19:31:22,248 INFO     [psi4.driver.task_planner:285] PLANNING Atomic:  keywords={'DAMPING_PERCENTAGE': 1.0, 'GEOM_MAXITER': 500, 'SCF__GUESS': 'READ', 'GUESS': 'SAP', 'MAXITER': 500, 'REFERENCE': 'UKS', 'function_kwargs': {}}
2025-07-16:19:31:22,250 INFO     [psi4.driver.driver:636] Compute gradient(): method=b3lyp, basis=cc-pvdz, molecule=default, nre=37.726625648882845
2025-07-16:19:31:23,185 INFO     [psi4.driver.driver:639] Return gradient(): -627.267778739698
2025-07-16:19:31:23,185 INFO     [psi4.driver.driver:640] [[ 0.00000000  0.00000000 -0.01174402]
 [-0.00000000  0.00000000  0.01181511]]
2025-07-16:19:31:23,187 INFO     [psi4.optking.history:257] 	Performing BFGS update.
2025-07-16:19:31:23,187 INFO     [psi4.optking.history:268] 	Using 4 previous steps for update.
2025-07-16:19:31:23,187 WARNING  [psi4.optking.history:286] 	Change in internal coordinate of 5.08e-01 exceeds limit of 5.00e-01.
2025-07-16:19:31:23,187 WARNING  [psi4.optking.history:291] 	Skipping Hessian update for step 6.
2025-07-16:19:31:23,187 WARNING  [psi4.optking.history:286] 	Change in internal coordinate of 8.00e-01 exceeds limit of 5.00e-01.
2025-07-16:19:31:23,187 WARNING  [psi4.optking.history:291] 	Skipping Hessian update for step 5.
2025-07-16:19:31:23,187 WARNING  [psi4.optking.history:286] 	Change in internal coordinate of 1.11e+00 exceeds limit of 5.00e-01.
2025-07-16:19:31:23,187 WARNING  [psi4.optking.history:291] 	Skipping Hessian update for step 4.
2025-07-16:19:31:23,187 WARNING  [psi4.optking.history:286] 	Change in internal coordinate of 1.45e+00 exceeds limit of 5.00e-01.
2025-07-16:19:31:23,187 WARNING  [psi4.optking.history:291] 	Skipping Hessian update for step 3.
2025-07-16:19:31:23,187 WARNING  [psi4.optking.history:286] 	Change in internal coordinate of 1.76e+00 exceeds limit of 5.00e-01.
2025-07-16:19:31:23,187 WARNING  [psi4.optking.history:291] 	Skipping Hessian update for step 2.
2025-07-16:19:31:23,187 WARNING  [psi4.optking.history:286] 	Change in internal coordinate of 2.03e+00 exceeds limit of 5.00e-01.
2025-07-16:19:31:23,187 WARNING  [psi4.optking.history:291] 	Skipping Hessian update for step 1.
2025-07-16:19:31:23,187 INFO     [psi4.optking.history:302] 	Steps to be used in Hessian update:  7

2025-07-16:19:31:23,187 INFO     [psi4.optking.history:400] 	Updated Hessian (in au) 
 	   0.053226

2025-07-16:19:31:23,187 INFO     [psi4.optking.molsys:874] Projected (PHP) Hessian matrix
	   0.053226

2025-07-16:19:31:23,187 INFO     [psi4.optking.opt_helper:168] 
	         Geometry (au)                                       Gradient (au)
   0.0000000000   0.0000000000   2.9104166378		   0.0000000000   0.0000000000  -0.0117440239
   0.0000000000   0.0000000000  -1.3836329151		  -0.0000000000   0.0000000000   0.0118151094

2025-07-16:19:31:23,187 INFO     [psi4.optking.stepAlgorithms:315] 	Current Step Report 
 
	Current energy:      -627.2677787397
	Energy change for the previous step:
		Actual       :        -0.0042470351
		Projected    :        -0.0029672723

2025-07-16:19:31:23,187 INFO     [psi4.optking.stepAlgorithms:318] 	Energy ratio =    1.43129
2025-07-16:19:31:23,188 INFO     [psi4.optking.stepAlgorithms:750] 	Using RFO solution 1.
2025-07-16:19:31:23,188 INFO     [psi4.optking.displace:73] 	Determining Cartesian step for fragment 1.
2025-07-16:19:31:23,188 INFO     [psi4.optking.displace:378] 	Successfully converged to displaced geometry.
2025-07-16:19:31:23,188 INFO     [psi4.optking.displace:379] 	RMS(dx):  2.564e-16 	Max(dx):  4.441e-16 	RMS(dq):  0.000e+00
2025-07-16:19:31:23,188 INFO     [psi4.optking.displace:132] 

	        --- Internal Coordinate Step in ANG or DEG, aJ/ANG or AJ/DEG ---
	-------------------------------------------------------------------------------
	           Coordinate      Previous         Force          Change          New 
	           ----------      --------        ------          ------        ------
	               R(1,2)       2.27231        0.09705        0.11188       2.38419
	-------------------------------------------------------------------------------

2025-07-16:19:31:23,188 INFO     [psi4.optking.stepAlgorithms:96] 	|target step| :    0.2114191004
2025-07-16:19:31:23,188 INFO     [psi4.optking.stepAlgorithms:97] 	gradient     :   -0.0117795666
2025-07-16:19:31:23,188 INFO     [psi4.optking.stepAlgorithms:98] 	hessian      :    0.0532262370
2025-07-16:19:31:23,188 INFO     [psi4.optking.stepAlgorithms:177] 	Norm of achieved step-size    0.2114191004
2025-07-16:19:31:23,188 INFO     [psi4.optking.stepAlgorithms:179] 	Norm of achieved step-size (cart):    0.1494958796
2025-07-16:19:31:23,188 INFO     [psi4.optking.opt_helper:151] Molsys:

	                            ===> Fragment 1 <== 

	 Z (Atomic Numbers)          Masses                          Geom                  
	       9.000000            18.998403          0.00000000  0.00000000  3.01612619   
	      18.000000            39.962383          0.00000000  0.00000000 -1.48934247   

	 - Coordinate -           - BOHR/RAD -       - ANG/DEG -
	 R(1,2)           =         4.505469           2.384191

2025-07-16:19:31:23,188 INFO     [psi4.optking.convcheck:71] Performing convergence check.
2025-07-16:19:31:23,188 INFO     [psi4.optking.convcheck:263] 
	                                 ==> Convergence Check <==                                  
    
	Measures of convergence in internal coordinates in au.
    
	Criteria marked as inactive (o), active & met (*), and active & unmet ( ).

	----------------------------------------------------------------------------------------------
	   Step    Total Energy     Delta E     Max Force     RMS Force      Max Disp      RMS Disp   
	----------------------------------------------------------------------------------------------
	  Convergence Criteria     1.00e-06 *    3.00e-04 *             o    1.20e-03 *             o
	----------------------------------------------------------------------------------------------
	     8    -627.26777874   -4.25e-03      1.18e-02      1.18e-02 o    2.11e-01      2.11e-01 o  ~
	----------------------------------------------------------------------------------------------


2025-07-16:19:31:23,188 INFO     [psi4.optking.stepAlgorithms:266] 	Convergence check returned False
2025-07-16:19:31:23,204 INFO     [psi4.driver.task_planner:285] PLANNING Atomic:  keywords={'DAMPING_PERCENTAGE': 1.0, 'GEOM_MAXITER': 500, 'SCF__GUESS': 'READ', 'GUESS': 'SAP', 'MAXITER': 500, 'REFERENCE': 'UKS', 'function_kwargs': {}}
2025-07-16:19:31:23,205 INFO     [psi4.driver.driver:636] Compute gradient(): method=b3lyp, basis=cc-pvdz, molecule=default, nre=35.95630387558667
2025-07-16:19:31:24,149 INFO     [psi4.driver.driver:639] Return gradient(): -627.2695424632236
2025-07-16:19:31:24,150 INFO     [psi4.driver.driver:640] [[ 0.00000000  0.00000000 -0.00541150]
 [ 0.00000000 -0.00000000  0.00546905]]
2025-07-16:19:31:24,153 INFO     [psi4.optking.history:257] 	Performing BFGS update.
2025-07-16:19:31:24,153 INFO     [psi4.optking.history:268] 	Using 4 previous steps for update.
2025-07-16:19:31:24,153 WARNING  [psi4.optking.history:286] 	Change in internal coordinate of 7.20e-01 exceeds limit of 5.00e-01.
2025-07-16:19:31:24,153 WARNING  [psi4.optking.history:291] 	Skipping Hessian update for step 6.
2025-07-16:19:31:24,153 WARNING  [psi4.optking.history:286] 	Change in internal coordinate of 1.01e+00 exceeds limit of 5.00e-01.
2025-07-16:19:31:24,153 WARNING  [psi4.optking.history:291] 	Skipping Hessian update for step 5.
2025-07-16:19:31:24,153 WARNING  [psi4.optking.history:286] 	Change in internal coordinate of 1.32e+00 exceeds limit of 5.00e-01.
2025-07-16:19:31:24,153 WARNING  [psi4.optking.history:291] 	Skipping Hessian update for step 4.
2025-07-16:19:31:24,154 WARNING  [psi4.optking.history:286] 	Change in internal coordinate of 1.66e+00 exceeds limit of 5.00e-01.
2025-07-16:19:31:24,154 WARNING  [psi4.optking.history:291] 	Skipping Hessian update for step 3.
2025-07-16:19:31:24,154 WARNING  [psi4.optking.history:286] 	Change in internal coordinate of 1.97e+00 exceeds limit of 5.00e-01.
2025-07-16:19:31:24,154 WARNING  [psi4.optking.history:291] 	Skipping Hessian update for step 2.
2025-07-16:19:31:24,154 WARNING  [psi4.optking.history:286] 	Change in internal coordinate of 2.24e+00 exceeds limit of 5.00e-01.
2025-07-16:19:31:24,154 WARNING  [psi4.optking.history:291] 	Skipping Hessian update for step 1.
2025-07-16:19:31:24,154 INFO     [psi4.optking.history:302] 	Steps to be used in Hessian update:  8 7

2025-07-16:19:31:24,154 INFO     [psi4.optking.history:400] 	Updated Hessian (in au) 
 	   0.042368

2025-07-16:19:31:24,154 INFO     [psi4.optking.molsys:874] Projected (PHP) Hessian matrix
	   0.042368

2025-07-16:19:31:24,155 INFO     [psi4.optking.opt_helper:168] 
	         Geometry (au)                                       Gradient (au)
   0.0000000000   0.0000000000   3.0537120655		   0.0000000000   0.0000000000  -0.0054114995
   0.0000000000   0.0000000000  -1.4517565878		   0.0000000000  -0.0000000000   0.0054690484

2025-07-16:19:31:24,155 INFO     [psi4.optking.stepAlgorithms:315] 	Current Step Report 
 
	Current energy:      -627.2695424632
	Energy change for the previous step:
		Actual       :        -0.0017637235
		Projected    :        -0.0012452127

2025-07-16:19:31:24,155 INFO     [psi4.optking.stepAlgorithms:318] 	Energy ratio =    1.41640
2025-07-16:19:31:24,155 INFO     [psi4.optking.stepAlgorithms:750] 	Using RFO solution 1.
2025-07-16:19:31:24,155 INFO     [psi4.optking.displace:73] 	Determining Cartesian step for fragment 1.
2025-07-16:19:31:24,156 INFO     [psi4.optking.displace:378] 	Successfully converged to displaced geometry.
2025-07-16:19:31:24,156 INFO     [psi4.optking.displace:379] 	RMS(dx):  0.000e+00 	Max(dx):  0.000e+00 	RMS(dq):  0.000e+00
2025-07-16:19:31:24,156 INFO     [psi4.optking.displace:132] 

	        --- Internal Coordinate Step in ANG or DEG, aJ/ANG or AJ/DEG ---
	-------------------------------------------------------------------------------
	           Coordinate      Previous         Force          Change          New 
	           ----------      --------        ------          ------        ------
	               R(1,2)       2.38419        0.04482        0.06686       2.45106
	-------------------------------------------------------------------------------

2025-07-16:19:31:24,156 INFO     [psi4.optking.stepAlgorithms:96] 	|target step| :    0.1263554935
2025-07-16:19:31:24,156 INFO     [psi4.optking.stepAlgorithms:97] 	gradient     :   -0.0054402739
2025-07-16:19:31:24,156 INFO     [psi4.optking.stepAlgorithms:98] 	hessian      :    0.0423678936
2025-07-16:19:31:24,156 INFO     [psi4.optking.stepAlgorithms:177] 	Norm of achieved step-size    0.1263554935
2025-07-16:19:31:24,156 INFO     [psi4.optking.stepAlgorithms:179] 	Norm of achieved step-size (cart):    0.0893468263
2025-07-16:19:31:24,156 INFO     [psi4.optking.opt_helper:151] Molsys:

	                            ===> Fragment 1 <== 

	 Z (Atomic Numbers)          Masses                          Geom                  
	       9.000000            18.998403          0.00000000  0.00000000  3.11688981   
	      18.000000            39.962383          0.00000000  0.00000000 -1.51493433   

	 - Coordinate -           - BOHR/RAD -       - ANG/DEG -
	 R(1,2)           =         4.631824           2.451056

2025-07-16:19:31:24,156 INFO     [psi4.optking.convcheck:71] Performing convergence check.
2025-07-16:19:31:24,156 INFO     [psi4.optking.convcheck:263] 
	                                 ==> Convergence Check <==                                  
    
	Measures of convergence in internal coordinates in au.
    
	Criteria marked as inactive (o), active & met (*), and active & unmet ( ).

	----------------------------------------------------------------------------------------------
	   Step    Total Energy     Delta E     Max Force     RMS Force      Max Disp      RMS Disp   
	----------------------------------------------------------------------------------------------
	  Convergence Criteria     1.00e-06 *    3.00e-04 *             o    1.20e-03 *             o
	----------------------------------------------------------------------------------------------
	     9    -627.26954246   -1.76e-03      5.44e-03      5.44e-03 o    1.26e-01      1.26e-01 o  ~
	----------------------------------------------------------------------------------------------


2025-07-16:19:31:24,156 INFO     [psi4.optking.stepAlgorithms:266] 	Convergence check returned False
2025-07-16:19:31:24,171 INFO     [psi4.driver.task_planner:285] PLANNING Atomic:  keywords={'DAMPING_PERCENTAGE': 1.0, 'GEOM_MAXITER': 500, 'SCF__GUESS': 'READ', 'GUESS': 'SAP', 'MAXITER': 500, 'REFERENCE': 'UKS', 'function_kwargs': {}}
2025-07-16:19:31:24,173 INFO     [psi4.driver.driver:636] Compute gradient(): method=b3lyp, basis=cc-pvdz, molecule=default, nre=34.97542110121588
2025-07-16:19:31:25,71 INFO     [psi4.driver.driver:639] Return gradient(): -627.270073484071
2025-07-16:19:31:25,71 INFO     [psi4.driver.driver:640] [[ 0.00000000  0.00000000 -0.00303973]
 [-0.00000000 -0.00000000  0.00310236]]
2025-07-16:19:31:25,72 INFO     [psi4.optking.history:257] 	Performing BFGS update.
2025-07-16:19:31:25,73 INFO     [psi4.optking.history:268] 	Using 4 previous steps for update.
2025-07-16:19:31:25,73 WARNING  [psi4.optking.history:286] 	Change in internal coordinate of 5.79e-01 exceeds limit of 5.00e-01.
2025-07-16:19:31:25,73 WARNING  [psi4.optking.history:291] 	Skipping Hessian update for step 7.
2025-07-16:19:31:25,73 WARNING  [psi4.optking.history:286] 	Change in internal coordinate of 8.46e-01 exceeds limit of 5.00e-01.
2025-07-16:19:31:25,73 WARNING  [psi4.optking.history:291] 	Skipping Hessian update for step 6.
2025-07-16:19:31:25,73 WARNING  [psi4.optking.history:286] 	Change in internal coordinate of 1.14e+00 exceeds limit of 5.00e-01.
2025-07-16:19:31:25,73 WARNING  [psi4.optking.history:291] 	Skipping Hessian update for step 5.
2025-07-16:19:31:25,73 WARNING  [psi4.optking.history:286] 	Change in internal coordinate of 1.45e+00 exceeds limit of 5.00e-01.
2025-07-16:19:31:25,73 WARNING  [psi4.optking.history:291] 	Skipping Hessian update for step 4.
2025-07-16:19:31:25,74 WARNING  [psi4.optking.history:286] 	Change in internal coordinate of 1.79e+00 exceeds limit of 5.00e-01.
2025-07-16:19:31:25,74 WARNING  [psi4.optking.history:291] 	Skipping Hessian update for step 3.
2025-07-16:19:31:25,74 WARNING  [psi4.optking.history:286] 	Change in internal coordinate of 2.09e+00 exceeds limit of 5.00e-01.
2025-07-16:19:31:25,74 WARNING  [psi4.optking.history:291] 	Skipping Hessian update for step 2.
2025-07-16:19:31:25,74 WARNING  [psi4.optking.history:286] 	Change in internal coordinate of 2.36e+00 exceeds limit of 5.00e-01.
2025-07-16:19:31:25,74 WARNING  [psi4.optking.history:291] 	Skipping Hessian update for step 1.
2025-07-16:19:31:25,74 INFO     [psi4.optking.history:302] 	Steps to be used in Hessian update:  9 8

2025-07-16:19:31:25,74 INFO     [psi4.optking.history:400] 	Updated Hessian (in au) 
 	   0.025782

2025-07-16:19:31:25,74 INFO     [psi4.optking.molsys:874] Projected (PHP) Hessian matrix
	   0.025782

2025-07-16:19:31:25,75 INFO     [psi4.optking.opt_helper:168] 
	         Geometry (au)                                       Gradient (au)
   0.0000000000   0.0000000000   3.1393531663		   0.0000000000   0.0000000000  -0.0030397297
   0.0000000000   0.0000000000  -1.4924709805		  -0.0000000000  -0.0000000000   0.0031023601

2025-07-16:19:31:25,75 INFO     [psi4.optking.stepAlgorithms:315] 	Current Step Report 
 
	Current energy:      -627.2700734841
	Energy change for the previous step:
		Actual       :        -0.0005310208
		Projected    :        -0.0003437042

2025-07-16:19:31:25,75 INFO     [psi4.optking.stepAlgorithms:318] 	Energy ratio =    1.54499
2025-07-16:19:31:25,75 INFO     [psi4.optking.stepAlgorithms:750] 	Using RFO solution 1.
2025-07-16:19:31:25,75 INFO     [psi4.optking.displace:73] 	Determining Cartesian step for fragment 1.
2025-07-16:19:31:25,75 INFO     [psi4.optking.displace:378] 	Successfully converged to displaced geometry.
2025-07-16:19:31:25,75 INFO     [psi4.optking.displace:379] 	RMS(dx):  0.000e+00 	Max(dx):  0.000e+00 	RMS(dq):  0.000e+00
2025-07-16:19:31:25,76 INFO     [psi4.optking.displace:132] 

	        --- Internal Coordinate Step in ANG or DEG, aJ/ANG or AJ/DEG ---
	-------------------------------------------------------------------------------
	           Coordinate      Previous         Force          Change          New 
	           ----------      --------        ------          ------        ------
	               R(1,2)       2.45106        0.02530        0.06216       2.51322
	-------------------------------------------------------------------------------

2025-07-16:19:31:25,76 INFO     [psi4.optking.stepAlgorithms:96] 	|target step| :    0.1174718660
2025-07-16:19:31:25,76 INFO     [psi4.optking.stepAlgorithms:97] 	gradient     :   -0.0030710449
2025-07-16:19:31:25,76 INFO     [psi4.optking.stepAlgorithms:98] 	hessian      :    0.0257820507
2025-07-16:19:31:25,76 INFO     [psi4.optking.stepAlgorithms:177] 	Norm of achieved step-size    0.1174718660
2025-07-16:19:31:25,76 INFO     [psi4.optking.stepAlgorithms:179] 	Norm of achieved step-size (cart):    0.0830651531
2025-07-16:19:31:25,76 INFO     [psi4.optking.opt_helper:151] Molsys:

	                            ===> Fragment 1 <== 

	 Z (Atomic Numbers)          Masses                          Geom                  
	       9.000000            18.998403          0.00000000  0.00000000  3.19808910   
	      18.000000            39.962383          0.00000000  0.00000000 -1.55120691   

	 - Coordinate -           - BOHR/RAD -       - ANG/DEG -
	 R(1,2)           =         4.749296           2.513219

2025-07-16:19:31:25,76 INFO     [psi4.optking.convcheck:71] Performing convergence check.
2025-07-16:19:31:25,76 INFO     [psi4.optking.convcheck:263] 
	                                 ==> Convergence Check <==                                  
    
	Measures of convergence in internal coordinates in au.
    
	Criteria marked as inactive (o), active & met (*), and active & unmet ( ).

	----------------------------------------------------------------------------------------------
	   Step    Total Energy     Delta E     Max Force     RMS Force      Max Disp      RMS Disp   
	----------------------------------------------------------------------------------------------
	  Convergence Criteria     1.00e-06 *    3.00e-04 *             o    1.20e-03 *             o
	----------------------------------------------------------------------------------------------
	    10    -627.27007348   -5.31e-04      3.07e-03      3.07e-03 o    1.17e-01      1.17e-01 o  ~
	----------------------------------------------------------------------------------------------


2025-07-16:19:31:25,77 INFO     [psi4.optking.stepAlgorithms:266] 	Convergence check returned False
2025-07-16:19:31:25,92 INFO     [psi4.driver.task_planner:285] PLANNING Atomic:  keywords={'DAMPING_PERCENTAGE': 1.0, 'GEOM_MAXITER': 500, 'SCF__GUESS': 'READ', 'GUESS': 'SAP', 'MAXITER': 500, 'REFERENCE': 'UKS', 'function_kwargs': {}}
2025-07-16:19:31:25,93 INFO     [psi4.driver.driver:636] Compute gradient(): method=b3lyp, basis=cc-pvdz, molecule=default, nre=34.11031857437036
2025-07-16:19:31:25,967 INFO     [psi4.driver.driver:639] Return gradient(): -627.27033987228
2025-07-16:19:31:25,967 INFO     [psi4.driver.driver:640] [[ 0.00000000  0.00000000 -0.00152028]
 [ 0.00000000  0.00000000  0.00156121]]
2025-07-16:19:31:25,971 INFO     [psi4.optking.history:257] 	Performing BFGS update.
2025-07-16:19:31:25,971 INFO     [psi4.optking.history:268] 	Using 4 previous steps for update.
2025-07-16:19:31:25,971 WARNING  [psi4.optking.history:286] 	Change in internal coordinate of 6.96e-01 exceeds limit of 5.00e-01.
2025-07-16:19:31:25,971 WARNING  [psi4.optking.history:291] 	Skipping Hessian update for step 7.
2025-07-16:19:31:25,971 WARNING  [psi4.optking.history:286] 	Change in internal coordinate of 9.64e-01 exceeds limit of 5.00e-01.
2025-07-16:19:31:25,971 WARNING  [psi4.optking.history:291] 	Skipping Hessian update for step 6.
2025-07-16:19:31:25,971 WARNING  [psi4.optking.history:286] 	Change in internal coordinate of 1.25e+00 exceeds limit of 5.00e-01.
2025-07-16:19:31:25,971 WARNING  [psi4.optking.history:291] 	Skipping Hessian update for step 5.
2025-07-16:19:31:25,972 WARNING  [psi4.optking.history:286] 	Change in internal coordinate of 1.57e+00 exceeds limit of 5.00e-01.
2025-07-16:19:31:25,972 WARNING  [psi4.optking.history:291] 	Skipping Hessian update for step 4.
2025-07-16:19:31:25,972 WARNING  [psi4.optking.history:286] 	Change in internal coordinate of 1.90e+00 exceeds limit of 5.00e-01.
2025-07-16:19:31:25,972 WARNING  [psi4.optking.history:291] 	Skipping Hessian update for step 3.
2025-07-16:19:31:25,972 WARNING  [psi4.optking.history:286] 	Change in internal coordinate of 2.21e+00 exceeds limit of 5.00e-01.
2025-07-16:19:31:25,972 WARNING  [psi4.optking.history:291] 	Skipping Hessian update for step 2.
2025-07-16:19:31:25,972 WARNING  [psi4.optking.history:286] 	Change in internal coordinate of 2.48e+00 exceeds limit of 5.00e-01.
2025-07-16:19:31:25,972 WARNING  [psi4.optking.history:291] 	Skipping Hessian update for step 1.
2025-07-16:19:31:25,972 INFO     [psi4.optking.history:302] 	Steps to be used in Hessian update:  10 9 8

2025-07-16:19:31:25,972 INFO     [psi4.optking.history:400] 	Updated Hessian (in au) 
 	   0.022491

2025-07-16:19:31:25,973 INFO     [psi4.optking.molsys:874] Projected (PHP) Hessian matrix
	   0.022491

2025-07-16:19:31:25,973 INFO     [psi4.optking.opt_helper:168] 
	         Geometry (au)                                       Gradient (au)
   0.0000000000   0.0000000000   3.2189731309		   0.0000000000   0.0000000000  -0.0015202822
   0.0000000000   0.0000000000  -1.5303228819		   0.0000000000   0.0000000000   0.0015612070

2025-07-16:19:31:25,973 INFO     [psi4.optking.stepAlgorithms:315] 	Current Step Report 
 
	Current energy:      -627.2703398723
	Energy change for the previous step:
		Actual       :        -0.0002663882
		Projected    :        -0.0001803807

2025-07-16:19:31:25,973 INFO     [psi4.optking.stepAlgorithms:318] 	Energy ratio =    1.47681
2025-07-16:19:31:25,973 INFO     [psi4.optking.stepAlgorithms:750] 	Using RFO solution 1.
2025-07-16:19:31:25,973 INFO     [psi4.optking.displace:73] 	Determining Cartesian step for fragment 1.
2025-07-16:19:31:25,973 INFO     [psi4.optking.displace:378] 	Successfully converged to displaced geometry.
2025-07-16:19:31:25,973 INFO     [psi4.optking.displace:379] 	RMS(dx):  0.000e+00 	Max(dx):  0.000e+00 	RMS(dq):  0.000e+00
2025-07-16:19:31:25,974 INFO     [psi4.optking.displace:132] 

	        --- Internal Coordinate Step in ANG or DEG, aJ/ANG or AJ/DEG ---
	-------------------------------------------------------------------------------
	           Coordinate      Previous         Force          Change          New 
	           ----------      --------        ------          ------        ------
	               R(1,2)       2.51322        0.01269        0.03608       2.54930
	-------------------------------------------------------------------------------

2025-07-16:19:31:25,974 INFO     [psi4.optking.stepAlgorithms:96] 	|target step| :    0.0681872665
2025-07-16:19:31:25,974 INFO     [psi4.optking.stepAlgorithms:97] 	gradient     :   -0.0015407446
2025-07-16:19:31:25,974 INFO     [psi4.optking.stepAlgorithms:98] 	hessian      :    0.0224907230
2025-07-16:19:31:25,974 INFO     [psi4.optking.stepAlgorithms:177] 	Norm of achieved step-size    0.0681872665
2025-07-16:19:31:25,974 INFO     [psi4.optking.stepAlgorithms:179] 	Norm of achieved step-size (cart):    0.0482156785
2025-07-16:19:31:25,974 INFO     [psi4.optking.opt_helper:151] Molsys:

	                            ===> Fragment 1 <== 

	 Z (Atomic Numbers)          Masses                          Geom                  
	       9.000000            18.998403          0.00000000  0.00000000  3.25306676   
	      18.000000            39.962383          0.00000000  0.00000000 -1.56441652   

	 - Coordinate -           - BOHR/RAD -       - ANG/DEG -
	 R(1,2)           =         4.817483           2.549302

2025-07-16:19:31:25,974 INFO     [psi4.optking.convcheck:71] Performing convergence check.
2025-07-16:19:31:25,975 INFO     [psi4.optking.convcheck:263] 
	                                 ==> Convergence Check <==                                  
    
	Measures of convergence in internal coordinates in au.
    
	Criteria marked as inactive (o), active & met (*), and active & unmet ( ).

	----------------------------------------------------------------------------------------------
	   Step    Total Energy     Delta E     Max Force     RMS Force      Max Disp      RMS Disp   
	----------------------------------------------------------------------------------------------
	  Convergence Criteria     1.00e-06 *    3.00e-04 *             o    1.20e-03 *             o
	----------------------------------------------------------------------------------------------
	    11    -627.27033987   -2.66e-04      1.54e-03      1.54e-03 o    6.82e-02      6.82e-02 o  ~
	----------------------------------------------------------------------------------------------


2025-07-16:19:31:25,975 INFO     [psi4.optking.stepAlgorithms:266] 	Convergence check returned False
2025-07-16:19:31:25,992 INFO     [psi4.driver.task_planner:285] PLANNING Atomic:  keywords={'DAMPING_PERCENTAGE': 1.0, 'GEOM_MAXITER': 500, 'SCF__GUESS': 'READ', 'GUESS': 'SAP', 'MAXITER': 500, 'REFERENCE': 'UKS', 'function_kwargs': {}}
2025-07-16:19:31:25,993 INFO     [psi4.driver.driver:636] Compute gradient(): method=b3lyp, basis=cc-pvdz, molecule=default, nre=33.62751681913627
2025-07-16:19:31:26,844 INFO     [psi4.driver.driver:639] Return gradient(): -627.2704221557599
2025-07-16:19:31:26,844 INFO     [psi4.driver.driver:640] [[-0.00000000  0.00000000 -0.00086553]
 [-0.00000000  0.00000000  0.00089459]]
2025-07-16:19:31:26,846 INFO     [psi4.optking.history:257] 	Performing BFGS update.
2025-07-16:19:31:26,846 INFO     [psi4.optking.history:268] 	Using 4 previous steps for update.
2025-07-16:19:31:26,846 WARNING  [psi4.optking.history:286] 	Change in internal coordinate of 5.23e-01 exceeds limit of 5.00e-01.
2025-07-16:19:31:26,846 WARNING  [psi4.optking.history:291] 	Skipping Hessian update for step 8.
2025-07-16:19:31:26,846 WARNING  [psi4.optking.history:286] 	Change in internal coordinate of 7.65e-01 exceeds limit of 5.00e-01.
2025-07-16:19:31:26,846 WARNING  [psi4.optking.history:291] 	Skipping Hessian update for step 7.
2025-07-16:19:31:26,846 WARNING  [psi4.optking.history:286] 	Change in internal coordinate of 1.03e+00 exceeds limit of 5.00e-01.
2025-07-16:19:31:26,846 WARNING  [psi4.optking.history:291] 	Skipping Hessian update for step 6.
2025-07-16:19:31:26,846 WARNING  [psi4.optking.history:286] 	Change in internal coordinate of 1.32e+00 exceeds limit of 5.00e-01.
2025-07-16:19:31:26,846 WARNING  [psi4.optking.history:291] 	Skipping Hessian update for step 5.
2025-07-16:19:31:26,846 WARNING  [psi4.optking.history:286] 	Change in internal coordinate of 1.64e+00 exceeds limit of 5.00e-01.
2025-07-16:19:31:26,846 WARNING  [psi4.optking.history:291] 	Skipping Hessian update for step 4.
2025-07-16:19:31:26,846 WARNING  [psi4.optking.history:286] 	Change in internal coordinate of 1.97e+00 exceeds limit of 5.00e-01.
2025-07-16:19:31:26,846 WARNING  [psi4.optking.history:291] 	Skipping Hessian update for step 3.
2025-07-16:19:31:26,846 WARNING  [psi4.optking.history:286] 	Change in internal coordinate of 2.28e+00 exceeds limit of 5.00e-01.
2025-07-16:19:31:26,846 WARNING  [psi4.optking.history:291] 	Skipping Hessian update for step 2.
2025-07-16:19:31:26,846 WARNING  [psi4.optking.history:286] 	Change in internal coordinate of 2.55e+00 exceeds limit of 5.00e-01.
2025-07-16:19:31:26,846 WARNING  [psi4.optking.history:291] 	Skipping Hessian update for step 1.
2025-07-16:19:31:26,846 INFO     [psi4.optking.history:302] 	Steps to be used in Hessian update:  11 10 9

2025-07-16:19:31:26,847 INFO     [psi4.optking.history:400] 	Updated Hessian (in au) 
 	   0.014615

2025-07-16:19:31:26,847 INFO     [psi4.optking.molsys:874] Projected (PHP) Hessian matrix
	   0.014615

2025-07-16:19:31:26,847 INFO     [psi4.optking.opt_helper:168] 
	         Geometry (au)                                       Gradient (au)
   0.0000000000   0.0000000000   3.2651890286		  -0.0000000000   0.0000000000  -0.0008655343
   0.0000000000   0.0000000000  -1.5522942507		  -0.0000000000   0.0000000000   0.0008945889

2025-07-16:19:31:26,847 INFO     [psi4.optking.stepAlgorithms:315] 	Current Step Report 
 
	Current energy:      -627.2704221558
	Energy change for the previous step:
		Actual       :        -0.0000822835
		Projected    :        -0.0000525296

2025-07-16:19:31:26,847 INFO     [psi4.optking.stepAlgorithms:318] 	Energy ratio =    1.56642
2025-07-16:19:31:26,847 INFO     [psi4.optking.stepAlgorithms:750] 	Using RFO solution 1.
2025-07-16:19:31:26,847 INFO     [psi4.optking.displace:73] 	Determining Cartesian step for fragment 1.
2025-07-16:19:31:26,847 INFO     [psi4.optking.displace:378] 	Successfully converged to displaced geometry.
2025-07-16:19:31:26,847 INFO     [psi4.optking.displace:379] 	RMS(dx):  0.000e+00 	Max(dx):  0.000e+00 	RMS(dq):  0.000e+00
2025-07-16:19:31:26,847 INFO     [psi4.optking.displace:132] 

	        --- Internal Coordinate Step in ANG or DEG, aJ/ANG or AJ/DEG ---
	-------------------------------------------------------------------------------
	           Coordinate      Previous         Force          Change          New 
	           ----------      --------        ------          ------        ------
	               R(1,2)       2.54930        0.00725        0.03175       2.58105
	-------------------------------------------------------------------------------

2025-07-16:19:31:26,847 INFO     [psi4.optking.stepAlgorithms:96] 	|target step| :    0.0599980018
2025-07-16:19:31:26,847 INFO     [psi4.optking.stepAlgorithms:97] 	gradient     :   -0.0008800616
2025-07-16:19:31:26,847 INFO     [psi4.optking.stepAlgorithms:98] 	hessian      :    0.0146153800
2025-07-16:19:31:26,847 INFO     [psi4.optking.stepAlgorithms:177] 	Norm of achieved step-size    0.0599980018
2025-07-16:19:31:26,847 INFO     [psi4.optking.stepAlgorithms:179] 	Norm of achieved step-size (cart):    0.0424249939
2025-07-16:19:31:26,847 INFO     [psi4.optking.opt_helper:151] Molsys:

	                            ===> Fragment 1 <== 

	 Z (Atomic Numbers)          Masses                          Geom                  
	       9.000000            18.998403          0.00000000  0.00000000  3.29518803   
	      18.000000            39.962383          0.00000000  0.00000000 -1.58229325   

	 - Coordinate -           - BOHR/RAD -       - ANG/DEG -
	 R(1,2)           =         4.877481           2.581052

2025-07-16:19:31:26,848 INFO     [psi4.optking.convcheck:71] Performing convergence check.
2025-07-16:19:31:26,848 INFO     [psi4.optking.convcheck:263] 
	                                 ==> Convergence Check <==                                  
    
	Measures of convergence in internal coordinates in au.
    
	Criteria marked as inactive (o), active & met (*), and active & unmet ( ).

	----------------------------------------------------------------------------------------------
	   Step    Total Energy     Delta E     Max Force     RMS Force      Max Disp      RMS Disp   
	----------------------------------------------------------------------------------------------
	  Convergence Criteria     1.00e-06 *    3.00e-04 *             o    1.20e-03 *             o
	----------------------------------------------------------------------------------------------
	    12    -627.27042216   -8.23e-05      8.80e-04      8.80e-04 o    6.00e-02      6.00e-02 o  ~
	----------------------------------------------------------------------------------------------


2025-07-16:19:31:26,848 INFO     [psi4.optking.stepAlgorithms:266] 	Convergence check returned False
2025-07-16:19:31:26,861 INFO     [psi4.driver.task_planner:285] PLANNING Atomic:  keywords={'DAMPING_PERCENTAGE': 1.0, 'GEOM_MAXITER': 500, 'SCF__GUESS': 'READ', 'GUESS': 'SAP', 'MAXITER': 500, 'REFERENCE': 'UKS', 'function_kwargs': {}}
2025-07-16:19:31:26,863 INFO     [psi4.driver.driver:636] Compute gradient(): method=b3lyp, basis=cc-pvdz, molecule=default, nre=33.21386401399863
2025-07-16:19:31:27,783 INFO     [psi4.driver.driver:639] Return gradient(): -627.2704609073891
2025-07-16:19:31:27,783 INFO     [psi4.driver.driver:640] [[ 0.00000000 -0.00000000 -0.00039507]
 [-0.00000000 -0.00000000  0.00042397]]
2025-07-16:19:31:27,785 INFO     [psi4.optking.history:257] 	Performing BFGS update.
2025-07-16:19:31:27,785 INFO     [psi4.optking.history:268] 	Using 4 previous steps for update.
2025-07-16:19:31:27,785 INFO     [psi4.optking.history:302] 	Steps to be used in Hessian update:  12 11 10 9

2025-07-16:19:31:27,785 INFO     [psi4.optking.history:400] 	Updated Hessian (in au) 
 	   0.013523

2025-07-16:19:31:27,785 INFO     [psi4.optking.molsys:874] Projected (PHP) Hessian matrix
	   0.013523

2025-07-16:19:31:27,785 INFO     [psi4.optking.opt_helper:168] 
	         Geometry (au)                                       Gradient (au)
   0.0000000000   0.0000000000   3.3058544146		   0.0000000000  -0.0000000000  -0.0003950716
   0.0000000000   0.0000000000  -1.5716268665		  -0.0000000000  -0.0000000000   0.0004239657

2025-07-16:19:31:27,785 INFO     [psi4.optking.stepAlgorithms:315] 	Current Step Report 
 
	Current energy:      -627.2704609074
	Energy change for the previous step:
		Actual       :        -0.0000387516
		Projected    :        -0.0000264010

2025-07-16:19:31:27,785 INFO     [psi4.optking.stepAlgorithms:318] 	Energy ratio =    1.46781
2025-07-16:19:31:27,785 INFO     [psi4.optking.stepAlgorithms:750] 	Using RFO solution 1.
2025-07-16:19:31:27,785 INFO     [psi4.optking.displace:73] 	Determining Cartesian step for fragment 1.
2025-07-16:19:31:27,785 INFO     [psi4.optking.displace:378] 	Successfully converged to displaced geometry.
2025-07-16:19:31:27,786 INFO     [psi4.optking.displace:379] 	RMS(dx):  2.564e-16 	Max(dx):  4.441e-16 	RMS(dq):  8.882e-16
2025-07-16:19:31:27,786 INFO     [psi4.optking.displace:132] 

	        --- Internal Coordinate Step in ANG or DEG, aJ/ANG or AJ/DEG ---
	-------------------------------------------------------------------------------
	           Coordinate      Previous         Force          Change          New 
	           ----------      --------        ------          ------        ------
	               R(1,2)       2.58105        0.00337        0.01601       2.59706
	-------------------------------------------------------------------------------

2025-07-16:19:31:27,786 INFO     [psi4.optking.stepAlgorithms:96] 	|target step| :    0.0302552309
2025-07-16:19:31:27,786 INFO     [psi4.optking.stepAlgorithms:97] 	gradient     :   -0.0004095187
2025-07-16:19:31:27,786 INFO     [psi4.optking.stepAlgorithms:98] 	hessian      :    0.0135230766
2025-07-16:19:31:27,786 INFO     [psi4.optking.stepAlgorithms:177] 	Norm of achieved step-size    0.0302552309
2025-07-16:19:31:27,786 INFO     [psi4.optking.stepAlgorithms:179] 	Norm of achieved step-size (cart):    0.0213936790
2025-07-16:19:31:27,786 INFO     [psi4.optking.opt_helper:151] Molsys:

	                            ===> Fragment 1 <== 

	 Z (Atomic Numbers)          Masses                          Geom                  
	       9.000000            18.998403          0.00000000  0.00000000  3.32098203   
	      18.000000            39.962383          0.00000000  0.00000000 -1.58675448   

	 - Coordinate -           - BOHR/RAD -       - ANG/DEG -
	 R(1,2)           =         4.907737           2.597062

2025-07-16:19:31:27,786 INFO     [psi4.optking.convcheck:71] Performing convergence check.
2025-07-16:19:31:27,786 INFO     [psi4.optking.convcheck:263] 
	                                 ==> Convergence Check <==                                  
    
	Measures of convergence in internal coordinates in au.
    
	Criteria marked as inactive (o), active & met (*), and active & unmet ( ).

	----------------------------------------------------------------------------------------------
	   Step    Total Energy     Delta E     Max Force     RMS Force      Max Disp      RMS Disp   
	----------------------------------------------------------------------------------------------
	  Convergence Criteria     1.00e-06 *    3.00e-04 *             o    1.20e-03 *             o
	----------------------------------------------------------------------------------------------
	    13    -627.27046091   -3.88e-05      4.10e-04      4.10e-04 o    3.03e-02      3.03e-02 o  ~
	----------------------------------------------------------------------------------------------


2025-07-16:19:31:27,786 INFO     [psi4.optking.stepAlgorithms:266] 	Convergence check returned False
2025-07-16:19:31:27,807 INFO     [psi4.driver.task_planner:285] PLANNING Atomic:  keywords={'DAMPING_PERCENTAGE': 1.0, 'GEOM_MAXITER': 500, 'SCF__GUESS': 'READ', 'GUESS': 'SAP', 'MAXITER': 500, 'REFERENCE': 'UKS', 'function_kwargs': {}}
2025-07-16:19:31:27,810 INFO     [psi4.driver.driver:636] Compute gradient(): method=b3lyp, basis=cc-pvdz, molecule=default, nre=33.00910707082043
2025-07-16:19:31:28,646 INFO     [psi4.driver.driver:639] Return gradient(): -627.2704703663857
2025-07-16:19:31:28,646 INFO     [psi4.driver.driver:640] [[ 0.00000000 -0.00000000 -0.00019178]
 [ 0.00000000  0.00000000  0.00022223]]
2025-07-16:19:31:28,647 INFO     [psi4.optking.history:257] 	Performing BFGS update.
2025-07-16:19:31:28,647 INFO     [psi4.optking.history:268] 	Using 4 previous steps for update.
2025-07-16:19:31:28,648 INFO     [psi4.optking.history:302] 	Steps to be used in Hessian update:  13 12 11 10

2025-07-16:19:31:28,648 INFO     [psi4.optking.history:400] 	Updated Hessian (in au) 
 	   0.010380

2025-07-16:19:31:28,648 INFO     [psi4.optking.molsys:874] Projected (PHP) Hessian matrix
	   0.010380

2025-07-16:19:31:28,648 INFO     [psi4.optking.opt_helper:168] 
	         Geometry (au)                                       Gradient (au)
   0.0000000000   0.0000000000   3.3263607749		   0.0000000000  -0.0000000000  -0.0001917786
   0.0000000000   0.0000000000  -1.5813757371		   0.0000000000   0.0000000000   0.0002222312

2025-07-16:19:31:28,648 INFO     [psi4.optking.stepAlgorithms:315] 	Current Step Report 
 
	Current energy:      -627.2704703664
	Energy change for the previous step:
		Actual       :        -0.0000094590
		Projected    :        -0.0000061950

2025-07-16:19:31:28,648 INFO     [psi4.optking.stepAlgorithms:318] 	Energy ratio =    1.52687
2025-07-16:19:31:28,648 INFO     [psi4.optking.stepAlgorithms:750] 	Using RFO solution 1.
2025-07-16:19:31:28,648 INFO     [psi4.optking.displace:73] 	Determining Cartesian step for fragment 1.
2025-07-16:19:31:28,648 INFO     [psi4.optking.displace:378] 	Successfully converged to displaced geometry.
2025-07-16:19:31:28,648 INFO     [psi4.optking.displace:379] 	RMS(dx):  2.564e-16 	Max(dx):  4.441e-16 	RMS(dq):  8.882e-16
2025-07-16:19:31:28,648 INFO     [psi4.optking.displace:132] 

	        --- Internal Coordinate Step in ANG or DEG, aJ/ANG or AJ/DEG ---
	-------------------------------------------------------------------------------
	           Coordinate      Previous         Force          Change          New 
	           ----------      --------        ------          ------        ------
	               R(1,2)       2.59706        0.00171        0.01055       2.60761
	-------------------------------------------------------------------------------

2025-07-16:19:31:28,649 INFO     [psi4.optking.stepAlgorithms:96] 	|target step| :    0.0199342594
2025-07-16:19:31:28,649 INFO     [psi4.optking.stepAlgorithms:97] 	gradient     :   -0.0002070049
2025-07-16:19:31:28,649 INFO     [psi4.optking.stepAlgorithms:98] 	hessian      :    0.0103802525
2025-07-16:19:31:28,649 INFO     [psi4.optking.stepAlgorithms:177] 	Norm of achieved step-size    0.0199342594
2025-07-16:19:31:28,649 INFO     [psi4.optking.stepAlgorithms:179] 	Norm of achieved step-size (cart):    0.0140956500
2025-07-16:19:31:28,649 INFO     [psi4.optking.opt_helper:151] Molsys:

	                            ===> Fragment 1 <== 

	 Z (Atomic Numbers)          Masses                          Geom                  
	       9.000000            18.998403          0.00000000  0.00000000  3.33632790   
	      18.000000            39.962383          0.00000000  0.00000000 -1.59134287   

	 - Coordinate -           - BOHR/RAD -       - ANG/DEG -
	 R(1,2)           =         4.927671           2.607611

2025-07-16:19:31:28,651 INFO     [psi4.optking.convcheck:71] Performing convergence check.
2025-07-16:19:31:28,651 INFO     [psi4.optking.convcheck:263] 
	                                 ==> Convergence Check <==                                  
    
	Measures of convergence in internal coordinates in au.
    
	Criteria marked as inactive (o), active & met (*), and active & unmet ( ).

	----------------------------------------------------------------------------------------------
	   Step    Total Energy     Delta E     Max Force     RMS Force      Max Disp      RMS Disp   
	----------------------------------------------------------------------------------------------
	  Convergence Criteria     1.00e-06 *    3.00e-04 *             o    1.20e-03 *             o
	----------------------------------------------------------------------------------------------
	    14    -627.27047037   -9.46e-06      2.07e-04 *    2.07e-04 o    1.99e-02      1.99e-02 o  ~
	----------------------------------------------------------------------------------------------


2025-07-16:19:31:28,651 INFO     [psi4.optking.stepAlgorithms:266] 	Convergence check returned False
2025-07-16:19:31:28,665 INFO     [psi4.driver.task_planner:285] PLANNING Atomic:  keywords={'DAMPING_PERCENTAGE': 1.0, 'GEOM_MAXITER': 500, 'SCF__GUESS': 'READ', 'GUESS': 'SAP', 'MAXITER': 500, 'REFERENCE': 'UKS', 'function_kwargs': {}}
2025-07-16:19:31:28,667 INFO     [psi4.driver.driver:636] Compute gradient(): method=b3lyp, basis=cc-pvdz, molecule=default, nre=32.8755729662944
2025-07-16:19:31:29,469 INFO     [psi4.driver.driver:639] Return gradient(): -627.2704733352363
2025-07-16:19:31:29,469 INFO     [psi4.driver.driver:640] [[-0.00000000  0.00000000 -0.00006961]
 [-0.00000000 -0.00000000  0.00010091]]
2025-07-16:19:31:29,473 INFO     [psi4.optking.history:257] 	Performing BFGS update.
2025-07-16:19:31:29,473 INFO     [psi4.optking.history:268] 	Using 4 previous steps for update.
2025-07-16:19:31:29,474 INFO     [psi4.optking.history:302] 	Steps to be used in Hessian update:  14 13 12 11

2025-07-16:19:31:29,474 INFO     [psi4.optking.history:400] 	Updated Hessian (in au) 
 	   0.008160

2025-07-16:19:31:29,474 INFO     [psi4.optking.molsys:874] Projected (PHP) Hessian matrix
	   0.008160

2025-07-16:19:31:29,474 INFO     [psi4.optking.opt_helper:168] 
	         Geometry (au)                                       Gradient (au)
   0.0000000000   0.0000000000   3.3398717975		  -0.0000000000   0.0000000000  -0.0000696085
   0.0000000000   0.0000000000  -1.5877989739		  -0.0000000000  -0.0000000000   0.0001009061

2025-07-16:19:31:29,474 INFO     [psi4.optking.stepAlgorithms:315] 	Current Step Report 
 
	Current energy:      -627.2704733352
	Energy change for the previous step:
		Actual       :        -0.0000029689
		Projected    :        -0.0000020632

2025-07-16:19:31:29,474 INFO     [psi4.optking.stepAlgorithms:318] 	Energy ratio =    1.43892
2025-07-16:19:31:29,474 INFO     [psi4.optking.stepAlgorithms:750] 	Using RFO solution 1.
2025-07-16:19:31:29,474 INFO     [psi4.optking.displace:73] 	Determining Cartesian step for fragment 1.
2025-07-16:19:31:29,474 INFO     [psi4.optking.displace:378] 	Successfully converged to displaced geometry.
2025-07-16:19:31:29,474 INFO     [psi4.optking.displace:379] 	RMS(dx):  0.000e+00 	Max(dx):  0.000e+00 	RMS(dq):  0.000e+00
2025-07-16:19:31:29,474 INFO     [psi4.optking.displace:132] 

	        --- Internal Coordinate Step in ANG or DEG, aJ/ANG or AJ/DEG ---
	-------------------------------------------------------------------------------
	           Coordinate      Previous         Force          Change          New 
	           ----------      --------        ------          ------        ------
	               R(1,2)       2.60761        0.00070        0.00553       2.61314
	-------------------------------------------------------------------------------

2025-07-16:19:31:29,474 INFO     [psi4.optking.stepAlgorithms:96] 	|target step| :    0.0104474249
2025-07-16:19:31:29,475 INFO     [psi4.optking.stepAlgorithms:97] 	gradient     :   -0.0000852573
2025-07-16:19:31:29,475 INFO     [psi4.optking.stepAlgorithms:98] 	hessian      :    0.0081597156
2025-07-16:19:31:29,475 INFO     [psi4.optking.stepAlgorithms:177] 	Norm of achieved step-size    0.0104474249
2025-07-16:19:31:29,475 INFO     [psi4.optking.stepAlgorithms:179] 	Norm of achieved step-size (cart):    0.0073874450
2025-07-16:19:31:29,475 INFO     [psi4.optking.opt_helper:151] Molsys:

	                            ===> Fragment 1 <== 

	 Z (Atomic Numbers)          Masses                          Geom                  
	       9.000000            18.998403          0.00000000  0.00000000  3.34509551   
	      18.000000            39.962383          0.00000000  0.00000000 -1.59302269   

	 - Coordinate -           - BOHR/RAD -       - ANG/DEG -
	 R(1,2)           =         4.938118           2.613140

2025-07-16:19:31:29,475 INFO     [psi4.optking.convcheck:71] Performing convergence check.
2025-07-16:19:31:29,475 INFO     [psi4.optking.convcheck:263] 
	                                 ==> Convergence Check <==                                  
    
	Measures of convergence in internal coordinates in au.
    
	Criteria marked as inactive (o), active & met (*), and active & unmet ( ).

	----------------------------------------------------------------------------------------------
	   Step    Total Energy     Delta E     Max Force     RMS Force      Max Disp      RMS Disp   
	----------------------------------------------------------------------------------------------
	  Convergence Criteria     1.00e-06 *    3.00e-04 *             o    1.20e-03 *             o
	----------------------------------------------------------------------------------------------
	    15    -627.27047334   -2.97e-06      8.53e-05 *    8.53e-05 o    1.04e-02      1.04e-02 o  ~
	----------------------------------------------------------------------------------------------


2025-07-16:19:31:29,475 INFO     [psi4.optking.stepAlgorithms:266] 	Convergence check returned False
2025-07-16:19:31:29,490 INFO     [psi4.driver.task_planner:285] PLANNING Atomic:  keywords={'DAMPING_PERCENTAGE': 1.0, 'GEOM_MAXITER': 500, 'SCF__GUESS': 'READ', 'GUESS': 'SAP', 'MAXITER': 500, 'REFERENCE': 'UKS', 'function_kwargs': {}}
2025-07-16:19:31:29,491 INFO     [psi4.driver.driver:636] Compute gradient(): method=b3lyp, basis=cc-pvdz, molecule=default, nre=32.80601912673153
2025-07-16:19:31:30,371 INFO     [psi4.driver.driver:639] Return gradient(): -627.2704739274266
2025-07-16:19:31:30,371 INFO     [psi4.driver.driver:640] [[ 0.00000000 -0.00000000 -0.00000920]
 [ 0.00000000  0.00000000  0.00004076]]
2025-07-16:19:31:30,372 INFO     [psi4.optking.history:257] 	Performing BFGS update.
2025-07-16:19:31:30,372 INFO     [psi4.optking.history:268] 	Using 4 previous steps for update.
2025-07-16:19:31:30,373 INFO     [psi4.optking.history:302] 	Steps to be used in Hessian update:  15 14 13 12

2025-07-16:19:31:30,373 INFO     [psi4.optking.history:400] 	Updated Hessian (in au) 
 	   0.007088

2025-07-16:19:31:30,373 INFO     [psi4.optking.molsys:874] Projected (PHP) Hessian matrix
	   0.007088

2025-07-16:19:31:30,373 INFO     [psi4.optking.opt_helper:168] 
	         Geometry (au)                                       Gradient (au)
   0.0000000000   0.0000000000   3.3469528428		   0.0000000000  -0.0000000000  -0.0000091974
   0.0000000000   0.0000000000  -1.5911653536		   0.0000000000   0.0000000000   0.0000407617

2025-07-16:19:31:30,373 INFO     [psi4.optking.stepAlgorithms:315] 	Current Step Report 
 
	Current energy:      -627.2704739274
	Energy change for the previous step:
		Actual       :        -0.0000005922
		Projected    :        -0.0000004454

2025-07-16:19:31:30,373 INFO     [psi4.optking.stepAlgorithms:318] 	Energy ratio =    1.32969
2025-07-16:19:31:30,373 INFO     [psi4.optking.stepAlgorithms:750] 	Using RFO solution 1.
2025-07-16:19:31:30,373 INFO     [psi4.optking.displace:73] 	Determining Cartesian step for fragment 1.
2025-07-16:19:31:30,373 INFO     [psi4.optking.displace:378] 	Successfully converged to displaced geometry.
2025-07-16:19:31:30,373 INFO     [psi4.optking.displace:379] 	RMS(dx):  0.000e+00 	Max(dx):  0.000e+00 	RMS(dq):  0.000e+00
2025-07-16:19:31:30,373 INFO     [psi4.optking.displace:132] 

	        --- Internal Coordinate Step in ANG or DEG, aJ/ANG or AJ/DEG ---
	-------------------------------------------------------------------------------
	           Coordinate      Previous         Force          Change          New 
	           ----------      --------        ------          ------        ------
	               R(1,2)       2.61314        0.00021        0.00186       2.61500
	-------------------------------------------------------------------------------

2025-07-16:19:31:30,373 INFO     [psi4.optking.stepAlgorithms:96] 	|target step| :    0.0035240656
2025-07-16:19:31:30,373 INFO     [psi4.optking.stepAlgorithms:97] 	gradient     :   -0.0000249795
2025-07-16:19:31:30,373 INFO     [psi4.optking.stepAlgorithms:98] 	hessian      :    0.0070881806
2025-07-16:19:31:30,373 INFO     [psi4.optking.stepAlgorithms:177] 	Norm of achieved step-size    0.0035240656
2025-07-16:19:31:30,373 INFO     [psi4.optking.stepAlgorithms:179] 	Norm of achieved step-size (cart):    0.0024918907
2025-07-16:19:31:30,374 INFO     [psi4.optking.opt_helper:151] Molsys:

	                            ===> Fragment 1 <== 

	 Z (Atomic Numbers)          Masses                          Geom                  
	       9.000000            18.998403          0.00000000  0.00000000  3.34871488   
	      18.000000            39.962383          0.00000000  0.00000000 -1.59292739   

	 - Coordinate -           - BOHR/RAD -       - ANG/DEG -
	 R(1,2)           =         4.941642           2.615004

2025-07-16:19:31:30,374 INFO     [psi4.optking.convcheck:71] Performing convergence check.
2025-07-16:19:31:30,374 INFO     [psi4.optking.convcheck:263] 
	                                 ==> Convergence Check <==                                  
    
	Measures of convergence in internal coordinates in au.
    
	Criteria marked as inactive (o), active & met (*), and active & unmet ( ).

	----------------------------------------------------------------------------------------------
	   Step    Total Energy     Delta E     Max Force     RMS Force      Max Disp      RMS Disp   
	----------------------------------------------------------------------------------------------
	  Convergence Criteria     1.00e-06 *    3.00e-04 *             o    1.20e-03 *             o
	----------------------------------------------------------------------------------------------
	    16    -627.27047393   -5.92e-07 *    2.50e-05 *    2.50e-05 o    3.52e-03      3.52e-03 o  ~
	----------------------------------------------------------------------------------------------


2025-07-16:19:31:30,374 INFO     [psi4.optking.convcheck:193] 
	                      ===> Final Convergence Report <===                     

	----------------------------------------------------------------------------
	|   Required Criteria    |  One or More Criteria  |   Alternate Criteria   |
	----------------------------------------------------------------------------
	| [x]     max_force      | [x]       max_DE       |                        |
	|                        | [ ]      max_disp      |                        |
	----------------------------------------------------------------------------


2025-07-16:19:31:30,374 INFO     [psi4.optking.stepAlgorithms:266] 	Convergence check returned True
2025-07-16:19:31:30,374 INFO     [psi4.optking.optimize:286] 	Converged in 16 steps!
2025-07-16:19:31:30,374 INFO     [psi4.optking.optimize:287] 	Final energy is   -627.2704739274266
2025-07-16:19:31:30,374 INFO     [psi4.optking.optimize:288] 	Final structure (Angstroms): 
	Fragment 1 (Ang)

	    F   0.0000000000   0.0000000000   1.7720635972
	   Ar   0.0000000000   0.0000000000  -0.8429408711


2025-07-16:19:31:30,375 INFO     [psi4.optking.optimize:432] 	Optimization Finished

	==> Optimization Summary <==

        
	Measures of convergence in internal coordinates in au. (Any backward steps not shown.)
        
	---------------------------------------------------------------------------------------------------------------  ~
        
	 Step         Total Energy             Delta E       MAX Force       RMS Force        MAX Disp        RMS Disp   ~
        
	---------------------------------------------------------------------------------------------------------------  ~
        
	     1    -626.671502158256   -626.671502158256      1.22482313      1.22482313      0.27130738      0.27130738  ~
	     2    -626.925664185293     -0.254162027037      0.70777707      0.70777707      0.30664333      0.30664333  ~
	     3    -627.090124042088     -0.164459856795      0.39445183      0.39445183      0.33494172      0.33494172  ~
	     4    -627.186633542835     -0.096509500748      0.20104693      0.20104693      0.31387488      0.31387488  ~
	     5    -627.232510343222     -0.045876800387      0.10122818      0.10122818      0.29129717      0.29129717  ~
	     6    -627.253850531673     -0.021340188451      0.05030355      0.05030355      0.26720059      0.26720059  ~
	     7    -627.263531704576     -0.009681172903      0.02461311      0.02461311      0.24111314      0.24111314  ~
	     8    -627.267778739698     -0.004247035122      0.01177957      0.01177957      0.21141910      0.21141910  ~
	     9    -627.269542463224     -0.001763723526      0.00544027      0.00544027      0.12635549      0.12635549  ~
	    10    -627.270073484071     -0.000531020847      0.00307104      0.00307104      0.11747187      0.11747187  ~
	    11    -627.270339872280     -0.000266388209      0.00154074      0.00154074      0.06818727      0.06818727  ~
	    12    -627.270422155760     -0.000082283480      0.00088006      0.00088006      0.05999800      0.05999800  ~
	    13    -627.270460907389     -0.000038751629      0.00040952      0.00040952      0.03025523      0.03025523  ~
	    14    -627.270470366386     -0.000009458997      0.00020700      0.00020700      0.01993426      0.01993426  ~
	    15    -627.270473335236     -0.000002968851      0.00008526      0.00008526      0.01044742      0.01044742  ~
	    16    -627.270473927427     -0.000000592190      0.00002498      0.00002498      0.00352407      0.00352407  ~
	----------------------------------------------------------------------------------------------------------------


2025-07-16:19:31:30,375 INFO     [psi4.optking.optimize:640] Preparing OptimizationResult
