2025-07-16:19:17:07,756 INFO     [psi4.optking.optwrapper:214] Creating a UserComputer
2025-07-16:19:17:07,756 INFO     [psi4.optking.optwrapper:222] 
    			-----------------------------------------

    			 OPTKING 3.0: for geometry optimizations 

    			     By R.A. King, Bethel University     

    			        with contributions from          

    			    A.V. Copan, J. Cayton, A. Heide      

    			-----------------------------------------

    
2025-07-16:19:17:07,756 INFO     [psi4.optking.optwrapper:238] 
		 -- Optimization Parameters --
	accept_symmetry_breaking       =           False
	alg_geom_maxiter               =             500
	bt_dx_conv                     =           1e-07
	bt_dx_rms_change_conv          =           1e-12
	bt_max_iter                    =              25
	cart_hess_read                 =           False
	consecutive_backsteps_allowed  =               0
	conv_max_DE                    =           1e-06
	conv_max_disp                  =          0.0012
	conv_max_force                 =          0.0003
	conv_rms_disp                  =              -1
	conv_rms_force                 =              -1
	covalent_connect               =             1.3
	dynamic_level                  =               0
	dynamic_level_max              =               0
	ensure_bt_convergence          =           False
	ext_force_bend                 =              []
	ext_force_cartesian            =              []
	ext_force_dihedral             =              []
	ext_force_distance             =              []
	ext_force_oofp                 =              []
	fix_val_near_pi                =            1.57
	flexible_g_convergence         =           False
	frag_mode                      =          SINGLE
	frag_ref_atoms                 =            None
	freeze_intrafrag               =           False
	frozen_bend                    =              []
	frozen_cartesian               =              []
	frozen_dihedral                =              []
	frozen_distance                =              []
	frozen_oofp                    =              []
	full_hess_every                =              -1
	g_convergence                  =           QCHEM
	generate_intcos_exit           =           False
	geom_maxiter                   =             500
	h_bond_connect                 =             4.3
	hess_update                    =            BFGS
	hess_update_den_tol            =           1e-07
	hess_update_dq_tol             =             0.5
	hess_update_limit              =            True
	hess_update_limit_max          =             1.0
	hess_update_limit_scale        =             0.5
	hess_update_use_last           =               4
	hessian_file                   =            None
	i_max_DE                       =            True
	i_max_disp                     =            True
	i_max_force                    =            True
	i_rms_disp                     =           False
	i_rms_force                    =           False
	i_untampered                   =            True
	include_oofp                   =           False
	interfrag_collinear_tol        =            0.01
	interfrag_coords               =            None
	interfrag_dist_inv             =           False
	interfrag_mode                 =           FIXED
	interfrag_trust                =             0.5
	interfrag_trust_max            =             1.0
	interfrag_trust_min            =           0.001
	interfragment_connect          =             1.8
	intrafrag_hess                 =        SCHLEGEL
	intrafrag_trust                =             0.5
	intrafrag_trust_max            =             1.0
	intrafrag_trust_min            =           0.001
	irc_direction                  =         FORWARD
	irc_points                     =              20
	irc_step_size                  =             0.2
	keep_intcos                    =           False
	linear_bend_threshold          =            3.05
	linesearch                     =           False
	linesearch_step                =             0.1
	max_disp_g_convergence         =          0.0012
	max_energy_g_convergence       =           1e-06
	max_force_g_convergence        =          0.0003
	opt_coordinates                =       REDUNDANT
	opt_type                       =             MIN
	output_type                    =            FILE
	print_lvl                      =               1
	program                        =            psi4
	ranged_bend                    =              []
	ranged_cartesian               =              []
	ranged_dihedral                =              []
	ranged_distance                =              []
	ranged_oofp                    =              []
	redundant_eval_tol             =           1e-10
	rfo_follow_root                =           False
	rfo_normalization_max          =             100
	rfo_root                       =               0
	rms_disp_g_convergence         =          0.0012
	rms_force_g_convergence        =          0.0003
	rsrfo_alpha_max                =     100000000.0
	sd_hessian                     =             1.0
	simple_step_scaling            =           False
	small_bend_fix_threshold       =            0.35
	steepest_descent_type          =         OVERLAP
	step_type                      =             RFO
	test_B                         =           False
	test_derivative_B              =           False
	trajectory                     =           False
	v3d_tors_angle_lim             =           0.017
	v3d_tors_cos_tol               =           1e-10
	working_consecutive_backsteps  =               0
	working_steps_since_last_H     =               0


2025-07-16:19:17:08,245 INFO     [psi4.optking.opt_helper:151] Molsys:

	                            ===> Fragment 1 <== 

	 Z (Atomic Numbers)          Masses                          Geom                  
	       8.000000            15.994915          0.00000000  0.00000000  1.23115318   
	       9.000000            18.998403          0.00000000  0.00000000 -1.03651817   

	 - Coordinate -           - BOHR/RAD -       - ANG/DEG -
	 R(1,2)           =         2.267671           1.200000

2025-07-16:19:17:08,256 INFO     [psi4.driver.task_planner:285] PLANNING Atomic:  keywords={'DAMPING_PERCENTAGE': 1.0, 'GEOM_MAXITER': 500, 'GUESS': 'SAP', 'MAXITER': 500, 'REFERENCE': 'UKS', 'function_kwargs': {}}
2025-07-16:19:17:08,257 INFO     [psi4.driver.driver:636] Compute gradient(): method=b3lyp, basis=cc-pvdz, molecule=default, nre=31.750632640200006
2025-07-16:19:17:09,528 INFO     [psi4.driver.driver:639] Return gradient(): -174.86018096318224
2025-07-16:19:17:09,528 INFO     [psi4.driver.driver:640] [[ 0.00000000  0.00000000 -0.19178461]
 [ 0.00000000 -0.00000000  0.19178948]]
2025-07-16:19:17:09,530 INFO     [psi4.optking.molsys:874] Projected (PHP) Hessian matrix
	   1.048231

2025-07-16:19:17:09,530 INFO     [psi4.optking.opt_helper:168] 
	         Geometry (au)                                       Gradient (au)
   0.0000000000   0.0000000000   1.2311531826		   0.0000000000   0.0000000000  -0.1917846080
   0.0000000000   0.0000000000  -1.0365181679		   0.0000000000  -0.0000000000   0.1917894822

2025-07-16:19:17:09,530 INFO     [psi4.optking.stepAlgorithms:750] 	Using RFO solution 1.
2025-07-16:19:17:09,530 INFO     [psi4.optking.displace:73] 	Determining Cartesian step for fragment 1.
2025-07-16:19:17:09,530 INFO     [psi4.optking.displace:378] 	Successfully converged to displaced geometry.
2025-07-16:19:17:09,530 INFO     [psi4.optking.displace:379] 	RMS(dx):  0.000e+00 	Max(dx):  0.000e+00 	RMS(dq):  0.000e+00
2025-07-16:19:17:09,530 INFO     [psi4.optking.displace:132] 

	        --- Internal Coordinate Step in ANG or DEG, aJ/ANG or AJ/DEG ---
	-------------------------------------------------------------------------------
	           Coordinate      Previous         Force          Change          New 
	           ----------      --------        ------          ------        ------
	               R(1,2)       1.20000        1.58008        0.09378       1.29378
	-------------------------------------------------------------------------------

2025-07-16:19:17:09,530 INFO     [psi4.optking.stepAlgorithms:96] 	|target step| :    0.1772165627
2025-07-16:19:17:09,530 INFO     [psi4.optking.stepAlgorithms:97] 	gradient     :   -0.1917870451
2025-07-16:19:17:09,530 INFO     [psi4.optking.stepAlgorithms:98] 	hessian      :    1.0482306732
2025-07-16:19:17:09,530 INFO     [psi4.optking.stepAlgorithms:177] 	Norm of achieved step-size    0.1772165627
2025-07-16:19:17:09,530 INFO     [psi4.optking.stepAlgorithms:179] 	Norm of achieved step-size (cart):    0.1253110332
2025-07-16:19:17:09,531 INFO     [psi4.optking.opt_helper:151] Molsys:

	                            ===> Fragment 1 <== 

	 Z (Atomic Numbers)          Masses                          Geom                  
	       8.000000            15.994915          0.00000000  0.00000000  1.31976146   
	       9.000000            18.998403          0.00000000  0.00000000 -1.12512645   

	 - Coordinate -           - BOHR/RAD -       - ANG/DEG -
	 R(1,2)           =         2.444888           1.293779

2025-07-16:19:17:09,531 INFO     [psi4.optking.convcheck:71] Performing convergence check.
2025-07-16:19:17:09,531 INFO     [psi4.optking.convcheck:263] 
	                                 ==> Convergence Check <==                                  
    
	Measures of convergence in internal coordinates in au.
    
	Criteria marked as inactive (o), active & met (*), and active & unmet ( ).

	----------------------------------------------------------------------------------------------
	   Step    Total Energy     Delta E     Max Force     RMS Force      Max Disp      RMS Disp   
	----------------------------------------------------------------------------------------------
	  Convergence Criteria     1.00e-06 *    3.00e-04 *             o    1.20e-03 *             o
	----------------------------------------------------------------------------------------------
	     1    -174.86018096   -1.75e+02      1.92e-01      1.92e-01 o    1.77e-01      1.77e-01 o  ~
	----------------------------------------------------------------------------------------------


2025-07-16:19:17:09,531 INFO     [psi4.optking.stepAlgorithms:266] 	Convergence check returned False
2025-07-16:19:17:09,549 INFO     [psi4.driver.task_planner:285] PLANNING Atomic:  keywords={'DAMPING_PERCENTAGE': 1.0, 'GEOM_MAXITER': 500, 'SCF__GUESS': 'READ', 'GUESS': 'SAP', 'MAXITER': 500, 'REFERENCE': 'UKS', 'function_kwargs': {}}
2025-07-16:19:17:09,550 INFO     [psi4.driver.driver:636] Compute gradient(): method=b3lyp, basis=cc-pvdz, molecule=default, nre=29.449202808317672
2025-07-16:19:17:10,677 INFO     [psi4.driver.driver:639] Return gradient(): -174.88085229028619
2025-07-16:19:17:10,677 INFO     [psi4.driver.driver:640] [[-0.00000000  0.00000000 -0.05455677]
 [ 0.00000000 -0.00000000  0.05456314]]
2025-07-16:19:17:10,680 INFO     [psi4.optking.history:257] 	Performing BFGS update.
2025-07-16:19:17:10,680 INFO     [psi4.optking.history:268] 	Using 1 previous steps for update.
2025-07-16:19:17:10,681 INFO     [psi4.optking.history:302] 	Steps to be used in Hessian update:  1

2025-07-16:19:17:10,681 INFO     [psi4.optking.history:400] 	Updated Hessian (in au) 
 	   0.774347

2025-07-16:19:17:10,681 INFO     [psi4.optking.molsys:874] Projected (PHP) Hessian matrix
	   0.774347

2025-07-16:19:17:10,681 INFO     [psi4.optking.opt_helper:168] 
	         Geometry (au)                                       Gradient (au)
   0.0000000000   0.0000000000   1.3273667433		  -0.0000000000   0.0000000000  -0.0545567711
   0.0000000000   0.0000000000  -1.1175211699		   0.0000000000  -0.0000000000   0.0545631420

2025-07-16:19:17:10,681 INFO     [psi4.optking.stepAlgorithms:315] 	Current Step Report 
 
	Current energy:      -174.8808522903
	Energy change for the previous step:
		Actual       :        -0.0206713271
		Projected    :        -0.0169939205

2025-07-16:19:17:10,681 INFO     [psi4.optking.stepAlgorithms:318] 	Energy ratio =    1.21640
2025-07-16:19:17:10,681 INFO     [psi4.optking.stepAlgorithms:346] 	Energy ratio indicates good step.
2025-07-16:19:17:10,681 INFO     [psi4.optking.stepAlgorithms:347] 	Intrafrag trust radius increased to 1.000e+00.
2025-07-16:19:17:10,682 INFO     [psi4.optking.stepAlgorithms:750] 	Using RFO solution 1.
2025-07-16:19:17:10,682 INFO     [psi4.optking.displace:73] 	Determining Cartesian step for fragment 1.
2025-07-16:19:17:10,682 INFO     [psi4.optking.displace:378] 	Successfully converged to displaced geometry.
2025-07-16:19:17:10,682 INFO     [psi4.optking.displace:379] 	RMS(dx):  0.000e+00 	Max(dx):  0.000e+00 	RMS(dq):  0.000e+00
2025-07-16:19:17:10,682 INFO     [psi4.optking.displace:132] 

	        --- Internal Coordinate Step in ANG or DEG, aJ/ANG or AJ/DEG ---
	-------------------------------------------------------------------------------
	           Coordinate      Previous         Force          Change          New 
	           ----------      --------        ------          ------        ------
	               R(1,2)       1.29378        0.44950        0.03710       1.33088
	-------------------------------------------------------------------------------

2025-07-16:19:17:10,682 INFO     [psi4.optking.stepAlgorithms:96] 	|target step| :    0.0701129587
2025-07-16:19:17:10,682 INFO     [psi4.optking.stepAlgorithms:97] 	gradient     :   -0.0545599566
2025-07-16:19:17:10,682 INFO     [psi4.optking.stepAlgorithms:98] 	hessian      :    0.7743468583
2025-07-16:19:17:10,683 INFO     [psi4.optking.stepAlgorithms:177] 	Norm of achieved step-size    0.0701129587
2025-07-16:19:17:10,683 INFO     [psi4.optking.stepAlgorithms:179] 	Norm of achieved step-size (cart):    0.0495773485
2025-07-16:19:17:10,683 INFO     [psi4.optking.opt_helper:151] Molsys:

	                            ===> Fragment 1 <== 

	 Z (Atomic Numbers)          Masses                          Geom                  
	       8.000000            15.994915          0.00000000  0.00000000  1.36242322   
	       9.000000            18.998403          0.00000000  0.00000000 -1.15257765   

	 - Coordinate -           - BOHR/RAD -       - ANG/DEG -
	 R(1,2)           =         2.515001           1.330881

2025-07-16:19:17:10,683 INFO     [psi4.optking.convcheck:71] Performing convergence check.
2025-07-16:19:17:10,683 INFO     [psi4.optking.convcheck:263] 
	                                 ==> Convergence Check <==                                  
    
	Measures of convergence in internal coordinates in au.
    
	Criteria marked as inactive (o), active & met (*), and active & unmet ( ).

	----------------------------------------------------------------------------------------------
	   Step    Total Energy     Delta E     Max Force     RMS Force      Max Disp      RMS Disp   
	----------------------------------------------------------------------------------------------
	  Convergence Criteria     1.00e-06 *    3.00e-04 *             o    1.20e-03 *             o
	----------------------------------------------------------------------------------------------
	     2    -174.88085229   -2.07e-02      5.46e-02      5.46e-02 o    7.01e-02      7.01e-02 o  ~
	----------------------------------------------------------------------------------------------


2025-07-16:19:17:10,683 INFO     [psi4.optking.stepAlgorithms:266] 	Convergence check returned False
2025-07-16:19:17:10,701 INFO     [psi4.driver.task_planner:285] PLANNING Atomic:  keywords={'DAMPING_PERCENTAGE': 1.0, 'GEOM_MAXITER': 500, 'SCF__GUESS': 'READ', 'GUESS': 'SAP', 'MAXITER': 500, 'REFERENCE': 'UKS', 'function_kwargs': {}}
2025-07-16:19:17:10,702 INFO     [psi4.driver.driver:636] Compute gradient(): method=b3lyp, basis=cc-pvdz, molecule=default, nre=28.628220691588485
2025-07-16:19:17:11,932 INFO     [psi4.driver.driver:639] Return gradient(): -174.8833681148494
2025-07-16:19:17:11,932 INFO     [psi4.driver.driver:640] [[-0.00000000  0.00000000 -0.01855921]
 [ 0.00000000  0.00000000  0.01856522]]
2025-07-16:19:17:11,935 INFO     [psi4.optking.history:257] 	Performing BFGS update.
2025-07-16:19:17:11,935 INFO     [psi4.optking.history:268] 	Using 2 previous steps for update.
2025-07-16:19:17:11,935 INFO     [psi4.optking.history:302] 	Steps to be used in Hessian update:  2 1

2025-07-16:19:17:11,935 INFO     [psi4.optking.history:400] 	Updated Hessian (in au) 
 	   0.700381

2025-07-16:19:17:11,936 INFO     [psi4.optking.molsys:874] Projected (PHP) Hessian matrix
	   0.700381

2025-07-16:19:17:11,936 INFO     [psi4.optking.opt_helper:168] 
	         Geometry (au)                                       Gradient (au)
   0.0000000000   0.0000000000   1.3654321324		  -0.0000000000   0.0000000000  -0.0185592085
   0.0000000000   0.0000000000  -1.1495687395		   0.0000000000   0.0000000000   0.0185652242

2025-07-16:19:17:11,936 INFO     [psi4.optking.stepAlgorithms:315] 	Current Step Report 
 
	Current energy:      -174.8833681148
	Energy change for the previous step:
		Actual       :        -0.0025158246
		Projected    :        -0.0019126800

2025-07-16:19:17:11,936 INFO     [psi4.optking.stepAlgorithms:318] 	Energy ratio =    1.31534
2025-07-16:19:17:11,936 INFO     [psi4.optking.stepAlgorithms:750] 	Using RFO solution 1.
2025-07-16:19:17:11,936 INFO     [psi4.optking.displace:73] 	Determining Cartesian step for fragment 1.
2025-07-16:19:17:11,937 INFO     [psi4.optking.displace:378] 	Successfully converged to displaced geometry.
2025-07-16:19:17:11,937 INFO     [psi4.optking.displace:379] 	RMS(dx):  0.000e+00 	Max(dx):  0.000e+00 	RMS(dq):  0.000e+00
2025-07-16:19:17:11,937 INFO     [psi4.optking.displace:132] 

	        --- Internal Coordinate Step in ANG or DEG, aJ/ANG or AJ/DEG ---
	-------------------------------------------------------------------------------
	           Coordinate      Previous         Force          Change          New 
	           ----------      --------        ------          ------        ------
	               R(1,2)       1.33088        0.15293        0.01401       1.34490
	-------------------------------------------------------------------------------

2025-07-16:19:17:11,937 INFO     [psi4.optking.stepAlgorithms:96] 	|target step| :    0.0264844473
2025-07-16:19:17:11,937 INFO     [psi4.optking.stepAlgorithms:97] 	gradient     :   -0.0185622164
2025-07-16:19:17:11,937 INFO     [psi4.optking.stepAlgorithms:98] 	hessian      :    0.7003807221
2025-07-16:19:17:11,937 INFO     [psi4.optking.stepAlgorithms:177] 	Norm of achieved step-size    0.0264844473
2025-07-16:19:17:11,937 INFO     [psi4.optking.stepAlgorithms:179] 	Norm of achieved step-size (cart):    0.0187273323
2025-07-16:19:17:11,937 INFO     [psi4.optking.opt_helper:151] Molsys:

	                            ===> Fragment 1 <== 

	 Z (Atomic Numbers)          Masses                          Geom                  
	       8.000000            15.994915          0.00000000  0.00000000  1.37867436   
	       9.000000            18.998403          0.00000000  0.00000000 -1.16281096   

	 - Coordinate -           - BOHR/RAD -       - ANG/DEG -
	 R(1,2)           =         2.541485           1.344896

2025-07-16:19:17:11,938 INFO     [psi4.optking.convcheck:71] Performing convergence check.
2025-07-16:19:17:11,938 INFO     [psi4.optking.convcheck:263] 
	                                 ==> Convergence Check <==                                  
    
	Measures of convergence in internal coordinates in au.
    
	Criteria marked as inactive (o), active & met (*), and active & unmet ( ).

	----------------------------------------------------------------------------------------------
	   Step    Total Energy     Delta E     Max Force     RMS Force      Max Disp      RMS Disp   
	----------------------------------------------------------------------------------------------
	  Convergence Criteria     1.00e-06 *    3.00e-04 *             o    1.20e-03 *             o
	----------------------------------------------------------------------------------------------
	     3    -174.88336811   -2.52e-03      1.86e-02      1.86e-02 o    2.65e-02      2.65e-02 o  ~
	----------------------------------------------------------------------------------------------


2025-07-16:19:17:11,938 INFO     [psi4.optking.stepAlgorithms:266] 	Convergence check returned False
2025-07-16:19:17:11,956 INFO     [psi4.driver.task_planner:285] PLANNING Atomic:  keywords={'DAMPING_PERCENTAGE': 1.0, 'GEOM_MAXITER': 500, 'SCF__GUESS': 'READ', 'GUESS': 'SAP', 'MAXITER': 500, 'REFERENCE': 'UKS', 'function_kwargs': {}}
2025-07-16:19:17:11,958 INFO     [psi4.driver.driver:636] Compute gradient(): method=b3lyp, basis=cc-pvdz, molecule=default, nre=28.329890184873616
2025-07-16:19:17:13,48 INFO     [psi4.driver.driver:639] Return gradient(): -174.88370376841036
2025-07-16:19:17:13,49 INFO     [psi4.driver.driver:640] [[ 0.00000000  0.00000000 -0.00695184]
 [ 0.00000000 -0.00000000  0.00695936]]
2025-07-16:19:17:13,51 INFO     [psi4.optking.history:257] 	Performing BFGS update.
2025-07-16:19:17:13,51 INFO     [psi4.optking.history:268] 	Using 3 previous steps for update.
2025-07-16:19:17:13,51 INFO     [psi4.optking.history:302] 	Steps to be used in Hessian update:  3 2 1

2025-07-16:19:17:13,52 INFO     [psi4.optking.history:400] 	Updated Hessian (in au) 
 	   0.675026

2025-07-16:19:17:13,52 INFO     [psi4.optking.molsys:874] Projected (PHP) Hessian matrix
	   0.675026

2025-07-16:19:17:13,52 INFO     [psi4.optking.opt_helper:168] 
	         Geometry (au)                                       Gradient (au)
   0.0000000000   0.0000000000   1.3798109407		   0.0000000000   0.0000000000  -0.0069518425
   0.0000000000   0.0000000000  -1.1616743785		   0.0000000000  -0.0000000000   0.0069593579

2025-07-16:19:17:13,52 INFO     [psi4.optking.stepAlgorithms:315] 	Current Step Report 
 
	Current energy:      -174.8837037684
	Energy change for the previous step:
		Actual       :        -0.0003356536
		Projected    :        -0.0002458050

2025-07-16:19:17:13,52 INFO     [psi4.optking.stepAlgorithms:318] 	Energy ratio =    1.36553
2025-07-16:19:17:13,52 INFO     [psi4.optking.stepAlgorithms:750] 	Using RFO solution 1.
2025-07-16:19:17:13,53 INFO     [psi4.optking.displace:73] 	Determining Cartesian step for fragment 1.
2025-07-16:19:17:13,53 INFO     [psi4.optking.displace:378] 	Successfully converged to displaced geometry.
2025-07-16:19:17:13,53 INFO     [psi4.optking.displace:379] 	RMS(dx):  0.000e+00 	Max(dx):  0.000e+00 	RMS(dq):  0.000e+00
2025-07-16:19:17:13,53 INFO     [psi4.optking.displace:132] 

	        --- Internal Coordinate Step in ANG or DEG, aJ/ANG or AJ/DEG ---
	-------------------------------------------------------------------------------
	           Coordinate      Previous         Force          Change          New 
	           ----------      --------        ------          ------        ------
	               R(1,2)       1.34490        0.05731        0.00545       1.35035
	-------------------------------------------------------------------------------

2025-07-16:19:17:13,53 INFO     [psi4.optking.stepAlgorithms:96] 	|target step| :    0.0103031079
2025-07-16:19:17:13,53 INFO     [psi4.optking.stepAlgorithms:97] 	gradient     :   -0.0069556002
2025-07-16:19:17:13,53 INFO     [psi4.optking.stepAlgorithms:98] 	hessian      :    0.6750256234
2025-07-16:19:17:13,53 INFO     [psi4.optking.stepAlgorithms:177] 	Norm of achieved step-size    0.0103031079
2025-07-16:19:17:13,53 INFO     [psi4.optking.stepAlgorithms:179] 	Norm of achieved step-size (cart):    0.0072853975
2025-07-16:19:17:13,54 INFO     [psi4.optking.opt_helper:151] Molsys:

	                            ===> Fragment 1 <== 

	 Z (Atomic Numbers)          Masses                          Geom                  
	       8.000000            15.994915          0.00000000  0.00000000  1.38496249   
	       9.000000            18.998403          0.00000000  0.00000000 -1.16682593   

	 - Coordinate -           - BOHR/RAD -       - ANG/DEG -
	 R(1,2)           =         2.551788           1.350348

2025-07-16:19:17:13,54 INFO     [psi4.optking.convcheck:71] Performing convergence check.
2025-07-16:19:17:13,54 INFO     [psi4.optking.convcheck:263] 
	                                 ==> Convergence Check <==                                  
    
	Measures of convergence in internal coordinates in au.
    
	Criteria marked as inactive (o), active & met (*), and active & unmet ( ).

	----------------------------------------------------------------------------------------------
	   Step    Total Energy     Delta E     Max Force     RMS Force      Max Disp      RMS Disp   
	----------------------------------------------------------------------------------------------
	  Convergence Criteria     1.00e-06 *    3.00e-04 *             o    1.20e-03 *             o
	----------------------------------------------------------------------------------------------
	     4    -174.88370377   -3.36e-04      6.96e-03      6.96e-03 o    1.03e-02      1.03e-02 o  ~
	----------------------------------------------------------------------------------------------


2025-07-16:19:17:13,54 INFO     [psi4.optking.stepAlgorithms:266] 	Convergence check returned False
2025-07-16:19:17:13,68 INFO     [psi4.driver.task_planner:285] PLANNING Atomic:  keywords={'DAMPING_PERCENTAGE': 1.0, 'GEOM_MAXITER': 500, 'SCF__GUESS': 'READ', 'GUESS': 'SAP', 'MAXITER': 500, 'REFERENCE': 'UKS', 'function_kwargs': {}}
2025-07-16:19:17:13,71 INFO     [psi4.driver.driver:636] Compute gradient(): method=b3lyp, basis=cc-pvdz, molecule=default, nre=28.215505342720036
2025-07-16:19:17:14,116 INFO     [psi4.driver.driver:639] Return gradient(): -174.88375338817963
2025-07-16:19:17:14,116 INFO     [psi4.driver.driver:640] [[-0.00000000  0.00000000 -0.00270026]
 [ 0.00000000  0.00000000  0.00270822]]
2025-07-16:19:17:14,118 INFO     [psi4.optking.history:257] 	Performing BFGS update.
2025-07-16:19:17:14,118 INFO     [psi4.optking.history:268] 	Using 4 previous steps for update.
2025-07-16:19:17:14,118 INFO     [psi4.optking.history:302] 	Steps to be used in Hessian update:  4 3 2 1

2025-07-16:19:17:14,118 INFO     [psi4.optking.history:400] 	Updated Hessian (in au) 
 	   0.665510

2025-07-16:19:17:14,118 INFO     [psi4.optking.molsys:874] Projected (PHP) Hessian matrix
	   0.665510

2025-07-16:19:17:14,118 INFO     [psi4.optking.opt_helper:168] 
	         Geometry (au)                                       Gradient (au)
   0.0000000000   0.0000000000   1.3854046543		  -0.0000000000   0.0000000000  -0.0027002632
   0.0000000000   0.0000000000  -1.1663837729		   0.0000000000   0.0000000000   0.0027082186

2025-07-16:19:17:14,118 INFO     [psi4.optking.stepAlgorithms:315] 	Current Step Report 
 
	Current energy:      -174.8837533882
	Energy change for the previous step:
		Actual       :        -0.0000496198
		Projected    :        -0.0000358321

2025-07-16:19:17:14,118 INFO     [psi4.optking.stepAlgorithms:318] 	Energy ratio =    1.38478
2025-07-16:19:17:14,118 INFO     [psi4.optking.stepAlgorithms:750] 	Using RFO solution 1.
2025-07-16:19:17:14,119 INFO     [psi4.optking.displace:73] 	Determining Cartesian step for fragment 1.
2025-07-16:19:17:14,119 INFO     [psi4.optking.displace:378] 	Successfully converged to displaced geometry.
2025-07-16:19:17:14,119 INFO     [psi4.optking.displace:379] 	RMS(dx):  0.000e+00 	Max(dx):  0.000e+00 	RMS(dq):  0.000e+00
2025-07-16:19:17:14,119 INFO     [psi4.optking.displace:132] 

	        --- Internal Coordinate Step in ANG or DEG, aJ/ANG or AJ/DEG ---
	-------------------------------------------------------------------------------
	           Coordinate      Previous         Force          Change          New 
	           ----------      --------        ------          ------        ------
	               R(1,2)       1.35035        0.02228        0.00215       1.35250
	-------------------------------------------------------------------------------

2025-07-16:19:17:14,119 INFO     [psi4.optking.stepAlgorithms:96] 	|target step| :    0.0040633432
2025-07-16:19:17:14,119 INFO     [psi4.optking.stepAlgorithms:97] 	gradient     :   -0.0027042409
2025-07-16:19:17:14,119 INFO     [psi4.optking.stepAlgorithms:98] 	hessian      :    0.6655101710
2025-07-16:19:17:14,119 INFO     [psi4.optking.stepAlgorithms:177] 	Norm of achieved step-size    0.0040633432
2025-07-16:19:17:14,119 INFO     [psi4.optking.stepAlgorithms:179] 	Norm of achieved step-size (cart):    0.0028732175
2025-07-16:19:17:14,119 INFO     [psi4.optking.opt_helper:151] Molsys:

	                            ===> Fragment 1 <== 

	 Z (Atomic Numbers)          Masses                          Geom                  
	       8.000000            15.994915          0.00000000  0.00000000  1.38743633   
	       9.000000            18.998403          0.00000000  0.00000000 -1.16841544   

	 - Coordinate -           - BOHR/RAD -       - ANG/DEG -
	 R(1,2)           =         2.555852           1.352499

2025-07-16:19:17:14,119 INFO     [psi4.optking.convcheck:71] Performing convergence check.
2025-07-16:19:17:14,119 INFO     [psi4.optking.convcheck:263] 
	                                 ==> Convergence Check <==                                  
    
	Measures of convergence in internal coordinates in au.
    
	Criteria marked as inactive (o), active & met (*), and active & unmet ( ).

	----------------------------------------------------------------------------------------------
	   Step    Total Energy     Delta E     Max Force     RMS Force      Max Disp      RMS Disp   
	----------------------------------------------------------------------------------------------
	  Convergence Criteria     1.00e-06 *    3.00e-04 *             o    1.20e-03 *             o
	----------------------------------------------------------------------------------------------
	     5    -174.88375339   -4.96e-05      2.70e-03      2.70e-03 o    4.06e-03      4.06e-03 o  ~
	----------------------------------------------------------------------------------------------


2025-07-16:19:17:14,119 INFO     [psi4.optking.stepAlgorithms:266] 	Convergence check returned False
2025-07-16:19:17:14,138 INFO     [psi4.driver.task_planner:285] PLANNING Atomic:  keywords={'DAMPING_PERCENTAGE': 1.0, 'GEOM_MAXITER': 500, 'SCF__GUESS': 'READ', 'GUESS': 'SAP', 'MAXITER': 500, 'REFERENCE': 'UKS', 'function_kwargs': {}}
2025-07-16:19:17:14,139 INFO     [psi4.driver.driver:636] Compute gradient(): method=b3lyp, basis=cc-pvdz, molecule=default, nre=28.170647779656314
2025-07-16:19:17:15,111 INFO     [psi4.driver.driver:639] Return gradient(): -174.88376103027005
2025-07-16:19:17:15,112 INFO     [psi4.driver.driver:640] [[ 0.00000000 -0.00000000 -0.00106255]
 [ 0.00000000 -0.00000000  0.00107063]]
2025-07-16:19:17:15,114 INFO     [psi4.optking.history:257] 	Performing BFGS update.
2025-07-16:19:17:15,115 INFO     [psi4.optking.history:268] 	Using 4 previous steps for update.
2025-07-16:19:17:15,115 INFO     [psi4.optking.history:302] 	Steps to be used in Hessian update:  5 4 3 2

2025-07-16:19:17:15,115 INFO     [psi4.optking.history:400] 	Updated Hessian (in au) 
 	   0.482079

2025-07-16:19:17:15,116 INFO     [psi4.optking.molsys:874] Projected (PHP) Hessian matrix
	   0.482079

2025-07-16:19:17:15,116 INFO     [psi4.optking.opt_helper:168] 
	         Geometry (au)                                       Gradient (au)
   0.0000000000   0.0000000000   1.3876107050		   0.0000000000  -0.0000000000  -0.0010625464
   0.0000000000   0.0000000000  -1.1682410654		   0.0000000000  -0.0000000000   0.0010706299

2025-07-16:19:17:15,116 INFO     [psi4.optking.stepAlgorithms:315] 	Current Step Report 
 
	Current energy:      -174.8837610303
	Energy change for the previous step:
		Actual       :        -0.0000076421
		Projected    :        -0.0000054941

2025-07-16:19:17:15,116 INFO     [psi4.optking.stepAlgorithms:318] 	Energy ratio =    1.39096
2025-07-16:19:17:15,116 INFO     [psi4.optking.stepAlgorithms:750] 	Using RFO solution 1.
2025-07-16:19:17:15,116 INFO     [psi4.optking.displace:73] 	Determining Cartesian step for fragment 1.
2025-07-16:19:17:15,116 INFO     [psi4.optking.displace:378] 	Successfully converged to displaced geometry.
2025-07-16:19:17:15,116 INFO     [psi4.optking.displace:379] 	RMS(dx):  0.000e+00 	Max(dx):  0.000e+00 	RMS(dq):  0.000e+00
2025-07-16:19:17:15,117 INFO     [psi4.optking.displace:132] 

	        --- Internal Coordinate Step in ANG or DEG, aJ/ANG or AJ/DEG ---
	-------------------------------------------------------------------------------
	           Coordinate      Previous         Force          Change          New 
	           ----------      --------        ------          ------        ------
	               R(1,2)       1.35250        0.00879        0.00117       1.35367
	-------------------------------------------------------------------------------

2025-07-16:19:17:15,117 INFO     [psi4.optking.stepAlgorithms:96] 	|target step| :    0.0022124641
2025-07-16:19:17:15,117 INFO     [psi4.optking.stepAlgorithms:97] 	gradient     :   -0.0010665882
2025-07-16:19:17:15,117 INFO     [psi4.optking.stepAlgorithms:98] 	hessian      :    0.4820792085
2025-07-16:19:17:15,117 INFO     [psi4.optking.stepAlgorithms:177] 	Norm of achieved step-size    0.0022124641
2025-07-16:19:17:15,117 INFO     [psi4.optking.stepAlgorithms:179] 	Norm of achieved step-size (cart):    0.0015644484
2025-07-16:19:17:15,117 INFO     [psi4.optking.opt_helper:151] Molsys:

	                            ===> Fragment 1 <== 

	 Z (Atomic Numbers)          Masses                          Geom                  
	       8.000000            15.994915          0.00000000  0.00000000  1.38871694   
	       9.000000            18.998403          0.00000000  0.00000000 -1.16934730   

	 - Coordinate -           - BOHR/RAD -       - ANG/DEG -
	 R(1,2)           =         2.558064           1.353669

2025-07-16:19:17:15,117 INFO     [psi4.optking.convcheck:71] Performing convergence check.
2025-07-16:19:17:15,117 INFO     [psi4.optking.convcheck:263] 
	                                 ==> Convergence Check <==                                  
    
	Measures of convergence in internal coordinates in au.
    
	Criteria marked as inactive (o), active & met (*), and active & unmet ( ).

	----------------------------------------------------------------------------------------------
	   Step    Total Energy     Delta E     Max Force     RMS Force      Max Disp      RMS Disp   
	----------------------------------------------------------------------------------------------
	  Convergence Criteria     1.00e-06 *    3.00e-04 *             o    1.20e-03 *             o
	----------------------------------------------------------------------------------------------
	     6    -174.88376103   -7.64e-06      1.07e-03      1.07e-03 o    2.21e-03      2.21e-03 o  ~
	----------------------------------------------------------------------------------------------


2025-07-16:19:17:15,118 INFO     [psi4.optking.stepAlgorithms:266] 	Convergence check returned False
2025-07-16:19:17:15,134 INFO     [psi4.driver.task_planner:285] PLANNING Atomic:  keywords={'DAMPING_PERCENTAGE': 1.0, 'GEOM_MAXITER': 500, 'SCF__GUESS': 'READ', 'GUESS': 'SAP', 'MAXITER': 500, 'REFERENCE': 'UKS', 'function_kwargs': {}}
2025-07-16:19:17:15,136 INFO     [psi4.driver.driver:636] Compute gradient(): method=b3lyp, basis=cc-pvdz, molecule=default, nre=28.14628304878133
2025-07-16:19:17:16,47 INFO     [psi4.driver.driver:639] Return gradient(): -174.88376241021714
2025-07-16:19:17:16,47 INFO     [psi4.driver.driver:640] [[-0.00000000  0.00000000 -0.00017995]
 [ 0.00000000 -0.00000000  0.00018809]]
2025-07-16:19:17:16,49 INFO     [psi4.optking.history:257] 	Performing BFGS update.
2025-07-16:19:17:16,50 INFO     [psi4.optking.history:268] 	Using 4 previous steps for update.
2025-07-16:19:17:16,50 INFO     [psi4.optking.history:302] 	Steps to be used in Hessian update:  6 5 4 3

2025-07-16:19:17:16,50 INFO     [psi4.optking.history:400] 	Updated Hessian (in au) 
 	   0.426771

2025-07-16:19:17:16,51 INFO     [psi4.optking.molsys:874] Projected (PHP) Hessian matrix
	   0.426771

2025-07-16:19:17:16,51 INFO     [psi4.optking.opt_helper:168] 
	         Geometry (au)                                       Gradient (au)
   0.0000000000   0.0000000000   1.3888118853		  -0.0000000000   0.0000000000  -0.0001799508
   0.0000000000   0.0000000000  -1.1692523492		   0.0000000000  -0.0000000000   0.0001880917

2025-07-16:19:17:16,51 INFO     [psi4.optking.stepAlgorithms:315] 	Current Step Report 
 
	Current energy:      -174.8837624102
	Energy change for the previous step:
		Actual       :        -0.0000013799
		Projected    :        -0.0000011799

2025-07-16:19:17:16,51 INFO     [psi4.optking.stepAlgorithms:318] 	Energy ratio =    1.16955
2025-07-16:19:17:16,51 INFO     [psi4.optking.stepAlgorithms:750] 	Using RFO solution 1.
2025-07-16:19:17:16,51 INFO     [psi4.optking.displace:73] 	Determining Cartesian step for fragment 1.
2025-07-16:19:17:16,54 INFO     [psi4.optking.displace:378] 	Successfully converged to displaced geometry.
2025-07-16:19:17:16,54 INFO     [psi4.optking.displace:379] 	RMS(dx):  0.000e+00 	Max(dx):  0.000e+00 	RMS(dq):  0.000e+00
2025-07-16:19:17:16,54 INFO     [psi4.optking.displace:132] 

	        --- Internal Coordinate Step in ANG or DEG, aJ/ANG or AJ/DEG ---
	-------------------------------------------------------------------------------
	           Coordinate      Previous         Force          Change          New 
	           ----------      --------        ------          ------        ------
	               R(1,2)       1.35367        0.00152        0.00023       1.35390
	-------------------------------------------------------------------------------

2025-07-16:19:17:16,54 INFO     [psi4.optking.stepAlgorithms:96] 	|target step| :    0.0004311943
2025-07-16:19:17:16,54 INFO     [psi4.optking.stepAlgorithms:97] 	gradient     :   -0.0001840213
2025-07-16:19:17:16,54 INFO     [psi4.optking.stepAlgorithms:98] 	hessian      :    0.4267710185
2025-07-16:19:17:16,54 INFO     [psi4.optking.stepAlgorithms:177] 	Norm of achieved step-size    0.0004311943
2025-07-16:19:17:16,54 INFO     [psi4.optking.stepAlgorithms:179] 	Norm of achieved step-size (cart):    0.0003049004
2025-07-16:19:17:16,54 INFO     [psi4.optking.opt_helper:151] Molsys:

	                            ===> Fragment 1 <== 

	 Z (Atomic Numbers)          Masses                          Geom                  
	       8.000000            15.994915          0.00000000  0.00000000  1.38902748   
	       9.000000            18.998403          0.00000000  0.00000000 -1.16946795   

	 - Coordinate -           - BOHR/RAD -       - ANG/DEG -
	 R(1,2)           =         2.558495           1.353897

2025-07-16:19:17:16,55 INFO     [psi4.optking.convcheck:71] Performing convergence check.
2025-07-16:19:17:16,55 INFO     [psi4.optking.convcheck:263] 
	                                 ==> Convergence Check <==                                  
    
	Measures of convergence in internal coordinates in au.
    
	Criteria marked as inactive (o), active & met (*), and active & unmet ( ).

	----------------------------------------------------------------------------------------------
	   Step    Total Energy     Delta E     Max Force     RMS Force      Max Disp      RMS Disp   
	----------------------------------------------------------------------------------------------
	  Convergence Criteria     1.00e-06 *    3.00e-04 *             o    1.20e-03 *             o
	----------------------------------------------------------------------------------------------
	     7    -174.88376241   -1.38e-06      1.84e-04 *    1.84e-04 o    4.31e-04 *    4.31e-04 o  ~
	----------------------------------------------------------------------------------------------


2025-07-16:19:17:16,55 INFO     [psi4.optking.convcheck:193] 
	                      ===> Final Convergence Report <===                     

	----------------------------------------------------------------------------
	|   Required Criteria    |  One or More Criteria  |   Alternate Criteria   |
	----------------------------------------------------------------------------
	| [x]     max_force      | [ ]       max_DE       |                        |
	|                        | [x]      max_disp      |                        |
	----------------------------------------------------------------------------


2025-07-16:19:17:16,55 INFO     [psi4.optking.stepAlgorithms:266] 	Convergence check returned True
2025-07-16:19:17:16,55 INFO     [psi4.optking.optimize:286] 	Converged in 7 steps!
2025-07-16:19:17:16,55 INFO     [psi4.optking.optimize:287] 	Final energy is   -174.8837624102171
2025-07-16:19:17:16,55 INFO     [psi4.optking.optimize:288] 	Final structure (Angstroms): 
	Fragment 1 (Ang)

	    O   0.0000000000   0.0000000000   0.7350416887
	    F   0.0000000000   0.0000000000  -0.6188557858


2025-07-16:19:17:16,56 INFO     [psi4.optking.optimize:432] 	Optimization Finished

	==> Optimization Summary <==

        
	Measures of convergence in internal coordinates in au. (Any backward steps not shown.)
        
	---------------------------------------------------------------------------------------------------------------  ~
        
	 Step         Total Energy             Delta E       MAX Force       RMS Force        MAX Disp        RMS Disp   ~
        
	---------------------------------------------------------------------------------------------------------------  ~
        
	     1    -174.860180963182   -174.860180963182      0.19178705      0.19178705      0.17721656      0.17721656  ~
	     2    -174.880852290286     -0.020671327104      0.05455996      0.05455996      0.07011296      0.07011296  ~
	     3    -174.883368114849     -0.002515824563      0.01856222      0.01856222      0.02648445      0.02648445  ~
	     4    -174.883703768410     -0.000335653561      0.00695560      0.00695560      0.01030311      0.01030311  ~
	     5    -174.883753388180     -0.000049619769      0.00270424      0.00270424      0.00406334      0.00406334  ~
	     6    -174.883761030270     -0.000007642090      0.00106659      0.00106659      0.00221246      0.00221246  ~
	     7    -174.883762410217     -0.000001379947      0.00018402      0.00018402      0.00043119      0.00043119  ~
	----------------------------------------------------------------------------------------------------------------


2025-07-16:19:17:16,56 INFO     [psi4.optking.optimize:640] Preparing OptimizationResult
