2025-07-16:19:07:26,877 INFO     [psi4.optking.optwrapper:214] Creating a UserComputer
2025-07-16:19:07:26,877 INFO     [psi4.optking.optwrapper:222] 
    			-----------------------------------------

    			 OPTKING 3.0: for geometry optimizations 

    			     By R.A. King, Bethel University     

    			        with contributions from          

    			    A.V. Copan, J. Cayton, A. Heide      

    			-----------------------------------------

    
2025-07-16:19:07:26,877 INFO     [psi4.optking.optwrapper:238] 
		 -- Optimization Parameters --
	accept_symmetry_breaking       =           False
	alg_geom_maxiter               =             500
	bt_dx_conv                     =           1e-07
	bt_dx_rms_change_conv          =           1e-12
	bt_max_iter                    =              25
	cart_hess_read                 =           False
	consecutive_backsteps_allowed  =               0
	conv_max_DE                    =           1e-06
	conv_max_disp                  =          0.0012
	conv_max_force                 =          0.0003
	conv_rms_disp                  =              -1
	conv_rms_force                 =              -1
	covalent_connect               =             1.3
	dynamic_level                  =               0
	dynamic_level_max              =               0
	ensure_bt_convergence          =           False
	ext_force_bend                 =              []
	ext_force_cartesian            =              []
	ext_force_dihedral             =              []
	ext_force_distance             =              []
	ext_force_oofp                 =              []
	fix_val_near_pi                =            1.57
	flexible_g_convergence         =           False
	frag_mode                      =          SINGLE
	frag_ref_atoms                 =            None
	freeze_intrafrag               =           False
	frozen_bend                    =              []
	frozen_cartesian               =              []
	frozen_dihedral                =              []
	frozen_distance                =              []
	frozen_oofp                    =              []
	full_hess_every                =              -1
	g_convergence                  =           QCHEM
	generate_intcos_exit           =           False
	geom_maxiter                   =             500
	h_bond_connect                 =             4.3
	hess_update                    =            BFGS
	hess_update_den_tol            =           1e-07
	hess_update_dq_tol             =             0.5
	hess_update_limit              =            True
	hess_update_limit_max          =             1.0
	hess_update_limit_scale        =             0.5
	hess_update_use_last           =               4
	hessian_file                   =            None
	i_max_DE                       =            True
	i_max_disp                     =            True
	i_max_force                    =            True
	i_rms_disp                     =           False
	i_rms_force                    =           False
	i_untampered                   =            True
	include_oofp                   =           False
	interfrag_collinear_tol        =            0.01
	interfrag_coords               =            None
	interfrag_dist_inv             =           False
	interfrag_mode                 =           FIXED
	interfrag_trust                =             0.5
	interfrag_trust_max            =             1.0
	interfrag_trust_min            =           0.001
	interfragment_connect          =             1.8
	intrafrag_hess                 =        SCHLEGEL
	intrafrag_trust                =             0.5
	intrafrag_trust_max            =             1.0
	intrafrag_trust_min            =           0.001
	irc_direction                  =         FORWARD
	irc_points                     =              20
	irc_step_size                  =             0.2
	keep_intcos                    =           False
	linear_bend_threshold          =            3.05
	linesearch                     =           False
	linesearch_step                =             0.1
	max_disp_g_convergence         =          0.0012
	max_energy_g_convergence       =           1e-06
	max_force_g_convergence        =          0.0003
	opt_coordinates                =       REDUNDANT
	opt_type                       =             MIN
	output_type                    =            FILE
	print_lvl                      =               1
	program                        =            psi4
	ranged_bend                    =              []
	ranged_cartesian               =              []
	ranged_dihedral                =              []
	ranged_distance                =              []
	ranged_oofp                    =              []
	redundant_eval_tol             =           1e-10
	rfo_follow_root                =           False
	rfo_normalization_max          =             100
	rfo_root                       =               0
	rms_disp_g_convergence         =          0.0012
	rms_force_g_convergence        =          0.0003
	rsrfo_alpha_max                =     100000000.0
	sd_hessian                     =             1.0
	simple_step_scaling            =           False
	small_bend_fix_threshold       =            0.35
	steepest_descent_type          =         OVERLAP
	step_type                      =             RFO
	test_B                         =           False
	test_derivative_B              =           False
	trajectory                     =           False
	v3d_tors_angle_lim             =           0.017
	v3d_tors_cos_tol               =           1e-10
	working_consecutive_backsteps  =               0
	working_steps_since_last_H     =               0


2025-07-16:19:07:27,366 INFO     [psi4.optking.opt_helper:151] Molsys:

	                            ===> Fragment 1 <== 

	 Z (Atomic Numbers)          Masses                          Geom                  
	       7.000000            14.003074          0.00000000  0.00000000  1.20912139   
	       8.000000            15.994915          0.00000000  0.00000000 -1.05854996   

	 - Coordinate -           - BOHR/RAD -       - ANG/DEG -
	 R(1,2)           =         2.267671           1.200000

2025-07-16:19:07:27,377 INFO     [psi4.driver.task_planner:285] PLANNING Atomic:  keywords={'DAMPING_PERCENTAGE': 1.0, 'GEOM_MAXITER': 500, 'GUESS': 'SAP', 'MAXITER': 500, 'REFERENCE': 'UKS', 'function_kwargs': {}}
2025-07-16:19:07:27,378 INFO     [psi4.driver.driver:636] Compute gradient(): method=b3lyp, basis=cc-pvdz, molecule=default, nre=24.694936497933337
2025-07-16:19:07:28,387 INFO     [psi4.driver.driver:639] Return gradient(): -129.6928441877978
2025-07-16:19:07:28,387 INFO     [psi4.driver.driver:640] [[ 0.00000000 -0.00000000 -0.11506605]
 [-0.00000000  0.00000000  0.11506791]]
2025-07-16:19:07:28,388 INFO     [psi4.optking.molsys:874] Projected (PHP) Hessian matrix
	   1.048231

2025-07-16:19:07:28,388 INFO     [psi4.optking.opt_helper:168] 
	         Geometry (au)                                       Gradient (au)
   0.0000000000   0.0000000000   1.2091213878		   0.0000000000  -0.0000000000  -0.1150660452
   0.0000000000   0.0000000000  -1.0585499627		  -0.0000000000   0.0000000000   0.1150679059

2025-07-16:19:07:28,388 INFO     [psi4.optking.stepAlgorithms:750] 	Using RFO solution 1.
2025-07-16:19:07:28,388 INFO     [psi4.optking.displace:73] 	Determining Cartesian step for fragment 1.
2025-07-16:19:07:28,388 INFO     [psi4.optking.displace:378] 	Successfully converged to displaced geometry.
2025-07-16:19:07:28,388 INFO     [psi4.optking.displace:379] 	RMS(dx):  0.000e+00 	Max(dx):  0.000e+00 	RMS(dq):  0.000e+00
2025-07-16:19:07:28,389 INFO     [psi4.optking.displace:132] 

	        --- Internal Coordinate Step in ANG or DEG, aJ/ANG or AJ/DEG ---
	-------------------------------------------------------------------------------
	           Coordinate      Previous         Force          Change          New 
	           ----------      --------        ------          ------        ------
	               R(1,2)       1.20000        0.94800        0.05741       1.25741
	-------------------------------------------------------------------------------

2025-07-16:19:07:28,389 INFO     [psi4.optking.stepAlgorithms:96] 	|target step| :    0.1084807587
2025-07-16:19:07:28,389 INFO     [psi4.optking.stepAlgorithms:97] 	gradient     :   -0.1150669756
2025-07-16:19:07:28,389 INFO     [psi4.optking.stepAlgorithms:98] 	hessian      :    1.0482306732
2025-07-16:19:07:28,389 INFO     [psi4.optking.stepAlgorithms:177] 	Norm of achieved step-size    0.1084807587
2025-07-16:19:07:28,389 INFO     [psi4.optking.stepAlgorithms:179] 	Norm of achieved step-size (cart):    0.0767074801
2025-07-16:19:07:28,389 INFO     [psi4.optking.opt_helper:151] Molsys:

	                            ===> Fragment 1 <== 

	 Z (Atomic Numbers)          Masses                          Geom                  
	       7.000000            14.003074          0.00000000  0.00000000  1.26336177   
	       8.000000            15.994915          0.00000000  0.00000000 -1.11279034   

	 - Coordinate -           - BOHR/RAD -       - ANG/DEG -
	 R(1,2)           =         2.376152           1.257406

2025-07-16:19:07:28,389 INFO     [psi4.optking.convcheck:71] Performing convergence check.
2025-07-16:19:07:28,389 INFO     [psi4.optking.convcheck:263] 
	                                 ==> Convergence Check <==                                  
    
	Measures of convergence in internal coordinates in au.
    
	Criteria marked as inactive (o), active & met (*), and active & unmet ( ).

	----------------------------------------------------------------------------------------------
	   Step    Total Energy     Delta E     Max Force     RMS Force      Max Disp      RMS Disp   
	----------------------------------------------------------------------------------------------
	  Convergence Criteria     1.00e-06 *    3.00e-04 *             o    1.20e-03 *             o
	----------------------------------------------------------------------------------------------
	     1    -129.69284419   -1.30e+02      1.15e-01      1.15e-01 o    1.08e-01      1.08e-01 o  ~
	----------------------------------------------------------------------------------------------


2025-07-16:19:07:28,389 INFO     [psi4.optking.stepAlgorithms:266] 	Convergence check returned False
2025-07-16:19:07:28,405 INFO     [psi4.driver.task_planner:285] PLANNING Atomic:  keywords={'DAMPING_PERCENTAGE': 1.0, 'GEOM_MAXITER': 500, 'SCF__GUESS': 'READ', 'GUESS': 'SAP', 'MAXITER': 500, 'REFERENCE': 'UKS', 'function_kwargs': {}}
2025-07-16:19:07:28,406 INFO     [psi4.driver.driver:636] Compute gradient(): method=b3lyp, basis=cc-pvdz, molecule=default, nre=23.567514798895946
2025-07-16:19:07:29,301 INFO     [psi4.driver.driver:639] Return gradient(): -129.700405168279
2025-07-16:19:07:29,301 INFO     [psi4.driver.driver:640] [[ 0.00000000  0.00000000 -0.03027871]
 [ 0.00000000 -0.00000000  0.03027951]]
2025-07-16:19:07:29,303 INFO     [psi4.optking.history:257] 	Performing BFGS update.
2025-07-16:19:07:29,303 INFO     [psi4.optking.history:268] 	Using 1 previous steps for update.
2025-07-16:19:07:29,303 INFO     [psi4.optking.history:302] 	Steps to be used in Hessian update:  1

2025-07-16:19:07:29,303 INFO     [psi4.optking.history:400] 	Updated Hessian (in au) 
 	   0.781594

2025-07-16:19:07:29,303 INFO     [psi4.optking.molsys:874] Projected (PHP) Hessian matrix
	   0.781594

2025-07-16:19:07:29,303 INFO     [psi4.optking.opt_helper:168] 
	         Geometry (au)                                       Gradient (au)
   0.0000000000   0.0000000000   1.2669632817		   0.0000000000   0.0000000000  -0.0302787115
   0.0000000000   0.0000000000  -1.1091888276		   0.0000000000  -0.0000000000   0.0302795102

2025-07-16:19:07:29,303 INFO     [psi4.optking.stepAlgorithms:315] 	Current Step Report 
 
	Current energy:      -129.7004051683
	Energy change for the previous step:
		Actual       :        -0.0075609805
		Projected    :        -0.0062412764

2025-07-16:19:07:29,303 INFO     [psi4.optking.stepAlgorithms:318] 	Energy ratio =    1.21145
2025-07-16:19:07:29,303 INFO     [psi4.optking.stepAlgorithms:346] 	Energy ratio indicates good step.
2025-07-16:19:07:29,303 INFO     [psi4.optking.stepAlgorithms:347] 	Intrafrag trust radius increased to 1.000e+00.
2025-07-16:19:07:29,303 INFO     [psi4.optking.stepAlgorithms:750] 	Using RFO solution 1.
2025-07-16:19:07:29,303 INFO     [psi4.optking.displace:73] 	Determining Cartesian step for fragment 1.
2025-07-16:19:07:29,304 INFO     [psi4.optking.displace:378] 	Successfully converged to displaced geometry.
2025-07-16:19:07:29,304 INFO     [psi4.optking.displace:379] 	RMS(dx):  0.000e+00 	Max(dx):  0.000e+00 	RMS(dq):  0.000e+00
2025-07-16:19:07:29,304 INFO     [psi4.optking.displace:132] 

	        --- Internal Coordinate Step in ANG or DEG, aJ/ANG or AJ/DEG ---
	-------------------------------------------------------------------------------
	           Coordinate      Previous         Force          Change          New 
	           ----------      --------        ------          ------        ------
	               R(1,2)       1.25741        0.24946        0.02047       1.27788
	-------------------------------------------------------------------------------

2025-07-16:19:07:29,304 INFO     [psi4.optking.stepAlgorithms:96] 	|target step| :    0.0386822569
2025-07-16:19:07:29,304 INFO     [psi4.optking.stepAlgorithms:97] 	gradient     :   -0.0302791108
2025-07-16:19:07:29,304 INFO     [psi4.optking.stepAlgorithms:98] 	hessian      :    0.7815935813
2025-07-16:19:07:29,304 INFO     [psi4.optking.stepAlgorithms:177] 	Norm of achieved step-size    0.0386822569
2025-07-16:19:07:29,304 INFO     [psi4.optking.stepAlgorithms:179] 	Norm of achieved step-size (cart):    0.0273524862
2025-07-16:19:07:29,304 INFO     [psi4.optking.opt_helper:151] Molsys:

	                            ===> Fragment 1 <== 

	 Z (Atomic Numbers)          Masses                          Geom                  
	       7.000000            14.003074          0.00000000  0.00000000  1.28630441   
	       8.000000            15.994915          0.00000000  0.00000000 -1.12852996   

	 - Coordinate -           - BOHR/RAD -       - ANG/DEG -
	 R(1,2)           =         2.414834           1.277875

2025-07-16:19:07:29,304 INFO     [psi4.optking.convcheck:71] Performing convergence check.
2025-07-16:19:07:29,304 INFO     [psi4.optking.convcheck:263] 
	                                 ==> Convergence Check <==                                  
    
	Measures of convergence in internal coordinates in au.
    
	Criteria marked as inactive (o), active & met (*), and active & unmet ( ).

	----------------------------------------------------------------------------------------------
	   Step    Total Energy     Delta E     Max Force     RMS Force      Max Disp      RMS Disp   
	----------------------------------------------------------------------------------------------
	  Convergence Criteria     1.00e-06 *    3.00e-04 *             o    1.20e-03 *             o
	----------------------------------------------------------------------------------------------
	     2    -129.70040517   -7.56e-03      3.03e-02      3.03e-02 o    3.87e-02      3.87e-02 o  ~
	----------------------------------------------------------------------------------------------


2025-07-16:19:07:29,304 INFO     [psi4.optking.stepAlgorithms:266] 	Convergence check returned False
2025-07-16:19:07:29,315 INFO     [psi4.driver.task_planner:285] PLANNING Atomic:  keywords={'DAMPING_PERCENTAGE': 1.0, 'GEOM_MAXITER': 500, 'SCF__GUESS': 'READ', 'GUESS': 'SAP', 'MAXITER': 500, 'REFERENCE': 'UKS', 'function_kwargs': {}}
2025-07-16:19:07:29,317 INFO     [psi4.driver.driver:636] Compute gradient(): method=b3lyp, basis=cc-pvdz, molecule=default, nre=23.189996293110767
2025-07-16:19:07:30,159 INFO     [psi4.driver.driver:639] Return gradient(): -129.70113109347665
2025-07-16:19:07:30,159 INFO     [psi4.driver.driver:640] [[ 0.00000000  0.00000000 -0.00785387]
 [ 0.00000000  0.00000000  0.00785501]]
2025-07-16:19:07:30,160 INFO     [psi4.optking.history:257] 	Performing BFGS update.
2025-07-16:19:07:30,160 INFO     [psi4.optking.history:268] 	Using 2 previous steps for update.
2025-07-16:19:07:30,160 INFO     [psi4.optking.history:302] 	Steps to be used in Hessian update:  2 1

2025-07-16:19:07:30,160 INFO     [psi4.optking.history:400] 	Updated Hessian (in au) 
 	   0.728529

2025-07-16:19:07:30,160 INFO     [psi4.optking.molsys:874] Projected (PHP) Hessian matrix
	   0.728529

2025-07-16:19:07:30,161 INFO     [psi4.optking.opt_helper:168] 
	         Geometry (au)                                       Gradient (au)
   0.0000000000   0.0000000000   1.2875886444		   0.0000000000   0.0000000000  -0.0078538744
   0.0000000000   0.0000000000  -1.1272457218		   0.0000000000   0.0000000000   0.0078550065

2025-07-16:19:07:30,161 INFO     [psi4.optking.stepAlgorithms:315] 	Current Step Report 
 
	Current energy:      -129.7011310935
	Energy change for the previous step:
		Actual       :        -0.0007259252
		Projected    :        -0.0005856322

2025-07-16:19:07:30,161 INFO     [psi4.optking.stepAlgorithms:318] 	Energy ratio =    1.23956
2025-07-16:19:07:30,161 INFO     [psi4.optking.stepAlgorithms:750] 	Using RFO solution 1.
2025-07-16:19:07:30,161 INFO     [psi4.optking.displace:73] 	Determining Cartesian step for fragment 1.
2025-07-16:19:07:30,161 INFO     [psi4.optking.displace:378] 	Successfully converged to displaced geometry.
2025-07-16:19:07:30,161 INFO     [psi4.optking.displace:379] 	RMS(dx):  0.000e+00 	Max(dx):  0.000e+00 	RMS(dq):  0.000e+00
2025-07-16:19:07:30,161 INFO     [psi4.optking.displace:132] 

	        --- Internal Coordinate Step in ANG or DEG, aJ/ANG or AJ/DEG ---
	-------------------------------------------------------------------------------
	           Coordinate      Previous         Force          Change          New 
	           ----------      --------        ------          ------        ------
	               R(1,2)       1.27788        0.06471        0.00570       1.28358
	-------------------------------------------------------------------------------

2025-07-16:19:07:30,161 INFO     [psi4.optking.stepAlgorithms:96] 	|target step| :    0.0107799785
2025-07-16:19:07:30,161 INFO     [psi4.optking.stepAlgorithms:97] 	gradient     :   -0.0078544405
2025-07-16:19:07:30,161 INFO     [psi4.optking.stepAlgorithms:98] 	hessian      :    0.7285290713
2025-07-16:19:07:30,161 INFO     [psi4.optking.stepAlgorithms:177] 	Norm of achieved step-size    0.0107799785
2025-07-16:19:07:30,161 INFO     [psi4.optking.stepAlgorithms:179] 	Norm of achieved step-size (cart):    0.0076225959
2025-07-16:19:07:30,161 INFO     [psi4.optking.opt_helper:151] Molsys:

	                            ===> Fragment 1 <== 

	 Z (Atomic Numbers)          Masses                          Geom                  
	       7.000000            14.003074          0.00000000  0.00000000  1.29297863   
	       8.000000            15.994915          0.00000000  0.00000000 -1.13263571   

	 - Coordinate -           - BOHR/RAD -       - ANG/DEG -
	 R(1,2)           =         2.425614           1.283580

2025-07-16:19:07:30,161 INFO     [psi4.optking.convcheck:71] Performing convergence check.
2025-07-16:19:07:30,162 INFO     [psi4.optking.convcheck:263] 
	                                 ==> Convergence Check <==                                  
    
	Measures of convergence in internal coordinates in au.
    
	Criteria marked as inactive (o), active & met (*), and active & unmet ( ).

	----------------------------------------------------------------------------------------------
	   Step    Total Energy     Delta E     Max Force     RMS Force      Max Disp      RMS Disp   
	----------------------------------------------------------------------------------------------
	  Convergence Criteria     1.00e-06 *    3.00e-04 *             o    1.20e-03 *             o
	----------------------------------------------------------------------------------------------
	     3    -129.70113109   -7.26e-04      7.85e-03      7.85e-03 o    1.08e-02      1.08e-02 o  ~
	----------------------------------------------------------------------------------------------


2025-07-16:19:07:30,162 INFO     [psi4.optking.stepAlgorithms:266] 	Convergence check returned False
2025-07-16:19:07:30,177 INFO     [psi4.driver.task_planner:285] PLANNING Atomic:  keywords={'DAMPING_PERCENTAGE': 1.0, 'GEOM_MAXITER': 500, 'SCF__GUESS': 'READ', 'GUESS': 'SAP', 'MAXITER': 500, 'REFERENCE': 'UKS', 'function_kwargs': {}}
2025-07-16:19:07:30,179 INFO     [psi4.driver.driver:636] Compute gradient(): method=b3lyp, basis=cc-pvdz, molecule=default, nre=23.08693470722565
2025-07-16:19:07:30,963 INFO     [psi4.driver.driver:639] Return gradient(): -129.7011850992284
2025-07-16:19:07:30,963 INFO     [psi4.driver.driver:640] [[ 0.00000000  0.00000000 -0.00221597]
 [ 0.00000000  0.00000000  0.00221713]]
2025-07-16:19:07:30,966 INFO     [psi4.optking.history:257] 	Performing BFGS update.
2025-07-16:19:07:30,966 INFO     [psi4.optking.history:268] 	Using 3 previous steps for update.
2025-07-16:19:07:30,966 INFO     [psi4.optking.history:302] 	Steps to be used in Hessian update:  3 2 1

2025-07-16:19:07:30,967 INFO     [psi4.optking.history:400] 	Updated Hessian (in au) 
 	   0.714501

2025-07-16:19:07:30,967 INFO     [psi4.optking.molsys:874] Projected (PHP) Hessian matrix
	   0.714501

2025-07-16:19:07:30,967 INFO     [psi4.optking.opt_helper:168] 
	         Geometry (au)                                       Gradient (au)
   0.0000000000   0.0000000000   1.2933365243		   0.0000000000   0.0000000000  -0.0022159697
   0.0000000000   0.0000000000  -1.1322778204		   0.0000000000   0.0000000000   0.0022171304

2025-07-16:19:07:30,967 INFO     [psi4.optking.stepAlgorithms:315] 	Current Step Report 
 
	Current energy:      -129.7011850992
	Energy change for the previous step:
		Actual       :        -0.0000540058
		Projected    :        -0.0000423353

2025-07-16:19:07:30,967 INFO     [psi4.optking.stepAlgorithms:318] 	Energy ratio =    1.27567
2025-07-16:19:07:30,967 INFO     [psi4.optking.stepAlgorithms:750] 	Using RFO solution 1.
2025-07-16:19:07:30,967 INFO     [psi4.optking.displace:73] 	Determining Cartesian step for fragment 1.
2025-07-16:19:07:30,968 INFO     [psi4.optking.displace:378] 	Successfully converged to displaced geometry.
2025-07-16:19:07:30,968 INFO     [psi4.optking.displace:379] 	RMS(dx):  0.000e+00 	Max(dx):  0.000e+00 	RMS(dq):  0.000e+00
2025-07-16:19:07:30,968 INFO     [psi4.optking.displace:132] 

	        --- Internal Coordinate Step in ANG or DEG, aJ/ANG or AJ/DEG ---
	-------------------------------------------------------------------------------
	           Coordinate      Previous         Force          Change          New 
	           ----------      --------        ------          ------        ------
	               R(1,2)       1.28358        0.01826        0.00164       1.28522
	-------------------------------------------------------------------------------

2025-07-16:19:07:30,968 INFO     [psi4.optking.stepAlgorithms:96] 	|target step| :    0.0031022052
2025-07-16:19:07:30,968 INFO     [psi4.optking.stepAlgorithms:97] 	gradient     :   -0.0022165500
2025-07-16:19:07:30,968 INFO     [psi4.optking.stepAlgorithms:98] 	hessian      :    0.7145009891
2025-07-16:19:07:30,968 INFO     [psi4.optking.stepAlgorithms:177] 	Norm of achieved step-size    0.0031022052
2025-07-16:19:07:30,968 INFO     [psi4.optking.stepAlgorithms:179] 	Norm of achieved step-size (cart):    0.0021935904
2025-07-16:19:07:30,968 INFO     [psi4.optking.opt_helper:151] Molsys:

	                            ===> Fragment 1 <== 

	 Z (Atomic Numbers)          Masses                          Geom                  
	       7.000000            14.003074          0.00000000  0.00000000  1.29488763   
	       8.000000            15.994915          0.00000000  0.00000000 -1.13382892   

	 - Coordinate -           - BOHR/RAD -       - ANG/DEG -
	 R(1,2)           =         2.428717           1.285221

2025-07-16:19:07:30,969 INFO     [psi4.optking.convcheck:71] Performing convergence check.
2025-07-16:19:07:30,969 INFO     [psi4.optking.convcheck:263] 
	                                 ==> Convergence Check <==                                  
    
	Measures of convergence in internal coordinates in au.
    
	Criteria marked as inactive (o), active & met (*), and active & unmet ( ).

	----------------------------------------------------------------------------------------------
	   Step    Total Energy     Delta E     Max Force     RMS Force      Max Disp      RMS Disp   
	----------------------------------------------------------------------------------------------
	  Convergence Criteria     1.00e-06 *    3.00e-04 *             o    1.20e-03 *             o
	----------------------------------------------------------------------------------------------
	     4    -129.70118510   -5.40e-05      2.22e-03      2.22e-03 o    3.10e-03      3.10e-03 o  ~
	----------------------------------------------------------------------------------------------


2025-07-16:19:07:30,969 INFO     [psi4.optking.stepAlgorithms:266] 	Convergence check returned False
2025-07-16:19:07:30,984 INFO     [psi4.driver.task_planner:285] PLANNING Atomic:  keywords={'DAMPING_PERCENTAGE': 1.0, 'GEOM_MAXITER': 500, 'SCF__GUESS': 'READ', 'GUESS': 'SAP', 'MAXITER': 500, 'REFERENCE': 'UKS', 'function_kwargs': {}}
2025-07-16:19:07:30,985 INFO     [psi4.driver.driver:636] Compute gradient(): method=b3lyp, basis=cc-pvdz, molecule=default, nre=23.05744571230606
2025-07-16:19:07:31,753 INFO     [psi4.driver.driver:639] Return gradient(): -129.7011895133528
2025-07-16:19:07:31,753 INFO     [psi4.driver.driver:640] [[ 0.00000000  0.00000000 -0.00064003]
 [ 0.00000000 -0.00000000  0.00064119]]
2025-07-16:19:07:31,756 INFO     [psi4.optking.history:257] 	Performing BFGS update.
2025-07-16:19:07:31,756 INFO     [psi4.optking.history:268] 	Using 4 previous steps for update.
2025-07-16:19:07:31,756 INFO     [psi4.optking.history:302] 	Steps to be used in Hessian update:  4 3 2 1

2025-07-16:19:07:31,757 INFO     [psi4.optking.history:400] 	Updated Hessian (in au) 
 	   0.710523

2025-07-16:19:07:31,757 INFO     [psi4.optking.molsys:874] Projected (PHP) Hessian matrix
	   0.710523

2025-07-16:19:07:31,757 INFO     [psi4.optking.opt_helper:168] 
	         Geometry (au)                                       Gradient (au)
   0.0000000000   0.0000000000   1.2949906188		   0.0000000000   0.0000000000  -0.0006400270
   0.0000000000   0.0000000000  -1.1337259311		   0.0000000000  -0.0000000000   0.0006411919

2025-07-16:19:07:31,757 INFO     [psi4.optking.stepAlgorithms:315] 	Current Step Report 
 
	Current energy:      -129.7011895134
	Energy change for the previous step:
		Actual       :        -0.0000044141
		Projected    :        -0.0000034381

2025-07-16:19:07:31,757 INFO     [psi4.optking.stepAlgorithms:318] 	Energy ratio =    1.28389
2025-07-16:19:07:31,757 INFO     [psi4.optking.stepAlgorithms:750] 	Using RFO solution 1.
2025-07-16:19:07:31,757 INFO     [psi4.optking.displace:73] 	Determining Cartesian step for fragment 1.
2025-07-16:19:07:31,758 INFO     [psi4.optking.displace:378] 	Successfully converged to displaced geometry.
2025-07-16:19:07:31,758 INFO     [psi4.optking.displace:379] 	RMS(dx):  0.000e+00 	Max(dx):  0.000e+00 	RMS(dq):  0.000e+00
2025-07-16:19:07:31,758 INFO     [psi4.optking.displace:132] 

	        --- Internal Coordinate Step in ANG or DEG, aJ/ANG or AJ/DEG ---
	-------------------------------------------------------------------------------
	           Coordinate      Previous         Force          Change          New 
	           ----------      --------        ------          ------        ------
	               R(1,2)       1.28522        0.00528        0.00048       1.28570
	-------------------------------------------------------------------------------

2025-07-16:19:07:31,758 INFO     [psi4.optking.stepAlgorithms:96] 	|target step| :    0.0009016016
2025-07-16:19:07:31,758 INFO     [psi4.optking.stepAlgorithms:97] 	gradient     :   -0.0006406095
2025-07-16:19:07:31,758 INFO     [psi4.optking.stepAlgorithms:98] 	hessian      :    0.7105232975
2025-07-16:19:07:31,758 INFO     [psi4.optking.stepAlgorithms:177] 	Norm of achieved step-size    0.0009016016
2025-07-16:19:07:31,758 INFO     [psi4.optking.stepAlgorithms:179] 	Norm of achieved step-size (cart):    0.0006375286
2025-07-16:19:07:31,758 INFO     [psi4.optking.opt_helper:151] Molsys:

	                            ===> Fragment 1 <== 

	 Z (Atomic Numbers)          Masses                          Geom                  
	       7.000000            14.003074          0.00000000  0.00000000  1.29544142   
	       8.000000            15.994915          0.00000000  0.00000000 -1.13417673   

	 - Coordinate -           - BOHR/RAD -       - ANG/DEG -
	 R(1,2)           =         2.429618           1.285699

2025-07-16:19:07:31,759 INFO     [psi4.optking.convcheck:71] Performing convergence check.
2025-07-16:19:07:31,759 INFO     [psi4.optking.convcheck:263] 
	                                 ==> Convergence Check <==                                  
    
	Measures of convergence in internal coordinates in au.
    
	Criteria marked as inactive (o), active & met (*), and active & unmet ( ).

	----------------------------------------------------------------------------------------------
	   Step    Total Energy     Delta E     Max Force     RMS Force      Max Disp      RMS Disp   
	----------------------------------------------------------------------------------------------
	  Convergence Criteria     1.00e-06 *    3.00e-04 *             o    1.20e-03 *             o
	----------------------------------------------------------------------------------------------
	     5    -129.70118951   -4.41e-06      6.41e-04      6.41e-04 o    9.02e-04 *    9.02e-04 o  ~
	----------------------------------------------------------------------------------------------


2025-07-16:19:07:31,759 INFO     [psi4.optking.stepAlgorithms:266] 	Convergence check returned False
2025-07-16:19:07:31,775 INFO     [psi4.driver.task_planner:285] PLANNING Atomic:  keywords={'DAMPING_PERCENTAGE': 1.0, 'GEOM_MAXITER': 500, 'SCF__GUESS': 'READ', 'GUESS': 'SAP', 'MAXITER': 500, 'REFERENCE': 'UKS', 'function_kwargs': {}}
2025-07-16:19:07:31,776 INFO     [psi4.driver.driver:636] Compute gradient(): method=b3lyp, basis=cc-pvdz, molecule=default, nre=23.0488893759089
2025-07-16:19:07:32,513 INFO     [psi4.driver.driver:639] Return gradient(): -129.70118988328963
2025-07-16:19:07:32,513 INFO     [psi4.driver.driver:640] [[ 0.00000000  0.00000000 -0.00018584]
 [ 0.00000000 -0.00000000  0.00018701]]
2025-07-16:19:07:32,514 INFO     [psi4.optking.history:257] 	Performing BFGS update.
2025-07-16:19:07:32,514 INFO     [psi4.optking.history:268] 	Using 4 previous steps for update.
2025-07-16:19:07:32,515 INFO     [psi4.optking.history:302] 	Steps to be used in Hessian update:  5 4 3 2

2025-07-16:19:07:32,515 INFO     [psi4.optking.history:400] 	Updated Hessian (in au) 
 	   0.562837

2025-07-16:19:07:32,515 INFO     [psi4.optking.molsys:874] Projected (PHP) Hessian matrix
	   0.562837

2025-07-16:19:07:32,515 INFO     [psi4.optking.opt_helper:168] 
	         Geometry (au)                                       Gradient (au)
   0.0000000000   0.0000000000   1.2954713524		   0.0000000000   0.0000000000  -0.0001858397
   0.0000000000   0.0000000000  -1.1341467991		   0.0000000000  -0.0000000000   0.0001870056

2025-07-16:19:07:32,515 INFO     [psi4.optking.stepAlgorithms:315] 	Current Step Report 
 
	Current energy:      -129.7011898833
	Energy change for the previous step:
		Actual       :        -0.0000003699
		Projected    :        -0.0000002888

2025-07-16:19:07:32,515 INFO     [psi4.optking.stepAlgorithms:318] 	Energy ratio =    1.28100
2025-07-16:19:07:32,515 INFO     [psi4.optking.stepAlgorithms:750] 	Using RFO solution 1.
2025-07-16:19:07:32,515 INFO     [psi4.optking.displace:73] 	Determining Cartesian step for fragment 1.
2025-07-16:19:07:32,515 INFO     [psi4.optking.displace:378] 	Successfully converged to displaced geometry.
2025-07-16:19:07:32,515 INFO     [psi4.optking.displace:379] 	RMS(dx):  0.000e+00 	Max(dx):  0.000e+00 	RMS(dq):  0.000e+00
2025-07-16:19:07:32,515 INFO     [psi4.optking.displace:132] 

	        --- Internal Coordinate Step in ANG or DEG, aJ/ANG or AJ/DEG ---
	-------------------------------------------------------------------------------
	           Coordinate      Previous         Force          Change          New 
	           ----------      --------        ------          ------        ------
	               R(1,2)       1.28570        0.00154        0.00018       1.28587
	-------------------------------------------------------------------------------

2025-07-16:19:07:32,516 INFO     [psi4.optking.stepAlgorithms:96] 	|target step| :    0.0003312194
2025-07-16:19:07:32,516 INFO     [psi4.optking.stepAlgorithms:97] 	gradient     :   -0.0001864227
2025-07-16:19:07:32,516 INFO     [psi4.optking.stepAlgorithms:98] 	hessian      :    0.5628373991
2025-07-16:19:07:32,516 INFO     [psi4.optking.stepAlgorithms:177] 	Norm of achieved step-size    0.0003312194
2025-07-16:19:07:32,516 INFO     [psi4.optking.stepAlgorithms:179] 	Norm of achieved step-size (cart):    0.0002342075
2025-07-16:19:07:32,516 INFO     [psi4.optking.opt_helper:151] Molsys:

	                            ===> Fragment 1 <== 

	 Z (Atomic Numbers)          Masses                          Geom                  
	       7.000000            14.003074          0.00000000  0.00000000  1.29563696   
	       8.000000            15.994915          0.00000000  0.00000000 -1.13431241   

	 - Coordinate -           - BOHR/RAD -       - ANG/DEG -
	 R(1,2)           =         2.429949           1.285874

2025-07-16:19:07:32,516 INFO     [psi4.optking.convcheck:71] Performing convergence check.
2025-07-16:19:07:32,516 INFO     [psi4.optking.convcheck:263] 
	                                 ==> Convergence Check <==                                  
    
	Measures of convergence in internal coordinates in au.
    
	Criteria marked as inactive (o), active & met (*), and active & unmet ( ).

	----------------------------------------------------------------------------------------------
	   Step    Total Energy     Delta E     Max Force     RMS Force      Max Disp      RMS Disp   
	----------------------------------------------------------------------------------------------
	  Convergence Criteria     1.00e-06 *    3.00e-04 *             o    1.20e-03 *             o
	----------------------------------------------------------------------------------------------
	     6    -129.70118988   -3.70e-07 *    1.86e-04 *    1.86e-04 o    3.31e-04 *    3.31e-04 o  ~
	----------------------------------------------------------------------------------------------


2025-07-16:19:07:32,516 INFO     [psi4.optking.convcheck:193] 
	                      ===> Final Convergence Report <===                     

	----------------------------------------------------------------------------
	|   Required Criteria    |  One or More Criteria  |   Alternate Criteria   |
	----------------------------------------------------------------------------
	| [x]     max_force      | [x]       max_DE       |                        |
	|                        | [x]      max_disp      |                        |
	----------------------------------------------------------------------------


2025-07-16:19:07:32,516 INFO     [psi4.optking.stepAlgorithms:266] 	Convergence check returned True
2025-07-16:19:07:32,516 INFO     [psi4.optking.optimize:286] 	Converged in 6 steps!
2025-07-16:19:07:32,516 INFO     [psi4.optking.optimize:287] 	Final energy is   -129.7011898832896
2025-07-16:19:07:32,516 INFO     [psi4.optking.optimize:288] 	Final structure (Angstroms): 
	Fragment 1 (Ang)

	    N   0.0000000000   0.0000000000   0.6856215536
	    O   0.0000000000   0.0000000000  -0.6002522765


2025-07-16:19:07:32,517 INFO     [psi4.optking.optimize:432] 	Optimization Finished

	==> Optimization Summary <==

        
	Measures of convergence in internal coordinates in au. (Any backward steps not shown.)
        
	---------------------------------------------------------------------------------------------------------------  ~
        
	 Step         Total Energy             Delta E       MAX Force       RMS Force        MAX Disp        RMS Disp   ~
        
	---------------------------------------------------------------------------------------------------------------  ~
        
	     1    -129.692844187798   -129.692844187798      0.11506698      0.11506698      0.10848076      0.10848076  ~
	     2    -129.700405168279     -0.007560980481      0.03027911      0.03027911      0.03868226      0.03868226  ~
	     3    -129.701131093477     -0.000725925198      0.00785444      0.00785444      0.01077998      0.01077998  ~
	     4    -129.701185099228     -0.000054005752      0.00221655      0.00221655      0.00310221      0.00310221  ~
	     5    -129.701189513353     -0.000004414124      0.00064061      0.00064061      0.00090160      0.00090160  ~
	     6    -129.701189883290     -0.000000369937      0.00018642      0.00018642      0.00033122      0.00033122  ~
	----------------------------------------------------------------------------------------------------------------


2025-07-16:19:07:32,517 INFO     [psi4.optking.optimize:640] Preparing OptimizationResult
