2025-07-16:19:28:20,284 INFO     [psi4.optking.optwrapper:214] Creating a UserComputer
2025-07-16:19:28:20,284 INFO     [psi4.optking.optwrapper:222] 
    			-----------------------------------------

    			 OPTKING 3.0: for geometry optimizations 

    			     By R.A. King, Bethel University     

    			        with contributions from          

    			    A.V. Copan, J. Cayton, A. Heide      

    			-----------------------------------------

    
2025-07-16:19:28:20,284 INFO     [psi4.optking.optwrapper:238] 
		 -- Optimization Parameters --
	accept_symmetry_breaking       =           False
	alg_geom_maxiter               =             500
	bt_dx_conv                     =           1e-07
	bt_dx_rms_change_conv          =           1e-12
	bt_max_iter                    =              25
	cart_hess_read                 =           False
	consecutive_backsteps_allowed  =               0
	conv_max_DE                    =           1e-06
	conv_max_disp                  =          0.0012
	conv_max_force                 =          0.0003
	conv_rms_disp                  =              -1
	conv_rms_force                 =              -1
	covalent_connect               =             1.3
	dynamic_level                  =               0
	dynamic_level_max              =               0
	ensure_bt_convergence          =           False
	ext_force_bend                 =              []
	ext_force_cartesian            =              []
	ext_force_dihedral             =              []
	ext_force_distance             =              []
	ext_force_oofp                 =              []
	fix_val_near_pi                =            1.57
	flexible_g_convergence         =           False
	frag_mode                      =          SINGLE
	frag_ref_atoms                 =            None
	freeze_intrafrag               =           False
	frozen_bend                    =              []
	frozen_cartesian               =              []
	frozen_dihedral                =              []
	frozen_distance                =              []
	frozen_oofp                    =              []
	full_hess_every                =              -1
	g_convergence                  =           QCHEM
	generate_intcos_exit           =           False
	geom_maxiter                   =             500
	h_bond_connect                 =             4.3
	hess_update                    =            BFGS
	hess_update_den_tol            =           1e-07
	hess_update_dq_tol             =             0.5
	hess_update_limit              =            True
	hess_update_limit_max          =             1.0
	hess_update_limit_scale        =             0.5
	hess_update_use_last           =               4
	hessian_file                   =            None
	i_max_DE                       =            True
	i_max_disp                     =            True
	i_max_force                    =            True
	i_rms_disp                     =           False
	i_rms_force                    =           False
	i_untampered                   =            True
	include_oofp                   =           False
	interfrag_collinear_tol        =            0.01
	interfrag_coords               =            None
	interfrag_dist_inv             =           False
	interfrag_mode                 =           FIXED
	interfrag_trust                =             0.5
	interfrag_trust_max            =             1.0
	interfrag_trust_min            =           0.001
	interfragment_connect          =             1.8
	intrafrag_hess                 =        SCHLEGEL
	intrafrag_trust                =             0.5
	intrafrag_trust_max            =             1.0
	intrafrag_trust_min            =           0.001
	irc_direction                  =         FORWARD
	irc_points                     =              20
	irc_step_size                  =             0.2
	keep_intcos                    =           False
	linear_bend_threshold          =            3.05
	linesearch                     =           False
	linesearch_step                =             0.1
	max_disp_g_convergence         =          0.0012
	max_energy_g_convergence       =           1e-06
	max_force_g_convergence        =          0.0003
	opt_coordinates                =       REDUNDANT
	opt_type                       =             MIN
	output_type                    =            FILE
	print_lvl                      =               1
	program                        =            psi4
	ranged_bend                    =              []
	ranged_cartesian               =              []
	ranged_dihedral                =              []
	ranged_distance                =              []
	ranged_oofp                    =              []
	redundant_eval_tol             =           1e-10
	rfo_follow_root                =           False
	rfo_normalization_max          =             100
	rfo_root                       =               0
	rms_disp_g_convergence         =          0.0012
	rms_force_g_convergence        =          0.0003
	rsrfo_alpha_max                =     100000000.0
	sd_hessian                     =             1.0
	simple_step_scaling            =           False
	small_bend_fix_threshold       =            0.35
	steepest_descent_type          =         OVERLAP
	step_type                      =             RFO
	test_B                         =           False
	test_derivative_B              =           False
	trajectory                     =           False
	v3d_tors_angle_lim             =           0.017
	v3d_tors_cos_tol               =           1e-10
	working_consecutive_backsteps  =               0
	working_steps_since_last_H     =               0


2025-07-16:19:28:20,778 INFO     [psi4.optking.opt_helper:151] Molsys:

	                            ===> Fragment 1 <== 

	 Z (Atomic Numbers)          Masses                          Geom                  
	       9.000000            18.998403          0.00000000  0.00000000  1.35054879   
	      14.000000            27.976927          0.00000000  0.00000000 -0.91712256   

	 - Coordinate -           - BOHR/RAD -       - ANG/DEG -
	 R(1,2)           =         2.267671           1.200000

2025-07-16:19:28:20,788 INFO     [psi4.driver.task_planner:285] PLANNING Atomic:  keywords={'DAMPING_PERCENTAGE': 1.0, 'GEOM_MAXITER': 500, 'GUESS': 'SAP', 'MAXITER': 500, 'REFERENCE': 'UKS', 'function_kwargs': {}}
2025-07-16:19:28:20,789 INFO     [psi4.driver.driver:636] Compute gradient(): method=b3lyp, basis=cc-pvdz, molecule=default, nre=55.56360712035001
2025-07-16:19:28:22,13 INFO     [psi4.driver.driver:639] Return gradient(): -388.8830218688515
2025-07-16:19:28:22,13 INFO     [psi4.driver.driver:640] [[-0.00000000 -0.00000000 -1.03744093]
 [-0.00000000  0.00000000  1.03741732]]
2025-07-16:19:28:22,15 INFO     [psi4.optking.molsys:874] Projected (PHP) Hessian matrix
	   4.182219

2025-07-16:19:28:22,15 INFO     [psi4.optking.opt_helper:168] 
	         Geometry (au)                                       Gradient (au)
   0.0000000000   0.0000000000   1.3505487921		  -0.0000000000  -0.0000000000  -1.0374409342
   0.0000000000   0.0000000000  -0.9171225585		  -0.0000000000   0.0000000000   1.0374173199

2025-07-16:19:28:22,15 INFO     [psi4.optking.stepAlgorithms:750] 	Using RFO solution 1.
2025-07-16:19:28:22,15 INFO     [psi4.optking.displace:73] 	Determining Cartesian step for fragment 1.
2025-07-16:19:28:22,15 INFO     [psi4.optking.displace:378] 	Successfully converged to displaced geometry.
2025-07-16:19:28:22,15 INFO     [psi4.optking.displace:379] 	RMS(dx):  1.282e-16 	Max(dx):  2.220e-16 	RMS(dq):  4.441e-16
2025-07-16:19:28:22,15 INFO     [psi4.optking.displace:132] 

	        --- Internal Coordinate Step in ANG or DEG, aJ/ANG or AJ/DEG ---
	-------------------------------------------------------------------------------
	           Coordinate      Previous         Force          Change          New 
	           ----------      --------        ------          ------        ------
	               R(1,2)       1.20000        8.54709        0.12405       1.32405
	-------------------------------------------------------------------------------

2025-07-16:19:28:22,15 INFO     [psi4.optking.stepAlgorithms:96] 	|target step| :    0.2344251176
2025-07-16:19:28:22,15 INFO     [psi4.optking.stepAlgorithms:97] 	gradient     :   -1.0374291270
2025-07-16:19:28:22,15 INFO     [psi4.optking.stepAlgorithms:98] 	hessian      :    4.1822185214
2025-07-16:19:28:22,15 INFO     [psi4.optking.stepAlgorithms:177] 	Norm of achieved step-size    0.2344251176
2025-07-16:19:28:22,15 INFO     [psi4.optking.stepAlgorithms:179] 	Norm of achieved step-size (cart):    0.1657635903
2025-07-16:19:28:22,15 INFO     [psi4.optking.opt_helper:151] Molsys:

	                            ===> Fragment 1 <== 

	 Z (Atomic Numbers)          Masses                          Geom                  
	       9.000000            18.998403          0.00000000  0.00000000  1.46776135   
	      14.000000            27.976927          0.00000000  0.00000000 -1.03433512   

	 - Coordinate -           - BOHR/RAD -       - ANG/DEG -
	 R(1,2)           =         2.502096           1.324052

2025-07-16:19:28:22,16 INFO     [psi4.optking.convcheck:71] Performing convergence check.
2025-07-16:19:28:22,16 INFO     [psi4.optking.convcheck:263] 
	                                 ==> Convergence Check <==                                  
    
	Measures of convergence in internal coordinates in au.
    
	Criteria marked as inactive (o), active & met (*), and active & unmet ( ).

	----------------------------------------------------------------------------------------------
	   Step    Total Energy     Delta E     Max Force     RMS Force      Max Disp      RMS Disp   
	----------------------------------------------------------------------------------------------
	  Convergence Criteria     1.00e-06 *    3.00e-04 *             o    1.20e-03 *             o
	----------------------------------------------------------------------------------------------
	     1    -388.88302187   -3.89e+02      1.04e+00      1.04e+00 o    2.34e-01      2.34e-01 o  ~
	----------------------------------------------------------------------------------------------


2025-07-16:19:28:22,16 INFO     [psi4.optking.stepAlgorithms:266] 	Convergence check returned False
2025-07-16:19:28:22,32 INFO     [psi4.driver.task_planner:285] PLANNING Atomic:  keywords={'DAMPING_PERCENTAGE': 1.0, 'GEOM_MAXITER': 500, 'SCF__GUESS': 'READ', 'GUESS': 'SAP', 'MAXITER': 500, 'REFERENCE': 'UKS', 'function_kwargs': {}}
2025-07-16:19:28:22,33 INFO     [psi4.driver.driver:636] Compute gradient(): method=b3lyp, basis=cc-pvdz, molecule=default, nre=50.35777061597975
2025-07-16:19:28:23,16 INFO     [psi4.driver.driver:639] Return gradient(): -389.05882353937534
2025-07-16:19:28:23,16 INFO     [psi4.driver.driver:640] [[ 0.00000000 -0.00000000 -0.51569435]
 [ 0.00000000 -0.00000000  0.51559319]]
2025-07-16:19:28:23,17 INFO     [psi4.optking.history:257] 	Performing BFGS update.
2025-07-16:19:28:23,17 INFO     [psi4.optking.history:268] 	Using 1 previous steps for update.
2025-07-16:19:28:23,17 INFO     [psi4.optking.history:302] 	Steps to be used in Hessian update:  1

2025-07-16:19:28:23,17 INFO     [psi4.optking.history:400] 	Updated Hessian (in au) 
 	   2.225808

2025-07-16:19:28:23,18 INFO     [psi4.optking.molsys:874] Projected (PHP) Hessian matrix
	   2.225808

2025-07-16:19:28:23,18 INFO     [psi4.optking.opt_helper:168] 
	         Geometry (au)                                       Gradient (au)
   0.0000000000   0.0000000000   1.4901645081		   0.0000000000  -0.0000000000  -0.5156943483
   0.0000000000   0.0000000000  -1.0119319600		   0.0000000000  -0.0000000000   0.5155931875

2025-07-16:19:28:23,18 INFO     [psi4.optking.stepAlgorithms:315] 	Current Step Report 
 
	Current energy:      -389.0588235394
	Energy change for the previous step:
		Actual       :        -0.1758016705
		Projected    :        -0.1215997225

2025-07-16:19:28:23,18 INFO     [psi4.optking.stepAlgorithms:318] 	Energy ratio =    1.44574
2025-07-16:19:28:23,18 INFO     [psi4.optking.stepAlgorithms:346] 	Energy ratio indicates good step.
2025-07-16:19:28:23,18 INFO     [psi4.optking.stepAlgorithms:347] 	Intrafrag trust radius increased to 1.000e+00.
2025-07-16:19:28:23,18 INFO     [psi4.optking.stepAlgorithms:750] 	Using RFO solution 1.
2025-07-16:19:28:23,18 INFO     [psi4.optking.displace:73] 	Determining Cartesian step for fragment 1.
2025-07-16:19:28:23,18 INFO     [psi4.optking.displace:378] 	Successfully converged to displaced geometry.
2025-07-16:19:28:23,18 INFO     [psi4.optking.displace:379] 	RMS(dx):  0.000e+00 	Max(dx):  0.000e+00 	RMS(dq):  0.000e+00
2025-07-16:19:28:23,18 INFO     [psi4.optking.displace:132] 

	        --- Internal Coordinate Step in ANG or DEG, aJ/ANG or AJ/DEG ---
	-------------------------------------------------------------------------------
	           Coordinate      Previous         Force          Change          New 
	           ----------      --------        ------          ------        ------
	               R(1,2)       1.32405        4.24825        0.11664       1.44069
	-------------------------------------------------------------------------------

2025-07-16:19:28:23,18 INFO     [psi4.optking.stepAlgorithms:96] 	|target step| :    0.2204112661
2025-07-16:19:28:23,18 INFO     [psi4.optking.stepAlgorithms:97] 	gradient     :   -0.5156437679
2025-07-16:19:28:23,18 INFO     [psi4.optking.stepAlgorithms:98] 	hessian      :    2.2258082433
2025-07-16:19:28:23,18 INFO     [psi4.optking.stepAlgorithms:177] 	Norm of achieved step-size    0.2204112661
2025-07-16:19:28:23,18 INFO     [psi4.optking.stepAlgorithms:179] 	Norm of achieved step-size (cart):    0.1558543009
2025-07-16:19:28:23,18 INFO     [psi4.optking.opt_helper:151] Molsys:

	                            ===> Fragment 1 <== 

	 Z (Atomic Numbers)          Masses                          Geom                  
	       9.000000            18.998403          0.00000000  0.00000000  1.60037014   
	      14.000000            27.976927          0.00000000  0.00000000 -1.12213759   

	 - Coordinate -           - BOHR/RAD -       - ANG/DEG -
	 R(1,2)           =         2.722508           1.440689

2025-07-16:19:28:23,19 INFO     [psi4.optking.convcheck:71] Performing convergence check.
2025-07-16:19:28:23,19 INFO     [psi4.optking.convcheck:263] 
	                                 ==> Convergence Check <==                                  
    
	Measures of convergence in internal coordinates in au.
    
	Criteria marked as inactive (o), active & met (*), and active & unmet ( ).

	----------------------------------------------------------------------------------------------
	   Step    Total Energy     Delta E     Max Force     RMS Force      Max Disp      RMS Disp   
	----------------------------------------------------------------------------------------------
	  Convergence Criteria     1.00e-06 *    3.00e-04 *             o    1.20e-03 *             o
	----------------------------------------------------------------------------------------------
	     2    -389.05882354   -1.76e-01      5.16e-01      5.16e-01 o    2.20e-01      2.20e-01 o  ~
	----------------------------------------------------------------------------------------------


2025-07-16:19:28:23,19 INFO     [psi4.optking.stepAlgorithms:266] 	Convergence check returned False
2025-07-16:19:28:23,34 INFO     [psi4.driver.task_planner:285] PLANNING Atomic:  keywords={'DAMPING_PERCENTAGE': 1.0, 'GEOM_MAXITER': 500, 'SCF__GUESS': 'READ', 'GUESS': 'SAP', 'MAXITER': 500, 'REFERENCE': 'UKS', 'function_kwargs': {}}
2025-07-16:19:28:23,35 INFO     [psi4.driver.driver:636] Compute gradient(): method=b3lyp, basis=cc-pvdz, molecule=default, nre=46.28086025887974
2025-07-16:19:28:24,25 INFO     [psi4.driver.driver:639] Return gradient(): -389.13965447976307
2025-07-16:19:28:24,25 INFO     [psi4.driver.driver:640] [[-0.00000000  0.00000000 -0.24327663]
 [ 0.00000000  0.00000000  0.24324251]]
2025-07-16:19:28:24,26 INFO     [psi4.optking.history:257] 	Performing BFGS update.
2025-07-16:19:28:24,26 INFO     [psi4.optking.history:268] 	Using 2 previous steps for update.
2025-07-16:19:28:24,26 INFO     [psi4.optking.history:302] 	Steps to be used in Hessian update:  2 1

2025-07-16:19:28:24,26 INFO     [psi4.optking.history:400] 	Updated Hessian (in au) 
 	   1.746055

2025-07-16:19:28:24,27 INFO     [psi4.optking.molsys:874] Projected (PHP) Hessian matrix
	   1.746055

2025-07-16:19:28:24,27 INFO     [psi4.optking.opt_helper:168] 
	         Geometry (au)                                       Gradient (au)
   0.0000000000   0.0000000000   1.6214340455		  -0.0000000000   0.0000000000  -0.2432766264
   0.0000000000   0.0000000000  -1.1010736887		   0.0000000000   0.0000000000   0.2432425141

2025-07-16:19:28:24,27 INFO     [psi4.optking.stepAlgorithms:315] 	Current Step Report 
 
	Current energy:      -389.1396544798
	Energy change for the previous step:
		Actual       :        -0.0808309404
		Projected    :        -0.0568268479

2025-07-16:19:28:24,27 INFO     [psi4.optking.stepAlgorithms:318] 	Energy ratio =    1.42241
2025-07-16:19:28:24,27 INFO     [psi4.optking.stepAlgorithms:750] 	Using RFO solution 1.
2025-07-16:19:28:24,27 INFO     [psi4.optking.displace:73] 	Determining Cartesian step for fragment 1.
2025-07-16:19:28:24,27 INFO     [psi4.optking.displace:378] 	Successfully converged to displaced geometry.
2025-07-16:19:28:24,27 INFO     [psi4.optking.displace:379] 	RMS(dx):  0.000e+00 	Max(dx):  0.000e+00 	RMS(dq):  0.000e+00
2025-07-16:19:28:24,27 INFO     [psi4.optking.displace:132] 

	        --- Internal Coordinate Step in ANG or DEG, aJ/ANG or AJ/DEG ---
	-------------------------------------------------------------------------------
	           Coordinate      Previous         Force          Change          New 
	           ----------      --------        ------          ------        ------
	               R(1,2)       1.44069        2.00415        0.07235       1.51304
	-------------------------------------------------------------------------------

2025-07-16:19:28:24,27 INFO     [psi4.optking.stepAlgorithms:96] 	|target step| :    0.1367154600
2025-07-16:19:28:24,27 INFO     [psi4.optking.stepAlgorithms:97] 	gradient     :   -0.2432595703
2025-07-16:19:28:24,27 INFO     [psi4.optking.stepAlgorithms:98] 	hessian      :    1.7460554725
2025-07-16:19:28:24,27 INFO     [psi4.optking.stepAlgorithms:177] 	Norm of achieved step-size    0.1367154600
2025-07-16:19:28:24,27 INFO     [psi4.optking.stepAlgorithms:179] 	Norm of achieved step-size (cart):    0.0966724289
2025-07-16:19:28:24,27 INFO     [psi4.optking.opt_helper:151] Molsys:

	                            ===> Fragment 1 <== 

	 Z (Atomic Numbers)          Masses                          Geom                  
	       9.000000            18.998403          0.00000000  0.00000000  1.68979178   
	      14.000000            27.976927          0.00000000  0.00000000 -1.16943142   

	 - Coordinate -           - BOHR/RAD -       - ANG/DEG -
	 R(1,2)           =         2.859223           1.513036

2025-07-16:19:28:24,28 INFO     [psi4.optking.convcheck:71] Performing convergence check.
2025-07-16:19:28:24,28 INFO     [psi4.optking.convcheck:263] 
	                                 ==> Convergence Check <==                                  
    
	Measures of convergence in internal coordinates in au.
    
	Criteria marked as inactive (o), active & met (*), and active & unmet ( ).

	----------------------------------------------------------------------------------------------
	   Step    Total Energy     Delta E     Max Force     RMS Force      Max Disp      RMS Disp   
	----------------------------------------------------------------------------------------------
	  Convergence Criteria     1.00e-06 *    3.00e-04 *             o    1.20e-03 *             o
	----------------------------------------------------------------------------------------------
	     3    -389.13965448   -8.08e-02      2.43e-01      2.43e-01 o    1.37e-01      1.37e-01 o  ~
	----------------------------------------------------------------------------------------------


2025-07-16:19:28:24,28 INFO     [psi4.optking.stepAlgorithms:266] 	Convergence check returned False
2025-07-16:19:28:24,43 INFO     [psi4.driver.task_planner:285] PLANNING Atomic:  keywords={'DAMPING_PERCENTAGE': 1.0, 'GEOM_MAXITER': 500, 'SCF__GUESS': 'READ', 'GUESS': 'SAP', 'MAXITER': 500, 'REFERENCE': 'UKS', 'function_kwargs': {}}
2025-07-16:19:28:24,45 INFO     [psi4.driver.driver:636] Compute gradient(): method=b3lyp, basis=cc-pvdz, molecule=default, nre=44.067913359893744
2025-07-16:19:28:25,71 INFO     [psi4.driver.driver:639] Return gradient(): -389.1652256337009
2025-07-16:19:28:25,71 INFO     [psi4.driver.driver:640] [[-0.00000000 -0.00000000 -0.13725054]
 [ 0.00000000  0.00000000  0.13716148]]
2025-07-16:19:28:25,74 INFO     [psi4.optking.history:257] 	Performing BFGS update.
2025-07-16:19:28:25,74 INFO     [psi4.optking.history:268] 	Using 3 previous steps for update.
2025-07-16:19:28:25,74 WARNING  [psi4.optking.history:286] 	Change in internal coordinate of 5.92e-01 exceeds limit of 5.00e-01.
2025-07-16:19:28:25,74 WARNING  [psi4.optking.history:291] 	Skipping Hessian update for step 1.
2025-07-16:19:28:25,74 INFO     [psi4.optking.history:302] 	Steps to be used in Hessian update:  3 2

2025-07-16:19:28:25,74 INFO     [psi4.optking.history:400] 	Updated Hessian (in au) 
 	   1.059674

2025-07-16:19:28:25,75 INFO     [psi4.optking.molsys:874] Projected (PHP) Hessian matrix
	   1.059674

2025-07-16:19:28:25,75 INFO     [psi4.optking.opt_helper:168] 
	         Geometry (au)                                       Gradient (au)
   0.0000000000   0.0000000000   1.7028571756		  -0.0000000000  -0.0000000000  -0.1372505447
   0.0000000000   0.0000000000  -1.1563660186		   0.0000000000   0.0000000000   0.1371614828

2025-07-16:19:28:25,75 INFO     [psi4.optking.stepAlgorithms:315] 	Current Step Report 
 
	Current energy:      -389.1652256337
	Energy change for the previous step:
		Actual       :        -0.0255711539
		Projected    :        -0.0166286720

2025-07-16:19:28:25,75 INFO     [psi4.optking.stepAlgorithms:318] 	Energy ratio =    1.53777
2025-07-16:19:28:25,75 INFO     [psi4.optking.stepAlgorithms:750] 	Using RFO solution 1.
2025-07-16:19:28:25,75 INFO     [psi4.optking.displace:73] 	Determining Cartesian step for fragment 1.
2025-07-16:19:28:25,75 INFO     [psi4.optking.displace:378] 	Successfully converged to displaced geometry.
2025-07-16:19:28:25,75 INFO     [psi4.optking.displace:379] 	RMS(dx):  1.282e-16 	Max(dx):  2.220e-16 	RMS(dq):  4.441e-16
2025-07-16:19:28:25,76 INFO     [psi4.optking.displace:132] 

	        --- Internal Coordinate Step in ANG or DEG, aJ/ANG or AJ/DEG ---
	-------------------------------------------------------------------------------
	           Coordinate      Previous         Force          Change          New 
	           ----------      --------        ------          ------        ------
	               R(1,2)       1.51304        1.13040        0.06741       1.58044
	-------------------------------------------------------------------------------

2025-07-16:19:28:25,76 INFO     [psi4.optking.stepAlgorithms:96] 	|target step| :    0.1273786618
2025-07-16:19:28:25,76 INFO     [psi4.optking.stepAlgorithms:97] 	gradient     :   -0.1372060137
2025-07-16:19:28:25,76 INFO     [psi4.optking.stepAlgorithms:98] 	hessian      :    1.0596735739
2025-07-16:19:28:25,76 INFO     [psi4.optking.stepAlgorithms:177] 	Norm of achieved step-size    0.1273786618
2025-07-16:19:28:25,76 INFO     [psi4.optking.stepAlgorithms:179] 	Norm of achieved step-size (cart):    0.0900703155
2025-07-16:19:28:25,76 INFO     [psi4.optking.opt_helper:151] Molsys:

	                            ===> Fragment 1 <== 

	 Z (Atomic Numbers)          Masses                          Geom                  
	       9.000000            18.998403          0.00000000  0.00000000  1.76654651   
	      14.000000            27.976927          0.00000000  0.00000000 -1.22005535   

	 - Coordinate -           - BOHR/RAD -       - ANG/DEG -
	 R(1,2)           =         2.986602           1.580442

2025-07-16:19:28:25,76 INFO     [psi4.optking.convcheck:71] Performing convergence check.
2025-07-16:19:28:25,76 INFO     [psi4.optking.convcheck:263] 
	                                 ==> Convergence Check <==                                  
    
	Measures of convergence in internal coordinates in au.
    
	Criteria marked as inactive (o), active & met (*), and active & unmet ( ).

	----------------------------------------------------------------------------------------------
	   Step    Total Energy     Delta E     Max Force     RMS Force      Max Disp      RMS Disp   
	----------------------------------------------------------------------------------------------
	  Convergence Criteria     1.00e-06 *    3.00e-04 *             o    1.20e-03 *             o
	----------------------------------------------------------------------------------------------
	     4    -389.16522563   -2.56e-02      1.37e-01      1.37e-01 o    1.27e-01      1.27e-01 o  ~
	----------------------------------------------------------------------------------------------


2025-07-16:19:28:25,77 INFO     [psi4.optking.stepAlgorithms:266] 	Convergence check returned False
2025-07-16:19:28:25,94 INFO     [psi4.driver.task_planner:285] PLANNING Atomic:  keywords={'DAMPING_PERCENTAGE': 1.0, 'GEOM_MAXITER': 500, 'SCF__GUESS': 'READ', 'GUESS': 'SAP', 'MAXITER': 500, 'REFERENCE': 'UKS', 'function_kwargs': {}}
2025-07-16:19:28:25,95 INFO     [psi4.driver.driver:636] Compute gradient(): method=b3lyp, basis=cc-pvdz, molecule=default, nre=42.188415488454545
2025-07-16:19:28:26,117 INFO     [psi4.driver.driver:639] Return gradient(): -389.1780013510152
2025-07-16:19:28:26,117 INFO     [psi4.driver.driver:640] [[-0.00000000 -0.00000000 -0.06756721]
 [ 0.00000000  0.00000000  0.06749508]]
2025-07-16:19:28:26,118 INFO     [psi4.optking.history:257] 	Performing BFGS update.
2025-07-16:19:28:26,118 INFO     [psi4.optking.history:268] 	Using 4 previous steps for update.
2025-07-16:19:28:26,118 WARNING  [psi4.optking.history:286] 	Change in internal coordinate of 7.19e-01 exceeds limit of 5.00e-01.
2025-07-16:19:28:26,118 WARNING  [psi4.optking.history:291] 	Skipping Hessian update for step 1.
2025-07-16:19:28:26,118 INFO     [psi4.optking.history:302] 	Steps to be used in Hessian update:  4 3 2

2025-07-16:19:28:26,118 INFO     [psi4.optking.history:400] 	Updated Hessian (in au) 
 	   0.924887

2025-07-16:19:28:26,119 INFO     [psi4.optking.molsys:874] Projected (PHP) Hessian matrix
	   0.924887

2025-07-16:19:28:26,119 INFO     [psi4.optking.opt_helper:168] 
	         Geometry (au)                                       Gradient (au)
   0.0000000000   0.0000000000   1.7787196227		  -0.0000000000  -0.0000000000  -0.0675672148
   0.0000000000   0.0000000000  -1.2078822333		   0.0000000000   0.0000000000   0.0674950823

2025-07-16:19:28:26,119 INFO     [psi4.optking.stepAlgorithms:315] 	Current Step Report 
 
	Current energy:      -389.1780013510
	Energy change for the previous step:
		Actual       :        -0.0127757173
		Projected    :        -0.0087385592

2025-07-16:19:28:26,119 INFO     [psi4.optking.stepAlgorithms:318] 	Energy ratio =    1.46199
2025-07-16:19:28:26,119 INFO     [psi4.optking.stepAlgorithms:750] 	Using RFO solution 1.
2025-07-16:19:28:26,119 INFO     [psi4.optking.displace:73] 	Determining Cartesian step for fragment 1.
2025-07-16:19:28:26,119 INFO     [psi4.optking.displace:378] 	Successfully converged to displaced geometry.
2025-07-16:19:28:26,119 INFO     [psi4.optking.displace:379] 	RMS(dx):  1.282e-16 	Max(dx):  2.220e-16 	RMS(dq):  4.441e-16
2025-07-16:19:28:26,119 INFO     [psi4.optking.displace:132] 

	        --- Internal Coordinate Step in ANG or DEG, aJ/ANG or AJ/DEG ---
	-------------------------------------------------------------------------------
	           Coordinate      Previous         Force          Change          New 
	           ----------      --------        ------          ------        ------
	               R(1,2)       1.58044        0.55637        0.03843       1.61888
	-------------------------------------------------------------------------------

2025-07-16:19:28:26,119 INFO     [psi4.optking.stepAlgorithms:96] 	|target step| :    0.0726304155
2025-07-16:19:28:26,119 INFO     [psi4.optking.stepAlgorithms:97] 	gradient     :   -0.0675311486
2025-07-16:19:28:26,119 INFO     [psi4.optking.stepAlgorithms:98] 	hessian      :    0.9248867620
2025-07-16:19:28:26,119 INFO     [psi4.optking.stepAlgorithms:177] 	Norm of achieved step-size    0.0726304155
2025-07-16:19:28:26,119 INFO     [psi4.optking.stepAlgorithms:179] 	Norm of achieved step-size (cart):    0.0513574593
2025-07-16:19:28:26,119 INFO     [psi4.optking.opt_helper:151] Molsys:

	                            ===> Fragment 1 <== 

	 Z (Atomic Numbers)          Masses                          Geom                  
	       9.000000            18.998403          0.00000000  0.00000000  1.81503483   
	      14.000000            27.976927          0.00000000  0.00000000 -1.24419744   

	 - Coordinate -           - BOHR/RAD -       - ANG/DEG -
	 R(1,2)           =         3.059232           1.618876

2025-07-16:19:28:26,120 INFO     [psi4.optking.convcheck:71] Performing convergence check.
2025-07-16:19:28:26,120 INFO     [psi4.optking.convcheck:263] 
	                                 ==> Convergence Check <==                                  
    
	Measures of convergence in internal coordinates in au.
    
	Criteria marked as inactive (o), active & met (*), and active & unmet ( ).

	----------------------------------------------------------------------------------------------
	   Step    Total Energy     Delta E     Max Force     RMS Force      Max Disp      RMS Disp   
	----------------------------------------------------------------------------------------------
	  Convergence Criteria     1.00e-06 *    3.00e-04 *             o    1.20e-03 *             o
	----------------------------------------------------------------------------------------------
	     5    -389.17800135   -1.28e-02      6.75e-02      6.75e-02 o    7.26e-02      7.26e-02 o  ~
	----------------------------------------------------------------------------------------------


2025-07-16:19:28:26,120 INFO     [psi4.optking.stepAlgorithms:266] 	Convergence check returned False
2025-07-16:19:28:26,137 INFO     [psi4.driver.task_planner:285] PLANNING Atomic:  keywords={'DAMPING_PERCENTAGE': 1.0, 'GEOM_MAXITER': 500, 'SCF__GUESS': 'READ', 'GUESS': 'SAP', 'MAXITER': 500, 'REFERENCE': 'UKS', 'function_kwargs': {}}
2025-07-16:19:28:26,140 INFO     [psi4.driver.driver:636] Compute gradient(): method=b3lyp, basis=cc-pvdz, molecule=default, nre=41.186804014609045
2025-07-16:19:28:27,156 INFO     [psi4.driver.driver:639] Return gradient(): -389.18176974092097
2025-07-16:19:28:27,157 INFO     [psi4.driver.driver:640] [[ 0.00000000  0.00000000 -0.03749181]
 [ 0.00000000  0.00000000  0.03741760]]
2025-07-16:19:28:27,163 INFO     [psi4.optking.history:257] 	Performing BFGS update.
2025-07-16:19:28:27,163 INFO     [psi4.optking.history:268] 	Using 4 previous steps for update.
2025-07-16:19:28:27,164 WARNING  [psi4.optking.history:286] 	Change in internal coordinate of 5.57e-01 exceeds limit of 5.00e-01.
2025-07-16:19:28:27,164 WARNING  [psi4.optking.history:291] 	Skipping Hessian update for step 2.
2025-07-16:19:28:27,164 WARNING  [psi4.optking.history:286] 	Change in internal coordinate of 7.92e-01 exceeds limit of 5.00e-01.
2025-07-16:19:28:27,164 WARNING  [psi4.optking.history:291] 	Skipping Hessian update for step 1.
2025-07-16:19:28:27,164 INFO     [psi4.optking.history:302] 	Steps to be used in Hessian update:  5 4 3

2025-07-16:19:28:27,164 INFO     [psi4.optking.history:400] 	Updated Hessian (in au) 
 	   0.611197

2025-07-16:19:28:27,164 INFO     [psi4.optking.molsys:874] Projected (PHP) Hessian matrix
	   0.611197

2025-07-16:19:28:27,164 INFO     [psi4.optking.opt_helper:168] 
	         Geometry (au)                                       Gradient (au)
   0.0000000000   0.0000000000   1.8219758555		   0.0000000000   0.0000000000  -0.0374918064
   0.0000000000   0.0000000000  -1.2372564160		   0.0000000000   0.0000000000   0.0374176010

2025-07-16:19:28:27,164 INFO     [psi4.optking.stepAlgorithms:315] 	Current Step Report 
 
	Current energy:      -389.1817697409
	Energy change for the previous step:
		Actual       :        -0.0037683899
		Projected    :        -0.0024524077

2025-07-16:19:28:27,164 INFO     [psi4.optking.stepAlgorithms:318] 	Energy ratio =    1.53661
2025-07-16:19:28:27,164 INFO     [psi4.optking.stepAlgorithms:750] 	Using RFO solution 1.
2025-07-16:19:28:27,164 INFO     [psi4.optking.displace:73] 	Determining Cartesian step for fragment 1.
2025-07-16:19:28:27,164 INFO     [psi4.optking.displace:378] 	Successfully converged to displaced geometry.
2025-07-16:19:28:27,164 INFO     [psi4.optking.displace:379] 	RMS(dx):  1.282e-16 	Max(dx):  2.220e-16 	RMS(dq):  4.441e-16
2025-07-16:19:28:27,164 INFO     [psi4.optking.displace:132] 

	        --- Internal Coordinate Step in ANG or DEG, aJ/ANG or AJ/DEG ---
	-------------------------------------------------------------------------------
	           Coordinate      Previous         Force          Change          New 
	           ----------      --------        ------          ------        ------
	               R(1,2)       1.61888        0.30858        0.03231       1.65118
	-------------------------------------------------------------------------------

2025-07-16:19:28:27,164 INFO     [psi4.optking.stepAlgorithms:96] 	|target step| :    0.0610525309
2025-07-16:19:28:27,164 INFO     [psi4.optking.stepAlgorithms:97] 	gradient     :   -0.0374547037
2025-07-16:19:28:27,164 INFO     [psi4.optking.stepAlgorithms:98] 	hessian      :    0.6111965234
2025-07-16:19:28:27,164 INFO     [psi4.optking.stepAlgorithms:177] 	Norm of achieved step-size    0.0610525309
2025-07-16:19:28:27,165 INFO     [psi4.optking.stepAlgorithms:179] 	Norm of achieved step-size (cart):    0.0431706586
2025-07-16:19:28:27,165 INFO     [psi4.optking.opt_helper:151] Molsys:

	                            ===> Fragment 1 <== 

	 Z (Atomic Numbers)          Masses                          Geom                  
	       9.000000            18.998403          0.00000000  0.00000000  1.85250212   
	      14.000000            27.976927          0.00000000  0.00000000 -1.26778268   

	 - Coordinate -           - BOHR/RAD -       - ANG/DEG -
	 R(1,2)           =         3.120285           1.651184

2025-07-16:19:28:27,165 INFO     [psi4.optking.convcheck:71] Performing convergence check.
2025-07-16:19:28:27,165 INFO     [psi4.optking.convcheck:263] 
	                                 ==> Convergence Check <==                                  
    
	Measures of convergence in internal coordinates in au.
    
	Criteria marked as inactive (o), active & met (*), and active & unmet ( ).

	----------------------------------------------------------------------------------------------
	   Step    Total Energy     Delta E     Max Force     RMS Force      Max Disp      RMS Disp   
	----------------------------------------------------------------------------------------------
	  Convergence Criteria     1.00e-06 *    3.00e-04 *             o    1.20e-03 *             o
	----------------------------------------------------------------------------------------------
	     6    -389.18176974   -3.77e-03      3.75e-02      3.75e-02 o    6.11e-02      6.11e-02 o  ~
	----------------------------------------------------------------------------------------------


2025-07-16:19:28:27,165 INFO     [psi4.optking.stepAlgorithms:266] 	Convergence check returned False
2025-07-16:19:28:27,180 INFO     [psi4.driver.task_planner:285] PLANNING Atomic:  keywords={'DAMPING_PERCENTAGE': 1.0, 'GEOM_MAXITER': 500, 'SCF__GUESS': 'READ', 'GUESS': 'SAP', 'MAXITER': 500, 'REFERENCE': 'UKS', 'function_kwargs': {}}
2025-07-16:19:28:27,182 INFO     [psi4.driver.driver:636] Compute gradient(): method=b3lyp, basis=cc-pvdz, molecule=default, nre=40.38092929982445
2025-07-16:19:28:28,130 INFO     [psi4.driver.driver:639] Return gradient(): -389.18339632128493
2025-07-16:19:28:28,130 INFO     [psi4.driver.driver:640] [[ 0.00000000 -0.00000000 -0.01664882]
 [-0.00000000  0.00000000  0.01656972]]
2025-07-16:19:28:28,133 INFO     [psi4.optking.history:257] 	Performing BFGS update.
2025-07-16:19:28:28,133 INFO     [psi4.optking.history:268] 	Using 4 previous steps for update.
2025-07-16:19:28:28,133 INFO     [psi4.optking.history:302] 	Steps to be used in Hessian update:  6 5 4 3

2025-07-16:19:28:28,134 INFO     [psi4.optking.history:400] 	Updated Hessian (in au) 
 	   0.569792

2025-07-16:19:28:28,134 INFO     [psi4.optking.molsys:874] Projected (PHP) Hessian matrix
	   0.569792

2025-07-16:19:28:28,134 INFO     [psi4.optking.opt_helper:168] 
	         Geometry (au)                                       Gradient (au)
   0.0000000000   0.0000000000   1.8583366896		   0.0000000000  -0.0000000000  -0.0166488232
   0.0000000000   0.0000000000  -1.2619481128		  -0.0000000000   0.0000000000   0.0165697214

2025-07-16:19:28:28,134 INFO     [psi4.optking.stepAlgorithms:315] 	Current Step Report 
 
	Current energy:      -389.1833963213
	Energy change for the previous step:
		Actual       :        -0.0016265804
		Projected    :        -0.0011433522

2025-07-16:19:28:28,134 INFO     [psi4.optking.stepAlgorithms:318] 	Energy ratio =    1.42264
2025-07-16:19:28:28,134 INFO     [psi4.optking.stepAlgorithms:750] 	Using RFO solution 1.
2025-07-16:19:28:28,134 INFO     [psi4.optking.displace:73] 	Determining Cartesian step for fragment 1.
2025-07-16:19:28:28,135 INFO     [psi4.optking.displace:378] 	Successfully converged to displaced geometry.
2025-07-16:19:28:28,135 INFO     [psi4.optking.displace:379] 	RMS(dx):  1.282e-16 	Max(dx):  2.220e-16 	RMS(dq):  4.441e-16
2025-07-16:19:28:28,135 INFO     [psi4.optking.displace:132] 

	        --- Internal Coordinate Step in ANG or DEG, aJ/ANG or AJ/DEG ---
	-------------------------------------------------------------------------------
	           Coordinate      Previous         Force          Change          New 
	           ----------      --------        ------          ------        ------
	               R(1,2)       1.65118        0.13684        0.01541       1.66660
	-------------------------------------------------------------------------------

2025-07-16:19:28:28,135 INFO     [psi4.optking.stepAlgorithms:96] 	|target step| :    0.0291249709
2025-07-16:19:28:28,135 INFO     [psi4.optking.stepAlgorithms:97] 	gradient     :   -0.0166092723
2025-07-16:19:28:28,135 INFO     [psi4.optking.stepAlgorithms:98] 	hessian      :    0.5697922683
2025-07-16:19:28:28,135 INFO     [psi4.optking.stepAlgorithms:177] 	Norm of achieved step-size    0.0291249709
2025-07-16:19:28:28,135 INFO     [psi4.optking.stepAlgorithms:179] 	Norm of achieved step-size (cart):    0.0205944645
2025-07-16:19:28:28,135 INFO     [psi4.optking.opt_helper:151] Molsys:

	                            ===> Fragment 1 <== 

	 Z (Atomic Numbers)          Masses                          Geom                  
	       9.000000            18.998403          0.00000000  0.00000000  1.87289918   
	      14.000000            27.976927          0.00000000  0.00000000 -1.27651060   

	 - Coordinate -           - BOHR/RAD -       - ANG/DEG -
	 R(1,2)           =         3.149410           1.666596

2025-07-16:19:28:28,136 INFO     [psi4.optking.convcheck:71] Performing convergence check.
2025-07-16:19:28:28,136 INFO     [psi4.optking.convcheck:263] 
	                                 ==> Convergence Check <==                                  
    
	Measures of convergence in internal coordinates in au.
    
	Criteria marked as inactive (o), active & met (*), and active & unmet ( ).

	----------------------------------------------------------------------------------------------
	   Step    Total Energy     Delta E     Max Force     RMS Force      Max Disp      RMS Disp   
	----------------------------------------------------------------------------------------------
	  Convergence Criteria     1.00e-06 *    3.00e-04 *             o    1.20e-03 *             o
	----------------------------------------------------------------------------------------------
	     7    -389.18339632   -1.63e-03      1.66e-02      1.66e-02 o    2.91e-02      2.91e-02 o  ~
	----------------------------------------------------------------------------------------------


2025-07-16:19:28:28,136 INFO     [psi4.optking.stepAlgorithms:266] 	Convergence check returned False
2025-07-16:19:28:28,158 INFO     [psi4.driver.task_planner:285] PLANNING Atomic:  keywords={'DAMPING_PERCENTAGE': 1.0, 'GEOM_MAXITER': 500, 'SCF__GUESS': 'READ', 'GUESS': 'SAP', 'MAXITER': 500, 'REFERENCE': 'UKS', 'function_kwargs': {}}
2025-07-16:19:28:28,159 INFO     [psi4.driver.driver:636] Compute gradient(): method=b3lyp, basis=cc-pvdz, molecule=default, nre=40.0074963465303
2025-07-16:19:28:29,99 INFO     [psi4.driver.driver:639] Return gradient(): -389.18374968831836
2025-07-16:19:28:29,99 INFO     [psi4.driver.driver:640] [[-0.00000000  0.00000000 -0.00797437]
 [ 0.00000000  0.00000000  0.00789003]]
2025-07-16:19:28:29,100 INFO     [psi4.optking.history:257] 	Performing BFGS update.
2025-07-16:19:28:29,100 INFO     [psi4.optking.history:268] 	Using 4 previous steps for update.
2025-07-16:19:28:29,100 INFO     [psi4.optking.history:302] 	Steps to be used in Hessian update:  7 6 5 4

2025-07-16:19:28:29,101 INFO     [psi4.optking.history:400] 	Updated Hessian (in au) 
 	   0.445485

2025-07-16:19:28:29,101 INFO     [psi4.optking.molsys:874] Projected (PHP) Hessian matrix
	   0.445485

2025-07-16:19:28:29,101 INFO     [psi4.optking.opt_helper:168] 
	         Geometry (au)                                       Gradient (au)
   0.0000000000   0.0000000000   1.8756825428		  -0.0000000000   0.0000000000  -0.0079743699
   0.0000000000   0.0000000000  -1.2737272305		   0.0000000000   0.0000000000   0.0078900282

2025-07-16:19:28:29,101 INFO     [psi4.optking.stepAlgorithms:315] 	Current Step Report 
 
	Current energy:      -389.1837496883
	Energy change for the previous step:
		Actual       :        -0.0003533670
		Projected    :        -0.0002418723

2025-07-16:19:28:29,101 INFO     [psi4.optking.stepAlgorithms:318] 	Energy ratio =    1.46097
2025-07-16:19:28:29,101 INFO     [psi4.optking.stepAlgorithms:750] 	Using RFO solution 1.
2025-07-16:19:28:29,101 INFO     [psi4.optking.displace:73] 	Determining Cartesian step for fragment 1.
2025-07-16:19:28:29,101 INFO     [psi4.optking.displace:378] 	Successfully converged to displaced geometry.
2025-07-16:19:28:29,101 INFO     [psi4.optking.displace:379] 	RMS(dx):  1.282e-16 	Max(dx):  2.220e-16 	RMS(dq):  4.441e-16
2025-07-16:19:28:29,101 INFO     [psi4.optking.displace:132] 

	        --- Internal Coordinate Step in ANG or DEG, aJ/ANG or AJ/DEG ---
	-------------------------------------------------------------------------------
	           Coordinate      Previous         Force          Change          New 
	           ----------      --------        ------          ------        ------
	               R(1,2)       1.66660        0.06535        0.00942       1.67602
	-------------------------------------------------------------------------------

2025-07-16:19:28:29,101 INFO     [psi4.optking.stepAlgorithms:96] 	|target step| :    0.0178001121
2025-07-16:19:28:29,101 INFO     [psi4.optking.stepAlgorithms:97] 	gradient     :   -0.0079321991
2025-07-16:19:28:29,101 INFO     [psi4.optking.stepAlgorithms:98] 	hessian      :    0.4454851602
2025-07-16:19:28:29,101 INFO     [psi4.optking.stepAlgorithms:177] 	Norm of achieved step-size    0.0178001121
2025-07-16:19:28:29,101 INFO     [psi4.optking.stepAlgorithms:179] 	Norm of achieved step-size (cart):    0.0125865800
2025-07-16:19:28:29,102 INFO     [psi4.optking.opt_helper:151] Molsys:

	                            ===> Fragment 1 <== 

	 Z (Atomic Numbers)          Masses                          Geom                  
	       9.000000            18.998403          0.00000000  0.00000000  1.88458260   
	      14.000000            27.976927          0.00000000  0.00000000 -1.28262729   

	 - Coordinate -           - BOHR/RAD -       - ANG/DEG -
	 R(1,2)           =         3.167210           1.676015

2025-07-16:19:28:29,102 INFO     [psi4.optking.convcheck:71] Performing convergence check.
2025-07-16:19:28:29,102 INFO     [psi4.optking.convcheck:263] 
	                                 ==> Convergence Check <==                                  
    
	Measures of convergence in internal coordinates in au.
    
	Criteria marked as inactive (o), active & met (*), and active & unmet ( ).

	----------------------------------------------------------------------------------------------
	   Step    Total Energy     Delta E     Max Force     RMS Force      Max Disp      RMS Disp   
	----------------------------------------------------------------------------------------------
	  Convergence Criteria     1.00e-06 *    3.00e-04 *             o    1.20e-03 *             o
	----------------------------------------------------------------------------------------------
	     8    -389.18374969   -3.53e-04      7.93e-03      7.93e-03 o    1.78e-02      1.78e-02 o  ~
	----------------------------------------------------------------------------------------------


2025-07-16:19:28:29,102 INFO     [psi4.optking.stepAlgorithms:266] 	Convergence check returned False
2025-07-16:19:28:29,120 INFO     [psi4.driver.task_planner:285] PLANNING Atomic:  keywords={'DAMPING_PERCENTAGE': 1.0, 'GEOM_MAXITER': 500, 'SCF__GUESS': 'READ', 'GUESS': 'SAP', 'MAXITER': 500, 'REFERENCE': 'UKS', 'function_kwargs': {}}
2025-07-16:19:28:29,122 INFO     [psi4.driver.driver:636] Compute gradient(): method=b3lyp, basis=cc-pvdz, molecule=default, nre=39.782649258684785
2025-07-16:19:28:30,74 INFO     [psi4.driver.driver:639] Return gradient(): -389.1838452481269
2025-07-16:19:28:30,74 INFO     [psi4.driver.driver:640] [[ 0.00000000  0.00000000 -0.00304558]
 [-0.00000000  0.00000000  0.00295733]]
2025-07-16:19:28:30,75 INFO     [psi4.optking.history:257] 	Performing BFGS update.
2025-07-16:19:28:30,75 INFO     [psi4.optking.history:268] 	Using 4 previous steps for update.
2025-07-16:19:28:30,76 INFO     [psi4.optking.history:302] 	Steps to be used in Hessian update:  8 7 6 5

2025-07-16:19:28:30,76 INFO     [psi4.optking.history:400] 	Updated Hessian (in au) 
 	   0.357291

2025-07-16:19:28:30,76 INFO     [psi4.optking.molsys:874] Projected (PHP) Hessian matrix
	   0.357291

2025-07-16:19:28:30,76 INFO     [psi4.optking.opt_helper:168] 
	         Geometry (au)                                       Gradient (au)
   0.0000000000   0.0000000000   1.8862836909		   0.0000000000   0.0000000000  -0.0030455838
   0.0000000000   0.0000000000  -1.2809261945		  -0.0000000000   0.0000000000   0.0029573297

2025-07-16:19:28:30,76 INFO     [psi4.optking.stepAlgorithms:315] 	Current Step Report 
 
	Current energy:      -389.1838452481
	Energy change for the previous step:
		Actual       :        -0.0000955598
		Projected    :        -0.0000705970

2025-07-16:19:28:30,76 INFO     [psi4.optking.stepAlgorithms:318] 	Energy ratio =    1.35360
2025-07-16:19:28:30,76 INFO     [psi4.optking.stepAlgorithms:750] 	Using RFO solution 1.
2025-07-16:19:28:30,76 INFO     [psi4.optking.displace:73] 	Determining Cartesian step for fragment 1.
2025-07-16:19:28:30,76 INFO     [psi4.optking.displace:378] 	Successfully converged to displaced geometry.
2025-07-16:19:28:30,76 INFO     [psi4.optking.displace:379] 	RMS(dx):  1.282e-16 	Max(dx):  2.220e-16 	RMS(dq):  4.441e-16
2025-07-16:19:28:30,76 INFO     [psi4.optking.displace:132] 

	        --- Internal Coordinate Step in ANG or DEG, aJ/ANG or AJ/DEG ---
	-------------------------------------------------------------------------------
	           Coordinate      Previous         Force          Change          New 
	           ----------      --------        ------          ------        ------
	               R(1,2)       1.67602        0.02473        0.00445       1.68046
	-------------------------------------------------------------------------------

2025-07-16:19:28:30,76 INFO     [psi4.optking.stepAlgorithms:96] 	|target step| :    0.0083999927
2025-07-16:19:28:30,77 INFO     [psi4.optking.stepAlgorithms:97] 	gradient     :   -0.0030014568
2025-07-16:19:28:30,77 INFO     [psi4.optking.stepAlgorithms:98] 	hessian      :    0.3572913785
2025-07-16:19:28:30,77 INFO     [psi4.optking.stepAlgorithms:177] 	Norm of achieved step-size    0.0083999927
2025-07-16:19:28:30,77 INFO     [psi4.optking.stepAlgorithms:179] 	Norm of achieved step-size (cart):    0.0059396918
2025-07-16:19:28:30,77 INFO     [psi4.optking.opt_helper:151] Molsys:

	                            ===> Fragment 1 <== 

	 Z (Atomic Numbers)          Masses                          Geom                  
	       9.000000            18.998403          0.00000000  0.00000000  1.89048369   
	      14.000000            27.976927          0.00000000  0.00000000 -1.28512619   

	 - Coordinate -           - BOHR/RAD -       - ANG/DEG -
	 R(1,2)           =         3.175610           1.680460

2025-07-16:19:28:30,77 INFO     [psi4.optking.convcheck:71] Performing convergence check.
2025-07-16:19:28:30,77 INFO     [psi4.optking.convcheck:263] 
	                                 ==> Convergence Check <==                                  
    
	Measures of convergence in internal coordinates in au.
    
	Criteria marked as inactive (o), active & met (*), and active & unmet ( ).

	----------------------------------------------------------------------------------------------
	   Step    Total Energy     Delta E     Max Force     RMS Force      Max Disp      RMS Disp   
	----------------------------------------------------------------------------------------------
	  Convergence Criteria     1.00e-06 *    3.00e-04 *             o    1.20e-03 *             o
	----------------------------------------------------------------------------------------------
	     9    -389.18384525   -9.56e-05      3.00e-03      3.00e-03 o    8.40e-03      8.40e-03 o  ~
	----------------------------------------------------------------------------------------------


2025-07-16:19:28:30,77 INFO     [psi4.optking.stepAlgorithms:266] 	Convergence check returned False
2025-07-16:19:28:30,92 INFO     [psi4.driver.task_planner:285] PLANNING Atomic:  keywords={'DAMPING_PERCENTAGE': 1.0, 'GEOM_MAXITER': 500, 'SCF__GUESS': 'READ', 'GUESS': 'SAP', 'MAXITER': 500, 'REFERENCE': 'UKS', 'function_kwargs': {}}
2025-07-16:19:28:30,94 INFO     [psi4.driver.driver:636] Compute gradient(): method=b3lyp, basis=cc-pvdz, molecule=default, nre=39.67741783044456
2025-07-16:19:28:31,101 INFO     [psi4.driver.driver:639] Return gradient(): -389.1838603968346
2025-07-16:19:28:31,101 INFO     [psi4.driver.driver:640] [[ 0.00000000 -0.00000000 -0.00081384]
 [ 0.00000000  0.00000000  0.00072371]]
2025-07-16:19:28:31,102 INFO     [psi4.optking.history:257] 	Performing BFGS update.
2025-07-16:19:28:31,102 INFO     [psi4.optking.history:268] 	Using 4 previous steps for update.
2025-07-16:19:28:31,102 INFO     [psi4.optking.history:302] 	Steps to be used in Hessian update:  9 8 7 6

2025-07-16:19:28:31,102 INFO     [psi4.optking.history:400] 	Updated Hessian (in au) 
 	   0.315232

2025-07-16:19:28:31,102 INFO     [psi4.optking.molsys:874] Projected (PHP) Hessian matrix
	   0.315232

2025-07-16:19:28:31,102 INFO     [psi4.optking.opt_helper:168] 
	         Geometry (au)                                       Gradient (au)
   0.0000000000   0.0000000000   1.8912864441		   0.0000000000  -0.0000000000  -0.0008138362
   0.0000000000   0.0000000000  -1.2843234340		   0.0000000000   0.0000000000   0.0007237119

2025-07-16:19:28:31,103 INFO     [psi4.optking.stepAlgorithms:315] 	Current Step Report 
 
	Current energy:      -389.1838603968
	Energy change for the previous step:
		Actual       :        -0.0000151487
		Projected    :        -0.0000126061

2025-07-16:19:28:31,103 INFO     [psi4.optking.stepAlgorithms:318] 	Energy ratio =    1.20170
2025-07-16:19:28:31,103 INFO     [psi4.optking.stepAlgorithms:750] 	Using RFO solution 1.
2025-07-16:19:28:31,103 INFO     [psi4.optking.displace:73] 	Determining Cartesian step for fragment 1.
2025-07-16:19:28:31,103 INFO     [psi4.optking.displace:378] 	Successfully converged to displaced geometry.
2025-07-16:19:28:31,103 INFO     [psi4.optking.displace:379] 	RMS(dx):  0.000e+00 	Max(dx):  0.000e+00 	RMS(dq):  0.000e+00
2025-07-16:19:28:31,103 INFO     [psi4.optking.displace:132] 

	        --- Internal Coordinate Step in ANG or DEG, aJ/ANG or AJ/DEG ---
	-------------------------------------------------------------------------------
	           Coordinate      Previous         Force          Change          New 
	           ----------      --------        ------          ------        ------
	               R(1,2)       1.68046        0.00633        0.00129       1.68175
	-------------------------------------------------------------------------------

2025-07-16:19:28:31,103 INFO     [psi4.optking.stepAlgorithms:96] 	|target step| :    0.0024387428
2025-07-16:19:28:31,103 INFO     [psi4.optking.stepAlgorithms:97] 	gradient     :   -0.0007687740
2025-07-16:19:28:31,103 INFO     [psi4.optking.stepAlgorithms:98] 	hessian      :    0.3152318627
2025-07-16:19:28:31,103 INFO     [psi4.optking.stepAlgorithms:177] 	Norm of achieved step-size    0.0024387428
2025-07-16:19:28:31,103 INFO     [psi4.optking.stepAlgorithms:179] 	Norm of achieved step-size (cart):    0.0017244516
2025-07-16:19:28:31,103 INFO     [psi4.optking.opt_helper:151] Molsys:

	                            ===> Fragment 1 <== 

	 Z (Atomic Numbers)          Masses                          Geom                  
	       9.000000            18.998403          0.00000000  0.00000000  1.89250582   
	      14.000000            27.976927          0.00000000  0.00000000 -1.28554281   

	 - Coordinate -           - BOHR/RAD -       - ANG/DEG -
	 R(1,2)           =         3.178049           1.681751

2025-07-16:19:28:31,103 INFO     [psi4.optking.convcheck:71] Performing convergence check.
2025-07-16:19:28:31,103 INFO     [psi4.optking.convcheck:263] 
	                                 ==> Convergence Check <==                                  
    
	Measures of convergence in internal coordinates in au.
    
	Criteria marked as inactive (o), active & met (*), and active & unmet ( ).

	----------------------------------------------------------------------------------------------
	   Step    Total Energy     Delta E     Max Force     RMS Force      Max Disp      RMS Disp   
	----------------------------------------------------------------------------------------------
	  Convergence Criteria     1.00e-06 *    3.00e-04 *             o    1.20e-03 *             o
	----------------------------------------------------------------------------------------------
	    10    -389.18386040   -1.51e-05      7.69e-04      7.69e-04 o    2.44e-03      2.44e-03 o  ~
	----------------------------------------------------------------------------------------------


2025-07-16:19:28:31,103 INFO     [psi4.optking.stepAlgorithms:266] 	Convergence check returned False
2025-07-16:19:28:31,120 INFO     [psi4.driver.task_planner:285] PLANNING Atomic:  keywords={'DAMPING_PERCENTAGE': 1.0, 'GEOM_MAXITER': 500, 'SCF__GUESS': 'READ', 'GUESS': 'SAP', 'MAXITER': 500, 'REFERENCE': 'UKS', 'function_kwargs': {}}
2025-07-16:19:28:31,121 INFO     [psi4.driver.driver:636] Compute gradient(): method=b3lyp, basis=cc-pvdz, molecule=default, nre=39.64697052451759
2025-07-16:19:28:32,89 INFO     [psi4.driver.driver:639] Return gradient(): -389.1838613064657
2025-07-16:19:28:32,90 INFO     [psi4.driver.driver:640] [[ 0.00000000 -0.00000000 -0.00017697]
 [ 0.00000000  0.00000000  0.00008631]]
2025-07-16:19:28:32,92 INFO     [psi4.optking.history:257] 	Performing BFGS update.
2025-07-16:19:28:32,92 INFO     [psi4.optking.history:268] 	Using 4 previous steps for update.
2025-07-16:19:28:32,93 INFO     [psi4.optking.history:302] 	Steps to be used in Hessian update:  10 9 8 7

2025-07-16:19:28:32,93 INFO     [psi4.optking.history:400] 	Updated Hessian (in au) 
 	   0.285259

2025-07-16:19:28:32,93 INFO     [psi4.optking.molsys:874] Projected (PHP) Hessian matrix
	   0.285259

2025-07-16:19:28:32,93 INFO     [psi4.optking.opt_helper:168] 
	         Geometry (au)                                       Gradient (au)
   0.0000000000   0.0000000000   1.8927388773		   0.0000000000  -0.0000000000  -0.0001769661
   0.0000000000   0.0000000000  -1.2853097437		   0.0000000000   0.0000000000   0.0000863089

2025-07-16:19:28:32,94 INFO     [psi4.optking.stepAlgorithms:315] 	Current Step Report 
 
	Current energy:      -389.1838613065
	Energy change for the previous step:
		Actual       :        -0.0000009096
		Projected    :        -0.0000009374

2025-07-16:19:28:32,94 INFO     [psi4.optking.stepAlgorithms:318] 	Energy ratio =    0.97035
2025-07-16:19:28:32,94 INFO     [psi4.optking.stepAlgorithms:750] 	Using RFO solution 1.
2025-07-16:19:28:32,94 INFO     [psi4.optking.displace:73] 	Determining Cartesian step for fragment 1.
2025-07-16:19:28:32,94 INFO     [psi4.optking.displace:378] 	Successfully converged to displaced geometry.
2025-07-16:19:28:32,94 INFO     [psi4.optking.displace:379] 	RMS(dx):  1.282e-16 	Max(dx):  2.220e-16 	RMS(dq):  4.441e-16
2025-07-16:19:28:32,94 INFO     [psi4.optking.displace:132] 

	        --- Internal Coordinate Step in ANG or DEG, aJ/ANG or AJ/DEG ---
	-------------------------------------------------------------------------------
	           Coordinate      Previous         Force          Change          New 
	           ----------      --------        ------          ------        ------
	               R(1,2)       1.68175        0.00108        0.00024       1.68200
	-------------------------------------------------------------------------------

2025-07-16:19:28:32,94 INFO     [psi4.optking.stepAlgorithms:96] 	|target step| :    0.0004614669
2025-07-16:19:28:32,95 INFO     [psi4.optking.stepAlgorithms:97] 	gradient     :   -0.0001316375
2025-07-16:19:28:32,95 INFO     [psi4.optking.stepAlgorithms:98] 	hessian      :    0.2852587522
2025-07-16:19:28:32,95 INFO     [psi4.optking.stepAlgorithms:177] 	Norm of achieved step-size    0.0004614669
2025-07-16:19:28:32,95 INFO     [psi4.optking.stepAlgorithms:179] 	Norm of achieved step-size (cart):    0.0003263064
2025-07-16:19:28:32,95 INFO     [psi4.optking.opt_helper:151] Molsys:

	                            ===> Fragment 1 <== 

	 Z (Atomic Numbers)          Masses                          Geom                  
	       9.000000            18.998403          0.00000000  0.00000000  1.89296961   
	      14.000000            27.976927          0.00000000  0.00000000 -1.28554048   

	 - Coordinate -           - BOHR/RAD -       - ANG/DEG -
	 R(1,2)           =         3.178510           1.681995

2025-07-16:19:28:32,95 INFO     [psi4.optking.convcheck:71] Performing convergence check.
2025-07-16:19:28:32,95 INFO     [psi4.optking.convcheck:263] 
	                                 ==> Convergence Check <==                                  
    
	Measures of convergence in internal coordinates in au.
    
	Criteria marked as inactive (o), active & met (*), and active & unmet ( ).

	----------------------------------------------------------------------------------------------
	   Step    Total Energy     Delta E     Max Force     RMS Force      Max Disp      RMS Disp   
	----------------------------------------------------------------------------------------------
	  Convergence Criteria     1.00e-06 *    3.00e-04 *             o    1.20e-03 *             o
	----------------------------------------------------------------------------------------------
	    11    -389.18386131   -9.10e-07 *    1.32e-04 *    1.32e-04 o    4.61e-04 *    4.61e-04 o  ~
	----------------------------------------------------------------------------------------------


2025-07-16:19:28:32,95 INFO     [psi4.optking.convcheck:193] 
	                      ===> Final Convergence Report <===                     

	----------------------------------------------------------------------------
	|   Required Criteria    |  One or More Criteria  |   Alternate Criteria   |
	----------------------------------------------------------------------------
	| [x]     max_force      | [x]       max_DE       |                        |
	|                        | [x]      max_disp      |                        |
	----------------------------------------------------------------------------


2025-07-16:19:28:32,95 INFO     [psi4.optking.stepAlgorithms:266] 	Convergence check returned True
2025-07-16:19:28:32,96 INFO     [psi4.optking.optimize:286] 	Converged in 11 steps!
2025-07-16:19:28:32,96 INFO     [psi4.optking.optimize:287] 	Final energy is   -389.1838613064657
2025-07-16:19:28:32,96 INFO     [psi4.optking.optimize:288] 	Final structure (Angstroms): 
	Fragment 1 (Ang)

	    F   0.0000000000   0.0000000000   1.0017163785
	   Si   0.0000000000   0.0000000000  -0.6802787239


2025-07-16:19:28:32,97 INFO     [psi4.optking.optimize:432] 	Optimization Finished

	==> Optimization Summary <==

        
	Measures of convergence in internal coordinates in au. (Any backward steps not shown.)
        
	---------------------------------------------------------------------------------------------------------------  ~
        
	 Step         Total Energy             Delta E       MAX Force       RMS Force        MAX Disp        RMS Disp   ~
        
	---------------------------------------------------------------------------------------------------------------  ~
        
	     1    -388.883021868851   -388.883021868851      1.03742913      1.03742913      0.23442512      0.23442512  ~
	     2    -389.058823539375     -0.175801670524      0.51564377      0.51564377      0.22041127      0.22041127  ~
	     3    -389.139654479763     -0.080830940388      0.24325957      0.24325957      0.13671546      0.13671546  ~
	     4    -389.165225633701     -0.025571153938      0.13720601      0.13720601      0.12737866      0.12737866  ~
	     5    -389.178001351015     -0.012775717314      0.06753115      0.06753115      0.07263042      0.07263042  ~
	     6    -389.181769740921     -0.003768389906      0.03745470      0.03745470      0.06105253      0.06105253  ~
	     7    -389.183396321285     -0.001626580364      0.01660927      0.01660927      0.02912497      0.02912497  ~
	     8    -389.183749688318     -0.000353367033      0.00793220      0.00793220      0.01780011      0.01780011  ~
	     9    -389.183845248127     -0.000095559809      0.00300146      0.00300146      0.00839999      0.00839999  ~
	    10    -389.183860396835     -0.000015148708      0.00076877      0.00076877      0.00243874      0.00243874  ~
	    11    -389.183861306466     -0.000000909631      0.00013164      0.00013164      0.00046147      0.00046147  ~
	----------------------------------------------------------------------------------------------------------------


2025-07-16:19:28:32,97 INFO     [psi4.optking.optimize:640] Preparing OptimizationResult
