2025-07-16:19:05:45,388 INFO     [psi4.optking.optwrapper:214] Creating a UserComputer
2025-07-16:19:05:45,388 INFO     [psi4.optking.optwrapper:222] 
    			-----------------------------------------

    			 OPTKING 3.0: for geometry optimizations 

    			     By R.A. King, Bethel University     

    			        with contributions from          

    			    A.V. Copan, J. Cayton, A. Heide      

    			-----------------------------------------

    
2025-07-16:19:05:45,389 INFO     [psi4.optking.optwrapper:238] 
		 -- Optimization Parameters --
	accept_symmetry_breaking       =           False
	alg_geom_maxiter               =             500
	bt_dx_conv                     =           1e-07
	bt_dx_rms_change_conv          =           1e-12
	bt_max_iter                    =              25
	cart_hess_read                 =           False
	consecutive_backsteps_allowed  =               0
	conv_max_DE                    =           1e-06
	conv_max_disp                  =          0.0012
	conv_max_force                 =          0.0003
	conv_rms_disp                  =              -1
	conv_rms_force                 =              -1
	covalent_connect               =             1.3
	dynamic_level                  =               0
	dynamic_level_max              =               0
	ensure_bt_convergence          =           False
	ext_force_bend                 =              []
	ext_force_cartesian            =              []
	ext_force_dihedral             =              []
	ext_force_distance             =              []
	ext_force_oofp                 =              []
	fix_val_near_pi                =            1.57
	flexible_g_convergence         =           False
	frag_mode                      =          SINGLE
	frag_ref_atoms                 =            None
	freeze_intrafrag               =           False
	frozen_bend                    =              []
	frozen_cartesian               =              []
	frozen_dihedral                =              []
	frozen_distance                =              []
	frozen_oofp                    =              []
	full_hess_every                =              -1
	g_convergence                  =           QCHEM
	generate_intcos_exit           =           False
	geom_maxiter                   =             500
	h_bond_connect                 =             4.3
	hess_update                    =            BFGS
	hess_update_den_tol            =           1e-07
	hess_update_dq_tol             =             0.5
	hess_update_limit              =            True
	hess_update_limit_max          =             1.0
	hess_update_limit_scale        =             0.5
	hess_update_use_last           =               4
	hessian_file                   =            None
	i_max_DE                       =            True
	i_max_disp                     =            True
	i_max_force                    =            True
	i_rms_disp                     =           False
	i_rms_force                    =           False
	i_untampered                   =            True
	include_oofp                   =           False
	interfrag_collinear_tol        =            0.01
	interfrag_coords               =            None
	interfrag_dist_inv             =           False
	interfrag_mode                 =           FIXED
	interfrag_trust                =             0.5
	interfrag_trust_max            =             1.0
	interfrag_trust_min            =           0.001
	interfragment_connect          =             1.8
	intrafrag_hess                 =        SCHLEGEL
	intrafrag_trust                =             0.5
	intrafrag_trust_max            =             1.0
	intrafrag_trust_min            =           0.001
	irc_direction                  =         FORWARD
	irc_points                     =              20
	irc_step_size                  =             0.2
	keep_intcos                    =           False
	linear_bend_threshold          =            3.05
	linesearch                     =           False
	linesearch_step                =             0.1
	max_disp_g_convergence         =          0.0012
	max_energy_g_convergence       =           1e-06
	max_force_g_convergence        =          0.0003
	opt_coordinates                =       REDUNDANT
	opt_type                       =             MIN
	output_type                    =            FILE
	print_lvl                      =               1
	program                        =            psi4
	ranged_bend                    =              []
	ranged_cartesian               =              []
	ranged_dihedral                =              []
	ranged_distance                =              []
	ranged_oofp                    =              []
	redundant_eval_tol             =           1e-10
	rfo_follow_root                =           False
	rfo_normalization_max          =             100
	rfo_root                       =               0
	rms_disp_g_convergence         =          0.0012
	rms_force_g_convergence        =          0.0003
	rsrfo_alpha_max                =     100000000.0
	sd_hessian                     =             1.0
	simple_step_scaling            =           False
	small_bend_fix_threshold       =            0.35
	steepest_descent_type          =         OVERLAP
	step_type                      =             RFO
	test_B                         =           False
	test_derivative_B              =           False
	trajectory                     =           False
	v3d_tors_angle_lim             =           0.017
	v3d_tors_cos_tol               =           1e-10
	working_consecutive_backsteps  =               0
	working_steps_since_last_H     =               0


2025-07-16:19:05:45,875 INFO     [psi4.optking.opt_helper:151] Molsys:

	                            ===> Fragment 1 <== 

	 Z (Atomic Numbers)          Masses                          Geom                  
	       6.000000            12.000000          0.00000000  0.00000000  1.68830748   
	      17.000000            34.968853          0.00000000  0.00000000 -0.57936387   

	 - Coordinate -           - BOHR/RAD -       - ANG/DEG -
	 R(1,2)           =         2.267671           1.200000

2025-07-16:19:05:45,886 INFO     [psi4.driver.task_planner:285] PLANNING Atomic:  keywords={'DAMPING_PERCENTAGE': 1.0, 'GEOM_MAXITER': 500, 'GUESS': 'SAP', 'MAXITER': 500, 'REFERENCE': 'UKS', 'function_kwargs': {}}
2025-07-16:19:05:45,887 INFO     [psi4.driver.driver:636] Compute gradient(): method=b3lyp, basis=cc-pvdz, molecule=default, nre=44.98006290695
2025-07-16:19:05:47,3 INFO     [psi4.driver.driver:639] Return gradient(): -497.75422620881204
2025-07-16:19:05:47,3 INFO     [psi4.driver.driver:640] [[ 0.00000000 -0.00000000 -1.08313877]
 [ 0.00000000 -0.00000000  1.08313504]]
2025-07-16:19:05:47,6 INFO     [psi4.optking.molsys:874] Projected (PHP) Hessian matrix
	   4.182219

2025-07-16:19:05:47,6 INFO     [psi4.optking.opt_helper:168] 
	         Geometry (au)                                       Gradient (au)
   0.0000000000   0.0000000000   1.6883074817		   0.0000000000  -0.0000000000  -1.0831387698
   0.0000000000   0.0000000000  -0.5793638689		   0.0000000000  -0.0000000000   1.0831350418

2025-07-16:19:05:47,6 INFO     [psi4.optking.stepAlgorithms:750] 	Using RFO solution 1.
2025-07-16:19:05:47,6 INFO     [psi4.optking.displace:73] 	Determining Cartesian step for fragment 1.
2025-07-16:19:05:47,6 INFO     [psi4.optking.displace:378] 	Successfully converged to displaced geometry.
2025-07-16:19:05:47,7 INFO     [psi4.optking.displace:379] 	RMS(dx):  0.000e+00 	Max(dx):  0.000e+00 	RMS(dq):  0.000e+00
2025-07-16:19:05:47,7 INFO     [psi4.optking.displace:132] 

	        --- Internal Coordinate Step in ANG or DEG, aJ/ANG or AJ/DEG ---
	-------------------------------------------------------------------------------
	           Coordinate      Previous         Force          Change          New 
	           ----------      --------        ------          ------        ------
	               R(1,2)       1.20000        8.92367        0.12892       1.32892
	-------------------------------------------------------------------------------

2025-07-16:19:05:47,7 INFO     [psi4.optking.stepAlgorithms:96] 	|target step| :    0.2436157306
2025-07-16:19:05:47,7 INFO     [psi4.optking.stepAlgorithms:97] 	gradient     :   -1.0831369058
2025-07-16:19:05:47,7 INFO     [psi4.optking.stepAlgorithms:98] 	hessian      :    4.1822185214
2025-07-16:19:05:47,7 INFO     [psi4.optking.stepAlgorithms:177] 	Norm of achieved step-size    0.2436157306
2025-07-16:19:05:47,8 INFO     [psi4.optking.stepAlgorithms:179] 	Norm of achieved step-size (cart):    0.1722623351
2025-07-16:19:05:47,8 INFO     [psi4.optking.opt_helper:151] Molsys:

	                            ===> Fragment 1 <== 

	 Z (Atomic Numbers)          Masses                          Geom                  
	       6.000000            12.000000          0.00000000  0.00000000  1.81011535   
	      17.000000            34.968853          0.00000000  0.00000000 -0.70117173   

	 - Coordinate -           - BOHR/RAD -       - ANG/DEG -
	 R(1,2)           =         2.511287           1.328916

2025-07-16:19:05:47,8 INFO     [psi4.optking.convcheck:71] Performing convergence check.
2025-07-16:19:05:47,8 INFO     [psi4.optking.convcheck:263] 
	                                 ==> Convergence Check <==                                  
    
	Measures of convergence in internal coordinates in au.
    
	Criteria marked as inactive (o), active & met (*), and active & unmet ( ).

	----------------------------------------------------------------------------------------------
	   Step    Total Energy     Delta E     Max Force     RMS Force      Max Disp      RMS Disp   
	----------------------------------------------------------------------------------------------
	  Convergence Criteria     1.00e-06 *    3.00e-04 *             o    1.20e-03 *             o
	----------------------------------------------------------------------------------------------
	     1    -497.75422621   -4.98e+02      1.08e+00      1.08e+00 o    2.44e-01      2.44e-01 o  ~
	----------------------------------------------------------------------------------------------


2025-07-16:19:05:47,8 INFO     [psi4.optking.stepAlgorithms:266] 	Convergence check returned False
2025-07-16:19:05:47,24 INFO     [psi4.driver.task_planner:285] PLANNING Atomic:  keywords={'DAMPING_PERCENTAGE': 1.0, 'GEOM_MAXITER': 500, 'SCF__GUESS': 'READ', 'GUESS': 'SAP', 'MAXITER': 500, 'REFERENCE': 'UKS', 'function_kwargs': {}}
2025-07-16:19:05:47,25 INFO     [psi4.driver.driver:636] Compute gradient(): method=b3lyp, basis=cc-pvdz, molecule=default, nre=40.61662275304533
2025-07-16:19:05:47,930 INFO     [psi4.driver.driver:639] Return gradient(): -497.94203956302306
2025-07-16:19:05:47,933 INFO     [psi4.driver.driver:640] [[ 0.00000000 -0.00000000 -0.51771117]
 [-0.00000000  0.00000000  0.51768544]]
2025-07-16:19:05:47,935 INFO     [psi4.optking.history:257] 	Performing BFGS update.
2025-07-16:19:05:47,935 INFO     [psi4.optking.history:268] 	Using 1 previous steps for update.
2025-07-16:19:05:47,935 INFO     [psi4.optking.history:302] 	Steps to be used in Hessian update:  1

2025-07-16:19:05:47,935 INFO     [psi4.optking.history:400] 	Updated Hessian (in au) 
 	   2.321027

2025-07-16:19:05:47,935 INFO     [psi4.optking.molsys:874] Projected (PHP) Hessian matrix
	   2.321027

2025-07-16:19:05:47,935 INFO     [psi4.optking.opt_helper:168] 
	         Geometry (au)                                       Gradient (au)
   0.0000000000   0.0000000000   1.8696822036		   0.0000000000  -0.0000000000  -0.5177111671
   0.0000000000   0.0000000000  -0.6416048776		  -0.0000000000   0.0000000000   0.5176854380

2025-07-16:19:05:47,935 INFO     [psi4.optking.stepAlgorithms:315] 	Current Step Report 
 
	Current energy:      -497.9420395630
	Energy change for the previous step:
		Actual       :        -0.1878133542
		Projected    :        -0.1319345943

2025-07-16:19:05:47,935 INFO     [psi4.optking.stepAlgorithms:318] 	Energy ratio =    1.42353
2025-07-16:19:05:47,935 INFO     [psi4.optking.stepAlgorithms:346] 	Energy ratio indicates good step.
2025-07-16:19:05:47,935 INFO     [psi4.optking.stepAlgorithms:347] 	Intrafrag trust radius increased to 1.000e+00.
2025-07-16:19:05:47,935 INFO     [psi4.optking.stepAlgorithms:750] 	Using RFO solution 1.
2025-07-16:19:05:47,936 INFO     [psi4.optking.displace:73] 	Determining Cartesian step for fragment 1.
2025-07-16:19:05:47,936 INFO     [psi4.optking.displace:378] 	Successfully converged to displaced geometry.
2025-07-16:19:05:47,936 INFO     [psi4.optking.displace:379] 	RMS(dx):  0.000e+00 	Max(dx):  0.000e+00 	RMS(dq):  0.000e+00
2025-07-16:19:05:47,936 INFO     [psi4.optking.displace:132] 

	        --- Internal Coordinate Step in ANG or DEG, aJ/ANG or AJ/DEG ---
	-------------------------------------------------------------------------------
	           Coordinate      Previous         Force          Change          New 
	           ----------      --------        ------          ------        ------
	               R(1,2)       1.32892        4.26517        0.11268       1.44160
	-------------------------------------------------------------------------------

2025-07-16:19:05:47,936 INFO     [psi4.optking.stepAlgorithms:96] 	|target step| :    0.2129339657
2025-07-16:19:05:47,936 INFO     [psi4.optking.stepAlgorithms:97] 	gradient     :   -0.5176983025
2025-07-16:19:05:47,936 INFO     [psi4.optking.stepAlgorithms:98] 	hessian      :    2.3210266509
2025-07-16:19:05:47,936 INFO     [psi4.optking.stepAlgorithms:177] 	Norm of achieved step-size    0.2129339657
2025-07-16:19:05:47,936 INFO     [psi4.optking.stepAlgorithms:179] 	Norm of achieved step-size (cart):    0.1505670511
2025-07-16:19:05:47,936 INFO     [psi4.optking.opt_helper:151] Molsys:

	                            ===> Fragment 1 <== 

	 Z (Atomic Numbers)          Masses                          Geom                  
	       6.000000            12.000000          0.00000000  0.00000000  1.97614919   
	      17.000000            34.968853          0.00000000  0.00000000 -0.74807186   

	 - Coordinate -           - BOHR/RAD -       - ANG/DEG -
	 R(1,2)           =         2.724221           1.441596

2025-07-16:19:05:47,936 INFO     [psi4.optking.convcheck:71] Performing convergence check.
2025-07-16:19:05:47,936 INFO     [psi4.optking.convcheck:263] 
	                                 ==> Convergence Check <==                                  
    
	Measures of convergence in internal coordinates in au.
    
	Criteria marked as inactive (o), active & met (*), and active & unmet ( ).

	----------------------------------------------------------------------------------------------
	   Step    Total Energy     Delta E     Max Force     RMS Force      Max Disp      RMS Disp   
	----------------------------------------------------------------------------------------------
	  Convergence Criteria     1.00e-06 *    3.00e-04 *             o    1.20e-03 *             o
	----------------------------------------------------------------------------------------------
	     2    -497.94203956   -1.88e-01      5.18e-01      5.18e-01 o    2.13e-01      2.13e-01 o  ~
	----------------------------------------------------------------------------------------------


2025-07-16:19:05:47,936 INFO     [psi4.optking.stepAlgorithms:266] 	Convergence check returned False
2025-07-16:19:05:47,948 INFO     [psi4.driver.task_planner:285] PLANNING Atomic:  keywords={'DAMPING_PERCENTAGE': 1.0, 'GEOM_MAXITER': 500, 'SCF__GUESS': 'READ', 'GUESS': 'SAP', 'MAXITER': 500, 'REFERENCE': 'UKS', 'function_kwargs': {}}
2025-07-16:19:05:47,949 INFO     [psi4.driver.driver:636] Compute gradient(): method=b3lyp, basis=cc-pvdz, molecule=default, nre=37.44189559037348
2025-07-16:19:05:48,939 INFO     [psi4.driver.driver:639] Return gradient(): -498.02072283124704
2025-07-16:19:05:48,939 INFO     [psi4.driver.driver:640] [[ 0.00000000 -0.00000000 -0.24673143]
 [ 0.00000000 -0.00000000  0.24671058]]
2025-07-16:19:05:48,942 INFO     [psi4.optking.history:257] 	Performing BFGS update.
2025-07-16:19:05:48,942 INFO     [psi4.optking.history:268] 	Using 2 previous steps for update.
2025-07-16:19:05:48,942 INFO     [psi4.optking.history:302] 	Steps to be used in Hessian update:  2 1

2025-07-16:19:05:48,942 INFO     [psi4.optking.history:400] 	Updated Hessian (in au) 
 	   1.832037

2025-07-16:19:05:48,943 INFO     [psi4.optking.molsys:874] Projected (PHP) Hessian matrix
	   1.832037

2025-07-16:19:05:48,943 INFO     [psi4.optking.opt_helper:168] 
	         Geometry (au)                                       Gradient (au)
   0.0000000000   0.0000000000   2.0282139976		   0.0000000000  -0.0000000000  -0.2467314258
   0.0000000000   0.0000000000  -0.6960070492		   0.0000000000  -0.0000000000   0.2467105822

2025-07-16:19:05:48,943 INFO     [psi4.optking.stepAlgorithms:315] 	Current Step Report 
 
	Current energy:      -498.0207228312
	Energy change for the previous step:
		Actual       :        -0.0786832682
		Projected    :        -0.0551177763

2025-07-16:19:05:48,943 INFO     [psi4.optking.stepAlgorithms:318] 	Energy ratio =    1.42755
2025-07-16:19:05:48,943 INFO     [psi4.optking.stepAlgorithms:750] 	Using RFO solution 1.
2025-07-16:19:05:48,943 INFO     [psi4.optking.displace:73] 	Determining Cartesian step for fragment 1.
2025-07-16:19:05:48,943 INFO     [psi4.optking.displace:378] 	Successfully converged to displaced geometry.
2025-07-16:19:05:48,944 INFO     [psi4.optking.displace:379] 	RMS(dx):  0.000e+00 	Max(dx):  0.000e+00 	RMS(dq):  0.000e+00
2025-07-16:19:05:48,944 INFO     [psi4.optking.displace:132] 

	        --- Internal Coordinate Step in ANG or DEG, aJ/ANG or AJ/DEG ---
	-------------------------------------------------------------------------------
	           Coordinate      Previous         Force          Change          New 
	           ----------      --------        ------          ------        ------
	               R(1,2)       1.44160        2.03267        0.07002       1.51161
	-------------------------------------------------------------------------------

2025-07-16:19:05:48,944 INFO     [psi4.optking.stepAlgorithms:96] 	|target step| :    0.1323126966
2025-07-16:19:05:48,944 INFO     [psi4.optking.stepAlgorithms:97] 	gradient     :   -0.2467210040
2025-07-16:19:05:48,944 INFO     [psi4.optking.stepAlgorithms:98] 	hessian      :    1.8320369254
2025-07-16:19:05:48,944 INFO     [psi4.optking.stepAlgorithms:177] 	Norm of achieved step-size    0.1323126966
2025-07-16:19:05:48,944 INFO     [psi4.optking.stepAlgorithms:179] 	Norm of achieved step-size (cart):    0.0935592050
2025-07-16:19:05:48,944 INFO     [psi4.optking.opt_helper:151] Molsys:

	                            ===> Fragment 1 <== 

	 Z (Atomic Numbers)          Masses                          Geom                  
	       6.000000            12.000000          0.00000000  0.00000000  2.09437035   
	      17.000000            34.968853          0.00000000  0.00000000 -0.76216340   

	 - Coordinate -           - BOHR/RAD -       - ANG/DEG -
	 R(1,2)           =         2.856534           1.511613

2025-07-16:19:05:48,945 INFO     [psi4.optking.convcheck:71] Performing convergence check.
2025-07-16:19:05:48,945 INFO     [psi4.optking.convcheck:263] 
	                                 ==> Convergence Check <==                                  
    
	Measures of convergence in internal coordinates in au.
    
	Criteria marked as inactive (o), active & met (*), and active & unmet ( ).

	----------------------------------------------------------------------------------------------
	   Step    Total Energy     Delta E     Max Force     RMS Force      Max Disp      RMS Disp   
	----------------------------------------------------------------------------------------------
	  Convergence Criteria     1.00e-06 *    3.00e-04 *             o    1.20e-03 *             o
	----------------------------------------------------------------------------------------------
	     3    -498.02072283   -7.87e-02      2.47e-01      2.47e-01 o    1.32e-01      1.32e-01 o  ~
	----------------------------------------------------------------------------------------------


2025-07-16:19:05:48,945 INFO     [psi4.optking.stepAlgorithms:266] 	Convergence check returned False
2025-07-16:19:05:48,958 INFO     [psi4.driver.task_planner:285] PLANNING Atomic:  keywords={'DAMPING_PERCENTAGE': 1.0, 'GEOM_MAXITER': 500, 'SCF__GUESS': 'READ', 'GUESS': 'SAP', 'MAXITER': 500, 'REFERENCE': 'UKS', 'function_kwargs': {}}
2025-07-16:19:05:48,959 INFO     [psi4.driver.driver:636] Compute gradient(): method=b3lyp, basis=cc-pvdz, molecule=default, nre=35.70761249919276
2025-07-16:19:05:49,920 INFO     [psi4.driver.driver:639] Return gradient(): -498.0460013882729
2025-07-16:19:05:49,920 INFO     [psi4.driver.driver:640] [[ 0.00000000  0.00000000 -0.14171756]
 [ 0.00000000  0.00000000  0.14169736]]
2025-07-16:19:05:49,924 INFO     [psi4.optking.history:257] 	Performing BFGS update.
2025-07-16:19:05:49,924 INFO     [psi4.optking.history:268] 	Using 3 previous steps for update.
2025-07-16:19:05:49,924 WARNING  [psi4.optking.history:286] 	Change in internal coordinate of 5.89e-01 exceeds limit of 5.00e-01.
2025-07-16:19:05:49,924 WARNING  [psi4.optking.history:291] 	Skipping Hessian update for step 1.
2025-07-16:19:05:49,924 INFO     [psi4.optking.history:302] 	Steps to be used in Hessian update:  3 2

2025-07-16:19:05:49,924 INFO     [psi4.optking.history:400] 	Updated Hessian (in au) 
 	   1.089050

2025-07-16:19:05:49,925 INFO     [psi4.optking.molsys:874] Projected (PHP) Hessian matrix
	   1.089050

2025-07-16:19:05:49,925 INFO     [psi4.optking.opt_helper:168] 
	         Geometry (au)                                       Gradient (au)
   0.0000000000   0.0000000000   2.1267223266		   0.0000000000   0.0000000000  -0.1417175574
   0.0000000000   0.0000000000  -0.7298114168		   0.0000000000   0.0000000000   0.1416973620

2025-07-16:19:05:49,925 INFO     [psi4.optking.stepAlgorithms:315] 	Current Step Report 
 
	Current energy:      -498.0460013883
	Energy change for the previous step:
		Actual       :        -0.0252785570
		Projected    :        -0.0163221607

2025-07-16:19:05:49,925 INFO     [psi4.optking.stepAlgorithms:318] 	Energy ratio =    1.54873
2025-07-16:19:05:49,925 INFO     [psi4.optking.stepAlgorithms:750] 	Using RFO solution 1.
2025-07-16:19:05:49,925 INFO     [psi4.optking.displace:73] 	Determining Cartesian step for fragment 1.
2025-07-16:19:05:49,926 INFO     [psi4.optking.displace:378] 	Successfully converged to displaced geometry.
2025-07-16:19:05:49,926 INFO     [psi4.optking.displace:379] 	RMS(dx):  1.282e-16 	Max(dx):  2.220e-16 	RMS(dq):  4.441e-16
2025-07-16:19:05:49,926 INFO     [psi4.optking.displace:132] 

	        --- Internal Coordinate Step in ANG or DEG, aJ/ANG or AJ/DEG ---
	-------------------------------------------------------------------------------
	           Coordinate      Previous         Force          Change          New 
	           ----------      --------        ------          ------        ------
	               R(1,2)       1.51161        1.16749        0.06773       1.57934
	-------------------------------------------------------------------------------

2025-07-16:19:05:49,926 INFO     [psi4.optking.stepAlgorithms:96] 	|target step| :    0.1279887477
2025-07-16:19:05:49,926 INFO     [psi4.optking.stepAlgorithms:97] 	gradient     :   -0.1417074597
2025-07-16:19:05:49,926 INFO     [psi4.optking.stepAlgorithms:98] 	hessian      :    1.0890498995
2025-07-16:19:05:49,926 INFO     [psi4.optking.stepAlgorithms:177] 	Norm of achieved step-size    0.1279887477
2025-07-16:19:05:49,926 INFO     [psi4.optking.stepAlgorithms:179] 	Norm of achieved step-size (cart):    0.0905017114
2025-07-16:19:05:49,926 INFO     [psi4.optking.opt_helper:151] Molsys:

	                            ===> Fragment 1 <== 

	 Z (Atomic Numbers)          Masses                          Geom                  
	       6.000000            12.000000          0.00000000  0.00000000  2.19071670   
	      17.000000            34.968853          0.00000000  0.00000000 -0.79380579   

	 - Coordinate -           - BOHR/RAD -       - ANG/DEG -
	 R(1,2)           =         2.984522           1.579341

2025-07-16:19:05:49,927 INFO     [psi4.optking.convcheck:71] Performing convergence check.
2025-07-16:19:05:49,927 INFO     [psi4.optking.convcheck:263] 
	                                 ==> Convergence Check <==                                  
    
	Measures of convergence in internal coordinates in au.
    
	Criteria marked as inactive (o), active & met (*), and active & unmet ( ).

	----------------------------------------------------------------------------------------------
	   Step    Total Energy     Delta E     Max Force     RMS Force      Max Disp      RMS Disp   
	----------------------------------------------------------------------------------------------
	  Convergence Criteria     1.00e-06 *    3.00e-04 *             o    1.20e-03 *             o
	----------------------------------------------------------------------------------------------
	     4    -498.04600139   -2.53e-02      1.42e-01      1.42e-01 o    1.28e-01      1.28e-01 o  ~
	----------------------------------------------------------------------------------------------


2025-07-16:19:05:49,927 INFO     [psi4.optking.stepAlgorithms:266] 	Convergence check returned False
2025-07-16:19:05:49,949 INFO     [psi4.driver.task_planner:285] PLANNING Atomic:  keywords={'DAMPING_PERCENTAGE': 1.0, 'GEOM_MAXITER': 500, 'SCF__GUESS': 'READ', 'GUESS': 'SAP', 'MAXITER': 500, 'REFERENCE': 'UKS', 'function_kwargs': {}}
2025-07-16:19:05:49,950 INFO     [psi4.driver.driver:636] Compute gradient(): method=b3lyp, basis=cc-pvdz, molecule=default, nre=34.17632143929193
2025-07-16:19:05:50,863 INFO     [psi4.driver.driver:639] Return gradient(): -498.0593403476729
2025-07-16:19:05:50,863 INFO     [psi4.driver.driver:640] [[ 0.00000000  0.00000000 -0.07101979]
 [ 0.00000000  0.00000000  0.07100382]]
2025-07-16:19:05:50,866 INFO     [psi4.optking.history:257] 	Performing BFGS update.
2025-07-16:19:05:50,866 INFO     [psi4.optking.history:268] 	Using 4 previous steps for update.
2025-07-16:19:05:50,866 WARNING  [psi4.optking.history:286] 	Change in internal coordinate of 7.17e-01 exceeds limit of 5.00e-01.
2025-07-16:19:05:50,866 WARNING  [psi4.optking.history:291] 	Skipping Hessian update for step 1.
2025-07-16:19:05:50,866 INFO     [psi4.optking.history:302] 	Steps to be used in Hessian update:  4 3 2

2025-07-16:19:05:50,867 INFO     [psi4.optking.history:400] 	Updated Hessian (in au) 
 	   0.943899

2025-07-16:19:05:50,867 INFO     [psi4.optking.molsys:874] Projected (PHP) Hessian matrix
	   0.943899

2025-07-16:19:05:50,867 INFO     [psi4.optking.opt_helper:168] 
	         Geometry (au)                                       Gradient (au)
   0.0000000000   0.0000000000   2.2220114259		   0.0000000000   0.0000000000  -0.0710197897
   0.0000000000   0.0000000000  -0.7625110653		   0.0000000000   0.0000000000   0.0710038170

2025-07-16:19:05:50,867 INFO     [psi4.optking.stepAlgorithms:315] 	Current Step Report 
 
	Current energy:      -498.0593403477
	Energy change for the previous step:
		Actual       :        -0.0133389594
		Projected    :        -0.0090684802

2025-07-16:19:05:50,867 INFO     [psi4.optking.stepAlgorithms:318] 	Energy ratio =    1.47091
2025-07-16:19:05:50,867 INFO     [psi4.optking.stepAlgorithms:750] 	Using RFO solution 1.
2025-07-16:19:05:50,867 INFO     [psi4.optking.displace:73] 	Determining Cartesian step for fragment 1.
2025-07-16:19:05:50,867 INFO     [psi4.optking.displace:378] 	Successfully converged to displaced geometry.
2025-07-16:19:05:50,867 INFO     [psi4.optking.displace:379] 	RMS(dx):  1.282e-16 	Max(dx):  2.220e-16 	RMS(dq):  4.441e-16
2025-07-16:19:05:50,868 INFO     [psi4.optking.displace:132] 

	        --- Internal Coordinate Step in ANG or DEG, aJ/ANG or AJ/DEG ---
	-------------------------------------------------------------------------------
	           Coordinate      Previous         Force          Change          New 
	           ----------      --------        ------          ------        ------
	               R(1,2)       1.57934        0.58505        0.03959       1.61893
	-------------------------------------------------------------------------------

2025-07-16:19:05:50,868 INFO     [psi4.optking.stepAlgorithms:96] 	|target step| :    0.0748113495
2025-07-16:19:05:50,868 INFO     [psi4.optking.stepAlgorithms:97] 	gradient     :   -0.0710118033
2025-07-16:19:05:50,868 INFO     [psi4.optking.stepAlgorithms:98] 	hessian      :    0.9438991457
2025-07-16:19:05:50,868 INFO     [psi4.optking.stepAlgorithms:177] 	Norm of achieved step-size    0.0748113495
2025-07-16:19:05:50,868 INFO     [psi4.optking.stepAlgorithms:179] 	Norm of achieved step-size (cart):    0.0528996125
2025-07-16:19:05:50,868 INFO     [psi4.optking.opt_helper:151] Molsys:

	                            ===> Fragment 1 <== 

	 Z (Atomic Numbers)          Masses                          Geom                  
	       6.000000            12.000000          0.00000000  0.00000000  2.25941710   
	      17.000000            34.968853          0.00000000  0.00000000 -0.79991674   

	 - Coordinate -           - BOHR/RAD -       - ANG/DEG -
	 R(1,2)           =         3.059334           1.618930

2025-07-16:19:05:50,868 INFO     [psi4.optking.convcheck:71] Performing convergence check.
2025-07-16:19:05:50,868 INFO     [psi4.optking.convcheck:263] 
	                                 ==> Convergence Check <==                                  
    
	Measures of convergence in internal coordinates in au.
    
	Criteria marked as inactive (o), active & met (*), and active & unmet ( ).

	----------------------------------------------------------------------------------------------
	   Step    Total Energy     Delta E     Max Force     RMS Force      Max Disp      RMS Disp   
	----------------------------------------------------------------------------------------------
	  Convergence Criteria     1.00e-06 *    3.00e-04 *             o    1.20e-03 *             o
	----------------------------------------------------------------------------------------------
	     5    -498.05934035   -1.33e-02      7.10e-02      7.10e-02 o    7.48e-02      7.48e-02 o  ~
	----------------------------------------------------------------------------------------------


2025-07-16:19:05:50,868 INFO     [psi4.optking.stepAlgorithms:266] 	Convergence check returned False
2025-07-16:19:05:50,879 INFO     [psi4.driver.task_planner:285] PLANNING Atomic:  keywords={'DAMPING_PERCENTAGE': 1.0, 'GEOM_MAXITER': 500, 'SCF__GUESS': 'READ', 'GUESS': 'SAP', 'MAXITER': 500, 'REFERENCE': 'UKS', 'function_kwargs': {}}
2025-07-16:19:05:50,880 INFO     [psi4.driver.driver:636] Compute gradient(): method=b3lyp, basis=cc-pvdz, molecule=default, nre=33.340591551237594
2025-07-16:19:05:51,933 INFO     [psi4.driver.driver:639] Return gradient(): -498.06346163259036
2025-07-16:19:05:51,933 INFO     [psi4.driver.driver:640] [[ 0.00000000  0.00000000 -0.04031614]
 [ 0.00000000  0.00000000  0.04030132]]
2025-07-16:19:05:51,934 INFO     [psi4.optking.history:257] 	Performing BFGS update.
2025-07-16:19:05:51,935 INFO     [psi4.optking.history:268] 	Using 4 previous steps for update.
2025-07-16:19:05:51,935 WARNING  [psi4.optking.history:286] 	Change in internal coordinate of 5.48e-01 exceeds limit of 5.00e-01.
2025-07-16:19:05:51,935 WARNING  [psi4.optking.history:291] 	Skipping Hessian update for step 2.
2025-07-16:19:05:51,935 WARNING  [psi4.optking.history:286] 	Change in internal coordinate of 7.92e-01 exceeds limit of 5.00e-01.
2025-07-16:19:05:51,935 WARNING  [psi4.optking.history:291] 	Skipping Hessian update for step 1.
2025-07-16:19:05:51,935 INFO     [psi4.optking.history:302] 	Steps to be used in Hessian update:  5 4 3

2025-07-16:19:05:51,935 INFO     [psi4.optking.history:400] 	Updated Hessian (in au) 
 	   0.615949

2025-07-16:19:05:51,935 INFO     [psi4.optking.molsys:874] Projected (PHP) Hessian matrix
	   0.615949

2025-07-16:19:05:51,935 INFO     [psi4.optking.opt_helper:168] 
	         Geometry (au)                                       Gradient (au)
   0.0000000000   0.0000000000   2.2777093386		   0.0000000000   0.0000000000  -0.0403161421
   0.0000000000   0.0000000000  -0.7816245020		   0.0000000000   0.0000000000   0.0403013201

2025-07-16:19:05:51,935 INFO     [psi4.optking.stepAlgorithms:315] 	Current Step Report 
 
	Current energy:      -498.0634616326
	Energy change for the previous step:
		Actual       :        -0.0041212849
		Projected    :        -0.0026562444

2025-07-16:19:05:51,935 INFO     [psi4.optking.stepAlgorithms:318] 	Energy ratio =    1.55155
2025-07-16:19:05:51,935 INFO     [psi4.optking.stepAlgorithms:750] 	Using RFO solution 1.
2025-07-16:19:05:51,935 INFO     [psi4.optking.displace:73] 	Determining Cartesian step for fragment 1.
2025-07-16:19:05:51,936 INFO     [psi4.optking.displace:378] 	Successfully converged to displaced geometry.
2025-07-16:19:05:51,936 INFO     [psi4.optking.displace:379] 	RMS(dx):  1.282e-16 	Max(dx):  2.220e-16 	RMS(dq):  4.441e-16
2025-07-16:19:05:51,936 INFO     [psi4.optking.displace:132] 

	        --- Internal Coordinate Step in ANG or DEG, aJ/ANG or AJ/DEG ---
	-------------------------------------------------------------------------------
	           Coordinate      Previous         Force          Change          New 
	           ----------      --------        ------          ------        ------
	               R(1,2)       1.61893        0.33209        0.03448       1.65341
	-------------------------------------------------------------------------------

2025-07-16:19:05:51,936 INFO     [psi4.optking.stepAlgorithms:96] 	|target step| :    0.0651638204
2025-07-16:19:05:51,936 INFO     [psi4.optking.stepAlgorithms:97] 	gradient     :   -0.0403087311
2025-07-16:19:05:51,936 INFO     [psi4.optking.stepAlgorithms:98] 	hessian      :    0.6159486499
2025-07-16:19:05:51,936 INFO     [psi4.optking.stepAlgorithms:177] 	Norm of achieved step-size    0.0651638204
2025-07-16:19:05:51,936 INFO     [psi4.optking.stepAlgorithms:179] 	Norm of achieved step-size (cart):    0.0460777793
2025-07-16:19:05:51,936 INFO     [psi4.optking.opt_helper:151] Molsys:

	                            ===> Fragment 1 <== 

	 Z (Atomic Numbers)          Masses                          Geom                  
	       6.000000            12.000000          0.00000000  0.00000000  2.31029125   
	      17.000000            34.968853          0.00000000  0.00000000 -0.81420641   

	 - Coordinate -           - BOHR/RAD -       - ANG/DEG -
	 R(1,2)           =         3.124498           1.653413

2025-07-16:19:05:51,936 INFO     [psi4.optking.convcheck:71] Performing convergence check.
2025-07-16:19:05:51,936 INFO     [psi4.optking.convcheck:263] 
	                                 ==> Convergence Check <==                                  
    
	Measures of convergence in internal coordinates in au.
    
	Criteria marked as inactive (o), active & met (*), and active & unmet ( ).

	----------------------------------------------------------------------------------------------
	   Step    Total Energy     Delta E     Max Force     RMS Force      Max Disp      RMS Disp   
	----------------------------------------------------------------------------------------------
	  Convergence Criteria     1.00e-06 *    3.00e-04 *             o    1.20e-03 *             o
	----------------------------------------------------------------------------------------------
	     6    -498.06346163   -4.12e-03      4.03e-02      4.03e-02 o    6.52e-02      6.52e-02 o  ~
	----------------------------------------------------------------------------------------------


2025-07-16:19:05:51,936 INFO     [psi4.optking.stepAlgorithms:266] 	Convergence check returned False
2025-07-16:19:05:51,952 INFO     [psi4.driver.task_planner:285] PLANNING Atomic:  keywords={'DAMPING_PERCENTAGE': 1.0, 'GEOM_MAXITER': 500, 'SCF__GUESS': 'READ', 'GUESS': 'SAP', 'MAXITER': 500, 'REFERENCE': 'UKS', 'function_kwargs': {}}
2025-07-16:19:05:51,954 INFO     [psi4.driver.driver:636] Compute gradient(): method=b3lyp, basis=cc-pvdz, molecule=default, nre=32.64524767368603
2025-07-16:19:05:52,868 INFO     [psi4.driver.driver:639] Return gradient(): -498.0653594278531
2025-07-16:19:05:52,868 INFO     [psi4.driver.driver:640] [[-0.00000000  0.00000000 -0.01867496]
 [ 0.00000000  0.00000000  0.01866409]]
2025-07-16:19:05:52,869 INFO     [psi4.optking.history:257] 	Performing BFGS update.
2025-07-16:19:05:52,869 INFO     [psi4.optking.history:268] 	Using 4 previous steps for update.
2025-07-16:19:05:52,869 INFO     [psi4.optking.history:302] 	Steps to be used in Hessian update:  6 5 4 3

2025-07-16:19:05:52,869 INFO     [psi4.optking.history:400] 	Updated Hessian (in au) 
 	   0.569735

2025-07-16:19:05:52,870 INFO     [psi4.optking.molsys:874] Projected (PHP) Hessian matrix
	   0.569735

2025-07-16:19:05:52,870 INFO     [psi4.optking.opt_helper:168] 
	         Geometry (au)                                       Gradient (au)
   0.0000000000   0.0000000000   2.3262245547		  -0.0000000000   0.0000000000  -0.0186749567
   0.0000000000   0.0000000000  -0.7982731064		   0.0000000000   0.0000000000   0.0186640921

2025-07-16:19:05:52,870 INFO     [psi4.optking.stepAlgorithms:315] 	Current Step Report 
 
	Current energy:      -498.0653594279
	Energy change for the previous step:
		Actual       :        -0.0018977953
		Projected    :        -0.0013133355

2025-07-16:19:05:52,870 INFO     [psi4.optking.stepAlgorithms:318] 	Energy ratio =    1.44502
2025-07-16:19:05:52,870 INFO     [psi4.optking.stepAlgorithms:750] 	Using RFO solution 1.
2025-07-16:19:05:52,870 INFO     [psi4.optking.displace:73] 	Determining Cartesian step for fragment 1.
2025-07-16:19:05:52,870 INFO     [psi4.optking.displace:378] 	Successfully converged to displaced geometry.
2025-07-16:19:05:52,870 INFO     [psi4.optking.displace:379] 	RMS(dx):  0.000e+00 	Max(dx):  0.000e+00 	RMS(dq):  0.000e+00
2025-07-16:19:05:52,870 INFO     [psi4.optking.displace:132] 

	        --- Internal Coordinate Step in ANG or DEG, aJ/ANG or AJ/DEG ---
	-------------------------------------------------------------------------------
	           Coordinate      Previous         Force          Change          New 
	           ----------      --------        ------          ------        ------
	               R(1,2)       1.65341        0.15381        0.01732       1.67073
	-------------------------------------------------------------------------------

2025-07-16:19:05:52,870 INFO     [psi4.optking.stepAlgorithms:96] 	|target step| :    0.0327336914
2025-07-16:19:05:52,870 INFO     [psi4.optking.stepAlgorithms:97] 	gradient     :   -0.0186695244
2025-07-16:19:05:52,870 INFO     [psi4.optking.stepAlgorithms:98] 	hessian      :    0.5697347072
2025-07-16:19:05:52,870 INFO     [psi4.optking.stepAlgorithms:177] 	Norm of achieved step-size    0.0327336914
2025-07-16:19:05:52,870 INFO     [psi4.optking.stepAlgorithms:179] 	Norm of achieved step-size (cart):    0.0231462152
2025-07-16:19:05:52,870 INFO     [psi4.optking.opt_helper:151] Molsys:

	                            ===> Fragment 1 <== 

	 Z (Atomic Numbers)          Masses                          Geom                  
	       6.000000            12.000000          0.00000000  0.00000000  2.34259140   
	      17.000000            34.968853          0.00000000  0.00000000 -0.81463995   

	 - Coordinate -           - BOHR/RAD -       - ANG/DEG -
	 R(1,2)           =         3.157231           1.670735

2025-07-16:19:05:52,870 INFO     [psi4.optking.convcheck:71] Performing convergence check.
2025-07-16:19:05:52,871 INFO     [psi4.optking.convcheck:263] 
	                                 ==> Convergence Check <==                                  
    
	Measures of convergence in internal coordinates in au.
    
	Criteria marked as inactive (o), active & met (*), and active & unmet ( ).

	----------------------------------------------------------------------------------------------
	   Step    Total Energy     Delta E     Max Force     RMS Force      Max Disp      RMS Disp   
	----------------------------------------------------------------------------------------------
	  Convergence Criteria     1.00e-06 *    3.00e-04 *             o    1.20e-03 *             o
	----------------------------------------------------------------------------------------------
	     7    -498.06535943   -1.90e-03      1.87e-02      1.87e-02 o    3.27e-02      3.27e-02 o  ~
	----------------------------------------------------------------------------------------------


2025-07-16:19:05:52,871 INFO     [psi4.optking.stepAlgorithms:266] 	Convergence check returned False
2025-07-16:19:05:52,882 INFO     [psi4.driver.task_planner:285] PLANNING Atomic:  keywords={'DAMPING_PERCENTAGE': 1.0, 'GEOM_MAXITER': 500, 'SCF__GUESS': 'READ', 'GUESS': 'SAP', 'MAXITER': 500, 'REFERENCE': 'UKS', 'function_kwargs': {}}
2025-07-16:19:05:52,883 INFO     [psi4.driver.driver:636] Compute gradient(): method=b3lyp, basis=cc-pvdz, molecule=default, nre=32.30678674218152
2025-07-16:19:05:53,827 INFO     [psi4.driver.driver:639] Return gradient(): -498.0658152940794
2025-07-16:19:05:53,827 INFO     [psi4.driver.driver:640] [[ 0.00000000  0.00000000 -0.00936123]
 [ 0.00000000 -0.00000000  0.00935073]]
2025-07-16:19:05:53,829 INFO     [psi4.optking.history:257] 	Performing BFGS update.
2025-07-16:19:05:53,829 INFO     [psi4.optking.history:268] 	Using 4 previous steps for update.
2025-07-16:19:05:53,829 INFO     [psi4.optking.history:302] 	Steps to be used in Hessian update:  7 6 5 4

2025-07-16:19:05:53,829 INFO     [psi4.optking.history:400] 	Updated Hessian (in au) 
 	   0.440148

2025-07-16:19:05:53,829 INFO     [psi4.optking.molsys:874] Projected (PHP) Hessian matrix
	   0.440148

2025-07-16:19:05:53,829 INFO     [psi4.optking.opt_helper:168] 
	         Geometry (au)                                       Gradient (au)
   0.0000000000   0.0000000000   2.3505951656		   0.0000000000   0.0000000000  -0.0093612272
   0.0000000000   0.0000000000  -0.8066361869		   0.0000000000  -0.0000000000   0.0093507297

2025-07-16:19:05:53,829 INFO     [psi4.optking.stepAlgorithms:315] 	Current Step Report 
 
	Current energy:      -498.0658152941
	Energy change for the previous step:
		Actual       :        -0.0004558662
		Projected    :        -0.0003055612

2025-07-16:19:05:53,829 INFO     [psi4.optking.stepAlgorithms:318] 	Energy ratio =    1.49190
2025-07-16:19:05:53,829 INFO     [psi4.optking.stepAlgorithms:750] 	Using RFO solution 1.
2025-07-16:19:05:53,830 INFO     [psi4.optking.displace:73] 	Determining Cartesian step for fragment 1.
2025-07-16:19:05:53,830 INFO     [psi4.optking.displace:378] 	Successfully converged to displaced geometry.
2025-07-16:19:05:53,830 INFO     [psi4.optking.displace:379] 	RMS(dx):  0.000e+00 	Max(dx):  0.000e+00 	RMS(dq):  0.000e+00
2025-07-16:19:05:53,830 INFO     [psi4.optking.displace:132] 

	        --- Internal Coordinate Step in ANG or DEG, aJ/ANG or AJ/DEG ---
	-------------------------------------------------------------------------------
	           Coordinate      Previous         Force          Change          New 
	           ----------      --------        ------          ------        ------
	               R(1,2)       1.67073        0.07708        0.01124       1.68198
	-------------------------------------------------------------------------------

2025-07-16:19:05:53,830 INFO     [psi4.optking.stepAlgorithms:96] 	|target step| :    0.0212468369
2025-07-16:19:05:53,830 INFO     [psi4.optking.stepAlgorithms:97] 	gradient     :   -0.0093559784
2025-07-16:19:05:53,830 INFO     [psi4.optking.stepAlgorithms:98] 	hessian      :    0.4401480998
2025-07-16:19:05:53,830 INFO     [psi4.optking.stepAlgorithms:177] 	Norm of achieved step-size    0.0212468369
2025-07-16:19:05:53,830 INFO     [psi4.optking.stepAlgorithms:179] 	Norm of achieved step-size (cart):    0.0150237825
2025-07-16:19:05:53,830 INFO     [psi4.optking.opt_helper:151] Molsys:

	                            ===> Fragment 1 <== 

	 Z (Atomic Numbers)          Masses                          Geom                  
	       6.000000            12.000000          0.00000000  0.00000000  2.36121858   
	      17.000000            34.968853          0.00000000  0.00000000 -0.81725961   

	 - Coordinate -           - BOHR/RAD -       - ANG/DEG -
	 R(1,2)           =         3.178478           1.681978

2025-07-16:19:05:53,830 INFO     [psi4.optking.convcheck:71] Performing convergence check.
2025-07-16:19:05:53,830 INFO     [psi4.optking.convcheck:263] 
	                                 ==> Convergence Check <==                                  
    
	Measures of convergence in internal coordinates in au.
    
	Criteria marked as inactive (o), active & met (*), and active & unmet ( ).

	----------------------------------------------------------------------------------------------
	   Step    Total Energy     Delta E     Max Force     RMS Force      Max Disp      RMS Disp   
	----------------------------------------------------------------------------------------------
	  Convergence Criteria     1.00e-06 *    3.00e-04 *             o    1.20e-03 *             o
	----------------------------------------------------------------------------------------------
	     8    -498.06581529   -4.56e-04      9.36e-03      9.36e-03 o    2.12e-02      2.12e-02 o  ~
	----------------------------------------------------------------------------------------------


2025-07-16:19:05:53,830 INFO     [psi4.optking.stepAlgorithms:266] 	Convergence check returned False
2025-07-16:19:05:53,849 INFO     [psi4.driver.task_planner:285] PLANNING Atomic:  keywords={'DAMPING_PERCENTAGE': 1.0, 'GEOM_MAXITER': 500, 'SCF__GUESS': 'READ', 'GUESS': 'SAP', 'MAXITER': 500, 'REFERENCE': 'UKS', 'function_kwargs': {}}
2025-07-16:19:05:53,851 INFO     [psi4.driver.driver:636] Compute gradient(): method=b3lyp, basis=cc-pvdz, molecule=default, nre=32.09082898238245
2025-07-16:19:05:54,745 INFO     [psi4.driver.driver:639] Return gradient(): -498.0659544098837
2025-07-16:19:05:54,745 INFO     [psi4.driver.driver:640] [[-0.00000000 -0.00000000 -0.00382144]
 [ 0.00000000 -0.00000000  0.00381058]]
2025-07-16:19:05:54,746 INFO     [psi4.optking.history:257] 	Performing BFGS update.
2025-07-16:19:05:54,746 INFO     [psi4.optking.history:268] 	Using 4 previous steps for update.
2025-07-16:19:05:54,746 INFO     [psi4.optking.history:302] 	Steps to be used in Hessian update:  8 7 6 5

2025-07-16:19:05:54,747 INFO     [psi4.optking.history:400] 	Updated Hessian (in au) 
 	   0.346449

2025-07-16:19:05:54,747 INFO     [psi4.optking.molsys:874] Projected (PHP) Hessian matrix
	   0.346449

2025-07-16:19:05:54,747 INFO     [psi4.optking.opt_helper:168] 
	         Geometry (au)                                       Gradient (au)
   0.0000000000   0.0000000000   2.3664136808		  -0.0000000000  -0.0000000000  -0.0038214406
   0.0000000000   0.0000000000  -0.8120645086		   0.0000000000  -0.0000000000   0.0038105760

2025-07-16:19:05:54,747 INFO     [psi4.optking.stepAlgorithms:315] 	Current Step Report 
 
	Current energy:      -498.0659544099
	Energy change for the previous step:
		Actual       :        -0.0001391158
		Projected    :        -0.0000993925

2025-07-16:19:05:54,747 INFO     [psi4.optking.stepAlgorithms:318] 	Energy ratio =    1.39966
2025-07-16:19:05:54,747 INFO     [psi4.optking.stepAlgorithms:750] 	Using RFO solution 1.
2025-07-16:19:05:54,747 INFO     [psi4.optking.displace:73] 	Determining Cartesian step for fragment 1.
2025-07-16:19:05:54,747 INFO     [psi4.optking.displace:378] 	Successfully converged to displaced geometry.
2025-07-16:19:05:54,747 INFO     [psi4.optking.displace:379] 	RMS(dx):  0.000e+00 	Max(dx):  0.000e+00 	RMS(dq):  0.000e+00
2025-07-16:19:05:54,747 INFO     [psi4.optking.displace:132] 

	        --- Internal Coordinate Step in ANG or DEG, aJ/ANG or AJ/DEG ---
	-------------------------------------------------------------------------------
	           Coordinate      Previous         Force          Change          New 
	           ----------      --------        ------          ------        ------
	               R(1,2)       1.68198        0.03144        0.00583       1.68781
	-------------------------------------------------------------------------------

2025-07-16:19:05:54,747 INFO     [psi4.optking.stepAlgorithms:96] 	|target step| :    0.0110132901
2025-07-16:19:05:54,747 INFO     [psi4.optking.stepAlgorithms:97] 	gradient     :   -0.0038160083
2025-07-16:19:05:54,747 INFO     [psi4.optking.stepAlgorithms:98] 	hessian      :    0.3464491925
2025-07-16:19:05:54,747 INFO     [psi4.optking.stepAlgorithms:177] 	Norm of achieved step-size    0.0110132901
2025-07-16:19:05:54,747 INFO     [psi4.optking.stepAlgorithms:179] 	Norm of achieved step-size (cart):    0.0077875721
2025-07-16:19:05:54,748 INFO     [psi4.optking.opt_helper:151] Molsys:

	                            ===> Fragment 1 <== 

	 Z (Atomic Numbers)          Masses                          Geom                  
	       6.000000            12.000000          0.00000000  0.00000000  2.37192033   
	      17.000000            34.968853          0.00000000  0.00000000 -0.81757115   

	 - Coordinate -           - BOHR/RAD -       - ANG/DEG -
	 R(1,2)           =         3.189491           1.687806

2025-07-16:19:05:54,748 INFO     [psi4.optking.convcheck:71] Performing convergence check.
2025-07-16:19:05:54,748 INFO     [psi4.optking.convcheck:263] 
	                                 ==> Convergence Check <==                                  
    
	Measures of convergence in internal coordinates in au.
    
	Criteria marked as inactive (o), active & met (*), and active & unmet ( ).

	----------------------------------------------------------------------------------------------
	   Step    Total Energy     Delta E     Max Force     RMS Force      Max Disp      RMS Disp   
	----------------------------------------------------------------------------------------------
	  Convergence Criteria     1.00e-06 *    3.00e-04 *             o    1.20e-03 *             o
	----------------------------------------------------------------------------------------------
	     9    -498.06595441   -1.39e-04      3.82e-03      3.82e-03 o    1.10e-02      1.10e-02 o  ~
	----------------------------------------------------------------------------------------------


2025-07-16:19:05:54,748 INFO     [psi4.optking.stepAlgorithms:266] 	Convergence check returned False
2025-07-16:19:05:54,764 INFO     [psi4.driver.task_planner:285] PLANNING Atomic:  keywords={'DAMPING_PERCENTAGE': 1.0, 'GEOM_MAXITER': 500, 'SCF__GUESS': 'READ', 'GUESS': 'SAP', 'MAXITER': 500, 'REFERENCE': 'UKS', 'function_kwargs': {}}
2025-07-16:19:05:54,767 INFO     [psi4.driver.driver:636] Compute gradient(): method=b3lyp, basis=cc-pvdz, molecule=default, nre=31.980019591664416
2025-07-16:19:05:55,728 INFO     [psi4.driver.driver:639] Return gradient(): -498.0659812736348
2025-07-16:19:05:55,728 INFO     [psi4.driver.driver:640] [[ 0.00000000  0.00000000 -0.00109835]
 [ 0.00000000  0.00000000  0.00108725]]
2025-07-16:19:05:55,729 INFO     [psi4.optking.history:257] 	Performing BFGS update.
2025-07-16:19:05:55,729 INFO     [psi4.optking.history:268] 	Using 4 previous steps for update.
2025-07-16:19:05:55,729 INFO     [psi4.optking.history:302] 	Steps to be used in Hessian update:  9 8 7 6

2025-07-16:19:05:55,730 INFO     [psi4.optking.history:400] 	Updated Hessian (in au) 
 	   0.301296

2025-07-16:19:05:55,730 INFO     [psi4.optking.molsys:874] Projected (PHP) Hessian matrix
	   0.301296

2025-07-16:19:05:55,730 INFO     [psi4.optking.opt_helper:168] 
	         Geometry (au)                                       Gradient (au)
   0.0000000000   0.0000000000   2.3746132023		   0.0000000000   0.0000000000  -0.0010983498
   0.0000000000   0.0000000000  -0.8148782772		   0.0000000000   0.0000000000   0.0010872528

2025-07-16:19:05:55,730 INFO     [psi4.optking.stepAlgorithms:315] 	Current Step Report 
 
	Current energy:      -498.0659812736
	Energy change for the previous step:
		Actual       :        -0.0000268638
		Projected    :        -0.0000210134

2025-07-16:19:05:55,730 INFO     [psi4.optking.stepAlgorithms:318] 	Energy ratio =    1.27841
2025-07-16:19:05:55,730 INFO     [psi4.optking.stepAlgorithms:750] 	Using RFO solution 1.
2025-07-16:19:05:55,730 INFO     [psi4.optking.displace:73] 	Determining Cartesian step for fragment 1.
2025-07-16:19:05:55,730 INFO     [psi4.optking.displace:378] 	Successfully converged to displaced geometry.
2025-07-16:19:05:55,730 INFO     [psi4.optking.displace:379] 	RMS(dx):  0.000e+00 	Max(dx):  0.000e+00 	RMS(dq):  0.000e+00
2025-07-16:19:05:55,730 INFO     [psi4.optking.displace:132] 

	        --- Internal Coordinate Step in ANG or DEG, aJ/ANG or AJ/DEG ---
	-------------------------------------------------------------------------------
	           Coordinate      Previous         Force          Change          New 
	           ----------      --------        ------          ------        ------
	               R(1,2)       1.68781        0.00900        0.00192       1.68973
	-------------------------------------------------------------------------------

2025-07-16:19:05:55,730 INFO     [psi4.optking.stepAlgorithms:96] 	|target step| :    0.0036269589
2025-07-16:19:05:55,730 INFO     [psi4.optking.stepAlgorithms:97] 	gradient     :   -0.0010928013
2025-07-16:19:05:55,730 INFO     [psi4.optking.stepAlgorithms:98] 	hessian      :    0.3012956454
2025-07-16:19:05:55,730 INFO     [psi4.optking.stepAlgorithms:177] 	Norm of achieved step-size    0.0036269589
2025-07-16:19:05:55,730 INFO     [psi4.optking.stepAlgorithms:179] 	Norm of achieved step-size (cart):    0.0025646473
2025-07-16:19:05:55,730 INFO     [psi4.optking.opt_helper:151] Molsys:

	                            ===> Fragment 1 <== 

	 Z (Atomic Numbers)          Masses                          Geom                  
	       6.000000            12.000000          0.00000000  0.00000000  2.37642668   
	      17.000000            34.968853          0.00000000  0.00000000 -0.81669176   

	 - Coordinate -           - BOHR/RAD -       - ANG/DEG -
	 R(1,2)           =         3.193118           1.689726

2025-07-16:19:05:55,731 INFO     [psi4.optking.convcheck:71] Performing convergence check.
2025-07-16:19:05:55,731 INFO     [psi4.optking.convcheck:263] 
	                                 ==> Convergence Check <==                                  
    
	Measures of convergence in internal coordinates in au.
    
	Criteria marked as inactive (o), active & met (*), and active & unmet ( ).

	----------------------------------------------------------------------------------------------
	   Step    Total Energy     Delta E     Max Force     RMS Force      Max Disp      RMS Disp   
	----------------------------------------------------------------------------------------------
	  Convergence Criteria     1.00e-06 *    3.00e-04 *             o    1.20e-03 *             o
	----------------------------------------------------------------------------------------------
	    10    -498.06598127   -2.69e-05      1.09e-03      1.09e-03 o    3.63e-03      3.63e-03 o  ~
	----------------------------------------------------------------------------------------------


2025-07-16:19:05:55,731 INFO     [psi4.optking.stepAlgorithms:266] 	Convergence check returned False
2025-07-16:19:05:55,747 INFO     [psi4.driver.task_planner:285] PLANNING Atomic:  keywords={'DAMPING_PERCENTAGE': 1.0, 'GEOM_MAXITER': 500, 'SCF__GUESS': 'READ', 'GUESS': 'SAP', 'MAXITER': 500, 'REFERENCE': 'UKS', 'function_kwargs': {}}
2025-07-16:19:05:55,748 INFO     [psi4.driver.driver:636] Compute gradient(): method=b3lyp, basis=cc-pvdz, molecule=default, nre=31.94369453199818
2025-07-16:19:05:56,703 INFO     [psi4.driver.driver:639] Return gradient(): -498.0659836208644
2025-07-16:19:05:56,703 INFO     [psi4.driver.driver:640] [[-0.00000000  0.00000000 -0.00022311]
 [-0.00000000  0.00000000  0.00021194]]
2025-07-16:19:05:56,704 INFO     [psi4.optking.history:257] 	Performing BFGS update.
2025-07-16:19:05:56,704 INFO     [psi4.optking.history:268] 	Using 4 previous steps for update.
2025-07-16:19:05:56,705 INFO     [psi4.optking.history:302] 	Steps to be used in Hessian update:  10 9 8 7

2025-07-16:19:05:56,705 INFO     [psi4.optking.history:400] 	Updated Hessian (in au) 
 	   0.268898

2025-07-16:19:05:56,705 INFO     [psi4.optking.molsys:874] Projected (PHP) Hessian matrix
	   0.268898

2025-07-16:19:05:56,705 INFO     [psi4.optking.opt_helper:168] 
	         Geometry (au)                                       Gradient (au)
   0.0000000000   0.0000000000   2.3773135151		  -0.0000000000   0.0000000000  -0.0002231070
   0.0000000000   0.0000000000  -0.8158049233		  -0.0000000000   0.0000000000   0.0002119411

2025-07-16:19:05:56,705 INFO     [psi4.optking.stepAlgorithms:315] 	Current Step Report 
 
	Current energy:      -498.0659836209
	Energy change for the previous step:
		Actual       :        -0.0000023472
		Projected    :        -0.0000019818

2025-07-16:19:05:56,705 INFO     [psi4.optking.stepAlgorithms:318] 	Energy ratio =    1.18441
2025-07-16:19:05:56,705 INFO     [psi4.optking.stepAlgorithms:750] 	Using RFO solution 1.
2025-07-16:19:05:56,705 INFO     [psi4.optking.displace:73] 	Determining Cartesian step for fragment 1.
2025-07-16:19:05:56,705 INFO     [psi4.optking.displace:378] 	Successfully converged to displaced geometry.
2025-07-16:19:05:56,705 INFO     [psi4.optking.displace:379] 	RMS(dx):  1.282e-16 	Max(dx):  2.220e-16 	RMS(dq):  4.441e-16
2025-07-16:19:05:56,705 INFO     [psi4.optking.displace:132] 

	        --- Internal Coordinate Step in ANG or DEG, aJ/ANG or AJ/DEG ---
	-------------------------------------------------------------------------------
	           Coordinate      Previous         Force          Change          New 
	           ----------      --------        ------          ------        ------
	               R(1,2)       1.68973        0.00179        0.00043       1.69015
	-------------------------------------------------------------------------------

2025-07-16:19:05:56,705 INFO     [psi4.optking.stepAlgorithms:96] 	|target step| :    0.0008089453
2025-07-16:19:05:56,705 INFO     [psi4.optking.stepAlgorithms:97] 	gradient     :   -0.0002175240
2025-07-16:19:05:56,705 INFO     [psi4.optking.stepAlgorithms:98] 	hessian      :    0.2688981542
2025-07-16:19:05:56,705 INFO     [psi4.optking.stepAlgorithms:177] 	Norm of achieved step-size    0.0008089453
2025-07-16:19:05:56,705 INFO     [psi4.optking.stepAlgorithms:179] 	Norm of achieved step-size (cart):    0.0005720107
2025-07-16:19:05:56,706 INFO     [psi4.optking.opt_helper:151] Molsys:

	                            ===> Fragment 1 <== 

	 Z (Atomic Numbers)          Masses                          Geom                  
	       6.000000            12.000000          0.00000000  0.00000000  2.37771799   
	      17.000000            34.968853          0.00000000  0.00000000 -0.81620940   

	 - Coordinate -           - BOHR/RAD -       - ANG/DEG -
	 R(1,2)           =         3.193927           1.690154

2025-07-16:19:05:56,706 INFO     [psi4.optking.convcheck:71] Performing convergence check.
2025-07-16:19:05:56,706 INFO     [psi4.optking.convcheck:263] 
	                                 ==> Convergence Check <==                                  
    
	Measures of convergence in internal coordinates in au.
    
	Criteria marked as inactive (o), active & met (*), and active & unmet ( ).

	----------------------------------------------------------------------------------------------
	   Step    Total Energy     Delta E     Max Force     RMS Force      Max Disp      RMS Disp   
	----------------------------------------------------------------------------------------------
	  Convergence Criteria     1.00e-06 *    3.00e-04 *             o    1.20e-03 *             o
	----------------------------------------------------------------------------------------------
	    11    -498.06598362   -2.35e-06      2.18e-04 *    2.18e-04 o    8.09e-04 *    8.09e-04 o  ~
	----------------------------------------------------------------------------------------------


2025-07-16:19:05:56,706 INFO     [psi4.optking.convcheck:193] 
	                      ===> Final Convergence Report <===                     

	----------------------------------------------------------------------------
	|   Required Criteria    |  One or More Criteria  |   Alternate Criteria   |
	----------------------------------------------------------------------------
	| [x]     max_force      | [ ]       max_DE       |                        |
	|                        | [x]      max_disp      |                        |
	----------------------------------------------------------------------------


2025-07-16:19:05:56,706 INFO     [psi4.optking.stepAlgorithms:266] 	Convergence check returned True
2025-07-16:19:05:56,706 INFO     [psi4.optking.optimize:286] 	Converged in 11 steps!
2025-07-16:19:05:56,706 INFO     [psi4.optking.optimize:287] 	Final energy is   -498.0659836208644
2025-07-16:19:05:56,706 INFO     [psi4.optking.optimize:288] 	Final structure (Angstroms): 
	Fragment 1 (Ang)

	    C   0.0000000000   0.0000000000   1.2582341725
	   Cl   0.0000000000   0.0000000000  -0.4319194115


2025-07-16:19:05:56,707 INFO     [psi4.optking.optimize:432] 	Optimization Finished

	==> Optimization Summary <==

        
	Measures of convergence in internal coordinates in au. (Any backward steps not shown.)
        
	---------------------------------------------------------------------------------------------------------------  ~
        
	 Step         Total Energy             Delta E       MAX Force       RMS Force        MAX Disp        RMS Disp   ~
        
	---------------------------------------------------------------------------------------------------------------  ~
        
	     1    -497.754226208812   -497.754226208812      1.08313691      1.08313691      0.24361573      0.24361573  ~
	     2    -497.942039563023     -0.187813354211      0.51769830      0.51769830      0.21293397      0.21293397  ~
	     3    -498.020722831247     -0.078683268224      0.24672100      0.24672100      0.13231270      0.13231270  ~
	     4    -498.046001388273     -0.025278557026      0.14170746      0.14170746      0.12798875      0.12798875  ~
	     5    -498.059340347673     -0.013338959400      0.07101180      0.07101180      0.07481135      0.07481135  ~
	     6    -498.063461632590     -0.004121284917      0.04030873      0.04030873      0.06516382      0.06516382  ~
	     7    -498.065359427853     -0.001897795263      0.01866952      0.01866952      0.03273369      0.03273369  ~
	     8    -498.065815294079     -0.000455866226      0.00935598      0.00935598      0.02124684      0.02124684  ~
	     9    -498.065954409884     -0.000139115804      0.00381601      0.00381601      0.01101329      0.01101329  ~
	    10    -498.065981273635     -0.000026863751      0.00109280      0.00109280      0.00362696      0.00362696  ~
	    11    -498.065983620864     -0.000002347230      0.00021752      0.00021752      0.00080895      0.00080895  ~
	----------------------------------------------------------------------------------------------------------------


2025-07-16:19:05:56,707 INFO     [psi4.optking.optimize:640] Preparing OptimizationResult
