2025-07-16:18:33:09,966 INFO     [psi4.optking.optwrapper:214] Creating a UserComputer
2025-07-16:18:33:09,966 INFO     [psi4.optking.optwrapper:222] 
    			-----------------------------------------

    			 OPTKING 3.0: for geometry optimizations 

    			     By R.A. King, Bethel University     

    			        with contributions from          

    			    A.V. Copan, J. Cayton, A. Heide      

    			-----------------------------------------

    
2025-07-16:18:33:09,966 INFO     [psi4.optking.optwrapper:238] 
		 -- Optimization Parameters --
	accept_symmetry_breaking       =           False
	alg_geom_maxiter               =             500
	bt_dx_conv                     =           1e-07
	bt_dx_rms_change_conv          =           1e-12
	bt_max_iter                    =              25
	cart_hess_read                 =           False
	consecutive_backsteps_allowed  =               0
	conv_max_DE                    =           1e-06
	conv_max_disp                  =          0.0012
	conv_max_force                 =          0.0003
	conv_rms_disp                  =              -1
	conv_rms_force                 =              -1
	covalent_connect               =             1.3
	dynamic_level                  =               0
	dynamic_level_max              =               0
	ensure_bt_convergence          =           False
	ext_force_bend                 =              []
	ext_force_cartesian            =              []
	ext_force_dihedral             =              []
	ext_force_distance             =              []
	ext_force_oofp                 =              []
	fix_val_near_pi                =            1.57
	flexible_g_convergence         =           False
	frag_mode                      =          SINGLE
	frag_ref_atoms                 =            None
	freeze_intrafrag               =           False
	frozen_bend                    =              []
	frozen_cartesian               =              []
	frozen_dihedral                =              []
	frozen_distance                =              []
	frozen_oofp                    =              []
	full_hess_every                =              -1
	g_convergence                  =           QCHEM
	generate_intcos_exit           =           False
	geom_maxiter                   =             500
	h_bond_connect                 =             4.3
	hess_update                    =            BFGS
	hess_update_den_tol            =           1e-07
	hess_update_dq_tol             =             0.5
	hess_update_limit              =            True
	hess_update_limit_max          =             1.0
	hess_update_limit_scale        =             0.5
	hess_update_use_last           =               4
	hessian_file                   =            None
	i_max_DE                       =            True
	i_max_disp                     =            True
	i_max_force                    =            True
	i_rms_disp                     =           False
	i_rms_force                    =           False
	i_untampered                   =            True
	include_oofp                   =           False
	interfrag_collinear_tol        =            0.01
	interfrag_coords               =            None
	interfrag_dist_inv             =           False
	interfrag_mode                 =           FIXED
	interfrag_trust                =             0.5
	interfrag_trust_max            =             1.0
	interfrag_trust_min            =           0.001
	interfragment_connect          =             1.8
	intrafrag_hess                 =        SCHLEGEL
	intrafrag_trust                =             0.5
	intrafrag_trust_max            =             1.0
	intrafrag_trust_min            =           0.001
	irc_direction                  =         FORWARD
	irc_points                     =              20
	irc_step_size                  =             0.2
	keep_intcos                    =           False
	linear_bend_threshold          =            3.05
	linesearch                     =           False
	linesearch_step                =             0.1
	max_disp_g_convergence         =          0.0012
	max_energy_g_convergence       =           1e-06
	max_force_g_convergence        =          0.0003
	opt_coordinates                =       REDUNDANT
	opt_type                       =             MIN
	output_type                    =            FILE
	print_lvl                      =               1
	program                        =            psi4
	ranged_bend                    =              []
	ranged_cartesian               =              []
	ranged_dihedral                =              []
	ranged_distance                =              []
	ranged_oofp                    =              []
	redundant_eval_tol             =           1e-10
	rfo_follow_root                =           False
	rfo_normalization_max          =             100
	rfo_root                       =               0
	rms_disp_g_convergence         =          0.0012
	rms_force_g_convergence        =          0.0003
	rsrfo_alpha_max                =     100000000.0
	sd_hessian                     =             1.0
	simple_step_scaling            =           False
	small_bend_fix_threshold       =            0.35
	steepest_descent_type          =         OVERLAP
	step_type                      =             RFO
	test_B                         =           False
	test_derivative_B              =           False
	trajectory                     =           False
	v3d_tors_angle_lim             =           0.017
	v3d_tors_cos_tol               =           1e-10
	working_consecutive_backsteps  =               0
	working_steps_since_last_H     =               0


2025-07-16:18:33:10,455 INFO     [psi4.optking.opt_helper:151] Molsys:

	                            ===> Fragment 1 <== 

	 Z (Atomic Numbers)          Masses                          Geom                  
	       3.000000             7.016003          0.00000000  0.00000000  1.75446317   
	      12.000000            23.985042          0.00000000  0.00000000 -0.51320818   

	 - Coordinate -           - BOHR/RAD -       - ANG/DEG -
	 R(1,2)           =         2.267671           1.200000

2025-07-16:18:33:10,466 INFO     [psi4.driver.task_planner:285] PLANNING Atomic:  keywords={'DAMPING_PERCENTAGE': 1.0, 'GEOM_MAXITER': 500, 'GUESS': 'SAP', 'MAXITER': 500, 'REFERENCE': 'UKS', 'function_kwargs': {}}
2025-07-16:18:33:10,467 INFO     [psi4.driver.driver:636] Compute gradient(): method=b3lyp, basis=cc-pvdz, molecule=default, nre=15.875316320100003
2025-07-16:18:33:11,513 INFO     [psi4.driver.driver:639] Return gradient(): -207.1895215747075
2025-07-16:18:33:11,513 INFO     [psi4.driver.driver:640] [[-0.00000000 -0.00000000 -0.45679664]
 [ 0.00000000  0.00000000  0.45680774]]
2025-07-16:18:33:11,514 INFO     [psi4.optking.molsys:874] Projected (PHP) Hessian matrix
	   4.182219

2025-07-16:18:33:11,515 INFO     [psi4.optking.opt_helper:168] 
	         Geometry (au)                                       Gradient (au)
   0.0000000000   0.0000000000   1.7544631693		  -0.0000000000  -0.0000000000  -0.4567966410
   0.0000000000   0.0000000000  -0.5132081812		   0.0000000000   0.0000000000   0.4568077435

2025-07-16:18:33:11,515 INFO     [psi4.optking.stepAlgorithms:750] 	Using RFO solution 1.
2025-07-16:18:33:11,515 INFO     [psi4.optking.displace:73] 	Determining Cartesian step for fragment 1.
2025-07-16:18:33:11,515 INFO     [psi4.optking.displace:378] 	Successfully converged to displaced geometry.
2025-07-16:18:33:11,515 INFO     [psi4.optking.displace:379] 	RMS(dx):  0.000e+00 	Max(dx):  0.000e+00 	RMS(dq):  0.000e+00
2025-07-16:18:33:11,515 INFO     [psi4.optking.displace:132] 

	        --- Internal Coordinate Step in ANG or DEG, aJ/ANG or AJ/DEG ---
	-------------------------------------------------------------------------------
	           Coordinate      Previous         Force          Change          New 
	           ----------      --------        ------          ------        ------
	               R(1,2)       1.20000        3.76347        0.05713       1.25713
	-------------------------------------------------------------------------------

2025-07-16:18:33:11,515 INFO     [psi4.optking.stepAlgorithms:96] 	|target step| :    0.1079519843
2025-07-16:18:33:11,515 INFO     [psi4.optking.stepAlgorithms:97] 	gradient     :   -0.4568021923
2025-07-16:18:33:11,515 INFO     [psi4.optking.stepAlgorithms:98] 	hessian      :    4.1822185214
2025-07-16:18:33:11,515 INFO     [psi4.optking.stepAlgorithms:177] 	Norm of achieved step-size    0.1079519843
2025-07-16:18:33:11,515 INFO     [psi4.optking.stepAlgorithms:179] 	Norm of achieved step-size (cart):    0.0763335801
2025-07-16:18:33:11,515 INFO     [psi4.optking.opt_helper:151] Molsys:

	                            ===> Fragment 1 <== 

	 Z (Atomic Numbers)          Masses                          Geom                  
	       3.000000             7.016003          0.00000000  0.00000000  1.80843916   
	      12.000000            23.985042          0.00000000  0.00000000 -0.56718417   

	 - Coordinate -           - BOHR/RAD -       - ANG/DEG -
	 R(1,2)           =         2.375623           1.257126

2025-07-16:18:33:11,515 INFO     [psi4.optking.convcheck:71] Performing convergence check.
2025-07-16:18:33:11,516 INFO     [psi4.optking.convcheck:263] 
	                                 ==> Convergence Check <==                                  
    
	Measures of convergence in internal coordinates in au.
    
	Criteria marked as inactive (o), active & met (*), and active & unmet ( ).

	----------------------------------------------------------------------------------------------
	   Step    Total Energy     Delta E     Max Force     RMS Force      Max Disp      RMS Disp   
	----------------------------------------------------------------------------------------------
	  Convergence Criteria     1.00e-06 *    3.00e-04 *             o    1.20e-03 *             o
	----------------------------------------------------------------------------------------------
	     1    -207.18952157   -2.07e+02      4.57e-01      4.57e-01 o    1.08e-01      1.08e-01 o  ~
	----------------------------------------------------------------------------------------------


2025-07-16:18:33:11,516 INFO     [psi4.optking.stepAlgorithms:266] 	Convergence check returned False
2025-07-16:18:33:11,535 INFO     [psi4.driver.task_planner:285] PLANNING Atomic:  keywords={'DAMPING_PERCENTAGE': 1.0, 'GEOM_MAXITER': 500, 'SCF__GUESS': 'READ', 'GUESS': 'SAP', 'MAXITER': 500, 'REFERENCE': 'UKS', 'function_kwargs': {}}
2025-07-16:18:33:11,537 INFO     [psi4.driver.driver:636] Compute gradient(): method=b3lyp, basis=cc-pvdz, molecule=default, nre=15.153917488532603
2025-07-16:18:33:12,460 INFO     [psi4.driver.driver:639] Return gradient(): -207.23392257557322
2025-07-16:18:33:12,460 INFO     [psi4.driver.driver:640] [[ 0.00000000  0.00000000 -0.36990322]
 [-0.00000000  0.00000000  0.36987436]]
2025-07-16:18:33:12,462 INFO     [psi4.optking.history:257] 	Performing BFGS update.
2025-07-16:18:33:12,462 INFO     [psi4.optking.history:268] 	Using 1 previous steps for update.
2025-07-16:18:33:12,462 INFO     [psi4.optking.history:302] 	Steps to be used in Hessian update:  1

2025-07-16:18:33:12,462 INFO     [psi4.optking.history:400] 	Updated Hessian (in au) 
 	   2.091109

2025-07-16:18:33:12,462 INFO     [psi4.optking.molsys:874] Projected (PHP) Hessian matrix
	   2.091109

2025-07-16:18:33:12,462 INFO     [psi4.optking.opt_helper:168] 
	         Geometry (au)                                       Gradient (au)
   0.0000000000   0.0000000000   1.8379839937		   0.0000000000   0.0000000000  -0.3699032200
   0.0000000000   0.0000000000  -0.5376393412		  -0.0000000000   0.0000000000   0.3698743568

2025-07-16:18:33:12,462 INFO     [psi4.optking.stepAlgorithms:315] 	Current Step Report 
 
	Current energy:      -207.2339225756
	Energy change for the previous step:
		Actual       :        -0.0444010009
		Projected    :        -0.0246563515

2025-07-16:18:33:12,462 INFO     [psi4.optking.stepAlgorithms:318] 	Energy ratio =    1.80079
2025-07-16:18:33:12,462 INFO     [psi4.optking.stepAlgorithms:346] 	Energy ratio indicates good step.
2025-07-16:18:33:12,462 INFO     [psi4.optking.stepAlgorithms:347] 	Intrafrag trust radius increased to 1.000e+00.
2025-07-16:18:33:12,462 INFO     [psi4.optking.stepAlgorithms:750] 	Using RFO solution 1.
2025-07-16:18:33:12,462 INFO     [psi4.optking.displace:73] 	Determining Cartesian step for fragment 1.
2025-07-16:18:33:12,463 INFO     [psi4.optking.displace:378] 	Successfully converged to displaced geometry.
2025-07-16:18:33:12,463 INFO     [psi4.optking.displace:379] 	RMS(dx):  0.000e+00 	Max(dx):  0.000e+00 	RMS(dq):  0.000e+00
2025-07-16:18:33:12,463 INFO     [psi4.optking.displace:132] 

	        --- Internal Coordinate Step in ANG or DEG, aJ/ANG or AJ/DEG ---
	-------------------------------------------------------------------------------
	           Coordinate      Previous         Force          Change          New 
	           ----------      --------        ------          ------        ------
	               R(1,2)       1.25713        3.04741        0.09085       1.34797
	-------------------------------------------------------------------------------

2025-07-16:18:33:12,463 INFO     [psi4.optking.stepAlgorithms:96] 	|target step| :    0.1716732556
2025-07-16:18:33:12,463 INFO     [psi4.optking.stepAlgorithms:97] 	gradient     :   -0.3698887884
2025-07-16:18:33:12,463 INFO     [psi4.optking.stepAlgorithms:98] 	hessian      :    2.0911092607
2025-07-16:18:33:12,463 INFO     [psi4.optking.stepAlgorithms:177] 	Norm of achieved step-size    0.1716732556
2025-07-16:18:33:12,463 INFO     [psi4.optking.stepAlgorithms:179] 	Norm of achieved step-size (cart):    0.1213913232
2025-07-16:18:33:12,464 INFO     [psi4.optking.opt_helper:151] Molsys:

	                            ===> Fragment 1 <== 

	 Z (Atomic Numbers)          Masses                          Geom                  
	       3.000000             7.016003          0.00000000  0.00000000  1.92382062   
	      12.000000            23.985042          0.00000000  0.00000000 -0.62347597   

	 - Coordinate -           - BOHR/RAD -       - ANG/DEG -
	 R(1,2)           =         2.547297           1.347971

2025-07-16:18:33:12,464 INFO     [psi4.optking.convcheck:71] Performing convergence check.
2025-07-16:18:33:12,464 INFO     [psi4.optking.convcheck:263] 
	                                 ==> Convergence Check <==                                  
    
	Measures of convergence in internal coordinates in au.
    
	Criteria marked as inactive (o), active & met (*), and active & unmet ( ).

	----------------------------------------------------------------------------------------------
	   Step    Total Energy     Delta E     Max Force     RMS Force      Max Disp      RMS Disp   
	----------------------------------------------------------------------------------------------
	  Convergence Criteria     1.00e-06 *    3.00e-04 *             o    1.20e-03 *             o
	----------------------------------------------------------------------------------------------
	     2    -207.23392258   -4.44e-02      3.70e-01      3.70e-01 o    1.72e-01      1.72e-01 o  ~
	----------------------------------------------------------------------------------------------


2025-07-16:18:33:12,464 INFO     [psi4.optking.stepAlgorithms:266] 	Convergence check returned False
2025-07-16:18:33:12,479 INFO     [psi4.driver.task_planner:285] PLANNING Atomic:  keywords={'DAMPING_PERCENTAGE': 1.0, 'GEOM_MAXITER': 500, 'SCF__GUESS': 'READ', 'GUESS': 'SAP', 'MAXITER': 500, 'REFERENCE': 'UKS', 'function_kwargs': {}}
2025-07-16:18:33:12,480 INFO     [psi4.driver.driver:636] Compute gradient(): method=b3lyp, basis=cc-pvdz, molecule=default, nre=14.132629916659614
2025-07-16:18:33:13,410 INFO     [psi4.driver.driver:639] Return gradient(): -207.28848794245422
2025-07-16:18:33:13,411 INFO     [psi4.driver.driver:640] [[ 0.00000000 -0.00000000 -0.27267188]
 [ 0.00000000  0.00000000  0.27261989]]
2025-07-16:18:33:13,412 INFO     [psi4.optking.history:257] 	Performing BFGS update.
2025-07-16:18:33:13,412 INFO     [psi4.optking.history:268] 	Using 2 previous steps for update.
2025-07-16:18:33:13,412 INFO     [psi4.optking.history:302] 	Steps to be used in Hessian update:  2 1

2025-07-16:18:33:13,412 INFO     [psi4.optking.history:400] 	Updated Hessian (in au) 
 	   0.658583

2025-07-16:18:33:13,412 INFO     [psi4.optking.molsys:874] Projected (PHP) Hessian matrix
	   0.658583

2025-07-16:18:33:13,412 INFO     [psi4.optking.opt_helper:168] 
	         Geometry (au)                                       Gradient (au)
   0.0000000000   0.0000000000   1.9708050058		   0.0000000000  -0.0000000000  -0.2726718795
   0.0000000000   0.0000000000  -0.5764915846		   0.0000000000   0.0000000000   0.2726198906

2025-07-16:18:33:13,412 INFO     [psi4.optking.stepAlgorithms:315] 	Current Step Report 
 
	Current energy:      -207.2884879425
	Energy change for the previous step:
		Actual       :        -0.0545653669
		Projected    :        -0.0317500062

2025-07-16:18:33:13,412 INFO     [psi4.optking.stepAlgorithms:318] 	Energy ratio =    1.71859
2025-07-16:18:33:13,412 INFO     [psi4.optking.stepAlgorithms:750] 	Using RFO solution 1.
2025-07-16:18:33:13,413 INFO     [psi4.optking.displace:73] 	Determining Cartesian step for fragment 1.
2025-07-16:18:33:13,413 INFO     [psi4.optking.displace:378] 	Successfully converged to displaced geometry.
2025-07-16:18:33:13,413 INFO     [psi4.optking.displace:379] 	RMS(dx):  0.000e+00 	Max(dx):  0.000e+00 	RMS(dq):  0.000e+00
2025-07-16:18:33:13,413 INFO     [psi4.optking.displace:132] 

	        --- Internal Coordinate Step in ANG or DEG, aJ/ANG or AJ/DEG ---
	-------------------------------------------------------------------------------
	           Coordinate      Previous         Force          Change          New 
	           ----------      --------        ------          ------        ------
	               R(1,2)       1.34797        2.24625        0.19064       1.53861
	-------------------------------------------------------------------------------

2025-07-16:18:33:13,413 INFO     [psi4.optking.stepAlgorithms:96] 	|target step| :    0.3602587912
2025-07-16:18:33:13,413 INFO     [psi4.optking.stepAlgorithms:97] 	gradient     :   -0.2726458851
2025-07-16:18:33:13,413 INFO     [psi4.optking.stepAlgorithms:98] 	hessian      :    0.6585825632
2025-07-16:18:33:13,413 INFO     [psi4.optking.stepAlgorithms:177] 	Norm of achieved step-size    0.3602587912
2025-07-16:18:33:13,413 INFO     [psi4.optking.stepAlgorithms:179] 	Norm of achieved step-size (cart):    0.2547414342
2025-07-16:18:33:13,413 INFO     [psi4.optking.opt_helper:151] Molsys:

	                            ===> Fragment 1 <== 

	 Z (Atomic Numbers)          Masses                          Geom                  
	       3.000000             7.016003          0.00000000  0.00000000  2.15093440   
	      12.000000            23.985042          0.00000000  0.00000000 -0.75662098   

	 - Coordinate -           - BOHR/RAD -       - ANG/DEG -
	 R(1,2)           =         2.907555           1.538612

2025-07-16:18:33:13,413 INFO     [psi4.optking.convcheck:71] Performing convergence check.
2025-07-16:18:33:13,413 INFO     [psi4.optking.convcheck:263] 
	                                 ==> Convergence Check <==                                  
    
	Measures of convergence in internal coordinates in au.
    
	Criteria marked as inactive (o), active & met (*), and active & unmet ( ).

	----------------------------------------------------------------------------------------------
	   Step    Total Energy     Delta E     Max Force     RMS Force      Max Disp      RMS Disp   
	----------------------------------------------------------------------------------------------
	  Convergence Criteria     1.00e-06 *    3.00e-04 *             o    1.20e-03 *             o
	----------------------------------------------------------------------------------------------
	     3    -207.28848794   -5.46e-02      2.73e-01      2.73e-01 o    3.60e-01      3.60e-01 o  ~
	----------------------------------------------------------------------------------------------


2025-07-16:18:33:13,413 INFO     [psi4.optking.stepAlgorithms:266] 	Convergence check returned False
2025-07-16:18:33:13,429 INFO     [psi4.driver.task_planner:285] PLANNING Atomic:  keywords={'DAMPING_PERCENTAGE': 1.0, 'GEOM_MAXITER': 500, 'SCF__GUESS': 'READ', 'GUESS': 'SAP', 'MAXITER': 500, 'REFERENCE': 'UKS', 'function_kwargs': {}}
2025-07-16:18:33:13,430 INFO     [psi4.driver.driver:636] Compute gradient(): method=b3lyp, basis=cc-pvdz, molecule=default, nre=12.381535439699135
2025-07-16:18:33:14,365 INFO     [psi4.driver.driver:639] Return gradient(): -207.363538052967
2025-07-16:18:33:14,365 INFO     [psi4.driver.driver:640] [[ 0.00000000  0.00000000 -0.15784047]
 [-0.00000000  0.00000000  0.15785292]]
2025-07-16:18:33:14,366 INFO     [psi4.optking.history:257] 	Performing BFGS update.
2025-07-16:18:33:14,366 INFO     [psi4.optking.history:268] 	Using 3 previous steps for update.
2025-07-16:18:33:14,366 WARNING  [psi4.optking.history:286] 	Change in internal coordinate of 5.32e-01 exceeds limit of 5.00e-01.
2025-07-16:18:33:14,366 WARNING  [psi4.optking.history:291] 	Skipping Hessian update for step 2.
2025-07-16:18:33:14,366 WARNING  [psi4.optking.history:286] 	Change in internal coordinate of 6.40e-01 exceeds limit of 5.00e-01.
2025-07-16:18:33:14,366 WARNING  [psi4.optking.history:291] 	Skipping Hessian update for step 1.
2025-07-16:18:33:14,366 INFO     [psi4.optking.history:302] 	Steps to be used in Hessian update:  3

2025-07-16:18:33:14,367 INFO     [psi4.optking.history:400] 	Updated Hessian (in au) 
 	   0.318658

2025-07-16:18:33:14,367 INFO     [psi4.optking.molsys:874] Projected (PHP) Hessian matrix
	   0.318658

2025-07-16:18:33:14,367 INFO     [psi4.optking.opt_helper:168] 
	         Geometry (au)                                       Gradient (au)
   0.0000000000   0.0000000000   2.2495318065		   0.0000000000   0.0000000000  -0.1578404655
   0.0000000000   0.0000000000  -0.6580235751		  -0.0000000000   0.0000000000   0.1578529247

2025-07-16:18:33:14,367 INFO     [psi4.optking.stepAlgorithms:315] 	Current Step Report 
 
	Current energy:      -207.3635380530
	Energy change for the previous step:
		Actual       :        -0.0750501105
		Projected    :        -0.0491115385

2025-07-16:18:33:14,367 INFO     [psi4.optking.stepAlgorithms:318] 	Energy ratio =    1.52816
2025-07-16:18:33:14,367 INFO     [psi4.optking.stepAlgorithms:750] 	Using RFO solution 1.
2025-07-16:18:33:14,367 INFO     [psi4.optking.displace:73] 	Determining Cartesian step for fragment 1.
2025-07-16:18:33:14,367 INFO     [psi4.optking.displace:378] 	Successfully converged to displaced geometry.
2025-07-16:18:33:14,367 INFO     [psi4.optking.displace:379] 	RMS(dx):  0.000e+00 	Max(dx):  0.000e+00 	RMS(dq):  0.000e+00
2025-07-16:18:33:14,367 INFO     [psi4.optking.displace:132] 

	        --- Internal Coordinate Step in ANG or DEG, aJ/ANG or AJ/DEG ---
	-------------------------------------------------------------------------------
	           Coordinate      Previous         Force          Change          New 
	           ----------      --------        ------          ------        ------
	               R(1,2)       1.53861        1.30046        0.21775       1.75636
	-------------------------------------------------------------------------------

2025-07-16:18:33:14,367 INFO     [psi4.optking.stepAlgorithms:96] 	|target step| :    0.4114789776
2025-07-16:18:33:14,367 INFO     [psi4.optking.stepAlgorithms:97] 	gradient     :   -0.1578466951
2025-07-16:18:33:14,367 INFO     [psi4.optking.stepAlgorithms:98] 	hessian      :    0.3186575672
2025-07-16:18:33:14,367 INFO     [psi4.optking.stepAlgorithms:177] 	Norm of achieved step-size    0.4114789776
2025-07-16:18:33:14,367 INFO     [psi4.optking.stepAlgorithms:179] 	Norm of achieved step-size (cart):    0.2909595754
2025-07-16:18:33:14,367 INFO     [psi4.optking.opt_helper:151] Molsys:

	                            ===> Fragment 1 <== 

	 Z (Atomic Numbers)          Masses                          Geom                  
	       3.000000             7.016003          0.00000000  0.00000000  2.45527130   
	      12.000000            23.985042          0.00000000  0.00000000 -0.86376306   

	 - Coordinate -           - BOHR/RAD -       - ANG/DEG -
	 R(1,2)           =         3.319034           1.756357

2025-07-16:18:33:14,368 INFO     [psi4.optking.convcheck:71] Performing convergence check.
2025-07-16:18:33:14,368 INFO     [psi4.optking.convcheck:263] 
	                                 ==> Convergence Check <==                                  
    
	Measures of convergence in internal coordinates in au.
    
	Criteria marked as inactive (o), active & met (*), and active & unmet ( ).

	----------------------------------------------------------------------------------------------
	   Step    Total Energy     Delta E     Max Force     RMS Force      Max Disp      RMS Disp   
	----------------------------------------------------------------------------------------------
	  Convergence Criteria     1.00e-06 *    3.00e-04 *             o    1.20e-03 *             o
	----------------------------------------------------------------------------------------------
	     4    -207.36353805   -7.51e-02      1.58e-01      1.58e-01 o    4.11e-01      4.11e-01 o  ~
	----------------------------------------------------------------------------------------------


2025-07-16:18:33:14,368 INFO     [psi4.optking.stepAlgorithms:266] 	Convergence check returned False
2025-07-16:18:33:14,383 INFO     [psi4.driver.task_planner:285] PLANNING Atomic:  keywords={'DAMPING_PERCENTAGE': 1.0, 'GEOM_MAXITER': 500, 'SCF__GUESS': 'READ', 'GUESS': 'SAP', 'MAXITER': 500, 'REFERENCE': 'UKS', 'function_kwargs': {}}
2025-07-16:18:33:14,384 INFO     [psi4.driver.driver:636] Compute gradient(): method=b3lyp, basis=cc-pvdz, molecule=default, nre=10.846528268102183
2025-07-16:18:33:15,314 INFO     [psi4.driver.driver:639] Return gradient(): -207.41311314647825
2025-07-16:18:33:15,315 INFO     [psi4.driver.driver:640] [[ 0.00000000  0.00000000 -0.08960881]
 [ 0.00000000  0.00000000  0.08958282]]
2025-07-16:18:33:15,316 INFO     [psi4.optking.history:257] 	Performing BFGS update.
2025-07-16:18:33:15,316 INFO     [psi4.optking.history:268] 	Using 4 previous steps for update.
2025-07-16:18:33:15,316 WARNING  [psi4.optking.history:286] 	Change in internal coordinate of 7.72e-01 exceeds limit of 5.00e-01.
2025-07-16:18:33:15,316 WARNING  [psi4.optking.history:291] 	Skipping Hessian update for step 3.
2025-07-16:18:33:15,316 WARNING  [psi4.optking.history:286] 	Change in internal coordinate of 9.43e-01 exceeds limit of 5.00e-01.
2025-07-16:18:33:15,316 WARNING  [psi4.optking.history:291] 	Skipping Hessian update for step 2.
2025-07-16:18:33:15,316 WARNING  [psi4.optking.history:286] 	Change in internal coordinate of 1.05e+00 exceeds limit of 5.00e-01.
2025-07-16:18:33:15,316 WARNING  [psi4.optking.history:291] 	Skipping Hessian update for step 1.
2025-07-16:18:33:15,316 INFO     [psi4.optking.history:302] 	Steps to be used in Hessian update:  4

2025-07-16:18:33:15,316 INFO     [psi4.optking.history:400] 	Updated Hessian (in au) 
 	   0.165867

2025-07-16:18:33:15,316 INFO     [psi4.optking.molsys:874] Projected (PHP) Hessian matrix
	   0.165867

2025-07-16:18:33:15,316 INFO     [psi4.optking.opt_helper:168] 
	         Geometry (au)                                       Gradient (au)
   0.0000000000   0.0000000000   2.5678868940		   0.0000000000   0.0000000000  -0.0896088131
   0.0000000000   0.0000000000  -0.7511474652		   0.0000000000   0.0000000000   0.0895828167

2025-07-16:18:33:15,316 INFO     [psi4.optking.stepAlgorithms:315] 	Current Step Report 
 
	Current energy:      -207.4131131465
	Energy change for the previous step:
		Actual       :        -0.0495750935
		Projected    :        -0.0324752984

2025-07-16:18:33:15,317 INFO     [psi4.optking.stepAlgorithms:318] 	Energy ratio =    1.52655
2025-07-16:18:33:15,317 INFO     [psi4.optking.stepAlgorithms:750] 	Using RFO solution 1.
2025-07-16:18:33:15,317 INFO     [psi4.optking.displace:73] 	Determining Cartesian step for fragment 1.
2025-07-16:18:33:15,317 INFO     [psi4.optking.displace:378] 	Successfully converged to displaced geometry.
2025-07-16:18:33:15,317 INFO     [psi4.optking.displace:379] 	RMS(dx):  1.282e-16 	Max(dx):  2.220e-16 	RMS(dq):  4.441e-16
2025-07-16:18:33:15,317 INFO     [psi4.optking.displace:132] 

	        --- Internal Coordinate Step in ANG or DEG, aJ/ANG or AJ/DEG ---
	-------------------------------------------------------------------------------
	           Coordinate      Previous         Force          Change          New 
	           ----------      --------        ------          ------        ------
	               R(1,2)       1.75636        0.73816        0.23125       1.98761
	-------------------------------------------------------------------------------

2025-07-16:18:33:15,317 INFO     [psi4.optking.stepAlgorithms:96] 	|target step| :    0.4370074129
2025-07-16:18:33:15,317 INFO     [psi4.optking.stepAlgorithms:97] 	gradient     :   -0.0895958149
2025-07-16:18:33:15,317 INFO     [psi4.optking.stepAlgorithms:98] 	hessian      :    0.1658672349
2025-07-16:18:33:15,317 INFO     [psi4.optking.stepAlgorithms:177] 	Norm of achieved step-size    0.4370074129
2025-07-16:18:33:15,317 INFO     [psi4.optking.stepAlgorithms:179] 	Norm of achieved step-size (cart):    0.3090109051
2025-07-16:18:33:15,317 INFO     [psi4.optking.opt_helper:151] Molsys:

	                            ===> Fragment 1 <== 

	 Z (Atomic Numbers)          Masses                          Geom                  
	       3.000000             7.016003          0.00000000  0.00000000  2.78639060   
	      12.000000            23.985042          0.00000000  0.00000000 -0.96965117   

	 - Coordinate -           - BOHR/RAD -       - ANG/DEG -
	 R(1,2)           =         3.756042           1.987612

2025-07-16:18:33:15,317 INFO     [psi4.optking.convcheck:71] Performing convergence check.
2025-07-16:18:33:15,317 INFO     [psi4.optking.convcheck:263] 
	                                 ==> Convergence Check <==                                  
    
	Measures of convergence in internal coordinates in au.
    
	Criteria marked as inactive (o), active & met (*), and active & unmet ( ).

	----------------------------------------------------------------------------------------------
	   Step    Total Energy     Delta E     Max Force     RMS Force      Max Disp      RMS Disp   
	----------------------------------------------------------------------------------------------
	  Convergence Criteria     1.00e-06 *    3.00e-04 *             o    1.20e-03 *             o
	----------------------------------------------------------------------------------------------
	     5    -207.41311315   -4.96e-02      8.96e-02      8.96e-02 o    4.37e-01      4.37e-01 o  ~
	----------------------------------------------------------------------------------------------


2025-07-16:18:33:15,317 INFO     [psi4.optking.stepAlgorithms:266] 	Convergence check returned False
2025-07-16:18:33:15,329 INFO     [psi4.driver.task_planner:285] PLANNING Atomic:  keywords={'DAMPING_PERCENTAGE': 1.0, 'GEOM_MAXITER': 500, 'SCF__GUESS': 'READ', 'GUESS': 'SAP', 'MAXITER': 500, 'REFERENCE': 'UKS', 'function_kwargs': {}}
2025-07-16:18:33:15,330 INFO     [psi4.driver.driver:636] Compute gradient(): method=b3lyp, basis=cc-pvdz, molecule=default, nre=9.584557942770028
2025-07-16:18:33:16,350 INFO     [psi4.driver.driver:639] Return gradient(): -207.4420786843219
2025-07-16:18:33:16,350 INFO     [psi4.driver.driver:640] [[-0.00000000  0.00000000 -0.04644384]
 [-0.00000000  0.00000000  0.04644765]]
2025-07-16:18:33:16,353 INFO     [psi4.optking.history:257] 	Performing BFGS update.
2025-07-16:18:33:16,353 INFO     [psi4.optking.history:268] 	Using 4 previous steps for update.
2025-07-16:18:33:16,353 WARNING  [psi4.optking.history:286] 	Change in internal coordinate of 8.48e-01 exceeds limit of 5.00e-01.
2025-07-16:18:33:16,353 WARNING  [psi4.optking.history:291] 	Skipping Hessian update for step 4.
2025-07-16:18:33:16,353 WARNING  [psi4.optking.history:286] 	Change in internal coordinate of 1.21e+00 exceeds limit of 5.00e-01.
2025-07-16:18:33:16,353 WARNING  [psi4.optking.history:291] 	Skipping Hessian update for step 3.
2025-07-16:18:33:16,353 WARNING  [psi4.optking.history:286] 	Change in internal coordinate of 1.38e+00 exceeds limit of 5.00e-01.
2025-07-16:18:33:16,354 WARNING  [psi4.optking.history:291] 	Skipping Hessian update for step 2.
2025-07-16:18:33:16,354 WARNING  [psi4.optking.history:286] 	Change in internal coordinate of 1.49e+00 exceeds limit of 5.00e-01.
2025-07-16:18:33:16,354 WARNING  [psi4.optking.history:291] 	Skipping Hessian update for step 1.
2025-07-16:18:33:16,354 INFO     [psi4.optking.history:302] 	Steps to be used in Hessian update:  5

2025-07-16:18:33:16,354 INFO     [psi4.optking.history:400] 	Updated Hessian (in au) 
 	   0.098740

2025-07-16:18:33:16,354 INFO     [psi4.optking.molsys:874] Projected (PHP) Hessian matrix
	   0.098740

2025-07-16:18:33:16,354 INFO     [psi4.optking.opt_helper:168] 
	         Geometry (au)                                       Gradient (au)
   0.0000000000   0.0000000000   2.9059929474		  -0.0000000000   0.0000000000  -0.0464438356
   0.0000000000   0.0000000000  -0.8500488247		  -0.0000000000   0.0000000000   0.0464476537

2025-07-16:18:33:16,354 INFO     [psi4.optking.stepAlgorithms:315] 	Current Step Report 
 
	Current energy:      -207.4420786843
	Energy change for the previous step:
		Actual       :        -0.0289655378
		Projected    :        -0.0195770176

2025-07-16:18:33:16,354 INFO     [psi4.optking.stepAlgorithms:318] 	Energy ratio =    1.47957
2025-07-16:18:33:16,355 INFO     [psi4.optking.stepAlgorithms:750] 	Using RFO solution 1.
2025-07-16:18:33:16,355 INFO     [psi4.optking.displace:73] 	Determining Cartesian step for fragment 1.
2025-07-16:18:33:16,355 INFO     [psi4.optking.displace:378] 	Successfully converged to displaced geometry.
2025-07-16:18:33:16,355 INFO     [psi4.optking.displace:379] 	RMS(dx):  0.000e+00 	Max(dx):  0.000e+00 	RMS(dq):  0.000e+00
2025-07-16:18:33:16,355 INFO     [psi4.optking.displace:132] 

	        --- Internal Coordinate Step in ANG or DEG, aJ/ANG or AJ/DEG ---
	-------------------------------------------------------------------------------
	           Coordinate      Previous         Force          Change          New 
	           ----------      --------        ------          ------        ------
	               R(1,2)       1.98761        0.38265        0.20979       2.19741
	-------------------------------------------------------------------------------

2025-07-16:18:33:16,355 INFO     [psi4.optking.stepAlgorithms:96] 	|target step| :    0.3964522939
2025-07-16:18:33:16,355 INFO     [psi4.optking.stepAlgorithms:97] 	gradient     :   -0.0464457447
2025-07-16:18:33:16,355 INFO     [psi4.optking.stepAlgorithms:98] 	hessian      :    0.0987399045
2025-07-16:18:33:16,355 INFO     [psi4.optking.stepAlgorithms:177] 	Norm of achieved step-size    0.3964522939
2025-07-16:18:33:16,355 INFO     [psi4.optking.stepAlgorithms:179] 	Norm of achieved step-size (cart):    0.2803341054
2025-07-16:18:33:16,356 INFO     [psi4.optking.opt_helper:151] Molsys:

	                            ===> Fragment 1 <== 

	 Z (Atomic Numbers)          Masses                          Geom                  
	       3.000000             7.016003          0.00000000  0.00000000  3.10421909   
	      12.000000            23.985042          0.00000000  0.00000000 -1.04827497   

	 - Coordinate -           - BOHR/RAD -       - ANG/DEG -
	 R(1,2)           =         4.152494           2.197405

2025-07-16:18:33:16,356 INFO     [psi4.optking.convcheck:71] Performing convergence check.
2025-07-16:18:33:16,356 INFO     [psi4.optking.convcheck:263] 
	                                 ==> Convergence Check <==                                  
    
	Measures of convergence in internal coordinates in au.
    
	Criteria marked as inactive (o), active & met (*), and active & unmet ( ).

	----------------------------------------------------------------------------------------------
	   Step    Total Energy     Delta E     Max Force     RMS Force      Max Disp      RMS Disp   
	----------------------------------------------------------------------------------------------
	  Convergence Criteria     1.00e-06 *    3.00e-04 *             o    1.20e-03 *             o
	----------------------------------------------------------------------------------------------
	     6    -207.44207868   -2.90e-02      4.64e-02      4.64e-02 o    3.96e-01      3.96e-01 o  ~
	----------------------------------------------------------------------------------------------


2025-07-16:18:33:16,356 INFO     [psi4.optking.stepAlgorithms:266] 	Convergence check returned False
2025-07-16:18:33:16,368 INFO     [psi4.driver.task_planner:285] PLANNING Atomic:  keywords={'DAMPING_PERCENTAGE': 1.0, 'GEOM_MAXITER': 500, 'SCF__GUESS': 'READ', 'GUESS': 'SAP', 'MAXITER': 500, 'REFERENCE': 'UKS', 'function_kwargs': {}}
2025-07-16:18:33:16,369 INFO     [psi4.driver.driver:636] Compute gradient(): method=b3lyp, basis=cc-pvdz, molecule=default, nre=8.669488608115378
2025-07-16:18:33:17,384 INFO     [psi4.driver.driver:639] Return gradient(): -207.45524172370673
2025-07-16:18:33:17,384 INFO     [psi4.driver.driver:640] [[ 0.00000000  0.00000000 -0.02172828]
 [-0.00000000  0.00000000  0.02172123]]
2025-07-16:18:33:17,385 INFO     [psi4.optking.history:257] 	Performing BFGS update.
2025-07-16:18:33:17,385 INFO     [psi4.optking.history:268] 	Using 4 previous steps for update.
2025-07-16:18:33:17,385 WARNING  [psi4.optking.history:286] 	Change in internal coordinate of 8.33e-01 exceeds limit of 5.00e-01.
2025-07-16:18:33:17,385 WARNING  [psi4.optking.history:291] 	Skipping Hessian update for step 5.
2025-07-16:18:33:17,385 WARNING  [psi4.optking.history:286] 	Change in internal coordinate of 1.24e+00 exceeds limit of 5.00e-01.
2025-07-16:18:33:17,386 WARNING  [psi4.optking.history:291] 	Skipping Hessian update for step 4.
2025-07-16:18:33:17,386 WARNING  [psi4.optking.history:286] 	Change in internal coordinate of 1.61e+00 exceeds limit of 5.00e-01.
2025-07-16:18:33:17,386 WARNING  [psi4.optking.history:291] 	Skipping Hessian update for step 3.
2025-07-16:18:33:17,386 WARNING  [psi4.optking.history:286] 	Change in internal coordinate of 1.78e+00 exceeds limit of 5.00e-01.
2025-07-16:18:33:17,386 WARNING  [psi4.optking.history:291] 	Skipping Hessian update for step 2.
2025-07-16:18:33:17,386 WARNING  [psi4.optking.history:286] 	Change in internal coordinate of 1.88e+00 exceeds limit of 5.00e-01.
2025-07-16:18:33:17,386 WARNING  [psi4.optking.history:291] 	Skipping Hessian update for step 1.
2025-07-16:18:33:17,386 INFO     [psi4.optking.history:302] 	Steps to be used in Hessian update:  6

2025-07-16:18:33:17,386 INFO     [psi4.optking.history:400] 	Updated Hessian (in au) 
 	   0.062356

2025-07-16:18:33:17,386 INFO     [psi4.optking.molsys:874] Projected (PHP) Hessian matrix
	   0.062356

2025-07-16:18:33:17,386 INFO     [psi4.optking.opt_helper:168] 
	         Geometry (au)                                       Gradient (au)
   0.0000000000   0.0000000000   3.2127221160		   0.0000000000   0.0000000000  -0.0217282813
   0.0000000000   0.0000000000  -0.9397719500		  -0.0000000000   0.0000000000   0.0217212335

2025-07-16:18:33:17,386 INFO     [psi4.optking.stepAlgorithms:315] 	Current Step Report 
 
	Current energy:      -207.4552417237
	Energy change for the previous step:
		Actual       :        -0.0131630394
		Projected    :        -0.0092067610

2025-07-16:18:33:17,386 INFO     [psi4.optking.stepAlgorithms:318] 	Energy ratio =    1.42971
2025-07-16:18:33:17,386 INFO     [psi4.optking.stepAlgorithms:750] 	Using RFO solution 1.
2025-07-16:18:33:17,386 INFO     [psi4.optking.displace:73] 	Determining Cartesian step for fragment 1.
2025-07-16:18:33:17,386 INFO     [psi4.optking.displace:378] 	Successfully converged to displaced geometry.
2025-07-16:18:33:17,386 INFO     [psi4.optking.displace:379] 	RMS(dx):  2.564e-16 	Max(dx):  4.441e-16 	RMS(dq):  0.000e+00
2025-07-16:18:33:17,386 INFO     [psi4.optking.displace:132] 

	        --- Internal Coordinate Step in ANG or DEG, aJ/ANG or AJ/DEG ---
	-------------------------------------------------------------------------------
	           Coordinate      Previous         Force          Change          New 
	           ----------      --------        ------          ------        ------
	               R(1,2)       2.19741        0.17898        0.16618       2.36359
	-------------------------------------------------------------------------------

2025-07-16:18:33:17,387 INFO     [psi4.optking.stepAlgorithms:96] 	|target step| :    0.3140414642
2025-07-16:18:33:17,387 INFO     [psi4.optking.stepAlgorithms:97] 	gradient     :   -0.0217247574
2025-07-16:18:33:17,387 INFO     [psi4.optking.stepAlgorithms:98] 	hessian      :    0.0623555158
2025-07-16:18:33:17,387 INFO     [psi4.optking.stepAlgorithms:177] 	Norm of achieved step-size    0.3140414642
2025-07-16:18:33:17,387 INFO     [psi4.optking.stepAlgorithms:179] 	Norm of achieved step-size (cart):    0.2220608489
2025-07-16:18:33:17,387 INFO     [psi4.optking.opt_helper:151] Molsys:

	                            ===> Fragment 1 <== 

	 Z (Atomic Numbers)          Masses                          Geom                  
	       3.000000             7.016003          0.00000000  0.00000000  3.36974285   
	      12.000000            23.985042          0.00000000  0.00000000 -1.09679268   

	 - Coordinate -           - BOHR/RAD -       - ANG/DEG -
	 R(1,2)           =         4.466536           2.363589

2025-07-16:18:33:17,387 INFO     [psi4.optking.convcheck:71] Performing convergence check.
2025-07-16:18:33:17,387 INFO     [psi4.optking.convcheck:263] 
	                                 ==> Convergence Check <==                                  
    
	Measures of convergence in internal coordinates in au.
    
	Criteria marked as inactive (o), active & met (*), and active & unmet ( ).

	----------------------------------------------------------------------------------------------
	   Step    Total Energy     Delta E     Max Force     RMS Force      Max Disp      RMS Disp   
	----------------------------------------------------------------------------------------------
	  Convergence Criteria     1.00e-06 *    3.00e-04 *             o    1.20e-03 *             o
	----------------------------------------------------------------------------------------------
	     7    -207.45524172   -1.32e-02      2.17e-02      2.17e-02 o    3.14e-01      3.14e-01 o  ~
	----------------------------------------------------------------------------------------------


2025-07-16:18:33:17,387 INFO     [psi4.optking.stepAlgorithms:266] 	Convergence check returned False
2025-07-16:18:33:17,407 INFO     [psi4.driver.task_planner:285] PLANNING Atomic:  keywords={'DAMPING_PERCENTAGE': 1.0, 'GEOM_MAXITER': 500, 'SCF__GUESS': 'READ', 'GUESS': 'SAP', 'MAXITER': 500, 'REFERENCE': 'UKS', 'function_kwargs': {}}
2025-07-16:18:33:17,409 INFO     [psi4.driver.driver:636] Compute gradient(): method=b3lyp, basis=cc-pvdz, molecule=default, nre=8.059938123660153
2025-07-16:18:33:18,353 INFO     [psi4.driver.driver:639] Return gradient(): -207.4598777411016
2025-07-16:18:33:18,353 INFO     [psi4.driver.driver:640] [[ 0.00000000 -0.00000000 -0.00858471]
 [-0.00000000 -0.00000000  0.00856553]]
2025-07-16:18:33:18,354 INFO     [psi4.optking.history:257] 	Performing BFGS update.
2025-07-16:18:33:18,355 INFO     [psi4.optking.history:268] 	Using 4 previous steps for update.
2025-07-16:18:33:18,355 WARNING  [psi4.optking.history:286] 	Change in internal coordinate of 7.10e-01 exceeds limit of 5.00e-01.
2025-07-16:18:33:18,355 WARNING  [psi4.optking.history:291] 	Skipping Hessian update for step 6.
2025-07-16:18:33:18,355 WARNING  [psi4.optking.history:286] 	Change in internal coordinate of 1.15e+00 exceeds limit of 5.00e-01.
2025-07-16:18:33:18,355 WARNING  [psi4.optking.history:291] 	Skipping Hessian update for step 5.
2025-07-16:18:33:18,355 WARNING  [psi4.optking.history:286] 	Change in internal coordinate of 1.56e+00 exceeds limit of 5.00e-01.
2025-07-16:18:33:18,355 WARNING  [psi4.optking.history:291] 	Skipping Hessian update for step 4.
2025-07-16:18:33:18,355 WARNING  [psi4.optking.history:286] 	Change in internal coordinate of 1.92e+00 exceeds limit of 5.00e-01.
2025-07-16:18:33:18,355 WARNING  [psi4.optking.history:291] 	Skipping Hessian update for step 3.
2025-07-16:18:33:18,355 WARNING  [psi4.optking.history:286] 	Change in internal coordinate of 2.09e+00 exceeds limit of 5.00e-01.
2025-07-16:18:33:18,356 WARNING  [psi4.optking.history:291] 	Skipping Hessian update for step 2.
2025-07-16:18:33:18,356 WARNING  [psi4.optking.history:286] 	Change in internal coordinate of 2.20e+00 exceeds limit of 5.00e-01.
2025-07-16:18:33:18,356 WARNING  [psi4.optking.history:291] 	Skipping Hessian update for step 1.
2025-07-16:18:33:18,356 INFO     [psi4.optking.history:302] 	Steps to be used in Hessian update:  7

2025-07-16:18:33:18,356 INFO     [psi4.optking.history:400] 	Updated Hessian (in au) 
 	   0.041872

2025-07-16:18:33:18,356 INFO     [psi4.optking.molsys:874] Projected (PHP) Hessian matrix
	   0.041872

2025-07-16:18:33:18,356 INFO     [psi4.optking.opt_helper:168] 
	         Geometry (au)                                       Gradient (au)
   0.0000000000   0.0000000000   3.4556912668		   0.0000000000  -0.0000000000  -0.0085847095
   0.0000000000   0.0000000000  -1.0108442633		  -0.0000000000  -0.0000000000   0.0085655337

2025-07-16:18:33:18,356 INFO     [psi4.optking.stepAlgorithms:315] 	Current Step Report 
 
	Current energy:      -207.4598777411
	Energy change for the previous step:
		Actual       :        -0.0046360174
		Projected    :        -0.0034112373

2025-07-16:18:33:18,356 INFO     [psi4.optking.stepAlgorithms:318] 	Energy ratio =    1.35904
2025-07-16:18:33:18,356 INFO     [psi4.optking.stepAlgorithms:750] 	Using RFO solution 1.
2025-07-16:18:33:18,357 INFO     [psi4.optking.displace:73] 	Determining Cartesian step for fragment 1.
2025-07-16:18:33:18,357 INFO     [psi4.optking.displace:378] 	Successfully converged to displaced geometry.
2025-07-16:18:33:18,357 INFO     [psi4.optking.displace:379] 	RMS(dx):  0.000e+00 	Max(dx):  0.000e+00 	RMS(dq):  0.000e+00
2025-07-16:18:33:18,357 INFO     [psi4.optking.displace:132] 

	        --- Internal Coordinate Step in ANG or DEG, aJ/ANG or AJ/DEG ---
	-------------------------------------------------------------------------------
	           Coordinate      Previous         Force          Change          New 
	           ----------      --------        ------          ------        ------
	               R(1,2)       2.36359        0.07065        0.10417       2.46776
	-------------------------------------------------------------------------------

2025-07-16:18:33:18,357 INFO     [psi4.optking.stepAlgorithms:96] 	|target step| :    0.1968560925
2025-07-16:18:33:18,357 INFO     [psi4.optking.stepAlgorithms:97] 	gradient     :   -0.0085751216
2025-07-16:18:33:18,357 INFO     [psi4.optking.stepAlgorithms:98] 	hessian      :    0.0418722917
2025-07-16:18:33:18,357 INFO     [psi4.optking.stepAlgorithms:177] 	Norm of achieved step-size    0.1968560925
2025-07-16:18:33:18,357 INFO     [psi4.optking.stepAlgorithms:179] 	Norm of achieved step-size (cart):    0.1391982779
2025-07-16:18:33:18,358 INFO     [psi4.optking.opt_helper:151] Molsys:

	                            ===> Fragment 1 <== 

	 Z (Atomic Numbers)          Masses                          Geom                  
	       3.000000             7.016003          0.00000000  0.00000000  3.55411931   
	      12.000000            23.985042          0.00000000  0.00000000 -1.10927231   

	 - Coordinate -           - BOHR/RAD -       - ANG/DEG -
	 R(1,2)           =         4.663392           2.467761

2025-07-16:18:33:18,358 INFO     [psi4.optking.convcheck:71] Performing convergence check.
2025-07-16:18:33:18,358 INFO     [psi4.optking.convcheck:263] 
	                                 ==> Convergence Check <==                                  
    
	Measures of convergence in internal coordinates in au.
    
	Criteria marked as inactive (o), active & met (*), and active & unmet ( ).

	----------------------------------------------------------------------------------------------
	   Step    Total Energy     Delta E     Max Force     RMS Force      Max Disp      RMS Disp   
	----------------------------------------------------------------------------------------------
	  Convergence Criteria     1.00e-06 *    3.00e-04 *             o    1.20e-03 *             o
	----------------------------------------------------------------------------------------------
	     8    -207.45987774   -4.64e-03      8.58e-03      8.58e-03 o    1.97e-01      1.97e-01 o  ~
	----------------------------------------------------------------------------------------------


2025-07-16:18:33:18,359 INFO     [psi4.optking.stepAlgorithms:266] 	Convergence check returned False
2025-07-16:18:33:18,375 INFO     [psi4.driver.task_planner:285] PLANNING Atomic:  keywords={'DAMPING_PERCENTAGE': 1.0, 'GEOM_MAXITER': 500, 'SCF__GUESS': 'READ', 'GUESS': 'SAP', 'MAXITER': 500, 'REFERENCE': 'UKS', 'function_kwargs': {}}
2025-07-16:18:33:18,377 INFO     [psi4.driver.driver:636] Compute gradient(): method=b3lyp, basis=cc-pvdz, molecule=default, nre=7.719703364636596
2025-07-16:18:33:19,304 INFO     [psi4.driver.driver:639] Return gradient(): -207.4609445666954
2025-07-16:18:33:19,304 INFO     [psi4.driver.driver:640] [[ 0.00000000  0.00000000 -0.00250867]
 [ 0.00000000 -0.00000000  0.00250186]]
2025-07-16:18:33:19,306 INFO     [psi4.optking.history:257] 	Performing BFGS update.
2025-07-16:18:33:19,306 INFO     [psi4.optking.history:268] 	Using 4 previous steps for update.
2025-07-16:18:33:19,306 WARNING  [psi4.optking.history:286] 	Change in internal coordinate of 5.11e-01 exceeds limit of 5.00e-01.
2025-07-16:18:33:19,306 WARNING  [psi4.optking.history:291] 	Skipping Hessian update for step 7.
2025-07-16:18:33:19,306 WARNING  [psi4.optking.history:286] 	Change in internal coordinate of 9.07e-01 exceeds limit of 5.00e-01.
2025-07-16:18:33:19,306 WARNING  [psi4.optking.history:291] 	Skipping Hessian update for step 6.
2025-07-16:18:33:19,307 WARNING  [psi4.optking.history:286] 	Change in internal coordinate of 1.34e+00 exceeds limit of 5.00e-01.
2025-07-16:18:33:19,307 WARNING  [psi4.optking.history:291] 	Skipping Hessian update for step 5.
2025-07-16:18:33:19,307 WARNING  [psi4.optking.history:286] 	Change in internal coordinate of 1.76e+00 exceeds limit of 5.00e-01.
2025-07-16:18:33:19,307 WARNING  [psi4.optking.history:291] 	Skipping Hessian update for step 4.
2025-07-16:18:33:19,307 WARNING  [psi4.optking.history:286] 	Change in internal coordinate of 2.12e+00 exceeds limit of 5.00e-01.
2025-07-16:18:33:19,307 WARNING  [psi4.optking.history:291] 	Skipping Hessian update for step 3.
2025-07-16:18:33:19,307 WARNING  [psi4.optking.history:286] 	Change in internal coordinate of 2.29e+00 exceeds limit of 5.00e-01.
2025-07-16:18:33:19,307 WARNING  [psi4.optking.history:291] 	Skipping Hessian update for step 2.
2025-07-16:18:33:19,307 WARNING  [psi4.optking.history:286] 	Change in internal coordinate of 2.40e+00 exceeds limit of 5.00e-01.
2025-07-16:18:33:19,307 WARNING  [psi4.optking.history:291] 	Skipping Hessian update for step 1.
2025-07-16:18:33:19,307 INFO     [psi4.optking.history:302] 	Steps to be used in Hessian update:  8

2025-07-16:18:33:19,307 INFO     [psi4.optking.history:400] 	Updated Hessian (in au) 
 	   0.030834

2025-07-16:18:33:19,307 INFO     [psi4.optking.molsys:874] Projected (PHP) Hessian matrix
	   0.030834

2025-07-16:18:33:19,307 INFO     [psi4.optking.opt_helper:168] 
	         Geometry (au)                                       Gradient (au)
   0.0000000000   0.0000000000   3.6079958607		   0.0000000000   0.0000000000  -0.0025086658
   0.0000000000   0.0000000000  -1.0553957620		   0.0000000000  -0.0000000000   0.0025018639

2025-07-16:18:33:19,307 INFO     [psi4.optking.stepAlgorithms:315] 	Current Step Report 
 
	Current energy:      -207.4609445667
	Energy change for the previous step:
		Actual       :        -0.0010668256
		Projected    :        -0.0008440325

2025-07-16:18:33:19,307 INFO     [psi4.optking.stepAlgorithms:318] 	Energy ratio =    1.26396
2025-07-16:18:33:19,307 INFO     [psi4.optking.stepAlgorithms:750] 	Using RFO solution 1.
2025-07-16:18:33:19,307 INFO     [psi4.optking.displace:73] 	Determining Cartesian step for fragment 1.
2025-07-16:18:33:19,308 INFO     [psi4.optking.displace:378] 	Successfully converged to displaced geometry.
2025-07-16:18:33:19,308 INFO     [psi4.optking.displace:379] 	RMS(dx):  0.000e+00 	Max(dx):  0.000e+00 	RMS(dq):  0.000e+00
2025-07-16:18:33:19,308 INFO     [psi4.optking.displace:132] 

	        --- Internal Coordinate Step in ANG or DEG, aJ/ANG or AJ/DEG ---
	-------------------------------------------------------------------------------
	           Coordinate      Previous         Force          Change          New 
	           ----------      --------        ------          ------        ------
	               R(1,2)       2.46776        0.02064        0.04272       2.51048
	-------------------------------------------------------------------------------

2025-07-16:18:33:19,308 INFO     [psi4.optking.stepAlgorithms:96] 	|target step| :    0.0807207182
2025-07-16:18:33:19,308 INFO     [psi4.optking.stepAlgorithms:97] 	gradient     :   -0.0025052649
2025-07-16:18:33:19,308 INFO     [psi4.optking.stepAlgorithms:98] 	hessian      :    0.0308339796
2025-07-16:18:33:19,308 INFO     [psi4.optking.stepAlgorithms:177] 	Norm of achieved step-size    0.0807207182
2025-07-16:18:33:19,308 INFO     [psi4.optking.stepAlgorithms:179] 	Norm of achieved step-size (cart):    0.0570781672
2025-07-16:18:33:19,308 INFO     [psi4.optking.opt_helper:151] Molsys:

	                            ===> Fragment 1 <== 

	 Z (Atomic Numbers)          Masses                          Geom                  
	       3.000000             7.016003          0.00000000  0.00000000  3.64835622   
	      12.000000            23.985042          0.00000000  0.00000000 -1.09575612   

	 - Coordinate -           - BOHR/RAD -       - ANG/DEG -
	 R(1,2)           =         4.744112           2.510476

2025-07-16:18:33:19,308 INFO     [psi4.optking.convcheck:71] Performing convergence check.
2025-07-16:18:33:19,308 INFO     [psi4.optking.convcheck:263] 
	                                 ==> Convergence Check <==                                  
    
	Measures of convergence in internal coordinates in au.
    
	Criteria marked as inactive (o), active & met (*), and active & unmet ( ).

	----------------------------------------------------------------------------------------------
	   Step    Total Energy     Delta E     Max Force     RMS Force      Max Disp      RMS Disp   
	----------------------------------------------------------------------------------------------
	  Convergence Criteria     1.00e-06 *    3.00e-04 *             o    1.20e-03 *             o
	----------------------------------------------------------------------------------------------
	     9    -207.46094457   -1.07e-03      2.51e-03      2.51e-03 o    8.07e-02      8.07e-02 o  ~
	----------------------------------------------------------------------------------------------


2025-07-16:18:33:19,308 INFO     [psi4.optking.stepAlgorithms:266] 	Convergence check returned False
2025-07-16:18:33:19,323 INFO     [psi4.driver.task_planner:285] PLANNING Atomic:  keywords={'DAMPING_PERCENTAGE': 1.0, 'GEOM_MAXITER': 500, 'SCF__GUESS': 'READ', 'GUESS': 'SAP', 'MAXITER': 500, 'REFERENCE': 'UKS', 'function_kwargs': {}}
2025-07-16:18:33:19,325 INFO     [psi4.driver.driver:636] Compute gradient(): method=b3lyp, basis=cc-pvdz, molecule=default, nre=7.588353186744109
2025-07-16:18:33:20,238 INFO     [psi4.driver.driver:639] Return gradient(): -207.46106117779053
2025-07-16:18:33:20,238 INFO     [psi4.driver.driver:640] [[ 0.00000000  0.00000000 -0.00042681]
 [ 0.00000000  0.00000000  0.00041651]]
2025-07-16:18:33:20,239 INFO     [psi4.optking.history:257] 	Performing BFGS update.
2025-07-16:18:33:20,239 INFO     [psi4.optking.history:268] 	Using 4 previous steps for update.
2025-07-16:18:33:20,239 WARNING  [psi4.optking.history:286] 	Change in internal coordinate of 5.92e-01 exceeds limit of 5.00e-01.
2025-07-16:18:33:20,239 WARNING  [psi4.optking.history:291] 	Skipping Hessian update for step 7.
2025-07-16:18:33:20,239 WARNING  [psi4.optking.history:286] 	Change in internal coordinate of 9.88e-01 exceeds limit of 5.00e-01.
2025-07-16:18:33:20,239 WARNING  [psi4.optking.history:291] 	Skipping Hessian update for step 6.
2025-07-16:18:33:20,239 WARNING  [psi4.optking.history:286] 	Change in internal coordinate of 1.43e+00 exceeds limit of 5.00e-01.
2025-07-16:18:33:20,239 WARNING  [psi4.optking.history:291] 	Skipping Hessian update for step 5.
2025-07-16:18:33:20,240 WARNING  [psi4.optking.history:286] 	Change in internal coordinate of 1.84e+00 exceeds limit of 5.00e-01.
2025-07-16:18:33:20,240 WARNING  [psi4.optking.history:291] 	Skipping Hessian update for step 4.
2025-07-16:18:33:20,240 WARNING  [psi4.optking.history:286] 	Change in internal coordinate of 2.20e+00 exceeds limit of 5.00e-01.
2025-07-16:18:33:20,240 WARNING  [psi4.optking.history:291] 	Skipping Hessian update for step 3.
2025-07-16:18:33:20,240 WARNING  [psi4.optking.history:286] 	Change in internal coordinate of 2.37e+00 exceeds limit of 5.00e-01.
2025-07-16:18:33:20,240 WARNING  [psi4.optking.history:291] 	Skipping Hessian update for step 2.
2025-07-16:18:33:20,240 WARNING  [psi4.optking.history:286] 	Change in internal coordinate of 2.48e+00 exceeds limit of 5.00e-01.
2025-07-16:18:33:20,240 WARNING  [psi4.optking.history:291] 	Skipping Hessian update for step 1.
2025-07-16:18:33:20,240 INFO     [psi4.optking.history:302] 	Steps to be used in Hessian update:  9 8

2025-07-16:18:33:20,240 INFO     [psi4.optking.history:400] 	Updated Hessian (in au) 
 	   0.029374

2025-07-16:18:33:20,240 INFO     [psi4.optking.molsys:874] Projected (PHP) Hessian matrix
	   0.029374

2025-07-16:18:33:20,240 INFO     [psi4.optking.opt_helper:168] 
	         Geometry (au)                                       Gradient (au)
   0.0000000000   0.0000000000   3.6704482646		   0.0000000000   0.0000000000  -0.0004268087
   0.0000000000   0.0000000000  -1.0736640763		   0.0000000000   0.0000000000   0.0004165093

2025-07-16:18:33:20,240 INFO     [psi4.optking.stepAlgorithms:315] 	Current Step Report 
 
	Current energy:      -207.4610611778
	Energy change for the previous step:
		Actual       :        -0.0001166111
		Projected    :        -0.0001011134

2025-07-16:18:33:20,240 INFO     [psi4.optking.stepAlgorithms:318] 	Energy ratio =    1.15327
2025-07-16:18:33:20,240 INFO     [psi4.optking.stepAlgorithms:750] 	Using RFO solution 1.
2025-07-16:18:33:20,240 INFO     [psi4.optking.displace:73] 	Determining Cartesian step for fragment 1.
2025-07-16:18:33:20,240 INFO     [psi4.optking.displace:378] 	Successfully converged to displaced geometry.
2025-07-16:18:33:20,241 INFO     [psi4.optking.displace:379] 	RMS(dx):  0.000e+00 	Max(dx):  0.000e+00 	RMS(dq):  0.000e+00
2025-07-16:18:33:20,241 INFO     [psi4.optking.displace:132] 

	        --- Internal Coordinate Step in ANG or DEG, aJ/ANG or AJ/DEG ---
	-------------------------------------------------------------------------------
	           Coordinate      Previous         Force          Change          New 
	           ----------      --------        ------          ------        ------
	               R(1,2)       2.51048        0.00347        0.00759       2.51807
	-------------------------------------------------------------------------------

2025-07-16:18:33:20,241 INFO     [psi4.optking.stepAlgorithms:96] 	|target step| :    0.0143520202
2025-07-16:18:33:20,241 INFO     [psi4.optking.stepAlgorithms:97] 	gradient     :   -0.0004216590
2025-07-16:18:33:20,241 INFO     [psi4.optking.stepAlgorithms:98] 	hessian      :    0.0293737166
2025-07-16:18:33:20,241 INFO     [psi4.optking.stepAlgorithms:177] 	Norm of achieved step-size    0.0143520202
2025-07-16:18:33:20,241 INFO     [psi4.optking.stepAlgorithms:179] 	Norm of achieved step-size (cart):    0.0101484108
2025-07-16:18:33:20,241 INFO     [psi4.optking.opt_helper:151] Molsys:

	                            ===> Fragment 1 <== 

	 Z (Atomic Numbers)          Masses                          Geom                  
	       3.000000             7.016003          0.00000000  0.00000000  3.67762427   
	      12.000000            23.985042          0.00000000  0.00000000 -1.08084009   

	 - Coordinate -           - BOHR/RAD -       - ANG/DEG -
	 R(1,2)           =         4.758464           2.518071

2025-07-16:18:33:20,241 INFO     [psi4.optking.convcheck:71] Performing convergence check.
2025-07-16:18:33:20,241 INFO     [psi4.optking.convcheck:263] 
	                                 ==> Convergence Check <==                                  
    
	Measures of convergence in internal coordinates in au.
    
	Criteria marked as inactive (o), active & met (*), and active & unmet ( ).

	----------------------------------------------------------------------------------------------
	   Step    Total Energy     Delta E     Max Force     RMS Force      Max Disp      RMS Disp   
	----------------------------------------------------------------------------------------------
	  Convergence Criteria     1.00e-06 *    3.00e-04 *             o    1.20e-03 *             o
	----------------------------------------------------------------------------------------------
	    10    -207.46106118   -1.17e-04      4.22e-04      4.22e-04 o    1.44e-02      1.44e-02 o  ~
	----------------------------------------------------------------------------------------------


2025-07-16:18:33:20,241 INFO     [psi4.optking.stepAlgorithms:266] 	Convergence check returned False
2025-07-16:18:33:20,256 INFO     [psi4.driver.task_planner:285] PLANNING Atomic:  keywords={'DAMPING_PERCENTAGE': 1.0, 'GEOM_MAXITER': 500, 'SCF__GUESS': 'READ', 'GUESS': 'SAP', 'MAXITER': 500, 'REFERENCE': 'UKS', 'function_kwargs': {}}
2025-07-16:18:33:20,258 INFO     [psi4.driver.driver:636] Compute gradient(): method=b3lyp, basis=cc-pvdz, molecule=default, nre=7.565465929499946
2025-07-16:18:33:21,125 INFO     [psi4.driver.driver:639] Return gradient(): -207.46106469712015
2025-07-16:18:33:21,126 INFO     [psi4.driver.driver:640] [[-0.00000000  0.00000000 -0.00007925]
 [ 0.00000000  0.00000000  0.00006818]]
2025-07-16:18:33:21,129 INFO     [psi4.optking.history:257] 	Performing BFGS update.
2025-07-16:18:33:21,129 INFO     [psi4.optking.history:268] 	Using 4 previous steps for update.
2025-07-16:18:33:21,129 WARNING  [psi4.optking.history:286] 	Change in internal coordinate of 6.06e-01 exceeds limit of 5.00e-01.
2025-07-16:18:33:21,129 WARNING  [psi4.optking.history:291] 	Skipping Hessian update for step 7.
2025-07-16:18:33:21,129 WARNING  [psi4.optking.history:286] 	Change in internal coordinate of 1.00e+00 exceeds limit of 5.00e-01.
2025-07-16:18:33:21,129 WARNING  [psi4.optking.history:291] 	Skipping Hessian update for step 6.
2025-07-16:18:33:21,130 WARNING  [psi4.optking.history:286] 	Change in internal coordinate of 1.44e+00 exceeds limit of 5.00e-01.
2025-07-16:18:33:21,130 WARNING  [psi4.optking.history:291] 	Skipping Hessian update for step 5.
2025-07-16:18:33:21,130 WARNING  [psi4.optking.history:286] 	Change in internal coordinate of 1.85e+00 exceeds limit of 5.00e-01.
2025-07-16:18:33:21,130 WARNING  [psi4.optking.history:291] 	Skipping Hessian update for step 4.
2025-07-16:18:33:21,130 WARNING  [psi4.optking.history:286] 	Change in internal coordinate of 2.21e+00 exceeds limit of 5.00e-01.
2025-07-16:18:33:21,130 WARNING  [psi4.optking.history:291] 	Skipping Hessian update for step 3.
2025-07-16:18:33:21,130 WARNING  [psi4.optking.history:286] 	Change in internal coordinate of 2.38e+00 exceeds limit of 5.00e-01.
2025-07-16:18:33:21,130 WARNING  [psi4.optking.history:291] 	Skipping Hessian update for step 2.
2025-07-16:18:33:21,130 WARNING  [psi4.optking.history:286] 	Change in internal coordinate of 2.49e+00 exceeds limit of 5.00e-01.
2025-07-16:18:33:21,130 WARNING  [psi4.optking.history:291] 	Skipping Hessian update for step 1.
2025-07-16:18:33:21,130 INFO     [psi4.optking.history:302] 	Steps to be used in Hessian update:  10 9 8

2025-07-16:18:33:21,131 INFO     [psi4.optking.history:400] 	Updated Hessian (in au) 
 	   0.029121

2025-07-16:18:33:21,131 INFO     [psi4.optking.molsys:874] Projected (PHP) Hessian matrix
	   0.029121

2025-07-16:18:33:21,131 INFO     [psi4.optking.opt_helper:168] 
	         Geometry (au)                                       Gradient (au)
   0.0000000000   0.0000000000   3.6815522064		  -0.0000000000   0.0000000000  -0.0000792532
   0.0000000000   0.0000000000  -1.0769121546		   0.0000000000   0.0000000000   0.0000681809

2025-07-16:18:33:21,131 INFO     [psi4.optking.stepAlgorithms:315] 	Current Step Report 
 
	Current energy:      -207.4610646971
	Energy change for the previous step:
		Actual       :        -0.0000035193
		Projected    :        -0.0000030258

2025-07-16:18:33:21,131 INFO     [psi4.optking.stepAlgorithms:318] 	Energy ratio =    1.16310
2025-07-16:18:33:21,131 INFO     [psi4.optking.stepAlgorithms:750] 	Using RFO solution 1.
2025-07-16:18:33:21,131 INFO     [psi4.optking.displace:73] 	Determining Cartesian step for fragment 1.
2025-07-16:18:33:21,132 INFO     [psi4.optking.displace:378] 	Successfully converged to displaced geometry.
2025-07-16:18:33:21,132 INFO     [psi4.optking.displace:379] 	RMS(dx):  0.000e+00 	Max(dx):  0.000e+00 	RMS(dq):  0.000e+00
2025-07-16:18:33:21,132 INFO     [psi4.optking.displace:132] 

	        --- Internal Coordinate Step in ANG or DEG, aJ/ANG or AJ/DEG ---
	-------------------------------------------------------------------------------
	           Coordinate      Previous         Force          Change          New 
	           ----------      --------        ------          ------        ------
	               R(1,2)       2.51807        0.00061        0.00134       2.51941
	-------------------------------------------------------------------------------

2025-07-16:18:33:21,132 INFO     [psi4.optking.stepAlgorithms:96] 	|target step| :    0.0025313443
2025-07-16:18:33:21,132 INFO     [psi4.optking.stepAlgorithms:97] 	gradient     :   -0.0000737170
2025-07-16:18:33:21,132 INFO     [psi4.optking.stepAlgorithms:98] 	hessian      :    0.0291214971
2025-07-16:18:33:21,132 INFO     [psi4.optking.stepAlgorithms:177] 	Norm of achieved step-size    0.0025313443
2025-07-16:18:33:21,132 INFO     [psi4.optking.stepAlgorithms:179] 	Norm of achieved step-size (cart):    0.0017899307
2025-07-16:18:33:21,132 INFO     [psi4.optking.opt_helper:151] Molsys:

	                            ===> Fragment 1 <== 

	 Z (Atomic Numbers)          Masses                          Geom                  
	       3.000000             7.016003          0.00000000  0.00000000  3.68281788   
	      12.000000            23.985042          0.00000000  0.00000000 -1.07817783   

	 - Coordinate -           - BOHR/RAD -       - ANG/DEG -
	 R(1,2)           =         4.760996           2.519410

2025-07-16:18:33:21,133 INFO     [psi4.optking.convcheck:71] Performing convergence check.
2025-07-16:18:33:21,133 INFO     [psi4.optking.convcheck:263] 
	                                 ==> Convergence Check <==                                  
    
	Measures of convergence in internal coordinates in au.
    
	Criteria marked as inactive (o), active & met (*), and active & unmet ( ).

	----------------------------------------------------------------------------------------------
	   Step    Total Energy     Delta E     Max Force     RMS Force      Max Disp      RMS Disp   
	----------------------------------------------------------------------------------------------
	  Convergence Criteria     1.00e-06 *    3.00e-04 *             o    1.20e-03 *             o
	----------------------------------------------------------------------------------------------
	    11    -207.46106470   -3.52e-06      7.37e-05 *    7.37e-05 o    2.53e-03      2.53e-03 o  ~
	----------------------------------------------------------------------------------------------


2025-07-16:18:33:21,133 INFO     [psi4.optking.stepAlgorithms:266] 	Convergence check returned False
2025-07-16:18:33:21,146 INFO     [psi4.driver.task_planner:285] PLANNING Atomic:  keywords={'DAMPING_PERCENTAGE': 1.0, 'GEOM_MAXITER': 500, 'SCF__GUESS': 'READ', 'GUESS': 'SAP', 'MAXITER': 500, 'REFERENCE': 'UKS', 'function_kwargs': {}}
2025-07-16:18:33:21,147 INFO     [psi4.driver.driver:636] Compute gradient(): method=b3lyp, basis=cc-pvdz, molecule=default, nre=7.561443493839525
2025-07-16:18:33:21,877 INFO     [psi4.driver.driver:639] Return gradient(): -207.46106478885383
2025-07-16:18:33:21,877 INFO     [psi4.driver.driver:640] [[ 0.00000000 -0.00000000 -0.00001863]
 [ 0.00000000  0.00000000  0.00000743]]
2025-07-16:18:33:21,879 INFO     [psi4.optking.history:257] 	Performing BFGS update.
2025-07-16:18:33:21,879 INFO     [psi4.optking.history:268] 	Using 4 previous steps for update.
2025-07-16:18:33:21,879 INFO     [psi4.optking.history:302] 	Steps to be used in Hessian update:  11 10 9 8

2025-07-16:18:33:21,879 INFO     [psi4.optking.history:400] 	Updated Hessian (in au) 
 	   0.029077

2025-07-16:18:33:21,879 INFO     [psi4.optking.molsys:874] Projected (PHP) Hessian matrix
	   0.029077

2025-07-16:18:33:21,880 INFO     [psi4.optking.opt_helper:168] 
	         Geometry (au)                                       Gradient (au)
   0.0000000000   0.0000000000   3.6835106694		   0.0000000000  -0.0000000000  -0.0000186294
   0.0000000000   0.0000000000  -1.0774850359		   0.0000000000   0.0000000000   0.0000074297

2025-07-16:18:33:21,880 INFO     [psi4.optking.stepAlgorithms:315] 	Current Step Report 
 
	Current energy:      -207.4610647889
	Energy change for the previous step:
		Actual       :        -0.0000000917
		Projected    :        -0.0000000933

2025-07-16:18:33:21,880 INFO     [psi4.optking.stepAlgorithms:318] 	Energy ratio =    0.98320
2025-07-16:18:33:21,880 INFO     [psi4.optking.stepAlgorithms:750] 	Using RFO solution 1.
2025-07-16:18:33:21,880 INFO     [psi4.optking.displace:73] 	Determining Cartesian step for fragment 1.
2025-07-16:18:33:21,880 INFO     [psi4.optking.displace:378] 	Successfully converged to displaced geometry.
2025-07-16:18:33:21,880 INFO     [psi4.optking.displace:379] 	RMS(dx):  2.564e-16 	Max(dx):  4.441e-16 	RMS(dq):  8.882e-16
2025-07-16:18:33:21,880 INFO     [psi4.optking.displace:132] 

	        --- Internal Coordinate Step in ANG or DEG, aJ/ANG or AJ/DEG ---
	-------------------------------------------------------------------------------
	           Coordinate      Previous         Force          Change          New 
	           ----------      --------        ------          ------        ------
	               R(1,2)       2.51941        0.00011        0.00024       2.51965
	-------------------------------------------------------------------------------

2025-07-16:18:33:21,880 INFO     [psi4.optking.stepAlgorithms:96] 	|target step| :    0.0004481021
2025-07-16:18:33:21,880 INFO     [psi4.optking.stepAlgorithms:97] 	gradient     :   -0.0000130296
2025-07-16:18:33:21,880 INFO     [psi4.optking.stepAlgorithms:98] 	hessian      :    0.0290772496
2025-07-16:18:33:21,880 INFO     [psi4.optking.stepAlgorithms:177] 	Norm of achieved step-size    0.0004481021
2025-07-16:18:33:21,880 INFO     [psi4.optking.stepAlgorithms:179] 	Norm of achieved step-size (cart):    0.0003168560
2025-07-16:18:33:21,880 INFO     [psi4.optking.opt_helper:151] Molsys:

	                            ===> Fragment 1 <== 

	 Z (Atomic Numbers)          Masses                          Geom                  
	       3.000000             7.016003          0.00000000  0.00000000  3.68373472   
	      12.000000            23.985042          0.00000000  0.00000000 -1.07770909   

	 - Coordinate -           - BOHR/RAD -       - ANG/DEG -
	 R(1,2)           =         4.761444           2.519648

2025-07-16:18:33:21,880 INFO     [psi4.optking.convcheck:71] Performing convergence check.
2025-07-16:18:33:21,880 INFO     [psi4.optking.convcheck:263] 
	                                 ==> Convergence Check <==                                  
    
	Measures of convergence in internal coordinates in au.
    
	Criteria marked as inactive (o), active & met (*), and active & unmet ( ).

	----------------------------------------------------------------------------------------------
	   Step    Total Energy     Delta E     Max Force     RMS Force      Max Disp      RMS Disp   
	----------------------------------------------------------------------------------------------
	  Convergence Criteria     1.00e-06 *    3.00e-04 *             o    1.20e-03 *             o
	----------------------------------------------------------------------------------------------
	    12    -207.46106479   -9.17e-08 *    1.30e-05 *    1.30e-05 o    4.48e-04 *    4.48e-04 o  ~
	----------------------------------------------------------------------------------------------


2025-07-16:18:33:21,881 INFO     [psi4.optking.convcheck:193] 
	                      ===> Final Convergence Report <===                     

	----------------------------------------------------------------------------
	|   Required Criteria    |  One or More Criteria  |   Alternate Criteria   |
	----------------------------------------------------------------------------
	| [x]     max_force      | [x]       max_DE       |                        |
	|                        | [x]      max_disp      |                        |
	----------------------------------------------------------------------------


2025-07-16:18:33:21,881 INFO     [psi4.optking.stepAlgorithms:266] 	Convergence check returned True
2025-07-16:18:33:21,881 INFO     [psi4.optking.optimize:286] 	Converged in 12 steps!
2025-07-16:18:33:21,881 INFO     [psi4.optking.optimize:287] 	Final energy is   -207.4610647888538
2025-07-16:18:33:21,881 INFO     [psi4.optking.optimize:288] 	Final structure (Angstroms): 
	Fragment 1 (Ang)

	   Li   0.0000000000   0.0000000000   1.9493484642
	   Mg   0.0000000000   0.0000000000  -0.5702990886


2025-07-16:18:33:21,881 INFO     [psi4.optking.optimize:432] 	Optimization Finished

	==> Optimization Summary <==

        
	Measures of convergence in internal coordinates in au. (Any backward steps not shown.)
        
	---------------------------------------------------------------------------------------------------------------  ~
        
	 Step         Total Energy             Delta E       MAX Force       RMS Force        MAX Disp        RMS Disp   ~
        
	---------------------------------------------------------------------------------------------------------------  ~
        
	     1    -207.189521574707   -207.189521574707      0.45680219      0.45680219      0.10795198      0.10795198  ~
	     2    -207.233922575573     -0.044401000866      0.36988879      0.36988879      0.17167326      0.17167326  ~
	     3    -207.288487942454     -0.054565366881      0.27264589      0.27264589      0.36025879      0.36025879  ~
	     4    -207.363538052967     -0.075050110513      0.15784670      0.15784670      0.41147898      0.41147898  ~
	     5    -207.413113146478     -0.049575093511      0.08959581      0.08959581      0.43700741      0.43700741  ~
	     6    -207.442078684322     -0.028965537844      0.04644574      0.04644574      0.39645229      0.39645229  ~
	     7    -207.455241723707     -0.013163039385      0.02172476      0.02172476      0.31404146      0.31404146  ~
	     8    -207.459877741102     -0.004636017395      0.00857512      0.00857512      0.19685609      0.19685609  ~
	     9    -207.460944566695     -0.001066825594      0.00250526      0.00250526      0.08072072      0.08072072  ~
	    10    -207.461061177791     -0.000116611095      0.00042166      0.00042166      0.01435202      0.01435202  ~
	    11    -207.461064697120     -0.000003519330      0.00007372      0.00007372      0.00253134      0.00253134  ~
	    12    -207.461064788854     -0.000000091734      0.00001303      0.00001303      0.00044810      0.00044810  ~
	----------------------------------------------------------------------------------------------------------------


2025-07-16:18:33:21,881 INFO     [psi4.optking.optimize:640] Preparing OptimizationResult
