2025-07-16:19:20:37,756 INFO     [psi4.optking.optwrapper:214] Creating a UserComputer
2025-07-16:19:20:37,756 INFO     [psi4.optking.optwrapper:222] 
    			-----------------------------------------

    			 OPTKING 3.0: for geometry optimizations 

    			     By R.A. King, Bethel University     

    			        with contributions from          

    			    A.V. Copan, J. Cayton, A. Heide      

    			-----------------------------------------

    
2025-07-16:19:20:37,756 INFO     [psi4.optking.optwrapper:238] 
		 -- Optimization Parameters --
	accept_symmetry_breaking       =           False
	alg_geom_maxiter               =             500
	bt_dx_conv                     =           1e-07
	bt_dx_rms_change_conv          =           1e-12
	bt_max_iter                    =              25
	cart_hess_read                 =           False
	consecutive_backsteps_allowed  =               0
	conv_max_DE                    =           1e-06
	conv_max_disp                  =          0.0012
	conv_max_force                 =          0.0003
	conv_rms_disp                  =              -1
	conv_rms_force                 =              -1
	covalent_connect               =             1.3
	dynamic_level                  =               0
	dynamic_level_max              =               0
	ensure_bt_convergence          =           False
	ext_force_bend                 =              []
	ext_force_cartesian            =              []
	ext_force_dihedral             =              []
	ext_force_distance             =              []
	ext_force_oofp                 =              []
	fix_val_near_pi                =            1.57
	flexible_g_convergence         =           False
	frag_mode                      =          SINGLE
	frag_ref_atoms                 =            None
	freeze_intrafrag               =           False
	frozen_bend                    =              []
	frozen_cartesian               =              []
	frozen_dihedral                =              []
	frozen_distance                =              []
	frozen_oofp                    =              []
	full_hess_every                =              -1
	g_convergence                  =           QCHEM
	generate_intcos_exit           =           False
	geom_maxiter                   =             500
	h_bond_connect                 =             4.3
	hess_update                    =            BFGS
	hess_update_den_tol            =           1e-07
	hess_update_dq_tol             =             0.5
	hess_update_limit              =            True
	hess_update_limit_max          =             1.0
	hess_update_limit_scale        =             0.5
	hess_update_use_last           =               4
	hessian_file                   =            None
	i_max_DE                       =            True
	i_max_disp                     =            True
	i_max_force                    =            True
	i_rms_disp                     =           False
	i_rms_force                    =           False
	i_untampered                   =            True
	include_oofp                   =           False
	interfrag_collinear_tol        =            0.01
	interfrag_coords               =            None
	interfrag_dist_inv             =           False
	interfrag_mode                 =           FIXED
	interfrag_trust                =             0.5
	interfrag_trust_max            =             1.0
	interfrag_trust_min            =           0.001
	interfragment_connect          =             1.8
	intrafrag_hess                 =        SCHLEGEL
	intrafrag_trust                =             0.5
	intrafrag_trust_max            =             1.0
	intrafrag_trust_min            =           0.001
	irc_direction                  =         FORWARD
	irc_points                     =              20
	irc_step_size                  =             0.2
	keep_intcos                    =           False
	linear_bend_threshold          =            3.05
	linesearch                     =           False
	linesearch_step                =             0.1
	max_disp_g_convergence         =          0.0012
	max_energy_g_convergence       =           1e-06
	max_force_g_convergence        =          0.0003
	opt_coordinates                =       REDUNDANT
	opt_type                       =             MIN
	output_type                    =            FILE
	print_lvl                      =               1
	program                        =            psi4
	ranged_bend                    =              []
	ranged_cartesian               =              []
	ranged_dihedral                =              []
	ranged_distance                =              []
	ranged_oofp                    =              []
	redundant_eval_tol             =           1e-10
	rfo_follow_root                =           False
	rfo_normalization_max          =             100
	rfo_root                       =               0
	rms_disp_g_convergence         =          0.0012
	rms_force_g_convergence        =          0.0003
	rsrfo_alpha_max                =     100000000.0
	sd_hessian                     =             1.0
	simple_step_scaling            =           False
	small_bend_fix_threshold       =            0.35
	steepest_descent_type          =         OVERLAP
	step_type                      =             RFO
	test_B                         =           False
	test_derivative_B              =           False
	trajectory                     =           False
	v3d_tors_angle_lim             =           0.017
	v3d_tors_cos_tol               =           1e-10
	working_consecutive_backsteps  =               0
	working_steps_since_last_H     =               0


2025-07-16:19:20:38,382 INFO     [psi4.optking.opt_helper:151] Molsys:

	                            ===> Fragment 1 <== 

	 Z (Atomic Numbers)          Masses                          Geom                  
	       8.000000            15.994915          0.00000000  0.00000000  1.42369268   
	      13.000000            26.981539          0.00000000  0.00000000 -0.84397867   

	 - Coordinate -           - BOHR/RAD -       - ANG/DEG -
	 R(1,2)           =         2.267671           1.200000

2025-07-16:19:20:38,393 INFO     [psi4.driver.task_planner:285] PLANNING Atomic:  keywords={'DAMPING_PERCENTAGE': 1.0, 'GEOM_MAXITER': 500, 'GUESS': 'SAP', 'MAXITER': 500, 'REFERENCE': 'UKS', 'function_kwargs': {}}
2025-07-16:19:20:38,394 INFO     [psi4.driver.driver:636] Compute gradient(): method=b3lyp, basis=cc-pvdz, molecule=default, nre=45.86202492473334
2025-07-16:19:20:39,715 INFO     [psi4.driver.driver:639] Return gradient(): -317.097794506261
2025-07-16:19:20:39,715 INFO     [psi4.driver.driver:640] [[ 0.00000000 -0.00000000 -1.06391658]
 [ 0.00000000  0.00000000  1.06390674]]
2025-07-16:19:20:39,716 INFO     [psi4.optking.molsys:874] Projected (PHP) Hessian matrix
	   4.182219

2025-07-16:19:20:39,716 INFO     [psi4.optking.opt_helper:168] 
	         Geometry (au)                                       Gradient (au)
   0.0000000000   0.0000000000   1.4236926836		   0.0000000000  -0.0000000000  -1.0639165804
   0.0000000000   0.0000000000  -0.8439786669		   0.0000000000   0.0000000000   1.0639067432

2025-07-16:19:20:39,717 INFO     [psi4.optking.stepAlgorithms:750] 	Using RFO solution 1.
2025-07-16:19:20:39,717 INFO     [psi4.optking.displace:73] 	Determining Cartesian step for fragment 1.
2025-07-16:19:20:39,717 INFO     [psi4.optking.displace:378] 	Successfully converged to displaced geometry.
2025-07-16:19:20:39,717 INFO     [psi4.optking.displace:379] 	RMS(dx):  0.000e+00 	Max(dx):  0.000e+00 	RMS(dq):  0.000e+00
2025-07-16:19:20:39,717 INFO     [psi4.optking.displace:132] 

	        --- Internal Coordinate Step in ANG or DEG, aJ/ANG or AJ/DEG ---
	-------------------------------------------------------------------------------
	           Coordinate      Previous         Force          Change          New 
	           ----------      --------        ------          ------        ------
	               R(1,2)       1.20000        8.76527        0.12688       1.32688
	-------------------------------------------------------------------------------

2025-07-16:19:20:39,717 INFO     [psi4.optking.stepAlgorithms:96] 	|target step| :    0.2397651442
2025-07-16:19:20:39,717 INFO     [psi4.optking.stepAlgorithms:97] 	gradient     :   -1.0639116618
2025-07-16:19:20:39,717 INFO     [psi4.optking.stepAlgorithms:98] 	hessian      :    4.1822185214
2025-07-16:19:20:39,717 INFO     [psi4.optking.stepAlgorithms:177] 	Norm of achieved step-size    0.2397651442
2025-07-16:19:20:39,717 INFO     [psi4.optking.stepAlgorithms:179] 	Norm of achieved step-size (cart):    0.1695395594
2025-07-16:19:20:39,717 INFO     [psi4.optking.opt_helper:151] Molsys:

	                            ===> Fragment 1 <== 

	 Z (Atomic Numbers)          Masses                          Geom                  
	       8.000000            15.994915          0.00000000  0.00000000  1.54357526   
	      13.000000            26.981539          0.00000000  0.00000000 -0.96386124   

	 - Coordinate -           - BOHR/RAD -       - ANG/DEG -
	 R(1,2)           =         2.507436           1.326878

2025-07-16:19:20:39,717 INFO     [psi4.optking.convcheck:71] Performing convergence check.
2025-07-16:19:20:39,717 INFO     [psi4.optking.convcheck:263] 
	                                 ==> Convergence Check <==                                  
    
	Measures of convergence in internal coordinates in au.
    
	Criteria marked as inactive (o), active & met (*), and active & unmet ( ).

	----------------------------------------------------------------------------------------------
	   Step    Total Energy     Delta E     Max Force     RMS Force      Max Disp      RMS Disp   
	----------------------------------------------------------------------------------------------
	  Convergence Criteria     1.00e-06 *    3.00e-04 *             o    1.20e-03 *             o
	----------------------------------------------------------------------------------------------
	     1    -317.09779451   -3.17e+02      1.06e+00      1.06e+00 o    2.40e-01      2.40e-01 o  ~
	----------------------------------------------------------------------------------------------


2025-07-16:19:20:39,717 INFO     [psi4.optking.stepAlgorithms:266] 	Convergence check returned False
2025-07-16:19:20:39,737 INFO     [psi4.driver.task_planner:285] PLANNING Atomic:  keywords={'DAMPING_PERCENTAGE': 1.0, 'GEOM_MAXITER': 500, 'SCF__GUESS': 'READ', 'GUESS': 'SAP', 'MAXITER': 500, 'REFERENCE': 'UKS', 'function_kwargs': {}}
2025-07-16:19:20:39,740 INFO     [psi4.driver.driver:636] Compute gradient(): method=b3lyp, basis=cc-pvdz, molecule=default, nre=41.476623721688426
2025-07-16:19:20:40,802 INFO     [psi4.driver.driver:639] Return gradient(): -317.28379558935234
2025-07-16:19:20:40,802 INFO     [psi4.driver.driver:640] [[ 0.00000000 -0.00000000 -0.54152867]
 [-0.00000000  0.00000000  0.54143358]]
2025-07-16:19:20:40,804 INFO     [psi4.optking.history:257] 	Performing BFGS update.
2025-07-16:19:20:40,804 INFO     [psi4.optking.history:268] 	Using 1 previous steps for update.
2025-07-16:19:20:40,804 INFO     [psi4.optking.history:302] 	Steps to be used in Hessian update:  1

2025-07-16:19:20:40,804 INFO     [psi4.optking.history:400] 	Updated Hessian (in au) 
 	   2.178926

2025-07-16:19:20:40,804 INFO     [psi4.optking.molsys:874] Projected (PHP) Hessian matrix
	   2.178926

2025-07-16:19:20:40,804 INFO     [psi4.optking.opt_helper:168] 
	         Geometry (au)                                       Gradient (au)
   0.0000000000   0.0000000000   1.5742223808		   0.0000000000  -0.0000000000  -0.5415286665
   0.0000000000   0.0000000000  -0.9332141140		  -0.0000000000   0.0000000000   0.5414335779

2025-07-16:19:20:40,804 INFO     [psi4.optking.stepAlgorithms:315] 	Current Step Report 
 
	Current energy:      -317.2837955894
	Energy change for the previous step:
		Actual       :        -0.1860010831
		Projected    :        -0.1275444665

2025-07-16:19:20:40,804 INFO     [psi4.optking.stepAlgorithms:318] 	Energy ratio =    1.45832
2025-07-16:19:20:40,804 INFO     [psi4.optking.stepAlgorithms:346] 	Energy ratio indicates good step.
2025-07-16:19:20:40,804 INFO     [psi4.optking.stepAlgorithms:347] 	Intrafrag trust radius increased to 1.000e+00.
2025-07-16:19:20:40,805 INFO     [psi4.optking.stepAlgorithms:750] 	Using RFO solution 1.
2025-07-16:19:20:40,805 INFO     [psi4.optking.displace:73] 	Determining Cartesian step for fragment 1.
2025-07-16:19:20:40,805 INFO     [psi4.optking.displace:378] 	Successfully converged to displaced geometry.
2025-07-16:19:20:40,805 INFO     [psi4.optking.displace:379] 	RMS(dx):  0.000e+00 	Max(dx):  0.000e+00 	RMS(dq):  0.000e+00
2025-07-16:19:20:40,805 INFO     [psi4.optking.displace:132] 

	        --- Internal Coordinate Step in ANG or DEG, aJ/ANG or AJ/DEG ---
	-------------------------------------------------------------------------------
	           Coordinate      Previous         Force          Change          New 
	           ----------      --------        ------          ------        ------
	               R(1,2)       1.32688        4.46111        0.12425       1.45113
	-------------------------------------------------------------------------------

2025-07-16:19:20:40,805 INFO     [psi4.optking.stepAlgorithms:96] 	|target step| :    0.2348069241
2025-07-16:19:20:40,805 INFO     [psi4.optking.stepAlgorithms:97] 	gradient     :   -0.5414811222
2025-07-16:19:20:40,805 INFO     [psi4.optking.stepAlgorithms:98] 	hessian      :    2.1789261373
2025-07-16:19:20:40,805 INFO     [psi4.optking.stepAlgorithms:177] 	Norm of achieved step-size    0.2348069241
2025-07-16:19:20:40,805 INFO     [psi4.optking.stepAlgorithms:179] 	Norm of achieved step-size (cart):    0.1660335683
2025-07-16:19:20:40,805 INFO     [psi4.optking.opt_helper:151] Molsys:

	                            ===> Fragment 1 <== 

	 Z (Atomic Numbers)          Masses                          Geom                  
	       8.000000            15.994915          0.00000000  0.00000000  1.69162584   
	      13.000000            26.981539          0.00000000  0.00000000 -1.05061758   

	 - Coordinate -           - BOHR/RAD -       - ANG/DEG -
	 R(1,2)           =         2.742243           1.451133

2025-07-16:19:20:40,805 INFO     [psi4.optking.convcheck:71] Performing convergence check.
2025-07-16:19:20:40,805 INFO     [psi4.optking.convcheck:263] 
	                                 ==> Convergence Check <==                                  
    
	Measures of convergence in internal coordinates in au.
    
	Criteria marked as inactive (o), active & met (*), and active & unmet ( ).

	----------------------------------------------------------------------------------------------
	   Step    Total Energy     Delta E     Max Force     RMS Force      Max Disp      RMS Disp   
	----------------------------------------------------------------------------------------------
	  Convergence Criteria     1.00e-06 *    3.00e-04 *             o    1.20e-03 *             o
	----------------------------------------------------------------------------------------------
	     2    -317.28379559   -1.86e-01      5.41e-01      5.41e-01 o    2.35e-01      2.35e-01 o  ~
	----------------------------------------------------------------------------------------------


2025-07-16:19:20:40,805 INFO     [psi4.optking.stepAlgorithms:266] 	Convergence check returned False
2025-07-16:19:20:40,820 INFO     [psi4.driver.task_planner:285] PLANNING Atomic:  keywords={'DAMPING_PERCENTAGE': 1.0, 'GEOM_MAXITER': 500, 'SCF__GUESS': 'READ', 'GUESS': 'SAP', 'MAXITER': 500, 'REFERENCE': 'UKS', 'function_kwargs': {}}
2025-07-16:19:20:40,821 INFO     [psi4.driver.driver:636] Compute gradient(): method=b3lyp, basis=cc-pvdz, molecule=default, nre=37.9251525536693
2025-07-16:19:20:41,882 INFO     [psi4.driver.driver:639] Return gradient(): -317.37525595128153
2025-07-16:19:20:41,882 INFO     [psi4.driver.driver:640] [[ 0.00000000 -0.00000000 -0.26499254]
 [ 0.00000000  0.00000000  0.26498818]]
2025-07-16:19:20:41,883 INFO     [psi4.optking.history:257] 	Performing BFGS update.
2025-07-16:19:20:41,883 INFO     [psi4.optking.history:268] 	Using 2 previous steps for update.
2025-07-16:19:20:41,883 INFO     [psi4.optking.history:302] 	Steps to be used in Hessian update:  2 1

2025-07-16:19:20:41,884 INFO     [psi4.optking.history:400] 	Updated Hessian (in au) 
 	   1.683456

2025-07-16:19:20:41,884 INFO     [psi4.optking.molsys:874] Projected (PHP) Hessian matrix
	   1.683456

2025-07-16:19:20:41,884 INFO     [psi4.optking.opt_helper:168] 
	         Geometry (au)                                       Gradient (au)
   0.0000000000   0.0000000000   1.7216392011		   0.0000000000  -0.0000000000  -0.2649925439
   0.0000000000   0.0000000000  -1.0206042178		   0.0000000000   0.0000000000   0.2649881839

2025-07-16:19:20:41,884 INFO     [psi4.optking.stepAlgorithms:315] 	Current Step Report 
 
	Current energy:      -317.3752559513
	Energy change for the previous step:
		Actual       :        -0.0914603619
		Projected    :        -0.0635717584

2025-07-16:19:20:41,884 INFO     [psi4.optking.stepAlgorithms:318] 	Energy ratio =    1.43869
2025-07-16:19:20:41,884 INFO     [psi4.optking.stepAlgorithms:750] 	Using RFO solution 1.
2025-07-16:19:20:41,884 INFO     [psi4.optking.displace:73] 	Determining Cartesian step for fragment 1.
2025-07-16:19:20:41,884 INFO     [psi4.optking.displace:378] 	Successfully converged to displaced geometry.
2025-07-16:19:20:41,884 INFO     [psi4.optking.displace:379] 	RMS(dx):  0.000e+00 	Max(dx):  0.000e+00 	RMS(dq):  0.000e+00
2025-07-16:19:20:41,884 INFO     [psi4.optking.displace:132] 

	        --- Internal Coordinate Step in ANG or DEG, aJ/ANG or AJ/DEG ---
	-------------------------------------------------------------------------------
	           Coordinate      Previous         Force          Change          New 
	           ----------      --------        ------          ------        ------
	               R(1,2)       1.45113        2.18318        0.08133       1.53246
	-------------------------------------------------------------------------------

2025-07-16:19:20:41,884 INFO     [psi4.optking.stepAlgorithms:96] 	|target step| :    0.1536904207
2025-07-16:19:20:41,884 INFO     [psi4.optking.stepAlgorithms:97] 	gradient     :   -0.2649903639
2025-07-16:19:20:41,884 INFO     [psi4.optking.stepAlgorithms:98] 	hessian      :    1.6834562150
2025-07-16:19:20:41,884 INFO     [psi4.optking.stepAlgorithms:177] 	Norm of achieved step-size    0.1536904207
2025-07-16:19:20:41,884 INFO     [psi4.optking.stepAlgorithms:179] 	Norm of achieved step-size (cart):    0.1086755387
2025-07-16:19:20:41,884 INFO     [psi4.optking.opt_helper:151] Molsys:

	                            ===> Fragment 1 <== 

	 Z (Atomic Numbers)          Masses                          Geom                  
	       8.000000            15.994915          0.00000000  0.00000000  1.79848441   
	      13.000000            26.981539          0.00000000  0.00000000 -1.09744943   

	 - Coordinate -           - BOHR/RAD -       - ANG/DEG -
	 R(1,2)           =         2.895934           1.532462

2025-07-16:19:20:41,885 INFO     [psi4.optking.convcheck:71] Performing convergence check.
2025-07-16:19:20:41,885 INFO     [psi4.optking.convcheck:263] 
	                                 ==> Convergence Check <==                                  
    
	Measures of convergence in internal coordinates in au.
    
	Criteria marked as inactive (o), active & met (*), and active & unmet ( ).

	----------------------------------------------------------------------------------------------
	   Step    Total Energy     Delta E     Max Force     RMS Force      Max Disp      RMS Disp   
	----------------------------------------------------------------------------------------------
	  Convergence Criteria     1.00e-06 *    3.00e-04 *             o    1.20e-03 *             o
	----------------------------------------------------------------------------------------------
	     3    -317.37525595   -9.15e-02      2.65e-01      2.65e-01 o    1.54e-01      1.54e-01 o  ~
	----------------------------------------------------------------------------------------------


2025-07-16:19:20:41,885 INFO     [psi4.optking.stepAlgorithms:266] 	Convergence check returned False
2025-07-16:19:20:41,899 INFO     [psi4.driver.task_planner:285] PLANNING Atomic:  keywords={'DAMPING_PERCENTAGE': 1.0, 'GEOM_MAXITER': 500, 'SCF__GUESS': 'READ', 'GUESS': 'SAP', 'MAXITER': 500, 'REFERENCE': 'UKS', 'function_kwargs': {}}
2025-07-16:19:20:41,900 INFO     [psi4.driver.driver:636] Compute gradient(): method=b3lyp, basis=cc-pvdz, molecule=default, nre=35.91242264503559
2025-07-16:19:20:42,900 INFO     [psi4.driver.driver:639] Return gradient(): -317.4069638353733
2025-07-16:19:20:42,900 INFO     [psi4.driver.driver:640] [[-0.00000000  0.00000000 -0.15458297]
 [ 0.00000000  0.00000000  0.15449051]]
2025-07-16:19:20:42,904 INFO     [psi4.optking.history:257] 	Performing BFGS update.
2025-07-16:19:20:42,904 INFO     [psi4.optking.history:268] 	Using 3 previous steps for update.
2025-07-16:19:20:42,904 WARNING  [psi4.optking.history:286] 	Change in internal coordinate of 6.28e-01 exceeds limit of 5.00e-01.
2025-07-16:19:20:42,904 WARNING  [psi4.optking.history:291] 	Skipping Hessian update for step 1.
2025-07-16:19:20:42,904 INFO     [psi4.optking.history:302] 	Steps to be used in Hessian update:  3 2

2025-07-16:19:20:42,904 INFO     [psi4.optking.history:400] 	Updated Hessian (in au) 
 	   0.996003

2025-07-16:19:20:42,905 INFO     [psi4.optking.molsys:874] Projected (PHP) Hessian matrix
	   0.996003

2025-07-16:19:20:42,905 INFO     [psi4.optking.opt_helper:168] 
	         Geometry (au)                                       Gradient (au)
   0.0000000000   0.0000000000   1.8181293417		  -0.0000000000   0.0000000000  -0.1545829730
   0.0000000000   0.0000000000  -1.0778044979		   0.0000000000   0.0000000000   0.1544905057

2025-07-16:19:20:42,905 INFO     [psi4.optking.stepAlgorithms:315] 	Current Step Report 
 
	Current energy:      -317.4069638354
	Energy change for the previous step:
		Actual       :        -0.0317078841
		Projected    :        -0.0203632403

2025-07-16:19:20:42,905 INFO     [psi4.optking.stepAlgorithms:318] 	Energy ratio =    1.55711
2025-07-16:19:20:42,905 INFO     [psi4.optking.stepAlgorithms:750] 	Using RFO solution 1.
2025-07-16:19:20:42,905 INFO     [psi4.optking.displace:73] 	Determining Cartesian step for fragment 1.
2025-07-16:19:20:42,905 INFO     [psi4.optking.displace:378] 	Successfully converged to displaced geometry.
2025-07-16:19:20:42,905 INFO     [psi4.optking.displace:379] 	RMS(dx):  1.282e-16 	Max(dx):  2.220e-16 	RMS(dq):  0.000e+00
2025-07-16:19:20:42,906 INFO     [psi4.optking.displace:132] 

	        --- Internal Coordinate Step in ANG or DEG, aJ/ANG or AJ/DEG ---
	-------------------------------------------------------------------------------
	           Coordinate      Previous         Force          Change          New 
	           ----------      --------        ------          ------        ------
	               R(1,2)       1.53246        1.27319        0.08022       1.61268
	-------------------------------------------------------------------------------

2025-07-16:19:20:42,906 INFO     [psi4.optking.stepAlgorithms:96] 	|target step| :    0.1515914548
2025-07-16:19:20:42,906 INFO     [psi4.optking.stepAlgorithms:97] 	gradient     :   -0.1545367394
2025-07-16:19:20:42,906 INFO     [psi4.optking.stepAlgorithms:98] 	hessian      :    0.9960026446
2025-07-16:19:20:42,906 INFO     [psi4.optking.stepAlgorithms:177] 	Norm of achieved step-size    0.1515914548
2025-07-16:19:20:42,906 INFO     [psi4.optking.stepAlgorithms:179] 	Norm of achieved step-size (cart):    0.1071913456
2025-07-16:19:20:42,906 INFO     [psi4.optking.opt_helper:151] Molsys:

	                            ===> Fragment 1 <== 

	 Z (Atomic Numbers)          Masses                          Geom                  
	       8.000000            15.994915          0.00000000  0.00000000  1.89392507   
	      13.000000            26.981539          0.00000000  0.00000000 -1.15360023   

	 - Coordinate -           - BOHR/RAD -       - ANG/DEG -
	 R(1,2)           =         3.047525           1.612681

2025-07-16:19:20:42,906 INFO     [psi4.optking.convcheck:71] Performing convergence check.
2025-07-16:19:20:42,907 INFO     [psi4.optking.convcheck:263] 
	                                 ==> Convergence Check <==                                  
    
	Measures of convergence in internal coordinates in au.
    
	Criteria marked as inactive (o), active & met (*), and active & unmet ( ).

	----------------------------------------------------------------------------------------------
	   Step    Total Energy     Delta E     Max Force     RMS Force      Max Disp      RMS Disp   
	----------------------------------------------------------------------------------------------
	  Convergence Criteria     1.00e-06 *    3.00e-04 *             o    1.20e-03 *             o
	----------------------------------------------------------------------------------------------
	     4    -317.40696384   -3.17e-02      1.55e-01      1.55e-01 o    1.52e-01      1.52e-01 o  ~
	----------------------------------------------------------------------------------------------


2025-07-16:19:20:42,907 INFO     [psi4.optking.stepAlgorithms:266] 	Convergence check returned False
2025-07-16:19:20:42,919 INFO     [psi4.driver.task_planner:285] PLANNING Atomic:  keywords={'DAMPING_PERCENTAGE': 1.0, 'GEOM_MAXITER': 500, 'SCF__GUESS': 'READ', 'GUESS': 'SAP', 'MAXITER': 500, 'REFERENCE': 'UKS', 'function_kwargs': {}}
2025-07-16:19:20:42,921 INFO     [psi4.driver.driver:636] Compute gradient(): method=b3lyp, basis=cc-pvdz, molecule=default, nre=34.126049812242464
2025-07-16:19:20:43,886 INFO     [psi4.driver.driver:639] Return gradient(): -317.4243483111813
2025-07-16:19:20:43,886 INFO     [psi4.driver.driver:640] [[ 0.00000000  0.00000000 -0.07943471]
 [ 0.00000000 -0.00000000  0.07945507]]
2025-07-16:19:20:43,887 INFO     [psi4.optking.history:257] 	Performing BFGS update.
2025-07-16:19:20:43,887 INFO     [psi4.optking.history:268] 	Using 4 previous steps for update.
2025-07-16:19:20:43,888 WARNING  [psi4.optking.history:286] 	Change in internal coordinate of 5.40e-01 exceeds limit of 5.00e-01.
2025-07-16:19:20:43,888 WARNING  [psi4.optking.history:291] 	Skipping Hessian update for step 2.
2025-07-16:19:20:43,888 WARNING  [psi4.optking.history:286] 	Change in internal coordinate of 7.80e-01 exceeds limit of 5.00e-01.
2025-07-16:19:20:43,888 WARNING  [psi4.optking.history:291] 	Skipping Hessian update for step 1.
2025-07-16:19:20:43,888 INFO     [psi4.optking.history:302] 	Steps to be used in Hessian update:  4 3

2025-07-16:19:20:43,888 INFO     [psi4.optking.history:400] 	Updated Hessian (in au) 
 	   0.607784

2025-07-16:19:20:43,888 INFO     [psi4.optking.molsys:874] Projected (PHP) Hessian matrix
	   0.607784

2025-07-16:19:20:43,888 INFO     [psi4.optking.opt_helper:168] 
	         Geometry (au)                                       Gradient (au)
   0.0000000000   0.0000000000   1.9133017065		   0.0000000000   0.0000000000  -0.0794347067
   0.0000000000   0.0000000000  -1.1342235879		   0.0000000000  -0.0000000000   0.0794550750

2025-07-16:19:20:43,888 INFO     [psi4.optking.stepAlgorithms:315] 	Current Step Report 
 
	Current energy:      -317.4243483112
	Energy change for the previous step:
		Actual       :        -0.0173844758
		Projected    :        -0.0117132246

2025-07-16:19:20:43,888 INFO     [psi4.optking.stepAlgorithms:318] 	Energy ratio =    1.48418
2025-07-16:19:20:43,888 INFO     [psi4.optking.stepAlgorithms:750] 	Using RFO solution 1.
2025-07-16:19:20:43,888 INFO     [psi4.optking.displace:73] 	Determining Cartesian step for fragment 1.
2025-07-16:19:20:43,888 INFO     [psi4.optking.displace:378] 	Successfully converged to displaced geometry.
2025-07-16:19:20:43,888 INFO     [psi4.optking.displace:379] 	RMS(dx):  0.000e+00 	Max(dx):  0.000e+00 	RMS(dq):  0.000e+00
2025-07-16:19:20:43,889 INFO     [psi4.optking.displace:132] 

	        --- Internal Coordinate Step in ANG or DEG, aJ/ANG or AJ/DEG ---
	-------------------------------------------------------------------------------
	           Coordinate      Previous         Force          Change          New 
	           ----------      --------        ------          ------        ------
	               R(1,2)       1.61268        0.65452        0.06803       1.68071
	-------------------------------------------------------------------------------

2025-07-16:19:20:43,889 INFO     [psi4.optking.stepAlgorithms:96] 	|target step| :    0.1285522421
2025-07-16:19:20:43,889 INFO     [psi4.optking.stepAlgorithms:97] 	gradient     :   -0.0794448908
2025-07-16:19:20:43,889 INFO     [psi4.optking.stepAlgorithms:98] 	hessian      :    0.6077841102
2025-07-16:19:20:43,889 INFO     [psi4.optking.stepAlgorithms:177] 	Norm of achieved step-size    0.1285522421
2025-07-16:19:20:43,889 INFO     [psi4.optking.stepAlgorithms:179] 	Norm of achieved step-size (cart):    0.0909001621
2025-07-16:19:20:43,889 INFO     [psi4.optking.opt_helper:151] Molsys:

	                            ===> Fragment 1 <== 

	 Z (Atomic Numbers)          Masses                          Geom                  
	       8.000000            15.994915          0.00000000  0.00000000  1.97757783   
	      13.000000            26.981539          0.00000000  0.00000000 -1.19849971   

	 - Coordinate -           - BOHR/RAD -       - ANG/DEG -
	 R(1,2)           =         3.176078           1.680708

2025-07-16:19:20:43,889 INFO     [psi4.optking.convcheck:71] Performing convergence check.
2025-07-16:19:20:43,889 INFO     [psi4.optking.convcheck:263] 
	                                 ==> Convergence Check <==                                  
    
	Measures of convergence in internal coordinates in au.
    
	Criteria marked as inactive (o), active & met (*), and active & unmet ( ).

	----------------------------------------------------------------------------------------------
	   Step    Total Energy     Delta E     Max Force     RMS Force      Max Disp      RMS Disp   
	----------------------------------------------------------------------------------------------
	  Convergence Criteria     1.00e-06 *    3.00e-04 *             o    1.20e-03 *             o
	----------------------------------------------------------------------------------------------
	     5    -317.42434831   -1.74e-02      7.94e-02      7.94e-02 o    1.29e-01      1.29e-01 o  ~
	----------------------------------------------------------------------------------------------


2025-07-16:19:20:43,889 INFO     [psi4.optking.stepAlgorithms:266] 	Convergence check returned False
2025-07-16:19:20:43,905 INFO     [psi4.driver.task_planner:285] PLANNING Atomic:  keywords={'DAMPING_PERCENTAGE': 1.0, 'GEOM_MAXITER': 500, 'SCF__GUESS': 'READ', 'GUESS': 'SAP', 'MAXITER': 500, 'REFERENCE': 'UKS', 'function_kwargs': {}}
2025-07-16:19:20:43,906 INFO     [psi4.driver.driver:636] Compute gradient(): method=b3lyp, basis=cc-pvdz, molecule=default, nre=32.74479253307616
2025-07-16:19:20:44,944 INFO     [psi4.driver.driver:639] Return gradient(): -317.431498135346
2025-07-16:19:20:44,944 INFO     [psi4.driver.driver:640] [[ 0.00000000  0.00000000 -0.03429724]
 [-0.00000000  0.00000000  0.03425818]]
2025-07-16:19:20:44,946 INFO     [psi4.optking.history:257] 	Performing BFGS update.
2025-07-16:19:20:44,946 INFO     [psi4.optking.history:268] 	Using 4 previous steps for update.
2025-07-16:19:20:44,946 WARNING  [psi4.optking.history:286] 	Change in internal coordinate of 6.69e-01 exceeds limit of 5.00e-01.
2025-07-16:19:20:44,946 WARNING  [psi4.optking.history:291] 	Skipping Hessian update for step 2.
2025-07-16:19:20:44,946 WARNING  [psi4.optking.history:286] 	Change in internal coordinate of 9.08e-01 exceeds limit of 5.00e-01.
2025-07-16:19:20:44,946 WARNING  [psi4.optking.history:291] 	Skipping Hessian update for step 1.
2025-07-16:19:20:44,946 INFO     [psi4.optking.history:302] 	Steps to be used in Hessian update:  5 4 3

2025-07-16:19:20:44,946 INFO     [psi4.optking.history:400] 	Updated Hessian (in au) 
 	   0.531799

2025-07-16:19:20:44,946 INFO     [psi4.optking.molsys:874] Projected (PHP) Hessian matrix
	   0.531799

2025-07-16:19:20:44,946 INFO     [psi4.optking.opt_helper:168] 
	         Geometry (au)                                       Gradient (au)
   0.0000000000   0.0000000000   1.9940095597		   0.0000000000   0.0000000000  -0.0342972419
   0.0000000000   0.0000000000  -1.1820679767		  -0.0000000000   0.0000000000   0.0342581787

2025-07-16:19:20:44,947 INFO     [psi4.optking.stepAlgorithms:315] 	Current Step Report 
 
	Current energy:      -317.4314981353
	Energy change for the previous step:
		Actual       :        -0.0071498242
		Projected    :        -0.0051064094

2025-07-16:19:20:44,947 INFO     [psi4.optking.stepAlgorithms:318] 	Energy ratio =    1.40017
2025-07-16:19:20:44,947 INFO     [psi4.optking.stepAlgorithms:750] 	Using RFO solution 1.
2025-07-16:19:20:44,947 INFO     [psi4.optking.displace:73] 	Determining Cartesian step for fragment 1.
2025-07-16:19:20:44,947 INFO     [psi4.optking.displace:378] 	Successfully converged to displaced geometry.
2025-07-16:19:20:44,947 INFO     [psi4.optking.displace:379] 	RMS(dx):  0.000e+00 	Max(dx):  0.000e+00 	RMS(dq):  0.000e+00
2025-07-16:19:20:44,947 INFO     [psi4.optking.displace:132] 

	        --- Internal Coordinate Step in ANG or DEG, aJ/ANG or AJ/DEG ---
	-------------------------------------------------------------------------------
	           Coordinate      Previous         Force          Change          New 
	           ----------      --------        ------          ------        ------
	               R(1,2)       1.68071        0.28240        0.03397       1.71468
	-------------------------------------------------------------------------------

2025-07-16:19:20:44,947 INFO     [psi4.optking.stepAlgorithms:96] 	|target step| :    0.0641905236
2025-07-16:19:20:44,947 INFO     [psi4.optking.stepAlgorithms:97] 	gradient     :   -0.0342777103
2025-07-16:19:20:44,947 INFO     [psi4.optking.stepAlgorithms:98] 	hessian      :    0.5317992391
2025-07-16:19:20:44,947 INFO     [psi4.optking.stepAlgorithms:177] 	Norm of achieved step-size    0.0641905236
2025-07-16:19:20:44,947 INFO     [psi4.optking.stepAlgorithms:179] 	Norm of achieved step-size (cart):    0.0453895545
2025-07-16:19:20:44,947 INFO     [psi4.optking.opt_helper:151] Molsys:

	                            ===> Fragment 1 <== 

	 Z (Atomic Numbers)          Masses                          Geom                  
	       8.000000            15.994915          0.00000000  0.00000000  2.02610482   
	      13.000000            26.981539          0.00000000  0.00000000 -1.21416324   

	 - Coordinate -           - BOHR/RAD -       - ANG/DEG -
	 R(1,2)           =         3.240268           1.714676

2025-07-16:19:20:44,947 INFO     [psi4.optking.convcheck:71] Performing convergence check.
2025-07-16:19:20:44,947 INFO     [psi4.optking.convcheck:263] 
	                                 ==> Convergence Check <==                                  
    
	Measures of convergence in internal coordinates in au.
    
	Criteria marked as inactive (o), active & met (*), and active & unmet ( ).

	----------------------------------------------------------------------------------------------
	   Step    Total Energy     Delta E     Max Force     RMS Force      Max Disp      RMS Disp   
	----------------------------------------------------------------------------------------------
	  Convergence Criteria     1.00e-06 *    3.00e-04 *             o    1.20e-03 *             o
	----------------------------------------------------------------------------------------------
	     6    -317.43149814   -7.15e-03      3.43e-02      3.43e-02 o    6.42e-02      6.42e-02 o  ~
	----------------------------------------------------------------------------------------------


2025-07-16:19:20:44,947 INFO     [psi4.optking.stepAlgorithms:266] 	Convergence check returned False
2025-07-16:19:20:44,961 INFO     [psi4.driver.task_planner:285] PLANNING Atomic:  keywords={'DAMPING_PERCENTAGE': 1.0, 'GEOM_MAXITER': 500, 'SCF__GUESS': 'READ', 'GUESS': 'SAP', 'MAXITER': 500, 'REFERENCE': 'UKS', 'function_kwargs': {}}
2025-07-16:19:20:44,963 INFO     [psi4.driver.driver:636] Compute gradient(): method=b3lyp, basis=cc-pvdz, molecule=default, nre=32.09610997378236
2025-07-16:19:20:45,955 INFO     [psi4.driver.driver:639] Return gradient(): -317.433112669764
2025-07-16:19:20:45,955 INFO     [psi4.driver.driver:640] [[ 0.00000000  0.00000000 -0.01659711]
 [-0.00000000  0.00000000  0.01652201]]
2025-07-16:19:20:45,956 INFO     [psi4.optking.history:257] 	Performing BFGS update.
2025-07-16:19:20:45,956 INFO     [psi4.optking.history:268] 	Using 4 previous steps for update.
2025-07-16:19:20:45,957 INFO     [psi4.optking.history:302] 	Steps to be used in Hessian update:  6 5 4 3

2025-07-16:19:20:45,957 INFO     [psi4.optking.history:400] 	Updated Hessian (in au) 
 	   0.498832

2025-07-16:19:20:45,957 INFO     [psi4.optking.molsys:874] Projected (PHP) Hessian matrix
	   0.498832

2025-07-16:19:20:45,957 INFO     [psi4.optking.opt_helper:168] 
	         Geometry (au)                                       Gradient (au)
   0.0000000000   0.0000000000   2.0343097464		   0.0000000000   0.0000000000  -0.0165971131
   0.0000000000   0.0000000000  -1.2059583136		  -0.0000000000   0.0000000000   0.0165220150

2025-07-16:19:20:45,957 INFO     [psi4.optking.stepAlgorithms:315] 	Current Step Report 
 
	Current energy:      -317.4331126698
	Energy change for the previous step:
		Actual       :        -0.0016145344
		Projected    :        -0.0011001521

2025-07-16:19:20:45,957 INFO     [psi4.optking.stepAlgorithms:318] 	Energy ratio =    1.46756
2025-07-16:19:20:45,957 INFO     [psi4.optking.stepAlgorithms:750] 	Using RFO solution 1.
2025-07-16:19:20:45,957 INFO     [psi4.optking.displace:73] 	Determining Cartesian step for fragment 1.
2025-07-16:19:20:45,957 INFO     [psi4.optking.displace:378] 	Successfully converged to displaced geometry.
2025-07-16:19:20:45,957 INFO     [psi4.optking.displace:379] 	RMS(dx):  1.282e-16 	Max(dx):  2.220e-16 	RMS(dq):  4.441e-16
2025-07-16:19:20:45,957 INFO     [psi4.optking.displace:132] 

	        --- Internal Coordinate Step in ANG or DEG, aJ/ANG or AJ/DEG ---
	-------------------------------------------------------------------------------
	           Coordinate      Previous         Force          Change          New 
	           ----------      --------        ------          ------        ------
	               R(1,2)       1.71468        0.13643        0.01755       1.73222
	-------------------------------------------------------------------------------

2025-07-16:19:20:45,958 INFO     [psi4.optking.stepAlgorithms:96] 	|target step| :    0.0331601496
2025-07-16:19:20:45,958 INFO     [psi4.optking.stepAlgorithms:97] 	gradient     :   -0.0165595640
2025-07-16:19:20:45,958 INFO     [psi4.optking.stepAlgorithms:98] 	hessian      :    0.4988323455
2025-07-16:19:20:45,958 INFO     [psi4.optking.stepAlgorithms:177] 	Norm of achieved step-size    0.0331601496
2025-07-16:19:20:45,958 INFO     [psi4.optking.stepAlgorithms:179] 	Norm of achieved step-size (cart):    0.0234477667
2025-07-16:19:20:45,958 INFO     [psi4.optking.opt_helper:151] Molsys:

	                            ===> Fragment 1 <== 

	 Z (Atomic Numbers)          Masses                          Geom                  
	       8.000000            15.994915          0.00000000  0.00000000  2.05088982   
	      13.000000            26.981539          0.00000000  0.00000000 -1.22253839   

	 - Coordinate -           - BOHR/RAD -       - ANG/DEG -
	 R(1,2)           =         3.273428           1.732224

2025-07-16:19:20:45,958 INFO     [psi4.optking.convcheck:71] Performing convergence check.
2025-07-16:19:20:45,958 INFO     [psi4.optking.convcheck:263] 
	                                 ==> Convergence Check <==                                  
    
	Measures of convergence in internal coordinates in au.
    
	Criteria marked as inactive (o), active & met (*), and active & unmet ( ).

	----------------------------------------------------------------------------------------------
	   Step    Total Energy     Delta E     Max Force     RMS Force      Max Disp      RMS Disp   
	----------------------------------------------------------------------------------------------
	  Convergence Criteria     1.00e-06 *    3.00e-04 *             o    1.20e-03 *             o
	----------------------------------------------------------------------------------------------
	     7    -317.43311267   -1.61e-03      1.66e-02      1.66e-02 o    3.32e-02      3.32e-02 o  ~
	----------------------------------------------------------------------------------------------


2025-07-16:19:20:45,958 INFO     [psi4.optking.stepAlgorithms:266] 	Convergence check returned False
2025-07-16:19:20:45,973 INFO     [psi4.driver.task_planner:285] PLANNING Atomic:  keywords={'DAMPING_PERCENTAGE': 1.0, 'GEOM_MAXITER': 500, 'SCF__GUESS': 'READ', 'GUESS': 'SAP', 'MAXITER': 500, 'REFERENCE': 'UKS', 'function_kwargs': {}}
2025-07-16:19:20:45,974 INFO     [psi4.driver.driver:636] Compute gradient(): method=b3lyp, basis=cc-pvdz, molecule=default, nre=31.770973223646006
2025-07-16:19:20:46,933 INFO     [psi4.driver.driver:639] Return gradient(): -317.4335251681956
2025-07-16:19:20:46,934 INFO     [psi4.driver.driver:640] [[ 0.00000000 -0.00000000 -0.00850944]
 [ 0.00000000 -0.00000000  0.00843083]]
2025-07-16:19:20:46,936 INFO     [psi4.optking.history:257] 	Performing BFGS update.
2025-07-16:19:20:46,936 INFO     [psi4.optking.history:268] 	Using 4 previous steps for update.
2025-07-16:19:20:46,936 INFO     [psi4.optking.history:302] 	Steps to be used in Hessian update:  7 6 5 4

2025-07-16:19:20:46,936 INFO     [psi4.optking.history:400] 	Updated Hessian (in au) 
 	   0.386937

2025-07-16:19:20:46,937 INFO     [psi4.optking.molsys:874] Projected (PHP) Hessian matrix
	   0.386937

2025-07-16:19:20:46,937 INFO     [psi4.optking.opt_helper:168] 
	         Geometry (au)                                       Gradient (au)
   0.0000000000   0.0000000000   2.0551283992		   0.0000000000  -0.0000000000  -0.0085094399
   0.0000000000   0.0000000000  -1.2182998105		   0.0000000000  -0.0000000000   0.0084308296

2025-07-16:19:20:46,937 INFO     [psi4.optking.stepAlgorithms:315] 	Current Step Report 
 
	Current energy:      -317.4335251682
	Energy change for the previous step:
		Actual       :        -0.0004124984
		Projected    :        -0.0002745588

2025-07-16:19:20:46,937 INFO     [psi4.optking.stepAlgorithms:318] 	Energy ratio =    1.50240
2025-07-16:19:20:46,937 INFO     [psi4.optking.stepAlgorithms:750] 	Using RFO solution 1.
2025-07-16:19:20:46,937 INFO     [psi4.optking.displace:73] 	Determining Cartesian step for fragment 1.
2025-07-16:19:20:46,937 INFO     [psi4.optking.displace:378] 	Successfully converged to displaced geometry.
2025-07-16:19:20:46,937 INFO     [psi4.optking.displace:379] 	RMS(dx):  0.000e+00 	Max(dx):  0.000e+00 	RMS(dq):  0.000e+00
2025-07-16:19:20:46,937 INFO     [psi4.optking.displace:132] 

	        --- Internal Coordinate Step in ANG or DEG, aJ/ANG or AJ/DEG ---
	-------------------------------------------------------------------------------
	           Coordinate      Previous         Force          Change          New 
	           ----------      --------        ------          ------        ------
	               R(1,2)       1.73222        0.06978        0.01158       1.74380
	-------------------------------------------------------------------------------

2025-07-16:19:20:46,937 INFO     [psi4.optking.stepAlgorithms:96] 	|target step| :    0.0218797274
2025-07-16:19:20:46,937 INFO     [psi4.optking.stepAlgorithms:97] 	gradient     :   -0.0084701347
2025-07-16:19:20:46,937 INFO     [psi4.optking.stepAlgorithms:98] 	hessian      :    0.3869371736
2025-07-16:19:20:46,937 INFO     [psi4.optking.stepAlgorithms:177] 	Norm of achieved step-size    0.0218797274
2025-07-16:19:20:46,937 INFO     [psi4.optking.stepAlgorithms:179] 	Norm of achieved step-size (cart):    0.0154713036
2025-07-16:19:20:46,937 INFO     [psi4.optking.opt_helper:151] Molsys:

	                            ===> Fragment 1 <== 

	 Z (Atomic Numbers)          Masses                          Geom                  
	       8.000000            15.994915          0.00000000  0.00000000  2.06606826   
	      13.000000            26.981539          0.00000000  0.00000000 -1.22923967   

	 - Coordinate -           - BOHR/RAD -       - ANG/DEG -
	 R(1,2)           =         3.295308           1.743802

2025-07-16:19:20:46,938 INFO     [psi4.optking.convcheck:71] Performing convergence check.
2025-07-16:19:20:46,938 INFO     [psi4.optking.convcheck:263] 
	                                 ==> Convergence Check <==                                  
    
	Measures of convergence in internal coordinates in au.
    
	Criteria marked as inactive (o), active & met (*), and active & unmet ( ).

	----------------------------------------------------------------------------------------------
	   Step    Total Energy     Delta E     Max Force     RMS Force      Max Disp      RMS Disp   
	----------------------------------------------------------------------------------------------
	  Convergence Criteria     1.00e-06 *    3.00e-04 *             o    1.20e-03 *             o
	----------------------------------------------------------------------------------------------
	     8    -317.43352517   -4.12e-04      8.47e-03      8.47e-03 o    2.19e-02      2.19e-02 o  ~
	----------------------------------------------------------------------------------------------


2025-07-16:19:20:46,938 INFO     [psi4.optking.stepAlgorithms:266] 	Convergence check returned False
2025-07-16:19:20:46,949 INFO     [psi4.driver.task_planner:285] PLANNING Atomic:  keywords={'DAMPING_PERCENTAGE': 1.0, 'GEOM_MAXITER': 500, 'SCF__GUESS': 'READ', 'GUESS': 'SAP', 'MAXITER': 500, 'REFERENCE': 'UKS', 'function_kwargs': {}}
2025-07-16:19:20:46,950 INFO     [psi4.driver.driver:636] Compute gradient(): method=b3lyp, basis=cc-pvdz, molecule=default, nre=31.560024733343184
2025-07-16:19:20:47,865 INFO     [psi4.driver.driver:639] Return gradient(): -317.4336550878814
2025-07-16:19:20:47,866 INFO     [psi4.driver.driver:640] [[-0.00000000  0.00000000 -0.00353420]
 [-0.00000000  0.00000000  0.00345888]]
2025-07-16:19:20:47,868 INFO     [psi4.optking.history:257] 	Performing BFGS update.
2025-07-16:19:20:47,868 INFO     [psi4.optking.history:268] 	Using 4 previous steps for update.
2025-07-16:19:20:47,869 INFO     [psi4.optking.history:302] 	Steps to be used in Hessian update:  8 7 6 5

2025-07-16:19:20:47,869 INFO     [psi4.optking.history:400] 	Updated Hessian (in au) 
 	   0.306512

2025-07-16:19:20:47,869 INFO     [psi4.optking.molsys:874] Projected (PHP) Hessian matrix
	   0.306512

2025-07-16:19:20:47,869 INFO     [psi4.optking.opt_helper:168] 
	         Geometry (au)                                       Gradient (au)
   0.0000000000   0.0000000000   2.0688649611		  -0.0000000000   0.0000000000  -0.0035342000
   0.0000000000   0.0000000000  -1.2264429760		  -0.0000000000   0.0000000000   0.0034588762

2025-07-16:19:20:47,870 INFO     [psi4.optking.stepAlgorithms:315] 	Current Step Report 
 
	Current energy:      -317.4336550879
	Energy change for the previous step:
		Actual       :        -0.0001299197
		Projected    :        -0.0000926621

2025-07-16:19:20:47,870 INFO     [psi4.optking.stepAlgorithms:318] 	Energy ratio =    1.40208
2025-07-16:19:20:47,870 INFO     [psi4.optking.stepAlgorithms:750] 	Using RFO solution 1.
2025-07-16:19:20:47,870 INFO     [psi4.optking.displace:73] 	Determining Cartesian step for fragment 1.
2025-07-16:19:20:47,870 INFO     [psi4.optking.displace:378] 	Successfully converged to displaced geometry.
2025-07-16:19:20:47,870 INFO     [psi4.optking.displace:379] 	RMS(dx):  0.000e+00 	Max(dx):  0.000e+00 	RMS(dq):  0.000e+00
2025-07-16:19:20:47,870 INFO     [psi4.optking.displace:132] 

	        --- Internal Coordinate Step in ANG or DEG, aJ/ANG or AJ/DEG ---
	-------------------------------------------------------------------------------
	           Coordinate      Previous         Force          Change          New 
	           ----------      --------        ------          ------        ------
	               R(1,2)       1.74380        0.02881        0.00604       1.74984
	-------------------------------------------------------------------------------

2025-07-16:19:20:47,870 INFO     [psi4.optking.stepAlgorithms:96] 	|target step| :    0.0114060240
2025-07-16:19:20:47,871 INFO     [psi4.optking.stepAlgorithms:97] 	gradient     :   -0.0034965381
2025-07-16:19:20:47,871 INFO     [psi4.optking.stepAlgorithms:98] 	hessian      :    0.3065119973
2025-07-16:19:20:47,871 INFO     [psi4.optking.stepAlgorithms:177] 	Norm of achieved step-size    0.0114060240
2025-07-16:19:20:47,871 INFO     [psi4.optking.stepAlgorithms:179] 	Norm of achieved step-size (cart):    0.0080652769
2025-07-16:19:20:47,871 INFO     [psi4.optking.opt_helper:151] Molsys:

	                            ===> Fragment 1 <== 

	 Z (Atomic Numbers)          Masses                          Geom                  
	       8.000000            15.994915          0.00000000  0.00000000  2.07456797   
	      13.000000            26.981539          0.00000000  0.00000000 -1.23214599   

	 - Coordinate -           - BOHR/RAD -       - ANG/DEG -
	 R(1,2)           =         3.306714           1.749838

2025-07-16:19:20:47,871 INFO     [psi4.optking.convcheck:71] Performing convergence check.
2025-07-16:19:20:47,871 INFO     [psi4.optking.convcheck:263] 
	                                 ==> Convergence Check <==                                  
    
	Measures of convergence in internal coordinates in au.
    
	Criteria marked as inactive (o), active & met (*), and active & unmet ( ).

	----------------------------------------------------------------------------------------------
	   Step    Total Energy     Delta E     Max Force     RMS Force      Max Disp      RMS Disp   
	----------------------------------------------------------------------------------------------
	  Convergence Criteria     1.00e-06 *    3.00e-04 *             o    1.20e-03 *             o
	----------------------------------------------------------------------------------------------
	     9    -317.43365509   -1.30e-04      3.50e-03      3.50e-03 o    1.14e-02      1.14e-02 o  ~
	----------------------------------------------------------------------------------------------


2025-07-16:19:20:47,871 INFO     [psi4.optking.stepAlgorithms:266] 	Convergence check returned False
2025-07-16:19:20:47,884 INFO     [psi4.driver.task_planner:285] PLANNING Atomic:  keywords={'DAMPING_PERCENTAGE': 1.0, 'GEOM_MAXITER': 500, 'SCF__GUESS': 'READ', 'GUESS': 'SAP', 'MAXITER': 500, 'REFERENCE': 'UKS', 'function_kwargs': {}}
2025-07-16:19:20:47,886 INFO     [psi4.driver.driver:636] Compute gradient(): method=b3lyp, basis=cc-pvdz, molecule=default, nre=31.451163064321822
2025-07-16:19:20:48,764 INFO     [psi4.driver.driver:639] Return gradient(): -317.4336804240076
2025-07-16:19:20:48,764 INFO     [psi4.driver.driver:640] [[ 0.00000000  0.00000000 -0.00104907]
 [ 0.00000000  0.00000000  0.00097687]]
2025-07-16:19:20:48,765 INFO     [psi4.optking.history:257] 	Performing BFGS update.
2025-07-16:19:20:48,765 INFO     [psi4.optking.history:268] 	Using 4 previous steps for update.
2025-07-16:19:20:48,766 INFO     [psi4.optking.history:302] 	Steps to be used in Hessian update:  9 8 7 6

2025-07-16:19:20:48,766 INFO     [psi4.optking.history:400] 	Updated Hessian (in au) 
 	   0.254636

2025-07-16:19:20:48,766 INFO     [psi4.optking.molsys:874] Projected (PHP) Hessian matrix
	   0.254636

2025-07-16:19:20:48,766 INFO     [psi4.optking.opt_helper:168] 
	         Geometry (au)                                       Gradient (au)
   0.0000000000   0.0000000000   2.0760259075		   0.0000000000   0.0000000000  -0.0010490710
   0.0000000000   0.0000000000  -1.2306880537		   0.0000000000   0.0000000000   0.0009768656

2025-07-16:19:20:48,766 INFO     [psi4.optking.stepAlgorithms:315] 	Current Step Report 
 
	Current energy:      -317.4336804240
	Energy change for the previous step:
		Actual       :        -0.0000253361
		Projected    :        -0.0000199408

2025-07-16:19:20:48,766 INFO     [psi4.optking.stepAlgorithms:318] 	Energy ratio =    1.27057
2025-07-16:19:20:48,766 INFO     [psi4.optking.stepAlgorithms:750] 	Using RFO solution 1.
2025-07-16:19:20:48,766 INFO     [psi4.optking.displace:73] 	Determining Cartesian step for fragment 1.
2025-07-16:19:20:48,766 INFO     [psi4.optking.displace:378] 	Successfully converged to displaced geometry.
2025-07-16:19:20:48,766 INFO     [psi4.optking.displace:379] 	RMS(dx):  0.000e+00 	Max(dx):  0.000e+00 	RMS(dq):  0.000e+00
2025-07-16:19:20:48,766 INFO     [psi4.optking.displace:132] 

	        --- Internal Coordinate Step in ANG or DEG, aJ/ANG or AJ/DEG ---
	-------------------------------------------------------------------------------
	           Coordinate      Previous         Force          Change          New 
	           ----------      --------        ------          ------        ------
	               R(1,2)       1.74984        0.00835        0.00211       1.75194
	-------------------------------------------------------------------------------

2025-07-16:19:20:48,766 INFO     [psi4.optking.stepAlgorithms:96] 	|target step| :    0.0039780396
2025-07-16:19:20:48,767 INFO     [psi4.optking.stepAlgorithms:97] 	gradient     :   -0.0010129683
2025-07-16:19:20:48,767 INFO     [psi4.optking.stepAlgorithms:98] 	hessian      :    0.2546360410
2025-07-16:19:20:48,767 INFO     [psi4.optking.stepAlgorithms:177] 	Norm of achieved step-size    0.0039780396
2025-07-16:19:20:48,767 INFO     [psi4.optking.stepAlgorithms:179] 	Norm of achieved step-size (cart):    0.0028128988
2025-07-16:19:20:48,767 INFO     [psi4.optking.opt_helper:151] Molsys:

	                            ===> Fragment 1 <== 

	 Z (Atomic Numbers)          Masses                          Geom                  
	       8.000000            15.994915          0.00000000  0.00000000  2.07801493   
	      13.000000            26.981539          0.00000000  0.00000000 -1.23267707   

	 - Coordinate -           - BOHR/RAD -       - ANG/DEG -
	 R(1,2)           =         3.310692           1.751943

2025-07-16:19:20:48,767 INFO     [psi4.optking.convcheck:71] Performing convergence check.
2025-07-16:19:20:48,767 INFO     [psi4.optking.convcheck:263] 
	                                 ==> Convergence Check <==                                  
    
	Measures of convergence in internal coordinates in au.
    
	Criteria marked as inactive (o), active & met (*), and active & unmet ( ).

	----------------------------------------------------------------------------------------------
	   Step    Total Energy     Delta E     Max Force     RMS Force      Max Disp      RMS Disp   
	----------------------------------------------------------------------------------------------
	  Convergence Criteria     1.00e-06 *    3.00e-04 *             o    1.20e-03 *             o
	----------------------------------------------------------------------------------------------
	    10    -317.43368042   -2.53e-05      1.01e-03      1.01e-03 o    3.98e-03      3.98e-03 o  ~
	----------------------------------------------------------------------------------------------


2025-07-16:19:20:48,767 INFO     [psi4.optking.stepAlgorithms:266] 	Convergence check returned False
2025-07-16:19:20:48,778 INFO     [psi4.driver.task_planner:285] PLANNING Atomic:  keywords={'DAMPING_PERCENTAGE': 1.0, 'GEOM_MAXITER': 500, 'SCF__GUESS': 'READ', 'GUESS': 'SAP', 'MAXITER': 500, 'REFERENCE': 'UKS', 'function_kwargs': {}}
2025-07-16:19:20:48,780 INFO     [psi4.driver.driver:636] Compute gradient(): method=b3lyp, basis=cc-pvdz, molecule=default, nre=31.41337218198832
2025-07-16:19:20:49,658 INFO     [psi4.driver.driver:639] Return gradient(): -317.4336826418607
2025-07-16:19:20:49,658 INFO     [psi4.driver.driver:640] [[-0.00000000 -0.00000000 -0.00019935]
 [ 0.00000000  0.00000000  0.00012842]]
2025-07-16:19:20:49,660 INFO     [psi4.optking.history:257] 	Performing BFGS update.
2025-07-16:19:20:49,660 INFO     [psi4.optking.history:268] 	Using 4 previous steps for update.
2025-07-16:19:20:49,661 INFO     [psi4.optking.history:302] 	Steps to be used in Hessian update:  10 9 8 7

2025-07-16:19:20:49,661 INFO     [psi4.optking.history:400] 	Updated Hessian (in au) 
 	   0.232814

2025-07-16:19:20:49,661 INFO     [psi4.optking.molsys:874] Projected (PHP) Hessian matrix
	   0.232814

2025-07-16:19:20:49,661 INFO     [psi4.optking.opt_helper:168] 
	         Geometry (au)                                       Gradient (au)
   0.0000000000   0.0000000000   2.0785234060		  -0.0000000000  -0.0000000000  -0.0001993543
   0.0000000000   0.0000000000  -1.2321685947		   0.0000000000   0.0000000000   0.0001284212

2025-07-16:19:20:49,661 INFO     [psi4.optking.stepAlgorithms:315] 	Current Step Report 
 
	Current energy:      -317.4336826419
	Energy change for the previous step:
		Actual       :        -0.0000022179
		Projected    :        -0.0000020148

2025-07-16:19:20:49,661 INFO     [psi4.optking.stepAlgorithms:318] 	Energy ratio =    1.10077
2025-07-16:19:20:49,661 INFO     [psi4.optking.stepAlgorithms:750] 	Using RFO solution 1.
2025-07-16:19:20:49,661 INFO     [psi4.optking.displace:73] 	Determining Cartesian step for fragment 1.
2025-07-16:19:20:49,662 INFO     [psi4.optking.displace:378] 	Successfully converged to displaced geometry.
2025-07-16:19:20:49,662 INFO     [psi4.optking.displace:379] 	RMS(dx):  0.000e+00 	Max(dx):  0.000e+00 	RMS(dq):  0.000e+00
2025-07-16:19:20:49,662 INFO     [psi4.optking.displace:132] 

	        --- Internal Coordinate Step in ANG or DEG, aJ/ANG or AJ/DEG ---
	-------------------------------------------------------------------------------
	           Coordinate      Previous         Force          Change          New 
	           ----------      --------        ------          ------        ------
	               R(1,2)       1.75194        0.00135        0.00037       1.75232
	-------------------------------------------------------------------------------

2025-07-16:19:20:49,662 INFO     [psi4.optking.stepAlgorithms:96] 	|target step| :    0.0007039427
2025-07-16:19:20:49,662 INFO     [psi4.optking.stepAlgorithms:97] 	gradient     :   -0.0001638878
2025-07-16:19:20:49,662 INFO     [psi4.optking.stepAlgorithms:98] 	hessian      :    0.2328139568
2025-07-16:19:20:49,662 INFO     [psi4.optking.stepAlgorithms:177] 	Norm of achieved step-size    0.0007039427
2025-07-16:19:20:49,662 INFO     [psi4.optking.stepAlgorithms:179] 	Norm of achieved step-size (cart):    0.0004977626
2025-07-16:19:20:49,662 INFO     [psi4.optking.opt_helper:151] Molsys:

	                            ===> Fragment 1 <== 

	 Z (Atomic Numbers)          Masses                          Geom                  
	       8.000000            15.994915          0.00000000  0.00000000  2.07887538   
	      13.000000            26.981539          0.00000000  0.00000000 -1.23252057   

	 - Coordinate -           - BOHR/RAD -       - ANG/DEG -
	 R(1,2)           =         3.311396           1.752315

2025-07-16:19:20:49,662 INFO     [psi4.optking.convcheck:71] Performing convergence check.
2025-07-16:19:20:49,662 INFO     [psi4.optking.convcheck:263] 
	                                 ==> Convergence Check <==                                  
    
	Measures of convergence in internal coordinates in au.
    
	Criteria marked as inactive (o), active & met (*), and active & unmet ( ).

	----------------------------------------------------------------------------------------------
	   Step    Total Energy     Delta E     Max Force     RMS Force      Max Disp      RMS Disp   
	----------------------------------------------------------------------------------------------
	  Convergence Criteria     1.00e-06 *    3.00e-04 *             o    1.20e-03 *             o
	----------------------------------------------------------------------------------------------
	    11    -317.43368264   -2.22e-06      1.64e-04 *    1.64e-04 o    7.04e-04 *    7.04e-04 o  ~
	----------------------------------------------------------------------------------------------


2025-07-16:19:20:49,662 INFO     [psi4.optking.convcheck:193] 
	                      ===> Final Convergence Report <===                     

	----------------------------------------------------------------------------
	|   Required Criteria    |  One or More Criteria  |   Alternate Criteria   |
	----------------------------------------------------------------------------
	| [x]     max_force      | [ ]       max_DE       |                        |
	|                        | [x]      max_disp      |                        |
	----------------------------------------------------------------------------


2025-07-16:19:20:49,662 INFO     [psi4.optking.stepAlgorithms:266] 	Convergence check returned True
2025-07-16:19:20:49,662 INFO     [psi4.optking.optimize:286] 	Converged in 11 steps!
2025-07-16:19:20:49,662 INFO     [psi4.optking.optimize:287] 	Final energy is   -317.4336826418607
2025-07-16:19:20:49,662 INFO     [psi4.optking.optimize:288] 	Final structure (Angstroms): 
	Fragment 1 (Ang)

	    O   0.0000000000   0.0000000000   1.1000934735
	   Al   0.0000000000   0.0000000000  -0.6522217952


2025-07-16:19:20:49,663 INFO     [psi4.optking.optimize:432] 	Optimization Finished

	==> Optimization Summary <==

        
	Measures of convergence in internal coordinates in au. (Any backward steps not shown.)
        
	---------------------------------------------------------------------------------------------------------------  ~
        
	 Step         Total Energy             Delta E       MAX Force       RMS Force        MAX Disp        RMS Disp   ~
        
	---------------------------------------------------------------------------------------------------------------  ~
        
	     1    -317.097794506261   -317.097794506261      1.06391166      1.06391166      0.23976514      0.23976514  ~
	     2    -317.283795589352     -0.186001083091      0.54148112      0.54148112      0.23480692      0.23480692  ~
	     3    -317.375255951282     -0.091460361929      0.26499036      0.26499036      0.15369042      0.15369042  ~
	     4    -317.406963835373     -0.031707884092      0.15453674      0.15453674      0.15159145      0.15159145  ~
	     5    -317.424348311181     -0.017384475808      0.07944489      0.07944489      0.12855224      0.12855224  ~
	     6    -317.431498135346     -0.007149824165      0.03427771      0.03427771      0.06419052      0.06419052  ~
	     7    -317.433112669764     -0.001614534418      0.01655956      0.01655956      0.03316015      0.03316015  ~
	     8    -317.433525168196     -0.000412498432      0.00847013      0.00847013      0.02187973      0.02187973  ~
	     9    -317.433655087881     -0.000129919686      0.00349654      0.00349654      0.01140602      0.01140602  ~
	    10    -317.433680424008     -0.000025336126      0.00101297      0.00101297      0.00397804      0.00397804  ~
	    11    -317.433682641861     -0.000002217853      0.00016389      0.00016389      0.00070394      0.00070394  ~
	----------------------------------------------------------------------------------------------------------------


2025-07-16:19:20:49,663 INFO     [psi4.optking.optimize:640] Preparing OptimizationResult
