2025-07-16:18:11:42,726 INFO     [psi4.optking.optwrapper:214] Creating a UserComputer
2025-07-16:18:11:42,726 INFO     [psi4.optking.optwrapper:222] 
    			-----------------------------------------

    			 OPTKING 3.0: for geometry optimizations 

    			     By R.A. King, Bethel University     

    			        with contributions from          

    			    A.V. Copan, J. Cayton, A. Heide      

    			-----------------------------------------

    
2025-07-16:18:11:42,727 INFO     [psi4.optking.optwrapper:238] 
		 -- Optimization Parameters --
	accept_symmetry_breaking       =           False
	alg_geom_maxiter               =             500
	bt_dx_conv                     =           1e-07
	bt_dx_rms_change_conv          =           1e-12
	bt_max_iter                    =              25
	cart_hess_read                 =           False
	consecutive_backsteps_allowed  =               0
	conv_max_DE                    =           1e-06
	conv_max_disp                  =          0.0012
	conv_max_force                 =          0.0003
	conv_rms_disp                  =              -1
	conv_rms_force                 =              -1
	covalent_connect               =             1.3
	dynamic_level                  =               0
	dynamic_level_max              =               0
	ensure_bt_convergence          =           False
	ext_force_bend                 =              []
	ext_force_cartesian            =              []
	ext_force_dihedral             =              []
	ext_force_distance             =              []
	ext_force_oofp                 =              []
	fix_val_near_pi                =            1.57
	flexible_g_convergence         =           False
	frag_mode                      =          SINGLE
	frag_ref_atoms                 =            None
	freeze_intrafrag               =           False
	frozen_bend                    =              []
	frozen_cartesian               =              []
	frozen_dihedral                =              []
	frozen_distance                =              []
	frozen_oofp                    =              []
	full_hess_every                =              -1
	g_convergence                  =           QCHEM
	generate_intcos_exit           =           False
	geom_maxiter                   =             500
	h_bond_connect                 =             4.3
	hess_update                    =            BFGS
	hess_update_den_tol            =           1e-07
	hess_update_dq_tol             =             0.5
	hess_update_limit              =            True
	hess_update_limit_max          =             1.0
	hess_update_limit_scale        =             0.5
	hess_update_use_last           =               4
	hessian_file                   =            None
	i_max_DE                       =            True
	i_max_disp                     =            True
	i_max_force                    =            True
	i_rms_disp                     =           False
	i_rms_force                    =           False
	i_untampered                   =            True
	include_oofp                   =           False
	interfrag_collinear_tol        =            0.01
	interfrag_coords               =            None
	interfrag_dist_inv             =           False
	interfrag_mode                 =           FIXED
	interfrag_trust                =             0.5
	interfrag_trust_max            =             1.0
	interfrag_trust_min            =           0.001
	interfragment_connect          =             1.8
	intrafrag_hess                 =        SCHLEGEL
	intrafrag_trust                =             0.5
	intrafrag_trust_max            =             1.0
	intrafrag_trust_min            =           0.001
	irc_direction                  =         FORWARD
	irc_points                     =              20
	irc_step_size                  =             0.2
	keep_intcos                    =           False
	linear_bend_threshold          =            3.05
	linesearch                     =           False
	linesearch_step                =             0.1
	max_disp_g_convergence         =          0.0012
	max_energy_g_convergence       =           1e-06
	max_force_g_convergence        =          0.0003
	opt_coordinates                =       REDUNDANT
	opt_type                       =             MIN
	output_type                    =            FILE
	print_lvl                      =               1
	program                        =            psi4
	ranged_bend                    =              []
	ranged_cartesian               =              []
	ranged_dihedral                =              []
	ranged_distance                =              []
	ranged_oofp                    =              []
	redundant_eval_tol             =           1e-10
	rfo_follow_root                =           False
	rfo_normalization_max          =             100
	rfo_root                       =               0
	rms_disp_g_convergence         =          0.0012
	rms_force_g_convergence        =          0.0003
	rsrfo_alpha_max                =     100000000.0
	sd_hessian                     =             1.0
	simple_step_scaling            =           False
	small_bend_fix_threshold       =            0.35
	steepest_descent_type          =         OVERLAP
	step_type                      =             RFO
	test_B                         =           False
	test_derivative_B              =           False
	trajectory                     =           False
	v3d_tors_angle_lim             =           0.017
	v3d_tors_cos_tol               =           1e-10
	working_consecutive_backsteps  =               0
	working_steps_since_last_H     =               0


2025-07-16:18:11:43,229 INFO     [psi4.optking.molsys:599] 	Increasing scaling to  1.500 to connect fragments.
2025-07-16:18:11:43,230 INFO     [psi4.optking.molsys:599] 	Increasing scaling to  1.700 to connect fragments.
2025-07-16:18:11:43,230 INFO     [psi4.optking.molsys:599] 	Increasing scaling to  1.900 to connect fragments.
2025-07-16:18:11:43,230 INFO     [psi4.optking.molsys:599] 	Increasing scaling to  2.100 to connect fragments.
2025-07-16:18:11:43,230 INFO     [psi4.optking.molsys:576] 	Connecting fragments with atoms 1 and 2
2025-07-16:18:11:43,230 INFO     [psi4.optking.molsys:595] 	All fragments are connected in connectivity matrix.
2025-07-16:18:11:43,230 INFO     [psi4.optking.molsys:470] 	Consolidating multiple fragments into one for optimization.
2025-07-16:18:11:43,230 INFO     [psi4.optking.opt_helper:151] Molsys:

	                            ===> Fragment 1 <== 

	 Z (Atomic Numbers)          Masses                          Geom                  
	       1.000000             1.007825          0.00000000  0.00000000  1.81153949   
	       2.000000             4.002603          0.00000000  0.00000000 -0.45613186   

	 - Coordinate -           - BOHR/RAD -       - ANG/DEG -
	 R(1,2)           =         2.267671           1.200000

2025-07-16:18:11:43,240 INFO     [psi4.driver.task_planner:285] PLANNING Atomic:  keywords={'DAMPING_PERCENTAGE': 1.0, 'GEOM_MAXITER': 500, 'GUESS': 'SAP', 'MAXITER': 500, 'REFERENCE': 'UKS', 'function_kwargs': {}}
2025-07-16:18:11:43,241 INFO     [psi4.driver.driver:636] Compute gradient(): method=b3lyp, basis=cc-pvdz, molecule=default, nre=0.8819620177833335
2025-07-16:18:11:43,683 INFO     [psi4.driver.driver:639] Return gradient(): -2.213306094057655
2025-07-16:18:11:43,683 INFO     [psi4.driver.driver:640] [[ 0.00000000 -0.00000000  0.02475614]
 [ 0.00000000  0.00000000 -0.02475454]]
2025-07-16:18:11:43,685 INFO     [psi4.optking.molsys:874] Projected (PHP) Hessian matrix
	   0.109436

2025-07-16:18:11:43,685 INFO     [psi4.optking.opt_helper:168] 
	         Geometry (au)                                       Gradient (au)
   0.0000000000   0.0000000000   1.8115394949		   0.0000000000  -0.0000000000   0.0247561401
   0.0000000000   0.0000000000  -0.4561318557		   0.0000000000   0.0000000000  -0.0247545363

2025-07-16:18:11:43,685 INFO     [psi4.optking.stepAlgorithms:750] 	Using RFO solution 1.
2025-07-16:18:11:43,685 INFO     [psi4.optking.displace:73] 	Determining Cartesian step for fragment 1.
2025-07-16:18:11:43,685 INFO     [psi4.optking.displace:378] 	Successfully converged to displaced geometry.
2025-07-16:18:11:43,685 INFO     [psi4.optking.displace:379] 	RMS(dx):  0.000e+00 	Max(dx):  0.000e+00 	RMS(dq):  0.000e+00
2025-07-16:18:11:43,685 INFO     [psi4.optking.displace:132] 

	        --- Internal Coordinate Step in ANG or DEG, aJ/ANG or AJ/DEG ---
	-------------------------------------------------------------------------------
	           Coordinate      Previous         Force          Change          New 
	           ----------      --------        ------          ------        ------
	               R(1,2)       1.20000       -0.20395       -0.11414       1.08586
	-------------------------------------------------------------------------------

2025-07-16:18:11:43,685 INFO     [psi4.optking.stepAlgorithms:96] 	|target step| :    0.2156849289
2025-07-16:18:11:43,685 INFO     [psi4.optking.stepAlgorithms:97] 	gradient     :   -0.0247553382
2025-07-16:18:11:43,685 INFO     [psi4.optking.stepAlgorithms:98] 	hessian      :    0.1094361126
2025-07-16:18:11:43,685 INFO     [psi4.optking.stepAlgorithms:177] 	Norm of achieved step-size    0.2156849289
2025-07-16:18:11:43,685 INFO     [psi4.optking.stepAlgorithms:179] 	Norm of achieved step-size (cart):    0.1525122758
2025-07-16:18:11:43,685 INFO     [psi4.optking.opt_helper:151] Molsys:

	                            ===> Fragment 1 <== 

	 Z (Atomic Numbers)          Masses                          Geom                  
	       1.000000             1.007825          0.00000000  0.00000000  1.70369703   
	       2.000000             4.002603          0.00000000  0.00000000 -0.34828939   

	 - Coordinate -           - BOHR/RAD -       - ANG/DEG -
	 R(1,2)           =         2.051986           1.085864

2025-07-16:18:11:43,685 INFO     [psi4.optking.convcheck:71] Performing convergence check.
2025-07-16:18:11:43,685 INFO     [psi4.optking.convcheck:263] 
	                                 ==> Convergence Check <==                                  
    
	Measures of convergence in internal coordinates in au.
    
	Criteria marked as inactive (o), active & met (*), and active & unmet ( ).

	----------------------------------------------------------------------------------------------
	   Step    Total Energy     Delta E     Max Force     RMS Force      Max Disp      RMS Disp   
	----------------------------------------------------------------------------------------------
	  Convergence Criteria     1.00e-06 *    3.00e-04 *             o    1.20e-03 *             o
	----------------------------------------------------------------------------------------------
	     1      -2.21330609   -2.21e+00      2.48e-02      2.48e-02 o    2.16e-01      2.16e-01 o  ~
	----------------------------------------------------------------------------------------------


2025-07-16:18:11:43,685 INFO     [psi4.optking.stepAlgorithms:266] 	Convergence check returned False
2025-07-16:18:11:43,697 INFO     [psi4.driver.task_planner:285] PLANNING Atomic:  keywords={'DAMPING_PERCENTAGE': 1.0, 'GEOM_MAXITER': 500, 'SCF__GUESS': 'READ', 'GUESS': 'SAP', 'MAXITER': 500, 'REFERENCE': 'UKS', 'function_kwargs': {}}
2025-07-16:18:11:43,698 INFO     [psi4.driver.driver:636] Compute gradient(): method=b3lyp, basis=cc-pvdz, molecule=default, nre=0.9746653188808727
2025-07-16:18:11:44,61 INFO     [psi4.driver.driver:639] Return gradient(): -2.2138444662500576
2025-07-16:18:11:44,61 INFO     [psi4.driver.driver:640] [[-0.00000000  0.00000000 -0.02481677]
 [-0.00000000 -0.00000000  0.02481554]]
2025-07-16:18:11:44,63 INFO     [psi4.optking.history:257] 	Performing BFGS update.
2025-07-16:18:11:44,63 INFO     [psi4.optking.history:268] 	Using 1 previous steps for update.
2025-07-16:18:11:44,64 INFO     [psi4.optking.history:302] 	Steps to be used in Hessian update:  1

2025-07-16:18:11:44,64 INFO     [psi4.optking.history:400] 	Updated Hessian (in au) 
 	   0.229833

2025-07-16:18:11:44,64 INFO     [psi4.optking.molsys:874] Projected (PHP) Hessian matrix
	   0.229833

2025-07-16:18:11:44,64 INFO     [psi4.optking.opt_helper:168] 
	         Geometry (au)                                       Gradient (au)
   0.0000000000   0.0000000000   1.6392386158		  -0.0000000000   0.0000000000  -0.0248167704
   0.0000000000   0.0000000000  -0.4127478058		  -0.0000000000  -0.0000000000   0.0248155360

2025-07-16:18:11:44,64 INFO     [psi4.optking.stepAlgorithms:315] 	Current Step Report 
 
	Current energy:        -2.2138444663
	Energy change for the previous step:
		Actual       :        -0.0005383722
		Projected    :        -0.0026696767

2025-07-16:18:11:44,64 INFO     [psi4.optking.stepAlgorithms:318] 	Energy ratio =    0.20166
2025-07-16:18:11:44,64 WARNING  [psi4.optking.stepAlgorithms:365] 	Energy ratio indicates iffy step.
2025-07-16:18:11:44,64 WARNING  [psi4.optking.stepAlgorithms:366] 	Intrafrag trust radius decreased to 1.250e-01.
2025-07-16:18:11:44,65 INFO     [psi4.optking.stepAlgorithms:750] 	Using RFO solution 1.
2025-07-16:18:11:44,65 INFO     [psi4.optking.displace:73] 	Determining Cartesian step for fragment 1.
2025-07-16:18:11:44,65 INFO     [psi4.optking.displace:378] 	Successfully converged to displaced geometry.
2025-07-16:18:11:44,65 INFO     [psi4.optking.displace:379] 	RMS(dx):  1.282e-16 	Max(dx):  2.220e-16 	RMS(dq):  0.000e+00
2025-07-16:18:11:44,65 INFO     [psi4.optking.displace:132] 

	        --- Internal Coordinate Step in ANG or DEG, aJ/ANG or AJ/DEG ---
	-------------------------------------------------------------------------------
	           Coordinate      Previous         Force          Change          New 
	           ----------      --------        ------          ------        ------
	               R(1,2)       1.08586        0.20445        0.05649       1.14235
	-------------------------------------------------------------------------------

2025-07-16:18:11:44,65 INFO     [psi4.optking.stepAlgorithms:96] 	|target step| :    0.1067444616
2025-07-16:18:11:44,65 INFO     [psi4.optking.stepAlgorithms:97] 	gradient     :   -0.0248161532
2025-07-16:18:11:44,65 INFO     [psi4.optking.stepAlgorithms:98] 	hessian      :    0.2298328942
2025-07-16:18:11:44,65 INFO     [psi4.optking.stepAlgorithms:177] 	Norm of achieved step-size    0.1067444616
2025-07-16:18:11:44,65 INFO     [psi4.optking.stepAlgorithms:179] 	Norm of achieved step-size (cart):    0.0754797326
2025-07-16:18:11:44,66 INFO     [psi4.optking.opt_helper:151] Molsys:

	                            ===> Fragment 1 <== 

	 Z (Atomic Numbers)          Masses                          Geom                  
	       1.000000             1.007825          0.00000000  0.00000000  1.69261085   
	       2.000000             4.002603          0.00000000  0.00000000 -0.46612004   

	 - Coordinate -           - BOHR/RAD -       - ANG/DEG -
	 R(1,2)           =         2.158731           1.142351

2025-07-16:18:11:44,66 INFO     [psi4.optking.convcheck:71] Performing convergence check.
2025-07-16:18:11:44,66 INFO     [psi4.optking.convcheck:263] 
	                                 ==> Convergence Check <==                                  
    
	Measures of convergence in internal coordinates in au.
    
	Criteria marked as inactive (o), active & met (*), and active & unmet ( ).

	----------------------------------------------------------------------------------------------
	   Step    Total Energy     Delta E     Max Force     RMS Force      Max Disp      RMS Disp   
	----------------------------------------------------------------------------------------------
	  Convergence Criteria     1.00e-06 *    3.00e-04 *             o    1.20e-03 *             o
	----------------------------------------------------------------------------------------------
	     2      -2.21384447   -5.38e-04      2.48e-02      2.48e-02 o    1.07e-01      1.07e-01 o  ~
	----------------------------------------------------------------------------------------------


2025-07-16:18:11:44,66 INFO     [psi4.optking.stepAlgorithms:266] 	Convergence check returned False
2025-07-16:18:11:44,84 INFO     [psi4.driver.task_planner:285] PLANNING Atomic:  keywords={'DAMPING_PERCENTAGE': 1.0, 'GEOM_MAXITER': 500, 'SCF__GUESS': 'READ', 'GUESS': 'SAP', 'MAXITER': 500, 'REFERENCE': 'UKS', 'function_kwargs': {}}
2025-07-16:18:11:44,86 INFO     [psi4.driver.driver:636] Compute gradient(): method=b3lyp, basis=cc-pvdz, molecule=default, nre=0.9264702773101318
2025-07-16:18:11:44,457 INFO     [psi4.driver.driver:639] Return gradient(): -2.214910477817072
2025-07-16:18:11:44,457 INFO     [psi4.driver.driver:640] [[ 0.00000000 -0.00000000  0.00350571]
 [ 0.00000000  0.00000000 -0.00350562]]
2025-07-16:18:11:44,458 INFO     [psi4.optking.history:257] 	Performing BFGS update.
2025-07-16:18:11:44,458 INFO     [psi4.optking.history:268] 	Using 2 previous steps for update.
2025-07-16:18:11:44,458 INFO     [psi4.optking.history:302] 	Steps to be used in Hessian update:  2 1

2025-07-16:18:11:44,459 INFO     [psi4.optking.history:400] 	Updated Hessian (in au) 
 	   0.195058

2025-07-16:18:11:44,459 INFO     [psi4.optking.molsys:874] Projected (PHP) Hessian matrix
	   0.195058

2025-07-16:18:11:44,459 INFO     [psi4.optking.opt_helper:168] 
	         Geometry (au)                                       Gradient (au)
   0.0000000000   0.0000000000   1.7245119108		   0.0000000000  -0.0000000000   0.0035057081
   0.0000000000   0.0000000000  -0.4342189724		   0.0000000000   0.0000000000  -0.0035056221

2025-07-16:18:11:44,459 INFO     [psi4.optking.stepAlgorithms:315] 	Current Step Report 
 
	Current energy:        -2.2149104778
	Energy change for the previous step:
		Actual       :        -0.0010660116
		Projected    :        -0.0013244935

2025-07-16:18:11:44,459 INFO     [psi4.optking.stepAlgorithms:318] 	Energy ratio =    0.80484
2025-07-16:18:11:44,459 INFO     [psi4.optking.stepAlgorithms:346] 	Energy ratio indicates good step.
2025-07-16:18:11:44,459 INFO     [psi4.optking.stepAlgorithms:347] 	Intrafrag trust radius increased to 3.750e-01.
2025-07-16:18:11:44,459 INFO     [psi4.optking.stepAlgorithms:750] 	Using RFO solution 1.
2025-07-16:18:11:44,459 INFO     [psi4.optking.displace:73] 	Determining Cartesian step for fragment 1.
2025-07-16:18:11:44,459 INFO     [psi4.optking.displace:378] 	Successfully converged to displaced geometry.
2025-07-16:18:11:44,459 INFO     [psi4.optking.displace:379] 	RMS(dx):  0.000e+00 	Max(dx):  0.000e+00 	RMS(dq):  0.000e+00
2025-07-16:18:11:44,459 INFO     [psi4.optking.displace:132] 

	        --- Internal Coordinate Step in ANG or DEG, aJ/ANG or AJ/DEG ---
	-------------------------------------------------------------------------------
	           Coordinate      Previous         Force          Change          New 
	           ----------      --------        ------          ------        ------
	               R(1,2)       1.14235       -0.02888       -0.00951       1.13284
	-------------------------------------------------------------------------------

2025-07-16:18:11:44,459 INFO     [psi4.optking.stepAlgorithms:96] 	|target step| :    0.0179666536
2025-07-16:18:11:44,459 INFO     [psi4.optking.stepAlgorithms:97] 	gradient     :   -0.0035056651
2025-07-16:18:11:44,459 INFO     [psi4.optking.stepAlgorithms:98] 	hessian      :    0.1950576642
2025-07-16:18:11:44,459 INFO     [psi4.optking.stepAlgorithms:177] 	Norm of achieved step-size    0.0179666536
2025-07-16:18:11:44,459 INFO     [psi4.optking.stepAlgorithms:179] 	Norm of achieved step-size (cart):    0.0127043426
2025-07-16:18:11:44,459 INFO     [psi4.optking.opt_helper:151] Molsys:

	                            ===> Fragment 1 <== 

	 Z (Atomic Numbers)          Masses                          Geom                  
	       1.000000             1.007825          0.00000000  0.00000000  1.71552858   
	       2.000000             4.002603          0.00000000  0.00000000 -0.42523565   

	 - Coordinate -           - BOHR/RAD -       - ANG/DEG -
	 R(1,2)           =         2.140764           1.132844

2025-07-16:18:11:44,460 INFO     [psi4.optking.convcheck:71] Performing convergence check.
2025-07-16:18:11:44,460 INFO     [psi4.optking.convcheck:263] 
	                                 ==> Convergence Check <==                                  
    
	Measures of convergence in internal coordinates in au.
    
	Criteria marked as inactive (o), active & met (*), and active & unmet ( ).

	----------------------------------------------------------------------------------------------
	   Step    Total Energy     Delta E     Max Force     RMS Force      Max Disp      RMS Disp   
	----------------------------------------------------------------------------------------------
	  Convergence Criteria     1.00e-06 *    3.00e-04 *             o    1.20e-03 *             o
	----------------------------------------------------------------------------------------------
	     3      -2.21491048   -1.07e-03      3.51e-03      3.51e-03 o    1.80e-02      1.80e-02 o  ~
	----------------------------------------------------------------------------------------------


2025-07-16:18:11:44,460 INFO     [psi4.optking.stepAlgorithms:266] 	Convergence check returned False
2025-07-16:18:11:44,475 INFO     [psi4.driver.task_planner:285] PLANNING Atomic:  keywords={'DAMPING_PERCENTAGE': 1.0, 'GEOM_MAXITER': 500, 'SCF__GUESS': 'READ', 'GUESS': 'SAP', 'MAXITER': 500, 'REFERENCE': 'UKS', 'function_kwargs': {}}
2025-07-16:18:11:44,476 INFO     [psi4.driver.driver:636] Compute gradient(): method=b3lyp, basis=cc-pvdz, molecule=default, nre=0.9342458045402566
2025-07-16:18:11:44,809 INFO     [psi4.driver.driver:639] Return gradient(): -2.2149359184352417
2025-07-16:18:11:44,809 INFO     [psi4.driver.driver:640] [[ 0.00000000  0.00000000 -0.00071020]
 [ 0.00000000  0.00000000  0.00071001]]
2025-07-16:18:11:44,810 INFO     [psi4.optking.history:257] 	Performing BFGS update.
2025-07-16:18:11:44,810 INFO     [psi4.optking.history:268] 	Using 3 previous steps for update.
2025-07-16:18:11:44,810 INFO     [psi4.optking.history:302] 	Steps to be used in Hessian update:  3 2 1

2025-07-16:18:11:44,810 INFO     [psi4.optking.history:400] 	Updated Hessian (in au) 
 	   0.200662

2025-07-16:18:11:44,810 INFO     [psi4.optking.molsys:874] Projected (PHP) Hessian matrix
	   0.200662

2025-07-16:18:11:44,810 INFO     [psi4.optking.opt_helper:168] 
	         Geometry (au)                                       Gradient (au)
   0.0000000000   0.0000000000   1.7101591684		   0.0000000000   0.0000000000  -0.0007102045
   0.0000000000   0.0000000000  -0.4306050612		   0.0000000000   0.0000000000   0.0007100065

2025-07-16:18:11:44,810 INFO     [psi4.optking.stepAlgorithms:315] 	Current Step Report 
 
	Current energy:        -2.2149359184
	Energy change for the previous step:
		Actual       :        -0.0000254406
		Projected    :        -0.0000314925

2025-07-16:18:11:44,810 INFO     [psi4.optking.stepAlgorithms:318] 	Energy ratio =    0.80783
2025-07-16:18:11:44,810 INFO     [psi4.optking.stepAlgorithms:346] 	Energy ratio indicates good step.
2025-07-16:18:11:44,810 INFO     [psi4.optking.stepAlgorithms:347] 	Intrafrag trust radius increased to 1.000e+00.
2025-07-16:18:11:44,811 INFO     [psi4.optking.stepAlgorithms:750] 	Using RFO solution 1.
2025-07-16:18:11:44,811 INFO     [psi4.optking.displace:73] 	Determining Cartesian step for fragment 1.
2025-07-16:18:11:44,811 INFO     [psi4.optking.displace:378] 	Successfully converged to displaced geometry.
2025-07-16:18:11:44,811 INFO     [psi4.optking.displace:379] 	RMS(dx):  0.000e+00 	Max(dx):  0.000e+00 	RMS(dq):  0.000e+00
2025-07-16:18:11:44,811 INFO     [psi4.optking.displace:132] 

	        --- Internal Coordinate Step in ANG or DEG, aJ/ANG or AJ/DEG ---
	-------------------------------------------------------------------------------
	           Coordinate      Previous         Force          Change          New 
	           ----------      --------        ------          ------        ------
	               R(1,2)       1.13284        0.00585        0.00187       1.13472
	-------------------------------------------------------------------------------

2025-07-16:18:11:44,811 INFO     [psi4.optking.stepAlgorithms:96] 	|target step| :    0.0035387687
2025-07-16:18:11:44,811 INFO     [psi4.optking.stepAlgorithms:97] 	gradient     :   -0.0007101055
2025-07-16:18:11:44,811 INFO     [psi4.optking.stepAlgorithms:98] 	hessian      :    0.2006620552
2025-07-16:18:11:44,811 INFO     [psi4.optking.stepAlgorithms:177] 	Norm of achieved step-size    0.0035387687
2025-07-16:18:11:44,811 INFO     [psi4.optking.stepAlgorithms:179] 	Norm of achieved step-size (cart):    0.0025022873
2025-07-16:18:11:44,811 INFO     [psi4.optking.opt_helper:151] Molsys:

	                            ===> Fragment 1 <== 

	 Z (Atomic Numbers)          Masses                          Geom                  
	       1.000000             1.007825          0.00000000  0.00000000  1.71192855   
	       2.000000             4.002603          0.00000000  0.00000000 -0.43237445   

	 - Coordinate -           - BOHR/RAD -       - ANG/DEG -
	 R(1,2)           =         2.144303           1.134716

2025-07-16:18:11:44,811 INFO     [psi4.optking.convcheck:71] Performing convergence check.
2025-07-16:18:11:44,811 INFO     [psi4.optking.convcheck:263] 
	                                 ==> Convergence Check <==                                  
    
	Measures of convergence in internal coordinates in au.
    
	Criteria marked as inactive (o), active & met (*), and active & unmet ( ).

	----------------------------------------------------------------------------------------------
	   Step    Total Energy     Delta E     Max Force     RMS Force      Max Disp      RMS Disp   
	----------------------------------------------------------------------------------------------
	  Convergence Criteria     1.00e-06 *    3.00e-04 *             o    1.20e-03 *             o
	----------------------------------------------------------------------------------------------
	     4      -2.21493592   -2.54e-05      7.10e-04      7.10e-04 o    3.54e-03      3.54e-03 o  ~
	----------------------------------------------------------------------------------------------


2025-07-16:18:11:44,811 INFO     [psi4.optking.stepAlgorithms:266] 	Convergence check returned False
2025-07-16:18:11:44,825 INFO     [psi4.driver.task_planner:285] PLANNING Atomic:  keywords={'DAMPING_PERCENTAGE': 1.0, 'GEOM_MAXITER': 500, 'SCF__GUESS': 'READ', 'GUESS': 'SAP', 'MAXITER': 500, 'REFERENCE': 'UKS', 'function_kwargs': {}}
2025-07-16:18:11:44,827 INFO     [psi4.driver.driver:636] Compute gradient(): method=b3lyp, basis=cc-pvdz, molecule=default, nre=0.9327040075957961
2025-07-16:18:11:45,139 INFO     [psi4.driver.driver:639] Return gradient(): -2.2149369271876926
2025-07-16:18:11:45,139 INFO     [psi4.driver.driver:640] [[ 0.00000000  0.00000000  0.00013703]
 [ 0.00000000  0.00000000 -0.00013717]]
2025-07-16:18:11:45,141 INFO     [psi4.optking.history:257] 	Performing BFGS update.
2025-07-16:18:11:45,142 INFO     [psi4.optking.history:268] 	Using 4 previous steps for update.
2025-07-16:18:11:45,142 INFO     [psi4.optking.history:302] 	Steps to be used in Hessian update:  4 3 2 1

2025-07-16:18:11:45,142 INFO     [psi4.optking.history:400] 	Updated Hessian (in au) 
 	   0.199551

2025-07-16:18:11:45,142 INFO     [psi4.optking.molsys:874] Projected (PHP) Hessian matrix
	   0.199551

2025-07-16:18:11:45,142 INFO     [psi4.optking.opt_helper:168] 
	         Geometry (au)                                       Gradient (au)
   0.0000000000   0.0000000000   1.7129861298		   0.0000000000   0.0000000000   0.0001370301
   0.0000000000   0.0000000000  -0.4313168685		   0.0000000000   0.0000000000  -0.0001371730

2025-07-16:18:11:45,143 INFO     [psi4.optking.stepAlgorithms:315] 	Current Step Report 
 
	Current energy:        -2.2149369272
	Energy change for the previous step:
		Actual       :        -0.0000010088
		Projected    :        -0.0000012564

2025-07-16:18:11:45,143 INFO     [psi4.optking.stepAlgorithms:318] 	Energy ratio =    0.80286
2025-07-16:18:11:45,143 INFO     [psi4.optking.stepAlgorithms:750] 	Using RFO solution 1.
2025-07-16:18:11:45,143 INFO     [psi4.optking.displace:73] 	Determining Cartesian step for fragment 1.
2025-07-16:18:11:45,143 INFO     [psi4.optking.displace:378] 	Successfully converged to displaced geometry.
2025-07-16:18:11:45,143 INFO     [psi4.optking.displace:379] 	RMS(dx):  1.282e-16 	Max(dx):  2.220e-16 	RMS(dq):  4.441e-16
2025-07-16:18:11:45,144 INFO     [psi4.optking.displace:132] 

	        --- Internal Coordinate Step in ANG or DEG, aJ/ANG or AJ/DEG ---
	-------------------------------------------------------------------------------
	           Coordinate      Previous         Force          Change          New 
	           ----------      --------        ------          ------        ------
	               R(1,2)       1.13472       -0.00113       -0.00036       1.13435
	-------------------------------------------------------------------------------

2025-07-16:18:11:45,144 INFO     [psi4.optking.stepAlgorithms:96] 	|target step| :    0.0006870508
2025-07-16:18:11:45,144 INFO     [psi4.optking.stepAlgorithms:97] 	gradient     :   -0.0001371015
2025-07-16:18:11:45,144 INFO     [psi4.optking.stepAlgorithms:98] 	hessian      :    0.1995506649
2025-07-16:18:11:45,144 INFO     [psi4.optking.stepAlgorithms:177] 	Norm of achieved step-size    0.0006870508
2025-07-16:18:11:45,144 INFO     [psi4.optking.stepAlgorithms:179] 	Norm of achieved step-size (cart):    0.0004858183
2025-07-16:18:11:45,144 INFO     [psi4.optking.opt_helper:151] Molsys:

	                            ===> Fragment 1 <== 

	 Z (Atomic Numbers)          Masses                          Geom                  
	       1.000000             1.007825          0.00000000  0.00000000  1.71264260   
	       2.000000             4.002603          0.00000000  0.00000000 -0.43097334   

	 - Coordinate -           - BOHR/RAD -       - ANG/DEG -
	 R(1,2)           =         2.143616           1.134353

2025-07-16:18:11:45,144 INFO     [psi4.optking.convcheck:71] Performing convergence check.
2025-07-16:18:11:45,144 INFO     [psi4.optking.convcheck:263] 
	                                 ==> Convergence Check <==                                  
    
	Measures of convergence in internal coordinates in au.
    
	Criteria marked as inactive (o), active & met (*), and active & unmet ( ).

	----------------------------------------------------------------------------------------------
	   Step    Total Energy     Delta E     Max Force     RMS Force      Max Disp      RMS Disp   
	----------------------------------------------------------------------------------------------
	  Convergence Criteria     1.00e-06 *    3.00e-04 *             o    1.20e-03 *             o
	----------------------------------------------------------------------------------------------
	     5      -2.21493693   -1.01e-06      1.37e-04 *    1.37e-04 o    6.87e-04 *    6.87e-04 o  ~
	----------------------------------------------------------------------------------------------


2025-07-16:18:11:45,144 INFO     [psi4.optking.convcheck:193] 
	                      ===> Final Convergence Report <===                     

	----------------------------------------------------------------------------
	|   Required Criteria    |  One or More Criteria  |   Alternate Criteria   |
	----------------------------------------------------------------------------
	| [x]     max_force      | [ ]       max_DE       |                        |
	|                        | [x]      max_disp      |                        |
	----------------------------------------------------------------------------


2025-07-16:18:11:45,144 INFO     [psi4.optking.stepAlgorithms:266] 	Convergence check returned True
2025-07-16:18:11:45,144 INFO     [psi4.optking.optimize:286] 	Converged in 5 steps!
2025-07-16:18:11:45,144 INFO     [psi4.optking.optimize:287] 	Final energy is     -2.2149369271877
2025-07-16:18:11:45,144 INFO     [psi4.optking.optimize:288] 	Final structure (Angstroms): 
	Fragment 1 (Ang)

	    H   0.0000000000   0.0000000000   0.9062914363
	   He   0.0000000000   0.0000000000  -0.2280612716


2025-07-16:18:11:45,145 INFO     [psi4.optking.optimize:432] 	Optimization Finished

	==> Optimization Summary <==

        
	Measures of convergence in internal coordinates in au. (Any backward steps not shown.)
        
	---------------------------------------------------------------------------------------------------------------  ~
        
	 Step         Total Energy             Delta E       MAX Force       RMS Force        MAX Disp        RMS Disp   ~
        
	---------------------------------------------------------------------------------------------------------------  ~
        
	     1      -2.213306094058     -2.213306094058      0.02475534      0.02475534      0.21568493      0.21568493  ~
	     2      -2.213844466250     -0.000538372192      0.02481615      0.02481615      0.10674446      0.10674446  ~
	     3      -2.214910477817     -0.001066011567      0.00350567      0.00350567      0.01796665      0.01796665  ~
	     4      -2.214935918435     -0.000025440618      0.00071011      0.00071011      0.00353877      0.00353877  ~
	     5      -2.214936927188     -0.000001008752      0.00013710      0.00013710      0.00068705      0.00068705  ~
	----------------------------------------------------------------------------------------------------------------


2025-07-16:18:11:45,145 INFO     [psi4.optking.optimize:640] Preparing OptimizationResult
