2025-07-16:19:24:37,71 INFO     [psi4.optking.optwrapper:214] Creating a UserComputer
2025-07-16:19:24:37,71 INFO     [psi4.optking.optwrapper:222] 
    			-----------------------------------------

    			 OPTKING 3.0: for geometry optimizations 

    			     By R.A. King, Bethel University     

    			        with contributions from          

    			    A.V. Copan, J. Cayton, A. Heide      

    			-----------------------------------------

    
2025-07-16:19:24:37,72 INFO     [psi4.optking.optwrapper:238] 
		 -- Optimization Parameters --
	accept_symmetry_breaking       =           False
	alg_geom_maxiter               =             500
	bt_dx_conv                     =           1e-07
	bt_dx_rms_change_conv          =           1e-12
	bt_max_iter                    =              25
	cart_hess_read                 =           False
	consecutive_backsteps_allowed  =               0
	conv_max_DE                    =           1e-06
	conv_max_disp                  =          0.0012
	conv_max_force                 =          0.0003
	conv_rms_disp                  =              -1
	conv_rms_force                 =              -1
	covalent_connect               =             1.3
	dynamic_level                  =               0
	dynamic_level_max              =               0
	ensure_bt_convergence          =           False
	ext_force_bend                 =              []
	ext_force_cartesian            =              []
	ext_force_dihedral             =              []
	ext_force_distance             =              []
	ext_force_oofp                 =              []
	fix_val_near_pi                =            1.57
	flexible_g_convergence         =           False
	frag_mode                      =          SINGLE
	frag_ref_atoms                 =            None
	freeze_intrafrag               =           False
	frozen_bend                    =              []
	frozen_cartesian               =              []
	frozen_dihedral                =              []
	frozen_distance                =              []
	frozen_oofp                    =              []
	full_hess_every                =              -1
	g_convergence                  =           QCHEM
	generate_intcos_exit           =           False
	geom_maxiter                   =             500
	h_bond_connect                 =             4.3
	hess_update                    =            BFGS
	hess_update_den_tol            =           1e-07
	hess_update_dq_tol             =             0.5
	hess_update_limit              =            True
	hess_update_limit_max          =             1.0
	hess_update_limit_scale        =             0.5
	hess_update_use_last           =               4
	hessian_file                   =            None
	i_max_DE                       =            True
	i_max_disp                     =            True
	i_max_force                    =            True
	i_rms_disp                     =           False
	i_rms_force                    =           False
	i_untampered                   =            True
	include_oofp                   =           False
	interfrag_collinear_tol        =            0.01
	interfrag_coords               =            None
	interfrag_dist_inv             =           False
	interfrag_mode                 =           FIXED
	interfrag_trust                =             0.5
	interfrag_trust_max            =             1.0
	interfrag_trust_min            =           0.001
	interfragment_connect          =             1.8
	intrafrag_hess                 =        SCHLEGEL
	intrafrag_trust                =             0.5
	intrafrag_trust_max            =             1.0
	intrafrag_trust_min            =           0.001
	irc_direction                  =         FORWARD
	irc_points                     =              20
	irc_step_size                  =             0.2
	keep_intcos                    =           False
	linear_bend_threshold          =            3.05
	linesearch                     =           False
	linesearch_step                =             0.1
	max_disp_g_convergence         =          0.0012
	max_energy_g_convergence       =           1e-06
	max_force_g_convergence        =          0.0003
	opt_coordinates                =       REDUNDANT
	opt_type                       =             MIN
	output_type                    =            FILE
	print_lvl                      =               1
	program                        =            psi4
	ranged_bend                    =              []
	ranged_cartesian               =              []
	ranged_dihedral                =              []
	ranged_distance                =              []
	ranged_oofp                    =              []
	redundant_eval_tol             =           1e-10
	rfo_follow_root                =           False
	rfo_normalization_max          =             100
	rfo_root                       =               0
	rms_disp_g_convergence         =          0.0012
	rms_force_g_convergence        =          0.0003
	rsrfo_alpha_max                =     100000000.0
	sd_hessian                     =             1.0
	simple_step_scaling            =           False
	small_bend_fix_threshold       =            0.35
	steepest_descent_type          =         OVERLAP
	step_type                      =             RFO
	test_B                         =           False
	test_derivative_B              =           False
	trajectory                     =           False
	v3d_tors_angle_lim             =           0.017
	v3d_tors_cos_tol               =           1e-10
	working_consecutive_backsteps  =               0
	working_steps_since_last_H     =               0


2025-07-16:19:24:37,560 INFO     [psi4.optking.opt_helper:151] Molsys:

	                            ===> Fragment 1 <== 

	 Z (Atomic Numbers)          Masses                          Geom                  
	       8.000000            15.994915          0.00000000  0.00000000  1.61947690   
	      18.000000            39.962383          0.00000000  0.00000000 -0.64819445   

	 - Coordinate -           - BOHR/RAD -       - ANG/DEG -
	 R(1,2)           =         2.267671           1.200000

2025-07-16:19:24:37,571 INFO     [psi4.driver.task_planner:285] PLANNING Atomic:  keywords={'DAMPING_PERCENTAGE': 1.0, 'GEOM_MAXITER': 500, 'GUESS': 'SAP', 'MAXITER': 500, 'REFERENCE': 'UKS', 'function_kwargs': {}}
2025-07-16:19:24:37,572 INFO     [psi4.driver.driver:636] Compute gradient(): method=b3lyp, basis=cc-pvdz, molecule=default, nre=63.50126528040001
2025-07-16:19:24:38,691 INFO     [psi4.driver.driver:639] Return gradient(): -601.3255311350797
2025-07-16:19:24:38,692 INFO     [psi4.driver.driver:640] [[ 0.00000000 -0.00000000 -0.92302709]
 [ 0.00000000 -0.00000000  0.92300321]]
2025-07-16:19:24:38,694 INFO     [psi4.optking.molsys:874] Projected (PHP) Hessian matrix
	   4.182219

2025-07-16:19:24:38,695 INFO     [psi4.optking.opt_helper:168] 
	         Geometry (au)                                       Gradient (au)
   0.0000000000   0.0000000000   1.6194769041		   0.0000000000  -0.0000000000  -0.9230270919
   0.0000000000   0.0000000000  -0.6481944465		   0.0000000000  -0.0000000000   0.9230032082

2025-07-16:19:24:38,695 INFO     [psi4.optking.stepAlgorithms:750] 	Using RFO solution 1.
2025-07-16:19:24:38,695 INFO     [psi4.optking.displace:73] 	Determining Cartesian step for fragment 1.
2025-07-16:19:24:38,695 INFO     [psi4.optking.displace:378] 	Successfully converged to displaced geometry.
2025-07-16:19:24:38,695 INFO     [psi4.optking.displace:379] 	RMS(dx):  1.282e-16 	Max(dx):  2.220e-16 	RMS(dq):  4.441e-16
2025-07-16:19:24:38,696 INFO     [psi4.optking.displace:132] 

	        --- Internal Coordinate Step in ANG or DEG, aJ/ANG or AJ/DEG ---
	-------------------------------------------------------------------------------
	           Coordinate      Previous         Force          Change          New 
	           ----------      --------        ------          ------        ------
	               R(1,2)       1.20000        7.60447        0.11160       1.31160
	-------------------------------------------------------------------------------

2025-07-16:19:24:38,696 INFO     [psi4.optking.stepAlgorithms:96] 	|target step| :    0.2108848297
2025-07-16:19:24:38,696 INFO     [psi4.optking.stepAlgorithms:97] 	gradient     :   -0.9230151501
2025-07-16:19:24:38,696 INFO     [psi4.optking.stepAlgorithms:98] 	hessian      :    4.1822185214
2025-07-16:19:24:38,696 INFO     [psi4.optking.stepAlgorithms:177] 	Norm of achieved step-size    0.2108848297
2025-07-16:19:24:38,696 INFO     [psi4.optking.stepAlgorithms:179] 	Norm of achieved step-size (cart):    0.1491180931
2025-07-16:19:24:38,696 INFO     [psi4.optking.opt_helper:151] Molsys:

	                            ===> Fragment 1 <== 

	 Z (Atomic Numbers)          Masses                          Geom                  
	       8.000000            15.994915          0.00000000  0.00000000  1.72491932   
	      18.000000            39.962383          0.00000000  0.00000000 -0.75363686   

	 - Coordinate -           - BOHR/RAD -       - ANG/DEG -
	 R(1,2)           =         2.478556           1.311595

2025-07-16:19:24:38,696 INFO     [psi4.optking.convcheck:71] Performing convergence check.
2025-07-16:19:24:38,696 INFO     [psi4.optking.convcheck:263] 
	                                 ==> Convergence Check <==                                  
    
	Measures of convergence in internal coordinates in au.
    
	Criteria marked as inactive (o), active & met (*), and active & unmet ( ).

	----------------------------------------------------------------------------------------------
	   Step    Total Energy     Delta E     Max Force     RMS Force      Max Disp      RMS Disp   
	----------------------------------------------------------------------------------------------
	  Convergence Criteria     1.00e-06 *    3.00e-04 *             o    1.20e-03 *             o
	----------------------------------------------------------------------------------------------
	     1    -601.32553114   -6.01e+02      9.23e-01      9.23e-01 o    2.11e-01      2.11e-01 o  ~
	----------------------------------------------------------------------------------------------


2025-07-16:19:24:38,697 INFO     [psi4.optking.stepAlgorithms:266] 	Convergence check returned False
2025-07-16:19:24:38,710 INFO     [psi4.driver.task_planner:285] PLANNING Atomic:  keywords={'DAMPING_PERCENTAGE': 1.0, 'GEOM_MAXITER': 500, 'SCF__GUESS': 'READ', 'GUESS': 'SAP', 'MAXITER': 500, 'REFERENCE': 'UKS', 'function_kwargs': {}}
2025-07-16:19:24:38,711 INFO     [psi4.driver.driver:636] Compute gradient(): method=b3lyp, basis=cc-pvdz, molecule=default, nre=58.09834013381544
2025-07-16:19:24:39,796 INFO     [psi4.driver.driver:639] Return gradient(): -601.4789399303943
2025-07-16:19:24:39,797 INFO     [psi4.driver.driver:640] [[ 0.00000000  0.00000000 -0.57386594]
 [ 0.00000000 -0.00000000  0.57385091]]
2025-07-16:19:24:39,799 INFO     [psi4.optking.history:257] 	Performing BFGS update.
2025-07-16:19:24:39,800 INFO     [psi4.optking.history:268] 	Using 1 previous steps for update.
2025-07-16:19:24:39,800 INFO     [psi4.optking.history:302] 	Steps to be used in Hessian update:  1

2025-07-16:19:24:39,800 INFO     [psi4.optking.history:400] 	Updated Hessian (in au) 
 	   2.091109

2025-07-16:19:24:39,800 INFO     [psi4.optking.molsys:874] Projected (PHP) Hessian matrix
	   2.091109

2025-07-16:19:24:39,800 INFO     [psi4.optking.opt_helper:168] 
	         Geometry (au)                                       Gradient (au)
   0.0000000000   0.0000000000   1.7700821102		   0.0000000000   0.0000000000  -0.5738659399
   0.0000000000   0.0000000000  -0.7084740701		   0.0000000000  -0.0000000000   0.5738509117

2025-07-16:19:24:39,800 INFO     [psi4.optking.stepAlgorithms:315] 	Current Step Report 
 
	Current energy:      -601.4789399304
	Energy change for the previous step:
		Actual       :        -0.1534087953
		Projected    :        -0.0973249464

2025-07-16:19:24:39,800 INFO     [psi4.optking.stepAlgorithms:318] 	Energy ratio =    1.57625
2025-07-16:19:24:39,800 INFO     [psi4.optking.stepAlgorithms:346] 	Energy ratio indicates good step.
2025-07-16:19:24:39,800 INFO     [psi4.optking.stepAlgorithms:347] 	Intrafrag trust radius increased to 1.000e+00.
2025-07-16:19:24:39,800 INFO     [psi4.optking.stepAlgorithms:750] 	Using RFO solution 1.
2025-07-16:19:24:39,800 INFO     [psi4.optking.displace:73] 	Determining Cartesian step for fragment 1.
2025-07-16:19:24:39,800 INFO     [psi4.optking.displace:378] 	Successfully converged to displaced geometry.
2025-07-16:19:24:39,800 INFO     [psi4.optking.displace:379] 	RMS(dx):  1.282e-16 	Max(dx):  2.220e-16 	RMS(dq):  0.000e+00
2025-07-16:19:24:39,801 INFO     [psi4.optking.displace:132] 

	        --- Internal Coordinate Step in ANG or DEG, aJ/ANG or AJ/DEG ---
	-------------------------------------------------------------------------------
	           Coordinate      Previous         Force          Change          New 
	           ----------      --------        ------          ------        ------
	               R(1,2)       1.31160        4.72786        0.13567       1.44727
	-------------------------------------------------------------------------------

2025-07-16:19:24:39,801 INFO     [psi4.optking.stepAlgorithms:96] 	|target step| :    0.2563882650
2025-07-16:19:24:39,801 INFO     [psi4.optking.stepAlgorithms:97] 	gradient     :   -0.5738584258
2025-07-16:19:24:39,801 INFO     [psi4.optking.stepAlgorithms:98] 	hessian      :    2.0911092607
2025-07-16:19:24:39,801 INFO     [psi4.optking.stepAlgorithms:177] 	Norm of achieved step-size    0.2563882650
2025-07-16:19:24:39,801 INFO     [psi4.optking.stepAlgorithms:179] 	Norm of achieved step-size (cart):    0.1812938808
2025-07-16:19:24:39,801 INFO     [psi4.optking.opt_helper:151] Molsys:

	                            ===> Fragment 1 <== 

	 Z (Atomic Numbers)          Masses                          Geom                  
	       8.000000            15.994915          0.00000000  0.00000000  1.89827624   
	      18.000000            39.962383          0.00000000  0.00000000 -0.83666820   

	 - Coordinate -           - BOHR/RAD -       - ANG/DEG -
	 R(1,2)           =         2.734944           1.447270

2025-07-16:19:24:39,801 INFO     [psi4.optking.convcheck:71] Performing convergence check.
2025-07-16:19:24:39,801 INFO     [psi4.optking.convcheck:263] 
	                                 ==> Convergence Check <==                                  
    
	Measures of convergence in internal coordinates in au.
    
	Criteria marked as inactive (o), active & met (*), and active & unmet ( ).

	----------------------------------------------------------------------------------------------
	   Step    Total Energy     Delta E     Max Force     RMS Force      Max Disp      RMS Disp   
	----------------------------------------------------------------------------------------------
	  Convergence Criteria     1.00e-06 *    3.00e-04 *             o    1.20e-03 *             o
	----------------------------------------------------------------------------------------------
	     2    -601.47893993   -1.53e-01      5.74e-01      5.74e-01 o    2.56e-01      2.56e-01 o  ~
	----------------------------------------------------------------------------------------------


2025-07-16:19:24:39,801 INFO     [psi4.optking.stepAlgorithms:266] 	Convergence check returned False
2025-07-16:19:24:39,818 INFO     [psi4.driver.task_planner:285] PLANNING Atomic:  keywords={'DAMPING_PERCENTAGE': 1.0, 'GEOM_MAXITER': 500, 'SCF__GUESS': 'READ', 'GUESS': 'SAP', 'MAXITER': 500, 'REFERENCE': 'UKS', 'function_kwargs': {}}
2025-07-16:19:24:39,820 INFO     [psi4.driver.driver:636] Compute gradient(): method=b3lyp, basis=cc-pvdz, molecule=default, nre=52.65189216248646
2025-07-16:19:24:40,837 INFO     [psi4.driver.driver:639] Return gradient(): -601.5956682354605
2025-07-16:19:24:40,837 INFO     [psi4.driver.driver:640] [[-0.00000000  0.00000000 -0.35783977]
 [ 0.00000000 -0.00000000  0.35781359]]
2025-07-16:19:24:40,838 INFO     [psi4.optking.history:257] 	Performing BFGS update.
2025-07-16:19:24:40,838 INFO     [psi4.optking.history:268] 	Using 2 previous steps for update.
2025-07-16:19:24:40,838 INFO     [psi4.optking.history:302] 	Steps to be used in Hessian update:  2 1

2025-07-16:19:24:40,839 INFO     [psi4.optking.history:400] 	Updated Hessian (in au) 
 	   1.209546

2025-07-16:19:24:40,839 INFO     [psi4.optking.molsys:874] Projected (PHP) Hessian matrix
	   1.209546

2025-07-16:19:24:40,839 INFO     [psi4.optking.opt_helper:168] 
	         Geometry (au)                                       Gradient (au)
   0.0000000000   0.0000000000   1.9531839840		  -0.0000000000   0.0000000000  -0.3578397749
   0.0000000000   0.0000000000  -0.7817604612		   0.0000000000  -0.0000000000   0.3578135890

2025-07-16:19:24:40,839 INFO     [psi4.optking.stepAlgorithms:315] 	Current Step Report 
 
	Current energy:      -601.5956682355
	Energy change for the previous step:
		Actual       :        -0.1167283051
		Projected    :        -0.0735652831

2025-07-16:19:24:40,839 INFO     [psi4.optking.stepAlgorithms:318] 	Energy ratio =    1.58673
2025-07-16:19:24:40,839 INFO     [psi4.optking.stepAlgorithms:750] 	Using RFO solution 1.
2025-07-16:19:24:40,839 INFO     [psi4.optking.displace:73] 	Determining Cartesian step for fragment 1.
2025-07-16:19:24:40,839 INFO     [psi4.optking.displace:378] 	Successfully converged to displaced geometry.
2025-07-16:19:24:40,839 INFO     [psi4.optking.displace:379] 	RMS(dx):  0.000e+00 	Max(dx):  0.000e+00 	RMS(dq):  0.000e+00
2025-07-16:19:24:40,839 INFO     [psi4.optking.displace:132] 

	        --- Internal Coordinate Step in ANG or DEG, aJ/ANG or AJ/DEG ---
	-------------------------------------------------------------------------------
	           Coordinate      Previous         Force          Change          New 
	           ----------      --------        ------          ------        ------
	               R(1,2)       1.44727        2.94804        0.14482       1.59209
	-------------------------------------------------------------------------------

2025-07-16:19:24:40,839 INFO     [psi4.optking.stepAlgorithms:96] 	|target step| :    0.2736775463
2025-07-16:19:24:40,839 INFO     [psi4.optking.stepAlgorithms:97] 	gradient     :   -0.3578266820
2025-07-16:19:24:40,839 INFO     [psi4.optking.stepAlgorithms:98] 	hessian      :    1.2095463542
2025-07-16:19:24:40,839 INFO     [psi4.optking.stepAlgorithms:177] 	Norm of achieved step-size    0.2736775463
2025-07-16:19:24:40,839 INFO     [psi4.optking.stepAlgorithms:179] 	Norm of achieved step-size (cart):    0.1935192489
2025-07-16:19:24:40,839 INFO     [psi4.optking.opt_helper:151] Molsys:

	                            ===> Fragment 1 <== 

	 Z (Atomic Numbers)          Masses                          Geom                  
	       8.000000            15.994915          0.00000000  0.00000000  2.09002276   
	      18.000000            39.962383          0.00000000  0.00000000 -0.91859923   

	 - Coordinate -           - BOHR/RAD -       - ANG/DEG -
	 R(1,2)           =         3.008622           1.592094

2025-07-16:19:24:40,840 INFO     [psi4.optking.convcheck:71] Performing convergence check.
2025-07-16:19:24:40,840 INFO     [psi4.optking.convcheck:263] 
	                                 ==> Convergence Check <==                                  
    
	Measures of convergence in internal coordinates in au.
    
	Criteria marked as inactive (o), active & met (*), and active & unmet ( ).

	----------------------------------------------------------------------------------------------
	   Step    Total Energy     Delta E     Max Force     RMS Force      Max Disp      RMS Disp   
	----------------------------------------------------------------------------------------------
	  Convergence Criteria     1.00e-06 *    3.00e-04 *             o    1.20e-03 *             o
	----------------------------------------------------------------------------------------------
	     3    -601.59566824   -1.17e-01      3.58e-01      3.58e-01 o    2.74e-01      2.74e-01 o  ~
	----------------------------------------------------------------------------------------------


2025-07-16:19:24:40,840 INFO     [psi4.optking.stepAlgorithms:266] 	Convergence check returned False
2025-07-16:19:24:40,855 INFO     [psi4.driver.task_planner:285] PLANNING Atomic:  keywords={'DAMPING_PERCENTAGE': 1.0, 'GEOM_MAXITER': 500, 'SCF__GUESS': 'READ', 'GUESS': 'SAP', 'MAXITER': 500, 'REFERENCE': 'UKS', 'function_kwargs': {}}
2025-07-16:19:24:40,856 INFO     [psi4.driver.driver:636] Compute gradient(): method=b3lyp, basis=cc-pvdz, molecule=default, nre=47.8624434720037
2025-07-16:19:24:41,885 INFO     [psi4.driver.driver:639] Return gradient(): -601.6733552860139
2025-07-16:19:24:41,885 INFO     [psi4.driver.driver:640] [[ 0.00000000  0.00000000 -0.22122051]
 [ 0.00000000  0.00000000  0.22118721]]
2025-07-16:19:24:41,886 INFO     [psi4.optking.history:257] 	Performing BFGS update.
2025-07-16:19:24:41,886 INFO     [psi4.optking.history:268] 	Using 3 previous steps for update.
2025-07-16:19:24:41,886 WARNING  [psi4.optking.history:286] 	Change in internal coordinate of 5.30e-01 exceeds limit of 5.00e-01.
2025-07-16:19:24:41,886 WARNING  [psi4.optking.history:291] 	Skipping Hessian update for step 2.
2025-07-16:19:24:41,886 WARNING  [psi4.optking.history:286] 	Change in internal coordinate of 7.41e-01 exceeds limit of 5.00e-01.
2025-07-16:19:24:41,886 WARNING  [psi4.optking.history:291] 	Skipping Hessian update for step 1.
2025-07-16:19:24:41,887 INFO     [psi4.optking.history:302] 	Steps to be used in Hessian update:  3

2025-07-16:19:24:41,887 INFO     [psi4.optking.history:400] 	Updated Hessian (in au) 
 	   0.499211

2025-07-16:19:24:41,887 INFO     [psi4.optking.molsys:874] Projected (PHP) Hessian matrix
	   0.499211

2025-07-16:19:24:41,887 INFO     [psi4.optking.opt_helper:168] 
	         Geometry (au)                                       Gradient (au)
   0.0000000000   0.0000000000   2.1486331462		   0.0000000000   0.0000000000  -0.2212205107
   0.0000000000   0.0000000000  -0.8599888454		   0.0000000000   0.0000000000   0.2211872070

2025-07-16:19:24:41,887 INFO     [psi4.optking.stepAlgorithms:315] 	Current Step Report 
 
	Current energy:      -601.6733552860
	Energy change for the previous step:
		Actual       :        -0.0776870506
		Projected    :        -0.0489645642

2025-07-16:19:24:41,887 INFO     [psi4.optking.stepAlgorithms:318] 	Energy ratio =    1.58660
2025-07-16:19:24:41,887 INFO     [psi4.optking.stepAlgorithms:750] 	Using RFO solution 1.
2025-07-16:19:24:41,887 INFO     [psi4.optking.displace:73] 	Determining Cartesian step for fragment 1.
2025-07-16:19:24:41,887 INFO     [psi4.optking.displace:378] 	Successfully converged to displaced geometry.
2025-07-16:19:24:41,887 INFO     [psi4.optking.displace:379] 	RMS(dx):  0.000e+00 	Max(dx):  0.000e+00 	RMS(dq):  0.000e+00
2025-07-16:19:24:41,887 INFO     [psi4.optking.displace:132] 

	        --- Internal Coordinate Step in ANG or DEG, aJ/ANG or AJ/DEG ---
	-------------------------------------------------------------------------------
	           Coordinate      Previous         Force          Change          New 
	           ----------      --------        ------          ------        ------
	               R(1,2)       1.59209        1.82244        0.20074       1.79283
	-------------------------------------------------------------------------------

2025-07-16:19:24:41,887 INFO     [psi4.optking.stepAlgorithms:96] 	|target step| :    0.3793433071
2025-07-16:19:24:41,887 INFO     [psi4.optking.stepAlgorithms:97] 	gradient     :   -0.2212038588
2025-07-16:19:24:41,887 INFO     [psi4.optking.stepAlgorithms:98] 	hessian      :    0.4992109326
2025-07-16:19:24:41,887 INFO     [psi4.optking.stepAlgorithms:177] 	Norm of achieved step-size    0.3793433071
2025-07-16:19:24:41,887 INFO     [psi4.optking.stepAlgorithms:179] 	Norm of achieved step-size (cart):    0.2682362249
2025-07-16:19:24:41,887 INFO     [psi4.optking.opt_helper:151] Molsys:

	                            ===> Fragment 1 <== 

	 Z (Atomic Numbers)          Masses                          Geom                  
	       8.000000            15.994915          0.00000000  0.00000000  2.33830480   
	      18.000000            39.962383          0.00000000  0.00000000 -1.04966050   

	 - Coordinate -           - BOHR/RAD -       - ANG/DEG -
	 R(1,2)           =         3.387965           1.792834

2025-07-16:19:24:41,888 INFO     [psi4.optking.convcheck:71] Performing convergence check.
2025-07-16:19:24:41,888 INFO     [psi4.optking.convcheck:263] 
	                                 ==> Convergence Check <==                                  
    
	Measures of convergence in internal coordinates in au.
    
	Criteria marked as inactive (o), active & met (*), and active & unmet ( ).

	----------------------------------------------------------------------------------------------
	   Step    Total Energy     Delta E     Max Force     RMS Force      Max Disp      RMS Disp   
	----------------------------------------------------------------------------------------------
	  Convergence Criteria     1.00e-06 *    3.00e-04 *             o    1.20e-03 *             o
	----------------------------------------------------------------------------------------------
	     4    -601.67335529   -7.77e-02      2.21e-01      2.21e-01 o    3.79e-01      3.79e-01 o  ~
	----------------------------------------------------------------------------------------------


2025-07-16:19:24:41,888 INFO     [psi4.optking.stepAlgorithms:266] 	Convergence check returned False
2025-07-16:19:24:41,904 INFO     [psi4.driver.task_planner:285] PLANNING Atomic:  keywords={'DAMPING_PERCENTAGE': 1.0, 'GEOM_MAXITER': 500, 'SCF__GUESS': 'READ', 'GUESS': 'SAP', 'MAXITER': 500, 'REFERENCE': 'UKS', 'function_kwargs': {}}
2025-07-16:19:24:41,905 INFO     [psi4.driver.driver:636] Compute gradient(): method=b3lyp, basis=cc-pvdz, molecule=default, nre=42.503386931184046
2025-07-16:19:24:43,10 INFO     [psi4.driver.driver:639] Return gradient(): -601.7340022575661
2025-07-16:19:24:43,10 INFO     [psi4.driver.driver:640] [[ 0.00000000 -0.00000000 -0.10735348]
 [ 0.00000000  0.00000000  0.10733240]]
2025-07-16:19:24:43,11 INFO     [psi4.optking.history:257] 	Performing BFGS update.
2025-07-16:19:24:43,11 INFO     [psi4.optking.history:268] 	Using 4 previous steps for update.
2025-07-16:19:24:43,11 WARNING  [psi4.optking.history:286] 	Change in internal coordinate of 6.53e-01 exceeds limit of 5.00e-01.
2025-07-16:19:24:43,11 WARNING  [psi4.optking.history:291] 	Skipping Hessian update for step 3.
2025-07-16:19:24:43,11 WARNING  [psi4.optking.history:286] 	Change in internal coordinate of 9.09e-01 exceeds limit of 5.00e-01.
2025-07-16:19:24:43,11 WARNING  [psi4.optking.history:291] 	Skipping Hessian update for step 2.
2025-07-16:19:24:43,12 WARNING  [psi4.optking.history:286] 	Change in internal coordinate of 1.12e+00 exceeds limit of 5.00e-01.
2025-07-16:19:24:43,12 WARNING  [psi4.optking.history:291] 	Skipping Hessian update for step 1.
2025-07-16:19:24:43,12 INFO     [psi4.optking.history:302] 	Steps to be used in Hessian update:  4

2025-07-16:19:24:43,12 INFO     [psi4.optking.history:400] 	Updated Hessian (in au) 
 	   0.300153

2025-07-16:19:24:43,12 INFO     [psi4.optking.molsys:874] Projected (PHP) Hessian matrix
	   0.300153

2025-07-16:19:24:43,12 INFO     [psi4.optking.opt_helper:168] 
	         Geometry (au)                                       Gradient (au)
   0.0000000000   0.0000000000   2.4195444158		   0.0000000000  -0.0000000000  -0.1073534753
   0.0000000000   0.0000000000  -0.9684208829		   0.0000000000   0.0000000000   0.1073324044

2025-07-16:19:24:43,12 INFO     [psi4.optking.stepAlgorithms:315] 	Current Step Report 
 
	Current energy:      -601.7340022576
	Energy change for the previous step:
		Actual       :        -0.0606469716
		Projected    :        -0.0419561017

2025-07-16:19:24:43,12 INFO     [psi4.optking.stepAlgorithms:318] 	Energy ratio =    1.44549
2025-07-16:19:24:43,12 INFO     [psi4.optking.stepAlgorithms:750] 	Using RFO solution 1.
2025-07-16:19:24:43,12 INFO     [psi4.optking.displace:73] 	Determining Cartesian step for fragment 1.
2025-07-16:19:24:43,12 INFO     [psi4.optking.displace:378] 	Successfully converged to displaced geometry.
2025-07-16:19:24:43,12 INFO     [psi4.optking.displace:379] 	RMS(dx):  0.000e+00 	Max(dx):  0.000e+00 	RMS(dq):  0.000e+00
2025-07-16:19:24:43,12 INFO     [psi4.optking.displace:132] 

	        --- Internal Coordinate Step in ANG or DEG, aJ/ANG or AJ/DEG ---
	-------------------------------------------------------------------------------
	           Coordinate      Previous         Force          Change          New 
	           ----------      --------        ------          ------        ------
	               R(1,2)       1.79283        0.88437        0.16977       1.96260
	-------------------------------------------------------------------------------

2025-07-16:19:24:43,12 INFO     [psi4.optking.stepAlgorithms:96] 	|target step| :    0.3208189889
2025-07-16:19:24:43,12 INFO     [psi4.optking.stepAlgorithms:97] 	gradient     :   -0.1073429399
2025-07-16:19:24:43,12 INFO     [psi4.optking.stepAlgorithms:98] 	hessian      :    0.3001527030
2025-07-16:19:24:43,12 INFO     [psi4.optking.stepAlgorithms:177] 	Norm of achieved step-size    0.3208189889
2025-07-16:19:24:43,12 INFO     [psi4.optking.stepAlgorithms:179] 	Norm of achieved step-size (cart):    0.2268532826
2025-07-16:19:24:43,13 INFO     [psi4.optking.opt_helper:151] Molsys:

	                            ===> Fragment 1 <== 

	 Z (Atomic Numbers)          Masses                          Geom                  
	       8.000000            15.994915          0.00000000  0.00000000  2.57995391   
	      18.000000            39.962383          0.00000000  0.00000000 -1.12883038   

	 - Coordinate -           - BOHR/RAD -       - ANG/DEG -
	 R(1,2)           =         3.708784           1.962604

2025-07-16:19:24:43,13 INFO     [psi4.optking.convcheck:71] Performing convergence check.
2025-07-16:19:24:43,13 INFO     [psi4.optking.convcheck:263] 
	                                 ==> Convergence Check <==                                  
    
	Measures of convergence in internal coordinates in au.
    
	Criteria marked as inactive (o), active & met (*), and active & unmet ( ).

	----------------------------------------------------------------------------------------------
	   Step    Total Energy     Delta E     Max Force     RMS Force      Max Disp      RMS Disp   
	----------------------------------------------------------------------------------------------
	  Convergence Criteria     1.00e-06 *    3.00e-04 *             o    1.20e-03 *             o
	----------------------------------------------------------------------------------------------
	     5    -601.73400226   -6.06e-02      1.07e-01      1.07e-01 o    3.21e-01      3.21e-01 o  ~
	----------------------------------------------------------------------------------------------


2025-07-16:19:24:43,13 INFO     [psi4.optking.stepAlgorithms:266] 	Convergence check returned False
2025-07-16:19:24:43,24 INFO     [psi4.driver.task_planner:285] PLANNING Atomic:  keywords={'DAMPING_PERCENTAGE': 1.0, 'GEOM_MAXITER': 500, 'SCF__GUESS': 'READ', 'GUESS': 'SAP', 'MAXITER': 500, 'REFERENCE': 'UKS', 'function_kwargs': {}}
2025-07-16:19:24:43,26 INFO     [psi4.driver.driver:636] Compute gradient(): method=b3lyp, basis=cc-pvdz, molecule=default, nre=38.826739123291844
2025-07-16:19:24:44,107 INFO     [psi4.driver.driver:639] Return gradient(): -601.7572362708956
2025-07-16:19:24:44,107 INFO     [psi4.driver.driver:640] [[ 0.00000000 -0.00000000 -0.04154384]
 [ 0.00000000 -0.00000000  0.04152036]]
2025-07-16:19:24:44,108 INFO     [psi4.optking.history:257] 	Performing BFGS update.
2025-07-16:19:24:44,108 INFO     [psi4.optking.history:268] 	Using 4 previous steps for update.
2025-07-16:19:24:44,108 WARNING  [psi4.optking.history:286] 	Change in internal coordinate of 7.00e-01 exceeds limit of 5.00e-01.
2025-07-16:19:24:44,109 WARNING  [psi4.optking.history:291] 	Skipping Hessian update for step 4.
2025-07-16:19:24:44,109 WARNING  [psi4.optking.history:286] 	Change in internal coordinate of 9.74e-01 exceeds limit of 5.00e-01.
2025-07-16:19:24:44,109 WARNING  [psi4.optking.history:291] 	Skipping Hessian update for step 3.
2025-07-16:19:24:44,109 WARNING  [psi4.optking.history:286] 	Change in internal coordinate of 1.23e+00 exceeds limit of 5.00e-01.
2025-07-16:19:24:44,109 WARNING  [psi4.optking.history:291] 	Skipping Hessian update for step 2.
2025-07-16:19:24:44,109 WARNING  [psi4.optking.history:286] 	Change in internal coordinate of 1.44e+00 exceeds limit of 5.00e-01.
2025-07-16:19:24:44,109 WARNING  [psi4.optking.history:291] 	Skipping Hessian update for step 1.
2025-07-16:19:24:44,109 INFO     [psi4.optking.history:302] 	Steps to be used in Hessian update:  5

2025-07-16:19:24:44,109 INFO     [psi4.optking.history:400] 	Updated Hessian (in au) 
 	   0.205134

2025-07-16:19:24:44,109 INFO     [psi4.optking.molsys:874] Projected (PHP) Hessian matrix
	   0.205134

2025-07-16:19:24:44,109 INFO     [psi4.optking.opt_helper:168] 
	         Geometry (au)                                       Gradient (au)
   0.0000000000   0.0000000000   2.6486600426		   0.0000000000  -0.0000000000  -0.0415438408
   0.0000000000   0.0000000000  -1.0601242450		   0.0000000000  -0.0000000000   0.0415203570

2025-07-16:19:24:44,109 INFO     [psi4.optking.stepAlgorithms:315] 	Current Step Report 
 
	Current energy:      -601.7572362709
	Energy change for the previous step:
		Actual       :        -0.0232340133
		Projected    :        -0.0172188267

2025-07-16:19:24:44,109 INFO     [psi4.optking.stepAlgorithms:318] 	Energy ratio =    1.34934
2025-07-16:19:24:44,109 INFO     [psi4.optking.stepAlgorithms:750] 	Using RFO solution 1.
2025-07-16:19:24:44,109 INFO     [psi4.optking.displace:73] 	Determining Cartesian step for fragment 1.
2025-07-16:19:24:44,109 INFO     [psi4.optking.displace:378] 	Successfully converged to displaced geometry.
2025-07-16:19:24:44,110 INFO     [psi4.optking.displace:379] 	RMS(dx):  1.282e-16 	Max(dx):  2.220e-16 	RMS(dq):  0.000e+00
2025-07-16:19:24:44,110 INFO     [psi4.optking.displace:132] 

	        --- Internal Coordinate Step in ANG or DEG, aJ/ANG or AJ/DEG ---
	-------------------------------------------------------------------------------
	           Coordinate      Previous         Force          Change          New 
	           ----------      --------        ------          ------        ------
	               R(1,2)       1.96260        0.34217        0.10307       2.06568
	-------------------------------------------------------------------------------

2025-07-16:19:24:44,110 INFO     [psi4.optking.stepAlgorithms:96] 	|target step| :    0.1947819294
2025-07-16:19:24:44,110 INFO     [psi4.optking.stepAlgorithms:97] 	gradient     :   -0.0415320989
2025-07-16:19:24:44,110 INFO     [psi4.optking.stepAlgorithms:98] 	hessian      :    0.2051338705
2025-07-16:19:24:44,110 INFO     [psi4.optking.stepAlgorithms:177] 	Norm of achieved step-size    0.1947819294
2025-07-16:19:24:44,110 INFO     [psi4.optking.stepAlgorithms:179] 	Norm of achieved step-size (cart):    0.1377316232
2025-07-16:19:24:44,110 INFO     [psi4.optking.opt_helper:151] Molsys:

	                            ===> Fragment 1 <== 

	 Z (Atomic Numbers)          Masses                          Geom                  
	       8.000000            15.994915          0.00000000  0.00000000  2.74605101   
	      18.000000            39.962383          0.00000000  0.00000000 -1.15751521   

	 - Coordinate -           - BOHR/RAD -       - ANG/DEG -
	 R(1,2)           =         3.903566           2.065678

2025-07-16:19:24:44,110 INFO     [psi4.optking.convcheck:71] Performing convergence check.
2025-07-16:19:24:44,110 INFO     [psi4.optking.convcheck:263] 
	                                 ==> Convergence Check <==                                  
    
	Measures of convergence in internal coordinates in au.
    
	Criteria marked as inactive (o), active & met (*), and active & unmet ( ).

	----------------------------------------------------------------------------------------------
	   Step    Total Energy     Delta E     Max Force     RMS Force      Max Disp      RMS Disp   
	----------------------------------------------------------------------------------------------
	  Convergence Criteria     1.00e-06 *    3.00e-04 *             o    1.20e-03 *             o
	----------------------------------------------------------------------------------------------
	     6    -601.75723627   -2.32e-02      4.15e-02      4.15e-02 o    1.95e-01      1.95e-01 o  ~
	----------------------------------------------------------------------------------------------


2025-07-16:19:24:44,110 INFO     [psi4.optking.stepAlgorithms:266] 	Convergence check returned False
2025-07-16:19:24:44,121 INFO     [psi4.driver.task_planner:285] PLANNING Atomic:  keywords={'DAMPING_PERCENTAGE': 1.0, 'GEOM_MAXITER': 500, 'SCF__GUESS': 'READ', 'GUESS': 'SAP', 'MAXITER': 500, 'REFERENCE': 'UKS', 'function_kwargs': {}}
2025-07-16:19:24:44,122 INFO     [psi4.driver.driver:636] Compute gradient(): method=b3lyp, basis=cc-pvdz, molecule=default, nre=36.889344766522065
2025-07-16:19:24:45,248 INFO     [psi4.driver.driver:639] Return gradient(): -601.7624259674396
2025-07-16:19:24:45,248 INFO     [psi4.driver.driver:640] [[ 0.00000000  0.00000000 -0.01320347]
 [ 0.00000000  0.00000000  0.01318163]]
2025-07-16:19:24:45,249 INFO     [psi4.optking.history:257] 	Performing BFGS update.
2025-07-16:19:24:45,249 INFO     [psi4.optking.history:268] 	Using 4 previous steps for update.
2025-07-16:19:24:45,249 WARNING  [psi4.optking.history:286] 	Change in internal coordinate of 5.16e-01 exceeds limit of 5.00e-01.
2025-07-16:19:24:45,249 WARNING  [psi4.optking.history:291] 	Skipping Hessian update for step 5.
2025-07-16:19:24:45,250 WARNING  [psi4.optking.history:286] 	Change in internal coordinate of 8.95e-01 exceeds limit of 5.00e-01.
2025-07-16:19:24:45,250 WARNING  [psi4.optking.history:291] 	Skipping Hessian update for step 4.
2025-07-16:19:24:45,250 WARNING  [psi4.optking.history:286] 	Change in internal coordinate of 1.17e+00 exceeds limit of 5.00e-01.
2025-07-16:19:24:45,250 WARNING  [psi4.optking.history:291] 	Skipping Hessian update for step 3.
2025-07-16:19:24:45,250 WARNING  [psi4.optking.history:286] 	Change in internal coordinate of 1.43e+00 exceeds limit of 5.00e-01.
2025-07-16:19:24:45,250 WARNING  [psi4.optking.history:291] 	Skipping Hessian update for step 2.
2025-07-16:19:24:45,250 WARNING  [psi4.optking.history:286] 	Change in internal coordinate of 1.64e+00 exceeds limit of 5.00e-01.
2025-07-16:19:24:45,250 WARNING  [psi4.optking.history:291] 	Skipping Hessian update for step 1.
2025-07-16:19:24:45,250 INFO     [psi4.optking.history:302] 	Steps to be used in Hessian update:  6

2025-07-16:19:24:45,250 INFO     [psi4.optking.history:400] 	Updated Hessian (in au) 
 	   0.145494

2025-07-16:19:24:45,250 INFO     [psi4.optking.molsys:874] Projected (PHP) Hessian matrix
	   0.145494

2025-07-16:19:24:45,250 INFO     [psi4.optking.opt_helper:168] 
	         Geometry (au)                                       Gradient (au)
   0.0000000000   0.0000000000   2.7877652247		   0.0000000000   0.0000000000  -0.0132034678
   0.0000000000   0.0000000000  -1.1158009924		   0.0000000000   0.0000000000   0.0131816257

2025-07-16:19:24:45,250 INFO     [psi4.optking.stepAlgorithms:315] 	Current Step Report 
 
	Current energy:      -601.7624259674
	Energy change for the previous step:
		Actual       :        -0.0051896965
		Projected    :        -0.0040448512

2025-07-16:19:24:45,250 INFO     [psi4.optking.stepAlgorithms:318] 	Energy ratio =    1.28304
2025-07-16:19:24:45,250 INFO     [psi4.optking.stepAlgorithms:750] 	Using RFO solution 1.
2025-07-16:19:24:45,250 INFO     [psi4.optking.displace:73] 	Determining Cartesian step for fragment 1.
2025-07-16:19:24:45,250 INFO     [psi4.optking.displace:378] 	Successfully converged to displaced geometry.
2025-07-16:19:24:45,250 INFO     [psi4.optking.displace:379] 	RMS(dx):  0.000e+00 	Max(dx):  0.000e+00 	RMS(dq):  0.000e+00
2025-07-16:19:24:45,251 INFO     [psi4.optking.displace:132] 

	        --- Internal Coordinate Step in ANG or DEG, aJ/ANG or AJ/DEG ---
	-------------------------------------------------------------------------------
	           Coordinate      Previous         Force          Change          New 
	           ----------      --------        ------          ------        ------
	               R(1,2)       2.06568        0.10869        0.04759       2.11327
	-------------------------------------------------------------------------------

2025-07-16:19:24:45,251 INFO     [psi4.optking.stepAlgorithms:96] 	|target step| :    0.0899408268
2025-07-16:19:24:45,251 INFO     [psi4.optking.stepAlgorithms:97] 	gradient     :   -0.0131925468
2025-07-16:19:24:45,251 INFO     [psi4.optking.stepAlgorithms:98] 	hessian      :    0.1454937438
2025-07-16:19:24:45,251 INFO     [psi4.optking.stepAlgorithms:177] 	Norm of achieved step-size    0.0899408268
2025-07-16:19:24:45,251 INFO     [psi4.optking.stepAlgorithms:179] 	Norm of achieved step-size (cart):    0.0635977686
2025-07-16:19:24:45,251 INFO     [psi4.optking.opt_helper:151] Molsys:

	                            ===> Fragment 1 <== 

	 Z (Atomic Numbers)          Masses                          Geom                  
	       8.000000            15.994915          0.00000000  0.00000000  2.83273564   
	      18.000000            39.962383          0.00000000  0.00000000 -1.16077141   

	 - Coordinate -           - BOHR/RAD -       - ANG/DEG -
	 R(1,2)           =         3.993507           2.113273

2025-07-16:19:24:45,251 INFO     [psi4.optking.convcheck:71] Performing convergence check.
2025-07-16:19:24:45,251 INFO     [psi4.optking.convcheck:263] 
	                                 ==> Convergence Check <==                                  
    
	Measures of convergence in internal coordinates in au.
    
	Criteria marked as inactive (o), active & met (*), and active & unmet ( ).

	----------------------------------------------------------------------------------------------
	   Step    Total Energy     Delta E     Max Force     RMS Force      Max Disp      RMS Disp   
	----------------------------------------------------------------------------------------------
	  Convergence Criteria     1.00e-06 *    3.00e-04 *             o    1.20e-03 *             o
	----------------------------------------------------------------------------------------------
	     7    -601.76242597   -5.19e-03      1.32e-02      1.32e-02 o    8.99e-02      8.99e-02 o  ~
	----------------------------------------------------------------------------------------------


2025-07-16:19:24:45,251 INFO     [psi4.optking.stepAlgorithms:266] 	Convergence check returned False
2025-07-16:19:24:45,267 INFO     [psi4.driver.task_planner:285] PLANNING Atomic:  keywords={'DAMPING_PERCENTAGE': 1.0, 'GEOM_MAXITER': 500, 'SCF__GUESS': 'READ', 'GUESS': 'SAP', 'MAXITER': 500, 'REFERENCE': 'UKS', 'function_kwargs': {}}
2025-07-16:19:24:45,268 INFO     [psi4.driver.driver:636] Compute gradient(): method=b3lyp, basis=cc-pvdz, molecule=default, nre=36.05853161589766
2025-07-16:19:24:46,321 INFO     [psi4.driver.driver:639] Return gradient(): -601.7631362158822
2025-07-16:19:24:46,321 INFO     [psi4.driver.driver:640] [[ 0.00000000  0.00000000 -0.00288688]
 [ 0.00000000  0.00000000  0.00287254]]
2025-07-16:19:24:46,322 INFO     [psi4.optking.history:257] 	Performing BFGS update.
2025-07-16:19:24:46,322 INFO     [psi4.optking.history:268] 	Using 4 previous steps for update.
2025-07-16:19:24:46,322 WARNING  [psi4.optking.history:286] 	Change in internal coordinate of 6.06e-01 exceeds limit of 5.00e-01.
2025-07-16:19:24:46,322 WARNING  [psi4.optking.history:291] 	Skipping Hessian update for step 5.
2025-07-16:19:24:46,322 WARNING  [psi4.optking.history:286] 	Change in internal coordinate of 9.85e-01 exceeds limit of 5.00e-01.
2025-07-16:19:24:46,322 WARNING  [psi4.optking.history:291] 	Skipping Hessian update for step 4.
2025-07-16:19:24:46,322 WARNING  [psi4.optking.history:286] 	Change in internal coordinate of 1.26e+00 exceeds limit of 5.00e-01.
2025-07-16:19:24:46,322 WARNING  [psi4.optking.history:291] 	Skipping Hessian update for step 3.
2025-07-16:19:24:46,323 WARNING  [psi4.optking.history:286] 	Change in internal coordinate of 1.51e+00 exceeds limit of 5.00e-01.
2025-07-16:19:24:46,323 WARNING  [psi4.optking.history:291] 	Skipping Hessian update for step 2.
2025-07-16:19:24:46,323 WARNING  [psi4.optking.history:286] 	Change in internal coordinate of 1.73e+00 exceeds limit of 5.00e-01.
2025-07-16:19:24:46,323 WARNING  [psi4.optking.history:291] 	Skipping Hessian update for step 1.
2025-07-16:19:24:46,323 INFO     [psi4.optking.history:302] 	Steps to be used in Hessian update:  7 6

2025-07-16:19:24:46,323 INFO     [psi4.optking.history:400] 	Updated Hessian (in au) 
 	   0.135754

2025-07-16:19:24:46,323 INFO     [psi4.optking.molsys:874] Projected (PHP) Hessian matrix
	   0.135754

2025-07-16:19:24:46,323 INFO     [psi4.optking.opt_helper:168] 
	         Geometry (au)                                       Gradient (au)
   0.0000000000   0.0000000000   2.8519972359		   0.0000000000   0.0000000000  -0.0028868813
   0.0000000000   0.0000000000  -1.1415098079		   0.0000000000   0.0000000000   0.0028725412

2025-07-16:19:24:46,323 INFO     [psi4.optking.stepAlgorithms:315] 	Current Step Report 
 
	Current energy:      -601.7631362159
	Energy change for the previous step:
		Actual       :        -0.0007102484
		Projected    :        -0.0005932743

2025-07-16:19:24:46,323 INFO     [psi4.optking.stepAlgorithms:318] 	Energy ratio =    1.19717
2025-07-16:19:24:46,323 INFO     [psi4.optking.stepAlgorithms:750] 	Using RFO solution 1.
2025-07-16:19:24:46,323 INFO     [psi4.optking.displace:73] 	Determining Cartesian step for fragment 1.
2025-07-16:19:24:46,323 INFO     [psi4.optking.displace:378] 	Successfully converged to displaced geometry.
2025-07-16:19:24:46,323 INFO     [psi4.optking.displace:379] 	RMS(dx):  0.000e+00 	Max(dx):  0.000e+00 	RMS(dq):  0.000e+00
2025-07-16:19:24:46,323 INFO     [psi4.optking.displace:132] 

	        --- Internal Coordinate Step in ANG or DEG, aJ/ANG or AJ/DEG ---
	-------------------------------------------------------------------------------
	           Coordinate      Previous         Force          Change          New 
	           ----------      --------        ------          ------        ------
	               R(1,2)       2.11327        0.02373        0.01122       2.12449
	-------------------------------------------------------------------------------

2025-07-16:19:24:46,323 INFO     [psi4.optking.stepAlgorithms:96] 	|target step| :    0.0212031069
2025-07-16:19:24:46,323 INFO     [psi4.optking.stepAlgorithms:97] 	gradient     :   -0.0028797112
2025-07-16:19:24:46,323 INFO     [psi4.optking.stepAlgorithms:98] 	hessian      :    0.1357544729
2025-07-16:19:24:46,323 INFO     [psi4.optking.stepAlgorithms:177] 	Norm of achieved step-size    0.0212031069
2025-07-16:19:24:46,324 INFO     [psi4.optking.stepAlgorithms:179] 	Norm of achieved step-size (cart):    0.0149928607
2025-07-16:19:24:46,324 INFO     [psi4.optking.opt_helper:151] Molsys:

	                            ===> Fragment 1 <== 

	 Z (Atomic Numbers)          Masses                          Geom                  
	       8.000000            15.994915          0.00000000  0.00000000  2.86259879   
	      18.000000            39.962383          0.00000000  0.00000000 -1.15211136   

	 - Coordinate -           - BOHR/RAD -       - ANG/DEG -
	 R(1,2)           =         4.014710           2.124493

2025-07-16:19:24:46,324 INFO     [psi4.optking.convcheck:71] Performing convergence check.
2025-07-16:19:24:46,324 INFO     [psi4.optking.convcheck:263] 
	                                 ==> Convergence Check <==                                  
    
	Measures of convergence in internal coordinates in au.
    
	Criteria marked as inactive (o), active & met (*), and active & unmet ( ).

	----------------------------------------------------------------------------------------------
	   Step    Total Energy     Delta E     Max Force     RMS Force      Max Disp      RMS Disp   
	----------------------------------------------------------------------------------------------
	  Convergence Criteria     1.00e-06 *    3.00e-04 *             o    1.20e-03 *             o
	----------------------------------------------------------------------------------------------
	     8    -601.76313622   -7.10e-04      2.88e-03      2.88e-03 o    2.12e-02      2.12e-02 o  ~
	----------------------------------------------------------------------------------------------


2025-07-16:19:24:46,324 INFO     [psi4.optking.stepAlgorithms:266] 	Convergence check returned False
2025-07-16:19:24:46,340 INFO     [psi4.driver.task_planner:285] PLANNING Atomic:  keywords={'DAMPING_PERCENTAGE': 1.0, 'GEOM_MAXITER': 500, 'SCF__GUESS': 'READ', 'GUESS': 'SAP', 'MAXITER': 500, 'REFERENCE': 'UKS', 'function_kwargs': {}}
2025-07-16:19:24:46,340 INFO     [psi4.driver.driver:636] Compute gradient(): method=b3lyp, basis=cc-pvdz, molecule=default, nre=35.868093733478545
2025-07-16:19:24:47,392 INFO     [psi4.driver.driver:639] Return gradient(): -601.7631739103678
2025-07-16:19:24:47,393 INFO     [psi4.driver.driver:640] [[ 0.00000000 -0.00000000 -0.00069349]
 [ 0.00000000  0.00000000  0.00068062]]
2025-07-16:19:24:47,394 INFO     [psi4.optking.history:257] 	Performing BFGS update.
2025-07-16:19:24:47,394 INFO     [psi4.optking.history:268] 	Using 4 previous steps for update.
2025-07-16:19:24:47,394 WARNING  [psi4.optking.history:286] 	Change in internal coordinate of 6.27e-01 exceeds limit of 5.00e-01.
2025-07-16:19:24:47,394 WARNING  [psi4.optking.history:291] 	Skipping Hessian update for step 5.
2025-07-16:19:24:47,394 WARNING  [psi4.optking.history:286] 	Change in internal coordinate of 1.01e+00 exceeds limit of 5.00e-01.
2025-07-16:19:24:47,394 WARNING  [psi4.optking.history:291] 	Skipping Hessian update for step 4.
2025-07-16:19:24:47,394 WARNING  [psi4.optking.history:286] 	Change in internal coordinate of 1.28e+00 exceeds limit of 5.00e-01.
2025-07-16:19:24:47,394 WARNING  [psi4.optking.history:291] 	Skipping Hessian update for step 3.
2025-07-16:19:24:47,394 WARNING  [psi4.optking.history:286] 	Change in internal coordinate of 1.54e+00 exceeds limit of 5.00e-01.
2025-07-16:19:24:47,394 WARNING  [psi4.optking.history:291] 	Skipping Hessian update for step 2.
2025-07-16:19:24:47,394 WARNING  [psi4.optking.history:286] 	Change in internal coordinate of 1.75e+00 exceeds limit of 5.00e-01.
2025-07-16:19:24:47,394 WARNING  [psi4.optking.history:291] 	Skipping Hessian update for step 1.
2025-07-16:19:24:47,394 INFO     [psi4.optking.history:302] 	Steps to be used in Hessian update:  8 7 6

2025-07-16:19:24:47,394 INFO     [psi4.optking.history:400] 	Updated Hessian (in au) 
 	   0.133513

2025-07-16:19:24:47,395 INFO     [psi4.optking.molsys:874] Projected (PHP) Hessian matrix
	   0.133513

2025-07-16:19:24:47,395 INFO     [psi4.optking.opt_helper:168] 
	         Geometry (au)                                       Gradient (au)
   0.0000000000   0.0000000000   2.8671396162		   0.0000000000  -0.0000000000  -0.0006934934
   0.0000000000   0.0000000000  -1.1475705346		   0.0000000000   0.0000000000   0.0006806181

2025-07-16:19:24:47,395 INFO     [psi4.optking.stepAlgorithms:315] 	Current Step Report 
 
	Current energy:      -601.7631739104
	Energy change for the previous step:
		Actual       :        -0.0000376945
		Projected    :        -0.0000305294

2025-07-16:19:24:47,395 INFO     [psi4.optking.stepAlgorithms:318] 	Energy ratio =    1.23469
2025-07-16:19:24:47,395 INFO     [psi4.optking.stepAlgorithms:750] 	Using RFO solution 1.
2025-07-16:19:24:47,395 INFO     [psi4.optking.displace:73] 	Determining Cartesian step for fragment 1.
2025-07-16:19:24:47,395 INFO     [psi4.optking.displace:378] 	Successfully converged to displaced geometry.
2025-07-16:19:24:47,395 INFO     [psi4.optking.displace:379] 	RMS(dx):  0.000e+00 	Max(dx):  0.000e+00 	RMS(dq):  0.000e+00
2025-07-16:19:24:47,395 INFO     [psi4.optking.displace:132] 

	        --- Internal Coordinate Step in ANG or DEG, aJ/ANG or AJ/DEG ---
	-------------------------------------------------------------------------------
	           Coordinate      Previous         Force          Change          New 
	           ----------      --------        ------          ------        ------
	               R(1,2)       2.12449        0.00566        0.00272       2.12722
	-------------------------------------------------------------------------------

2025-07-16:19:24:47,395 INFO     [psi4.optking.stepAlgorithms:96] 	|target step| :    0.0051458524
2025-07-16:19:24:47,395 INFO     [psi4.optking.stepAlgorithms:97] 	gradient     :   -0.0006870558
2025-07-16:19:24:47,395 INFO     [psi4.optking.stepAlgorithms:98] 	hessian      :    0.1335128803
2025-07-16:19:24:47,395 INFO     [psi4.optking.stepAlgorithms:177] 	Norm of achieved step-size    0.0051458524
2025-07-16:19:24:47,395 INFO     [psi4.optking.stepAlgorithms:179] 	Norm of achieved step-size (cart):    0.0036386671
2025-07-16:19:24:47,395 INFO     [psi4.optking.opt_helper:151] Molsys:

	                            ===> Fragment 1 <== 

	 Z (Atomic Numbers)          Masses                          Geom                  
	       8.000000            15.994915          0.00000000  0.00000000  2.86971254   
	      18.000000            39.962383          0.00000000  0.00000000 -1.15014346   

	 - Coordinate -           - BOHR/RAD -       - ANG/DEG -
	 R(1,2)           =         4.019856           2.127216

2025-07-16:19:24:47,396 INFO     [psi4.optking.convcheck:71] Performing convergence check.
2025-07-16:19:24:47,396 INFO     [psi4.optking.convcheck:263] 
	                                 ==> Convergence Check <==                                  
    
	Measures of convergence in internal coordinates in au.
    
	Criteria marked as inactive (o), active & met (*), and active & unmet ( ).

	----------------------------------------------------------------------------------------------
	   Step    Total Energy     Delta E     Max Force     RMS Force      Max Disp      RMS Disp   
	----------------------------------------------------------------------------------------------
	  Convergence Criteria     1.00e-06 *    3.00e-04 *             o    1.20e-03 *             o
	----------------------------------------------------------------------------------------------
	     9    -601.76317391   -3.77e-05      6.87e-04      6.87e-04 o    5.15e-03      5.15e-03 o  ~
	----------------------------------------------------------------------------------------------


2025-07-16:19:24:47,396 INFO     [psi4.optking.stepAlgorithms:266] 	Convergence check returned False
2025-07-16:19:24:47,416 INFO     [psi4.driver.task_planner:285] PLANNING Atomic:  keywords={'DAMPING_PERCENTAGE': 1.0, 'GEOM_MAXITER': 500, 'SCF__GUESS': 'READ', 'GUESS': 'SAP', 'MAXITER': 500, 'REFERENCE': 'UKS', 'function_kwargs': {}}
2025-07-16:19:24:47,418 INFO     [psi4.driver.driver:636] Compute gradient(): method=b3lyp, basis=cc-pvdz, molecule=default, nre=35.822178677174875
2025-07-16:19:24:48,370 INFO     [psi4.driver.driver:639] Return gradient(): -601.7631761311075
2025-07-16:19:24:48,370 INFO     [psi4.driver.driver:640] [[ 0.00000000  0.00000000 -0.00017455]
 [ 0.00000000  0.00000000  0.00016198]]
2025-07-16:19:24:48,373 INFO     [psi4.optking.history:257] 	Performing BFGS update.
2025-07-16:19:24:48,373 INFO     [psi4.optking.history:268] 	Using 4 previous steps for update.
2025-07-16:19:24:48,373 INFO     [psi4.optking.history:302] 	Steps to be used in Hessian update:  9 8 7 6

2025-07-16:19:24:48,374 INFO     [psi4.optking.history:400] 	Updated Hessian (in au) 
 	   0.132972

2025-07-16:19:24:48,374 INFO     [psi4.optking.molsys:874] Projected (PHP) Hessian matrix
	   0.132972

2025-07-16:19:24:48,374 INFO     [psi4.optking.opt_helper:168] 
	         Geometry (au)                                       Gradient (au)
   0.0000000000   0.0000000000   2.8708145707		   0.0000000000   0.0000000000  -0.0001745484
   0.0000000000   0.0000000000  -1.1490414324		   0.0000000000   0.0000000000   0.0001619781

2025-07-16:19:24:48,374 INFO     [psi4.optking.stepAlgorithms:315] 	Current Step Report 
 
	Current energy:      -601.7631761311
	Energy change for the previous step:
		Actual       :        -0.0000022207
		Projected    :        -0.0000017677

2025-07-16:19:24:48,374 INFO     [psi4.optking.stepAlgorithms:318] 	Energy ratio =    1.25626
2025-07-16:19:24:48,374 INFO     [psi4.optking.stepAlgorithms:750] 	Using RFO solution 1.
2025-07-16:19:24:48,374 INFO     [psi4.optking.displace:73] 	Determining Cartesian step for fragment 1.
2025-07-16:19:24:48,375 INFO     [psi4.optking.displace:378] 	Successfully converged to displaced geometry.
2025-07-16:19:24:48,375 INFO     [psi4.optking.displace:379] 	RMS(dx):  2.564e-16 	Max(dx):  4.441e-16 	RMS(dq):  8.882e-16
2025-07-16:19:24:48,375 INFO     [psi4.optking.displace:132] 

	        --- Internal Coordinate Step in ANG or DEG, aJ/ANG or AJ/DEG ---
	-------------------------------------------------------------------------------
	           Coordinate      Previous         Force          Change          New 
	           ----------      --------        ------          ------        ------
	               R(1,2)       2.12722        0.00139        0.00067       2.12789
	-------------------------------------------------------------------------------

2025-07-16:19:24:48,375 INFO     [psi4.optking.stepAlgorithms:96] 	|target step| :    0.0012654011
2025-07-16:19:24:48,375 INFO     [psi4.optking.stepAlgorithms:97] 	gradient     :   -0.0001682632
2025-07-16:19:24:48,375 INFO     [psi4.optking.stepAlgorithms:98] 	hessian      :    0.1329720243
2025-07-16:19:24:48,375 INFO     [psi4.optking.stepAlgorithms:177] 	Norm of achieved step-size    0.0012654011
2025-07-16:19:24:48,375 INFO     [psi4.optking.stepAlgorithms:179] 	Norm of achieved step-size (cart):    0.0008947737
2025-07-16:19:24:48,375 INFO     [psi4.optking.opt_helper:151] Molsys:

	                            ===> Fragment 1 <== 

	 Z (Atomic Numbers)          Masses                          Geom                  
	       8.000000            15.994915          0.00000000  0.00000000  2.87144727   
	      18.000000            39.962383          0.00000000  0.00000000 -1.14967413   

	 - Coordinate -           - BOHR/RAD -       - ANG/DEG -
	 R(1,2)           =         4.021121           2.127886

2025-07-16:19:24:48,376 INFO     [psi4.optking.convcheck:71] Performing convergence check.
2025-07-16:19:24:48,376 INFO     [psi4.optking.convcheck:263] 
	                                 ==> Convergence Check <==                                  
    
	Measures of convergence in internal coordinates in au.
    
	Criteria marked as inactive (o), active & met (*), and active & unmet ( ).

	----------------------------------------------------------------------------------------------
	   Step    Total Energy     Delta E     Max Force     RMS Force      Max Disp      RMS Disp   
	----------------------------------------------------------------------------------------------
	  Convergence Criteria     1.00e-06 *    3.00e-04 *             o    1.20e-03 *             o
	----------------------------------------------------------------------------------------------
	    10    -601.76317613   -2.22e-06      1.68e-04 *    1.68e-04 o    1.27e-03      1.27e-03 o  ~
	----------------------------------------------------------------------------------------------


2025-07-16:19:24:48,376 INFO     [psi4.optking.stepAlgorithms:266] 	Convergence check returned False
2025-07-16:19:24:48,393 INFO     [psi4.driver.task_planner:285] PLANNING Atomic:  keywords={'DAMPING_PERCENTAGE': 1.0, 'GEOM_MAXITER': 500, 'SCF__GUESS': 'READ', 'GUESS': 'SAP', 'MAXITER': 500, 'REFERENCE': 'UKS', 'function_kwargs': {}}
2025-07-16:19:24:48,394 INFO     [psi4.driver.driver:636] Compute gradient(): method=b3lyp, basis=cc-pvdz, molecule=default, nre=35.81090584570371
2025-07-16:19:24:49,309 INFO     [psi4.driver.driver:639] Return gradient(): -601.7631762557937
2025-07-16:19:24:49,309 INFO     [psi4.driver.driver:640] [[ 0.00000000 -0.00000000 -0.00004773]
 [ 0.00000000  0.00000000  0.00003523]]
2025-07-16:19:24:49,310 INFO     [psi4.optking.history:257] 	Performing BFGS update.
2025-07-16:19:24:49,310 INFO     [psi4.optking.history:268] 	Using 4 previous steps for update.
2025-07-16:19:24:49,310 INFO     [psi4.optking.history:302] 	Steps to be used in Hessian update:  10 9 8 7

2025-07-16:19:24:49,310 INFO     [psi4.optking.history:400] 	Updated Hessian (in au) 
 	   0.111871

2025-07-16:19:24:49,310 INFO     [psi4.optking.molsys:874] Projected (PHP) Hessian matrix
	   0.111871

2025-07-16:19:24:49,311 INFO     [psi4.optking.opt_helper:168] 
	         Geometry (au)                                       Gradient (au)
   0.0000000000   0.0000000000   2.8717182677		   0.0000000000  -0.0000000000  -0.0000477295
   0.0000000000   0.0000000000  -1.1494031365		   0.0000000000   0.0000000000   0.0000352309

2025-07-16:19:24:49,311 INFO     [psi4.optking.stepAlgorithms:315] 	Current Step Report 
 
	Current energy:      -601.7631762558
	Energy change for the previous step:
		Actual       :        -0.0000001247
		Projected    :        -0.0000001065

2025-07-16:19:24:49,311 INFO     [psi4.optking.stepAlgorithms:318] 	Energy ratio =    1.17120
2025-07-16:19:24:49,311 INFO     [psi4.optking.stepAlgorithms:750] 	Using RFO solution 1.
2025-07-16:19:24:49,311 INFO     [psi4.optking.displace:73] 	Determining Cartesian step for fragment 1.
2025-07-16:19:24:49,311 INFO     [psi4.optking.displace:378] 	Successfully converged to displaced geometry.
2025-07-16:19:24:49,311 INFO     [psi4.optking.displace:379] 	RMS(dx):  0.000e+00 	Max(dx):  0.000e+00 	RMS(dq):  0.000e+00
2025-07-16:19:24:49,311 INFO     [psi4.optking.displace:132] 

	        --- Internal Coordinate Step in ANG or DEG, aJ/ANG or AJ/DEG ---
	-------------------------------------------------------------------------------
	           Coordinate      Previous         Force          Change          New 
	           ----------      --------        ------          ------        ------
	               R(1,2)       2.12789        0.00034        0.00020       2.12808
	-------------------------------------------------------------------------------

2025-07-16:19:24:49,311 INFO     [psi4.optking.stepAlgorithms:96] 	|target step| :    0.0003707848
2025-07-16:19:24:49,311 INFO     [psi4.optking.stepAlgorithms:97] 	gradient     :   -0.0000414802
2025-07-16:19:24:49,311 INFO     [psi4.optking.stepAlgorithms:98] 	hessian      :    0.1118714271
2025-07-16:19:24:49,311 INFO     [psi4.optking.stepAlgorithms:177] 	Norm of achieved step-size    0.0003707848
2025-07-16:19:24:49,311 INFO     [psi4.optking.stepAlgorithms:179] 	Norm of achieved step-size (cart):    0.0002621844
2025-07-16:19:24:49,311 INFO     [psi4.optking.opt_helper:151] Molsys:

	                            ===> Fragment 1 <== 

	 Z (Atomic Numbers)          Masses                          Geom                  
	       8.000000            15.994915          0.00000000  0.00000000  2.87190366   
	      18.000000            39.962383          0.00000000  0.00000000 -1.14958853   

	 - Coordinate -           - BOHR/RAD -       - ANG/DEG -
	 R(1,2)           =         4.021492           2.128082

2025-07-16:19:24:49,311 INFO     [psi4.optking.convcheck:71] Performing convergence check.
2025-07-16:19:24:49,312 INFO     [psi4.optking.convcheck:263] 
	                                 ==> Convergence Check <==                                  
    
	Measures of convergence in internal coordinates in au.
    
	Criteria marked as inactive (o), active & met (*), and active & unmet ( ).

	----------------------------------------------------------------------------------------------
	   Step    Total Energy     Delta E     Max Force     RMS Force      Max Disp      RMS Disp   
	----------------------------------------------------------------------------------------------
	  Convergence Criteria     1.00e-06 *    3.00e-04 *             o    1.20e-03 *             o
	----------------------------------------------------------------------------------------------
	    11    -601.76317626   -1.25e-07 *    4.15e-05 *    4.15e-05 o    3.71e-04 *    3.71e-04 o  ~
	----------------------------------------------------------------------------------------------


2025-07-16:19:24:49,312 INFO     [psi4.optking.convcheck:193] 
	                      ===> Final Convergence Report <===                     

	----------------------------------------------------------------------------
	|   Required Criteria    |  One or More Criteria  |   Alternate Criteria   |
	----------------------------------------------------------------------------
	| [x]     max_force      | [x]       max_DE       |                        |
	|                        | [x]      max_disp      |                        |
	----------------------------------------------------------------------------


2025-07-16:19:24:49,312 INFO     [psi4.optking.stepAlgorithms:266] 	Convergence check returned True
2025-07-16:19:24:49,312 INFO     [psi4.optking.optimize:286] 	Converged in 11 steps!
2025-07-16:19:24:49,312 INFO     [psi4.optking.optimize:287] 	Final energy is   -601.7631762557937
2025-07-16:19:24:49,312 INFO     [psi4.optking.optimize:288] 	Final structure (Angstroms): 
	Fragment 1 (Ang)

	    O   0.0000000000   0.0000000000   1.5197459682
	   Ar   0.0000000000   0.0000000000  -0.6083360511


2025-07-16:19:24:49,312 INFO     [psi4.optking.optimize:432] 	Optimization Finished

	==> Optimization Summary <==

        
	Measures of convergence in internal coordinates in au. (Any backward steps not shown.)
        
	---------------------------------------------------------------------------------------------------------------  ~
        
	 Step         Total Energy             Delta E       MAX Force       RMS Force        MAX Disp        RMS Disp   ~
        
	---------------------------------------------------------------------------------------------------------------  ~
        
	     1    -601.325531135080   -601.325531135080      0.92301515      0.92301515      0.21088483      0.21088483  ~
	     2    -601.478939930394     -0.153408795315      0.57385843      0.57385843      0.25638826      0.25638826  ~
	     3    -601.595668235460     -0.116728305066      0.35782668      0.35782668      0.27367755      0.27367755  ~
	     4    -601.673355286014     -0.077687050553      0.22120386      0.22120386      0.37934331      0.37934331  ~
	     5    -601.734002257566     -0.060646971552      0.10734294      0.10734294      0.32081899      0.32081899  ~
	     6    -601.757236270896     -0.023234013330      0.04153210      0.04153210      0.19478193      0.19478193  ~
	     7    -601.762425967440     -0.005189696544      0.01319255      0.01319255      0.08994083      0.08994083  ~
	     8    -601.763136215882     -0.000710248443      0.00287971      0.00287971      0.02120311      0.02120311  ~
	     9    -601.763173910368     -0.000037694486      0.00068706      0.00068706      0.00514585      0.00514585  ~
	    10    -601.763176131107     -0.000002220740      0.00016826      0.00016826      0.00126540      0.00126540  ~
	    11    -601.763176255794     -0.000000124686      0.00004148      0.00004148      0.00037078      0.00037078  ~
	----------------------------------------------------------------------------------------------------------------


2025-07-16:19:24:49,312 INFO     [psi4.optking.optimize:640] Preparing OptimizationResult
