2025-07-16:18:42:09,60 INFO     [psi4.optking.optwrapper:214] Creating a UserComputer
2025-07-16:18:42:09,60 INFO     [psi4.optking.optwrapper:222] 
    			-----------------------------------------

    			 OPTKING 3.0: for geometry optimizations 

    			     By R.A. King, Bethel University     

    			        with contributions from          

    			    A.V. Copan, J. Cayton, A. Heide      

    			-----------------------------------------

    
2025-07-16:18:42:09,60 INFO     [psi4.optking.optwrapper:238] 
		 -- Optimization Parameters --
	accept_symmetry_breaking       =           False
	alg_geom_maxiter               =             500
	bt_dx_conv                     =           1e-07
	bt_dx_rms_change_conv          =           1e-12
	bt_max_iter                    =              25
	cart_hess_read                 =           False
	consecutive_backsteps_allowed  =               0
	conv_max_DE                    =           1e-06
	conv_max_disp                  =          0.0012
	conv_max_force                 =          0.0003
	conv_rms_disp                  =              -1
	conv_rms_force                 =              -1
	covalent_connect               =             1.3
	dynamic_level                  =               0
	dynamic_level_max              =               0
	ensure_bt_convergence          =           False
	ext_force_bend                 =              []
	ext_force_cartesian            =              []
	ext_force_dihedral             =              []
	ext_force_distance             =              []
	ext_force_oofp                 =              []
	fix_val_near_pi                =            1.57
	flexible_g_convergence         =           False
	frag_mode                      =          SINGLE
	frag_ref_atoms                 =            None
	freeze_intrafrag               =           False
	frozen_bend                    =              []
	frozen_cartesian               =              []
	frozen_dihedral                =              []
	frozen_distance                =              []
	frozen_oofp                    =              []
	full_hess_every                =              -1
	g_convergence                  =           QCHEM
	generate_intcos_exit           =           False
	geom_maxiter                   =             500
	h_bond_connect                 =             4.3
	hess_update                    =            BFGS
	hess_update_den_tol            =           1e-07
	hess_update_dq_tol             =             0.5
	hess_update_limit              =            True
	hess_update_limit_max          =             1.0
	hess_update_limit_scale        =             0.5
	hess_update_use_last           =               4
	hessian_file                   =            None
	i_max_DE                       =            True
	i_max_disp                     =            True
	i_max_force                    =            True
	i_rms_disp                     =           False
	i_rms_force                    =           False
	i_untampered                   =            True
	include_oofp                   =           False
	interfrag_collinear_tol        =            0.01
	interfrag_coords               =            None
	interfrag_dist_inv             =           False
	interfrag_mode                 =           FIXED
	interfrag_trust                =             0.5
	interfrag_trust_max            =             1.0
	interfrag_trust_min            =           0.001
	interfragment_connect          =             1.8
	intrafrag_hess                 =        SCHLEGEL
	intrafrag_trust                =             0.5
	intrafrag_trust_max            =             1.0
	intrafrag_trust_min            =           0.001
	irc_direction                  =         FORWARD
	irc_points                     =              20
	irc_step_size                  =             0.2
	keep_intcos                    =           False
	linear_bend_threshold          =            3.05
	linesearch                     =           False
	linesearch_step                =             0.1
	max_disp_g_convergence         =          0.0012
	max_energy_g_convergence       =           1e-06
	max_force_g_convergence        =          0.0003
	opt_coordinates                =       REDUNDANT
	opt_type                       =             MIN
	output_type                    =            FILE
	print_lvl                      =               1
	program                        =            psi4
	ranged_bend                    =              []
	ranged_cartesian               =              []
	ranged_dihedral                =              []
	ranged_distance                =              []
	ranged_oofp                    =              []
	redundant_eval_tol             =           1e-10
	rfo_follow_root                =           False
	rfo_normalization_max          =             100
	rfo_root                       =               0
	rms_disp_g_convergence         =          0.0012
	rms_force_g_convergence        =          0.0003
	rsrfo_alpha_max                =     100000000.0
	sd_hessian                     =             1.0
	simple_step_scaling            =           False
	small_bend_fix_threshold       =            0.35
	steepest_descent_type          =         OVERLAP
	step_type                      =             RFO
	test_B                         =           False
	test_derivative_B              =           False
	trajectory                     =           False
	v3d_tors_angle_lim             =           0.017
	v3d_tors_cos_tol               =           1e-10
	working_consecutive_backsteps  =               0
	working_steps_since_last_H     =               0


2025-07-16:18:42:09,548 INFO     [psi4.optking.opt_helper:151] Molsys:

	                            ===> Fragment 1 <== 

	 Z (Atomic Numbers)          Masses                          Geom                  
	       4.000000             9.012183          0.00000000  0.00000000  1.56307094   
	      10.000000            19.992440          0.00000000  0.00000000 -0.70460041   

	 - Coordinate -           - BOHR/RAD -       - ANG/DEG -
	 R(1,2)           =         2.267671           1.200000

2025-07-16:18:42:09,559 INFO     [psi4.driver.task_planner:285] PLANNING Atomic:  keywords={'DAMPING_PERCENTAGE': 1.0, 'GEOM_MAXITER': 500, 'GUESS': 'SAP', 'MAXITER': 500, 'REFERENCE': 'UKS', 'function_kwargs': {}}
2025-07-16:18:42:09,560 INFO     [psi4.driver.driver:636] Compute gradient(): method=b3lyp, basis=cc-pvdz, molecule=default, nre=17.63924035566667
2025-07-16:18:42:10,532 INFO     [psi4.driver.driver:639] Return gradient(): -142.58904694402304
2025-07-16:18:42:10,532 INFO     [psi4.driver.driver:640] [[ 0.00000000  0.00000000 -0.53088529]
 [-0.00000000  0.00000000  0.53101080]]
2025-07-16:18:42:10,535 INFO     [psi4.optking.molsys:874] Projected (PHP) Hessian matrix
	   1.048231

2025-07-16:18:42:10,535 INFO     [psi4.optking.opt_helper:168] 
	         Geometry (au)                                       Gradient (au)
   0.0000000000   0.0000000000   1.5630709435		   0.0000000000   0.0000000000  -0.5308852867
   0.0000000000   0.0000000000  -0.7046004071		  -0.0000000000   0.0000000000   0.5310107996

2025-07-16:18:42:10,535 INFO     [psi4.optking.stepAlgorithms:750] 	Using RFO solution 1.
2025-07-16:18:42:10,535 INFO     [psi4.optking.displace:73] 	Determining Cartesian step for fragment 1.
2025-07-16:18:42:10,536 INFO     [psi4.optking.displace:378] 	Successfully converged to displaced geometry.
2025-07-16:18:42:10,536 INFO     [psi4.optking.displace:379] 	RMS(dx):  0.000e+00 	Max(dx):  0.000e+00 	RMS(dq):  0.000e+00
2025-07-16:18:42:10,536 INFO     [psi4.optking.displace:132] 

	        --- Internal Coordinate Step in ANG or DEG, aJ/ANG or AJ/DEG ---
	-------------------------------------------------------------------------------
	           Coordinate      Previous         Force          Change          New 
	           ----------      --------        ------          ------        ------
	               R(1,2)       1.20000        4.37433        0.22120       1.42120
	-------------------------------------------------------------------------------

2025-07-16:18:42:10,536 INFO     [psi4.optking.stepAlgorithms:96] 	|target step| :    0.4180122349
2025-07-16:18:42:10,536 INFO     [psi4.optking.stepAlgorithms:97] 	gradient     :   -0.5309480432
2025-07-16:18:42:10,536 INFO     [psi4.optking.stepAlgorithms:98] 	hessian      :    1.0482306732
2025-07-16:18:42:10,536 INFO     [psi4.optking.stepAlgorithms:177] 	Norm of achieved step-size    0.4180122349
2025-07-16:18:42:10,536 INFO     [psi4.optking.stepAlgorithms:179] 	Norm of achieved step-size (cart):    0.2955792859
2025-07-16:18:42:10,537 INFO     [psi4.optking.opt_helper:151] Molsys:

	                            ===> Fragment 1 <== 

	 Z (Atomic Numbers)          Masses                          Geom                  
	       4.000000             9.012183          0.00000000  0.00000000  1.77207706   
	      10.000000            19.992440          0.00000000  0.00000000 -0.91360652   

	 - Coordinate -           - BOHR/RAD -       - ANG/DEG -
	 R(1,2)           =         2.685684           1.421203

2025-07-16:18:42:10,537 INFO     [psi4.optking.convcheck:71] Performing convergence check.
2025-07-16:18:42:10,537 INFO     [psi4.optking.convcheck:263] 
	                                 ==> Convergence Check <==                                  
    
	Measures of convergence in internal coordinates in au.
    
	Criteria marked as inactive (o), active & met (*), and active & unmet ( ).

	----------------------------------------------------------------------------------------------
	   Step    Total Energy     Delta E     Max Force     RMS Force      Max Disp      RMS Disp   
	----------------------------------------------------------------------------------------------
	  Convergence Criteria     1.00e-06 *    3.00e-04 *             o    1.20e-03 *             o
	----------------------------------------------------------------------------------------------
	     1    -142.58904694   -1.43e+02      5.31e-01      5.31e-01 o    4.18e-01      4.18e-01 o  ~
	----------------------------------------------------------------------------------------------


2025-07-16:18:42:10,537 INFO     [psi4.optking.stepAlgorithms:266] 	Convergence check returned False
2025-07-16:18:42:10,548 INFO     [psi4.driver.task_planner:285] PLANNING Atomic:  keywords={'DAMPING_PERCENTAGE': 1.0, 'GEOM_MAXITER': 500, 'SCF__GUESS': 'READ', 'GUESS': 'SAP', 'MAXITER': 500, 'REFERENCE': 'UKS', 'function_kwargs': {}}
2025-07-16:18:42:10,549 INFO     [psi4.driver.driver:636] Compute gradient(): method=b3lyp, basis=cc-pvdz, molecule=default, nre=14.893787271196455
2025-07-16:18:42:11,301 INFO     [psi4.driver.driver:639] Return gradient(): -142.73777681895834
2025-07-16:18:42:11,301 INFO     [psi4.driver.driver:640] [[-0.00000000  0.00000000 -0.23192026]
 [ 0.00000000  0.00000000  0.23202507]]
2025-07-16:18:42:11,302 INFO     [psi4.optking.history:257] 	Performing BFGS update.
2025-07-16:18:42:11,302 INFO     [psi4.optking.history:268] 	Using 1 previous steps for update.
2025-07-16:18:42:11,302 INFO     [psi4.optking.history:302] 	Steps to be used in Hessian update:  1

2025-07-16:18:42:11,303 INFO     [psi4.optking.history:400] 	Updated Hessian (in au) 
 	   0.715231

2025-07-16:18:42:11,303 INFO     [psi4.optking.molsys:874] Projected (PHP) Hessian matrix
	   0.715231

2025-07-16:18:42:11,303 INFO     [psi4.optking.opt_helper:168] 
	         Geometry (au)                                       Gradient (au)
   0.0000000000   0.0000000000   1.8512003403		  -0.0000000000   0.0000000000  -0.2319202563
   0.0000000000   0.0000000000  -0.8344832452		   0.0000000000   0.0000000000   0.2320250692

2025-07-16:18:42:11,303 INFO     [psi4.optking.stepAlgorithms:315] 	Current Step Report 
 
	Current energy:      -142.7377768190
	Energy change for the previous step:
		Actual       :        -0.1487298749
		Projected    :        -0.1109713891

2025-07-16:18:42:11,303 INFO     [psi4.optking.stepAlgorithms:318] 	Energy ratio =    1.34025
2025-07-16:18:42:11,303 INFO     [psi4.optking.stepAlgorithms:346] 	Energy ratio indicates good step.
2025-07-16:18:42:11,303 INFO     [psi4.optking.stepAlgorithms:347] 	Intrafrag trust radius increased to 1.000e+00.
2025-07-16:18:42:11,303 INFO     [psi4.optking.stepAlgorithms:750] 	Using RFO solution 1.
2025-07-16:18:42:11,303 INFO     [psi4.optking.displace:73] 	Determining Cartesian step for fragment 1.
2025-07-16:18:42:11,303 INFO     [psi4.optking.displace:378] 	Successfully converged to displaced geometry.
2025-07-16:18:42:11,303 INFO     [psi4.optking.displace:379] 	RMS(dx):  0.000e+00 	Max(dx):  0.000e+00 	RMS(dq):  0.000e+00
2025-07-16:18:42:11,304 INFO     [psi4.optking.displace:132] 

	        --- Internal Coordinate Step in ANG or DEG, aJ/ANG or AJ/DEG ---
	-------------------------------------------------------------------------------
	           Coordinate      Previous         Force          Change          New 
	           ----------      --------        ------          ------        ------
	               R(1,2)       1.42120        1.91116        0.15660       1.57780
	-------------------------------------------------------------------------------

2025-07-16:18:42:11,304 INFO     [psi4.optking.stepAlgorithms:96] 	|target step| :    0.2959292929
2025-07-16:18:42:11,304 INFO     [psi4.optking.stepAlgorithms:97] 	gradient     :   -0.2319726627
2025-07-16:18:42:11,304 INFO     [psi4.optking.stepAlgorithms:98] 	hessian      :    0.7152311714
2025-07-16:18:42:11,304 INFO     [psi4.optking.stepAlgorithms:177] 	Norm of achieved step-size    0.2959292929
2025-07-16:18:42:11,304 INFO     [psi4.optking.stepAlgorithms:179] 	Norm of achieved step-size (cart):    0.2092536098
2025-07-16:18:42:11,304 INFO     [psi4.optking.opt_helper:151] Molsys:

	                            ===> Fragment 1 <== 

	 Z (Atomic Numbers)          Masses                          Geom                  
	       4.000000             9.012183          0.00000000  0.00000000  1.99916499   
	      10.000000            19.992440          0.00000000  0.00000000 -0.98244789   

	 - Coordinate -           - BOHR/RAD -       - ANG/DEG -
	 R(1,2)           =         2.981613           1.577802

2025-07-16:18:42:11,305 INFO     [psi4.optking.convcheck:71] Performing convergence check.
2025-07-16:18:42:11,305 INFO     [psi4.optking.convcheck:263] 
	                                 ==> Convergence Check <==                                  
    
	Measures of convergence in internal coordinates in au.
    
	Criteria marked as inactive (o), active & met (*), and active & unmet ( ).

	----------------------------------------------------------------------------------------------
	   Step    Total Energy     Delta E     Max Force     RMS Force      Max Disp      RMS Disp   
	----------------------------------------------------------------------------------------------
	  Convergence Criteria     1.00e-06 *    3.00e-04 *             o    1.20e-03 *             o
	----------------------------------------------------------------------------------------------
	     2    -142.73777682   -1.49e-01      2.32e-01      2.32e-01 o    2.96e-01      2.96e-01 o  ~
	----------------------------------------------------------------------------------------------


2025-07-16:18:42:11,305 INFO     [psi4.optking.stepAlgorithms:266] 	Convergence check returned False
2025-07-16:18:42:11,320 INFO     [psi4.driver.task_planner:285] PLANNING Atomic:  keywords={'DAMPING_PERCENTAGE': 1.0, 'GEOM_MAXITER': 500, 'SCF__GUESS': 'READ', 'GUESS': 'SAP', 'MAXITER': 500, 'REFERENCE': 'UKS', 'function_kwargs': {}}
2025-07-16:18:42:11,321 INFO     [psi4.driver.driver:636] Compute gradient(): method=b3lyp, basis=cc-pvdz, molecule=default, nre=13.415557831086705
2025-07-16:18:42:12,105 INFO     [psi4.driver.driver:639] Return gradient(): -142.79167511185227
2025-07-16:18:42:12,105 INFO     [psi4.driver.driver:640] [[ 0.00000000  0.00000000 -0.14156882]
 [ 0.00000000 -0.00000000  0.14166644]]
2025-07-16:18:42:12,106 INFO     [psi4.optking.history:257] 	Performing BFGS update.
2025-07-16:18:42:12,107 INFO     [psi4.optking.history:268] 	Using 2 previous steps for update.
2025-07-16:18:42:12,107 WARNING  [psi4.optking.history:286] 	Change in internal coordinate of 7.14e-01 exceeds limit of 5.00e-01.
2025-07-16:18:42:12,107 WARNING  [psi4.optking.history:291] 	Skipping Hessian update for step 1.
2025-07-16:18:42:12,107 INFO     [psi4.optking.history:302] 	Steps to be used in Hessian update:  2

2025-07-16:18:42:12,107 INFO     [psi4.optking.history:400] 	Updated Hessian (in au) 
 	   0.305326

2025-07-16:18:42:12,107 INFO     [psi4.optking.molsys:874] Projected (PHP) Hessian matrix
	   0.305326

2025-07-16:18:42:12,107 INFO     [psi4.optking.opt_helper:168] 
	         Geometry (au)                                       Gradient (au)
   0.0000000000   0.0000000000   2.0551798451		   0.0000000000   0.0000000000  -0.1415688228
   0.0000000000   0.0000000000  -0.9264330333		   0.0000000000  -0.0000000000   0.1416664440

2025-07-16:18:42:12,107 INFO     [psi4.optking.stepAlgorithms:315] 	Current Step Report 
 
	Current energy:      -142.7916751119
	Energy change for the previous step:
		Actual       :        -0.0538982929
		Projected    :        -0.0343237530

2025-07-16:18:42:12,107 INFO     [psi4.optking.stepAlgorithms:318] 	Energy ratio =    1.57029
2025-07-16:18:42:12,107 INFO     [psi4.optking.stepAlgorithms:750] 	Using RFO solution 1.
2025-07-16:18:42:12,107 INFO     [psi4.optking.displace:73] 	Determining Cartesian step for fragment 1.
2025-07-16:18:42:12,107 INFO     [psi4.optking.displace:378] 	Successfully converged to displaced geometry.
2025-07-16:18:42:12,107 INFO     [psi4.optking.displace:379] 	RMS(dx):  0.000e+00 	Max(dx):  0.000e+00 	RMS(dq):  0.000e+00
2025-07-16:18:42:12,107 INFO     [psi4.optking.displace:132] 

	        --- Internal Coordinate Step in ANG or DEG, aJ/ANG or AJ/DEG ---
	-------------------------------------------------------------------------------
	           Coordinate      Previous         Force          Change          New 
	           ----------      --------        ------          ------        ------
	               R(1,2)       1.57780        1.16675        0.20765       1.78545
	-------------------------------------------------------------------------------

2025-07-16:18:42:12,107 INFO     [psi4.optking.stepAlgorithms:96] 	|target step| :    0.3924038014
2025-07-16:18:42:12,107 INFO     [psi4.optking.stepAlgorithms:97] 	gradient     :   -0.1416176334
2025-07-16:18:42:12,108 INFO     [psi4.optking.stepAlgorithms:98] 	hessian      :    0.3053264125
2025-07-16:18:42:12,108 INFO     [psi4.optking.stepAlgorithms:177] 	Norm of achieved step-size    0.3924038014
2025-07-16:18:42:12,108 INFO     [psi4.optking.stepAlgorithms:179] 	Norm of achieved step-size (cart):    0.2774713889
2025-07-16:18:42:12,108 INFO     [psi4.optking.opt_helper:151] Molsys:

	                            ===> Fragment 1 <== 

	 Z (Atomic Numbers)          Masses                          Geom                  
	       4.000000             9.012183          0.00000000  0.00000000  2.25138175   
	      10.000000            19.992440          0.00000000  0.00000000 -1.12263493   

	 - Coordinate -           - BOHR/RAD -       - ANG/DEG -
	 R(1,2)           =         3.374017           1.785453

2025-07-16:18:42:12,108 INFO     [psi4.optking.convcheck:71] Performing convergence check.
2025-07-16:18:42:12,108 INFO     [psi4.optking.convcheck:263] 
	                                 ==> Convergence Check <==                                  
    
	Measures of convergence in internal coordinates in au.
    
	Criteria marked as inactive (o), active & met (*), and active & unmet ( ).

	----------------------------------------------------------------------------------------------
	   Step    Total Energy     Delta E     Max Force     RMS Force      Max Disp      RMS Disp   
	----------------------------------------------------------------------------------------------
	  Convergence Criteria     1.00e-06 *    3.00e-04 *             o    1.20e-03 *             o
	----------------------------------------------------------------------------------------------
	     3    -142.79167511   -5.39e-02      1.42e-01      1.42e-01 o    3.92e-01      3.92e-01 o  ~
	----------------------------------------------------------------------------------------------


2025-07-16:18:42:12,108 INFO     [psi4.optking.stepAlgorithms:266] 	Convergence check returned False
2025-07-16:18:42:12,122 INFO     [psi4.driver.task_planner:285] PLANNING Atomic:  keywords={'DAMPING_PERCENTAGE': 1.0, 'GEOM_MAXITER': 500, 'SCF__GUESS': 'READ', 'GUESS': 'SAP', 'MAXITER': 500, 'REFERENCE': 'UKS', 'function_kwargs': {}}
2025-07-16:18:42:12,124 INFO     [psi4.driver.driver:636] Compute gradient(): method=b3lyp, basis=cc-pvdz, molecule=default, nre=11.855305944397669
2025-07-16:18:42:12,904 INFO     [psi4.driver.driver:639] Return gradient(): -142.83320964491108
2025-07-16:18:42:12,905 INFO     [psi4.driver.driver:640] [[ 0.00000000  0.00000000 -0.07649316]
 [ 0.00000000 -0.00000000  0.07650542]]
2025-07-16:18:42:12,906 INFO     [psi4.optking.history:257] 	Performing BFGS update.
2025-07-16:18:42:12,906 INFO     [psi4.optking.history:268] 	Using 3 previous steps for update.
2025-07-16:18:42:12,906 WARNING  [psi4.optking.history:286] 	Change in internal coordinate of 6.88e-01 exceeds limit of 5.00e-01.
2025-07-16:18:42:12,906 WARNING  [psi4.optking.history:291] 	Skipping Hessian update for step 2.
2025-07-16:18:42:12,906 WARNING  [psi4.optking.history:286] 	Change in internal coordinate of 1.11e+00 exceeds limit of 5.00e-01.
2025-07-16:18:42:12,906 WARNING  [psi4.optking.history:291] 	Skipping Hessian update for step 1.
2025-07-16:18:42:12,906 INFO     [psi4.optking.history:302] 	Steps to be used in Hessian update:  3

2025-07-16:18:42:12,906 INFO     [psi4.optking.history:400] 	Updated Hessian (in au) 
 	   0.165947

2025-07-16:18:42:12,907 INFO     [psi4.optking.molsys:874] Projected (PHP) Hessian matrix
	   0.165947

2025-07-16:18:42:12,907 INFO     [psi4.optking.opt_helper:168] 
	         Geometry (au)                                       Gradient (au)
   0.0000000000   0.0000000000   2.3256577430		   0.0000000000   0.0000000000  -0.0764931574
   0.0000000000   0.0000000000  -1.0483589368		   0.0000000000  -0.0000000000   0.0765054242

2025-07-16:18:42:12,907 INFO     [psi4.optking.stepAlgorithms:315] 	Current Step Report 
 
	Current energy:      -142.8332096449
	Energy change for the previous step:
		Actual       :        -0.0415345331
		Projected    :        -0.0277856488

2025-07-16:18:42:12,907 INFO     [psi4.optking.stepAlgorithms:318] 	Energy ratio =    1.49482
2025-07-16:18:42:12,907 INFO     [psi4.optking.stepAlgorithms:750] 	Using RFO solution 1.
2025-07-16:18:42:12,907 INFO     [psi4.optking.displace:73] 	Determining Cartesian step for fragment 1.
2025-07-16:18:42:12,907 INFO     [psi4.optking.displace:378] 	Successfully converged to displaced geometry.
2025-07-16:18:42:12,907 INFO     [psi4.optking.displace:379] 	RMS(dx):  0.000e+00 	Max(dx):  0.000e+00 	RMS(dq):  0.000e+00
2025-07-16:18:42:12,908 INFO     [psi4.optking.displace:132] 

	        --- Internal Coordinate Step in ANG or DEG, aJ/ANG or AJ/DEG ---
	-------------------------------------------------------------------------------
	           Coordinate      Previous         Force          Change          New 
	           ----------      --------        ------          ------        ------
	               R(1,2)       1.78545        0.63026        0.20672       1.99217
	-------------------------------------------------------------------------------

2025-07-16:18:42:12,908 INFO     [psi4.optking.stepAlgorithms:96] 	|target step| :    0.3906394877
2025-07-16:18:42:12,908 INFO     [psi4.optking.stepAlgorithms:97] 	gradient     :   -0.0764992908
2025-07-16:18:42:12,908 INFO     [psi4.optking.stepAlgorithms:98] 	hessian      :    0.1659472776
2025-07-16:18:42:12,908 INFO     [psi4.optking.stepAlgorithms:177] 	Norm of achieved step-size    0.3906394877
2025-07-16:18:42:12,908 INFO     [psi4.optking.stepAlgorithms:179] 	Norm of achieved step-size (cart):    0.2762238307
2025-07-16:18:42:12,908 INFO     [psi4.optking.opt_helper:151] Molsys:

	                            ===> Fragment 1 <== 

	 Z (Atomic Numbers)          Masses                          Geom                  
	       4.000000             9.012183          0.00000000  0.00000000  2.52097749   
	      10.000000            19.992440          0.00000000  0.00000000 -1.24367868   

	 - Coordinate -           - BOHR/RAD -       - ANG/DEG -
	 R(1,2)           =         3.764656           1.992170

2025-07-16:18:42:12,908 INFO     [psi4.optking.convcheck:71] Performing convergence check.
2025-07-16:18:42:12,909 INFO     [psi4.optking.convcheck:263] 
	                                 ==> Convergence Check <==                                  
    
	Measures of convergence in internal coordinates in au.
    
	Criteria marked as inactive (o), active & met (*), and active & unmet ( ).

	----------------------------------------------------------------------------------------------
	   Step    Total Energy     Delta E     Max Force     RMS Force      Max Disp      RMS Disp   
	----------------------------------------------------------------------------------------------
	  Convergence Criteria     1.00e-06 *    3.00e-04 *             o    1.20e-03 *             o
	----------------------------------------------------------------------------------------------
	     4    -142.83320964   -4.15e-02      7.65e-02      7.65e-02 o    3.91e-01      3.91e-01 o  ~
	----------------------------------------------------------------------------------------------


2025-07-16:18:42:12,909 INFO     [psi4.optking.stepAlgorithms:266] 	Convergence check returned False
2025-07-16:18:42:12,923 INFO     [psi4.driver.task_planner:285] PLANNING Atomic:  keywords={'DAMPING_PERCENTAGE': 1.0, 'GEOM_MAXITER': 500, 'SCF__GUESS': 'READ', 'GUESS': 'SAP', 'MAXITER': 500, 'REFERENCE': 'UKS', 'function_kwargs': {}}
2025-07-16:18:42:12,924 INFO     [psi4.driver.driver:636] Compute gradient(): method=b3lyp, basis=cc-pvdz, molecule=default, nre=10.625140310563204
2025-07-16:18:42:13,649 INFO     [psi4.driver.driver:639] Return gradient(): -142.85501010741734
2025-07-16:18:42:13,650 INFO     [psi4.driver.driver:640] [[-0.00000000  0.00000000 -0.03798435]
 [ 0.00000000  0.00000000  0.03790399]]
2025-07-16:18:42:13,653 INFO     [psi4.optking.history:257] 	Performing BFGS update.
2025-07-16:18:42:13,653 INFO     [psi4.optking.history:268] 	Using 4 previous steps for update.
2025-07-16:18:42:13,653 WARNING  [psi4.optking.history:286] 	Change in internal coordinate of 7.83e-01 exceeds limit of 5.00e-01.
2025-07-16:18:42:13,653 WARNING  [psi4.optking.history:291] 	Skipping Hessian update for step 3.
2025-07-16:18:42:13,653 WARNING  [psi4.optking.history:286] 	Change in internal coordinate of 1.08e+00 exceeds limit of 5.00e-01.
2025-07-16:18:42:13,654 WARNING  [psi4.optking.history:291] 	Skipping Hessian update for step 2.
2025-07-16:18:42:13,654 WARNING  [psi4.optking.history:286] 	Change in internal coordinate of 1.50e+00 exceeds limit of 5.00e-01.
2025-07-16:18:42:13,654 WARNING  [psi4.optking.history:291] 	Skipping Hessian update for step 1.
2025-07-16:18:42:13,654 INFO     [psi4.optking.history:302] 	Steps to be used in Hessian update:  4

2025-07-16:18:42:13,654 INFO     [psi4.optking.history:400] 	Updated Hessian (in au) 
 	   0.098697

2025-07-16:18:42:13,654 INFO     [psi4.optking.molsys:874] Projected (PHP) Hessian matrix
	   0.098697

2025-07-16:18:42:13,654 INFO     [psi4.optking.opt_helper:168] 
	         Geometry (au)                                       Gradient (au)
   0.0000000000   0.0000000000   2.5949195266		  -0.0000000000   0.0000000000  -0.0379843490
   0.0000000000   0.0000000000  -1.1697366408		   0.0000000000   0.0000000000   0.0379039886

2025-07-16:18:42:13,654 INFO     [psi4.optking.stepAlgorithms:315] 	Current Step Report 
 
	Current energy:      -142.8550101074
	Energy change for the previous step:
		Actual       :        -0.0218004625
		Projected    :        -0.0149418219

2025-07-16:18:42:13,654 INFO     [psi4.optking.stepAlgorithms:318] 	Energy ratio =    1.45902
2025-07-16:18:42:13,654 INFO     [psi4.optking.stepAlgorithms:750] 	Using RFO solution 1.
2025-07-16:18:42:13,655 INFO     [psi4.optking.displace:73] 	Determining Cartesian step for fragment 1.
2025-07-16:18:42:13,655 INFO     [psi4.optking.displace:378] 	Successfully converged to displaced geometry.
2025-07-16:18:42:13,655 INFO     [psi4.optking.displace:379] 	RMS(dx):  0.000e+00 	Max(dx):  0.000e+00 	RMS(dq):  0.000e+00
2025-07-16:18:42:13,655 INFO     [psi4.optking.displace:132] 

	        --- Internal Coordinate Step in ANG or DEG, aJ/ANG or AJ/DEG ---
	-------------------------------------------------------------------------------
	           Coordinate      Previous         Force          Change          New 
	           ----------      --------        ------          ------        ------
	               R(1,2)       1.99217        0.31261        0.17992       2.17209
	-------------------------------------------------------------------------------

2025-07-16:18:42:13,655 INFO     [psi4.optking.stepAlgorithms:96] 	|target step| :    0.3400055364
2025-07-16:18:42:13,655 INFO     [psi4.optking.stepAlgorithms:97] 	gradient     :   -0.0379441688
2025-07-16:18:42:13,655 INFO     [psi4.optking.stepAlgorithms:98] 	hessian      :    0.0986974518
2025-07-16:18:42:13,655 INFO     [psi4.optking.stepAlgorithms:177] 	Norm of achieved step-size    0.3400055364
2025-07-16:18:42:13,655 INFO     [psi4.optking.stepAlgorithms:179] 	Norm of achieved step-size (cart):    0.2404202204
2025-07-16:18:42:13,656 INFO     [psi4.optking.opt_helper:151] Molsys:

	                            ===> Fragment 1 <== 

	 Z (Atomic Numbers)          Masses                          Geom                  
	       4.000000             9.012183          0.00000000  0.00000000  2.76492229   
	      10.000000            19.992440          0.00000000  0.00000000 -1.33973941   

	 - Coordinate -           - BOHR/RAD -       - ANG/DEG -
	 R(1,2)           =         4.104662           2.172093

2025-07-16:18:42:13,656 INFO     [psi4.optking.convcheck:71] Performing convergence check.
2025-07-16:18:42:13,656 INFO     [psi4.optking.convcheck:263] 
	                                 ==> Convergence Check <==                                  
    
	Measures of convergence in internal coordinates in au.
    
	Criteria marked as inactive (o), active & met (*), and active & unmet ( ).

	----------------------------------------------------------------------------------------------
	   Step    Total Energy     Delta E     Max Force     RMS Force      Max Disp      RMS Disp   
	----------------------------------------------------------------------------------------------
	  Convergence Criteria     1.00e-06 *    3.00e-04 *             o    1.20e-03 *             o
	----------------------------------------------------------------------------------------------
	     5    -142.85501011   -2.18e-02      3.79e-02      3.79e-02 o    3.40e-01      3.40e-01 o  ~
	----------------------------------------------------------------------------------------------


2025-07-16:18:42:13,656 INFO     [psi4.optking.stepAlgorithms:266] 	Convergence check returned False
2025-07-16:18:42:13,676 INFO     [psi4.driver.task_planner:285] PLANNING Atomic:  keywords={'DAMPING_PERCENTAGE': 1.0, 'GEOM_MAXITER': 500, 'SCF__GUESS': 'READ', 'GUESS': 'SAP', 'MAXITER': 500, 'REFERENCE': 'UKS', 'function_kwargs': {}}
2025-07-16:18:42:13,677 INFO     [psi4.driver.driver:636] Compute gradient(): method=b3lyp, basis=cc-pvdz, molecule=default, nre=9.74501746700257
2025-07-16:18:42:14,447 INFO     [psi4.driver.driver:639] Return gradient(): -142.86392630831472
2025-07-16:18:42:14,447 INFO     [psi4.driver.driver:640] [[ 0.00000000 -0.00000000 -0.01595952]
 [-0.00000000 -0.00000000  0.01591997]]
2025-07-16:18:42:14,450 INFO     [psi4.optking.history:257] 	Performing BFGS update.
2025-07-16:18:42:14,450 INFO     [psi4.optking.history:268] 	Using 4 previous steps for update.
2025-07-16:18:42:14,450 WARNING  [psi4.optking.history:286] 	Change in internal coordinate of 7.31e-01 exceeds limit of 5.00e-01.
2025-07-16:18:42:14,450 WARNING  [psi4.optking.history:291] 	Skipping Hessian update for step 4.
2025-07-16:18:42:14,450 WARNING  [psi4.optking.history:286] 	Change in internal coordinate of 1.12e+00 exceeds limit of 5.00e-01.
2025-07-16:18:42:14,450 WARNING  [psi4.optking.history:291] 	Skipping Hessian update for step 3.
2025-07-16:18:42:14,450 WARNING  [psi4.optking.history:286] 	Change in internal coordinate of 1.42e+00 exceeds limit of 5.00e-01.
2025-07-16:18:42:14,450 WARNING  [psi4.optking.history:291] 	Skipping Hessian update for step 2.
2025-07-16:18:42:14,451 WARNING  [psi4.optking.history:286] 	Change in internal coordinate of 1.84e+00 exceeds limit of 5.00e-01.
2025-07-16:18:42:14,451 WARNING  [psi4.optking.history:291] 	Skipping Hessian update for step 1.
2025-07-16:18:42:14,451 INFO     [psi4.optking.history:302] 	Steps to be used in Hessian update:  5

2025-07-16:18:42:14,451 INFO     [psi4.optking.history:400] 	Updated Hessian (in au) 
 	   0.064718

2025-07-16:18:42:14,451 INFO     [psi4.optking.molsys:874] Projected (PHP) Hessian matrix
	   0.064718

2025-07-16:18:42:14,451 INFO     [psi4.optking.opt_helper:168] 
	         Geometry (au)                                       Gradient (au)
   0.0000000000   0.0000000000   2.8292801073		   0.0000000000  -0.0000000000  -0.0159595226
   0.0000000000   0.0000000000  -1.2753815965		  -0.0000000000  -0.0000000000   0.0159199662

2025-07-16:18:42:14,451 INFO     [psi4.optking.stepAlgorithms:315] 	Current Step Report 
 
	Current energy:      -142.8639263083
	Energy change for the previous step:
		Actual       :        -0.0089162009
		Projected    :        -0.0064506137

2025-07-16:18:42:14,451 INFO     [psi4.optking.stepAlgorithms:318] 	Energy ratio =    1.38223
2025-07-16:18:42:14,451 INFO     [psi4.optking.stepAlgorithms:750] 	Using RFO solution 1.
2025-07-16:18:42:14,451 INFO     [psi4.optking.displace:73] 	Determining Cartesian step for fragment 1.
2025-07-16:18:42:14,452 INFO     [psi4.optking.displace:378] 	Successfully converged to displaced geometry.
2025-07-16:18:42:14,452 INFO     [psi4.optking.displace:379] 	RMS(dx):  0.000e+00 	Max(dx):  0.000e+00 	RMS(dq):  0.000e+00
2025-07-16:18:42:14,452 INFO     [psi4.optking.displace:132] 

	        --- Internal Coordinate Step in ANG or DEG, aJ/ANG or AJ/DEG ---
	-------------------------------------------------------------------------------
	           Coordinate      Previous         Force          Change          New 
	           ----------      --------        ------          ------        ------
	               R(1,2)       2.17209        0.13132        0.12326       2.29536
	-------------------------------------------------------------------------------

2025-07-16:18:42:14,452 INFO     [psi4.optking.stepAlgorithms:96] 	|target step| :    0.2329325594
2025-07-16:18:42:14,452 INFO     [psi4.optking.stepAlgorithms:97] 	gradient     :   -0.0159397444
2025-07-16:18:42:14,452 INFO     [psi4.optking.stepAlgorithms:98] 	hessian      :    0.0647178415
2025-07-16:18:42:14,452 INFO     [psi4.optking.stepAlgorithms:177] 	Norm of achieved step-size    0.2329325594
2025-07-16:18:42:14,452 INFO     [psi4.optking.stepAlgorithms:179] 	Norm of achieved step-size (cart):    0.1647081923
2025-07-16:18:42:14,453 INFO     [psi4.optking.opt_helper:151] Molsys:

	                            ===> Fragment 1 <== 

	 Z (Atomic Numbers)          Masses                          Geom                  
	       4.000000             9.012183          0.00000000  0.00000000  2.94574639   
	      10.000000            19.992440          0.00000000  0.00000000 -1.39184788   

	 - Coordinate -           - BOHR/RAD -       - ANG/DEG -
	 R(1,2)           =         4.337594           2.295356

2025-07-16:18:42:14,453 INFO     [psi4.optking.convcheck:71] Performing convergence check.
2025-07-16:18:42:14,453 INFO     [psi4.optking.convcheck:263] 
	                                 ==> Convergence Check <==                                  
    
	Measures of convergence in internal coordinates in au.
    
	Criteria marked as inactive (o), active & met (*), and active & unmet ( ).

	----------------------------------------------------------------------------------------------
	   Step    Total Energy     Delta E     Max Force     RMS Force      Max Disp      RMS Disp   
	----------------------------------------------------------------------------------------------
	  Convergence Criteria     1.00e-06 *    3.00e-04 *             o    1.20e-03 *             o
	----------------------------------------------------------------------------------------------
	     6    -142.86392631   -8.92e-03      1.59e-02      1.59e-02 o    2.33e-01      2.33e-01 o  ~
	----------------------------------------------------------------------------------------------


2025-07-16:18:42:14,453 INFO     [psi4.optking.stepAlgorithms:266] 	Convergence check returned False
2025-07-16:18:42:14,465 INFO     [psi4.driver.task_planner:285] PLANNING Atomic:  keywords={'DAMPING_PERCENTAGE': 1.0, 'GEOM_MAXITER': 500, 'SCF__GUESS': 'READ', 'GUESS': 'SAP', 'MAXITER': 500, 'REFERENCE': 'UKS', 'function_kwargs': {}}
2025-07-16:18:42:14,467 INFO     [psi4.driver.driver:636] Compute gradient(): method=b3lyp, basis=cc-pvdz, molecule=default, nre=9.22170160973734
2025-07-16:18:42:15,113 INFO     [psi4.driver.driver:639] Return gradient(): -142.86633116088814
2025-07-16:18:42:15,113 INFO     [psi4.driver.driver:640] [[-0.00000000  0.00000000 -0.00526685]
 [-0.00000000  0.00000000  0.00527605]]
2025-07-16:18:42:15,116 INFO     [psi4.optking.history:257] 	Performing BFGS update.
2025-07-16:18:42:15,116 INFO     [psi4.optking.history:268] 	Using 4 previous steps for update.
2025-07-16:18:42:15,116 WARNING  [psi4.optking.history:286] 	Change in internal coordinate of 5.73e-01 exceeds limit of 5.00e-01.
2025-07-16:18:42:15,117 WARNING  [psi4.optking.history:291] 	Skipping Hessian update for step 5.
2025-07-16:18:42:15,117 WARNING  [psi4.optking.history:286] 	Change in internal coordinate of 9.64e-01 exceeds limit of 5.00e-01.
2025-07-16:18:42:15,117 WARNING  [psi4.optking.history:291] 	Skipping Hessian update for step 4.
2025-07-16:18:42:15,117 WARNING  [psi4.optking.history:286] 	Change in internal coordinate of 1.36e+00 exceeds limit of 5.00e-01.
2025-07-16:18:42:15,117 WARNING  [psi4.optking.history:291] 	Skipping Hessian update for step 3.
2025-07-16:18:42:15,117 WARNING  [psi4.optking.history:286] 	Change in internal coordinate of 1.65e+00 exceeds limit of 5.00e-01.
2025-07-16:18:42:15,117 WARNING  [psi4.optking.history:291] 	Skipping Hessian update for step 2.
2025-07-16:18:42:15,117 WARNING  [psi4.optking.history:286] 	Change in internal coordinate of 2.07e+00 exceeds limit of 5.00e-01.
2025-07-16:18:42:15,117 WARNING  [psi4.optking.history:291] 	Skipping Hessian update for step 1.
2025-07-16:18:42:15,117 INFO     [psi4.optking.history:302] 	Steps to be used in Hessian update:  6

2025-07-16:18:42:15,117 INFO     [psi4.optking.history:400] 	Updated Hessian (in au) 
 	   0.045800

2025-07-16:18:42:15,118 INFO     [psi4.optking.molsys:874] Projected (PHP) Hessian matrix
	   0.045800

2025-07-16:18:42:15,118 INFO     [psi4.optking.opt_helper:168] 
	         Geometry (au)                                       Gradient (au)
   0.0000000000   0.0000000000   2.9898369338		  -0.0000000000   0.0000000000  -0.0052668489
   0.0000000000   0.0000000000  -1.3477573295		  -0.0000000000   0.0000000000   0.0052760452

2025-07-16:18:42:15,118 INFO     [psi4.optking.stepAlgorithms:315] 	Current Step Report 
 
	Current energy:      -142.8663311609
	Energy change for the previous step:
		Actual       :        -0.0024048526
		Projected    :        -0.0018564427

2025-07-16:18:42:15,118 INFO     [psi4.optking.stepAlgorithms:318] 	Energy ratio =    1.29541
2025-07-16:18:42:15,118 INFO     [psi4.optking.stepAlgorithms:750] 	Using RFO solution 1.
2025-07-16:18:42:15,118 INFO     [psi4.optking.displace:73] 	Determining Cartesian step for fragment 1.
2025-07-16:18:42:15,118 INFO     [psi4.optking.displace:378] 	Successfully converged to displaced geometry.
2025-07-16:18:42:15,118 INFO     [psi4.optking.displace:379] 	RMS(dx):  0.000e+00 	Max(dx):  0.000e+00 	RMS(dq):  0.000e+00
2025-07-16:18:42:15,119 INFO     [psi4.optking.displace:132] 

	        --- Internal Coordinate Step in ANG or DEG, aJ/ANG or AJ/DEG ---
	-------------------------------------------------------------------------------
	           Coordinate      Previous         Force          Change          New 
	           ----------      --------        ------          ------        ------
	               R(1,2)       2.29536        0.04343        0.06012       2.35548
	-------------------------------------------------------------------------------

2025-07-16:18:42:15,119 INFO     [psi4.optking.stepAlgorithms:96] 	|target step| :    0.1136116173
2025-07-16:18:42:15,119 INFO     [psi4.optking.stepAlgorithms:97] 	gradient     :   -0.0052714470
2025-07-16:18:42:15,119 INFO     [psi4.optking.stepAlgorithms:98] 	hessian      :    0.0457999404
2025-07-16:18:42:15,119 INFO     [psi4.optking.stepAlgorithms:177] 	Norm of achieved step-size    0.1136116173
2025-07-16:18:42:15,119 INFO     [psi4.optking.stepAlgorithms:179] 	Norm of achieved step-size (cart):    0.0803355450
2025-07-16:18:42:15,119 INFO     [psi4.optking.opt_helper:151] Molsys:

	                            ===> Fragment 1 <== 

	 Z (Atomic Numbers)          Masses                          Geom                  
	       4.000000             9.012183          0.00000000  0.00000000  3.04664274   
	      10.000000            19.992440          0.00000000  0.00000000 -1.40456314   

	 - Coordinate -           - BOHR/RAD -       - ANG/DEG -
	 R(1,2)           =         4.451206           2.355477

2025-07-16:18:42:15,119 INFO     [psi4.optking.convcheck:71] Performing convergence check.
2025-07-16:18:42:15,119 INFO     [psi4.optking.convcheck:263] 
	                                 ==> Convergence Check <==                                  
    
	Measures of convergence in internal coordinates in au.
    
	Criteria marked as inactive (o), active & met (*), and active & unmet ( ).

	----------------------------------------------------------------------------------------------
	   Step    Total Energy     Delta E     Max Force     RMS Force      Max Disp      RMS Disp   
	----------------------------------------------------------------------------------------------
	  Convergence Criteria     1.00e-06 *    3.00e-04 *             o    1.20e-03 *             o
	----------------------------------------------------------------------------------------------
	     7    -142.86633116   -2.40e-03      5.27e-03      5.27e-03 o    1.14e-01      1.14e-01 o  ~
	----------------------------------------------------------------------------------------------


2025-07-16:18:42:15,120 INFO     [psi4.optking.stepAlgorithms:266] 	Convergence check returned False
2025-07-16:18:42:15,131 INFO     [psi4.driver.task_planner:285] PLANNING Atomic:  keywords={'DAMPING_PERCENTAGE': 1.0, 'GEOM_MAXITER': 500, 'SCF__GUESS': 'READ', 'GUESS': 'SAP', 'MAXITER': 500, 'REFERENCE': 'UKS', 'function_kwargs': {}}
2025-07-16:18:42:15,132 INFO     [psi4.driver.driver:636] Compute gradient(): method=b3lyp, basis=cc-pvdz, molecule=default, nre=8.986328889930071
2025-07-16:18:42:15,784 INFO     [psi4.driver.driver:639] Return gradient(): -142.8666846505161
2025-07-16:18:42:15,784 INFO     [psi4.driver.driver:640] [[-0.00000000  0.00000000 -0.00111126]
 [ 0.00000000 -0.00000000  0.00113171]]
2025-07-16:18:42:15,786 INFO     [psi4.optking.history:257] 	Performing BFGS update.
2025-07-16:18:42:15,786 INFO     [psi4.optking.history:268] 	Using 4 previous steps for update.
2025-07-16:18:42:15,786 WARNING  [psi4.optking.history:286] 	Change in internal coordinate of 6.87e-01 exceeds limit of 5.00e-01.
2025-07-16:18:42:15,786 WARNING  [psi4.optking.history:291] 	Skipping Hessian update for step 5.
2025-07-16:18:42:15,786 WARNING  [psi4.optking.history:286] 	Change in internal coordinate of 1.08e+00 exceeds limit of 5.00e-01.
2025-07-16:18:42:15,786 WARNING  [psi4.optking.history:291] 	Skipping Hessian update for step 4.
2025-07-16:18:42:15,786 WARNING  [psi4.optking.history:286] 	Change in internal coordinate of 1.47e+00 exceeds limit of 5.00e-01.
2025-07-16:18:42:15,786 WARNING  [psi4.optking.history:291] 	Skipping Hessian update for step 3.
2025-07-16:18:42:15,786 WARNING  [psi4.optking.history:286] 	Change in internal coordinate of 1.77e+00 exceeds limit of 5.00e-01.
2025-07-16:18:42:15,786 WARNING  [psi4.optking.history:291] 	Skipping Hessian update for step 2.
2025-07-16:18:42:15,786 WARNING  [psi4.optking.history:286] 	Change in internal coordinate of 2.18e+00 exceeds limit of 5.00e-01.
2025-07-16:18:42:15,786 WARNING  [psi4.optking.history:291] 	Skipping Hessian update for step 1.
2025-07-16:18:42:15,786 INFO     [psi4.optking.history:302] 	Steps to be used in Hessian update:  7 6

2025-07-16:18:42:15,786 INFO     [psi4.optking.history:400] 	Updated Hessian (in au) 
 	   0.042760

2025-07-16:18:42:15,787 INFO     [psi4.optking.molsys:874] Projected (PHP) Hessian matrix
	   0.042760

2025-07-16:18:42:15,787 INFO     [psi4.optking.opt_helper:168] 
	         Geometry (au)                                       Gradient (au)
   0.0000000000   0.0000000000   3.0681476722		  -0.0000000000   0.0000000000  -0.0011112600
   0.0000000000   0.0000000000  -1.3830582084		   0.0000000000  -0.0000000000   0.0011317051

2025-07-16:18:42:15,787 INFO     [psi4.optking.stepAlgorithms:315] 	Current Step Report 
 
	Current energy:      -142.8666846505
	Energy change for the previous step:
		Actual       :        -0.0003534896
		Projected    :        -0.0002994488

2025-07-16:18:42:15,787 INFO     [psi4.optking.stepAlgorithms:318] 	Energy ratio =    1.18047
2025-07-16:18:42:15,787 INFO     [psi4.optking.stepAlgorithms:750] 	Using RFO solution 1.
2025-07-16:18:42:15,787 INFO     [psi4.optking.displace:73] 	Determining Cartesian step for fragment 1.
2025-07-16:18:42:15,787 INFO     [psi4.optking.displace:378] 	Successfully converged to displaced geometry.
2025-07-16:18:42:15,787 INFO     [psi4.optking.displace:379] 	RMS(dx):  0.000e+00 	Max(dx):  0.000e+00 	RMS(dq):  0.000e+00
2025-07-16:18:42:15,787 INFO     [psi4.optking.displace:132] 

	        --- Internal Coordinate Step in ANG or DEG, aJ/ANG or AJ/DEG ---
	-------------------------------------------------------------------------------
	           Coordinate      Previous         Force          Change          New 
	           ----------      --------        ------          ------        ------
	               R(1,2)       2.35548        0.00924        0.01387       2.36935
	-------------------------------------------------------------------------------

2025-07-16:18:42:15,787 INFO     [psi4.optking.stepAlgorithms:96] 	|target step| :    0.0262092996
2025-07-16:18:42:15,787 INFO     [psi4.optking.stepAlgorithms:97] 	gradient     :   -0.0011214825
2025-07-16:18:42:15,787 INFO     [psi4.optking.stepAlgorithms:98] 	hessian      :    0.0427600948
2025-07-16:18:42:15,787 INFO     [psi4.optking.stepAlgorithms:177] 	Norm of achieved step-size    0.0262092996
2025-07-16:18:42:15,787 INFO     [psi4.optking.stepAlgorithms:179] 	Norm of achieved step-size (cart):    0.0185327735
2025-07-16:18:42:15,788 INFO     [psi4.optking.opt_helper:151] Molsys:

	                            ===> Fragment 1 <== 

	 Z (Atomic Numbers)          Masses                          Geom                  
	       4.000000             9.012183          0.00000000  0.00000000  3.08125232   
	      10.000000            19.992440          0.00000000  0.00000000 -1.39616286   

	 - Coordinate -           - BOHR/RAD -       - ANG/DEG -
	 R(1,2)           =         4.477415           2.369346

2025-07-16:18:42:15,788 INFO     [psi4.optking.convcheck:71] Performing convergence check.
2025-07-16:18:42:15,788 INFO     [psi4.optking.convcheck:263] 
	                                 ==> Convergence Check <==                                  
    
	Measures of convergence in internal coordinates in au.
    
	Criteria marked as inactive (o), active & met (*), and active & unmet ( ).

	----------------------------------------------------------------------------------------------
	   Step    Total Energy     Delta E     Max Force     RMS Force      Max Disp      RMS Disp   
	----------------------------------------------------------------------------------------------
	  Convergence Criteria     1.00e-06 *    3.00e-04 *             o    1.20e-03 *             o
	----------------------------------------------------------------------------------------------
	     8    -142.86668465   -3.53e-04      1.12e-03      1.12e-03 o    2.62e-02      2.62e-02 o  ~
	----------------------------------------------------------------------------------------------


2025-07-16:18:42:15,788 INFO     [psi4.optking.stepAlgorithms:266] 	Convergence check returned False
2025-07-16:18:42:15,808 INFO     [psi4.driver.task_planner:285] PLANNING Atomic:  keywords={'DAMPING_PERCENTAGE': 1.0, 'GEOM_MAXITER': 500, 'SCF__GUESS': 'READ', 'GUESS': 'SAP', 'MAXITER': 500, 'REFERENCE': 'UKS', 'function_kwargs': {}}
2025-07-16:18:42:15,809 INFO     [psi4.driver.driver:636] Compute gradient(): method=b3lyp, basis=cc-pvdz, molecule=default, nre=8.933725908726217
2025-07-16:18:42:16,439 INFO     [psi4.driver.driver:639] Return gradient(): -142.86670177708666
2025-07-16:18:42:16,439 INFO     [psi4.driver.driver:640] [[ 0.00000000 -0.00000000 -0.00023781]
 [ 0.00000000  0.00000000  0.00025761]]
2025-07-16:18:42:16,440 INFO     [psi4.optking.history:257] 	Performing BFGS update.
2025-07-16:18:42:16,440 INFO     [psi4.optking.history:268] 	Using 4 previous steps for update.
2025-07-16:18:42:16,440 WARNING  [psi4.optking.history:286] 	Change in internal coordinate of 7.13e-01 exceeds limit of 5.00e-01.
2025-07-16:18:42:16,440 WARNING  [psi4.optking.history:291] 	Skipping Hessian update for step 5.
2025-07-16:18:42:16,441 WARNING  [psi4.optking.history:286] 	Change in internal coordinate of 1.10e+00 exceeds limit of 5.00e-01.
2025-07-16:18:42:16,441 WARNING  [psi4.optking.history:291] 	Skipping Hessian update for step 4.
2025-07-16:18:42:16,441 WARNING  [psi4.optking.history:286] 	Change in internal coordinate of 1.50e+00 exceeds limit of 5.00e-01.
2025-07-16:18:42:16,441 WARNING  [psi4.optking.history:291] 	Skipping Hessian update for step 3.
2025-07-16:18:42:16,441 WARNING  [psi4.optking.history:286] 	Change in internal coordinate of 1.79e+00 exceeds limit of 5.00e-01.
2025-07-16:18:42:16,441 WARNING  [psi4.optking.history:291] 	Skipping Hessian update for step 2.
2025-07-16:18:42:16,441 WARNING  [psi4.optking.history:286] 	Change in internal coordinate of 2.21e+00 exceeds limit of 5.00e-01.
2025-07-16:18:42:16,441 WARNING  [psi4.optking.history:291] 	Skipping Hessian update for step 1.
2025-07-16:18:42:16,441 INFO     [psi4.optking.history:302] 	Steps to be used in Hessian update:  8 7 6

2025-07-16:18:42:16,441 INFO     [psi4.optking.history:400] 	Updated Hessian (in au) 
 	   0.042098

2025-07-16:18:42:16,441 INFO     [psi4.optking.molsys:874] Projected (PHP) Hessian matrix
	   0.042098

2025-07-16:18:42:16,441 INFO     [psi4.optking.opt_helper:168] 
	         Geometry (au)                                       Gradient (au)
   0.0000000000   0.0000000000   3.0862133389		   0.0000000000  -0.0000000000  -0.0002378066
   0.0000000000   0.0000000000  -1.3912018414		   0.0000000000   0.0000000000   0.0002576145

2025-07-16:18:42:16,441 INFO     [psi4.optking.stepAlgorithms:315] 	Current Step Report 
 
	Current energy:      -142.8667017771
	Energy change for the previous step:
		Actual       :        -0.0000171266
		Projected    :        -0.0000146966

2025-07-16:18:42:16,441 INFO     [psi4.optking.stepAlgorithms:318] 	Energy ratio =    1.16534
2025-07-16:18:42:16,441 INFO     [psi4.optking.stepAlgorithms:750] 	Using RFO solution 1.
2025-07-16:18:42:16,441 INFO     [psi4.optking.displace:73] 	Determining Cartesian step for fragment 1.
2025-07-16:18:42:16,441 INFO     [psi4.optking.displace:378] 	Successfully converged to displaced geometry.
2025-07-16:18:42:16,442 INFO     [psi4.optking.displace:379] 	RMS(dx):  0.000e+00 	Max(dx):  0.000e+00 	RMS(dq):  0.000e+00
2025-07-16:18:42:16,442 INFO     [psi4.optking.displace:132] 

	        --- Internal Coordinate Step in ANG or DEG, aJ/ANG or AJ/DEG ---
	-------------------------------------------------------------------------------
	           Coordinate      Previous         Force          Change          New 
	           ----------      --------        ------          ------        ------
	               R(1,2)       2.36935        0.00204        0.00311       2.37246
	-------------------------------------------------------------------------------

2025-07-16:18:42:16,442 INFO     [psi4.optking.stepAlgorithms:96] 	|target step| :    0.0058839899
2025-07-16:18:42:16,442 INFO     [psi4.optking.stepAlgorithms:97] 	gradient     :   -0.0002477105
2025-07-16:18:42:16,442 INFO     [psi4.optking.stepAlgorithms:98] 	hessian      :    0.0420976190
2025-07-16:18:42:16,442 INFO     [psi4.optking.stepAlgorithms:177] 	Norm of achieved step-size    0.0058839899
2025-07-16:18:42:16,442 INFO     [psi4.optking.stepAlgorithms:179] 	Norm of achieved step-size (cart):    0.0041606091
2025-07-16:18:42:16,442 INFO     [psi4.optking.opt_helper:151] Molsys:

	                            ===> Fragment 1 <== 

	 Z (Atomic Numbers)          Masses                          Geom                  
	       4.000000             9.012183          0.00000000  0.00000000  3.08915533   
	      10.000000            19.992440          0.00000000  0.00000000 -1.39414384   

	 - Coordinate -           - BOHR/RAD -       - ANG/DEG -
	 R(1,2)           =         4.483299           2.372460

2025-07-16:18:42:16,442 INFO     [psi4.optking.convcheck:71] Performing convergence check.
2025-07-16:18:42:16,442 INFO     [psi4.optking.convcheck:263] 
	                                 ==> Convergence Check <==                                  
    
	Measures of convergence in internal coordinates in au.
    
	Criteria marked as inactive (o), active & met (*), and active & unmet ( ).

	----------------------------------------------------------------------------------------------
	   Step    Total Energy     Delta E     Max Force     RMS Force      Max Disp      RMS Disp   
	----------------------------------------------------------------------------------------------
	  Convergence Criteria     1.00e-06 *    3.00e-04 *             o    1.20e-03 *             o
	----------------------------------------------------------------------------------------------
	     9    -142.86670178   -1.71e-05      2.48e-04 *    2.48e-04 o    5.88e-03      5.88e-03 o  ~
	----------------------------------------------------------------------------------------------


2025-07-16:18:42:16,442 INFO     [psi4.optking.stepAlgorithms:266] 	Convergence check returned False
2025-07-16:18:42:16,458 INFO     [psi4.driver.task_planner:285] PLANNING Atomic:  keywords={'DAMPING_PERCENTAGE': 1.0, 'GEOM_MAXITER': 500, 'SCF__GUESS': 'READ', 'GUESS': 'SAP', 'MAXITER': 500, 'REFERENCE': 'UKS', 'function_kwargs': {}}
2025-07-16:18:42:16,460 INFO     [psi4.driver.driver:636] Compute gradient(): method=b3lyp, basis=cc-pvdz, molecule=default, nre=8.922001071586637
2025-07-16:18:42:17,78 INFO     [psi4.driver.driver:639] Return gradient(): -142.86670249852415
2025-07-16:18:42:17,78 INFO     [psi4.driver.driver:640] [[ 0.00000000  0.00000000 -0.00004587]
 [-0.00000000 -0.00000000  0.00006555]]
2025-07-16:18:42:17,79 INFO     [psi4.optking.history:257] 	Performing BFGS update.
2025-07-16:18:42:17,79 INFO     [psi4.optking.history:268] 	Using 4 previous steps for update.
2025-07-16:18:42:17,80 INFO     [psi4.optking.history:302] 	Steps to be used in Hessian update:  9 8 7 6

2025-07-16:18:42:17,80 INFO     [psi4.optking.history:400] 	Updated Hessian (in au) 
 	   0.041951

2025-07-16:18:42:17,80 INFO     [psi4.optking.molsys:874] Projected (PHP) Hessian matrix
	   0.041951

2025-07-16:18:42:17,80 INFO     [psi4.optking.opt_helper:168] 
	         Geometry (au)                                       Gradient (au)
   0.0000000000   0.0000000000   3.0902690825		   0.0000000000   0.0000000000  -0.0000458719
   0.0000000000   0.0000000000  -1.3930300877		  -0.0000000000  -0.0000000000   0.0000655525

2025-07-16:18:42:17,80 INFO     [psi4.optking.stepAlgorithms:315] 	Current Step Report 
 
	Current energy:      -142.8667024985
	Energy change for the previous step:
		Actual       :        -0.0000007214
		Projected    :        -0.0000007288

2025-07-16:18:42:17,80 INFO     [psi4.optking.stepAlgorithms:318] 	Energy ratio =    0.98995
2025-07-16:18:42:17,80 INFO     [psi4.optking.stepAlgorithms:750] 	Using RFO solution 1.
2025-07-16:18:42:17,80 INFO     [psi4.optking.displace:73] 	Determining Cartesian step for fragment 1.
2025-07-16:18:42:17,80 INFO     [psi4.optking.displace:378] 	Successfully converged to displaced geometry.
2025-07-16:18:42:17,80 INFO     [psi4.optking.displace:379] 	RMS(dx):  2.564e-16 	Max(dx):  4.441e-16 	RMS(dq):  8.882e-16
2025-07-16:18:42:17,80 INFO     [psi4.optking.displace:132] 

	        --- Internal Coordinate Step in ANG or DEG, aJ/ANG or AJ/DEG ---
	-------------------------------------------------------------------------------
	           Coordinate      Previous         Force          Change          New 
	           ----------      --------        ------          ------        ------
	               R(1,2)       2.37246        0.00046        0.00070       2.37316
	-------------------------------------------------------------------------------

2025-07-16:18:42:17,80 INFO     [psi4.optking.stepAlgorithms:96] 	|target step| :    0.0013280439
2025-07-16:18:42:17,80 INFO     [psi4.optking.stepAlgorithms:97] 	gradient     :   -0.0000557122
2025-07-16:18:42:17,80 INFO     [psi4.optking.stepAlgorithms:98] 	hessian      :    0.0419505030
2025-07-16:18:42:17,80 INFO     [psi4.optking.stepAlgorithms:177] 	Norm of achieved step-size    0.0013280439
2025-07-16:18:42:17,81 INFO     [psi4.optking.stepAlgorithms:179] 	Norm of achieved step-size (cart):    0.0009390689
2025-07-16:18:42:17,81 INFO     [psi4.optking.opt_helper:151] Molsys:

	                            ===> Fragment 1 <== 

	 Z (Atomic Numbers)          Masses                          Geom                  
	       4.000000             9.012183          0.00000000  0.00000000  3.09093310   
	      10.000000            19.992440          0.00000000  0.00000000 -1.39369411   

	 - Coordinate -           - BOHR/RAD -       - ANG/DEG -
	 R(1,2)           =         4.484627           2.373163

2025-07-16:18:42:17,81 INFO     [psi4.optking.convcheck:71] Performing convergence check.
2025-07-16:18:42:17,81 INFO     [psi4.optking.convcheck:263] 
	                                 ==> Convergence Check <==                                  
    
	Measures of convergence in internal coordinates in au.
    
	Criteria marked as inactive (o), active & met (*), and active & unmet ( ).

	----------------------------------------------------------------------------------------------
	   Step    Total Energy     Delta E     Max Force     RMS Force      Max Disp      RMS Disp   
	----------------------------------------------------------------------------------------------
	  Convergence Criteria     1.00e-06 *    3.00e-04 *             o    1.20e-03 *             o
	----------------------------------------------------------------------------------------------
	    10    -142.86670250   -7.21e-07 *    5.57e-05 *    5.57e-05 o    1.33e-03      1.33e-03 o  ~
	----------------------------------------------------------------------------------------------


2025-07-16:18:42:17,81 INFO     [psi4.optking.convcheck:193] 
	                      ===> Final Convergence Report <===                     

	----------------------------------------------------------------------------
	|   Required Criteria    |  One or More Criteria  |   Alternate Criteria   |
	----------------------------------------------------------------------------
	| [x]     max_force      | [x]       max_DE       |                        |
	|                        | [ ]      max_disp      |                        |
	----------------------------------------------------------------------------


2025-07-16:18:42:17,81 INFO     [psi4.optking.stepAlgorithms:266] 	Convergence check returned True
2025-07-16:18:42:17,81 INFO     [psi4.optking.optimize:286] 	Converged in 10 steps!
2025-07-16:18:42:17,81 INFO     [psi4.optking.optimize:287] 	Final energy is   -142.8667024985241
2025-07-16:18:42:17,81 INFO     [psi4.optking.optimize:288] 	Final structure (Angstroms): 
	Fragment 1 (Ang)

	   Be   0.0000000000   0.0000000000   1.6356513586
	   Ne   0.0000000000   0.0000000000  -0.7375111615


2025-07-16:18:42:17,82 INFO     [psi4.optking.optimize:432] 	Optimization Finished

	==> Optimization Summary <==

        
	Measures of convergence in internal coordinates in au. (Any backward steps not shown.)
        
	---------------------------------------------------------------------------------------------------------------  ~
        
	 Step         Total Energy             Delta E       MAX Force       RMS Force        MAX Disp        RMS Disp   ~
        
	---------------------------------------------------------------------------------------------------------------  ~
        
	     1    -142.589046944023   -142.589046944023      0.53094804      0.53094804      0.41801223      0.41801223  ~
	     2    -142.737776818958     -0.148729874935      0.23197266      0.23197266      0.29592929      0.29592929  ~
	     3    -142.791675111852     -0.053898292894      0.14161763      0.14161763      0.39240380      0.39240380  ~
	     4    -142.833209644911     -0.041534533059      0.07649929      0.07649929      0.39063949      0.39063949  ~
	     5    -142.855010107417     -0.021800462506      0.03794417      0.03794417      0.34000554      0.34000554  ~
	     6    -142.863926308315     -0.008916200897      0.01593974      0.01593974      0.23293256      0.23293256  ~
	     7    -142.866331160888     -0.002404852573      0.00527145      0.00527145      0.11361162      0.11361162  ~
	     8    -142.866684650516     -0.000353489628      0.00112148      0.00112148      0.02620930      0.02620930  ~
	     9    -142.866701777087     -0.000017126571      0.00024771      0.00024771      0.00588399      0.00588399  ~
	    10    -142.866702498524     -0.000000721437      0.00005571      0.00005571      0.00132804      0.00132804  ~
	----------------------------------------------------------------------------------------------------------------


2025-07-16:18:42:17,82 INFO     [psi4.optking.optimize:640] Preparing OptimizationResult
