2025-07-16:18:55:17,896 INFO     [psi4.optking.optwrapper:214] Creating a UserComputer
2025-07-16:18:55:17,896 INFO     [psi4.optking.optwrapper:222] 
    			-----------------------------------------

    			 OPTKING 3.0: for geometry optimizations 

    			     By R.A. King, Bethel University     

    			        with contributions from          

    			    A.V. Copan, J. Cayton, A. Heide      

    			-----------------------------------------

    
2025-07-16:18:55:17,896 INFO     [psi4.optking.optwrapper:238] 
		 -- Optimization Parameters --
	accept_symmetry_breaking       =           False
	alg_geom_maxiter               =             500
	bt_dx_conv                     =           1e-07
	bt_dx_rms_change_conv          =           1e-12
	bt_max_iter                    =              25
	cart_hess_read                 =           False
	consecutive_backsteps_allowed  =               0
	conv_max_DE                    =           1e-06
	conv_max_disp                  =          0.0012
	conv_max_force                 =          0.0003
	conv_rms_disp                  =              -1
	conv_rms_force                 =              -1
	covalent_connect               =             1.3
	dynamic_level                  =               0
	dynamic_level_max              =               0
	ensure_bt_convergence          =           False
	ext_force_bend                 =              []
	ext_force_cartesian            =              []
	ext_force_dihedral             =              []
	ext_force_distance             =              []
	ext_force_oofp                 =              []
	fix_val_near_pi                =            1.57
	flexible_g_convergence         =           False
	frag_mode                      =          SINGLE
	frag_ref_atoms                 =            None
	freeze_intrafrag               =           False
	frozen_bend                    =              []
	frozen_cartesian               =              []
	frozen_dihedral                =              []
	frozen_distance                =              []
	frozen_oofp                    =              []
	full_hess_every                =              -1
	g_convergence                  =           QCHEM
	generate_intcos_exit           =           False
	geom_maxiter                   =             500
	h_bond_connect                 =             4.3
	hess_update                    =            BFGS
	hess_update_den_tol            =           1e-07
	hess_update_dq_tol             =             0.5
	hess_update_limit              =            True
	hess_update_limit_max          =             1.0
	hess_update_limit_scale        =             0.5
	hess_update_use_last           =               4
	hessian_file                   =            None
	i_max_DE                       =            True
	i_max_disp                     =            True
	i_max_force                    =            True
	i_rms_disp                     =           False
	i_rms_force                    =           False
	i_untampered                   =            True
	include_oofp                   =           False
	interfrag_collinear_tol        =            0.01
	interfrag_coords               =            None
	interfrag_dist_inv             =           False
	interfrag_mode                 =           FIXED
	interfrag_trust                =             0.5
	interfrag_trust_max            =             1.0
	interfrag_trust_min            =           0.001
	interfragment_connect          =             1.8
	intrafrag_hess                 =        SCHLEGEL
	intrafrag_trust                =             0.5
	intrafrag_trust_max            =             1.0
	intrafrag_trust_min            =           0.001
	irc_direction                  =         FORWARD
	irc_points                     =              20
	irc_step_size                  =             0.2
	keep_intcos                    =           False
	linear_bend_threshold          =            3.05
	linesearch                     =           False
	linesearch_step                =             0.1
	max_disp_g_convergence         =          0.0012
	max_energy_g_convergence       =           1e-06
	max_force_g_convergence        =          0.0003
	opt_coordinates                =       REDUNDANT
	opt_type                       =             MIN
	output_type                    =            FILE
	print_lvl                      =               1
	program                        =            psi4
	ranged_bend                    =              []
	ranged_cartesian               =              []
	ranged_dihedral                =              []
	ranged_distance                =              []
	ranged_oofp                    =              []
	redundant_eval_tol             =           1e-10
	rfo_follow_root                =           False
	rfo_normalization_max          =             100
	rfo_root                       =               0
	rms_disp_g_convergence         =          0.0012
	rms_force_g_convergence        =          0.0003
	rsrfo_alpha_max                =     100000000.0
	sd_hessian                     =             1.0
	simple_step_scaling            =           False
	small_bend_fix_threshold       =            0.35
	steepest_descent_type          =         OVERLAP
	step_type                      =             RFO
	test_B                         =           False
	test_derivative_B              =           False
	trajectory                     =           False
	v3d_tors_angle_lim             =           0.017
	v3d_tors_cos_tol               =           1e-10
	working_consecutive_backsteps  =               0
	working_steps_since_last_H     =               0


2025-07-16:18:55:18,581 INFO     [psi4.optking.opt_helper:151] Molsys:

	                            ===> Fragment 1 <== 

	 Z (Atomic Numbers)          Masses                          Geom                  
	       5.000000            11.009305          0.00000000  0.00000000  1.62730461   
	      14.000000            27.976927          0.00000000  0.00000000 -0.64036674   

	 - Coordinate -           - BOHR/RAD -       - ANG/DEG -
	 R(1,2)           =         2.267671           1.200000

2025-07-16:18:55:18,592 INFO     [psi4.driver.task_planner:285] PLANNING Atomic:  keywords={'DAMPING_PERCENTAGE': 1.0, 'GEOM_MAXITER': 500, 'GUESS': 'SAP', 'MAXITER': 500, 'REFERENCE': 'UKS', 'function_kwargs': {}}
2025-07-16:18:55:18,593 INFO     [psi4.driver.driver:636] Compute gradient(): method=b3lyp, basis=cc-pvdz, molecule=default, nre=30.868670622416673
2025-07-16:18:55:20,736 INFO     [psi4.driver.driver:639] Return gradient(): -313.46028976625325
2025-07-16:18:55:20,736 INFO     [psi4.driver.driver:640] [[ 0.00000000 -0.00000000 -1.28964125]
 [ 0.00000000 -0.00000000  1.28964168]]
2025-07-16:18:55:20,740 INFO     [psi4.optking.molsys:874] Projected (PHP) Hessian matrix
	   4.182219

2025-07-16:18:55:20,740 INFO     [psi4.optking.opt_helper:168] 
	         Geometry (au)                                       Gradient (au)
   0.0000000000   0.0000000000   1.6273046072		   0.0000000000  -0.0000000000  -1.2896412512
   0.0000000000   0.0000000000  -0.6403667434		   0.0000000000  -0.0000000000   1.2896416759

2025-07-16:18:55:20,741 INFO     [psi4.optking.stepAlgorithms:750] 	Using RFO solution 1.
2025-07-16:18:55:20,741 INFO     [psi4.optking.displace:73] 	Determining Cartesian step for fragment 1.
2025-07-16:18:55:20,741 INFO     [psi4.optking.displace:378] 	Successfully converged to displaced geometry.
2025-07-16:18:55:20,741 INFO     [psi4.optking.displace:379] 	RMS(dx):  0.000e+00 	Max(dx):  0.000e+00 	RMS(dq):  0.000e+00
2025-07-16:18:55:20,741 INFO     [psi4.optking.displace:132] 

	        --- Internal Coordinate Step in ANG or DEG, aJ/ANG or AJ/DEG ---
	-------------------------------------------------------------------------------
	           Coordinate      Previous         Force          Change          New 
	           ----------      --------        ------          ------        ------
	               R(1,2)       1.20000       10.62500        0.15006       1.35006
	-------------------------------------------------------------------------------

2025-07-16:18:55:20,741 INFO     [psi4.optking.stepAlgorithms:96] 	|target step| :    0.2835673908
2025-07-16:18:55:20,742 INFO     [psi4.optking.stepAlgorithms:97] 	gradient     :   -1.2896414636
2025-07-16:18:55:20,742 INFO     [psi4.optking.stepAlgorithms:98] 	hessian      :    4.1822185214
2025-07-16:18:55:20,742 INFO     [psi4.optking.stepAlgorithms:177] 	Norm of achieved step-size    0.2835673908
2025-07-16:18:55:20,742 INFO     [psi4.optking.stepAlgorithms:179] 	Norm of achieved step-size (cart):    0.2005124249
2025-07-16:18:55:20,742 INFO     [psi4.optking.opt_helper:151] Molsys:

	                            ===> Fragment 1 <== 

	 Z (Atomic Numbers)          Masses                          Geom                  
	       5.000000            11.009305          0.00000000  0.00000000  1.76908830   
	      14.000000            27.976927          0.00000000  0.00000000 -0.78215044   

	 - Coordinate -           - BOHR/RAD -       - ANG/DEG -
	 R(1,2)           =         2.551239           1.350057

2025-07-16:18:55:20,742 INFO     [psi4.optking.convcheck:71] Performing convergence check.
2025-07-16:18:55:20,742 INFO     [psi4.optking.convcheck:263] 
	                                 ==> Convergence Check <==                                  
    
	Measures of convergence in internal coordinates in au.
    
	Criteria marked as inactive (o), active & met (*), and active & unmet ( ).

	----------------------------------------------------------------------------------------------
	   Step    Total Energy     Delta E     Max Force     RMS Force      Max Disp      RMS Disp   
	----------------------------------------------------------------------------------------------
	  Convergence Criteria     1.00e-06 *    3.00e-04 *             o    1.20e-03 *             o
	----------------------------------------------------------------------------------------------
	     1    -313.46028977   -3.13e+02      1.29e+00      1.29e+00 o    2.84e-01      2.84e-01 o  ~
	----------------------------------------------------------------------------------------------


2025-07-16:18:55:20,742 INFO     [psi4.optking.stepAlgorithms:266] 	Convergence check returned False
2025-07-16:18:55:20,761 INFO     [psi4.driver.task_planner:285] PLANNING Atomic:  keywords={'DAMPING_PERCENTAGE': 1.0, 'GEOM_MAXITER': 500, 'SCF__GUESS': 'READ', 'GUESS': 'SAP', 'MAXITER': 500, 'REFERENCE': 'UKS', 'function_kwargs': {}}
2025-07-16:18:55:20,762 INFO     [psi4.driver.driver:636] Compute gradient(): method=b3lyp, basis=cc-pvdz, molecule=default, nre=27.437651704952355
2025-07-16:18:55:22,289 INFO     [psi4.driver.driver:639] Return gradient(): -313.73946851090005
2025-07-16:18:55:22,289 INFO     [psi4.driver.driver:640] [[ 0.00000000  0.00000000 -0.72482083]
 [ 0.00000000 -0.00000000  0.72482359]]
2025-07-16:18:55:22,290 INFO     [psi4.optking.history:257] 	Performing BFGS update.
2025-07-16:18:55:22,290 INFO     [psi4.optking.history:268] 	Using 1 previous steps for update.
2025-07-16:18:55:22,290 INFO     [psi4.optking.history:302] 	Steps to be used in Hessian update:  1

2025-07-16:18:55:22,290 INFO     [psi4.optking.history:400] 	Updated Hessian (in au) 
 	   2.091109

2025-07-16:18:55:22,291 INFO     [psi4.optking.molsys:874] Projected (PHP) Hessian matrix
	   2.091109

2025-07-16:18:55:22,291 INFO     [psi4.optking.opt_helper:168] 
	         Geometry (au)                                       Gradient (au)
   0.0000000000   0.0000000000   1.8307955237		   0.0000000000   0.0000000000  -0.7248208298
   0.0000000000   0.0000000000  -0.7204432176		   0.0000000000  -0.0000000000   0.7248235950

2025-07-16:18:55:22,291 INFO     [psi4.optking.stepAlgorithms:315] 	Current Step Report 
 
	Current energy:      -313.7394685109
	Energy change for the previous step:
		Actual       :        -0.2791787446
		Projected    :        -0.1828501324

2025-07-16:18:55:22,291 INFO     [psi4.optking.stepAlgorithms:318] 	Energy ratio =    1.52682
2025-07-16:18:55:22,291 INFO     [psi4.optking.stepAlgorithms:346] 	Energy ratio indicates good step.
2025-07-16:18:55:22,291 INFO     [psi4.optking.stepAlgorithms:347] 	Intrafrag trust radius increased to 1.000e+00.
2025-07-16:18:55:22,291 INFO     [psi4.optking.stepAlgorithms:750] 	Using RFO solution 1.
2025-07-16:18:55:22,291 INFO     [psi4.optking.displace:73] 	Determining Cartesian step for fragment 1.
2025-07-16:18:55:22,291 INFO     [psi4.optking.displace:378] 	Successfully converged to displaced geometry.
2025-07-16:18:55:22,291 INFO     [psi4.optking.displace:379] 	RMS(dx):  0.000e+00 	Max(dx):  0.000e+00 	RMS(dq):  0.000e+00
2025-07-16:18:55:22,291 INFO     [psi4.optking.displace:132] 

	        --- Internal Coordinate Step in ANG or DEG, aJ/ANG or AJ/DEG ---
	-------------------------------------------------------------------------------
	           Coordinate      Previous         Force          Change          New 
	           ----------      --------        ------          ------        ------
	               R(1,2)       1.35006        5.97161        0.16549       1.51554
	-------------------------------------------------------------------------------

2025-07-16:18:55:22,291 INFO     [psi4.optking.stepAlgorithms:96] 	|target step| :    0.3127229111
2025-07-16:18:55:22,291 INFO     [psi4.optking.stepAlgorithms:97] 	gradient     :   -0.7248222124
2025-07-16:18:55:22,291 INFO     [psi4.optking.stepAlgorithms:98] 	hessian      :    2.0911092607
2025-07-16:18:55:22,291 INFO     [psi4.optking.stepAlgorithms:177] 	Norm of achieved step-size    0.3127229111
2025-07-16:18:55:22,291 INFO     [psi4.optking.stepAlgorithms:179] 	Norm of achieved step-size (cart):    0.2211284911
2025-07-16:18:55:22,291 INFO     [psi4.optking.opt_helper:151] Molsys:

	                            ===> Fragment 1 <== 

	 Z (Atomic Numbers)          Masses                          Geom                  
	       5.000000            11.009305          0.00000000  0.00000000  1.98715698   
	      14.000000            27.976927          0.00000000  0.00000000 -0.87680467   

	 - Coordinate -           - BOHR/RAD -       - ANG/DEG -
	 R(1,2)           =         2.863962           1.515543

2025-07-16:18:55:22,291 INFO     [psi4.optking.convcheck:71] Performing convergence check.
2025-07-16:18:55:22,291 INFO     [psi4.optking.convcheck:263] 
	                                 ==> Convergence Check <==                                  
    
	Measures of convergence in internal coordinates in au.
    
	Criteria marked as inactive (o), active & met (*), and active & unmet ( ).

	----------------------------------------------------------------------------------------------
	   Step    Total Energy     Delta E     Max Force     RMS Force      Max Disp      RMS Disp   
	----------------------------------------------------------------------------------------------
	  Convergence Criteria     1.00e-06 *    3.00e-04 *             o    1.20e-03 *             o
	----------------------------------------------------------------------------------------------
	     2    -313.73946851   -2.79e-01      7.25e-01      7.25e-01 o    3.13e-01      3.13e-01 o  ~
	----------------------------------------------------------------------------------------------


2025-07-16:18:55:22,291 INFO     [psi4.optking.stepAlgorithms:266] 	Convergence check returned False
2025-07-16:18:55:22,314 INFO     [psi4.driver.task_planner:285] PLANNING Atomic:  keywords={'DAMPING_PERCENTAGE': 1.0, 'GEOM_MAXITER': 500, 'SCF__GUESS': 'READ', 'GUESS': 'SAP', 'MAXITER': 500, 'REFERENCE': 'UKS', 'function_kwargs': {}}
2025-07-16:18:55:22,316 INFO     [psi4.driver.driver:636] Compute gradient(): method=b3lyp, basis=cc-pvdz, molecule=default, nre=24.441668044692882
2025-07-16:18:55:24,83 INFO     [psi4.driver.driver:639] Return gradient(): -313.90329406454197
2025-07-16:18:55:24,83 INFO     [psi4.driver.driver:640] [[ 0.00000000  0.00000000 -0.35813323]
 [-0.00000000  0.00000000  0.35812892]]
2025-07-16:18:55:24,85 INFO     [psi4.optking.history:257] 	Performing BFGS update.
2025-07-16:18:55:24,85 INFO     [psi4.optking.history:268] 	Using 2 previous steps for update.
2025-07-16:18:55:24,88 WARNING  [psi4.optking.history:286] 	Change in internal coordinate of 5.96e-01 exceeds limit of 5.00e-01.
2025-07-16:18:55:24,89 WARNING  [psi4.optking.history:291] 	Skipping Hessian update for step 1.
2025-07-16:18:55:24,89 INFO     [psi4.optking.history:302] 	Steps to be used in Hessian update:  2

2025-07-16:18:55:24,89 INFO     [psi4.optking.history:400] 	Updated Hessian (in au) 
 	   1.172575

2025-07-16:18:55:24,89 INFO     [psi4.optking.molsys:874] Projected (PHP) Hessian matrix
	   1.172575

2025-07-16:18:55:24,89 INFO     [psi4.optking.opt_helper:168] 
	         Geometry (au)                                       Gradient (au)
   0.0000000000   0.0000000000   2.0552087456		   0.0000000000   0.0000000000  -0.3581332258
   0.0000000000   0.0000000000  -0.8087529068		  -0.0000000000   0.0000000000   0.3581289232

2025-07-16:18:55:24,90 INFO     [psi4.optking.stepAlgorithms:315] 	Current Step Report 
 
	Current energy:      -313.9032940645
	Energy change for the previous step:
		Actual       :        -0.1638255536
		Projected    :        -0.1133342561

2025-07-16:18:55:24,90 INFO     [psi4.optking.stepAlgorithms:318] 	Energy ratio =    1.44551
2025-07-16:18:55:24,90 INFO     [psi4.optking.stepAlgorithms:750] 	Using RFO solution 1.
2025-07-16:18:55:24,90 INFO     [psi4.optking.displace:73] 	Determining Cartesian step for fragment 1.
2025-07-16:18:55:24,90 INFO     [psi4.optking.displace:378] 	Successfully converged to displaced geometry.
2025-07-16:18:55:24,90 INFO     [psi4.optking.displace:379] 	RMS(dx):  0.000e+00 	Max(dx):  0.000e+00 	RMS(dq):  0.000e+00
2025-07-16:18:55:24,90 INFO     [psi4.optking.displace:132] 

	        --- Internal Coordinate Step in ANG or DEG, aJ/ANG or AJ/DEG ---
	-------------------------------------------------------------------------------
	           Coordinate      Previous         Force          Change          New 
	           ----------      --------        ------          ------        ------
	               R(1,2)       1.51554        2.95054        0.14884       1.66438
	-------------------------------------------------------------------------------

2025-07-16:18:55:24,90 INFO     [psi4.optking.stepAlgorithms:96] 	|target step| :    0.2812613279
2025-07-16:18:55:24,90 INFO     [psi4.optking.stepAlgorithms:97] 	gradient     :   -0.3581310745
2025-07-16:18:55:24,90 INFO     [psi4.optking.stepAlgorithms:98] 	hessian      :    1.1725752251
2025-07-16:18:55:24,90 INFO     [psi4.optking.stepAlgorithms:177] 	Norm of achieved step-size    0.2812613279
2025-07-16:18:55:24,90 INFO     [psi4.optking.stepAlgorithms:179] 	Norm of achieved step-size (cart):    0.1988817923
2025-07-16:18:55:24,91 INFO     [psi4.optking.opt_helper:151] Molsys:

	                            ===> Fragment 1 <== 

	 Z (Atomic Numbers)          Masses                          Geom                  
	       5.000000            11.009305          0.00000000  0.00000000  2.19583941   
	      14.000000            27.976927          0.00000000  0.00000000 -0.94938357   

	 - Coordinate -           - BOHR/RAD -       - ANG/DEG -
	 R(1,2)           =         3.145223           1.664380

2025-07-16:18:55:24,91 INFO     [psi4.optking.convcheck:71] Performing convergence check.
2025-07-16:18:55:24,91 INFO     [psi4.optking.convcheck:263] 
	                                 ==> Convergence Check <==                                  
    
	Measures of convergence in internal coordinates in au.
    
	Criteria marked as inactive (o), active & met (*), and active & unmet ( ).

	----------------------------------------------------------------------------------------------
	   Step    Total Energy     Delta E     Max Force     RMS Force      Max Disp      RMS Disp   
	----------------------------------------------------------------------------------------------
	  Convergence Criteria     1.00e-06 *    3.00e-04 *             o    1.20e-03 *             o
	----------------------------------------------------------------------------------------------
	     3    -313.90329406   -1.64e-01      3.58e-01      3.58e-01 o    2.81e-01      2.81e-01 o  ~
	----------------------------------------------------------------------------------------------


2025-07-16:18:55:24,91 INFO     [psi4.optking.stepAlgorithms:266] 	Convergence check returned False
2025-07-16:18:55:24,121 INFO     [psi4.driver.task_planner:285] PLANNING Atomic:  keywords={'DAMPING_PERCENTAGE': 1.0, 'GEOM_MAXITER': 500, 'SCF__GUESS': 'READ', 'GUESS': 'SAP', 'MAXITER': 500, 'REFERENCE': 'UKS', 'function_kwargs': {}}
2025-07-16:18:55:24,125 INFO     [psi4.driver.driver:636] Compute gradient(): method=b3lyp, basis=cc-pvdz, molecule=default, nre=22.25597372226487
2025-07-16:18:55:26,211 INFO     [psi4.driver.driver:639] Return gradient(): -313.9752970267858
2025-07-16:18:55:26,211 INFO     [psi4.driver.driver:640] [[ 0.00000000  0.00000000 -0.17085622]
 [ 0.00000000  0.00000000  0.17084447]]
2025-07-16:18:55:26,217 INFO     [psi4.optking.history:257] 	Performing BFGS update.
2025-07-16:18:55:26,217 INFO     [psi4.optking.history:268] 	Using 3 previous steps for update.
2025-07-16:18:55:26,217 WARNING  [psi4.optking.history:286] 	Change in internal coordinate of 5.94e-01 exceeds limit of 5.00e-01.
2025-07-16:18:55:26,217 WARNING  [psi4.optking.history:291] 	Skipping Hessian update for step 2.
2025-07-16:18:55:26,217 WARNING  [psi4.optking.history:286] 	Change in internal coordinate of 8.78e-01 exceeds limit of 5.00e-01.
2025-07-16:18:55:26,218 WARNING  [psi4.optking.history:291] 	Skipping Hessian update for step 1.
2025-07-16:18:55:26,218 INFO     [psi4.optking.history:302] 	Steps to be used in Hessian update:  3

2025-07-16:18:55:26,218 INFO     [psi4.optking.history:400] 	Updated Hessian (in au) 
 	   0.665860

2025-07-16:18:55:26,218 INFO     [psi4.optking.molsys:874] Projected (PHP) Hessian matrix
	   0.665860

2025-07-16:18:55:26,218 INFO     [psi4.optking.opt_helper:168] 
	         Geometry (au)                                       Gradient (au)
   0.0000000000   0.0000000000   2.2570448073		   0.0000000000   0.0000000000  -0.1708562160
   0.0000000000   0.0000000000  -0.8881781730		   0.0000000000   0.0000000000   0.1708444653

2025-07-16:18:55:26,220 INFO     [psi4.optking.stepAlgorithms:315] 	Current Step Report 
 
	Current energy:      -313.9752970268
	Energy change for the previous step:
		Actual       :        -0.0720029622
		Projected    :        -0.0503642108

2025-07-16:18:55:26,220 INFO     [psi4.optking.stepAlgorithms:318] 	Energy ratio =    1.42965
2025-07-16:18:55:26,224 INFO     [psi4.optking.stepAlgorithms:750] 	Using RFO solution 1.
2025-07-16:18:55:26,224 INFO     [psi4.optking.displace:73] 	Determining Cartesian step for fragment 1.
2025-07-16:18:55:26,225 INFO     [psi4.optking.displace:378] 	Successfully converged to displaced geometry.
2025-07-16:18:55:26,225 INFO     [psi4.optking.displace:379] 	RMS(dx):  1.282e-16 	Max(dx):  2.220e-16 	RMS(dq):  0.000e+00
2025-07-16:18:55:26,225 INFO     [psi4.optking.displace:132] 

	        --- Internal Coordinate Step in ANG or DEG, aJ/ANG or AJ/DEG ---
	-------------------------------------------------------------------------------
	           Coordinate      Previous         Force          Change          New 
	           ----------      --------        ------          ------        ------
	               R(1,2)       1.66438        1.40759        0.12785       1.79223
	-------------------------------------------------------------------------------

2025-07-16:18:55:26,225 INFO     [psi4.optking.stepAlgorithms:96] 	|target step| :    0.2416078538
2025-07-16:18:55:26,225 INFO     [psi4.optking.stepAlgorithms:97] 	gradient     :   -0.1708503407
2025-07-16:18:55:26,225 INFO     [psi4.optking.stepAlgorithms:98] 	hessian      :    0.6658602348
2025-07-16:18:55:26,225 INFO     [psi4.optking.stepAlgorithms:177] 	Norm of achieved step-size    0.2416078538
2025-07-16:18:55:26,225 INFO     [psi4.optking.stepAlgorithms:179] 	Norm of achieved step-size (cart):    0.1708425518
2025-07-16:18:55:26,225 INFO     [psi4.optking.opt_helper:151] Molsys:

	                            ===> Fragment 1 <== 

	 Z (Atomic Numbers)          Masses                          Geom                  
	       5.000000            11.009305          0.00000000  0.00000000  2.37784873   
	      14.000000            27.976927          0.00000000  0.00000000 -1.00898210   

	 - Coordinate -           - BOHR/RAD -       - ANG/DEG -
	 R(1,2)           =         3.386831           1.792234

2025-07-16:18:55:26,226 INFO     [psi4.optking.convcheck:71] Performing convergence check.
2025-07-16:18:55:26,226 INFO     [psi4.optking.convcheck:263] 
	                                 ==> Convergence Check <==                                  
    
	Measures of convergence in internal coordinates in au.
    
	Criteria marked as inactive (o), active & met (*), and active & unmet ( ).

	----------------------------------------------------------------------------------------------
	   Step    Total Energy     Delta E     Max Force     RMS Force      Max Disp      RMS Disp   
	----------------------------------------------------------------------------------------------
	  Convergence Criteria     1.00e-06 *    3.00e-04 *             o    1.20e-03 *             o
	----------------------------------------------------------------------------------------------
	     4    -313.97529703   -7.20e-02      1.71e-01      1.71e-01 o    2.42e-01      2.42e-01 o  ~
	----------------------------------------------------------------------------------------------


2025-07-16:18:55:26,226 INFO     [psi4.optking.stepAlgorithms:266] 	Convergence check returned False
2025-07-16:18:55:26,248 INFO     [psi4.driver.task_planner:285] PLANNING Atomic:  keywords={'DAMPING_PERCENTAGE': 1.0, 'GEOM_MAXITER': 500, 'SCF__GUESS': 'READ', 'GUESS': 'SAP', 'MAXITER': 500, 'REFERENCE': 'UKS', 'function_kwargs': {}}
2025-07-16:18:55:26,249 INFO     [psi4.driver.driver:636] Compute gradient(): method=b3lyp, basis=cc-pvdz, molecule=default, nre=20.66828945091125
2025-07-16:18:55:28,602 INFO     [psi4.driver.driver:639] Return gradient(): -314.0041070706354
2025-07-16:18:55:28,602 INFO     [psi4.driver.driver:640] [[ 0.00000000  0.00000000 -0.07542638]
 [-0.00000000  0.00000000  0.07541324]]
2025-07-16:18:55:28,603 INFO     [psi4.optking.history:257] 	Performing BFGS update.
2025-07-16:18:55:28,603 INFO     [psi4.optking.history:268] 	Using 4 previous steps for update.
2025-07-16:18:55:28,603 WARNING  [psi4.optking.history:286] 	Change in internal coordinate of 5.23e-01 exceeds limit of 5.00e-01.
2025-07-16:18:55:28,604 WARNING  [psi4.optking.history:291] 	Skipping Hessian update for step 3.
2025-07-16:18:55:28,604 WARNING  [psi4.optking.history:286] 	Change in internal coordinate of 8.36e-01 exceeds limit of 5.00e-01.
2025-07-16:18:55:28,604 WARNING  [psi4.optking.history:291] 	Skipping Hessian update for step 2.
2025-07-16:18:55:28,604 WARNING  [psi4.optking.history:286] 	Change in internal coordinate of 1.12e+00 exceeds limit of 5.00e-01.
2025-07-16:18:55:28,604 WARNING  [psi4.optking.history:291] 	Skipping Hessian update for step 1.
2025-07-16:18:55:28,604 INFO     [psi4.optking.history:302] 	Steps to be used in Hessian update:  4

2025-07-16:18:55:28,604 INFO     [psi4.optking.history:400] 	Updated Hessian (in au) 
 	   0.394981

2025-07-16:18:55:28,604 INFO     [psi4.optking.molsys:874] Projected (PHP) Hessian matrix
	   0.394981

2025-07-16:18:55:28,604 INFO     [psi4.optking.opt_helper:168] 
	         Geometry (au)                                       Gradient (au)
   0.0000000000   0.0000000000   2.4304251225		   0.0000000000   0.0000000000  -0.0754263804
   0.0000000000   0.0000000000  -0.9564057115		  -0.0000000000   0.0000000000   0.0754132391

2025-07-16:18:55:28,604 INFO     [psi4.optking.stepAlgorithms:315] 	Current Step Report 
 
	Current energy:      -314.0041070706
	Energy change for the previous step:
		Actual       :        -0.0288100438
		Projected    :        -0.0206393921

2025-07-16:18:55:28,604 INFO     [psi4.optking.stepAlgorithms:318] 	Energy ratio =    1.39588
2025-07-16:18:55:28,604 INFO     [psi4.optking.stepAlgorithms:750] 	Using RFO solution 1.
2025-07-16:18:55:28,604 INFO     [psi4.optking.displace:73] 	Determining Cartesian step for fragment 1.
2025-07-16:18:55:28,604 INFO     [psi4.optking.displace:378] 	Successfully converged to displaced geometry.
2025-07-16:18:55:28,604 INFO     [psi4.optking.displace:379] 	RMS(dx):  1.282e-16 	Max(dx):  2.220e-16 	RMS(dq):  4.441e-16
2025-07-16:18:55:28,604 INFO     [psi4.optking.displace:132] 

	        --- Internal Coordinate Step in ANG or DEG, aJ/ANG or AJ/DEG ---
	-------------------------------------------------------------------------------
	           Coordinate      Previous         Force          Change          New 
	           ----------      --------        ------          ------        ------
	               R(1,2)       1.79223        0.62136        0.09761       1.88984
	-------------------------------------------------------------------------------

2025-07-16:18:55:28,604 INFO     [psi4.optking.stepAlgorithms:96] 	|target step| :    0.1844491290
2025-07-16:18:55:28,604 INFO     [psi4.optking.stepAlgorithms:97] 	gradient     :   -0.0754198098
2025-07-16:18:55:28,604 INFO     [psi4.optking.stepAlgorithms:98] 	hessian      :    0.3949810796
2025-07-16:18:55:28,605 INFO     [psi4.optking.stepAlgorithms:177] 	Norm of achieved step-size    0.1844491290
2025-07-16:18:55:28,605 INFO     [psi4.optking.stepAlgorithms:179] 	Norm of achieved step-size (cart):    0.1304252299
2025-07-16:18:55:28,607 INFO     [psi4.optking.opt_helper:151] Molsys:

	                            ===> Fragment 1 <== 

	 Z (Atomic Numbers)          Masses                          Geom                  
	       5.000000            11.009305          0.00000000  0.00000000  2.52264969   
	      14.000000            27.976927          0.00000000  0.00000000 -1.04863028   

	 - Coordinate -           - BOHR/RAD -       - ANG/DEG -
	 R(1,2)           =         3.571280           1.889840

2025-07-16:18:55:28,608 INFO     [psi4.optking.convcheck:71] Performing convergence check.
2025-07-16:18:55:28,608 INFO     [psi4.optking.convcheck:263] 
	                                 ==> Convergence Check <==                                  
    
	Measures of convergence in internal coordinates in au.
    
	Criteria marked as inactive (o), active & met (*), and active & unmet ( ).

	----------------------------------------------------------------------------------------------
	   Step    Total Energy     Delta E     Max Force     RMS Force      Max Disp      RMS Disp   
	----------------------------------------------------------------------------------------------
	  Convergence Criteria     1.00e-06 *    3.00e-04 *             o    1.20e-03 *             o
	----------------------------------------------------------------------------------------------
	     5    -314.00410707   -2.88e-02      7.54e-02      7.54e-02 o    1.84e-01      1.84e-01 o  ~
	----------------------------------------------------------------------------------------------


2025-07-16:18:55:28,608 INFO     [psi4.optking.stepAlgorithms:266] 	Convergence check returned False
2025-07-16:18:55:28,623 INFO     [psi4.driver.task_planner:285] PLANNING Atomic:  keywords={'DAMPING_PERCENTAGE': 1.0, 'GEOM_MAXITER': 500, 'SCF__GUESS': 'READ', 'GUESS': 'SAP', 'MAXITER': 500, 'REFERENCE': 'UKS', 'function_kwargs': {}}
2025-07-16:18:55:28,624 INFO     [psi4.driver.driver:636] Compute gradient(): method=b3lyp, basis=cc-pvdz, molecule=default, nre=19.600815596490722
2025-07-16:18:55:30,357 INFO     [psi4.driver.driver:639] Return gradient(): -314.01344171403696
2025-07-16:18:55:30,357 INFO     [psi4.driver.driver:640] [[-0.00000000  0.00000000 -0.02886014]
 [ 0.00000000  0.00000000  0.02884884]]
2025-07-16:18:55:30,359 INFO     [psi4.optking.history:257] 	Performing BFGS update.
2025-07-16:18:55:30,359 INFO     [psi4.optking.history:268] 	Using 4 previous steps for update.
2025-07-16:18:55:30,359 WARNING  [psi4.optking.history:286] 	Change in internal coordinate of 7.07e-01 exceeds limit of 5.00e-01.
2025-07-16:18:55:30,359 WARNING  [psi4.optking.history:291] 	Skipping Hessian update for step 3.
2025-07-16:18:55:30,359 WARNING  [psi4.optking.history:286] 	Change in internal coordinate of 1.02e+00 exceeds limit of 5.00e-01.
2025-07-16:18:55:30,359 WARNING  [psi4.optking.history:291] 	Skipping Hessian update for step 2.
2025-07-16:18:55:30,359 WARNING  [psi4.optking.history:286] 	Change in internal coordinate of 1.30e+00 exceeds limit of 5.00e-01.
2025-07-16:18:55:30,359 WARNING  [psi4.optking.history:291] 	Skipping Hessian update for step 1.
2025-07-16:18:55:30,359 INFO     [psi4.optking.history:302] 	Steps to be used in Hessian update:  5 4

2025-07-16:18:55:30,359 INFO     [psi4.optking.history:400] 	Updated Hessian (in au) 
 	   0.333279

2025-07-16:18:55:30,359 INFO     [psi4.optking.molsys:874] Projected (PHP) Hessian matrix
	   0.333279

2025-07-16:18:55:30,359 INFO     [psi4.optking.opt_helper:168] 
	         Geometry (au)                                       Gradient (au)
   0.0000000000   0.0000000000   2.5627877409		  -0.0000000000   0.0000000000  -0.0288601424
   0.0000000000   0.0000000000  -1.0084922222		   0.0000000000   0.0000000000   0.0288488361

2025-07-16:18:55:30,359 INFO     [psi4.optking.stepAlgorithms:315] 	Current Step Report 
 
	Current energy:      -314.0134417140
	Energy change for the previous step:
		Actual       :        -0.0093346434
		Projected    :        -0.0069555591

2025-07-16:18:55:30,359 INFO     [psi4.optking.stepAlgorithms:318] 	Energy ratio =    1.34204
2025-07-16:18:55:30,359 INFO     [psi4.optking.stepAlgorithms:750] 	Using RFO solution 1.
2025-07-16:18:55:30,360 INFO     [psi4.optking.displace:73] 	Determining Cartesian step for fragment 1.
2025-07-16:18:55:30,360 INFO     [psi4.optking.displace:378] 	Successfully converged to displaced geometry.
2025-07-16:18:55:30,360 INFO     [psi4.optking.displace:379] 	RMS(dx):  1.282e-16 	Max(dx):  2.220e-16 	RMS(dq):  0.000e+00
2025-07-16:18:55:30,360 INFO     [psi4.optking.displace:132] 

	        --- Internal Coordinate Step in ANG or DEG, aJ/ANG or AJ/DEG ---
	-------------------------------------------------------------------------------
	           Coordinate      Previous         Force          Change          New 
	           ----------      --------        ------          ------        ------
	               R(1,2)       1.88984        0.23772        0.04548       1.93532
	-------------------------------------------------------------------------------

2025-07-16:18:55:30,360 INFO     [psi4.optking.stepAlgorithms:96] 	|target step| :    0.0859381687
2025-07-16:18:55:30,360 INFO     [psi4.optking.stepAlgorithms:97] 	gradient     :   -0.0288544892
2025-07-16:18:55:30,360 INFO     [psi4.optking.stepAlgorithms:98] 	hessian      :    0.3332790147
2025-07-16:18:55:30,360 INFO     [psi4.optking.stepAlgorithms:177] 	Norm of achieved step-size    0.0859381687
2025-07-16:18:55:30,360 INFO     [psi4.optking.stepAlgorithms:179] 	Norm of achieved step-size (cart):    0.0607674619
2025-07-16:18:55:30,360 INFO     [psi4.optking.opt_helper:151] Molsys:

	                            ===> Fragment 1 <== 

	 Z (Atomic Numbers)          Masses                          Geom                  
	       5.000000            11.009305          0.00000000  0.00000000  2.60575683   
	      14.000000            27.976927          0.00000000  0.00000000 -1.05146131   

	 - Coordinate -           - BOHR/RAD -       - ANG/DEG -
	 R(1,2)           =         3.657218           1.935316

2025-07-16:18:55:30,360 INFO     [psi4.optking.convcheck:71] Performing convergence check.
2025-07-16:18:55:30,360 INFO     [psi4.optking.convcheck:263] 
	                                 ==> Convergence Check <==                                  
    
	Measures of convergence in internal coordinates in au.
    
	Criteria marked as inactive (o), active & met (*), and active & unmet ( ).

	----------------------------------------------------------------------------------------------
	   Step    Total Energy     Delta E     Max Force     RMS Force      Max Disp      RMS Disp   
	----------------------------------------------------------------------------------------------
	  Convergence Criteria     1.00e-06 *    3.00e-04 *             o    1.20e-03 *             o
	----------------------------------------------------------------------------------------------
	     6    -314.01344171   -9.33e-03      2.89e-02      2.89e-02 o    8.59e-02      8.59e-02 o  ~
	----------------------------------------------------------------------------------------------


2025-07-16:18:55:30,360 INFO     [psi4.optking.stepAlgorithms:266] 	Convergence check returned False
2025-07-16:18:55:30,378 INFO     [psi4.driver.task_planner:285] PLANNING Atomic:  keywords={'DAMPING_PERCENTAGE': 1.0, 'GEOM_MAXITER': 500, 'SCF__GUESS': 'READ', 'GUESS': 'SAP', 'MAXITER': 500, 'REFERENCE': 'UKS', 'function_kwargs': {}}
2025-07-16:18:55:30,379 INFO     [psi4.driver.driver:636] Compute gradient(): method=b3lyp, basis=cc-pvdz, molecule=default, nre=19.140231038254484
2025-07-16:18:55:32,422 INFO     [psi4.driver.driver:639] Return gradient(): -314.01520868639426
2025-07-16:18:55:32,423 INFO     [psi4.driver.driver:640] [[ 0.00000000 -0.00000000 -0.01278990]
 [-0.00000000  0.00000000  0.01277893]]
2025-07-16:18:55:32,424 INFO     [psi4.optking.history:257] 	Performing BFGS update.
2025-07-16:18:55:32,424 INFO     [psi4.optking.history:268] 	Using 4 previous steps for update.
2025-07-16:18:55:32,424 WARNING  [psi4.optking.history:286] 	Change in internal coordinate of 5.12e-01 exceeds limit of 5.00e-01.
2025-07-16:18:55:32,424 WARNING  [psi4.optking.history:291] 	Skipping Hessian update for step 4.
2025-07-16:18:55:32,424 WARNING  [psi4.optking.history:286] 	Change in internal coordinate of 7.93e-01 exceeds limit of 5.00e-01.
2025-07-16:18:55:32,424 WARNING  [psi4.optking.history:291] 	Skipping Hessian update for step 3.
2025-07-16:18:55:32,424 WARNING  [psi4.optking.history:286] 	Change in internal coordinate of 1.11e+00 exceeds limit of 5.00e-01.
2025-07-16:18:55:32,424 WARNING  [psi4.optking.history:291] 	Skipping Hessian update for step 2.
2025-07-16:18:55:32,424 WARNING  [psi4.optking.history:286] 	Change in internal coordinate of 1.39e+00 exceeds limit of 5.00e-01.
2025-07-16:18:55:32,424 WARNING  [psi4.optking.history:291] 	Skipping Hessian update for step 1.
2025-07-16:18:55:32,424 INFO     [psi4.optking.history:302] 	Steps to be used in Hessian update:  6 5

2025-07-16:18:55:32,424 INFO     [psi4.optking.history:400] 	Updated Hessian (in au) 
 	   0.231651

2025-07-16:18:55:32,424 INFO     [psi4.optking.molsys:874] Projected (PHP) Hessian matrix
	   0.231651

2025-07-16:18:55:32,424 INFO     [psi4.optking.opt_helper:168] 
	         Geometry (au)                                       Gradient (au)
   0.0000000000   0.0000000000   2.6244578668		   0.0000000000  -0.0000000000  -0.0127899023
   0.0000000000   0.0000000000  -1.0327602650		  -0.0000000000   0.0000000000   0.0127789269

2025-07-16:18:55:32,424 INFO     [psi4.optking.stepAlgorithms:315] 	Current Step Report 
 
	Current energy:      -314.0152086864
	Energy change for the previous step:
		Actual       :        -0.0017669724
		Projected    :        -0.0012398510

2025-07-16:18:55:32,425 INFO     [psi4.optking.stepAlgorithms:318] 	Energy ratio =    1.42515
2025-07-16:18:55:32,425 INFO     [psi4.optking.stepAlgorithms:750] 	Using RFO solution 1.
2025-07-16:18:55:32,425 INFO     [psi4.optking.displace:73] 	Determining Cartesian step for fragment 1.
2025-07-16:18:55:32,425 INFO     [psi4.optking.displace:378] 	Successfully converged to displaced geometry.
2025-07-16:18:55:32,425 INFO     [psi4.optking.displace:379] 	RMS(dx):  0.000e+00 	Max(dx):  0.000e+00 	RMS(dq):  0.000e+00
2025-07-16:18:55:32,425 INFO     [psi4.optking.displace:132] 

	        --- Internal Coordinate Step in ANG or DEG, aJ/ANG or AJ/DEG ---
	-------------------------------------------------------------------------------
	           Coordinate      Previous         Force          Change          New 
	           ----------      --------        ------          ------        ------
	               R(1,2)       1.93532        0.10533        0.02912       1.96443
	-------------------------------------------------------------------------------

2025-07-16:18:55:32,425 INFO     [psi4.optking.stepAlgorithms:96] 	|target step| :    0.0550212635
2025-07-16:18:55:32,425 INFO     [psi4.optking.stepAlgorithms:97] 	gradient     :   -0.0127844146
2025-07-16:18:55:32,425 INFO     [psi4.optking.stepAlgorithms:98] 	hessian      :    0.2316506569
2025-07-16:18:55:32,425 INFO     [psi4.optking.stepAlgorithms:177] 	Norm of achieved step-size    0.0550212635
2025-07-16:18:55:32,425 INFO     [psi4.optking.stepAlgorithms:179] 	Norm of achieved step-size (cart):    0.0389059086
2025-07-16:18:55:32,425 INFO     [psi4.optking.opt_helper:151] Molsys:

	                            ===> Fragment 1 <== 

	 Z (Atomic Numbers)          Masses                          Geom                  
	       5.000000            11.009305          0.00000000  0.00000000  2.65196850   
	      14.000000            27.976927          0.00000000  0.00000000 -1.06027090   

	 - Coordinate -           - BOHR/RAD -       - ANG/DEG -
	 R(1,2)           =         3.712239           1.964432

2025-07-16:18:55:32,425 INFO     [psi4.optking.convcheck:71] Performing convergence check.
2025-07-16:18:55:32,425 INFO     [psi4.optking.convcheck:263] 
	                                 ==> Convergence Check <==                                  
    
	Measures of convergence in internal coordinates in au.
    
	Criteria marked as inactive (o), active & met (*), and active & unmet ( ).

	----------------------------------------------------------------------------------------------
	   Step    Total Energy     Delta E     Max Force     RMS Force      Max Disp      RMS Disp   
	----------------------------------------------------------------------------------------------
	  Convergence Criteria     1.00e-06 *    3.00e-04 *             o    1.20e-03 *             o
	----------------------------------------------------------------------------------------------
	     7    -314.01520869   -1.77e-03      1.28e-02      1.28e-02 o    5.50e-02      5.50e-02 o  ~
	----------------------------------------------------------------------------------------------


2025-07-16:18:55:32,425 INFO     [psi4.optking.stepAlgorithms:266] 	Convergence check returned False
2025-07-16:18:55:32,440 INFO     [psi4.driver.task_planner:285] PLANNING Atomic:  keywords={'DAMPING_PERCENTAGE': 1.0, 'GEOM_MAXITER': 500, 'SCF__GUESS': 'READ', 'GUESS': 'SAP', 'MAXITER': 500, 'REFERENCE': 'UKS', 'function_kwargs': {}}
2025-07-16:18:55:32,441 INFO     [psi4.driver.driver:636] Compute gradient(): method=b3lyp, basis=cc-pvdz, molecule=default, nre=18.85654251923127
2025-07-16:18:55:34,146 INFO     [psi4.driver.driver:639] Return gradient(): -314.0156659501337
2025-07-16:18:55:34,146 INFO     [psi4.driver.driver:640] [[-0.00000000  0.00000000 -0.00402948]
 [ 0.00000000  0.00000000  0.00401964]]
2025-07-16:18:55:34,153 INFO     [psi4.optking.history:257] 	Performing BFGS update.
2025-07-16:18:55:34,154 INFO     [psi4.optking.history:268] 	Using 4 previous steps for update.
2025-07-16:18:55:34,154 WARNING  [psi4.optking.history:286] 	Change in internal coordinate of 5.67e-01 exceeds limit of 5.00e-01.
2025-07-16:18:55:34,154 WARNING  [psi4.optking.history:291] 	Skipping Hessian update for step 4.
2025-07-16:18:55:34,154 WARNING  [psi4.optking.history:286] 	Change in internal coordinate of 8.48e-01 exceeds limit of 5.00e-01.
2025-07-16:18:55:34,154 WARNING  [psi4.optking.history:291] 	Skipping Hessian update for step 3.
2025-07-16:18:55:34,155 WARNING  [psi4.optking.history:286] 	Change in internal coordinate of 1.16e+00 exceeds limit of 5.00e-01.
2025-07-16:18:55:34,155 WARNING  [psi4.optking.history:291] 	Skipping Hessian update for step 2.
2025-07-16:18:55:34,155 WARNING  [psi4.optking.history:286] 	Change in internal coordinate of 1.44e+00 exceeds limit of 5.00e-01.
2025-07-16:18:55:34,155 WARNING  [psi4.optking.history:291] 	Skipping Hessian update for step 1.
2025-07-16:18:55:34,155 INFO     [psi4.optking.history:302] 	Steps to be used in Hessian update:  7 6 5

2025-07-16:18:55:34,157 INFO     [psi4.optking.history:400] 	Updated Hessian (in au) 
 	   0.219402

2025-07-16:18:55:34,157 INFO     [psi4.optking.molsys:874] Projected (PHP) Hessian matrix
	   0.219402

2025-07-16:18:55:34,157 INFO     [psi4.optking.opt_helper:168] 
	         Geometry (au)                                       Gradient (au)
   0.0000000000   0.0000000000   2.6639416993		  -0.0000000000   0.0000000000  -0.0040294809
   0.0000000000   0.0000000000  -1.0482976961		   0.0000000000   0.0000000000   0.0040196385

2025-07-16:18:55:34,157 INFO     [psi4.optking.stepAlgorithms:315] 	Current Step Report 
 
	Current energy:      -314.0156659501
	Energy change for the previous step:
		Actual       :        -0.0004572637
		Projected    :        -0.0003517073

2025-07-16:18:55:34,157 INFO     [psi4.optking.stepAlgorithms:318] 	Energy ratio =    1.30013
2025-07-16:18:55:34,157 INFO     [psi4.optking.stepAlgorithms:750] 	Using RFO solution 1.
2025-07-16:18:55:34,158 INFO     [psi4.optking.displace:73] 	Determining Cartesian step for fragment 1.
2025-07-16:18:55:34,158 INFO     [psi4.optking.displace:378] 	Successfully converged to displaced geometry.
2025-07-16:18:55:34,158 INFO     [psi4.optking.displace:379] 	RMS(dx):  0.000e+00 	Max(dx):  0.000e+00 	RMS(dq):  0.000e+00
2025-07-16:18:55:34,158 INFO     [psi4.optking.displace:132] 

	        --- Internal Coordinate Step in ANG or DEG, aJ/ANG or AJ/DEG ---
	-------------------------------------------------------------------------------
	           Coordinate      Previous         Force          Change          New 
	           ----------      --------        ------          ------        ------
	               R(1,2)       1.96443        0.03316        0.00970       1.97414
	-------------------------------------------------------------------------------

2025-07-16:18:55:34,158 INFO     [psi4.optking.stepAlgorithms:96] 	|target step| :    0.0183371556
2025-07-16:18:55:34,158 INFO     [psi4.optking.stepAlgorithms:97] 	gradient     :   -0.0040245597
2025-07-16:18:55:34,158 INFO     [psi4.optking.stepAlgorithms:98] 	hessian      :    0.2194018799
2025-07-16:18:55:34,158 INFO     [psi4.optking.stepAlgorithms:177] 	Norm of achieved step-size    0.0183371556
2025-07-16:18:55:34,158 INFO     [psi4.optking.stepAlgorithms:179] 	Norm of achieved step-size (cart):    0.0129663271
2025-07-16:18:55:34,159 INFO     [psi4.optking.opt_helper:151] Molsys:

	                            ===> Fragment 1 <== 

	 Z (Atomic Numbers)          Masses                          Geom                  
	       5.000000            11.009305          0.00000000  0.00000000  2.67311028   
	      14.000000            27.976927          0.00000000  0.00000000 -1.05746627   

	 - Coordinate -           - BOHR/RAD -       - ANG/DEG -
	 R(1,2)           =         3.730577           1.974136

2025-07-16:18:55:34,159 INFO     [psi4.optking.convcheck:71] Performing convergence check.
2025-07-16:18:55:34,159 INFO     [psi4.optking.convcheck:263] 
	                                 ==> Convergence Check <==                                  
    
	Measures of convergence in internal coordinates in au.
    
	Criteria marked as inactive (o), active & met (*), and active & unmet ( ).

	----------------------------------------------------------------------------------------------
	   Step    Total Energy     Delta E     Max Force     RMS Force      Max Disp      RMS Disp   
	----------------------------------------------------------------------------------------------
	  Convergence Criteria     1.00e-06 *    3.00e-04 *             o    1.20e-03 *             o
	----------------------------------------------------------------------------------------------
	     8    -314.01566595   -4.57e-04      4.02e-03      4.02e-03 o    1.83e-02      1.83e-02 o  ~
	----------------------------------------------------------------------------------------------


2025-07-16:18:55:34,159 INFO     [psi4.optking.stepAlgorithms:266] 	Convergence check returned False
2025-07-16:18:55:34,176 INFO     [psi4.driver.task_planner:285] PLANNING Atomic:  keywords={'DAMPING_PERCENTAGE': 1.0, 'GEOM_MAXITER': 500, 'SCF__GUESS': 'READ', 'GUESS': 'SAP', 'MAXITER': 500, 'REFERENCE': 'UKS', 'function_kwargs': {}}
2025-07-16:18:55:34,177 INFO     [psi4.driver.driver:636] Compute gradient(): method=b3lyp, basis=cc-pvdz, molecule=default, nre=18.76385567856116
2025-07-16:18:55:36,271 INFO     [psi4.driver.driver:639] Return gradient(): -314.01571497154634
2025-07-16:18:55:36,272 INFO     [psi4.driver.driver:640] [[ 0.00000000  0.00000000 -0.00134981]
 [ 0.00000000 -0.00000000  0.00134040]]
2025-07-16:18:55:36,274 INFO     [psi4.optking.history:257] 	Performing BFGS update.
2025-07-16:18:55:36,274 INFO     [psi4.optking.history:268] 	Using 4 previous steps for update.
2025-07-16:18:55:36,274 INFO     [psi4.optking.history:302] 	Steps to be used in Hessian update:  8 7 6 5

2025-07-16:18:55:36,274 INFO     [psi4.optking.history:400] 	Updated Hessian (in au) 
 	   0.215493

2025-07-16:18:55:36,274 INFO     [psi4.optking.molsys:874] Projected (PHP) Hessian matrix
	   0.215493

2025-07-16:18:55:36,274 INFO     [psi4.optking.opt_helper:168] 
	         Geometry (au)                                       Gradient (au)
   0.0000000000   0.0000000000   2.6771006334		   0.0000000000   0.0000000000  -0.0013498073
   0.0000000000   0.0000000000  -1.0534759176		   0.0000000000  -0.0000000000   0.0013403994

2025-07-16:18:55:36,274 INFO     [psi4.optking.stepAlgorithms:315] 	Current Step Report 
 
	Current energy:      -314.0157149715
	Energy change for the previous step:
		Actual       :        -0.0000490214
		Projected    :        -0.0000368995

2025-07-16:18:55:36,274 INFO     [psi4.optking.stepAlgorithms:318] 	Energy ratio =    1.32851
2025-07-16:18:55:36,274 INFO     [psi4.optking.stepAlgorithms:750] 	Using RFO solution 1.
2025-07-16:18:55:36,274 INFO     [psi4.optking.displace:73] 	Determining Cartesian step for fragment 1.
2025-07-16:18:55:36,275 INFO     [psi4.optking.displace:378] 	Successfully converged to displaced geometry.
2025-07-16:18:55:36,275 INFO     [psi4.optking.displace:379] 	RMS(dx):  0.000e+00 	Max(dx):  0.000e+00 	RMS(dq):  0.000e+00
2025-07-16:18:55:36,275 INFO     [psi4.optking.displace:132] 

	        --- Internal Coordinate Step in ANG or DEG, aJ/ANG or AJ/DEG ---
	-------------------------------------------------------------------------------
	           Coordinate      Previous         Force          Change          New 
	           ----------      --------        ------          ------        ------
	               R(1,2)       1.97414        0.01108        0.00330       1.97744
	-------------------------------------------------------------------------------

2025-07-16:18:55:36,275 INFO     [psi4.optking.stepAlgorithms:96] 	|target step| :    0.0062417461
2025-07-16:18:55:36,275 INFO     [psi4.optking.stepAlgorithms:97] 	gradient     :   -0.0013451034
2025-07-16:18:55:36,275 INFO     [psi4.optking.stepAlgorithms:98] 	hessian      :    0.2154927399
2025-07-16:18:55:36,275 INFO     [psi4.optking.stepAlgorithms:177] 	Norm of achieved step-size    0.0062417461
2025-07-16:18:55:36,275 INFO     [psi4.optking.stepAlgorithms:179] 	Norm of achieved step-size (cart):    0.0044135810
2025-07-16:18:55:36,275 INFO     [psi4.optking.opt_helper:151] Molsys:

	                            ===> Fragment 1 <== 

	 Z (Atomic Numbers)          Masses                          Geom                  
	       5.000000            11.009305          0.00000000  0.00000000  2.68022151   
	      14.000000            27.976927          0.00000000  0.00000000 -1.05659679   

	 - Coordinate -           - BOHR/RAD -       - ANG/DEG -
	 R(1,2)           =         3.736818           1.977439

2025-07-16:18:55:36,275 INFO     [psi4.optking.convcheck:71] Performing convergence check.
2025-07-16:18:55:36,275 INFO     [psi4.optking.convcheck:263] 
	                                 ==> Convergence Check <==                                  
    
	Measures of convergence in internal coordinates in au.
    
	Criteria marked as inactive (o), active & met (*), and active & unmet ( ).

	----------------------------------------------------------------------------------------------
	   Step    Total Energy     Delta E     Max Force     RMS Force      Max Disp      RMS Disp   
	----------------------------------------------------------------------------------------------
	  Convergence Criteria     1.00e-06 *    3.00e-04 *             o    1.20e-03 *             o
	----------------------------------------------------------------------------------------------
	     9    -314.01571497   -4.90e-05      1.35e-03      1.35e-03 o    6.24e-03      6.24e-03 o  ~
	----------------------------------------------------------------------------------------------


2025-07-16:18:55:36,275 INFO     [psi4.optking.stepAlgorithms:266] 	Convergence check returned False
2025-07-16:18:55:36,291 INFO     [psi4.driver.task_planner:285] PLANNING Atomic:  keywords={'DAMPING_PERCENTAGE': 1.0, 'GEOM_MAXITER': 500, 'SCF__GUESS': 'READ', 'GUESS': 'SAP', 'MAXITER': 500, 'REFERENCE': 'UKS', 'function_kwargs': {}}
2025-07-16:18:55:36,293 INFO     [psi4.driver.driver:636] Compute gradient(): method=b3lyp, basis=cc-pvdz, molecule=default, nre=18.732513714747892
2025-07-16:18:55:39,147 INFO     [psi4.driver.driver:639] Return gradient(): -314.0157205744804
2025-07-16:18:55:39,147 INFO     [psi4.driver.driver:640] [[ 0.00000000  0.00000000 -0.00046372]
 [ 0.00000000  0.00000000  0.00045445]]
2025-07-16:18:55:39,150 INFO     [psi4.optking.history:257] 	Performing BFGS update.
2025-07-16:18:55:39,150 INFO     [psi4.optking.history:268] 	Using 4 previous steps for update.
2025-07-16:18:55:39,150 INFO     [psi4.optking.history:302] 	Steps to be used in Hessian update:  9 8 7 6

2025-07-16:18:55:39,151 INFO     [psi4.optking.history:400] 	Updated Hessian (in au) 
 	   0.171534

2025-07-16:18:55:39,151 INFO     [psi4.optking.molsys:874] Projected (PHP) Hessian matrix
	   0.171534

2025-07-16:18:55:39,151 INFO     [psi4.optking.opt_helper:168] 
	         Geometry (au)                                       Gradient (au)
   0.0000000000   0.0000000000   2.6815797755		   0.0000000000   0.0000000000  -0.0004637232
   0.0000000000   0.0000000000  -1.0552385216		   0.0000000000   0.0000000000   0.0004544506

2025-07-16:18:55:39,151 INFO     [psi4.optking.stepAlgorithms:315] 	Current Step Report 
 
	Current energy:      -314.0157205745
	Energy change for the previous step:
		Actual       :        -0.0000056029
		Projected    :        -0.0000041979

2025-07-16:18:55:39,151 INFO     [psi4.optking.stepAlgorithms:318] 	Energy ratio =    1.33470
2025-07-16:18:55:39,151 INFO     [psi4.optking.stepAlgorithms:750] 	Using RFO solution 1.
2025-07-16:18:55:39,151 INFO     [psi4.optking.displace:73] 	Determining Cartesian step for fragment 1.
2025-07-16:18:55:39,151 INFO     [psi4.optking.displace:378] 	Successfully converged to displaced geometry.
2025-07-16:18:55:39,151 INFO     [psi4.optking.displace:379] 	RMS(dx):  1.282e-16 	Max(dx):  2.220e-16 	RMS(dq):  4.441e-16
2025-07-16:18:55:39,151 INFO     [psi4.optking.displace:132] 

	        --- Internal Coordinate Step in ANG or DEG, aJ/ANG or AJ/DEG ---
	-------------------------------------------------------------------------------
	           Coordinate      Previous         Force          Change          New 
	           ----------      --------        ------          ------        ------
	               R(1,2)       1.97744        0.00378        0.00142       1.97886
	-------------------------------------------------------------------------------

2025-07-16:18:55:39,152 INFO     [psi4.optking.stepAlgorithms:96] 	|target step| :    0.0026763465
2025-07-16:18:55:39,152 INFO     [psi4.optking.stepAlgorithms:97] 	gradient     :   -0.0004590869
2025-07-16:18:55:39,152 INFO     [psi4.optking.stepAlgorithms:98] 	hessian      :    0.1715336965
2025-07-16:18:55:39,152 INFO     [psi4.optking.stepAlgorithms:177] 	Norm of achieved step-size    0.0026763465
2025-07-16:18:55:39,152 INFO     [psi4.optking.stepAlgorithms:179] 	Norm of achieved step-size (cart):    0.0018924628
2025-07-16:18:55:39,152 INFO     [psi4.optking.opt_helper:151] Molsys:

	                            ===> Fragment 1 <== 

	 Z (Atomic Numbers)          Masses                          Geom                  
	       5.000000            11.009305          0.00000000  0.00000000  2.68291795   
	      14.000000            27.976927          0.00000000  0.00000000 -1.05657669   

	 - Coordinate -           - BOHR/RAD -       - ANG/DEG -
	 R(1,2)           =         3.739495           1.978855

2025-07-16:18:55:39,152 INFO     [psi4.optking.convcheck:71] Performing convergence check.
2025-07-16:18:55:39,152 INFO     [psi4.optking.convcheck:263] 
	                                 ==> Convergence Check <==                                  
    
	Measures of convergence in internal coordinates in au.
    
	Criteria marked as inactive (o), active & met (*), and active & unmet ( ).

	----------------------------------------------------------------------------------------------
	   Step    Total Energy     Delta E     Max Force     RMS Force      Max Disp      RMS Disp   
	----------------------------------------------------------------------------------------------
	  Convergence Criteria     1.00e-06 *    3.00e-04 *             o    1.20e-03 *             o
	----------------------------------------------------------------------------------------------
	    10    -314.01572057   -5.60e-06      4.59e-04      4.59e-04 o    2.68e-03      2.68e-03 o  ~
	----------------------------------------------------------------------------------------------


2025-07-16:18:55:39,152 INFO     [psi4.optking.stepAlgorithms:266] 	Convergence check returned False
2025-07-16:18:55:39,176 INFO     [psi4.driver.task_planner:285] PLANNING Atomic:  keywords={'DAMPING_PERCENTAGE': 1.0, 'GEOM_MAXITER': 500, 'SCF__GUESS': 'READ', 'GUESS': 'SAP', 'MAXITER': 500, 'REFERENCE': 'UKS', 'function_kwargs': {}}
2025-07-16:18:55:39,179 INFO     [psi4.driver.driver:636] Compute gradient(): method=b3lyp, basis=cc-pvdz, molecule=default, nre=18.71910690372408
2025-07-16:18:55:40,264 INFO     [psi4.driver.driver:639] Return gradient(): -314.015721301583
2025-07-16:18:55:40,265 INFO     [psi4.driver.driver:640] [[ 0.00000000 -0.00000000 -0.00008777]
 [ 0.00000000  0.00000000  0.00007855]]
2025-07-16:18:55:40,266 INFO     [psi4.optking.history:257] 	Performing BFGS update.
2025-07-16:18:55:40,266 INFO     [psi4.optking.history:268] 	Using 4 previous steps for update.
2025-07-16:18:55:40,267 INFO     [psi4.optking.history:302] 	Steps to be used in Hessian update:  10 9 8 7

2025-07-16:18:55:40,267 INFO     [psi4.optking.history:400] 	Updated Hessian (in au) 
 	   0.154373

2025-07-16:18:55:40,267 INFO     [psi4.optking.molsys:874] Projected (PHP) Hessian matrix
	   0.154373

2025-07-16:18:55:40,268 INFO     [psi4.optking.opt_helper:168] 
	         Geometry (au)                                       Gradient (au)
   0.0000000000   0.0000000000   2.6835003497		   0.0000000000  -0.0000000000  -0.0000877709
   0.0000000000   0.0000000000  -1.0559942940		   0.0000000000   0.0000000000   0.0000785534

2025-07-16:18:55:40,268 INFO     [psi4.optking.stepAlgorithms:315] 	Current Step Report 
 
	Current energy:      -314.0157213016
	Energy change for the previous step:
		Actual       :        -0.0000007271
		Projected    :        -0.0000006143

2025-07-16:18:55:40,268 INFO     [psi4.optking.stepAlgorithms:318] 	Energy ratio =    1.18356
2025-07-16:18:55:40,268 INFO     [psi4.optking.stepAlgorithms:750] 	Using RFO solution 1.
2025-07-16:18:55:40,268 INFO     [psi4.optking.displace:73] 	Determining Cartesian step for fragment 1.
2025-07-16:18:55:40,269 INFO     [psi4.optking.displace:378] 	Successfully converged to displaced geometry.
2025-07-16:18:55:40,269 INFO     [psi4.optking.displace:379] 	RMS(dx):  0.000e+00 	Max(dx):  0.000e+00 	RMS(dq):  0.000e+00
2025-07-16:18:55:40,269 INFO     [psi4.optking.displace:132] 

	        --- Internal Coordinate Step in ANG or DEG, aJ/ANG or AJ/DEG ---
	-------------------------------------------------------------------------------
	           Coordinate      Previous         Force          Change          New 
	           ----------      --------        ------          ------        ------
	               R(1,2)       1.97886        0.00069        0.00029       1.97914
	-------------------------------------------------------------------------------

2025-07-16:18:55:40,269 INFO     [psi4.optking.stepAlgorithms:96] 	|target step| :    0.0005387099
2025-07-16:18:55:40,269 INFO     [psi4.optking.stepAlgorithms:97] 	gradient     :   -0.0000831622
2025-07-16:18:55:40,270 INFO     [psi4.optking.stepAlgorithms:98] 	hessian      :    0.1543727629
2025-07-16:18:55:40,270 INFO     [psi4.optking.stepAlgorithms:177] 	Norm of achieved step-size    0.0005387099
2025-07-16:18:55:40,270 INFO     [psi4.optking.stepAlgorithms:179] 	Norm of achieved step-size (cart):    0.0003809254
2025-07-16:18:55:40,270 INFO     [psi4.optking.opt_helper:151] Molsys:

	                            ===> Fragment 1 <== 

	 Z (Atomic Numbers)          Masses                          Geom                  
	       5.000000            11.009305          0.00000000  0.00000000  2.68376970   
	      14.000000            27.976927          0.00000000  0.00000000 -1.05626365   

	 - Coordinate -           - BOHR/RAD -       - ANG/DEG -
	 R(1,2)           =         3.740033           1.979140

2025-07-16:18:55:40,270 INFO     [psi4.optking.convcheck:71] Performing convergence check.
2025-07-16:18:55:40,270 INFO     [psi4.optking.convcheck:263] 
	                                 ==> Convergence Check <==                                  
    
	Measures of convergence in internal coordinates in au.
    
	Criteria marked as inactive (o), active & met (*), and active & unmet ( ).

	----------------------------------------------------------------------------------------------
	   Step    Total Energy     Delta E     Max Force     RMS Force      Max Disp      RMS Disp   
	----------------------------------------------------------------------------------------------
	  Convergence Criteria     1.00e-06 *    3.00e-04 *             o    1.20e-03 *             o
	----------------------------------------------------------------------------------------------
	    11    -314.01572130   -7.27e-07 *    8.32e-05 *    8.32e-05 o    5.39e-04 *    5.39e-04 o  ~
	----------------------------------------------------------------------------------------------


2025-07-16:18:55:40,270 INFO     [psi4.optking.convcheck:193] 
	                      ===> Final Convergence Report <===                     

	----------------------------------------------------------------------------
	|   Required Criteria    |  One or More Criteria  |   Alternate Criteria   |
	----------------------------------------------------------------------------
	| [x]     max_force      | [x]       max_DE       |                        |
	|                        | [x]      max_disp      |                        |
	----------------------------------------------------------------------------


2025-07-16:18:55:40,270 INFO     [psi4.optking.stepAlgorithms:266] 	Convergence check returned True
2025-07-16:18:55:40,270 INFO     [psi4.optking.optimize:286] 	Converged in 11 steps!
2025-07-16:18:55:40,270 INFO     [psi4.optking.optimize:287] 	Final energy is   -314.0157213015830
2025-07-16:18:55:40,270 INFO     [psi4.optking.optimize:288] 	Final structure (Angstroms): 
	Fragment 1 (Ang)

	    B   0.0000000000   0.0000000000   1.4201897664
	   Si   0.0000000000   0.0000000000  -0.5589506515


2025-07-16:18:55:40,272 INFO     [psi4.optking.optimize:432] 	Optimization Finished

	==> Optimization Summary <==

        
	Measures of convergence in internal coordinates in au. (Any backward steps not shown.)
        
	---------------------------------------------------------------------------------------------------------------  ~
        
	 Step         Total Energy             Delta E       MAX Force       RMS Force        MAX Disp        RMS Disp   ~
        
	---------------------------------------------------------------------------------------------------------------  ~
        
	     1    -313.460289766253   -313.460289766253      1.28964146      1.28964146      0.28356739      0.28356739  ~
	     2    -313.739468510900     -0.279178744647      0.72482221      0.72482221      0.31272291      0.31272291  ~
	     3    -313.903294064542     -0.163825553642      0.35813107      0.35813107      0.28126133      0.28126133  ~
	     4    -313.975297026786     -0.072002962244      0.17085034      0.17085034      0.24160785      0.24160785  ~
	     5    -314.004107070635     -0.028810043850      0.07541981      0.07541981      0.18444913      0.18444913  ~
	     6    -314.013441714037     -0.009334643402      0.02885449      0.02885449      0.08593817      0.08593817  ~
	     7    -314.015208686394     -0.001766972357      0.01278441      0.01278441      0.05502126      0.05502126  ~
	     8    -314.015665950134     -0.000457263739      0.00402456      0.00402456      0.01833716      0.01833716  ~
	     9    -314.015714971546     -0.000049021413      0.00134510      0.00134510      0.00624175      0.00624175  ~
	    10    -314.015720574480     -0.000005602934      0.00045909      0.00045909      0.00267635      0.00267635  ~
	    11    -314.015721301583     -0.000000727103      0.00008316      0.00008316      0.00053871      0.00053871  ~
	----------------------------------------------------------------------------------------------------------------


2025-07-16:18:55:40,272 INFO     [psi4.optking.optimize:640] Preparing OptimizationResult
