2025-07-16:18:19:50,215 INFO     [psi4.optking.optwrapper:214] Creating a UserComputer
2025-07-16:18:19:50,215 INFO     [psi4.optking.optwrapper:222] 
    			-----------------------------------------

    			 OPTKING 3.0: for geometry optimizations 

    			     By R.A. King, Bethel University     

    			        with contributions from          

    			    A.V. Copan, J. Cayton, A. Heide      

    			-----------------------------------------

    
2025-07-16:18:19:50,215 INFO     [psi4.optking.optwrapper:238] 
		 -- Optimization Parameters --
	accept_symmetry_breaking       =           False
	alg_geom_maxiter               =             500
	bt_dx_conv                     =           1e-07
	bt_dx_rms_change_conv          =           1e-12
	bt_max_iter                    =              25
	cart_hess_read                 =           False
	consecutive_backsteps_allowed  =               0
	conv_max_DE                    =           1e-06
	conv_max_disp                  =          0.0012
	conv_max_force                 =          0.0003
	conv_rms_disp                  =              -1
	conv_rms_force                 =              -1
	covalent_connect               =             1.3
	dynamic_level                  =               0
	dynamic_level_max              =               0
	ensure_bt_convergence          =           False
	ext_force_bend                 =              []
	ext_force_cartesian            =              []
	ext_force_dihedral             =              []
	ext_force_distance             =              []
	ext_force_oofp                 =              []
	fix_val_near_pi                =            1.57
	flexible_g_convergence         =           False
	frag_mode                      =          SINGLE
	frag_ref_atoms                 =            None
	freeze_intrafrag               =           False
	frozen_bend                    =              []
	frozen_cartesian               =              []
	frozen_dihedral                =              []
	frozen_distance                =              []
	frozen_oofp                    =              []
	full_hess_every                =              -1
	g_convergence                  =           QCHEM
	generate_intcos_exit           =           False
	geom_maxiter                   =             500
	h_bond_connect                 =             4.3
	hess_update                    =            BFGS
	hess_update_den_tol            =           1e-07
	hess_update_dq_tol             =             0.5
	hess_update_limit              =            True
	hess_update_limit_max          =             1.0
	hess_update_limit_scale        =             0.5
	hess_update_use_last           =               4
	hessian_file                   =            None
	i_max_DE                       =            True
	i_max_disp                     =            True
	i_max_force                    =            True
	i_rms_disp                     =           False
	i_rms_force                    =           False
	i_untampered                   =            True
	include_oofp                   =           False
	interfrag_collinear_tol        =            0.01
	interfrag_coords               =            None
	interfrag_dist_inv             =           False
	interfrag_mode                 =           FIXED
	interfrag_trust                =             0.5
	interfrag_trust_max            =             1.0
	interfrag_trust_min            =           0.001
	interfragment_connect          =             1.8
	intrafrag_hess                 =        SCHLEGEL
	intrafrag_trust                =             0.5
	intrafrag_trust_max            =             1.0
	intrafrag_trust_min            =           0.001
	irc_direction                  =         FORWARD
	irc_points                     =              20
	irc_step_size                  =             0.2
	keep_intcos                    =           False
	linear_bend_threshold          =            3.05
	linesearch                     =           False
	linesearch_step                =             0.1
	max_disp_g_convergence         =          0.0012
	max_energy_g_convergence       =           1e-06
	max_force_g_convergence        =          0.0003
	opt_coordinates                =       REDUNDANT
	opt_type                       =             MIN
	output_type                    =            FILE
	print_lvl                      =               1
	program                        =            psi4
	ranged_bend                    =              []
	ranged_cartesian               =              []
	ranged_dihedral                =              []
	ranged_distance                =              []
	ranged_oofp                    =              []
	redundant_eval_tol             =           1e-10
	rfo_follow_root                =           False
	rfo_normalization_max          =             100
	rfo_root                       =               0
	rms_disp_g_convergence         =          0.0012
	rms_force_g_convergence        =          0.0003
	rsrfo_alpha_max                =     100000000.0
	sd_hessian                     =             1.0
	simple_step_scaling            =           False
	small_bend_fix_threshold       =            0.35
	steepest_descent_type          =         OVERLAP
	step_type                      =             RFO
	test_B                         =           False
	test_derivative_B              =           False
	trajectory                     =           False
	v3d_tors_angle_lim             =           0.017
	v3d_tors_cos_tol               =           1e-10
	working_consecutive_backsteps  =               0
	working_steps_since_last_H     =               0


2025-07-16:18:19:50,705 INFO     [psi4.optking.opt_helper:151] Molsys:

	                            ===> Fragment 1 <== 

	 Z (Atomic Numbers)          Masses                          Geom                  
	       2.000000             4.002603          0.00000000  0.00000000  1.66304545   
	       5.000000            11.009305          0.00000000  0.00000000 -0.60462590   

	 - Coordinate -           - BOHR/RAD -       - ANG/DEG -
	 R(1,2)           =         2.267671           1.200000

2025-07-16:18:19:50,716 INFO     [psi4.driver.task_planner:285] PLANNING Atomic:  keywords={'DAMPING_PERCENTAGE': 1.0, 'GEOM_MAXITER': 500, 'GUESS': 'SAP', 'MAXITER': 500, 'REFERENCE': 'UKS', 'function_kwargs': {}}
2025-07-16:18:19:50,717 INFO     [psi4.driver.driver:636] Compute gradient(): method=b3lyp, basis=cc-pvdz, molecule=default, nre=4.409810088916667
2025-07-16:18:19:51,337 INFO     [psi4.driver.driver:639] Return gradient(): -26.49102923537873
2025-07-16:18:19:51,337 INFO     [psi4.driver.driver:640] [[-0.00000000 -0.00000000 -0.46046137]
 [ 0.00000000  0.00000000  0.46045617]]
2025-07-16:18:19:51,339 INFO     [psi4.optking.molsys:874] Projected (PHP) Hessian matrix
	   0.246653

2025-07-16:18:19:51,339 INFO     [psi4.optking.opt_helper:168] 
	         Geometry (au)                                       Gradient (au)
   0.0000000000   0.0000000000   1.6630454525		  -0.0000000000  -0.0000000000  -0.4604613712
   0.0000000000   0.0000000000  -0.6046258980		   0.0000000000   0.0000000000   0.4604561732

2025-07-16:18:19:51,339 INFO     [psi4.optking.stepAlgorithms:750] 	Using RFO solution 1.
2025-07-16:18:19:51,339 INFO     [psi4.optking.displace:73] 	Determining Cartesian step for fragment 1.
2025-07-16:18:19:51,339 INFO     [psi4.optking.displace:378] 	Successfully converged to displaced geometry.
2025-07-16:18:19:51,339 INFO     [psi4.optking.displace:379] 	RMS(dx):  0.000e+00 	Max(dx):  0.000e+00 	RMS(dq):  0.000e+00
2025-07-16:18:19:51,339 INFO     [psi4.optking.displace:132] 

	        --- Internal Coordinate Step in ANG or DEG, aJ/ANG or AJ/DEG ---
	-------------------------------------------------------------------------------
	           Coordinate      Previous         Force          Change          New 
	           ----------      --------        ------          ------        ------
	               R(1,2)       1.20000        3.79359        0.26459       1.46459
	-------------------------------------------------------------------------------

2025-07-16:18:19:51,339 INFO     [psi4.optking.stepAlgorithms:96] 	|target step| :    0.5000028202
2025-07-16:18:19:51,339 INFO     [psi4.optking.stepAlgorithms:97] 	gradient     :   -0.4604587722
2025-07-16:18:19:51,339 INFO     [psi4.optking.stepAlgorithms:98] 	hessian      :    0.2466528172
2025-07-16:18:19:51,340 INFO     [psi4.optking.stepAlgorithms:177] 	Norm of achieved step-size    0.5000028202
2025-07-16:18:19:51,340 INFO     [psi4.optking.stepAlgorithms:179] 	Norm of achieved step-size (cart):    0.3535553848
2025-07-16:18:19:51,340 INFO     [psi4.optking.opt_helper:151] Molsys:

	                            ===> Fragment 1 <== 

	 Z (Atomic Numbers)          Masses                          Geom                  
	       2.000000             4.002603          0.00000000  0.00000000  1.91304686   
	       5.000000            11.009305          0.00000000  0.00000000 -0.85462731   

	 - Coordinate -           - BOHR/RAD -       - ANG/DEG -
	 R(1,2)           =         2.767674           1.464590

2025-07-16:18:19:51,340 INFO     [psi4.optking.convcheck:71] Performing convergence check.
2025-07-16:18:19:51,340 INFO     [psi4.optking.convcheck:263] 
	                                 ==> Convergence Check <==                                  
    
	Measures of convergence in internal coordinates in au.
    
	Criteria marked as inactive (o), active & met (*), and active & unmet ( ).

	----------------------------------------------------------------------------------------------
	   Step    Total Energy     Delta E     Max Force     RMS Force      Max Disp      RMS Disp   
	----------------------------------------------------------------------------------------------
	  Convergence Criteria     1.00e-06 *    3.00e-04 *             o    1.20e-03 *             o
	----------------------------------------------------------------------------------------------
	     1     -26.49102924   -2.65e+01      4.60e-01      4.60e-01 o    5.00e-01      5.00e-01 o  ~
	----------------------------------------------------------------------------------------------


2025-07-16:18:19:51,340 INFO     [psi4.optking.stepAlgorithms:266] 	Convergence check returned False
2025-07-16:18:19:51,355 INFO     [psi4.driver.task_planner:285] PLANNING Atomic:  keywords={'DAMPING_PERCENTAGE': 1.0, 'GEOM_MAXITER': 500, 'SCF__GUESS': 'READ', 'GUESS': 'SAP', 'MAXITER': 500, 'REFERENCE': 'UKS', 'function_kwargs': {}}
2025-07-16:18:19:51,357 INFO     [psi4.driver.driver:636] Compute gradient(): method=b3lyp, basis=cc-pvdz, molecule=default, nre=3.6131420763574744
2025-07-16:18:19:51,961 INFO     [psi4.driver.driver:639] Return gradient(): -26.64867116617268
2025-07-16:18:19:51,961 INFO     [psi4.driver.driver:640] [[ 0.00000000  0.00000000 -0.19992329]
 [ 0.00000000  0.00000000  0.19992024]]
2025-07-16:18:19:51,963 INFO     [psi4.optking.history:257] 	Performing BFGS update.
2025-07-16:18:19:51,963 INFO     [psi4.optking.history:268] 	Using 1 previous steps for update.
2025-07-16:18:19:51,963 INFO     [psi4.optking.history:302] 	Steps to be used in Hessian update:  1

2025-07-16:18:19:51,963 INFO     [psi4.optking.history:400] 	Updated Hessian (in au) 
 	   0.521071

2025-07-16:18:19:51,963 INFO     [psi4.optking.molsys:874] Projected (PHP) Hessian matrix
	   0.521071

2025-07-16:18:19:51,963 INFO     [psi4.optking.opt_helper:168] 
	         Geometry (au)                                       Gradient (au)
   0.0000000000   0.0000000000   2.0297332515		   0.0000000000   0.0000000000  -0.1999232935
   0.0000000000   0.0000000000  -0.7379409192		   0.0000000000   0.0000000000   0.1999202350

2025-07-16:18:19:51,963 INFO     [psi4.optking.stepAlgorithms:315] 	Current Step Report 
 
	Current energy:       -26.6486711662
	Energy change for the previous step:
		Actual       :        -0.1576419308
		Projected    :        -0.1595186279

2025-07-16:18:19:51,963 INFO     [psi4.optking.stepAlgorithms:318] 	Energy ratio =    0.98824
2025-07-16:18:19:51,963 INFO     [psi4.optking.stepAlgorithms:346] 	Energy ratio indicates good step.
2025-07-16:18:19:51,963 INFO     [psi4.optking.stepAlgorithms:347] 	Intrafrag trust radius increased to 1.000e+00.
2025-07-16:18:19:51,963 INFO     [psi4.optking.stepAlgorithms:750] 	Using RFO solution 1.
2025-07-16:18:19:51,963 INFO     [psi4.optking.displace:73] 	Determining Cartesian step for fragment 1.
2025-07-16:18:19:51,963 INFO     [psi4.optking.displace:378] 	Successfully converged to displaced geometry.
2025-07-16:18:19:51,964 INFO     [psi4.optking.displace:379] 	RMS(dx):  0.000e+00 	Max(dx):  0.000e+00 	RMS(dq):  0.000e+00
2025-07-16:18:19:51,964 INFO     [psi4.optking.displace:132] 

	        --- Internal Coordinate Step in ANG or DEG, aJ/ANG or AJ/DEG ---
	-------------------------------------------------------------------------------
	           Coordinate      Previous         Force          Change          New 
	           ----------      --------        ------          ------        ------
	               R(1,2)       1.46459        1.64710        0.17964       1.64423
	-------------------------------------------------------------------------------

2025-07-16:18:19:51,964 INFO     [psi4.optking.stepAlgorithms:96] 	|target step| :    0.3394620913
2025-07-16:18:19:51,964 INFO     [psi4.optking.stepAlgorithms:97] 	gradient     :   -0.1999217643
2025-07-16:18:19:51,964 INFO     [psi4.optking.stepAlgorithms:98] 	hessian      :    0.5210710768
2025-07-16:18:19:51,964 INFO     [psi4.optking.stepAlgorithms:177] 	Norm of achieved step-size    0.3394620913
2025-07-16:18:19:51,964 INFO     [psi4.optking.stepAlgorithms:179] 	Norm of achieved step-size (cart):    0.2400359467
2025-07-16:18:19:51,964 INFO     [psi4.optking.opt_helper:151] Molsys:

	                            ===> Fragment 1 <== 

	 Z (Atomic Numbers)          Masses                          Geom                  
	       2.000000             4.002603          0.00000000  0.00000000  2.19946430   
	       5.000000            11.009305          0.00000000  0.00000000 -0.90767196   

	 - Coordinate -           - BOHR/RAD -       - ANG/DEG -
	 R(1,2)           =         3.107136           1.644226

2025-07-16:18:19:51,964 INFO     [psi4.optking.convcheck:71] Performing convergence check.
2025-07-16:18:19:51,964 INFO     [psi4.optking.convcheck:263] 
	                                 ==> Convergence Check <==                                  
    
	Measures of convergence in internal coordinates in au.
    
	Criteria marked as inactive (o), active & met (*), and active & unmet ( ).

	----------------------------------------------------------------------------------------------
	   Step    Total Energy     Delta E     Max Force     RMS Force      Max Disp      RMS Disp   
	----------------------------------------------------------------------------------------------
	  Convergence Criteria     1.00e-06 *    3.00e-04 *             o    1.20e-03 *             o
	----------------------------------------------------------------------------------------------
	     2     -26.64867117   -1.58e-01      2.00e-01      2.00e-01 o    3.39e-01      3.39e-01 o  ~
	----------------------------------------------------------------------------------------------


2025-07-16:18:19:51,964 INFO     [psi4.optking.stepAlgorithms:266] 	Convergence check returned False
2025-07-16:18:19:51,980 INFO     [psi4.driver.task_planner:285] PLANNING Atomic:  keywords={'DAMPING_PERCENTAGE': 1.0, 'GEOM_MAXITER': 500, 'SCF__GUESS': 'READ', 'GUESS': 'SAP', 'MAXITER': 500, 'REFERENCE': 'UKS', 'function_kwargs': {}}
2025-07-16:18:19:51,981 INFO     [psi4.driver.driver:636] Compute gradient(): method=b3lyp, basis=cc-pvdz, molecule=default, nre=3.218397635868496
2025-07-16:18:19:52,552 INFO     [psi4.driver.driver:639] Return gradient(): -26.699323413016252
2025-07-16:18:19:52,552 INFO     [psi4.driver.driver:640] [[ 0.00000000  0.00000000 -0.10667162]
 [ 0.00000000 -0.00000000  0.10667396]]
2025-07-16:18:19:52,555 INFO     [psi4.optking.history:257] 	Performing BFGS update.
2025-07-16:18:19:52,555 INFO     [psi4.optking.history:268] 	Using 2 previous steps for update.
2025-07-16:18:19:52,555 WARNING  [psi4.optking.history:286] 	Change in internal coordinate of 8.39e-01 exceeds limit of 5.00e-01.
2025-07-16:18:19:52,555 WARNING  [psi4.optking.history:291] 	Skipping Hessian update for step 1.
2025-07-16:18:19:52,555 INFO     [psi4.optking.history:302] 	Steps to be used in Hessian update:  2

2025-07-16:18:19:52,555 INFO     [psi4.optking.history:400] 	Updated Hessian (in au) 
 	   0.274696

2025-07-16:18:19:52,555 INFO     [psi4.optking.molsys:874] Projected (PHP) Hessian matrix
	   0.274696

2025-07-16:18:19:52,555 INFO     [psi4.optking.opt_helper:168] 
	         Geometry (au)                                       Gradient (au)
   0.0000000000   0.0000000000   2.2786850615		   0.0000000000   0.0000000000  -0.1066716156
   0.0000000000   0.0000000000  -0.8284512005		   0.0000000000  -0.0000000000   0.1066739570

2025-07-16:18:19:52,555 INFO     [psi4.optking.stepAlgorithms:315] 	Current Step Report 
 
	Current energy:       -26.6993234130
	Energy change for the previous step:
		Actual       :        -0.0506522468
		Projected    :        -0.0339329301

2025-07-16:18:19:52,555 INFO     [psi4.optking.stepAlgorithms:318] 	Energy ratio =    1.49272
2025-07-16:18:19:52,555 INFO     [psi4.optking.stepAlgorithms:750] 	Using RFO solution 1.
2025-07-16:18:19:52,555 INFO     [psi4.optking.displace:73] 	Determining Cartesian step for fragment 1.
2025-07-16:18:19:52,555 INFO     [psi4.optking.displace:378] 	Successfully converged to displaced geometry.
2025-07-16:18:19:52,556 INFO     [psi4.optking.displace:379] 	RMS(dx):  0.000e+00 	Max(dx):  0.000e+00 	RMS(dq):  0.000e+00
2025-07-16:18:19:52,556 INFO     [psi4.optking.displace:132] 

	        --- Internal Coordinate Step in ANG or DEG, aJ/ANG or AJ/DEG ---
	-------------------------------------------------------------------------------
	           Coordinate      Previous         Force          Change          New 
	           ----------      --------        ------          ------        ------
	               R(1,2)       1.64423        0.87885        0.18136       1.82558
	-------------------------------------------------------------------------------

2025-07-16:18:19:52,556 INFO     [psi4.optking.stepAlgorithms:96] 	|target step| :    0.3427182968
2025-07-16:18:19:52,556 INFO     [psi4.optking.stepAlgorithms:97] 	gradient     :   -0.1066727863
2025-07-16:18:19:52,556 INFO     [psi4.optking.stepAlgorithms:98] 	hessian      :    0.2746962926
2025-07-16:18:19:52,556 INFO     [psi4.optking.stepAlgorithms:177] 	Norm of achieved step-size    0.3427182968
2025-07-16:18:19:52,556 INFO     [psi4.optking.stepAlgorithms:179] 	Norm of achieved step-size (cart):    0.2423384317
2025-07-16:18:19:52,556 INFO     [psi4.optking.opt_helper:151] Molsys:

	                            ===> Fragment 1 <== 

	 Z (Atomic Numbers)          Masses                          Geom                  
	       2.000000             4.002603          0.00000000  0.00000000  2.45004421   
	       5.000000            11.009305          0.00000000  0.00000000 -0.99981035   

	 - Coordinate -           - BOHR/RAD -       - ANG/DEG -
	 R(1,2)           =         3.449855           1.825584

2025-07-16:18:19:52,556 INFO     [psi4.optking.convcheck:71] Performing convergence check.
2025-07-16:18:19:52,556 INFO     [psi4.optking.convcheck:263] 
	                                 ==> Convergence Check <==                                  
    
	Measures of convergence in internal coordinates in au.
    
	Criteria marked as inactive (o), active & met (*), and active & unmet ( ).

	----------------------------------------------------------------------------------------------
	   Step    Total Energy     Delta E     Max Force     RMS Force      Max Disp      RMS Disp   
	----------------------------------------------------------------------------------------------
	  Convergence Criteria     1.00e-06 *    3.00e-04 *             o    1.20e-03 *             o
	----------------------------------------------------------------------------------------------
	     3     -26.69932341   -5.07e-02      1.07e-01      1.07e-01 o    3.43e-01      3.43e-01 o  ~
	----------------------------------------------------------------------------------------------


2025-07-16:18:19:52,556 INFO     [psi4.optking.stepAlgorithms:266] 	Convergence check returned False
2025-07-16:18:19:52,567 INFO     [psi4.driver.task_planner:285] PLANNING Atomic:  keywords={'DAMPING_PERCENTAGE': 1.0, 'GEOM_MAXITER': 500, 'SCF__GUESS': 'READ', 'GUESS': 'SAP', 'MAXITER': 500, 'REFERENCE': 'UKS', 'function_kwargs': {}}
2025-07-16:18:19:52,568 INFO     [psi4.driver.driver:636] Compute gradient(): method=b3lyp, basis=cc-pvdz, molecule=default, nre=2.8986729235572155
2025-07-16:18:19:53,128 INFO     [psi4.driver.driver:639] Return gradient(): -26.725532388459527
2025-07-16:18:19:53,128 INFO     [psi4.driver.driver:640] [[ 0.00000000  0.00000000 -0.05110920]
 [ 0.00000000  0.00000000  0.05111561]]
2025-07-16:18:19:53,129 INFO     [psi4.optking.history:257] 	Performing BFGS update.
2025-07-16:18:19:53,129 INFO     [psi4.optking.history:268] 	Using 3 previous steps for update.
2025-07-16:18:19:53,129 WARNING  [psi4.optking.history:286] 	Change in internal coordinate of 6.82e-01 exceeds limit of 5.00e-01.
2025-07-16:18:19:53,129 WARNING  [psi4.optking.history:291] 	Skipping Hessian update for step 2.
2025-07-16:18:19:53,130 WARNING  [psi4.optking.history:286] 	Change in internal coordinate of 1.18e+00 exceeds limit of 5.00e-01.
2025-07-16:18:19:53,130 WARNING  [psi4.optking.history:291] 	Skipping Hessian update for step 1.
2025-07-16:18:19:53,130 INFO     [psi4.optking.history:302] 	Steps to be used in Hessian update:  3

2025-07-16:18:19:53,130 INFO     [psi4.optking.history:400] 	Updated Hessian (in au) 
 	   0.162117

2025-07-16:18:19:53,130 INFO     [psi4.optking.molsys:874] Projected (PHP) Hessian matrix
	   0.162117

2025-07-16:18:19:53,130 INFO     [psi4.optking.opt_helper:168] 
	         Geometry (au)                                       Gradient (au)
   0.0000000000   0.0000000000   2.5300248797		   0.0000000000   0.0000000000  -0.0511091971
   0.0000000000   0.0000000000  -0.9198296791		   0.0000000000   0.0000000000   0.0511156123

2025-07-16:18:19:53,130 INFO     [psi4.optking.stepAlgorithms:315] 	Current Step Report 
 
	Current energy:       -26.7255323885
	Energy change for the previous step:
		Actual       :        -0.0262089754
		Projected    :        -0.0182793578

2025-07-16:18:19:53,130 INFO     [psi4.optking.stepAlgorithms:318] 	Energy ratio =    1.43380
2025-07-16:18:19:53,130 INFO     [psi4.optking.stepAlgorithms:750] 	Using RFO solution 1.
2025-07-16:18:19:53,130 INFO     [psi4.optking.displace:73] 	Determining Cartesian step for fragment 1.
2025-07-16:18:19:53,130 INFO     [psi4.optking.displace:378] 	Successfully converged to displaced geometry.
2025-07-16:18:19:53,130 INFO     [psi4.optking.displace:379] 	RMS(dx):  1.282e-16 	Max(dx):  2.220e-16 	RMS(dq):  0.000e+00
2025-07-16:18:19:53,130 INFO     [psi4.optking.displace:132] 

	        --- Internal Coordinate Step in ANG or DEG, aJ/ANG or AJ/DEG ---
	-------------------------------------------------------------------------------
	           Coordinate      Previous         Force          Change          New 
	           ----------      --------        ------          ------        ------
	               R(1,2)       1.82558        0.42110        0.15291       1.97849
	-------------------------------------------------------------------------------

2025-07-16:18:19:53,130 INFO     [psi4.optking.stepAlgorithms:96] 	|target step| :    0.2889566961
2025-07-16:18:19:53,130 INFO     [psi4.optking.stepAlgorithms:97] 	gradient     :   -0.0511124047
2025-07-16:18:19:53,130 INFO     [psi4.optking.stepAlgorithms:98] 	hessian      :    0.1621167650
2025-07-16:18:19:53,130 INFO     [psi4.optking.stepAlgorithms:177] 	Norm of achieved step-size    0.2889566961
2025-07-16:18:19:53,130 INFO     [psi4.optking.stepAlgorithms:179] 	Norm of achieved step-size (cart):    0.2043232393
2025-07-16:18:19:53,131 INFO     [psi4.optking.opt_helper:151] Molsys:

	                            ===> Fragment 1 <== 

	 Z (Atomic Numbers)          Masses                          Geom                  
	       2.000000             4.002603          0.00000000  0.00000000  2.67450323   
	       5.000000            11.009305          0.00000000  0.00000000 -1.06430803   

	 - Coordinate -           - BOHR/RAD -       - ANG/DEG -
	 R(1,2)           =         3.738811           1.978494

2025-07-16:18:19:53,131 INFO     [psi4.optking.convcheck:71] Performing convergence check.
2025-07-16:18:19:53,131 INFO     [psi4.optking.convcheck:263] 
	                                 ==> Convergence Check <==                                  
    
	Measures of convergence in internal coordinates in au.
    
	Criteria marked as inactive (o), active & met (*), and active & unmet ( ).

	----------------------------------------------------------------------------------------------
	   Step    Total Energy     Delta E     Max Force     RMS Force      Max Disp      RMS Disp   
	----------------------------------------------------------------------------------------------
	  Convergence Criteria     1.00e-06 *    3.00e-04 *             o    1.20e-03 *             o
	----------------------------------------------------------------------------------------------
	     4     -26.72553239   -2.62e-02      5.11e-02      5.11e-02 o    2.89e-01      2.89e-01 o  ~
	----------------------------------------------------------------------------------------------


2025-07-16:18:19:53,131 INFO     [psi4.optking.stepAlgorithms:266] 	Convergence check returned False
2025-07-16:18:19:53,147 INFO     [psi4.driver.task_planner:285] PLANNING Atomic:  keywords={'DAMPING_PERCENTAGE': 1.0, 'GEOM_MAXITER': 500, 'SCF__GUESS': 'READ', 'GUESS': 'SAP', 'MAXITER': 500, 'REFERENCE': 'UKS', 'function_kwargs': {}}
2025-07-16:18:19:53,150 INFO     [psi4.driver.driver:636] Compute gradient(): method=b3lyp, basis=cc-pvdz, molecule=default, nre=2.6746469179535977
2025-07-16:18:19:53,683 INFO     [psi4.driver.driver:639] Return gradient(): -26.735829161677003
2025-07-16:18:19:53,683 INFO     [psi4.driver.driver:640] [[ 0.00000000 -0.00000000 -0.02224620]
 [ 0.00000000  0.00000000  0.02225044]]
2025-07-16:18:19:53,685 INFO     [psi4.optking.history:257] 	Performing BFGS update.
2025-07-16:18:19:53,685 INFO     [psi4.optking.history:268] 	Using 4 previous steps for update.
2025-07-16:18:19:53,685 WARNING  [psi4.optking.history:286] 	Change in internal coordinate of 6.32e-01 exceeds limit of 5.00e-01.
2025-07-16:18:19:53,685 WARNING  [psi4.optking.history:291] 	Skipping Hessian update for step 3.
2025-07-16:18:19:53,685 WARNING  [psi4.optking.history:286] 	Change in internal coordinate of 9.71e-01 exceeds limit of 5.00e-01.
2025-07-16:18:19:53,685 WARNING  [psi4.optking.history:291] 	Skipping Hessian update for step 2.
2025-07-16:18:19:53,685 WARNING  [psi4.optking.history:286] 	Change in internal coordinate of 1.47e+00 exceeds limit of 5.00e-01.
2025-07-16:18:19:53,685 WARNING  [psi4.optking.history:291] 	Skipping Hessian update for step 1.
2025-07-16:18:19:53,685 INFO     [psi4.optking.history:302] 	Steps to be used in Hessian update:  4

2025-07-16:18:19:53,685 INFO     [psi4.optking.history:400] 	Updated Hessian (in au) 
 	   0.099891

2025-07-16:18:19:53,685 INFO     [psi4.optking.molsys:874] Projected (PHP) Hessian matrix
	   0.099891

2025-07-16:18:19:53,685 INFO     [psi4.optking.opt_helper:168] 
	         Geometry (au)                                       Gradient (au)
   0.0000000000   0.0000000000   2.7419374743		   0.0000000000  -0.0000000000  -0.0222461983
   0.0000000000   0.0000000000  -0.9968737807		   0.0000000000   0.0000000000   0.0222504440

2025-07-16:18:19:53,685 INFO     [psi4.optking.stepAlgorithms:315] 	Current Step Report 
 
	Current energy:       -26.7358291617
	Energy change for the previous step:
		Actual       :        -0.0102967732
		Projected    :        -0.0073846358

2025-07-16:18:19:53,685 INFO     [psi4.optking.stepAlgorithms:318] 	Energy ratio =    1.39435
2025-07-16:18:19:53,685 INFO     [psi4.optking.stepAlgorithms:750] 	Using RFO solution 1.
2025-07-16:18:19:53,685 INFO     [psi4.optking.displace:73] 	Determining Cartesian step for fragment 1.
2025-07-16:18:19:53,686 INFO     [psi4.optking.displace:378] 	Successfully converged to displaced geometry.
2025-07-16:18:19:53,686 INFO     [psi4.optking.displace:379] 	RMS(dx):  0.000e+00 	Max(dx):  0.000e+00 	RMS(dq):  0.000e+00
2025-07-16:18:19:53,686 INFO     [psi4.optking.displace:132] 

	        --- Internal Coordinate Step in ANG or DEG, aJ/ANG or AJ/DEG ---
	-------------------------------------------------------------------------------
	           Coordinate      Previous         Force          Change          New 
	           ----------      --------        ------          ------        ------
	               R(1,2)       1.97849        0.18330        0.11253       2.09103
	-------------------------------------------------------------------------------

2025-07-16:18:19:53,686 INFO     [psi4.optking.stepAlgorithms:96] 	|target step| :    0.2126545401
2025-07-16:18:19:53,686 INFO     [psi4.optking.stepAlgorithms:97] 	gradient     :   -0.0222483211
2025-07-16:18:19:53,686 INFO     [psi4.optking.stepAlgorithms:98] 	hessian      :    0.0998906894
2025-07-16:18:19:53,686 INFO     [psi4.optking.stepAlgorithms:177] 	Norm of achieved step-size    0.2126545401
2025-07-16:18:19:53,686 INFO     [psi4.optking.stepAlgorithms:179] 	Norm of achieved step-size (cart):    0.1503694673
2025-07-16:18:19:53,686 INFO     [psi4.optking.opt_helper:151] Molsys:

	                            ===> Fragment 1 <== 

	 Z (Atomic Numbers)          Masses                          Geom                  
	       2.000000             4.002603          0.00000000  0.00000000  2.84826474   
	       5.000000            11.009305          0.00000000  0.00000000 -1.10320105   

	 - Coordinate -           - BOHR/RAD -       - ANG/DEG -
	 R(1,2)           =         3.951466           2.091026

2025-07-16:18:19:53,686 INFO     [psi4.optking.convcheck:71] Performing convergence check.
2025-07-16:18:19:53,686 INFO     [psi4.optking.convcheck:263] 
	                                 ==> Convergence Check <==                                  
    
	Measures of convergence in internal coordinates in au.
    
	Criteria marked as inactive (o), active & met (*), and active & unmet ( ).

	----------------------------------------------------------------------------------------------
	   Step    Total Energy     Delta E     Max Force     RMS Force      Max Disp      RMS Disp   
	----------------------------------------------------------------------------------------------
	  Convergence Criteria     1.00e-06 *    3.00e-04 *             o    1.20e-03 *             o
	----------------------------------------------------------------------------------------------
	     5     -26.73582916   -1.03e-02      2.22e-02      2.22e-02 o    2.13e-01      2.13e-01 o  ~
	----------------------------------------------------------------------------------------------


2025-07-16:18:19:53,686 INFO     [psi4.optking.stepAlgorithms:266] 	Convergence check returned False
2025-07-16:18:19:53,701 INFO     [psi4.driver.task_planner:285] PLANNING Atomic:  keywords={'DAMPING_PERCENTAGE': 1.0, 'GEOM_MAXITER': 500, 'SCF__GUESS': 'READ', 'GUESS': 'SAP', 'MAXITER': 500, 'REFERENCE': 'UKS', 'function_kwargs': {}}
2025-07-16:18:19:53,704 INFO     [psi4.driver.driver:636] Compute gradient(): method=b3lyp, basis=cc-pvdz, molecule=default, nre=2.530706456439395
2025-07-16:18:19:54,257 INFO     [psi4.driver.driver:639] Return gradient(): -26.738939165083412
2025-07-16:18:19:54,257 INFO     [psi4.driver.driver:640] [[ 0.00000000 -0.00000000 -0.00777405]
 [ 0.00000000  0.00000000  0.00777834]]
2025-07-16:18:19:54,258 INFO     [psi4.optking.history:257] 	Performing BFGS update.
2025-07-16:18:19:54,258 INFO     [psi4.optking.history:268] 	Using 4 previous steps for update.
2025-07-16:18:19:54,258 WARNING  [psi4.optking.history:286] 	Change in internal coordinate of 5.02e-01 exceeds limit of 5.00e-01.
2025-07-16:18:19:54,258 WARNING  [psi4.optking.history:291] 	Skipping Hessian update for step 4.
2025-07-16:18:19:54,258 WARNING  [psi4.optking.history:286] 	Change in internal coordinate of 8.44e-01 exceeds limit of 5.00e-01.
2025-07-16:18:19:54,258 WARNING  [psi4.optking.history:291] 	Skipping Hessian update for step 3.
2025-07-16:18:19:54,258 WARNING  [psi4.optking.history:286] 	Change in internal coordinate of 1.18e+00 exceeds limit of 5.00e-01.
2025-07-16:18:19:54,258 WARNING  [psi4.optking.history:291] 	Skipping Hessian update for step 2.
2025-07-16:18:19:54,259 WARNING  [psi4.optking.history:286] 	Change in internal coordinate of 1.68e+00 exceeds limit of 5.00e-01.
2025-07-16:18:19:54,259 WARNING  [psi4.optking.history:291] 	Skipping Hessian update for step 1.
2025-07-16:18:19:54,259 INFO     [psi4.optking.history:302] 	Steps to be used in Hessian update:  5

2025-07-16:18:19:54,259 INFO     [psi4.optking.history:400] 	Updated Hessian (in au) 
 	   0.068055

2025-07-16:18:19:54,259 INFO     [psi4.optking.molsys:874] Projected (PHP) Hessian matrix
	   0.068055

2025-07-16:18:19:54,259 INFO     [psi4.optking.opt_helper:168] 
	         Geometry (au)                                       Gradient (au)
   0.0000000000   0.0000000000   2.8978922451		   0.0000000000  -0.0000000000  -0.0077740494
   0.0000000000   0.0000000000  -1.0535735499		   0.0000000000   0.0000000000   0.0077783410

2025-07-16:18:19:54,259 INFO     [psi4.optking.stepAlgorithms:315] 	Current Step Report 
 
	Current energy:       -26.7389391651
	Energy change for the previous step:
		Actual       :        -0.0031100034
		Projected    :        -0.0023656033

2025-07-16:18:19:54,259 INFO     [psi4.optking.stepAlgorithms:318] 	Energy ratio =    1.31468
2025-07-16:18:19:54,259 INFO     [psi4.optking.stepAlgorithms:750] 	Using RFO solution 1.
2025-07-16:18:19:54,260 INFO     [psi4.optking.displace:73] 	Determining Cartesian step for fragment 1.
2025-07-16:18:19:54,260 INFO     [psi4.optking.displace:378] 	Successfully converged to displaced geometry.
2025-07-16:18:19:54,260 INFO     [psi4.optking.displace:379] 	RMS(dx):  0.000e+00 	Max(dx):  0.000e+00 	RMS(dq):  0.000e+00
2025-07-16:18:19:54,260 INFO     [psi4.optking.displace:132] 

	        --- Internal Coordinate Step in ANG or DEG, aJ/ANG or AJ/DEG ---
	-------------------------------------------------------------------------------
	           Coordinate      Previous         Force          Change          New 
	           ----------      --------        ------          ------        ------
	               R(1,2)       2.09103        0.06407        0.05970       2.15072
	-------------------------------------------------------------------------------

2025-07-16:18:19:54,260 INFO     [psi4.optking.stepAlgorithms:96] 	|target step| :    0.1128098840
2025-07-16:18:19:54,260 INFO     [psi4.optking.stepAlgorithms:97] 	gradient     :   -0.0077761952
2025-07-16:18:19:54,260 INFO     [psi4.optking.stepAlgorithms:98] 	hessian      :    0.0680546293
2025-07-16:18:19:54,260 INFO     [psi4.optking.stepAlgorithms:177] 	Norm of achieved step-size    0.1128098840
2025-07-16:18:19:54,260 INFO     [psi4.optking.stepAlgorithms:179] 	Norm of achieved step-size (cart):    0.0797686340
2025-07-16:18:19:54,261 INFO     [psi4.optking.opt_helper:151] Molsys:

	                            ===> Fragment 1 <== 

	 Z (Atomic Numbers)          Masses                          Geom                  
	       2.000000             4.002603          0.00000000  0.00000000  2.95429719   
	       5.000000            11.009305          0.00000000  0.00000000 -1.10997849   

	 - Coordinate -           - BOHR/RAD -       - ANG/DEG -
	 R(1,2)           =         4.064276           2.150722

2025-07-16:18:19:54,261 INFO     [psi4.optking.convcheck:71] Performing convergence check.
2025-07-16:18:19:54,261 INFO     [psi4.optking.convcheck:263] 
	                                 ==> Convergence Check <==                                  
    
	Measures of convergence in internal coordinates in au.
    
	Criteria marked as inactive (o), active & met (*), and active & unmet ( ).

	----------------------------------------------------------------------------------------------
	   Step    Total Energy     Delta E     Max Force     RMS Force      Max Disp      RMS Disp   
	----------------------------------------------------------------------------------------------
	  Convergence Criteria     1.00e-06 *    3.00e-04 *             o    1.20e-03 *             o
	----------------------------------------------------------------------------------------------
	     6     -26.73893917   -3.11e-03      7.78e-03      7.78e-03 o    1.13e-01      1.13e-01 o  ~
	----------------------------------------------------------------------------------------------


2025-07-16:18:19:54,261 INFO     [psi4.optking.stepAlgorithms:266] 	Convergence check returned False
2025-07-16:18:19:54,276 INFO     [psi4.driver.task_planner:285] PLANNING Atomic:  keywords={'DAMPING_PERCENTAGE': 1.0, 'GEOM_MAXITER': 500, 'SCF__GUESS': 'READ', 'GUESS': 'SAP', 'MAXITER': 500, 'REFERENCE': 'UKS', 'function_kwargs': {}}
2025-07-16:18:19:54,276 INFO     [psi4.driver.driver:636] Compute gradient(): method=b3lyp, basis=cc-pvdz, molecule=default, nre=2.460463017188102
2025-07-16:18:19:54,812 INFO     [psi4.driver.driver:639] Return gradient(): -26.739470104441597
2025-07-16:18:19:54,812 INFO     [psi4.driver.driver:640] [[ 0.00000000 -0.00000000 -0.00180604]
 [-0.00000000  0.00000000  0.00180661]]
2025-07-16:18:19:54,813 INFO     [psi4.optking.history:257] 	Performing BFGS update.
2025-07-16:18:19:54,813 INFO     [psi4.optking.history:268] 	Using 4 previous steps for update.
2025-07-16:18:19:54,813 WARNING  [psi4.optking.history:286] 	Change in internal coordinate of 6.14e-01 exceeds limit of 5.00e-01.
2025-07-16:18:19:54,813 WARNING  [psi4.optking.history:291] 	Skipping Hessian update for step 4.
2025-07-16:18:19:54,813 WARNING  [psi4.optking.history:286] 	Change in internal coordinate of 9.57e-01 exceeds limit of 5.00e-01.
2025-07-16:18:19:54,813 WARNING  [psi4.optking.history:291] 	Skipping Hessian update for step 3.
2025-07-16:18:19:54,813 WARNING  [psi4.optking.history:286] 	Change in internal coordinate of 1.30e+00 exceeds limit of 5.00e-01.
2025-07-16:18:19:54,814 WARNING  [psi4.optking.history:291] 	Skipping Hessian update for step 2.
2025-07-16:18:19:54,814 WARNING  [psi4.optking.history:286] 	Change in internal coordinate of 1.80e+00 exceeds limit of 5.00e-01.
2025-07-16:18:19:54,814 WARNING  [psi4.optking.history:291] 	Skipping Hessian update for step 1.
2025-07-16:18:19:54,814 INFO     [psi4.optking.history:302] 	Steps to be used in Hessian update:  6 5

2025-07-16:18:19:54,814 INFO     [psi4.optking.history:400] 	Updated Hessian (in au) 
 	   0.062809

2025-07-16:18:19:54,814 INFO     [psi4.optking.molsys:874] Projected (PHP) Hessian matrix
	   0.062809

2025-07-16:18:19:54,814 INFO     [psi4.optking.opt_helper:168] 
	         Geometry (au)                                       Gradient (au)
   0.0000000000   0.0000000000   2.9806237946		   0.0000000000  -0.0000000000  -0.0018060372
   0.0000000000   0.0000000000  -1.0836518844		  -0.0000000000   0.0000000000   0.0018066138

2025-07-16:18:19:54,814 INFO     [psi4.optking.stepAlgorithms:315] 	Current Step Report 
 
	Current energy:       -26.7394701044
	Energy change for the previous step:
		Actual       :        -0.0005309394
		Projected    :        -0.0004386158

2025-07-16:18:19:54,814 INFO     [psi4.optking.stepAlgorithms:318] 	Energy ratio =    1.21049
2025-07-16:18:19:54,815 INFO     [psi4.optking.stepAlgorithms:750] 	Using RFO solution 1.
2025-07-16:18:19:54,815 INFO     [psi4.optking.displace:73] 	Determining Cartesian step for fragment 1.
2025-07-16:18:19:54,815 INFO     [psi4.optking.displace:378] 	Successfully converged to displaced geometry.
2025-07-16:18:19:54,815 INFO     [psi4.optking.displace:379] 	RMS(dx):  0.000e+00 	Max(dx):  0.000e+00 	RMS(dq):  0.000e+00
2025-07-16:18:19:54,815 INFO     [psi4.optking.displace:132] 

	        --- Internal Coordinate Step in ANG or DEG, aJ/ANG or AJ/DEG ---
	-------------------------------------------------------------------------------
	           Coordinate      Previous         Force          Change          New 
	           ----------      --------        ------          ------        ------
	               R(1,2)       2.15072        0.01488        0.01521       2.16593
	-------------------------------------------------------------------------------

2025-07-16:18:19:54,815 INFO     [psi4.optking.stepAlgorithms:96] 	|target step| :    0.0287354161
2025-07-16:18:19:54,815 INFO     [psi4.optking.stepAlgorithms:97] 	gradient     :   -0.0018063255
2025-07-16:18:19:54,815 INFO     [psi4.optking.stepAlgorithms:98] 	hessian      :    0.0628086947
2025-07-16:18:19:54,815 INFO     [psi4.optking.stepAlgorithms:177] 	Norm of achieved step-size    0.0287354161
2025-07-16:18:19:54,815 INFO     [psi4.optking.stepAlgorithms:179] 	Norm of achieved step-size (cart):    0.0203190076
2025-07-16:18:19:54,816 INFO     [psi4.optking.opt_helper:151] Molsys:

	                            ===> Fragment 1 <== 

	 Z (Atomic Numbers)          Masses                          Geom                  
	       2.000000             4.002603          0.00000000  0.00000000  2.99499150   
	       5.000000            11.009305          0.00000000  0.00000000 -1.09801959   

	 - Coordinate -           - BOHR/RAD -       - ANG/DEG -
	 R(1,2)           =         4.093011           2.165928

2025-07-16:18:19:54,816 INFO     [psi4.optking.convcheck:71] Performing convergence check.
2025-07-16:18:19:54,816 INFO     [psi4.optking.convcheck:263] 
	                                 ==> Convergence Check <==                                  
    
	Measures of convergence in internal coordinates in au.
    
	Criteria marked as inactive (o), active & met (*), and active & unmet ( ).

	----------------------------------------------------------------------------------------------
	   Step    Total Energy     Delta E     Max Force     RMS Force      Max Disp      RMS Disp   
	----------------------------------------------------------------------------------------------
	  Convergence Criteria     1.00e-06 *    3.00e-04 *             o    1.20e-03 *             o
	----------------------------------------------------------------------------------------------
	     7     -26.73947010   -5.31e-04      1.81e-03      1.81e-03 o    2.87e-02      2.87e-02 o  ~
	----------------------------------------------------------------------------------------------


2025-07-16:18:19:54,816 INFO     [psi4.optking.stepAlgorithms:266] 	Convergence check returned False
2025-07-16:18:19:54,834 INFO     [psi4.driver.task_planner:285] PLANNING Atomic:  keywords={'DAMPING_PERCENTAGE': 1.0, 'GEOM_MAXITER': 500, 'SCF__GUESS': 'READ', 'GUESS': 'SAP', 'MAXITER': 500, 'REFERENCE': 'UKS', 'function_kwargs': {}}
2025-07-16:18:19:54,835 INFO     [psi4.driver.driver:636] Compute gradient(): method=b3lyp, basis=cc-pvdz, molecule=default, nre=2.443189077043195
2025-07-16:18:19:55,336 INFO     [psi4.driver.driver:639] Return gradient(): -26.739502292458656
2025-07-16:18:19:55,337 INFO     [psi4.driver.driver:640] [[ 0.00000000  0.00000000 -0.00044235]
 [ 0.00000000  0.00000000  0.00044423]]
2025-07-16:18:19:55,338 INFO     [psi4.optking.history:257] 	Performing BFGS update.
2025-07-16:18:19:55,338 INFO     [psi4.optking.history:268] 	Using 4 previous steps for update.
2025-07-16:18:19:55,338 WARNING  [psi4.optking.history:286] 	Change in internal coordinate of 6.43e-01 exceeds limit of 5.00e-01.
2025-07-16:18:19:55,338 WARNING  [psi4.optking.history:291] 	Skipping Hessian update for step 4.
2025-07-16:18:19:55,338 WARNING  [psi4.optking.history:286] 	Change in internal coordinate of 9.86e-01 exceeds limit of 5.00e-01.
2025-07-16:18:19:55,338 WARNING  [psi4.optking.history:291] 	Skipping Hessian update for step 3.
2025-07-16:18:19:55,338 WARNING  [psi4.optking.history:286] 	Change in internal coordinate of 1.33e+00 exceeds limit of 5.00e-01.
2025-07-16:18:19:55,338 WARNING  [psi4.optking.history:291] 	Skipping Hessian update for step 2.
2025-07-16:18:19:55,338 WARNING  [psi4.optking.history:286] 	Change in internal coordinate of 1.83e+00 exceeds limit of 5.00e-01.
2025-07-16:18:19:55,338 WARNING  [psi4.optking.history:291] 	Skipping Hessian update for step 1.
2025-07-16:18:19:55,338 INFO     [psi4.optking.history:302] 	Steps to be used in Hessian update:  7 6 5

2025-07-16:18:19:55,339 INFO     [psi4.optking.history:400] 	Updated Hessian (in au) 
 	   0.061561

2025-07-16:18:19:55,339 INFO     [psi4.optking.molsys:874] Projected (PHP) Hessian matrix
	   0.061561

2025-07-16:18:19:55,339 INFO     [psi4.optking.opt_helper:168] 
	         Geometry (au)                                       Gradient (au)
   0.0000000000   0.0000000000   3.0016975288		   0.0000000000   0.0000000000  -0.0004423463
   0.0000000000   0.0000000000  -1.0913135664		   0.0000000000   0.0000000000   0.0004442299

2025-07-16:18:19:55,339 INFO     [psi4.optking.stepAlgorithms:315] 	Current Step Report 
 
	Current energy:       -26.7395022925
	Energy change for the previous step:
		Actual       :        -0.0000321880
		Projected    :        -0.0000259528

2025-07-16:18:19:55,339 INFO     [psi4.optking.stepAlgorithms:318] 	Energy ratio =    1.24025
2025-07-16:18:19:55,339 INFO     [psi4.optking.stepAlgorithms:750] 	Using RFO solution 1.
2025-07-16:18:19:55,339 INFO     [psi4.optking.displace:73] 	Determining Cartesian step for fragment 1.
2025-07-16:18:19:55,339 INFO     [psi4.optking.displace:378] 	Successfully converged to displaced geometry.
2025-07-16:18:19:55,339 INFO     [psi4.optking.displace:379] 	RMS(dx):  0.000e+00 	Max(dx):  0.000e+00 	RMS(dq):  0.000e+00
2025-07-16:18:19:55,339 INFO     [psi4.optking.displace:132] 

	        --- Internal Coordinate Step in ANG or DEG, aJ/ANG or AJ/DEG ---
	-------------------------------------------------------------------------------
	           Coordinate      Previous         Force          Change          New 
	           ----------      --------        ------          ------        ------
	               R(1,2)       2.16593        0.00365        0.00381       2.16974
	-------------------------------------------------------------------------------

2025-07-16:18:19:55,339 INFO     [psi4.optking.stepAlgorithms:96] 	|target step| :    0.0072003764
2025-07-16:18:19:55,339 INFO     [psi4.optking.stepAlgorithms:97] 	gradient     :   -0.0004432881
2025-07-16:18:19:55,339 INFO     [psi4.optking.stepAlgorithms:98] 	hessian      :    0.0615613858
2025-07-16:18:19:55,339 INFO     [psi4.optking.stepAlgorithms:177] 	Norm of achieved step-size    0.0072003764
2025-07-16:18:19:55,339 INFO     [psi4.optking.stepAlgorithms:179] 	Norm of achieved step-size (cart):    0.0050914350
2025-07-16:18:19:55,339 INFO     [psi4.optking.opt_helper:151] Molsys:

	                            ===> Fragment 1 <== 

	 Z (Atomic Numbers)          Masses                          Geom                  
	       2.000000             4.002603          0.00000000  0.00000000  3.00529772   
	       5.000000            11.009305          0.00000000  0.00000000 -1.09491375   

	 - Coordinate -           - BOHR/RAD -       - ANG/DEG -
	 R(1,2)           =         4.100211           2.169738

2025-07-16:18:19:55,340 INFO     [psi4.optking.convcheck:71] Performing convergence check.
2025-07-16:18:19:55,340 INFO     [psi4.optking.convcheck:263] 
	                                 ==> Convergence Check <==                                  
    
	Measures of convergence in internal coordinates in au.
    
	Criteria marked as inactive (o), active & met (*), and active & unmet ( ).

	----------------------------------------------------------------------------------------------
	   Step    Total Energy     Delta E     Max Force     RMS Force      Max Disp      RMS Disp   
	----------------------------------------------------------------------------------------------
	  Convergence Criteria     1.00e-06 *    3.00e-04 *             o    1.20e-03 *             o
	----------------------------------------------------------------------------------------------
	     8     -26.73950229   -3.22e-05      4.43e-04      4.43e-04 o    7.20e-03      7.20e-03 o  ~
	----------------------------------------------------------------------------------------------


2025-07-16:18:19:55,340 INFO     [psi4.optking.stepAlgorithms:266] 	Convergence check returned False
2025-07-16:18:19:55,358 INFO     [psi4.driver.task_planner:285] PLANNING Atomic:  keywords={'DAMPING_PERCENTAGE': 1.0, 'GEOM_MAXITER': 500, 'SCF__GUESS': 'READ', 'GUESS': 'SAP', 'MAXITER': 500, 'REFERENCE': 'UKS', 'function_kwargs': {}}
2025-07-16:18:19:55,360 INFO     [psi4.driver.driver:636] Compute gradient(): method=b3lyp, basis=cc-pvdz, molecule=default, nre=2.4388985956357474
2025-07-16:18:19:55,862 INFO     [psi4.driver.driver:639] Return gradient(): -26.73950428427449
2025-07-16:18:19:55,862 INFO     [psi4.driver.driver:640] [[ 0.00000000 -0.00000000 -0.00010995]
 [ 0.00000000  0.00000000  0.00011220]]
2025-07-16:18:19:55,864 INFO     [psi4.optking.history:257] 	Performing BFGS update.
2025-07-16:18:19:55,864 INFO     [psi4.optking.history:268] 	Using 4 previous steps for update.
2025-07-16:18:19:55,864 INFO     [psi4.optking.history:302] 	Steps to be used in Hessian update:  8 7 6 5

2025-07-16:18:19:55,865 INFO     [psi4.optking.history:400] 	Updated Hessian (in au) 
 	   0.061254

2025-07-16:18:19:55,865 INFO     [psi4.optking.molsys:874] Projected (PHP) Hessian matrix
	   0.061254

2025-07-16:18:19:55,865 INFO     [psi4.optking.opt_helper:168] 
	         Geometry (au)                                       Gradient (au)
   0.0000000000   0.0000000000   3.0069780793		   0.0000000000  -0.0000000000  -0.0001099485
   0.0000000000   0.0000000000  -1.0932333923		   0.0000000000   0.0000000000   0.0001122040

2025-07-16:18:19:55,865 INFO     [psi4.optking.stepAlgorithms:315] 	Current Step Report 
 
	Current energy:       -26.7395042843
	Energy change for the previous step:
		Actual       :        -0.0000019918
		Projected    :        -0.0000015959

2025-07-16:18:19:55,865 INFO     [psi4.optking.stepAlgorithms:318] 	Energy ratio =    1.24807
2025-07-16:18:19:55,865 INFO     [psi4.optking.stepAlgorithms:750] 	Using RFO solution 1.
2025-07-16:18:19:55,865 INFO     [psi4.optking.displace:73] 	Determining Cartesian step for fragment 1.
2025-07-16:18:19:55,865 INFO     [psi4.optking.displace:378] 	Successfully converged to displaced geometry.
2025-07-16:18:19:55,865 INFO     [psi4.optking.displace:379] 	RMS(dx):  0.000e+00 	Max(dx):  0.000e+00 	RMS(dq):  0.000e+00
2025-07-16:18:19:55,865 INFO     [psi4.optking.displace:132] 

	        --- Internal Coordinate Step in ANG or DEG, aJ/ANG or AJ/DEG ---
	-------------------------------------------------------------------------------
	           Coordinate      Previous         Force          Change          New 
	           ----------      --------        ------          ------        ------
	               R(1,2)       2.16974        0.00092        0.00096       2.17070
	-------------------------------------------------------------------------------

2025-07-16:18:19:55,865 INFO     [psi4.optking.stepAlgorithms:96] 	|target step| :    0.0018133630
2025-07-16:18:19:55,865 INFO     [psi4.optking.stepAlgorithms:97] 	gradient     :   -0.0001110763
2025-07-16:18:19:55,865 INFO     [psi4.optking.stepAlgorithms:98] 	hessian      :    0.0612540996
2025-07-16:18:19:55,865 INFO     [psi4.optking.stepAlgorithms:177] 	Norm of achieved step-size    0.0018133630
2025-07-16:18:19:55,865 INFO     [psi4.optking.stepAlgorithms:179] 	Norm of achieved step-size (cart):    0.0012822413
2025-07-16:18:19:55,865 INFO     [psi4.optking.opt_helper:151] Molsys:

	                            ===> Fragment 1 <== 

	 Z (Atomic Numbers)          Masses                          Geom                  
	       2.000000             4.002603          0.00000000  0.00000000  3.00788476   
	       5.000000            11.009305          0.00000000  0.00000000 -1.09414007   

	 - Coordinate -           - BOHR/RAD -       - ANG/DEG -
	 R(1,2)           =         4.102025           2.170698

2025-07-16:18:19:55,866 INFO     [psi4.optking.convcheck:71] Performing convergence check.
2025-07-16:18:19:55,866 INFO     [psi4.optking.convcheck:263] 
	                                 ==> Convergence Check <==                                  
    
	Measures of convergence in internal coordinates in au.
    
	Criteria marked as inactive (o), active & met (*), and active & unmet ( ).

	----------------------------------------------------------------------------------------------
	   Step    Total Energy     Delta E     Max Force     RMS Force      Max Disp      RMS Disp   
	----------------------------------------------------------------------------------------------
	  Convergence Criteria     1.00e-06 *    3.00e-04 *             o    1.20e-03 *             o
	----------------------------------------------------------------------------------------------
	     9     -26.73950428   -1.99e-06      1.11e-04 *    1.11e-04 o    1.81e-03      1.81e-03 o  ~
	----------------------------------------------------------------------------------------------


2025-07-16:18:19:55,866 INFO     [psi4.optking.stepAlgorithms:266] 	Convergence check returned False
2025-07-16:18:19:55,880 INFO     [psi4.driver.task_planner:285] PLANNING Atomic:  keywords={'DAMPING_PERCENTAGE': 1.0, 'GEOM_MAXITER': 500, 'SCF__GUESS': 'READ', 'GUESS': 'SAP', 'MAXITER': 500, 'REFERENCE': 'UKS', 'function_kwargs': {}}
2025-07-16:18:19:55,882 INFO     [psi4.driver.driver:636] Compute gradient(): method=b3lyp, basis=cc-pvdz, molecule=default, nre=2.4378204430875905
2025-07-16:18:19:56,376 INFO     [psi4.driver.driver:639] Return gradient(): -26.73950440921371
2025-07-16:18:19:56,376 INFO     [psi4.driver.driver:640] [[ 0.00000000 -0.00000000 -0.00002682]
 [ 0.00000000 -0.00000000  0.00002916]]
2025-07-16:18:19:56,378 INFO     [psi4.optking.history:257] 	Performing BFGS update.
2025-07-16:18:19:56,378 INFO     [psi4.optking.history:268] 	Using 4 previous steps for update.
2025-07-16:18:19:56,378 INFO     [psi4.optking.history:302] 	Steps to be used in Hessian update:  9 8 7 6

2025-07-16:18:19:56,378 INFO     [psi4.optking.history:400] 	Updated Hessian (in au) 
 	   0.051463

2025-07-16:18:19:56,378 INFO     [psi4.optking.molsys:874] Projected (PHP) Hessian matrix
	   0.051463

2025-07-16:18:19:56,378 INFO     [psi4.optking.opt_helper:168] 
	         Geometry (au)                                       Gradient (au)
   0.0000000000   0.0000000000   3.0083079480		   0.0000000000  -0.0000000000  -0.0000268164
   0.0000000000   0.0000000000  -1.0937168866		   0.0000000000  -0.0000000000   0.0000291648

2025-07-16:18:19:56,378 INFO     [psi4.optking.stepAlgorithms:315] 	Current Step Report 
 
	Current energy:       -26.7395044092
	Energy change for the previous step:
		Actual       :        -0.0000001249
		Projected    :        -0.0000001007

2025-07-16:18:19:56,378 INFO     [psi4.optking.stepAlgorithms:318] 	Energy ratio =    1.24057
2025-07-16:18:19:56,378 INFO     [psi4.optking.stepAlgorithms:750] 	Using RFO solution 1.
2025-07-16:18:19:56,378 INFO     [psi4.optking.displace:73] 	Determining Cartesian step for fragment 1.
2025-07-16:18:19:56,379 INFO     [psi4.optking.displace:378] 	Successfully converged to displaced geometry.
2025-07-16:18:19:56,379 INFO     [psi4.optking.displace:379] 	RMS(dx):  0.000e+00 	Max(dx):  0.000e+00 	RMS(dq):  0.000e+00
2025-07-16:18:19:56,379 INFO     [psi4.optking.displace:132] 

	        --- Internal Coordinate Step in ANG or DEG, aJ/ANG or AJ/DEG ---
	-------------------------------------------------------------------------------
	           Coordinate      Previous         Force          Change          New 
	           ----------      --------        ------          ------        ------
	               R(1,2)       2.17070        0.00023        0.00029       2.17099
	-------------------------------------------------------------------------------

2025-07-16:18:19:56,379 INFO     [psi4.optking.stepAlgorithms:96] 	|target step| :    0.0005438987
2025-07-16:18:19:56,379 INFO     [psi4.optking.stepAlgorithms:97] 	gradient     :   -0.0000279906
2025-07-16:18:19:56,379 INFO     [psi4.optking.stepAlgorithms:98] 	hessian      :    0.0514628989
2025-07-16:18:19:56,379 INFO     [psi4.optking.stepAlgorithms:177] 	Norm of achieved step-size    0.0005438987
2025-07-16:18:19:56,379 INFO     [psi4.optking.stepAlgorithms:179] 	Norm of achieved step-size (cart):    0.0003845945
2025-07-16:18:19:56,379 INFO     [psi4.optking.opt_helper:151] Molsys:

	                            ===> Fragment 1 <== 

	 Z (Atomic Numbers)          Masses                          Geom                  
	       2.000000             4.002603          0.00000000  0.00000000  3.00857990   
	       5.000000            11.009305          0.00000000  0.00000000 -1.09398884   

	 - Coordinate -           - BOHR/RAD -       - ANG/DEG -
	 R(1,2)           =         4.102569           2.170986

2025-07-16:18:19:56,379 INFO     [psi4.optking.convcheck:71] Performing convergence check.
2025-07-16:18:19:56,379 INFO     [psi4.optking.convcheck:263] 
	                                 ==> Convergence Check <==                                  
    
	Measures of convergence in internal coordinates in au.
    
	Criteria marked as inactive (o), active & met (*), and active & unmet ( ).

	----------------------------------------------------------------------------------------------
	   Step    Total Energy     Delta E     Max Force     RMS Force      Max Disp      RMS Disp   
	----------------------------------------------------------------------------------------------
	  Convergence Criteria     1.00e-06 *    3.00e-04 *             o    1.20e-03 *             o
	----------------------------------------------------------------------------------------------
	    10     -26.73950441   -1.25e-07 *    2.80e-05 *    2.80e-05 o    5.44e-04 *    5.44e-04 o  ~
	----------------------------------------------------------------------------------------------


2025-07-16:18:19:56,379 INFO     [psi4.optking.convcheck:193] 
	                      ===> Final Convergence Report <===                     

	----------------------------------------------------------------------------
	|   Required Criteria    |  One or More Criteria  |   Alternate Criteria   |
	----------------------------------------------------------------------------
	| [x]     max_force      | [x]       max_DE       |                        |
	|                        | [x]      max_disp      |                        |
	----------------------------------------------------------------------------


2025-07-16:18:19:56,379 INFO     [psi4.optking.stepAlgorithms:266] 	Convergence check returned True
2025-07-16:18:19:56,379 INFO     [psi4.optking.optimize:286] 	Converged in 10 steps!
2025-07-16:18:19:56,379 INFO     [psi4.optking.optimize:287] 	Final energy is    -26.7395044092137
2025-07-16:18:19:56,379 INFO     [psi4.optking.optimize:288] 	Final structure (Angstroms): 
	Fragment 1 (Ang)

	   He   0.0000000000   0.0000000000   1.5920719182
	    B   0.0000000000   0.0000000000  -0.5789139607


2025-07-16:18:19:56,380 INFO     [psi4.optking.optimize:432] 	Optimization Finished

	==> Optimization Summary <==

        
	Measures of convergence in internal coordinates in au. (Any backward steps not shown.)
        
	---------------------------------------------------------------------------------------------------------------  ~
        
	 Step         Total Energy             Delta E       MAX Force       RMS Force        MAX Disp        RMS Disp   ~
        
	---------------------------------------------------------------------------------------------------------------  ~
        
	     1     -26.491029235379    -26.491029235379      0.46045877      0.46045877      0.50000282      0.50000282  ~
	     2     -26.648671166173     -0.157641930794      0.19992176      0.19992176      0.33946209      0.33946209  ~
	     3     -26.699323413016     -0.050652246844      0.10667279      0.10667279      0.34271830      0.34271830  ~
	     4     -26.725532388460     -0.026208975443      0.05111240      0.05111240      0.28895670      0.28895670  ~
	     5     -26.735829161677     -0.010296773217      0.02224832      0.02224832      0.21265454      0.21265454  ~
	     6     -26.738939165083     -0.003110003406      0.00777620      0.00777620      0.11280988      0.11280988  ~
	     7     -26.739470104442     -0.000530939358      0.00180633      0.00180633      0.02873542      0.02873542  ~
	     8     -26.739502292459     -0.000032188017      0.00044329      0.00044329      0.00720038      0.00720038  ~
	     9     -26.739504284274     -0.000001991816      0.00011108      0.00011108      0.00181336      0.00181336  ~
	    10     -26.739504409214     -0.000000124939      0.00002799      0.00002799      0.00054390      0.00054390  ~
	----------------------------------------------------------------------------------------------------------------


2025-07-16:18:19:56,380 INFO     [psi4.optking.optimize:640] Preparing OptimizationResult
