2025-07-16:19:16:28,990 INFO     [psi4.optking.optwrapper:214] Creating a UserComputer
2025-07-16:19:16:28,990 INFO     [psi4.optking.optwrapper:222] 
    			-----------------------------------------

    			 OPTKING 3.0: for geometry optimizations 

    			     By R.A. King, Bethel University     

    			        with contributions from          

    			    A.V. Copan, J. Cayton, A. Heide      

    			-----------------------------------------

    
2025-07-16:19:16:28,990 INFO     [psi4.optking.optwrapper:238] 
		 -- Optimization Parameters --
	accept_symmetry_breaking       =           False
	alg_geom_maxiter               =             500
	bt_dx_conv                     =           1e-07
	bt_dx_rms_change_conv          =           1e-12
	bt_max_iter                    =              25
	cart_hess_read                 =           False
	consecutive_backsteps_allowed  =               0
	conv_max_DE                    =           1e-06
	conv_max_disp                  =          0.0012
	conv_max_force                 =          0.0003
	conv_rms_disp                  =              -1
	conv_rms_force                 =              -1
	covalent_connect               =             1.3
	dynamic_level                  =               0
	dynamic_level_max              =               0
	ensure_bt_convergence          =           False
	ext_force_bend                 =              []
	ext_force_cartesian            =              []
	ext_force_dihedral             =              []
	ext_force_distance             =              []
	ext_force_oofp                 =              []
	fix_val_near_pi                =            1.57
	flexible_g_convergence         =           False
	frag_mode                      =          SINGLE
	frag_ref_atoms                 =            None
	freeze_intrafrag               =           False
	frozen_bend                    =              []
	frozen_cartesian               =              []
	frozen_dihedral                =              []
	frozen_distance                =              []
	frozen_oofp                    =              []
	full_hess_every                =              -1
	g_convergence                  =           QCHEM
	generate_intcos_exit           =           False
	geom_maxiter                   =             500
	h_bond_connect                 =             4.3
	hess_update                    =            BFGS
	hess_update_den_tol            =           1e-07
	hess_update_dq_tol             =             0.5
	hess_update_limit              =            True
	hess_update_limit_max          =             1.0
	hess_update_limit_scale        =             0.5
	hess_update_use_last           =               4
	hessian_file                   =            None
	i_max_DE                       =            True
	i_max_disp                     =            True
	i_max_force                    =            True
	i_rms_disp                     =           False
	i_rms_force                    =           False
	i_untampered                   =            True
	include_oofp                   =           False
	interfrag_collinear_tol        =            0.01
	interfrag_coords               =            None
	interfrag_dist_inv             =           False
	interfrag_mode                 =           FIXED
	interfrag_trust                =             0.5
	interfrag_trust_max            =             1.0
	interfrag_trust_min            =           0.001
	interfragment_connect          =             1.8
	intrafrag_hess                 =        SCHLEGEL
	intrafrag_trust                =             0.5
	intrafrag_trust_max            =             1.0
	intrafrag_trust_min            =           0.001
	irc_direction                  =         FORWARD
	irc_points                     =              20
	irc_step_size                  =             0.2
	keep_intcos                    =           False
	linear_bend_threshold          =            3.05
	linesearch                     =           False
	linesearch_step                =             0.1
	max_disp_g_convergence         =          0.0012
	max_energy_g_convergence       =           1e-06
	max_force_g_convergence        =          0.0003
	opt_coordinates                =       REDUNDANT
	opt_type                       =             MIN
	output_type                    =            FILE
	print_lvl                      =               1
	program                        =            psi4
	ranged_bend                    =              []
	ranged_cartesian               =              []
	ranged_dihedral                =              []
	ranged_distance                =              []
	ranged_oofp                    =              []
	redundant_eval_tol             =           1e-10
	rfo_follow_root                =           False
	rfo_normalization_max          =             100
	rfo_root                       =               0
	rms_disp_g_convergence         =          0.0012
	rms_force_g_convergence        =          0.0003
	rsrfo_alpha_max                =     100000000.0
	sd_hessian                     =             1.0
	simple_step_scaling            =           False
	small_bend_fix_threshold       =            0.35
	steepest_descent_type          =         OVERLAP
	step_type                      =             RFO
	test_B                         =           False
	test_derivative_B              =           False
	trajectory                     =           False
	v3d_tors_angle_lim             =           0.017
	v3d_tors_cos_tol               =           1e-10
	working_consecutive_backsteps  =               0
	working_steps_since_last_H     =               0


2025-07-16:19:16:29,479 INFO     [psi4.optking.opt_helper:151] Molsys:

	                            ===> Fragment 1 <== 

	 Z (Atomic Numbers)          Masses                          Geom                  
	       7.000000            14.003074          0.00000000  0.00000000  1.67925106   
	      18.000000            39.962383          0.00000000  0.00000000 -0.58842029   

	 - Coordinate -           - BOHR/RAD -       - ANG/DEG -
	 R(1,2)           =         2.267671           1.200000

2025-07-16:19:16:29,490 INFO     [psi4.driver.task_planner:285] PLANNING Atomic:  keywords={'DAMPING_PERCENTAGE': 1.0, 'GEOM_MAXITER': 500, 'GUESS': 'SAP', 'MAXITER': 500, 'REFERENCE': 'UKS', 'function_kwargs': {}}
2025-07-16:19:16:29,491 INFO     [psi4.driver.driver:636] Compute gradient(): method=b3lyp, basis=cc-pvdz, molecule=default, nre=55.56360712035001
2025-07-16:19:16:31,109 INFO     [psi4.driver.driver:639] Return gradient(): -580.6571131706703
2025-07-16:19:16:31,109 INFO     [psi4.driver.driver:640] [[ 0.00000000  0.00000000 -0.96450723]
 [ 0.00000000 -0.00000000  0.96447842]]
2025-07-16:19:16:31,110 INFO     [psi4.optking.molsys:874] Projected (PHP) Hessian matrix
	   4.182219

2025-07-16:19:16:31,110 INFO     [psi4.optking.opt_helper:168] 
	         Geometry (au)                                       Gradient (au)
   0.0000000000   0.0000000000   1.6792510641		   0.0000000000   0.0000000000  -0.9645072252
   0.0000000000   0.0000000000  -0.5884202864		   0.0000000000  -0.0000000000   0.9644784195

2025-07-16:19:16:31,111 INFO     [psi4.optking.stepAlgorithms:750] 	Using RFO solution 1.
2025-07-16:19:16:31,111 INFO     [psi4.optking.displace:73] 	Determining Cartesian step for fragment 1.
2025-07-16:19:16:31,111 INFO     [psi4.optking.displace:378] 	Successfully converged to displaced geometry.
2025-07-16:19:16:31,111 INFO     [psi4.optking.displace:379] 	RMS(dx):  0.000e+00 	Max(dx):  0.000e+00 	RMS(dq):  0.000e+00
2025-07-16:19:16:31,111 INFO     [psi4.optking.displace:132] 

	        --- Internal Coordinate Step in ANG or DEG, aJ/ANG or AJ/DEG ---
	-------------------------------------------------------------------------------
	           Coordinate      Previous         Force          Change          New 
	           ----------      --------        ------          ------        ------
	               R(1,2)       1.20000        7.94619        0.11616       1.31616
	-------------------------------------------------------------------------------

2025-07-16:19:16:31,111 INFO     [psi4.optking.stepAlgorithms:96] 	|target step| :    0.2195057216
2025-07-16:19:16:31,111 INFO     [psi4.optking.stepAlgorithms:97] 	gradient     :   -0.9644928223
2025-07-16:19:16:31,111 INFO     [psi4.optking.stepAlgorithms:98] 	hessian      :    4.1822185214
2025-07-16:19:16:31,111 INFO     [psi4.optking.stepAlgorithms:177] 	Norm of achieved step-size    0.2195057216
2025-07-16:19:16:31,111 INFO     [psi4.optking.stepAlgorithms:179] 	Norm of achieved step-size (cart):    0.1552139843
2025-07-16:19:16:31,111 INFO     [psi4.optking.opt_helper:151] Molsys:

	                            ===> Fragment 1 <== 

	 Z (Atomic Numbers)          Masses                          Geom                  
	       7.000000            14.003074          0.00000000  0.00000000  1.78900392   
	      18.000000            39.962383          0.00000000  0.00000000 -0.69817315   

	 - Coordinate -           - BOHR/RAD -       - ANG/DEG -
	 R(1,2)           =         2.487177           1.316157

2025-07-16:19:16:31,111 INFO     [psi4.optking.convcheck:71] Performing convergence check.
2025-07-16:19:16:31,111 INFO     [psi4.optking.convcheck:263] 
	                                 ==> Convergence Check <==                                  
    
	Measures of convergence in internal coordinates in au.
    
	Criteria marked as inactive (o), active & met (*), and active & unmet ( ).

	----------------------------------------------------------------------------------------------
	   Step    Total Energy     Delta E     Max Force     RMS Force      Max Disp      RMS Disp   
	----------------------------------------------------------------------------------------------
	  Convergence Criteria     1.00e-06 *    3.00e-04 *             o    1.20e-03 *             o
	----------------------------------------------------------------------------------------------
	     1    -580.65711317   -5.81e+02      9.64e-01      9.64e-01 o    2.20e-01      2.20e-01 o  ~
	----------------------------------------------------------------------------------------------


2025-07-16:19:16:31,111 INFO     [psi4.optking.stepAlgorithms:266] 	Convergence check returned False
2025-07-16:19:16:31,128 INFO     [psi4.driver.task_planner:285] PLANNING Atomic:  keywords={'DAMPING_PERCENTAGE': 1.0, 'GEOM_MAXITER': 500, 'SCF__GUESS': 'READ', 'GUESS': 'SAP', 'MAXITER': 500, 'REFERENCE': 'UKS', 'function_kwargs': {}}
2025-07-16:19:16:31,129 INFO     [psi4.driver.driver:636] Compute gradient(): method=b3lyp, basis=cc-pvdz, molecule=default, nre=50.65984300476507
2025-07-16:19:16:32,702 INFO     [psi4.driver.driver:639] Return gradient(): -580.8170598861269
2025-07-16:19:16:32,703 INFO     [psi4.driver.driver:640] [[ 0.00000000  0.00000000 -0.54444106]
 [-0.00000000  0.00000000  0.54442077]]
2025-07-16:19:16:32,704 INFO     [psi4.optking.history:257] 	Performing BFGS update.
2025-07-16:19:16:32,704 INFO     [psi4.optking.history:268] 	Using 1 previous steps for update.
2025-07-16:19:16:32,704 INFO     [psi4.optking.history:302] 	Steps to be used in Hessian update:  1

2025-07-16:19:16:32,704 INFO     [psi4.optking.history:400] 	Updated Hessian (in au) 
 	   2.091109

2025-07-16:19:16:32,704 INFO     [psi4.optking.molsys:874] Projected (PHP) Hessian matrix
	   2.091109

2025-07-16:19:16:32,704 INFO     [psi4.optking.opt_helper:168] 
	         Geometry (au)                                       Gradient (au)
   0.0000000000   0.0000000000   1.8417989644		   0.0000000000   0.0000000000  -0.5444410605
   0.0000000000   0.0000000000  -0.6453781077		  -0.0000000000   0.0000000000   0.5444207704

2025-07-16:19:16:32,704 INFO     [psi4.optking.stepAlgorithms:315] 	Current Step Report 
 
	Current energy:      -580.8170598861
	Energy change for the previous step:
		Actual       :        -0.1599467155
		Projected    :        -0.1058558465

2025-07-16:19:16:32,704 INFO     [psi4.optking.stepAlgorithms:318] 	Energy ratio =    1.51099
2025-07-16:19:16:32,704 INFO     [psi4.optking.stepAlgorithms:346] 	Energy ratio indicates good step.
2025-07-16:19:16:32,704 INFO     [psi4.optking.stepAlgorithms:347] 	Intrafrag trust radius increased to 1.000e+00.
2025-07-16:19:16:32,704 INFO     [psi4.optking.stepAlgorithms:750] 	Using RFO solution 1.
2025-07-16:19:16:32,704 INFO     [psi4.optking.displace:73] 	Determining Cartesian step for fragment 1.
2025-07-16:19:16:32,705 INFO     [psi4.optking.displace:378] 	Successfully converged to displaced geometry.
2025-07-16:19:16:32,705 INFO     [psi4.optking.displace:379] 	RMS(dx):  0.000e+00 	Max(dx):  0.000e+00 	RMS(dq):  0.000e+00
2025-07-16:19:16:32,705 INFO     [psi4.optking.displace:132] 

	        --- Internal Coordinate Step in ANG or DEG, aJ/ANG or AJ/DEG ---
	-------------------------------------------------------------------------------
	           Coordinate      Previous         Force          Change          New 
	           ----------      --------        ------          ------        ------
	               R(1,2)       1.31616        4.48542        0.12952       1.44568
	-------------------------------------------------------------------------------

2025-07-16:19:16:32,705 INFO     [psi4.optking.stepAlgorithms:96] 	|target step| :    0.2447581086
2025-07-16:19:16:32,705 INFO     [psi4.optking.stepAlgorithms:97] 	gradient     :   -0.5444309155
2025-07-16:19:16:32,705 INFO     [psi4.optking.stepAlgorithms:98] 	hessian      :    2.0911092607
2025-07-16:19:16:32,705 INFO     [psi4.optking.stepAlgorithms:177] 	Norm of achieved step-size    0.2447581086
2025-07-16:19:16:32,705 INFO     [psi4.optking.stepAlgorithms:179] 	Norm of achieved step-size (cart):    0.1730701184
2025-07-16:19:16:32,705 INFO     [psi4.optking.opt_helper:151] Molsys:

	                            ===> Fragment 1 <== 

	 Z (Atomic Numbers)          Masses                          Geom                  
	       7.000000            14.003074          0.00000000  0.00000000  1.96417802   
	      18.000000            39.962383          0.00000000  0.00000000 -0.76775716   

	 - Coordinate -           - BOHR/RAD -       - ANG/DEG -
	 R(1,2)           =         2.731935           1.445678

2025-07-16:19:16:32,705 INFO     [psi4.optking.convcheck:71] Performing convergence check.
2025-07-16:19:16:32,705 INFO     [psi4.optking.convcheck:263] 
	                                 ==> Convergence Check <==                                  
    
	Measures of convergence in internal coordinates in au.
    
	Criteria marked as inactive (o), active & met (*), and active & unmet ( ).

	----------------------------------------------------------------------------------------------
	   Step    Total Energy     Delta E     Max Force     RMS Force      Max Disp      RMS Disp   
	----------------------------------------------------------------------------------------------
	  Convergence Criteria     1.00e-06 *    3.00e-04 *             o    1.20e-03 *             o
	----------------------------------------------------------------------------------------------
	     2    -580.81705989   -1.60e-01      5.44e-01      5.44e-01 o    2.45e-01      2.45e-01 o  ~
	----------------------------------------------------------------------------------------------


2025-07-16:19:16:32,705 INFO     [psi4.optking.stepAlgorithms:266] 	Convergence check returned False
2025-07-16:19:16:32,721 INFO     [psi4.driver.task_planner:285] PLANNING Atomic:  keywords={'DAMPING_PERCENTAGE': 1.0, 'GEOM_MAXITER': 500, 'SCF__GUESS': 'READ', 'GUESS': 'SAP', 'MAXITER': 500, 'REFERENCE': 'UKS', 'function_kwargs': {}}
2025-07-16:19:16:32,723 INFO     [psi4.driver.driver:636] Compute gradient(): method=b3lyp, basis=cc-pvdz, molecule=default, nre=46.12115283218594
2025-07-16:19:16:34,279 INFO     [psi4.driver.driver:639] Return gradient(): -580.95858693718
2025-07-16:19:16:34,280 INFO     [psi4.driver.driver:640] [[-0.00000000 -0.00000000 -0.58881150]
 [-0.00000000  0.00000000  0.58879181]]
2025-07-16:19:16:34,282 INFO     [psi4.optking.history:257] 	Performing BFGS update.
2025-07-16:19:16:34,282 INFO     [psi4.optking.history:268] 	Using 2 previous steps for update.
2025-07-16:19:16:34,283 INFO     [psi4.optking.history:302] 	Steps to be used in Hessian update:  2 1

2025-07-16:19:16:34,283 INFO     [psi4.optking.history:400] 	Updated Hessian (in au) 
 	   0.809219

2025-07-16:19:16:34,283 INFO     [psi4.optking.molsys:874] Projected (PHP) Hessian matrix
	   0.809219

2025-07-16:19:16:34,283 INFO     [psi4.optking.opt_helper:168] 
	         Geometry (au)                                       Gradient (au)
   0.0000000000   0.0000000000   2.0230467075		  -0.0000000000  -0.0000000000  -0.5888115013
   0.0000000000   0.0000000000  -0.7088884732		  -0.0000000000   0.0000000000   0.5887918128

2025-07-16:19:16:34,283 INFO     [psi4.optking.stepAlgorithms:315] 	Current Step Report 
 
	Current energy:      -580.9585869372
	Energy change for the previous step:
		Actual       :        -0.1415270511
		Projected    :        -0.0666269406

2025-07-16:19:16:34,283 INFO     [psi4.optking.stepAlgorithms:318] 	Energy ratio =    2.12417
2025-07-16:19:16:34,284 INFO     [psi4.optking.stepAlgorithms:750] 	Using RFO solution 1.
2025-07-16:19:16:34,284 INFO     [psi4.optking.displace:73] 	Determining Cartesian step for fragment 1.
2025-07-16:19:16:34,284 INFO     [psi4.optking.displace:378] 	Successfully converged to displaced geometry.
2025-07-16:19:16:34,284 INFO     [psi4.optking.displace:379] 	RMS(dx):  0.000e+00 	Max(dx):  0.000e+00 	RMS(dq):  0.000e+00
2025-07-16:19:16:34,284 INFO     [psi4.optking.displace:132] 

	        --- Internal Coordinate Step in ANG or DEG, aJ/ANG or AJ/DEG ---
	-------------------------------------------------------------------------------
	           Coordinate      Previous         Force          Change          New 
	           ----------      --------        ------          ------        ------
	               R(1,2)       1.44568        4.85097        0.27844       1.72412
	-------------------------------------------------------------------------------

2025-07-16:19:16:34,284 INFO     [psi4.optking.stepAlgorithms:96] 	|target step| :    0.5261715609
2025-07-16:19:16:34,284 INFO     [psi4.optking.stepAlgorithms:97] 	gradient     :   -0.5888016570
2025-07-16:19:16:34,284 INFO     [psi4.optking.stepAlgorithms:98] 	hessian      :    0.8092191139
2025-07-16:19:16:34,284 INFO     [psi4.optking.stepAlgorithms:177] 	Norm of achieved step-size    0.5261715609
2025-07-16:19:16:34,284 INFO     [psi4.optking.stepAlgorithms:179] 	Norm of achieved step-size (cart):    0.3720594788
2025-07-16:19:16:34,285 INFO     [psi4.optking.opt_helper:151] Molsys:

	                            ===> Fragment 1 <== 

	 Z (Atomic Numbers)          Masses                          Geom                  
	       7.000000            14.003074          0.00000000  0.00000000  2.28613249   
	      18.000000            39.962383          0.00000000  0.00000000 -0.97197425   

	 - Coordinate -           - BOHR/RAD -       - ANG/DEG -
	 R(1,2)           =         3.258107           1.724116

2025-07-16:19:16:34,285 INFO     [psi4.optking.convcheck:71] Performing convergence check.
2025-07-16:19:16:34,285 INFO     [psi4.optking.convcheck:263] 
	                                 ==> Convergence Check <==                                  
    
	Measures of convergence in internal coordinates in au.
    
	Criteria marked as inactive (o), active & met (*), and active & unmet ( ).

	----------------------------------------------------------------------------------------------
	   Step    Total Energy     Delta E     Max Force     RMS Force      Max Disp      RMS Disp   
	----------------------------------------------------------------------------------------------
	  Convergence Criteria     1.00e-06 *    3.00e-04 *             o    1.20e-03 *             o
	----------------------------------------------------------------------------------------------
	     3    -580.95858694   -1.42e-01      5.89e-01      5.89e-01 o    5.26e-01      5.26e-01 o  ~
	----------------------------------------------------------------------------------------------


2025-07-16:19:16:34,285 INFO     [psi4.optking.stepAlgorithms:266] 	Convergence check returned False
2025-07-16:19:16:34,300 INFO     [psi4.driver.task_planner:285] PLANNING Atomic:  keywords={'DAMPING_PERCENTAGE': 1.0, 'GEOM_MAXITER': 500, 'SCF__GUESS': 'READ', 'GUESS': 'SAP', 'MAXITER': 500, 'REFERENCE': 'UKS', 'function_kwargs': {}}
2025-07-16:19:16:34,301 INFO     [psi4.driver.driver:636] Compute gradient(): method=b3lyp, basis=cc-pvdz, molecule=default, nre=38.67276611506554
2025-07-16:19:16:35,827 INFO     [psi4.driver.driver:639] Return gradient(): -581.1542270271706
2025-07-16:19:16:35,827 INFO     [psi4.driver.driver:640] [[ 0.00000000 -0.00000000 -0.20502291]
 [ 0.00000000 -0.00000000  0.20501005]]
2025-07-16:19:16:35,830 INFO     [psi4.optking.history:257] 	Performing BFGS update.
2025-07-16:19:16:35,830 INFO     [psi4.optking.history:268] 	Using 3 previous steps for update.
2025-07-16:19:16:35,830 WARNING  [psi4.optking.history:286] 	Change in internal coordinate of 5.26e-01 exceeds limit of 5.00e-01.
2025-07-16:19:16:35,830 WARNING  [psi4.optking.history:291] 	Skipping Hessian update for step 3.
2025-07-16:19:16:35,830 WARNING  [psi4.optking.history:286] 	Change in internal coordinate of 7.71e-01 exceeds limit of 5.00e-01.
2025-07-16:19:16:35,830 WARNING  [psi4.optking.history:291] 	Skipping Hessian update for step 2.
2025-07-16:19:16:35,830 INFO     [psi4.optking.history:302] 	Steps to be used in Hessian update:  1

2025-07-16:19:16:35,830 INFO     [psi4.optking.history:400] 	Updated Hessian (in au) 
 	   0.766811

2025-07-16:19:16:35,831 INFO     [psi4.optking.molsys:874] Projected (PHP) Hessian matrix
	   0.766811

2025-07-16:19:16:35,831 INFO     [psi4.optking.opt_helper:168] 
	         Geometry (au)                                       Gradient (au)
   0.0000000000   0.0000000000   2.4126861292		   0.0000000000  -0.0000000000  -0.2050229147
   0.0000000000   0.0000000000  -0.8454206125		   0.0000000000  -0.0000000000   0.2050100459

2025-07-16:19:16:35,831 INFO     [psi4.optking.stepAlgorithms:315] 	Current Step Report 
 
	Current energy:      -581.1542270272
	Energy change for the previous step:
		Actual       :        -0.1956400900
		Projected    :        -0.1549053435

2025-07-16:19:16:35,831 INFO     [psi4.optking.stepAlgorithms:318] 	Energy ratio =    1.26297
2025-07-16:19:16:35,831 INFO     [psi4.optking.stepAlgorithms:750] 	Using RFO solution 1.
2025-07-16:19:16:35,831 INFO     [psi4.optking.displace:73] 	Determining Cartesian step for fragment 1.
2025-07-16:19:16:35,831 INFO     [psi4.optking.displace:378] 	Successfully converged to displaced geometry.
2025-07-16:19:16:35,832 INFO     [psi4.optking.displace:379] 	RMS(dx):  1.282e-16 	Max(dx):  2.220e-16 	RMS(dq):  4.441e-16
2025-07-16:19:16:35,832 INFO     [psi4.optking.displace:132] 

	        --- Internal Coordinate Step in ANG or DEG, aJ/ANG or AJ/DEG ---
	-------------------------------------------------------------------------------
	           Coordinate      Previous         Force          Change          New 
	           ----------      --------        ------          ------        ------
	               R(1,2)       1.72412        1.68907        0.13260       1.85671
	-------------------------------------------------------------------------------

2025-07-16:19:16:35,832 INFO     [psi4.optking.stepAlgorithms:96] 	|target step| :    0.2505754345
2025-07-16:19:16:35,832 INFO     [psi4.optking.stepAlgorithms:97] 	gradient     :   -0.2050164803
2025-07-16:19:16:35,832 INFO     [psi4.optking.stepAlgorithms:98] 	hessian      :    0.7668105853
2025-07-16:19:16:35,832 INFO     [psi4.optking.stepAlgorithms:177] 	Norm of achieved step-size    0.2505754345
2025-07-16:19:16:35,832 INFO     [psi4.optking.stepAlgorithms:179] 	Norm of achieved step-size (cart):    0.1771835890
2025-07-16:19:16:35,832 INFO     [psi4.optking.opt_helper:151] Molsys:

	                            ===> Fragment 1 <== 

	 Z (Atomic Numbers)          Masses                          Geom                  
	       7.000000            14.003074          0.00000000  0.00000000  2.53797385   
	      18.000000            39.962383          0.00000000  0.00000000 -0.97070833   

	 - Coordinate -           - BOHR/RAD -       - ANG/DEG -
	 R(1,2)           =         3.508682           1.856715

2025-07-16:19:16:35,833 INFO     [psi4.optking.convcheck:71] Performing convergence check.
2025-07-16:19:16:35,833 INFO     [psi4.optking.convcheck:263] 
	                                 ==> Convergence Check <==                                  
    
	Measures of convergence in internal coordinates in au.
    
	Criteria marked as inactive (o), active & met (*), and active & unmet ( ).

	----------------------------------------------------------------------------------------------
	   Step    Total Energy     Delta E     Max Force     RMS Force      Max Disp      RMS Disp   
	----------------------------------------------------------------------------------------------
	  Convergence Criteria     1.00e-06 *    3.00e-04 *             o    1.20e-03 *             o
	----------------------------------------------------------------------------------------------
	     4    -581.15422703   -1.96e-01      2.05e-01      2.05e-01 o    2.51e-01      2.51e-01 o  ~
	----------------------------------------------------------------------------------------------


2025-07-16:19:16:35,833 INFO     [psi4.optking.stepAlgorithms:266] 	Convergence check returned False
2025-07-16:19:16:35,850 INFO     [psi4.driver.task_planner:285] PLANNING Atomic:  keywords={'DAMPING_PERCENTAGE': 1.0, 'GEOM_MAXITER': 500, 'SCF__GUESS': 'READ', 'GUESS': 'SAP', 'MAXITER': 500, 'REFERENCE': 'UKS', 'function_kwargs': {}}
2025-07-16:19:16:35,851 INFO     [psi4.driver.driver:636] Compute gradient(): method=b3lyp, basis=cc-pvdz, molecule=default, nre=35.91091859309007
2025-07-16:19:16:37,425 INFO     [psi4.driver.driver:639] Return gradient(): -581.1925252032498
2025-07-16:19:16:37,425 INFO     [psi4.driver.driver:640] [[-0.00000000  0.00000000 -0.10707023]
 [-0.00000000  0.00000000  0.10705768]]
2025-07-16:19:16:37,426 INFO     [psi4.optking.history:257] 	Performing BFGS update.
2025-07-16:19:16:37,426 INFO     [psi4.optking.history:268] 	Using 4 previous steps for update.
2025-07-16:19:16:37,427 WARNING  [psi4.optking.history:286] 	Change in internal coordinate of 7.77e-01 exceeds limit of 5.00e-01.
2025-07-16:19:16:37,427 WARNING  [psi4.optking.history:291] 	Skipping Hessian update for step 3.
2025-07-16:19:16:37,427 WARNING  [psi4.optking.history:286] 	Change in internal coordinate of 1.02e+00 exceeds limit of 5.00e-01.
2025-07-16:19:16:37,427 WARNING  [psi4.optking.history:291] 	Skipping Hessian update for step 2.
2025-07-16:19:16:37,427 WARNING  [psi4.optking.history:286] 	Change in internal coordinate of 1.24e+00 exceeds limit of 5.00e-01.
2025-07-16:19:16:37,427 WARNING  [psi4.optking.history:291] 	Skipping Hessian update for step 1.
2025-07-16:19:16:37,427 INFO     [psi4.optking.history:302] 	Steps to be used in Hessian update:  4

2025-07-16:19:16:37,427 INFO     [psi4.optking.history:400] 	Updated Hessian (in au) 
 	   0.390910

2025-07-16:19:16:37,427 INFO     [psi4.optking.molsys:874] Projected (PHP) Hessian matrix
	   0.390910

2025-07-16:19:16:37,427 INFO     [psi4.optking.opt_helper:168] 
	         Geometry (au)                                       Gradient (au)
   0.0000000000   0.0000000000   2.5982417059		  -0.0000000000   0.0000000000  -0.1070702331
   0.0000000000   0.0000000000  -0.9104404704		  -0.0000000000   0.0000000000   0.1070576788

2025-07-16:19:16:37,427 INFO     [psi4.optking.stepAlgorithms:315] 	Current Step Report 
 
	Current energy:      -581.1925252032
	Energy change for the previous step:
		Actual       :        -0.0382981761
		Projected    :        -0.0256860468

2025-07-16:19:16:37,427 INFO     [psi4.optking.stepAlgorithms:318] 	Energy ratio =    1.49101
2025-07-16:19:16:37,427 INFO     [psi4.optking.stepAlgorithms:750] 	Using RFO solution 1.
2025-07-16:19:16:37,427 INFO     [psi4.optking.displace:73] 	Determining Cartesian step for fragment 1.
2025-07-16:19:16:37,427 INFO     [psi4.optking.displace:378] 	Successfully converged to displaced geometry.
2025-07-16:19:16:37,427 INFO     [psi4.optking.displace:379] 	RMS(dx):  0.000e+00 	Max(dx):  0.000e+00 	RMS(dq):  0.000e+00
2025-07-16:19:16:37,428 INFO     [psi4.optking.displace:132] 

	        --- Internal Coordinate Step in ANG or DEG, aJ/ANG or AJ/DEG ---
	-------------------------------------------------------------------------------
	           Coordinate      Previous         Force          Change          New 
	           ----------      --------        ------          ------        ------
	               R(1,2)       1.85671        0.88207        0.13544       1.99215
	-------------------------------------------------------------------------------

2025-07-16:19:16:37,428 INFO     [psi4.optking.stepAlgorithms:96] 	|target step| :    0.2559424965
2025-07-16:19:16:37,428 INFO     [psi4.optking.stepAlgorithms:97] 	gradient     :   -0.1070639559
2025-07-16:19:16:37,428 INFO     [psi4.optking.stepAlgorithms:98] 	hessian      :    0.3909103243
2025-07-16:19:16:37,428 INFO     [psi4.optking.stepAlgorithms:177] 	Norm of achieved step-size    0.2559424965
2025-07-16:19:16:37,428 INFO     [psi4.optking.stepAlgorithms:179] 	Norm of achieved step-size (cart):    0.1809786749
2025-07-16:19:16:37,428 INFO     [psi4.optking.opt_helper:151] Molsys:

	                            ===> Fragment 1 <== 

	 Z (Atomic Numbers)          Masses                          Geom                  
	       7.000000            14.003074          0.00000000  0.00000000  2.72621295   
	      18.000000            39.962383          0.00000000  0.00000000 -1.03841172   

	 - Coordinate -           - BOHR/RAD -       - ANG/DEG -
	 R(1,2)           =         3.764625           1.992154

2025-07-16:19:16:37,428 INFO     [psi4.optking.convcheck:71] Performing convergence check.
2025-07-16:19:16:37,428 INFO     [psi4.optking.convcheck:263] 
	                                 ==> Convergence Check <==                                  
    
	Measures of convergence in internal coordinates in au.
    
	Criteria marked as inactive (o), active & met (*), and active & unmet ( ).

	----------------------------------------------------------------------------------------------
	   Step    Total Energy     Delta E     Max Force     RMS Force      Max Disp      RMS Disp   
	----------------------------------------------------------------------------------------------
	  Convergence Criteria     1.00e-06 *    3.00e-04 *             o    1.20e-03 *             o
	----------------------------------------------------------------------------------------------
	     5    -581.19252520   -3.83e-02      1.07e-01      1.07e-01 o    2.56e-01      2.56e-01 o  ~
	----------------------------------------------------------------------------------------------


2025-07-16:19:16:37,428 INFO     [psi4.optking.stepAlgorithms:266] 	Convergence check returned False
2025-07-16:19:16:37,449 INFO     [psi4.driver.task_planner:285] PLANNING Atomic:  keywords={'DAMPING_PERCENTAGE': 1.0, 'GEOM_MAXITER': 500, 'SCF__GUESS': 'READ', 'GUESS': 'SAP', 'MAXITER': 500, 'REFERENCE': 'UKS', 'function_kwargs': {}}
2025-07-16:19:16:37,450 INFO     [psi4.driver.driver:636] Compute gradient(): method=b3lyp, basis=cc-pvdz, molecule=default, nre=33.469471979891736
2025-07-16:19:16:38,944 INFO     [psi4.driver.driver:639] Return gradient(): -581.2107778229291
2025-07-16:19:16:38,944 INFO     [psi4.driver.driver:640] [[ 0.00000000 -0.00000000 -0.04027734]
 [ 0.00000000 -0.00000000  0.04026810]]
2025-07-16:19:16:38,946 INFO     [psi4.optking.history:257] 	Performing BFGS update.
2025-07-16:19:16:38,946 INFO     [psi4.optking.history:268] 	Using 4 previous steps for update.
2025-07-16:19:16:38,947 WARNING  [psi4.optking.history:286] 	Change in internal coordinate of 5.07e-01 exceeds limit of 5.00e-01.
2025-07-16:19:16:38,947 WARNING  [psi4.optking.history:291] 	Skipping Hessian update for step 4.
2025-07-16:19:16:38,947 WARNING  [psi4.optking.history:286] 	Change in internal coordinate of 1.03e+00 exceeds limit of 5.00e-01.
2025-07-16:19:16:38,947 WARNING  [psi4.optking.history:291] 	Skipping Hessian update for step 3.
2025-07-16:19:16:38,947 WARNING  [psi4.optking.history:286] 	Change in internal coordinate of 1.28e+00 exceeds limit of 5.00e-01.
2025-07-16:19:16:38,947 WARNING  [psi4.optking.history:291] 	Skipping Hessian update for step 2.
2025-07-16:19:16:38,947 WARNING  [psi4.optking.history:286] 	Change in internal coordinate of 1.50e+00 exceeds limit of 5.00e-01.
2025-07-16:19:16:38,947 WARNING  [psi4.optking.history:291] 	Skipping Hessian update for step 1.
2025-07-16:19:16:38,947 INFO     [psi4.optking.history:302] 	Steps to be used in Hessian update:  5

2025-07-16:19:16:38,947 INFO     [psi4.optking.history:400] 	Updated Hessian (in au) 
 	   0.260962

2025-07-16:19:16:38,948 INFO     [psi4.optking.molsys:874] Projected (PHP) Hessian matrix
	   0.260962

2025-07-16:19:16:38,948 INFO     [psi4.optking.opt_helper:168] 
	         Geometry (au)                                       Gradient (au)
   0.0000000000   0.0000000000   2.7877716876		   0.0000000000  -0.0000000000  -0.0402773402
   0.0000000000   0.0000000000  -0.9768529852		   0.0000000000  -0.0000000000   0.0402680982

2025-07-16:19:16:38,948 INFO     [psi4.optking.stepAlgorithms:315] 	Current Step Report 
 
	Current energy:      -581.2107778229
	Energy change for the previous step:
		Actual       :        -0.0182526197
		Projected    :        -0.0137011081

2025-07-16:19:16:38,948 INFO     [psi4.optking.stepAlgorithms:318] 	Energy ratio =    1.33220
2025-07-16:19:16:38,948 INFO     [psi4.optking.stepAlgorithms:750] 	Using RFO solution 1.
2025-07-16:19:16:38,948 INFO     [psi4.optking.displace:73] 	Determining Cartesian step for fragment 1.
2025-07-16:19:16:38,948 INFO     [psi4.optking.displace:378] 	Successfully converged to displaced geometry.
2025-07-16:19:16:38,948 INFO     [psi4.optking.displace:379] 	RMS(dx):  1.282e-16 	Max(dx):  2.220e-16 	RMS(dq):  0.000e+00
2025-07-16:19:16:38,949 INFO     [psi4.optking.displace:132] 

	        --- Internal Coordinate Step in ANG or DEG, aJ/ANG or AJ/DEG ---
	-------------------------------------------------------------------------------
	           Coordinate      Previous         Force          Change          New 
	           ----------      --------        ------          ------        ------
	               R(1,2)       1.99215        0.33180        0.07981       2.07196
	-------------------------------------------------------------------------------

2025-07-16:19:16:38,949 INFO     [psi4.optking.stepAlgorithms:96] 	|target step| :    0.1508140578
2025-07-16:19:16:38,949 INFO     [psi4.optking.stepAlgorithms:97] 	gradient     :   -0.0402727192
2025-07-16:19:16:38,949 INFO     [psi4.optking.stepAlgorithms:98] 	hessian      :    0.2609618865
2025-07-16:19:16:38,949 INFO     [psi4.optking.stepAlgorithms:177] 	Norm of achieved step-size    0.1508140578
2025-07-16:19:16:38,949 INFO     [psi4.optking.stepAlgorithms:179] 	Norm of achieved step-size (cart):    0.1066416430
2025-07-16:19:16:38,949 INFO     [psi4.optking.opt_helper:151] Molsys:

	                            ===> Fragment 1 <== 

	 Z (Atomic Numbers)          Masses                          Geom                  
	       7.000000            14.003074          0.00000000  0.00000000  2.86317872   
	      18.000000            39.962383          0.00000000  0.00000000 -1.05226001   

	 - Coordinate -           - BOHR/RAD -       - ANG/DEG -
	 R(1,2)           =         3.915439           2.071961

2025-07-16:19:16:38,949 INFO     [psi4.optking.convcheck:71] Performing convergence check.
2025-07-16:19:16:38,950 INFO     [psi4.optking.convcheck:263] 
	                                 ==> Convergence Check <==                                  
    
	Measures of convergence in internal coordinates in au.
    
	Criteria marked as inactive (o), active & met (*), and active & unmet ( ).

	----------------------------------------------------------------------------------------------
	   Step    Total Energy     Delta E     Max Force     RMS Force      Max Disp      RMS Disp   
	----------------------------------------------------------------------------------------------
	  Convergence Criteria     1.00e-06 *    3.00e-04 *             o    1.20e-03 *             o
	----------------------------------------------------------------------------------------------
	     6    -581.21077782   -1.83e-02      4.03e-02      4.03e-02 o    1.51e-01      1.51e-01 o  ~
	----------------------------------------------------------------------------------------------


2025-07-16:19:16:38,950 INFO     [psi4.optking.stepAlgorithms:266] 	Convergence check returned False
2025-07-16:19:16:38,967 INFO     [psi4.driver.task_planner:285] PLANNING Atomic:  keywords={'DAMPING_PERCENTAGE': 1.0, 'GEOM_MAXITER': 500, 'SCF__GUESS': 'READ', 'GUESS': 'SAP', 'MAXITER': 500, 'REFERENCE': 'UKS', 'function_kwargs': {}}
2025-07-16:19:16:38,968 INFO     [psi4.driver.driver:636] Compute gradient(): method=b3lyp, basis=cc-pvdz, molecule=default, nre=32.18030179227626
2025-07-16:19:16:40,765 INFO     [psi4.driver.driver:639] Return gradient(): -581.214669396947
2025-07-16:19:16:40,765 INFO     [psi4.driver.driver:640] [[ 0.00000000  0.00000000 -0.01260561]
 [-0.00000000  0.00000000  0.01259421]]
2025-07-16:19:16:40,767 INFO     [psi4.optking.history:257] 	Performing BFGS update.
2025-07-16:19:16:40,767 INFO     [psi4.optking.history:268] 	Using 4 previous steps for update.
2025-07-16:19:16:40,767 WARNING  [psi4.optking.history:286] 	Change in internal coordinate of 6.57e-01 exceeds limit of 5.00e-01.
2025-07-16:19:16:40,767 WARNING  [psi4.optking.history:291] 	Skipping Hessian update for step 4.
2025-07-16:19:16:40,767 WARNING  [psi4.optking.history:286] 	Change in internal coordinate of 1.18e+00 exceeds limit of 5.00e-01.
2025-07-16:19:16:40,767 WARNING  [psi4.optking.history:291] 	Skipping Hessian update for step 3.
2025-07-16:19:16:40,767 WARNING  [psi4.optking.history:286] 	Change in internal coordinate of 1.43e+00 exceeds limit of 5.00e-01.
2025-07-16:19:16:40,767 WARNING  [psi4.optking.history:291] 	Skipping Hessian update for step 2.
2025-07-16:19:16:40,767 WARNING  [psi4.optking.history:286] 	Change in internal coordinate of 1.65e+00 exceeds limit of 5.00e-01.
2025-07-16:19:16:40,767 WARNING  [psi4.optking.history:291] 	Skipping Hessian update for step 1.
2025-07-16:19:16:40,767 INFO     [psi4.optking.history:302] 	Steps to be used in Hessian update:  6 5

2025-07-16:19:16:40,767 INFO     [psi4.optking.history:400] 	Updated Hessian (in au) 
 	   0.232237

2025-07-16:19:16:40,767 INFO     [psi4.optking.molsys:874] Projected (PHP) Hessian matrix
	   0.232237

2025-07-16:19:16:40,767 INFO     [psi4.optking.opt_helper:168] 
	         Geometry (au)                                       Gradient (au)
   0.0000000000   0.0000000000   2.8994521862		   0.0000000000   0.0000000000  -0.0126056124
   0.0000000000   0.0000000000  -1.0159865444		  -0.0000000000   0.0000000000   0.0125942144

2025-07-16:19:16:40,767 INFO     [psi4.optking.stepAlgorithms:315] 	Current Step Report 
 
	Current energy:      -581.2146693969
	Energy change for the previous step:
		Actual       :        -0.0038915740
		Projected    :        -0.0030368461

2025-07-16:19:16:40,767 INFO     [psi4.optking.stepAlgorithms:318] 	Energy ratio =    1.28145
2025-07-16:19:16:40,767 INFO     [psi4.optking.stepAlgorithms:750] 	Using RFO solution 1.
2025-07-16:19:16:40,768 INFO     [psi4.optking.displace:73] 	Determining Cartesian step for fragment 1.
2025-07-16:19:16:40,768 INFO     [psi4.optking.displace:378] 	Successfully converged to displaced geometry.
2025-07-16:19:16:40,768 INFO     [psi4.optking.displace:379] 	RMS(dx):  0.000e+00 	Max(dx):  0.000e+00 	RMS(dq):  0.000e+00
2025-07-16:19:16:40,768 INFO     [psi4.optking.displace:132] 

	        --- Internal Coordinate Step in ANG or DEG, aJ/ANG or AJ/DEG ---
	-------------------------------------------------------------------------------
	           Coordinate      Previous         Force          Change          New 
	           ----------      --------        ------          ------        ------
	               R(1,2)       2.07196        0.10381        0.02863       2.10059
	-------------------------------------------------------------------------------

2025-07-16:19:16:40,768 INFO     [psi4.optking.stepAlgorithms:96] 	|target step| :    0.0540957111
2025-07-16:19:16:40,768 INFO     [psi4.optking.stepAlgorithms:97] 	gradient     :   -0.0125999134
2025-07-16:19:16:40,768 INFO     [psi4.optking.stepAlgorithms:98] 	hessian      :    0.2322372965
2025-07-16:19:16:40,769 INFO     [psi4.optking.stepAlgorithms:177] 	Norm of achieved step-size    0.0540957111
2025-07-16:19:16:40,769 INFO     [psi4.optking.stepAlgorithms:179] 	Norm of achieved step-size (cart):    0.0382514442
2025-07-16:19:16:40,769 INFO     [psi4.optking.opt_helper:151] Molsys:

	                            ===> Fragment 1 <== 

	 Z (Atomic Numbers)          Masses                          Geom                  
	       7.000000            14.003074          0.00000000  0.00000000  2.92650004   
	      18.000000            39.962383          0.00000000  0.00000000 -1.04303440   

	 - Coordinate -           - BOHR/RAD -       - ANG/DEG -
	 R(1,2)           =         3.969534           2.100587

2025-07-16:19:16:40,769 INFO     [psi4.optking.convcheck:71] Performing convergence check.
2025-07-16:19:16:40,769 INFO     [psi4.optking.convcheck:263] 
	                                 ==> Convergence Check <==                                  
    
	Measures of convergence in internal coordinates in au.
    
	Criteria marked as inactive (o), active & met (*), and active & unmet ( ).

	----------------------------------------------------------------------------------------------
	   Step    Total Energy     Delta E     Max Force     RMS Force      Max Disp      RMS Disp   
	----------------------------------------------------------------------------------------------
	  Convergence Criteria     1.00e-06 *    3.00e-04 *             o    1.20e-03 *             o
	----------------------------------------------------------------------------------------------
	     7    -581.21466940   -3.89e-03      1.26e-02      1.26e-02 o    5.41e-02      5.41e-02 o  ~
	----------------------------------------------------------------------------------------------


2025-07-16:19:16:40,769 INFO     [psi4.optking.stepAlgorithms:266] 	Convergence check returned False
2025-07-16:19:16:40,785 INFO     [psi4.driver.task_planner:285] PLANNING Atomic:  keywords={'DAMPING_PERCENTAGE': 1.0, 'GEOM_MAXITER': 500, 'SCF__GUESS': 'READ', 'GUESS': 'SAP', 'MAXITER': 500, 'REFERENCE': 'UKS', 'function_kwargs': {}}
2025-07-16:19:16:40,786 INFO     [psi4.driver.driver:636] Compute gradient(): method=b3lyp, basis=cc-pvdz, molecule=default, nre=31.741757591486728
2025-07-16:19:16:42,76 INFO     [psi4.driver.driver:639] Return gradient(): -581.2151244187672
2025-07-16:19:16:42,76 INFO     [psi4.driver.driver:640] [[ 0.00000000 -0.00000000 -0.00439434]
 [ 0.00000000  0.00000000  0.00439098]]
2025-07-16:19:16:42,79 INFO     [psi4.optking.history:257] 	Performing BFGS update.
2025-07-16:19:16:42,79 INFO     [psi4.optking.history:268] 	Using 4 previous steps for update.
2025-07-16:19:16:42,80 WARNING  [psi4.optking.history:286] 	Change in internal coordinate of 7.11e-01 exceeds limit of 5.00e-01.
2025-07-16:19:16:42,80 WARNING  [psi4.optking.history:291] 	Skipping Hessian update for step 4.
2025-07-16:19:16:42,80 WARNING  [psi4.optking.history:286] 	Change in internal coordinate of 1.24e+00 exceeds limit of 5.00e-01.
2025-07-16:19:16:42,80 WARNING  [psi4.optking.history:291] 	Skipping Hessian update for step 3.
2025-07-16:19:16:42,80 WARNING  [psi4.optking.history:286] 	Change in internal coordinate of 1.48e+00 exceeds limit of 5.00e-01.
2025-07-16:19:16:42,80 WARNING  [psi4.optking.history:291] 	Skipping Hessian update for step 2.
2025-07-16:19:16:42,80 WARNING  [psi4.optking.history:286] 	Change in internal coordinate of 1.70e+00 exceeds limit of 5.00e-01.
2025-07-16:19:16:42,80 WARNING  [psi4.optking.history:291] 	Skipping Hessian update for step 1.
2025-07-16:19:16:42,80 INFO     [psi4.optking.history:302] 	Steps to be used in Hessian update:  7 6 5

2025-07-16:19:16:42,81 INFO     [psi4.optking.history:400] 	Updated Hessian (in au) 
 	   0.222786

2025-07-16:19:16:42,81 INFO     [psi4.optking.molsys:874] Projected (PHP) Hessian matrix
	   0.222786

2025-07-16:19:16:42,81 INFO     [psi4.optking.opt_helper:168] 
	         Geometry (au)                                       Gradient (au)
   0.0000000000   0.0000000000   2.9395110247		   0.0000000000  -0.0000000000  -0.0043943443
   0.0000000000   0.0000000000  -1.0300234170		   0.0000000000   0.0000000000   0.0043909830

2025-07-16:19:16:42,81 INFO     [psi4.optking.stepAlgorithms:315] 	Current Step Report 
 
	Current energy:      -581.2151244188
	Energy change for the previous step:
		Actual       :        -0.0004550218
		Projected    :        -0.0003408006

2025-07-16:19:16:42,81 INFO     [psi4.optking.stepAlgorithms:318] 	Energy ratio =    1.33516
2025-07-16:19:16:42,81 INFO     [psi4.optking.stepAlgorithms:750] 	Using RFO solution 1.
2025-07-16:19:16:42,81 INFO     [psi4.optking.displace:73] 	Determining Cartesian step for fragment 1.
2025-07-16:19:16:42,82 INFO     [psi4.optking.displace:378] 	Successfully converged to displaced geometry.
2025-07-16:19:16:42,82 INFO     [psi4.optking.displace:379] 	RMS(dx):  1.282e-16 	Max(dx):  2.220e-16 	RMS(dq):  0.000e+00
2025-07-16:19:16:42,82 INFO     [psi4.optking.displace:132] 

	        --- Internal Coordinate Step in ANG or DEG, aJ/ANG or AJ/DEG ---
	-------------------------------------------------------------------------------
	           Coordinate      Previous         Force          Change          New 
	           ----------      --------        ------          ------        ------
	               R(1,2)       2.10059        0.03619        0.01043       2.11102
	-------------------------------------------------------------------------------

2025-07-16:19:16:42,82 INFO     [psi4.optking.stepAlgorithms:96] 	|target step| :    0.0197093322
2025-07-16:19:16:42,82 INFO     [psi4.optking.stepAlgorithms:97] 	gradient     :   -0.0043926636
2025-07-16:19:16:42,82 INFO     [psi4.optking.stepAlgorithms:98] 	hessian      :    0.2227856951
2025-07-16:19:16:42,82 INFO     [psi4.optking.stepAlgorithms:177] 	Norm of achieved step-size    0.0197093322
2025-07-16:19:16:42,82 INFO     [psi4.optking.stepAlgorithms:179] 	Norm of achieved step-size (cart):    0.0139366025
2025-07-16:19:16:42,82 INFO     [psi4.optking.opt_helper:151] Molsys:

	                            ===> Fragment 1 <== 

	 Z (Atomic Numbers)          Masses                          Geom                  
	       7.000000            14.003074          0.00000000  0.00000000  2.94936569   
	      18.000000            39.962383          0.00000000  0.00000000 -1.03987808   

	 - Coordinate -           - BOHR/RAD -       - ANG/DEG -
	 R(1,2)           =         3.989244           2.111017

2025-07-16:19:16:42,83 INFO     [psi4.optking.convcheck:71] Performing convergence check.
2025-07-16:19:16:42,83 INFO     [psi4.optking.convcheck:263] 
	                                 ==> Convergence Check <==                                  
    
	Measures of convergence in internal coordinates in au.
    
	Criteria marked as inactive (o), active & met (*), and active & unmet ( ).

	----------------------------------------------------------------------------------------------
	   Step    Total Energy     Delta E     Max Force     RMS Force      Max Disp      RMS Disp   
	----------------------------------------------------------------------------------------------
	  Convergence Criteria     1.00e-06 *    3.00e-04 *             o    1.20e-03 *             o
	----------------------------------------------------------------------------------------------
	     8    -581.21512442   -4.55e-04      4.39e-03      4.39e-03 o    1.97e-02      1.97e-02 o  ~
	----------------------------------------------------------------------------------------------


2025-07-16:19:16:42,83 INFO     [psi4.optking.stepAlgorithms:266] 	Convergence check returned False
2025-07-16:19:16:42,96 INFO     [psi4.driver.task_planner:285] PLANNING Atomic:  keywords={'DAMPING_PERCENTAGE': 1.0, 'GEOM_MAXITER': 500, 'SCF__GUESS': 'READ', 'GUESS': 'SAP', 'MAXITER': 500, 'REFERENCE': 'UKS', 'function_kwargs': {}}
2025-07-16:19:16:42,97 INFO     [psi4.driver.driver:636] Compute gradient(): method=b3lyp, basis=cc-pvdz, molecule=default, nre=31.58493367164308
2025-07-16:19:16:43,493 INFO     [psi4.driver.driver:639] Return gradient(): -581.2151830531618
2025-07-16:19:16:43,493 INFO     [psi4.driver.driver:640] [[-0.00000000 -0.00000000 -0.00160717]
 [ 0.00000000  0.00000000  0.00160623]]
2025-07-16:19:16:43,495 INFO     [psi4.optking.history:257] 	Performing BFGS update.
2025-07-16:19:16:43,495 INFO     [psi4.optking.history:268] 	Using 4 previous steps for update.
2025-07-16:19:16:43,495 INFO     [psi4.optking.history:302] 	Steps to be used in Hessian update:  8 7 6 5

2025-07-16:19:16:43,495 INFO     [psi4.optking.history:400] 	Updated Hessian (in au) 
 	   0.219446

2025-07-16:19:16:43,495 INFO     [psi4.optking.molsys:874] Projected (PHP) Hessian matrix
	   0.219446

2025-07-16:19:16:43,495 INFO     [psi4.optking.opt_helper:168] 
	         Geometry (au)                                       Gradient (au)
   0.0000000000   0.0000000000   2.9541061366		  -0.0000000000  -0.0000000000  -0.0016071725
   0.0000000000   0.0000000000  -1.0351376373		   0.0000000000   0.0000000000   0.0016062261

2025-07-16:19:16:43,495 INFO     [psi4.optking.stepAlgorithms:315] 	Current Step Report 
 
	Current energy:      -581.2151830532
	Energy change for the previous step:
		Actual       :        -0.0000586344
		Projected    :        -0.0000432882

2025-07-16:19:16:43,495 INFO     [psi4.optking.stepAlgorithms:318] 	Energy ratio =    1.35451
2025-07-16:19:16:43,495 INFO     [psi4.optking.stepAlgorithms:750] 	Using RFO solution 1.
2025-07-16:19:16:43,495 INFO     [psi4.optking.displace:73] 	Determining Cartesian step for fragment 1.
2025-07-16:19:16:43,496 INFO     [psi4.optking.displace:378] 	Successfully converged to displaced geometry.
2025-07-16:19:16:43,496 INFO     [psi4.optking.displace:379] 	RMS(dx):  0.000e+00 	Max(dx):  0.000e+00 	RMS(dq):  0.000e+00
2025-07-16:19:16:43,496 INFO     [psi4.optking.displace:132] 

	        --- Internal Coordinate Step in ANG or DEG, aJ/ANG or AJ/DEG ---
	-------------------------------------------------------------------------------
	           Coordinate      Previous         Force          Change          New 
	           ----------      --------        ------          ------        ------
	               R(1,2)       2.11102        0.01324        0.00387       2.11489
	-------------------------------------------------------------------------------

2025-07-16:19:16:43,496 INFO     [psi4.optking.stepAlgorithms:96] 	|target step| :    0.0073212279
2025-07-16:19:16:43,496 INFO     [psi4.optking.stepAlgorithms:97] 	gradient     :   -0.0016066993
2025-07-16:19:16:43,496 INFO     [psi4.optking.stepAlgorithms:98] 	hessian      :    0.2194458673
2025-07-16:19:16:43,496 INFO     [psi4.optking.stepAlgorithms:177] 	Norm of achieved step-size    0.0073212279
2025-07-16:19:16:43,496 INFO     [psi4.optking.stepAlgorithms:179] 	Norm of achieved step-size (cart):    0.0051768899
2025-07-16:19:16:43,496 INFO     [psi4.optking.opt_helper:151] Molsys:

	                            ===> Fragment 1 <== 

	 Z (Atomic Numbers)          Masses                          Geom                  
	       7.000000            14.003074          0.00000000  0.00000000  2.95776675   
	      18.000000            39.962383          0.00000000  0.00000000 -1.03879825   

	 - Coordinate -           - BOHR/RAD -       - ANG/DEG -
	 R(1,2)           =         3.996565           2.114891

2025-07-16:19:16:43,496 INFO     [psi4.optking.convcheck:71] Performing convergence check.
2025-07-16:19:16:43,496 INFO     [psi4.optking.convcheck:263] 
	                                 ==> Convergence Check <==                                  
    
	Measures of convergence in internal coordinates in au.
    
	Criteria marked as inactive (o), active & met (*), and active & unmet ( ).

	----------------------------------------------------------------------------------------------
	   Step    Total Energy     Delta E     Max Force     RMS Force      Max Disp      RMS Disp   
	----------------------------------------------------------------------------------------------
	  Convergence Criteria     1.00e-06 *    3.00e-04 *             o    1.20e-03 *             o
	----------------------------------------------------------------------------------------------
	     9    -581.21518305   -5.86e-05      1.61e-03      1.61e-03 o    7.32e-03      7.32e-03 o  ~
	----------------------------------------------------------------------------------------------


2025-07-16:19:16:43,496 INFO     [psi4.optking.stepAlgorithms:266] 	Convergence check returned False
2025-07-16:19:16:43,518 INFO     [psi4.driver.task_planner:285] PLANNING Atomic:  keywords={'DAMPING_PERCENTAGE': 1.0, 'GEOM_MAXITER': 500, 'SCF__GUESS': 'READ', 'GUESS': 'SAP', 'MAXITER': 500, 'REFERENCE': 'UKS', 'function_kwargs': {}}
2025-07-16:19:16:43,519 INFO     [psi4.driver.driver:636] Compute gradient(): method=b3lyp, basis=cc-pvdz, molecule=default, nre=31.52707386007569
2025-07-16:19:16:44,725 INFO     [psi4.driver.driver:639] Return gradient(): -581.2151909998164
2025-07-16:19:16:44,725 INFO     [psi4.driver.driver:640] [[-0.00000000  0.00000000 -0.00059883]
 [ 0.00000000 -0.00000000  0.00059858]]
2025-07-16:19:16:44,727 INFO     [psi4.optking.history:257] 	Performing BFGS update.
2025-07-16:19:16:44,727 INFO     [psi4.optking.history:268] 	Using 4 previous steps for update.
2025-07-16:19:16:44,727 INFO     [psi4.optking.history:302] 	Steps to be used in Hessian update:  9 8 7 6

2025-07-16:19:16:44,727 INFO     [psi4.optking.history:400] 	Updated Hessian (in au) 
 	   0.171053

2025-07-16:19:16:44,727 INFO     [psi4.optking.molsys:874] Projected (PHP) Hessian matrix
	   0.171053

2025-07-16:19:16:44,727 INFO     [psi4.optking.opt_helper:168] 
	         Geometry (au)                                       Gradient (au)
   0.0000000000   0.0000000000   2.9595276364		  -0.0000000000   0.0000000000  -0.0005988252
   0.0000000000   0.0000000000  -1.0370373654		   0.0000000000  -0.0000000000   0.0005985834

2025-07-16:19:16:44,727 INFO     [psi4.optking.stepAlgorithms:315] 	Current Step Report 
 
	Current energy:      -581.2151909998
	Energy change for the previous step:
		Actual       :        -0.0000079467
		Projected    :        -0.0000058815

2025-07-16:19:16:44,727 INFO     [psi4.optking.stepAlgorithms:318] 	Energy ratio =    1.35113
2025-07-16:19:16:44,727 INFO     [psi4.optking.stepAlgorithms:750] 	Using RFO solution 1.
2025-07-16:19:16:44,727 INFO     [psi4.optking.displace:73] 	Determining Cartesian step for fragment 1.
2025-07-16:19:16:44,727 INFO     [psi4.optking.displace:378] 	Successfully converged to displaced geometry.
2025-07-16:19:16:44,727 INFO     [psi4.optking.displace:379] 	RMS(dx):  0.000e+00 	Max(dx):  0.000e+00 	RMS(dq):  0.000e+00
2025-07-16:19:16:44,728 INFO     [psi4.optking.displace:132] 

	        --- Internal Coordinate Step in ANG or DEG, aJ/ANG or AJ/DEG ---
	-------------------------------------------------------------------------------
	           Coordinate      Previous         Force          Change          New 
	           ----------      --------        ------          ------        ------
	               R(1,2)       2.11489        0.00493        0.00185       2.11674
	-------------------------------------------------------------------------------

2025-07-16:19:16:44,728 INFO     [psi4.optking.stepAlgorithms:96] 	|target step| :    0.0035000735
2025-07-16:19:16:44,728 INFO     [psi4.optking.stepAlgorithms:97] 	gradient     :   -0.0005987043
2025-07-16:19:16:44,728 INFO     [psi4.optking.stepAlgorithms:98] 	hessian      :    0.1710526802
2025-07-16:19:16:44,728 INFO     [psi4.optking.stepAlgorithms:177] 	Norm of achieved step-size    0.0035000735
2025-07-16:19:16:44,728 INFO     [psi4.optking.stepAlgorithms:179] 	Norm of achieved step-size (cart):    0.0024749257
2025-07-16:19:16:44,728 INFO     [psi4.optking.opt_helper:151] Molsys:

	                            ===> Fragment 1 <== 

	 Z (Atomic Numbers)          Masses                          Geom                  
	       7.000000            14.003074          0.00000000  0.00000000  2.96127767   
	      18.000000            39.962383          0.00000000  0.00000000 -1.03878740   

	 - Coordinate -           - BOHR/RAD -       - ANG/DEG -
	 R(1,2)           =         4.000065           2.116743

2025-07-16:19:16:44,728 INFO     [psi4.optking.convcheck:71] Performing convergence check.
2025-07-16:19:16:44,728 INFO     [psi4.optking.convcheck:263] 
	                                 ==> Convergence Check <==                                  
    
	Measures of convergence in internal coordinates in au.
    
	Criteria marked as inactive (o), active & met (*), and active & unmet ( ).

	----------------------------------------------------------------------------------------------
	   Step    Total Energy     Delta E     Max Force     RMS Force      Max Disp      RMS Disp   
	----------------------------------------------------------------------------------------------
	  Convergence Criteria     1.00e-06 *    3.00e-04 *             o    1.20e-03 *             o
	----------------------------------------------------------------------------------------------
	    10    -581.21519100   -7.95e-06      5.99e-04      5.99e-04 o    3.50e-03      3.50e-03 o  ~
	----------------------------------------------------------------------------------------------


2025-07-16:19:16:44,730 INFO     [psi4.optking.stepAlgorithms:266] 	Convergence check returned False
2025-07-16:19:16:44,748 INFO     [psi4.driver.task_planner:285] PLANNING Atomic:  keywords={'DAMPING_PERCENTAGE': 1.0, 'GEOM_MAXITER': 500, 'SCF__GUESS': 'READ', 'GUESS': 'SAP', 'MAXITER': 500, 'REFERENCE': 'UKS', 'function_kwargs': {}}
2025-07-16:19:16:44,749 INFO     [psi4.driver.driver:636] Compute gradient(): method=b3lyp, basis=cc-pvdz, molecule=default, nre=31.499487540182937
2025-07-16:19:16:45,984 INFO     [psi4.driver.driver:639] Return gradient(): -581.2151922044319
2025-07-16:19:16:45,984 INFO     [psi4.driver.driver:640] [[ 0.00000000 -0.00000000 -0.00012187]
 [ 0.00000000  0.00000000  0.00012192]]
2025-07-16:19:16:45,986 INFO     [psi4.optking.history:257] 	Performing BFGS update.
2025-07-16:19:16:45,986 INFO     [psi4.optking.history:268] 	Using 4 previous steps for update.
2025-07-16:19:16:45,986 INFO     [psi4.optking.history:302] 	Steps to be used in Hessian update:  10 9 8 7

2025-07-16:19:16:45,987 INFO     [psi4.optking.history:400] 	Updated Hessian (in au) 
 	   0.147448

2025-07-16:19:16:45,987 INFO     [psi4.optking.molsys:874] Projected (PHP) Hessian matrix
	   0.147448

2025-07-16:19:16:45,987 INFO     [psi4.optking.opt_helper:168] 
	         Geometry (au)                                       Gradient (au)
   0.0000000000   0.0000000000   2.9621195032		   0.0000000000  -0.0000000000  -0.0001218677
   0.0000000000   0.0000000000  -1.0379455721		   0.0000000000   0.0000000000   0.0001219192

2025-07-16:19:16:45,987 INFO     [psi4.optking.stepAlgorithms:315] 	Current Step Report 
 
	Current energy:      -581.2151922044
	Energy change for the previous step:
		Actual       :        -0.0000012046
		Projected    :        -0.0000010478

2025-07-16:19:16:45,987 INFO     [psi4.optking.stepAlgorithms:318] 	Energy ratio =    1.14971
2025-07-16:19:16:45,987 INFO     [psi4.optking.stepAlgorithms:750] 	Using RFO solution 1.
2025-07-16:19:16:45,987 INFO     [psi4.optking.displace:73] 	Determining Cartesian step for fragment 1.
2025-07-16:19:16:45,988 INFO     [psi4.optking.displace:378] 	Successfully converged to displaced geometry.
2025-07-16:19:16:45,988 INFO     [psi4.optking.displace:379] 	RMS(dx):  0.000e+00 	Max(dx):  0.000e+00 	RMS(dq):  0.000e+00
2025-07-16:19:16:45,988 INFO     [psi4.optking.displace:132] 

	        --- Internal Coordinate Step in ANG or DEG, aJ/ANG or AJ/DEG ---
	-------------------------------------------------------------------------------
	           Coordinate      Previous         Force          Change          New 
	           ----------      --------        ------          ------        ------
	               R(1,2)       2.11674        0.00100        0.00044       2.11718
	-------------------------------------------------------------------------------

2025-07-16:19:16:45,988 INFO     [psi4.optking.stepAlgorithms:96] 	|target step| :    0.0008266848
2025-07-16:19:16:45,988 INFO     [psi4.optking.stepAlgorithms:97] 	gradient     :   -0.0001218934
2025-07-16:19:16:45,988 INFO     [psi4.optking.stepAlgorithms:98] 	hessian      :    0.1474484100
2025-07-16:19:16:45,988 INFO     [psi4.optking.stepAlgorithms:177] 	Norm of achieved step-size    0.0008266848
2025-07-16:19:16:45,988 INFO     [psi4.optking.stepAlgorithms:179] 	Norm of achieved step-size (cart):    0.0005845544
2025-07-16:19:16:45,989 INFO     [psi4.optking.opt_helper:151] Molsys:

	                            ===> Fragment 1 <== 

	 Z (Atomic Numbers)          Masses                          Geom                  
	       7.000000            14.003074          0.00000000  0.00000000  2.96253285   
	      18.000000            39.962383          0.00000000  0.00000000 -1.03835891   

	 - Coordinate -           - BOHR/RAD -       - ANG/DEG -
	 R(1,2)           =         4.000892           2.117181

2025-07-16:19:16:45,989 INFO     [psi4.optking.convcheck:71] Performing convergence check.
2025-07-16:19:16:45,989 INFO     [psi4.optking.convcheck:263] 
	                                 ==> Convergence Check <==                                  
    
	Measures of convergence in internal coordinates in au.
    
	Criteria marked as inactive (o), active & met (*), and active & unmet ( ).

	----------------------------------------------------------------------------------------------
	   Step    Total Energy     Delta E     Max Force     RMS Force      Max Disp      RMS Disp   
	----------------------------------------------------------------------------------------------
	  Convergence Criteria     1.00e-06 *    3.00e-04 *             o    1.20e-03 *             o
	----------------------------------------------------------------------------------------------
	    11    -581.21519220   -1.20e-06      1.22e-04 *    1.22e-04 o    8.27e-04 *    8.27e-04 o  ~
	----------------------------------------------------------------------------------------------


2025-07-16:19:16:45,989 INFO     [psi4.optking.convcheck:193] 
	                      ===> Final Convergence Report <===                     

	----------------------------------------------------------------------------
	|   Required Criteria    |  One or More Criteria  |   Alternate Criteria   |
	----------------------------------------------------------------------------
	| [x]     max_force      | [ ]       max_DE       |                        |
	|                        | [x]      max_disp      |                        |
	----------------------------------------------------------------------------


2025-07-16:19:16:45,989 INFO     [psi4.optking.stepAlgorithms:266] 	Convergence check returned True
2025-07-16:19:16:45,989 INFO     [psi4.optking.optimize:286] 	Converged in 11 steps!
2025-07-16:19:16:45,989 INFO     [psi4.optking.optimize:287] 	Final energy is   -581.2151922044319
2025-07-16:19:16:45,989 INFO     [psi4.optking.optimize:288] 	Final structure (Angstroms): 
	Fragment 1 (Ang)

	    N   0.0000000000   0.0000000000   1.5677048678
	   Ar   0.0000000000   0.0000000000  -0.5494758740


2025-07-16:19:16:45,990 INFO     [psi4.optking.optimize:432] 	Optimization Finished

	==> Optimization Summary <==

        
	Measures of convergence in internal coordinates in au. (Any backward steps not shown.)
        
	---------------------------------------------------------------------------------------------------------------  ~
        
	 Step         Total Energy             Delta E       MAX Force       RMS Force        MAX Disp        RMS Disp   ~
        
	---------------------------------------------------------------------------------------------------------------  ~
        
	     1    -580.657113170670   -580.657113170670      0.96449282      0.96449282      0.21950572      0.21950572  ~
	     2    -580.817059886127     -0.159946715457      0.54443092      0.54443092      0.24475811      0.24475811  ~
	     3    -580.958586937180     -0.141527051053      0.58880166      0.58880166      0.52617156      0.52617156  ~
	     4    -581.154227027171     -0.195640089991      0.20501648      0.20501648      0.25057543      0.25057543  ~
	     5    -581.192525203250     -0.038298176079      0.10706396      0.10706396      0.25594250      0.25594250  ~
	     6    -581.210777822929     -0.018252619679      0.04027272      0.04027272      0.15081406      0.15081406  ~
	     7    -581.214669396947     -0.003891574018      0.01259991      0.01259991      0.05409571      0.05409571  ~
	     8    -581.215124418767     -0.000455021820      0.00439266      0.00439266      0.01970933      0.01970933  ~
	     9    -581.215183053162     -0.000058634395      0.00160670      0.00160670      0.00732123      0.00732123  ~
	    10    -581.215190999816     -0.000007946655      0.00059870      0.00059870      0.00350007      0.00350007  ~
	    11    -581.215192204432     -0.000001204616      0.00012189      0.00012189      0.00082668      0.00082668  ~
	----------------------------------------------------------------------------------------------------------------


2025-07-16:19:16:45,991 INFO     [psi4.optking.optimize:640] Preparing OptimizationResult
