2025-07-16:18:55:41,62 INFO     [psi4.optking.optwrapper:214] Creating a UserComputer
2025-07-16:18:55:41,62 INFO     [psi4.optking.optwrapper:222] 
    			-----------------------------------------

    			 OPTKING 3.0: for geometry optimizations 

    			     By R.A. King, Bethel University     

    			        with contributions from          

    			    A.V. Copan, J. Cayton, A. Heide      

    			-----------------------------------------

    
2025-07-16:18:55:41,62 INFO     [psi4.optking.optwrapper:238] 
		 -- Optimization Parameters --
	accept_symmetry_breaking       =           False
	alg_geom_maxiter               =             500
	bt_dx_conv                     =           1e-07
	bt_dx_rms_change_conv          =           1e-12
	bt_max_iter                    =              25
	cart_hess_read                 =           False
	consecutive_backsteps_allowed  =               0
	conv_max_DE                    =           1e-06
	conv_max_disp                  =          0.0012
	conv_max_force                 =          0.0003
	conv_rms_disp                  =              -1
	conv_rms_force                 =              -1
	covalent_connect               =             1.3
	dynamic_level                  =               0
	dynamic_level_max              =               0
	ensure_bt_convergence          =           False
	ext_force_bend                 =              []
	ext_force_cartesian            =              []
	ext_force_dihedral             =              []
	ext_force_distance             =              []
	ext_force_oofp                 =              []
	fix_val_near_pi                =            1.57
	flexible_g_convergence         =           False
	frag_mode                      =          SINGLE
	frag_ref_atoms                 =            None
	freeze_intrafrag               =           False
	frozen_bend                    =              []
	frozen_cartesian               =              []
	frozen_dihedral                =              []
	frozen_distance                =              []
	frozen_oofp                    =              []
	full_hess_every                =              -1
	g_convergence                  =           QCHEM
	generate_intcos_exit           =           False
	geom_maxiter                   =             500
	h_bond_connect                 =             4.3
	hess_update                    =            BFGS
	hess_update_den_tol            =           1e-07
	hess_update_dq_tol             =             0.5
	hess_update_limit              =            True
	hess_update_limit_max          =             1.0
	hess_update_limit_scale        =             0.5
	hess_update_use_last           =               4
	hessian_file                   =            None
	i_max_DE                       =            True
	i_max_disp                     =            True
	i_max_force                    =            True
	i_rms_disp                     =           False
	i_rms_force                    =           False
	i_untampered                   =            True
	include_oofp                   =           False
	interfrag_collinear_tol        =            0.01
	interfrag_coords               =            None
	interfrag_dist_inv             =           False
	interfrag_mode                 =           FIXED
	interfrag_trust                =             0.5
	interfrag_trust_max            =             1.0
	interfrag_trust_min            =           0.001
	interfragment_connect          =             1.8
	intrafrag_hess                 =        SCHLEGEL
	intrafrag_trust                =             0.5
	intrafrag_trust_max            =             1.0
	intrafrag_trust_min            =           0.001
	irc_direction                  =         FORWARD
	irc_points                     =              20
	irc_step_size                  =             0.2
	keep_intcos                    =           False
	linear_bend_threshold          =            3.05
	linesearch                     =           False
	linesearch_step                =             0.1
	max_disp_g_convergence         =          0.0012
	max_energy_g_convergence       =           1e-06
	max_force_g_convergence        =          0.0003
	opt_coordinates                =       REDUNDANT
	opt_type                       =             MIN
	output_type                    =            FILE
	print_lvl                      =               1
	program                        =            psi4
	ranged_bend                    =              []
	ranged_cartesian               =              []
	ranged_dihedral                =              []
	ranged_distance                =              []
	ranged_oofp                    =              []
	redundant_eval_tol             =           1e-10
	rfo_follow_root                =           False
	rfo_normalization_max          =             100
	rfo_root                       =               0
	rms_disp_g_convergence         =          0.0012
	rms_force_g_convergence        =          0.0003
	rsrfo_alpha_max                =     100000000.0
	sd_hessian                     =             1.0
	simple_step_scaling            =           False
	small_bend_fix_threshold       =            0.35
	steepest_descent_type          =         OVERLAP
	step_type                      =             RFO
	test_B                         =           False
	test_derivative_B              =           False
	trajectory                     =           False
	v3d_tors_angle_lim             =           0.017
	v3d_tors_cos_tol               =           1e-10
	working_consecutive_backsteps  =               0
	working_steps_since_last_H     =               0


2025-07-16:18:55:41,709 INFO     [psi4.optking.opt_helper:151] Molsys:

	                            ===> Fragment 1 <== 

	 Z (Atomic Numbers)          Masses                          Geom                  
	       5.000000            11.009305          0.00000000  0.00000000  1.67301527   
	      15.000000            30.973762          0.00000000  0.00000000 -0.59465608   

	 - Coordinate -           - BOHR/RAD -       - ANG/DEG -
	 R(1,2)           =         2.267671           1.200000

2025-07-16:18:55:41,719 INFO     [psi4.driver.task_planner:285] PLANNING Atomic:  keywords={'DAMPING_PERCENTAGE': 1.0, 'GEOM_MAXITER': 500, 'GUESS': 'SAP', 'MAXITER': 500, 'REFERENCE': 'UKS', 'function_kwargs': {}}
2025-07-16:18:55:41,720 INFO     [psi4.driver.driver:636] Compute gradient(): method=b3lyp, basis=cc-pvdz, molecule=default, nre=33.073575666875
2025-07-16:18:55:43,759 INFO     [psi4.driver.driver:639] Return gradient(): -365.69900123269827
2025-07-16:18:55:43,759 INFO     [psi4.driver.driver:640] [[ 0.00000000 -0.00000000 -1.06894117]
 [ 0.00000000  0.00000000  1.06894382]]
2025-07-16:18:55:43,761 INFO     [psi4.optking.molsys:874] Projected (PHP) Hessian matrix
	   4.182219

2025-07-16:18:55:43,761 INFO     [psi4.optking.opt_helper:168] 
	         Geometry (au)                                       Gradient (au)
   0.0000000000   0.0000000000   1.6730152683		   0.0000000000  -0.0000000000  -1.0689411673
   0.0000000000   0.0000000000  -0.5946560822		   0.0000000000   0.0000000000   1.0689438178

2025-07-16:18:55:43,761 INFO     [psi4.optking.stepAlgorithms:750] 	Using RFO solution 1.
2025-07-16:18:55:43,761 INFO     [psi4.optking.displace:73] 	Determining Cartesian step for fragment 1.
2025-07-16:18:55:43,761 INFO     [psi4.optking.displace:378] 	Successfully converged to displaced geometry.
2025-07-16:18:55:43,761 INFO     [psi4.optking.displace:379] 	RMS(dx):  0.000e+00 	Max(dx):  0.000e+00 	RMS(dq):  0.000e+00
2025-07-16:18:55:43,761 INFO     [psi4.optking.displace:132] 

	        --- Internal Coordinate Step in ANG or DEG, aJ/ANG or AJ/DEG ---
	-------------------------------------------------------------------------------
	           Coordinate      Previous         Force          Change          New 
	           ----------      --------        ------          ------        ------
	               R(1,2)       1.20000        8.80672        0.12741       1.32741
	-------------------------------------------------------------------------------

2025-07-16:18:55:43,761 INFO     [psi4.optking.stepAlgorithms:96] 	|target step| :    0.2407748833
2025-07-16:18:55:43,762 INFO     [psi4.optking.stepAlgorithms:97] 	gradient     :   -1.0689424925
2025-07-16:18:55:43,762 INFO     [psi4.optking.stepAlgorithms:98] 	hessian      :    4.1822185214
2025-07-16:18:55:43,762 INFO     [psi4.optking.stepAlgorithms:177] 	Norm of achieved step-size    0.2407748833
2025-07-16:18:55:43,762 INFO     [psi4.optking.stepAlgorithms:179] 	Norm of achieved step-size (cart):    0.1702535527
2025-07-16:18:55:43,762 INFO     [psi4.optking.opt_helper:151] Molsys:

	                            ===> Fragment 1 <== 

	 Z (Atomic Numbers)          Masses                          Geom                  
	       5.000000            11.009305          0.00000000  0.00000000  1.79340271   
	      15.000000            30.973762          0.00000000  0.00000000 -0.71504352   

	 - Coordinate -           - BOHR/RAD -       - ANG/DEG -
	 R(1,2)           =         2.508446           1.327413

2025-07-16:18:55:43,762 INFO     [psi4.optking.convcheck:71] Performing convergence check.
2025-07-16:18:55:43,762 INFO     [psi4.optking.convcheck:263] 
	                                 ==> Convergence Check <==                                  
    
	Measures of convergence in internal coordinates in au.
    
	Criteria marked as inactive (o), active & met (*), and active & unmet ( ).

	----------------------------------------------------------------------------------------------
	   Step    Total Energy     Delta E     Max Force     RMS Force      Max Disp      RMS Disp   
	----------------------------------------------------------------------------------------------
	  Convergence Criteria     1.00e-06 *    3.00e-04 *             o    1.20e-03 *             o
	----------------------------------------------------------------------------------------------
	     1    -365.69900123   -3.66e+02      1.07e+00      1.07e+00 o    2.41e-01      2.41e-01 o  ~
	----------------------------------------------------------------------------------------------


2025-07-16:18:55:43,762 INFO     [psi4.optking.stepAlgorithms:266] 	Convergence check returned False
2025-07-16:18:55:43,786 INFO     [psi4.driver.task_planner:285] PLANNING Atomic:  keywords={'DAMPING_PERCENTAGE': 1.0, 'GEOM_MAXITER': 500, 'SCF__GUESS': 'READ', 'GUESS': 'SAP', 'MAXITER': 500, 'REFERENCE': 'UKS', 'function_kwargs': {}}
2025-07-16:18:55:43,787 INFO     [psi4.driver.driver:636] Compute gradient(): method=b3lyp, basis=cc-pvdz, molecule=default, nre=29.89898646751824
2025-07-16:18:55:45,356 INFO     [psi4.driver.driver:639] Return gradient(): -365.89183426195257
2025-07-16:18:55:45,356 INFO     [psi4.driver.driver:640] [[ 0.00000000 -0.00000000 -0.57028937]
 [-0.00000000  0.00000000  0.57030303]]
2025-07-16:18:55:45,357 INFO     [psi4.optking.history:257] 	Performing BFGS update.
2025-07-16:18:55:45,357 INFO     [psi4.optking.history:268] 	Using 1 previous steps for update.
2025-07-16:18:55:45,358 INFO     [psi4.optking.history:302] 	Steps to be used in Hessian update:  1

2025-07-16:18:55:45,358 INFO     [psi4.optking.history:400] 	Updated Hessian (in au) 
 	   2.091109

2025-07-16:18:55:45,358 INFO     [psi4.optking.molsys:874] Projected (PHP) Hessian matrix
	   2.091109

2025-07-16:18:55:45,358 INFO     [psi4.optking.opt_helper:168] 
	         Geometry (au)                                       Gradient (au)
   0.0000000000   0.0000000000   1.8506512630		   0.0000000000  -0.0000000000  -0.5702893683
   0.0000000000   0.0000000000  -0.6577949708		  -0.0000000000   0.0000000000   0.5703030307

2025-07-16:18:55:45,358 INFO     [psi4.optking.stepAlgorithms:315] 	Current Step Report 
 
	Current energy:      -365.8918342620
	Energy change for the previous step:
		Actual       :        -0.1928330293
		Projected    :        -0.1286872519

2025-07-16:18:55:45,358 INFO     [psi4.optking.stepAlgorithms:318] 	Energy ratio =    1.49846
2025-07-16:18:55:45,358 INFO     [psi4.optking.stepAlgorithms:346] 	Energy ratio indicates good step.
2025-07-16:18:55:45,358 INFO     [psi4.optking.stepAlgorithms:347] 	Intrafrag trust radius increased to 1.000e+00.
2025-07-16:18:55:45,358 INFO     [psi4.optking.stepAlgorithms:750] 	Using RFO solution 1.
2025-07-16:18:55:45,358 INFO     [psi4.optking.displace:73] 	Determining Cartesian step for fragment 1.
2025-07-16:18:55:45,358 INFO     [psi4.optking.displace:378] 	Successfully converged to displaced geometry.
2025-07-16:18:55:45,358 INFO     [psi4.optking.displace:379] 	RMS(dx):  1.282e-16 	Max(dx):  2.220e-16 	RMS(dq):  0.000e+00
2025-07-16:18:55:45,358 INFO     [psi4.optking.displace:132] 

	        --- Internal Coordinate Step in ANG or DEG, aJ/ANG or AJ/DEG ---
	-------------------------------------------------------------------------------
	           Coordinate      Previous         Force          Change          New 
	           ----------      --------        ------          ------        ------
	               R(1,2)       1.32741        4.69851        0.13494       1.46235
	-------------------------------------------------------------------------------

2025-07-16:18:55:45,358 INFO     [psi4.optking.stepAlgorithms:96] 	|target step| :    0.2549915312
2025-07-16:18:55:45,358 INFO     [psi4.optking.stepAlgorithms:97] 	gradient     :   -0.5702961995
2025-07-16:18:55:45,359 INFO     [psi4.optking.stepAlgorithms:98] 	hessian      :    2.0911092607
2025-07-16:18:55:45,359 INFO     [psi4.optking.stepAlgorithms:177] 	Norm of achieved step-size    0.2549915312
2025-07-16:18:55:45,359 INFO     [psi4.optking.stepAlgorithms:179] 	Norm of achieved step-size (cart):    0.1803062408
2025-07-16:18:55:45,359 INFO     [psi4.optking.opt_helper:151] Molsys:

	                            ===> Fragment 1 <== 

	 Z (Atomic Numbers)          Masses                          Geom                  
	       5.000000            11.009305          0.00000000  0.00000000  1.97814703   
	      15.000000            30.973762          0.00000000  0.00000000 -0.78529074   

	 - Coordinate -           - BOHR/RAD -       - ANG/DEG -
	 R(1,2)           =         2.763438           1.462348

2025-07-16:18:55:45,359 INFO     [psi4.optking.convcheck:71] Performing convergence check.
2025-07-16:18:55:45,359 INFO     [psi4.optking.convcheck:263] 
	                                 ==> Convergence Check <==                                  
    
	Measures of convergence in internal coordinates in au.
    
	Criteria marked as inactive (o), active & met (*), and active & unmet ( ).

	----------------------------------------------------------------------------------------------
	   Step    Total Energy     Delta E     Max Force     RMS Force      Max Disp      RMS Disp   
	----------------------------------------------------------------------------------------------
	  Convergence Criteria     1.00e-06 *    3.00e-04 *             o    1.20e-03 *             o
	----------------------------------------------------------------------------------------------
	     2    -365.89183426   -1.93e-01      5.70e-01      5.70e-01 o    2.55e-01      2.55e-01 o  ~
	----------------------------------------------------------------------------------------------


2025-07-16:18:55:45,359 INFO     [psi4.optking.stepAlgorithms:266] 	Convergence check returned False
2025-07-16:18:55:45,370 INFO     [psi4.driver.task_planner:285] PLANNING Atomic:  keywords={'DAMPING_PERCENTAGE': 1.0, 'GEOM_MAXITER': 500, 'SCF__GUESS': 'READ', 'GUESS': 'SAP', 'MAXITER': 500, 'REFERENCE': 'UKS', 'function_kwargs': {}}
2025-07-16:18:55:45,371 INFO     [psi4.driver.driver:636] Compute gradient(): method=b3lyp, basis=cc-pvdz, molecule=default, nre=27.140108219483242
2025-07-16:18:55:47,123 INFO     [psi4.driver.driver:639] Return gradient(): -365.9924337844016
2025-07-16:18:55:47,123 INFO     [psi4.driver.driver:640] [[ 0.00000000 -0.00000000 -0.24752186]
 [ 0.00000000  0.00000000  0.24751304]]
2025-07-16:18:55:47,124 INFO     [psi4.optking.history:257] 	Performing BFGS update.
2025-07-16:18:55:47,124 INFO     [psi4.optking.history:268] 	Using 2 previous steps for update.
2025-07-16:18:55:47,124 INFO     [psi4.optking.history:302] 	Steps to be used in Hessian update:  2 1

2025-07-16:18:55:47,124 INFO     [psi4.optking.history:400] 	Updated Hessian (in au) 
 	   1.656879

2025-07-16:18:55:47,124 INFO     [psi4.optking.molsys:874] Projected (PHP) Hessian matrix
	   1.656879

2025-07-16:18:55:47,124 INFO     [psi4.optking.opt_helper:168] 
	         Geometry (au)                                       Gradient (au)
   0.0000000000   0.0000000000   2.0387758450		   0.0000000000  -0.0000000000  -0.2475218648
   0.0000000000   0.0000000000  -0.7246619200		   0.0000000000   0.0000000000   0.2475130358

2025-07-16:18:55:47,124 INFO     [psi4.optking.stepAlgorithms:315] 	Current Step Report 
 
	Current energy:      -365.9924337844
	Energy change for the previous step:
		Actual       :        -0.1005995224
		Projected    :        -0.0727103506

2025-07-16:18:55:47,124 INFO     [psi4.optking.stepAlgorithms:318] 	Energy ratio =    1.38357
2025-07-16:18:55:47,125 INFO     [psi4.optking.stepAlgorithms:750] 	Using RFO solution 1.
2025-07-16:18:55:47,125 INFO     [psi4.optking.displace:73] 	Determining Cartesian step for fragment 1.
2025-07-16:18:55:47,125 INFO     [psi4.optking.displace:378] 	Successfully converged to displaced geometry.
2025-07-16:18:55:47,125 INFO     [psi4.optking.displace:379] 	RMS(dx):  0.000e+00 	Max(dx):  0.000e+00 	RMS(dq):  0.000e+00
2025-07-16:18:55:47,125 INFO     [psi4.optking.displace:132] 

	        --- Internal Coordinate Step in ANG or DEG, aJ/ANG or AJ/DEG ---
	-------------------------------------------------------------------------------
	           Coordinate      Previous         Force          Change          New 
	           ----------      --------        ------          ------        ------
	               R(1,2)       1.46235        2.03923        0.07736       1.53971
	-------------------------------------------------------------------------------

2025-07-16:18:55:47,125 INFO     [psi4.optking.stepAlgorithms:96] 	|target step| :    0.1461948935
2025-07-16:18:55:47,125 INFO     [psi4.optking.stepAlgorithms:97] 	gradient     :   -0.2475174503
2025-07-16:18:55:47,125 INFO     [psi4.optking.stepAlgorithms:98] 	hessian      :    1.6568791638
2025-07-16:18:55:47,125 INFO     [psi4.optking.stepAlgorithms:177] 	Norm of achieved step-size    0.1461948935
2025-07-16:18:55:47,125 INFO     [psi4.optking.stepAlgorithms:179] 	Norm of achieved step-size (cart):    0.1033754006
2025-07-16:18:55:47,125 INFO     [psi4.optking.opt_helper:151] Molsys:

	                            ===> Fragment 1 <== 

	 Z (Atomic Numbers)          Masses                          Geom                  
	       5.000000            11.009305          0.00000000  0.00000000  2.11187329   
	      15.000000            30.973762          0.00000000  0.00000000 -0.79775937   

	 - Coordinate -           - BOHR/RAD -       - ANG/DEG -
	 R(1,2)           =         2.909633           1.539711

2025-07-16:18:55:47,125 INFO     [psi4.optking.convcheck:71] Performing convergence check.
2025-07-16:18:55:47,125 INFO     [psi4.optking.convcheck:263] 
	                                 ==> Convergence Check <==                                  
    
	Measures of convergence in internal coordinates in au.
    
	Criteria marked as inactive (o), active & met (*), and active & unmet ( ).

	----------------------------------------------------------------------------------------------
	   Step    Total Energy     Delta E     Max Force     RMS Force      Max Disp      RMS Disp   
	----------------------------------------------------------------------------------------------
	  Convergence Criteria     1.00e-06 *    3.00e-04 *             o    1.20e-03 *             o
	----------------------------------------------------------------------------------------------
	     3    -365.99243378   -1.01e-01      2.48e-01      2.48e-01 o    1.46e-01      1.46e-01 o  ~
	----------------------------------------------------------------------------------------------


2025-07-16:18:55:47,125 INFO     [psi4.optking.stepAlgorithms:266] 	Convergence check returned False
2025-07-16:18:55:47,145 INFO     [psi4.driver.task_planner:285] PLANNING Atomic:  keywords={'DAMPING_PERCENTAGE': 1.0, 'GEOM_MAXITER': 500, 'SCF__GUESS': 'READ', 'GUESS': 'SAP', 'MAXITER': 500, 'REFERENCE': 'UKS', 'function_kwargs': {}}
2025-07-16:18:55:47,146 INFO     [psi4.driver.driver:636] Compute gradient(): method=b3lyp, basis=cc-pvdz, molecule=default, nre=25.776449745208595
2025-07-16:18:55:48,637 INFO     [psi4.driver.driver:639] Return gradient(): -366.0194918258883
2025-07-16:18:55:48,637 INFO     [psi4.driver.driver:640] [[-0.00000000  0.00000000 -0.12923453]
 [ 0.00000000 -0.00000000  0.12921723]]
2025-07-16:18:55:48,638 INFO     [psi4.optking.history:257] 	Performing BFGS update.
2025-07-16:18:55:48,638 INFO     [psi4.optking.history:268] 	Using 3 previous steps for update.
2025-07-16:18:55:48,638 WARNING  [psi4.optking.history:286] 	Change in internal coordinate of 6.42e-01 exceeds limit of 5.00e-01.
2025-07-16:18:55:48,638 WARNING  [psi4.optking.history:291] 	Skipping Hessian update for step 1.
2025-07-16:18:55:48,638 INFO     [psi4.optking.history:302] 	Steps to be used in Hessian update:  3 2

2025-07-16:18:55:48,639 INFO     [psi4.optking.history:400] 	Updated Hessian (in au) 
 	   1.099415

2025-07-16:18:55:48,639 INFO     [psi4.optking.molsys:874] Projected (PHP) Hessian matrix
	   1.099415

2025-07-16:18:55:48,639 INFO     [psi4.optking.opt_helper:168] 
	         Geometry (au)                                       Gradient (au)
   0.0000000000   0.0000000000   2.1466337535		  -0.0000000000   0.0000000000  -0.1292345308
   0.0000000000   0.0000000000  -0.7629989050		   0.0000000000  -0.0000000000   0.1292172327

2025-07-16:18:55:48,639 INFO     [psi4.optking.stepAlgorithms:315] 	Current Step Report 
 
	Current energy:      -366.0194918259
	Energy change for the previous step:
		Actual       :        -0.0270580415
		Projected    :        -0.0180928936

2025-07-16:18:55:48,639 INFO     [psi4.optking.stepAlgorithms:318] 	Energy ratio =    1.49551
2025-07-16:18:55:48,639 INFO     [psi4.optking.stepAlgorithms:750] 	Using RFO solution 1.
2025-07-16:18:55:48,639 INFO     [psi4.optking.displace:73] 	Determining Cartesian step for fragment 1.
2025-07-16:18:55:48,639 INFO     [psi4.optking.displace:378] 	Successfully converged to displaced geometry.
2025-07-16:18:55:48,639 INFO     [psi4.optking.displace:379] 	RMS(dx):  0.000e+00 	Max(dx):  0.000e+00 	RMS(dq):  0.000e+00
2025-07-16:18:55:48,639 INFO     [psi4.optking.displace:132] 

	        --- Internal Coordinate Step in ANG or DEG, aJ/ANG or AJ/DEG ---
	-------------------------------------------------------------------------------
	           Coordinate      Previous         Force          Change          New 
	           ----------      --------        ------          ------        ------
	               R(1,2)       1.53971        1.06466        0.06136       1.60107
	-------------------------------------------------------------------------------

2025-07-16:18:55:48,639 INFO     [psi4.optking.stepAlgorithms:96] 	|target step| :    0.1159600619
2025-07-16:18:55:48,639 INFO     [psi4.optking.stepAlgorithms:97] 	gradient     :   -0.1292258817
2025-07-16:18:55:48,639 INFO     [psi4.optking.stepAlgorithms:98] 	hessian      :    1.0994148619
2025-07-16:18:55:48,639 INFO     [psi4.optking.stepAlgorithms:177] 	Norm of achieved step-size    0.1159600619
2025-07-16:18:55:48,639 INFO     [psi4.optking.stepAlgorithms:179] 	Norm of achieved step-size (cart):    0.0819961461
2025-07-16:18:55:48,639 INFO     [psi4.optking.opt_helper:151] Molsys:

	                            ===> Fragment 1 <== 

	 Z (Atomic Numbers)          Masses                          Geom                  
	       5.000000            11.009305          0.00000000  0.00000000  2.20461378   
	      15.000000            30.973762          0.00000000  0.00000000 -0.82097894   

	 - Coordinate -           - BOHR/RAD -       - ANG/DEG -
	 R(1,2)           =         3.025593           1.601075

2025-07-16:18:55:48,640 INFO     [psi4.optking.convcheck:71] Performing convergence check.
2025-07-16:18:55:48,640 INFO     [psi4.optking.convcheck:263] 
	                                 ==> Convergence Check <==                                  
    
	Measures of convergence in internal coordinates in au.
    
	Criteria marked as inactive (o), active & met (*), and active & unmet ( ).

	----------------------------------------------------------------------------------------------
	   Step    Total Energy     Delta E     Max Force     RMS Force      Max Disp      RMS Disp   
	----------------------------------------------------------------------------------------------
	  Convergence Criteria     1.00e-06 *    3.00e-04 *             o    1.20e-03 *             o
	----------------------------------------------------------------------------------------------
	     4    -366.01949183   -2.71e-02      1.29e-01      1.29e-01 o    1.16e-01      1.16e-01 o  ~
	----------------------------------------------------------------------------------------------


2025-07-16:18:55:48,640 INFO     [psi4.optking.stepAlgorithms:266] 	Convergence check returned False
2025-07-16:18:55:48,652 INFO     [psi4.driver.task_planner:285] PLANNING Atomic:  keywords={'DAMPING_PERCENTAGE': 1.0, 'GEOM_MAXITER': 500, 'SCF__GUESS': 'READ', 'GUESS': 'SAP', 'MAXITER': 500, 'REFERENCE': 'UKS', 'function_kwargs': {}}
2025-07-16:18:55:48,653 INFO     [psi4.driver.driver:636] Compute gradient(): method=b3lyp, basis=cc-pvdz, molecule=default, nre=24.788531349006437
2025-07-16:18:55:50,493 INFO     [psi4.driver.driver:639] Return gradient(): -366.03030389289785
2025-07-16:18:55:50,493 INFO     [psi4.driver.driver:640] [[ 0.00000000  0.00000000 -0.06048027]
 [ 0.00000000 -0.00000000  0.06045702]]
2025-07-16:18:55:50,495 INFO     [psi4.optking.history:257] 	Performing BFGS update.
2025-07-16:18:55:50,495 INFO     [psi4.optking.history:268] 	Using 4 previous steps for update.
2025-07-16:18:55:50,495 WARNING  [psi4.optking.history:286] 	Change in internal coordinate of 5.17e-01 exceeds limit of 5.00e-01.
2025-07-16:18:55:50,495 WARNING  [psi4.optking.history:291] 	Skipping Hessian update for step 2.
2025-07-16:18:55:50,495 WARNING  [psi4.optking.history:286] 	Change in internal coordinate of 7.58e-01 exceeds limit of 5.00e-01.
2025-07-16:18:55:50,495 WARNING  [psi4.optking.history:291] 	Skipping Hessian update for step 1.
2025-07-16:18:55:50,495 INFO     [psi4.optking.history:302] 	Steps to be used in Hessian update:  4 3

2025-07-16:18:55:50,495 INFO     [psi4.optking.history:400] 	Updated Hessian (in au) 
 	   0.713505

2025-07-16:18:55:50,495 INFO     [psi4.optking.molsys:874] Projected (PHP) Hessian matrix
	   0.713505

2025-07-16:18:55:50,495 INFO     [psi4.optking.opt_helper:168] 
	         Geometry (au)                                       Gradient (au)
   0.0000000000   0.0000000000   2.2321853720		   0.0000000000   0.0000000000  -0.0604802721
   0.0000000000   0.0000000000  -0.7934073485		   0.0000000000  -0.0000000000   0.0604570220

2025-07-16:18:55:50,495 INFO     [psi4.optking.stepAlgorithms:315] 	Current Step Report 
 
	Current energy:      -366.0303038929
	Energy change for the previous step:
		Actual       :        -0.0108120670
		Projected    :        -0.0074925206

2025-07-16:18:55:50,495 INFO     [psi4.optking.stepAlgorithms:318] 	Energy ratio =    1.44305
2025-07-16:18:55:50,498 INFO     [psi4.optking.stepAlgorithms:750] 	Using RFO solution 1.
2025-07-16:18:55:50,499 INFO     [psi4.optking.displace:73] 	Determining Cartesian step for fragment 1.
2025-07-16:18:55:50,500 INFO     [psi4.optking.displace:378] 	Successfully converged to displaced geometry.
2025-07-16:18:55:50,500 INFO     [psi4.optking.displace:379] 	RMS(dx):  0.000e+00 	Max(dx):  0.000e+00 	RMS(dq):  0.000e+00
2025-07-16:18:55:50,500 INFO     [psi4.optking.displace:132] 

	        --- Internal Coordinate Step in ANG or DEG, aJ/ANG or AJ/DEG ---
	-------------------------------------------------------------------------------
	           Coordinate      Previous         Force          Change          New 
	           ----------      --------        ------          ------        ------
	               R(1,2)       1.60107        0.49818        0.04453       1.64560
	-------------------------------------------------------------------------------

2025-07-16:18:55:50,500 INFO     [psi4.optking.stepAlgorithms:96] 	|target step| :    0.0841486614
2025-07-16:18:55:50,500 INFO     [psi4.optking.stepAlgorithms:97] 	gradient     :   -0.0604686471
2025-07-16:18:55:50,500 INFO     [psi4.optking.stepAlgorithms:98] 	hessian      :    0.7135047396
2025-07-16:18:55:50,500 INFO     [psi4.optking.stepAlgorithms:177] 	Norm of achieved step-size    0.0841486614
2025-07-16:18:55:50,500 INFO     [psi4.optking.stepAlgorithms:179] 	Norm of achieved step-size (cart):    0.0595020891
2025-07-16:18:55:50,501 INFO     [psi4.optking.opt_helper:151] Molsys:

	                            ===> Fragment 1 <== 

	 Z (Atomic Numbers)          Masses                          Geom                  
	       5.000000            11.009305          0.00000000  0.00000000  2.27425970   
	      15.000000            30.973762          0.00000000  0.00000000 -0.83548168   

	 - Coordinate -           - BOHR/RAD -       - ANG/DEG -
	 R(1,2)           =         3.109741           1.645604

2025-07-16:18:55:50,502 INFO     [psi4.optking.convcheck:71] Performing convergence check.
2025-07-16:18:55:50,502 INFO     [psi4.optking.convcheck:263] 
	                                 ==> Convergence Check <==                                  
    
	Measures of convergence in internal coordinates in au.
    
	Criteria marked as inactive (o), active & met (*), and active & unmet ( ).

	----------------------------------------------------------------------------------------------
	   Step    Total Energy     Delta E     Max Force     RMS Force      Max Disp      RMS Disp   
	----------------------------------------------------------------------------------------------
	  Convergence Criteria     1.00e-06 *    3.00e-04 *             o    1.20e-03 *             o
	----------------------------------------------------------------------------------------------
	     5    -366.03030389   -1.08e-02      6.05e-02      6.05e-02 o    8.41e-02      8.41e-02 o  ~
	----------------------------------------------------------------------------------------------


2025-07-16:18:55:50,502 INFO     [psi4.optking.stepAlgorithms:266] 	Convergence check returned False
2025-07-16:18:55:50,524 INFO     [psi4.driver.task_planner:285] PLANNING Atomic:  keywords={'DAMPING_PERCENTAGE': 1.0, 'GEOM_MAXITER': 500, 'SCF__GUESS': 'READ', 'GUESS': 'SAP', 'MAXITER': 500, 'REFERENCE': 'UKS', 'function_kwargs': {}}
2025-07-16:18:55:50,525 INFO     [psi4.driver.driver:636] Compute gradient(): method=b3lyp, basis=cc-pvdz, molecule=default, nre=24.1177611866781
2025-07-16:18:55:52,253 INFO     [psi4.driver.driver:639] Return gradient(): -366.0337009091324
2025-07-16:18:55:52,254 INFO     [psi4.driver.driver:640] [[ 0.00000000  0.00000000 -0.02166546]
 [-0.00000000  0.00000000  0.02164364]]
2025-07-16:18:55:52,255 INFO     [psi4.optking.history:257] 	Performing BFGS update.
2025-07-16:18:55:52,255 INFO     [psi4.optking.history:268] 	Using 4 previous steps for update.
2025-07-16:18:55:52,255 WARNING  [psi4.optking.history:286] 	Change in internal coordinate of 6.01e-01 exceeds limit of 5.00e-01.
2025-07-16:18:55:52,255 WARNING  [psi4.optking.history:291] 	Skipping Hessian update for step 2.
2025-07-16:18:55:52,255 WARNING  [psi4.optking.history:286] 	Change in internal coordinate of 8.42e-01 exceeds limit of 5.00e-01.
2025-07-16:18:55:52,255 WARNING  [psi4.optking.history:291] 	Skipping Hessian update for step 1.
2025-07-16:18:55:52,255 INFO     [psi4.optking.history:302] 	Steps to be used in Hessian update:  5 4 3

2025-07-16:18:55:52,255 INFO     [psi4.optking.history:400] 	Updated Hessian (in au) 
 	   0.652211

2025-07-16:18:55:52,255 INFO     [psi4.optking.molsys:874] Projected (PHP) Hessian matrix
	   0.652211

2025-07-16:18:55:52,255 INFO     [psi4.optking.opt_helper:168] 
	         Geometry (au)                                       Gradient (au)
   0.0000000000   0.0000000000   2.2942675583		   0.0000000000   0.0000000000  -0.0216654634
   0.0000000000   0.0000000000  -0.8154738236		  -0.0000000000   0.0000000000   0.0216436382

2025-07-16:18:55:52,256 INFO     [psi4.optking.stepAlgorithms:315] 	Current Step Report 
 
	Current energy:      -366.0337009091
	Energy change for the previous step:
		Actual       :        -0.0033970162
		Projected    :        -0.0025441779

2025-07-16:18:55:52,256 INFO     [psi4.optking.stepAlgorithms:318] 	Energy ratio =    1.33521
2025-07-16:18:55:52,256 INFO     [psi4.optking.stepAlgorithms:750] 	Using RFO solution 1.
2025-07-16:18:55:52,256 INFO     [psi4.optking.displace:73] 	Determining Cartesian step for fragment 1.
2025-07-16:18:55:52,257 INFO     [psi4.optking.displace:378] 	Successfully converged to displaced geometry.
2025-07-16:18:55:52,257 INFO     [psi4.optking.displace:379] 	RMS(dx):  0.000e+00 	Max(dx):  0.000e+00 	RMS(dq):  0.000e+00
2025-07-16:18:55:52,257 INFO     [psi4.optking.displace:132] 

	        --- Internal Coordinate Step in ANG or DEG, aJ/ANG or AJ/DEG ---
	-------------------------------------------------------------------------------
	           Coordinate      Previous         Force          Change          New 
	           ----------      --------        ------          ------        ------
	               R(1,2)       1.64560        0.17841        0.01755       1.66315
	-------------------------------------------------------------------------------

2025-07-16:18:55:52,257 INFO     [psi4.optking.stepAlgorithms:96] 	|target step| :    0.0331652557
2025-07-16:18:55:52,257 INFO     [psi4.optking.stepAlgorithms:97] 	gradient     :   -0.0216545508
2025-07-16:18:55:52,257 INFO     [psi4.optking.stepAlgorithms:98] 	hessian      :    0.6522106282
2025-07-16:18:55:52,257 INFO     [psi4.optking.stepAlgorithms:177] 	Norm of achieved step-size    0.0331652557
2025-07-16:18:55:52,257 INFO     [psi4.optking.stepAlgorithms:179] 	Norm of achieved step-size (cart):    0.0234513772
2025-07-16:18:55:52,258 INFO     [psi4.optking.opt_helper:151] Molsys:

	                            ===> Fragment 1 <== 

	 Z (Atomic Numbers)          Masses                          Geom                  
	       5.000000            11.009305          0.00000000  0.00000000  2.31085019   
	      15.000000            30.973762          0.00000000  0.00000000 -0.83205645   

	 - Coordinate -           - BOHR/RAD -       - ANG/DEG -
	 R(1,2)           =         3.142907           1.663155

2025-07-16:18:55:52,258 INFO     [psi4.optking.convcheck:71] Performing convergence check.
2025-07-16:18:55:52,258 INFO     [psi4.optking.convcheck:263] 
	                                 ==> Convergence Check <==                                  
    
	Measures of convergence in internal coordinates in au.
    
	Criteria marked as inactive (o), active & met (*), and active & unmet ( ).

	----------------------------------------------------------------------------------------------
	   Step    Total Energy     Delta E     Max Force     RMS Force      Max Disp      RMS Disp   
	----------------------------------------------------------------------------------------------
	  Convergence Criteria     1.00e-06 *    3.00e-04 *             o    1.20e-03 *             o
	----------------------------------------------------------------------------------------------
	     6    -366.03370091   -3.40e-03      2.17e-02      2.17e-02 o    3.32e-02      3.32e-02 o  ~
	----------------------------------------------------------------------------------------------


2025-07-16:18:55:52,258 INFO     [psi4.optking.stepAlgorithms:266] 	Convergence check returned False
2025-07-16:18:55:52,275 INFO     [psi4.driver.task_planner:285] PLANNING Atomic:  keywords={'DAMPING_PERCENTAGE': 1.0, 'GEOM_MAXITER': 500, 'SCF__GUESS': 'READ', 'GUESS': 'SAP', 'MAXITER': 500, 'REFERENCE': 'UKS', 'function_kwargs': {}}
2025-07-16:18:55:52,279 INFO     [psi4.driver.driver:636] Compute gradient(): method=b3lyp, basis=cc-pvdz, molecule=default, nre=23.863260557856634
2025-07-16:18:55:53,470 INFO     [psi4.driver.driver:639] Return gradient(): -366.0341987173733
2025-07-16:18:55:53,470 INFO     [psi4.driver.driver:640] [[-0.00000000 -0.00000000 -0.00855810]
 [-0.00000000 -0.00000000  0.00853536]]
2025-07-16:18:55:53,472 INFO     [psi4.optking.history:257] 	Performing BFGS update.
2025-07-16:18:55:53,472 INFO     [psi4.optking.history:268] 	Using 4 previous steps for update.
2025-07-16:18:55:53,472 INFO     [psi4.optking.history:302] 	Steps to be used in Hessian update:  6 5 4 3

2025-07-16:18:55:53,472 INFO     [psi4.optking.history:400] 	Updated Hessian (in au) 
 	   0.629751

2025-07-16:18:55:53,472 INFO     [psi4.optking.molsys:874] Projected (PHP) Hessian matrix
	   0.629751

2025-07-16:18:55:53,472 INFO     [psi4.optking.opt_helper:168] 
	         Geometry (au)                                       Gradient (au)
   0.0000000000   0.0000000000   2.3187358213		  -0.0000000000  -0.0000000000  -0.0085581015
   0.0000000000   0.0000000000  -0.8241708162		  -0.0000000000  -0.0000000000   0.0085353560

2025-07-16:18:55:53,472 INFO     [psi4.optking.stepAlgorithms:315] 	Current Step Report 
 
	Current energy:      -366.0341987174
	Energy change for the previous step:
		Actual       :        -0.0004978082
		Projected    :        -0.0003590894

2025-07-16:18:55:53,472 INFO     [psi4.optking.stepAlgorithms:318] 	Energy ratio =    1.38631
2025-07-16:18:55:53,472 INFO     [psi4.optking.stepAlgorithms:750] 	Using RFO solution 1.
2025-07-16:18:55:53,473 INFO     [psi4.optking.displace:73] 	Determining Cartesian step for fragment 1.
2025-07-16:18:55:53,473 INFO     [psi4.optking.displace:378] 	Successfully converged to displaced geometry.
2025-07-16:18:55:53,473 INFO     [psi4.optking.displace:379] 	RMS(dx):  1.282e-16 	Max(dx):  2.220e-16 	RMS(dq):  0.000e+00
2025-07-16:18:55:53,473 INFO     [psi4.optking.displace:132] 

	        --- Internal Coordinate Step in ANG or DEG, aJ/ANG or AJ/DEG ---
	-------------------------------------------------------------------------------
	           Coordinate      Previous         Force          Change          New 
	           ----------      --------        ------          ------        ------
	               R(1,2)       1.66315        0.07041        0.00718       1.67034
	-------------------------------------------------------------------------------

2025-07-16:18:55:53,473 INFO     [psi4.optking.stepAlgorithms:96] 	|target step| :    0.0135691115
2025-07-16:18:55:53,473 INFO     [psi4.optking.stepAlgorithms:97] 	gradient     :   -0.0085467287
2025-07-16:18:55:53,473 INFO     [psi4.optking.stepAlgorithms:98] 	hessian      :    0.6297505247
2025-07-16:18:55:53,473 INFO     [psi4.optking.stepAlgorithms:177] 	Norm of achieved step-size    0.0135691115
2025-07-16:18:55:53,473 INFO     [psi4.optking.stepAlgorithms:179] 	Norm of achieved step-size (cart):    0.0095948108
2025-07-16:18:55:53,473 INFO     [psi4.optking.opt_helper:151] Molsys:

	                            ===> Fragment 1 <== 

	 Z (Atomic Numbers)          Masses                          Geom                  
	       5.000000            11.009305          0.00000000  0.00000000  2.32552038   
	      15.000000            30.973762          0.00000000  0.00000000 -0.83095537   

	 - Coordinate -           - BOHR/RAD -       - ANG/DEG -
	 R(1,2)           =         3.156476           1.670335

2025-07-16:18:55:53,473 INFO     [psi4.optking.convcheck:71] Performing convergence check.
2025-07-16:18:55:53,473 INFO     [psi4.optking.convcheck:263] 
	                                 ==> Convergence Check <==                                  
    
	Measures of convergence in internal coordinates in au.
    
	Criteria marked as inactive (o), active & met (*), and active & unmet ( ).

	----------------------------------------------------------------------------------------------
	   Step    Total Energy     Delta E     Max Force     RMS Force      Max Disp      RMS Disp   
	----------------------------------------------------------------------------------------------
	  Convergence Criteria     1.00e-06 *    3.00e-04 *             o    1.20e-03 *             o
	----------------------------------------------------------------------------------------------
	     7    -366.03419872   -4.98e-04      8.55e-03      8.55e-03 o    1.36e-02      1.36e-02 o  ~
	----------------------------------------------------------------------------------------------


2025-07-16:18:55:53,473 INFO     [psi4.optking.stepAlgorithms:266] 	Convergence check returned False
2025-07-16:18:55:53,491 INFO     [psi4.driver.task_planner:285] PLANNING Atomic:  keywords={'DAMPING_PERCENTAGE': 1.0, 'GEOM_MAXITER': 500, 'SCF__GUESS': 'READ', 'GUESS': 'SAP', 'MAXITER': 500, 'REFERENCE': 'UKS', 'function_kwargs': {}}
2025-07-16:18:55:53,492 INFO     [psi4.driver.driver:636] Compute gradient(): method=b3lyp, basis=cc-pvdz, molecule=default, nre=23.760676768414424
2025-07-16:18:55:55,283 INFO     [psi4.driver.driver:639] Return gradient(): -366.03428038542717
2025-07-16:18:55:55,283 INFO     [psi4.driver.driver:640] [[-0.00000000  0.00000000 -0.00352188]
 [ 0.00000000 -0.00000000  0.00349882]]
2025-07-16:18:55:55,284 INFO     [psi4.optking.history:257] 	Performing BFGS update.
2025-07-16:18:55:55,284 INFO     [psi4.optking.history:268] 	Using 4 previous steps for update.
2025-07-16:18:55:55,284 INFO     [psi4.optking.history:302] 	Steps to be used in Hessian update:  7 6 5 4

2025-07-16:18:55:55,285 INFO     [psi4.optking.history:400] 	Updated Hessian (in au) 
 	   0.509293

2025-07-16:18:55:55,285 INFO     [psi4.optking.molsys:874] Projected (PHP) Hessian matrix
	   0.509293

2025-07-16:18:55:55,285 INFO     [psi4.optking.opt_helper:168] 
	         Geometry (au)                                       Gradient (au)
   0.0000000000   0.0000000000   2.3287466771		  -0.0000000000   0.0000000000  -0.0035218759
   0.0000000000   0.0000000000  -0.8277290720		   0.0000000000  -0.0000000000   0.0034988180

2025-07-16:18:55:55,285 INFO     [psi4.optking.stepAlgorithms:315] 	Current Step Report 
 
	Current energy:      -366.0342803854
	Energy change for the previous step:
		Actual       :        -0.0000816681
		Projected    :        -0.0000579858

2025-07-16:18:55:55,285 INFO     [psi4.optking.stepAlgorithms:318] 	Energy ratio =    1.40842
2025-07-16:18:55:55,285 INFO     [psi4.optking.stepAlgorithms:750] 	Using RFO solution 1.
2025-07-16:18:55:55,285 INFO     [psi4.optking.displace:73] 	Determining Cartesian step for fragment 1.
2025-07-16:18:55:55,285 INFO     [psi4.optking.displace:378] 	Successfully converged to displaced geometry.
2025-07-16:18:55:55,285 INFO     [psi4.optking.displace:379] 	RMS(dx):  1.282e-16 	Max(dx):  2.220e-16 	RMS(dq):  4.441e-16
2025-07-16:18:55:55,285 INFO     [psi4.optking.displace:132] 

	        --- Internal Coordinate Step in ANG or DEG, aJ/ANG or AJ/DEG ---
	-------------------------------------------------------------------------------
	           Coordinate      Previous         Force          Change          New 
	           ----------      --------        ------          ------        ------
	               R(1,2)       1.67034        0.02892        0.00365       1.67398
	-------------------------------------------------------------------------------

2025-07-16:18:55:55,285 INFO     [psi4.optking.stepAlgorithms:96] 	|target step| :    0.0068922567
2025-07-16:18:55:55,285 INFO     [psi4.optking.stepAlgorithms:97] 	gradient     :   -0.0035103470
2025-07-16:18:55:55,285 INFO     [psi4.optking.stepAlgorithms:98] 	hessian      :    0.5092933107
2025-07-16:18:55:55,285 INFO     [psi4.optking.stepAlgorithms:177] 	Norm of achieved step-size    0.0068922567
2025-07-16:18:55:55,285 INFO     [psi4.optking.stepAlgorithms:179] 	Norm of achieved step-size (cart):    0.0048735614
2025-07-16:18:55:55,285 INFO     [psi4.optking.opt_helper:151] Molsys:

	                            ===> Fragment 1 <== 

	 Z (Atomic Numbers)          Masses                          Geom                  
	       5.000000            11.009305          0.00000000  0.00000000  2.33219281   
	      15.000000            30.973762          0.00000000  0.00000000 -0.83117520   

	 - Coordinate -           - BOHR/RAD -       - ANG/DEG -
	 R(1,2)           =         3.163368           1.673982

2025-07-16:18:55:55,286 INFO     [psi4.optking.convcheck:71] Performing convergence check.
2025-07-16:18:55:55,286 INFO     [psi4.optking.convcheck:263] 
	                                 ==> Convergence Check <==                                  
    
	Measures of convergence in internal coordinates in au.
    
	Criteria marked as inactive (o), active & met (*), and active & unmet ( ).

	----------------------------------------------------------------------------------------------
	   Step    Total Energy     Delta E     Max Force     RMS Force      Max Disp      RMS Disp   
	----------------------------------------------------------------------------------------------
	  Convergence Criteria     1.00e-06 *    3.00e-04 *             o    1.20e-03 *             o
	----------------------------------------------------------------------------------------------
	     8    -366.03428039   -8.17e-05      3.51e-03      3.51e-03 o    6.89e-03      6.89e-03 o  ~
	----------------------------------------------------------------------------------------------


2025-07-16:18:55:55,286 INFO     [psi4.optking.stepAlgorithms:266] 	Convergence check returned False
2025-07-16:18:55:55,299 INFO     [psi4.driver.task_planner:285] PLANNING Atomic:  keywords={'DAMPING_PERCENTAGE': 1.0, 'GEOM_MAXITER': 500, 'SCF__GUESS': 'READ', 'GUESS': 'SAP', 'MAXITER': 500, 'REFERENCE': 'UKS', 'function_kwargs': {}}
2025-07-16:18:55:55,300 INFO     [psi4.driver.driver:636] Compute gradient(): method=b3lyp, basis=cc-pvdz, molecule=default, nre=23.708907678579454
2025-07-16:18:55:57,174 INFO     [psi4.driver.driver:639] Return gradient(): -366.0342960135465
2025-07-16:18:55:57,174 INFO     [psi4.driver.driver:640] [[ 0.00000000  0.00000000 -0.00103376]
 [-0.00000000  0.00000000  0.00101060]]
2025-07-16:18:55:57,176 INFO     [psi4.optking.history:257] 	Performing BFGS update.
2025-07-16:18:55:57,176 INFO     [psi4.optking.history:268] 	Using 4 previous steps for update.
2025-07-16:18:55:57,176 INFO     [psi4.optking.history:302] 	Steps to be used in Hessian update:  8 7 6 5

2025-07-16:18:55:57,176 INFO     [psi4.optking.history:400] 	Updated Hessian (in au) 
 	   0.431474

2025-07-16:18:55:57,176 INFO     [psi4.optking.molsys:874] Projected (PHP) Hessian matrix
	   0.431474

2025-07-16:18:55:57,176 INFO     [psi4.optking.opt_helper:168] 
	         Geometry (au)                                       Gradient (au)
   0.0000000000   0.0000000000   2.3338315632		   0.0000000000   0.0000000000  -0.0010337597
   0.0000000000   0.0000000000  -0.8295364425		  -0.0000000000   0.0000000000   0.0010106050

2025-07-16:18:55:57,177 INFO     [psi4.optking.stepAlgorithms:315] 	Current Step Report 
 
	Current energy:      -366.0342960135
	Energy change for the previous step:
		Actual       :        -0.0000156281
		Projected    :        -0.0000120971

2025-07-16:18:55:57,177 INFO     [psi4.optking.stepAlgorithms:318] 	Energy ratio =    1.29189
2025-07-16:18:55:57,177 INFO     [psi4.optking.stepAlgorithms:750] 	Using RFO solution 1.
2025-07-16:18:55:57,177 INFO     [psi4.optking.displace:73] 	Determining Cartesian step for fragment 1.
2025-07-16:18:55:57,177 INFO     [psi4.optking.displace:378] 	Successfully converged to displaced geometry.
2025-07-16:18:55:57,177 INFO     [psi4.optking.displace:379] 	RMS(dx):  1.282e-16 	Max(dx):  2.220e-16 	RMS(dq):  0.000e+00
2025-07-16:18:55:57,177 INFO     [psi4.optking.displace:132] 

	        --- Internal Coordinate Step in ANG or DEG, aJ/ANG or AJ/DEG ---
	-------------------------------------------------------------------------------
	           Coordinate      Previous         Force          Change          New 
	           ----------      --------        ------          ------        ------
	               R(1,2)       1.67398        0.00842        0.00125       1.67524
	-------------------------------------------------------------------------------

2025-07-16:18:55:57,177 INFO     [psi4.optking.stepAlgorithms:96] 	|target step| :    0.0023690336
2025-07-16:18:55:57,178 INFO     [psi4.optking.stepAlgorithms:97] 	gradient     :   -0.0010221824
2025-07-16:18:55:57,178 INFO     [psi4.optking.stepAlgorithms:98] 	hessian      :    0.4314740820
2025-07-16:18:55:57,178 INFO     [psi4.optking.stepAlgorithms:177] 	Norm of achieved step-size    0.0023690336
2025-07-16:18:55:57,178 INFO     [psi4.optking.stepAlgorithms:179] 	Norm of achieved step-size (cart):    0.0016751598
2025-07-16:18:55:57,178 INFO     [psi4.optking.opt_helper:151] Molsys:

	                            ===> Fragment 1 <== 

	 Z (Atomic Numbers)          Masses                          Geom                  
	       5.000000            11.009305          0.00000000  0.00000000  2.33501608   
	      15.000000            30.973762          0.00000000  0.00000000 -0.83072096   

	 - Coordinate -           - BOHR/RAD -       - ANG/DEG -
	 R(1,2)           =         3.165737           1.675236

2025-07-16:18:55:57,179 INFO     [psi4.optking.convcheck:71] Performing convergence check.
2025-07-16:18:55:57,179 INFO     [psi4.optking.convcheck:263] 
	                                 ==> Convergence Check <==                                  
    
	Measures of convergence in internal coordinates in au.
    
	Criteria marked as inactive (o), active & met (*), and active & unmet ( ).

	----------------------------------------------------------------------------------------------
	   Step    Total Energy     Delta E     Max Force     RMS Force      Max Disp      RMS Disp   
	----------------------------------------------------------------------------------------------
	  Convergence Criteria     1.00e-06 *    3.00e-04 *             o    1.20e-03 *             o
	----------------------------------------------------------------------------------------------
	     9    -366.03429601   -1.56e-05      1.02e-03      1.02e-03 o    2.37e-03      2.37e-03 o  ~
	----------------------------------------------------------------------------------------------


2025-07-16:18:55:57,179 INFO     [psi4.optking.stepAlgorithms:266] 	Convergence check returned False
2025-07-16:18:55:57,196 INFO     [psi4.driver.task_planner:285] PLANNING Atomic:  keywords={'DAMPING_PERCENTAGE': 1.0, 'GEOM_MAXITER': 500, 'SCF__GUESS': 'READ', 'GUESS': 'SAP', 'MAXITER': 500, 'REFERENCE': 'UKS', 'function_kwargs': {}}
2025-07-16:18:55:57,197 INFO     [psi4.driver.driver:636] Compute gradient(): method=b3lyp, basis=cc-pvdz, molecule=default, nre=23.69116545959159
2025-07-16:18:55:58,311 INFO     [psi4.driver.driver:639] Return gradient(): -366.0342974456743
2025-07-16:18:55:58,311 INFO     [psi4.driver.driver:640] [[ 0.00000000 -0.00000000 -0.00018925]
 [ 0.00000000 -0.00000000  0.00016608]]
2025-07-16:18:55:58,312 INFO     [psi4.optking.history:257] 	Performing BFGS update.
2025-07-16:18:55:58,312 INFO     [psi4.optking.history:268] 	Using 4 previous steps for update.
2025-07-16:18:55:58,313 INFO     [psi4.optking.history:302] 	Steps to be used in Hessian update:  9 8 7 6

2025-07-16:18:55:58,313 INFO     [psi4.optking.history:400] 	Updated Hessian (in au) 
 	   0.383546

2025-07-16:18:55:58,313 INFO     [psi4.optking.molsys:874] Projected (PHP) Hessian matrix
	   0.383546

2025-07-16:18:55:58,313 INFO     [psi4.optking.opt_helper:168] 
	         Geometry (au)                                       Gradient (au)
   0.0000000000   0.0000000000   2.3355793603		   0.0000000000  -0.0000000000  -0.0001892522
   0.0000000000   0.0000000000  -0.8301576790		   0.0000000000  -0.0000000000   0.0001660762

2025-07-16:18:55:58,313 INFO     [psi4.optking.stepAlgorithms:315] 	Current Step Report 
 
	Current energy:      -366.0342974457
	Energy change for the previous step:
		Actual       :        -0.0000014321
		Projected    :        -0.0000012108

2025-07-16:18:55:58,313 INFO     [psi4.optking.stepAlgorithms:318] 	Energy ratio =    1.18280
2025-07-16:18:55:58,313 INFO     [psi4.optking.stepAlgorithms:750] 	Using RFO solution 1.
2025-07-16:18:55:58,313 INFO     [psi4.optking.displace:73] 	Determining Cartesian step for fragment 1.
2025-07-16:18:55:58,313 INFO     [psi4.optking.displace:378] 	Successfully converged to displaced geometry.
2025-07-16:18:55:58,313 INFO     [psi4.optking.displace:379] 	RMS(dx):  0.000e+00 	Max(dx):  0.000e+00 	RMS(dq):  0.000e+00
2025-07-16:18:55:58,313 INFO     [psi4.optking.displace:132] 

	        --- Internal Coordinate Step in ANG or DEG, aJ/ANG or AJ/DEG ---
	-------------------------------------------------------------------------------
	           Coordinate      Previous         Force          Change          New 
	           ----------      --------        ------          ------        ------
	               R(1,2)       1.67524        0.00146        0.00025       1.67548
	-------------------------------------------------------------------------------

2025-07-16:18:55:58,313 INFO     [psi4.optking.stepAlgorithms:96] 	|target step| :    0.0004632152
2025-07-16:18:55:58,313 INFO     [psi4.optking.stepAlgorithms:97] 	gradient     :   -0.0001776642
2025-07-16:18:55:58,313 INFO     [psi4.optking.stepAlgorithms:98] 	hessian      :    0.3835455749
2025-07-16:18:55:58,313 INFO     [psi4.optking.stepAlgorithms:177] 	Norm of achieved step-size    0.0004632152
2025-07-16:18:55:58,313 INFO     [psi4.optking.stepAlgorithms:179] 	Norm of achieved step-size (cart):    0.0003275426
2025-07-16:18:55:58,314 INFO     [psi4.optking.opt_helper:151] Molsys:

	                            ===> Fragment 1 <== 

	 Z (Atomic Numbers)          Masses                          Geom                  
	       5.000000            11.009305          0.00000000  0.00000000  2.33581097   
	      15.000000            30.973762          0.00000000  0.00000000 -0.83038929   

	 - Coordinate -           - BOHR/RAD -       - ANG/DEG -
	 R(1,2)           =         3.166200           1.675481

2025-07-16:18:55:58,314 INFO     [psi4.optking.convcheck:71] Performing convergence check.
2025-07-16:18:55:58,314 INFO     [psi4.optking.convcheck:263] 
	                                 ==> Convergence Check <==                                  
    
	Measures of convergence in internal coordinates in au.
    
	Criteria marked as inactive (o), active & met (*), and active & unmet ( ).

	----------------------------------------------------------------------------------------------
	   Step    Total Energy     Delta E     Max Force     RMS Force      Max Disp      RMS Disp   
	----------------------------------------------------------------------------------------------
	  Convergence Criteria     1.00e-06 *    3.00e-04 *             o    1.20e-03 *             o
	----------------------------------------------------------------------------------------------
	    10    -366.03429745   -1.43e-06      1.78e-04 *    1.78e-04 o    4.63e-04 *    4.63e-04 o  ~
	----------------------------------------------------------------------------------------------


2025-07-16:18:55:58,314 INFO     [psi4.optking.convcheck:193] 
	                      ===> Final Convergence Report <===                     

	----------------------------------------------------------------------------
	|   Required Criteria    |  One or More Criteria  |   Alternate Criteria   |
	----------------------------------------------------------------------------
	| [x]     max_force      | [ ]       max_DE       |                        |
	|                        | [x]      max_disp      |                        |
	----------------------------------------------------------------------------


2025-07-16:18:55:58,314 INFO     [psi4.optking.stepAlgorithms:266] 	Convergence check returned True
2025-07-16:18:55:58,314 INFO     [psi4.optking.optimize:286] 	Converged in 10 steps!
2025-07-16:18:55:58,314 INFO     [psi4.optking.optimize:287] 	Final energy is   -366.0342974456743
2025-07-16:18:55:58,314 INFO     [psi4.optking.optimize:288] 	Final structure (Angstroms): 
	Fragment 1 (Ang)

	    B   0.0000000000   0.0000000000   1.2360579327
	    P   0.0000000000   0.0000000000  -0.4394230864


2025-07-16:18:55:58,315 INFO     [psi4.optking.optimize:432] 	Optimization Finished

	==> Optimization Summary <==

        
	Measures of convergence in internal coordinates in au. (Any backward steps not shown.)
        
	---------------------------------------------------------------------------------------------------------------  ~
        
	 Step         Total Energy             Delta E       MAX Force       RMS Force        MAX Disp        RMS Disp   ~
        
	---------------------------------------------------------------------------------------------------------------  ~
        
	     1    -365.699001232698   -365.699001232698      1.06894249      1.06894249      0.24077488      0.24077488  ~
	     2    -365.891834261953     -0.192833029254      0.57029620      0.57029620      0.25499153      0.25499153  ~
	     3    -365.992433784402     -0.100599522449      0.24751745      0.24751745      0.14619489      0.14619489  ~
	     4    -366.019491825888     -0.027058041487      0.12922588      0.12922588      0.11596006      0.11596006  ~
	     5    -366.030303892898     -0.010812067010      0.06046865      0.06046865      0.08414866      0.08414866  ~
	     6    -366.033700909132     -0.003397016235      0.02165455      0.02165455      0.03316526      0.03316526  ~
	     7    -366.034198717373     -0.000497808241      0.00854673      0.00854673      0.01356911      0.01356911  ~
	     8    -366.034280385427     -0.000081668054      0.00351035      0.00351035      0.00689226      0.00689226  ~
	     9    -366.034296013547     -0.000015628119      0.00102218      0.00102218      0.00236903      0.00236903  ~
	    10    -366.034297445674     -0.000001432128      0.00017766      0.00017766      0.00046322      0.00046322  ~
	----------------------------------------------------------------------------------------------------------------


2025-07-16:18:55:58,315 INFO     [psi4.optking.optimize:640] Preparing OptimizationResult
