2025-07-16:19:28:53,710 INFO     [psi4.optking.optwrapper:214] Creating a UserComputer
2025-07-16:19:28:53,710 INFO     [psi4.optking.optwrapper:222] 
    			-----------------------------------------

    			 OPTKING 3.0: for geometry optimizations 

    			     By R.A. King, Bethel University     

    			        with contributions from          

    			    A.V. Copan, J. Cayton, A. Heide      

    			-----------------------------------------

    
2025-07-16:19:28:53,710 INFO     [psi4.optking.optwrapper:238] 
		 -- Optimization Parameters --
	accept_symmetry_breaking       =           False
	alg_geom_maxiter               =             500
	bt_dx_conv                     =           1e-07
	bt_dx_rms_change_conv          =           1e-12
	bt_max_iter                    =              25
	cart_hess_read                 =           False
	consecutive_backsteps_allowed  =               0
	conv_max_DE                    =           1e-06
	conv_max_disp                  =          0.0012
	conv_max_force                 =          0.0003
	conv_rms_disp                  =              -1
	conv_rms_force                 =              -1
	covalent_connect               =             1.3
	dynamic_level                  =               0
	dynamic_level_max              =               0
	ensure_bt_convergence          =           False
	ext_force_bend                 =              []
	ext_force_cartesian            =              []
	ext_force_dihedral             =              []
	ext_force_distance             =              []
	ext_force_oofp                 =              []
	fix_val_near_pi                =            1.57
	flexible_g_convergence         =           False
	frag_mode                      =          SINGLE
	frag_ref_atoms                 =            None
	freeze_intrafrag               =           False
	frozen_bend                    =              []
	frozen_cartesian               =              []
	frozen_dihedral                =              []
	frozen_distance                =              []
	frozen_oofp                    =              []
	full_hess_every                =              -1
	g_convergence                  =           QCHEM
	generate_intcos_exit           =           False
	geom_maxiter                   =             500
	h_bond_connect                 =             4.3
	hess_update                    =            BFGS
	hess_update_den_tol            =           1e-07
	hess_update_dq_tol             =             0.5
	hess_update_limit              =            True
	hess_update_limit_max          =             1.0
	hess_update_limit_scale        =             0.5
	hess_update_use_last           =               4
	hessian_file                   =            None
	i_max_DE                       =            True
	i_max_disp                     =            True
	i_max_force                    =            True
	i_rms_disp                     =           False
	i_rms_force                    =           False
	i_untampered                   =            True
	include_oofp                   =           False
	interfrag_collinear_tol        =            0.01
	interfrag_coords               =            None
	interfrag_dist_inv             =           False
	interfrag_mode                 =           FIXED
	interfrag_trust                =             0.5
	interfrag_trust_max            =             1.0
	interfrag_trust_min            =           0.001
	interfragment_connect          =             1.8
	intrafrag_hess                 =        SCHLEGEL
	intrafrag_trust                =             0.5
	intrafrag_trust_max            =             1.0
	intrafrag_trust_min            =           0.001
	irc_direction                  =         FORWARD
	irc_points                     =              20
	irc_step_size                  =             0.2
	keep_intcos                    =           False
	linear_bend_threshold          =            3.05
	linesearch                     =           False
	linesearch_step                =             0.1
	max_disp_g_convergence         =          0.0012
	max_energy_g_convergence       =           1e-06
	max_force_g_convergence        =          0.0003
	opt_coordinates                =       REDUNDANT
	opt_type                       =             MIN
	output_type                    =            FILE
	print_lvl                      =               1
	program                        =            psi4
	ranged_bend                    =              []
	ranged_cartesian               =              []
	ranged_dihedral                =              []
	ranged_distance                =              []
	ranged_oofp                    =              []
	redundant_eval_tol             =           1e-10
	rfo_follow_root                =           False
	rfo_normalization_max          =             100
	rfo_root                       =               0
	rms_disp_g_convergence         =          0.0012
	rms_force_g_convergence        =          0.0003
	rsrfo_alpha_max                =     100000000.0
	sd_hessian                     =             1.0
	simple_step_scaling            =           False
	small_bend_fix_threshold       =            0.35
	steepest_descent_type          =         OVERLAP
	step_type                      =             RFO
	test_B                         =           False
	test_derivative_B              =           False
	trajectory                     =           False
	v3d_tors_angle_lim             =           0.017
	v3d_tors_cos_tol               =           1e-10
	working_consecutive_backsteps  =               0
	working_steps_since_last_H     =               0


2025-07-16:19:28:54,213 INFO     [psi4.optking.opt_helper:151] Molsys:

	                            ===> Fragment 1 <== 

	 Z (Atomic Numbers)          Masses                          Geom                  
	       9.000000            18.998403          0.00000000  0.00000000  1.40554872   
	      15.000000            30.973762          0.00000000  0.00000000 -0.86212263   

	 - Coordinate -           - BOHR/RAD -       - ANG/DEG -
	 R(1,2)           =         2.267671           1.200000

2025-07-16:19:28:54,224 INFO     [psi4.driver.task_planner:285] PLANNING Atomic:  keywords={'DAMPING_PERCENTAGE': 1.0, 'GEOM_MAXITER': 500, 'GUESS': 'SAP', 'MAXITER': 500, 'REFERENCE': 'UKS', 'function_kwargs': {}}
2025-07-16:19:28:54,225 INFO     [psi4.driver.driver:636] Compute gradient(): method=b3lyp, basis=cc-pvdz, molecule=default, nre=59.53243620037501
2025-07-16:19:28:56,392 INFO     [psi4.driver.driver:639] Return gradient(): -440.84515538939877
2025-07-16:19:28:56,393 INFO     [psi4.driver.driver:640] [[-0.00000000  0.00000000 -0.97888590]
 [-0.00000000  0.00000000  0.97883805]]
2025-07-16:19:28:56,395 INFO     [psi4.optking.molsys:874] Projected (PHP) Hessian matrix
	   4.182219

2025-07-16:19:28:56,395 INFO     [psi4.optking.opt_helper:168] 
	         Geometry (au)                                       Gradient (au)
   0.0000000000   0.0000000000   1.4055487185		  -0.0000000000   0.0000000000  -0.9788859046
   0.0000000000   0.0000000000  -0.8621226321		  -0.0000000000   0.0000000000   0.9788380464

2025-07-16:19:28:56,395 INFO     [psi4.optking.stepAlgorithms:750] 	Using RFO solution 1.
2025-07-16:19:28:56,395 INFO     [psi4.optking.displace:73] 	Determining Cartesian step for fragment 1.
2025-07-16:19:28:56,396 INFO     [psi4.optking.displace:378] 	Successfully converged to displaced geometry.
2025-07-16:19:28:56,396 INFO     [psi4.optking.displace:379] 	RMS(dx):  0.000e+00 	Max(dx):  0.000e+00 	RMS(dq):  0.000e+00
2025-07-16:19:28:56,396 INFO     [psi4.optking.displace:132] 

	        --- Internal Coordinate Step in ANG or DEG, aJ/ANG or AJ/DEG ---
	-------------------------------------------------------------------------------
	           Coordinate      Previous         Force          Change          New 
	           ----------      --------        ------          ------        ------
	               R(1,2)       1.20000        8.06457        0.11773       1.31773
	-------------------------------------------------------------------------------

2025-07-16:19:28:56,396 INFO     [psi4.optking.stepAlgorithms:96] 	|target step| :    0.2224693725
2025-07-16:19:28:56,396 INFO     [psi4.optking.stepAlgorithms:97] 	gradient     :   -0.9788619755
2025-07-16:19:28:56,396 INFO     [psi4.optking.stepAlgorithms:98] 	hessian      :    4.1822185214
2025-07-16:19:28:56,396 INFO     [psi4.optking.stepAlgorithms:177] 	Norm of achieved step-size    0.2224693725
2025-07-16:19:28:56,396 INFO     [psi4.optking.stepAlgorithms:179] 	Norm of achieved step-size (cart):    0.1573096019
2025-07-16:19:28:56,396 INFO     [psi4.optking.opt_helper:151] Molsys:

	                            ===> Fragment 1 <== 

	 Z (Atomic Numbers)          Masses                          Geom                  
	       9.000000            18.998403          0.00000000  0.00000000  1.51678340   
	      15.000000            30.973762          0.00000000  0.00000000 -0.97335732   

	 - Coordinate -           - BOHR/RAD -       - ANG/DEG -
	 R(1,2)           =         2.490141           1.317726

2025-07-16:19:28:56,397 INFO     [psi4.optking.convcheck:71] Performing convergence check.
2025-07-16:19:28:56,397 INFO     [psi4.optking.convcheck:263] 
	                                 ==> Convergence Check <==                                  
    
	Measures of convergence in internal coordinates in au.
    
	Criteria marked as inactive (o), active & met (*), and active & unmet ( ).

	----------------------------------------------------------------------------------------------
	   Step    Total Energy     Delta E     Max Force     RMS Force      Max Disp      RMS Disp   
	----------------------------------------------------------------------------------------------
	  Convergence Criteria     1.00e-06 *    3.00e-04 *             o    1.20e-03 *             o
	----------------------------------------------------------------------------------------------
	     1    -440.84515539   -4.41e+02      9.79e-01      9.79e-01 o    2.22e-01      2.22e-01 o  ~
	----------------------------------------------------------------------------------------------


2025-07-16:19:28:56,397 INFO     [psi4.optking.stepAlgorithms:266] 	Convergence check returned False
2025-07-16:19:28:56,413 INFO     [psi4.driver.task_planner:285] PLANNING Atomic:  keywords={'DAMPING_PERCENTAGE': 1.0, 'GEOM_MAXITER': 500, 'SCF__GUESS': 'READ', 'GUESS': 'SAP', 'MAXITER': 500, 'REFERENCE': 'UKS', 'function_kwargs': {}}
2025-07-16:19:28:56,414 INFO     [psi4.driver.driver:636] Compute gradient(): method=b3lyp, basis=cc-pvdz, molecule=default, nre=54.21380356187152
2025-07-16:19:28:57,813 INFO     [psi4.driver.driver:639] Return gradient(): -441.0032649334538
2025-07-16:19:28:57,813 INFO     [psi4.driver.driver:640] [[ 0.00000000 -0.00000000 -0.49083328]
 [ 0.00000000  0.00000000  0.49082683]]
2025-07-16:19:28:57,814 INFO     [psi4.optking.history:257] 	Performing BFGS update.
2025-07-16:19:28:57,815 INFO     [psi4.optking.history:268] 	Using 1 previous steps for update.
2025-07-16:19:28:57,815 INFO     [psi4.optking.history:302] 	Steps to be used in Hessian update:  1

2025-07-16:19:28:57,815 INFO     [psi4.optking.history:400] 	Updated Hessian (in au) 
 	   2.193704

2025-07-16:19:28:57,815 INFO     [psi4.optking.molsys:874] Projected (PHP) Hessian matrix
	   2.193704

2025-07-16:19:28:57,815 INFO     [psi4.optking.opt_helper:168] 
	         Geometry (au)                                       Gradient (au)
   0.0000000000   0.0000000000   1.5434397499		   0.0000000000  -0.0000000000  -0.4908332831
   0.0000000000   0.0000000000  -0.9467009731		   0.0000000000   0.0000000000   0.4908268349

2025-07-16:19:28:57,815 INFO     [psi4.optking.stepAlgorithms:315] 	Current Step Report 
 
	Current energy:      -441.0032649335
	Energy change for the previous step:
		Actual       :        -0.1581095441
		Projected    :        -0.1088834047

2025-07-16:19:28:57,815 INFO     [psi4.optking.stepAlgorithms:318] 	Energy ratio =    1.45210
2025-07-16:19:28:57,815 INFO     [psi4.optking.stepAlgorithms:346] 	Energy ratio indicates good step.
2025-07-16:19:28:57,815 INFO     [psi4.optking.stepAlgorithms:347] 	Intrafrag trust radius increased to 1.000e+00.
2025-07-16:19:28:57,815 INFO     [psi4.optking.stepAlgorithms:750] 	Using RFO solution 1.
2025-07-16:19:28:57,815 INFO     [psi4.optking.displace:73] 	Determining Cartesian step for fragment 1.
2025-07-16:19:28:57,815 INFO     [psi4.optking.displace:378] 	Successfully converged to displaced geometry.
2025-07-16:19:28:57,815 INFO     [psi4.optking.displace:379] 	RMS(dx):  1.282e-16 	Max(dx):  2.220e-16 	RMS(dq):  4.441e-16
2025-07-16:19:28:57,815 INFO     [psi4.optking.displace:132] 

	        --- Internal Coordinate Step in ANG or DEG, aJ/ANG or AJ/DEG ---
	-------------------------------------------------------------------------------
	           Coordinate      Previous         Force          Change          New 
	           ----------      --------        ------          ------        ------
	               R(1,2)       1.31773        4.04381        0.11300       1.43073
	-------------------------------------------------------------------------------

2025-07-16:19:28:57,815 INFO     [psi4.optking.stepAlgorithms:96] 	|target step| :    0.2135420882
2025-07-16:19:28:57,815 INFO     [psi4.optking.stepAlgorithms:97] 	gradient     :   -0.4908300590
2025-07-16:19:28:57,815 INFO     [psi4.optking.stepAlgorithms:98] 	hessian      :    2.1937038390
2025-07-16:19:28:57,815 INFO     [psi4.optking.stepAlgorithms:177] 	Norm of achieved step-size    0.2135420882
2025-07-16:19:28:57,815 INFO     [psi4.optking.stepAlgorithms:179] 	Norm of achieved step-size (cart):    0.1509970586
2025-07-16:19:28:57,816 INFO     [psi4.optking.opt_helper:151] Molsys:

	                            ===> Fragment 1 <== 

	 Z (Atomic Numbers)          Masses                          Geom                  
	       9.000000            18.998403          0.00000000  0.00000000  1.65021079   
	      15.000000            30.973762          0.00000000  0.00000000 -1.05347202   

	 - Coordinate -           - BOHR/RAD -       - ANG/DEG -
	 R(1,2)           =         2.703683           1.430727

2025-07-16:19:28:57,816 INFO     [psi4.optking.convcheck:71] Performing convergence check.
2025-07-16:19:28:57,816 INFO     [psi4.optking.convcheck:263] 
	                                 ==> Convergence Check <==                                  
    
	Measures of convergence in internal coordinates in au.
    
	Criteria marked as inactive (o), active & met (*), and active & unmet ( ).

	----------------------------------------------------------------------------------------------
	   Step    Total Energy     Delta E     Max Force     RMS Force      Max Disp      RMS Disp   
	----------------------------------------------------------------------------------------------
	  Convergence Criteria     1.00e-06 *    3.00e-04 *             o    1.20e-03 *             o
	----------------------------------------------------------------------------------------------
	     2    -441.00326493   -1.58e-01      4.91e-01      4.91e-01 o    2.14e-01      2.14e-01 o  ~
	----------------------------------------------------------------------------------------------


2025-07-16:19:28:57,816 INFO     [psi4.optking.stepAlgorithms:266] 	Convergence check returned False
2025-07-16:19:28:57,829 INFO     [psi4.driver.task_planner:285] PLANNING Atomic:  keywords={'DAMPING_PERCENTAGE': 1.0, 'GEOM_MAXITER': 500, 'SCF__GUESS': 'READ', 'GUESS': 'SAP', 'MAXITER': 500, 'REFERENCE': 'UKS', 'function_kwargs': {}}
2025-07-16:19:28:57,830 INFO     [psi4.driver.driver:636] Compute gradient(): method=b3lyp, basis=cc-pvdz, molecule=default, nre=49.931892690678986
2025-07-16:19:28:58,912 INFO     [psi4.driver.driver:639] Return gradient(): -441.07742622901526
2025-07-16:19:28:58,912 INFO     [psi4.driver.driver:640] [[ 0.00000000  0.00000000 -0.22821299]
 [ 0.00000000  0.00000000  0.22814978]]
2025-07-16:19:28:58,914 INFO     [psi4.optking.history:257] 	Performing BFGS update.
2025-07-16:19:28:58,914 INFO     [psi4.optking.history:268] 	Using 2 previous steps for update.
2025-07-16:19:28:58,914 INFO     [psi4.optking.history:302] 	Steps to be used in Hessian update:  2 1

2025-07-16:19:28:58,914 INFO     [psi4.optking.history:400] 	Updated Hessian (in au) 
 	   1.721699

2025-07-16:19:28:58,914 INFO     [psi4.optking.molsys:874] Projected (PHP) Hessian matrix
	   1.721699

2025-07-16:19:28:58,914 INFO     [psi4.optking.opt_helper:168] 
	         Geometry (au)                                       Gradient (au)
   0.0000000000   0.0000000000   1.6757974693		   0.0000000000   0.0000000000  -0.2282129944
   0.0000000000   0.0000000000  -1.0278853419		   0.0000000000   0.0000000000   0.2281497751

2025-07-16:19:28:58,914 INFO     [psi4.optking.stepAlgorithms:315] 	Current Step Report 
 
	Current energy:      -441.0774262290
	Energy change for the previous step:
		Actual       :        -0.0741612956
		Projected    :        -0.0524064379

2025-07-16:19:28:58,914 INFO     [psi4.optking.stepAlgorithms:318] 	Energy ratio =    1.41512
2025-07-16:19:28:58,914 INFO     [psi4.optking.stepAlgorithms:750] 	Using RFO solution 1.
2025-07-16:19:28:58,914 INFO     [psi4.optking.displace:73] 	Determining Cartesian step for fragment 1.
2025-07-16:19:28:58,914 INFO     [psi4.optking.displace:378] 	Successfully converged to displaced geometry.
2025-07-16:19:28:58,914 INFO     [psi4.optking.displace:379] 	RMS(dx):  1.282e-16 	Max(dx):  2.220e-16 	RMS(dq):  4.441e-16
2025-07-16:19:28:58,915 INFO     [psi4.optking.displace:132] 

	        --- Internal Coordinate Step in ANG or DEG, aJ/ANG or AJ/DEG ---
	-------------------------------------------------------------------------------
	           Coordinate      Previous         Force          Change          New 
	           ----------      --------        ------          ------        ------
	               R(1,2)       1.43073        1.87992        0.06894       1.49967
	-------------------------------------------------------------------------------

2025-07-16:19:28:58,915 INFO     [psi4.optking.stepAlgorithms:96] 	|target step| :    0.1302830967
2025-07-16:19:28:58,915 INFO     [psi4.optking.stepAlgorithms:97] 	gradient     :   -0.2281813847
2025-07-16:19:28:58,915 INFO     [psi4.optking.stepAlgorithms:98] 	hessian      :    1.7216992177
2025-07-16:19:28:58,915 INFO     [psi4.optking.stepAlgorithms:177] 	Norm of achieved step-size    0.1302830967
2025-07-16:19:28:58,915 INFO     [psi4.optking.stepAlgorithms:179] 	Norm of achieved step-size (cart):    0.0921240612
2025-07-16:19:28:58,915 INFO     [psi4.optking.opt_helper:151] Molsys:

	                            ===> Fragment 1 <== 

	 Z (Atomic Numbers)          Masses                          Geom                  
	       9.000000            18.998403          0.00000000  0.00000000  1.74093902   
	      15.000000            30.973762          0.00000000  0.00000000 -1.09302689   

	 - Coordinate -           - BOHR/RAD -       - ANG/DEG -
	 R(1,2)           =         2.833966           1.499670

2025-07-16:19:28:58,915 INFO     [psi4.optking.convcheck:71] Performing convergence check.
2025-07-16:19:28:58,915 INFO     [psi4.optking.convcheck:263] 
	                                 ==> Convergence Check <==                                  
    
	Measures of convergence in internal coordinates in au.
    
	Criteria marked as inactive (o), active & met (*), and active & unmet ( ).

	----------------------------------------------------------------------------------------------
	   Step    Total Energy     Delta E     Max Force     RMS Force      Max Disp      RMS Disp   
	----------------------------------------------------------------------------------------------
	  Convergence Criteria     1.00e-06 *    3.00e-04 *             o    1.20e-03 *             o
	----------------------------------------------------------------------------------------------
	     3    -441.07742623   -7.42e-02      2.28e-01      2.28e-01 o    1.30e-01      1.30e-01 o  ~
	----------------------------------------------------------------------------------------------


2025-07-16:19:28:58,915 INFO     [psi4.optking.stepAlgorithms:266] 	Convergence check returned False
2025-07-16:19:28:58,930 INFO     [psi4.driver.task_planner:285] PLANNING Atomic:  keywords={'DAMPING_PERCENTAGE': 1.0, 'GEOM_MAXITER': 500, 'SCF__GUESS': 'READ', 'GUESS': 'SAP', 'MAXITER': 500, 'REFERENCE': 'UKS', 'function_kwargs': {}}
2025-07-16:19:28:58,931 INFO     [psi4.driver.driver:636] Compute gradient(): method=b3lyp, basis=cc-pvdz, molecule=default, nre=47.63642343767698
2025-07-16:19:28:59,916 INFO     [psi4.driver.driver:639] Return gradient(): -441.100174471391
2025-07-16:19:28:59,916 INFO     [psi4.driver.driver:640] [[-0.00000000 -0.00000000 -0.12690961]
 [-0.00000000 -0.00000000  0.12686807]]
2025-07-16:19:28:59,918 INFO     [psi4.optking.history:257] 	Performing BFGS update.
2025-07-16:19:28:59,918 INFO     [psi4.optking.history:268] 	Using 3 previous steps for update.
2025-07-16:19:28:59,918 WARNING  [psi4.optking.history:286] 	Change in internal coordinate of 5.66e-01 exceeds limit of 5.00e-01.
2025-07-16:19:28:59,918 WARNING  [psi4.optking.history:291] 	Skipping Hessian update for step 1.
2025-07-16:19:28:59,918 INFO     [psi4.optking.history:302] 	Steps to be used in Hessian update:  3 2

2025-07-16:19:28:59,918 INFO     [psi4.optking.history:400] 	Updated Hessian (in au) 
 	   1.058507

2025-07-16:19:28:59,918 INFO     [psi4.optking.molsys:874] Projected (PHP) Hessian matrix
	   1.058507

2025-07-16:19:28:59,918 INFO     [psi4.optking.opt_helper:168] 
	         Geometry (au)                                       Gradient (au)
   0.0000000000   0.0000000000   1.7565495764		  -0.0000000000  -0.0000000000  -0.1269096146
   0.0000000000   0.0000000000  -1.0774163316		  -0.0000000000  -0.0000000000   0.1268680660

2025-07-16:19:28:59,918 INFO     [psi4.optking.stepAlgorithms:315] 	Current Step Report 
 
	Current energy:      -441.1001744714
	Energy change for the previous step:
		Actual       :        -0.0227482424
		Projected    :        -0.0148640887

2025-07-16:19:28:59,918 INFO     [psi4.optking.stepAlgorithms:318] 	Energy ratio =    1.53042
2025-07-16:19:28:59,918 INFO     [psi4.optking.stepAlgorithms:750] 	Using RFO solution 1.
2025-07-16:19:28:59,918 INFO     [psi4.optking.displace:73] 	Determining Cartesian step for fragment 1.
2025-07-16:19:28:59,919 INFO     [psi4.optking.displace:378] 	Successfully converged to displaced geometry.
2025-07-16:19:28:59,919 INFO     [psi4.optking.displace:379] 	RMS(dx):  1.282e-16 	Max(dx):  2.220e-16 	RMS(dq):  4.441e-16
2025-07-16:19:28:59,919 INFO     [psi4.optking.displace:132] 

	        --- Internal Coordinate Step in ANG or DEG, aJ/ANG or AJ/DEG ---
	-------------------------------------------------------------------------------
	           Coordinate      Previous         Force          Change          New 
	           ----------      --------        ------          ------        ------
	               R(1,2)       1.49967        1.04540        0.06255       1.56222
	-------------------------------------------------------------------------------

2025-07-16:19:28:59,919 INFO     [psi4.optking.stepAlgorithms:96] 	|target step| :    0.1182005225
2025-07-16:19:28:59,919 INFO     [psi4.optking.stepAlgorithms:97] 	gradient     :   -0.1268888403
2025-07-16:19:28:59,919 INFO     [psi4.optking.stepAlgorithms:98] 	hessian      :    1.0585065744
2025-07-16:19:28:59,919 INFO     [psi4.optking.stepAlgorithms:177] 	Norm of achieved step-size    0.1182005225
2025-07-16:19:28:59,919 INFO     [psi4.optking.stepAlgorithms:179] 	Norm of achieved step-size (cart):    0.0835803910
2025-07-16:19:28:59,919 INFO     [psi4.optking.opt_helper:151] Molsys:

	                            ===> Fragment 1 <== 

	 Z (Atomic Numbers)          Masses                          Geom                  
	       9.000000            18.998403          0.00000000  0.00000000  1.81564984   
	      15.000000            30.973762          0.00000000  0.00000000 -1.13651659   

	 - Coordinate -           - BOHR/RAD -       - ANG/DEG -
	 R(1,2)           =         2.952166           1.562219

2025-07-16:19:28:59,919 INFO     [psi4.optking.convcheck:71] Performing convergence check.
2025-07-16:19:28:59,919 INFO     [psi4.optking.convcheck:263] 
	                                 ==> Convergence Check <==                                  
    
	Measures of convergence in internal coordinates in au.
    
	Criteria marked as inactive (o), active & met (*), and active & unmet ( ).

	----------------------------------------------------------------------------------------------
	   Step    Total Energy     Delta E     Max Force     RMS Force      Max Disp      RMS Disp   
	----------------------------------------------------------------------------------------------
	  Convergence Criteria     1.00e-06 *    3.00e-04 *             o    1.20e-03 *             o
	----------------------------------------------------------------------------------------------
	     4    -441.10017447   -2.27e-02      1.27e-01      1.27e-01 o    1.18e-01      1.18e-01 o  ~
	----------------------------------------------------------------------------------------------


2025-07-16:19:28:59,919 INFO     [psi4.optking.stepAlgorithms:266] 	Convergence check returned False
2025-07-16:19:28:59,936 INFO     [psi4.driver.task_planner:285] PLANNING Atomic:  keywords={'DAMPING_PERCENTAGE': 1.0, 'GEOM_MAXITER': 500, 'SCF__GUESS': 'READ', 'GUESS': 'SAP', 'MAXITER': 500, 'REFERENCE': 'UKS', 'function_kwargs': {}}
2025-07-16:19:28:59,938 INFO     [psi4.driver.driver:636] Compute gradient(): method=b3lyp, basis=cc-pvdz, molecule=default, nre=45.72912915941638
2025-07-16:19:29:00,888 INFO     [psi4.driver.driver:639] Return gradient(): -441.1110523088671
2025-07-16:19:29:00,888 INFO     [psi4.driver.driver:640] [[-0.00000000  0.00000000 -0.06079287]
 [ 0.00000000  0.00000000  0.06073094]]
2025-07-16:19:29:00,889 INFO     [psi4.optking.history:257] 	Performing BFGS update.
2025-07-16:19:29:00,889 INFO     [psi4.optking.history:268] 	Using 4 previous steps for update.
2025-07-16:19:29:00,889 WARNING  [psi4.optking.history:286] 	Change in internal coordinate of 6.84e-01 exceeds limit of 5.00e-01.
2025-07-16:19:29:00,889 WARNING  [psi4.optking.history:291] 	Skipping Hessian update for step 1.
2025-07-16:19:29:00,889 INFO     [psi4.optking.history:302] 	Steps to be used in Hessian update:  4 3 2

2025-07-16:19:29:00,890 INFO     [psi4.optking.history:400] 	Updated Hessian (in au) 
 	   0.930832

2025-07-16:19:29:00,890 INFO     [psi4.optking.molsys:874] Projected (PHP) Hessian matrix
	   0.930832

2025-07-16:19:29:00,890 INFO     [psi4.optking.opt_helper:168] 
	         Geometry (au)                                       Gradient (au)
   0.0000000000   0.0000000000   1.8298126588		  -0.0000000000   0.0000000000  -0.0607928712
   0.0000000000   0.0000000000  -1.1223537717		   0.0000000000   0.0000000000   0.0607309417

2025-07-16:19:29:00,890 INFO     [psi4.optking.stepAlgorithms:315] 	Current Step Report 
 
	Current energy:      -441.1110523089
	Energy change for the previous step:
		Actual       :        -0.0108778375
		Projected    :        -0.0074991636

2025-07-16:19:29:00,890 INFO     [psi4.optking.stepAlgorithms:318] 	Energy ratio =    1.45054
2025-07-16:19:29:00,890 INFO     [psi4.optking.stepAlgorithms:750] 	Using RFO solution 1.
2025-07-16:19:29:00,890 INFO     [psi4.optking.displace:73] 	Determining Cartesian step for fragment 1.
2025-07-16:19:29:00,890 INFO     [psi4.optking.displace:378] 	Successfully converged to displaced geometry.
2025-07-16:19:29:00,890 INFO     [psi4.optking.displace:379] 	RMS(dx):  0.000e+00 	Max(dx):  0.000e+00 	RMS(dq):  0.000e+00
2025-07-16:19:29:00,890 INFO     [psi4.optking.displace:132] 

	        --- Internal Coordinate Step in ANG or DEG, aJ/ANG or AJ/DEG ---
	-------------------------------------------------------------------------------
	           Coordinate      Previous         Force          Change          New 
	           ----------      --------        ------          ------        ------
	               R(1,2)       1.56222        0.50060        0.03440       1.59662
	-------------------------------------------------------------------------------

2025-07-16:19:29:00,890 INFO     [psi4.optking.stepAlgorithms:96] 	|target step| :    0.0650012037
2025-07-16:19:29:00,890 INFO     [psi4.optking.stepAlgorithms:97] 	gradient     :   -0.0607619064
2025-07-16:19:29:00,890 INFO     [psi4.optking.stepAlgorithms:98] 	hessian      :    0.9308316521
2025-07-16:19:29:00,890 INFO     [psi4.optking.stepAlgorithms:177] 	Norm of achieved step-size    0.0650012037
2025-07-16:19:29:00,890 INFO     [psi4.optking.stepAlgorithms:179] 	Norm of achieved step-size (cart):    0.0459627920
2025-07-16:19:29:00,890 INFO     [psi4.optking.opt_helper:151] Molsys:

	                            ===> Fragment 1 <== 

	 Z (Atomic Numbers)          Masses                          Geom                  
	       9.000000            18.998403          0.00000000  0.00000000  1.86231326   
	      15.000000            30.973762          0.00000000  0.00000000 -1.15485437   

	 - Coordinate -           - BOHR/RAD -       - ANG/DEG -
	 R(1,2)           =         3.017168           1.596616

2025-07-16:19:29:00,891 INFO     [psi4.optking.convcheck:71] Performing convergence check.
2025-07-16:19:29:00,891 INFO     [psi4.optking.convcheck:263] 
	                                 ==> Convergence Check <==                                  
    
	Measures of convergence in internal coordinates in au.
    
	Criteria marked as inactive (o), active & met (*), and active & unmet ( ).

	----------------------------------------------------------------------------------------------
	   Step    Total Energy     Delta E     Max Force     RMS Force      Max Disp      RMS Disp   
	----------------------------------------------------------------------------------------------
	  Convergence Criteria     1.00e-06 *    3.00e-04 *             o    1.20e-03 *             o
	----------------------------------------------------------------------------------------------
	     5    -441.11105231   -1.09e-02      6.08e-02      6.08e-02 o    6.50e-02      6.50e-02 o  ~
	----------------------------------------------------------------------------------------------


2025-07-16:19:29:00,891 INFO     [psi4.optking.stepAlgorithms:266] 	Convergence check returned False
2025-07-16:19:29:00,906 INFO     [psi4.driver.task_planner:285] PLANNING Atomic:  keywords={'DAMPING_PERCENTAGE': 1.0, 'GEOM_MAXITER': 500, 'SCF__GUESS': 'READ', 'GUESS': 'SAP', 'MAXITER': 500, 'REFERENCE': 'UKS', 'function_kwargs': {}}
2025-07-16:19:29:00,907 INFO     [psi4.driver.driver:636] Compute gradient(): method=b3lyp, basis=cc-pvdz, molecule=default, nre=44.74395073978873
2025-07-16:19:29:01,887 INFO     [psi4.driver.driver:639] Return gradient(): -441.1140484812822
2025-07-16:19:29:01,887 INFO     [psi4.driver.driver:640] [[ 0.00000000  0.00000000 -0.03242200]
 [ 0.00000000 -0.00000000  0.03235948]]
2025-07-16:19:29:01,891 INFO     [psi4.optking.history:257] 	Performing BFGS update.
2025-07-16:19:29:01,891 INFO     [psi4.optking.history:268] 	Using 4 previous steps for update.
2025-07-16:19:29:01,891 WARNING  [psi4.optking.history:286] 	Change in internal coordinate of 5.27e-01 exceeds limit of 5.00e-01.
2025-07-16:19:29:01,891 WARNING  [psi4.optking.history:291] 	Skipping Hessian update for step 2.
2025-07-16:19:29:01,891 WARNING  [psi4.optking.history:286] 	Change in internal coordinate of 7.49e-01 exceeds limit of 5.00e-01.
2025-07-16:19:29:01,891 WARNING  [psi4.optking.history:291] 	Skipping Hessian update for step 1.
2025-07-16:19:29:01,891 INFO     [psi4.optking.history:302] 	Steps to be used in Hessian update:  5 4 3

2025-07-16:19:29:01,892 INFO     [psi4.optking.history:400] 	Updated Hessian (in au) 
 	   0.624562

2025-07-16:19:29:01,892 INFO     [psi4.optking.molsys:874] Projected (PHP) Hessian matrix
	   0.624562

2025-07-16:19:29:01,892 INFO     [psi4.optking.opt_helper:168] 
	         Geometry (au)                                       Gradient (au)
   0.0000000000   0.0000000000   1.8701017238		   0.0000000000   0.0000000000  -0.0324220041
   0.0000000000   0.0000000000  -1.1470659104		   0.0000000000  -0.0000000000   0.0323594828

2025-07-16:19:29:01,892 INFO     [psi4.optking.stepAlgorithms:315] 	Current Step Report 
 
	Current energy:      -441.1140484813
	Energy change for the previous step:
		Actual       :        -0.0029961724
		Projected    :        -0.0019747985

2025-07-16:19:29:01,892 INFO     [psi4.optking.stepAlgorithms:318] 	Energy ratio =    1.51720
2025-07-16:19:29:01,892 INFO     [psi4.optking.stepAlgorithms:750] 	Using RFO solution 1.
2025-07-16:19:29:01,892 INFO     [psi4.optking.displace:73] 	Determining Cartesian step for fragment 1.
2025-07-16:19:29:01,893 INFO     [psi4.optking.displace:378] 	Successfully converged to displaced geometry.
2025-07-16:19:29:01,893 INFO     [psi4.optking.displace:379] 	RMS(dx):  1.282e-16 	Max(dx):  2.220e-16 	RMS(dq):  4.441e-16
2025-07-16:19:29:01,893 INFO     [psi4.optking.displace:132] 

	        --- Internal Coordinate Step in ANG or DEG, aJ/ANG or AJ/DEG ---
	-------------------------------------------------------------------------------
	           Coordinate      Previous         Force          Change          New 
	           ----------      --------        ------          ------        ------
	               R(1,2)       1.59662        0.26686        0.02737       1.62399
	-------------------------------------------------------------------------------

2025-07-16:19:29:01,893 INFO     [psi4.optking.stepAlgorithms:96] 	|target step| :    0.0517228091
2025-07-16:19:29:01,893 INFO     [psi4.optking.stepAlgorithms:97] 	gradient     :   -0.0323907434
2025-07-16:19:29:01,893 INFO     [psi4.optking.stepAlgorithms:98] 	hessian      :    0.6245617873
2025-07-16:19:29:01,893 INFO     [psi4.optking.stepAlgorithms:177] 	Norm of achieved step-size    0.0517228091
2025-07-16:19:29:01,893 INFO     [psi4.optking.stepAlgorithms:179] 	Norm of achieved step-size (cart):    0.0365735491
2025-07-16:19:29:01,893 INFO     [psi4.optking.opt_helper:151] Molsys:

	                            ===> Fragment 1 <== 

	 Z (Atomic Numbers)          Masses                          Geom                  
	       9.000000            18.998403          0.00000000  0.00000000  1.89596313   
	      15.000000            30.973762          0.00000000  0.00000000 -1.17292731   

	 - Coordinate -           - BOHR/RAD -       - ANG/DEG -
	 R(1,2)           =         3.068890           1.623987

2025-07-16:19:29:01,894 INFO     [psi4.optking.convcheck:71] Performing convergence check.
2025-07-16:19:29:01,894 INFO     [psi4.optking.convcheck:263] 
	                                 ==> Convergence Check <==                                  
    
	Measures of convergence in internal coordinates in au.
    
	Criteria marked as inactive (o), active & met (*), and active & unmet ( ).

	----------------------------------------------------------------------------------------------
	   Step    Total Energy     Delta E     Max Force     RMS Force      Max Disp      RMS Disp   
	----------------------------------------------------------------------------------------------
	  Convergence Criteria     1.00e-06 *    3.00e-04 *             o    1.20e-03 *             o
	----------------------------------------------------------------------------------------------
	     6    -441.11404848   -3.00e-03      3.24e-02      3.24e-02 o    5.17e-02      5.17e-02 o  ~
	----------------------------------------------------------------------------------------------


2025-07-16:19:29:01,894 INFO     [psi4.optking.stepAlgorithms:266] 	Convergence check returned False
2025-07-16:19:29:01,920 INFO     [psi4.driver.task_planner:285] PLANNING Atomic:  keywords={'DAMPING_PERCENTAGE': 1.0, 'GEOM_MAXITER': 500, 'SCF__GUESS': 'READ', 'GUESS': 'SAP', 'MAXITER': 500, 'REFERENCE': 'UKS', 'function_kwargs': {}}
2025-07-16:19:29:01,923 INFO     [psi4.driver.driver:636] Compute gradient(): method=b3lyp, basis=cc-pvdz, molecule=default, nre=43.989840136651345
2025-07-16:19:29:02,798 INFO     [psi4.driver.driver:639] Return gradient(): -441.11521113750086
2025-07-16:19:29:02,798 INFO     [psi4.driver.driver:640] [[-0.00000000  0.00000000 -0.01317425]
 [ 0.00000000 -0.00000000  0.01311244]]
2025-07-16:19:29:02,800 INFO     [psi4.optking.history:257] 	Performing BFGS update.
2025-07-16:19:29:02,800 INFO     [psi4.optking.history:268] 	Using 4 previous steps for update.
2025-07-16:19:29:02,800 INFO     [psi4.optking.history:302] 	Steps to be used in Hessian update:  6 5 4 3

2025-07-16:19:29:02,800 INFO     [psi4.optking.history:400] 	Updated Hessian (in au) 
 	   0.588810

2025-07-16:19:29:02,800 INFO     [psi4.optking.molsys:874] Projected (PHP) Hessian matrix
	   0.588810

2025-07-16:19:29:02,800 INFO     [psi4.optking.opt_helper:168] 
	         Geometry (au)                                       Gradient (au)
   0.0000000000   0.0000000000   1.9021605705		  -0.0000000000   0.0000000000  -0.0131742500
   0.0000000000   0.0000000000  -1.1667298729		   0.0000000000  -0.0000000000   0.0131124445

2025-07-16:19:29:02,800 INFO     [psi4.optking.stepAlgorithms:315] 	Current Step Report 
 
	Current energy:      -441.1152111375
	Energy change for the previous step:
		Actual       :        -0.0011626562
		Projected    :        -0.0008376701

2025-07-16:19:29:02,800 INFO     [psi4.optking.stepAlgorithms:318] 	Energy ratio =    1.38796
2025-07-16:19:29:02,800 INFO     [psi4.optking.stepAlgorithms:750] 	Using RFO solution 1.
2025-07-16:19:29:02,800 INFO     [psi4.optking.displace:73] 	Determining Cartesian step for fragment 1.
2025-07-16:19:29:02,801 INFO     [psi4.optking.displace:378] 	Successfully converged to displaced geometry.
2025-07-16:19:29:02,801 INFO     [psi4.optking.displace:379] 	RMS(dx):  0.000e+00 	Max(dx):  0.000e+00 	RMS(dq):  0.000e+00
2025-07-16:19:29:02,801 INFO     [psi4.optking.displace:132] 

	        --- Internal Coordinate Step in ANG or DEG, aJ/ANG or AJ/DEG ---
	-------------------------------------------------------------------------------
	           Coordinate      Previous         Force          Change          New 
	           ----------      --------        ------          ------        ------
	               R(1,2)       1.62399        0.10828        0.01181       1.63579
	-------------------------------------------------------------------------------

2025-07-16:19:29:02,801 INFO     [psi4.optking.stepAlgorithms:96] 	|target step| :    0.0223107571
2025-07-16:19:29:02,801 INFO     [psi4.optking.stepAlgorithms:97] 	gradient     :   -0.0131433473
2025-07-16:19:29:02,801 INFO     [psi4.optking.stepAlgorithms:98] 	hessian      :    0.5888103604
2025-07-16:19:29:02,801 INFO     [psi4.optking.stepAlgorithms:177] 	Norm of achieved step-size    0.0223107571
2025-07-16:19:29:02,801 INFO     [psi4.optking.stepAlgorithms:179] 	Norm of achieved step-size (cart):    0.0157760876
2025-07-16:19:29:02,801 INFO     [psi4.optking.opt_helper:151] Molsys:

	                            ===> Fragment 1 <== 

	 Z (Atomic Numbers)          Masses                          Geom                  
	       9.000000            18.998403          0.00000000  0.00000000  1.91331595   
	      15.000000            30.973762          0.00000000  0.00000000 -1.17788525   

	 - Coordinate -           - BOHR/RAD -       - ANG/DEG -
	 R(1,2)           =         3.091201           1.635793

2025-07-16:19:29:02,801 INFO     [psi4.optking.convcheck:71] Performing convergence check.
2025-07-16:19:29:02,801 INFO     [psi4.optking.convcheck:263] 
	                                 ==> Convergence Check <==                                  
    
	Measures of convergence in internal coordinates in au.
    
	Criteria marked as inactive (o), active & met (*), and active & unmet ( ).

	----------------------------------------------------------------------------------------------
	   Step    Total Energy     Delta E     Max Force     RMS Force      Max Disp      RMS Disp   
	----------------------------------------------------------------------------------------------
	  Convergence Criteria     1.00e-06 *    3.00e-04 *             o    1.20e-03 *             o
	----------------------------------------------------------------------------------------------
	     7    -441.11521114   -1.16e-03      1.31e-02      1.31e-02 o    2.23e-02      2.23e-02 o  ~
	----------------------------------------------------------------------------------------------


2025-07-16:19:29:02,801 INFO     [psi4.optking.stepAlgorithms:266] 	Convergence check returned False
2025-07-16:19:29:02,817 INFO     [psi4.driver.task_planner:285] PLANNING Atomic:  keywords={'DAMPING_PERCENTAGE': 1.0, 'GEOM_MAXITER': 500, 'SCF__GUESS': 'READ', 'GUESS': 'SAP', 'MAXITER': 500, 'REFERENCE': 'UKS', 'function_kwargs': {}}
2025-07-16:19:29:02,818 INFO     [psi4.driver.driver:636] Compute gradient(): method=b3lyp, basis=cc-pvdz, molecule=default, nre=43.67234328913169
2025-07-16:19:29:03,754 INFO     [psi4.driver.driver:639] Return gradient(): -441.11541855439253
2025-07-16:19:29:03,755 INFO     [psi4.driver.driver:640] [[ 0.00000000  0.00000000 -0.00568493]
 [ 0.00000000 -0.00000000  0.00562124]]
2025-07-16:19:29:03,756 INFO     [psi4.optking.history:257] 	Performing BFGS update.
2025-07-16:19:29:03,756 INFO     [psi4.optking.history:268] 	Using 4 previous steps for update.
2025-07-16:19:29:03,756 INFO     [psi4.optking.history:302] 	Steps to be used in Hessian update:  7 6 5 4

2025-07-16:19:29:03,757 INFO     [psi4.optking.history:400] 	Updated Hessian (in au) 
 	   0.471303

2025-07-16:19:29:03,757 INFO     [psi4.optking.molsys:874] Projected (PHP) Hessian matrix
	   0.471303

2025-07-16:19:29:03,757 INFO     [psi4.optking.opt_helper:168] 
	         Geometry (au)                                       Gradient (au)
   0.0000000000   0.0000000000   1.9159892304		   0.0000000000   0.0000000000  -0.0056849268
   0.0000000000   0.0000000000  -1.1752119700		   0.0000000000  -0.0000000000   0.0056212367

2025-07-16:19:29:03,757 INFO     [psi4.optking.stepAlgorithms:315] 	Current Step Report 
 
	Current energy:      -441.1154185544
	Energy change for the previous step:
		Actual       :        -0.0002074169
		Projected    :        -0.0001466190

2025-07-16:19:29:03,757 INFO     [psi4.optking.stepAlgorithms:318] 	Energy ratio =    1.41467
2025-07-16:19:29:03,757 INFO     [psi4.optking.stepAlgorithms:750] 	Using RFO solution 1.
2025-07-16:19:29:03,757 INFO     [psi4.optking.displace:73] 	Determining Cartesian step for fragment 1.
2025-07-16:19:29:03,757 INFO     [psi4.optking.displace:378] 	Successfully converged to displaced geometry.
2025-07-16:19:29:03,757 INFO     [psi4.optking.displace:379] 	RMS(dx):  1.282e-16 	Max(dx):  2.220e-16 	RMS(dq):  4.441e-16
2025-07-16:19:29:03,757 INFO     [psi4.optking.displace:132] 

	        --- Internal Coordinate Step in ANG or DEG, aJ/ANG or AJ/DEG ---
	-------------------------------------------------------------------------------
	           Coordinate      Previous         Force          Change          New 
	           ----------      --------        ------          ------        ------
	               R(1,2)       1.63579        0.04657        0.00635       1.64214
	-------------------------------------------------------------------------------

2025-07-16:19:29:03,757 INFO     [psi4.optking.stepAlgorithms:96] 	|target step| :    0.0119928559
2025-07-16:19:29:03,757 INFO     [psi4.optking.stepAlgorithms:97] 	gradient     :   -0.0056530817
2025-07-16:19:29:03,757 INFO     [psi4.optking.stepAlgorithms:98] 	hessian      :    0.4713029748
2025-07-16:19:29:03,757 INFO     [psi4.optking.stepAlgorithms:177] 	Norm of achieved step-size    0.0119928559
2025-07-16:19:29:03,757 INFO     [psi4.optking.stepAlgorithms:179] 	Norm of achieved step-size (cart):    0.0084802298
2025-07-16:19:29:03,757 INFO     [psi4.optking.opt_helper:151] Molsys:

	                            ===> Fragment 1 <== 

	 Z (Atomic Numbers)          Masses                          Geom                  
	       9.000000            18.998403          0.00000000  0.00000000  1.92198566   
	      15.000000            30.973762          0.00000000  0.00000000 -1.18120840   

	 - Coordinate -           - BOHR/RAD -       - ANG/DEG -
	 R(1,2)           =         3.103194           1.642140

2025-07-16:19:29:03,758 INFO     [psi4.optking.convcheck:71] Performing convergence check.
2025-07-16:19:29:03,758 INFO     [psi4.optking.convcheck:263] 
	                                 ==> Convergence Check <==                                  
    
	Measures of convergence in internal coordinates in au.
    
	Criteria marked as inactive (o), active & met (*), and active & unmet ( ).

	----------------------------------------------------------------------------------------------
	   Step    Total Energy     Delta E     Max Force     RMS Force      Max Disp      RMS Disp   
	----------------------------------------------------------------------------------------------
	  Convergence Criteria     1.00e-06 *    3.00e-04 *             o    1.20e-03 *             o
	----------------------------------------------------------------------------------------------
	     8    -441.11541855   -2.07e-04      5.65e-03      5.65e-03 o    1.20e-02      1.20e-02 o  ~
	----------------------------------------------------------------------------------------------


2025-07-16:19:29:03,758 INFO     [psi4.optking.stepAlgorithms:266] 	Convergence check returned False
2025-07-16:19:29:03,769 INFO     [psi4.driver.task_planner:285] PLANNING Atomic:  keywords={'DAMPING_PERCENTAGE': 1.0, 'GEOM_MAXITER': 500, 'SCF__GUESS': 'READ', 'GUESS': 'SAP', 'MAXITER': 500, 'REFERENCE': 'UKS', 'function_kwargs': {}}
2025-07-16:19:29:03,770 INFO     [psi4.driver.driver:636] Compute gradient(): method=b3lyp, basis=cc-pvdz, molecule=default, nre=43.50356360228517
2025-07-16:19:29:04,713 INFO     [psi4.driver.driver:639] Return gradient(): -441.11546242753406
2025-07-16:19:29:04,713 INFO     [psi4.driver.driver:640] [[ 0.00000000  0.00000000 -0.00184776]
 [ 0.00000000  0.00000000  0.00178252]]
2025-07-16:19:29:04,716 INFO     [psi4.optking.history:257] 	Performing BFGS update.
2025-07-16:19:29:04,716 INFO     [psi4.optking.history:268] 	Using 4 previous steps for update.
2025-07-16:19:29:04,717 INFO     [psi4.optking.history:302] 	Steps to be used in Hessian update:  8 7 6 5

2025-07-16:19:29:04,717 INFO     [psi4.optking.history:400] 	Updated Hessian (in au) 
 	   0.390305

2025-07-16:19:29:04,717 INFO     [psi4.optking.molsys:874] Projected (PHP) Hessian matrix
	   0.390305

2025-07-16:19:29:04,717 INFO     [psi4.optking.opt_helper:168] 
	         Geometry (au)                                       Gradient (au)
   0.0000000000   0.0000000000   1.9234226459		   0.0000000000   0.0000000000  -0.0018477555
   0.0000000000   0.0000000000  -1.1797714104		   0.0000000000   0.0000000000   0.0017825198

2025-07-16:19:29:04,717 INFO     [psi4.optking.stepAlgorithms:315] 	Current Step Report 
 
	Current energy:      -441.1154624275
	Energy change for the previous step:
		Actual       :        -0.0000438731
		Projected    :        -0.0000338983

2025-07-16:19:29:04,717 INFO     [psi4.optking.stepAlgorithms:318] 	Energy ratio =    1.29426
2025-07-16:19:29:04,718 INFO     [psi4.optking.stepAlgorithms:750] 	Using RFO solution 1.
2025-07-16:19:29:04,718 INFO     [psi4.optking.displace:73] 	Determining Cartesian step for fragment 1.
2025-07-16:19:29:04,718 INFO     [psi4.optking.displace:378] 	Successfully converged to displaced geometry.
2025-07-16:19:29:04,718 INFO     [psi4.optking.displace:379] 	RMS(dx):  0.000e+00 	Max(dx):  0.000e+00 	RMS(dq):  0.000e+00
2025-07-16:19:29:04,718 INFO     [psi4.optking.displace:132] 

	        --- Internal Coordinate Step in ANG or DEG, aJ/ANG or AJ/DEG ---
	-------------------------------------------------------------------------------
	           Coordinate      Previous         Force          Change          New 
	           ----------      --------        ------          ------        ------
	               R(1,2)       1.64214        0.01495        0.00246       1.64460
	-------------------------------------------------------------------------------

2025-07-16:19:29:04,718 INFO     [psi4.optking.stepAlgorithms:96] 	|target step| :    0.0046504670
2025-07-16:19:29:04,718 INFO     [psi4.optking.stepAlgorithms:97] 	gradient     :   -0.0018151377
2025-07-16:19:29:04,718 INFO     [psi4.optking.stepAlgorithms:98] 	hessian      :    0.3903045449
2025-07-16:19:29:04,718 INFO     [psi4.optking.stepAlgorithms:177] 	Norm of achieved step-size    0.0046504670
2025-07-16:19:29:04,719 INFO     [psi4.optking.stepAlgorithms:179] 	Norm of achieved step-size (cart):    0.0032883767
2025-07-16:19:29:04,719 INFO     [psi4.optking.opt_helper:151] Molsys:

	                            ===> Fragment 1 <== 

	 Z (Atomic Numbers)          Masses                          Geom                  
	       9.000000            18.998403          0.00000000  0.00000000  1.92574788   
	      15.000000            30.973762          0.00000000  0.00000000 -1.18209664   

	 - Coordinate -           - BOHR/RAD -       - ANG/DEG -
	 R(1,2)           =         3.107845           1.644600

2025-07-16:19:29:04,719 INFO     [psi4.optking.convcheck:71] Performing convergence check.
2025-07-16:19:29:04,719 INFO     [psi4.optking.convcheck:263] 
	                                 ==> Convergence Check <==                                  
    
	Measures of convergence in internal coordinates in au.
    
	Criteria marked as inactive (o), active & met (*), and active & unmet ( ).

	----------------------------------------------------------------------------------------------
	   Step    Total Energy     Delta E     Max Force     RMS Force      Max Disp      RMS Disp   
	----------------------------------------------------------------------------------------------
	  Convergence Criteria     1.00e-06 *    3.00e-04 *             o    1.20e-03 *             o
	----------------------------------------------------------------------------------------------
	     9    -441.11546243   -4.39e-05      1.82e-03      1.82e-03 o    4.65e-03      4.65e-03 o  ~
	----------------------------------------------------------------------------------------------


2025-07-16:19:29:04,719 INFO     [psi4.optking.stepAlgorithms:266] 	Convergence check returned False
2025-07-16:19:29:04,735 INFO     [psi4.driver.task_planner:285] PLANNING Atomic:  keywords={'DAMPING_PERCENTAGE': 1.0, 'GEOM_MAXITER': 500, 'SCF__GUESS': 'READ', 'GUESS': 'SAP', 'MAXITER': 500, 'REFERENCE': 'UKS', 'function_kwargs': {}}
2025-07-16:19:29:04,737 INFO     [psi4.driver.driver:636] Compute gradient(): method=b3lyp, basis=cc-pvdz, molecule=default, nre=43.43846643134753
2025-07-16:19:29:05,547 INFO     [psi4.driver.driver:639] Return gradient(): -441.11546717313416
2025-07-16:19:29:05,548 INFO     [psi4.driver.driver:640] [[-0.00000000  0.00000000 -0.00039415]
 [-0.00000000 -0.00000000  0.00032825]]
2025-07-16:19:29:05,554 INFO     [psi4.optking.history:257] 	Performing BFGS update.
2025-07-16:19:29:05,554 INFO     [psi4.optking.history:268] 	Using 4 previous steps for update.
2025-07-16:19:29:05,554 INFO     [psi4.optking.history:302] 	Steps to be used in Hessian update:  9 8 7 6

2025-07-16:19:29:05,554 INFO     [psi4.optking.history:400] 	Updated Hessian (in au) 
 	   0.353227

2025-07-16:19:29:05,554 INFO     [psi4.optking.molsys:874] Projected (PHP) Hessian matrix
	   0.353227

2025-07-16:19:29:05,554 INFO     [psi4.optking.opt_helper:168] 
	         Geometry (au)                                       Gradient (au)
   0.0000000000   0.0000000000   1.9263050997		  -0.0000000000   0.0000000000  -0.0003941502
   0.0000000000   0.0000000000  -1.1815394236		  -0.0000000000  -0.0000000000   0.0003282501

2025-07-16:19:29:05,554 INFO     [psi4.optking.stepAlgorithms:315] 	Current Step Report 
 
	Current energy:      -441.1154671731
	Energy change for the previous step:
		Actual       :        -0.0000047456
		Projected    :        -0.0000042206

2025-07-16:19:29:05,555 INFO     [psi4.optking.stepAlgorithms:318] 	Energy ratio =    1.12438
2025-07-16:19:29:05,555 INFO     [psi4.optking.stepAlgorithms:750] 	Using RFO solution 1.
2025-07-16:19:29:05,555 INFO     [psi4.optking.displace:73] 	Determining Cartesian step for fragment 1.
2025-07-16:19:29:05,555 INFO     [psi4.optking.displace:378] 	Successfully converged to displaced geometry.
2025-07-16:19:29:05,555 INFO     [psi4.optking.displace:379] 	RMS(dx):  0.000e+00 	Max(dx):  0.000e+00 	RMS(dq):  0.000e+00
2025-07-16:19:29:05,555 INFO     [psi4.optking.displace:132] 

	        --- Internal Coordinate Step in ANG or DEG, aJ/ANG or AJ/DEG ---
	-------------------------------------------------------------------------------
	           Coordinate      Previous         Force          Change          New 
	           ----------      --------        ------          ------        ------
	               R(1,2)       1.64460        0.00298        0.00054       1.64514
	-------------------------------------------------------------------------------

2025-07-16:19:29:05,555 INFO     [psi4.optking.stepAlgorithms:96] 	|target step| :    0.0010225708
2025-07-16:19:29:05,555 INFO     [psi4.optking.stepAlgorithms:97] 	gradient     :   -0.0003612002
2025-07-16:19:29:05,555 INFO     [psi4.optking.stepAlgorithms:98] 	hessian      :    0.3532271953
2025-07-16:19:29:05,555 INFO     [psi4.optking.stepAlgorithms:177] 	Norm of achieved step-size    0.0010225708
2025-07-16:19:29:05,555 INFO     [psi4.optking.stepAlgorithms:179] 	Norm of achieved step-size (cart):    0.0007230668
2025-07-16:19:29:05,555 INFO     [psi4.optking.opt_helper:151] Molsys:

	                            ===> Fragment 1 <== 

	 Z (Atomic Numbers)          Masses                          Geom                  
	       9.000000            18.998403          0.00000000  0.00000000  1.92681639   
	      15.000000            30.973762          0.00000000  0.00000000 -1.18205071   

	 - Coordinate -           - BOHR/RAD -       - ANG/DEG -
	 R(1,2)           =         3.108867           1.645142

2025-07-16:19:29:05,555 INFO     [psi4.optking.convcheck:71] Performing convergence check.
2025-07-16:19:29:05,555 INFO     [psi4.optking.convcheck:263] 
	                                 ==> Convergence Check <==                                  
    
	Measures of convergence in internal coordinates in au.
    
	Criteria marked as inactive (o), active & met (*), and active & unmet ( ).

	----------------------------------------------------------------------------------------------
	   Step    Total Energy     Delta E     Max Force     RMS Force      Max Disp      RMS Disp   
	----------------------------------------------------------------------------------------------
	  Convergence Criteria     1.00e-06 *    3.00e-04 *             o    1.20e-03 *             o
	----------------------------------------------------------------------------------------------
	    10    -441.11546717   -4.75e-06      3.61e-04      3.61e-04 o    1.02e-03 *    1.02e-03 o  ~
	----------------------------------------------------------------------------------------------


2025-07-16:19:29:05,555 INFO     [psi4.optking.stepAlgorithms:266] 	Convergence check returned False
2025-07-16:19:29:05,571 INFO     [psi4.driver.task_planner:285] PLANNING Atomic:  keywords={'DAMPING_PERCENTAGE': 1.0, 'GEOM_MAXITER': 500, 'SCF__GUESS': 'READ', 'GUESS': 'SAP', 'MAXITER': 500, 'REFERENCE': 'UKS', 'function_kwargs': {}}
2025-07-16:19:29:05,572 INFO     [psi4.driver.driver:636] Compute gradient(): method=b3lyp, basis=cc-pvdz, molecule=default, nre=43.42417861964981
2025-07-16:19:29:06,451 INFO     [psi4.driver.driver:639] Return gradient(): -441.1154673119752
2025-07-16:19:29:06,452 INFO     [psi4.driver.driver:640] [[ 0.00000000  0.00000000 -0.00007706]
 [-0.00000000 -0.00000000  0.00001101]]
2025-07-16:19:29:06,454 INFO     [psi4.optking.history:257] 	Performing BFGS update.
2025-07-16:19:29:06,455 INFO     [psi4.optking.history:268] 	Using 4 previous steps for update.
2025-07-16:19:29:06,455 INFO     [psi4.optking.history:302] 	Steps to be used in Hessian update:  10 9 8 7

2025-07-16:19:29:06,455 INFO     [psi4.optking.history:400] 	Updated Hessian (in au) 
 	   0.327674

2025-07-16:19:29:06,456 INFO     [psi4.optking.molsys:874] Projected (PHP) Hessian matrix
	   0.327674

2025-07-16:19:29:06,456 INFO     [psi4.optking.opt_helper:168] 
	         Geometry (au)                                       Gradient (au)
   0.0000000000   0.0000000000   1.9269389098		   0.0000000000   0.0000000000  -0.0000770577
   0.0000000000   0.0000000000  -1.1819281843		  -0.0000000000  -0.0000000000   0.0000110083

2025-07-16:19:29:06,456 INFO     [psi4.optking.stepAlgorithms:315] 	Current Step Report 
 
	Current energy:      -441.1154673120
	Energy change for the previous step:
		Actual       :        -0.0000001388
		Projected    :        -0.0000001847

2025-07-16:19:29:06,456 INFO     [psi4.optking.stepAlgorithms:318] 	Energy ratio =    0.75181
2025-07-16:19:29:06,456 INFO     [psi4.optking.stepAlgorithms:750] 	Using RFO solution 1.
2025-07-16:19:29:06,457 INFO     [psi4.optking.displace:73] 	Determining Cartesian step for fragment 1.
2025-07-16:19:29:06,457 INFO     [psi4.optking.displace:378] 	Successfully converged to displaced geometry.
2025-07-16:19:29:06,457 INFO     [psi4.optking.displace:379] 	RMS(dx):  0.000e+00 	Max(dx):  0.000e+00 	RMS(dq):  0.000e+00
2025-07-16:19:29:06,457 INFO     [psi4.optking.displace:132] 

	        --- Internal Coordinate Step in ANG or DEG, aJ/ANG or AJ/DEG ---
	-------------------------------------------------------------------------------
	           Coordinate      Previous         Force          Change          New 
	           ----------      --------        ------          ------        ------
	               R(1,2)       1.64514        0.00036        0.00007       1.64521
	-------------------------------------------------------------------------------

2025-07-16:19:29:06,457 INFO     [psi4.optking.stepAlgorithms:96] 	|target step| :    0.0001343805
2025-07-16:19:29:06,457 INFO     [psi4.optking.stepAlgorithms:97] 	gradient     :   -0.0000440330
2025-07-16:19:29:06,457 INFO     [psi4.optking.stepAlgorithms:98] 	hessian      :    0.3276741301
2025-07-16:19:29:06,457 INFO     [psi4.optking.stepAlgorithms:177] 	Norm of achieved step-size    0.0001343805
2025-07-16:19:29:06,457 INFO     [psi4.optking.stepAlgorithms:179] 	Norm of achieved step-size (cart):    0.0000950213
2025-07-16:19:29:06,458 INFO     [psi4.optking.opt_helper:151] Molsys:

	                            ===> Fragment 1 <== 

	 Z (Atomic Numbers)          Masses                          Geom                  
	       9.000000            18.998403          0.00000000  0.00000000  1.92700610   
	      15.000000            30.973762          0.00000000  0.00000000 -1.18199537   

	 - Coordinate -           - BOHR/RAD -       - ANG/DEG -
	 R(1,2)           =         3.109001           1.645213

2025-07-16:19:29:06,458 INFO     [psi4.optking.convcheck:71] Performing convergence check.
2025-07-16:19:29:06,458 INFO     [psi4.optking.convcheck:263] 
	                                 ==> Convergence Check <==                                  
    
	Measures of convergence in internal coordinates in au.
    
	Criteria marked as inactive (o), active & met (*), and active & unmet ( ).

	----------------------------------------------------------------------------------------------
	   Step    Total Energy     Delta E     Max Force     RMS Force      Max Disp      RMS Disp   
	----------------------------------------------------------------------------------------------
	  Convergence Criteria     1.00e-06 *    3.00e-04 *             o    1.20e-03 *             o
	----------------------------------------------------------------------------------------------
	    11    -441.11546731   -1.39e-07 *    4.40e-05 *    4.40e-05 o    1.34e-04 *    1.34e-04 o  ~
	----------------------------------------------------------------------------------------------


2025-07-16:19:29:06,458 INFO     [psi4.optking.convcheck:193] 
	                      ===> Final Convergence Report <===                     

	----------------------------------------------------------------------------
	|   Required Criteria    |  One or More Criteria  |   Alternate Criteria   |
	----------------------------------------------------------------------------
	| [x]     max_force      | [x]       max_DE       |                        |
	|                        | [x]      max_disp      |                        |
	----------------------------------------------------------------------------


2025-07-16:19:29:06,458 INFO     [psi4.optking.stepAlgorithms:266] 	Convergence check returned True
2025-07-16:19:29:06,458 INFO     [psi4.optking.optimize:286] 	Converged in 11 steps!
2025-07-16:19:29:06,458 INFO     [psi4.optking.optimize:287] 	Final energy is   -441.1154673119752
2025-07-16:19:29:06,458 INFO     [psi4.optking.optimize:288] 	Final structure (Angstroms): 
	Fragment 1 (Ang)

	    F   0.0000000000   0.0000000000   1.0197277130
	    P   0.0000000000   0.0000000000  -0.6254850153


2025-07-16:19:29:06,460 INFO     [psi4.optking.optimize:432] 	Optimization Finished

	==> Optimization Summary <==

        
	Measures of convergence in internal coordinates in au. (Any backward steps not shown.)
        
	---------------------------------------------------------------------------------------------------------------  ~
        
	 Step         Total Energy             Delta E       MAX Force       RMS Force        MAX Disp        RMS Disp   ~
        
	---------------------------------------------------------------------------------------------------------------  ~
        
	     1    -440.845155389399   -440.845155389399      0.97886198      0.97886198      0.22246937      0.22246937  ~
	     2    -441.003264933454     -0.158109544055      0.49083006      0.49083006      0.21354209      0.21354209  ~
	     3    -441.077426229015     -0.074161295561      0.22818138      0.22818138      0.13028310      0.13028310  ~
	     4    -441.100174471391     -0.022748242376      0.12688884      0.12688884      0.11820052      0.11820052  ~
	     5    -441.111052308867     -0.010877837476      0.06076191      0.06076191      0.06500120      0.06500120  ~
	     6    -441.114048481282     -0.002996172415      0.03239074      0.03239074      0.05172281      0.05172281  ~
	     7    -441.115211137501     -0.001162656219      0.01314335      0.01314335      0.02231076      0.02231076  ~
	     8    -441.115418554393     -0.000207416892      0.00565308      0.00565308      0.01199286      0.01199286  ~
	     9    -441.115462427534     -0.000043873142      0.00181514      0.00181514      0.00465047      0.00465047  ~
	    10    -441.115467173134     -0.000004745600      0.00036120      0.00036120      0.00102257      0.00102257  ~
	    11    -441.115467311975     -0.000000138841      0.00004403      0.00004403      0.00013438      0.00013438  ~
	----------------------------------------------------------------------------------------------------------------


2025-07-16:19:29:06,460 INFO     [psi4.optking.optimize:640] Preparing OptimizationResult
