2025-07-16:20:27:17,243 INFO     [psi4.optking.optwrapper:214] Creating a UserComputer
2025-07-16:20:27:17,243 INFO     [psi4.optking.optwrapper:222] 
    			-----------------------------------------

    			 OPTKING 3.0: for geometry optimizations 

    			     By R.A. King, Bethel University     

    			        with contributions from          

    			    A.V. Copan, J. Cayton, A. Heide      

    			-----------------------------------------

    
2025-07-16:20:27:17,243 INFO     [psi4.optking.optwrapper:238] 
		 -- Optimization Parameters --
	accept_symmetry_breaking       =           False
	alg_geom_maxiter               =             500
	bt_dx_conv                     =           1e-07
	bt_dx_rms_change_conv          =           1e-12
	bt_max_iter                    =              25
	cart_hess_read                 =           False
	consecutive_backsteps_allowed  =               0
	conv_max_DE                    =           1e-06
	conv_max_disp                  =          0.0012
	conv_max_force                 =          0.0003
	conv_rms_disp                  =              -1
	conv_rms_force                 =              -1
	covalent_connect               =             1.3
	dynamic_level                  =               0
	dynamic_level_max              =               0
	ensure_bt_convergence          =           False
	ext_force_bend                 =              []
	ext_force_cartesian            =              []
	ext_force_dihedral             =              []
	ext_force_distance             =              []
	ext_force_oofp                 =              []
	fix_val_near_pi                =            1.57
	flexible_g_convergence         =           False
	frag_mode                      =          SINGLE
	frag_ref_atoms                 =            None
	freeze_intrafrag               =           False
	frozen_bend                    =              []
	frozen_cartesian               =              []
	frozen_dihedral                =              []
	frozen_distance                =              []
	frozen_oofp                    =              []
	full_hess_every                =              -1
	g_convergence                  =           QCHEM
	generate_intcos_exit           =           False
	geom_maxiter                   =             500
	h_bond_connect                 =             4.3
	hess_update                    =            BFGS
	hess_update_den_tol            =           1e-07
	hess_update_dq_tol             =             0.5
	hess_update_limit              =            True
	hess_update_limit_max          =             1.0
	hess_update_limit_scale        =             0.5
	hess_update_use_last           =               4
	hessian_file                   =            None
	i_max_DE                       =            True
	i_max_disp                     =            True
	i_max_force                    =            True
	i_rms_disp                     =           False
	i_rms_force                    =           False
	i_untampered                   =            True
	include_oofp                   =           False
	interfrag_collinear_tol        =            0.01
	interfrag_coords               =            None
	interfrag_dist_inv             =           False
	interfrag_mode                 =           FIXED
	interfrag_trust                =             0.5
	interfrag_trust_max            =             1.0
	interfrag_trust_min            =           0.001
	interfragment_connect          =             1.8
	intrafrag_hess                 =        SCHLEGEL
	intrafrag_trust                =             0.5
	intrafrag_trust_max            =             1.0
	intrafrag_trust_min            =           0.001
	irc_direction                  =         FORWARD
	irc_points                     =              20
	irc_step_size                  =             0.2
	keep_intcos                    =           False
	linear_bend_threshold          =            3.05
	linesearch                     =           False
	linesearch_step                =             0.1
	max_disp_g_convergence         =          0.0012
	max_energy_g_convergence       =           1e-06
	max_force_g_convergence        =          0.0003
	opt_coordinates                =       REDUNDANT
	opt_type                       =             MIN
	output_type                    =            FILE
	print_lvl                      =               1
	program                        =            psi4
	ranged_bend                    =              []
	ranged_cartesian               =              []
	ranged_dihedral                =              []
	ranged_distance                =              []
	ranged_oofp                    =              []
	redundant_eval_tol             =           1e-10
	rfo_follow_root                =           False
	rfo_normalization_max          =             100
	rfo_root                       =               0
	rms_disp_g_convergence         =          0.0012
	rms_force_g_convergence        =          0.0003
	rsrfo_alpha_max                =     100000000.0
	sd_hessian                     =             1.0
	simple_step_scaling            =           False
	small_bend_fix_threshold       =            0.35
	steepest_descent_type          =         OVERLAP
	step_type                      =             RFO
	test_B                         =           False
	test_derivative_B              =           False
	trajectory                     =           False
	v3d_tors_angle_lim             =           0.017
	v3d_tors_cos_tol               =           1e-10
	working_consecutive_backsteps  =               0
	working_steps_since_last_H     =               0


2025-07-16:20:27:17,900 INFO     [psi4.optking.opt_helper:151] Molsys:

	                            ===> Fragment 1 <== 

	 Z (Atomic Numbers)          Masses                          Geom                  
	      16.000000            31.972071         -0.00000000  1.13383568  0.00000000   
	      16.000000            31.972071          0.00000000 -1.13383568  0.00000000   

	 - Coordinate -           - BOHR/RAD -       - ANG/DEG -
	 R(1,2)           =         2.267671           1.200000

2025-07-16:20:27:17,910 INFO     [psi4.driver.task_planner:285] PLANNING Atomic:  keywords={'DAMPING_PERCENTAGE': 1.0, 'GEOM_MAXITER': 500, 'GUESS': 'SAP', 'MAXITER': 500, 'REFERENCE': 'UKS', 'function_kwargs': {}}
2025-07-16:20:27:17,911 INFO     [psi4.driver.driver:636] Compute gradient(): method=b3lyp, basis=cc-pvdz, molecule=default, nre=112.89113827626669
2025-07-16:20:27:21,708 INFO     [psi4.driver.driver:639] Return gradient(): -795.1699030675022
2025-07-16:20:27:21,708 INFO     [psi4.driver.driver:640] [[ 0.00000000 -3.13059954  0.00000000]
 [-0.00000000  3.13059954 -0.00000000]]
2025-07-16:20:27:21,709 INFO     [psi4.optking.molsys:874] Projected (PHP) Hessian matrix
	 217.822043

2025-07-16:20:27:21,709 INFO     [psi4.optking.opt_helper:168] 
	         Geometry (au)                                       Gradient (au)
  -0.0000000000   1.1338356753   0.0000000000		   0.0000000000  -3.1305995363   0.0000000000
   0.0000000000  -1.1338356753   0.0000000000		  -0.0000000000   3.1305995363  -0.0000000000

2025-07-16:20:27:21,710 INFO     [psi4.optking.stepAlgorithms:750] 	Using RFO solution 1.
2025-07-16:20:27:21,710 INFO     [psi4.optking.displace:73] 	Determining Cartesian step for fragment 1.
2025-07-16:20:27:21,710 INFO     [psi4.optking.displace:378] 	Successfully converged to displaced geometry.
2025-07-16:20:27:21,710 INFO     [psi4.optking.displace:379] 	RMS(dx):  0.000e+00 	Max(dx):  0.000e+00 	RMS(dq):  0.000e+00
2025-07-16:20:27:21,710 INFO     [psi4.optking.displace:132] 

	        --- Internal Coordinate Step in ANG or DEG, aJ/ANG or AJ/DEG ---
	-------------------------------------------------------------------------------
	           Coordinate      Previous         Force          Change          New 
	           ----------      --------        ------          ------        ------
	               R(1,2)       1.20000       25.79214        0.00760       1.20760
	-------------------------------------------------------------------------------

2025-07-16:20:27:21,710 INFO     [psi4.optking.stepAlgorithms:96] 	|target step| :    0.0143693131
2025-07-16:20:27:21,710 INFO     [psi4.optking.stepAlgorithms:97] 	gradient     :   -3.1305995363
2025-07-16:20:27:21,710 INFO     [psi4.optking.stepAlgorithms:98] 	hessian      :  217.8220428578
2025-07-16:20:27:21,710 INFO     [psi4.optking.stepAlgorithms:177] 	Norm of achieved step-size    0.0143693131
2025-07-16:20:27:21,710 INFO     [psi4.optking.stepAlgorithms:179] 	Norm of achieved step-size (cart):    0.0101606388
2025-07-16:20:27:21,710 INFO     [psi4.optking.opt_helper:151] Molsys:

	                            ===> Fragment 1 <== 

	 Z (Atomic Numbers)          Masses                          Geom                  
	      16.000000            31.972071         -0.00000000  1.14102033  0.00000000   
	      16.000000            31.972071          0.00000000 -1.14102033  0.00000000   

	 - Coordinate -           - BOHR/RAD -       - ANG/DEG -
	 R(1,2)           =         2.282041           1.207604

2025-07-16:20:27:21,710 INFO     [psi4.optking.convcheck:71] Performing convergence check.
2025-07-16:20:27:21,710 INFO     [psi4.optking.convcheck:263] 
	                                 ==> Convergence Check <==                                  
    
	Measures of convergence in internal coordinates in au.
    
	Criteria marked as inactive (o), active & met (*), and active & unmet ( ).

	----------------------------------------------------------------------------------------------
	   Step    Total Energy     Delta E     Max Force     RMS Force      Max Disp      RMS Disp   
	----------------------------------------------------------------------------------------------
	  Convergence Criteria     1.00e-06 *    3.00e-04 *             o    1.20e-03 *             o
	----------------------------------------------------------------------------------------------
	     1    -795.16990307   -7.95e+02      3.13e+00      3.13e+00 o    1.44e-02      1.44e-02 o  ~
	----------------------------------------------------------------------------------------------


2025-07-16:20:27:21,710 INFO     [psi4.optking.stepAlgorithms:266] 	Convergence check returned False
2025-07-16:20:27:21,726 INFO     [psi4.driver.task_planner:285] PLANNING Atomic:  keywords={'DAMPING_PERCENTAGE': 1.0, 'GEOM_MAXITER': 500, 'SCF__GUESS': 'READ', 'GUESS': 'SAP', 'MAXITER': 500, 'REFERENCE': 'UKS', 'function_kwargs': {}}
2025-07-16:20:27:21,730 INFO     [psi4.driver.driver:636] Compute gradient(): method=b3lyp, basis=cc-pvdz, molecule=default, nre=112.18029725553032
2025-07-16:20:27:25,629 INFO     [psi4.driver.driver:639] Return gradient(): -795.2141694442864
2025-07-16:20:27:25,629 INFO     [psi4.driver.driver:640] [[ 0.00000000 -3.03108022 -0.00000000]
 [-0.00000000  3.03108022  0.00000000]]
2025-07-16:20:27:25,631 INFO     [psi4.optking.history:257] 	Performing BFGS update.
2025-07-16:20:27:25,631 INFO     [psi4.optking.history:268] 	Using 1 previous steps for update.
2025-07-16:20:27:25,631 INFO     [psi4.optking.history:302] 	Steps to be used in Hessian update:  1

2025-07-16:20:27:25,631 INFO     [psi4.optking.history:400] 	Updated Hessian (in au) 
 	 108.911021

2025-07-16:20:27:25,632 INFO     [psi4.optking.molsys:874] Projected (PHP) Hessian matrix
	 108.911021

2025-07-16:20:27:25,632 INFO     [psi4.optking.opt_helper:168] 
	         Geometry (au)                                       Gradient (au)
  -0.0000000000   1.1410203318   0.0000000000		   0.0000000000  -3.0310802249  -0.0000000000
   0.0000000000  -1.1410203318   0.0000000000		  -0.0000000000   3.0310802249   0.0000000000

2025-07-16:20:27:25,632 INFO     [psi4.optking.stepAlgorithms:315] 	Current Step Report 
 
	Current energy:      -795.2141694443
	Energy change for the previous step:
		Actual       :        -0.0442663768
		Projected    :        -0.0224922825

2025-07-16:20:27:25,632 INFO     [psi4.optking.stepAlgorithms:318] 	Energy ratio =    1.96807
2025-07-16:20:27:25,632 INFO     [psi4.optking.stepAlgorithms:346] 	Energy ratio indicates good step.
2025-07-16:20:27:25,632 INFO     [psi4.optking.stepAlgorithms:347] 	Intrafrag trust radius increased to 1.000e+00.
2025-07-16:20:27:25,632 INFO     [psi4.optking.stepAlgorithms:750] 	Using RFO solution 1.
2025-07-16:20:27:25,632 INFO     [psi4.optking.displace:73] 	Determining Cartesian step for fragment 1.
2025-07-16:20:27:25,633 INFO     [psi4.optking.displace:378] 	Successfully converged to displaced geometry.
2025-07-16:20:27:25,633 INFO     [psi4.optking.displace:379] 	RMS(dx):  0.000e+00 	Max(dx):  0.000e+00 	RMS(dq):  0.000e+00
2025-07-16:20:27:25,633 INFO     [psi4.optking.displace:132] 

	        --- Internal Coordinate Step in ANG or DEG, aJ/ANG or AJ/DEG ---
	-------------------------------------------------------------------------------
	           Coordinate      Previous         Force          Change          New 
	           ----------      --------        ------          ------        ------
	               R(1,2)       1.20760       24.97223        0.01472       1.22232
	-------------------------------------------------------------------------------

2025-07-16:20:27:25,633 INFO     [psi4.optking.stepAlgorithms:96] 	|target step| :    0.0278092711
2025-07-16:20:27:25,633 INFO     [psi4.optking.stepAlgorithms:97] 	gradient     :   -3.0310802249
2025-07-16:20:27:25,633 INFO     [psi4.optking.stepAlgorithms:98] 	hessian      :  108.9110214289
2025-07-16:20:27:25,633 INFO     [psi4.optking.stepAlgorithms:177] 	Norm of achieved step-size    0.0278092711
2025-07-16:20:27:25,633 INFO     [psi4.optking.stepAlgorithms:179] 	Norm of achieved step-size (cart):    0.0196641242
2025-07-16:20:27:25,633 INFO     [psi4.optking.opt_helper:151] Molsys:

	                            ===> Fragment 1 <== 

	 Z (Atomic Numbers)          Masses                          Geom                  
	      16.000000            31.972071         -0.00000000  1.15492497  0.00000000   
	      16.000000            31.972071          0.00000000 -1.15492497  0.00000000   

	 - Coordinate -           - BOHR/RAD -       - ANG/DEG -
	 R(1,2)           =         2.309850           1.222320

2025-07-16:20:27:25,634 INFO     [psi4.optking.convcheck:71] Performing convergence check.
2025-07-16:20:27:25,634 INFO     [psi4.optking.convcheck:263] 
	                                 ==> Convergence Check <==                                  
    
	Measures of convergence in internal coordinates in au.
    
	Criteria marked as inactive (o), active & met (*), and active & unmet ( ).

	----------------------------------------------------------------------------------------------
	   Step    Total Energy     Delta E     Max Force     RMS Force      Max Disp      RMS Disp   
	----------------------------------------------------------------------------------------------
	  Convergence Criteria     1.00e-06 *    3.00e-04 *             o    1.20e-03 *             o
	----------------------------------------------------------------------------------------------
	     2    -795.21416944   -4.43e-02      3.03e+00      3.03e+00 o    2.78e-02      2.78e-02 o  ~
	----------------------------------------------------------------------------------------------


2025-07-16:20:27:25,634 INFO     [psi4.optking.stepAlgorithms:266] 	Convergence check returned False
2025-07-16:20:27:25,655 INFO     [psi4.driver.task_planner:285] PLANNING Atomic:  keywords={'DAMPING_PERCENTAGE': 1.0, 'GEOM_MAXITER': 500, 'SCF__GUESS': 'READ', 'GUESS': 'SAP', 'MAXITER': 500, 'REFERENCE': 'UKS', 'function_kwargs': {}}
2025-07-16:20:27:25,656 INFO     [psi4.driver.driver:636] Compute gradient(): method=b3lyp, basis=cc-pvdz, molecule=default, nre=110.82971068584301
2025-07-16:20:27:29,494 INFO     [psi4.driver.driver:639] Return gradient(): -795.2958668293027
2025-07-16:20:27:29,494 INFO     [psi4.driver.driver:640] [[ 0.00000000 -2.84609183  0.00000000]
 [-0.00000000  2.84609183  0.00000000]]
2025-07-16:20:27:29,496 INFO     [psi4.optking.history:257] 	Performing BFGS update.
2025-07-16:20:27:29,496 INFO     [psi4.optking.history:268] 	Using 2 previous steps for update.
2025-07-16:20:27:29,496 INFO     [psi4.optking.history:302] 	Steps to be used in Hessian update:  2 1

2025-07-16:20:27:29,496 INFO     [psi4.optking.history:400] 	Updated Hessian (in au) 
 	  27.227755

2025-07-16:20:27:29,497 INFO     [psi4.optking.molsys:874] Projected (PHP) Hessian matrix
	  27.227755

2025-07-16:20:27:29,497 INFO     [psi4.optking.opt_helper:168] 
	         Geometry (au)                                       Gradient (au)
  -0.0000000000   1.1549249674   0.0000000000		   0.0000000000  -2.8460918321   0.0000000000
   0.0000000000  -1.1549249674   0.0000000000		  -0.0000000000   2.8460918321   0.0000000000

2025-07-16:20:27:29,497 INFO     [psi4.optking.stepAlgorithms:315] 	Current Step Report 
 
	Current energy:      -795.2958668293
	Energy change for the previous step:
		Actual       :        -0.0816973850
		Projected    :        -0.0421460659

2025-07-16:20:27:29,497 INFO     [psi4.optking.stepAlgorithms:318] 	Energy ratio =    1.93843
2025-07-16:20:27:29,497 INFO     [psi4.optking.stepAlgorithms:750] 	Using RFO solution 1.
2025-07-16:20:27:29,497 INFO     [psi4.optking.displace:73] 	Determining Cartesian step for fragment 1.
2025-07-16:20:27:29,497 INFO     [psi4.optking.displace:378] 	Successfully converged to displaced geometry.
2025-07-16:20:27:29,497 INFO     [psi4.optking.displace:379] 	RMS(dx):  0.000e+00 	Max(dx):  0.000e+00 	RMS(dq):  0.000e+00
2025-07-16:20:27:29,497 INFO     [psi4.optking.displace:132] 

	        --- Internal Coordinate Step in ANG or DEG, aJ/ANG or AJ/DEG ---
	-------------------------------------------------------------------------------
	           Coordinate      Previous         Force          Change          New 
	           ----------      --------        ------          ------        ------
	               R(1,2)       1.22232       23.44816        0.05472       1.27704
	-------------------------------------------------------------------------------

2025-07-16:20:27:29,497 INFO     [psi4.optking.stepAlgorithms:96] 	|target step| :    0.1034112440
2025-07-16:20:27:29,497 INFO     [psi4.optking.stepAlgorithms:97] 	gradient     :   -2.8460918321
2025-07-16:20:27:29,497 INFO     [psi4.optking.stepAlgorithms:98] 	hessian      :   27.2277553572
2025-07-16:20:27:29,497 INFO     [psi4.optking.stepAlgorithms:177] 	Norm of achieved step-size    0.1034112440
2025-07-16:20:27:29,497 INFO     [psi4.optking.stepAlgorithms:179] 	Norm of achieved step-size (cart):    0.0731227919
2025-07-16:20:27:29,497 INFO     [psi4.optking.opt_helper:151] Molsys:

	                            ===> Fragment 1 <== 

	 Z (Atomic Numbers)          Masses                          Geom                  
	      16.000000            31.972071         -0.00000000  1.20663059  0.00000000   
	      16.000000            31.972071          0.00000000 -1.20663059  0.00000000   

	 - Coordinate -           - BOHR/RAD -       - ANG/DEG -
	 R(1,2)           =         2.413261           1.277043

2025-07-16:20:27:29,497 INFO     [psi4.optking.convcheck:71] Performing convergence check.
2025-07-16:20:27:29,497 INFO     [psi4.optking.convcheck:263] 
	                                 ==> Convergence Check <==                                  
    
	Measures of convergence in internal coordinates in au.
    
	Criteria marked as inactive (o), active & met (*), and active & unmet ( ).

	----------------------------------------------------------------------------------------------
	   Step    Total Energy     Delta E     Max Force     RMS Force      Max Disp      RMS Disp   
	----------------------------------------------------------------------------------------------
	  Convergence Criteria     1.00e-06 *    3.00e-04 *             o    1.20e-03 *             o
	----------------------------------------------------------------------------------------------
	     3    -795.29586683   -8.17e-02      2.85e+00      2.85e+00 o    1.03e-01      1.03e-01 o  ~
	----------------------------------------------------------------------------------------------


2025-07-16:20:27:29,497 INFO     [psi4.optking.stepAlgorithms:266] 	Convergence check returned False
2025-07-16:20:27:29,512 INFO     [psi4.driver.task_planner:285] PLANNING Atomic:  keywords={'DAMPING_PERCENTAGE': 1.0, 'GEOM_MAXITER': 500, 'SCF__GUESS': 'READ', 'GUESS': 'SAP', 'MAXITER': 500, 'REFERENCE': 'UKS', 'function_kwargs': {}}
2025-07-16:20:27:29,514 INFO     [psi4.driver.driver:636] Compute gradient(): method=b3lyp, basis=cc-pvdz, molecule=default, nre=106.08051969361733
2025-07-16:20:27:33,84 INFO     [psi4.driver.driver:639] Return gradient(): -795.5578013884651
2025-07-16:20:27:33,84 INFO     [psi4.driver.driver:640] [[ 0.00000000 -2.24050542  0.00000000]
 [-0.00000000  2.24050542  0.00000000]]
2025-07-16:20:27:33,85 INFO     [psi4.optking.history:257] 	Performing BFGS update.
2025-07-16:20:27:33,85 INFO     [psi4.optking.history:268] 	Using 3 previous steps for update.
2025-07-16:20:27:33,86 INFO     [psi4.optking.history:302] 	Steps to be used in Hessian update:  3 2 1

2025-07-16:20:27:33,86 INFO     [psi4.optking.history:400] 	Updated Hessian (in au) 
 	   6.113711

2025-07-16:20:27:33,86 INFO     [psi4.optking.molsys:874] Projected (PHP) Hessian matrix
	   6.113711

2025-07-16:20:27:33,86 INFO     [psi4.optking.opt_helper:168] 
	         Geometry (au)                                       Gradient (au)
  -0.0000000000   1.2066305894   0.0000000000		   0.0000000000  -2.2405054240   0.0000000000
   0.0000000000  -1.2066305894   0.0000000000		  -0.0000000000   2.2405054240   0.0000000000

2025-07-16:20:27:33,86 INFO     [psi4.optking.stepAlgorithms:315] 	Current Step Report 
 
	Current energy:      -795.5578013885
	Energy change for the previous step:
		Actual       :        -0.2619345592
		Projected    :        -0.1471589484

2025-07-16:20:27:33,86 INFO     [psi4.optking.stepAlgorithms:318] 	Energy ratio =    1.77994
2025-07-16:20:27:33,86 INFO     [psi4.optking.stepAlgorithms:750] 	Using RFO solution 1.
2025-07-16:20:27:33,86 INFO     [psi4.optking.displace:73] 	Determining Cartesian step for fragment 1.
2025-07-16:20:27:33,86 INFO     [psi4.optking.displace:378] 	Successfully converged to displaced geometry.
2025-07-16:20:27:33,86 INFO     [psi4.optking.displace:379] 	RMS(dx):  0.000e+00 	Max(dx):  0.000e+00 	RMS(dq):  0.000e+00
2025-07-16:20:27:33,86 INFO     [psi4.optking.displace:132] 

	        --- Internal Coordinate Step in ANG or DEG, aJ/ANG or AJ/DEG ---
	-------------------------------------------------------------------------------
	           Coordinate      Previous         Force          Change          New 
	           ----------      --------        ------          ------        ------
	               R(1,2)       1.27704       18.45890        0.17316       1.45021
	-------------------------------------------------------------------------------

2025-07-16:20:27:33,86 INFO     [psi4.optking.stepAlgorithms:96] 	|target step| :    0.3272304859
2025-07-16:20:27:33,86 INFO     [psi4.optking.stepAlgorithms:97] 	gradient     :   -2.2405054240
2025-07-16:20:27:33,86 INFO     [psi4.optking.stepAlgorithms:98] 	hessian      :    6.1137108492
2025-07-16:20:27:33,86 INFO     [psi4.optking.stepAlgorithms:177] 	Norm of achieved step-size    0.3272304859
2025-07-16:20:27:33,86 INFO     [psi4.optking.stepAlgorithms:179] 	Norm of achieved step-size (cart):    0.2313868956
2025-07-16:20:27:33,86 INFO     [psi4.optking.opt_helper:151] Molsys:

	                            ===> Fragment 1 <== 

	 Z (Atomic Numbers)          Masses                          Geom                  
	      16.000000            31.972071         -0.00000000  1.37024583  0.00000000   
	      16.000000            31.972071          0.00000000 -1.37024583  0.00000000   

	 - Coordinate -           - BOHR/RAD -       - ANG/DEG -
	 R(1,2)           =         2.740492           1.450206

2025-07-16:20:27:33,87 INFO     [psi4.optking.convcheck:71] Performing convergence check.
2025-07-16:20:27:33,87 INFO     [psi4.optking.convcheck:263] 
	                                 ==> Convergence Check <==                                  
    
	Measures of convergence in internal coordinates in au.
    
	Criteria marked as inactive (o), active & met (*), and active & unmet ( ).

	----------------------------------------------------------------------------------------------
	   Step    Total Energy     Delta E     Max Force     RMS Force      Max Disp      RMS Disp   
	----------------------------------------------------------------------------------------------
	  Convergence Criteria     1.00e-06 *    3.00e-04 *             o    1.20e-03 *             o
	----------------------------------------------------------------------------------------------
	     4    -795.55780139   -2.62e-01      2.24e+00      2.24e+00 o    3.27e-01      3.27e-01 o  ~
	----------------------------------------------------------------------------------------------


2025-07-16:20:27:33,87 INFO     [psi4.optking.stepAlgorithms:266] 	Convergence check returned False
2025-07-16:20:27:33,109 INFO     [psi4.driver.task_planner:285] PLANNING Atomic:  keywords={'DAMPING_PERCENTAGE': 1.0, 'GEOM_MAXITER': 500, 'SCF__GUESS': 'READ', 'GUESS': 'SAP', 'MAXITER': 500, 'REFERENCE': 'UKS', 'function_kwargs': {}}
2025-07-16:20:27:33,111 INFO     [psi4.driver.driver:636] Compute gradient(): method=b3lyp, basis=cc-pvdz, molecule=default, nre=93.413894777663
2025-07-16:20:27:36,640 INFO     [psi4.driver.driver:639] Return gradient(): -796.0637252976501
2025-07-16:20:27:36,640 INFO     [psi4.driver.driver:640] [[ 0.00000000 -0.99605630 -0.00000000]
 [-0.00000000  0.99605630 -0.00000000]]
2025-07-16:20:27:36,643 INFO     [psi4.optking.history:257] 	Performing BFGS update.
2025-07-16:20:27:36,643 INFO     [psi4.optking.history:268] 	Using 4 previous steps for update.
2025-07-16:20:27:36,643 INFO     [psi4.optking.history:302] 	Steps to be used in Hessian update:  4 3 2 1

2025-07-16:20:27:36,643 INFO     [psi4.optking.history:400] 	Updated Hessian (in au) 
 	   4.514491

2025-07-16:20:27:36,643 INFO     [psi4.optking.molsys:874] Projected (PHP) Hessian matrix
	   4.514491

2025-07-16:20:27:36,643 INFO     [psi4.optking.opt_helper:168] 
	         Geometry (au)                                       Gradient (au)
  -0.0000000000   1.3702458323   0.0000000000		   0.0000000000  -0.9960563007  -0.0000000000
   0.0000000000  -1.3702458323   0.0000000000		  -0.0000000000   0.9960563007  -0.0000000000

2025-07-16:20:27:36,643 INFO     [psi4.optking.stepAlgorithms:315] 	Current Step Report 
 
	Current energy:      -796.0637252977
	Energy change for the previous step:
		Actual       :        -0.5059239092
		Projected    :        -0.3665808392

2025-07-16:20:27:36,643 INFO     [psi4.optking.stepAlgorithms:318] 	Energy ratio =    1.38012
2025-07-16:20:27:36,643 INFO     [psi4.optking.stepAlgorithms:750] 	Using RFO solution 1.
2025-07-16:20:27:36,643 INFO     [psi4.optking.displace:73] 	Determining Cartesian step for fragment 1.
2025-07-16:20:27:36,644 INFO     [psi4.optking.displace:378] 	Successfully converged to displaced geometry.
2025-07-16:20:27:36,644 INFO     [psi4.optking.displace:379] 	RMS(dx):  0.000e+00 	Max(dx):  0.000e+00 	RMS(dq):  0.000e+00
2025-07-16:20:27:36,644 INFO     [psi4.optking.displace:132] 

	        --- Internal Coordinate Step in ANG or DEG, aJ/ANG or AJ/DEG ---
	-------------------------------------------------------------------------------
	           Coordinate      Previous         Force          Change          New 
	           ----------      --------        ------          ------        ------
	               R(1,2)       1.45021        8.20623        0.11157       1.56177
	-------------------------------------------------------------------------------

2025-07-16:20:27:36,644 INFO     [psi4.optking.stepAlgorithms:96] 	|target step| :    0.2108283964
2025-07-16:20:27:36,644 INFO     [psi4.optking.stepAlgorithms:97] 	gradient     :   -0.9960563007
2025-07-16:20:27:36,644 INFO     [psi4.optking.stepAlgorithms:98] 	hessian      :    4.5144913870
2025-07-16:20:27:36,644 INFO     [psi4.optking.stepAlgorithms:177] 	Norm of achieved step-size    0.2108283964
2025-07-16:20:27:36,644 INFO     [psi4.optking.stepAlgorithms:179] 	Norm of achieved step-size (cart):    0.1490781888
2025-07-16:20:27:36,644 INFO     [psi4.optking.opt_helper:151] Molsys:

	                            ===> Fragment 1 <== 

	 Z (Atomic Numbers)          Masses                          Geom                  
	      16.000000            31.972071         -0.00000000  1.47566003  0.00000000   
	      16.000000            31.972071          0.00000000 -1.47566003  0.00000000   

	 - Coordinate -           - BOHR/RAD -       - ANG/DEG -
	 R(1,2)           =         2.951320           1.561771

2025-07-16:20:27:36,644 INFO     [psi4.optking.convcheck:71] Performing convergence check.
2025-07-16:20:27:36,644 INFO     [psi4.optking.convcheck:263] 
	                                 ==> Convergence Check <==                                  
    
	Measures of convergence in internal coordinates in au.
    
	Criteria marked as inactive (o), active & met (*), and active & unmet ( ).

	----------------------------------------------------------------------------------------------
	   Step    Total Energy     Delta E     Max Force     RMS Force      Max Disp      RMS Disp   
	----------------------------------------------------------------------------------------------
	  Convergence Criteria     1.00e-06 *    3.00e-04 *             o    1.20e-03 *             o
	----------------------------------------------------------------------------------------------
	     5    -796.06372530   -5.06e-01      9.96e-01      9.96e-01 o    2.11e-01      2.11e-01 o  ~
	----------------------------------------------------------------------------------------------


2025-07-16:20:27:36,644 INFO     [psi4.optking.stepAlgorithms:266] 	Convergence check returned False
2025-07-16:20:27:36,659 INFO     [psi4.driver.task_planner:285] PLANNING Atomic:  keywords={'DAMPING_PERCENTAGE': 1.0, 'GEOM_MAXITER': 500, 'SCF__GUESS': 'READ', 'GUESS': 'SAP', 'MAXITER': 500, 'REFERENCE': 'UKS', 'function_kwargs': {}}
2025-07-16:20:27:36,661 INFO     [psi4.driver.driver:636] Compute gradient(): method=b3lyp, basis=cc-pvdz, molecule=default, nre=86.74084636749028
2025-07-16:20:27:40,360 INFO     [psi4.driver.driver:639] Return gradient(): -796.223917926014
2025-07-16:20:27:40,361 INFO     [psi4.driver.driver:640] [[ 0.00000000 -0.55820479  0.00000000]
 [-0.00000000  0.55820479  0.00000000]]
2025-07-16:20:27:40,364 INFO     [psi4.optking.history:257] 	Performing BFGS update.
2025-07-16:20:27:40,364 INFO     [psi4.optking.history:268] 	Using 4 previous steps for update.
2025-07-16:20:27:40,364 WARNING  [psi4.optking.history:286] 	Change in internal coordinate of 5.38e-01 exceeds limit of 5.00e-01.
2025-07-16:20:27:40,364 WARNING  [psi4.optking.history:291] 	Skipping Hessian update for step 4.
2025-07-16:20:27:40,364 WARNING  [psi4.optking.history:286] 	Change in internal coordinate of 6.41e-01 exceeds limit of 5.00e-01.
2025-07-16:20:27:40,364 WARNING  [psi4.optking.history:291] 	Skipping Hessian update for step 3.
2025-07-16:20:27:40,365 WARNING  [psi4.optking.history:286] 	Change in internal coordinate of 6.69e-01 exceeds limit of 5.00e-01.
2025-07-16:20:27:40,365 WARNING  [psi4.optking.history:291] 	Skipping Hessian update for step 2.
2025-07-16:20:27:40,365 WARNING  [psi4.optking.history:286] 	Change in internal coordinate of 6.84e-01 exceeds limit of 5.00e-01.
2025-07-16:20:27:40,365 WARNING  [psi4.optking.history:291] 	Skipping Hessian update for step 1.
2025-07-16:20:27:40,365 INFO     [psi4.optking.history:302] 	Steps to be used in Hessian update:  5

2025-07-16:20:27:40,365 INFO     [psi4.optking.history:400] 	Updated Hessian (in au) 
 	   2.257246

2025-07-16:20:27:40,365 INFO     [psi4.optking.molsys:874] Projected (PHP) Hessian matrix
	   2.257246

2025-07-16:20:27:40,365 INFO     [psi4.optking.opt_helper:168] 
	         Geometry (au)                                       Gradient (au)
  -0.0000000000   1.4756600305   0.0000000000		   0.0000000000  -0.5582047931   0.0000000000
   0.0000000000  -1.4756600305   0.0000000000		  -0.0000000000   0.5582047931   0.0000000000

2025-07-16:20:27:40,365 INFO     [psi4.optking.stepAlgorithms:315] 	Current Step Report 
 
	Current energy:      -796.2239179260
	Energy change for the previous step:
		Actual       :        -0.1601926284
		Projected    :        -0.1049984763

2025-07-16:20:27:40,366 INFO     [psi4.optking.stepAlgorithms:318] 	Energy ratio =    1.52567
2025-07-16:20:27:40,366 INFO     [psi4.optking.stepAlgorithms:750] 	Using RFO solution 1.
2025-07-16:20:27:40,366 INFO     [psi4.optking.displace:73] 	Determining Cartesian step for fragment 1.
2025-07-16:20:27:40,366 INFO     [psi4.optking.displace:378] 	Successfully converged to displaced geometry.
2025-07-16:20:27:40,366 INFO     [psi4.optking.displace:379] 	RMS(dx):  0.000e+00 	Max(dx):  0.000e+00 	RMS(dq):  0.000e+00
2025-07-16:20:27:40,367 INFO     [psi4.optking.displace:132] 

	        --- Internal Coordinate Step in ANG or DEG, aJ/ANG or AJ/DEG ---
	-------------------------------------------------------------------------------
	           Coordinate      Previous         Force          Change          New 
	           ----------      --------        ------          ------        ------
	               R(1,2)       1.56177        4.59889        0.12371       1.68548
	-------------------------------------------------------------------------------

2025-07-16:20:27:40,369 INFO     [psi4.optking.stepAlgorithms:96] 	|target step| :    0.2337793166
2025-07-16:20:27:40,369 INFO     [psi4.optking.stepAlgorithms:97] 	gradient     :   -0.5582047931
2025-07-16:20:27:40,369 INFO     [psi4.optking.stepAlgorithms:98] 	hessian      :    2.2572456935
2025-07-16:20:27:40,369 INFO     [psi4.optking.stepAlgorithms:177] 	Norm of achieved step-size    0.2337793166
2025-07-16:20:27:40,369 INFO     [psi4.optking.stepAlgorithms:179] 	Norm of achieved step-size (cart):    0.1653069400
2025-07-16:20:27:40,369 INFO     [psi4.optking.opt_helper:151] Molsys:

	                            ===> Fragment 1 <== 

	 Z (Atomic Numbers)          Masses                          Geom                  
	      16.000000            31.972071         -0.00000000  1.59254969  0.00000000   
	      16.000000            31.972071          0.00000000 -1.59254969  0.00000000   

	 - Coordinate -           - BOHR/RAD -       - ANG/DEG -
	 R(1,2)           =         3.185099           1.685482

2025-07-16:20:27:40,369 INFO     [psi4.optking.convcheck:71] Performing convergence check.
2025-07-16:20:27:40,369 INFO     [psi4.optking.convcheck:263] 
	                                 ==> Convergence Check <==                                  
    
	Measures of convergence in internal coordinates in au.
    
	Criteria marked as inactive (o), active & met (*), and active & unmet ( ).

	----------------------------------------------------------------------------------------------
	   Step    Total Energy     Delta E     Max Force     RMS Force      Max Disp      RMS Disp   
	----------------------------------------------------------------------------------------------
	  Convergence Criteria     1.00e-06 *    3.00e-04 *             o    1.20e-03 *             o
	----------------------------------------------------------------------------------------------
	     6    -796.22391793   -1.60e-01      5.58e-01      5.58e-01 o    2.34e-01      2.34e-01 o  ~
	----------------------------------------------------------------------------------------------


2025-07-16:20:27:40,369 INFO     [psi4.optking.stepAlgorithms:266] 	Convergence check returned False
2025-07-16:20:27:40,383 INFO     [psi4.driver.task_planner:285] PLANNING Atomic:  keywords={'DAMPING_PERCENTAGE': 1.0, 'GEOM_MAXITER': 500, 'SCF__GUESS': 'READ', 'GUESS': 'SAP', 'MAXITER': 500, 'REFERENCE': 'UKS', 'function_kwargs': {}}
2025-07-16:20:27:40,386 INFO     [psi4.driver.driver:636] Compute gradient(): method=b3lyp, basis=cc-pvdz, molecule=default, nre=80.3742582718377
2025-07-16:20:27:43,790 INFO     [psi4.driver.driver:639] Return gradient(): -796.3171694786963
2025-07-16:20:27:43,790 INFO     [psi4.driver.driver:640] [[ 0.00000000 -0.26586908  0.00000000]
 [-0.00000000  0.26586908 -0.00000000]]
2025-07-16:20:27:43,792 INFO     [psi4.optking.history:257] 	Performing BFGS update.
2025-07-16:20:27:43,792 INFO     [psi4.optking.history:268] 	Using 4 previous steps for update.
2025-07-16:20:27:43,792 WARNING  [psi4.optking.history:286] 	Change in internal coordinate of 7.72e-01 exceeds limit of 5.00e-01.
2025-07-16:20:27:43,792 WARNING  [psi4.optking.history:291] 	Skipping Hessian update for step 4.
2025-07-16:20:27:43,792 WARNING  [psi4.optking.history:286] 	Change in internal coordinate of 8.75e-01 exceeds limit of 5.00e-01.
2025-07-16:20:27:43,792 WARNING  [psi4.optking.history:291] 	Skipping Hessian update for step 3.
2025-07-16:20:27:43,792 WARNING  [psi4.optking.history:286] 	Change in internal coordinate of 9.03e-01 exceeds limit of 5.00e-01.
2025-07-16:20:27:43,792 WARNING  [psi4.optking.history:291] 	Skipping Hessian update for step 2.
2025-07-16:20:27:43,792 WARNING  [psi4.optking.history:286] 	Change in internal coordinate of 9.17e-01 exceeds limit of 5.00e-01.
2025-07-16:20:27:43,792 WARNING  [psi4.optking.history:291] 	Skipping Hessian update for step 1.
2025-07-16:20:27:43,792 INFO     [psi4.optking.history:302] 	Steps to be used in Hessian update:  6 5

2025-07-16:20:27:43,792 INFO     [psi4.optking.history:400] 	Updated Hessian (in au) 
 	   1.642318

2025-07-16:20:27:43,792 INFO     [psi4.optking.molsys:874] Projected (PHP) Hessian matrix
	   1.642318

2025-07-16:20:27:43,792 INFO     [psi4.optking.opt_helper:168] 
	         Geometry (au)                                       Gradient (au)
  -0.0000000000   1.5925496888   0.0000000000		   0.0000000000  -0.2658690809   0.0000000000
   0.0000000000  -1.5925496888   0.0000000000		  -0.0000000000   0.2658690809  -0.0000000000

2025-07-16:20:27:43,792 INFO     [psi4.optking.stepAlgorithms:315] 	Current Step Report 
 
	Current energy:      -796.3171694787
	Energy change for the previous step:
		Actual       :        -0.0932515527
		Projected    :        -0.0652483675

2025-07-16:20:27:43,792 INFO     [psi4.optking.stepAlgorithms:318] 	Energy ratio =    1.42918
2025-07-16:20:27:43,792 INFO     [psi4.optking.stepAlgorithms:750] 	Using RFO solution 1.
2025-07-16:20:27:43,793 INFO     [psi4.optking.displace:73] 	Determining Cartesian step for fragment 1.
2025-07-16:20:27:43,793 INFO     [psi4.optking.displace:378] 	Successfully converged to displaced geometry.
2025-07-16:20:27:43,793 INFO     [psi4.optking.displace:379] 	RMS(dx):  0.000e+00 	Max(dx):  0.000e+00 	RMS(dq):  0.000e+00
2025-07-16:20:27:43,793 INFO     [psi4.optking.displace:132] 

	        --- Internal Coordinate Step in ANG or DEG, aJ/ANG or AJ/DEG ---
	-------------------------------------------------------------------------------
	           Coordinate      Previous         Force          Change          New 
	           ----------      --------        ------          ------        ------
	               R(1,2)       1.68548        2.19042        0.08353       1.76901
	-------------------------------------------------------------------------------

2025-07-16:20:27:43,793 INFO     [psi4.optking.stepAlgorithms:96] 	|target step| :    0.1578526855
2025-07-16:20:27:43,793 INFO     [psi4.optking.stepAlgorithms:97] 	gradient     :   -0.2658690809
2025-07-16:20:27:43,793 INFO     [psi4.optking.stepAlgorithms:98] 	hessian      :    1.6423179320
2025-07-16:20:27:43,793 INFO     [psi4.optking.stepAlgorithms:177] 	Norm of achieved step-size    0.1578526855
2025-07-16:20:27:43,793 INFO     [psi4.optking.stepAlgorithms:179] 	Norm of achieved step-size (cart):    0.1116187043
2025-07-16:20:27:43,793 INFO     [psi4.optking.opt_helper:151] Molsys:

	                            ===> Fragment 1 <== 

	 Z (Atomic Numbers)          Masses                          Geom                  
	      16.000000            31.972071         -0.00000000  1.67147603  0.00000000   
	      16.000000            31.972071          0.00000000 -1.67147603  0.00000000   

	 - Coordinate -           - BOHR/RAD -       - ANG/DEG -
	 R(1,2)           =         3.342952           1.769014

2025-07-16:20:27:43,793 INFO     [psi4.optking.convcheck:71] Performing convergence check.
2025-07-16:20:27:43,793 INFO     [psi4.optking.convcheck:263] 
	                                 ==> Convergence Check <==                                  
    
	Measures of convergence in internal coordinates in au.
    
	Criteria marked as inactive (o), active & met (*), and active & unmet ( ).

	----------------------------------------------------------------------------------------------
	   Step    Total Energy     Delta E     Max Force     RMS Force      Max Disp      RMS Disp   
	----------------------------------------------------------------------------------------------
	  Convergence Criteria     1.00e-06 *    3.00e-04 *             o    1.20e-03 *             o
	----------------------------------------------------------------------------------------------
	     7    -796.31716948   -9.33e-02      2.66e-01      2.66e-01 o    1.58e-01      1.58e-01 o  ~
	----------------------------------------------------------------------------------------------


2025-07-16:20:27:43,793 INFO     [psi4.optking.stepAlgorithms:266] 	Convergence check returned False
2025-07-16:20:27:43,809 INFO     [psi4.driver.task_planner:285] PLANNING Atomic:  keywords={'DAMPING_PERCENTAGE': 1.0, 'GEOM_MAXITER': 500, 'SCF__GUESS': 'READ', 'GUESS': 'SAP', 'MAXITER': 500, 'REFERENCE': 'UKS', 'function_kwargs': {}}
2025-07-16:20:27:43,811 INFO     [psi4.driver.driver:636] Compute gradient(): method=b3lyp, basis=cc-pvdz, molecule=default, nre=76.57902212378377
2025-07-16:20:27:48,314 INFO     [psi4.driver.driver:639] Return gradient(): -796.348756976864
2025-07-16:20:27:48,315 INFO     [psi4.driver.driver:640] [[ 0.00000000 -0.14207449  0.00000000]
 [-0.00000000  0.14207449  0.00000000]]
2025-07-16:20:27:48,317 INFO     [psi4.optking.history:257] 	Performing BFGS update.
2025-07-16:20:27:48,317 INFO     [psi4.optking.history:268] 	Using 4 previous steps for update.
2025-07-16:20:27:48,317 WARNING  [psi4.optking.history:286] 	Change in internal coordinate of 6.02e-01 exceeds limit of 5.00e-01.
2025-07-16:20:27:48,317 WARNING  [psi4.optking.history:291] 	Skipping Hessian update for step 5.
2025-07-16:20:27:48,317 WARNING  [psi4.optking.history:286] 	Change in internal coordinate of 9.30e-01 exceeds limit of 5.00e-01.
2025-07-16:20:27:48,317 WARNING  [psi4.optking.history:291] 	Skipping Hessian update for step 4.
2025-07-16:20:27:48,317 WARNING  [psi4.optking.history:286] 	Change in internal coordinate of 1.03e+00 exceeds limit of 5.00e-01.
2025-07-16:20:27:48,317 WARNING  [psi4.optking.history:291] 	Skipping Hessian update for step 3.
2025-07-16:20:27:48,317 WARNING  [psi4.optking.history:286] 	Change in internal coordinate of 1.06e+00 exceeds limit of 5.00e-01.
2025-07-16:20:27:48,317 WARNING  [psi4.optking.history:291] 	Skipping Hessian update for step 2.
2025-07-16:20:27:48,317 WARNING  [psi4.optking.history:286] 	Change in internal coordinate of 1.08e+00 exceeds limit of 5.00e-01.
2025-07-16:20:27:48,317 WARNING  [psi4.optking.history:291] 	Skipping Hessian update for step 1.
2025-07-16:20:27:48,317 INFO     [psi4.optking.history:302] 	Steps to be used in Hessian update:  7 6

2025-07-16:20:27:48,317 INFO     [psi4.optking.history:400] 	Updated Hessian (in au) 
 	   1.062554

2025-07-16:20:27:48,317 INFO     [psi4.optking.molsys:874] Projected (PHP) Hessian matrix
	   1.062554

2025-07-16:20:27:48,317 INFO     [psi4.optking.opt_helper:168] 
	         Geometry (au)                                       Gradient (au)
  -0.0000000000   1.6714760316   0.0000000000		   0.0000000000  -0.1420744880   0.0000000000
   0.0000000000  -1.6714760316   0.0000000000		  -0.0000000000   0.1420744880   0.0000000000

2025-07-16:20:27:48,317 INFO     [psi4.optking.stepAlgorithms:315] 	Current Step Report 
 
	Current energy:      -796.3487569769
	Energy change for the previous step:
		Actual       :        -0.0315874982
		Projected    :        -0.0209840742

2025-07-16:20:27:48,318 INFO     [psi4.optking.stepAlgorithms:318] 	Energy ratio =    1.50531
2025-07-16:20:27:48,318 INFO     [psi4.optking.stepAlgorithms:750] 	Using RFO solution 1.
2025-07-16:20:27:48,318 INFO     [psi4.optking.displace:73] 	Determining Cartesian step for fragment 1.
2025-07-16:20:27:48,318 INFO     [psi4.optking.displace:378] 	Successfully converged to displaced geometry.
2025-07-16:20:27:48,318 INFO     [psi4.optking.displace:379] 	RMS(dx):  0.000e+00 	Max(dx):  0.000e+00 	RMS(dq):  0.000e+00
2025-07-16:20:27:48,318 INFO     [psi4.optking.displace:132] 

	        --- Internal Coordinate Step in ANG or DEG, aJ/ANG or AJ/DEG ---
	-------------------------------------------------------------------------------
	           Coordinate      Previous         Force          Change          New 
	           ----------      --------        ------          ------        ------
	               R(1,2)       1.76901        1.17051        0.06953       1.83855
	-------------------------------------------------------------------------------

2025-07-16:20:27:48,318 INFO     [psi4.optking.stepAlgorithms:96] 	|target step| :    0.1314016257
2025-07-16:20:27:48,318 INFO     [psi4.optking.stepAlgorithms:97] 	gradient     :   -0.1420744880
2025-07-16:20:27:48,318 INFO     [psi4.optking.stepAlgorithms:98] 	hessian      :    1.0625543951
2025-07-16:20:27:48,318 INFO     [psi4.optking.stepAlgorithms:177] 	Norm of achieved step-size    0.1314016257
2025-07-16:20:27:48,318 INFO     [psi4.optking.stepAlgorithms:179] 	Norm of achieved step-size (cart):    0.0929149806
2025-07-16:20:27:48,318 INFO     [psi4.optking.opt_helper:151] Molsys:

	                            ===> Fragment 1 <== 

	 Z (Atomic Numbers)          Masses                          Geom                  
	      16.000000            31.972071         -0.00000000  1.73717684  0.00000000   
	      16.000000            31.972071          0.00000000 -1.73717684  0.00000000   

	 - Coordinate -           - BOHR/RAD -       - ANG/DEG -
	 R(1,2)           =         3.474354           1.838549

2025-07-16:20:27:48,318 INFO     [psi4.optking.convcheck:71] Performing convergence check.
2025-07-16:20:27:48,318 INFO     [psi4.optking.convcheck:263] 
	                                 ==> Convergence Check <==                                  
    
	Measures of convergence in internal coordinates in au.
    
	Criteria marked as inactive (o), active & met (*), and active & unmet ( ).

	----------------------------------------------------------------------------------------------
	   Step    Total Energy     Delta E     Max Force     RMS Force      Max Disp      RMS Disp   
	----------------------------------------------------------------------------------------------
	  Convergence Criteria     1.00e-06 *    3.00e-04 *             o    1.20e-03 *             o
	----------------------------------------------------------------------------------------------
	     8    -796.34875698   -3.16e-02      1.42e-01      1.42e-01 o    1.31e-01      1.31e-01 o  ~
	----------------------------------------------------------------------------------------------


2025-07-16:20:27:48,318 INFO     [psi4.optking.stepAlgorithms:266] 	Convergence check returned False
2025-07-16:20:27:48,334 INFO     [psi4.driver.task_planner:285] PLANNING Atomic:  keywords={'DAMPING_PERCENTAGE': 1.0, 'GEOM_MAXITER': 500, 'SCF__GUESS': 'READ', 'GUESS': 'SAP', 'MAXITER': 500, 'REFERENCE': 'UKS', 'function_kwargs': {}}
2025-07-16:20:27:48,336 INFO     [psi4.driver.driver:636] Compute gradient(): method=b3lyp, basis=cc-pvdz, molecule=default, nre=73.68276892065724
2025-07-16:20:27:51,905 INFO     [psi4.driver.driver:639] Return gradient(): -796.3623995275597
2025-07-16:20:27:51,905 INFO     [psi4.driver.driver:640] [[ 0.00000000 -0.06942873  0.00000000]
 [-0.00000000  0.06942873  0.00000000]]
2025-07-16:20:27:51,909 INFO     [psi4.optking.history:257] 	Performing BFGS update.
2025-07-16:20:27:51,909 INFO     [psi4.optking.history:268] 	Using 4 previous steps for update.
2025-07-16:20:27:51,909 WARNING  [psi4.optking.history:286] 	Change in internal coordinate of 5.23e-01 exceeds limit of 5.00e-01.
2025-07-16:20:27:51,910 WARNING  [psi4.optking.history:291] 	Skipping Hessian update for step 6.
2025-07-16:20:27:51,910 WARNING  [psi4.optking.history:286] 	Change in internal coordinate of 7.34e-01 exceeds limit of 5.00e-01.
2025-07-16:20:27:51,910 WARNING  [psi4.optking.history:291] 	Skipping Hessian update for step 5.
2025-07-16:20:27:51,910 WARNING  [psi4.optking.history:286] 	Change in internal coordinate of 1.06e+00 exceeds limit of 5.00e-01.
2025-07-16:20:27:51,910 WARNING  [psi4.optking.history:291] 	Skipping Hessian update for step 4.
2025-07-16:20:27:51,910 WARNING  [psi4.optking.history:286] 	Change in internal coordinate of 1.16e+00 exceeds limit of 5.00e-01.
2025-07-16:20:27:51,910 WARNING  [psi4.optking.history:291] 	Skipping Hessian update for step 3.
2025-07-16:20:27:51,910 WARNING  [psi4.optking.history:286] 	Change in internal coordinate of 1.19e+00 exceeds limit of 5.00e-01.
2025-07-16:20:27:51,910 WARNING  [psi4.optking.history:291] 	Skipping Hessian update for step 2.
2025-07-16:20:27:51,910 WARNING  [psi4.optking.history:286] 	Change in internal coordinate of 1.21e+00 exceeds limit of 5.00e-01.
2025-07-16:20:27:51,910 WARNING  [psi4.optking.history:291] 	Skipping Hessian update for step 1.
2025-07-16:20:27:51,910 INFO     [psi4.optking.history:302] 	Steps to be used in Hessian update:  8 7

2025-07-16:20:27:51,910 INFO     [psi4.optking.history:400] 	Updated Hessian (in au) 
 	   0.679127

2025-07-16:20:27:51,910 INFO     [psi4.optking.molsys:874] Projected (PHP) Hessian matrix
	   0.679127

2025-07-16:20:27:51,910 INFO     [psi4.optking.opt_helper:168] 
	         Geometry (au)                                       Gradient (au)
  -0.0000000000   1.7371768444   0.0000000000		   0.0000000000  -0.0694287276   0.0000000000
   0.0000000000  -1.7371768444   0.0000000000		  -0.0000000000   0.0694287276   0.0000000000

2025-07-16:20:27:51,910 INFO     [psi4.optking.stepAlgorithms:315] 	Current Step Report 
 
	Current energy:      -796.3623995276
	Energy change for the previous step:
		Actual       :        -0.0136425507
		Projected    :        -0.0093344093

2025-07-16:20:27:51,910 INFO     [psi4.optking.stepAlgorithms:318] 	Energy ratio =    1.46153
2025-07-16:20:27:51,910 INFO     [psi4.optking.stepAlgorithms:750] 	Using RFO solution 1.
2025-07-16:20:27:51,910 INFO     [psi4.optking.displace:73] 	Determining Cartesian step for fragment 1.
2025-07-16:20:27:51,911 INFO     [psi4.optking.displace:378] 	Successfully converged to displaced geometry.
2025-07-16:20:27:51,911 INFO     [psi4.optking.displace:379] 	RMS(dx):  0.000e+00 	Max(dx):  0.000e+00 	RMS(dq):  0.000e+00
2025-07-16:20:27:51,911 INFO     [psi4.optking.displace:132] 

	        --- Internal Coordinate Step in ANG or DEG, aJ/ANG or AJ/DEG ---
	-------------------------------------------------------------------------------
	           Coordinate      Previous         Force          Change          New 
	           ----------      --------        ------          ------        ------
	               R(1,2)       1.83855        0.57200        0.05355       1.89209
	-------------------------------------------------------------------------------

2025-07-16:20:27:51,911 INFO     [psi4.optking.stepAlgorithms:96] 	|target step| :    0.1011856398
2025-07-16:20:27:51,911 INFO     [psi4.optking.stepAlgorithms:97] 	gradient     :   -0.0694287276
2025-07-16:20:27:51,911 INFO     [psi4.optking.stepAlgorithms:98] 	hessian      :    0.6791267951
2025-07-16:20:27:51,911 INFO     [psi4.optking.stepAlgorithms:177] 	Norm of achieved step-size    0.1011856398
2025-07-16:20:27:51,911 INFO     [psi4.optking.stepAlgorithms:179] 	Norm of achieved step-size (cart):    0.0715490520
2025-07-16:20:27:51,911 INFO     [psi4.optking.opt_helper:151] Molsys:

	                            ===> Fragment 1 <== 

	 Z (Atomic Numbers)          Masses                          Geom                  
	      16.000000            31.972071         -0.00000000  1.78776966  0.00000000   
	      16.000000            31.972071          0.00000000 -1.78776966  0.00000000   

	 - Coordinate -           - BOHR/RAD -       - ANG/DEG -
	 R(1,2)           =         3.575539           1.892094

2025-07-16:20:27:51,911 INFO     [psi4.optking.convcheck:71] Performing convergence check.
2025-07-16:20:27:51,911 INFO     [psi4.optking.convcheck:263] 
	                                 ==> Convergence Check <==                                  
    
	Measures of convergence in internal coordinates in au.
    
	Criteria marked as inactive (o), active & met (*), and active & unmet ( ).

	----------------------------------------------------------------------------------------------
	   Step    Total Energy     Delta E     Max Force     RMS Force      Max Disp      RMS Disp   
	----------------------------------------------------------------------------------------------
	  Convergence Criteria     1.00e-06 *    3.00e-04 *             o    1.20e-03 *             o
	----------------------------------------------------------------------------------------------
	     9    -796.36239953   -1.36e-02      6.94e-02      6.94e-02 o    1.01e-01      1.01e-01 o  ~
	----------------------------------------------------------------------------------------------


2025-07-16:20:27:51,911 INFO     [psi4.optking.stepAlgorithms:266] 	Convergence check returned False
2025-07-16:20:27:51,926 INFO     [psi4.driver.task_planner:285] PLANNING Atomic:  keywords={'DAMPING_PERCENTAGE': 1.0, 'GEOM_MAXITER': 500, 'SCF__GUESS': 'READ', 'GUESS': 'SAP', 'MAXITER': 500, 'REFERENCE': 'UKS', 'function_kwargs': {}}
2025-07-16:20:27:51,928 INFO     [psi4.driver.driver:636] Compute gradient(): method=b3lyp, basis=cc-pvdz, molecule=default, nre=71.59759031445459
2025-07-16:20:27:55,472 INFO     [psi4.driver.driver:639] Return gradient(): -796.3672135959822
2025-07-16:20:27:55,472 INFO     [psi4.driver.driver:640] [[ 0.00000000 -0.02749483  0.00000000]
 [-0.00000000  0.02749483  0.00000000]]
2025-07-16:20:27:55,474 INFO     [psi4.optking.history:257] 	Performing BFGS update.
2025-07-16:20:27:55,474 INFO     [psi4.optking.history:268] 	Using 4 previous steps for update.
2025-07-16:20:27:55,475 WARNING  [psi4.optking.history:286] 	Change in internal coordinate of 6.24e-01 exceeds limit of 5.00e-01.
2025-07-16:20:27:55,475 WARNING  [psi4.optking.history:291] 	Skipping Hessian update for step 6.
2025-07-16:20:27:55,475 WARNING  [psi4.optking.history:286] 	Change in internal coordinate of 8.35e-01 exceeds limit of 5.00e-01.
2025-07-16:20:27:55,475 WARNING  [psi4.optking.history:291] 	Skipping Hessian update for step 5.
2025-07-16:20:27:55,475 WARNING  [psi4.optking.history:286] 	Change in internal coordinate of 1.16e+00 exceeds limit of 5.00e-01.
2025-07-16:20:27:55,475 WARNING  [psi4.optking.history:291] 	Skipping Hessian update for step 4.
2025-07-16:20:27:55,475 WARNING  [psi4.optking.history:286] 	Change in internal coordinate of 1.27e+00 exceeds limit of 5.00e-01.
2025-07-16:20:27:55,475 WARNING  [psi4.optking.history:291] 	Skipping Hessian update for step 3.
2025-07-16:20:27:55,475 WARNING  [psi4.optking.history:286] 	Change in internal coordinate of 1.29e+00 exceeds limit of 5.00e-01.
2025-07-16:20:27:55,475 WARNING  [psi4.optking.history:291] 	Skipping Hessian update for step 2.
2025-07-16:20:27:55,475 WARNING  [psi4.optking.history:286] 	Change in internal coordinate of 1.31e+00 exceeds limit of 5.00e-01.
2025-07-16:20:27:55,475 WARNING  [psi4.optking.history:291] 	Skipping Hessian update for step 1.
2025-07-16:20:27:55,475 INFO     [psi4.optking.history:302] 	Steps to be used in Hessian update:  9 8 7

2025-07-16:20:27:55,476 INFO     [psi4.optking.history:400] 	Updated Hessian (in au) 
 	   0.610527

2025-07-16:20:27:55,476 INFO     [psi4.optking.molsys:874] Projected (PHP) Hessian matrix
	   0.610527

2025-07-16:20:27:55,476 INFO     [psi4.optking.opt_helper:168] 
	         Geometry (au)                                       Gradient (au)
  -0.0000000000   1.7877696643   0.0000000000		   0.0000000000  -0.0274948282   0.0000000000
   0.0000000000  -1.7877696643   0.0000000000		  -0.0000000000   0.0274948282   0.0000000000

2025-07-16:20:27:55,476 INFO     [psi4.optking.stepAlgorithms:315] 	Current Step Report 
 
	Current energy:      -796.3672135960
	Energy change for the previous step:
		Actual       :        -0.0048140684
		Projected    :        -0.0035125951

2025-07-16:20:27:55,476 INFO     [psi4.optking.stepAlgorithms:318] 	Energy ratio =    1.37052
2025-07-16:20:27:55,476 INFO     [psi4.optking.stepAlgorithms:750] 	Using RFO solution 1.
2025-07-16:20:27:55,476 INFO     [psi4.optking.displace:73] 	Determining Cartesian step for fragment 1.
2025-07-16:20:27:55,477 INFO     [psi4.optking.displace:378] 	Successfully converged to displaced geometry.
2025-07-16:20:27:55,477 INFO     [psi4.optking.displace:379] 	RMS(dx):  0.000e+00 	Max(dx):  0.000e+00 	RMS(dq):  0.000e+00
2025-07-16:20:27:55,477 INFO     [psi4.optking.displace:132] 

	        --- Internal Coordinate Step in ANG or DEG, aJ/ANG or AJ/DEG ---
	-------------------------------------------------------------------------------
	           Coordinate      Previous         Force          Change          New 
	           ----------      --------        ------          ------        ------
	               R(1,2)       1.89209        0.22652        0.02378       1.91588
	-------------------------------------------------------------------------------

2025-07-16:20:27:55,477 INFO     [psi4.optking.stepAlgorithms:96] 	|target step| :    0.0449435926
2025-07-16:20:27:55,477 INFO     [psi4.optking.stepAlgorithms:97] 	gradient     :   -0.0274948282
2025-07-16:20:27:55,477 INFO     [psi4.optking.stepAlgorithms:98] 	hessian      :    0.6105273093
2025-07-16:20:27:55,477 INFO     [psi4.optking.stepAlgorithms:177] 	Norm of achieved step-size    0.0449435926
2025-07-16:20:27:55,477 INFO     [psi4.optking.stepAlgorithms:179] 	Norm of achieved step-size (cart):    0.0317799191
2025-07-16:20:27:55,477 INFO     [psi4.optking.opt_helper:151] Molsys:

	                            ===> Fragment 1 <== 

	 Z (Atomic Numbers)          Masses                          Geom                  
	      16.000000            31.972071         -0.00000000  1.81024146  0.00000000   
	      16.000000            31.972071          0.00000000 -1.81024146  0.00000000   

	 - Coordinate -           - BOHR/RAD -       - ANG/DEG -
	 R(1,2)           =         3.620483           1.915877

2025-07-16:20:27:55,478 INFO     [psi4.optking.convcheck:71] Performing convergence check.
2025-07-16:20:27:55,478 INFO     [psi4.optking.convcheck:263] 
	                                 ==> Convergence Check <==                                  
    
	Measures of convergence in internal coordinates in au.
    
	Criteria marked as inactive (o), active & met (*), and active & unmet ( ).

	----------------------------------------------------------------------------------------------
	   Step    Total Energy     Delta E     Max Force     RMS Force      Max Disp      RMS Disp   
	----------------------------------------------------------------------------------------------
	  Convergence Criteria     1.00e-06 *    3.00e-04 *             o    1.20e-03 *             o
	----------------------------------------------------------------------------------------------
	    10    -796.36721360   -4.81e-03      2.75e-02      2.75e-02 o    4.49e-02      4.49e-02 o  ~
	----------------------------------------------------------------------------------------------


2025-07-16:20:27:55,478 INFO     [psi4.optking.stepAlgorithms:266] 	Convergence check returned False
2025-07-16:20:27:55,496 INFO     [psi4.driver.task_planner:285] PLANNING Atomic:  keywords={'DAMPING_PERCENTAGE': 1.0, 'GEOM_MAXITER': 500, 'SCF__GUESS': 'READ', 'GUESS': 'SAP', 'MAXITER': 500, 'REFERENCE': 'UKS', 'function_kwargs': {}}
2025-07-16:20:27:55,497 INFO     [psi4.driver.driver:636] Compute gradient(): method=b3lyp, basis=cc-pvdz, molecule=default, nre=70.7087992326073
2025-07-16:20:27:59,442 INFO     [psi4.driver.driver:639] Return gradient(): -796.3680950297178
2025-07-16:20:27:59,443 INFO     [psi4.driver.driver:640] [[ 0.00000000 -0.01202446  0.00000000]
 [-0.00000000  0.01202446  0.00000000]]
2025-07-16:20:27:59,446 INFO     [psi4.optking.history:257] 	Performing BFGS update.
2025-07-16:20:27:59,446 INFO     [psi4.optking.history:268] 	Using 4 previous steps for update.
2025-07-16:20:27:59,446 INFO     [psi4.optking.history:302] 	Steps to be used in Hessian update:  10 9 8 7

2025-07-16:20:27:59,446 INFO     [psi4.optking.history:400] 	Updated Hessian (in au) 
 	   0.583037

2025-07-16:20:27:59,447 INFO     [psi4.optking.molsys:874] Projected (PHP) Hessian matrix
	   0.583037

2025-07-16:20:27:59,447 INFO     [psi4.optking.opt_helper:168] 
	         Geometry (au)                                       Gradient (au)
  -0.0000000000   1.8102414606   0.0000000000		   0.0000000000  -0.0120244631   0.0000000000
   0.0000000000  -1.8102414606   0.0000000000		  -0.0000000000   0.0120244631   0.0000000000

2025-07-16:20:27:59,447 INFO     [psi4.optking.stepAlgorithms:315] 	Current Step Report 
 
	Current energy:      -796.3680950297
	Energy change for the previous step:
		Actual       :        -0.0008814337
		Projected    :        -0.0006178582

2025-07-16:20:27:59,447 INFO     [psi4.optking.stepAlgorithms:318] 	Energy ratio =    1.42660
2025-07-16:20:27:59,447 INFO     [psi4.optking.stepAlgorithms:750] 	Using RFO solution 1.
2025-07-16:20:27:59,447 INFO     [psi4.optking.displace:73] 	Determining Cartesian step for fragment 1.
2025-07-16:20:27:59,448 INFO     [psi4.optking.displace:378] 	Successfully converged to displaced geometry.
2025-07-16:20:27:59,448 INFO     [psi4.optking.displace:379] 	RMS(dx):  0.000e+00 	Max(dx):  0.000e+00 	RMS(dq):  0.000e+00
2025-07-16:20:27:59,448 INFO     [psi4.optking.displace:132] 

	        --- Internal Coordinate Step in ANG or DEG, aJ/ANG or AJ/DEG ---
	-------------------------------------------------------------------------------
	           Coordinate      Previous         Force          Change          New 
	           ----------      --------        ------          ------        ------
	               R(1,2)       1.91588        0.09907        0.01091       1.92679
	-------------------------------------------------------------------------------

2025-07-16:20:27:59,448 INFO     [psi4.optking.stepAlgorithms:96] 	|target step| :    0.0206150855
2025-07-16:20:27:59,448 INFO     [psi4.optking.stepAlgorithms:97] 	gradient     :   -0.0120244631
2025-07-16:20:27:59,448 INFO     [psi4.optking.stepAlgorithms:98] 	hessian      :    0.5830367764
2025-07-16:20:27:59,448 INFO     [psi4.optking.stepAlgorithms:177] 	Norm of achieved step-size    0.0206150855
2025-07-16:20:27:59,448 INFO     [psi4.optking.stepAlgorithms:179] 	Norm of achieved step-size (cart):    0.0145770667
2025-07-16:20:27:59,449 INFO     [psi4.optking.opt_helper:151] Molsys:

	                            ===> Fragment 1 <== 

	 Z (Atomic Numbers)          Masses                          Geom                  
	      16.000000            31.972071         -0.00000000  1.82054900  0.00000000   
	      16.000000            31.972071          0.00000000 -1.82054900  0.00000000   

	 - Coordinate -           - BOHR/RAD -       - ANG/DEG -
	 R(1,2)           =         3.641098           1.926786

2025-07-16:20:27:59,449 INFO     [psi4.optking.convcheck:71] Performing convergence check.
2025-07-16:20:27:59,449 INFO     [psi4.optking.convcheck:263] 
	                                 ==> Convergence Check <==                                  
    
	Measures of convergence in internal coordinates in au.
    
	Criteria marked as inactive (o), active & met (*), and active & unmet ( ).

	----------------------------------------------------------------------------------------------
	   Step    Total Energy     Delta E     Max Force     RMS Force      Max Disp      RMS Disp   
	----------------------------------------------------------------------------------------------
	  Convergence Criteria     1.00e-06 *    3.00e-04 *             o    1.20e-03 *             o
	----------------------------------------------------------------------------------------------
	    11    -796.36809503   -8.81e-04      1.20e-02      1.20e-02 o    2.06e-02      2.06e-02 o  ~
	----------------------------------------------------------------------------------------------


2025-07-16:20:27:59,449 INFO     [psi4.optking.stepAlgorithms:266] 	Convergence check returned False
2025-07-16:20:27:59,463 INFO     [psi4.driver.task_planner:285] PLANNING Atomic:  keywords={'DAMPING_PERCENTAGE': 1.0, 'GEOM_MAXITER': 500, 'SCF__GUESS': 'READ', 'GUESS': 'SAP', 'MAXITER': 500, 'REFERENCE': 'UKS', 'function_kwargs': {}}
2025-07-16:20:27:59,465 INFO     [psi4.driver.driver:636] Compute gradient(): method=b3lyp, basis=cc-pvdz, molecule=default, nre=70.30846176958373
2025-07-16:20:28:03,289 INFO     [psi4.driver.driver:639] Return gradient(): -796.3682750799403
2025-07-16:20:28:03,289 INFO     [psi4.driver.driver:640] [[ 0.00000000 -0.00550007 -0.00000000]
 [-0.00000000  0.00550007 -0.00000000]]
2025-07-16:20:28:03,291 INFO     [psi4.optking.history:257] 	Performing BFGS update.
2025-07-16:20:28:03,291 INFO     [psi4.optking.history:268] 	Using 4 previous steps for update.
2025-07-16:20:28:03,291 INFO     [psi4.optking.history:302] 	Steps to be used in Hessian update:  11 10 9 8

2025-07-16:20:28:03,291 INFO     [psi4.optking.history:400] 	Updated Hessian (in au) 
 	   0.458079

2025-07-16:20:28:03,292 INFO     [psi4.optking.molsys:874] Projected (PHP) Hessian matrix
	   0.458079

2025-07-16:20:28:03,292 INFO     [psi4.optking.opt_helper:168] 
	         Geometry (au)                                       Gradient (au)
  -0.0000000000   1.8205490033   0.0000000000		   0.0000000000  -0.0055000693  -0.0000000000
   0.0000000000  -1.8205490033   0.0000000000		  -0.0000000000   0.0055000693  -0.0000000000

2025-07-16:20:28:03,292 INFO     [psi4.optking.stepAlgorithms:315] 	Current Step Report 
 
	Current energy:      -796.3682750799
	Energy change for the previous step:
		Actual       :        -0.0001800502
		Projected    :        -0.0001239427

2025-07-16:20:28:03,292 INFO     [psi4.optking.stepAlgorithms:318] 	Energy ratio =    1.45269
2025-07-16:20:28:03,292 INFO     [psi4.optking.stepAlgorithms:750] 	Using RFO solution 1.
2025-07-16:20:28:03,292 INFO     [psi4.optking.displace:73] 	Determining Cartesian step for fragment 1.
2025-07-16:20:28:03,292 INFO     [psi4.optking.displace:378] 	Successfully converged to displaced geometry.
2025-07-16:20:28:03,292 INFO     [psi4.optking.displace:379] 	RMS(dx):  0.000e+00 	Max(dx):  0.000e+00 	RMS(dq):  0.000e+00
2025-07-16:20:28:03,292 INFO     [psi4.optking.displace:132] 

	        --- Internal Coordinate Step in ANG or DEG, aJ/ANG or AJ/DEG ---
	-------------------------------------------------------------------------------
	           Coordinate      Previous         Force          Change          New 
	           ----------      --------        ------          ------        ------
	               R(1,2)       1.92679        0.04531        0.00635       1.93314
	-------------------------------------------------------------------------------

2025-07-16:20:28:03,292 INFO     [psi4.optking.stepAlgorithms:96] 	|target step| :    0.0120050813
2025-07-16:20:28:03,292 INFO     [psi4.optking.stepAlgorithms:97] 	gradient     :   -0.0055000693
2025-07-16:20:28:03,292 INFO     [psi4.optking.stepAlgorithms:98] 	hessian      :    0.4580790775
2025-07-16:20:28:03,292 INFO     [psi4.optking.stepAlgorithms:177] 	Norm of achieved step-size    0.0120050813
2025-07-16:20:28:03,292 INFO     [psi4.optking.stepAlgorithms:179] 	Norm of achieved step-size (cart):    0.0084888744
2025-07-16:20:28:03,292 INFO     [psi4.optking.opt_helper:151] Molsys:

	                            ===> Fragment 1 <== 

	 Z (Atomic Numbers)          Masses                          Geom                  
	      16.000000            31.972071         -0.00000000  1.82655154  0.00000000   
	      16.000000            31.972071          0.00000000 -1.82655154  0.00000000   

	 - Coordinate -           - BOHR/RAD -       - ANG/DEG -
	 R(1,2)           =         3.653103           1.933139

2025-07-16:20:28:03,292 INFO     [psi4.optking.convcheck:71] Performing convergence check.
2025-07-16:20:28:03,292 INFO     [psi4.optking.convcheck:263] 
	                                 ==> Convergence Check <==                                  
    
	Measures of convergence in internal coordinates in au.
    
	Criteria marked as inactive (o), active & met (*), and active & unmet ( ).

	----------------------------------------------------------------------------------------------
	   Step    Total Energy     Delta E     Max Force     RMS Force      Max Disp      RMS Disp   
	----------------------------------------------------------------------------------------------
	  Convergence Criteria     1.00e-06 *    3.00e-04 *             o    1.20e-03 *             o
	----------------------------------------------------------------------------------------------
	    12    -796.36827508   -1.80e-04      5.50e-03      5.50e-03 o    1.20e-02      1.20e-02 o  ~
	----------------------------------------------------------------------------------------------


2025-07-16:20:28:03,292 INFO     [psi4.optking.stepAlgorithms:266] 	Convergence check returned False
2025-07-16:20:28:03,309 INFO     [psi4.driver.task_planner:285] PLANNING Atomic:  keywords={'DAMPING_PERCENTAGE': 1.0, 'GEOM_MAXITER': 500, 'SCF__GUESS': 'READ', 'GUESS': 'SAP', 'MAXITER': 500, 'REFERENCE': 'UKS', 'function_kwargs': {}}
2025-07-16:20:28:03,310 INFO     [psi4.driver.driver:636] Compute gradient(): method=b3lyp, basis=cc-pvdz, molecule=default, nre=70.07740921494047
2025-07-16:20:28:06,984 INFO     [psi4.driver.driver:639] Return gradient(): -796.3683191281223
2025-07-16:20:28:06,984 INFO     [psi4.driver.driver:640] [[ 0.00000000 -0.00185701  0.00000000]
 [-0.00000000  0.00185701  0.00000000]]
2025-07-16:20:28:06,985 INFO     [psi4.optking.history:257] 	Performing BFGS update.
2025-07-16:20:28:06,985 INFO     [psi4.optking.history:268] 	Using 4 previous steps for update.
2025-07-16:20:28:06,985 INFO     [psi4.optking.history:302] 	Steps to be used in Hessian update:  12 11 10 9

2025-07-16:20:28:06,986 INFO     [psi4.optking.history:400] 	Updated Hessian (in au) 
 	   0.378025

2025-07-16:20:28:06,986 INFO     [psi4.optking.molsys:874] Projected (PHP) Hessian matrix
	   0.378025

2025-07-16:20:28:06,986 INFO     [psi4.optking.opt_helper:168] 
	         Geometry (au)                                       Gradient (au)
  -0.0000000000   1.8265515440   0.0000000000		   0.0000000000  -0.0018570117   0.0000000000
   0.0000000000  -1.8265515440   0.0000000000		  -0.0000000000   0.0018570117   0.0000000000

2025-07-16:20:28:06,986 INFO     [psi4.optking.stepAlgorithms:315] 	Current Step Report 
 
	Current energy:      -796.3683191281
	Energy change for the previous step:
		Actual       :        -0.0000440482
		Projected    :        -0.0000330144

2025-07-16:20:28:06,986 INFO     [psi4.optking.stepAlgorithms:318] 	Energy ratio =    1.33421
2025-07-16:20:28:06,986 INFO     [psi4.optking.stepAlgorithms:750] 	Using RFO solution 1.
2025-07-16:20:28:06,986 INFO     [psi4.optking.displace:73] 	Determining Cartesian step for fragment 1.
2025-07-16:20:28:06,986 INFO     [psi4.optking.displace:378] 	Successfully converged to displaced geometry.
2025-07-16:20:28:06,986 INFO     [psi4.optking.displace:379] 	RMS(dx):  0.000e+00 	Max(dx):  0.000e+00 	RMS(dq):  0.000e+00
2025-07-16:20:28:06,986 INFO     [psi4.optking.displace:132] 

	        --- Internal Coordinate Step in ANG or DEG, aJ/ANG or AJ/DEG ---
	-------------------------------------------------------------------------------
	           Coordinate      Previous         Force          Change          New 
	           ----------      --------        ------          ------        ------
	               R(1,2)       1.93314        0.01530        0.00260       1.93574
	-------------------------------------------------------------------------------

2025-07-16:20:28:06,986 INFO     [psi4.optking.stepAlgorithms:96] 	|target step| :    0.0049122877
2025-07-16:20:28:06,986 INFO     [psi4.optking.stepAlgorithms:97] 	gradient     :   -0.0018570117
2025-07-16:20:28:06,986 INFO     [psi4.optking.stepAlgorithms:98] 	hessian      :    0.3780248564
2025-07-16:20:28:06,986 INFO     [psi4.optking.stepAlgorithms:177] 	Norm of achieved step-size    0.0049122877
2025-07-16:20:28:06,986 INFO     [psi4.optking.stepAlgorithms:179] 	Norm of achieved step-size (cart):    0.0034735119
2025-07-16:20:28:06,986 INFO     [psi4.optking.opt_helper:151] Molsys:

	                            ===> Fragment 1 <== 

	 Z (Atomic Numbers)          Masses                          Geom                  
	      16.000000            31.972071         -0.00000000  1.82900769  0.00000000   
	      16.000000            31.972071          0.00000000 -1.82900769  0.00000000   

	 - Coordinate -           - BOHR/RAD -       - ANG/DEG -
	 R(1,2)           =         3.658015           1.935738

2025-07-16:20:28:06,986 INFO     [psi4.optking.convcheck:71] Performing convergence check.
2025-07-16:20:28:06,986 INFO     [psi4.optking.convcheck:263] 
	                                 ==> Convergence Check <==                                  
    
	Measures of convergence in internal coordinates in au.
    
	Criteria marked as inactive (o), active & met (*), and active & unmet ( ).

	----------------------------------------------------------------------------------------------
	   Step    Total Energy     Delta E     Max Force     RMS Force      Max Disp      RMS Disp   
	----------------------------------------------------------------------------------------------
	  Convergence Criteria     1.00e-06 *    3.00e-04 *             o    1.20e-03 *             o
	----------------------------------------------------------------------------------------------
	    13    -796.36831913   -4.40e-05      1.86e-03      1.86e-03 o    4.91e-03      4.91e-03 o  ~
	----------------------------------------------------------------------------------------------


2025-07-16:20:28:06,986 INFO     [psi4.optking.stepAlgorithms:266] 	Convergence check returned False
2025-07-16:20:28:07,4 INFO     [psi4.driver.task_planner:285] PLANNING Atomic:  keywords={'DAMPING_PERCENTAGE': 1.0, 'GEOM_MAXITER': 500, 'SCF__GUESS': 'READ', 'GUESS': 'SAP', 'MAXITER': 500, 'REFERENCE': 'UKS', 'function_kwargs': {}}
2025-07-16:20:28:07,5 INFO     [psi4.driver.driver:636] Compute gradient(): method=b3lyp, basis=cc-pvdz, molecule=default, nre=69.98330343392698
2025-07-16:20:28:10,607 INFO     [psi4.driver.driver:639] Return gradient(): -796.368324658639
2025-07-16:20:28:10,608 INFO     [psi4.driver.driver:640] [[ 0.00000000 -0.00039861  0.00000000]
 [-0.00000000  0.00039861  0.00000000]]
2025-07-16:20:28:10,610 INFO     [psi4.optking.history:257] 	Performing BFGS update.
2025-07-16:20:28:10,610 INFO     [psi4.optking.history:268] 	Using 4 previous steps for update.
2025-07-16:20:28:10,611 INFO     [psi4.optking.history:302] 	Steps to be used in Hessian update:  13 12 11 10

2025-07-16:20:28:10,611 INFO     [psi4.optking.history:400] 	Updated Hessian (in au) 
 	   0.328534

2025-07-16:20:28:10,611 INFO     [psi4.optking.molsys:874] Projected (PHP) Hessian matrix
	   0.328534

2025-07-16:20:28:10,611 INFO     [psi4.optking.opt_helper:168] 
	         Geometry (au)                                       Gradient (au)
  -0.0000000000   1.8290076878   0.0000000000		   0.0000000000  -0.0003986098   0.0000000000
   0.0000000000  -1.8290076878   0.0000000000		  -0.0000000000   0.0003986098   0.0000000000

2025-07-16:20:28:10,611 INFO     [psi4.optking.stepAlgorithms:315] 	Current Step Report 
 
	Current energy:      -796.3683246586
	Energy change for the previous step:
		Actual       :        -0.0000055305
		Projected    :        -0.0000045611

2025-07-16:20:28:10,611 INFO     [psi4.optking.stepAlgorithms:318] 	Energy ratio =    1.21254
2025-07-16:20:28:10,612 INFO     [psi4.optking.stepAlgorithms:750] 	Using RFO solution 1.
2025-07-16:20:28:10,612 INFO     [psi4.optking.displace:73] 	Determining Cartesian step for fragment 1.
2025-07-16:20:28:10,612 INFO     [psi4.optking.displace:378] 	Successfully converged to displaced geometry.
2025-07-16:20:28:10,612 INFO     [psi4.optking.displace:379] 	RMS(dx):  0.000e+00 	Max(dx):  0.000e+00 	RMS(dq):  0.000e+00
2025-07-16:20:28:10,612 INFO     [psi4.optking.displace:132] 

	        --- Internal Coordinate Step in ANG or DEG, aJ/ANG or AJ/DEG ---
	-------------------------------------------------------------------------------
	           Coordinate      Previous         Force          Change          New 
	           ----------      --------        ------          ------        ------
	               R(1,2)       1.93574        0.00328        0.00064       1.93638
	-------------------------------------------------------------------------------

2025-07-16:20:28:10,612 INFO     [psi4.optking.stepAlgorithms:96] 	|target step| :    0.0012132953
2025-07-16:20:28:10,612 INFO     [psi4.optking.stepAlgorithms:97] 	gradient     :   -0.0003986098
2025-07-16:20:28:10,612 INFO     [psi4.optking.stepAlgorithms:98] 	hessian      :    0.3285343969
2025-07-16:20:28:10,612 INFO     [psi4.optking.stepAlgorithms:177] 	Norm of achieved step-size    0.0012132953
2025-07-16:20:28:10,612 INFO     [psi4.optking.stepAlgorithms:179] 	Norm of achieved step-size (cart):    0.0008579293
2025-07-16:20:28:10,613 INFO     [psi4.optking.opt_helper:151] Molsys:

	                            ===> Fragment 1 <== 

	 Z (Atomic Numbers)          Masses                          Geom                  
	      16.000000            31.972071         -0.00000000  1.82961434  0.00000000   
	      16.000000            31.972071          0.00000000 -1.82961434  0.00000000   

	 - Coordinate -           - BOHR/RAD -       - ANG/DEG -
	 R(1,2)           =         3.659229           1.936380

2025-07-16:20:28:10,613 INFO     [psi4.optking.convcheck:71] Performing convergence check.
2025-07-16:20:28:10,613 INFO     [psi4.optking.convcheck:263] 
	                                 ==> Convergence Check <==                                  
    
	Measures of convergence in internal coordinates in au.
    
	Criteria marked as inactive (o), active & met (*), and active & unmet ( ).

	----------------------------------------------------------------------------------------------
	   Step    Total Energy     Delta E     Max Force     RMS Force      Max Disp      RMS Disp   
	----------------------------------------------------------------------------------------------
	  Convergence Criteria     1.00e-06 *    3.00e-04 *             o    1.20e-03 *             o
	----------------------------------------------------------------------------------------------
	    14    -796.36832466   -5.53e-06      3.99e-04      3.99e-04 o    1.21e-03      1.21e-03 o  ~
	----------------------------------------------------------------------------------------------


2025-07-16:20:28:10,613 INFO     [psi4.optking.stepAlgorithms:266] 	Convergence check returned False
2025-07-16:20:28:10,626 INFO     [psi4.driver.task_planner:285] PLANNING Atomic:  keywords={'DAMPING_PERCENTAGE': 1.0, 'GEOM_MAXITER': 500, 'SCF__GUESS': 'READ', 'GUESS': 'SAP', 'MAXITER': 500, 'REFERENCE': 'UKS', 'function_kwargs': {}}
2025-07-16:20:28:10,628 INFO     [psi4.driver.driver:636] Compute gradient(): method=b3lyp, basis=cc-pvdz, molecule=default, nre=69.96009897718804
2025-07-16:20:28:13,947 INFO     [psi4.driver.driver:639] Return gradient(): -796.3683249247385
2025-07-16:20:28:13,947 INFO     [psi4.driver.driver:640] [[ 0.00000000 -0.00004124  0.00000000]
 [-0.00000000  0.00004124  0.00000000]]
2025-07-16:20:28:13,949 INFO     [psi4.optking.history:257] 	Performing BFGS update.
2025-07-16:20:28:13,949 INFO     [psi4.optking.history:268] 	Using 4 previous steps for update.
2025-07-16:20:28:13,950 INFO     [psi4.optking.history:302] 	Steps to be used in Hessian update:  14 13 12 11

2025-07-16:20:28:13,950 INFO     [psi4.optking.history:400] 	Updated Hessian (in au) 
 	   0.309278

2025-07-16:20:28:13,950 INFO     [psi4.optking.molsys:874] Projected (PHP) Hessian matrix
	   0.309278

2025-07-16:20:28:13,950 INFO     [psi4.optking.opt_helper:168] 
	         Geometry (au)                                       Gradient (au)
  -0.0000000000   1.8296143355   0.0000000000		   0.0000000000  -0.0000412447   0.0000000000
   0.0000000000  -1.8296143355   0.0000000000		  -0.0000000000   0.0000412447   0.0000000000

2025-07-16:20:28:13,950 INFO     [psi4.optking.stepAlgorithms:315] 	Current Step Report 
 
	Current energy:      -796.3683249247
	Energy change for the previous step:
		Actual       :        -0.0000002661
		Projected    :        -0.0000002418

2025-07-16:20:28:13,950 INFO     [psi4.optking.stepAlgorithms:318] 	Energy ratio =    1.10042
2025-07-16:20:28:13,951 INFO     [psi4.optking.stepAlgorithms:750] 	Using RFO solution 1.
2025-07-16:20:28:13,951 INFO     [psi4.optking.displace:73] 	Determining Cartesian step for fragment 1.
2025-07-16:20:28:13,951 INFO     [psi4.optking.displace:378] 	Successfully converged to displaced geometry.
2025-07-16:20:28:13,951 INFO     [psi4.optking.displace:379] 	RMS(dx):  0.000e+00 	Max(dx):  0.000e+00 	RMS(dq):  0.000e+00
2025-07-16:20:28:13,951 INFO     [psi4.optking.displace:132] 

	        --- Internal Coordinate Step in ANG or DEG, aJ/ANG or AJ/DEG ---
	-------------------------------------------------------------------------------
	           Coordinate      Previous         Force          Change          New 
	           ----------      --------        ------          ------        ------
	               R(1,2)       1.93638        0.00034        0.00007       1.93645
	-------------------------------------------------------------------------------

2025-07-16:20:28:13,951 INFO     [psi4.optking.stepAlgorithms:96] 	|target step| :    0.0001333581
2025-07-16:20:28:13,952 INFO     [psi4.optking.stepAlgorithms:97] 	gradient     :   -0.0000412447
2025-07-16:20:28:13,952 INFO     [psi4.optking.stepAlgorithms:98] 	hessian      :    0.3092782686
2025-07-16:20:28:13,952 INFO     [psi4.optking.stepAlgorithms:177] 	Norm of achieved step-size    0.0001333581
2025-07-16:20:28:13,952 INFO     [psi4.optking.stepAlgorithms:179] 	Norm of achieved step-size (cart):    0.0000942984
2025-07-16:20:28:13,952 INFO     [psi4.optking.opt_helper:151] Molsys:

	                            ===> Fragment 1 <== 

	 Z (Atomic Numbers)          Masses                          Geom                  
	      16.000000            31.972071         -0.00000000  1.82968101  0.00000000   
	      16.000000            31.972071          0.00000000 -1.82968101  0.00000000   

	 - Coordinate -           - BOHR/RAD -       - ANG/DEG -
	 R(1,2)           =         3.659362           1.936451

2025-07-16:20:28:13,952 INFO     [psi4.optking.convcheck:71] Performing convergence check.
2025-07-16:20:28:13,952 INFO     [psi4.optking.convcheck:263] 
	                                 ==> Convergence Check <==                                  
    
	Measures of convergence in internal coordinates in au.
    
	Criteria marked as inactive (o), active & met (*), and active & unmet ( ).

	----------------------------------------------------------------------------------------------
	   Step    Total Energy     Delta E     Max Force     RMS Force      Max Disp      RMS Disp   
	----------------------------------------------------------------------------------------------
	  Convergence Criteria     1.00e-06 *    3.00e-04 *             o    1.20e-03 *             o
	----------------------------------------------------------------------------------------------
	    15    -796.36832492   -2.66e-07 *    4.12e-05 *    4.12e-05 o    1.33e-04 *    1.33e-04 o  ~
	----------------------------------------------------------------------------------------------


2025-07-16:20:28:13,952 INFO     [psi4.optking.convcheck:193] 
	                      ===> Final Convergence Report <===                     

	----------------------------------------------------------------------------
	|   Required Criteria    |  One or More Criteria  |   Alternate Criteria   |
	----------------------------------------------------------------------------
	| [x]     max_force      | [x]       max_DE       |                        |
	|                        | [x]      max_disp      |                        |
	----------------------------------------------------------------------------


2025-07-16:20:28:13,952 INFO     [psi4.optking.stepAlgorithms:266] 	Convergence check returned True
2025-07-16:20:28:13,953 INFO     [psi4.optking.optimize:286] 	Converged in 15 steps!
2025-07-16:20:28:13,953 INFO     [psi4.optking.optimize:287] 	Final energy is   -796.3683249247385
2025-07-16:20:28:13,953 INFO     [psi4.optking.optimize:288] 	Final structure (Angstroms): 
	Fragment 1 (Ang)

	    S  -0.0000000000   0.9682254957   0.0000000000
	    S   0.0000000000  -0.9682254957   0.0000000000


2025-07-16:20:28:13,954 INFO     [psi4.optking.optimize:432] 	Optimization Finished

	==> Optimization Summary <==

        
	Measures of convergence in internal coordinates in au. (Any backward steps not shown.)
        
	---------------------------------------------------------------------------------------------------------------  ~
        
	 Step         Total Energy             Delta E       MAX Force       RMS Force        MAX Disp        RMS Disp   ~
        
	---------------------------------------------------------------------------------------------------------------  ~
        
	     1    -795.169903067502   -795.169903067502      3.13059954      3.13059954      0.01436931      0.01436931  ~
	     2    -795.214169444286     -0.044266376784      3.03108022      3.03108022      0.02780927      0.02780927  ~
	     3    -795.295866829303     -0.081697385016      2.84609183      2.84609183      0.10341124      0.10341124  ~
	     4    -795.557801388465     -0.261934559162      2.24050542      2.24050542      0.32723049      0.32723049  ~
	     5    -796.063725297650     -0.505923909185      0.99605630      0.99605630      0.21082840      0.21082840  ~
	     6    -796.223917926014     -0.160192628364      0.55820479      0.55820479      0.23377932      0.23377932  ~
	     7    -796.317169478696     -0.093251552682      0.26586908      0.26586908      0.15785269      0.15785269  ~
	     8    -796.348756976864     -0.031587498168      0.14207449      0.14207449      0.13140163      0.13140163  ~
	     9    -796.362399527560     -0.013642550696      0.06942873      0.06942873      0.10118564      0.10118564  ~
	    10    -796.367213595982     -0.004814068423      0.02749483      0.02749483      0.04494359      0.04494359  ~
	    11    -796.368095029718     -0.000881433736      0.01202446      0.01202446      0.02061509      0.02061509  ~
	    12    -796.368275079940     -0.000180050223      0.00550007      0.00550007      0.01200508      0.01200508  ~
	    13    -796.368319128122     -0.000044048182      0.00185701      0.00185701      0.00491229      0.00491229  ~
	    14    -796.368324658639     -0.000005530517      0.00039861      0.00039861      0.00121330      0.00121330  ~
	    15    -796.368324924739     -0.000000266100      0.00004124      0.00004124      0.00013336      0.00013336  ~
	----------------------------------------------------------------------------------------------------------------


2025-07-16:20:28:13,954 INFO     [psi4.optking.optimize:640] Preparing OptimizationResult
