2025-07-16:20:04:31,705 INFO     [psi4.optking.optwrapper:214] Creating a UserComputer
2025-07-16:20:04:31,705 INFO     [psi4.optking.optwrapper:222] 
    			-----------------------------------------

    			 OPTKING 3.0: for geometry optimizations 

    			     By R.A. King, Bethel University     

    			        with contributions from          

    			    A.V. Copan, J. Cayton, A. Heide      

    			-----------------------------------------

    
2025-07-16:20:04:31,705 INFO     [psi4.optking.optwrapper:238] 
		 -- Optimization Parameters --
	accept_symmetry_breaking       =           False
	alg_geom_maxiter               =             500
	bt_dx_conv                     =           1e-07
	bt_dx_rms_change_conv          =           1e-12
	bt_max_iter                    =              25
	cart_hess_read                 =           False
	consecutive_backsteps_allowed  =               0
	conv_max_DE                    =           1e-06
	conv_max_disp                  =          0.0012
	conv_max_force                 =          0.0003
	conv_rms_disp                  =              -1
	conv_rms_force                 =              -1
	covalent_connect               =             1.3
	dynamic_level                  =               0
	dynamic_level_max              =               0
	ensure_bt_convergence          =           False
	ext_force_bend                 =              []
	ext_force_cartesian            =              []
	ext_force_dihedral             =              []
	ext_force_distance             =              []
	ext_force_oofp                 =              []
	fix_val_near_pi                =            1.57
	flexible_g_convergence         =           False
	frag_mode                      =          SINGLE
	frag_ref_atoms                 =            None
	freeze_intrafrag               =           False
	frozen_bend                    =              []
	frozen_cartesian               =              []
	frozen_dihedral                =              []
	frozen_distance                =              []
	frozen_oofp                    =              []
	full_hess_every                =              -1
	g_convergence                  =           QCHEM
	generate_intcos_exit           =           False
	geom_maxiter                   =             500
	h_bond_connect                 =             4.3
	hess_update                    =            BFGS
	hess_update_den_tol            =           1e-07
	hess_update_dq_tol             =             0.5
	hess_update_limit              =            True
	hess_update_limit_max          =             1.0
	hess_update_limit_scale        =             0.5
	hess_update_use_last           =               4
	hessian_file                   =            None
	i_max_DE                       =            True
	i_max_disp                     =            True
	i_max_force                    =            True
	i_rms_disp                     =           False
	i_rms_force                    =           False
	i_untampered                   =            True
	include_oofp                   =           False
	interfrag_collinear_tol        =            0.01
	interfrag_coords               =            None
	interfrag_dist_inv             =           False
	interfrag_mode                 =           FIXED
	interfrag_trust                =             0.5
	interfrag_trust_max            =             1.0
	interfrag_trust_min            =           0.001
	interfragment_connect          =             1.8
	intrafrag_hess                 =        SCHLEGEL
	intrafrag_trust                =             0.5
	intrafrag_trust_max            =             1.0
	intrafrag_trust_min            =           0.001
	irc_direction                  =         FORWARD
	irc_points                     =              20
	irc_step_size                  =             0.2
	keep_intcos                    =           False
	linear_bend_threshold          =            3.05
	linesearch                     =           False
	linesearch_step                =             0.1
	max_disp_g_convergence         =          0.0012
	max_energy_g_convergence       =           1e-06
	max_force_g_convergence        =          0.0003
	opt_coordinates                =       REDUNDANT
	opt_type                       =             MIN
	output_type                    =            FILE
	print_lvl                      =               1
	program                        =            psi4
	ranged_bend                    =              []
	ranged_cartesian               =              []
	ranged_dihedral                =              []
	ranged_distance                =              []
	ranged_oofp                    =              []
	redundant_eval_tol             =           1e-10
	rfo_follow_root                =           False
	rfo_normalization_max          =             100
	rfo_root                       =               0
	rms_disp_g_convergence         =          0.0012
	rms_force_g_convergence        =          0.0003
	rsrfo_alpha_max                =     100000000.0
	sd_hessian                     =             1.0
	simple_step_scaling            =           False
	small_bend_fix_threshold       =            0.35
	steepest_descent_type          =         OVERLAP
	step_type                      =             RFO
	test_B                         =           False
	test_derivative_B              =           False
	trajectory                     =           False
	v3d_tors_angle_lim             =           0.017
	v3d_tors_cos_tol               =           1e-10
	working_consecutive_backsteps  =               0
	working_steps_since_last_H     =               0


2025-07-16:20:04:32,359 INFO     [psi4.optking.opt_helper:151] Molsys:

	                            ===> Fragment 1 <== 

	 Z (Atomic Numbers)          Masses                          Geom                  
	      13.000000            26.981539         -0.00000000  1.13383568  0.00000000   
	      13.000000            26.981539          0.00000000 -1.13383568  0.00000000   

	 - Coordinate -           - BOHR/RAD -       - ANG/DEG -
	 R(1,2)           =         2.267671           1.200000

2025-07-16:20:04:32,370 INFO     [psi4.driver.task_planner:285] PLANNING Atomic:  keywords={'DAMPING_PERCENTAGE': 1.0, 'GEOM_MAXITER': 500, 'GUESS': 'SAP', 'MAXITER': 500, 'REFERENCE': 'UKS', 'function_kwargs': {}}
2025-07-16:20:04:32,371 INFO     [psi4.driver.driver:636] Compute gradient(): method=b3lyp, basis=cc-pvdz, molecule=default, nre=74.52579050269168
2025-07-16:20:04:35,339 INFO     [psi4.driver.driver:639] Return gradient(): -483.7948537684763
2025-07-16:20:04:35,339 INFO     [psi4.driver.driver:640] [[ 0.00000000 -1.59175745 -0.00000000]
 [-0.00000000  1.59175745  0.00000000]]
2025-07-16:20:04:35,341 INFO     [psi4.optking.molsys:874] Projected (PHP) Hessian matrix
	 217.822043

2025-07-16:20:04:35,341 INFO     [psi4.optking.opt_helper:168] 
	         Geometry (au)                                       Gradient (au)
  -0.0000000000   1.1338356753   0.0000000000		   0.0000000000  -1.5917574491  -0.0000000000
   0.0000000000  -1.1338356753   0.0000000000		  -0.0000000000   1.5917574491   0.0000000000

2025-07-16:20:04:35,341 INFO     [psi4.optking.stepAlgorithms:750] 	Using RFO solution 1.
2025-07-16:20:04:35,341 INFO     [psi4.optking.displace:73] 	Determining Cartesian step for fragment 1.
2025-07-16:20:04:35,341 INFO     [psi4.optking.displace:378] 	Successfully converged to displaced geometry.
2025-07-16:20:04:35,341 INFO     [psi4.optking.displace:379] 	RMS(dx):  0.000e+00 	Max(dx):  0.000e+00 	RMS(dq):  0.000e+00
2025-07-16:20:04:35,341 INFO     [psi4.optking.displace:132] 

	        --- Internal Coordinate Step in ANG or DEG, aJ/ANG or AJ/DEG ---
	-------------------------------------------------------------------------------
	           Coordinate      Previous         Force          Change          New 
	           ----------      --------        ------          ------        ------
	               R(1,2)       1.20000       13.11405        0.00387       1.20387
	-------------------------------------------------------------------------------

2025-07-16:20:04:35,341 INFO     [psi4.optking.stepAlgorithms:96] 	|target step| :    0.0073072148
2025-07-16:20:04:35,341 INFO     [psi4.optking.stepAlgorithms:97] 	gradient     :   -1.5917574491
2025-07-16:20:04:35,341 INFO     [psi4.optking.stepAlgorithms:98] 	hessian      :  217.8220428578
2025-07-16:20:04:35,341 INFO     [psi4.optking.stepAlgorithms:177] 	Norm of achieved step-size    0.0073072148
2025-07-16:20:04:35,341 INFO     [psi4.optking.stepAlgorithms:179] 	Norm of achieved step-size (cart):    0.0051669811
2025-07-16:20:04:35,341 INFO     [psi4.optking.opt_helper:151] Molsys:

	                            ===> Fragment 1 <== 

	 Z (Atomic Numbers)          Masses                          Geom                  
	      13.000000            26.981539         -0.00000000  1.13748928  0.00000000   
	      13.000000            26.981539          0.00000000 -1.13748928  0.00000000   

	 - Coordinate -           - BOHR/RAD -       - ANG/DEG -
	 R(1,2)           =         2.274979           1.203867

2025-07-16:20:04:35,341 INFO     [psi4.optking.convcheck:71] Performing convergence check.
2025-07-16:20:04:35,342 INFO     [psi4.optking.convcheck:263] 
	                                 ==> Convergence Check <==                                  
    
	Measures of convergence in internal coordinates in au.
    
	Criteria marked as inactive (o), active & met (*), and active & unmet ( ).

	----------------------------------------------------------------------------------------------
	   Step    Total Energy     Delta E     Max Force     RMS Force      Max Disp      RMS Disp   
	----------------------------------------------------------------------------------------------
	  Convergence Criteria     1.00e-06 *    3.00e-04 *             o    1.20e-03 *             o
	----------------------------------------------------------------------------------------------
	     1    -483.79485377   -4.84e+02      1.59e+00      1.59e+00 o    7.31e-03      7.31e-03 o  ~
	----------------------------------------------------------------------------------------------


2025-07-16:20:04:35,342 INFO     [psi4.optking.stepAlgorithms:266] 	Convergence check returned False
2025-07-16:20:04:35,353 INFO     [psi4.driver.task_planner:285] PLANNING Atomic:  keywords={'DAMPING_PERCENTAGE': 1.0, 'GEOM_MAXITER': 500, 'SCF__GUESS': 'READ', 'GUESS': 'SAP', 'MAXITER': 500, 'REFERENCE': 'UKS', 'function_kwargs': {}}
2025-07-16:20:04:35,354 INFO     [psi4.driver.driver:636] Compute gradient(): method=b3lyp, basis=cc-pvdz, molecule=default, nre=74.28641419907345
2025-07-16:20:04:36,553 INFO     [psi4.driver.driver:639] Return gradient(): -483.8064093021437
2025-07-16:20:04:36,553 INFO     [psi4.driver.driver:640] [[ 0.00000000 -1.57101543  0.00000000]
 [-0.00000000  1.57101543  0.00000000]]
2025-07-16:20:04:36,555 INFO     [psi4.optking.history:257] 	Performing BFGS update.
2025-07-16:20:04:36,555 INFO     [psi4.optking.history:268] 	Using 1 previous steps for update.
2025-07-16:20:04:36,555 INFO     [psi4.optking.history:302] 	Steps to be used in Hessian update:  1

2025-07-16:20:04:36,555 INFO     [psi4.optking.history:400] 	Updated Hessian (in au) 
 	 108.911021

2025-07-16:20:04:36,555 INFO     [psi4.optking.molsys:874] Projected (PHP) Hessian matrix
	 108.911021

2025-07-16:20:04:36,555 INFO     [psi4.optking.opt_helper:168] 
	         Geometry (au)                                       Gradient (au)
  -0.0000000000   1.1374892827   0.0000000000		   0.0000000000  -1.5710154299   0.0000000000
   0.0000000000  -1.1374892827   0.0000000000		  -0.0000000000   1.5710154299   0.0000000000

2025-07-16:20:04:36,555 INFO     [psi4.optking.stepAlgorithms:315] 	Current Step Report 
 
	Current energy:      -483.8064093021
	Energy change for the previous step:
		Actual       :        -0.0115555337
		Projected    :        -0.0058156568

2025-07-16:20:04:36,555 INFO     [psi4.optking.stepAlgorithms:318] 	Energy ratio =    1.98697
2025-07-16:20:04:36,555 INFO     [psi4.optking.stepAlgorithms:346] 	Energy ratio indicates good step.
2025-07-16:20:04:36,555 INFO     [psi4.optking.stepAlgorithms:347] 	Intrafrag trust radius increased to 1.000e+00.
2025-07-16:20:04:36,556 INFO     [psi4.optking.stepAlgorithms:750] 	Using RFO solution 1.
2025-07-16:20:04:36,556 INFO     [psi4.optking.displace:73] 	Determining Cartesian step for fragment 1.
2025-07-16:20:04:36,556 INFO     [psi4.optking.displace:378] 	Successfully converged to displaced geometry.
2025-07-16:20:04:36,556 INFO     [psi4.optking.displace:379] 	RMS(dx):  0.000e+00 	Max(dx):  0.000e+00 	RMS(dq):  0.000e+00
2025-07-16:20:04:36,556 INFO     [psi4.optking.displace:132] 

	        --- Internal Coordinate Step in ANG or DEG, aJ/ANG or AJ/DEG ---
	-------------------------------------------------------------------------------
	           Coordinate      Previous         Force          Change          New 
	           ----------      --------        ------          ------        ------
	               R(1,2)       1.20387       12.94316        0.00763       1.21150
	-------------------------------------------------------------------------------

2025-07-16:20:04:36,556 INFO     [psi4.optking.stepAlgorithms:96] 	|target step| :    0.0144217606
2025-07-16:20:04:36,556 INFO     [psi4.optking.stepAlgorithms:97] 	gradient     :   -1.5710154299
2025-07-16:20:04:36,556 INFO     [psi4.optking.stepAlgorithms:98] 	hessian      :  108.9110214289
2025-07-16:20:04:36,556 INFO     [psi4.optking.stepAlgorithms:177] 	Norm of achieved step-size    0.0144217606
2025-07-16:20:04:36,556 INFO     [psi4.optking.stepAlgorithms:179] 	Norm of achieved step-size (cart):    0.0101977247
2025-07-16:20:04:36,556 INFO     [psi4.optking.opt_helper:151] Molsys:

	                            ===> Fragment 1 <== 

	 Z (Atomic Numbers)          Masses                          Geom                  
	      13.000000            26.981539         -0.00000000  1.14470016  0.00000000   
	      13.000000            26.981539          0.00000000 -1.14470016  0.00000000   

	 - Coordinate -           - BOHR/RAD -       - ANG/DEG -
	 R(1,2)           =         2.289400           1.211498

2025-07-16:20:04:36,556 INFO     [psi4.optking.convcheck:71] Performing convergence check.
2025-07-16:20:04:36,556 INFO     [psi4.optking.convcheck:263] 
	                                 ==> Convergence Check <==                                  
    
	Measures of convergence in internal coordinates in au.
    
	Criteria marked as inactive (o), active & met (*), and active & unmet ( ).

	----------------------------------------------------------------------------------------------
	   Step    Total Energy     Delta E     Max Force     RMS Force      Max Disp      RMS Disp   
	----------------------------------------------------------------------------------------------
	  Convergence Criteria     1.00e-06 *    3.00e-04 *             o    1.20e-03 *             o
	----------------------------------------------------------------------------------------------
	     2    -483.80640930   -1.16e-02      1.57e+00      1.57e+00 o    1.44e-02      1.44e-02 o  ~
	----------------------------------------------------------------------------------------------


2025-07-16:20:04:36,556 INFO     [psi4.optking.stepAlgorithms:266] 	Convergence check returned False
2025-07-16:20:04:36,568 INFO     [psi4.driver.task_planner:285] PLANNING Atomic:  keywords={'DAMPING_PERCENTAGE': 1.0, 'GEOM_MAXITER': 500, 'SCF__GUESS': 'READ', 'GUESS': 'SAP', 'MAXITER': 500, 'REFERENCE': 'UKS', 'function_kwargs': {}}
2025-07-16:20:04:36,569 INFO     [psi4.driver.driver:636] Compute gradient(): method=b3lyp, basis=cc-pvdz, molecule=default, nre=73.81845721051653
2025-07-16:20:04:37,826 INFO     [psi4.driver.driver:639] Return gradient(): -483.8287772046168
2025-07-16:20:04:37,826 INFO     [psi4.driver.driver:640] [[ 0.00000000 -1.53117155  0.00000000]
 [-0.00000000  1.53117155  0.00000000]]
2025-07-16:20:04:37,829 INFO     [psi4.optking.history:257] 	Performing BFGS update.
2025-07-16:20:04:37,829 INFO     [psi4.optking.history:268] 	Using 2 previous steps for update.
2025-07-16:20:04:37,829 INFO     [psi4.optking.history:302] 	Steps to be used in Hessian update:  2 1

2025-07-16:20:04:37,829 INFO     [psi4.optking.history:400] 	Updated Hessian (in au) 
 	  27.227755

2025-07-16:20:04:37,830 INFO     [psi4.optking.molsys:874] Projected (PHP) Hessian matrix
	  27.227755

2025-07-16:20:04:37,830 INFO     [psi4.optking.opt_helper:168] 
	         Geometry (au)                                       Gradient (au)
  -0.0000000000   1.1447001630   0.0000000000		   0.0000000000  -1.5311715505   0.0000000000
   0.0000000000  -1.1447001630   0.0000000000		  -0.0000000000   1.5311715505   0.0000000000

2025-07-16:20:04:37,830 INFO     [psi4.optking.stepAlgorithms:315] 	Current Step Report 
 
	Current energy:      -483.8287772046
	Energy change for the previous step:
		Actual       :        -0.0223679025
		Projected    :        -0.0113284042

2025-07-16:20:04:37,830 INFO     [psi4.optking.stepAlgorithms:318] 	Energy ratio =    1.97450
2025-07-16:20:04:37,832 INFO     [psi4.optking.stepAlgorithms:750] 	Using RFO solution 1.
2025-07-16:20:04:37,832 INFO     [psi4.optking.displace:73] 	Determining Cartesian step for fragment 1.
2025-07-16:20:04:37,832 INFO     [psi4.optking.displace:378] 	Successfully converged to displaced geometry.
2025-07-16:20:04:37,832 INFO     [psi4.optking.displace:379] 	RMS(dx):  0.000e+00 	Max(dx):  0.000e+00 	RMS(dq):  0.000e+00
2025-07-16:20:04:37,832 INFO     [psi4.optking.displace:132] 

	        --- Internal Coordinate Step in ANG or DEG, aJ/ANG or AJ/DEG ---
	-------------------------------------------------------------------------------
	           Coordinate      Previous         Force          Change          New 
	           ----------      --------        ------          ------        ------
	               R(1,2)       1.21150       12.61490        0.02967       1.24116
	-------------------------------------------------------------------------------

2025-07-16:20:04:37,832 INFO     [psi4.optking.stepAlgorithms:96] 	|target step| :    0.0560589612
2025-07-16:20:04:37,832 INFO     [psi4.optking.stepAlgorithms:97] 	gradient     :   -1.5311715505
2025-07-16:20:04:37,832 INFO     [psi4.optking.stepAlgorithms:98] 	hessian      :   27.2277553572
2025-07-16:20:04:37,832 INFO     [psi4.optking.stepAlgorithms:177] 	Norm of achieved step-size    0.0560589612
2025-07-16:20:04:37,832 INFO     [psi4.optking.stepAlgorithms:179] 	Norm of achieved step-size (cart):    0.0396396716
2025-07-16:20:04:37,833 INFO     [psi4.optking.opt_helper:151] Molsys:

	                            ===> Fragment 1 <== 

	 Z (Atomic Numbers)          Masses                          Geom                  
	      13.000000            26.981539         -0.00000000  1.17272964  0.00000000   
	      13.000000            26.981539          0.00000000 -1.17272964  0.00000000   

	 - Coordinate -           - BOHR/RAD -       - ANG/DEG -
	 R(1,2)           =         2.345459           1.241164

2025-07-16:20:04:37,833 INFO     [psi4.optking.convcheck:71] Performing convergence check.
2025-07-16:20:04:37,833 INFO     [psi4.optking.convcheck:263] 
	                                 ==> Convergence Check <==                                  
    
	Measures of convergence in internal coordinates in au.
    
	Criteria marked as inactive (o), active & met (*), and active & unmet ( ).

	----------------------------------------------------------------------------------------------
	   Step    Total Energy     Delta E     Max Force     RMS Force      Max Disp      RMS Disp   
	----------------------------------------------------------------------------------------------
	  Convergence Criteria     1.00e-06 *    3.00e-04 *             o    1.20e-03 *             o
	----------------------------------------------------------------------------------------------
	     3    -483.82877720   -2.24e-02      1.53e+00      1.53e+00 o    5.61e-02      5.61e-02 o  ~
	----------------------------------------------------------------------------------------------


2025-07-16:20:04:37,833 INFO     [psi4.optking.stepAlgorithms:266] 	Convergence check returned False
2025-07-16:20:04:37,853 INFO     [psi4.driver.task_planner:285] PLANNING Atomic:  keywords={'DAMPING_PERCENTAGE': 1.0, 'GEOM_MAXITER': 500, 'SCF__GUESS': 'READ', 'GUESS': 'SAP', 'MAXITER': 500, 'REFERENCE': 'UKS', 'function_kwargs': {}}
2025-07-16:20:04:37,855 INFO     [psi4.driver.driver:636] Compute gradient(): method=b3lyp, basis=cc-pvdz, molecule=default, nre=72.05411789839452
2025-07-16:20:04:39,17 INFO     [psi4.driver.driver:639] Return gradient(): -483.91053311034375
2025-07-16:20:04:39,18 INFO     [psi4.driver.driver:640] [[ 0.00000000 -1.38891115  0.00000000]
 [-0.00000000  1.38891115  0.00000000]]
2025-07-16:20:04:39,19 INFO     [psi4.optking.history:257] 	Performing BFGS update.
2025-07-16:20:04:39,19 INFO     [psi4.optking.history:268] 	Using 3 previous steps for update.
2025-07-16:20:04:39,19 INFO     [psi4.optking.history:302] 	Steps to be used in Hessian update:  3 2 1

2025-07-16:20:04:39,20 INFO     [psi4.optking.history:400] 	Updated Hessian (in au) 
 	   3.403469

2025-07-16:20:04:39,20 INFO     [psi4.optking.molsys:874] Projected (PHP) Hessian matrix
	   3.403469

2025-07-16:20:04:39,20 INFO     [psi4.optking.opt_helper:168] 
	         Geometry (au)                                       Gradient (au)
  -0.0000000000   1.1727296436   0.0000000000		   0.0000000000  -1.3889111486   0.0000000000
   0.0000000000  -1.1727296436   0.0000000000		  -0.0000000000   1.3889111486   0.0000000000

2025-07-16:20:04:39,20 INFO     [psi4.optking.stepAlgorithms:315] 	Current Step Report 
 
	Current energy:      -483.9105331103
	Energy change for the previous step:
		Actual       :        -0.0817559057
		Projected    :        -0.0429179432

2025-07-16:20:04:39,20 INFO     [psi4.optking.stepAlgorithms:318] 	Energy ratio =    1.90494
2025-07-16:20:04:39,20 INFO     [psi4.optking.stepAlgorithms:750] 	Using RFO solution 1.
2025-07-16:20:04:39,20 INFO     [psi4.optking.displace:73] 	Determining Cartesian step for fragment 1.
2025-07-16:20:04:39,21 INFO     [psi4.optking.displace:378] 	Successfully converged to displaced geometry.
2025-07-16:20:04:39,21 INFO     [psi4.optking.displace:379] 	RMS(dx):  0.000e+00 	Max(dx):  0.000e+00 	RMS(dq):  0.000e+00
2025-07-16:20:04:39,21 INFO     [psi4.optking.displace:132] 

	        --- Internal Coordinate Step in ANG or DEG, aJ/ANG or AJ/DEG ---
	-------------------------------------------------------------------------------
	           Coordinate      Previous         Force          Change          New 
	           ----------      --------        ------          ------        ------
	               R(1,2)       1.24116       11.44285        0.18854       1.42970
	-------------------------------------------------------------------------------

2025-07-16:20:04:39,21 INFO     [psi4.optking.stepAlgorithms:96] 	|target step| :    0.3562847843
2025-07-16:20:04:39,21 INFO     [psi4.optking.stepAlgorithms:97] 	gradient     :   -1.3889111486
2025-07-16:20:04:39,21 INFO     [psi4.optking.stepAlgorithms:98] 	hessian      :    3.4034694197
2025-07-16:20:04:39,21 INFO     [psi4.optking.stepAlgorithms:177] 	Norm of achieved step-size    0.3562847843
2025-07-16:20:04:39,21 INFO     [psi4.optking.stepAlgorithms:179] 	Norm of achieved step-size (cart):    0.2519313870
2025-07-16:20:04:39,21 INFO     [psi4.optking.opt_helper:151] Molsys:

	                            ===> Fragment 1 <== 

	 Z (Atomic Numbers)          Masses                          Geom                  
	      13.000000            26.981539         -0.00000000  1.35087204  0.00000000   
	      13.000000            26.981539          0.00000000 -1.35087204  0.00000000   

	 - Coordinate -           - BOHR/RAD -       - ANG/DEG -
	 R(1,2)           =         2.701744           1.429701

2025-07-16:20:04:39,22 INFO     [psi4.optking.convcheck:71] Performing convergence check.
2025-07-16:20:04:39,22 INFO     [psi4.optking.convcheck:263] 
	                                 ==> Convergence Check <==                                  
    
	Measures of convergence in internal coordinates in au.
    
	Criteria marked as inactive (o), active & met (*), and active & unmet ( ).

	----------------------------------------------------------------------------------------------
	   Step    Total Energy     Delta E     Max Force     RMS Force      Max Disp      RMS Disp   
	----------------------------------------------------------------------------------------------
	  Convergence Criteria     1.00e-06 *    3.00e-04 *             o    1.20e-03 *             o
	----------------------------------------------------------------------------------------------
	     4    -483.91053311   -8.18e-02      1.39e+00      1.39e+00 o    3.56e-01      3.56e-01 o  ~
	----------------------------------------------------------------------------------------------


2025-07-16:20:04:39,22 INFO     [psi4.optking.stepAlgorithms:266] 	Convergence check returned False
2025-07-16:20:04:39,36 INFO     [psi4.driver.task_planner:285] PLANNING Atomic:  keywords={'DAMPING_PERCENTAGE': 1.0, 'GEOM_MAXITER': 500, 'SCF__GUESS': 'READ', 'GUESS': 'SAP', 'MAXITER': 500, 'REFERENCE': 'UKS', 'function_kwargs': {}}
2025-07-16:20:04:39,37 INFO     [psi4.driver.driver:636] Compute gradient(): method=b3lyp, basis=cc-pvdz, molecule=default, nre=62.552186858431604
2025-07-16:20:04:40,444 INFO     [psi4.driver.driver:639] Return gradient(): -484.2864329471355
2025-07-16:20:04:40,444 INFO     [psi4.driver.driver:640] [[ 0.00000000 -0.78869259 -0.00000000]
 [-0.00000000  0.78869259 -0.00000000]]
2025-07-16:20:04:40,446 INFO     [psi4.optking.history:257] 	Performing BFGS update.
2025-07-16:20:04:40,446 INFO     [psi4.optking.history:268] 	Using 4 previous steps for update.
2025-07-16:20:04:40,446 INFO     [psi4.optking.history:302] 	Steps to be used in Hessian update:  4 3 2 1

2025-07-16:20:04:40,446 INFO     [psi4.optking.history:400] 	Updated Hessian (in au) 
 	   1.850070

2025-07-16:20:04:40,446 INFO     [psi4.optking.molsys:874] Projected (PHP) Hessian matrix
	   1.850070

2025-07-16:20:04:40,446 INFO     [psi4.optking.opt_helper:168] 
	         Geometry (au)                                       Gradient (au)
  -0.0000000000   1.3508720357   0.0000000000		   0.0000000000  -0.7886925945  -0.0000000000
   0.0000000000  -1.3508720357   0.0000000000		  -0.0000000000   0.7886925945  -0.0000000000

2025-07-16:20:04:40,446 INFO     [psi4.optking.stepAlgorithms:315] 	Current Step Report 
 
	Current energy:      -484.2864329471
	Energy change for the previous step:
		Actual       :        -0.3758998368
		Projected    :        -0.2474239545

2025-07-16:20:04:40,446 INFO     [psi4.optking.stepAlgorithms:318] 	Energy ratio =    1.51925
2025-07-16:20:04:40,446 INFO     [psi4.optking.stepAlgorithms:750] 	Using RFO solution 1.
2025-07-16:20:04:40,447 INFO     [psi4.optking.displace:73] 	Determining Cartesian step for fragment 1.
2025-07-16:20:04:40,447 INFO     [psi4.optking.displace:378] 	Successfully converged to displaced geometry.
2025-07-16:20:04:40,447 INFO     [psi4.optking.displace:379] 	RMS(dx):  0.000e+00 	Max(dx):  0.000e+00 	RMS(dq):  0.000e+00
2025-07-16:20:04:40,447 INFO     [psi4.optking.displace:132] 

	        --- Internal Coordinate Step in ANG or DEG, aJ/ANG or AJ/DEG ---
	-------------------------------------------------------------------------------
	           Coordinate      Previous         Force          Change          New 
	           ----------      --------        ------          ------        ------
	               R(1,2)       1.42970        6.49782        0.19497       1.62467
	-------------------------------------------------------------------------------

2025-07-16:20:04:40,447 INFO     [psi4.optking.stepAlgorithms:96] 	|target step| :    0.3684356357
2025-07-16:20:04:40,447 INFO     [psi4.optking.stepAlgorithms:97] 	gradient     :   -0.7886925945
2025-07-16:20:04:40,447 INFO     [psi4.optking.stepAlgorithms:98] 	hessian      :    1.8500698523
2025-07-16:20:04:40,447 INFO     [psi4.optking.stepAlgorithms:177] 	Norm of achieved step-size    0.3684356357
2025-07-16:20:04:40,447 INFO     [psi4.optking.stepAlgorithms:179] 	Norm of achieved step-size (cart):    0.2605233364
2025-07-16:20:04:40,447 INFO     [psi4.optking.opt_helper:151] Molsys:

	                            ===> Fragment 1 <== 

	 Z (Atomic Numbers)          Masses                          Geom                  
	      13.000000            26.981539         -0.00000000  1.53508985  0.00000000   
	      13.000000            26.981539          0.00000000 -1.53508985  0.00000000   

	 - Coordinate -           - BOHR/RAD -       - ANG/DEG -
	 R(1,2)           =         3.070180           1.624669

2025-07-16:20:04:40,447 INFO     [psi4.optking.convcheck:71] Performing convergence check.
2025-07-16:20:04:40,447 INFO     [psi4.optking.convcheck:263] 
	                                 ==> Convergence Check <==                                  
    
	Measures of convergence in internal coordinates in au.
    
	Criteria marked as inactive (o), active & met (*), and active & unmet ( ).

	----------------------------------------------------------------------------------------------
	   Step    Total Energy     Delta E     Max Force     RMS Force      Max Disp      RMS Disp   
	----------------------------------------------------------------------------------------------
	  Convergence Criteria     1.00e-06 *    3.00e-04 *             o    1.20e-03 *             o
	----------------------------------------------------------------------------------------------
	     5    -484.28643295   -3.76e-01      7.89e-01      7.89e-01 o    3.68e-01      3.68e-01 o  ~
	----------------------------------------------------------------------------------------------


2025-07-16:20:04:40,447 INFO     [psi4.optking.stepAlgorithms:266] 	Convergence check returned False
2025-07-16:20:04:40,463 INFO     [psi4.driver.task_planner:285] PLANNING Atomic:  keywords={'DAMPING_PERCENTAGE': 1.0, 'GEOM_MAXITER': 500, 'SCF__GUESS': 'READ', 'GUESS': 'SAP', 'MAXITER': 500, 'REFERENCE': 'UKS', 'function_kwargs': {}}
2025-07-16:20:04:40,464 INFO     [psi4.driver.driver:636] Compute gradient(): method=b3lyp, basis=cc-pvdz, molecule=default, nre=55.0456377545075
2025-07-16:20:04:41,813 INFO     [psi4.driver.driver:639] Return gradient(): -484.5075364104657
2025-07-16:20:04:41,813 INFO     [psi4.driver.driver:640] [[ 0.00000000 -0.43973403  0.00000000]
 [-0.00000000  0.43973403  0.00000000]]
2025-07-16:20:04:41,814 INFO     [psi4.optking.history:257] 	Performing BFGS update.
2025-07-16:20:04:41,814 INFO     [psi4.optking.history:268] 	Using 4 previous steps for update.
2025-07-16:20:04:41,814 WARNING  [psi4.optking.history:286] 	Change in internal coordinate of 7.25e-01 exceeds limit of 5.00e-01.
2025-07-16:20:04:41,814 WARNING  [psi4.optking.history:291] 	Skipping Hessian update for step 4.
2025-07-16:20:04:41,814 WARNING  [psi4.optking.history:286] 	Change in internal coordinate of 7.81e-01 exceeds limit of 5.00e-01.
2025-07-16:20:04:41,814 WARNING  [psi4.optking.history:291] 	Skipping Hessian update for step 3.
2025-07-16:20:04:41,814 WARNING  [psi4.optking.history:286] 	Change in internal coordinate of 7.95e-01 exceeds limit of 5.00e-01.
2025-07-16:20:04:41,814 WARNING  [psi4.optking.history:291] 	Skipping Hessian update for step 2.
2025-07-16:20:04:41,814 WARNING  [psi4.optking.history:286] 	Change in internal coordinate of 8.03e-01 exceeds limit of 5.00e-01.
2025-07-16:20:04:41,814 WARNING  [psi4.optking.history:291] 	Skipping Hessian update for step 1.
2025-07-16:20:04:41,814 INFO     [psi4.optking.history:302] 	Steps to be used in Hessian update:  5

2025-07-16:20:04:41,814 INFO     [psi4.optking.history:400] 	Updated Hessian (in au) 
 	   0.947136

2025-07-16:20:04:41,815 INFO     [psi4.optking.molsys:874] Projected (PHP) Hessian matrix
	   0.947136

2025-07-16:20:04:41,815 INFO     [psi4.optking.opt_helper:168] 
	         Geometry (au)                                       Gradient (au)
  -0.0000000000   1.5350898536   0.0000000000		   0.0000000000  -0.4397340306   0.0000000000
   0.0000000000  -1.5350898536   0.0000000000		  -0.0000000000   0.4397340306   0.0000000000

2025-07-16:20:04:41,815 INFO     [psi4.optking.stepAlgorithms:315] 	Current Step Report 
 
	Current energy:      -484.5075364105
	Energy change for the previous step:
		Actual       :        -0.2211034633
		Projected    :        -0.1452912287

2025-07-16:20:04:41,815 INFO     [psi4.optking.stepAlgorithms:318] 	Energy ratio =    1.52179
2025-07-16:20:04:41,815 INFO     [psi4.optking.stepAlgorithms:750] 	Using RFO solution 1.
2025-07-16:20:04:41,815 INFO     [psi4.optking.displace:73] 	Determining Cartesian step for fragment 1.
2025-07-16:20:04:41,815 INFO     [psi4.optking.displace:378] 	Successfully converged to displaced geometry.
2025-07-16:20:04:41,815 INFO     [psi4.optking.displace:379] 	RMS(dx):  0.000e+00 	Max(dx):  0.000e+00 	RMS(dq):  0.000e+00
2025-07-16:20:04:41,815 INFO     [psi4.optking.displace:132] 

	        --- Internal Coordinate Step in ANG or DEG, aJ/ANG or AJ/DEG ---
	-------------------------------------------------------------------------------
	           Coordinate      Previous         Force          Change          New 
	           ----------      --------        ------          ------        ------
	               R(1,2)       1.62467        3.62285        0.20780       1.83247
	-------------------------------------------------------------------------------

2025-07-16:20:04:41,815 INFO     [psi4.optking.stepAlgorithms:96] 	|target step| :    0.3926852906
2025-07-16:20:04:41,815 INFO     [psi4.optking.stepAlgorithms:97] 	gradient     :   -0.4397340306
2025-07-16:20:04:41,815 INFO     [psi4.optking.stepAlgorithms:98] 	hessian      :    0.9471357548
2025-07-16:20:04:41,815 INFO     [psi4.optking.stepAlgorithms:177] 	Norm of achieved step-size    0.3926852906
2025-07-16:20:04:41,815 INFO     [psi4.optking.stepAlgorithms:179] 	Norm of achieved step-size (cart):    0.2776704318
2025-07-16:20:04:41,815 INFO     [psi4.optking.opt_helper:151] Molsys:

	                            ===> Fragment 1 <== 

	 Z (Atomic Numbers)          Masses                          Geom                  
	      13.000000            26.981539         -0.00000000  1.73143250  0.00000000   
	      13.000000            26.981539          0.00000000 -1.73143250  0.00000000   

	 - Coordinate -           - BOHR/RAD -       - ANG/DEG -
	 R(1,2)           =         3.462865           1.832469

2025-07-16:20:04:41,815 INFO     [psi4.optking.convcheck:71] Performing convergence check.
2025-07-16:20:04:41,815 INFO     [psi4.optking.convcheck:263] 
	                                 ==> Convergence Check <==                                  
    
	Measures of convergence in internal coordinates in au.
    
	Criteria marked as inactive (o), active & met (*), and active & unmet ( ).

	----------------------------------------------------------------------------------------------
	   Step    Total Energy     Delta E     Max Force     RMS Force      Max Disp      RMS Disp   
	----------------------------------------------------------------------------------------------
	  Convergence Criteria     1.00e-06 *    3.00e-04 *             o    1.20e-03 *             o
	----------------------------------------------------------------------------------------------
	     6    -484.50753641   -2.21e-01      4.40e-01      4.40e-01 o    3.93e-01      3.93e-01 o  ~
	----------------------------------------------------------------------------------------------


2025-07-16:20:04:41,815 INFO     [psi4.optking.stepAlgorithms:266] 	Convergence check returned False
2025-07-16:20:04:41,829 INFO     [psi4.driver.task_planner:285] PLANNING Atomic:  keywords={'DAMPING_PERCENTAGE': 1.0, 'GEOM_MAXITER': 500, 'SCF__GUESS': 'READ', 'GUESS': 'SAP', 'MAXITER': 500, 'REFERENCE': 'UKS', 'function_kwargs': {}}
2025-07-16:20:04:41,832 INFO     [psi4.driver.driver:636] Compute gradient(): method=b3lyp, basis=cc-pvdz, molecule=default, nre=48.80351966105944
2025-07-16:20:04:43,251 INFO     [psi4.driver.driver:639] Return gradient(): -484.69453613132026
2025-07-16:20:04:43,252 INFO     [psi4.driver.driver:640] [[ 0.00000000 -0.26216984  0.00000000]
 [-0.00000000  0.26216984  0.00000000]]
2025-07-16:20:04:43,254 INFO     [psi4.optking.history:257] 	Performing BFGS update.
2025-07-16:20:04:43,254 INFO     [psi4.optking.history:268] 	Using 4 previous steps for update.
2025-07-16:20:04:43,254 WARNING  [psi4.optking.history:286] 	Change in internal coordinate of 7.61e-01 exceeds limit of 5.00e-01.
2025-07-16:20:04:43,254 WARNING  [psi4.optking.history:291] 	Skipping Hessian update for step 5.
2025-07-16:20:04:43,254 WARNING  [psi4.optking.history:286] 	Change in internal coordinate of 1.12e+00 exceeds limit of 5.00e-01.
2025-07-16:20:04:43,255 WARNING  [psi4.optking.history:291] 	Skipping Hessian update for step 4.
2025-07-16:20:04:43,255 WARNING  [psi4.optking.history:286] 	Change in internal coordinate of 1.17e+00 exceeds limit of 5.00e-01.
2025-07-16:20:04:43,255 WARNING  [psi4.optking.history:291] 	Skipping Hessian update for step 3.
2025-07-16:20:04:43,255 WARNING  [psi4.optking.history:286] 	Change in internal coordinate of 1.19e+00 exceeds limit of 5.00e-01.
2025-07-16:20:04:43,255 WARNING  [psi4.optking.history:291] 	Skipping Hessian update for step 2.
2025-07-16:20:04:43,255 WARNING  [psi4.optking.history:286] 	Change in internal coordinate of 1.20e+00 exceeds limit of 5.00e-01.
2025-07-16:20:04:43,255 WARNING  [psi4.optking.history:291] 	Skipping Hessian update for step 1.
2025-07-16:20:04:43,255 INFO     [psi4.optking.history:302] 	Steps to be used in Hessian update:  6

2025-07-16:20:04:43,255 INFO     [psi4.optking.history:400] 	Updated Hessian (in au) 
 	   0.452179

2025-07-16:20:04:43,255 INFO     [psi4.optking.molsys:874] Projected (PHP) Hessian matrix
	   0.452179

2025-07-16:20:04:43,255 INFO     [psi4.optking.opt_helper:168] 
	         Geometry (au)                                       Gradient (au)
  -0.0000000000   1.7314324989   0.0000000000		   0.0000000000  -0.2621698411   0.0000000000
   0.0000000000  -1.7314324989   0.0000000000		  -0.0000000000   0.2621698411   0.0000000000

2025-07-16:20:04:43,255 INFO     [psi4.optking.stepAlgorithms:315] 	Current Step Report 
 
	Current energy:      -484.6945361313
	Energy change for the previous step:
		Actual       :        -0.1869997209
		Projected    :        -0.0863385428

2025-07-16:20:04:43,256 INFO     [psi4.optking.stepAlgorithms:318] 	Energy ratio =    2.16589
2025-07-16:20:04:43,256 INFO     [psi4.optking.stepAlgorithms:750] 	Using RFO solution 1.
2025-07-16:20:04:43,256 INFO     [psi4.optking.displace:73] 	Determining Cartesian step for fragment 1.
2025-07-16:20:04:43,256 INFO     [psi4.optking.displace:378] 	Successfully converged to displaced geometry.
2025-07-16:20:04:43,256 INFO     [psi4.optking.displace:379] 	RMS(dx):  0.000e+00 	Max(dx):  0.000e+00 	RMS(dq):  0.000e+00
2025-07-16:20:04:43,256 INFO     [psi4.optking.displace:132] 

	        --- Internal Coordinate Step in ANG or DEG, aJ/ANG or AJ/DEG ---
	-------------------------------------------------------------------------------
	           Coordinate      Previous         Force          Change          New 
	           ----------      --------        ------          ------        ------
	               R(1,2)       1.83247        2.15994        0.24242       2.07489
	-------------------------------------------------------------------------------

2025-07-16:20:04:43,256 INFO     [psi4.optking.stepAlgorithms:96] 	|target step| :    0.4581125036
2025-07-16:20:04:43,256 INFO     [psi4.optking.stepAlgorithms:97] 	gradient     :   -0.2621698411
2025-07-16:20:04:43,256 INFO     [psi4.optking.stepAlgorithms:98] 	hessian      :    0.4521793755
2025-07-16:20:04:43,256 INFO     [psi4.optking.stepAlgorithms:177] 	Norm of achieved step-size    0.4581125036
2025-07-16:20:04:43,256 INFO     [psi4.optking.stepAlgorithms:179] 	Norm of achieved step-size (cart):    0.3239344578
2025-07-16:20:04:43,257 INFO     [psi4.optking.opt_helper:151] Molsys:

	                            ===> Fragment 1 <== 

	 Z (Atomic Numbers)          Masses                          Geom                  
	      13.000000            26.981539         -0.00000000  1.96048875  0.00000000   
	      13.000000            26.981539          0.00000000 -1.96048875  0.00000000   

	 - Coordinate -           - BOHR/RAD -       - ANG/DEG -
	 R(1,2)           =         3.920978           2.074892

2025-07-16:20:04:43,257 INFO     [psi4.optking.convcheck:71] Performing convergence check.
2025-07-16:20:04:43,257 INFO     [psi4.optking.convcheck:263] 
	                                 ==> Convergence Check <==                                  
    
	Measures of convergence in internal coordinates in au.
    
	Criteria marked as inactive (o), active & met (*), and active & unmet ( ).

	----------------------------------------------------------------------------------------------
	   Step    Total Energy     Delta E     Max Force     RMS Force      Max Disp      RMS Disp   
	----------------------------------------------------------------------------------------------
	  Convergence Criteria     1.00e-06 *    3.00e-04 *             o    1.20e-03 *             o
	----------------------------------------------------------------------------------------------
	     7    -484.69453613   -1.87e-01      2.62e-01      2.62e-01 o    4.58e-01      4.58e-01 o  ~
	----------------------------------------------------------------------------------------------


2025-07-16:20:04:43,257 INFO     [psi4.optking.stepAlgorithms:266] 	Convergence check returned False
2025-07-16:20:04:43,270 INFO     [psi4.driver.task_planner:285] PLANNING Atomic:  keywords={'DAMPING_PERCENTAGE': 1.0, 'GEOM_MAXITER': 500, 'SCF__GUESS': 'READ', 'GUESS': 'SAP', 'MAXITER': 500, 'REFERENCE': 'UKS', 'function_kwargs': {}}
2025-07-16:20:04:43,272 INFO     [psi4.driver.driver:636] Compute gradient(): method=b3lyp, basis=cc-pvdz, molecule=default, nre=43.101496997323714
2025-07-16:20:04:44,585 INFO     [psi4.driver.driver:639] Return gradient(): -484.7751913907709
2025-07-16:20:04:44,585 INFO     [psi4.driver.driver:640] [[ 0.00000000 -0.10696512  0.00000000]
 [-0.00000000  0.10696512  0.00000000]]
2025-07-16:20:04:44,586 INFO     [psi4.optking.history:257] 	Performing BFGS update.
2025-07-16:20:04:44,586 INFO     [psi4.optking.history:268] 	Using 4 previous steps for update.
2025-07-16:20:04:44,586 WARNING  [psi4.optking.history:286] 	Change in internal coordinate of 8.51e-01 exceeds limit of 5.00e-01.
2025-07-16:20:04:44,586 WARNING  [psi4.optking.history:291] 	Skipping Hessian update for step 6.
2025-07-16:20:04:44,586 WARNING  [psi4.optking.history:286] 	Change in internal coordinate of 1.22e+00 exceeds limit of 5.00e-01.
2025-07-16:20:04:44,586 WARNING  [psi4.optking.history:291] 	Skipping Hessian update for step 5.
2025-07-16:20:04:44,586 WARNING  [psi4.optking.history:286] 	Change in internal coordinate of 1.58e+00 exceeds limit of 5.00e-01.
2025-07-16:20:04:44,587 WARNING  [psi4.optking.history:291] 	Skipping Hessian update for step 4.
2025-07-16:20:04:44,587 WARNING  [psi4.optking.history:286] 	Change in internal coordinate of 1.63e+00 exceeds limit of 5.00e-01.
2025-07-16:20:04:44,587 WARNING  [psi4.optking.history:291] 	Skipping Hessian update for step 3.
2025-07-16:20:04:44,587 WARNING  [psi4.optking.history:286] 	Change in internal coordinate of 1.65e+00 exceeds limit of 5.00e-01.
2025-07-16:20:04:44,587 WARNING  [psi4.optking.history:291] 	Skipping Hessian update for step 2.
2025-07-16:20:04:44,587 WARNING  [psi4.optking.history:286] 	Change in internal coordinate of 1.65e+00 exceeds limit of 5.00e-01.
2025-07-16:20:04:44,587 WARNING  [psi4.optking.history:291] 	Skipping Hessian update for step 1.
2025-07-16:20:04:44,587 INFO     [psi4.optking.history:302] 	Steps to be used in Hessian update:  7

2025-07-16:20:04:44,587 INFO     [psi4.optking.history:400] 	Updated Hessian (in au) 
 	   0.338792

2025-07-16:20:04:44,587 INFO     [psi4.optking.molsys:874] Projected (PHP) Hessian matrix
	   0.338792

2025-07-16:20:04:44,587 INFO     [psi4.optking.opt_helper:168] 
	         Geometry (au)                                       Gradient (au)
  -0.0000000000   1.9604887507   0.0000000000		   0.0000000000  -0.1069651197   0.0000000000
   0.0000000000  -1.9604887507   0.0000000000		  -0.0000000000   0.1069651197   0.0000000000

2025-07-16:20:04:44,587 INFO     [psi4.optking.stepAlgorithms:315] 	Current Step Report 
 
	Current energy:      -484.7751913908
	Energy change for the previous step:
		Actual       :        -0.0806552595
		Projected    :        -0.0600516411

2025-07-16:20:04:44,587 INFO     [psi4.optking.stepAlgorithms:318] 	Energy ratio =    1.34310
2025-07-16:20:04:44,587 INFO     [psi4.optking.stepAlgorithms:750] 	Using RFO solution 1.
2025-07-16:20:04:44,587 INFO     [psi4.optking.displace:73] 	Determining Cartesian step for fragment 1.
2025-07-16:20:04:44,587 INFO     [psi4.optking.displace:378] 	Successfully converged to displaced geometry.
2025-07-16:20:04:44,587 INFO     [psi4.optking.displace:379] 	RMS(dx):  0.000e+00 	Max(dx):  0.000e+00 	RMS(dq):  0.000e+00
2025-07-16:20:04:44,587 INFO     [psi4.optking.displace:132] 

	        --- Internal Coordinate Step in ANG or DEG, aJ/ANG or AJ/DEG ---
	-------------------------------------------------------------------------------
	           Coordinate      Previous         Force          Change          New 
	           ----------      --------        ------          ------        ------
	               R(1,2)       2.07489        0.88126        0.15309       2.22798
	-------------------------------------------------------------------------------

2025-07-16:20:04:44,587 INFO     [psi4.optking.stepAlgorithms:96] 	|target step| :    0.2893007113
2025-07-16:20:04:44,587 INFO     [psi4.optking.stepAlgorithms:97] 	gradient     :   -0.1069651197
2025-07-16:20:04:44,587 INFO     [psi4.optking.stepAlgorithms:98] 	hessian      :    0.3387917165
2025-07-16:20:04:44,587 INFO     [psi4.optking.stepAlgorithms:177] 	Norm of achieved step-size    0.2893007113
2025-07-16:20:04:44,587 INFO     [psi4.optking.stepAlgorithms:179] 	Norm of achieved step-size (cart):    0.2045664948
2025-07-16:20:04:44,587 INFO     [psi4.optking.opt_helper:151] Molsys:

	                            ===> Fragment 1 <== 

	 Z (Atomic Numbers)          Masses                          Geom                  
	      13.000000            26.981539         -0.00000000  2.10513911  0.00000000   
	      13.000000            26.981539          0.00000000 -2.10513911  0.00000000   

	 - Coordinate -           - BOHR/RAD -       - ANG/DEG -
	 R(1,2)           =         4.210278           2.227983

2025-07-16:20:04:44,588 INFO     [psi4.optking.convcheck:71] Performing convergence check.
2025-07-16:20:04:44,588 INFO     [psi4.optking.convcheck:263] 
	                                 ==> Convergence Check <==                                  
    
	Measures of convergence in internal coordinates in au.
    
	Criteria marked as inactive (o), active & met (*), and active & unmet ( ).

	----------------------------------------------------------------------------------------------
	   Step    Total Energy     Delta E     Max Force     RMS Force      Max Disp      RMS Disp   
	----------------------------------------------------------------------------------------------
	  Convergence Criteria     1.00e-06 *    3.00e-04 *             o    1.20e-03 *             o
	----------------------------------------------------------------------------------------------
	     8    -484.77519139   -8.07e-02      1.07e-01      1.07e-01 o    2.89e-01      2.89e-01 o  ~
	----------------------------------------------------------------------------------------------


2025-07-16:20:04:44,588 INFO     [psi4.optking.stepAlgorithms:266] 	Convergence check returned False
2025-07-16:20:04:44,603 INFO     [psi4.driver.task_planner:285] PLANNING Atomic:  keywords={'DAMPING_PERCENTAGE': 1.0, 'GEOM_MAXITER': 500, 'SCF__GUESS': 'READ', 'GUESS': 'SAP', 'MAXITER': 500, 'REFERENCE': 'UKS', 'function_kwargs': {}}
2025-07-16:20:04:44,605 INFO     [psi4.driver.driver:636] Compute gradient(): method=b3lyp, basis=cc-pvdz, molecule=default, nre=40.1398652213726
2025-07-16:20:04:45,811 INFO     [psi4.driver.driver:639] Return gradient(): -484.79759719754776
2025-07-16:20:04:45,811 INFO     [psi4.driver.driver:640] [[ 0.00000000 -0.05218116  0.00000000]
 [-0.00000000  0.05218116  0.00000000]]
2025-07-16:20:04:45,814 INFO     [psi4.optking.history:257] 	Performing BFGS update.
2025-07-16:20:04:45,814 INFO     [psi4.optking.history:268] 	Using 4 previous steps for update.
2025-07-16:20:04:45,814 WARNING  [psi4.optking.history:286] 	Change in internal coordinate of 7.47e-01 exceeds limit of 5.00e-01.
2025-07-16:20:04:45,814 WARNING  [psi4.optking.history:291] 	Skipping Hessian update for step 7.
2025-07-16:20:04:45,815 WARNING  [psi4.optking.history:286] 	Change in internal coordinate of 1.14e+00 exceeds limit of 5.00e-01.
2025-07-16:20:04:45,815 WARNING  [psi4.optking.history:291] 	Skipping Hessian update for step 6.
2025-07-16:20:04:45,815 WARNING  [psi4.optking.history:286] 	Change in internal coordinate of 1.51e+00 exceeds limit of 5.00e-01.
2025-07-16:20:04:45,815 WARNING  [psi4.optking.history:291] 	Skipping Hessian update for step 5.
2025-07-16:20:04:45,815 WARNING  [psi4.optking.history:286] 	Change in internal coordinate of 1.86e+00 exceeds limit of 5.00e-01.
2025-07-16:20:04:45,815 WARNING  [psi4.optking.history:291] 	Skipping Hessian update for step 4.
2025-07-16:20:04:45,815 WARNING  [psi4.optking.history:286] 	Change in internal coordinate of 1.92e+00 exceeds limit of 5.00e-01.
2025-07-16:20:04:45,815 WARNING  [psi4.optking.history:291] 	Skipping Hessian update for step 3.
2025-07-16:20:04:45,815 WARNING  [psi4.optking.history:286] 	Change in internal coordinate of 1.94e+00 exceeds limit of 5.00e-01.
2025-07-16:20:04:45,815 WARNING  [psi4.optking.history:291] 	Skipping Hessian update for step 2.
2025-07-16:20:04:45,815 WARNING  [psi4.optking.history:286] 	Change in internal coordinate of 1.94e+00 exceeds limit of 5.00e-01.
2025-07-16:20:04:45,815 WARNING  [psi4.optking.history:291] 	Skipping Hessian update for step 1.
2025-07-16:20:04:45,815 INFO     [psi4.optking.history:302] 	Steps to be used in Hessian update:  8

2025-07-16:20:04:45,815 INFO     [psi4.optking.history:400] 	Updated Hessian (in au) 
 	   0.189367

2025-07-16:20:04:45,816 INFO     [psi4.optking.molsys:874] Projected (PHP) Hessian matrix
	   0.189367

2025-07-16:20:04:45,816 INFO     [psi4.optking.opt_helper:168] 
	         Geometry (au)                                       Gradient (au)
  -0.0000000000   2.1051391063   0.0000000000		   0.0000000000  -0.0521811603   0.0000000000
   0.0000000000  -2.1051391063   0.0000000000		  -0.0000000000   0.0521811603   0.0000000000

2025-07-16:20:04:45,816 INFO     [psi4.optking.stepAlgorithms:315] 	Current Step Report 
 
	Current energy:      -484.7975971975
	Energy change for the previous step:
		Actual       :        -0.0224058068
		Projected    :        -0.0154725426

2025-07-16:20:04:45,816 INFO     [psi4.optking.stepAlgorithms:318] 	Energy ratio =    1.44810
2025-07-16:20:04:45,816 INFO     [psi4.optking.stepAlgorithms:750] 	Using RFO solution 1.
2025-07-16:20:04:45,816 INFO     [psi4.optking.displace:73] 	Determining Cartesian step for fragment 1.
2025-07-16:20:04:45,816 INFO     [psi4.optking.displace:378] 	Successfully converged to displaced geometry.
2025-07-16:20:04:45,816 INFO     [psi4.optking.displace:379] 	RMS(dx):  0.000e+00 	Max(dx):  0.000e+00 	RMS(dq):  0.000e+00
2025-07-16:20:04:45,817 INFO     [psi4.optking.displace:132] 

	        --- Internal Coordinate Step in ANG or DEG, aJ/ANG or AJ/DEG ---
	-------------------------------------------------------------------------------
	           Coordinate      Previous         Force          Change          New 
	           ----------      --------        ------          ------        ------
	               R(1,2)       2.22798        0.42991        0.13616       2.36415
	-------------------------------------------------------------------------------

2025-07-16:20:04:45,817 INFO     [psi4.optking.stepAlgorithms:96] 	|target step| :    0.2573116070
2025-07-16:20:04:45,817 INFO     [psi4.optking.stepAlgorithms:97] 	gradient     :   -0.0521811603
2025-07-16:20:04:45,817 INFO     [psi4.optking.stepAlgorithms:98] 	hessian      :    0.1893668329
2025-07-16:20:04:45,817 INFO     [psi4.optking.stepAlgorithms:177] 	Norm of achieved step-size    0.2573116070
2025-07-16:20:04:45,817 INFO     [psi4.optking.stepAlgorithms:179] 	Norm of achieved step-size (cart):    0.1819467822
2025-07-16:20:04:45,817 INFO     [psi4.optking.opt_helper:151] Molsys:

	                            ===> Fragment 1 <== 

	 Z (Atomic Numbers)          Masses                          Geom                  
	      13.000000            26.981539         -0.00000000  2.23379491  0.00000000   
	      13.000000            26.981539          0.00000000 -2.23379491  0.00000000   

	 - Coordinate -           - BOHR/RAD -       - ANG/DEG -
	 R(1,2)           =         4.467590           2.364147

2025-07-16:20:04:45,817 INFO     [psi4.optking.convcheck:71] Performing convergence check.
2025-07-16:20:04:45,818 INFO     [psi4.optking.convcheck:263] 
	                                 ==> Convergence Check <==                                  
    
	Measures of convergence in internal coordinates in au.
    
	Criteria marked as inactive (o), active & met (*), and active & unmet ( ).

	----------------------------------------------------------------------------------------------
	   Step    Total Energy     Delta E     Max Force     RMS Force      Max Disp      RMS Disp   
	----------------------------------------------------------------------------------------------
	  Convergence Criteria     1.00e-06 *    3.00e-04 *             o    1.20e-03 *             o
	----------------------------------------------------------------------------------------------
	     9    -484.79759720   -2.24e-02      5.22e-02      5.22e-02 o    2.57e-01      2.57e-01 o  ~
	----------------------------------------------------------------------------------------------


2025-07-16:20:04:45,818 INFO     [psi4.optking.stepAlgorithms:266] 	Convergence check returned False
2025-07-16:20:04:45,830 INFO     [psi4.driver.task_planner:285] PLANNING Atomic:  keywords={'DAMPING_PERCENTAGE': 1.0, 'GEOM_MAXITER': 500, 'SCF__GUESS': 'READ', 'GUESS': 'SAP', 'MAXITER': 500, 'REFERENCE': 'UKS', 'function_kwargs': {}}
2025-07-16:20:04:45,831 INFO     [psi4.driver.driver:636] Compute gradient(): method=b3lyp, basis=cc-pvdz, molecule=default, nre=37.82800275362867
2025-07-16:20:04:47,83 INFO     [psi4.driver.driver:639] Return gradient(): -484.8067774327662
2025-07-16:20:04:47,83 INFO     [psi4.driver.driver:640] [[ 0.00000000 -0.02146939  0.00000000]
 [-0.00000000  0.02146939  0.00000000]]
2025-07-16:20:04:47,86 INFO     [psi4.optking.history:257] 	Performing BFGS update.
2025-07-16:20:04:47,86 INFO     [psi4.optking.history:268] 	Using 4 previous steps for update.
2025-07-16:20:04:47,86 WARNING  [psi4.optking.history:286] 	Change in internal coordinate of 5.47e-01 exceeds limit of 5.00e-01.
2025-07-16:20:04:47,86 WARNING  [psi4.optking.history:291] 	Skipping Hessian update for step 8.
2025-07-16:20:04:47,86 WARNING  [psi4.optking.history:286] 	Change in internal coordinate of 1.00e+00 exceeds limit of 5.00e-01.
2025-07-16:20:04:47,86 WARNING  [psi4.optking.history:291] 	Skipping Hessian update for step 7.
2025-07-16:20:04:47,86 WARNING  [psi4.optking.history:286] 	Change in internal coordinate of 1.40e+00 exceeds limit of 5.00e-01.
2025-07-16:20:04:47,86 WARNING  [psi4.optking.history:291] 	Skipping Hessian update for step 6.
2025-07-16:20:04:47,87 WARNING  [psi4.optking.history:286] 	Change in internal coordinate of 1.77e+00 exceeds limit of 5.00e-01.
2025-07-16:20:04:47,87 WARNING  [psi4.optking.history:291] 	Skipping Hessian update for step 5.
2025-07-16:20:04:47,87 WARNING  [psi4.optking.history:286] 	Change in internal coordinate of 2.12e+00 exceeds limit of 5.00e-01.
2025-07-16:20:04:47,87 WARNING  [psi4.optking.history:291] 	Skipping Hessian update for step 4.
2025-07-16:20:04:47,87 WARNING  [psi4.optking.history:286] 	Change in internal coordinate of 2.18e+00 exceeds limit of 5.00e-01.
2025-07-16:20:04:47,87 WARNING  [psi4.optking.history:291] 	Skipping Hessian update for step 3.
2025-07-16:20:04:47,87 WARNING  [psi4.optking.history:286] 	Change in internal coordinate of 2.19e+00 exceeds limit of 5.00e-01.
2025-07-16:20:04:47,87 WARNING  [psi4.optking.history:291] 	Skipping Hessian update for step 2.
2025-07-16:20:04:47,87 WARNING  [psi4.optking.history:286] 	Change in internal coordinate of 2.20e+00 exceeds limit of 5.00e-01.
2025-07-16:20:04:47,87 WARNING  [psi4.optking.history:291] 	Skipping Hessian update for step 1.
2025-07-16:20:04:47,87 INFO     [psi4.optking.history:302] 	Steps to be used in Hessian update:  9

2025-07-16:20:04:47,87 INFO     [psi4.optking.history:400] 	Updated Hessian (in au) 
 	   0.119356

2025-07-16:20:04:47,88 INFO     [psi4.optking.molsys:874] Projected (PHP) Hessian matrix
	   0.119356

2025-07-16:20:04:47,88 INFO     [psi4.optking.opt_helper:168] 
	         Geometry (au)                                       Gradient (au)
  -0.0000000000   2.2337949098   0.0000000000		   0.0000000000  -0.0214693919   0.0000000000
   0.0000000000  -2.2337949098   0.0000000000		  -0.0000000000   0.0214693919   0.0000000000

2025-07-16:20:04:47,88 INFO     [psi4.optking.stepAlgorithms:315] 	Current Step Report 
 
	Current energy:      -484.8067774328
	Energy change for the previous step:
		Actual       :        -0.0091802352
		Projected    :        -0.0067134091

2025-07-16:20:04:47,88 INFO     [psi4.optking.stepAlgorithms:318] 	Energy ratio =    1.36745
2025-07-16:20:04:47,88 INFO     [psi4.optking.stepAlgorithms:750] 	Using RFO solution 1.
2025-07-16:20:04:47,88 INFO     [psi4.optking.displace:73] 	Determining Cartesian step for fragment 1.
2025-07-16:20:04:47,89 INFO     [psi4.optking.displace:378] 	Successfully converged to displaced geometry.
2025-07-16:20:04:47,89 INFO     [psi4.optking.displace:379] 	RMS(dx):  0.000e+00 	Max(dx):  0.000e+00 	RMS(dq):  0.000e+00
2025-07-16:20:04:47,89 INFO     [psi4.optking.displace:132] 

	        --- Internal Coordinate Step in ANG or DEG, aJ/ANG or AJ/DEG ---
	-------------------------------------------------------------------------------
	           Coordinate      Previous         Force          Change          New 
	           ----------      --------        ------          ------        ------
	               R(1,2)       2.36415        0.17688        0.09229       2.45644
	-------------------------------------------------------------------------------

2025-07-16:20:04:47,89 INFO     [psi4.optking.stepAlgorithms:96] 	|target step| :    0.1744051172
2025-07-16:20:04:47,89 INFO     [psi4.optking.stepAlgorithms:97] 	gradient     :   -0.0214693919
2025-07-16:20:04:47,89 INFO     [psi4.optking.stepAlgorithms:98] 	hessian      :    0.1193563274
2025-07-16:20:04:47,89 INFO     [psi4.optking.stepAlgorithms:177] 	Norm of achieved step-size    0.1744051172
2025-07-16:20:04:47,89 INFO     [psi4.optking.stepAlgorithms:179] 	Norm of achieved step-size (cart):    0.1233230410
2025-07-16:20:04:47,89 INFO     [psi4.optking.opt_helper:151] Molsys:

	                            ===> Fragment 1 <== 

	 Z (Atomic Numbers)          Masses                          Geom                  
	      13.000000            26.981539         -0.00000000  2.32099747  0.00000000   
	      13.000000            26.981539          0.00000000 -2.32099747  0.00000000   

	 - Coordinate -           - BOHR/RAD -       - ANG/DEG -
	 R(1,2)           =         4.641995           2.456438

2025-07-16:20:04:47,90 INFO     [psi4.optking.convcheck:71] Performing convergence check.
2025-07-16:20:04:47,90 INFO     [psi4.optking.convcheck:263] 
	                                 ==> Convergence Check <==                                  
    
	Measures of convergence in internal coordinates in au.
    
	Criteria marked as inactive (o), active & met (*), and active & unmet ( ).

	----------------------------------------------------------------------------------------------
	   Step    Total Energy     Delta E     Max Force     RMS Force      Max Disp      RMS Disp   
	----------------------------------------------------------------------------------------------
	  Convergence Criteria     1.00e-06 *    3.00e-04 *             o    1.20e-03 *             o
	----------------------------------------------------------------------------------------------
	    10    -484.80677743   -9.18e-03      2.15e-02      2.15e-02 o    1.74e-01      1.74e-01 o  ~
	----------------------------------------------------------------------------------------------


2025-07-16:20:04:47,90 INFO     [psi4.optking.stepAlgorithms:266] 	Convergence check returned False
2025-07-16:20:04:47,111 INFO     [psi4.driver.task_planner:285] PLANNING Atomic:  keywords={'DAMPING_PERCENTAGE': 1.0, 'GEOM_MAXITER': 500, 'SCF__GUESS': 'READ', 'GUESS': 'SAP', 'MAXITER': 500, 'REFERENCE': 'UKS', 'function_kwargs': {}}
2025-07-16:20:04:47,113 INFO     [psi4.driver.driver:636] Compute gradient(): method=b3lyp, basis=cc-pvdz, molecule=default, nre=36.40676095093636
2025-07-16:20:04:48,358 INFO     [psi4.driver.driver:639] Return gradient(): -484.80923359158334
2025-07-16:20:04:48,358 INFO     [psi4.driver.driver:640] [[ 0.00000000 -0.00745775  0.00000000]
 [-0.00000000  0.00745775  0.00000000]]
2025-07-16:20:04:48,360 INFO     [psi4.optking.history:257] 	Performing BFGS update.
2025-07-16:20:04:48,360 INFO     [psi4.optking.history:268] 	Using 4 previous steps for update.
2025-07-16:20:04:48,360 WARNING  [psi4.optking.history:286] 	Change in internal coordinate of 7.21e-01 exceeds limit of 5.00e-01.
2025-07-16:20:04:48,360 WARNING  [psi4.optking.history:291] 	Skipping Hessian update for step 8.
2025-07-16:20:04:48,360 WARNING  [psi4.optking.history:286] 	Change in internal coordinate of 1.18e+00 exceeds limit of 5.00e-01.
2025-07-16:20:04:48,360 WARNING  [psi4.optking.history:291] 	Skipping Hessian update for step 7.
2025-07-16:20:04:48,360 WARNING  [psi4.optking.history:286] 	Change in internal coordinate of 1.57e+00 exceeds limit of 5.00e-01.
2025-07-16:20:04:48,360 WARNING  [psi4.optking.history:291] 	Skipping Hessian update for step 6.
2025-07-16:20:04:48,360 WARNING  [psi4.optking.history:286] 	Change in internal coordinate of 1.94e+00 exceeds limit of 5.00e-01.
2025-07-16:20:04:48,360 WARNING  [psi4.optking.history:291] 	Skipping Hessian update for step 5.
2025-07-16:20:04:48,360 WARNING  [psi4.optking.history:286] 	Change in internal coordinate of 2.30e+00 exceeds limit of 5.00e-01.
2025-07-16:20:04:48,360 WARNING  [psi4.optking.history:291] 	Skipping Hessian update for step 4.
2025-07-16:20:04:48,360 WARNING  [psi4.optking.history:286] 	Change in internal coordinate of 2.35e+00 exceeds limit of 5.00e-01.
2025-07-16:20:04:48,360 WARNING  [psi4.optking.history:291] 	Skipping Hessian update for step 3.
2025-07-16:20:04:48,360 WARNING  [psi4.optking.history:286] 	Change in internal coordinate of 2.37e+00 exceeds limit of 5.00e-01.
2025-07-16:20:04:48,360 WARNING  [psi4.optking.history:291] 	Skipping Hessian update for step 2.
2025-07-16:20:04:48,360 WARNING  [psi4.optking.history:286] 	Change in internal coordinate of 2.37e+00 exceeds limit of 5.00e-01.
2025-07-16:20:04:48,360 WARNING  [psi4.optking.history:291] 	Skipping Hessian update for step 1.
2025-07-16:20:04:48,360 INFO     [psi4.optking.history:302] 	Steps to be used in Hessian update:  10 9

2025-07-16:20:04:48,360 INFO     [psi4.optking.history:400] 	Updated Hessian (in au) 
 	   0.103594

2025-07-16:20:04:48,360 INFO     [psi4.optking.molsys:874] Projected (PHP) Hessian matrix
	   0.103594

2025-07-16:20:04:48,361 INFO     [psi4.optking.opt_helper:168] 
	         Geometry (au)                                       Gradient (au)
  -0.0000000000   2.3209974684   0.0000000000		   0.0000000000  -0.0074577525   0.0000000000
   0.0000000000  -2.3209974684   0.0000000000		  -0.0000000000   0.0074577525   0.0000000000

2025-07-16:20:04:48,361 INFO     [psi4.optking.stepAlgorithms:315] 	Current Step Report 
 
	Current energy:      -484.8092335916
	Energy change for the previous step:
		Actual       :        -0.0024561588
		Projected    :        -0.0018721859

2025-07-16:20:04:48,361 INFO     [psi4.optking.stepAlgorithms:318] 	Energy ratio =    1.31192
2025-07-16:20:04:48,361 INFO     [psi4.optking.stepAlgorithms:750] 	Using RFO solution 1.
2025-07-16:20:04:48,361 INFO     [psi4.optking.displace:73] 	Determining Cartesian step for fragment 1.
2025-07-16:20:04:48,361 INFO     [psi4.optking.displace:378] 	Successfully converged to displaced geometry.
2025-07-16:20:04:48,361 INFO     [psi4.optking.displace:379] 	RMS(dx):  0.000e+00 	Max(dx):  0.000e+00 	RMS(dq):  0.000e+00
2025-07-16:20:04:48,361 INFO     [psi4.optking.displace:132] 

	        --- Internal Coordinate Step in ANG or DEG, aJ/ANG or AJ/DEG ---
	-------------------------------------------------------------------------------
	           Coordinate      Previous         Force          Change          New 
	           ----------      --------        ------          ------        ------
	               R(1,2)       2.45644        0.06144        0.03790       2.49434
	-------------------------------------------------------------------------------

2025-07-16:20:04:48,361 INFO     [psi4.optking.stepAlgorithms:96] 	|target step| :    0.0716206896
2025-07-16:20:04:48,361 INFO     [psi4.optking.stepAlgorithms:97] 	gradient     :   -0.0074577525
2025-07-16:20:04:48,361 INFO     [psi4.optking.stepAlgorithms:98] 	hessian      :    0.1035943368
2025-07-16:20:04:48,361 INFO     [psi4.optking.stepAlgorithms:177] 	Norm of achieved step-size    0.0716206896
2025-07-16:20:04:48,361 INFO     [psi4.optking.stepAlgorithms:179] 	Norm of achieved step-size (cart):    0.0506434753
2025-07-16:20:04:48,361 INFO     [psi4.optking.opt_helper:151] Molsys:

	                            ===> Fragment 1 <== 

	 Z (Atomic Numbers)          Masses                          Geom                  
	      13.000000            26.981539         -0.00000000  2.35680781  0.00000000   
	      13.000000            26.981539          0.00000000 -2.35680781  0.00000000   

	 - Coordinate -           - BOHR/RAD -       - ANG/DEG -
	 R(1,2)           =         4.713616           2.494338

2025-07-16:20:04:48,361 INFO     [psi4.optking.convcheck:71] Performing convergence check.
2025-07-16:20:04:48,361 INFO     [psi4.optking.convcheck:263] 
	                                 ==> Convergence Check <==                                  
    
	Measures of convergence in internal coordinates in au.
    
	Criteria marked as inactive (o), active & met (*), and active & unmet ( ).

	----------------------------------------------------------------------------------------------
	   Step    Total Energy     Delta E     Max Force     RMS Force      Max Disp      RMS Disp   
	----------------------------------------------------------------------------------------------
	  Convergence Criteria     1.00e-06 *    3.00e-04 *             o    1.20e-03 *             o
	----------------------------------------------------------------------------------------------
	    11    -484.80923359   -2.46e-03      7.46e-03      7.46e-03 o    7.16e-02      7.16e-02 o  ~
	----------------------------------------------------------------------------------------------


2025-07-16:20:04:48,361 INFO     [psi4.optking.stepAlgorithms:266] 	Convergence check returned False
2025-07-16:20:04:48,383 INFO     [psi4.driver.task_planner:285] PLANNING Atomic:  keywords={'DAMPING_PERCENTAGE': 1.0, 'GEOM_MAXITER': 500, 'SCF__GUESS': 'READ', 'GUESS': 'SAP', 'MAXITER': 500, 'REFERENCE': 'UKS', 'function_kwargs': {}}
2025-07-16:20:04:48,385 INFO     [psi4.driver.driver:636] Compute gradient(): method=b3lyp, basis=cc-pvdz, molecule=default, nre=35.853581071537086
2025-07-16:20:04:49,803 INFO     [psi4.driver.driver:639] Return gradient(): -484.8096019587711
2025-07-16:20:04:49,803 INFO     [psi4.driver.driver:640] [[ 0.00000000 -0.00293537  0.00000000]
 [-0.00000000  0.00293537  0.00000000]]
2025-07-16:20:04:49,805 INFO     [psi4.optking.history:257] 	Performing BFGS update.
2025-07-16:20:04:49,805 INFO     [psi4.optking.history:268] 	Using 4 previous steps for update.
2025-07-16:20:04:49,805 WARNING  [psi4.optking.history:286] 	Change in internal coordinate of 5.03e-01 exceeds limit of 5.00e-01.
2025-07-16:20:04:49,805 WARNING  [psi4.optking.history:291] 	Skipping Hessian update for step 9.
2025-07-16:20:04:49,805 WARNING  [psi4.optking.history:286] 	Change in internal coordinate of 7.93e-01 exceeds limit of 5.00e-01.
2025-07-16:20:04:49,805 WARNING  [psi4.optking.history:291] 	Skipping Hessian update for step 8.
2025-07-16:20:04:49,805 WARNING  [psi4.optking.history:286] 	Change in internal coordinate of 1.25e+00 exceeds limit of 5.00e-01.
2025-07-16:20:04:49,805 WARNING  [psi4.optking.history:291] 	Skipping Hessian update for step 7.
2025-07-16:20:04:49,805 WARNING  [psi4.optking.history:286] 	Change in internal coordinate of 1.64e+00 exceeds limit of 5.00e-01.
2025-07-16:20:04:49,805 WARNING  [psi4.optking.history:291] 	Skipping Hessian update for step 6.
2025-07-16:20:04:49,805 WARNING  [psi4.optking.history:286] 	Change in internal coordinate of 2.01e+00 exceeds limit of 5.00e-01.
2025-07-16:20:04:49,805 WARNING  [psi4.optking.history:291] 	Skipping Hessian update for step 5.
2025-07-16:20:04:49,805 WARNING  [psi4.optking.history:286] 	Change in internal coordinate of 2.37e+00 exceeds limit of 5.00e-01.
2025-07-16:20:04:49,805 WARNING  [psi4.optking.history:291] 	Skipping Hessian update for step 4.
2025-07-16:20:04:49,805 WARNING  [psi4.optking.history:286] 	Change in internal coordinate of 2.42e+00 exceeds limit of 5.00e-01.
2025-07-16:20:04:49,805 WARNING  [psi4.optking.history:291] 	Skipping Hessian update for step 3.
2025-07-16:20:04:49,805 WARNING  [psi4.optking.history:286] 	Change in internal coordinate of 2.44e+00 exceeds limit of 5.00e-01.
2025-07-16:20:04:49,805 WARNING  [psi4.optking.history:291] 	Skipping Hessian update for step 2.
2025-07-16:20:04:49,805 WARNING  [psi4.optking.history:286] 	Change in internal coordinate of 2.45e+00 exceeds limit of 5.00e-01.
2025-07-16:20:04:49,805 WARNING  [psi4.optking.history:291] 	Skipping Hessian update for step 1.
2025-07-16:20:04:49,805 INFO     [psi4.optking.history:302] 	Steps to be used in Hessian update:  11 10

2025-07-16:20:04:49,805 INFO     [psi4.optking.history:400] 	Updated Hessian (in au) 
 	   0.075334

2025-07-16:20:04:49,805 INFO     [psi4.optking.molsys:874] Projected (PHP) Hessian matrix
	   0.075334

2025-07-16:20:04:49,805 INFO     [psi4.optking.opt_helper:168] 
	         Geometry (au)                                       Gradient (au)
  -0.0000000000   2.3568078132   0.0000000000		   0.0000000000  -0.0029353699   0.0000000000
   0.0000000000  -2.3568078132   0.0000000000		  -0.0000000000   0.0029353699   0.0000000000

2025-07-16:20:04:49,805 INFO     [psi4.optking.stepAlgorithms:315] 	Current Step Report 
 
	Current energy:      -484.8096019588
	Energy change for the previous step:
		Actual       :        -0.0003683672
		Projected    :        -0.0002670647

2025-07-16:20:04:49,805 INFO     [psi4.optking.stepAlgorithms:318] 	Energy ratio =    1.37932
2025-07-16:20:04:49,806 INFO     [psi4.optking.stepAlgorithms:750] 	Using RFO solution 1.
2025-07-16:20:04:49,806 INFO     [psi4.optking.displace:73] 	Determining Cartesian step for fragment 1.
2025-07-16:20:04:49,806 INFO     [psi4.optking.displace:378] 	Successfully converged to displaced geometry.
2025-07-16:20:04:49,806 INFO     [psi4.optking.displace:379] 	RMS(dx):  0.000e+00 	Max(dx):  0.000e+00 	RMS(dq):  0.000e+00
2025-07-16:20:04:49,806 INFO     [psi4.optking.displace:132] 

	        --- Internal Coordinate Step in ANG or DEG, aJ/ANG or AJ/DEG ---
	-------------------------------------------------------------------------------
	           Coordinate      Previous         Force          Change          New 
	           ----------      --------        ------          ------        ------
	               R(1,2)       2.49434        0.02418        0.02059       2.51493
	-------------------------------------------------------------------------------

2025-07-16:20:04:49,806 INFO     [psi4.optking.stepAlgorithms:96] 	|target step| :    0.0389059441
2025-07-16:20:04:49,806 INFO     [psi4.optking.stepAlgorithms:97] 	gradient     :   -0.0029353699
2025-07-16:20:04:49,806 INFO     [psi4.optking.stepAlgorithms:98] 	hessian      :    0.0753336496
2025-07-16:20:04:49,806 INFO     [psi4.optking.stepAlgorithms:177] 	Norm of achieved step-size    0.0389059441
2025-07-16:20:04:49,806 INFO     [psi4.optking.stepAlgorithms:179] 	Norm of achieved step-size (cart):    0.0275106569
2025-07-16:20:04:49,806 INFO     [psi4.optking.opt_helper:151] Molsys:

	                            ===> Fragment 1 <== 

	 Z (Atomic Numbers)          Masses                          Geom                  
	      13.000000            26.981539         -0.00000000  2.37626079  0.00000000   
	      13.000000            26.981539          0.00000000 -2.37626079  0.00000000   

	 - Coordinate -           - BOHR/RAD -       - ANG/DEG -
	 R(1,2)           =         4.752522           2.514926

2025-07-16:20:04:49,806 INFO     [psi4.optking.convcheck:71] Performing convergence check.
2025-07-16:20:04:49,806 INFO     [psi4.optking.convcheck:263] 
	                                 ==> Convergence Check <==                                  
    
	Measures of convergence in internal coordinates in au.
    
	Criteria marked as inactive (o), active & met (*), and active & unmet ( ).

	----------------------------------------------------------------------------------------------
	   Step    Total Energy     Delta E     Max Force     RMS Force      Max Disp      RMS Disp   
	----------------------------------------------------------------------------------------------
	  Convergence Criteria     1.00e-06 *    3.00e-04 *             o    1.20e-03 *             o
	----------------------------------------------------------------------------------------------
	    12    -484.80960196   -3.68e-04      2.94e-03      2.94e-03 o    3.89e-02      3.89e-02 o  ~
	----------------------------------------------------------------------------------------------


2025-07-16:20:04:49,806 INFO     [psi4.optking.stepAlgorithms:266] 	Convergence check returned False
2025-07-16:20:04:49,822 INFO     [psi4.driver.task_planner:285] PLANNING Atomic:  keywords={'DAMPING_PERCENTAGE': 1.0, 'GEOM_MAXITER': 500, 'SCF__GUESS': 'READ', 'GUESS': 'SAP', 'MAXITER': 500, 'REFERENCE': 'UKS', 'function_kwargs': {}}
2025-07-16:20:04:49,823 INFO     [psi4.driver.driver:636] Compute gradient(): method=b3lyp, basis=cc-pvdz, molecule=default, nre=35.56007005873076
2025-07-16:20:04:51,13 INFO     [psi4.driver.driver:639] Return gradient(): -484.809672793443
2025-07-16:20:04:51,14 INFO     [psi4.driver.driver:640] [[ 0.00000000 -0.00073749 -0.00000000]
 [-0.00000000  0.00073749  0.00000000]]
2025-07-16:20:04:51,17 INFO     [psi4.optking.history:257] 	Performing BFGS update.
2025-07-16:20:04:51,18 INFO     [psi4.optking.history:268] 	Using 4 previous steps for update.
2025-07-16:20:04:51,18 WARNING  [psi4.optking.history:286] 	Change in internal coordinate of 5.42e-01 exceeds limit of 5.00e-01.
2025-07-16:20:04:51,18 WARNING  [psi4.optking.history:291] 	Skipping Hessian update for step 9.
2025-07-16:20:04:51,18 WARNING  [psi4.optking.history:286] 	Change in internal coordinate of 8.32e-01 exceeds limit of 5.00e-01.
2025-07-16:20:04:51,18 WARNING  [psi4.optking.history:291] 	Skipping Hessian update for step 8.
2025-07-16:20:04:51,18 WARNING  [psi4.optking.history:286] 	Change in internal coordinate of 1.29e+00 exceeds limit of 5.00e-01.
2025-07-16:20:04:51,18 WARNING  [psi4.optking.history:291] 	Skipping Hessian update for step 7.
2025-07-16:20:04:51,18 WARNING  [psi4.optking.history:286] 	Change in internal coordinate of 1.68e+00 exceeds limit of 5.00e-01.
2025-07-16:20:04:51,18 WARNING  [psi4.optking.history:291] 	Skipping Hessian update for step 6.
2025-07-16:20:04:51,18 WARNING  [psi4.optking.history:286] 	Change in internal coordinate of 2.05e+00 exceeds limit of 5.00e-01.
2025-07-16:20:04:51,18 WARNING  [psi4.optking.history:291] 	Skipping Hessian update for step 5.
2025-07-16:20:04:51,18 WARNING  [psi4.optking.history:286] 	Change in internal coordinate of 2.41e+00 exceeds limit of 5.00e-01.
2025-07-16:20:04:51,18 WARNING  [psi4.optking.history:291] 	Skipping Hessian update for step 4.
2025-07-16:20:04:51,18 WARNING  [psi4.optking.history:286] 	Change in internal coordinate of 2.46e+00 exceeds limit of 5.00e-01.
2025-07-16:20:04:51,18 WARNING  [psi4.optking.history:291] 	Skipping Hessian update for step 3.
2025-07-16:20:04:51,18 WARNING  [psi4.optking.history:286] 	Change in internal coordinate of 2.48e+00 exceeds limit of 5.00e-01.
2025-07-16:20:04:51,18 WARNING  [psi4.optking.history:291] 	Skipping Hessian update for step 2.
2025-07-16:20:04:51,19 WARNING  [psi4.optking.history:286] 	Change in internal coordinate of 2.48e+00 exceeds limit of 5.00e-01.
2025-07-16:20:04:51,19 WARNING  [psi4.optking.history:291] 	Skipping Hessian update for step 1.
2025-07-16:20:04:51,19 INFO     [psi4.optking.history:302] 	Steps to be used in Hessian update:  12 11 10

2025-07-16:20:04:51,19 INFO     [psi4.optking.history:400] 	Updated Hessian (in au) 
 	   0.072761

2025-07-16:20:04:51,19 INFO     [psi4.optking.molsys:874] Projected (PHP) Hessian matrix
	   0.072761

2025-07-16:20:04:51,19 INFO     [psi4.optking.opt_helper:168] 
	         Geometry (au)                                       Gradient (au)
  -0.0000000000   2.3762607852   0.0000000000		   0.0000000000  -0.0007374914  -0.0000000000
   0.0000000000  -2.3762607852   0.0000000000		  -0.0000000000   0.0007374914   0.0000000000

2025-07-16:20:04:51,19 INFO     [psi4.optking.stepAlgorithms:315] 	Current Step Report 
 
	Current energy:      -484.8096727934
	Energy change for the previous step:
		Actual       :        -0.0000708347
		Projected    :        -0.0000571017

2025-07-16:20:04:51,19 INFO     [psi4.optking.stepAlgorithms:318] 	Energy ratio =    1.24050
2025-07-16:20:04:51,19 INFO     [psi4.optking.stepAlgorithms:750] 	Using RFO solution 1.
2025-07-16:20:04:51,19 INFO     [psi4.optking.displace:73] 	Determining Cartesian step for fragment 1.
2025-07-16:20:04:51,19 INFO     [psi4.optking.displace:378] 	Successfully converged to displaced geometry.
2025-07-16:20:04:51,19 INFO     [psi4.optking.displace:379] 	RMS(dx):  0.000e+00 	Max(dx):  0.000e+00 	RMS(dq):  0.000e+00
2025-07-16:20:04:51,19 INFO     [psi4.optking.displace:132] 

	        --- Internal Coordinate Step in ANG or DEG, aJ/ANG or AJ/DEG ---
	-------------------------------------------------------------------------------
	           Coordinate      Previous         Force          Change          New 
	           ----------      --------        ------          ------        ------
	               R(1,2)       2.51493        0.00608        0.00536       2.52029
	-------------------------------------------------------------------------------

2025-07-16:20:04:51,19 INFO     [psi4.optking.stepAlgorithms:96] 	|target step| :    0.0101347737
2025-07-16:20:04:51,19 INFO     [psi4.optking.stepAlgorithms:97] 	gradient     :   -0.0007374914
2025-07-16:20:04:51,19 INFO     [psi4.optking.stepAlgorithms:98] 	hessian      :    0.0727609347
2025-07-16:20:04:51,19 INFO     [psi4.optking.stepAlgorithms:177] 	Norm of achieved step-size    0.0101347737
2025-07-16:20:04:51,19 INFO     [psi4.optking.stepAlgorithms:179] 	Norm of achieved step-size (cart):    0.0071663672
2025-07-16:20:04:51,19 INFO     [psi4.optking.opt_helper:151] Molsys:

	                            ===> Fragment 1 <== 

	 Z (Atomic Numbers)          Masses                          Geom                  
	      13.000000            26.981539         -0.00000000  2.38132817  0.00000000   
	      13.000000            26.981539          0.00000000 -2.38132817  0.00000000   

	 - Coordinate -           - BOHR/RAD -       - ANG/DEG -
	 R(1,2)           =         4.762656           2.520289

2025-07-16:20:04:51,20 INFO     [psi4.optking.convcheck:71] Performing convergence check.
2025-07-16:20:04:51,20 INFO     [psi4.optking.convcheck:263] 
	                                 ==> Convergence Check <==                                  
    
	Measures of convergence in internal coordinates in au.
    
	Criteria marked as inactive (o), active & met (*), and active & unmet ( ).

	----------------------------------------------------------------------------------------------
	   Step    Total Energy     Delta E     Max Force     RMS Force      Max Disp      RMS Disp   
	----------------------------------------------------------------------------------------------
	  Convergence Criteria     1.00e-06 *    3.00e-04 *             o    1.20e-03 *             o
	----------------------------------------------------------------------------------------------
	    13    -484.80967279   -7.08e-05      7.37e-04      7.37e-04 o    1.01e-02      1.01e-02 o  ~
	----------------------------------------------------------------------------------------------


2025-07-16:20:04:51,20 INFO     [psi4.optking.stepAlgorithms:266] 	Convergence check returned False
2025-07-16:20:04:51,35 INFO     [psi4.driver.task_planner:285] PLANNING Atomic:  keywords={'DAMPING_PERCENTAGE': 1.0, 'GEOM_MAXITER': 500, 'SCF__GUESS': 'READ', 'GUESS': 'SAP', 'MAXITER': 500, 'REFERENCE': 'UKS', 'function_kwargs': {}}
2025-07-16:20:04:51,37 INFO     [psi4.driver.driver:636] Compute gradient(): method=b3lyp, basis=cc-pvdz, molecule=default, nre=35.48439941655224
2025-07-16:20:04:52,206 INFO     [psi4.driver.driver:639] Return gradient(): -484.80967748417896
2025-07-16:20:04:52,206 INFO     [psi4.driver.driver:640] [[ 0.00000000 -0.00019302  0.00000000]
 [-0.00000000  0.00019302  0.00000000]]
2025-07-16:20:04:52,207 INFO     [psi4.optking.history:257] 	Performing BFGS update.
2025-07-16:20:04:52,207 INFO     [psi4.optking.history:268] 	Using 4 previous steps for update.
2025-07-16:20:04:52,207 INFO     [psi4.optking.history:302] 	Steps to be used in Hessian update:  13 12 11 10

2025-07-16:20:04:52,208 INFO     [psi4.optking.history:400] 	Updated Hessian (in au) 
 	   0.072107

2025-07-16:20:04:52,208 INFO     [psi4.optking.molsys:874] Projected (PHP) Hessian matrix
	   0.072107

2025-07-16:20:04:52,208 INFO     [psi4.optking.opt_helper:168] 
	         Geometry (au)                                       Gradient (au)
  -0.0000000000   2.3813281721   0.0000000000		   0.0000000000  -0.0001930203   0.0000000000
   0.0000000000  -2.3813281721   0.0000000000		  -0.0000000000   0.0001930203   0.0000000000

2025-07-16:20:04:52,208 INFO     [psi4.optking.stepAlgorithms:315] 	Current Step Report 
 
	Current energy:      -484.8096774842
	Energy change for the previous step:
		Actual       :        -0.0000046907
		Projected    :        -0.0000037372

2025-07-16:20:04:52,208 INFO     [psi4.optking.stepAlgorithms:318] 	Energy ratio =    1.25516
2025-07-16:20:04:52,208 INFO     [psi4.optking.stepAlgorithms:750] 	Using RFO solution 1.
2025-07-16:20:04:52,208 INFO     [psi4.optking.displace:73] 	Determining Cartesian step for fragment 1.
2025-07-16:20:04:52,208 INFO     [psi4.optking.displace:378] 	Successfully converged to displaced geometry.
2025-07-16:20:04:52,208 INFO     [psi4.optking.displace:379] 	RMS(dx):  0.000e+00 	Max(dx):  0.000e+00 	RMS(dq):  0.000e+00
2025-07-16:20:04:52,208 INFO     [psi4.optking.displace:132] 

	        --- Internal Coordinate Step in ANG or DEG, aJ/ANG or AJ/DEG ---
	-------------------------------------------------------------------------------
	           Coordinate      Previous         Force          Change          New 
	           ----------      --------        ------          ------        ------
	               R(1,2)       2.52029        0.00159        0.00142       2.52171
	-------------------------------------------------------------------------------

2025-07-16:20:04:52,208 INFO     [psi4.optking.stepAlgorithms:96] 	|target step| :    0.0026768384
2025-07-16:20:04:52,208 INFO     [psi4.optking.stepAlgorithms:97] 	gradient     :   -0.0001930203
2025-07-16:20:04:52,208 INFO     [psi4.optking.stepAlgorithms:98] 	hessian      :    0.0721070329
2025-07-16:20:04:52,208 INFO     [psi4.optking.stepAlgorithms:177] 	Norm of achieved step-size    0.0026768384
2025-07-16:20:04:52,208 INFO     [psi4.optking.stepAlgorithms:179] 	Norm of achieved step-size (cart):    0.0018928106
2025-07-16:20:04:52,208 INFO     [psi4.optking.opt_helper:151] Molsys:

	                            ===> Fragment 1 <== 

	 Z (Atomic Numbers)          Masses                          Geom                  
	      13.000000            26.981539         -0.00000000  2.38266659  0.00000000   
	      13.000000            26.981539          0.00000000 -2.38266659  0.00000000   

	 - Coordinate -           - BOHR/RAD -       - ANG/DEG -
	 R(1,2)           =         4.765333           2.521706

2025-07-16:20:04:52,209 INFO     [psi4.optking.convcheck:71] Performing convergence check.
2025-07-16:20:04:52,209 INFO     [psi4.optking.convcheck:263] 
	                                 ==> Convergence Check <==                                  
    
	Measures of convergence in internal coordinates in au.
    
	Criteria marked as inactive (o), active & met (*), and active & unmet ( ).

	----------------------------------------------------------------------------------------------
	   Step    Total Energy     Delta E     Max Force     RMS Force      Max Disp      RMS Disp   
	----------------------------------------------------------------------------------------------
	  Convergence Criteria     1.00e-06 *    3.00e-04 *             o    1.20e-03 *             o
	----------------------------------------------------------------------------------------------
	    14    -484.80967748   -4.69e-06      1.93e-04 *    1.93e-04 o    2.68e-03      2.68e-03 o  ~
	----------------------------------------------------------------------------------------------


2025-07-16:20:04:52,209 INFO     [psi4.optking.stepAlgorithms:266] 	Convergence check returned False
2025-07-16:20:04:52,224 INFO     [psi4.driver.task_planner:285] PLANNING Atomic:  keywords={'DAMPING_PERCENTAGE': 1.0, 'GEOM_MAXITER': 500, 'SCF__GUESS': 'READ', 'GUESS': 'SAP', 'MAXITER': 500, 'REFERENCE': 'UKS', 'function_kwargs': {}}
2025-07-16:20:04:52,226 INFO     [psi4.driver.driver:636] Compute gradient(): method=b3lyp, basis=cc-pvdz, molecule=default, nre=35.464466706863796
2025-07-16:20:04:53,207 INFO     [psi4.driver.driver:639] Return gradient(): -484.80967780347237
2025-07-16:20:04:53,207 INFO     [psi4.driver.driver:640] [[ 0.00000000 -0.00005110  0.00000000]
 [-0.00000000  0.00005110 -0.00000000]]
2025-07-16:20:04:53,208 INFO     [psi4.optking.history:257] 	Performing BFGS update.
2025-07-16:20:04:53,208 INFO     [psi4.optking.history:268] 	Using 4 previous steps for update.
2025-07-16:20:04:53,208 INFO     [psi4.optking.history:302] 	Steps to be used in Hessian update:  14 13 12 11

2025-07-16:20:04:53,208 INFO     [psi4.optking.history:400] 	Updated Hessian (in au) 
 	   0.060052

2025-07-16:20:04:53,208 INFO     [psi4.optking.molsys:874] Projected (PHP) Hessian matrix
	   0.060052

2025-07-16:20:04:53,209 INFO     [psi4.optking.opt_helper:168] 
	         Geometry (au)                                       Gradient (au)
  -0.0000000000   2.3826665913   0.0000000000		   0.0000000000  -0.0000510956   0.0000000000
   0.0000000000  -2.3826665913   0.0000000000		  -0.0000000000   0.0000510956  -0.0000000000

2025-07-16:20:04:53,209 INFO     [psi4.optking.stepAlgorithms:315] 	Current Step Report 
 
	Current energy:      -484.8096778035
	Energy change for the previous step:
		Actual       :        -0.0000003193
		Projected    :        -0.0000002583

2025-07-16:20:04:53,209 INFO     [psi4.optking.stepAlgorithms:318] 	Energy ratio =    1.23593
2025-07-16:20:04:53,209 INFO     [psi4.optking.stepAlgorithms:750] 	Using RFO solution 1.
2025-07-16:20:04:53,209 INFO     [psi4.optking.displace:73] 	Determining Cartesian step for fragment 1.
2025-07-16:20:04:53,209 INFO     [psi4.optking.displace:378] 	Successfully converged to displaced geometry.
2025-07-16:20:04:53,209 INFO     [psi4.optking.displace:379] 	RMS(dx):  0.000e+00 	Max(dx):  0.000e+00 	RMS(dq):  0.000e+00
2025-07-16:20:04:53,209 INFO     [psi4.optking.displace:132] 

	        --- Internal Coordinate Step in ANG or DEG, aJ/ANG or AJ/DEG ---
	-------------------------------------------------------------------------------
	           Coordinate      Previous         Force          Change          New 
	           ----------      --------        ------          ------        ------
	               R(1,2)       2.52171        0.00042        0.00045       2.52216
	-------------------------------------------------------------------------------

2025-07-16:20:04:53,209 INFO     [psi4.optking.stepAlgorithms:96] 	|target step| :    0.0008508607
2025-07-16:20:04:53,209 INFO     [psi4.optking.stepAlgorithms:97] 	gradient     :   -0.0000510956
2025-07-16:20:04:53,209 INFO     [psi4.optking.stepAlgorithms:98] 	hessian      :    0.0600515836
2025-07-16:20:04:53,209 INFO     [psi4.optking.stepAlgorithms:177] 	Norm of achieved step-size    0.0008508607
2025-07-16:20:04:53,209 INFO     [psi4.optking.stepAlgorithms:179] 	Norm of achieved step-size (cart):    0.0006016494
2025-07-16:20:04:53,209 INFO     [psi4.optking.opt_helper:151] Molsys:

	                            ===> Fragment 1 <== 

	 Z (Atomic Numbers)          Masses                          Geom                  
	      13.000000            26.981539         -0.00000000  2.38309202  0.00000000   
	      13.000000            26.981539          0.00000000 -2.38309202  0.00000000   

	 - Coordinate -           - BOHR/RAD -       - ANG/DEG -
	 R(1,2)           =         4.766184           2.522156

2025-07-16:20:04:53,209 INFO     [psi4.optking.convcheck:71] Performing convergence check.
2025-07-16:20:04:53,209 INFO     [psi4.optking.convcheck:263] 
	                                 ==> Convergence Check <==                                  
    
	Measures of convergence in internal coordinates in au.
    
	Criteria marked as inactive (o), active & met (*), and active & unmet ( ).

	----------------------------------------------------------------------------------------------
	   Step    Total Energy     Delta E     Max Force     RMS Force      Max Disp      RMS Disp   
	----------------------------------------------------------------------------------------------
	  Convergence Criteria     1.00e-06 *    3.00e-04 *             o    1.20e-03 *             o
	----------------------------------------------------------------------------------------------
	    15    -484.80967780   -3.19e-07 *    5.11e-05 *    5.11e-05 o    8.51e-04 *    8.51e-04 o  ~
	----------------------------------------------------------------------------------------------


2025-07-16:20:04:53,209 INFO     [psi4.optking.convcheck:193] 
	                      ===> Final Convergence Report <===                     

	----------------------------------------------------------------------------
	|   Required Criteria    |  One or More Criteria  |   Alternate Criteria   |
	----------------------------------------------------------------------------
	| [x]     max_force      | [x]       max_DE       |                        |
	|                        | [x]      max_disp      |                        |
	----------------------------------------------------------------------------


2025-07-16:20:04:53,209 INFO     [psi4.optking.stepAlgorithms:266] 	Convergence check returned True
2025-07-16:20:04:53,209 INFO     [psi4.optking.optimize:286] 	Converged in 15 steps!
2025-07-16:20:04:53,209 INFO     [psi4.optking.optimize:287] 	Final energy is   -484.8096778034724
2025-07-16:20:04:53,209 INFO     [psi4.optking.optimize:288] 	Final structure (Angstroms): 
	Fragment 1 (Ang)

	   Al  -0.0000000000   1.2610779888   0.0000000000
	   Al   0.0000000000  -1.2610779888   0.0000000000


2025-07-16:20:04:53,210 INFO     [psi4.optking.optimize:432] 	Optimization Finished

	==> Optimization Summary <==

        
	Measures of convergence in internal coordinates in au. (Any backward steps not shown.)
        
	---------------------------------------------------------------------------------------------------------------  ~
        
	 Step         Total Energy             Delta E       MAX Force       RMS Force        MAX Disp        RMS Disp   ~
        
	---------------------------------------------------------------------------------------------------------------  ~
        
	     1    -483.794853768476   -483.794853768476      1.59175745      1.59175745      0.00730721      0.00730721  ~
	     2    -483.806409302144     -0.011555533667      1.57101543      1.57101543      0.01442176      0.01442176  ~
	     3    -483.828777204617     -0.022367902473      1.53117155      1.53117155      0.05605896      0.05605896  ~
	     4    -483.910533110344     -0.081755905727      1.38891115      1.38891115      0.35628478      0.35628478  ~
	     5    -484.286432947135     -0.375899836792      0.78869259      0.78869259      0.36843564      0.36843564  ~
	     6    -484.507536410466     -0.221103463330      0.43973403      0.43973403      0.39268529      0.39268529  ~
	     7    -484.694536131320     -0.186999720855      0.26216984      0.26216984      0.45811250      0.45811250  ~
	     8    -484.775191390771     -0.080655259451      0.10696512      0.10696512      0.28930071      0.28930071  ~
	     9    -484.797597197548     -0.022405806777      0.05218116      0.05218116      0.25731161      0.25731161  ~
	    10    -484.806777432766     -0.009180235218      0.02146939      0.02146939      0.17440512      0.17440512  ~
	    11    -484.809233591583     -0.002456158817      0.00745775      0.00745775      0.07162069      0.07162069  ~
	    12    -484.809601958771     -0.000368367188      0.00293537      0.00293537      0.03890594      0.03890594  ~
	    13    -484.809672793443     -0.000070834672      0.00073749      0.00073749      0.01013477      0.01013477  ~
	    14    -484.809677484179     -0.000004690736      0.00019302      0.00019302      0.00267684      0.00267684  ~
	    15    -484.809677803472     -0.000000319293      0.00005110      0.00005110      0.00085086      0.00085086  ~
	----------------------------------------------------------------------------------------------------------------


2025-07-16:20:04:53,210 INFO     [psi4.optking.optimize:640] Preparing OptimizationResult
