2025-07-16:19:35:10,343 INFO     [psi4.optking.optwrapper:214] Creating a UserComputer
2025-07-16:19:35:10,343 INFO     [psi4.optking.optwrapper:222] 
    			-----------------------------------------

    			 OPTKING 3.0: for geometry optimizations 

    			     By R.A. King, Bethel University     

    			        with contributions from          

    			    A.V. Copan, J. Cayton, A. Heide      

    			-----------------------------------------

    
2025-07-16:19:35:10,343 INFO     [psi4.optking.optwrapper:238] 
		 -- Optimization Parameters --
	accept_symmetry_breaking       =           False
	alg_geom_maxiter               =             500
	bt_dx_conv                     =           1e-07
	bt_dx_rms_change_conv          =           1e-12
	bt_max_iter                    =              25
	cart_hess_read                 =           False
	consecutive_backsteps_allowed  =               0
	conv_max_DE                    =           1e-06
	conv_max_disp                  =          0.0012
	conv_max_force                 =          0.0003
	conv_rms_disp                  =              -1
	conv_rms_force                 =              -1
	covalent_connect               =             1.3
	dynamic_level                  =               0
	dynamic_level_max              =               0
	ensure_bt_convergence          =           False
	ext_force_bend                 =              []
	ext_force_cartesian            =              []
	ext_force_dihedral             =              []
	ext_force_distance             =              []
	ext_force_oofp                 =              []
	fix_val_near_pi                =            1.57
	flexible_g_convergence         =           False
	frag_mode                      =          SINGLE
	frag_ref_atoms                 =            None
	freeze_intrafrag               =           False
	frozen_bend                    =              []
	frozen_cartesian               =              []
	frozen_dihedral                =              []
	frozen_distance                =              []
	frozen_oofp                    =              []
	full_hess_every                =              -1
	g_convergence                  =           QCHEM
	generate_intcos_exit           =           False
	geom_maxiter                   =             500
	h_bond_connect                 =             4.3
	hess_update                    =            BFGS
	hess_update_den_tol            =           1e-07
	hess_update_dq_tol             =             0.5
	hess_update_limit              =            True
	hess_update_limit_max          =             1.0
	hess_update_limit_scale        =             0.5
	hess_update_use_last           =               4
	hessian_file                   =            None
	i_max_DE                       =            True
	i_max_disp                     =            True
	i_max_force                    =            True
	i_rms_disp                     =           False
	i_rms_force                    =           False
	i_untampered                   =            True
	include_oofp                   =           False
	interfrag_collinear_tol        =            0.01
	interfrag_coords               =            None
	interfrag_dist_inv             =           False
	interfrag_mode                 =           FIXED
	interfrag_trust                =             0.5
	interfrag_trust_max            =             1.0
	interfrag_trust_min            =           0.001
	interfragment_connect          =             1.8
	intrafrag_hess                 =        SCHLEGEL
	intrafrag_trust                =             0.5
	intrafrag_trust_max            =             1.0
	intrafrag_trust_min            =           0.001
	irc_direction                  =         FORWARD
	irc_points                     =              20
	irc_step_size                  =             0.2
	keep_intcos                    =           False
	linear_bend_threshold          =            3.05
	linesearch                     =           False
	linesearch_step                =             0.1
	max_disp_g_convergence         =          0.0012
	max_energy_g_convergence       =           1e-06
	max_force_g_convergence        =          0.0003
	opt_coordinates                =       REDUNDANT
	opt_type                       =             MIN
	output_type                    =            FILE
	print_lvl                      =               1
	program                        =            psi4
	ranged_bend                    =              []
	ranged_cartesian               =              []
	ranged_dihedral                =              []
	ranged_distance                =              []
	ranged_oofp                    =              []
	redundant_eval_tol             =           1e-10
	rfo_follow_root                =           False
	rfo_normalization_max          =             100
	rfo_root                       =               0
	rms_disp_g_convergence         =          0.0012
	rms_force_g_convergence        =          0.0003
	rsrfo_alpha_max                =     100000000.0
	sd_hessian                     =             1.0
	simple_step_scaling            =           False
	small_bend_fix_threshold       =            0.35
	steepest_descent_type          =         OVERLAP
	step_type                      =             RFO
	test_B                         =           False
	test_derivative_B              =           False
	trajectory                     =           False
	v3d_tors_angle_lim             =           0.017
	v3d_tors_cos_tol               =           1e-10
	working_consecutive_backsteps  =               0
	working_steps_since_last_H     =               0


2025-07-16:19:35:10,832 INFO     [psi4.optking.opt_helper:151] Molsys:

	                            ===> Fragment 1 <== 

	 Z (Atomic Numbers)          Masses                          Geom                  
	      10.000000            19.992440          0.00000000  0.00000000  1.32256228   
	      14.000000            27.976927          0.00000000  0.00000000 -0.94510908   

	 - Coordinate -           - BOHR/RAD -       - ANG/DEG -
	 R(1,2)           =         2.267671           1.200000

2025-07-16:19:35:10,843 INFO     [psi4.driver.task_planner:285] PLANNING Atomic:  keywords={'DAMPING_PERCENTAGE': 1.0, 'GEOM_MAXITER': 500, 'GUESS': 'SAP', 'MAXITER': 500, 'REFERENCE': 'UKS', 'function_kwargs': {}}
2025-07-16:19:35:10,844 INFO     [psi4.driver.driver:636] Compute gradient(): method=b3lyp, basis=cc-pvdz, molecule=default, nre=61.737341244833345
2025-07-16:19:35:12,45 INFO     [psi4.driver.driver:639] Return gradient(): -417.7968820768041
2025-07-16:19:35:12,45 INFO     [psi4.driver.driver:640] [[-0.00000000  0.00000000 -1.15060829]
 [ 0.00000000 -0.00000000  1.15064641]]
2025-07-16:19:35:12,48 INFO     [psi4.optking.molsys:874] Projected (PHP) Hessian matrix
	   4.182219

2025-07-16:19:35:12,48 INFO     [psi4.optking.opt_helper:168] 
	         Geometry (au)                                       Gradient (au)
   0.0000000000   0.0000000000   1.3225622752		  -0.0000000000   0.0000000000  -1.1506082947
   0.0000000000   0.0000000000  -0.9451090753		   0.0000000000  -0.0000000000   1.1506464131

2025-07-16:19:35:12,48 INFO     [psi4.optking.stepAlgorithms:750] 	Using RFO solution 1.
2025-07-16:19:35:12,48 INFO     [psi4.optking.displace:73] 	Determining Cartesian step for fragment 1.
2025-07-16:19:35:12,48 INFO     [psi4.optking.displace:378] 	Successfully converged to displaced geometry.
2025-07-16:19:35:12,48 INFO     [psi4.optking.displace:379] 	RMS(dx):  0.000e+00 	Max(dx):  0.000e+00 	RMS(dq):  0.000e+00
2025-07-16:19:35:12,50 INFO     [psi4.optking.displace:132] 

	        --- Internal Coordinate Step in ANG or DEG, aJ/ANG or AJ/DEG ---
	-------------------------------------------------------------------------------
	           Coordinate      Previous         Force          Change          New 
	           ----------      --------        ------          ------        ------
	               R(1,2)       1.20000        9.47970        0.13598       1.33598
	-------------------------------------------------------------------------------

2025-07-16:19:35:12,50 INFO     [psi4.optking.stepAlgorithms:96] 	|target step| :    0.2569579788
2025-07-16:19:35:12,50 INFO     [psi4.optking.stepAlgorithms:97] 	gradient     :   -1.1506273539
2025-07-16:19:35:12,50 INFO     [psi4.optking.stepAlgorithms:98] 	hessian      :    4.1822185214
2025-07-16:19:35:12,50 INFO     [psi4.optking.stepAlgorithms:177] 	Norm of achieved step-size    0.2569579788
2025-07-16:19:35:12,50 INFO     [psi4.optking.stepAlgorithms:179] 	Norm of achieved step-size (cart):    0.1816967293
2025-07-16:19:35:12,50 INFO     [psi4.optking.opt_helper:151] Molsys:

	                            ===> Fragment 1 <== 

	 Z (Atomic Numbers)          Masses                          Geom                  
	      10.000000            19.992440          0.00000000  0.00000000  1.45104126   
	      14.000000            27.976927          0.00000000  0.00000000 -1.07358806   

	 - Coordinate -           - BOHR/RAD -       - ANG/DEG -
	 R(1,2)           =         2.524629           1.335976

2025-07-16:19:35:12,50 INFO     [psi4.optking.convcheck:71] Performing convergence check.
2025-07-16:19:35:12,51 INFO     [psi4.optking.convcheck:263] 
	                                 ==> Convergence Check <==                                  
    
	Measures of convergence in internal coordinates in au.
    
	Criteria marked as inactive (o), active & met (*), and active & unmet ( ).

	----------------------------------------------------------------------------------------------
	   Step    Total Energy     Delta E     Max Force     RMS Force      Max Disp      RMS Disp   
	----------------------------------------------------------------------------------------------
	  Convergence Criteria     1.00e-06 *    3.00e-04 *             o    1.20e-03 *             o
	----------------------------------------------------------------------------------------------
	     1    -417.79688208   -4.18e+02      1.15e+00      1.15e+00 o    2.57e-01      2.57e-01 o  ~
	----------------------------------------------------------------------------------------------


2025-07-16:19:35:12,51 INFO     [psi4.optking.stepAlgorithms:266] 	Convergence check returned False
2025-07-16:19:35:12,69 INFO     [psi4.driver.task_planner:285] PLANNING Atomic:  keywords={'DAMPING_PERCENTAGE': 1.0, 'GEOM_MAXITER': 500, 'SCF__GUESS': 'READ', 'GUESS': 'SAP', 'MAXITER': 500, 'REFERENCE': 'UKS', 'function_kwargs': {}}
2025-07-16:19:35:12,70 INFO     [psi4.driver.driver:636] Compute gradient(): method=b3lyp, basis=cc-pvdz, molecule=default, nre=55.45368517014936
2025-07-16:19:35:13,88 INFO     [psi4.driver.driver:639] Return gradient(): -418.01761030138096
2025-07-16:19:35:13,89 INFO     [psi4.driver.driver:640] [[ 0.00000000  0.00000000 -0.62543696]
 [ 0.00000000  0.00000000  0.62536897]]
2025-07-16:19:35:13,90 INFO     [psi4.optking.history:257] 	Performing BFGS update.
2025-07-16:19:35:13,90 INFO     [psi4.optking.history:268] 	Using 1 previous steps for update.
2025-07-16:19:35:13,90 INFO     [psi4.optking.history:302] 	Steps to be used in Hessian update:  1

2025-07-16:19:35:13,90 INFO     [psi4.optking.history:400] 	Updated Hessian (in au) 
 	   2.091109

2025-07-16:19:35:13,90 INFO     [psi4.optking.molsys:874] Projected (PHP) Hessian matrix
	   2.091109

2025-07-16:19:35:13,91 INFO     [psi4.optking.opt_helper:168] 
	         Geometry (au)                                       Gradient (au)
   0.0000000000   0.0000000000   1.4724265530		   0.0000000000   0.0000000000  -0.6254369612
   0.0000000000   0.0000000000  -1.0522027764		   0.0000000000   0.0000000000   0.6253689713

2025-07-16:19:35:13,91 INFO     [psi4.optking.stepAlgorithms:315] 	Current Step Report 
 
	Current energy:      -418.0176103014
	Energy change for the previous step:
		Actual       :        -0.2207282246
		Projected    :        -0.1478314396

2025-07-16:19:35:13,91 INFO     [psi4.optking.stepAlgorithms:318] 	Energy ratio =    1.49311
2025-07-16:19:35:13,91 INFO     [psi4.optking.stepAlgorithms:346] 	Energy ratio indicates good step.
2025-07-16:19:35:13,91 INFO     [psi4.optking.stepAlgorithms:347] 	Intrafrag trust radius increased to 1.000e+00.
2025-07-16:19:35:13,91 INFO     [psi4.optking.stepAlgorithms:750] 	Using RFO solution 1.
2025-07-16:19:35:13,91 INFO     [psi4.optking.displace:73] 	Determining Cartesian step for fragment 1.
2025-07-16:19:35:13,91 INFO     [psi4.optking.displace:378] 	Successfully converged to displaced geometry.
2025-07-16:19:35:13,91 INFO     [psi4.optking.displace:379] 	RMS(dx):  0.000e+00 	Max(dx):  0.000e+00 	RMS(dq):  0.000e+00
2025-07-16:19:35:13,91 INFO     [psi4.optking.displace:132] 

	        --- Internal Coordinate Step in ANG or DEG, aJ/ANG or AJ/DEG ---
	-------------------------------------------------------------------------------
	           Coordinate      Previous         Force          Change          New 
	           ----------      --------        ------          ------        ------
	               R(1,2)       1.33598        5.15252        0.14619       1.48216
	-------------------------------------------------------------------------------

2025-07-16:19:35:13,91 INFO     [psi4.optking.stepAlgorithms:96] 	|target step| :    0.2762528695
2025-07-16:19:35:13,91 INFO     [psi4.optking.stepAlgorithms:97] 	gradient     :   -0.6254029663
2025-07-16:19:35:13,91 INFO     [psi4.optking.stepAlgorithms:98] 	hessian      :    2.0911092607
2025-07-16:19:35:13,91 INFO     [psi4.optking.stepAlgorithms:177] 	Norm of achieved step-size    0.2762528695
2025-07-16:19:35:13,91 INFO     [psi4.optking.stepAlgorithms:179] 	Norm of achieved step-size (cart):    0.1953402773
2025-07-16:19:35:13,91 INFO     [psi4.optking.opt_helper:151] Molsys:

	                            ===> Fragment 1 <== 

	 Z (Atomic Numbers)          Masses                          Geom                  
	      10.000000            19.992440          0.00000000  0.00000000  1.61055299   
	      14.000000            27.976927          0.00000000  0.00000000 -1.19032921   

	 - Coordinate -           - BOHR/RAD -       - ANG/DEG -
	 R(1,2)           =         2.800882           1.482163

2025-07-16:19:35:13,92 INFO     [psi4.optking.convcheck:71] Performing convergence check.
2025-07-16:19:35:13,92 INFO     [psi4.optking.convcheck:263] 
	                                 ==> Convergence Check <==                                  
    
	Measures of convergence in internal coordinates in au.
    
	Criteria marked as inactive (o), active & met (*), and active & unmet ( ).

	----------------------------------------------------------------------------------------------
	   Step    Total Energy     Delta E     Max Force     RMS Force      Max Disp      RMS Disp   
	----------------------------------------------------------------------------------------------
	  Convergence Criteria     1.00e-06 *    3.00e-04 *             o    1.20e-03 *             o
	----------------------------------------------------------------------------------------------
	     2    -418.01761030   -2.21e-01      6.25e-01      6.25e-01 o    2.76e-01      2.76e-01 o  ~
	----------------------------------------------------------------------------------------------


2025-07-16:19:35:13,92 INFO     [psi4.optking.stepAlgorithms:266] 	Convergence check returned False
2025-07-16:19:35:13,105 INFO     [psi4.driver.task_planner:285] PLANNING Atomic:  keywords={'DAMPING_PERCENTAGE': 1.0, 'GEOM_MAXITER': 500, 'SCF__GUESS': 'READ', 'GUESS': 'SAP', 'MAXITER': 500, 'REFERENCE': 'UKS', 'function_kwargs': {}}
2025-07-16:19:35:13,107 INFO     [psi4.driver.driver:636] Compute gradient(): method=b3lyp, basis=cc-pvdz, molecule=default, nre=49.98425141156588
2025-07-16:19:35:14,102 INFO     [psi4.driver.driver:639] Return gradient(): -418.14570804403
2025-07-16:19:35:14,103 INFO     [psi4.driver.driver:640] [[-0.00000000 -0.00000000 -0.33450485]
 [ 0.00000000  0.00000000  0.33435286]]
2025-07-16:19:35:14,105 INFO     [psi4.optking.history:257] 	Performing BFGS update.
2025-07-16:19:35:14,105 INFO     [psi4.optking.history:268] 	Using 2 previous steps for update.
2025-07-16:19:35:14,107 WARNING  [psi4.optking.history:286] 	Change in internal coordinate of 5.33e-01 exceeds limit of 5.00e-01.
2025-07-16:19:35:14,108 WARNING  [psi4.optking.history:291] 	Skipping Hessian update for step 1.
2025-07-16:19:35:14,108 INFO     [psi4.optking.history:302] 	Steps to be used in Hessian update:  2

2025-07-16:19:35:14,108 INFO     [psi4.optking.history:400] 	Updated Hessian (in au) 
 	   1.053289

2025-07-16:19:35:14,108 INFO     [psi4.optking.molsys:874] Projected (PHP) Hessian matrix
	   1.053289

2025-07-16:19:35:14,108 INFO     [psi4.optking.opt_helper:168] 
	         Geometry (au)                                       Gradient (au)
   0.0000000000   0.0000000000   1.6335440904		  -0.0000000000  -0.0000000000  -0.3345048543
   0.0000000000   0.0000000000  -1.1673381085		   0.0000000000   0.0000000000   0.3343528555

2025-07-16:19:35:14,108 INFO     [psi4.optking.stepAlgorithms:315] 	Current Step Report 
 
	Current energy:      -418.1457080440
	Energy change for the previous step:
		Actual       :        -0.1280977426
		Projected    :        -0.0863846820

2025-07-16:19:35:14,108 INFO     [psi4.optking.stepAlgorithms:318] 	Energy ratio =    1.48288
2025-07-16:19:35:14,109 INFO     [psi4.optking.stepAlgorithms:750] 	Using RFO solution 1.
2025-07-16:19:35:14,109 INFO     [psi4.optking.displace:73] 	Determining Cartesian step for fragment 1.
2025-07-16:19:35:14,109 INFO     [psi4.optking.displace:378] 	Successfully converged to displaced geometry.
2025-07-16:19:35:14,109 INFO     [psi4.optking.displace:379] 	RMS(dx):  0.000e+00 	Max(dx):  0.000e+00 	RMS(dq):  0.000e+00
2025-07-16:19:35:14,109 INFO     [psi4.optking.displace:132] 

	        --- Internal Coordinate Step in ANG or DEG, aJ/ANG or AJ/DEG ---
	-------------------------------------------------------------------------------
	           Coordinate      Previous         Force          Change          New 
	           ----------      --------        ------          ------        ------
	               R(1,2)       1.48216        2.75527        0.15382       1.63598
	-------------------------------------------------------------------------------

2025-07-16:19:35:14,109 INFO     [psi4.optking.stepAlgorithms:96] 	|target step| :    0.2906810302
2025-07-16:19:35:14,109 INFO     [psi4.optking.stepAlgorithms:97] 	gradient     :   -0.3344288549
2025-07-16:19:35:14,110 INFO     [psi4.optking.stepAlgorithms:98] 	hessian      :    1.0532890098
2025-07-16:19:35:14,110 INFO     [psi4.optking.stepAlgorithms:177] 	Norm of achieved step-size    0.2906810302
2025-07-16:19:35:14,110 INFO     [psi4.optking.stepAlgorithms:179] 	Norm of achieved step-size (cart):    0.2055425276
2025-07-16:19:35:14,110 INFO     [psi4.optking.opt_helper:151] Molsys:

	                            ===> Fragment 1 <== 

	 Z (Atomic Numbers)          Masses                          Geom                  
	      10.000000            19.992440          0.00000000  0.00000000  1.77888461   
	      14.000000            27.976927          0.00000000  0.00000000 -1.31267862   

	 - Coordinate -           - BOHR/RAD -       - ANG/DEG -
	 R(1,2)           =         3.091563           1.635985

2025-07-16:19:35:14,111 INFO     [psi4.optking.convcheck:71] Performing convergence check.
2025-07-16:19:35:14,111 INFO     [psi4.optking.convcheck:263] 
	                                 ==> Convergence Check <==                                  
    
	Measures of convergence in internal coordinates in au.
    
	Criteria marked as inactive (o), active & met (*), and active & unmet ( ).

	----------------------------------------------------------------------------------------------
	   Step    Total Energy     Delta E     Max Force     RMS Force      Max Disp      RMS Disp   
	----------------------------------------------------------------------------------------------
	  Convergence Criteria     1.00e-06 *    3.00e-04 *             o    1.20e-03 *             o
	----------------------------------------------------------------------------------------------
	     3    -418.14570804   -1.28e-01      3.34e-01      3.34e-01 o    2.91e-01      2.91e-01 o  ~
	----------------------------------------------------------------------------------------------


2025-07-16:19:35:14,111 INFO     [psi4.optking.stepAlgorithms:266] 	Convergence check returned False
2025-07-16:19:35:14,124 INFO     [psi4.driver.task_planner:285] PLANNING Atomic:  keywords={'DAMPING_PERCENTAGE': 1.0, 'GEOM_MAXITER': 500, 'SCF__GUESS': 'READ', 'GUESS': 'SAP', 'MAXITER': 500, 'REFERENCE': 'UKS', 'function_kwargs': {}}
2025-07-16:19:35:14,125 INFO     [psi4.driver.driver:636] Compute gradient(): method=b3lyp, basis=cc-pvdz, molecule=default, nre=45.284533948540194
2025-07-16:19:35:15,154 INFO     [psi4.driver.driver:639] Return gradient(): -418.2175999481239
2025-07-16:19:35:15,154 INFO     [psi4.driver.driver:640] [[ 0.00000000  0.00000000 -0.17786502]
 [ 0.00000000 -0.00000000  0.17774109]]
2025-07-16:19:35:15,155 INFO     [psi4.optking.history:257] 	Performing BFGS update.
2025-07-16:19:35:15,155 INFO     [psi4.optking.history:268] 	Using 3 previous steps for update.
2025-07-16:19:35:15,155 WARNING  [psi4.optking.history:286] 	Change in internal coordinate of 5.67e-01 exceeds limit of 5.00e-01.
2025-07-16:19:35:15,155 WARNING  [psi4.optking.history:291] 	Skipping Hessian update for step 2.
2025-07-16:19:35:15,155 WARNING  [psi4.optking.history:286] 	Change in internal coordinate of 8.24e-01 exceeds limit of 5.00e-01.
2025-07-16:19:35:15,155 WARNING  [psi4.optking.history:291] 	Skipping Hessian update for step 1.
2025-07-16:19:35:15,155 INFO     [psi4.optking.history:302] 	Steps to be used in Hessian update:  3

2025-07-16:19:35:15,156 INFO     [psi4.optking.history:400] 	Updated Hessian (in au) 
 	   0.538824

2025-07-16:19:35:15,156 INFO     [psi4.optking.molsys:874] Projected (PHP) Hessian matrix
	   0.538824

2025-07-16:19:35:15,156 INFO     [psi4.optking.opt_helper:168] 
	         Geometry (au)                                       Gradient (au)
   0.0000000000   0.0000000000   1.8030764896		   0.0000000000   0.0000000000  -0.1778650158
   0.0000000000   0.0000000000  -1.2884867395		   0.0000000000  -0.0000000000   0.1777410931

2025-07-16:19:35:15,156 INFO     [psi4.optking.stepAlgorithms:315] 	Current Step Report 
 
	Current energy:      -418.2175999481
	Energy change for the previous step:
		Actual       :        -0.0718919041
		Projected    :        -0.0486060620

2025-07-16:19:35:15,156 INFO     [psi4.optking.stepAlgorithms:318] 	Energy ratio =    1.47907
2025-07-16:19:35:15,156 INFO     [psi4.optking.stepAlgorithms:750] 	Using RFO solution 1.
2025-07-16:19:35:15,156 INFO     [psi4.optking.displace:73] 	Determining Cartesian step for fragment 1.
2025-07-16:19:35:15,156 INFO     [psi4.optking.displace:378] 	Successfully converged to displaced geometry.
2025-07-16:19:35:15,156 INFO     [psi4.optking.displace:379] 	RMS(dx):  0.000e+00 	Max(dx):  0.000e+00 	RMS(dq):  0.000e+00
2025-07-16:19:35:15,156 INFO     [psi4.optking.displace:132] 

	        --- Internal Coordinate Step in ANG or DEG, aJ/ANG or AJ/DEG ---
	-------------------------------------------------------------------------------
	           Coordinate      Previous         Force          Change          New 
	           ----------      --------        ------          ------        ------
	               R(1,2)       1.63598        1.46487        0.15888       1.79486
	-------------------------------------------------------------------------------

2025-07-16:19:35:15,156 INFO     [psi4.optking.stepAlgorithms:96] 	|target step| :    0.3002380896
2025-07-16:19:35:15,156 INFO     [psi4.optking.stepAlgorithms:97] 	gradient     :   -0.1778030545
2025-07-16:19:35:15,156 INFO     [psi4.optking.stepAlgorithms:98] 	hessian      :    0.5388236044
2025-07-16:19:35:15,156 INFO     [psi4.optking.stepAlgorithms:177] 	Norm of achieved step-size    0.3002380896
2025-07-16:19:35:15,156 INFO     [psi4.optking.stepAlgorithms:179] 	Norm of achieved step-size (cart):    0.2123003892
2025-07-16:19:35:15,156 INFO     [psi4.optking.opt_helper:151] Molsys:

	                            ===> Fragment 1 <== 

	 Z (Atomic Numbers)          Masses                          Geom                  
	      10.000000            19.992440          0.00000000  0.00000000  1.95319553   
	      14.000000            27.976927          0.00000000  0.00000000 -1.43860578   

	 - Coordinate -           - BOHR/RAD -       - ANG/DEG -
	 R(1,2)           =         3.391801           1.794864

2025-07-16:19:35:15,157 INFO     [psi4.optking.convcheck:71] Performing convergence check.
2025-07-16:19:35:15,157 INFO     [psi4.optking.convcheck:263] 
	                                 ==> Convergence Check <==                                  
    
	Measures of convergence in internal coordinates in au.
    
	Criteria marked as inactive (o), active & met (*), and active & unmet ( ).

	----------------------------------------------------------------------------------------------
	   Step    Total Energy     Delta E     Max Force     RMS Force      Max Disp      RMS Disp   
	----------------------------------------------------------------------------------------------
	  Convergence Criteria     1.00e-06 *    3.00e-04 *             o    1.20e-03 *             o
	----------------------------------------------------------------------------------------------
	     4    -418.21759995   -7.19e-02      1.78e-01      1.78e-01 o    3.00e-01      3.00e-01 o  ~
	----------------------------------------------------------------------------------------------


2025-07-16:19:35:15,157 INFO     [psi4.optking.stepAlgorithms:266] 	Convergence check returned False
2025-07-16:19:35:15,173 INFO     [psi4.driver.task_planner:285] PLANNING Atomic:  keywords={'DAMPING_PERCENTAGE': 1.0, 'GEOM_MAXITER': 500, 'SCF__GUESS': 'READ', 'GUESS': 'SAP', 'MAXITER': 500, 'REFERENCE': 'UKS', 'function_kwargs': {}}
2025-07-16:19:35:15,174 INFO     [psi4.driver.driver:636] Compute gradient(): method=b3lyp, basis=cc-pvdz, molecule=default, nre=41.27600258547093
2025-07-16:19:35:16,169 INFO     [psi4.driver.driver:639] Return gradient(): -418.25718248072013
2025-07-16:19:35:16,169 INFO     [psi4.driver.driver:640] [[ 0.00000000 -0.00000000 -0.09485179]
 [ 0.00000000  0.00000000  0.09485098]]
2025-07-16:19:35:16,170 INFO     [psi4.optking.history:257] 	Performing BFGS update.
2025-07-16:19:35:16,170 INFO     [psi4.optking.history:268] 	Using 4 previous steps for update.
2025-07-16:19:35:16,170 WARNING  [psi4.optking.history:286] 	Change in internal coordinate of 5.91e-01 exceeds limit of 5.00e-01.
2025-07-16:19:35:16,170 WARNING  [psi4.optking.history:291] 	Skipping Hessian update for step 3.
2025-07-16:19:35:16,170 WARNING  [psi4.optking.history:286] 	Change in internal coordinate of 8.67e-01 exceeds limit of 5.00e-01.
2025-07-16:19:35:16,170 WARNING  [psi4.optking.history:291] 	Skipping Hessian update for step 2.
2025-07-16:19:35:16,170 WARNING  [psi4.optking.history:286] 	Change in internal coordinate of 1.12e+00 exceeds limit of 5.00e-01.
2025-07-16:19:35:16,170 WARNING  [psi4.optking.history:291] 	Skipping Hessian update for step 1.
2025-07-16:19:35:16,171 INFO     [psi4.optking.history:302] 	Steps to be used in Hessian update:  4

2025-07-16:19:35:16,171 INFO     [psi4.optking.history:400] 	Updated Hessian (in au) 
 	   0.276286

2025-07-16:19:35:16,171 INFO     [psi4.optking.molsys:874] Projected (PHP) Hessian matrix
	   0.276286

2025-07-16:19:35:16,171 INFO     [psi4.optking.opt_helper:168] 
	         Geometry (au)                                       Gradient (au)
   0.0000000000   0.0000000000   1.9781828033		   0.0000000000  -0.0000000000  -0.0948517908
   0.0000000000   0.0000000000  -1.4136185154		   0.0000000000   0.0000000000   0.0948509846

2025-07-16:19:35:16,171 INFO     [psi4.optking.stepAlgorithms:315] 	Current Step Report 
 
	Current energy:      -418.2571824807
	Energy change for the previous step:
		Actual       :        -0.0395825326
		Projected    :        -0.0266916247

2025-07-16:19:35:16,171 INFO     [psi4.optking.stepAlgorithms:318] 	Energy ratio =    1.48296
2025-07-16:19:35:16,171 INFO     [psi4.optking.stepAlgorithms:750] 	Using RFO solution 1.
2025-07-16:19:35:16,171 INFO     [psi4.optking.displace:73] 	Determining Cartesian step for fragment 1.
2025-07-16:19:35:16,171 INFO     [psi4.optking.displace:378] 	Successfully converged to displaced geometry.
2025-07-16:19:35:16,171 INFO     [psi4.optking.displace:379] 	RMS(dx):  0.000e+00 	Max(dx):  0.000e+00 	RMS(dq):  0.000e+00
2025-07-16:19:35:16,171 INFO     [psi4.optking.displace:132] 

	        --- Internal Coordinate Step in ANG or DEG, aJ/ANG or AJ/DEG ---
	-------------------------------------------------------------------------------
	           Coordinate      Previous         Force          Change          New 
	           ----------      --------        ------          ------        ------
	               R(1,2)       1.79486        0.78145        0.16418       1.95905
	-------------------------------------------------------------------------------

2025-07-16:19:35:16,171 INFO     [psi4.optking.stepAlgorithms:96] 	|target step| :    0.3102608644
2025-07-16:19:35:16,171 INFO     [psi4.optking.stepAlgorithms:97] 	gradient     :   -0.0948513877
2025-07-16:19:35:16,171 INFO     [psi4.optking.stepAlgorithms:98] 	hessian      :    0.2762862862
2025-07-16:19:35:16,171 INFO     [psi4.optking.stepAlgorithms:177] 	Norm of achieved step-size    0.3102608644
2025-07-16:19:35:16,171 INFO     [psi4.optking.stepAlgorithms:179] 	Norm of achieved step-size (cart):    0.2193875611
2025-07-16:19:35:16,172 INFO     [psi4.optking.opt_helper:151] Molsys:

	                            ===> Fragment 1 <== 

	 Z (Atomic Numbers)          Masses                          Geom                  
	      10.000000            19.992440          0.00000000  0.00000000  2.13331324   
	      14.000000            27.976927          0.00000000  0.00000000 -1.56874895   

	 - Coordinate -           - BOHR/RAD -       - ANG/DEG -
	 R(1,2)           =         3.702062           1.959047

2025-07-16:19:35:16,172 INFO     [psi4.optking.convcheck:71] Performing convergence check.
2025-07-16:19:35:16,172 INFO     [psi4.optking.convcheck:263] 
	                                 ==> Convergence Check <==                                  
    
	Measures of convergence in internal coordinates in au.
    
	Criteria marked as inactive (o), active & met (*), and active & unmet ( ).

	----------------------------------------------------------------------------------------------
	   Step    Total Energy     Delta E     Max Force     RMS Force      Max Disp      RMS Disp   
	----------------------------------------------------------------------------------------------
	  Convergence Criteria     1.00e-06 *    3.00e-04 *             o    1.20e-03 *             o
	----------------------------------------------------------------------------------------------
	     5    -418.25718248   -3.96e-02      9.49e-02      9.49e-02 o    3.10e-01      3.10e-01 o  ~
	----------------------------------------------------------------------------------------------


2025-07-16:19:35:16,172 INFO     [psi4.optking.stepAlgorithms:266] 	Convergence check returned False
2025-07-16:19:35:16,187 INFO     [psi4.driver.task_planner:285] PLANNING Atomic:  keywords={'DAMPING_PERCENTAGE': 1.0, 'GEOM_MAXITER': 500, 'SCF__GUESS': 'READ', 'GUESS': 'SAP', 'MAXITER': 500, 'REFERENCE': 'UKS', 'function_kwargs': {}}
2025-07-16:19:35:16,189 INFO     [psi4.driver.driver:636] Compute gradient(): method=b3lyp, basis=cc-pvdz, molecule=default, nre=37.816760787952816
2025-07-16:19:35:17,185 INFO     [psi4.driver.driver:639] Return gradient(): -418.2789868796076
2025-07-16:19:35:17,185 INFO     [psi4.driver.driver:640] [[-0.00000000 -0.00000000 -0.05027943]
 [ 0.00000000  0.00000000  0.05037614]]
2025-07-16:19:35:17,187 INFO     [psi4.optking.history:257] 	Performing BFGS update.
2025-07-16:19:35:17,187 INFO     [psi4.optking.history:268] 	Using 4 previous steps for update.
2025-07-16:19:35:17,187 WARNING  [psi4.optking.history:286] 	Change in internal coordinate of 6.10e-01 exceeds limit of 5.00e-01.
2025-07-16:19:35:17,187 WARNING  [psi4.optking.history:291] 	Skipping Hessian update for step 4.
2025-07-16:19:35:17,187 WARNING  [psi4.optking.history:286] 	Change in internal coordinate of 9.01e-01 exceeds limit of 5.00e-01.
2025-07-16:19:35:17,187 WARNING  [psi4.optking.history:291] 	Skipping Hessian update for step 3.
2025-07-16:19:35:17,187 WARNING  [psi4.optking.history:286] 	Change in internal coordinate of 1.18e+00 exceeds limit of 5.00e-01.
2025-07-16:19:35:17,187 WARNING  [psi4.optking.history:291] 	Skipping Hessian update for step 2.
2025-07-16:19:35:17,187 WARNING  [psi4.optking.history:286] 	Change in internal coordinate of 1.43e+00 exceeds limit of 5.00e-01.
2025-07-16:19:35:17,187 WARNING  [psi4.optking.history:291] 	Skipping Hessian update for step 1.
2025-07-16:19:35:17,187 INFO     [psi4.optking.history:302] 	Steps to be used in Hessian update:  5

2025-07-16:19:35:17,187 INFO     [psi4.optking.history:400] 	Updated Hessian (in au) 
 	   0.143504

2025-07-16:19:35:17,187 INFO     [psi4.optking.molsys:874] Projected (PHP) Hessian matrix
	   0.143504

2025-07-16:19:35:17,187 INFO     [psi4.optking.opt_helper:168] 
	         Geometry (au)                                       Gradient (au)
   0.0000000000   0.0000000000   2.1591346483		  -0.0000000000  -0.0000000000  -0.0502794264
   0.0000000000   0.0000000000  -1.5429275348		   0.0000000000   0.0000000000   0.0503761402

2025-07-16:19:35:17,188 INFO     [psi4.optking.stepAlgorithms:315] 	Current Step Report 
 
	Current energy:      -418.2789868796
	Energy change for the previous step:
		Actual       :        -0.0218043989
		Projected    :        -0.0147143368

2025-07-16:19:35:17,188 INFO     [psi4.optking.stepAlgorithms:318] 	Energy ratio =    1.48185
2025-07-16:19:35:17,188 INFO     [psi4.optking.stepAlgorithms:750] 	Using RFO solution 1.
2025-07-16:19:35:17,188 INFO     [psi4.optking.displace:73] 	Determining Cartesian step for fragment 1.
2025-07-16:19:35:17,188 INFO     [psi4.optking.displace:378] 	Successfully converged to displaced geometry.
2025-07-16:19:35:17,188 INFO     [psi4.optking.displace:379] 	RMS(dx):  0.000e+00 	Max(dx):  0.000e+00 	RMS(dq):  0.000e+00
2025-07-16:19:35:17,188 INFO     [psi4.optking.displace:132] 

	        --- Internal Coordinate Step in ANG or DEG, aJ/ANG or AJ/DEG ---
	-------------------------------------------------------------------------------
	           Coordinate      Previous         Force          Change          New 
	           ----------      --------        ------          ------        ------
	               R(1,2)       1.95905        0.41464        0.16708       2.12613
	-------------------------------------------------------------------------------

2025-07-16:19:35:17,188 INFO     [psi4.optking.stepAlgorithms:96] 	|target step| :    0.3157436376
2025-07-16:19:35:17,188 INFO     [psi4.optking.stepAlgorithms:97] 	gradient     :   -0.0503277833
2025-07-16:19:35:17,188 INFO     [psi4.optking.stepAlgorithms:98] 	hessian      :    0.1435037721
2025-07-16:19:35:17,188 INFO     [psi4.optking.stepAlgorithms:177] 	Norm of achieved step-size    0.3157436376
2025-07-16:19:35:17,188 INFO     [psi4.optking.stepAlgorithms:179] 	Norm of achieved step-size (cart):    0.2232644673
2025-07-16:19:35:17,188 INFO     [psi4.optking.opt_helper:151] Molsys:

	                            ===> Fragment 1 <== 

	 Z (Atomic Numbers)          Masses                          Geom                  
	      10.000000            19.992440          0.00000000  0.00000000  2.31700647   
	      14.000000            27.976927          0.00000000  0.00000000 -1.70079935   

	 - Coordinate -           - BOHR/RAD -       - ANG/DEG -
	 R(1,2)           =         4.017806           2.126131

2025-07-16:19:35:17,188 INFO     [psi4.optking.convcheck:71] Performing convergence check.
2025-07-16:19:35:17,188 INFO     [psi4.optking.convcheck:263] 
	                                 ==> Convergence Check <==                                  
    
	Measures of convergence in internal coordinates in au.
    
	Criteria marked as inactive (o), active & met (*), and active & unmet ( ).

	----------------------------------------------------------------------------------------------
	   Step    Total Energy     Delta E     Max Force     RMS Force      Max Disp      RMS Disp   
	----------------------------------------------------------------------------------------------
	  Convergence Criteria     1.00e-06 *    3.00e-04 *             o    1.20e-03 *             o
	----------------------------------------------------------------------------------------------
	     6    -418.27898688   -2.18e-02      5.03e-02      5.03e-02 o    3.16e-01      3.16e-01 o  ~
	----------------------------------------------------------------------------------------------


2025-07-16:19:35:17,189 INFO     [psi4.optking.stepAlgorithms:266] 	Convergence check returned False
2025-07-16:19:35:17,212 INFO     [psi4.driver.task_planner:285] PLANNING Atomic:  keywords={'DAMPING_PERCENTAGE': 1.0, 'GEOM_MAXITER': 500, 'SCF__GUESS': 'READ', 'GUESS': 'SAP', 'MAXITER': 500, 'REFERENCE': 'UKS', 'function_kwargs': {}}
2025-07-16:19:35:17,213 INFO     [psi4.driver.driver:636] Compute gradient(): method=b3lyp, basis=cc-pvdz, molecule=default, nre=34.844889535981935
2025-07-16:19:35:18,231 INFO     [psi4.driver.driver:639] Return gradient(): -418.2907277945867
2025-07-16:19:35:18,231 INFO     [psi4.driver.driver:640] [[ 0.00000000  0.00000000 -0.02639765]
 [-0.00000000  0.00000000  0.02649329]]
2025-07-16:19:35:18,234 INFO     [psi4.optking.history:257] 	Performing BFGS update.
2025-07-16:19:35:18,234 INFO     [psi4.optking.history:268] 	Using 4 previous steps for update.
2025-07-16:19:35:18,235 WARNING  [psi4.optking.history:286] 	Change in internal coordinate of 6.26e-01 exceeds limit of 5.00e-01.
2025-07-16:19:35:18,235 WARNING  [psi4.optking.history:291] 	Skipping Hessian update for step 5.
2025-07-16:19:35:18,235 WARNING  [psi4.optking.history:286] 	Change in internal coordinate of 9.26e-01 exceeds limit of 5.00e-01.
2025-07-16:19:35:18,235 WARNING  [psi4.optking.history:291] 	Skipping Hessian update for step 4.
2025-07-16:19:35:18,235 WARNING  [psi4.optking.history:286] 	Change in internal coordinate of 1.22e+00 exceeds limit of 5.00e-01.
2025-07-16:19:35:18,235 WARNING  [psi4.optking.history:291] 	Skipping Hessian update for step 3.
2025-07-16:19:35:18,235 WARNING  [psi4.optking.history:286] 	Change in internal coordinate of 1.49e+00 exceeds limit of 5.00e-01.
2025-07-16:19:35:18,235 WARNING  [psi4.optking.history:291] 	Skipping Hessian update for step 2.
2025-07-16:19:35:18,235 WARNING  [psi4.optking.history:286] 	Change in internal coordinate of 1.75e+00 exceeds limit of 5.00e-01.
2025-07-16:19:35:18,235 WARNING  [psi4.optking.history:291] 	Skipping Hessian update for step 1.
2025-07-16:19:35:18,235 INFO     [psi4.optking.history:302] 	Steps to be used in Hessian update:  6

2025-07-16:19:35:18,236 INFO     [psi4.optking.history:400] 	Updated Hessian (in au) 
 	   0.075638

2025-07-16:19:35:18,236 INFO     [psi4.optking.molsys:874] Projected (PHP) Hessian matrix
	   0.075638

2025-07-16:19:35:18,236 INFO     [psi4.optking.opt_helper:168] 
	         Geometry (au)                                       Gradient (au)
   0.0000000000   0.0000000000   2.3432841829		   0.0000000000   0.0000000000  -0.0263976453
   0.0000000000   0.0000000000  -1.6745216378		  -0.0000000000   0.0000000000   0.0264932891

2025-07-16:19:35:18,236 INFO     [psi4.optking.stepAlgorithms:315] 	Current Step Report 
 
	Current energy:      -418.2907277946
	Energy change for the previous step:
		Actual       :        -0.0117409150
		Projected    :        -0.0079453387

2025-07-16:19:35:18,236 INFO     [psi4.optking.stepAlgorithms:318] 	Energy ratio =    1.47771
2025-07-16:19:35:18,236 INFO     [psi4.optking.stepAlgorithms:750] 	Using RFO solution 1.
2025-07-16:19:35:18,236 INFO     [psi4.optking.displace:73] 	Determining Cartesian step for fragment 1.
2025-07-16:19:35:18,237 INFO     [psi4.optking.displace:378] 	Successfully converged to displaced geometry.
2025-07-16:19:35:18,237 INFO     [psi4.optking.displace:379] 	RMS(dx):  0.000e+00 	Max(dx):  0.000e+00 	RMS(dq):  0.000e+00
2025-07-16:19:35:18,237 INFO     [psi4.optking.displace:132] 

	        --- Internal Coordinate Step in ANG or DEG, aJ/ANG or AJ/DEG ---
	-------------------------------------------------------------------------------
	           Coordinate      Previous         Force          Change          New 
	           ----------      --------        ------          ------        ------
	               R(1,2)       2.12613        0.21788        0.16666       2.29280
	-------------------------------------------------------------------------------

2025-07-16:19:35:18,237 INFO     [psi4.optking.stepAlgorithms:96] 	|target step| :    0.3149495875
2025-07-16:19:35:18,237 INFO     [psi4.optking.stepAlgorithms:97] 	gradient     :   -0.0264454672
2025-07-16:19:35:18,237 INFO     [psi4.optking.stepAlgorithms:98] 	hessian      :    0.0756383131
2025-07-16:19:35:18,237 INFO     [psi4.optking.stepAlgorithms:177] 	Norm of achieved step-size    0.3149495875
2025-07-16:19:35:18,237 INFO     [psi4.optking.stepAlgorithms:179] 	Norm of achieved step-size (cart):    0.2227029891
2025-07-16:19:35:18,237 INFO     [psi4.optking.opt_helper:151] Molsys:

	                            ===> Fragment 1 <== 

	 Z (Atomic Numbers)          Masses                          Geom                  
	      10.000000            19.992440          0.00000000  0.00000000  2.50075898   
	      14.000000            27.976927          0.00000000  0.00000000 -1.83199643   

	 - Coordinate -           - BOHR/RAD -       - ANG/DEG -
	 R(1,2)           =         4.332755           2.292795

2025-07-16:19:35:18,238 INFO     [psi4.optking.convcheck:71] Performing convergence check.
2025-07-16:19:35:18,238 INFO     [psi4.optking.convcheck:263] 
	                                 ==> Convergence Check <==                                  
    
	Measures of convergence in internal coordinates in au.
    
	Criteria marked as inactive (o), active & met (*), and active & unmet ( ).

	----------------------------------------------------------------------------------------------
	   Step    Total Energy     Delta E     Max Force     RMS Force      Max Disp      RMS Disp   
	----------------------------------------------------------------------------------------------
	  Convergence Criteria     1.00e-06 *    3.00e-04 *             o    1.20e-03 *             o
	----------------------------------------------------------------------------------------------
	     7    -418.29072779   -1.17e-02      2.64e-02      2.64e-02 o    3.15e-01      3.15e-01 o  ~
	----------------------------------------------------------------------------------------------


2025-07-16:19:35:18,238 INFO     [psi4.optking.stepAlgorithms:266] 	Convergence check returned False
2025-07-16:19:35:18,250 INFO     [psi4.driver.task_planner:285] PLANNING Atomic:  keywords={'DAMPING_PERCENTAGE': 1.0, 'GEOM_MAXITER': 500, 'SCF__GUESS': 'READ', 'GUESS': 'SAP', 'MAXITER': 500, 'REFERENCE': 'UKS', 'function_kwargs': {}}
2025-07-16:19:35:18,251 INFO     [psi4.driver.driver:636] Compute gradient(): method=b3lyp, basis=cc-pvdz, molecule=default, nre=32.31200167295806
2025-07-16:19:35:19,229 INFO     [psi4.driver.driver:639] Return gradient(): -418.29683196576497
2025-07-16:19:35:19,229 INFO     [psi4.driver.driver:640] [[-0.00000000 -0.00000000 -0.01357342]
 [-0.00000000  0.00000000  0.01361242]]
2025-07-16:19:35:19,231 INFO     [psi4.optking.history:257] 	Performing BFGS update.
2025-07-16:19:35:19,231 INFO     [psi4.optking.history:268] 	Using 4 previous steps for update.
2025-07-16:19:35:19,231 WARNING  [psi4.optking.history:286] 	Change in internal coordinate of 6.31e-01 exceeds limit of 5.00e-01.
2025-07-16:19:35:19,231 WARNING  [psi4.optking.history:291] 	Skipping Hessian update for step 6.
2025-07-16:19:35:19,231 WARNING  [psi4.optking.history:286] 	Change in internal coordinate of 9.41e-01 exceeds limit of 5.00e-01.
2025-07-16:19:35:19,231 WARNING  [psi4.optking.history:291] 	Skipping Hessian update for step 5.
2025-07-16:19:35:19,231 WARNING  [psi4.optking.history:286] 	Change in internal coordinate of 1.24e+00 exceeds limit of 5.00e-01.
2025-07-16:19:35:19,231 WARNING  [psi4.optking.history:291] 	Skipping Hessian update for step 4.
2025-07-16:19:35:19,231 WARNING  [psi4.optking.history:286] 	Change in internal coordinate of 1.53e+00 exceeds limit of 5.00e-01.
2025-07-16:19:35:19,231 WARNING  [psi4.optking.history:291] 	Skipping Hessian update for step 3.
2025-07-16:19:35:19,231 WARNING  [psi4.optking.history:286] 	Change in internal coordinate of 1.81e+00 exceeds limit of 5.00e-01.
2025-07-16:19:35:19,231 WARNING  [psi4.optking.history:291] 	Skipping Hessian update for step 2.
2025-07-16:19:35:19,231 WARNING  [psi4.optking.history:286] 	Change in internal coordinate of 2.07e+00 exceeds limit of 5.00e-01.
2025-07-16:19:35:19,231 WARNING  [psi4.optking.history:291] 	Skipping Hessian update for step 1.
2025-07-16:19:35:19,231 INFO     [psi4.optking.history:302] 	Steps to be used in Hessian update:  7

2025-07-16:19:35:19,231 INFO     [psi4.optking.history:400] 	Updated Hessian (in au) 
 	   0.040808

2025-07-16:19:35:19,231 INFO     [psi4.optking.molsys:874] Projected (PHP) Hessian matrix
	   0.040808

2025-07-16:19:35:19,231 INFO     [psi4.optking.opt_helper:168] 
	         Geometry (au)                                       Gradient (au)
   0.0000000000   0.0000000000   2.5269706077		  -0.0000000000  -0.0000000000  -0.0135734156
   0.0000000000   0.0000000000  -1.8057848005		  -0.0000000000   0.0000000000   0.0136124235

2025-07-16:19:35:19,231 INFO     [psi4.optking.stepAlgorithms:315] 	Current Step Report 
 
	Current energy:      -418.2968319658
	Energy change for the previous step:
		Actual       :        -0.0061041712
		Projected    :        -0.0041644945

2025-07-16:19:35:19,231 INFO     [psi4.optking.stepAlgorithms:318] 	Energy ratio =    1.46577
2025-07-16:19:35:19,232 INFO     [psi4.optking.stepAlgorithms:750] 	Using RFO solution 1.
2025-07-16:19:35:19,232 INFO     [psi4.optking.displace:73] 	Determining Cartesian step for fragment 1.
2025-07-16:19:35:19,232 INFO     [psi4.optking.displace:378] 	Successfully converged to displaced geometry.
2025-07-16:19:35:19,232 INFO     [psi4.optking.displace:379] 	RMS(dx):  0.000e+00 	Max(dx):  0.000e+00 	RMS(dq):  0.000e+00
2025-07-16:19:35:19,232 INFO     [psi4.optking.displace:132] 

	        --- Internal Coordinate Step in ANG or DEG, aJ/ANG or AJ/DEG ---
	-------------------------------------------------------------------------------
	           Coordinate      Previous         Force          Change          New 
	           ----------      --------        ------          ------        ------
	               R(1,2)       2.29280        0.11199        0.16013       2.45292
	-------------------------------------------------------------------------------

2025-07-16:19:35:19,232 INFO     [psi4.optking.stepAlgorithms:96] 	|target step| :    0.3025934261
2025-07-16:19:35:19,232 INFO     [psi4.optking.stepAlgorithms:97] 	gradient     :   -0.0135929196
2025-07-16:19:35:19,232 INFO     [psi4.optking.stepAlgorithms:98] 	hessian      :    0.0408082694
2025-07-16:19:35:19,232 INFO     [psi4.optking.stepAlgorithms:177] 	Norm of achieved step-size    0.3025934261
2025-07-16:19:35:19,232 INFO     [psi4.optking.stepAlgorithms:179] 	Norm of achieved step-size (cart):    0.2139658635
2025-07-16:19:35:19,232 INFO     [psi4.optking.opt_helper:151] Molsys:

	                            ===> Fragment 1 <== 

	 Z (Atomic Numbers)          Masses                          Geom                  
	      10.000000            19.992440          0.00000000  0.00000000  2.67826732   
	      14.000000            27.976927          0.00000000  0.00000000 -1.95708151   

	 - Coordinate -           - BOHR/RAD -       - ANG/DEG -
	 R(1,2)           =         4.635349           2.452921

2025-07-16:19:35:19,232 INFO     [psi4.optking.convcheck:71] Performing convergence check.
2025-07-16:19:35:19,232 INFO     [psi4.optking.convcheck:263] 
	                                 ==> Convergence Check <==                                  
    
	Measures of convergence in internal coordinates in au.
    
	Criteria marked as inactive (o), active & met (*), and active & unmet ( ).

	----------------------------------------------------------------------------------------------
	   Step    Total Energy     Delta E     Max Force     RMS Force      Max Disp      RMS Disp   
	----------------------------------------------------------------------------------------------
	  Convergence Criteria     1.00e-06 *    3.00e-04 *             o    1.20e-03 *             o
	----------------------------------------------------------------------------------------------
	     8    -418.29683197   -6.10e-03      1.36e-02      1.36e-02 o    3.03e-01      3.03e-01 o  ~
	----------------------------------------------------------------------------------------------


2025-07-16:19:35:19,232 INFO     [psi4.optking.stepAlgorithms:266] 	Convergence check returned False
2025-07-16:19:35:19,250 INFO     [psi4.driver.task_planner:285] PLANNING Atomic:  keywords={'DAMPING_PERCENTAGE': 1.0, 'GEOM_MAXITER': 500, 'SCF__GUESS': 'READ', 'GUESS': 'SAP', 'MAXITER': 500, 'REFERENCE': 'UKS', 'function_kwargs': {}}
2025-07-16:19:35:19,252 INFO     [psi4.driver.driver:636] Compute gradient(): method=b3lyp, basis=cc-pvdz, molecule=default, nre=30.202689161801242
2025-07-16:19:35:20,215 INFO     [psi4.driver.driver:639] Return gradient(): -418.29979397034833
2025-07-16:19:35:20,215 INFO     [psi4.driver.driver:640] [[ 0.00000000  0.00000000 -0.00667833]
 [ 0.00000000  0.00000000  0.00667268]]
2025-07-16:19:35:20,217 INFO     [psi4.optking.history:257] 	Performing BFGS update.
2025-07-16:19:35:20,217 INFO     [psi4.optking.history:268] 	Using 4 previous steps for update.
2025-07-16:19:35:20,217 WARNING  [psi4.optking.history:286] 	Change in internal coordinate of 6.18e-01 exceeds limit of 5.00e-01.
2025-07-16:19:35:20,217 WARNING  [psi4.optking.history:291] 	Skipping Hessian update for step 7.
2025-07-16:19:35:20,217 WARNING  [psi4.optking.history:286] 	Change in internal coordinate of 9.33e-01 exceeds limit of 5.00e-01.
2025-07-16:19:35:20,217 WARNING  [psi4.optking.history:291] 	Skipping Hessian update for step 6.
2025-07-16:19:35:20,217 WARNING  [psi4.optking.history:286] 	Change in internal coordinate of 1.24e+00 exceeds limit of 5.00e-01.
2025-07-16:19:35:20,217 WARNING  [psi4.optking.history:291] 	Skipping Hessian update for step 5.
2025-07-16:19:35:20,217 WARNING  [psi4.optking.history:286] 	Change in internal coordinate of 1.54e+00 exceeds limit of 5.00e-01.
2025-07-16:19:35:20,217 WARNING  [psi4.optking.history:291] 	Skipping Hessian update for step 4.
2025-07-16:19:35:20,217 WARNING  [psi4.optking.history:286] 	Change in internal coordinate of 1.83e+00 exceeds limit of 5.00e-01.
2025-07-16:19:35:20,217 WARNING  [psi4.optking.history:291] 	Skipping Hessian update for step 3.
2025-07-16:19:35:20,217 WARNING  [psi4.optking.history:286] 	Change in internal coordinate of 2.11e+00 exceeds limit of 5.00e-01.
2025-07-16:19:35:20,217 WARNING  [psi4.optking.history:291] 	Skipping Hessian update for step 2.
2025-07-16:19:35:20,217 WARNING  [psi4.optking.history:286] 	Change in internal coordinate of 2.37e+00 exceeds limit of 5.00e-01.
2025-07-16:19:35:20,217 WARNING  [psi4.optking.history:291] 	Skipping Hessian update for step 1.
2025-07-16:19:35:20,217 INFO     [psi4.optking.history:302] 	Steps to be used in Hessian update:  8

2025-07-16:19:35:20,217 INFO     [psi4.optking.history:400] 	Updated Hessian (in au) 
 	   0.022860

2025-07-16:19:35:20,218 INFO     [psi4.optking.molsys:874] Projected (PHP) Hessian matrix
	   0.022860

2025-07-16:19:35:20,218 INFO     [psi4.optking.opt_helper:168] 
	         Geometry (au)                                       Gradient (au)
   0.0000000000   0.0000000000   2.7034506122		   0.0000000000   0.0000000000  -0.0066783302
   0.0000000000   0.0000000000  -1.9318982221		   0.0000000000   0.0000000000   0.0066726819

2025-07-16:19:35:20,218 INFO     [psi4.optking.stepAlgorithms:315] 	Current Step Report 
 
	Current energy:      -418.2997939703
	Energy change for the previous step:
		Actual       :        -0.0029620046
		Projected    :        -0.0020565641

2025-07-16:19:35:20,218 INFO     [psi4.optking.stepAlgorithms:318] 	Energy ratio =    1.44027
2025-07-16:19:35:20,218 INFO     [psi4.optking.stepAlgorithms:750] 	Using RFO solution 1.
2025-07-16:19:35:20,218 INFO     [psi4.optking.displace:73] 	Determining Cartesian step for fragment 1.
2025-07-16:19:35:20,218 INFO     [psi4.optking.displace:378] 	Successfully converged to displaced geometry.
2025-07-16:19:35:20,218 INFO     [psi4.optking.displace:379] 	RMS(dx):  2.564e-16 	Max(dx):  4.441e-16 	RMS(dq):  8.882e-16
2025-07-16:19:35:20,218 INFO     [psi4.optking.displace:132] 

	        --- Internal Coordinate Step in ANG or DEG, aJ/ANG or AJ/DEG ---
	-------------------------------------------------------------------------------
	           Coordinate      Previous         Force          Change          New 
	           ----------      --------        ------          ------        ------
	               R(1,2)       2.45292        0.05500        0.14321       2.59613
	-------------------------------------------------------------------------------

2025-07-16:19:35:20,218 INFO     [psi4.optking.stepAlgorithms:96] 	|target step| :    0.2706251590
2025-07-16:19:35:20,218 INFO     [psi4.optking.stepAlgorithms:97] 	gradient     :   -0.0066755060
2025-07-16:19:35:20,218 INFO     [psi4.optking.stepAlgorithms:98] 	hessian      :    0.0228604224
2025-07-16:19:35:20,218 INFO     [psi4.optking.stepAlgorithms:177] 	Norm of achieved step-size    0.2706251590
2025-07-16:19:35:20,218 INFO     [psi4.optking.stepAlgorithms:179] 	Norm of achieved step-size (cart):    0.1913608851
2025-07-16:19:35:20,218 INFO     [psi4.optking.opt_helper:151] Molsys:

	                            ===> Fragment 1 <== 

	 Z (Atomic Numbers)          Masses                          Geom                  
	      10.000000            19.992440          0.00000000  0.00000000  2.83876319   
	      14.000000            27.976927          0.00000000  0.00000000 -2.06721080   

	 - Coordinate -           - BOHR/RAD -       - ANG/DEG -
	 R(1,2)           =         4.905974           2.596130

2025-07-16:19:35:20,219 INFO     [psi4.optking.convcheck:71] Performing convergence check.
2025-07-16:19:35:20,219 INFO     [psi4.optking.convcheck:263] 
	                                 ==> Convergence Check <==                                  
    
	Measures of convergence in internal coordinates in au.
    
	Criteria marked as inactive (o), active & met (*), and active & unmet ( ).

	----------------------------------------------------------------------------------------------
	   Step    Total Energy     Delta E     Max Force     RMS Force      Max Disp      RMS Disp   
	----------------------------------------------------------------------------------------------
	  Convergence Criteria     1.00e-06 *    3.00e-04 *             o    1.20e-03 *             o
	----------------------------------------------------------------------------------------------
	     9    -418.29979397   -2.96e-03      6.68e-03      6.68e-03 o    2.71e-01      2.71e-01 o  ~
	----------------------------------------------------------------------------------------------


2025-07-16:19:35:20,219 INFO     [psi4.optking.stepAlgorithms:266] 	Convergence check returned False
2025-07-16:19:35:20,234 INFO     [psi4.driver.task_planner:285] PLANNING Atomic:  keywords={'DAMPING_PERCENTAGE': 1.0, 'GEOM_MAXITER': 500, 'SCF__GUESS': 'READ', 'GUESS': 'SAP', 'MAXITER': 500, 'REFERENCE': 'UKS', 'function_kwargs': {}}
2025-07-16:19:35:20,235 INFO     [psi4.driver.driver:636] Compute gradient(): method=b3lyp, basis=cc-pvdz, molecule=default, nre=28.536637207885722
2025-07-16:19:35:21,234 INFO     [psi4.driver.driver:639] Return gradient(): -418.30105320270275
2025-07-16:19:35:21,234 INFO     [psi4.driver.driver:640] [[-0.00000000  0.00000000 -0.00302660]
 [-0.00000000  0.00000000  0.00300089]]
2025-07-16:19:35:21,236 INFO     [psi4.optking.history:257] 	Performing BFGS update.
2025-07-16:19:35:21,236 INFO     [psi4.optking.history:268] 	Using 4 previous steps for update.
2025-07-16:19:35:21,236 WARNING  [psi4.optking.history:286] 	Change in internal coordinate of 5.73e-01 exceeds limit of 5.00e-01.
2025-07-16:19:35:21,236 WARNING  [psi4.optking.history:291] 	Skipping Hessian update for step 8.
2025-07-16:19:35:21,236 WARNING  [psi4.optking.history:286] 	Change in internal coordinate of 8.88e-01 exceeds limit of 5.00e-01.
2025-07-16:19:35:21,236 WARNING  [psi4.optking.history:291] 	Skipping Hessian update for step 7.
2025-07-16:19:35:21,236 WARNING  [psi4.optking.history:286] 	Change in internal coordinate of 1.20e+00 exceeds limit of 5.00e-01.
2025-07-16:19:35:21,236 WARNING  [psi4.optking.history:291] 	Skipping Hessian update for step 6.
2025-07-16:19:35:21,236 WARNING  [psi4.optking.history:286] 	Change in internal coordinate of 1.51e+00 exceeds limit of 5.00e-01.
2025-07-16:19:35:21,236 WARNING  [psi4.optking.history:291] 	Skipping Hessian update for step 5.
2025-07-16:19:35:21,236 WARNING  [psi4.optking.history:286] 	Change in internal coordinate of 1.81e+00 exceeds limit of 5.00e-01.
2025-07-16:19:35:21,236 WARNING  [psi4.optking.history:291] 	Skipping Hessian update for step 4.
2025-07-16:19:35:21,236 WARNING  [psi4.optking.history:286] 	Change in internal coordinate of 2.11e+00 exceeds limit of 5.00e-01.
2025-07-16:19:35:21,236 WARNING  [psi4.optking.history:291] 	Skipping Hessian update for step 3.
2025-07-16:19:35:21,236 WARNING  [psi4.optking.history:286] 	Change in internal coordinate of 2.38e+00 exceeds limit of 5.00e-01.
2025-07-16:19:35:21,236 WARNING  [psi4.optking.history:291] 	Skipping Hessian update for step 2.
2025-07-16:19:35:21,236 WARNING  [psi4.optking.history:286] 	Change in internal coordinate of 2.64e+00 exceeds limit of 5.00e-01.
2025-07-16:19:35:21,236 WARNING  [psi4.optking.history:291] 	Skipping Hessian update for step 1.
2025-07-16:19:35:21,236 INFO     [psi4.optking.history:302] 	Steps to be used in Hessian update:  9

2025-07-16:19:35:21,236 INFO     [psi4.optking.history:400] 	Updated Hessian (in au) 
 	   0.013531

2025-07-16:19:35:21,236 INFO     [psi4.optking.molsys:874] Projected (PHP) Hessian matrix
	   0.013531

2025-07-16:19:35:21,236 INFO     [psi4.optking.opt_helper:168] 
	         Geometry (au)                                       Gradient (au)
   0.0000000000   0.0000000000   2.8612859290		  -0.0000000000   0.0000000000  -0.0030266031
   0.0000000000   0.0000000000  -2.0446880644		  -0.0000000000   0.0000000000   0.0030008930

2025-07-16:19:35:21,236 INFO     [psi4.optking.stepAlgorithms:315] 	Current Step Report 
 
	Current energy:      -418.3010532027
	Energy change for the previous step:
		Actual       :        -0.0012592324
		Projected    :        -0.0009032799

2025-07-16:19:35:21,236 INFO     [psi4.optking.stepAlgorithms:318] 	Energy ratio =    1.39407
2025-07-16:19:35:21,236 INFO     [psi4.optking.stepAlgorithms:750] 	Using RFO solution 1.
2025-07-16:19:35:21,237 INFO     [psi4.optking.displace:73] 	Determining Cartesian step for fragment 1.
2025-07-16:19:35:21,237 INFO     [psi4.optking.displace:378] 	Successfully converged to displaced geometry.
2025-07-16:19:35:21,237 INFO     [psi4.optking.displace:379] 	RMS(dx):  0.000e+00 	Max(dx):  0.000e+00 	RMS(dq):  0.000e+00
2025-07-16:19:35:21,237 INFO     [psi4.optking.displace:132] 

	        --- Internal Coordinate Step in ANG or DEG, aJ/ANG or AJ/DEG ---
	-------------------------------------------------------------------------------
	           Coordinate      Previous         Force          Change          New 
	           ----------      --------        ------          ------        ------
	               R(1,2)       2.59613        0.02483        0.11254       2.70866
	-------------------------------------------------------------------------------

2025-07-16:19:35:21,237 INFO     [psi4.optking.stepAlgorithms:96] 	|target step| :    0.2126604639
2025-07-16:19:35:21,237 INFO     [psi4.optking.stepAlgorithms:97] 	gradient     :   -0.0030137481
2025-07-16:19:35:21,237 INFO     [psi4.optking.stepAlgorithms:98] 	hessian      :    0.0135307374
2025-07-16:19:35:21,237 INFO     [psi4.optking.stepAlgorithms:177] 	Norm of achieved step-size    0.2126604639
2025-07-16:19:35:21,237 INFO     [psi4.optking.stepAlgorithms:179] 	Norm of achieved step-size (cart):    0.1503736561
2025-07-16:19:35:21,237 INFO     [psi4.optking.opt_helper:151] Molsys:

	                            ===> Fragment 1 <== 

	 Z (Atomic Numbers)          Masses                          Geom                  
	      10.000000            19.992440          0.00000000  0.00000000  2.96761616   
	      14.000000            27.976927          0.00000000  0.00000000 -2.15101830   

	 - Coordinate -           - BOHR/RAD -       - ANG/DEG -
	 R(1,2)           =         5.118634           2.708665

2025-07-16:19:35:21,237 INFO     [psi4.optking.convcheck:71] Performing convergence check.
2025-07-16:19:35:21,237 INFO     [psi4.optking.convcheck:263] 
	                                 ==> Convergence Check <==                                  
    
	Measures of convergence in internal coordinates in au.
    
	Criteria marked as inactive (o), active & met (*), and active & unmet ( ).

	----------------------------------------------------------------------------------------------
	   Step    Total Energy     Delta E     Max Force     RMS Force      Max Disp      RMS Disp   
	----------------------------------------------------------------------------------------------
	  Convergence Criteria     1.00e-06 *    3.00e-04 *             o    1.20e-03 *             o
	----------------------------------------------------------------------------------------------
	    10    -418.30105320   -1.26e-03      3.01e-03      3.01e-03 o    2.13e-01      2.13e-01 o  ~
	----------------------------------------------------------------------------------------------


2025-07-16:19:35:21,237 INFO     [psi4.optking.stepAlgorithms:266] 	Convergence check returned False
2025-07-16:19:35:21,249 INFO     [psi4.driver.task_planner:285] PLANNING Atomic:  keywords={'DAMPING_PERCENTAGE': 1.0, 'GEOM_MAXITER': 500, 'SCF__GUESS': 'READ', 'GUESS': 'SAP', 'MAXITER': 500, 'REFERENCE': 'UKS', 'function_kwargs': {}}
2025-07-16:19:35:21,251 INFO     [psi4.driver.driver:636] Compute gradient(): method=b3lyp, basis=cc-pvdz, molecule=default, nre=27.351044730708292
2025-07-16:19:35:22,204 INFO     [psi4.driver.driver:639] Return gradient(): -418.30147685924766
2025-07-16:19:35:22,204 INFO     [psi4.driver.driver:640] [[ 0.00000000  0.00000000 -0.00117532]
 [ 0.00000000  0.00000000  0.00115636]]
2025-07-16:19:35:22,205 INFO     [psi4.optking.history:257] 	Performing BFGS update.
2025-07-16:19:35:22,205 INFO     [psi4.optking.history:268] 	Using 4 previous steps for update.
2025-07-16:19:35:22,205 WARNING  [psi4.optking.history:286] 	Change in internal coordinate of 7.86e-01 exceeds limit of 5.00e-01.
2025-07-16:19:35:22,205 WARNING  [psi4.optking.history:291] 	Skipping Hessian update for step 8.
2025-07-16:19:35:22,205 WARNING  [psi4.optking.history:286] 	Change in internal coordinate of 1.10e+00 exceeds limit of 5.00e-01.
2025-07-16:19:35:22,205 WARNING  [psi4.optking.history:291] 	Skipping Hessian update for step 7.
2025-07-16:19:35:22,206 WARNING  [psi4.optking.history:286] 	Change in internal coordinate of 1.42e+00 exceeds limit of 5.00e-01.
2025-07-16:19:35:22,206 WARNING  [psi4.optking.history:291] 	Skipping Hessian update for step 6.
2025-07-16:19:35:22,206 WARNING  [psi4.optking.history:286] 	Change in internal coordinate of 1.73e+00 exceeds limit of 5.00e-01.
2025-07-16:19:35:22,206 WARNING  [psi4.optking.history:291] 	Skipping Hessian update for step 5.
2025-07-16:19:35:22,206 WARNING  [psi4.optking.history:286] 	Change in internal coordinate of 2.03e+00 exceeds limit of 5.00e-01.
2025-07-16:19:35:22,206 WARNING  [psi4.optking.history:291] 	Skipping Hessian update for step 4.
2025-07-16:19:35:22,206 WARNING  [psi4.optking.history:286] 	Change in internal coordinate of 2.32e+00 exceeds limit of 5.00e-01.
2025-07-16:19:35:22,206 WARNING  [psi4.optking.history:291] 	Skipping Hessian update for step 3.
2025-07-16:19:35:22,206 WARNING  [psi4.optking.history:286] 	Change in internal coordinate of 2.59e+00 exceeds limit of 5.00e-01.
2025-07-16:19:35:22,206 WARNING  [psi4.optking.history:291] 	Skipping Hessian update for step 2.
2025-07-16:19:35:22,206 WARNING  [psi4.optking.history:286] 	Change in internal coordinate of 2.85e+00 exceeds limit of 5.00e-01.
2025-07-16:19:35:22,206 WARNING  [psi4.optking.history:291] 	Skipping Hessian update for step 1.
2025-07-16:19:35:22,206 INFO     [psi4.optking.history:302] 	Steps to be used in Hessian update:  10 9

2025-07-16:19:35:22,206 INFO     [psi4.optking.history:400] 	Updated Hessian (in au) 
 	   0.011400

2025-07-16:19:35:22,206 INFO     [psi4.optking.molsys:874] Projected (PHP) Hessian matrix
	   0.011400

2025-07-16:19:35:22,206 INFO     [psi4.optking.opt_helper:168] 
	         Geometry (au)                                       Gradient (au)
   0.0000000000   0.0000000000   2.9853147954		   0.0000000000   0.0000000000  -0.0011753226
   0.0000000000   0.0000000000  -2.1333196618		   0.0000000000   0.0000000000   0.0011563553

2025-07-16:19:35:22,206 INFO     [psi4.optking.stepAlgorithms:315] 	Current Step Report 
 
	Current energy:      -418.3014768592
	Energy change for the previous step:
		Actual       :        -0.0004236565
		Projected    :        -0.0003204525

2025-07-16:19:35:22,206 INFO     [psi4.optking.stepAlgorithms:318] 	Energy ratio =    1.32206
2025-07-16:19:35:22,206 INFO     [psi4.optking.stepAlgorithms:750] 	Using RFO solution 1.
2025-07-16:19:35:22,206 INFO     [psi4.optking.displace:73] 	Determining Cartesian step for fragment 1.
2025-07-16:19:35:22,207 INFO     [psi4.optking.displace:378] 	Successfully converged to displaced geometry.
2025-07-16:19:35:22,207 INFO     [psi4.optking.displace:379] 	RMS(dx):  0.000e+00 	Max(dx):  0.000e+00 	RMS(dq):  0.000e+00
2025-07-16:19:35:22,207 INFO     [psi4.optking.displace:132] 

	        --- Internal Coordinate Step in ANG or DEG, aJ/ANG or AJ/DEG ---
	-------------------------------------------------------------------------------
	           Coordinate      Previous         Force          Change          New 
	           ----------      --------        ------          ------        ------
	               R(1,2)       2.70866        0.00961        0.05356       2.76223
	-------------------------------------------------------------------------------

2025-07-16:19:35:22,207 INFO     [psi4.optking.stepAlgorithms:96] 	|target step| :    0.1012150288
2025-07-16:19:35:22,207 INFO     [psi4.optking.stepAlgorithms:97] 	gradient     :   -0.0011658389
2025-07-16:19:35:22,207 INFO     [psi4.optking.stepAlgorithms:98] 	hessian      :    0.0114004366
2025-07-16:19:35:22,207 INFO     [psi4.optking.stepAlgorithms:177] 	Norm of achieved step-size    0.1012150288
2025-07-16:19:35:22,207 INFO     [psi4.optking.stepAlgorithms:179] 	Norm of achieved step-size (cart):    0.0715698332
2025-07-16:19:35:22,207 INFO     [psi4.optking.opt_helper:151] Molsys:

	                            ===> Fragment 1 <== 

	 Z (Atomic Numbers)          Masses                          Geom                  
	      10.000000            19.992440          0.00000000  0.00000000  3.03592231   
	      14.000000            27.976927          0.00000000  0.00000000 -2.18392718   

	 - Coordinate -           - BOHR/RAD -       - ANG/DEG -
	 R(1,2)           =         5.219849           2.762225

2025-07-16:19:35:22,207 INFO     [psi4.optking.convcheck:71] Performing convergence check.
2025-07-16:19:35:22,207 INFO     [psi4.optking.convcheck:263] 
	                                 ==> Convergence Check <==                                  
    
	Measures of convergence in internal coordinates in au.
    
	Criteria marked as inactive (o), active & met (*), and active & unmet ( ).

	----------------------------------------------------------------------------------------------
	   Step    Total Energy     Delta E     Max Force     RMS Force      Max Disp      RMS Disp   
	----------------------------------------------------------------------------------------------
	  Convergence Criteria     1.00e-06 *    3.00e-04 *             o    1.20e-03 *             o
	----------------------------------------------------------------------------------------------
	    11    -418.30147686   -4.24e-04      1.17e-03      1.17e-03 o    1.01e-01      1.01e-01 o  ~
	----------------------------------------------------------------------------------------------


2025-07-16:19:35:22,207 INFO     [psi4.optking.stepAlgorithms:266] 	Convergence check returned False
2025-07-16:19:35:22,230 INFO     [psi4.driver.task_planner:285] PLANNING Atomic:  keywords={'DAMPING_PERCENTAGE': 1.0, 'GEOM_MAXITER': 500, 'SCF__GUESS': 'READ', 'GUESS': 'SAP', 'MAXITER': 500, 'REFERENCE': 'UKS', 'function_kwargs': {}}
2025-07-16:19:35:22,232 INFO     [psi4.driver.driver:636] Compute gradient(): method=b3lyp, basis=cc-pvdz, molecule=default, nre=26.820696722093235
2025-07-16:19:35:23,170 INFO     [psi4.driver.driver:639] Return gradient(): -418.30155766846906
2025-07-16:19:35:23,170 INFO     [psi4.driver.driver:640] [[ 0.00000000  0.00000000 -0.00054189]
 [-0.00000000 -0.00000000  0.00050812]]
2025-07-16:19:35:23,172 INFO     [psi4.optking.history:257] 	Performing BFGS update.
2025-07-16:19:35:23,172 INFO     [psi4.optking.history:268] 	Using 4 previous steps for update.
2025-07-16:19:35:23,172 WARNING  [psi4.optking.history:286] 	Change in internal coordinate of 5.85e-01 exceeds limit of 5.00e-01.
2025-07-16:19:35:23,172 WARNING  [psi4.optking.history:291] 	Skipping Hessian update for step 9.
2025-07-16:19:35:23,172 WARNING  [psi4.optking.history:286] 	Change in internal coordinate of 8.87e-01 exceeds limit of 5.00e-01.
2025-07-16:19:35:23,172 WARNING  [psi4.optking.history:291] 	Skipping Hessian update for step 8.
2025-07-16:19:35:23,172 WARNING  [psi4.optking.history:286] 	Change in internal coordinate of 1.20e+00 exceeds limit of 5.00e-01.
2025-07-16:19:35:23,172 WARNING  [psi4.optking.history:291] 	Skipping Hessian update for step 7.
2025-07-16:19:35:23,172 WARNING  [psi4.optking.history:286] 	Change in internal coordinate of 1.52e+00 exceeds limit of 5.00e-01.
2025-07-16:19:35:23,172 WARNING  [psi4.optking.history:291] 	Skipping Hessian update for step 6.
2025-07-16:19:35:23,172 WARNING  [psi4.optking.history:286] 	Change in internal coordinate of 1.83e+00 exceeds limit of 5.00e-01.
2025-07-16:19:35:23,172 WARNING  [psi4.optking.history:291] 	Skipping Hessian update for step 5.
2025-07-16:19:35:23,172 WARNING  [psi4.optking.history:286] 	Change in internal coordinate of 2.13e+00 exceeds limit of 5.00e-01.
2025-07-16:19:35:23,172 WARNING  [psi4.optking.history:291] 	Skipping Hessian update for step 4.
2025-07-16:19:35:23,174 WARNING  [psi4.optking.history:286] 	Change in internal coordinate of 2.42e+00 exceeds limit of 5.00e-01.
2025-07-16:19:35:23,174 WARNING  [psi4.optking.history:291] 	Skipping Hessian update for step 3.
2025-07-16:19:35:23,174 WARNING  [psi4.optking.history:286] 	Change in internal coordinate of 2.70e+00 exceeds limit of 5.00e-01.
2025-07-16:19:35:23,174 WARNING  [psi4.optking.history:291] 	Skipping Hessian update for step 2.
2025-07-16:19:35:23,174 WARNING  [psi4.optking.history:286] 	Change in internal coordinate of 2.95e+00 exceeds limit of 5.00e-01.
2025-07-16:19:35:23,174 WARNING  [psi4.optking.history:291] 	Skipping Hessian update for step 1.
2025-07-16:19:35:23,174 INFO     [psi4.optking.history:302] 	Steps to be used in Hessian update:  11 10

2025-07-16:19:35:23,174 INFO     [psi4.optking.history:400] 	Updated Hessian (in au) 
 	   0.007929

2025-07-16:19:35:23,175 INFO     [psi4.optking.molsys:874] Projected (PHP) Hessian matrix
	   0.007929

2025-07-16:19:35:23,175 INFO     [psi4.optking.opt_helper:168] 
	         Geometry (au)                                       Gradient (au)
   0.0000000000   0.0000000000   3.0443459150		   0.0000000000   0.0000000000  -0.0005418938
   0.0000000000   0.0000000000  -2.1755035710		  -0.0000000000  -0.0000000000   0.0005081238

2025-07-16:19:35:23,175 INFO     [psi4.optking.stepAlgorithms:315] 	Current Step Report 
 
	Current energy:      -418.3015576685
	Energy change for the previous step:
		Actual       :        -0.0000808092
		Projected    :        -0.0000590002

2025-07-16:19:35:23,175 INFO     [psi4.optking.stepAlgorithms:318] 	Energy ratio =    1.36964
2025-07-16:19:35:23,175 INFO     [psi4.optking.stepAlgorithms:750] 	Using RFO solution 1.
2025-07-16:19:35:23,175 INFO     [psi4.optking.displace:73] 	Determining Cartesian step for fragment 1.
2025-07-16:19:35:23,175 INFO     [psi4.optking.displace:378] 	Successfully converged to displaced geometry.
2025-07-16:19:35:23,175 INFO     [psi4.optking.displace:379] 	RMS(dx):  0.000e+00 	Max(dx):  0.000e+00 	RMS(dq):  0.000e+00
2025-07-16:19:35:23,175 INFO     [psi4.optking.displace:132] 

	        --- Internal Coordinate Step in ANG or DEG, aJ/ANG or AJ/DEG ---
	-------------------------------------------------------------------------------
	           Coordinate      Previous         Force          Change          New 
	           ----------      --------        ------          ------        ------
	               R(1,2)       2.76223        0.00433        0.03489       2.79711
	-------------------------------------------------------------------------------

2025-07-16:19:35:23,175 INFO     [psi4.optking.stepAlgorithms:96] 	|target step| :    0.0659254258
2025-07-16:19:35:23,175 INFO     [psi4.optking.stepAlgorithms:97] 	gradient     :   -0.0005250088
2025-07-16:19:35:23,175 INFO     [psi4.optking.stepAlgorithms:98] 	hessian      :    0.0079290653
2025-07-16:19:35:23,175 INFO     [psi4.optking.stepAlgorithms:177] 	Norm of achieved step-size    0.0659254258
2025-07-16:19:35:23,175 INFO     [psi4.optking.stepAlgorithms:179] 	Norm of achieved step-size (cart):    0.0466163157
2025-07-16:19:35:23,175 INFO     [psi4.optking.opt_helper:151] Molsys:

	                            ===> Fragment 1 <== 

	 Z (Atomic Numbers)          Masses                          Geom                  
	      10.000000            19.992440          0.00000000  0.00000000  3.07730863   
	      14.000000            27.976927          0.00000000  0.00000000 -2.20846628   

	 - Coordinate -           - BOHR/RAD -       - ANG/DEG -
	 R(1,2)           =         5.285775           2.797112

2025-07-16:19:35:23,176 INFO     [psi4.optking.convcheck:71] Performing convergence check.
2025-07-16:19:35:23,176 INFO     [psi4.optking.convcheck:263] 
	                                 ==> Convergence Check <==                                  
    
	Measures of convergence in internal coordinates in au.
    
	Criteria marked as inactive (o), active & met (*), and active & unmet ( ).

	----------------------------------------------------------------------------------------------
	   Step    Total Energy     Delta E     Max Force     RMS Force      Max Disp      RMS Disp   
	----------------------------------------------------------------------------------------------
	  Convergence Criteria     1.00e-06 *    3.00e-04 *             o    1.20e-03 *             o
	----------------------------------------------------------------------------------------------
	    12    -418.30155767   -8.08e-05      5.25e-04      5.25e-04 o    6.59e-02      6.59e-02 o  ~
	----------------------------------------------------------------------------------------------


2025-07-16:19:35:23,176 INFO     [psi4.optking.stepAlgorithms:266] 	Convergence check returned False
2025-07-16:19:35:23,192 INFO     [psi4.driver.task_planner:285] PLANNING Atomic:  keywords={'DAMPING_PERCENTAGE': 1.0, 'GEOM_MAXITER': 500, 'SCF__GUESS': 'READ', 'GUESS': 'SAP', 'MAXITER': 500, 'REFERENCE': 'UKS', 'function_kwargs': {}}
2025-07-16:19:35:23,194 INFO     [psi4.driver.driver:636] Compute gradient(): method=b3lyp, basis=cc-pvdz, molecule=default, nre=26.486182694878472
2025-07-16:19:35:24,222 INFO     [psi4.driver.driver:639] Return gradient(): -418.3015787565481
2025-07-16:19:35:24,223 INFO     [psi4.driver.driver:640] [[ 0.00000000  0.00000000 -0.00018067]
 [-0.00000000 -0.00000000  0.00015218]]
2025-07-16:19:35:24,224 INFO     [psi4.optking.history:257] 	Performing BFGS update.
2025-07-16:19:35:24,224 INFO     [psi4.optking.history:268] 	Using 4 previous steps for update.
2025-07-16:19:35:24,224 WARNING  [psi4.optking.history:286] 	Change in internal coordinate of 6.50e-01 exceeds limit of 5.00e-01.
2025-07-16:19:35:24,224 WARNING  [psi4.optking.history:291] 	Skipping Hessian update for step 9.
2025-07-16:19:35:24,224 WARNING  [psi4.optking.history:286] 	Change in internal coordinate of 9.53e-01 exceeds limit of 5.00e-01.
2025-07-16:19:35:24,224 WARNING  [psi4.optking.history:291] 	Skipping Hessian update for step 8.
2025-07-16:19:35:24,224 WARNING  [psi4.optking.history:286] 	Change in internal coordinate of 1.27e+00 exceeds limit of 5.00e-01.
2025-07-16:19:35:24,224 WARNING  [psi4.optking.history:291] 	Skipping Hessian update for step 7.
2025-07-16:19:35:24,224 WARNING  [psi4.optking.history:286] 	Change in internal coordinate of 1.58e+00 exceeds limit of 5.00e-01.
2025-07-16:19:35:24,224 WARNING  [psi4.optking.history:291] 	Skipping Hessian update for step 6.
2025-07-16:19:35:24,224 WARNING  [psi4.optking.history:286] 	Change in internal coordinate of 1.89e+00 exceeds limit of 5.00e-01.
2025-07-16:19:35:24,224 WARNING  [psi4.optking.history:291] 	Skipping Hessian update for step 5.
2025-07-16:19:35:24,224 WARNING  [psi4.optking.history:286] 	Change in internal coordinate of 2.19e+00 exceeds limit of 5.00e-01.
2025-07-16:19:35:24,224 WARNING  [psi4.optking.history:291] 	Skipping Hessian update for step 4.
2025-07-16:19:35:24,224 WARNING  [psi4.optking.history:286] 	Change in internal coordinate of 2.48e+00 exceeds limit of 5.00e-01.
2025-07-16:19:35:24,225 WARNING  [psi4.optking.history:291] 	Skipping Hessian update for step 3.
2025-07-16:19:35:24,225 WARNING  [psi4.optking.history:286] 	Change in internal coordinate of 2.76e+00 exceeds limit of 5.00e-01.
2025-07-16:19:35:24,225 WARNING  [psi4.optking.history:291] 	Skipping Hessian update for step 2.
2025-07-16:19:35:24,225 WARNING  [psi4.optking.history:286] 	Change in internal coordinate of 3.02e+00 exceeds limit of 5.00e-01.
2025-07-16:19:35:24,225 WARNING  [psi4.optking.history:291] 	Skipping Hessian update for step 1.
2025-07-16:19:35:24,225 INFO     [psi4.optking.history:302] 	Steps to be used in Hessian update:  12 11 10

2025-07-16:19:35:24,225 INFO     [psi4.optking.history:400] 	Updated Hessian (in au) 
 	   0.007497

2025-07-16:19:35:24,225 INFO     [psi4.optking.molsys:874] Projected (PHP) Hessian matrix
	   0.007497

2025-07-16:19:35:24,225 INFO     [psi4.optking.opt_helper:168] 
	         Geometry (au)                                       Gradient (au)
   0.0000000000   0.0000000000   3.0827952614		   0.0000000000   0.0000000000  -0.0001806657
   0.0000000000   0.0000000000  -2.2029796505		  -0.0000000000  -0.0000000000   0.0001521822

2025-07-16:19:35:24,225 INFO     [psi4.optking.stepAlgorithms:315] 	Current Step Report 
 
	Current energy:      -418.3015787565
	Energy change for the previous step:
		Actual       :        -0.0000210881
		Projected    :        -0.0000173057

2025-07-16:19:35:24,225 INFO     [psi4.optking.stepAlgorithms:318] 	Energy ratio =    1.21856
2025-07-16:19:35:24,225 INFO     [psi4.optking.stepAlgorithms:750] 	Using RFO solution 1.
2025-07-16:19:35:24,225 INFO     [psi4.optking.displace:73] 	Determining Cartesian step for fragment 1.
2025-07-16:19:35:24,225 INFO     [psi4.optking.displace:378] 	Successfully converged to displaced geometry.
2025-07-16:19:35:24,225 INFO     [psi4.optking.displace:379] 	RMS(dx):  2.564e-16 	Max(dx):  4.441e-16 	RMS(dq):  8.882e-16
2025-07-16:19:35:24,225 INFO     [psi4.optking.displace:132] 

	        --- Internal Coordinate Step in ANG or DEG, aJ/ANG or AJ/DEG ---
	-------------------------------------------------------------------------------
	           Coordinate      Previous         Force          Change          New 
	           ----------      --------        ------          ------        ------
	               R(1,2)       2.79711        0.00137        0.01174       2.80885
	-------------------------------------------------------------------------------

2025-07-16:19:35:24,225 INFO     [psi4.optking.stepAlgorithms:96] 	|target step| :    0.0221881436
2025-07-16:19:35:24,225 INFO     [psi4.optking.stepAlgorithms:97] 	gradient     :   -0.0001664239
2025-07-16:19:35:24,225 INFO     [psi4.optking.stepAlgorithms:98] 	hessian      :    0.0074968859
2025-07-16:19:35:24,225 INFO     [psi4.optking.stepAlgorithms:177] 	Norm of achieved step-size    0.0221881436
2025-07-16:19:35:24,225 INFO     [psi4.optking.stepAlgorithms:179] 	Norm of achieved step-size (cart):    0.0156893868
2025-07-16:19:35:24,226 INFO     [psi4.optking.opt_helper:151] Molsys:

	                            ===> Fragment 1 <== 

	 Z (Atomic Numbers)          Masses                          Geom                  
	      10.000000            19.992440          0.00000000  0.00000000  3.09388933   
	      14.000000            27.976927          0.00000000  0.00000000 -2.21407372   

	 - Coordinate -           - BOHR/RAD -       - ANG/DEG -
	 R(1,2)           =         5.307963           2.808853

2025-07-16:19:35:24,226 INFO     [psi4.optking.convcheck:71] Performing convergence check.
2025-07-16:19:35:24,226 INFO     [psi4.optking.convcheck:263] 
	                                 ==> Convergence Check <==                                  
    
	Measures of convergence in internal coordinates in au.
    
	Criteria marked as inactive (o), active & met (*), and active & unmet ( ).

	----------------------------------------------------------------------------------------------
	   Step    Total Energy     Delta E     Max Force     RMS Force      Max Disp      RMS Disp   
	----------------------------------------------------------------------------------------------
	  Convergence Criteria     1.00e-06 *    3.00e-04 *             o    1.20e-03 *             o
	----------------------------------------------------------------------------------------------
	    13    -418.30157876   -2.11e-05      1.66e-04 *    1.66e-04 o    2.22e-02      2.22e-02 o  ~
	----------------------------------------------------------------------------------------------


2025-07-16:19:35:24,226 INFO     [psi4.optking.stepAlgorithms:266] 	Convergence check returned False
2025-07-16:19:35:24,243 INFO     [psi4.driver.task_planner:285] PLANNING Atomic:  keywords={'DAMPING_PERCENTAGE': 1.0, 'GEOM_MAXITER': 500, 'SCF__GUESS': 'READ', 'GUESS': 'SAP', 'MAXITER': 500, 'REFERENCE': 'UKS', 'function_kwargs': {}}
2025-07-16:19:35:24,244 INFO     [psi4.driver.driver:636] Compute gradient(): method=b3lyp, basis=cc-pvdz, molecule=default, nre=26.375466169871103
2025-07-16:19:35:25,147 INFO     [psi4.driver.driver:639] Return gradient(): -418.3015808491923
2025-07-16:19:35:25,151 INFO     [psi4.driver.driver:640] [[ 0.00000000  0.00000000 -0.00006769]
 [ 0.00000000  0.00000000  0.00004273]]
2025-07-16:19:35:25,154 INFO     [psi4.optking.history:257] 	Performing BFGS update.
2025-07-16:19:35:25,154 INFO     [psi4.optking.history:268] 	Using 4 previous steps for update.
2025-07-16:19:35:25,154 INFO     [psi4.optking.history:302] 	Steps to be used in Hessian update:  13 12 11 10

2025-07-16:19:35:25,155 INFO     [psi4.optking.history:400] 	Updated Hessian (in au) 
 	   0.007360

2025-07-16:19:35:25,156 INFO     [psi4.optking.molsys:874] Projected (PHP) Hessian matrix
	   0.007360

2025-07-16:19:35:25,156 INFO     [psi4.optking.opt_helper:168] 
	         Geometry (au)                                       Gradient (au)
   0.0000000000   0.0000000000   3.0957359380		   0.0000000000   0.0000000000  -0.0000676918
   0.0000000000   0.0000000000  -2.2122271174		   0.0000000000   0.0000000000   0.0000427325

2025-07-16:19:35:25,157 INFO     [psi4.optking.stepAlgorithms:315] 	Current Step Report 
 
	Current energy:      -418.3015808492
	Energy change for the previous step:
		Actual       :        -0.0000020926
		Projected    :        -0.0000018463

2025-07-16:19:35:25,157 INFO     [psi4.optking.stepAlgorithms:318] 	Energy ratio =    1.13341
2025-07-16:19:35:25,157 INFO     [psi4.optking.stepAlgorithms:750] 	Using RFO solution 1.
2025-07-16:19:35:25,157 INFO     [psi4.optking.displace:73] 	Determining Cartesian step for fragment 1.
2025-07-16:19:35:25,158 INFO     [psi4.optking.displace:378] 	Successfully converged to displaced geometry.
2025-07-16:19:35:25,158 INFO     [psi4.optking.displace:379] 	RMS(dx):  0.000e+00 	Max(dx):  0.000e+00 	RMS(dq):  0.000e+00
2025-07-16:19:35:25,158 INFO     [psi4.optking.displace:132] 

	        --- Internal Coordinate Step in ANG or DEG, aJ/ANG or AJ/DEG ---
	-------------------------------------------------------------------------------
	           Coordinate      Previous         Force          Change          New 
	           ----------      --------        ------          ------        ------
	               R(1,2)       2.80885        0.00045        0.00397       2.81282
	-------------------------------------------------------------------------------

2025-07-16:19:35:25,158 INFO     [psi4.optking.stepAlgorithms:96] 	|target step| :    0.0075014927
2025-07-16:19:35:25,158 INFO     [psi4.optking.stepAlgorithms:97] 	gradient     :   -0.0000552122
2025-07-16:19:35:25,158 INFO     [psi4.optking.stepAlgorithms:98] 	hessian      :    0.0073597423
2025-07-16:19:35:25,158 INFO     [psi4.optking.stepAlgorithms:177] 	Norm of achieved step-size    0.0075014927
2025-07-16:19:35:25,158 INFO     [psi4.optking.stepAlgorithms:179] 	Norm of achieved step-size (cart):    0.0053043564
2025-07-16:19:35:25,158 INFO     [psi4.optking.opt_helper:151] Molsys:

	                            ===> Fragment 1 <== 

	 Z (Atomic Numbers)          Masses                          Geom                  
	      10.000000            19.992440          0.00000000  0.00000000  3.09948668   
	      14.000000            27.976927          0.00000000  0.00000000 -2.21597786   

	 - Coordinate -           - BOHR/RAD -       - ANG/DEG -
	 R(1,2)           =         5.315465           2.812823

2025-07-16:19:35:25,159 INFO     [psi4.optking.convcheck:71] Performing convergence check.
2025-07-16:19:35:25,159 INFO     [psi4.optking.convcheck:263] 
	                                 ==> Convergence Check <==                                  
    
	Measures of convergence in internal coordinates in au.
    
	Criteria marked as inactive (o), active & met (*), and active & unmet ( ).

	----------------------------------------------------------------------------------------------
	   Step    Total Energy     Delta E     Max Force     RMS Force      Max Disp      RMS Disp   
	----------------------------------------------------------------------------------------------
	  Convergence Criteria     1.00e-06 *    3.00e-04 *             o    1.20e-03 *             o
	----------------------------------------------------------------------------------------------
	    14    -418.30158085   -2.09e-06      5.52e-05 *    5.52e-05 o    7.50e-03      7.50e-03 o  ~
	----------------------------------------------------------------------------------------------


2025-07-16:19:35:25,159 INFO     [psi4.optking.stepAlgorithms:266] 	Convergence check returned False
2025-07-16:19:35:25,176 INFO     [psi4.driver.task_planner:285] PLANNING Atomic:  keywords={'DAMPING_PERCENTAGE': 1.0, 'GEOM_MAXITER': 500, 'SCF__GUESS': 'READ', 'GUESS': 'SAP', 'MAXITER': 500, 'REFERENCE': 'UKS', 'function_kwargs': {}}
2025-07-16:19:35:25,177 INFO     [psi4.driver.driver:636] Compute gradient(): method=b3lyp, basis=cc-pvdz, molecule=default, nre=26.338243577934243
2025-07-16:19:35:26,67 INFO     [psi4.driver.driver:639] Return gradient(): -418.3015810129107
2025-07-16:19:35:26,68 INFO     [psi4.driver.driver:640] [[ 0.00000000  0.00000000 -0.00003061]
 [ 0.00000000 -0.00000000  0.00000682]]
2025-07-16:19:35:26,70 INFO     [psi4.optking.history:257] 	Performing BFGS update.
2025-07-16:19:35:26,70 INFO     [psi4.optking.history:268] 	Using 4 previous steps for update.
2025-07-16:19:35:26,70 INFO     [psi4.optking.history:302] 	Steps to be used in Hessian update:  14 13 12 11

2025-07-16:19:35:26,71 INFO     [psi4.optking.history:400] 	Updated Hessian (in au) 
 	   0.005828

2025-07-16:19:35:26,71 INFO     [psi4.optking.molsys:874] Projected (PHP) Hessian matrix
	   0.005828

2025-07-16:19:35:26,71 INFO     [psi4.optking.opt_helper:168] 
	         Geometry (au)                                       Gradient (au)
   0.0000000000   0.0000000000   3.1001109950		   0.0000000000   0.0000000000  -0.0000306065
   0.0000000000   0.0000000000  -2.2153535532		   0.0000000000  -0.0000000000   0.0000068191

2025-07-16:19:35:26,71 INFO     [psi4.optking.stepAlgorithms:315] 	Current Step Report 
 
	Current energy:      -418.3015810129
	Energy change for the previous step:
		Actual       :        -0.0000001637
		Projected    :        -0.0000002071

2025-07-16:19:35:26,71 INFO     [psi4.optking.stepAlgorithms:318] 	Energy ratio =    0.79058
2025-07-16:19:35:26,72 INFO     [psi4.optking.stepAlgorithms:750] 	Using RFO solution 1.
2025-07-16:19:35:26,72 INFO     [psi4.optking.displace:73] 	Determining Cartesian step for fragment 1.
2025-07-16:19:35:26,72 INFO     [psi4.optking.displace:378] 	Successfully converged to displaced geometry.
2025-07-16:19:35:26,72 INFO     [psi4.optking.displace:379] 	RMS(dx):  2.564e-16 	Max(dx):  4.441e-16 	RMS(dq):  8.882e-16
2025-07-16:19:35:26,72 INFO     [psi4.optking.displace:132] 

	        --- Internal Coordinate Step in ANG or DEG, aJ/ANG or AJ/DEG ---
	-------------------------------------------------------------------------------
	           Coordinate      Previous         Force          Change          New 
	           ----------      --------        ------          ------        ------
	               R(1,2)       2.81282        0.00015        0.00170       2.81452
	-------------------------------------------------------------------------------

2025-07-16:19:35:26,72 INFO     [psi4.optking.stepAlgorithms:96] 	|target step| :    0.0032108073
2025-07-16:19:35:26,72 INFO     [psi4.optking.stepAlgorithms:97] 	gradient     :   -0.0000187128
2025-07-16:19:35:26,72 INFO     [psi4.optking.stepAlgorithms:98] 	hessian      :    0.0058280019
2025-07-16:19:35:26,72 INFO     [psi4.optking.stepAlgorithms:177] 	Norm of achieved step-size    0.0032108073
2025-07-16:19:35:26,72 INFO     [psi4.optking.stepAlgorithms:179] 	Norm of achieved step-size (cart):    0.0022703836
2025-07-16:19:35:26,73 INFO     [psi4.optking.opt_helper:151] Molsys:

	                            ===> Fragment 1 <== 

	 Z (Atomic Numbers)          Masses                          Geom                  
	      10.000000            19.992440          0.00000000  0.00000000  3.10171640   
	      14.000000            27.976927          0.00000000  0.00000000 -2.21695896   

	 - Coordinate -           - BOHR/RAD -       - ANG/DEG -
	 R(1,2)           =         5.318675           2.814522

2025-07-16:19:35:26,73 INFO     [psi4.optking.convcheck:71] Performing convergence check.
2025-07-16:19:35:26,73 INFO     [psi4.optking.convcheck:263] 
	                                 ==> Convergence Check <==                                  
    
	Measures of convergence in internal coordinates in au.
    
	Criteria marked as inactive (o), active & met (*), and active & unmet ( ).

	----------------------------------------------------------------------------------------------
	   Step    Total Energy     Delta E     Max Force     RMS Force      Max Disp      RMS Disp   
	----------------------------------------------------------------------------------------------
	  Convergence Criteria     1.00e-06 *    3.00e-04 *             o    1.20e-03 *             o
	----------------------------------------------------------------------------------------------
	    15    -418.30158101   -1.64e-07 *    1.87e-05 *    1.87e-05 o    3.21e-03      3.21e-03 o  ~
	----------------------------------------------------------------------------------------------


2025-07-16:19:35:26,73 INFO     [psi4.optking.convcheck:193] 
	                      ===> Final Convergence Report <===                     

	----------------------------------------------------------------------------
	|   Required Criteria    |  One or More Criteria  |   Alternate Criteria   |
	----------------------------------------------------------------------------
	| [x]     max_force      | [x]       max_DE       |                        |
	|                        | [ ]      max_disp      |                        |
	----------------------------------------------------------------------------


2025-07-16:19:35:26,73 INFO     [psi4.optking.stepAlgorithms:266] 	Convergence check returned True
2025-07-16:19:35:26,73 INFO     [psi4.optking.optimize:286] 	Converged in 15 steps!
2025-07-16:19:35:26,73 INFO     [psi4.optking.optimize:287] 	Final energy is   -418.3015810129107
2025-07-16:19:35:26,73 INFO     [psi4.optking.optimize:288] 	Final structure (Angstroms): 
	Fragment 1 (Ang)

	   Ne   0.0000000000   0.0000000000   1.6413576321
	   Si   0.0000000000   0.0000000000  -1.1731641570


2025-07-16:19:35:26,75 INFO     [psi4.optking.optimize:432] 	Optimization Finished

	==> Optimization Summary <==

        
	Measures of convergence in internal coordinates in au. (Any backward steps not shown.)
        
	---------------------------------------------------------------------------------------------------------------  ~
        
	 Step         Total Energy             Delta E       MAX Force       RMS Force        MAX Disp        RMS Disp   ~
        
	---------------------------------------------------------------------------------------------------------------  ~
        
	     1    -417.796882076804   -417.796882076804      1.15062735      1.15062735      0.25695798      0.25695798  ~
	     2    -418.017610301381     -0.220728224577      0.62540297      0.62540297      0.27625287      0.27625287  ~
	     3    -418.145708044030     -0.128097742649      0.33442885      0.33442885      0.29068103      0.29068103  ~
	     4    -418.217599948124     -0.071891904094      0.17780305      0.17780305      0.30023809      0.30023809  ~
	     5    -418.257182480720     -0.039582532596      0.09485139      0.09485139      0.31026086      0.31026086  ~
	     6    -418.278986879608     -0.021804398887      0.05032778      0.05032778      0.31574364      0.31574364  ~
	     7    -418.290727794587     -0.011740914979      0.02644547      0.02644547      0.31494959      0.31494959  ~
	     8    -418.296831965765     -0.006104171178      0.01359292      0.01359292      0.30259343      0.30259343  ~
	     9    -418.299793970348     -0.002962004583      0.00667551      0.00667551      0.27062516      0.27062516  ~
	    10    -418.301053202703     -0.001259232354      0.00301375      0.00301375      0.21266046      0.21266046  ~
	    11    -418.301476859248     -0.000423656545      0.00116584      0.00116584      0.10121503      0.10121503  ~
	    12    -418.301557668469     -0.000080809221      0.00052501      0.00052501      0.06592543      0.06592543  ~
	    13    -418.301578756548     -0.000021088079      0.00016642      0.00016642      0.02218814      0.02218814  ~
	    14    -418.301580849192     -0.000002092644      0.00005521      0.00005521      0.00750149      0.00750149  ~
	    15    -418.301581012911     -0.000000163718      0.00001871      0.00001871      0.00321081      0.00321081  ~
	----------------------------------------------------------------------------------------------------------------


2025-07-16:19:35:26,75 INFO     [psi4.optking.optimize:640] Preparing OptimizationResult
