2025-07-16:19:07:10,56 INFO     [psi4.optking.optwrapper:214] Creating a UserComputer
2025-07-16:19:07:10,56 INFO     [psi4.optking.optwrapper:222] 
    			-----------------------------------------

    			 OPTKING 3.0: for geometry optimizations 

    			     By R.A. King, Bethel University     

    			        with contributions from          

    			    A.V. Copan, J. Cayton, A. Heide      

    			-----------------------------------------

    
2025-07-16:19:07:10,56 INFO     [psi4.optking.optwrapper:238] 
		 -- Optimization Parameters --
	accept_symmetry_breaking       =           False
	alg_geom_maxiter               =             500
	bt_dx_conv                     =           1e-07
	bt_dx_rms_change_conv          =           1e-12
	bt_max_iter                    =              25
	cart_hess_read                 =           False
	consecutive_backsteps_allowed  =               0
	conv_max_DE                    =           1e-06
	conv_max_disp                  =          0.0012
	conv_max_force                 =          0.0003
	conv_rms_disp                  =              -1
	conv_rms_force                 =              -1
	covalent_connect               =             1.3
	dynamic_level                  =               0
	dynamic_level_max              =               0
	ensure_bt_convergence          =           False
	ext_force_bend                 =              []
	ext_force_cartesian            =              []
	ext_force_dihedral             =              []
	ext_force_distance             =              []
	ext_force_oofp                 =              []
	fix_val_near_pi                =            1.57
	flexible_g_convergence         =           False
	frag_mode                      =          SINGLE
	frag_ref_atoms                 =            None
	freeze_intrafrag               =           False
	frozen_bend                    =              []
	frozen_cartesian               =              []
	frozen_dihedral                =              []
	frozen_distance                =              []
	frozen_oofp                    =              []
	full_hess_every                =              -1
	g_convergence                  =           QCHEM
	generate_intcos_exit           =           False
	geom_maxiter                   =             500
	h_bond_connect                 =             4.3
	hess_update                    =            BFGS
	hess_update_den_tol            =           1e-07
	hess_update_dq_tol             =             0.5
	hess_update_limit              =            True
	hess_update_limit_max          =             1.0
	hess_update_limit_scale        =             0.5
	hess_update_use_last           =               4
	hessian_file                   =            None
	i_max_DE                       =            True
	i_max_disp                     =            True
	i_max_force                    =            True
	i_rms_disp                     =           False
	i_rms_force                    =           False
	i_untampered                   =            True
	include_oofp                   =           False
	interfrag_collinear_tol        =            0.01
	interfrag_coords               =            None
	interfrag_dist_inv             =           False
	interfrag_mode                 =           FIXED
	interfrag_trust                =             0.5
	interfrag_trust_max            =             1.0
	interfrag_trust_min            =           0.001
	interfragment_connect          =             1.8
	intrafrag_hess                 =        SCHLEGEL
	intrafrag_trust                =             0.5
	intrafrag_trust_max            =             1.0
	intrafrag_trust_min            =           0.001
	irc_direction                  =         FORWARD
	irc_points                     =              20
	irc_step_size                  =             0.2
	keep_intcos                    =           False
	linear_bend_threshold          =            3.05
	linesearch                     =           False
	linesearch_step                =             0.1
	max_disp_g_convergence         =          0.0012
	max_energy_g_convergence       =           1e-06
	max_force_g_convergence        =          0.0003
	opt_coordinates                =       REDUNDANT
	opt_type                       =             MIN
	output_type                    =            FILE
	print_lvl                      =               1
	program                        =            psi4
	ranged_bend                    =              []
	ranged_cartesian               =              []
	ranged_dihedral                =              []
	ranged_distance                =              []
	ranged_oofp                    =              []
	redundant_eval_tol             =           1e-10
	rfo_follow_root                =           False
	rfo_normalization_max          =             100
	rfo_root                       =               0
	rms_disp_g_convergence         =          0.0012
	rms_force_g_convergence        =          0.0003
	rsrfo_alpha_max                =     100000000.0
	sd_hessian                     =             1.0
	simple_step_scaling            =           False
	small_bend_fix_threshold       =            0.35
	steepest_descent_type          =         OVERLAP
	step_type                      =             RFO
	test_B                         =           False
	test_derivative_B              =           False
	trajectory                     =           False
	v3d_tors_angle_lim             =           0.017
	v3d_tors_cos_tol               =           1e-10
	working_consecutive_backsteps  =               0
	working_steps_since_last_H     =               0


2025-07-16:19:07:10,544 INFO     [psi4.optking.opt_helper:151] Molsys:

	                            ===> Fragment 1 <== 

	 Z (Atomic Numbers)          Masses                          Geom                  
	       7.000000            14.003074         -0.00000000  1.13383568  0.00000000   
	       7.000000            14.003074          0.00000000 -1.13383568  0.00000000   

	 - Coordinate -           - BOHR/RAD -       - ANG/DEG -
	 R(1,2)           =         2.267671           1.200000

2025-07-16:19:07:10,555 INFO     [psi4.driver.task_planner:285] PLANNING Atomic:  keywords={'DAMPING_PERCENTAGE': 1.0, 'GEOM_MAXITER': 500, 'GUESS': 'SAP', 'MAXITER': 500, 'REFERENCE': 'UKS', 'function_kwargs': {}}
2025-07-16:19:07:10,556 INFO     [psi4.driver.driver:636] Compute gradient(): method=b3lyp, basis=cc-pvdz, molecule=default, nre=21.608069435691668
2025-07-16:19:07:11,474 INFO     [psi4.driver.driver:639] Return gradient(): -109.27740877383792
2025-07-16:19:07:11,474 INFO     [psi4.driver.driver:640] [[ 0.00000000 -0.01928562  0.00000000]
 [-0.00000000  0.01928562  0.00000000]]
2025-07-16:19:07:11,476 INFO     [psi4.optking.molsys:874] Projected (PHP) Hessian matrix
	   1.048231

2025-07-16:19:07:11,476 INFO     [psi4.optking.opt_helper:168] 
	         Geometry (au)                                       Gradient (au)
  -0.0000000000   1.1338356753   0.0000000000		   0.0000000000  -0.0192856197   0.0000000000
   0.0000000000  -1.1338356753   0.0000000000		  -0.0000000000   0.0192856197   0.0000000000

2025-07-16:19:07:11,476 INFO     [psi4.optking.stepAlgorithms:750] 	Using RFO solution 1.
2025-07-16:19:07:11,476 INFO     [psi4.optking.displace:73] 	Determining Cartesian step for fragment 1.
2025-07-16:19:07:11,476 INFO     [psi4.optking.displace:378] 	Successfully converged to displaced geometry.
2025-07-16:19:07:11,476 INFO     [psi4.optking.displace:379] 	RMS(dx):  0.000e+00 	Max(dx):  0.000e+00 	RMS(dq):  0.000e+00
2025-07-16:19:07:11,476 INFO     [psi4.optking.displace:132] 

	        --- Internal Coordinate Step in ANG or DEG, aJ/ANG or AJ/DEG ---
	-------------------------------------------------------------------------------
	           Coordinate      Previous         Force          Change          New 
	           ----------      --------        ------          ------        ------
	               R(1,2)       1.20000        0.15889        0.00973       1.20973
	-------------------------------------------------------------------------------

2025-07-16:19:07:11,476 INFO     [psi4.optking.stepAlgorithms:96] 	|target step| :    0.0183920357
2025-07-16:19:07:11,476 INFO     [psi4.optking.stepAlgorithms:97] 	gradient     :   -0.0192856197
2025-07-16:19:07:11,476 INFO     [psi4.optking.stepAlgorithms:98] 	hessian      :    1.0482306732
2025-07-16:19:07:11,476 INFO     [psi4.optking.stepAlgorithms:177] 	Norm of achieved step-size    0.0183920357
2025-07-16:19:07:11,476 INFO     [psi4.optking.stepAlgorithms:179] 	Norm of achieved step-size (cart):    0.0130051332
2025-07-16:19:07:11,477 INFO     [psi4.optking.opt_helper:151] Molsys:

	                            ===> Fragment 1 <== 

	 Z (Atomic Numbers)          Masses                          Geom                  
	       7.000000            14.003074         -0.00000000  1.14303169  0.00000000   
	       7.000000            14.003074          0.00000000 -1.14303169  0.00000000   

	 - Coordinate -           - BOHR/RAD -       - ANG/DEG -
	 R(1,2)           =         2.286063           1.209733

2025-07-16:19:07:11,477 INFO     [psi4.optking.convcheck:71] Performing convergence check.
2025-07-16:19:07:11,477 INFO     [psi4.optking.convcheck:263] 
	                                 ==> Convergence Check <==                                  
    
	Measures of convergence in internal coordinates in au.
    
	Criteria marked as inactive (o), active & met (*), and active & unmet ( ).

	----------------------------------------------------------------------------------------------
	   Step    Total Energy     Delta E     Max Force     RMS Force      Max Disp      RMS Disp   
	----------------------------------------------------------------------------------------------
	  Convergence Criteria     1.00e-06 *    3.00e-04 *             o    1.20e-03 *             o
	----------------------------------------------------------------------------------------------
	     1    -109.27740877   -1.09e+02      1.93e-02      1.93e-02 o    1.84e-02      1.84e-02 o  ~
	----------------------------------------------------------------------------------------------


2025-07-16:19:07:11,477 INFO     [psi4.optking.stepAlgorithms:266] 	Convergence check returned False
2025-07-16:19:07:11,492 INFO     [psi4.driver.task_planner:285] PLANNING Atomic:  keywords={'DAMPING_PERCENTAGE': 1.0, 'GEOM_MAXITER': 500, 'SCF__GUESS': 'READ', 'GUESS': 'SAP', 'MAXITER': 500, 'REFERENCE': 'UKS', 'function_kwargs': {}}
2025-07-16:19:07:11,493 INFO     [psi4.driver.driver:636] Compute gradient(): method=b3lyp, basis=cc-pvdz, molecule=default, nre=21.434226318512998
2025-07-16:19:07:12,224 INFO     [psi4.driver.driver:639] Return gradient(): -109.2776030154923
2025-07-16:19:07:12,225 INFO     [psi4.driver.driver:640] [[ 0.00000000 -0.00204473  0.00000000]
 [-0.00000000  0.00204473  0.00000000]]
2025-07-16:19:07:12,227 INFO     [psi4.optking.history:257] 	Performing BFGS update.
2025-07-16:19:07:12,227 INFO     [psi4.optking.history:268] 	Using 1 previous steps for update.
2025-07-16:19:07:12,227 INFO     [psi4.optking.history:302] 	Steps to be used in Hessian update:  1

2025-07-16:19:07:12,227 INFO     [psi4.optking.history:400] 	Updated Hessian (in au) 
 	   0.937410

2025-07-16:19:07:12,227 INFO     [psi4.optking.molsys:874] Projected (PHP) Hessian matrix
	   0.937410

2025-07-16:19:07:12,227 INFO     [psi4.optking.opt_helper:168] 
	         Geometry (au)                                       Gradient (au)
  -0.0000000000   1.1430316931   0.0000000000		   0.0000000000  -0.0020447326   0.0000000000
   0.0000000000  -1.1430316931   0.0000000000		  -0.0000000000   0.0020447326   0.0000000000

2025-07-16:19:07:12,228 INFO     [psi4.optking.stepAlgorithms:315] 	Current Step Report 
 
	Current energy:      -109.2776030155
	Energy change for the previous step:
		Actual       :        -0.0001942417
		Projected    :        -0.0001773509

2025-07-16:19:07:12,228 INFO     [psi4.optking.stepAlgorithms:318] 	Energy ratio =    1.09524
2025-07-16:19:07:12,228 INFO     [psi4.optking.stepAlgorithms:346] 	Energy ratio indicates good step.
2025-07-16:19:07:12,228 INFO     [psi4.optking.stepAlgorithms:347] 	Intrafrag trust radius increased to 1.000e+00.
2025-07-16:19:07:12,228 INFO     [psi4.optking.stepAlgorithms:750] 	Using RFO solution 1.
2025-07-16:19:07:12,228 INFO     [psi4.optking.displace:73] 	Determining Cartesian step for fragment 1.
2025-07-16:19:07:12,228 INFO     [psi4.optking.displace:378] 	Successfully converged to displaced geometry.
2025-07-16:19:07:12,228 INFO     [psi4.optking.displace:379] 	RMS(dx):  0.000e+00 	Max(dx):  0.000e+00 	RMS(dq):  0.000e+00
2025-07-16:19:07:12,228 INFO     [psi4.optking.displace:132] 

	        --- Internal Coordinate Step in ANG or DEG, aJ/ANG or AJ/DEG ---
	-------------------------------------------------------------------------------
	           Coordinate      Previous         Force          Change          New 
	           ----------      --------        ------          ------        ------
	               R(1,2)       1.20973        0.01685        0.00115       1.21089
	-------------------------------------------------------------------------------

2025-07-16:19:07:12,228 INFO     [psi4.optking.stepAlgorithms:96] 	|target step| :    0.0021812460
2025-07-16:19:07:12,228 INFO     [psi4.optking.stepAlgorithms:97] 	gradient     :   -0.0020447326
2025-07-16:19:07:12,228 INFO     [psi4.optking.stepAlgorithms:98] 	hessian      :    0.9374104814
2025-07-16:19:07:12,228 INFO     [psi4.optking.stepAlgorithms:177] 	Norm of achieved step-size    0.0021812460
2025-07-16:19:07:12,228 INFO     [psi4.optking.stepAlgorithms:179] 	Norm of achieved step-size (cart):    0.0015423739
2025-07-16:19:07:12,228 INFO     [psi4.optking.opt_helper:151] Molsys:

	                            ===> Fragment 1 <== 

	 Z (Atomic Numbers)          Masses                          Geom                  
	       7.000000            14.003074         -0.00000000  1.14412232  0.00000000   
	       7.000000            14.003074          0.00000000 -1.14412232  0.00000000   

	 - Coordinate -           - BOHR/RAD -       - ANG/DEG -
	 R(1,2)           =         2.288245           1.210887

2025-07-16:19:07:12,228 INFO     [psi4.optking.convcheck:71] Performing convergence check.
2025-07-16:19:07:12,229 INFO     [psi4.optking.convcheck:263] 
	                                 ==> Convergence Check <==                                  
    
	Measures of convergence in internal coordinates in au.
    
	Criteria marked as inactive (o), active & met (*), and active & unmet ( ).

	----------------------------------------------------------------------------------------------
	   Step    Total Energy     Delta E     Max Force     RMS Force      Max Disp      RMS Disp   
	----------------------------------------------------------------------------------------------
	  Convergence Criteria     1.00e-06 *    3.00e-04 *             o    1.20e-03 *             o
	----------------------------------------------------------------------------------------------
	     2    -109.27760302   -1.94e-04      2.04e-03      2.04e-03 o    2.18e-03      2.18e-03 o  ~
	----------------------------------------------------------------------------------------------


2025-07-16:19:07:12,229 INFO     [psi4.optking.stepAlgorithms:266] 	Convergence check returned False
2025-07-16:19:07:12,240 INFO     [psi4.driver.task_planner:285] PLANNING Atomic:  keywords={'DAMPING_PERCENTAGE': 1.0, 'GEOM_MAXITER': 500, 'SCF__GUESS': 'READ', 'GUESS': 'SAP', 'MAXITER': 500, 'REFERENCE': 'UKS', 'function_kwargs': {}}
2025-07-16:19:07:12,241 INFO     [psi4.driver.driver:636] Compute gradient(): method=b3lyp, basis=cc-pvdz, molecule=default, nre=21.413794359309886
2025-07-16:19:07:12,898 INFO     [psi4.driver.driver:639] Return gradient(): -109.27760531718174
2025-07-16:19:07:12,898 INFO     [psi4.driver.driver:640] [[ 0.00000000 -0.00007795  0.00000000]
 [-0.00000000  0.00007795 -0.00000000]]
2025-07-16:19:07:12,900 INFO     [psi4.optking.history:257] 	Performing BFGS update.
2025-07-16:19:07:12,900 INFO     [psi4.optking.history:268] 	Using 2 previous steps for update.
2025-07-16:19:07:12,900 INFO     [psi4.optking.history:302] 	Steps to be used in Hessian update:  2 1

2025-07-16:19:07:12,900 INFO     [psi4.optking.history:400] 	Updated Hessian (in au) 
 	   0.933622

2025-07-16:19:07:12,900 INFO     [psi4.optking.molsys:874] Projected (PHP) Hessian matrix
	   0.933622

2025-07-16:19:07:12,900 INFO     [psi4.optking.opt_helper:168] 
	         Geometry (au)                                       Gradient (au)
  -0.0000000000   1.1441223162   0.0000000000		   0.0000000000  -0.0000779469   0.0000000000
   0.0000000000  -1.1441223162   0.0000000000		  -0.0000000000   0.0000779469  -0.0000000000

2025-07-16:19:07:12,900 INFO     [psi4.optking.stepAlgorithms:315] 	Current Step Report 
 
	Current energy:      -109.2776053172
	Energy change for the previous step:
		Actual       :        -0.0000023017
		Projected    :        -0.0000022300

2025-07-16:19:07:12,900 INFO     [psi4.optking.stepAlgorithms:318] 	Energy ratio =    1.03213
2025-07-16:19:07:12,900 INFO     [psi4.optking.stepAlgorithms:750] 	Using RFO solution 1.
2025-07-16:19:07:12,900 INFO     [psi4.optking.displace:73] 	Determining Cartesian step for fragment 1.
2025-07-16:19:07:12,900 INFO     [psi4.optking.displace:378] 	Successfully converged to displaced geometry.
2025-07-16:19:07:12,901 INFO     [psi4.optking.displace:379] 	RMS(dx):  0.000e+00 	Max(dx):  0.000e+00 	RMS(dq):  0.000e+00
2025-07-16:19:07:12,901 INFO     [psi4.optking.displace:132] 

	        --- Internal Coordinate Step in ANG or DEG, aJ/ANG or AJ/DEG ---
	-------------------------------------------------------------------------------
	           Coordinate      Previous         Force          Change          New 
	           ----------      --------        ------          ------        ------
	               R(1,2)       1.21089        0.00064        0.00004       1.21093
	-------------------------------------------------------------------------------

2025-07-16:19:07:12,901 INFO     [psi4.optking.stepAlgorithms:96] 	|target step| :    0.0000834887
2025-07-16:19:07:12,901 INFO     [psi4.optking.stepAlgorithms:97] 	gradient     :   -0.0000779469
2025-07-16:19:07:12,901 INFO     [psi4.optking.stepAlgorithms:98] 	hessian      :    0.9336222085
2025-07-16:19:07:12,901 INFO     [psi4.optking.stepAlgorithms:177] 	Norm of achieved step-size    0.0000834887
2025-07-16:19:07:12,901 INFO     [psi4.optking.stepAlgorithms:179] 	Norm of achieved step-size (cart):    0.0000590354
2025-07-16:19:07:12,901 INFO     [psi4.optking.opt_helper:151] Molsys:

	                            ===> Fragment 1 <== 

	 Z (Atomic Numbers)          Masses                          Geom                  
	       7.000000            14.003074         -0.00000000  1.14416406  0.00000000   
	       7.000000            14.003074          0.00000000 -1.14416406  0.00000000   

	 - Coordinate -           - BOHR/RAD -       - ANG/DEG -
	 R(1,2)           =         2.288328           1.210931

2025-07-16:19:07:12,901 INFO     [psi4.optking.convcheck:71] Performing convergence check.
2025-07-16:19:07:12,901 INFO     [psi4.optking.convcheck:263] 
	                                 ==> Convergence Check <==                                  
    
	Measures of convergence in internal coordinates in au.
    
	Criteria marked as inactive (o), active & met (*), and active & unmet ( ).

	----------------------------------------------------------------------------------------------
	   Step    Total Energy     Delta E     Max Force     RMS Force      Max Disp      RMS Disp   
	----------------------------------------------------------------------------------------------
	  Convergence Criteria     1.00e-06 *    3.00e-04 *             o    1.20e-03 *             o
	----------------------------------------------------------------------------------------------
	     3    -109.27760532   -2.30e-06      7.79e-05 *    7.79e-05 o    8.35e-05 *    8.35e-05 o  ~
	----------------------------------------------------------------------------------------------


2025-07-16:19:07:12,901 INFO     [psi4.optking.convcheck:193] 
	                      ===> Final Convergence Report <===                     

	----------------------------------------------------------------------------
	|   Required Criteria    |  One or More Criteria  |   Alternate Criteria   |
	----------------------------------------------------------------------------
	| [x]     max_force      | [ ]       max_DE       |                        |
	|                        | [x]      max_disp      |                        |
	----------------------------------------------------------------------------


2025-07-16:19:07:12,901 INFO     [psi4.optking.stepAlgorithms:266] 	Convergence check returned True
2025-07-16:19:07:12,901 INFO     [psi4.optking.optimize:286] 	Converged in 3 steps!
2025-07-16:19:07:12,901 INFO     [psi4.optking.optimize:287] 	Final energy is   -109.2776053171817
2025-07-16:19:07:12,901 INFO     [psi4.optking.optimize:288] 	Final structure (Angstroms): 
	Fragment 1 (Ang)

	    N  -0.0000000000   0.6054655461   0.0000000000
	    N   0.0000000000  -0.6054655461   0.0000000000


2025-07-16:19:07:12,902 INFO     [psi4.optking.optimize:432] 	Optimization Finished

	==> Optimization Summary <==

        
	Measures of convergence in internal coordinates in au. (Any backward steps not shown.)
        
	---------------------------------------------------------------------------------------------------------------  ~
        
	 Step         Total Energy             Delta E       MAX Force       RMS Force        MAX Disp        RMS Disp   ~
        
	---------------------------------------------------------------------------------------------------------------  ~
        
	     1    -109.277408773838   -109.277408773838      0.01928562      0.01928562      0.01839204      0.01839204  ~
	     2    -109.277603015492     -0.000194241654      0.00204473      0.00204473      0.00218125      0.00218125  ~
	     3    -109.277605317182     -0.000002301689      0.00007795      0.00007795      0.00008349      0.00008349  ~
	----------------------------------------------------------------------------------------------------------------


2025-07-16:19:07:12,902 INFO     [psi4.optking.optimize:640] Preparing OptimizationResult
