2025-07-16:18:32:30,234 INFO     [psi4.optking.optwrapper:214] Creating a UserComputer
2025-07-16:18:32:30,234 INFO     [psi4.optking.optwrapper:222] 
    			-----------------------------------------

    			 OPTKING 3.0: for geometry optimizations 

    			     By R.A. King, Bethel University     

    			        with contributions from          

    			    A.V. Copan, J. Cayton, A. Heide      

    			-----------------------------------------

    
2025-07-16:18:32:30,234 INFO     [psi4.optking.optwrapper:238] 
		 -- Optimization Parameters --
	accept_symmetry_breaking       =           False
	alg_geom_maxiter               =             500
	bt_dx_conv                     =           1e-07
	bt_dx_rms_change_conv          =           1e-12
	bt_max_iter                    =              25
	cart_hess_read                 =           False
	consecutive_backsteps_allowed  =               0
	conv_max_DE                    =           1e-06
	conv_max_disp                  =          0.0012
	conv_max_force                 =          0.0003
	conv_rms_disp                  =              -1
	conv_rms_force                 =              -1
	covalent_connect               =             1.3
	dynamic_level                  =               0
	dynamic_level_max              =               0
	ensure_bt_convergence          =           False
	ext_force_bend                 =              []
	ext_force_cartesian            =              []
	ext_force_dihedral             =              []
	ext_force_distance             =              []
	ext_force_oofp                 =              []
	fix_val_near_pi                =            1.57
	flexible_g_convergence         =           False
	frag_mode                      =          SINGLE
	frag_ref_atoms                 =            None
	freeze_intrafrag               =           False
	frozen_bend                    =              []
	frozen_cartesian               =              []
	frozen_dihedral                =              []
	frozen_distance                =              []
	frozen_oofp                    =              []
	full_hess_every                =              -1
	g_convergence                  =           QCHEM
	generate_intcos_exit           =           False
	geom_maxiter                   =             500
	h_bond_connect                 =             4.3
	hess_update                    =            BFGS
	hess_update_den_tol            =           1e-07
	hess_update_dq_tol             =             0.5
	hess_update_limit              =            True
	hess_update_limit_max          =             1.0
	hess_update_limit_scale        =             0.5
	hess_update_use_last           =               4
	hessian_file                   =            None
	i_max_DE                       =            True
	i_max_disp                     =            True
	i_max_force                    =            True
	i_rms_disp                     =           False
	i_rms_force                    =           False
	i_untampered                   =            True
	include_oofp                   =           False
	interfrag_collinear_tol        =            0.01
	interfrag_coords               =            None
	interfrag_dist_inv             =           False
	interfrag_mode                 =           FIXED
	interfrag_trust                =             0.5
	interfrag_trust_max            =             1.0
	interfrag_trust_min            =           0.001
	interfragment_connect          =             1.8
	intrafrag_hess                 =        SCHLEGEL
	intrafrag_trust                =             0.5
	intrafrag_trust_max            =             1.0
	intrafrag_trust_min            =           0.001
	irc_direction                  =         FORWARD
	irc_points                     =              20
	irc_step_size                  =             0.2
	keep_intcos                    =           False
	linear_bend_threshold          =            3.05
	linesearch                     =           False
	linesearch_step                =             0.1
	max_disp_g_convergence         =          0.0012
	max_energy_g_convergence       =           1e-06
	max_force_g_convergence        =          0.0003
	opt_coordinates                =       REDUNDANT
	opt_type                       =             MIN
	output_type                    =            FILE
	print_lvl                      =               1
	program                        =            psi4
	ranged_bend                    =              []
	ranged_cartesian               =              []
	ranged_dihedral                =              []
	ranged_distance                =              []
	ranged_oofp                    =              []
	redundant_eval_tol             =           1e-10
	rfo_follow_root                =           False
	rfo_normalization_max          =             100
	rfo_root                       =               0
	rms_disp_g_convergence         =          0.0012
	rms_force_g_convergence        =          0.0003
	rsrfo_alpha_max                =     100000000.0
	sd_hessian                     =             1.0
	simple_step_scaling            =           False
	small_bend_fix_threshold       =            0.35
	steepest_descent_type          =         OVERLAP
	step_type                      =             RFO
	test_B                         =           False
	test_derivative_B              =           False
	trajectory                     =           False
	v3d_tors_angle_lim             =           0.017
	v3d_tors_cos_tol               =           1e-10
	working_consecutive_backsteps  =               0
	working_steps_since_last_H     =               0


2025-07-16:18:32:30,724 INFO     [psi4.optking.opt_helper:151] Molsys:

	                            ===> Fragment 1 <== 

	 Z (Atomic Numbers)          Masses                          Geom                  
	       3.000000             7.016003          0.00000000  0.00000000  1.73744038   
	      11.000000            22.989769          0.00000000  0.00000000 -0.53023097   

	 - Coordinate -           - BOHR/RAD -       - ANG/DEG -
	 R(1,2)           =         2.267671           1.200000

2025-07-16:18:32:30,735 INFO     [psi4.driver.task_planner:285] PLANNING Atomic:  keywords={'DAMPING_PERCENTAGE': 1.0, 'GEOM_MAXITER': 500, 'GUESS': 'SAP', 'MAXITER': 500, 'REFERENCE': 'UKS', 'function_kwargs': {}}
2025-07-16:18:32:30,736 INFO     [psi4.driver.driver:636] Compute gradient(): method=b3lyp, basis=cc-pvdz, molecule=default, nre=14.552373293425003
2025-07-16:18:32:31,878 INFO     [psi4.driver.driver:639] Return gradient(): -169.52293528044905
2025-07-16:18:32:31,878 INFO     [psi4.driver.driver:640] [[ 0.00000000 -0.00000000 -0.40662281]
 [ 0.00000000 -0.00000000  0.40668412]]
2025-07-16:18:32:31,879 INFO     [psi4.optking.molsys:874] Projected (PHP) Hessian matrix
	   4.182219

2025-07-16:18:32:31,879 INFO     [psi4.optking.opt_helper:168] 
	         Geometry (au)                                       Gradient (au)
   0.0000000000   0.0000000000   1.7374403801		   0.0000000000  -0.0000000000  -0.4066228142
   0.0000000000   0.0000000000  -0.5302309705		   0.0000000000  -0.0000000000   0.4066841172

2025-07-16:18:32:31,879 INFO     [psi4.optking.stepAlgorithms:750] 	Using RFO solution 1.
2025-07-16:18:32:31,879 INFO     [psi4.optking.displace:73] 	Determining Cartesian step for fragment 1.
2025-07-16:18:32:31,880 INFO     [psi4.optking.displace:378] 	Successfully converged to displaced geometry.
2025-07-16:18:32:31,880 INFO     [psi4.optking.displace:379] 	RMS(dx):  0.000e+00 	Max(dx):  0.000e+00 	RMS(dq):  0.000e+00
2025-07-16:18:32:31,880 INFO     [psi4.optking.displace:132] 

	        --- Internal Coordinate Step in ANG or DEG, aJ/ANG or AJ/DEG ---
	-------------------------------------------------------------------------------
	           Coordinate      Previous         Force          Change          New 
	           ----------      --------        ------          ------        ------
	               R(1,2)       1.20000        3.35031        0.05098       1.25098
	-------------------------------------------------------------------------------

2025-07-16:18:32:31,880 INFO     [psi4.optking.stepAlgorithms:96] 	|target step| :    0.0963316024
2025-07-16:18:32:31,880 INFO     [psi4.optking.stepAlgorithms:97] 	gradient     :   -0.4066534657
2025-07-16:18:32:31,880 INFO     [psi4.optking.stepAlgorithms:98] 	hessian      :    4.1822185214
2025-07-16:18:32:31,880 INFO     [psi4.optking.stepAlgorithms:177] 	Norm of achieved step-size    0.0963316024
2025-07-16:18:32:31,880 INFO     [psi4.optking.stepAlgorithms:179] 	Norm of achieved step-size (cart):    0.0681167293
2025-07-16:18:32:31,880 INFO     [psi4.optking.opt_helper:151] Molsys:

	                            ===> Fragment 1 <== 

	 Z (Atomic Numbers)          Masses                          Geom                  
	       3.000000             7.016003          0.00000000  0.00000000  1.78560618   
	      11.000000            22.989769          0.00000000  0.00000000 -0.57839677   

	 - Coordinate -           - BOHR/RAD -       - ANG/DEG -
	 R(1,2)           =         2.364003           1.250976

2025-07-16:18:32:31,880 INFO     [psi4.optking.convcheck:71] Performing convergence check.
2025-07-16:18:32:31,880 INFO     [psi4.optking.convcheck:263] 
	                                 ==> Convergence Check <==                                  
    
	Measures of convergence in internal coordinates in au.
    
	Criteria marked as inactive (o), active & met (*), and active & unmet ( ).

	----------------------------------------------------------------------------------------------
	   Step    Total Energy     Delta E     Max Force     RMS Force      Max Disp      RMS Disp   
	----------------------------------------------------------------------------------------------
	  Convergence Criteria     1.00e-06 *    3.00e-04 *             o    1.20e-03 *             o
	----------------------------------------------------------------------------------------------
	     1    -169.52293528   -1.70e+02      4.07e-01      4.07e-01 o    9.63e-02      9.63e-02 o  ~
	----------------------------------------------------------------------------------------------


2025-07-16:18:32:31,880 INFO     [psi4.optking.stepAlgorithms:266] 	Convergence check returned False
2025-07-16:18:32:31,898 INFO     [psi4.driver.task_planner:285] PLANNING Atomic:  keywords={'DAMPING_PERCENTAGE': 1.0, 'GEOM_MAXITER': 500, 'SCF__GUESS': 'READ', 'GUESS': 'SAP', 'MAXITER': 500, 'REFERENCE': 'UKS', 'function_kwargs': {}}
2025-07-16:18:32:31,900 INFO     [psi4.driver.driver:636] Compute gradient(): method=b3lyp, basis=cc-pvdz, molecule=default, nre=13.959373425560424
2025-07-16:18:32:32,764 INFO     [psi4.driver.driver:639] Return gradient(): -169.55805895238606
2025-07-16:18:32:32,765 INFO     [psi4.driver.driver:640] [[ 0.00000000  0.00000000 -0.32623505]
 [-0.00000000 -0.00000000  0.32623930]]
2025-07-16:18:32:32,767 INFO     [psi4.optking.history:257] 	Performing BFGS update.
2025-07-16:18:32:32,767 INFO     [psi4.optking.history:268] 	Using 1 previous steps for update.
2025-07-16:18:32:32,767 INFO     [psi4.optking.history:302] 	Steps to be used in Hessian update:  1

2025-07-16:18:32:32,768 INFO     [psi4.optking.history:400] 	Updated Hessian (in au) 
 	   2.091109

2025-07-16:18:32:32,768 INFO     [psi4.optking.molsys:874] Projected (PHP) Hessian matrix
	   2.091109

2025-07-16:18:32:32,768 INFO     [psi4.optking.opt_helper:168] 
	         Geometry (au)                                       Gradient (au)
   0.0000000000   0.0000000000   1.8112475550		   0.0000000000   0.0000000000  -0.3262350499
   0.0000000000   0.0000000000  -0.5527553980		  -0.0000000000  -0.0000000000   0.3262393004

2025-07-16:18:32:32,768 INFO     [psi4.optking.stepAlgorithms:315] 	Current Step Report 
 
	Current energy:      -169.5580589524
	Energy change for the previous step:
		Actual       :        -0.0351236719
		Projected    :        -0.0195867900

2025-07-16:18:32:32,768 INFO     [psi4.optking.stepAlgorithms:318] 	Energy ratio =    1.79323
2025-07-16:18:32:32,768 INFO     [psi4.optking.stepAlgorithms:346] 	Energy ratio indicates good step.
2025-07-16:18:32:32,768 INFO     [psi4.optking.stepAlgorithms:347] 	Intrafrag trust radius increased to 1.000e+00.
2025-07-16:18:32:32,768 INFO     [psi4.optking.stepAlgorithms:750] 	Using RFO solution 1.
2025-07-16:18:32:32,769 INFO     [psi4.optking.displace:73] 	Determining Cartesian step for fragment 1.
2025-07-16:18:32:32,769 INFO     [psi4.optking.displace:378] 	Successfully converged to displaced geometry.
2025-07-16:18:32:32,769 INFO     [psi4.optking.displace:379] 	RMS(dx):  1.282e-16 	Max(dx):  2.220e-16 	RMS(dq):  0.000e+00
2025-07-16:18:32:32,769 INFO     [psi4.optking.displace:132] 

	        --- Internal Coordinate Step in ANG or DEG, aJ/ANG or AJ/DEG ---
	-------------------------------------------------------------------------------
	           Coordinate      Previous         Force          Change          New 
	           ----------      --------        ------          ------        ------
	               R(1,2)       1.25098        2.68778        0.08064       1.33162
	-------------------------------------------------------------------------------

2025-07-16:18:32:32,769 INFO     [psi4.optking.stepAlgorithms:96] 	|target step| :    0.1523885953
2025-07-16:18:32:32,769 INFO     [psi4.optking.stepAlgorithms:97] 	gradient     :   -0.3262371752
2025-07-16:18:32:32,769 INFO     [psi4.optking.stepAlgorithms:98] 	hessian      :    2.0911092607
2025-07-16:18:32:32,769 INFO     [psi4.optking.stepAlgorithms:177] 	Norm of achieved step-size    0.1523885953
2025-07-16:18:32:32,769 INFO     [psi4.optking.stepAlgorithms:179] 	Norm of achieved step-size (cart):    0.1077550091
2025-07-16:18:32:32,770 INFO     [psi4.optking.opt_helper:151] Molsys:

	                            ===> Fragment 1 <== 

	 Z (Atomic Numbers)          Masses                          Geom                  
	       3.000000             7.016003          0.00000000  0.00000000  1.88744185   
	      11.000000            22.989769          0.00000000  0.00000000 -0.62894970   

	 - Coordinate -           - BOHR/RAD -       - ANG/DEG -
	 R(1,2)           =         2.516392           1.331617

2025-07-16:18:32:32,770 INFO     [psi4.optking.convcheck:71] Performing convergence check.
2025-07-16:18:32:32,770 INFO     [psi4.optking.convcheck:263] 
	                                 ==> Convergence Check <==                                  
    
	Measures of convergence in internal coordinates in au.
    
	Criteria marked as inactive (o), active & met (*), and active & unmet ( ).

	----------------------------------------------------------------------------------------------
	   Step    Total Energy     Delta E     Max Force     RMS Force      Max Disp      RMS Disp   
	----------------------------------------------------------------------------------------------
	  Convergence Criteria     1.00e-06 *    3.00e-04 *             o    1.20e-03 *             o
	----------------------------------------------------------------------------------------------
	     2    -169.55805895   -3.51e-02      3.26e-01      3.26e-01 o    1.52e-01      1.52e-01 o  ~
	----------------------------------------------------------------------------------------------


2025-07-16:18:32:32,770 INFO     [psi4.optking.stepAlgorithms:266] 	Convergence check returned False
2025-07-16:18:32:32,781 INFO     [psi4.driver.task_planner:285] PLANNING Atomic:  keywords={'DAMPING_PERCENTAGE': 1.0, 'GEOM_MAXITER': 500, 'SCF__GUESS': 'READ', 'GUESS': 'SAP', 'MAXITER': 500, 'REFERENCE': 'UKS', 'function_kwargs': {}}
2025-07-16:18:32:32,782 INFO     [psi4.driver.driver:636] Compute gradient(): method=b3lyp, basis=cc-pvdz, molecule=default, nre=13.114016386870604
2025-07-16:18:32:33,634 INFO     [psi4.driver.driver:639] Return gradient(): -169.6004030859353
2025-07-16:18:32:33,634 INFO     [psi4.driver.driver:640] [[ 0.00000000  0.00000000 -0.23576075]
 [ 0.00000000  0.00000000  0.23579564]]
2025-07-16:18:32:33,636 INFO     [psi4.optking.history:257] 	Performing BFGS update.
2025-07-16:18:32:33,636 INFO     [psi4.optking.history:268] 	Using 2 previous steps for update.
2025-07-16:18:32:33,636 INFO     [psi4.optking.history:302] 	Steps to be used in Hessian update:  2 1

2025-07-16:18:32:33,636 INFO     [psi4.optking.history:400] 	Updated Hessian (in au) 
 	   0.687018

2025-07-16:18:32:33,636 INFO     [psi4.optking.molsys:874] Projected (PHP) Hessian matrix
	   0.687018

2025-07-16:18:32:33,636 INFO     [psi4.optking.opt_helper:168] 
	         Geometry (au)                                       Gradient (au)
   0.0000000000   0.0000000000   1.9280043764		   0.0000000000   0.0000000000  -0.2357607464
   0.0000000000   0.0000000000  -0.5883871719		   0.0000000000   0.0000000000   0.2357956426

2025-07-16:18:32:33,636 INFO     [psi4.optking.stepAlgorithms:315] 	Current Step Report 
 
	Current energy:      -169.6004030859
	Energy change for the previous step:
		Actual       :        -0.0423441335
		Projected    :        -0.0248574124

2025-07-16:18:32:33,636 INFO     [psi4.optking.stepAlgorithms:318] 	Energy ratio =    1.70348
2025-07-16:18:32:33,636 INFO     [psi4.optking.stepAlgorithms:750] 	Using RFO solution 1.
2025-07-16:18:32:33,636 INFO     [psi4.optking.displace:73] 	Determining Cartesian step for fragment 1.
2025-07-16:18:32:33,636 INFO     [psi4.optking.displace:378] 	Successfully converged to displaced geometry.
2025-07-16:18:32:33,636 INFO     [psi4.optking.displace:379] 	RMS(dx):  1.282e-16 	Max(dx):  2.220e-16 	RMS(dq):  4.441e-16
2025-07-16:18:32:33,636 INFO     [psi4.optking.displace:132] 

	        --- Internal Coordinate Step in ANG or DEG, aJ/ANG or AJ/DEG ---
	-------------------------------------------------------------------------------
	           Coordinate      Previous         Force          Change          New 
	           ----------      --------        ------          ------        ------
	               R(1,2)       1.33162        1.94251        0.16414       1.49575
	-------------------------------------------------------------------------------

2025-07-16:18:32:33,636 INFO     [psi4.optking.stepAlgorithms:96] 	|target step| :    0.3101731876
2025-07-16:18:32:33,637 INFO     [psi4.optking.stepAlgorithms:97] 	gradient     :   -0.2357781945
2025-07-16:18:32:33,637 INFO     [psi4.optking.stepAlgorithms:98] 	hessian      :    0.6870180739
2025-07-16:18:32:33,637 INFO     [psi4.optking.stepAlgorithms:177] 	Norm of achieved step-size    0.3101731876
2025-07-16:18:32:33,637 INFO     [psi4.optking.stepAlgorithms:179] 	Norm of achieved step-size (cart):    0.2193255643
2025-07-16:18:32:33,637 INFO     [psi4.optking.opt_helper:151] Molsys:

	                            ===> Fragment 1 <== 

	 Z (Atomic Numbers)          Masses                          Geom                  
	       3.000000             7.016003          0.00000000  0.00000000  2.08309097   
	      11.000000            22.989769          0.00000000  0.00000000 -0.74347377   

	 - Coordinate -           - BOHR/RAD -       - ANG/DEG -
	 R(1,2)           =         2.826565           1.495754

2025-07-16:18:32:33,637 INFO     [psi4.optking.convcheck:71] Performing convergence check.
2025-07-16:18:32:33,637 INFO     [psi4.optking.convcheck:263] 
	                                 ==> Convergence Check <==                                  
    
	Measures of convergence in internal coordinates in au.
    
	Criteria marked as inactive (o), active & met (*), and active & unmet ( ).

	----------------------------------------------------------------------------------------------
	   Step    Total Energy     Delta E     Max Force     RMS Force      Max Disp      RMS Disp   
	----------------------------------------------------------------------------------------------
	  Convergence Criteria     1.00e-06 *    3.00e-04 *             o    1.20e-03 *             o
	----------------------------------------------------------------------------------------------
	     3    -169.60040309   -4.23e-02      2.36e-01      2.36e-01 o    3.10e-01      3.10e-01 o  ~
	----------------------------------------------------------------------------------------------


2025-07-16:18:32:33,637 INFO     [psi4.optking.stepAlgorithms:266] 	Convergence check returned False
2025-07-16:18:32:33,650 INFO     [psi4.driver.task_planner:285] PLANNING Atomic:  keywords={'DAMPING_PERCENTAGE': 1.0, 'GEOM_MAXITER': 500, 'SCF__GUESS': 'READ', 'GUESS': 'SAP', 'MAXITER': 500, 'REFERENCE': 'UKS', 'function_kwargs': {}}
2025-07-16:18:32:33,652 INFO     [psi4.driver.driver:636] Compute gradient(): method=b3lyp, basis=cc-pvdz, molecule=default, nre=11.67494930536103
2025-07-16:18:32:34,563 INFO     [psi4.driver.driver:639] Return gradient(): -169.65571227483153
2025-07-16:18:32:34,563 INFO     [psi4.driver.driver:640] [[ 0.00000000  0.00000000 -0.13423795]
 [ 0.00000000 -0.00000000  0.13426059]]
2025-07-16:18:32:34,564 INFO     [psi4.optking.history:257] 	Performing BFGS update.
2025-07-16:18:32:34,564 INFO     [psi4.optking.history:268] 	Using 3 previous steps for update.
2025-07-16:18:32:34,564 WARNING  [psi4.optking.history:286] 	Change in internal coordinate of 5.59e-01 exceeds limit of 5.00e-01.
2025-07-16:18:32:34,564 WARNING  [psi4.optking.history:291] 	Skipping Hessian update for step 1.
2025-07-16:18:32:34,564 INFO     [psi4.optking.history:302] 	Steps to be used in Hessian update:  3 2

2025-07-16:18:32:34,565 INFO     [psi4.optking.history:400] 	Updated Hessian (in au) 
 	   0.415054

2025-07-16:18:32:34,565 INFO     [psi4.optking.molsys:874] Projected (PHP) Hessian matrix
	   0.415054

2025-07-16:18:32:34,565 INFO     [psi4.optking.opt_helper:168] 
	         Geometry (au)                                       Gradient (au)
   0.0000000000   0.0000000000   2.1656523146		   0.0000000000   0.0000000000  -0.1342379472
   0.0000000000   0.0000000000  -0.6609124213		   0.0000000000  -0.0000000000   0.1342605852

2025-07-16:18:32:34,565 INFO     [psi4.optking.stepAlgorithms:315] 	Current Step Report 
 
	Current energy:      -169.6557122748
	Energy change for the previous step:
		Actual       :        -0.0553091889
		Projected    :        -0.0365660371

2025-07-16:18:32:34,565 INFO     [psi4.optking.stepAlgorithms:318] 	Energy ratio =    1.51258
2025-07-16:18:32:34,565 INFO     [psi4.optking.stepAlgorithms:750] 	Using RFO solution 1.
2025-07-16:18:32:34,565 INFO     [psi4.optking.displace:73] 	Determining Cartesian step for fragment 1.
2025-07-16:18:32:34,565 INFO     [psi4.optking.displace:378] 	Successfully converged to displaced geometry.
2025-07-16:18:32:34,565 INFO     [psi4.optking.displace:379] 	RMS(dx):  0.000e+00 	Max(dx):  0.000e+00 	RMS(dq):  0.000e+00
2025-07-16:18:32:34,565 INFO     [psi4.optking.displace:132] 

	        --- Internal Coordinate Step in ANG or DEG, aJ/ANG or AJ/DEG ---
	-------------------------------------------------------------------------------
	           Coordinate      Previous         Force          Change          New 
	           ----------      --------        ------          ------        ------
	               R(1,2)       1.49575        1.10604        0.15624       1.65200
	-------------------------------------------------------------------------------

2025-07-16:18:32:34,565 INFO     [psi4.optking.stepAlgorithms:96] 	|target step| :    0.2952537500
2025-07-16:18:32:34,565 INFO     [psi4.optking.stepAlgorithms:97] 	gradient     :   -0.1342492662
2025-07-16:18:32:34,565 INFO     [psi4.optking.stepAlgorithms:98] 	hessian      :    0.4150535476
2025-07-16:18:32:34,565 INFO     [psi4.optking.stepAlgorithms:177] 	Norm of achieved step-size    0.2952537500
2025-07-16:18:32:34,565 INFO     [psi4.optking.stepAlgorithms:179] 	Norm of achieved step-size (cart):    0.2087759288
2025-07-16:18:32:34,566 INFO     [psi4.optking.opt_helper:151] Molsys:

	                            ===> Fragment 1 <== 

	 Z (Atomic Numbers)          Masses                          Geom                  
	       3.000000             7.016003          0.00000000  0.00000000  2.31327919   
	      11.000000            22.989769          0.00000000  0.00000000 -0.80853930   

	 - Coordinate -           - BOHR/RAD -       - ANG/DEG -
	 R(1,2)           =         3.121818           1.651995

2025-07-16:18:32:34,566 INFO     [psi4.optking.convcheck:71] Performing convergence check.
2025-07-16:18:32:34,566 INFO     [psi4.optking.convcheck:263] 
	                                 ==> Convergence Check <==                                  
    
	Measures of convergence in internal coordinates in au.
    
	Criteria marked as inactive (o), active & met (*), and active & unmet ( ).

	----------------------------------------------------------------------------------------------
	   Step    Total Energy     Delta E     Max Force     RMS Force      Max Disp      RMS Disp   
	----------------------------------------------------------------------------------------------
	  Convergence Criteria     1.00e-06 *    3.00e-04 *             o    1.20e-03 *             o
	----------------------------------------------------------------------------------------------
	     4    -169.65571227   -5.53e-02      1.34e-01      1.34e-01 o    2.95e-01      2.95e-01 o  ~
	----------------------------------------------------------------------------------------------


2025-07-16:18:32:34,566 INFO     [psi4.optking.stepAlgorithms:266] 	Convergence check returned False
2025-07-16:18:32:34,581 INFO     [psi4.driver.task_planner:285] PLANNING Atomic:  keywords={'DAMPING_PERCENTAGE': 1.0, 'GEOM_MAXITER': 500, 'SCF__GUESS': 'READ', 'GUESS': 'SAP', 'MAXITER': 500, 'REFERENCE': 'UKS', 'function_kwargs': {}}
2025-07-16:18:32:34,582 INFO     [psi4.driver.driver:636] Compute gradient(): method=b3lyp, basis=cc-pvdz, molecule=default, nre=10.570761929144622
2025-07-16:18:32:35,542 INFO     [psi4.driver.driver:639] Return gradient(): -169.68776753236347
2025-07-16:18:32:35,542 INFO     [psi4.driver.driver:640] [[ 0.00000000 -0.00000000 -0.08787178]
 [ 0.00000000 -0.00000000  0.08786181]]
2025-07-16:18:32:35,543 INFO     [psi4.optking.history:257] 	Performing BFGS update.
2025-07-16:18:32:35,543 INFO     [psi4.optking.history:268] 	Using 4 previous steps for update.
2025-07-16:18:32:35,543 WARNING  [psi4.optking.history:286] 	Change in internal coordinate of 6.05e-01 exceeds limit of 5.00e-01.
2025-07-16:18:32:35,543 WARNING  [psi4.optking.history:291] 	Skipping Hessian update for step 3.
2025-07-16:18:32:35,544 WARNING  [psi4.optking.history:286] 	Change in internal coordinate of 7.58e-01 exceeds limit of 5.00e-01.
2025-07-16:18:32:35,544 WARNING  [psi4.optking.history:291] 	Skipping Hessian update for step 2.
2025-07-16:18:32:35,544 WARNING  [psi4.optking.history:286] 	Change in internal coordinate of 8.54e-01 exceeds limit of 5.00e-01.
2025-07-16:18:32:35,544 WARNING  [psi4.optking.history:291] 	Skipping Hessian update for step 1.
2025-07-16:18:32:35,544 INFO     [psi4.optking.history:302] 	Steps to be used in Hessian update:  4

2025-07-16:18:32:35,544 INFO     [psi4.optking.history:400] 	Updated Hessian (in au) 
 	   0.157094

2025-07-16:18:32:35,544 INFO     [psi4.optking.molsys:874] Projected (PHP) Hessian matrix
	   0.157094

2025-07-16:18:32:35,544 INFO     [psi4.optking.opt_helper:168] 
	         Geometry (au)                                       Gradient (au)
   0.0000000000   0.0000000000   2.3918693047		   0.0000000000  -0.0000000000  -0.0878717838
   0.0000000000   0.0000000000  -0.7299491811		   0.0000000000  -0.0000000000   0.0878618071

2025-07-16:18:32:35,544 INFO     [psi4.optking.stepAlgorithms:315] 	Current Step Report 
 
	Current energy:      -169.6877675324
	Energy change for the previous step:
		Actual       :        -0.0320552575
		Projected    :        -0.0198187996

2025-07-16:18:32:35,544 INFO     [psi4.optking.stepAlgorithms:318] 	Energy ratio =    1.61742
2025-07-16:18:32:35,544 INFO     [psi4.optking.stepAlgorithms:750] 	Using RFO solution 1.
2025-07-16:18:32:35,544 INFO     [psi4.optking.displace:73] 	Determining Cartesian step for fragment 1.
2025-07-16:18:32:35,544 INFO     [psi4.optking.displace:378] 	Successfully converged to displaced geometry.
2025-07-16:18:32:35,544 INFO     [psi4.optking.displace:379] 	RMS(dx):  0.000e+00 	Max(dx):  0.000e+00 	RMS(dq):  0.000e+00
2025-07-16:18:32:35,544 INFO     [psi4.optking.displace:132] 

	        --- Internal Coordinate Step in ANG or DEG, aJ/ANG or AJ/DEG ---
	-------------------------------------------------------------------------------
	           Coordinate      Previous         Force          Change          New 
	           ----------      --------        ------          ------        ------
	               R(1,2)       1.65200        0.72391        0.23674       1.88874
	-------------------------------------------------------------------------------

2025-07-16:18:32:35,544 INFO     [psi4.optking.stepAlgorithms:96] 	|target step| :    0.4473792663
2025-07-16:18:32:35,544 INFO     [psi4.optking.stepAlgorithms:97] 	gradient     :   -0.0878667955
2025-07-16:18:32:35,544 INFO     [psi4.optking.stepAlgorithms:98] 	hessian      :    0.1570935872
2025-07-16:18:32:35,545 INFO     [psi4.optking.stepAlgorithms:177] 	Norm of achieved step-size    0.4473792663
2025-07-16:18:32:35,545 INFO     [psi4.optking.stepAlgorithms:179] 	Norm of achieved step-size (cart):    0.3163449130
2025-07-16:18:32:35,545 INFO     [psi4.optking.opt_helper:151] Molsys:

	                            ===> Fragment 1 <== 

	 Z (Atomic Numbers)          Masses                          Geom                  
	       3.000000             7.016003          0.00000000  0.00000000  2.61555894   
	      11.000000            22.989769          0.00000000  0.00000000 -0.95363881   

	 - Coordinate -           - BOHR/RAD -       - ANG/DEG -
	 R(1,2)           =         3.569198           1.888738

2025-07-16:18:32:35,545 INFO     [psi4.optking.convcheck:71] Performing convergence check.
2025-07-16:18:32:35,545 INFO     [psi4.optking.convcheck:263] 
	                                 ==> Convergence Check <==                                  
    
	Measures of convergence in internal coordinates in au.
    
	Criteria marked as inactive (o), active & met (*), and active & unmet ( ).

	----------------------------------------------------------------------------------------------
	   Step    Total Energy     Delta E     Max Force     RMS Force      Max Disp      RMS Disp   
	----------------------------------------------------------------------------------------------
	  Convergence Criteria     1.00e-06 *    3.00e-04 *             o    1.20e-03 *             o
	----------------------------------------------------------------------------------------------
	     5    -169.68776753   -3.21e-02      8.79e-02      8.79e-02 o    4.47e-01      4.47e-01 o  ~
	----------------------------------------------------------------------------------------------


2025-07-16:18:32:35,545 INFO     [psi4.optking.stepAlgorithms:266] 	Convergence check returned False
2025-07-16:18:32:35,561 INFO     [psi4.driver.task_planner:285] PLANNING Atomic:  keywords={'DAMPING_PERCENTAGE': 1.0, 'GEOM_MAXITER': 500, 'SCF__GUESS': 'READ', 'GUESS': 'SAP', 'MAXITER': 500, 'REFERENCE': 'UKS', 'function_kwargs': {}}
2025-07-16:18:32:35,562 INFO     [psi4.driver.driver:636] Compute gradient(): method=b3lyp, basis=cc-pvdz, molecule=default, nre=9.24577518285412
2025-07-16:18:32:36,525 INFO     [psi4.driver.driver:639] Return gradient(): -169.71818661496155
2025-07-16:18:32:36,525 INFO     [psi4.driver.driver:640] [[ 0.00000000  0.00000000 -0.05216396]
 [ 0.00000000  0.00000000  0.05216200]]
2025-07-16:18:32:36,528 INFO     [psi4.optking.history:257] 	Performing BFGS update.
2025-07-16:18:32:36,528 INFO     [psi4.optking.history:268] 	Using 4 previous steps for update.
2025-07-16:18:32:36,528 WARNING  [psi4.optking.history:286] 	Change in internal coordinate of 7.43e-01 exceeds limit of 5.00e-01.
2025-07-16:18:32:36,528 WARNING  [psi4.optking.history:291] 	Skipping Hessian update for step 4.
2025-07-16:18:32:36,528 WARNING  [psi4.optking.history:286] 	Change in internal coordinate of 1.05e+00 exceeds limit of 5.00e-01.
2025-07-16:18:32:36,528 WARNING  [psi4.optking.history:291] 	Skipping Hessian update for step 3.
2025-07-16:18:32:36,529 WARNING  [psi4.optking.history:286] 	Change in internal coordinate of 1.21e+00 exceeds limit of 5.00e-01.
2025-07-16:18:32:36,529 WARNING  [psi4.optking.history:291] 	Skipping Hessian update for step 2.
2025-07-16:18:32:36,529 WARNING  [psi4.optking.history:286] 	Change in internal coordinate of 1.30e+00 exceeds limit of 5.00e-01.
2025-07-16:18:32:36,529 WARNING  [psi4.optking.history:291] 	Skipping Hessian update for step 1.
2025-07-16:18:32:36,529 INFO     [psi4.optking.history:302] 	Steps to be used in Hessian update:  5

2025-07-16:18:32:36,529 INFO     [psi4.optking.history:400] 	Updated Hessian (in au) 
 	   0.079807

2025-07-16:18:32:36,529 INFO     [psi4.optking.molsys:874] Projected (PHP) Hessian matrix
	   0.079807

2025-07-16:18:32:36,529 INFO     [psi4.optking.opt_helper:168] 
	         Geometry (au)                                       Gradient (au)
   0.0000000000   0.0000000000   2.7346415510		   0.0000000000   0.0000000000  -0.0521639575
   0.0000000000   0.0000000000  -0.8345562012		   0.0000000000   0.0000000000   0.0521620018

2025-07-16:18:32:36,529 INFO     [psi4.optking.stepAlgorithms:315] 	Current Step Report 
 
	Current energy:      -169.7181866150
	Energy change for the previous step:
		Actual       :        -0.0304190826
		Projected    :        -0.0196548912

2025-07-16:18:32:36,529 INFO     [psi4.optking.stepAlgorithms:318] 	Energy ratio =    1.54766
2025-07-16:18:32:36,530 INFO     [psi4.optking.stepAlgorithms:750] 	Using RFO solution 1.
2025-07-16:18:32:36,530 INFO     [psi4.optking.displace:73] 	Determining Cartesian step for fragment 1.
2025-07-16:18:32:36,530 INFO     [psi4.optking.displace:378] 	Successfully converged to displaced geometry.
2025-07-16:18:32:36,530 INFO     [psi4.optking.displace:379] 	RMS(dx):  0.000e+00 	Max(dx):  0.000e+00 	RMS(dq):  0.000e+00
2025-07-16:18:32:36,530 INFO     [psi4.optking.displace:132] 

	        --- Internal Coordinate Step in ANG or DEG, aJ/ANG or AJ/DEG ---
	-------------------------------------------------------------------------------
	           Coordinate      Previous         Force          Change          New 
	           ----------      --------        ------          ------        ------
	               R(1,2)       1.88874        0.42976        0.26145       2.15019
	-------------------------------------------------------------------------------

2025-07-16:18:32:36,530 INFO     [psi4.optking.stepAlgorithms:96] 	|target step| :    0.4940675839
2025-07-16:18:32:36,530 INFO     [psi4.optking.stepAlgorithms:97] 	gradient     :   -0.0521629797
2025-07-16:18:32:36,530 INFO     [psi4.optking.stepAlgorithms:98] 	hessian      :    0.0798065947
2025-07-16:18:32:36,530 INFO     [psi4.optking.stepAlgorithms:177] 	Norm of achieved step-size    0.4940675839
2025-07-16:18:32:36,530 INFO     [psi4.optking.stepAlgorithms:179] 	Norm of achieved step-size (cart):    0.3493585389
2025-07-16:18:32:36,531 INFO     [psi4.optking.opt_helper:151] Molsys:

	                            ===> Fragment 1 <== 

	 Z (Atomic Numbers)          Masses                          Geom                  
	       3.000000             7.016003          0.00000000  0.00000000  2.98167534   
	      11.000000            22.989769          0.00000000  0.00000000 -1.08158999   

	 - Coordinate -           - BOHR/RAD -       - ANG/DEG -
	 R(1,2)           =         4.063265           2.150187

2025-07-16:18:32:36,531 INFO     [psi4.optking.convcheck:71] Performing convergence check.
2025-07-16:18:32:36,531 INFO     [psi4.optking.convcheck:263] 
	                                 ==> Convergence Check <==                                  
    
	Measures of convergence in internal coordinates in au.
    
	Criteria marked as inactive (o), active & met (*), and active & unmet ( ).

	----------------------------------------------------------------------------------------------
	   Step    Total Energy     Delta E     Max Force     RMS Force      Max Disp      RMS Disp   
	----------------------------------------------------------------------------------------------
	  Convergence Criteria     1.00e-06 *    3.00e-04 *             o    1.20e-03 *             o
	----------------------------------------------------------------------------------------------
	     6    -169.71818661   -3.04e-02      5.22e-02      5.22e-02 o    4.94e-01      4.94e-01 o  ~
	----------------------------------------------------------------------------------------------


2025-07-16:18:32:36,531 INFO     [psi4.optking.stepAlgorithms:266] 	Convergence check returned False
2025-07-16:18:32:36,549 INFO     [psi4.driver.task_planner:285] PLANNING Atomic:  keywords={'DAMPING_PERCENTAGE': 1.0, 'GEOM_MAXITER': 500, 'SCF__GUESS': 'READ', 'GUESS': 'SAP', 'MAXITER': 500, 'REFERENCE': 'UKS', 'function_kwargs': {}}
2025-07-16:18:32:36,550 INFO     [psi4.driver.driver:636] Compute gradient(): method=b3lyp, basis=cc-pvdz, molecule=default, nre=8.121546901465353
2025-07-16:18:32:37,491 INFO     [psi4.driver.driver:639] Return gradient(): -169.73797528986685
2025-07-16:18:32:37,492 INFO     [psi4.driver.driver:640] [[ 0.00000000  0.00000000 -0.02960052]
 [ 0.00000000 -0.00000000  0.02961072]]
2025-07-16:18:32:37,493 INFO     [psi4.optking.history:257] 	Performing BFGS update.
2025-07-16:18:32:37,493 INFO     [psi4.optking.history:268] 	Using 4 previous steps for update.
2025-07-16:18:32:37,493 WARNING  [psi4.optking.history:286] 	Change in internal coordinate of 9.41e-01 exceeds limit of 5.00e-01.
2025-07-16:18:32:37,493 WARNING  [psi4.optking.history:291] 	Skipping Hessian update for step 5.
2025-07-16:18:32:37,493 WARNING  [psi4.optking.history:286] 	Change in internal coordinate of 1.24e+00 exceeds limit of 5.00e-01.
2025-07-16:18:32:37,493 WARNING  [psi4.optking.history:291] 	Skipping Hessian update for step 4.
2025-07-16:18:32:37,493 WARNING  [psi4.optking.history:286] 	Change in internal coordinate of 1.55e+00 exceeds limit of 5.00e-01.
2025-07-16:18:32:37,493 WARNING  [psi4.optking.history:291] 	Skipping Hessian update for step 3.
2025-07-16:18:32:37,493 WARNING  [psi4.optking.history:286] 	Change in internal coordinate of 1.70e+00 exceeds limit of 5.00e-01.
2025-07-16:18:32:37,494 WARNING  [psi4.optking.history:291] 	Skipping Hessian update for step 2.
2025-07-16:18:32:37,494 WARNING  [psi4.optking.history:286] 	Change in internal coordinate of 1.80e+00 exceeds limit of 5.00e-01.
2025-07-16:18:32:37,494 WARNING  [psi4.optking.history:291] 	Skipping Hessian update for step 1.
2025-07-16:18:32:37,494 INFO     [psi4.optking.history:302] 	Steps to be used in Hessian update:  6

2025-07-16:18:32:37,494 INFO     [psi4.optking.history:400] 	Updated Hessian (in au) 
 	   0.045656

2025-07-16:18:32:37,494 INFO     [psi4.optking.molsys:874] Projected (PHP) Hessian matrix
	   0.045656

2025-07-16:18:32:37,494 INFO     [psi4.optking.opt_helper:168] 
	         Geometry (au)                                       Gradient (au)
   0.0000000000   0.0000000000   3.1131853688		   0.0000000000   0.0000000000  -0.0296005199
   0.0000000000   0.0000000000  -0.9500799672		   0.0000000000  -0.0000000000   0.0296107238

2025-07-16:18:32:37,494 INFO     [psi4.optking.stepAlgorithms:315] 	Current Step Report 
 
	Current energy:      -169.7379752899
	Energy change for the previous step:
		Actual       :        -0.0197886749
		Projected    :        -0.0128860187

2025-07-16:18:32:37,494 INFO     [psi4.optking.stepAlgorithms:318] 	Energy ratio =    1.53567
2025-07-16:18:32:37,494 INFO     [psi4.optking.stepAlgorithms:750] 	Using RFO solution 1.
2025-07-16:18:32:37,494 INFO     [psi4.optking.displace:73] 	Determining Cartesian step for fragment 1.
2025-07-16:18:32:37,494 INFO     [psi4.optking.displace:378] 	Successfully converged to displaced geometry.
2025-07-16:18:32:37,494 INFO     [psi4.optking.displace:379] 	RMS(dx):  0.000e+00 	Max(dx):  0.000e+00 	RMS(dq):  0.000e+00
2025-07-16:18:32:37,494 INFO     [psi4.optking.displace:132] 

	        --- Internal Coordinate Step in ANG or DEG, aJ/ANG or AJ/DEG ---
	-------------------------------------------------------------------------------
	           Coordinate      Previous         Force          Change          New 
	           ----------      --------        ------          ------        ------
	               R(1,2)       2.15019        0.24391        0.26019       2.41037
	-------------------------------------------------------------------------------

2025-07-16:18:32:37,494 INFO     [psi4.optking.stepAlgorithms:96] 	|target step| :    0.4916818261
2025-07-16:18:32:37,494 INFO     [psi4.optking.stepAlgorithms:97] 	gradient     :   -0.0296056219
2025-07-16:18:32:37,494 INFO     [psi4.optking.stepAlgorithms:98] 	hessian      :    0.0456564214
2025-07-16:18:32:37,494 INFO     [psi4.optking.stepAlgorithms:177] 	Norm of achieved step-size    0.4916818261
2025-07-16:18:32:37,495 INFO     [psi4.optking.stepAlgorithms:179] 	Norm of achieved step-size (cart):    0.3476715534
2025-07-16:18:32:37,495 INFO     [psi4.optking.opt_helper:151] Molsys:

	                            ===> Fragment 1 <== 

	 Z (Atomic Numbers)          Masses                          Geom                  
	       3.000000             7.016003          0.00000000  0.00000000  3.35902628   
	      11.000000            22.989769          0.00000000  0.00000000 -1.19592088   

	 - Coordinate -           - BOHR/RAD -       - ANG/DEG -
	 R(1,2)           =         4.554947           2.410374

2025-07-16:18:32:37,495 INFO     [psi4.optking.convcheck:71] Performing convergence check.
2025-07-16:18:32:37,495 INFO     [psi4.optking.convcheck:263] 
	                                 ==> Convergence Check <==                                  
    
	Measures of convergence in internal coordinates in au.
    
	Criteria marked as inactive (o), active & met (*), and active & unmet ( ).

	----------------------------------------------------------------------------------------------
	   Step    Total Energy     Delta E     Max Force     RMS Force      Max Disp      RMS Disp   
	----------------------------------------------------------------------------------------------
	  Convergence Criteria     1.00e-06 *    3.00e-04 *             o    1.20e-03 *             o
	----------------------------------------------------------------------------------------------
	     7    -169.73797529   -1.98e-02      2.96e-02      2.96e-02 o    4.92e-01      4.92e-01 o  ~
	----------------------------------------------------------------------------------------------


2025-07-16:18:32:37,495 INFO     [psi4.optking.stepAlgorithms:266] 	Convergence check returned False
2025-07-16:18:32:37,508 INFO     [psi4.driver.task_planner:285] PLANNING Atomic:  keywords={'DAMPING_PERCENTAGE': 1.0, 'GEOM_MAXITER': 500, 'SCF__GUESS': 'READ', 'GUESS': 'SAP', 'MAXITER': 500, 'REFERENCE': 'UKS', 'function_kwargs': {}}
2025-07-16:18:32:37,510 INFO     [psi4.driver.driver:636] Compute gradient(): method=b3lyp, basis=cc-pvdz, molecule=default, nre=7.244869989730895
2025-07-16:18:32:38,461 INFO     [psi4.driver.driver:639] Return gradient(): -169.74859045252558
2025-07-16:18:32:38,461 INFO     [psi4.driver.driver:640] [[ 0.00000000 -0.00000000 -0.01452376]
 [ 0.00000000 -0.00000000  0.01452238]]
2025-07-16:18:32:38,463 INFO     [psi4.optking.history:257] 	Performing BFGS update.
2025-07-16:18:32:38,463 INFO     [psi4.optking.history:268] 	Using 4 previous steps for update.
2025-07-16:18:32:38,463 WARNING  [psi4.optking.history:286] 	Change in internal coordinate of 9.86e-01 exceeds limit of 5.00e-01.
2025-07-16:18:32:38,463 WARNING  [psi4.optking.history:291] 	Skipping Hessian update for step 6.
2025-07-16:18:32:38,463 WARNING  [psi4.optking.history:286] 	Change in internal coordinate of 1.43e+00 exceeds limit of 5.00e-01.
2025-07-16:18:32:38,463 WARNING  [psi4.optking.history:291] 	Skipping Hessian update for step 5.
2025-07-16:18:32:38,463 WARNING  [psi4.optking.history:286] 	Change in internal coordinate of 1.73e+00 exceeds limit of 5.00e-01.
2025-07-16:18:32:38,463 WARNING  [psi4.optking.history:291] 	Skipping Hessian update for step 4.
2025-07-16:18:32:38,463 WARNING  [psi4.optking.history:286] 	Change in internal coordinate of 2.04e+00 exceeds limit of 5.00e-01.
2025-07-16:18:32:38,463 WARNING  [psi4.optking.history:291] 	Skipping Hessian update for step 3.
2025-07-16:18:32:38,463 WARNING  [psi4.optking.history:286] 	Change in internal coordinate of 2.19e+00 exceeds limit of 5.00e-01.
2025-07-16:18:32:38,463 WARNING  [psi4.optking.history:291] 	Skipping Hessian update for step 2.
2025-07-16:18:32:38,463 WARNING  [psi4.optking.history:286] 	Change in internal coordinate of 2.29e+00 exceeds limit of 5.00e-01.
2025-07-16:18:32:38,463 WARNING  [psi4.optking.history:291] 	Skipping Hessian update for step 1.
2025-07-16:18:32:38,463 INFO     [psi4.optking.history:302] 	Steps to be used in Hessian update:  7

2025-07-16:18:32:38,463 INFO     [psi4.optking.history:400] 	Updated Hessian (in au) 
 	   0.030675

2025-07-16:18:32:38,463 INFO     [psi4.optking.molsys:874] Projected (PHP) Hessian matrix
	   0.030675

2025-07-16:18:32:38,463 INFO     [psi4.optking.opt_helper:168] 
	         Geometry (au)                                       Gradient (au)
   0.0000000000   0.0000000000   3.4899012711		   0.0000000000  -0.0000000000  -0.0145237609
   0.0000000000   0.0000000000  -1.0650458911		   0.0000000000  -0.0000000000   0.0145223768

2025-07-16:18:32:38,464 INFO     [psi4.optking.stepAlgorithms:315] 	Current Step Report 
 
	Current energy:      -169.7485904525
	Energy change for the previous step:
		Actual       :        -0.0106151627
		Projected    :        -0.0072782731

2025-07-16:18:32:38,464 INFO     [psi4.optking.stepAlgorithms:318] 	Energy ratio =    1.45847
2025-07-16:18:32:38,464 INFO     [psi4.optking.stepAlgorithms:750] 	Using RFO solution 1.
2025-07-16:18:32:38,464 INFO     [psi4.optking.displace:73] 	Determining Cartesian step for fragment 1.
2025-07-16:18:32:38,464 INFO     [psi4.optking.displace:378] 	Successfully converged to displaced geometry.
2025-07-16:18:32:38,464 INFO     [psi4.optking.displace:379] 	RMS(dx):  0.000e+00 	Max(dx):  0.000e+00 	RMS(dq):  0.000e+00
2025-07-16:18:32:38,464 INFO     [psi4.optking.displace:132] 

	        --- Internal Coordinate Step in ANG or DEG, aJ/ANG or AJ/DEG ---
	-------------------------------------------------------------------------------
	           Coordinate      Previous         Force          Change          New 
	           ----------      --------        ------          ------        ------
	               R(1,2)       2.41037        0.11965        0.21078       2.62116
	-------------------------------------------------------------------------------

2025-07-16:18:32:38,464 INFO     [psi4.optking.stepAlgorithms:96] 	|target step| :    0.3983251425
2025-07-16:18:32:38,464 INFO     [psi4.optking.stepAlgorithms:97] 	gradient     :   -0.0145230688
2025-07-16:18:32:38,464 INFO     [psi4.optking.stepAlgorithms:98] 	hessian      :    0.0306754333
2025-07-16:18:32:38,464 INFO     [psi4.optking.stepAlgorithms:177] 	Norm of achieved step-size    0.3983251425
2025-07-16:18:32:38,464 INFO     [psi4.optking.stepAlgorithms:179] 	Norm of achieved step-size (cart):    0.2816584094
2025-07-16:18:32:38,464 INFO     [psi4.optking.opt_helper:151] Molsys:

	                            ===> Fragment 1 <== 

	 Z (Atomic Numbers)          Masses                          Geom                  
	       3.000000             7.016003          0.00000000  0.00000000  3.68906384   
	      11.000000            22.989769          0.00000000  0.00000000 -1.26420846   

	 - Coordinate -           - BOHR/RAD -       - ANG/DEG -
	 R(1,2)           =         4.953272           2.621159

2025-07-16:18:32:38,464 INFO     [psi4.optking.convcheck:71] Performing convergence check.
2025-07-16:18:32:38,464 INFO     [psi4.optking.convcheck:263] 
	                                 ==> Convergence Check <==                                  
    
	Measures of convergence in internal coordinates in au.
    
	Criteria marked as inactive (o), active & met (*), and active & unmet ( ).

	----------------------------------------------------------------------------------------------
	   Step    Total Energy     Delta E     Max Force     RMS Force      Max Disp      RMS Disp   
	----------------------------------------------------------------------------------------------
	  Convergence Criteria     1.00e-06 *    3.00e-04 *             o    1.20e-03 *             o
	----------------------------------------------------------------------------------------------
	     8    -169.74859045   -1.06e-02      1.45e-02      1.45e-02 o    3.98e-01      3.98e-01 o  ~
	----------------------------------------------------------------------------------------------


2025-07-16:18:32:38,464 INFO     [psi4.optking.stepAlgorithms:266] 	Convergence check returned False
2025-07-16:18:32:38,481 INFO     [psi4.driver.task_planner:285] PLANNING Atomic:  keywords={'DAMPING_PERCENTAGE': 1.0, 'GEOM_MAXITER': 500, 'SCF__GUESS': 'READ', 'GUESS': 'SAP', 'MAXITER': 500, 'REFERENCE': 'UKS', 'function_kwargs': {}}
2025-07-16:18:32:38,481 INFO     [psi4.driver.driver:636] Compute gradient(): method=b3lyp, basis=cc-pvdz, molecule=default, nre=6.662262433811839
2025-07-16:18:32:39,339 INFO     [psi4.driver.driver:639] Return gradient(): -169.75259109820487
2025-07-16:18:32:39,339 INFO     [psi4.driver.driver:640] [[ 0.00000000  0.00000000 -0.00605833]
 [-0.00000000  0.00000000  0.00605678]]
2025-07-16:18:32:39,341 INFO     [psi4.optking.history:257] 	Performing BFGS update.
2025-07-16:18:32:39,341 INFO     [psi4.optking.history:268] 	Using 4 previous steps for update.
2025-07-16:18:32:39,341 WARNING  [psi4.optking.history:286] 	Change in internal coordinate of 8.90e-01 exceeds limit of 5.00e-01.
2025-07-16:18:32:39,341 WARNING  [psi4.optking.history:291] 	Skipping Hessian update for step 7.
2025-07-16:18:32:39,341 WARNING  [psi4.optking.history:286] 	Change in internal coordinate of 1.38e+00 exceeds limit of 5.00e-01.
2025-07-16:18:32:39,341 WARNING  [psi4.optking.history:291] 	Skipping Hessian update for step 6.
2025-07-16:18:32:39,341 WARNING  [psi4.optking.history:286] 	Change in internal coordinate of 1.83e+00 exceeds limit of 5.00e-01.
2025-07-16:18:32:39,341 WARNING  [psi4.optking.history:291] 	Skipping Hessian update for step 5.
2025-07-16:18:32:39,341 WARNING  [psi4.optking.history:286] 	Change in internal coordinate of 2.13e+00 exceeds limit of 5.00e-01.
2025-07-16:18:32:39,341 WARNING  [psi4.optking.history:291] 	Skipping Hessian update for step 4.
2025-07-16:18:32:39,341 WARNING  [psi4.optking.history:286] 	Change in internal coordinate of 2.44e+00 exceeds limit of 5.00e-01.
2025-07-16:18:32:39,342 WARNING  [psi4.optking.history:291] 	Skipping Hessian update for step 3.
2025-07-16:18:32:39,342 WARNING  [psi4.optking.history:286] 	Change in internal coordinate of 2.59e+00 exceeds limit of 5.00e-01.
2025-07-16:18:32:39,342 WARNING  [psi4.optking.history:291] 	Skipping Hessian update for step 2.
2025-07-16:18:32:39,342 WARNING  [psi4.optking.history:286] 	Change in internal coordinate of 2.69e+00 exceeds limit of 5.00e-01.
2025-07-16:18:32:39,342 WARNING  [psi4.optking.history:291] 	Skipping Hessian update for step 1.
2025-07-16:18:32:39,342 INFO     [psi4.optking.history:302] 	Steps to be used in Hessian update:  8

2025-07-16:18:32:39,342 INFO     [psi4.optking.history:400] 	Updated Hessian (in au) 
 	   0.021253

2025-07-16:18:32:39,342 INFO     [psi4.optking.molsys:874] Projected (PHP) Hessian matrix
	   0.021253

2025-07-16:18:32:39,342 INFO     [psi4.optking.opt_helper:168] 
	         Geometry (au)                                       Gradient (au)
   0.0000000000   0.0000000000   3.7950893164		   0.0000000000   0.0000000000  -0.0060583254
   0.0000000000   0.0000000000  -1.1581829883		  -0.0000000000   0.0000000000   0.0060567834

2025-07-16:18:32:39,342 INFO     [psi4.optking.stepAlgorithms:315] 	Current Step Report 
 
	Current energy:      -169.7525910982
	Energy change for the previous step:
		Actual       :        -0.0040006457
		Projected    :        -0.0028924517

2025-07-16:18:32:39,342 INFO     [psi4.optking.stepAlgorithms:318] 	Energy ratio =    1.38313
2025-07-16:18:32:39,342 INFO     [psi4.optking.stepAlgorithms:750] 	Using RFO solution 1.
2025-07-16:18:32:39,342 INFO     [psi4.optking.displace:73] 	Determining Cartesian step for fragment 1.
2025-07-16:18:32:39,342 INFO     [psi4.optking.displace:378] 	Successfully converged to displaced geometry.
2025-07-16:18:32:39,342 INFO     [psi4.optking.displace:379] 	RMS(dx):  0.000e+00 	Max(dx):  0.000e+00 	RMS(dq):  0.000e+00
2025-07-16:18:32:39,342 INFO     [psi4.optking.displace:132] 

	        --- Internal Coordinate Step in ANG or DEG, aJ/ANG or AJ/DEG ---
	-------------------------------------------------------------------------------
	           Coordinate      Previous         Force          Change          New 
	           ----------      --------        ------          ------        ------
	               R(1,2)       2.62116        0.04991        0.14024       2.76139
	-------------------------------------------------------------------------------

2025-07-16:18:32:39,342 INFO     [psi4.optking.stepAlgorithms:96] 	|target step| :    0.2650072498
2025-07-16:18:32:39,342 INFO     [psi4.optking.stepAlgorithms:97] 	gradient     :   -0.0060575544
2025-07-16:18:32:39,343 INFO     [psi4.optking.stepAlgorithms:98] 	hessian      :    0.0212527746
2025-07-16:18:32:39,343 INFO     [psi4.optking.stepAlgorithms:177] 	Norm of achieved step-size    0.2650072498
2025-07-16:18:32:39,343 INFO     [psi4.optking.stepAlgorithms:179] 	Norm of achieved step-size (cart):    0.1873884234
2025-07-16:18:32:39,343 INFO     [psi4.optking.opt_helper:151] Molsys:

	                            ===> Fragment 1 <== 

	 Z (Atomic Numbers)          Masses                          Geom                  
	       3.000000             7.016003          0.00000000  0.00000000  3.92759294   
	      11.000000            22.989769          0.00000000  0.00000000 -1.29068661   

	 - Coordinate -           - BOHR/RAD -       - ANG/DEG -
	 R(1,2)           =         5.218280           2.761395

2025-07-16:18:32:39,343 INFO     [psi4.optking.convcheck:71] Performing convergence check.
2025-07-16:18:32:39,343 INFO     [psi4.optking.convcheck:263] 
	                                 ==> Convergence Check <==                                  
    
	Measures of convergence in internal coordinates in au.
    
	Criteria marked as inactive (o), active & met (*), and active & unmet ( ).

	----------------------------------------------------------------------------------------------
	   Step    Total Energy     Delta E     Max Force     RMS Force      Max Disp      RMS Disp   
	----------------------------------------------------------------------------------------------
	  Convergence Criteria     1.00e-06 *    3.00e-04 *             o    1.20e-03 *             o
	----------------------------------------------------------------------------------------------
	     9    -169.75259110   -4.00e-03      6.06e-03      6.06e-03 o    2.65e-01      2.65e-01 o  ~
	----------------------------------------------------------------------------------------------


2025-07-16:18:32:39,343 INFO     [psi4.optking.stepAlgorithms:266] 	Convergence check returned False
2025-07-16:18:32:39,358 INFO     [psi4.driver.task_planner:285] PLANNING Atomic:  keywords={'DAMPING_PERCENTAGE': 1.0, 'GEOM_MAXITER': 500, 'SCF__GUESS': 'READ', 'GUESS': 'SAP', 'MAXITER': 500, 'REFERENCE': 'UKS', 'function_kwargs': {}}
2025-07-16:18:32:39,360 INFO     [psi4.driver.driver:636] Compute gradient(): method=b3lyp, basis=cc-pvdz, molecule=default, nre=6.323923365084915
2025-07-16:18:32:40,302 INFO     [psi4.driver.driver:639] Return gradient(): -169.7536260824796
2025-07-16:18:32:40,302 INFO     [psi4.driver.driver:640] [[ 0.00000000  0.00000000 -0.00193122]
 [ 0.00000000 -0.00000000  0.00192534]]
2025-07-16:18:32:40,304 INFO     [psi4.optking.history:257] 	Performing BFGS update.
2025-07-16:18:32:40,304 INFO     [psi4.optking.history:268] 	Using 4 previous steps for update.
2025-07-16:18:32:40,304 WARNING  [psi4.optking.history:286] 	Change in internal coordinate of 6.63e-01 exceeds limit of 5.00e-01.
2025-07-16:18:32:40,304 WARNING  [psi4.optking.history:291] 	Skipping Hessian update for step 8.
2025-07-16:18:32:40,304 WARNING  [psi4.optking.history:286] 	Change in internal coordinate of 1.16e+00 exceeds limit of 5.00e-01.
2025-07-16:18:32:40,304 WARNING  [psi4.optking.history:291] 	Skipping Hessian update for step 7.
2025-07-16:18:32:40,304 WARNING  [psi4.optking.history:286] 	Change in internal coordinate of 1.65e+00 exceeds limit of 5.00e-01.
2025-07-16:18:32:40,304 WARNING  [psi4.optking.history:291] 	Skipping Hessian update for step 6.
2025-07-16:18:32:40,304 WARNING  [psi4.optking.history:286] 	Change in internal coordinate of 2.10e+00 exceeds limit of 5.00e-01.
2025-07-16:18:32:40,304 WARNING  [psi4.optking.history:291] 	Skipping Hessian update for step 5.
2025-07-16:18:32:40,304 WARNING  [psi4.optking.history:286] 	Change in internal coordinate of 2.39e+00 exceeds limit of 5.00e-01.
2025-07-16:18:32:40,304 WARNING  [psi4.optking.history:291] 	Skipping Hessian update for step 4.
2025-07-16:18:32:40,304 WARNING  [psi4.optking.history:286] 	Change in internal coordinate of 2.70e+00 exceeds limit of 5.00e-01.
2025-07-16:18:32:40,304 WARNING  [psi4.optking.history:291] 	Skipping Hessian update for step 3.
2025-07-16:18:32:40,304 WARNING  [psi4.optking.history:286] 	Change in internal coordinate of 2.85e+00 exceeds limit of 5.00e-01.
2025-07-16:18:32:40,304 WARNING  [psi4.optking.history:291] 	Skipping Hessian update for step 2.
2025-07-16:18:32:40,304 WARNING  [psi4.optking.history:286] 	Change in internal coordinate of 2.95e+00 exceeds limit of 5.00e-01.
2025-07-16:18:32:40,304 WARNING  [psi4.optking.history:291] 	Skipping Hessian update for step 1.
2025-07-16:18:32:40,304 INFO     [psi4.optking.history:302] 	Steps to be used in Hessian update:  9

2025-07-16:18:32:40,304 INFO     [psi4.optking.history:400] 	Updated Hessian (in au) 
 	   0.015582

2025-07-16:18:32:40,305 INFO     [psi4.optking.molsys:874] Projected (PHP) Hessian matrix
	   0.015582

2025-07-16:18:32:40,305 INFO     [psi4.optking.opt_helper:168] 
	         Geometry (au)                                       Gradient (au)
   0.0000000000   0.0000000000   3.9981320972		   0.0000000000   0.0000000000  -0.0019312167
   0.0000000000   0.0000000000  -1.2201474573		   0.0000000000  -0.0000000000   0.0019253390

2025-07-16:18:32:40,305 INFO     [psi4.optking.stepAlgorithms:315] 	Current Step Report 
 
	Current energy:      -169.7536260825
	Energy change for the previous step:
		Actual       :        -0.0010349843
		Projected    :        -0.0008026479

2025-07-16:18:32:40,305 INFO     [psi4.optking.stepAlgorithms:318] 	Energy ratio =    1.28946
2025-07-16:18:32:40,305 INFO     [psi4.optking.stepAlgorithms:750] 	Using RFO solution 1.
2025-07-16:18:32:40,305 INFO     [psi4.optking.displace:73] 	Determining Cartesian step for fragment 1.
2025-07-16:18:32:40,305 INFO     [psi4.optking.displace:378] 	Successfully converged to displaced geometry.
2025-07-16:18:32:40,305 INFO     [psi4.optking.displace:379] 	RMS(dx):  0.000e+00 	Max(dx):  0.000e+00 	RMS(dq):  0.000e+00
2025-07-16:18:32:40,305 INFO     [psi4.optking.displace:132] 

	        --- Internal Coordinate Step in ANG or DEG, aJ/ANG or AJ/DEG ---
	-------------------------------------------------------------------------------
	           Coordinate      Previous         Force          Change          New 
	           ----------      --------        ------          ------        ------
	               R(1,2)       2.76139        0.01589        0.06451       2.82591
	-------------------------------------------------------------------------------

2025-07-16:18:32:40,305 INFO     [psi4.optking.stepAlgorithms:96] 	|target step| :    0.1219130342
2025-07-16:18:32:40,305 INFO     [psi4.optking.stepAlgorithms:97] 	gradient     :   -0.0019282779
2025-07-16:18:32:40,305 INFO     [psi4.optking.stepAlgorithms:98] 	hessian      :    0.0155817491
2025-07-16:18:32:40,305 INFO     [psi4.optking.stepAlgorithms:177] 	Norm of achieved step-size    0.1219130342
2025-07-16:18:32:40,305 INFO     [psi4.optking.stepAlgorithms:179] 	Norm of achieved step-size (cart):    0.0862055332
2025-07-16:18:32:40,305 INFO     [psi4.optking.opt_helper:151] Molsys:

	                            ===> Fragment 1 <== 

	 Z (Atomic Numbers)          Masses                          Geom                  
	       3.000000             7.016003          0.00000000  0.00000000  4.05908861   
	      11.000000            22.989769          0.00000000  0.00000000 -1.28110397   

	 - Coordinate -           - BOHR/RAD -       - ANG/DEG -
	 R(1,2)           =         5.340193           2.825908

2025-07-16:18:32:40,305 INFO     [psi4.optking.convcheck:71] Performing convergence check.
2025-07-16:18:32:40,306 INFO     [psi4.optking.convcheck:263] 
	                                 ==> Convergence Check <==                                  
    
	Measures of convergence in internal coordinates in au.
    
	Criteria marked as inactive (o), active & met (*), and active & unmet ( ).

	----------------------------------------------------------------------------------------------
	   Step    Total Energy     Delta E     Max Force     RMS Force      Max Disp      RMS Disp   
	----------------------------------------------------------------------------------------------
	  Convergence Criteria     1.00e-06 *    3.00e-04 *             o    1.20e-03 *             o
	----------------------------------------------------------------------------------------------
	    10    -169.75362608   -1.03e-03      1.93e-03      1.93e-03 o    1.22e-01      1.22e-01 o  ~
	----------------------------------------------------------------------------------------------


2025-07-16:18:32:40,306 INFO     [psi4.optking.stepAlgorithms:266] 	Convergence check returned False
2025-07-16:18:32:40,317 INFO     [psi4.driver.task_planner:285] PLANNING Atomic:  keywords={'DAMPING_PERCENTAGE': 1.0, 'GEOM_MAXITER': 500, 'SCF__GUESS': 'READ', 'GUESS': 'SAP', 'MAXITER': 500, 'REFERENCE': 'UKS', 'function_kwargs': {}}
2025-07-16:18:32:40,318 INFO     [psi4.driver.driver:636] Compute gradient(): method=b3lyp, basis=cc-pvdz, molecule=default, nre=6.179552413534974
2025-07-16:18:32:41,263 INFO     [psi4.driver.driver:639] Return gradient(): -169.75376386873597
2025-07-16:18:32:41,263 INFO     [psi4.driver.driver:640] [[ 0.00000000  0.00000000 -0.00036479]
 [-0.00000000  0.00000000  0.00036378]]
2025-07-16:18:32:41,264 INFO     [psi4.optking.history:257] 	Performing BFGS update.
2025-07-16:18:32:41,264 INFO     [psi4.optking.history:268] 	Using 4 previous steps for update.
2025-07-16:18:32:41,264 WARNING  [psi4.optking.history:286] 	Change in internal coordinate of 7.85e-01 exceeds limit of 5.00e-01.
2025-07-16:18:32:41,264 WARNING  [psi4.optking.history:291] 	Skipping Hessian update for step 8.
2025-07-16:18:32:41,264 WARNING  [psi4.optking.history:286] 	Change in internal coordinate of 1.28e+00 exceeds limit of 5.00e-01.
2025-07-16:18:32:41,264 WARNING  [psi4.optking.history:291] 	Skipping Hessian update for step 7.
2025-07-16:18:32:41,264 WARNING  [psi4.optking.history:286] 	Change in internal coordinate of 1.77e+00 exceeds limit of 5.00e-01.
2025-07-16:18:32:41,264 WARNING  [psi4.optking.history:291] 	Skipping Hessian update for step 6.
2025-07-16:18:32:41,264 WARNING  [psi4.optking.history:286] 	Change in internal coordinate of 2.22e+00 exceeds limit of 5.00e-01.
2025-07-16:18:32:41,264 WARNING  [psi4.optking.history:291] 	Skipping Hessian update for step 5.
2025-07-16:18:32:41,264 WARNING  [psi4.optking.history:286] 	Change in internal coordinate of 2.51e+00 exceeds limit of 5.00e-01.
2025-07-16:18:32:41,264 WARNING  [psi4.optking.history:291] 	Skipping Hessian update for step 4.
2025-07-16:18:32:41,264 WARNING  [psi4.optking.history:286] 	Change in internal coordinate of 2.82e+00 exceeds limit of 5.00e-01.
2025-07-16:18:32:41,265 WARNING  [psi4.optking.history:291] 	Skipping Hessian update for step 3.
2025-07-16:18:32:41,265 WARNING  [psi4.optking.history:286] 	Change in internal coordinate of 2.98e+00 exceeds limit of 5.00e-01.
2025-07-16:18:32:41,265 WARNING  [psi4.optking.history:291] 	Skipping Hessian update for step 2.
2025-07-16:18:32:41,265 WARNING  [psi4.optking.history:286] 	Change in internal coordinate of 3.07e+00 exceeds limit of 5.00e-01.
2025-07-16:18:32:41,265 WARNING  [psi4.optking.history:291] 	Skipping Hessian update for step 1.
2025-07-16:18:32:41,265 INFO     [psi4.optking.history:302] 	Steps to be used in Hessian update:  10 9

2025-07-16:18:32:41,265 INFO     [psi4.optking.history:400] 	Updated Hessian (in au) 
 	   0.014714

2025-07-16:18:32:41,265 INFO     [psi4.optking.molsys:874] Projected (PHP) Hessian matrix
	   0.014714

2025-07-16:18:32:41,265 INFO     [psi4.optking.opt_helper:168] 
	         Geometry (au)                                       Gradient (au)
   0.0000000000   0.0000000000   4.0915392077		   0.0000000000   0.0000000000  -0.0003647911
   0.0000000000   0.0000000000  -1.2486533810		  -0.0000000000   0.0000000000   0.0003637760

2025-07-16:18:32:41,265 INFO     [psi4.optking.stepAlgorithms:315] 	Current Step Report 
 
	Current energy:      -169.7537638687
	Energy change for the previous step:
		Actual       :        -0.0001377863
		Projected    :        -0.0001175411

2025-07-16:18:32:41,265 INFO     [psi4.optking.stepAlgorithms:318] 	Energy ratio =    1.17224
2025-07-16:18:32:41,265 INFO     [psi4.optking.stepAlgorithms:750] 	Using RFO solution 1.
2025-07-16:18:32:41,265 INFO     [psi4.optking.displace:73] 	Determining Cartesian step for fragment 1.
2025-07-16:18:32:41,265 INFO     [psi4.optking.displace:378] 	Successfully converged to displaced geometry.
2025-07-16:18:32:41,265 INFO     [psi4.optking.displace:379] 	RMS(dx):  2.564e-16 	Max(dx):  4.441e-16 	RMS(dq):  0.000e+00
2025-07-16:18:32:41,265 INFO     [psi4.optking.displace:132] 

	        --- Internal Coordinate Step in ANG or DEG, aJ/ANG or AJ/DEG ---
	-------------------------------------------------------------------------------
	           Coordinate      Previous         Force          Change          New 
	           ----------      --------        ------          ------        ------
	               R(1,2)       2.82591        0.00300        0.01309       2.83900
	-------------------------------------------------------------------------------

2025-07-16:18:32:41,266 INFO     [psi4.optking.stepAlgorithms:96] 	|target step| :    0.0247419119
2025-07-16:18:32:41,266 INFO     [psi4.optking.stepAlgorithms:97] 	gradient     :   -0.0003642835
2025-07-16:18:32:41,266 INFO     [psi4.optking.stepAlgorithms:98] 	hessian      :    0.0147143251
2025-07-16:18:32:41,266 INFO     [psi4.optking.stepAlgorithms:177] 	Norm of achieved step-size    0.0247419119
2025-07-16:18:32:41,266 INFO     [psi4.optking.stepAlgorithms:179] 	Norm of achieved step-size (cart):    0.0174951737
2025-07-16:18:32:41,266 INFO     [psi4.optking.opt_helper:151] Molsys:

	                            ===> Fragment 1 <== 

	 Z (Atomic Numbers)          Masses                          Geom                  
	       3.000000             7.016003          0.00000000  0.00000000  4.10391016   
	      11.000000            22.989769          0.00000000  0.00000000 -1.26102434   

	 - Coordinate -           - BOHR/RAD -       - ANG/DEG -
	 R(1,2)           =         5.364935           2.839001

2025-07-16:18:32:41,266 INFO     [psi4.optking.convcheck:71] Performing convergence check.
2025-07-16:18:32:41,266 INFO     [psi4.optking.convcheck:263] 
	                                 ==> Convergence Check <==                                  
    
	Measures of convergence in internal coordinates in au.
    
	Criteria marked as inactive (o), active & met (*), and active & unmet ( ).

	----------------------------------------------------------------------------------------------
	   Step    Total Energy     Delta E     Max Force     RMS Force      Max Disp      RMS Disp   
	----------------------------------------------------------------------------------------------
	  Convergence Criteria     1.00e-06 *    3.00e-04 *             o    1.20e-03 *             o
	----------------------------------------------------------------------------------------------
	    11    -169.75376387   -1.38e-04      3.64e-04      3.64e-04 o    2.47e-02      2.47e-02 o  ~
	----------------------------------------------------------------------------------------------


2025-07-16:18:32:41,266 INFO     [psi4.optking.stepAlgorithms:266] 	Convergence check returned False
2025-07-16:18:32:41,282 INFO     [psi4.driver.task_planner:285] PLANNING Atomic:  keywords={'DAMPING_PERCENTAGE': 1.0, 'GEOM_MAXITER': 500, 'SCF__GUESS': 'READ', 'GUESS': 'SAP', 'MAXITER': 500, 'REFERENCE': 'UKS', 'function_kwargs': {}}
2025-07-16:18:32:41,283 INFO     [psi4.driver.driver:636] Compute gradient(): method=b3lyp, basis=cc-pvdz, molecule=default, nre=6.151053660838604
2025-07-16:18:32:42,176 INFO     [psi4.driver.driver:639] Return gradient(): -169.7537692450336
2025-07-16:18:32:42,176 INFO     [psi4.driver.driver:640] [[ 0.00000000  0.00000000 -0.00007028]
 [ 0.00000000  0.00000000  0.00006994]]
2025-07-16:18:32:42,178 INFO     [psi4.optking.history:257] 	Performing BFGS update.
2025-07-16:18:32:42,178 INFO     [psi4.optking.history:268] 	Using 4 previous steps for update.
2025-07-16:18:32:42,178 WARNING  [psi4.optking.history:286] 	Change in internal coordinate of 8.10e-01 exceeds limit of 5.00e-01.
2025-07-16:18:32:42,178 WARNING  [psi4.optking.history:291] 	Skipping Hessian update for step 8.
2025-07-16:18:32:42,178 WARNING  [psi4.optking.history:286] 	Change in internal coordinate of 1.30e+00 exceeds limit of 5.00e-01.
2025-07-16:18:32:42,178 WARNING  [psi4.optking.history:291] 	Skipping Hessian update for step 7.
2025-07-16:18:32:42,178 WARNING  [psi4.optking.history:286] 	Change in internal coordinate of 1.80e+00 exceeds limit of 5.00e-01.
2025-07-16:18:32:42,178 WARNING  [psi4.optking.history:291] 	Skipping Hessian update for step 6.
2025-07-16:18:32:42,178 WARNING  [psi4.optking.history:286] 	Change in internal coordinate of 2.24e+00 exceeds limit of 5.00e-01.
2025-07-16:18:32:42,178 WARNING  [psi4.optking.history:291] 	Skipping Hessian update for step 5.
2025-07-16:18:32:42,178 WARNING  [psi4.optking.history:286] 	Change in internal coordinate of 2.54e+00 exceeds limit of 5.00e-01.
2025-07-16:18:32:42,178 WARNING  [psi4.optking.history:291] 	Skipping Hessian update for step 4.
2025-07-16:18:32:42,178 WARNING  [psi4.optking.history:286] 	Change in internal coordinate of 2.85e+00 exceeds limit of 5.00e-01.
2025-07-16:18:32:42,178 WARNING  [psi4.optking.history:291] 	Skipping Hessian update for step 3.
2025-07-16:18:32:42,178 WARNING  [psi4.optking.history:286] 	Change in internal coordinate of 3.00e+00 exceeds limit of 5.00e-01.
2025-07-16:18:32:42,178 WARNING  [psi4.optking.history:291] 	Skipping Hessian update for step 2.
2025-07-16:18:32:42,178 WARNING  [psi4.optking.history:286] 	Change in internal coordinate of 3.10e+00 exceeds limit of 5.00e-01.
2025-07-16:18:32:42,178 WARNING  [psi4.optking.history:291] 	Skipping Hessian update for step 1.
2025-07-16:18:32:42,178 INFO     [psi4.optking.history:302] 	Steps to be used in Hessian update:  11 10 9

2025-07-16:18:32:42,179 INFO     [psi4.optking.history:400] 	Updated Hessian (in au) 
 	   0.014545

2025-07-16:18:32:42,179 INFO     [psi4.optking.molsys:874] Projected (PHP) Hessian matrix
	   0.014545

2025-07-16:18:32:42,179 INFO     [psi4.optking.opt_helper:168] 
	         Geometry (au)                                       Gradient (au)
   0.0000000000   0.0000000000   4.1104959215		   0.0000000000   0.0000000000  -0.0000702824
   0.0000000000   0.0000000000  -1.2544385791		   0.0000000000   0.0000000000   0.0000699367

2025-07-16:18:32:42,179 INFO     [psi4.optking.stepAlgorithms:315] 	Current Step Report 
 
	Current energy:      -169.7537692450
	Energy change for the previous step:
		Actual       :        -0.0000053763
		Projected    :        -0.0000045065

2025-07-16:18:32:42,179 INFO     [psi4.optking.stepAlgorithms:318] 	Energy ratio =    1.19300
2025-07-16:18:32:42,179 INFO     [psi4.optking.stepAlgorithms:750] 	Using RFO solution 1.
2025-07-16:18:32:42,179 INFO     [psi4.optking.displace:73] 	Determining Cartesian step for fragment 1.
2025-07-16:18:32:42,179 INFO     [psi4.optking.displace:378] 	Successfully converged to displaced geometry.
2025-07-16:18:32:42,179 INFO     [psi4.optking.displace:379] 	RMS(dx):  0.000e+00 	Max(dx):  0.000e+00 	RMS(dq):  0.000e+00
2025-07-16:18:32:42,179 INFO     [psi4.optking.displace:132] 

	        --- Internal Coordinate Step in ANG or DEG, aJ/ANG or AJ/DEG ---
	-------------------------------------------------------------------------------
	           Coordinate      Previous         Force          Change          New 
	           ----------      --------        ------          ------        ------
	               R(1,2)       2.83900        0.00058        0.00255       2.84155
	-------------------------------------------------------------------------------

2025-07-16:18:32:42,179 INFO     [psi4.optking.stepAlgorithms:96] 	|target step| :    0.0048202170
2025-07-16:18:32:42,179 INFO     [psi4.optking.stepAlgorithms:97] 	gradient     :   -0.0000701096
2025-07-16:18:32:42,179 INFO     [psi4.optking.stepAlgorithms:98] 	hessian      :    0.0145445583
2025-07-16:18:32:42,179 INFO     [psi4.optking.stepAlgorithms:177] 	Norm of achieved step-size    0.0048202170
2025-07-16:18:32:42,179 INFO     [psi4.optking.stepAlgorithms:179] 	Norm of achieved step-size (cart):    0.0034084081
2025-07-16:18:32:42,180 INFO     [psi4.optking.opt_helper:151] Molsys:

	                            ===> Fragment 1 <== 

	 Z (Atomic Numbers)          Masses                          Geom                  
	       3.000000             7.016003          0.00000000  0.00000000  4.11290603   
	      11.000000            22.989769          0.00000000  0.00000000 -1.25684869   

	 - Coordinate -           - BOHR/RAD -       - ANG/DEG -
	 R(1,2)           =         5.369755           2.841552

2025-07-16:18:32:42,180 INFO     [psi4.optking.convcheck:71] Performing convergence check.
2025-07-16:18:32:42,180 INFO     [psi4.optking.convcheck:263] 
	                                 ==> Convergence Check <==                                  
    
	Measures of convergence in internal coordinates in au.
    
	Criteria marked as inactive (o), active & met (*), and active & unmet ( ).

	----------------------------------------------------------------------------------------------
	   Step    Total Energy     Delta E     Max Force     RMS Force      Max Disp      RMS Disp   
	----------------------------------------------------------------------------------------------
	  Convergence Criteria     1.00e-06 *    3.00e-04 *             o    1.20e-03 *             o
	----------------------------------------------------------------------------------------------
	    12    -169.75376925   -5.38e-06      7.01e-05 *    7.01e-05 o    4.82e-03      4.82e-03 o  ~
	----------------------------------------------------------------------------------------------


2025-07-16:18:32:42,180 INFO     [psi4.optking.stepAlgorithms:266] 	Convergence check returned False
2025-07-16:18:32:42,200 INFO     [psi4.driver.task_planner:285] PLANNING Atomic:  keywords={'DAMPING_PERCENTAGE': 1.0, 'GEOM_MAXITER': 500, 'SCF__GUESS': 'READ', 'GUESS': 'SAP', 'MAXITER': 500, 'REFERENCE': 'UKS', 'function_kwargs': {}}
2025-07-16:18:32:42,202 INFO     [psi4.driver.driver:636] Compute gradient(): method=b3lyp, basis=cc-pvdz, molecule=default, nre=6.145532102590479
2025-07-16:18:32:42,971 INFO     [psi4.driver.driver:639] Return gradient(): -169.7537694498571
2025-07-16:18:32:42,972 INFO     [psi4.driver.driver:640] [[-0.00000000  0.00000000 -0.00001384]
 [ 0.00000000  0.00000000  0.00001352]]
2025-07-16:18:32:42,973 INFO     [psi4.optking.history:257] 	Performing BFGS update.
2025-07-16:18:32:42,973 INFO     [psi4.optking.history:268] 	Using 4 previous steps for update.
2025-07-16:18:32:42,973 INFO     [psi4.optking.history:302] 	Steps to be used in Hessian update:  12 11 10 9

2025-07-16:18:32:42,973 INFO     [psi4.optking.history:400] 	Updated Hessian (in au) 
 	   0.014512

2025-07-16:18:32:42,973 INFO     [psi4.optking.molsys:874] Projected (PHP) Hessian matrix
	   0.014512

2025-07-16:18:32:42,973 INFO     [psi4.optking.opt_helper:168] 
	         Geometry (au)                                       Gradient (au)
   0.0000000000   0.0000000000   4.1141890668		  -0.0000000000   0.0000000000  -0.0000138422
   0.0000000000   0.0000000000  -1.2555656508		   0.0000000000   0.0000000000   0.0000135156

2025-07-16:18:32:42,973 INFO     [psi4.optking.stepAlgorithms:315] 	Current Step Report 
 
	Current energy:      -169.7537694499
	Energy change for the previous step:
		Actual       :        -0.0000002048
		Projected    :        -0.0000001690

2025-07-16:18:32:42,973 INFO     [psi4.optking.stepAlgorithms:318] 	Energy ratio =    1.21218
2025-07-16:18:32:42,973 INFO     [psi4.optking.stepAlgorithms:750] 	Using RFO solution 1.
2025-07-16:18:32:42,973 INFO     [psi4.optking.displace:73] 	Determining Cartesian step for fragment 1.
2025-07-16:18:32:42,974 INFO     [psi4.optking.displace:378] 	Successfully converged to displaced geometry.
2025-07-16:18:32:42,974 INFO     [psi4.optking.displace:379] 	RMS(dx):  2.564e-16 	Max(dx):  4.441e-16 	RMS(dq):  0.000e+00
2025-07-16:18:32:42,974 INFO     [psi4.optking.displace:132] 

	        --- Internal Coordinate Step in ANG or DEG, aJ/ANG or AJ/DEG ---
	-------------------------------------------------------------------------------
	           Coordinate      Previous         Force          Change          New 
	           ----------      --------        ------          ------        ------
	               R(1,2)       2.84155        0.00011        0.00050       2.84205
	-------------------------------------------------------------------------------

2025-07-16:18:32:42,974 INFO     [psi4.optking.stepAlgorithms:96] 	|target step| :    0.0009426090
2025-07-16:18:32:42,974 INFO     [psi4.optking.stepAlgorithms:97] 	gradient     :   -0.0000136789
2025-07-16:18:32:42,974 INFO     [psi4.optking.stepAlgorithms:98] 	hessian      :    0.0145117184
2025-07-16:18:32:42,974 INFO     [psi4.optking.stepAlgorithms:177] 	Norm of achieved step-size    0.0009426090
2025-07-16:18:32:42,974 INFO     [psi4.optking.stepAlgorithms:179] 	Norm of achieved step-size (cart):    0.0006665252
2025-07-16:18:32:42,974 INFO     [psi4.optking.opt_helper:151] Molsys:

	                            ===> Fragment 1 <== 

	 Z (Atomic Numbers)          Masses                          Geom                  
	       3.000000             7.016003          0.00000000  0.00000000  4.11466037   
	      11.000000            22.989769          0.00000000  0.00000000 -1.25603696   

	 - Coordinate -           - BOHR/RAD -       - ANG/DEG -
	 R(1,2)           =         5.370697           2.842051

2025-07-16:18:32:42,974 INFO     [psi4.optking.convcheck:71] Performing convergence check.
2025-07-16:18:32:42,974 INFO     [psi4.optking.convcheck:263] 
	                                 ==> Convergence Check <==                                  
    
	Measures of convergence in internal coordinates in au.
    
	Criteria marked as inactive (o), active & met (*), and active & unmet ( ).

	----------------------------------------------------------------------------------------------
	   Step    Total Energy     Delta E     Max Force     RMS Force      Max Disp      RMS Disp   
	----------------------------------------------------------------------------------------------
	  Convergence Criteria     1.00e-06 *    3.00e-04 *             o    1.20e-03 *             o
	----------------------------------------------------------------------------------------------
	    13    -169.75376945   -2.05e-07 *    1.37e-05 *    1.37e-05 o    9.43e-04 *    9.43e-04 o  ~
	----------------------------------------------------------------------------------------------


2025-07-16:18:32:42,974 INFO     [psi4.optking.convcheck:193] 
	                      ===> Final Convergence Report <===                     

	----------------------------------------------------------------------------
	|   Required Criteria    |  One or More Criteria  |   Alternate Criteria   |
	----------------------------------------------------------------------------
	| [x]     max_force      | [x]       max_DE       |                        |
	|                        | [x]      max_disp      |                        |
	----------------------------------------------------------------------------


2025-07-16:18:32:42,974 INFO     [psi4.optking.stepAlgorithms:266] 	Convergence check returned True
2025-07-16:18:32:42,974 INFO     [psi4.optking.optimize:286] 	Converged in 13 steps!
2025-07-16:18:32:42,974 INFO     [psi4.optking.optimize:287] 	Final energy is   -169.7537694498571
2025-07-16:18:32:42,974 INFO     [psi4.optking.optimize:288] 	Final structure (Angstroms): 
	Fragment 1 (Ang)

	   Li   0.0000000000   0.0000000000   2.1773844981
	   Na   0.0000000000   0.0000000000  -0.6646661325


2025-07-16:18:32:42,975 INFO     [psi4.optking.optimize:432] 	Optimization Finished

	==> Optimization Summary <==

        
	Measures of convergence in internal coordinates in au. (Any backward steps not shown.)
        
	---------------------------------------------------------------------------------------------------------------  ~
        
	 Step         Total Energy             Delta E       MAX Force       RMS Force        MAX Disp        RMS Disp   ~
        
	---------------------------------------------------------------------------------------------------------------  ~
        
	     1    -169.522935280449   -169.522935280449      0.40665347      0.40665347      0.09633160      0.09633160  ~
	     2    -169.558058952386     -0.035123671937      0.32623718      0.32623718      0.15238860      0.15238860  ~
	     3    -169.600403085935     -0.042344133549      0.23577819      0.23577819      0.31017319      0.31017319  ~
	     4    -169.655712274832     -0.055309188896      0.13424927      0.13424927      0.29525375      0.29525375  ~
	     5    -169.687767532363     -0.032055257532      0.08786680      0.08786680      0.44737927      0.44737927  ~
	     6    -169.718186614962     -0.030419082598      0.05216298      0.05216298      0.49406758      0.49406758  ~
	     7    -169.737975289867     -0.019788674905      0.02960562      0.02960562      0.49168183      0.49168183  ~
	     8    -169.748590452526     -0.010615162659      0.01452307      0.01452307      0.39832514      0.39832514  ~
	     9    -169.752591098205     -0.004000645679      0.00605755      0.00605755      0.26500725      0.26500725  ~
	    10    -169.753626082480     -0.001034984275      0.00192828      0.00192828      0.12191303      0.12191303  ~
	    11    -169.753763868736     -0.000137786256      0.00036428      0.00036428      0.02474191      0.02474191  ~
	    12    -169.753769245034     -0.000005376298      0.00007011      0.00007011      0.00482022      0.00482022  ~
	    13    -169.753769449857     -0.000000204823      0.00001368      0.00001368      0.00094261      0.00094261  ~
	----------------------------------------------------------------------------------------------------------------


2025-07-16:18:32:42,975 INFO     [psi4.optking.optimize:640] Preparing OptimizationResult
