2025-07-16:18:44:30,974 INFO     [psi4.optking.optwrapper:214] Creating a UserComputer
2025-07-16:18:44:30,974 INFO     [psi4.optking.optwrapper:222] 
    			-----------------------------------------

    			 OPTKING 3.0: for geometry optimizations 

    			     By R.A. King, Bethel University     

    			        with contributions from          

    			    A.V. Copan, J. Cayton, A. Heide      

    			-----------------------------------------

    
2025-07-16:18:44:30,974 INFO     [psi4.optking.optwrapper:238] 
		 -- Optimization Parameters --
	accept_symmetry_breaking       =           False
	alg_geom_maxiter               =             500
	bt_dx_conv                     =           1e-07
	bt_dx_rms_change_conv          =           1e-12
	bt_max_iter                    =              25
	cart_hess_read                 =           False
	consecutive_backsteps_allowed  =               0
	conv_max_DE                    =           1e-06
	conv_max_disp                  =          0.0012
	conv_max_force                 =          0.0003
	conv_rms_disp                  =              -1
	conv_rms_force                 =              -1
	covalent_connect               =             1.3
	dynamic_level                  =               0
	dynamic_level_max              =               0
	ensure_bt_convergence          =           False
	ext_force_bend                 =              []
	ext_force_cartesian            =              []
	ext_force_dihedral             =              []
	ext_force_distance             =              []
	ext_force_oofp                 =              []
	fix_val_near_pi                =            1.57
	flexible_g_convergence         =           False
	frag_mode                      =          SINGLE
	frag_ref_atoms                 =            None
	freeze_intrafrag               =           False
	frozen_bend                    =              []
	frozen_cartesian               =              []
	frozen_dihedral                =              []
	frozen_distance                =              []
	frozen_oofp                    =              []
	full_hess_every                =              -1
	g_convergence                  =           QCHEM
	generate_intcos_exit           =           False
	geom_maxiter                   =             500
	h_bond_connect                 =             4.3
	hess_update                    =            BFGS
	hess_update_den_tol            =           1e-07
	hess_update_dq_tol             =             0.5
	hess_update_limit              =            True
	hess_update_limit_max          =             1.0
	hess_update_limit_scale        =             0.5
	hess_update_use_last           =               4
	hessian_file                   =            None
	i_max_DE                       =            True
	i_max_disp                     =            True
	i_max_force                    =            True
	i_rms_disp                     =           False
	i_rms_force                    =           False
	i_untampered                   =            True
	include_oofp                   =           False
	interfrag_collinear_tol        =            0.01
	interfrag_coords               =            None
	interfrag_dist_inv             =           False
	interfrag_mode                 =           FIXED
	interfrag_trust                =             0.5
	interfrag_trust_max            =             1.0
	interfrag_trust_min            =           0.001
	interfragment_connect          =             1.8
	intrafrag_hess                 =        SCHLEGEL
	intrafrag_trust                =             0.5
	intrafrag_trust_max            =             1.0
	intrafrag_trust_min            =           0.001
	irc_direction                  =         FORWARD
	irc_points                     =              20
	irc_step_size                  =             0.2
	keep_intcos                    =           False
	linear_bend_threshold          =            3.05
	linesearch                     =           False
	linesearch_step                =             0.1
	max_disp_g_convergence         =          0.0012
	max_energy_g_convergence       =           1e-06
	max_force_g_convergence        =          0.0003
	opt_coordinates                =       REDUNDANT
	opt_type                       =             MIN
	output_type                    =            FILE
	print_lvl                      =               1
	program                        =            psi4
	ranged_bend                    =              []
	ranged_cartesian               =              []
	ranged_dihedral                =              []
	ranged_distance                =              []
	ranged_oofp                    =              []
	redundant_eval_tol             =           1e-10
	rfo_follow_root                =           False
	rfo_normalization_max          =             100
	rfo_root                       =               0
	rms_disp_g_convergence         =          0.0012
	rms_force_g_convergence        =          0.0003
	rsrfo_alpha_max                =     100000000.0
	sd_hessian                     =             1.0
	simple_step_scaling            =           False
	small_bend_fix_threshold       =            0.35
	steepest_descent_type          =         OVERLAP
	step_type                      =             RFO
	test_B                         =           False
	test_derivative_B              =           False
	trajectory                     =           False
	v3d_tors_angle_lim             =           0.017
	v3d_tors_cos_tol               =           1e-10
	working_consecutive_backsteps  =               0
	working_steps_since_last_H     =               0


2025-07-16:18:44:31,462 INFO     [psi4.optking.opt_helper:151] Molsys:

	                            ===> Fragment 1 <== 

	 Z (Atomic Numbers)          Masses                          Geom                  
	       4.000000             9.012183          0.00000000  0.00000000  1.71516631   
	      14.000000            27.976927          0.00000000  0.00000000 -0.55250504   

	 - Coordinate -           - BOHR/RAD -       - ANG/DEG -
	 R(1,2)           =         2.267671           1.200000

2025-07-16:18:44:31,472 INFO     [psi4.driver.task_planner:285] PLANNING Atomic:  keywords={'DAMPING_PERCENTAGE': 1.0, 'GEOM_MAXITER': 500, 'GUESS': 'SAP', 'MAXITER': 500, 'REFERENCE': 'UKS', 'function_kwargs': {}}
2025-07-16:18:44:31,473 INFO     [psi4.driver.driver:636] Compute gradient(): method=b3lyp, basis=cc-pvdz, molecule=default, nre=24.694936497933337
2025-07-16:18:44:32,697 INFO     [psi4.driver.driver:639] Return gradient(): -303.61260329029574
2025-07-16:18:44:32,697 INFO     [psi4.driver.driver:640] [[ 0.00000000  0.00000000 -0.91734680]
 [ 0.00000000  0.00000000  0.91735803]]
2025-07-16:18:44:32,700 INFO     [psi4.optking.molsys:874] Projected (PHP) Hessian matrix
	   4.182219

2025-07-16:18:44:32,700 INFO     [psi4.optking.opt_helper:168] 
	         Geometry (au)                                       Gradient (au)
   0.0000000000   0.0000000000   1.7151663142		   0.0000000000   0.0000000000  -0.9173467976
   0.0000000000   0.0000000000  -0.5525050363		   0.0000000000   0.0000000000   0.9173580287

2025-07-16:18:44:32,700 INFO     [psi4.optking.stepAlgorithms:750] 	Using RFO solution 1.
2025-07-16:18:44:32,700 INFO     [psi4.optking.displace:73] 	Determining Cartesian step for fragment 1.
2025-07-16:18:44:32,701 INFO     [psi4.optking.displace:378] 	Successfully converged to displaced geometry.
2025-07-16:18:44:32,701 INFO     [psi4.optking.displace:379] 	RMS(dx):  0.000e+00 	Max(dx):  0.000e+00 	RMS(dq):  0.000e+00
2025-07-16:18:44:32,701 INFO     [psi4.optking.displace:132] 

	        --- Internal Coordinate Step in ANG or DEG, aJ/ANG or AJ/DEG ---
	-------------------------------------------------------------------------------
	           Coordinate      Previous         Force          Change          New 
	           ----------      --------        ------          ------        ------
	               R(1,2)       1.20000        7.55781        0.11097       1.31097
	-------------------------------------------------------------------------------

2025-07-16:18:44:32,701 INFO     [psi4.optking.stepAlgorithms:96] 	|target step| :    0.2097003179
2025-07-16:18:44:32,701 INFO     [psi4.optking.stepAlgorithms:97] 	gradient     :   -0.9173524131
2025-07-16:18:44:32,701 INFO     [psi4.optking.stepAlgorithms:98] 	hessian      :    4.1822185214
2025-07-16:18:44:32,701 INFO     [psi4.optking.stepAlgorithms:177] 	Norm of achieved step-size    0.2097003179
2025-07-16:18:44:32,701 INFO     [psi4.optking.stepAlgorithms:179] 	Norm of achieved step-size (cart):    0.1482805168
2025-07-16:18:44:32,701 INFO     [psi4.optking.opt_helper:151] Molsys:

	                            ===> Fragment 1 <== 

	 Z (Atomic Numbers)          Masses                          Geom                  
	       4.000000             9.012183          0.00000000  0.00000000  1.82001647   
	      14.000000            27.976927          0.00000000  0.00000000 -0.65735520   

	 - Coordinate -           - BOHR/RAD -       - ANG/DEG -
	 R(1,2)           =         2.477372           1.310969

2025-07-16:18:44:32,702 INFO     [psi4.optking.convcheck:71] Performing convergence check.
2025-07-16:18:44:32,702 INFO     [psi4.optking.convcheck:263] 
	                                 ==> Convergence Check <==                                  
    
	Measures of convergence in internal coordinates in au.
    
	Criteria marked as inactive (o), active & met (*), and active & unmet ( ).

	----------------------------------------------------------------------------------------------
	   Step    Total Energy     Delta E     Max Force     RMS Force      Max Disp      RMS Disp   
	----------------------------------------------------------------------------------------------
	  Convergence Criteria     1.00e-06 *    3.00e-04 *             o    1.20e-03 *             o
	----------------------------------------------------------------------------------------------
	     1    -303.61260329   -3.04e+02      9.17e-01      9.17e-01 o    2.10e-01      2.10e-01 o  ~
	----------------------------------------------------------------------------------------------


2025-07-16:18:44:32,702 INFO     [psi4.optking.stepAlgorithms:266] 	Convergence check returned False
2025-07-16:18:44:32,715 INFO     [psi4.driver.task_planner:285] PLANNING Atomic:  keywords={'DAMPING_PERCENTAGE': 1.0, 'GEOM_MAXITER': 500, 'SCF__GUESS': 'READ', 'GUESS': 'SAP', 'MAXITER': 500, 'REFERENCE': 'UKS', 'function_kwargs': {}}
2025-07-16:18:44:32,717 INFO     [psi4.driver.driver:636] Compute gradient(): method=b3lyp, basis=cc-pvdz, molecule=default, nre=22.604601769769417
2025-07-16:18:44:34,65 INFO     [psi4.driver.driver:639] Return gradient(): -303.7750525965643
2025-07-16:18:44:34,65 INFO     [psi4.driver.driver:640] [[ 0.00000000  0.00000000 -0.64339824]
 [-0.00000000  0.00000000  0.64339632]]
2025-07-16:18:44:34,68 INFO     [psi4.optking.history:257] 	Performing BFGS update.
2025-07-16:18:44:34,68 INFO     [psi4.optking.history:268] 	Using 1 previous steps for update.
2025-07-16:18:44:34,68 INFO     [psi4.optking.history:302] 	Steps to be used in Hessian update:  1

2025-07-16:18:44:34,68 INFO     [psi4.optking.history:400] 	Updated Hessian (in au) 
 	   2.091109

2025-07-16:18:44:34,68 INFO     [psi4.optking.molsys:874] Projected (PHP) Hessian matrix
	   2.091109

2025-07-16:18:44:34,69 INFO     [psi4.optking.opt_helper:168] 
	         Geometry (au)                                       Gradient (au)
   0.0000000000   0.0000000000   1.8737743600		   0.0000000000   0.0000000000  -0.6433982417
   0.0000000000   0.0000000000  -0.6035973084		  -0.0000000000   0.0000000000   0.6433963176

2025-07-16:18:44:34,69 INFO     [psi4.optking.stepAlgorithms:315] 	Current Step Report 
 
	Current energy:      -303.7750525966
	Energy change for the previous step:
		Actual       :        -0.1624493063
		Projected    :        -0.0961845463

2025-07-16:18:44:34,69 INFO     [psi4.optking.stepAlgorithms:318] 	Energy ratio =    1.68893
2025-07-16:18:44:34,69 INFO     [psi4.optking.stepAlgorithms:346] 	Energy ratio indicates good step.
2025-07-16:18:44:34,69 INFO     [psi4.optking.stepAlgorithms:347] 	Intrafrag trust radius increased to 1.000e+00.
2025-07-16:18:44:34,69 INFO     [psi4.optking.stepAlgorithms:750] 	Using RFO solution 1.
2025-07-16:18:44:34,69 INFO     [psi4.optking.displace:73] 	Determining Cartesian step for fragment 1.
2025-07-16:18:44:34,69 INFO     [psi4.optking.displace:378] 	Successfully converged to displaced geometry.
2025-07-16:18:44:34,70 INFO     [psi4.optking.displace:379] 	RMS(dx):  1.282e-16 	Max(dx):  2.220e-16 	RMS(dq):  4.441e-16
2025-07-16:18:44:34,70 INFO     [psi4.optking.displace:132] 

	        --- Internal Coordinate Step in ANG or DEG, aJ/ANG or AJ/DEG ---
	-------------------------------------------------------------------------------
	           Coordinate      Previous         Force          Change          New 
	           ----------      --------        ------          ------        ------
	               R(1,2)       1.31097        5.30077        0.14978       1.46074
	-------------------------------------------------------------------------------

2025-07-16:18:44:34,72 INFO     [psi4.optking.stepAlgorithms:96] 	|target step| :    0.2830343397
2025-07-16:18:44:34,72 INFO     [psi4.optking.stepAlgorithms:97] 	gradient     :   -0.6433972797
2025-07-16:18:44:34,72 INFO     [psi4.optking.stepAlgorithms:98] 	hessian      :    2.0911092607
2025-07-16:18:44:34,72 INFO     [psi4.optking.stepAlgorithms:177] 	Norm of achieved step-size    0.2830343397
2025-07-16:18:44:34,72 INFO     [psi4.optking.stepAlgorithms:179] 	Norm of achieved step-size (cart):    0.2001355009
2025-07-16:18:44:34,73 INFO     [psi4.optking.opt_helper:151] Molsys:

	                            ===> Fragment 1 <== 

	 Z (Atomic Numbers)          Masses                          Geom                  
	       4.000000             9.012183          0.00000000  0.00000000  2.01529153   
	      14.000000            27.976927          0.00000000  0.00000000 -0.74511448   

	 - Coordinate -           - BOHR/RAD -       - ANG/DEG -
	 R(1,2)           =         2.760406           1.460744

2025-07-16:18:44:34,73 INFO     [psi4.optking.convcheck:71] Performing convergence check.
2025-07-16:18:44:34,73 INFO     [psi4.optking.convcheck:263] 
	                                 ==> Convergence Check <==                                  
    
	Measures of convergence in internal coordinates in au.
    
	Criteria marked as inactive (o), active & met (*), and active & unmet ( ).

	----------------------------------------------------------------------------------------------
	   Step    Total Energy     Delta E     Max Force     RMS Force      Max Disp      RMS Disp   
	----------------------------------------------------------------------------------------------
	  Convergence Criteria     1.00e-06 *    3.00e-04 *             o    1.20e-03 *             o
	----------------------------------------------------------------------------------------------
	     2    -303.77505260   -1.62e-01      6.43e-01      6.43e-01 o    2.83e-01      2.83e-01 o  ~
	----------------------------------------------------------------------------------------------


2025-07-16:18:44:34,73 INFO     [psi4.optking.stepAlgorithms:266] 	Convergence check returned False
2025-07-16:18:44:34,90 INFO     [psi4.driver.task_planner:285] PLANNING Atomic:  keywords={'DAMPING_PERCENTAGE': 1.0, 'GEOM_MAXITER': 500, 'SCF__GUESS': 'READ', 'GUESS': 'SAP', 'MAXITER': 500, 'REFERENCE': 'UKS', 'function_kwargs': {}}
2025-07-16:18:44:34,91 INFO     [psi4.driver.driver:636] Compute gradient(): method=b3lyp, basis=cc-pvdz, molecule=default, nre=20.28687078455267
2025-07-16:18:44:35,478 INFO     [psi4.driver.driver:639] Return gradient(): -303.9161737129549
2025-07-16:18:44:35,479 INFO     [psi4.driver.driver:640] [[-0.00000000 -0.00000000 -0.37083716]
 [ 0.00000000  0.00000000  0.37084452]]
2025-07-16:18:44:35,482 INFO     [psi4.optking.history:257] 	Performing BFGS update.
2025-07-16:18:44:35,482 INFO     [psi4.optking.history:268] 	Using 2 previous steps for update.
2025-07-16:18:44:35,482 INFO     [psi4.optking.history:302] 	Steps to be used in Hessian update:  2 1

2025-07-16:18:44:35,482 INFO     [psi4.optking.history:400] 	Updated Hessian (in au) 
 	   1.109140

2025-07-16:18:44:35,482 INFO     [psi4.optking.molsys:874] Projected (PHP) Hessian matrix
	   1.109140

2025-07-16:18:44:35,482 INFO     [psi4.optking.opt_helper:168] 
	         Geometry (au)                                       Gradient (au)
   0.0000000000   0.0000000000   2.0878490164		  -0.0000000000  -0.0000000000  -0.3708371616
   0.0000000000   0.0000000000  -0.6725569917		   0.0000000000   0.0000000000   0.3708445250

2025-07-16:18:44:35,482 INFO     [psi4.optking.stepAlgorithms:315] 	Current Step Report 
 
	Current energy:      -303.9161737130
	Energy change for the previous step:
		Actual       :        -0.1411211164
		Projected    :        -0.0910517621

2025-07-16:18:44:35,482 INFO     [psi4.optking.stepAlgorithms:318] 	Energy ratio =    1.54990
2025-07-16:18:44:35,483 INFO     [psi4.optking.stepAlgorithms:750] 	Using RFO solution 1.
2025-07-16:18:44:35,483 INFO     [psi4.optking.displace:73] 	Determining Cartesian step for fragment 1.
2025-07-16:18:44:35,483 INFO     [psi4.optking.displace:378] 	Successfully converged to displaced geometry.
2025-07-16:18:44:35,483 INFO     [psi4.optking.displace:379] 	RMS(dx):  0.000e+00 	Max(dx):  0.000e+00 	RMS(dq):  0.000e+00
2025-07-16:18:44:35,483 INFO     [psi4.optking.displace:132] 

	        --- Internal Coordinate Step in ANG or DEG, aJ/ANG or AJ/DEG ---
	-------------------------------------------------------------------------------
	           Coordinate      Previous         Force          Change          New 
	           ----------      --------        ------          ------        ------
	               R(1,2)       1.46074        3.05526        0.16063       1.62137
	-------------------------------------------------------------------------------

2025-07-16:18:44:35,483 INFO     [psi4.optking.stepAlgorithms:96] 	|target step| :    0.3035434400
2025-07-16:18:44:35,483 INFO     [psi4.optking.stepAlgorithms:97] 	gradient     :   -0.3708408433
2025-07-16:18:44:35,483 INFO     [psi4.optking.stepAlgorithms:98] 	hessian      :    1.1091396991
2025-07-16:18:44:35,483 INFO     [psi4.optking.stepAlgorithms:177] 	Norm of achieved step-size    0.3035434400
2025-07-16:18:44:35,483 INFO     [psi4.optking.stepAlgorithms:179] 	Norm of achieved step-size (cart):    0.2146376248
2025-07-16:18:44:35,483 INFO     [psi4.optking.opt_helper:151] Molsys:

	                            ===> Fragment 1 <== 

	 Z (Atomic Numbers)          Masses                          Geom                  
	       4.000000             9.012183          0.00000000  0.00000000  2.23962074   
	      14.000000            27.976927          0.00000000  0.00000000 -0.82432871   

	 - Coordinate -           - BOHR/RAD -       - ANG/DEG -
	 R(1,2)           =         3.063949           1.621372

2025-07-16:18:44:35,483 INFO     [psi4.optking.convcheck:71] Performing convergence check.
2025-07-16:18:44:35,483 INFO     [psi4.optking.convcheck:263] 
	                                 ==> Convergence Check <==                                  
    
	Measures of convergence in internal coordinates in au.
    
	Criteria marked as inactive (o), active & met (*), and active & unmet ( ).

	----------------------------------------------------------------------------------------------
	   Step    Total Energy     Delta E     Max Force     RMS Force      Max Disp      RMS Disp   
	----------------------------------------------------------------------------------------------
	  Convergence Criteria     1.00e-06 *    3.00e-04 *             o    1.20e-03 *             o
	----------------------------------------------------------------------------------------------
	     3    -303.91617371   -1.41e-01      3.71e-01      3.71e-01 o    3.04e-01      3.04e-01 o  ~
	----------------------------------------------------------------------------------------------


2025-07-16:18:44:35,483 INFO     [psi4.optking.stepAlgorithms:266] 	Convergence check returned False
2025-07-16:18:44:35,498 INFO     [psi4.driver.task_planner:285] PLANNING Atomic:  keywords={'DAMPING_PERCENTAGE': 1.0, 'GEOM_MAXITER': 500, 'SCF__GUESS': 'READ', 'GUESS': 'SAP', 'MAXITER': 500, 'REFERENCE': 'UKS', 'function_kwargs': {}}
2025-07-16:18:44:35,500 INFO     [psi4.driver.driver:636] Compute gradient(): method=b3lyp, basis=cc-pvdz, molecule=default, nre=18.27706394871214
2025-07-16:18:44:36,745 INFO     [psi4.driver.driver:639] Return gradient(): -303.99737741799584
2025-07-16:18:44:36,746 INFO     [psi4.driver.driver:640] [[ 0.00000000  0.00000000 -0.17933501]
 [ 0.00000000  0.00000000  0.17933269]]
2025-07-16:18:44:36,748 INFO     [psi4.optking.history:257] 	Performing BFGS update.
2025-07-16:18:44:36,748 INFO     [psi4.optking.history:268] 	Using 3 previous steps for update.
2025-07-16:18:44:36,749 WARNING  [psi4.optking.history:286] 	Change in internal coordinate of 5.87e-01 exceeds limit of 5.00e-01.
2025-07-16:18:44:36,749 WARNING  [psi4.optking.history:291] 	Skipping Hessian update for step 2.
2025-07-16:18:44:36,749 WARNING  [psi4.optking.history:286] 	Change in internal coordinate of 7.96e-01 exceeds limit of 5.00e-01.
2025-07-16:18:44:36,749 WARNING  [psi4.optking.history:291] 	Skipping Hessian update for step 1.
2025-07-16:18:44:36,749 INFO     [psi4.optking.history:302] 	Steps to be used in Hessian update:  3

2025-07-16:18:44:36,749 INFO     [psi4.optking.history:400] 	Updated Hessian (in au) 
 	   0.630905

2025-07-16:18:44:36,749 INFO     [psi4.optking.molsys:874] Projected (PHP) Hessian matrix
	   0.630905

2025-07-16:18:44:36,749 INFO     [psi4.optking.opt_helper:168] 
	         Geometry (au)                                       Gradient (au)
   0.0000000000   0.0000000000   2.3174358492		   0.0000000000   0.0000000000  -0.1793350107
   0.0000000000   0.0000000000  -0.7465135989		   0.0000000000   0.0000000000   0.1793326859

2025-07-16:18:44:36,749 INFO     [psi4.optking.stepAlgorithms:315] 	Current Step Report 
 
	Current energy:      -303.9973774180
	Energy change for the previous step:
		Actual       :        -0.0812037050
		Projected    :        -0.0562831526

2025-07-16:18:44:36,749 INFO     [psi4.optking.stepAlgorithms:318] 	Energy ratio =    1.44277
2025-07-16:18:44:36,750 INFO     [psi4.optking.stepAlgorithms:750] 	Using RFO solution 1.
2025-07-16:18:44:36,750 INFO     [psi4.optking.displace:73] 	Determining Cartesian step for fragment 1.
2025-07-16:18:44:36,750 INFO     [psi4.optking.displace:378] 	Successfully converged to displaced geometry.
2025-07-16:18:44:36,750 INFO     [psi4.optking.displace:379] 	RMS(dx):  0.000e+00 	Max(dx):  0.000e+00 	RMS(dq):  0.000e+00
2025-07-16:18:44:36,750 INFO     [psi4.optking.displace:132] 

	        --- Internal Coordinate Step in ANG or DEG, aJ/ANG or AJ/DEG ---
	-------------------------------------------------------------------------------
	           Coordinate      Previous         Force          Change          New 
	           ----------      --------        ------          ------        ------
	               R(1,2)       1.62137        1.47748        0.13990       1.76128
	-------------------------------------------------------------------------------

2025-07-16:18:44:36,750 INFO     [psi4.optking.stepAlgorithms:96] 	|target step| :    0.2643805427
2025-07-16:18:44:36,750 INFO     [psi4.optking.stepAlgorithms:97] 	gradient     :   -0.1793338483
2025-07-16:18:44:36,750 INFO     [psi4.optking.stepAlgorithms:98] 	hessian      :    0.6309047397
2025-07-16:18:44:36,750 INFO     [psi4.optking.stepAlgorithms:177] 	Norm of achieved step-size    0.2643805427
2025-07-16:18:44:36,750 INFO     [psi4.optking.stepAlgorithms:179] 	Norm of achieved step-size (cart):    0.1869452746
2025-07-16:18:44:36,751 INFO     [psi4.optking.opt_helper:151] Molsys:

	                            ===> Fragment 1 <== 

	 Z (Atomic Numbers)          Masses                          Geom                  
	       4.000000             9.012183          0.00000000  0.00000000  2.44962612   
	      14.000000            27.976927          0.00000000  0.00000000 -0.87870387   

	 - Coordinate -           - BOHR/RAD -       - ANG/DEG -
	 R(1,2)           =         3.328330           1.761276

2025-07-16:18:44:36,751 INFO     [psi4.optking.convcheck:71] Performing convergence check.
2025-07-16:18:44:36,751 INFO     [psi4.optking.convcheck:263] 
	                                 ==> Convergence Check <==                                  
    
	Measures of convergence in internal coordinates in au.
    
	Criteria marked as inactive (o), active & met (*), and active & unmet ( ).

	----------------------------------------------------------------------------------------------
	   Step    Total Energy     Delta E     Max Force     RMS Force      Max Disp      RMS Disp   
	----------------------------------------------------------------------------------------------
	  Convergence Criteria     1.00e-06 *    3.00e-04 *             o    1.20e-03 *             o
	----------------------------------------------------------------------------------------------
	     4    -303.99737742   -8.12e-02      1.79e-01      1.79e-01 o    2.64e-01      2.64e-01 o  ~
	----------------------------------------------------------------------------------------------


2025-07-16:18:44:36,751 INFO     [psi4.optking.stepAlgorithms:266] 	Convergence check returned False
2025-07-16:18:44:36,764 INFO     [psi4.driver.task_planner:285] PLANNING Atomic:  keywords={'DAMPING_PERCENTAGE': 1.0, 'GEOM_MAXITER': 500, 'SCF__GUESS': 'READ', 'GUESS': 'SAP', 'MAXITER': 500, 'REFERENCE': 'UKS', 'function_kwargs': {}}
2025-07-16:18:44:36,765 INFO     [psi4.driver.driver:636] Compute gradient(): method=b3lyp, basis=cc-pvdz, molecule=default, nre=16.825254753428435
2025-07-16:18:44:38,217 INFO     [psi4.driver.driver:639] Return gradient(): -304.03004406118833
2025-07-16:18:44:38,217 INFO     [psi4.driver.driver:640] [[ 0.00000000 -0.00000000 -0.07591046]
 [-0.00000000 -0.00000000  0.07589410]]
2025-07-16:18:44:38,219 INFO     [psi4.optking.history:257] 	Performing BFGS update.
2025-07-16:18:44:38,219 INFO     [psi4.optking.history:268] 	Using 4 previous steps for update.
2025-07-16:18:44:38,219 WARNING  [psi4.optking.history:286] 	Change in internal coordinate of 5.68e-01 exceeds limit of 5.00e-01.
2025-07-16:18:44:38,219 WARNING  [psi4.optking.history:291] 	Skipping Hessian update for step 3.
2025-07-16:18:44:38,219 WARNING  [psi4.optking.history:286] 	Change in internal coordinate of 8.51e-01 exceeds limit of 5.00e-01.
2025-07-16:18:44:38,219 WARNING  [psi4.optking.history:291] 	Skipping Hessian update for step 2.
2025-07-16:18:44:38,219 WARNING  [psi4.optking.history:286] 	Change in internal coordinate of 1.06e+00 exceeds limit of 5.00e-01.
2025-07-16:18:44:38,219 WARNING  [psi4.optking.history:291] 	Skipping Hessian update for step 1.
2025-07-16:18:44:38,219 INFO     [psi4.optking.history:302] 	Steps to be used in Hessian update:  4

2025-07-16:18:44:38,219 INFO     [psi4.optking.history:400] 	Updated Hessian (in au) 
 	   0.391222

2025-07-16:18:44:38,219 INFO     [psi4.optking.molsys:874] Projected (PHP) Hessian matrix
	   0.391222

2025-07-16:18:44:38,219 INFO     [psi4.optking.opt_helper:168] 
	         Geometry (au)                                       Gradient (au)
   0.0000000000   0.0000000000   2.5174015986		   0.0000000000  -0.0000000000  -0.0759104594
   0.0000000000   0.0000000000  -0.8109283923		  -0.0000000000  -0.0000000000   0.0758941027

2025-07-16:18:44:38,219 INFO     [psi4.optking.stepAlgorithms:315] 	Current Step Report 
 
	Current energy:      -304.0300440612
	Energy change for the previous step:
		Actual       :        -0.0326666432
		Projected    :        -0.0237061901

2025-07-16:18:44:38,219 INFO     [psi4.optking.stepAlgorithms:318] 	Energy ratio =    1.37798
2025-07-16:18:44:38,219 INFO     [psi4.optking.stepAlgorithms:750] 	Using RFO solution 1.
2025-07-16:18:44:38,219 INFO     [psi4.optking.displace:73] 	Determining Cartesian step for fragment 1.
2025-07-16:18:44:38,220 INFO     [psi4.optking.displace:378] 	Successfully converged to displaced geometry.
2025-07-16:18:44:38,220 INFO     [psi4.optking.displace:379] 	RMS(dx):  0.000e+00 	Max(dx):  0.000e+00 	RMS(dq):  0.000e+00
2025-07-16:18:44:38,220 INFO     [psi4.optking.displace:132] 

	        --- Internal Coordinate Step in ANG or DEG, aJ/ANG or AJ/DEG ---
	-------------------------------------------------------------------------------
	           Coordinate      Previous         Force          Change          New 
	           ----------      --------        ------          ------        ------
	               R(1,2)       1.76128        0.62534        0.09907       1.86035
	-------------------------------------------------------------------------------

2025-07-16:18:44:38,220 INFO     [psi4.optking.stepAlgorithms:96] 	|target step| :    0.1872132419
2025-07-16:18:44:38,220 INFO     [psi4.optking.stepAlgorithms:97] 	gradient     :   -0.0759022811
2025-07-16:18:44:38,220 INFO     [psi4.optking.stepAlgorithms:98] 	hessian      :    0.3912223122
2025-07-16:18:44:38,220 INFO     [psi4.optking.stepAlgorithms:177] 	Norm of achieved step-size    0.1872132419
2025-07-16:18:44:38,220 INFO     [psi4.optking.stepAlgorithms:179] 	Norm of achieved step-size (cart):    0.1323797528
2025-07-16:18:44:38,220 INFO     [psi4.optking.opt_helper:151] Molsys:

	                            ===> Fragment 1 <== 

	 Z (Atomic Numbers)          Masses                          Geom                  
	       4.000000             9.012183          0.00000000  0.00000000  2.61100822   
	      14.000000            27.976927          0.00000000  0.00000000 -0.90453501   

	 - Coordinate -           - BOHR/RAD -       - ANG/DEG -
	 R(1,2)           =         3.515543           1.860345

2025-07-16:18:44:38,220 INFO     [psi4.optking.convcheck:71] Performing convergence check.
2025-07-16:18:44:38,220 INFO     [psi4.optking.convcheck:263] 
	                                 ==> Convergence Check <==                                  
    
	Measures of convergence in internal coordinates in au.
    
	Criteria marked as inactive (o), active & met (*), and active & unmet ( ).

	----------------------------------------------------------------------------------------------
	   Step    Total Energy     Delta E     Max Force     RMS Force      Max Disp      RMS Disp   
	----------------------------------------------------------------------------------------------
	  Convergence Criteria     1.00e-06 *    3.00e-04 *             o    1.20e-03 *             o
	----------------------------------------------------------------------------------------------
	     5    -304.03004406   -3.27e-02      7.59e-02      7.59e-02 o    1.87e-01      1.87e-01 o  ~
	----------------------------------------------------------------------------------------------


2025-07-16:18:44:38,220 INFO     [psi4.optking.stepAlgorithms:266] 	Convergence check returned False
2025-07-16:18:44:38,231 INFO     [psi4.driver.task_planner:285] PLANNING Atomic:  keywords={'DAMPING_PERCENTAGE': 1.0, 'GEOM_MAXITER': 500, 'SCF__GUESS': 'READ', 'GUESS': 'SAP', 'MAXITER': 500, 'REFERENCE': 'UKS', 'function_kwargs': {}}
2025-07-16:18:44:38,232 INFO     [psi4.driver.driver:636] Compute gradient(): method=b3lyp, basis=cc-pvdz, molecule=default, nre=15.92925937550471
2025-07-16:18:44:40,66 INFO     [psi4.driver.driver:639] Return gradient(): -304.0963059962174
2025-07-16:18:44:40,66 INFO     [psi4.driver.driver:640] [[-0.00000000  0.00000000 -0.07528630]
 [ 0.00000000 -0.00000000  0.07527121]]
2025-07-16:18:44:40,67 INFO     [psi4.optking.history:257] 	Performing BFGS update.
2025-07-16:18:44:40,67 INFO     [psi4.optking.history:268] 	Using 4 previous steps for update.
2025-07-16:18:44:40,67 WARNING  [psi4.optking.history:286] 	Change in internal coordinate of 7.55e-01 exceeds limit of 5.00e-01.
2025-07-16:18:44:40,67 WARNING  [psi4.optking.history:291] 	Skipping Hessian update for step 3.
2025-07-16:18:44:40,67 WARNING  [psi4.optking.history:286] 	Change in internal coordinate of 1.04e+00 exceeds limit of 5.00e-01.
2025-07-16:18:44:40,67 WARNING  [psi4.optking.history:291] 	Skipping Hessian update for step 2.
2025-07-16:18:44:40,67 WARNING  [psi4.optking.history:286] 	Change in internal coordinate of 1.25e+00 exceeds limit of 5.00e-01.
2025-07-16:18:44:40,67 WARNING  [psi4.optking.history:291] 	Skipping Hessian update for step 1.
2025-07-16:18:44:40,67 INFO     [psi4.optking.history:302] 	Steps to be used in Hessian update:  5 4

2025-07-16:18:44:40,67 INFO     [psi4.optking.history:400] 	Updated Hessian (in au) 
 	   0.230417

2025-07-16:18:44:40,68 INFO     [psi4.optking.molsys:874] Projected (PHP) Hessian matrix
	   0.230417

2025-07-16:18:44:40,68 INFO     [psi4.optking.opt_helper:168] 
	         Geometry (au)                                       Gradient (au)
   0.0000000000   0.0000000000   2.6590014146		  -0.0000000000   0.0000000000  -0.0752863027
   0.0000000000   0.0000000000  -0.8565418181		   0.0000000000  -0.0000000000   0.0752712095

2025-07-16:18:44:40,68 INFO     [psi4.optking.stepAlgorithms:315] 	Current Step Report 
 
	Current energy:      -304.0963059962
	Energy change for the previous step:
		Actual       :        -0.0662619350
		Projected    :        -0.0071049561

2025-07-16:18:44:40,68 INFO     [psi4.optking.stepAlgorithms:318] 	Energy ratio =    9.32616
2025-07-16:18:44:40,68 INFO     [psi4.optking.stepAlgorithms:750] 	Using RFO solution 1.
2025-07-16:18:44:40,68 INFO     [psi4.optking.displace:73] 	Determining Cartesian step for fragment 1.
2025-07-16:18:44:40,68 INFO     [psi4.optking.displace:378] 	Successfully converged to displaced geometry.
2025-07-16:18:44:40,68 INFO     [psi4.optking.displace:379] 	RMS(dx):  1.282e-16 	Max(dx):  2.220e-16 	RMS(dq):  0.000e+00
2025-07-16:18:44:40,68 INFO     [psi4.optking.displace:132] 

	        --- Internal Coordinate Step in ANG or DEG, aJ/ANG or AJ/DEG ---
	-------------------------------------------------------------------------------
	           Coordinate      Previous         Force          Change          New 
	           ----------      --------        ------          ------        ------
	               R(1,2)       1.86035        0.62020        0.15756       2.01790
	-------------------------------------------------------------------------------

2025-07-16:18:44:40,68 INFO     [psi4.optking.stepAlgorithms:96] 	|target step| :    0.2977431514
2025-07-16:18:44:40,68 INFO     [psi4.optking.stepAlgorithms:97] 	gradient     :   -0.0752787561
2025-07-16:18:44:40,68 INFO     [psi4.optking.stepAlgorithms:98] 	hessian      :    0.2304174586
2025-07-16:18:44:40,68 INFO     [psi4.optking.stepAlgorithms:177] 	Norm of achieved step-size    0.2977431514
2025-07-16:18:44:40,68 INFO     [psi4.optking.stepAlgorithms:179] 	Norm of achieved step-size (cart):    0.2105362014
2025-07-16:18:44:40,68 INFO     [psi4.optking.opt_helper:151] Molsys:

	                            ===> Fragment 1 <== 

	 Z (Atomic Numbers)          Masses                          Geom                  
	       4.000000             9.012183          0.00000000  0.00000000  2.80787299   
	      14.000000            27.976927          0.00000000  0.00000000 -1.00541339   

	 - Coordinate -           - BOHR/RAD -       - ANG/DEG -
	 R(1,2)           =         3.813286           2.017904

2025-07-16:18:44:40,69 INFO     [psi4.optking.convcheck:71] Performing convergence check.
2025-07-16:18:44:40,69 INFO     [psi4.optking.convcheck:263] 
	                                 ==> Convergence Check <==                                  
    
	Measures of convergence in internal coordinates in au.
    
	Criteria marked as inactive (o), active & met (*), and active & unmet ( ).

	----------------------------------------------------------------------------------------------
	   Step    Total Energy     Delta E     Max Force     RMS Force      Max Disp      RMS Disp   
	----------------------------------------------------------------------------------------------
	  Convergence Criteria     1.00e-06 *    3.00e-04 *             o    1.20e-03 *             o
	----------------------------------------------------------------------------------------------
	     6    -304.09630600   -6.63e-02      7.53e-02      7.53e-02 o    2.98e-01      2.98e-01 o  ~
	----------------------------------------------------------------------------------------------


2025-07-16:18:44:40,69 INFO     [psi4.optking.stepAlgorithms:266] 	Convergence check returned False
2025-07-16:18:44:40,87 INFO     [psi4.driver.task_planner:285] PLANNING Atomic:  keywords={'DAMPING_PERCENTAGE': 1.0, 'GEOM_MAXITER': 500, 'SCF__GUESS': 'READ', 'GUESS': 'SAP', 'MAXITER': 500, 'REFERENCE': 'UKS', 'function_kwargs': {}}
2025-07-16:18:44:40,88 INFO     [psi4.driver.driver:636] Compute gradient(): method=b3lyp, basis=cc-pvdz, molecule=default, nre=14.685495491103065
2025-07-16:18:44:41,433 INFO     [psi4.driver.driver:639] Return gradient(): -304.10986337106084
2025-07-16:18:44:41,433 INFO     [psi4.driver.driver:640] [[-0.00000000 -0.00000000 -0.02120128]
 [ 0.00000000  0.00000000  0.02119133]]
2025-07-16:18:44:41,440 INFO     [psi4.optking.history:257] 	Performing BFGS update.
2025-07-16:18:44:41,440 INFO     [psi4.optking.history:268] 	Using 4 previous steps for update.
2025-07-16:18:44:41,440 WARNING  [psi4.optking.history:286] 	Change in internal coordinate of 7.49e-01 exceeds limit of 5.00e-01.
2025-07-16:18:44:41,440 WARNING  [psi4.optking.history:291] 	Skipping Hessian update for step 4.
2025-07-16:18:44:41,440 WARNING  [psi4.optking.history:286] 	Change in internal coordinate of 1.05e+00 exceeds limit of 5.00e-01.
2025-07-16:18:44:41,440 WARNING  [psi4.optking.history:291] 	Skipping Hessian update for step 3.
2025-07-16:18:44:41,440 WARNING  [psi4.optking.history:286] 	Change in internal coordinate of 1.34e+00 exceeds limit of 5.00e-01.
2025-07-16:18:44:41,440 WARNING  [psi4.optking.history:291] 	Skipping Hessian update for step 2.
2025-07-16:18:44:41,440 WARNING  [psi4.optking.history:286] 	Change in internal coordinate of 1.55e+00 exceeds limit of 5.00e-01.
2025-07-16:18:44:41,440 WARNING  [psi4.optking.history:291] 	Skipping Hessian update for step 1.
2025-07-16:18:44:41,440 INFO     [psi4.optking.history:302] 	Steps to be used in Hessian update:  6 5

2025-07-16:18:44:41,440 INFO     [psi4.optking.history:400] 	Updated Hessian (in au) 
 	   0.112806

2025-07-16:18:44:41,441 INFO     [psi4.optking.molsys:874] Projected (PHP) Hessian matrix
	   0.112806

2025-07-16:18:44:41,441 INFO     [psi4.optking.opt_helper:168] 
	         Geometry (au)                                       Gradient (au)
   0.0000000000   0.0000000000   2.8842011656		  -0.0000000000  -0.0000000000  -0.0212012833
   0.0000000000   0.0000000000  -0.9290852185		   0.0000000000   0.0000000000   0.0211913339

2025-07-16:18:44:41,441 INFO     [psi4.optking.stepAlgorithms:315] 	Current Step Report 
 
	Current energy:      -304.1098633711
	Energy change for the previous step:
		Actual       :        -0.0135573748
		Projected    :        -0.0112068670

2025-07-16:18:44:41,441 INFO     [psi4.optking.stepAlgorithms:318] 	Energy ratio =    1.20974
2025-07-16:18:44:41,441 INFO     [psi4.optking.stepAlgorithms:750] 	Using RFO solution 1.
2025-07-16:18:44:41,441 INFO     [psi4.optking.displace:73] 	Determining Cartesian step for fragment 1.
2025-07-16:18:44:41,441 INFO     [psi4.optking.displace:378] 	Successfully converged to displaced geometry.
2025-07-16:18:44:41,441 INFO     [psi4.optking.displace:379] 	RMS(dx):  1.282e-16 	Max(dx):  2.220e-16 	RMS(dq):  0.000e+00
2025-07-16:18:44:41,441 INFO     [psi4.optking.displace:132] 

	        --- Internal Coordinate Step in ANG or DEG, aJ/ANG or AJ/DEG ---
	-------------------------------------------------------------------------------
	           Coordinate      Previous         Force          Change          New 
	           ----------      --------        ------          ------        ------
	               R(1,2)       2.01790        0.17463        0.09615       2.11405
	-------------------------------------------------------------------------------

2025-07-16:18:44:41,441 INFO     [psi4.optking.stepAlgorithms:96] 	|target step| :    0.1816972738
2025-07-16:18:44:41,441 INFO     [psi4.optking.stepAlgorithms:97] 	gradient     :   -0.0211963086
2025-07-16:18:44:41,441 INFO     [psi4.optking.stepAlgorithms:98] 	hessian      :    0.1128059620
2025-07-16:18:44:41,441 INFO     [psi4.optking.stepAlgorithms:177] 	Norm of achieved step-size    0.1816972738
2025-07-16:18:44:41,441 INFO     [psi4.optking.stepAlgorithms:179] 	Norm of achieved step-size (cart):    0.1284793745
2025-07-16:18:44:41,441 INFO     [psi4.optking.opt_helper:151] Molsys:

	                            ===> Fragment 1 <== 

	 Z (Atomic Numbers)          Masses                          Geom                  
	       4.000000             9.012183          0.00000000  0.00000000  2.97504980   
	      14.000000            27.976927          0.00000000  0.00000000 -1.01993386   

	 - Coordinate -           - BOHR/RAD -       - ANG/DEG -
	 R(1,2)           =         3.994984           2.114054

2025-07-16:18:44:41,442 INFO     [psi4.optking.convcheck:71] Performing convergence check.
2025-07-16:18:44:41,442 INFO     [psi4.optking.convcheck:263] 
	                                 ==> Convergence Check <==                                  
    
	Measures of convergence in internal coordinates in au.
    
	Criteria marked as inactive (o), active & met (*), and active & unmet ( ).

	----------------------------------------------------------------------------------------------
	   Step    Total Energy     Delta E     Max Force     RMS Force      Max Disp      RMS Disp   
	----------------------------------------------------------------------------------------------
	  Convergence Criteria     1.00e-06 *    3.00e-04 *             o    1.20e-03 *             o
	----------------------------------------------------------------------------------------------
	     7    -304.10986337   -1.36e-02      2.12e-02      2.12e-02 o    1.82e-01      1.82e-01 o  ~
	----------------------------------------------------------------------------------------------


2025-07-16:18:44:41,442 INFO     [psi4.optking.stepAlgorithms:266] 	Convergence check returned False
2025-07-16:18:44:41,456 INFO     [psi4.driver.task_planner:285] PLANNING Atomic:  keywords={'DAMPING_PERCENTAGE': 1.0, 'GEOM_MAXITER': 500, 'SCF__GUESS': 'READ', 'GUESS': 'SAP', 'MAXITER': 500, 'REFERENCE': 'UKS', 'function_kwargs': {}}
2025-07-16:18:44:41,458 INFO     [psi4.driver.driver:636] Compute gradient(): method=b3lyp, basis=cc-pvdz, molecule=default, nre=14.017579243055852
2025-07-16:18:44:42,753 INFO     [psi4.driver.driver:639] Return gradient(): -304.1118071653869
2025-07-16:18:44:42,753 INFO     [psi4.driver.driver:640] [[ 0.00000000  0.00000000 -0.00152910]
 [ 0.00000000 -0.00000000  0.00152370]]
2025-07-16:18:44:42,755 INFO     [psi4.optking.history:257] 	Performing BFGS update.
2025-07-16:18:44:42,755 INFO     [psi4.optking.history:268] 	Using 4 previous steps for update.
2025-07-16:18:44:42,755 WARNING  [psi4.optking.history:286] 	Change in internal coordinate of 6.67e-01 exceeds limit of 5.00e-01.
2025-07-16:18:44:42,755 WARNING  [psi4.optking.history:291] 	Skipping Hessian update for step 5.
2025-07-16:18:44:42,755 WARNING  [psi4.optking.history:286] 	Change in internal coordinate of 9.31e-01 exceeds limit of 5.00e-01.
2025-07-16:18:44:42,755 WARNING  [psi4.optking.history:291] 	Skipping Hessian update for step 4.
2025-07-16:18:44:42,755 WARNING  [psi4.optking.history:286] 	Change in internal coordinate of 1.23e+00 exceeds limit of 5.00e-01.
2025-07-16:18:44:42,755 WARNING  [psi4.optking.history:291] 	Skipping Hessian update for step 3.
2025-07-16:18:44:42,755 WARNING  [psi4.optking.history:286] 	Change in internal coordinate of 1.52e+00 exceeds limit of 5.00e-01.
2025-07-16:18:44:42,755 WARNING  [psi4.optking.history:291] 	Skipping Hessian update for step 2.
2025-07-16:18:44:42,755 WARNING  [psi4.optking.history:286] 	Change in internal coordinate of 1.73e+00 exceeds limit of 5.00e-01.
2025-07-16:18:44:42,755 WARNING  [psi4.optking.history:291] 	Skipping Hessian update for step 1.
2025-07-16:18:44:42,755 INFO     [psi4.optking.history:302] 	Steps to be used in Hessian update:  7 6

2025-07-16:18:44:42,755 INFO     [psi4.optking.history:400] 	Updated Hessian (in au) 
 	   0.153830

2025-07-16:18:44:42,755 INFO     [psi4.optking.molsys:874] Projected (PHP) Hessian matrix
	   0.153830

2025-07-16:18:44:42,755 INFO     [psi4.optking.opt_helper:168] 
	         Geometry (au)                                       Gradient (au)
   0.0000000000   0.0000000000   3.0216289474		   0.0000000000   0.0000000000  -0.0015291000
   0.0000000000   0.0000000000  -0.9733547105		   0.0000000000  -0.0000000000   0.0015237044

2025-07-16:18:44:42,755 INFO     [psi4.optking.stepAlgorithms:315] 	Current Step Report 
 
	Current energy:      -304.1118071654
	Energy change for the previous step:
		Actual       :        -0.0019437943
		Projected    :        -0.0019256557

2025-07-16:18:44:42,755 INFO     [psi4.optking.stepAlgorithms:318] 	Energy ratio =    1.00942
2025-07-16:18:44:42,756 INFO     [psi4.optking.stepAlgorithms:750] 	Using RFO solution 1.
2025-07-16:18:44:42,756 INFO     [psi4.optking.displace:73] 	Determining Cartesian step for fragment 1.
2025-07-16:18:44:42,756 INFO     [psi4.optking.displace:378] 	Successfully converged to displaced geometry.
2025-07-16:18:44:42,756 INFO     [psi4.optking.displace:379] 	RMS(dx):  2.564e-16 	Max(dx):  4.441e-16 	RMS(dq):  8.882e-16
2025-07-16:18:44:42,756 INFO     [psi4.optking.displace:132] 

	        --- Internal Coordinate Step in ANG or DEG, aJ/ANG or AJ/DEG ---
	-------------------------------------------------------------------------------
	           Coordinate      Previous         Force          Change          New 
	           ----------      --------        ------          ------        ------
	               R(1,2)       2.11405        0.01258        0.00525       2.11930
	-------------------------------------------------------------------------------

2025-07-16:18:44:42,756 INFO     [psi4.optking.stepAlgorithms:96] 	|target step| :    0.0099216751
2025-07-16:18:44:42,756 INFO     [psi4.optking.stepAlgorithms:97] 	gradient     :   -0.0015264022
2025-07-16:18:44:42,756 INFO     [psi4.optking.stepAlgorithms:98] 	hessian      :    0.1538300693
2025-07-16:18:44:42,756 INFO     [psi4.optking.stepAlgorithms:177] 	Norm of achieved step-size    0.0099216751
2025-07-16:18:44:42,756 INFO     [psi4.optking.stepAlgorithms:179] 	Norm of achieved step-size (cart):    0.0070156837
2025-07-16:18:44:42,756 INFO     [psi4.optking.opt_helper:151] Molsys:

	                            ===> Fragment 1 <== 

	 Z (Atomic Numbers)          Masses                          Geom                  
	       4.000000             9.012183          0.00000000  0.00000000  3.02658978   
	      14.000000            27.976927          0.00000000  0.00000000 -0.97831555   

	 - Coordinate -           - BOHR/RAD -       - ANG/DEG -
	 R(1,2)           =         4.004905           2.119305

2025-07-16:18:44:42,756 INFO     [psi4.optking.convcheck:71] Performing convergence check.
2025-07-16:18:44:42,756 INFO     [psi4.optking.convcheck:263] 
	                                 ==> Convergence Check <==                                  
    
	Measures of convergence in internal coordinates in au.
    
	Criteria marked as inactive (o), active & met (*), and active & unmet ( ).

	----------------------------------------------------------------------------------------------
	   Step    Total Energy     Delta E     Max Force     RMS Force      Max Disp      RMS Disp   
	----------------------------------------------------------------------------------------------
	  Convergence Criteria     1.00e-06 *    3.00e-04 *             o    1.20e-03 *             o
	----------------------------------------------------------------------------------------------
	     8    -304.11180717   -1.94e-03      1.53e-03      1.53e-03 o    9.92e-03      9.92e-03 o  ~
	----------------------------------------------------------------------------------------------


2025-07-16:18:44:42,756 INFO     [psi4.optking.stepAlgorithms:266] 	Convergence check returned False
2025-07-16:18:44:42,773 INFO     [psi4.driver.task_planner:285] PLANNING Atomic:  keywords={'DAMPING_PERCENTAGE': 1.0, 'GEOM_MAXITER': 500, 'SCF__GUESS': 'READ', 'GUESS': 'SAP', 'MAXITER': 500, 'REFERENCE': 'UKS', 'function_kwargs': {}}
2025-07-16:18:44:42,774 INFO     [psi4.driver.driver:636] Compute gradient(): method=b3lyp, basis=cc-pvdz, molecule=default, nre=13.982852363027165
2025-07-16:18:44:43,886 INFO     [psi4.driver.driver:639] Return gradient(): -304.11181803655114
2025-07-16:18:44:43,886 INFO     [psi4.driver.driver:640] [[ 0.00000000 -0.00000000 -0.00067159]
 [ 0.00000000 -0.00000000  0.00066647]]
2025-07-16:18:44:43,887 INFO     [psi4.optking.history:257] 	Performing BFGS update.
2025-07-16:18:44:43,887 INFO     [psi4.optking.history:268] 	Using 4 previous steps for update.
2025-07-16:18:44:43,887 WARNING  [psi4.optking.history:286] 	Change in internal coordinate of 6.77e-01 exceeds limit of 5.00e-01.
2025-07-16:18:44:43,887 WARNING  [psi4.optking.history:291] 	Skipping Hessian update for step 5.
2025-07-16:18:44:43,888 WARNING  [psi4.optking.history:286] 	Change in internal coordinate of 9.41e-01 exceeds limit of 5.00e-01.
2025-07-16:18:44:43,888 WARNING  [psi4.optking.history:291] 	Skipping Hessian update for step 4.
2025-07-16:18:44:43,888 WARNING  [psi4.optking.history:286] 	Change in internal coordinate of 1.24e+00 exceeds limit of 5.00e-01.
2025-07-16:18:44:43,888 WARNING  [psi4.optking.history:291] 	Skipping Hessian update for step 3.
2025-07-16:18:44:43,888 WARNING  [psi4.optking.history:286] 	Change in internal coordinate of 1.53e+00 exceeds limit of 5.00e-01.
2025-07-16:18:44:43,888 WARNING  [psi4.optking.history:291] 	Skipping Hessian update for step 2.
2025-07-16:18:44:43,888 WARNING  [psi4.optking.history:286] 	Change in internal coordinate of 1.74e+00 exceeds limit of 5.00e-01.
2025-07-16:18:44:43,888 WARNING  [psi4.optking.history:291] 	Skipping Hessian update for step 1.
2025-07-16:18:44:43,888 INFO     [psi4.optking.history:302] 	Steps to be used in Hessian update:  8 7 6

2025-07-16:18:44:43,888 INFO     [psi4.optking.history:400] 	Updated Hessian (in au) 
 	   0.152463

2025-07-16:18:44:43,888 INFO     [psi4.optking.molsys:874] Projected (PHP) Hessian matrix
	   0.152463

2025-07-16:18:44:43,888 INFO     [psi4.optking.opt_helper:168] 
	         Geometry (au)                                       Gradient (au)
   0.0000000000   0.0000000000   3.0291332636		   0.0000000000  -0.0000000000  -0.0006715935
   0.0000000000   0.0000000000  -0.9757720694		   0.0000000000  -0.0000000000   0.0006664673

2025-07-16:18:44:43,888 INFO     [psi4.optking.stepAlgorithms:315] 	Current Step Report 
 
	Current energy:      -304.1118180366
	Energy change for the previous step:
		Actual       :        -0.0000108712
		Projected    :        -0.0000075722

2025-07-16:18:44:43,888 INFO     [psi4.optking.stepAlgorithms:318] 	Energy ratio =    1.43566
2025-07-16:18:44:43,888 INFO     [psi4.optking.stepAlgorithms:750] 	Using RFO solution 1.
2025-07-16:18:44:43,888 INFO     [psi4.optking.displace:73] 	Determining Cartesian step for fragment 1.
2025-07-16:18:44:43,889 INFO     [psi4.optking.displace:378] 	Successfully converged to displaced geometry.
2025-07-16:18:44:43,889 INFO     [psi4.optking.displace:379] 	RMS(dx):  0.000e+00 	Max(dx):  0.000e+00 	RMS(dq):  0.000e+00
2025-07-16:18:44:43,889 INFO     [psi4.optking.displace:132] 

	        --- Internal Coordinate Step in ANG or DEG, aJ/ANG or AJ/DEG ---
	-------------------------------------------------------------------------------
	           Coordinate      Previous         Force          Change          New 
	           ----------      --------        ------          ------        ------
	               R(1,2)       2.11930        0.00551        0.00232       2.12163
	-------------------------------------------------------------------------------

2025-07-16:18:44:43,889 INFO     [psi4.optking.stepAlgorithms:96] 	|target step| :    0.0043880582
2025-07-16:18:44:43,889 INFO     [psi4.optking.stepAlgorithms:97] 	gradient     :   -0.0006690304
2025-07-16:18:44:43,889 INFO     [psi4.optking.stepAlgorithms:98] 	hessian      :    0.1524632284
2025-07-16:18:44:43,889 INFO     [psi4.optking.stepAlgorithms:177] 	Norm of achieved step-size    0.0043880582
2025-07-16:18:44:43,889 INFO     [psi4.optking.stepAlgorithms:179] 	Norm of achieved step-size (cart):    0.0031028257
2025-07-16:18:44:43,889 INFO     [psi4.optking.opt_helper:151] Molsys:

	                            ===> Fragment 1 <== 

	 Z (Atomic Numbers)          Masses                          Geom                  
	       4.000000             9.012183          0.00000000  0.00000000  3.03132729   
	      14.000000            27.976927          0.00000000  0.00000000 -0.97796610   

	 - Coordinate -           - BOHR/RAD -       - ANG/DEG -
	 R(1,2)           =         4.009293           2.121627

2025-07-16:18:44:43,889 INFO     [psi4.optking.convcheck:71] Performing convergence check.
2025-07-16:18:44:43,889 INFO     [psi4.optking.convcheck:263] 
	                                 ==> Convergence Check <==                                  
    
	Measures of convergence in internal coordinates in au.
    
	Criteria marked as inactive (o), active & met (*), and active & unmet ( ).

	----------------------------------------------------------------------------------------------
	   Step    Total Energy     Delta E     Max Force     RMS Force      Max Disp      RMS Disp   
	----------------------------------------------------------------------------------------------
	  Convergence Criteria     1.00e-06 *    3.00e-04 *             o    1.20e-03 *             o
	----------------------------------------------------------------------------------------------
	     9    -304.11181804   -1.09e-05      6.69e-04      6.69e-04 o    4.39e-03      4.39e-03 o  ~
	----------------------------------------------------------------------------------------------


2025-07-16:18:44:43,889 INFO     [psi4.optking.stepAlgorithms:266] 	Convergence check returned False
2025-07-16:18:44:43,900 INFO     [psi4.driver.task_planner:285] PLANNING Atomic:  keywords={'DAMPING_PERCENTAGE': 1.0, 'GEOM_MAXITER': 500, 'SCF__GUESS': 'READ', 'GUESS': 'SAP', 'MAXITER': 500, 'REFERENCE': 'UKS', 'function_kwargs': {}}
2025-07-16:18:44:43,901 INFO     [psi4.driver.driver:636] Compute gradient(): method=b3lyp, basis=cc-pvdz, molecule=default, nre=13.96754852668082
2025-07-16:18:44:45,86 INFO     [psi4.driver.driver:639] Return gradient(): -304.1118201559683
2025-07-16:18:44:45,86 INFO     [psi4.driver.driver:640] [[-0.00000000  0.00000000 -0.00029871]
 [ 0.00000000  0.00000000  0.00029369]]
2025-07-16:18:44:45,89 INFO     [psi4.optking.history:257] 	Performing BFGS update.
2025-07-16:18:44:45,89 INFO     [psi4.optking.history:268] 	Using 4 previous steps for update.
2025-07-16:18:44:45,90 INFO     [psi4.optking.history:302] 	Steps to be used in Hessian update:  9 8 7 6

2025-07-16:18:44:45,90 INFO     [psi4.optking.history:400] 	Updated Hessian (in au) 
 	   0.151863

2025-07-16:18:44:45,90 INFO     [psi4.optking.molsys:874] Projected (PHP) Hessian matrix
	   0.151863

2025-07-16:18:44:45,90 INFO     [psi4.optking.opt_helper:168] 
	         Geometry (au)                                       Gradient (au)
   0.0000000000   0.0000000000   3.0324521968		  -0.0000000000   0.0000000000  -0.0002987148
   0.0000000000   0.0000000000  -0.9768411945		   0.0000000000   0.0000000000   0.0002936892

2025-07-16:18:44:45,90 INFO     [psi4.optking.stepAlgorithms:315] 	Current Step Report 
 
	Current energy:      -304.1118201560
	Energy change for the previous step:
		Actual       :        -0.0000021194
		Projected    :        -0.0000014679

2025-07-16:18:44:45,90 INFO     [psi4.optking.stepAlgorithms:318] 	Energy ratio =    1.44387
2025-07-16:18:44:45,90 INFO     [psi4.optking.stepAlgorithms:750] 	Using RFO solution 1.
2025-07-16:18:44:45,90 INFO     [psi4.optking.displace:73] 	Determining Cartesian step for fragment 1.
2025-07-16:18:44:45,90 INFO     [psi4.optking.displace:378] 	Successfully converged to displaced geometry.
2025-07-16:18:44:45,90 INFO     [psi4.optking.displace:379] 	RMS(dx):  0.000e+00 	Max(dx):  0.000e+00 	RMS(dq):  0.000e+00
2025-07-16:18:44:45,90 INFO     [psi4.optking.displace:132] 

	        --- Internal Coordinate Step in ANG or DEG, aJ/ANG or AJ/DEG ---
	-------------------------------------------------------------------------------
	           Coordinate      Previous         Force          Change          New 
	           ----------      --------        ------          ------        ------
	               R(1,2)       2.12163        0.00244        0.00103       2.12266
	-------------------------------------------------------------------------------

2025-07-16:18:44:45,90 INFO     [psi4.optking.stepAlgorithms:96] 	|target step| :    0.0019504433
2025-07-16:18:44:45,90 INFO     [psi4.optking.stepAlgorithms:97] 	gradient     :   -0.0002962020
2025-07-16:18:44:45,91 INFO     [psi4.optking.stepAlgorithms:98] 	hessian      :    0.1518633519
2025-07-16:18:44:45,91 INFO     [psi4.optking.stepAlgorithms:177] 	Norm of achieved step-size    0.0019504433
2025-07-16:18:44:45,91 INFO     [psi4.optking.stepAlgorithms:179] 	Norm of achieved step-size (cart):    0.0013791717
2025-07-16:18:44:45,91 INFO     [psi4.optking.opt_helper:151] Molsys:

	                            ===> Fragment 1 <== 

	 Z (Atomic Numbers)          Masses                          Geom                  
	       4.000000             9.012183          0.00000000  0.00000000  3.03342742   
	      14.000000            27.976927          0.00000000  0.00000000 -0.97781642   

	 - Coordinate -           - BOHR/RAD -       - ANG/DEG -
	 R(1,2)           =         4.011244           2.122659

2025-07-16:18:44:45,91 INFO     [psi4.optking.convcheck:71] Performing convergence check.
2025-07-16:18:44:45,91 INFO     [psi4.optking.convcheck:263] 
	                                 ==> Convergence Check <==                                  
    
	Measures of convergence in internal coordinates in au.
    
	Criteria marked as inactive (o), active & met (*), and active & unmet ( ).

	----------------------------------------------------------------------------------------------
	   Step    Total Energy     Delta E     Max Force     RMS Force      Max Disp      RMS Disp   
	----------------------------------------------------------------------------------------------
	  Convergence Criteria     1.00e-06 *    3.00e-04 *             o    1.20e-03 *             o
	----------------------------------------------------------------------------------------------
	    10    -304.11182016   -2.12e-06      2.96e-04 *    2.96e-04 o    1.95e-03      1.95e-03 o  ~
	----------------------------------------------------------------------------------------------


2025-07-16:18:44:45,91 INFO     [psi4.optking.stepAlgorithms:266] 	Convergence check returned False
2025-07-16:18:44:45,106 INFO     [psi4.driver.task_planner:285] PLANNING Atomic:  keywords={'DAMPING_PERCENTAGE': 1.0, 'GEOM_MAXITER': 500, 'SCF__GUESS': 'READ', 'GUESS': 'SAP', 'MAXITER': 500, 'REFERENCE': 'UKS', 'function_kwargs': {}}
2025-07-16:18:44:45,108 INFO     [psi4.driver.driver:636] Compute gradient(): method=b3lyp, basis=cc-pvdz, molecule=default, nre=13.960756889784262
2025-07-16:18:44:46,323 INFO     [psi4.driver.driver:639] Return gradient(): -304.1118205744958
2025-07-16:18:44:46,323 INFO     [psi4.driver.driver:640] [[ 0.00000000  0.00000000 -0.00013422]
 [ 0.00000000  0.00000000  0.00012923]]
2025-07-16:18:44:46,324 INFO     [psi4.optking.history:257] 	Performing BFGS update.
2025-07-16:18:44:46,324 INFO     [psi4.optking.history:268] 	Using 4 previous steps for update.
2025-07-16:18:44:46,325 INFO     [psi4.optking.history:302] 	Steps to be used in Hessian update:  10 9 8 7

2025-07-16:18:44:46,325 INFO     [psi4.optking.history:400] 	Updated Hessian (in au) 
 	   0.106410

2025-07-16:18:44:46,325 INFO     [psi4.optking.molsys:874] Projected (PHP) Hessian matrix
	   0.106410

2025-07-16:18:44:46,325 INFO     [psi4.optking.opt_helper:168] 
	         Geometry (au)                                       Gradient (au)
   0.0000000000   0.0000000000   3.0339274259		   0.0000000000   0.0000000000  -0.0001342161
   0.0000000000   0.0000000000  -0.9773164087		   0.0000000000   0.0000000000   0.0001292316

2025-07-16:18:44:46,325 INFO     [psi4.optking.stepAlgorithms:315] 	Current Step Report 
 
	Current energy:      -304.1118205745
	Energy change for the previous step:
		Actual       :        -0.0000004185
		Projected    :        -0.0000002889

2025-07-16:18:44:46,325 INFO     [psi4.optking.stepAlgorithms:318] 	Energy ratio =    1.44888
2025-07-16:18:44:46,325 INFO     [psi4.optking.stepAlgorithms:750] 	Using RFO solution 1.
2025-07-16:18:44:46,325 INFO     [psi4.optking.displace:73] 	Determining Cartesian step for fragment 1.
2025-07-16:18:44:46,325 INFO     [psi4.optking.displace:378] 	Successfully converged to displaced geometry.
2025-07-16:18:44:46,325 INFO     [psi4.optking.displace:379] 	RMS(dx):  0.000e+00 	Max(dx):  0.000e+00 	RMS(dq):  0.000e+00
2025-07-16:18:44:46,325 INFO     [psi4.optking.displace:132] 

	        --- Internal Coordinate Step in ANG or DEG, aJ/ANG or AJ/DEG ---
	-------------------------------------------------------------------------------
	           Coordinate      Previous         Force          Change          New 
	           ----------      --------        ------          ------        ------
	               R(1,2)       2.12266        0.00109        0.00066       2.12331
	-------------------------------------------------------------------------------

2025-07-16:18:44:46,325 INFO     [psi4.optking.stepAlgorithms:96] 	|target step| :    0.0012378919
2025-07-16:18:44:46,325 INFO     [psi4.optking.stepAlgorithms:97] 	gradient     :   -0.0001317239
2025-07-16:18:44:46,325 INFO     [psi4.optking.stepAlgorithms:98] 	hessian      :    0.1064096586
2025-07-16:18:44:46,325 INFO     [psi4.optking.stepAlgorithms:177] 	Norm of achieved step-size    0.0012378919
2025-07-16:18:44:46,325 INFO     [psi4.optking.stepAlgorithms:179] 	Norm of achieved step-size (cart):    0.0008753218
2025-07-16:18:44:46,326 INFO     [psi4.optking.opt_helper:151] Molsys:

	                            ===> Fragment 1 <== 

	 Z (Atomic Numbers)          Masses                          Geom                  
	       4.000000             9.012183          0.00000000  0.00000000  3.03454637   
	      14.000000            27.976927          0.00000000  0.00000000 -0.97793535   

	 - Coordinate -           - BOHR/RAD -       - ANG/DEG -
	 R(1,2)           =         4.012482           2.123314

2025-07-16:18:44:46,326 INFO     [psi4.optking.convcheck:71] Performing convergence check.
2025-07-16:18:44:46,326 INFO     [psi4.optking.convcheck:263] 
	                                 ==> Convergence Check <==                                  
    
	Measures of convergence in internal coordinates in au.
    
	Criteria marked as inactive (o), active & met (*), and active & unmet ( ).

	----------------------------------------------------------------------------------------------
	   Step    Total Energy     Delta E     Max Force     RMS Force      Max Disp      RMS Disp   
	----------------------------------------------------------------------------------------------
	  Convergence Criteria     1.00e-06 *    3.00e-04 *             o    1.20e-03 *             o
	----------------------------------------------------------------------------------------------
	    11    -304.11182057   -4.19e-07 *    1.32e-04 *    1.32e-04 o    1.24e-03      1.24e-03 o  ~
	----------------------------------------------------------------------------------------------


2025-07-16:18:44:46,326 INFO     [psi4.optking.convcheck:193] 
	                      ===> Final Convergence Report <===                     

	----------------------------------------------------------------------------
	|   Required Criteria    |  One or More Criteria  |   Alternate Criteria   |
	----------------------------------------------------------------------------
	| [x]     max_force      | [x]       max_DE       |                        |
	|                        | [ ]      max_disp      |                        |
	----------------------------------------------------------------------------


2025-07-16:18:44:46,326 INFO     [psi4.optking.stepAlgorithms:266] 	Convergence check returned True
2025-07-16:18:44:46,326 INFO     [psi4.optking.optimize:286] 	Converged in 11 steps!
2025-07-16:18:44:46,326 INFO     [psi4.optking.optimize:287] 	Final energy is   -304.1118205744958
2025-07-16:18:44:46,326 INFO     [psi4.optking.optimize:288] 	Final structure (Angstroms): 
	Fragment 1 (Ang)

	   Be   0.0000000000   0.0000000000   1.6058127847
	   Si   0.0000000000   0.0000000000  -0.5175011032


2025-07-16:18:44:46,327 INFO     [psi4.optking.optimize:432] 	Optimization Finished

	==> Optimization Summary <==

        
	Measures of convergence in internal coordinates in au. (Any backward steps not shown.)
        
	---------------------------------------------------------------------------------------------------------------  ~
        
	 Step         Total Energy             Delta E       MAX Force       RMS Force        MAX Disp        RMS Disp   ~
        
	---------------------------------------------------------------------------------------------------------------  ~
        
	     1    -303.612603290296   -303.612603290296      0.91735241      0.91735241      0.20970032      0.20970032  ~
	     2    -303.775052596564     -0.162449306269      0.64339728      0.64339728      0.28303434      0.28303434  ~
	     3    -303.916173712955     -0.141121116391      0.37084084      0.37084084      0.30354344      0.30354344  ~
	     4    -303.997377417996     -0.081203705041      0.17933385      0.17933385      0.26438054      0.26438054  ~
	     5    -304.030044061188     -0.032666643192      0.07590228      0.07590228      0.18721324      0.18721324  ~
	     6    -304.096305996217     -0.066261935029      0.07527876      0.07527876      0.29774315      0.29774315  ~
	     7    -304.109863371061     -0.013557374843      0.02119631      0.02119631      0.18169727      0.18169727  ~
	     8    -304.111807165387     -0.001943794326      0.00152640      0.00152640      0.00992168      0.00992168  ~
	     9    -304.111818036551     -0.000010871164      0.00066903      0.00066903      0.00438806      0.00438806  ~
	    10    -304.111820155968     -0.000002119417      0.00029620      0.00029620      0.00195044      0.00195044  ~
	    11    -304.111820574496     -0.000000418528      0.00013172      0.00013172      0.00123789      0.00123789  ~
	----------------------------------------------------------------------------------------------------------------


2025-07-16:18:44:46,327 INFO     [psi4.optking.optimize:640] Preparing OptimizationResult
