2025-07-17:10:49:23,478 INFO     [psi4.optking.optwrapper:214] Creating a UserComputer
2025-07-17:10:49:23,479 INFO     [psi4.optking.optwrapper:222] 
    			-----------------------------------------

    			 OPTKING 3.0: for geometry optimizations 

    			     By R.A. King, Bethel University     

    			        with contributions from          

    			    A.V. Copan, J. Cayton, A. Heide      

    			-----------------------------------------

    
2025-07-17:10:49:23,479 INFO     [psi4.optking.optwrapper:238] 
		 -- Optimization Parameters --
	accept_symmetry_breaking       =           False
	alg_geom_maxiter               =             500
	bt_dx_conv                     =           1e-07
	bt_dx_rms_change_conv          =           1e-12
	bt_max_iter                    =              25
	cart_hess_read                 =           False
	consecutive_backsteps_allowed  =               0
	conv_max_DE                    =           1e-06
	conv_max_disp                  =          0.0012
	conv_max_force                 =          0.0003
	conv_rms_disp                  =              -1
	conv_rms_force                 =              -1
	covalent_connect               =             1.3
	dynamic_level                  =               0
	dynamic_level_max              =               0
	ensure_bt_convergence          =           False
	ext_force_bend                 =              []
	ext_force_cartesian            =              []
	ext_force_dihedral             =              []
	ext_force_distance             =              []
	ext_force_oofp                 =              []
	fix_val_near_pi                =            1.57
	flexible_g_convergence         =           False
	frag_mode                      =          SINGLE
	frag_ref_atoms                 =            None
	freeze_intrafrag               =           False
	frozen_bend                    =              []
	frozen_cartesian               =              []
	frozen_dihedral                =              []
	frozen_distance                =              []
	frozen_oofp                    =              []
	full_hess_every                =              -1
	g_convergence                  =           QCHEM
	generate_intcos_exit           =           False
	geom_maxiter                   =             500
	h_bond_connect                 =             4.3
	hess_update                    =            BFGS
	hess_update_den_tol            =           1e-07
	hess_update_dq_tol             =             0.5
	hess_update_limit              =            True
	hess_update_limit_max          =             1.0
	hess_update_limit_scale        =             0.5
	hess_update_use_last           =               4
	hessian_file                   =            None
	i_max_DE                       =            True
	i_max_disp                     =            True
	i_max_force                    =            True
	i_rms_disp                     =           False
	i_rms_force                    =           False
	i_untampered                   =            True
	include_oofp                   =           False
	interfrag_collinear_tol        =            0.01
	interfrag_coords               =            None
	interfrag_dist_inv             =           False
	interfrag_mode                 =           FIXED
	interfrag_trust                =             0.5
	interfrag_trust_max            =             1.0
	interfrag_trust_min            =           0.001
	interfragment_connect          =             1.8
	intrafrag_hess                 =        SCHLEGEL
	intrafrag_trust                =             0.5
	intrafrag_trust_max            =             1.0
	intrafrag_trust_min            =           0.001
	irc_direction                  =         FORWARD
	irc_points                     =              20
	irc_step_size                  =             0.2
	keep_intcos                    =           False
	linear_bend_threshold          =            3.05
	linesearch                     =           False
	linesearch_step                =             0.1
	max_disp_g_convergence         =          0.0012
	max_energy_g_convergence       =           1e-06
	max_force_g_convergence        =          0.0003
	opt_coordinates                =       REDUNDANT
	opt_type                       =             MIN
	output_type                    =            FILE
	print_lvl                      =               1
	program                        =            psi4
	ranged_bend                    =              []
	ranged_cartesian               =              []
	ranged_dihedral                =              []
	ranged_distance                =              []
	ranged_oofp                    =              []
	redundant_eval_tol             =           1e-10
	rfo_follow_root                =           False
	rfo_normalization_max          =             100
	rfo_root                       =               0
	rms_disp_g_convergence         =          0.0012
	rms_force_g_convergence        =          0.0003
	rsrfo_alpha_max                =     100000000.0
	sd_hessian                     =             1.0
	simple_step_scaling            =           False
	small_bend_fix_threshold       =            0.35
	steepest_descent_type          =         OVERLAP
	step_type                      =             RFO
	test_B                         =           False
	test_derivative_B              =           False
	trajectory                     =           False
	v3d_tors_angle_lim             =           0.017
	v3d_tors_cos_tol               =           1e-10
	working_consecutive_backsteps  =               0
	working_steps_since_last_H     =               0


2025-07-17:10:49:23,979 INFO     [psi4.optking.opt_helper:151] Molsys:

	                            ===> Fragment 1 <== 

	 Z (Atomic Numbers)          Masses                          Geom                  
	       9.000000            18.998403         -0.00000000  1.13383568  0.00000000   
	       9.000000            18.998403          0.00000000 -1.13383568  0.00000000   

	 - Coordinate -           - BOHR/RAD -       - ANG/DEG -
	 R(1,2)           =         2.267671           1.200000

2025-07-17:10:49:23,990 INFO     [psi4.driver.task_planner:285] PLANNING Atomic:  keywords={'DAMPING_PERCENTAGE': 1.0, 'GEOM_MAXITER': 500, 'GUESS': 'SAP', 'MAXITER': 500, 'REFERENCE': 'UKS', 'function_kwargs': {}}
2025-07-17:10:49:23,992 INFO     [psi4.driver.driver:636] Compute gradient(): method=b3lyp, basis=cc-pvdz, molecule=default, nre=35.719461720225006
2025-07-17:10:49:25,479 INFO     [psi4.driver.driver:639] Return gradient(): -199.23234220560525
2025-07-17:10:49:25,479 INFO     [psi4.driver.driver:640] [[ 0.00000000 -0.95722378  0.00000000]
 [-0.00000000  0.95722378  0.00000000]]
2025-07-17:10:49:25,481 INFO     [psi4.optking.molsys:874] Projected (PHP) Hessian matrix
	   1.048231

2025-07-17:10:49:25,482 INFO     [psi4.optking.opt_helper:168] 
	         Geometry (au)                                       Gradient (au)
  -0.0000000000   1.1338356753   0.0000000000		   0.0000000000  -0.9572237842   0.0000000000
   0.0000000000  -1.1338356753   0.0000000000		  -0.0000000000   0.9572237842   0.0000000000

2025-07-17:10:49:25,483 INFO     [psi4.optking.stepAlgorithms:750] 	Using RFO solution 1.
2025-07-17:10:49:25,484 INFO     [psi4.optking.displace:73] 	Determining Cartesian step for fragment 1.
2025-07-17:10:49:25,484 INFO     [psi4.optking.displace:378] 	Successfully converged to displaced geometry.
2025-07-17:10:49:25,485 INFO     [psi4.optking.displace:379] 	RMS(dx):  0.000e+00 	Max(dx):  0.000e+00 	RMS(dq):  0.000e+00
2025-07-17:10:49:25,485 INFO     [psi4.optking.displace:132] 

	        --- Internal Coordinate Step in ANG or DEG, aJ/ANG or AJ/DEG ---
	-------------------------------------------------------------------------------
	           Coordinate      Previous         Force          Change          New 
	           ----------      --------        ------          ------        ------
	               R(1,2)       1.20000        7.88630        0.26459       1.46459
	-------------------------------------------------------------------------------

2025-07-17:10:49:25,485 INFO     [psi4.optking.stepAlgorithms:96] 	|target step| :    0.5000041943
2025-07-17:10:49:25,485 INFO     [psi4.optking.stepAlgorithms:97] 	gradient     :   -0.9572237842
2025-07-17:10:49:25,485 INFO     [psi4.optking.stepAlgorithms:98] 	hessian      :    1.0482306732
2025-07-17:10:49:25,485 INFO     [psi4.optking.stepAlgorithms:177] 	Norm of achieved step-size    0.5000041943
2025-07-17:10:49:25,485 INFO     [psi4.optking.stepAlgorithms:179] 	Norm of achieved step-size (cart):    0.3535563564
2025-07-17:10:49:25,485 INFO     [psi4.optking.opt_helper:151] Molsys:

	                            ===> Fragment 1 <== 

	 Z (Atomic Numbers)          Masses                          Geom                  
	       9.000000            18.998403         -0.00000000  1.38383777  0.00000000   
	       9.000000            18.998403          0.00000000 -1.38383777  0.00000000   

	 - Coordinate -           - BOHR/RAD -       - ANG/DEG -
	 R(1,2)           =         2.767676           1.464591

2025-07-17:10:49:25,486 INFO     [psi4.optking.convcheck:71] Performing convergence check.
2025-07-17:10:49:25,486 INFO     [psi4.optking.convcheck:263] 
	                                 ==> Convergence Check <==                                  
    
	Measures of convergence in internal coordinates in au.
    
	Criteria marked as inactive (o), active & met (*), and active & unmet ( ).

	----------------------------------------------------------------------------------------------
	   Step    Total Energy     Delta E     Max Force     RMS Force      Max Disp      RMS Disp   
	----------------------------------------------------------------------------------------------
	  Convergence Criteria     1.00e-06 *    3.00e-04 *             o    1.20e-03 *             o
	----------------------------------------------------------------------------------------------
	     1    -199.23234221   -1.99e+02      9.57e-01      9.57e-01 o    5.00e-01      5.00e-01 o  ~
	----------------------------------------------------------------------------------------------


2025-07-17:10:49:25,486 INFO     [psi4.optking.stepAlgorithms:266] 	Convergence check returned False
2025-07-17:10:49:25,502 INFO     [psi4.driver.task_planner:285] PLANNING Atomic:  keywords={'DAMPING_PERCENTAGE': 1.0, 'GEOM_MAXITER': 500, 'SCF__GUESS': 'READ', 'GUESS': 'SAP', 'MAXITER': 500, 'REFERENCE': 'UKS', 'function_kwargs': {}}
2025-07-17:10:49:25,506 INFO     [psi4.driver.driver:636] Compute gradient(): method=b3lyp, basis=cc-pvdz, molecule=default, nre=29.266436287963526
2025-07-17:10:49:26,470 INFO     [psi4.driver.driver:639] Return gradient(): -199.50892853261206
2025-07-17:10:49:26,470 INFO     [psi4.driver.driver:640] [[ 0.00000000 -0.27424733 -0.00000000]
 [-0.00000000  0.27424733  0.00000000]]
2025-07-17:10:49:26,472 INFO     [psi4.optking.history:257] 	Performing BFGS update.
2025-07-17:10:49:26,472 INFO     [psi4.optking.history:268] 	Using 1 previous steps for update.
2025-07-17:10:49:26,473 INFO     [psi4.optking.history:302] 	Steps to be used in Hessian update:  1

2025-07-17:10:49:26,473 INFO     [psi4.optking.history:400] 	Updated Hessian (in au) 
 	   1.365941

2025-07-17:10:49:26,473 INFO     [psi4.optking.molsys:874] Projected (PHP) Hessian matrix
	   1.365941

2025-07-17:10:49:26,473 INFO     [psi4.optking.opt_helper:168] 
	         Geometry (au)                                       Gradient (au)
  -0.0000000000   1.3838377724   0.0000000000		   0.0000000000  -0.2742473309  -0.0000000000
   0.0000000000  -1.3838377724   0.0000000000		  -0.0000000000   0.2742473309   0.0000000000

2025-07-17:10:49:26,473 INFO     [psi4.optking.stepAlgorithms:315] 	Current Step Report 
 
	Current energy:      -199.5089285326
	Energy change for the previous step:
		Actual       :        -0.2765863270
		Projected    :        -0.2780669666

2025-07-17:10:49:26,473 INFO     [psi4.optking.stepAlgorithms:318] 	Energy ratio =    0.99468
2025-07-17:10:49:26,473 INFO     [psi4.optking.stepAlgorithms:346] 	Energy ratio indicates good step.
2025-07-17:10:49:26,473 INFO     [psi4.optking.stepAlgorithms:347] 	Intrafrag trust radius increased to 1.000e+00.
2025-07-17:10:49:26,473 INFO     [psi4.optking.stepAlgorithms:750] 	Using RFO solution 1.
2025-07-17:10:49:26,473 INFO     [psi4.optking.displace:73] 	Determining Cartesian step for fragment 1.
2025-07-17:10:49:26,473 INFO     [psi4.optking.displace:378] 	Successfully converged to displaced geometry.
2025-07-17:10:49:26,473 INFO     [psi4.optking.displace:379] 	RMS(dx):  0.000e+00 	Max(dx):  0.000e+00 	RMS(dq):  0.000e+00
2025-07-17:10:49:26,473 INFO     [psi4.optking.displace:132] 

	        --- Internal Coordinate Step in ANG or DEG, aJ/ANG or AJ/DEG ---
	-------------------------------------------------------------------------------
	           Coordinate      Previous         Force          Change          New 
	           ----------      --------        ------          ------        ------
	               R(1,2)       1.46459        2.25945        0.10228       1.56687
	-------------------------------------------------------------------------------

2025-07-17:10:49:26,473 INFO     [psi4.optking.stepAlgorithms:96] 	|target step| :    0.1932752898
2025-07-17:10:49:26,473 INFO     [psi4.optking.stepAlgorithms:97] 	gradient     :   -0.2742473309
2025-07-17:10:49:26,474 INFO     [psi4.optking.stepAlgorithms:98] 	hessian      :    1.3659414483
2025-07-17:10:49:26,474 INFO     [psi4.optking.stepAlgorithms:177] 	Norm of achieved step-size    0.1932752898
2025-07-17:10:49:26,474 INFO     [psi4.optking.stepAlgorithms:179] 	Norm of achieved step-size (cart):    0.1366662680
2025-07-17:10:49:26,474 INFO     [psi4.optking.opt_helper:151] Molsys:

	                            ===> Fragment 1 <== 

	 Z (Atomic Numbers)          Masses                          Geom                  
	       9.000000            18.998403         -0.00000000  1.48047542  0.00000000   
	       9.000000            18.998403          0.00000000 -1.48047542  0.00000000   

	 - Coordinate -           - BOHR/RAD -       - ANG/DEG -
	 R(1,2)           =         2.960951           1.566868

2025-07-17:10:49:26,474 INFO     [psi4.optking.convcheck:71] Performing convergence check.
2025-07-17:10:49:26,474 INFO     [psi4.optking.convcheck:263] 
	                                 ==> Convergence Check <==                                  
    
	Measures of convergence in internal coordinates in au.
    
	Criteria marked as inactive (o), active & met (*), and active & unmet ( ).

	----------------------------------------------------------------------------------------------
	   Step    Total Energy     Delta E     Max Force     RMS Force      Max Disp      RMS Disp   
	----------------------------------------------------------------------------------------------
	  Convergence Criteria     1.00e-06 *    3.00e-04 *             o    1.20e-03 *             o
	----------------------------------------------------------------------------------------------
	     2    -199.50892853   -2.77e-01      2.74e-01      2.74e-01 o    1.93e-01      1.93e-01 o  ~
	----------------------------------------------------------------------------------------------


2025-07-17:10:49:26,474 INFO     [psi4.optking.stepAlgorithms:266] 	Convergence check returned False
2025-07-17:10:49:26,491 INFO     [psi4.driver.task_planner:285] PLANNING Atomic:  keywords={'DAMPING_PERCENTAGE': 1.0, 'GEOM_MAXITER': 500, 'SCF__GUESS': 'READ', 'GUESS': 'SAP', 'MAXITER': 500, 'REFERENCE': 'UKS', 'function_kwargs': {}}
2025-07-17:10:49:26,492 INFO     [psi4.driver.driver:636] Compute gradient(): method=b3lyp, basis=cc-pvdz, molecule=default, nre=27.356077329128752
2025-07-17:10:49:27,385 INFO     [psi4.driver.driver:639] Return gradient(): -199.55013605698375
2025-07-17:10:49:27,386 INFO     [psi4.driver.driver:640] [[ 0.00000000 -0.16079172  0.00000000]
 [-0.00000000  0.16079172  0.00000000]]
2025-07-17:10:49:27,388 INFO     [psi4.optking.history:257] 	Performing BFGS update.
2025-07-17:10:49:27,389 INFO     [psi4.optking.history:268] 	Using 2 previous steps for update.
2025-07-17:10:49:27,389 WARNING  [psi4.optking.history:286] 	Change in internal coordinate of 6.93e-01 exceeds limit of 5.00e-01.
2025-07-17:10:49:27,389 WARNING  [psi4.optking.history:291] 	Skipping Hessian update for step 1.
2025-07-17:10:49:27,389 INFO     [psi4.optking.history:302] 	Steps to be used in Hessian update:  2

2025-07-17:10:49:27,389 INFO     [psi4.optking.history:400] 	Updated Hessian (in au) 
 	   0.587016

2025-07-17:10:49:27,389 INFO     [psi4.optking.molsys:874] Projected (PHP) Hessian matrix
	   0.587016

2025-07-17:10:49:27,389 INFO     [psi4.optking.opt_helper:168] 
	         Geometry (au)                                       Gradient (au)
  -0.0000000000   1.4804754173   0.0000000000		   0.0000000000  -0.1607917234   0.0000000000
   0.0000000000  -1.4804754173   0.0000000000		  -0.0000000000   0.1607917234   0.0000000000

2025-07-17:10:49:27,389 INFO     [psi4.optking.stepAlgorithms:315] 	Current Step Report 
 
	Current energy:      -199.5501360570
	Energy change for the previous step:
		Actual       :        -0.0412075244
		Projected    :        -0.0265026162

2025-07-17:10:49:27,389 INFO     [psi4.optking.stepAlgorithms:318] 	Energy ratio =    1.55485
2025-07-17:10:49:27,390 INFO     [psi4.optking.stepAlgorithms:750] 	Using RFO solution 1.
2025-07-17:10:49:27,390 INFO     [psi4.optking.displace:73] 	Determining Cartesian step for fragment 1.
2025-07-17:10:49:27,390 INFO     [psi4.optking.displace:378] 	Successfully converged to displaced geometry.
2025-07-17:10:49:27,390 INFO     [psi4.optking.displace:379] 	RMS(dx):  0.000e+00 	Max(dx):  0.000e+00 	RMS(dq):  0.000e+00
2025-07-17:10:49:27,390 INFO     [psi4.optking.displace:132] 

	        --- Internal Coordinate Step in ANG or DEG, aJ/ANG or AJ/DEG ---
	-------------------------------------------------------------------------------
	           Coordinate      Previous         Force          Change          New 
	           ----------      --------        ------          ------        ------
	               R(1,2)       1.56687        1.32472        0.13545       1.70232
	-------------------------------------------------------------------------------

2025-07-17:10:49:27,390 INFO     [psi4.optking.stepAlgorithms:96] 	|target step| :    0.2559672617
2025-07-17:10:49:27,391 INFO     [psi4.optking.stepAlgorithms:97] 	gradient     :   -0.1607917234
2025-07-17:10:49:27,391 INFO     [psi4.optking.stepAlgorithms:98] 	hessian      :    0.5870155858
2025-07-17:10:49:27,391 INFO     [psi4.optking.stepAlgorithms:177] 	Norm of achieved step-size    0.2559672617
2025-07-17:10:49:27,391 INFO     [psi4.optking.stepAlgorithms:179] 	Norm of achieved step-size (cart):    0.1809961865
2025-07-17:10:49:27,391 INFO     [psi4.optking.opt_helper:151] Molsys:

	                            ===> Fragment 1 <== 

	 Z (Atomic Numbers)          Masses                          Geom                  
	       9.000000            18.998403         -0.00000000  1.60845905  0.00000000   
	       9.000000            18.998403          0.00000000 -1.60845905  0.00000000   

	 - Coordinate -           - BOHR/RAD -       - ANG/DEG -
	 R(1,2)           =         3.216918           1.702320

2025-07-17:10:49:27,391 INFO     [psi4.optking.convcheck:71] Performing convergence check.
2025-07-17:10:49:27,391 INFO     [psi4.optking.convcheck:263] 
	                                 ==> Convergence Check <==                                  
    
	Measures of convergence in internal coordinates in au.
    
	Criteria marked as inactive (o), active & met (*), and active & unmet ( ).

	----------------------------------------------------------------------------------------------
	   Step    Total Energy     Delta E     Max Force     RMS Force      Max Disp      RMS Disp   
	----------------------------------------------------------------------------------------------
	  Convergence Criteria     1.00e-06 *    3.00e-04 *             o    1.20e-03 *             o
	----------------------------------------------------------------------------------------------
	     3    -199.55013606   -4.12e-02      1.61e-01      1.61e-01 o    2.56e-01      2.56e-01 o  ~
	----------------------------------------------------------------------------------------------


2025-07-17:10:49:27,391 INFO     [psi4.optking.stepAlgorithms:266] 	Convergence check returned False
2025-07-17:10:49:27,409 INFO     [psi4.driver.task_planner:285] PLANNING Atomic:  keywords={'DAMPING_PERCENTAGE': 1.0, 'GEOM_MAXITER': 500, 'SCF__GUESS': 'READ', 'GUESS': 'SAP', 'MAXITER': 500, 'REFERENCE': 'UKS', 'function_kwargs': {}}
2025-07-17:10:49:27,410 INFO     [psi4.driver.driver:636] Compute gradient(): method=b3lyp, basis=cc-pvdz, molecule=default, nre=25.1793790128156
2025-07-17:10:49:28,300 INFO     [psi4.driver.driver:639] Return gradient(): -199.57880575639862
2025-07-17:10:49:28,300 INFO     [psi4.driver.driver:640] [[ 0.00000000 -0.07237527  0.00000000]
 [-0.00000000  0.07237527  0.00000000]]
2025-07-17:10:49:28,303 INFO     [psi4.optking.history:257] 	Performing BFGS update.
2025-07-17:10:49:28,303 INFO     [psi4.optking.history:268] 	Using 3 previous steps for update.
2025-07-17:10:49:28,303 WARNING  [psi4.optking.history:286] 	Change in internal coordinate of 9.49e-01 exceeds limit of 5.00e-01.
2025-07-17:10:49:28,303 WARNING  [psi4.optking.history:291] 	Skipping Hessian update for step 1.
2025-07-17:10:49:28,303 INFO     [psi4.optking.history:302] 	Steps to be used in Hessian update:  3 2

2025-07-17:10:49:28,303 INFO     [psi4.optking.history:400] 	Updated Hessian (in au) 
 	   0.449361

2025-07-17:10:49:28,304 INFO     [psi4.optking.molsys:874] Projected (PHP) Hessian matrix
	   0.449361

2025-07-17:10:49:28,304 INFO     [psi4.optking.opt_helper:168] 
	         Geometry (au)                                       Gradient (au)
  -0.0000000000   1.6084590482   0.0000000000		   0.0000000000  -0.0723752712   0.0000000000
   0.0000000000  -1.6084590482   0.0000000000		  -0.0000000000   0.0723752712   0.0000000000

2025-07-17:10:49:28,304 INFO     [psi4.optking.stepAlgorithms:315] 	Current Step Report 
 
	Current energy:      -199.5788057564
	Energy change for the previous step:
		Actual       :        -0.0286696994
		Projected    :        -0.0205787086

2025-07-17:10:49:28,304 INFO     [psi4.optking.stepAlgorithms:318] 	Energy ratio =    1.39317
2025-07-17:10:49:28,304 INFO     [psi4.optking.stepAlgorithms:750] 	Using RFO solution 1.
2025-07-17:10:49:28,304 INFO     [psi4.optking.displace:73] 	Determining Cartesian step for fragment 1.
2025-07-17:10:49:28,304 INFO     [psi4.optking.displace:378] 	Successfully converged to displaced geometry.
2025-07-17:10:49:28,305 INFO     [psi4.optking.displace:379] 	RMS(dx):  0.000e+00 	Max(dx):  0.000e+00 	RMS(dq):  0.000e+00
2025-07-17:10:49:28,305 INFO     [psi4.optking.displace:132] 

	        --- Internal Coordinate Step in ANG or DEG, aJ/ANG or AJ/DEG ---
	-------------------------------------------------------------------------------
	           Coordinate      Previous         Force          Change          New 
	           ----------      --------        ------          ------        ------
	               R(1,2)       1.70232        0.59628        0.08313       1.78545
	-------------------------------------------------------------------------------

2025-07-17:10:49:28,305 INFO     [psi4.optking.stepAlgorithms:96] 	|target step| :    0.1570881691
2025-07-17:10:49:28,305 INFO     [psi4.optking.stepAlgorithms:97] 	gradient     :   -0.0723752712
2025-07-17:10:49:28,305 INFO     [psi4.optking.stepAlgorithms:98] 	hessian      :    0.4493609499
2025-07-17:10:49:28,305 INFO     [psi4.optking.stepAlgorithms:177] 	Norm of achieved step-size    0.1570881691
2025-07-17:10:49:28,305 INFO     [psi4.optking.stepAlgorithms:179] 	Norm of achieved step-size (cart):    0.1110781096
2025-07-17:10:49:28,305 INFO     [psi4.optking.opt_helper:151] Molsys:

	                            ===> Fragment 1 <== 

	 Z (Atomic Numbers)          Masses                          Geom                  
	       9.000000            18.998403         -0.00000000  1.68700313  0.00000000   
	       9.000000            18.998403          0.00000000 -1.68700313  0.00000000   

	 - Coordinate -           - BOHR/RAD -       - ANG/DEG -
	 R(1,2)           =         3.374006           1.785447

2025-07-17:10:49:28,305 INFO     [psi4.optking.convcheck:71] Performing convergence check.
2025-07-17:10:49:28,305 INFO     [psi4.optking.convcheck:263] 
	                                 ==> Convergence Check <==                                  
    
	Measures of convergence in internal coordinates in au.
    
	Criteria marked as inactive (o), active & met (*), and active & unmet ( ).

	----------------------------------------------------------------------------------------------
	   Step    Total Energy     Delta E     Max Force     RMS Force      Max Disp      RMS Disp   
	----------------------------------------------------------------------------------------------
	  Convergence Criteria     1.00e-06 *    3.00e-04 *             o    1.20e-03 *             o
	----------------------------------------------------------------------------------------------
	     4    -199.57880576   -2.87e-02      7.24e-02      7.24e-02 o    1.57e-01      1.57e-01 o  ~
	----------------------------------------------------------------------------------------------


2025-07-17:10:49:28,305 INFO     [psi4.optking.stepAlgorithms:266] 	Convergence check returned False
2025-07-17:10:49:28,317 INFO     [psi4.driver.task_planner:285] PLANNING Atomic:  keywords={'DAMPING_PERCENTAGE': 1.0, 'GEOM_MAXITER': 500, 'SCF__GUESS': 'READ', 'GUESS': 'SAP', 'MAXITER': 500, 'REFERENCE': 'UKS', 'function_kwargs': {}}
2025-07-17:10:49:28,319 INFO     [psi4.driver.driver:636] Compute gradient(): method=b3lyp, basis=cc-pvdz, molecule=default, nre=24.00706863849084
2025-07-17:10:49:29,105 INFO     [psi4.driver.driver:639] Return gradient(): -199.58748124623463
2025-07-17:10:49:29,105 INFO     [psi4.driver.driver:640] [[ 0.00000000 -0.04027261  0.00000000]
 [-0.00000000  0.04027261  0.00000000]]
2025-07-17:10:49:29,108 INFO     [psi4.optking.history:257] 	Performing BFGS update.
2025-07-17:10:49:29,108 INFO     [psi4.optking.history:268] 	Using 4 previous steps for update.
2025-07-17:10:49:29,108 WARNING  [psi4.optking.history:286] 	Change in internal coordinate of 6.06e-01 exceeds limit of 5.00e-01.
2025-07-17:10:49:29,108 WARNING  [psi4.optking.history:291] 	Skipping Hessian update for step 2.
2025-07-17:10:49:29,108 WARNING  [psi4.optking.history:286] 	Change in internal coordinate of 1.11e+00 exceeds limit of 5.00e-01.
2025-07-17:10:49:29,108 WARNING  [psi4.optking.history:291] 	Skipping Hessian update for step 1.
2025-07-17:10:49:29,108 INFO     [psi4.optking.history:302] 	Steps to be used in Hessian update:  4 3

2025-07-17:10:49:29,109 INFO     [psi4.optking.history:400] 	Updated Hessian (in au) 
 	   0.291775

2025-07-17:10:49:29,109 INFO     [psi4.optking.molsys:874] Projected (PHP) Hessian matrix
	   0.291775

2025-07-17:10:49:29,109 INFO     [psi4.optking.opt_helper:168] 
	         Geometry (au)                                       Gradient (au)
  -0.0000000000   1.6870031327   0.0000000000		   0.0000000000  -0.0402726079   0.0000000000
   0.0000000000  -1.6870031327   0.0000000000		  -0.0000000000   0.0402726079   0.0000000000

2025-07-17:10:49:29,109 INFO     [psi4.optking.stepAlgorithms:315] 	Current Step Report 
 
	Current energy:      -199.5874812462
	Energy change for the previous step:
		Actual       :        -0.0086754898
		Projected    :        -0.0056846494

2025-07-17:10:49:29,109 INFO     [psi4.optking.stepAlgorithms:318] 	Energy ratio =    1.52613
2025-07-17:10:49:29,109 INFO     [psi4.optking.stepAlgorithms:750] 	Using RFO solution 1.
2025-07-17:10:49:29,109 INFO     [psi4.optking.displace:73] 	Determining Cartesian step for fragment 1.
2025-07-17:10:49:29,110 INFO     [psi4.optking.displace:378] 	Successfully converged to displaced geometry.
2025-07-17:10:49:29,110 INFO     [psi4.optking.displace:379] 	RMS(dx):  0.000e+00 	Max(dx):  0.000e+00 	RMS(dq):  0.000e+00
2025-07-17:10:49:29,110 INFO     [psi4.optking.displace:132] 

	        --- Internal Coordinate Step in ANG or DEG, aJ/ANG or AJ/DEG ---
	-------------------------------------------------------------------------------
	           Coordinate      Previous         Force          Change          New 
	           ----------      --------        ------          ------        ------
	               R(1,2)       1.78545        0.33179        0.07170       1.85715
	-------------------------------------------------------------------------------

2025-07-17:10:49:29,110 INFO     [psi4.optking.stepAlgorithms:96] 	|target step| :    0.1354924800
2025-07-17:10:49:29,110 INFO     [psi4.optking.stepAlgorithms:97] 	gradient     :   -0.0402726079
2025-07-17:10:49:29,110 INFO     [psi4.optking.stepAlgorithms:98] 	hessian      :    0.2917746786
2025-07-17:10:49:29,110 INFO     [psi4.optking.stepAlgorithms:177] 	Norm of achieved step-size    0.1354924800
2025-07-17:10:49:29,110 INFO     [psi4.optking.stepAlgorithms:179] 	Norm of achieved step-size (cart):    0.0958076514
2025-07-17:10:49:29,110 INFO     [psi4.optking.opt_helper:151] Molsys:

	                            ===> Fragment 1 <== 

	 Z (Atomic Numbers)          Masses                          Geom                  
	       9.000000            18.998403         -0.00000000  1.75474937  0.00000000   
	       9.000000            18.998403          0.00000000 -1.75474937  0.00000000   

	 - Coordinate -           - BOHR/RAD -       - ANG/DEG -
	 R(1,2)           =         3.509499           1.857147

2025-07-17:10:49:29,111 INFO     [psi4.optking.convcheck:71] Performing convergence check.
2025-07-17:10:49:29,111 INFO     [psi4.optking.convcheck:263] 
	                                 ==> Convergence Check <==                                  
    
	Measures of convergence in internal coordinates in au.
    
	Criteria marked as inactive (o), active & met (*), and active & unmet ( ).

	----------------------------------------------------------------------------------------------
	   Step    Total Energy     Delta E     Max Force     RMS Force      Max Disp      RMS Disp   
	----------------------------------------------------------------------------------------------
	  Convergence Criteria     1.00e-06 *    3.00e-04 *             o    1.20e-03 *             o
	----------------------------------------------------------------------------------------------
	     5    -199.58748125   -8.68e-03      4.03e-02      4.03e-02 o    1.35e-01      1.35e-01 o  ~
	----------------------------------------------------------------------------------------------


2025-07-17:10:49:29,111 INFO     [psi4.optking.stepAlgorithms:266] 	Convergence check returned False
2025-07-17:10:49:29,125 INFO     [psi4.driver.task_planner:285] PLANNING Atomic:  keywords={'DAMPING_PERCENTAGE': 1.0, 'GEOM_MAXITER': 500, 'SCF__GUESS': 'READ', 'GUESS': 'SAP', 'MAXITER': 500, 'REFERENCE': 'UKS', 'function_kwargs': {}}
2025-07-17:10:49:29,126 INFO     [psi4.driver.driver:636] Compute gradient(): method=b3lyp, basis=cc-pvdz, molecule=default, nre=23.080219107260916
2025-07-17:10:49:29,934 INFO     [psi4.driver.driver:639] Return gradient(): -199.59158679007265
2025-07-17:10:49:29,935 INFO     [psi4.driver.driver:640] [[ 0.00000000 -0.02150059  0.00000000]
 [-0.00000000  0.02150059 -0.00000000]]
2025-07-17:10:49:29,936 INFO     [psi4.optking.history:257] 	Performing BFGS update.
2025-07-17:10:49:29,936 INFO     [psi4.optking.history:268] 	Using 4 previous steps for update.
2025-07-17:10:49:29,936 WARNING  [psi4.optking.history:286] 	Change in internal coordinate of 5.49e-01 exceeds limit of 5.00e-01.
2025-07-17:10:49:29,936 WARNING  [psi4.optking.history:291] 	Skipping Hessian update for step 3.
2025-07-17:10:49:29,936 WARNING  [psi4.optking.history:286] 	Change in internal coordinate of 7.42e-01 exceeds limit of 5.00e-01.
2025-07-17:10:49:29,936 WARNING  [psi4.optking.history:291] 	Skipping Hessian update for step 2.
2025-07-17:10:49:29,936 WARNING  [psi4.optking.history:286] 	Change in internal coordinate of 1.24e+00 exceeds limit of 5.00e-01.
2025-07-17:10:49:29,936 WARNING  [psi4.optking.history:291] 	Skipping Hessian update for step 1.
2025-07-17:10:49:29,936 INFO     [psi4.optking.history:302] 	Steps to be used in Hessian update:  5 4

2025-07-17:10:49:29,937 INFO     [psi4.optking.history:400] 	Updated Hessian (in au) 
 	   0.173883

2025-07-17:10:49:29,937 INFO     [psi4.optking.molsys:874] Projected (PHP) Hessian matrix
	   0.173883

2025-07-17:10:49:29,937 INFO     [psi4.optking.opt_helper:168] 
	         Geometry (au)                                       Gradient (au)
  -0.0000000000   1.7547493727   0.0000000000		   0.0000000000  -0.0215005899   0.0000000000
   0.0000000000  -1.7547493727   0.0000000000		  -0.0000000000   0.0215005899  -0.0000000000

2025-07-17:10:49:29,937 INFO     [psi4.optking.stepAlgorithms:315] 	Current Step Report 
 
	Current energy:      -199.5915867901
	Energy change for the previous step:
		Actual       :        -0.0041055438
		Projected    :        -0.0027283178

2025-07-17:10:49:29,937 INFO     [psi4.optking.stepAlgorithms:318] 	Energy ratio =    1.50479
2025-07-17:10:49:29,937 INFO     [psi4.optking.stepAlgorithms:750] 	Using RFO solution 1.
2025-07-17:10:49:29,937 INFO     [psi4.optking.displace:73] 	Determining Cartesian step for fragment 1.
2025-07-17:10:49:29,937 INFO     [psi4.optking.displace:378] 	Successfully converged to displaced geometry.
2025-07-17:10:49:29,937 INFO     [psi4.optking.displace:379] 	RMS(dx):  0.000e+00 	Max(dx):  0.000e+00 	RMS(dq):  0.000e+00
2025-07-17:10:49:29,937 INFO     [psi4.optking.displace:132] 

	        --- Internal Coordinate Step in ANG or DEG, aJ/ANG or AJ/DEG ---
	-------------------------------------------------------------------------------
	           Coordinate      Previous         Force          Change          New 
	           ----------      --------        ------          ------        ------
	               R(1,2)       1.85715        0.17714        0.06446       1.92161
	-------------------------------------------------------------------------------

2025-07-17:10:49:29,937 INFO     [psi4.optking.stepAlgorithms:96] 	|target step| :    0.1218152075
2025-07-17:10:49:29,937 INFO     [psi4.optking.stepAlgorithms:97] 	gradient     :   -0.0215005899
2025-07-17:10:49:29,937 INFO     [psi4.optking.stepAlgorithms:98] 	hessian      :    0.1738825908
2025-07-17:10:49:29,937 INFO     [psi4.optking.stepAlgorithms:177] 	Norm of achieved step-size    0.1218152075
2025-07-17:10:49:29,937 INFO     [psi4.optking.stepAlgorithms:179] 	Norm of achieved step-size (cart):    0.0861363593
2025-07-17:10:49:29,937 INFO     [psi4.optking.opt_helper:151] Molsys:

	                            ===> Fragment 1 <== 

	 Z (Atomic Numbers)          Masses                          Geom                  
	       9.000000            18.998403         -0.00000000  1.81565698  0.00000000   
	       9.000000            18.998403          0.00000000 -1.81565698  0.00000000   

	 - Coordinate -           - BOHR/RAD -       - ANG/DEG -
	 R(1,2)           =         3.631314           1.921609

2025-07-17:10:49:29,938 INFO     [psi4.optking.convcheck:71] Performing convergence check.
2025-07-17:10:49:29,938 INFO     [psi4.optking.convcheck:263] 
	                                 ==> Convergence Check <==                                  
    
	Measures of convergence in internal coordinates in au.
    
	Criteria marked as inactive (o), active & met (*), and active & unmet ( ).

	----------------------------------------------------------------------------------------------
	   Step    Total Energy     Delta E     Max Force     RMS Force      Max Disp      RMS Disp   
	----------------------------------------------------------------------------------------------
	  Convergence Criteria     1.00e-06 *    3.00e-04 *             o    1.20e-03 *             o
	----------------------------------------------------------------------------------------------
	     6    -199.59158679   -4.11e-03      2.15e-02      2.15e-02 o    1.22e-01      1.22e-01 o  ~
	----------------------------------------------------------------------------------------------


2025-07-17:10:49:29,938 INFO     [psi4.optking.stepAlgorithms:266] 	Convergence check returned False
2025-07-17:10:49:29,949 INFO     [psi4.driver.task_planner:285] PLANNING Atomic:  keywords={'DAMPING_PERCENTAGE': 1.0, 'GEOM_MAXITER': 500, 'SCF__GUESS': 'READ', 'GUESS': 'SAP', 'MAXITER': 500, 'REFERENCE': 'UKS', 'function_kwargs': {}}
2025-07-17:10:49:29,950 INFO     [psi4.driver.driver:636] Compute gradient(): method=b3lyp, basis=cc-pvdz, molecule=default, nre=22.305975481795326
2025-07-17:10:49:30,746 INFO     [psi4.driver.driver:639] Return gradient(): -199.59344697365077
2025-07-17:10:49:30,746 INFO     [psi4.driver.driver:640] [[ 0.00000000 -0.00972698  0.00000000]
 [-0.00000000  0.00972698  0.00000000]]
2025-07-17:10:49:30,748 INFO     [psi4.optking.history:257] 	Performing BFGS update.
2025-07-17:10:49:30,748 INFO     [psi4.optking.history:268] 	Using 4 previous steps for update.
2025-07-17:10:49:30,748 WARNING  [psi4.optking.history:286] 	Change in internal coordinate of 6.70e-01 exceeds limit of 5.00e-01.
2025-07-17:10:49:30,748 WARNING  [psi4.optking.history:291] 	Skipping Hessian update for step 3.
2025-07-17:10:49:30,748 WARNING  [psi4.optking.history:286] 	Change in internal coordinate of 8.64e-01 exceeds limit of 5.00e-01.
2025-07-17:10:49:30,748 WARNING  [psi4.optking.history:291] 	Skipping Hessian update for step 2.
2025-07-17:10:49:30,748 WARNING  [psi4.optking.history:286] 	Change in internal coordinate of 1.36e+00 exceeds limit of 5.00e-01.
2025-07-17:10:49:30,749 WARNING  [psi4.optking.history:291] 	Skipping Hessian update for step 1.
2025-07-17:10:49:30,749 INFO     [psi4.optking.history:302] 	Steps to be used in Hessian update:  6 5 4

2025-07-17:10:49:30,749 INFO     [psi4.optking.history:400] 	Updated Hessian (in au) 
 	   0.151180

2025-07-17:10:49:30,749 INFO     [psi4.optking.molsys:874] Projected (PHP) Hessian matrix
	   0.151180

2025-07-17:10:49:30,749 INFO     [psi4.optking.opt_helper:168] 
	         Geometry (au)                                       Gradient (au)
  -0.0000000000   1.8156569764   0.0000000000		   0.0000000000  -0.0097269823   0.0000000000
   0.0000000000  -1.8156569764   0.0000000000		  -0.0000000000   0.0097269823   0.0000000000

2025-07-17:10:49:30,749 INFO     [psi4.optking.stepAlgorithms:315] 	Current Step Report 
 
	Current energy:      -199.5934469737
	Energy change for the previous step:
		Actual       :        -0.0018601836
		Projected    :        -0.0013095494

2025-07-17:10:49:30,749 INFO     [psi4.optking.stepAlgorithms:318] 	Energy ratio =    1.42048
2025-07-17:10:49:30,749 INFO     [psi4.optking.stepAlgorithms:750] 	Using RFO solution 1.
2025-07-17:10:49:30,749 INFO     [psi4.optking.displace:73] 	Determining Cartesian step for fragment 1.
2025-07-17:10:49:30,749 INFO     [psi4.optking.displace:378] 	Successfully converged to displaced geometry.
2025-07-17:10:49:30,749 INFO     [psi4.optking.displace:379] 	RMS(dx):  0.000e+00 	Max(dx):  0.000e+00 	RMS(dq):  0.000e+00
2025-07-17:10:49:30,749 INFO     [psi4.optking.displace:132] 

	        --- Internal Coordinate Step in ANG or DEG, aJ/ANG or AJ/DEG ---
	-------------------------------------------------------------------------------
	           Coordinate      Previous         Force          Change          New 
	           ----------      --------        ------          ------        ------
	               R(1,2)       1.92161        0.08014        0.03391       1.95552
	-------------------------------------------------------------------------------

2025-07-17:10:49:30,749 INFO     [psi4.optking.stepAlgorithms:96] 	|target step| :    0.0640763156
2025-07-17:10:49:30,749 INFO     [psi4.optking.stepAlgorithms:97] 	gradient     :   -0.0097269823
2025-07-17:10:49:30,749 INFO     [psi4.optking.stepAlgorithms:98] 	hessian      :    0.1511798149
2025-07-17:10:49:30,749 INFO     [psi4.optking.stepAlgorithms:177] 	Norm of achieved step-size    0.0640763156
2025-07-17:10:49:30,749 INFO     [psi4.optking.stepAlgorithms:179] 	Norm of achieved step-size (cart):    0.0453087973
2025-07-17:10:49:30,750 INFO     [psi4.optking.opt_helper:151] Molsys:

	                            ===> Fragment 1 <== 

	 Z (Atomic Numbers)          Masses                          Geom                  
	       9.000000            18.998403         -0.00000000  1.84769513  0.00000000   
	       9.000000            18.998403          0.00000000 -1.84769513  0.00000000   

	 - Coordinate -           - BOHR/RAD -       - ANG/DEG -
	 R(1,2)           =         3.695390           1.955516

2025-07-17:10:49:30,750 INFO     [psi4.optking.convcheck:71] Performing convergence check.
2025-07-17:10:49:30,750 INFO     [psi4.optking.convcheck:263] 
	                                 ==> Convergence Check <==                                  
    
	Measures of convergence in internal coordinates in au.
    
	Criteria marked as inactive (o), active & met (*), and active & unmet ( ).

	----------------------------------------------------------------------------------------------
	   Step    Total Energy     Delta E     Max Force     RMS Force      Max Disp      RMS Disp   
	----------------------------------------------------------------------------------------------
	  Convergence Criteria     1.00e-06 *    3.00e-04 *             o    1.20e-03 *             o
	----------------------------------------------------------------------------------------------
	     7    -199.59344697   -1.86e-03      9.73e-03      9.73e-03 o    6.41e-02      6.41e-02 o  ~
	----------------------------------------------------------------------------------------------


2025-07-17:10:49:30,750 INFO     [psi4.optking.stepAlgorithms:266] 	Convergence check returned False
2025-07-17:10:49:30,765 INFO     [psi4.driver.task_planner:285] PLANNING Atomic:  keywords={'DAMPING_PERCENTAGE': 1.0, 'GEOM_MAXITER': 500, 'SCF__GUESS': 'READ', 'GUESS': 'SAP', 'MAXITER': 500, 'REFERENCE': 'UKS', 'function_kwargs': {}}
2025-07-17:10:49:30,767 INFO     [psi4.driver.driver:636] Compute gradient(): method=b3lyp, basis=cc-pvdz, molecule=default, nre=21.91920044037583
2025-07-17:10:49:31,563 INFO     [psi4.driver.driver:639] Return gradient(): -199.59391495480304
2025-07-17:10:49:31,563 INFO     [psi4.driver.driver:640] [[ 0.00000000 -0.00502434 -0.00000000]
 [-0.00000000  0.00502434  0.00000000]]
2025-07-17:10:49:31,566 INFO     [psi4.optking.history:257] 	Performing BFGS update.
2025-07-17:10:49:31,566 INFO     [psi4.optking.history:268] 	Using 4 previous steps for update.
2025-07-17:10:49:31,566 INFO     [psi4.optking.history:302] 	Steps to be used in Hessian update:  7 6 5 4

2025-07-17:10:49:31,567 INFO     [psi4.optking.history:400] 	Updated Hessian (in au) 
 	   0.140762

2025-07-17:10:49:31,567 INFO     [psi4.optking.molsys:874] Projected (PHP) Hessian matrix
	   0.140762

2025-07-17:10:49:31,567 INFO     [psi4.optking.opt_helper:168] 
	         Geometry (au)                                       Gradient (au)
  -0.0000000000   1.8476951342   0.0000000000		   0.0000000000  -0.0050243385  -0.0000000000
   0.0000000000  -1.8476951342   0.0000000000		  -0.0000000000   0.0050243385   0.0000000000

2025-07-17:10:49:31,567 INFO     [psi4.optking.stepAlgorithms:315] 	Current Step Report 
 
	Current energy:      -199.5939149548
	Energy change for the previous step:
		Actual       :        -0.0004679812
		Projected    :        -0.0003116346

2025-07-17:10:49:31,567 INFO     [psi4.optking.stepAlgorithms:318] 	Energy ratio =    1.50170
2025-07-17:10:49:31,567 INFO     [psi4.optking.stepAlgorithms:750] 	Using RFO solution 1.
2025-07-17:10:49:31,567 INFO     [psi4.optking.displace:73] 	Determining Cartesian step for fragment 1.
2025-07-17:10:49:31,567 INFO     [psi4.optking.displace:378] 	Successfully converged to displaced geometry.
2025-07-17:10:49:31,567 INFO     [psi4.optking.displace:379] 	RMS(dx):  0.000e+00 	Max(dx):  0.000e+00 	RMS(dq):  0.000e+00
2025-07-17:10:49:31,567 INFO     [psi4.optking.displace:132] 

	        --- Internal Coordinate Step in ANG or DEG, aJ/ANG or AJ/DEG ---
	-------------------------------------------------------------------------------
	           Coordinate      Previous         Force          Change          New 
	           ----------      --------        ------          ------        ------
	               R(1,2)       1.95552        0.04139        0.01886       1.97438
	-------------------------------------------------------------------------------

2025-07-17:10:49:31,567 INFO     [psi4.optking.stepAlgorithms:96] 	|target step| :    0.0356483724
2025-07-17:10:49:31,567 INFO     [psi4.optking.stepAlgorithms:97] 	gradient     :   -0.0050243385
2025-07-17:10:49:31,567 INFO     [psi4.optking.stepAlgorithms:98] 	hessian      :    0.1407624866
2025-07-17:10:49:31,567 INFO     [psi4.optking.stepAlgorithms:177] 	Norm of achieved step-size    0.0356483724
2025-07-17:10:49:31,567 INFO     [psi4.optking.stepAlgorithms:179] 	Norm of achieved step-size (cart):    0.0252072059
2025-07-17:10:49:31,568 INFO     [psi4.optking.opt_helper:151] Molsys:

	                            ===> Fragment 1 <== 

	 Z (Atomic Numbers)          Masses                          Geom                  
	       9.000000            18.998403         -0.00000000  1.86551932  0.00000000   
	       9.000000            18.998403          0.00000000 -1.86551932  0.00000000   

	 - Coordinate -           - BOHR/RAD -       - ANG/DEG -
	 R(1,2)           =         3.731039           1.974381

2025-07-17:10:49:31,568 INFO     [psi4.optking.convcheck:71] Performing convergence check.
2025-07-17:10:49:31,568 INFO     [psi4.optking.convcheck:263] 
	                                 ==> Convergence Check <==                                  
    
	Measures of convergence in internal coordinates in au.
    
	Criteria marked as inactive (o), active & met (*), and active & unmet ( ).

	----------------------------------------------------------------------------------------------
	   Step    Total Energy     Delta E     Max Force     RMS Force      Max Disp      RMS Disp   
	----------------------------------------------------------------------------------------------
	  Convergence Criteria     1.00e-06 *    3.00e-04 *             o    1.20e-03 *             o
	----------------------------------------------------------------------------------------------
	     8    -199.59391495   -4.68e-04      5.02e-03      5.02e-03 o    3.56e-02      3.56e-02 o  ~
	----------------------------------------------------------------------------------------------


2025-07-17:10:49:31,568 INFO     [psi4.optking.stepAlgorithms:266] 	Convergence check returned False
2025-07-17:10:49:31,586 INFO     [psi4.driver.task_planner:285] PLANNING Atomic:  keywords={'DAMPING_PERCENTAGE': 1.0, 'GEOM_MAXITER': 500, 'SCF__GUESS': 'READ', 'GUESS': 'SAP', 'MAXITER': 500, 'REFERENCE': 'UKS', 'function_kwargs': {}}
2025-07-17:10:49:31,589 INFO     [psi4.driver.driver:636] Compute gradient(): method=b3lyp, basis=cc-pvdz, molecule=default, nre=21.70977247774572
2025-07-17:10:49:32,349 INFO     [psi4.driver.driver:639] Return gradient(): -199.59405347282842
2025-07-17:10:49:32,349 INFO     [psi4.driver.driver:640] [[ 0.00000000 -0.00277614  0.00000000]
 [-0.00000000  0.00277614  0.00000000]]
2025-07-17:10:49:32,352 INFO     [psi4.optking.history:257] 	Performing BFGS update.
2025-07-17:10:49:32,352 INFO     [psi4.optking.history:268] 	Using 4 previous steps for update.
2025-07-17:10:49:32,353 INFO     [psi4.optking.history:302] 	Steps to be used in Hessian update:  8 7 6 5

2025-07-17:10:49:32,353 INFO     [psi4.optking.history:400] 	Updated Hessian (in au) 
 	   0.105023

2025-07-17:10:49:32,353 INFO     [psi4.optking.molsys:874] Projected (PHP) Hessian matrix
	   0.105023

2025-07-17:10:49:32,353 INFO     [psi4.optking.opt_helper:168] 
	         Geometry (au)                                       Gradient (au)
  -0.0000000000   1.8655193205   0.0000000000		   0.0000000000  -0.0027761412   0.0000000000
   0.0000000000  -1.8655193205   0.0000000000		  -0.0000000000   0.0027761412   0.0000000000

2025-07-17:10:49:32,354 INFO     [psi4.optking.stepAlgorithms:315] 	Current Step Report 
 
	Current energy:      -199.5940534728
	Energy change for the previous step:
		Actual       :        -0.0001385180
		Projected    :        -0.0000895547

2025-07-17:10:49:32,354 INFO     [psi4.optking.stepAlgorithms:318] 	Energy ratio =    1.54674
2025-07-17:10:49:32,354 INFO     [psi4.optking.stepAlgorithms:750] 	Using RFO solution 1.
2025-07-17:10:49:32,354 INFO     [psi4.optking.displace:73] 	Determining Cartesian step for fragment 1.
2025-07-17:10:49:32,354 INFO     [psi4.optking.displace:378] 	Successfully converged to displaced geometry.
2025-07-17:10:49:32,354 INFO     [psi4.optking.displace:379] 	RMS(dx):  0.000e+00 	Max(dx):  0.000e+00 	RMS(dq):  0.000e+00
2025-07-17:10:49:32,354 INFO     [psi4.optking.displace:132] 

	        --- Internal Coordinate Step in ANG or DEG, aJ/ANG or AJ/DEG ---
	-------------------------------------------------------------------------------
	           Coordinate      Previous         Force          Change          New 
	           ----------      --------        ------          ------        ------
	               R(1,2)       1.97438        0.02287        0.01398       1.98836
	-------------------------------------------------------------------------------

2025-07-17:10:49:32,355 INFO     [psi4.optking.stepAlgorithms:96] 	|target step| :    0.0264153074
2025-07-17:10:49:32,355 INFO     [psi4.optking.stepAlgorithms:97] 	gradient     :   -0.0027761412
2025-07-17:10:49:32,355 INFO     [psi4.optking.stepAlgorithms:98] 	hessian      :    0.1050225952
2025-07-17:10:49:32,355 INFO     [psi4.optking.stepAlgorithms:177] 	Norm of achieved step-size    0.0264153074
2025-07-17:10:49:32,355 INFO     [psi4.optking.stepAlgorithms:179] 	Norm of achieved step-size (cart):    0.0186784430
2025-07-17:10:49:32,355 INFO     [psi4.optking.opt_helper:151] Molsys:

	                            ===> Fragment 1 <== 

	 Z (Atomic Numbers)          Masses                          Geom                  
	       9.000000            18.998403         -0.00000000  1.87872697  0.00000000   
	       9.000000            18.998403          0.00000000 -1.87872697  0.00000000   

	 - Coordinate -           - BOHR/RAD -       - ANG/DEG -
	 R(1,2)           =         3.757454           1.988359

2025-07-17:10:49:32,355 INFO     [psi4.optking.convcheck:71] Performing convergence check.
2025-07-17:10:49:32,355 INFO     [psi4.optking.convcheck:263] 
	                                 ==> Convergence Check <==                                  
    
	Measures of convergence in internal coordinates in au.
    
	Criteria marked as inactive (o), active & met (*), and active & unmet ( ).

	----------------------------------------------------------------------------------------------
	   Step    Total Energy     Delta E     Max Force     RMS Force      Max Disp      RMS Disp   
	----------------------------------------------------------------------------------------------
	  Convergence Criteria     1.00e-06 *    3.00e-04 *             o    1.20e-03 *             o
	----------------------------------------------------------------------------------------------
	     9    -199.59405347   -1.39e-04      2.78e-03      2.78e-03 o    2.64e-02      2.64e-02 o  ~
	----------------------------------------------------------------------------------------------


2025-07-17:10:49:32,355 INFO     [psi4.optking.stepAlgorithms:266] 	Convergence check returned False
2025-07-17:10:49:32,367 INFO     [psi4.driver.task_planner:285] PLANNING Atomic:  keywords={'DAMPING_PERCENTAGE': 1.0, 'GEOM_MAXITER': 500, 'SCF__GUESS': 'READ', 'GUESS': 'SAP', 'MAXITER': 500, 'REFERENCE': 'UKS', 'function_kwargs': {}}
2025-07-17:10:49:32,370 INFO     [psi4.driver.driver:636] Compute gradient(): method=b3lyp, basis=cc-pvdz, molecule=default, nre=21.55715043077974
2025-07-17:10:49:33,264 INFO     [psi4.driver.driver:639] Return gradient(): -199.59410675750297
2025-07-17:10:49:33,265 INFO     [psi4.driver.driver:640] [[ 0.00000000 -0.00126237  0.00000000]
 [-0.00000000  0.00126237  0.00000000]]
2025-07-17:10:49:33,268 INFO     [psi4.optking.history:257] 	Performing BFGS update.
2025-07-17:10:49:33,268 INFO     [psi4.optking.history:268] 	Using 4 previous steps for update.
2025-07-17:10:49:33,268 INFO     [psi4.optking.history:302] 	Steps to be used in Hessian update:  9 8 7 6

2025-07-17:10:49:33,269 INFO     [psi4.optking.history:400] 	Updated Hessian (in au) 
 	   0.081620

2025-07-17:10:49:33,269 INFO     [psi4.optking.molsys:874] Projected (PHP) Hessian matrix
	   0.081620

2025-07-17:10:49:33,269 INFO     [psi4.optking.opt_helper:168] 
	         Geometry (au)                                       Gradient (au)
  -0.0000000000   1.8787269741   0.0000000000		   0.0000000000  -0.0012623705   0.0000000000
   0.0000000000  -1.8787269741   0.0000000000		  -0.0000000000   0.0012623705   0.0000000000

2025-07-17:10:49:33,269 INFO     [psi4.optking.stepAlgorithms:315] 	Current Step Report 
 
	Current energy:      -199.5941067575
	Energy change for the previous step:
		Actual       :        -0.0000532847
		Projected    :        -0.0000366663

2025-07-17:10:49:33,269 INFO     [psi4.optking.stepAlgorithms:318] 	Energy ratio =    1.45323
2025-07-17:10:49:33,269 INFO     [psi4.optking.stepAlgorithms:750] 	Using RFO solution 1.
2025-07-17:10:49:33,270 INFO     [psi4.optking.displace:73] 	Determining Cartesian step for fragment 1.
2025-07-17:10:49:33,270 INFO     [psi4.optking.displace:378] 	Successfully converged to displaced geometry.
2025-07-17:10:49:33,270 INFO     [psi4.optking.displace:379] 	RMS(dx):  0.000e+00 	Max(dx):  0.000e+00 	RMS(dq):  0.000e+00
2025-07-17:10:49:33,270 INFO     [psi4.optking.displace:132] 

	        --- Internal Coordinate Step in ANG or DEG, aJ/ANG or AJ/DEG ---
	-------------------------------------------------------------------------------
	           Coordinate      Previous         Force          Change          New 
	           ----------      --------        ------          ------        ------
	               R(1,2)       1.98836        0.01040        0.00818       1.99654
	-------------------------------------------------------------------------------

2025-07-17:10:49:33,270 INFO     [psi4.optking.stepAlgorithms:96] 	|target step| :    0.0154626499
2025-07-17:10:49:33,270 INFO     [psi4.optking.stepAlgorithms:97] 	gradient     :   -0.0012623705
2025-07-17:10:49:33,271 INFO     [psi4.optking.stepAlgorithms:98] 	hessian      :    0.0816204668
2025-07-17:10:49:33,271 INFO     [psi4.optking.stepAlgorithms:177] 	Norm of achieved step-size    0.0154626499
2025-07-17:10:49:33,271 INFO     [psi4.optking.stepAlgorithms:179] 	Norm of achieved step-size (cart):    0.0109337446
2025-07-17:10:49:33,271 INFO     [psi4.optking.opt_helper:151] Molsys:

	                            ===> Fragment 1 <== 

	 Z (Atomic Numbers)          Masses                          Geom                  
	       9.000000            18.998403         -0.00000000  1.88645830  0.00000000   
	       9.000000            18.998403          0.00000000 -1.88645830  0.00000000   

	 - Coordinate -           - BOHR/RAD -       - ANG/DEG -
	 R(1,2)           =         3.772917           1.996541

2025-07-17:10:49:33,271 INFO     [psi4.optking.convcheck:71] Performing convergence check.
2025-07-17:10:49:33,272 INFO     [psi4.optking.convcheck:263] 
	                                 ==> Convergence Check <==                                  
    
	Measures of convergence in internal coordinates in au.
    
	Criteria marked as inactive (o), active & met (*), and active & unmet ( ).

	----------------------------------------------------------------------------------------------
	   Step    Total Energy     Delta E     Max Force     RMS Force      Max Disp      RMS Disp   
	----------------------------------------------------------------------------------------------
	  Convergence Criteria     1.00e-06 *    3.00e-04 *             o    1.20e-03 *             o
	----------------------------------------------------------------------------------------------
	    10    -199.59410676   -5.33e-05      1.26e-03      1.26e-03 o    1.55e-02      1.55e-02 o  ~
	----------------------------------------------------------------------------------------------


2025-07-17:10:49:33,272 INFO     [psi4.optking.stepAlgorithms:266] 	Convergence check returned False
2025-07-17:10:49:33,290 INFO     [psi4.driver.task_planner:285] PLANNING Atomic:  keywords={'DAMPING_PERCENTAGE': 1.0, 'GEOM_MAXITER': 500, 'SCF__GUESS': 'READ', 'GUESS': 'SAP', 'MAXITER': 500, 'REFERENCE': 'UKS', 'function_kwargs': {}}
2025-07-17:10:49:33,291 INFO     [psi4.driver.driver:636] Compute gradient(): method=b3lyp, basis=cc-pvdz, molecule=default, nre=21.468802156671504
2025-07-17:10:49:34,77 INFO     [psi4.driver.driver:639] Return gradient(): -199.59411995924938
2025-07-17:10:49:34,77 INFO     [psi4.driver.driver:640] [[ 0.00000000 -0.00043244  0.00000000]
 [-0.00000000  0.00043244 -0.00000000]]
2025-07-17:10:49:34,80 INFO     [psi4.optking.history:257] 	Performing BFGS update.
2025-07-17:10:49:34,80 INFO     [psi4.optking.history:268] 	Using 4 previous steps for update.
2025-07-17:10:49:34,80 INFO     [psi4.optking.history:302] 	Steps to be used in Hessian update:  10 9 8 7

2025-07-17:10:49:34,80 INFO     [psi4.optking.history:400] 	Updated Hessian (in au) 
 	   0.065638

2025-07-17:10:49:34,81 INFO     [psi4.optking.molsys:874] Projected (PHP) Hessian matrix
	   0.065638

2025-07-17:10:49:34,81 INFO     [psi4.optking.opt_helper:168] 
	         Geometry (au)                                       Gradient (au)
  -0.0000000000   1.8864582991   0.0000000000		   0.0000000000  -0.0004324411   0.0000000000
   0.0000000000  -1.8864582991   0.0000000000		  -0.0000000000   0.0004324411  -0.0000000000

2025-07-17:10:49:34,81 INFO     [psi4.optking.stepAlgorithms:315] 	Current Step Report 
 
	Current energy:      -199.5941199592
	Energy change for the previous step:
		Actual       :        -0.0000132017
		Projected    :        -0.0000097598

2025-07-17:10:49:34,81 INFO     [psi4.optking.stepAlgorithms:318] 	Energy ratio =    1.35267
2025-07-17:10:49:34,81 INFO     [psi4.optking.stepAlgorithms:750] 	Using RFO solution 1.
2025-07-17:10:49:34,81 INFO     [psi4.optking.displace:73] 	Determining Cartesian step for fragment 1.
2025-07-17:10:49:34,81 INFO     [psi4.optking.displace:378] 	Successfully converged to displaced geometry.
2025-07-17:10:49:34,81 INFO     [psi4.optking.displace:379] 	RMS(dx):  0.000e+00 	Max(dx):  0.000e+00 	RMS(dq):  0.000e+00
2025-07-17:10:49:34,81 INFO     [psi4.optking.displace:132] 

	        --- Internal Coordinate Step in ANG or DEG, aJ/ANG or AJ/DEG ---
	-------------------------------------------------------------------------------
	           Coordinate      Previous         Force          Change          New 
	           ----------      --------        ------          ------        ------
	               R(1,2)       1.99654        0.00356        0.00349       2.00003
	-------------------------------------------------------------------------------

2025-07-17:10:49:34,81 INFO     [psi4.optking.stepAlgorithms:96] 	|target step| :    0.0065879685
2025-07-17:10:49:34,81 INFO     [psi4.optking.stepAlgorithms:97] 	gradient     :   -0.0004324411
2025-07-17:10:49:34,81 INFO     [psi4.optking.stepAlgorithms:98] 	hessian      :    0.0656381893
2025-07-17:10:49:34,81 INFO     [psi4.optking.stepAlgorithms:177] 	Norm of achieved step-size    0.0065879685
2025-07-17:10:49:34,81 INFO     [psi4.optking.stepAlgorithms:179] 	Norm of achieved step-size (cart):    0.0046583972
2025-07-17:10:49:34,81 INFO     [psi4.optking.opt_helper:151] Molsys:

	                            ===> Fragment 1 <== 

	 Z (Atomic Numbers)          Masses                          Geom                  
	       9.000000            18.998403         -0.00000000  1.88975228  0.00000000   
	       9.000000            18.998403          0.00000000 -1.88975228  0.00000000   

	 - Coordinate -           - BOHR/RAD -       - ANG/DEG -
	 R(1,2)           =         3.779505           2.000028

2025-07-17:10:49:34,82 INFO     [psi4.optking.convcheck:71] Performing convergence check.
2025-07-17:10:49:34,82 INFO     [psi4.optking.convcheck:263] 
	                                 ==> Convergence Check <==                                  
    
	Measures of convergence in internal coordinates in au.
    
	Criteria marked as inactive (o), active & met (*), and active & unmet ( ).

	----------------------------------------------------------------------------------------------
	   Step    Total Energy     Delta E     Max Force     RMS Force      Max Disp      RMS Disp   
	----------------------------------------------------------------------------------------------
	  Convergence Criteria     1.00e-06 *    3.00e-04 *             o    1.20e-03 *             o
	----------------------------------------------------------------------------------------------
	    11    -199.59411996   -1.32e-05      4.32e-04      4.32e-04 o    6.59e-03      6.59e-03 o  ~
	----------------------------------------------------------------------------------------------


2025-07-17:10:49:34,82 INFO     [psi4.optking.stepAlgorithms:266] 	Convergence check returned False
2025-07-17:10:49:34,93 INFO     [psi4.driver.task_planner:285] PLANNING Atomic:  keywords={'DAMPING_PERCENTAGE': 1.0, 'GEOM_MAXITER': 500, 'SCF__GUESS': 'READ', 'GUESS': 'SAP', 'MAXITER': 500, 'REFERENCE': 'UKS', 'function_kwargs': {}}
2025-07-17:10:49:34,94 INFO     [psi4.driver.driver:636] Compute gradient(): method=b3lyp, basis=cc-pvdz, molecule=default, nre=21.43138037574514
2025-07-17:10:49:34,738 INFO     [psi4.driver.driver:639] Return gradient(): -199.5941217441339
2025-07-17:10:49:34,738 INFO     [psi4.driver.driver:640] [[ 0.00000000 -0.00009093  0.00000000]
 [-0.00000000  0.00009093  0.00000000]]
2025-07-17:10:49:34,739 INFO     [psi4.optking.history:257] 	Performing BFGS update.
2025-07-17:10:49:34,739 INFO     [psi4.optking.history:268] 	Using 4 previous steps for update.
2025-07-17:10:49:34,739 INFO     [psi4.optking.history:302] 	Steps to be used in Hessian update:  11 10 9 8

2025-07-17:10:49:34,739 INFO     [psi4.optking.history:400] 	Updated Hessian (in au) 
 	   0.058651

2025-07-17:10:49:34,739 INFO     [psi4.optking.molsys:874] Projected (PHP) Hessian matrix
	   0.058651

2025-07-17:10:49:34,740 INFO     [psi4.optking.opt_helper:168] 
	         Geometry (au)                                       Gradient (au)
  -0.0000000000   1.8897522833   0.0000000000		   0.0000000000  -0.0000909274   0.0000000000
   0.0000000000  -1.8897522833   0.0000000000		  -0.0000000000   0.0000909274   0.0000000000

2025-07-17:10:49:34,740 INFO     [psi4.optking.stepAlgorithms:315] 	Current Step Report 
 
	Current energy:      -199.5941217441
	Energy change for the previous step:
		Actual       :        -0.0000017849
		Projected    :        -0.0000014245

2025-07-17:10:49:34,740 INFO     [psi4.optking.stepAlgorithms:318] 	Energy ratio =    1.25303
2025-07-17:10:49:34,740 INFO     [psi4.optking.stepAlgorithms:750] 	Using RFO solution 1.
2025-07-17:10:49:34,740 INFO     [psi4.optking.displace:73] 	Determining Cartesian step for fragment 1.
2025-07-17:10:49:34,741 INFO     [psi4.optking.displace:378] 	Successfully converged to displaced geometry.
2025-07-17:10:49:34,741 INFO     [psi4.optking.displace:379] 	RMS(dx):  0.000e+00 	Max(dx):  0.000e+00 	RMS(dq):  0.000e+00
2025-07-17:10:49:34,741 INFO     [psi4.optking.displace:132] 

	        --- Internal Coordinate Step in ANG or DEG, aJ/ANG or AJ/DEG ---
	-------------------------------------------------------------------------------
	           Coordinate      Previous         Force          Change          New 
	           ----------      --------        ------          ------        ------
	               R(1,2)       2.00003        0.00075        0.00082       2.00085
	-------------------------------------------------------------------------------

2025-07-17:10:49:34,741 INFO     [psi4.optking.stepAlgorithms:96] 	|target step| :    0.0015503021
2025-07-17:10:49:34,741 INFO     [psi4.optking.stepAlgorithms:97] 	gradient     :   -0.0000909274
2025-07-17:10:49:34,741 INFO     [psi4.optking.stepAlgorithms:98] 	hessian      :    0.0586512780
2025-07-17:10:49:34,741 INFO     [psi4.optking.stepAlgorithms:177] 	Norm of achieved step-size    0.0015503021
2025-07-17:10:49:34,741 INFO     [psi4.optking.stepAlgorithms:179] 	Norm of achieved step-size (cart):    0.0010962292
2025-07-17:10:49:34,741 INFO     [psi4.optking.opt_helper:151] Molsys:

	                            ===> Fragment 1 <== 

	 Z (Atomic Numbers)          Masses                          Geom                  
	       9.000000            18.998403         -0.00000000  1.89052743  0.00000000   
	       9.000000            18.998403          0.00000000 -1.89052743  0.00000000   

	 - Coordinate -           - BOHR/RAD -       - ANG/DEG -
	 R(1,2)           =         3.781055           2.000848

2025-07-17:10:49:34,742 INFO     [psi4.optking.convcheck:71] Performing convergence check.
2025-07-17:10:49:34,742 INFO     [psi4.optking.convcheck:263] 
	                                 ==> Convergence Check <==                                  
    
	Measures of convergence in internal coordinates in au.
    
	Criteria marked as inactive (o), active & met (*), and active & unmet ( ).

	----------------------------------------------------------------------------------------------
	   Step    Total Energy     Delta E     Max Force     RMS Force      Max Disp      RMS Disp   
	----------------------------------------------------------------------------------------------
	  Convergence Criteria     1.00e-06 *    3.00e-04 *             o    1.20e-03 *             o
	----------------------------------------------------------------------------------------------
	    12    -199.59412174   -1.78e-06      9.09e-05 *    9.09e-05 o    1.55e-03      1.55e-03 o  ~
	----------------------------------------------------------------------------------------------


2025-07-17:10:49:34,742 INFO     [psi4.optking.stepAlgorithms:266] 	Convergence check returned False
2025-07-17:10:49:34,761 INFO     [psi4.driver.task_planner:285] PLANNING Atomic:  keywords={'DAMPING_PERCENTAGE': 1.0, 'GEOM_MAXITER': 500, 'SCF__GUESS': 'READ', 'GUESS': 'SAP', 'MAXITER': 500, 'REFERENCE': 'UKS', 'function_kwargs': {}}
2025-07-17:10:49:34,762 INFO     [psi4.driver.driver:636] Compute gradient(): method=b3lyp, basis=cc-pvdz, molecule=default, nre=21.422593115088674
2025-07-17:10:49:35,445 INFO     [psi4.driver.driver:639] Return gradient(): -199.59412184167903
2025-07-17:10:49:35,445 INFO     [psi4.driver.driver:640] [[ 0.00000000 -0.00001159 -0.00000000]
 [-0.00000000  0.00001159 -0.00000000]]
2025-07-17:10:49:35,446 INFO     [psi4.optking.history:257] 	Performing BFGS update.
2025-07-17:10:49:35,446 INFO     [psi4.optking.history:268] 	Using 4 previous steps for update.
2025-07-17:10:49:35,446 INFO     [psi4.optking.history:302] 	Steps to be used in Hessian update:  12 11 10 9

2025-07-17:10:49:35,447 INFO     [psi4.optking.history:400] 	Updated Hessian (in au) 
 	   0.055273

2025-07-17:10:49:35,447 INFO     [psi4.optking.molsys:874] Projected (PHP) Hessian matrix
	   0.055273

2025-07-17:10:49:35,447 INFO     [psi4.optking.opt_helper:168] 
	         Geometry (au)                                       Gradient (au)
  -0.0000000000   1.8905274344   0.0000000000		   0.0000000000  -0.0000115894  -0.0000000000
   0.0000000000  -1.8905274344   0.0000000000		  -0.0000000000   0.0000115894  -0.0000000000

2025-07-17:10:49:35,447 INFO     [psi4.optking.stepAlgorithms:315] 	Current Step Report 
 
	Current energy:      -199.5941218417
	Energy change for the previous step:
		Actual       :        -0.0000000975
		Projected    :        -0.0000000705

2025-07-17:10:49:35,447 INFO     [psi4.optking.stepAlgorithms:318] 	Energy ratio =    1.38396
2025-07-17:10:49:35,447 INFO     [psi4.optking.stepAlgorithms:750] 	Using RFO solution 1.
2025-07-17:10:49:35,447 INFO     [psi4.optking.displace:73] 	Determining Cartesian step for fragment 1.
2025-07-17:10:49:35,447 INFO     [psi4.optking.displace:378] 	Successfully converged to displaced geometry.
2025-07-17:10:49:35,447 INFO     [psi4.optking.displace:379] 	RMS(dx):  0.000e+00 	Max(dx):  0.000e+00 	RMS(dq):  0.000e+00
2025-07-17:10:49:35,447 INFO     [psi4.optking.displace:132] 

	        --- Internal Coordinate Step in ANG or DEG, aJ/ANG or AJ/DEG ---
	-------------------------------------------------------------------------------
	           Coordinate      Previous         Force          Change          New 
	           ----------      --------        ------          ------        ------
	               R(1,2)       2.00085        0.00010        0.00011       2.00096
	-------------------------------------------------------------------------------

2025-07-17:10:49:35,447 INFO     [psi4.optking.stepAlgorithms:96] 	|target step| :    0.0002096748
2025-07-17:10:49:35,447 INFO     [psi4.optking.stepAlgorithms:97] 	gradient     :   -0.0000115894
2025-07-17:10:49:35,447 INFO     [psi4.optking.stepAlgorithms:98] 	hessian      :    0.0552730979
2025-07-17:10:49:35,447 INFO     [psi4.optking.stepAlgorithms:177] 	Norm of achieved step-size    0.0002096748
2025-07-17:10:49:35,447 INFO     [psi4.optking.stepAlgorithms:179] 	Norm of achieved step-size (cart):    0.0001482624
2025-07-17:10:49:35,448 INFO     [psi4.optking.opt_helper:151] Molsys:

	                            ===> Fragment 1 <== 

	 Z (Atomic Numbers)          Masses                          Geom                  
	       9.000000            18.998403         -0.00000000  1.89063227  0.00000000   
	       9.000000            18.998403          0.00000000 -1.89063227  0.00000000   

	 - Coordinate -           - BOHR/RAD -       - ANG/DEG -
	 R(1,2)           =         3.781265           2.000959

2025-07-17:10:49:35,448 INFO     [psi4.optking.convcheck:71] Performing convergence check.
2025-07-17:10:49:35,448 INFO     [psi4.optking.convcheck:263] 
	                                 ==> Convergence Check <==                                  
    
	Measures of convergence in internal coordinates in au.
    
	Criteria marked as inactive (o), active & met (*), and active & unmet ( ).

	----------------------------------------------------------------------------------------------
	   Step    Total Energy     Delta E     Max Force     RMS Force      Max Disp      RMS Disp   
	----------------------------------------------------------------------------------------------
	  Convergence Criteria     1.00e-06 *    3.00e-04 *             o    1.20e-03 *             o
	----------------------------------------------------------------------------------------------
	    13    -199.59412184   -9.75e-08 *    1.16e-05 *    1.16e-05 o    2.10e-04 *    2.10e-04 o  ~
	----------------------------------------------------------------------------------------------


2025-07-17:10:49:35,448 INFO     [psi4.optking.convcheck:193] 
	                      ===> Final Convergence Report <===                     

	----------------------------------------------------------------------------
	|   Required Criteria    |  One or More Criteria  |   Alternate Criteria   |
	----------------------------------------------------------------------------
	| [x]     max_force      | [x]       max_DE       |                        |
	|                        | [x]      max_disp      |                        |
	----------------------------------------------------------------------------


2025-07-17:10:49:35,448 INFO     [psi4.optking.stepAlgorithms:266] 	Convergence check returned True
2025-07-17:10:49:35,448 INFO     [psi4.optking.optimize:286] 	Converged in 13 steps!
2025-07-17:10:49:35,448 INFO     [psi4.optking.optimize:287] 	Final energy is   -199.5941218416790
2025-07-17:10:49:35,448 INFO     [psi4.optking.optimize:288] 	Final structure (Angstroms): 
	Fragment 1 (Ang)

	    F  -0.0000000000   1.0004795120   0.0000000000
	    F   0.0000000000  -1.0004795120   0.0000000000


2025-07-17:10:49:35,449 INFO     [psi4.optking.optimize:432] 	Optimization Finished

	==> Optimization Summary <==

        
	Measures of convergence in internal coordinates in au. (Any backward steps not shown.)
        
	---------------------------------------------------------------------------------------------------------------  ~
        
	 Step         Total Energy             Delta E       MAX Force       RMS Force        MAX Disp        RMS Disp   ~
        
	---------------------------------------------------------------------------------------------------------------  ~
        
	     1    -199.232342205605   -199.232342205605      0.95722378      0.95722378      0.50000419      0.50000419  ~
	     2    -199.508928532612     -0.276586327007      0.27424733      0.27424733      0.19327529      0.19327529  ~
	     3    -199.550136056984     -0.041207524372      0.16079172      0.16079172      0.25596726      0.25596726  ~
	     4    -199.578805756399     -0.028669699415      0.07237527      0.07237527      0.15708817      0.15708817  ~
	     5    -199.587481246235     -0.008675489836      0.04027261      0.04027261      0.13549248      0.13549248  ~
	     6    -199.591586790073     -0.004105543838      0.02150059      0.02150059      0.12181521      0.12181521  ~
	     7    -199.593446973651     -0.001860183578      0.00972698      0.00972698      0.06407632      0.06407632  ~
	     8    -199.593914954803     -0.000467981152      0.00502434      0.00502434      0.03564837      0.03564837  ~
	     9    -199.594053472828     -0.000138518025      0.00277614      0.00277614      0.02641531      0.02641531  ~
	    10    -199.594106757503     -0.000053284675      0.00126237      0.00126237      0.01546265      0.01546265  ~
	    11    -199.594119959249     -0.000013201746      0.00043244      0.00043244      0.00658797      0.00658797  ~
	    12    -199.594121744134     -0.000001784885      0.00009093      0.00009093      0.00155030      0.00155030  ~
	    13    -199.594121841679     -0.000000097545      0.00001159      0.00001159      0.00020967      0.00020967  ~
	----------------------------------------------------------------------------------------------------------------


2025-07-17:10:49:35,449 INFO     [psi4.optking.optimize:640] Preparing OptimizationResult
