2025-07-17:10:50:24,103 INFO     [psi4.optking.optwrapper:214] Creating a UserComputer
2025-07-17:10:50:24,103 INFO     [psi4.optking.optwrapper:222] 
    			-----------------------------------------

    			 OPTKING 3.0: for geometry optimizations 

    			     By R.A. King, Bethel University     

    			        with contributions from          

    			    A.V. Copan, J. Cayton, A. Heide      

    			-----------------------------------------

    
2025-07-17:10:50:24,103 INFO     [psi4.optking.optwrapper:238] 
		 -- Optimization Parameters --
	accept_symmetry_breaking       =           False
	alg_geom_maxiter               =             500
	bt_dx_conv                     =           1e-07
	bt_dx_rms_change_conv          =           1e-12
	bt_max_iter                    =              25
	cart_hess_read                 =           False
	consecutive_backsteps_allowed  =               0
	conv_max_DE                    =           1e-06
	conv_max_disp                  =          0.0012
	conv_max_force                 =          0.0003
	conv_rms_disp                  =              -1
	conv_rms_force                 =              -1
	covalent_connect               =             1.3
	dynamic_level                  =               0
	dynamic_level_max              =               0
	ensure_bt_convergence          =           False
	ext_force_bend                 =              []
	ext_force_cartesian            =              []
	ext_force_dihedral             =              []
	ext_force_distance             =              []
	ext_force_oofp                 =              []
	fix_val_near_pi                =            1.57
	flexible_g_convergence         =           False
	frag_mode                      =          SINGLE
	frag_ref_atoms                 =            None
	freeze_intrafrag               =           False
	frozen_bend                    =              []
	frozen_cartesian               =              []
	frozen_dihedral                =              []
	frozen_distance                =              []
	frozen_oofp                    =              []
	full_hess_every                =              -1
	g_convergence                  =           QCHEM
	generate_intcos_exit           =           False
	geom_maxiter                   =             500
	h_bond_connect                 =             4.3
	hess_update                    =            BFGS
	hess_update_den_tol            =           1e-07
	hess_update_dq_tol             =             0.5
	hess_update_limit              =            True
	hess_update_limit_max          =             1.0
	hess_update_limit_scale        =             0.5
	hess_update_use_last           =               4
	hessian_file                   =            None
	i_max_DE                       =            True
	i_max_disp                     =            True
	i_max_force                    =            True
	i_rms_disp                     =           False
	i_rms_force                    =           False
	i_untampered                   =            True
	include_oofp                   =           False
	interfrag_collinear_tol        =            0.01
	interfrag_coords               =            None
	interfrag_dist_inv             =           False
	interfrag_mode                 =           FIXED
	interfrag_trust                =             0.5
	interfrag_trust_max            =             1.0
	interfrag_trust_min            =           0.001
	interfragment_connect          =             1.8
	intrafrag_hess                 =        SCHLEGEL
	intrafrag_trust                =             0.5
	intrafrag_trust_max            =             1.0
	intrafrag_trust_min            =           0.001
	irc_direction                  =         FORWARD
	irc_points                     =              20
	irc_step_size                  =             0.2
	keep_intcos                    =           False
	linear_bend_threshold          =            3.05
	linesearch                     =           False
	linesearch_step                =             0.1
	max_disp_g_convergence         =          0.0012
	max_energy_g_convergence       =           1e-06
	max_force_g_convergence        =          0.0003
	opt_coordinates                =       REDUNDANT
	opt_type                       =             MIN
	output_type                    =            FILE
	print_lvl                      =               1
	program                        =            psi4
	ranged_bend                    =              []
	ranged_cartesian               =              []
	ranged_dihedral                =              []
	ranged_distance                =              []
	ranged_oofp                    =              []
	redundant_eval_tol             =           1e-10
	rfo_follow_root                =           False
	rfo_normalization_max          =             100
	rfo_root                       =               0
	rms_disp_g_convergence         =          0.0012
	rms_force_g_convergence        =          0.0003
	rsrfo_alpha_max                =     100000000.0
	sd_hessian                     =             1.0
	simple_step_scaling            =           False
	small_bend_fix_threshold       =            0.35
	steepest_descent_type          =         OVERLAP
	step_type                      =             RFO
	test_B                         =           False
	test_derivative_B              =           False
	trajectory                     =           False
	v3d_tors_angle_lim             =           0.017
	v3d_tors_cos_tol               =           1e-10
	working_consecutive_backsteps  =               0
	working_steps_since_last_H     =               0


2025-07-17:10:50:24,604 INFO     [psi4.optking.opt_helper:151] Molsys:

	                            ===> Fragment 1 <== 

	 Z (Atomic Numbers)          Masses                          Geom                  
	       9.000000            18.998403          0.00000000  0.00000000  1.24161730   
	      11.000000            22.989769          0.00000000  0.00000000 -1.02605405   

	 - Coordinate -           - BOHR/RAD -       - ANG/DEG -
	 R(1,2)           =         2.267671           1.200000

2025-07-17:10:50:24,615 INFO     [psi4.driver.task_planner:285] PLANNING Atomic:  keywords={'DAMPING_PERCENTAGE': 1.0, 'GEOM_MAXITER': 500, 'GUESS': 'SAP', 'MAXITER': 500, 'REFERENCE': 'UKS', 'function_kwargs': {}}
2025-07-17:10:50:24,616 INFO     [psi4.driver.driver:636] Compute gradient(): method=b3lyp, basis=cc-pvdz, molecule=default, nre=43.657119880275005
2025-07-17:10:50:26,607 INFO     [psi4.driver.driver:639] Return gradient(): -261.6959354987628
2025-07-17:10:50:26,607 INFO     [psi4.driver.driver:640] [[ 0.00000000  0.00000000 -1.35754933]
 [ 0.00000000  0.00000000  1.35730773]]
2025-07-17:10:50:26,614 INFO     [psi4.optking.molsys:874] Projected (PHP) Hessian matrix
	   4.182219

2025-07-17:10:50:26,618 INFO     [psi4.optking.opt_helper:168] 
	         Geometry (au)                                       Gradient (au)
   0.0000000000   0.0000000000   1.2416172965		   0.0000000000   0.0000000000  -1.3575493342
   0.0000000000   0.0000000000  -1.0260540540		   0.0000000000   0.0000000000   1.3573077287

2025-07-17:10:50:26,619 INFO     [psi4.optking.stepAlgorithms:750] 	Using RFO solution 1.
2025-07-17:10:50:26,620 INFO     [psi4.optking.displace:73] 	Determining Cartesian step for fragment 1.
2025-07-17:10:50:26,621 INFO     [psi4.optking.displace:378] 	Successfully converged to displaced geometry.
2025-07-17:10:50:26,621 INFO     [psi4.optking.displace:379] 	RMS(dx):  0.000e+00 	Max(dx):  0.000e+00 	RMS(dq):  0.000e+00
2025-07-17:10:50:26,621 INFO     [psi4.optking.displace:132] 

	        --- Internal Coordinate Step in ANG or DEG, aJ/ANG or AJ/DEG ---
	-------------------------------------------------------------------------------
	           Coordinate      Previous         Force          Change          New 
	           ----------      --------        ------          ------        ------
	               R(1,2)       1.20000       11.18348        0.15670       1.35670
	-------------------------------------------------------------------------------

2025-07-17:10:50:26,621 INFO     [psi4.optking.stepAlgorithms:96] 	|target step| :    0.2961121930
2025-07-17:10:50:26,621 INFO     [psi4.optking.stepAlgorithms:97] 	gradient     :   -1.3574285315
2025-07-17:10:50:26,621 INFO     [psi4.optking.stepAlgorithms:98] 	hessian      :    4.1822185214
2025-07-17:10:50:26,621 INFO     [psi4.optking.stepAlgorithms:177] 	Norm of achieved step-size    0.2961121930
2025-07-17:10:50:26,621 INFO     [psi4.optking.stepAlgorithms:179] 	Norm of achieved step-size (cart):    0.2093829397
2025-07-17:10:50:26,621 INFO     [psi4.optking.opt_helper:151] Molsys:

	                            ===> Fragment 1 <== 

	 Z (Atomic Numbers)          Masses                          Geom                  
	       9.000000            18.998403          0.00000000  0.00000000  1.38967339   
	      11.000000            22.989769          0.00000000  0.00000000 -1.17411015   

	 - Coordinate -           - BOHR/RAD -       - ANG/DEG -
	 R(1,2)           =         2.563784           1.356696

2025-07-17:10:50:26,621 INFO     [psi4.optking.convcheck:71] Performing convergence check.
2025-07-17:10:50:26,621 INFO     [psi4.optking.convcheck:263] 
	                                 ==> Convergence Check <==                                  
    
	Measures of convergence in internal coordinates in au.
    
	Criteria marked as inactive (o), active & met (*), and active & unmet ( ).

	----------------------------------------------------------------------------------------------
	   Step    Total Energy     Delta E     Max Force     RMS Force      Max Disp      RMS Disp   
	----------------------------------------------------------------------------------------------
	  Convergence Criteria     1.00e-06 *    3.00e-04 *             o    1.20e-03 *             o
	----------------------------------------------------------------------------------------------
	     1    -261.69593550   -2.62e+02      1.36e+00      1.36e+00 o    2.96e-01      2.96e-01 o  ~
	----------------------------------------------------------------------------------------------


2025-07-17:10:50:26,621 INFO     [psi4.optking.stepAlgorithms:266] 	Convergence check returned False
2025-07-17:10:50:26,638 INFO     [psi4.driver.task_planner:285] PLANNING Atomic:  keywords={'DAMPING_PERCENTAGE': 1.0, 'GEOM_MAXITER': 500, 'SCF__GUESS': 'READ', 'GUESS': 'SAP', 'MAXITER': 500, 'REFERENCE': 'UKS', 'function_kwargs': {}}
2025-07-17:10:50:26,639 INFO     [psi4.driver.driver:636] Compute gradient(): method=b3lyp, basis=cc-pvdz, molecule=default, nre=38.61480437687465
2025-07-17:10:50:28,12 INFO     [psi4.driver.driver:639] Return gradient(): -261.9847143334647
2025-07-17:10:50:28,12 INFO     [psi4.driver.driver:640] [[ 0.00000000  0.00000000 -0.66096441]
 [ 0.00000000 -0.00000000  0.66073773]]
2025-07-17:10:50:28,14 INFO     [psi4.optking.history:257] 	Performing BFGS update.
2025-07-17:10:50:28,14 INFO     [psi4.optking.history:268] 	Using 1 previous steps for update.
2025-07-17:10:50:28,14 INFO     [psi4.optking.history:302] 	Steps to be used in Hessian update:  1

2025-07-17:10:50:28,14 INFO     [psi4.optking.history:400] 	Updated Hessian (in au) 
 	   2.352411

2025-07-17:10:50:28,14 INFO     [psi4.optking.molsys:874] Projected (PHP) Hessian matrix
	   2.352411

2025-07-17:10:50:28,14 INFO     [psi4.optking.opt_helper:168] 
	         Geometry (au)                                       Gradient (au)
   0.0000000000   0.0000000000   1.4037475014		   0.0000000000   0.0000000000  -0.6609644097
   0.0000000000   0.0000000000  -1.1600360422		   0.0000000000  -0.0000000000   0.6607377296

2025-07-17:10:50:28,14 INFO     [psi4.optking.stepAlgorithms:315] 	Current Step Report 
 
	Current energy:      -261.9847143335
	Energy change for the previous step:
		Actual       :        -0.2887788347
		Projected    :        -0.2009755697

2025-07-17:10:50:28,14 INFO     [psi4.optking.stepAlgorithms:318] 	Energy ratio =    1.43689
2025-07-17:10:50:28,14 INFO     [psi4.optking.stepAlgorithms:346] 	Energy ratio indicates good step.
2025-07-17:10:50:28,14 INFO     [psi4.optking.stepAlgorithms:347] 	Intrafrag trust radius increased to 1.000e+00.
2025-07-17:10:50:28,14 INFO     [psi4.optking.stepAlgorithms:750] 	Using RFO solution 1.
2025-07-17:10:50:28,14 INFO     [psi4.optking.displace:73] 	Determining Cartesian step for fragment 1.
2025-07-17:10:50:28,15 INFO     [psi4.optking.displace:378] 	Successfully converged to displaced geometry.
2025-07-17:10:50:28,15 INFO     [psi4.optking.displace:379] 	RMS(dx):  0.000e+00 	Max(dx):  0.000e+00 	RMS(dq):  0.000e+00
2025-07-17:10:50:28,15 INFO     [psi4.optking.displace:132] 

	        --- Internal Coordinate Step in ANG or DEG, aJ/ANG or AJ/DEG ---
	-------------------------------------------------------------------------------
	           Coordinate      Previous         Force          Change          New 
	           ----------      --------        ------          ------        ------
	               R(1,2)       1.35670        5.44457        0.13848       1.49517
	-------------------------------------------------------------------------------

2025-07-17:10:50:28,15 INFO     [psi4.optking.stepAlgorithms:96] 	|target step| :    0.2616872441
2025-07-17:10:50:28,15 INFO     [psi4.optking.stepAlgorithms:97] 	gradient     :   -0.6608510696
2025-07-17:10:50:28,15 INFO     [psi4.optking.stepAlgorithms:98] 	hessian      :    2.3524106005
2025-07-17:10:50:28,15 INFO     [psi4.optking.stepAlgorithms:177] 	Norm of achieved step-size    0.2616872441
2025-07-17:10:50:28,15 INFO     [psi4.optking.stepAlgorithms:179] 	Norm of achieved step-size (cart):    0.1850408249
2025-07-17:10:50:28,15 INFO     [psi4.optking.opt_helper:151] Molsys:

	                            ===> Fragment 1 <== 

	 Z (Atomic Numbers)          Masses                          Geom                  
	       9.000000            18.998403          0.00000000  0.00000000  1.53459112   
	      11.000000            22.989769          0.00000000  0.00000000 -1.29087966   

	 - Coordinate -           - BOHR/RAD -       - ANG/DEG -
	 R(1,2)           =         2.825471           1.495175

2025-07-17:10:50:28,15 INFO     [psi4.optking.convcheck:71] Performing convergence check.
2025-07-17:10:50:28,15 INFO     [psi4.optking.convcheck:263] 
	                                 ==> Convergence Check <==                                  
    
	Measures of convergence in internal coordinates in au.
    
	Criteria marked as inactive (o), active & met (*), and active & unmet ( ).

	----------------------------------------------------------------------------------------------
	   Step    Total Energy     Delta E     Max Force     RMS Force      Max Disp      RMS Disp   
	----------------------------------------------------------------------------------------------
	  Convergence Criteria     1.00e-06 *    3.00e-04 *             o    1.20e-03 *             o
	----------------------------------------------------------------------------------------------
	     2    -261.98471433   -2.89e-01      6.61e-01      6.61e-01 o    2.62e-01      2.62e-01 o  ~
	----------------------------------------------------------------------------------------------


2025-07-17:10:50:28,15 INFO     [psi4.optking.stepAlgorithms:266] 	Convergence check returned False
2025-07-17:10:50:28,29 INFO     [psi4.driver.task_planner:285] PLANNING Atomic:  keywords={'DAMPING_PERCENTAGE': 1.0, 'GEOM_MAXITER': 500, 'SCF__GUESS': 'READ', 'GUESS': 'SAP', 'MAXITER': 500, 'REFERENCE': 'UKS', 'function_kwargs': {}}
2025-07-17:10:50:28,30 INFO     [psi4.driver.driver:636] Compute gradient(): method=b3lyp, basis=cc-pvdz, molecule=default, nre=35.03840861849778
2025-07-17:10:50:29,406 INFO     [psi4.driver.driver:639] Return gradient(): -262.10963228507245
2025-07-17:10:50:29,406 INFO     [psi4.driver.driver:640] [[ 0.00000000 -0.00000000 -0.32826918]
 [ 0.00000000 -0.00000000  0.32808038]]
2025-07-17:10:50:29,408 INFO     [psi4.optking.history:257] 	Performing BFGS update.
2025-07-17:10:50:29,408 INFO     [psi4.optking.history:268] 	Using 2 previous steps for update.
2025-07-17:10:50:29,408 WARNING  [psi4.optking.history:286] 	Change in internal coordinate of 5.58e-01 exceeds limit of 5.00e-01.
2025-07-17:10:50:29,408 WARNING  [psi4.optking.history:291] 	Skipping Hessian update for step 1.
2025-07-17:10:50:29,408 INFO     [psi4.optking.history:302] 	Steps to be used in Hessian update:  2

2025-07-17:10:50:29,409 INFO     [psi4.optking.history:400] 	Updated Hessian (in au) 
 	   1.271274

2025-07-17:10:50:29,409 INFO     [psi4.optking.molsys:874] Projected (PHP) Hessian matrix
	   1.271274

2025-07-17:10:50:29,409 INFO     [psi4.optking.opt_helper:168] 
	         Geometry (au)                                       Gradient (au)
   0.0000000000   0.0000000000   1.5470290261		   0.0000000000  -0.0000000000  -0.3282691844
   0.0000000000   0.0000000000  -1.2784417617		   0.0000000000  -0.0000000000   0.3280803839

2025-07-17:10:50:29,409 INFO     [psi4.optking.stepAlgorithms:315] 	Current Step Report 
 
	Current energy:      -262.1096322851
	Energy change for the previous step:
		Actual       :        -0.1249179516
		Projected    :        -0.0864681476

2025-07-17:10:50:29,409 INFO     [psi4.optking.stepAlgorithms:318] 	Energy ratio =    1.44467
2025-07-17:10:50:29,409 INFO     [psi4.optking.stepAlgorithms:750] 	Using RFO solution 1.
2025-07-17:10:50:29,409 INFO     [psi4.optking.displace:73] 	Determining Cartesian step for fragment 1.
2025-07-17:10:50:29,410 INFO     [psi4.optking.displace:378] 	Successfully converged to displaced geometry.
2025-07-17:10:50:29,410 INFO     [psi4.optking.displace:379] 	RMS(dx):  0.000e+00 	Max(dx):  0.000e+00 	RMS(dq):  0.000e+00
2025-07-17:10:50:29,410 INFO     [psi4.optking.displace:132] 

	        --- Internal Coordinate Step in ANG or DEG, aJ/ANG or AJ/DEG ---
	-------------------------------------------------------------------------------
	           Coordinate      Previous         Force          Change          New 
	           ----------      --------        ------          ------        ------
	               R(1,2)       1.49517        2.70374        0.12854       1.62372
	-------------------------------------------------------------------------------

2025-07-17:10:50:29,410 INFO     [psi4.optking.stepAlgorithms:96] 	|target step| :    0.2429138349
2025-07-17:10:50:29,410 INFO     [psi4.optking.stepAlgorithms:97] 	gradient     :   -0.3281747842
2025-07-17:10:50:29,410 INFO     [psi4.optking.stepAlgorithms:98] 	hessian      :    1.2712743664
2025-07-17:10:50:29,410 INFO     [psi4.optking.stepAlgorithms:177] 	Norm of achieved step-size    0.2429138349
2025-07-17:10:50:29,410 INFO     [psi4.optking.stepAlgorithms:179] 	Norm of achieved step-size (cart):    0.1717660199
2025-07-17:10:50:29,410 INFO     [psi4.optking.opt_helper:151] Molsys:

	                            ===> Fragment 1 <== 

	 Z (Atomic Numbers)          Masses                          Geom                  
	       9.000000            18.998403          0.00000000  0.00000000  1.66848594   
	      11.000000            22.989769          0.00000000  0.00000000 -1.39989868   

	 - Coordinate -           - BOHR/RAD -       - ANG/DEG -
	 R(1,2)           =         3.068385           1.623719

2025-07-17:10:50:29,411 INFO     [psi4.optking.convcheck:71] Performing convergence check.
2025-07-17:10:50:29,411 INFO     [psi4.optking.convcheck:263] 
	                                 ==> Convergence Check <==                                  
    
	Measures of convergence in internal coordinates in au.
    
	Criteria marked as inactive (o), active & met (*), and active & unmet ( ).

	----------------------------------------------------------------------------------------------
	   Step    Total Energy     Delta E     Max Force     RMS Force      Max Disp      RMS Disp   
	----------------------------------------------------------------------------------------------
	  Convergence Criteria     1.00e-06 *    3.00e-04 *             o    1.20e-03 *             o
	----------------------------------------------------------------------------------------------
	     3    -262.10963229   -1.25e-01      3.28e-01      3.28e-01 o    2.43e-01      2.43e-01 o  ~
	----------------------------------------------------------------------------------------------


2025-07-17:10:50:29,411 INFO     [psi4.optking.stepAlgorithms:266] 	Convergence check returned False
2025-07-17:10:50:29,425 INFO     [psi4.driver.task_planner:285] PLANNING Atomic:  keywords={'DAMPING_PERCENTAGE': 1.0, 'GEOM_MAXITER': 500, 'SCF__GUESS': 'READ', 'GUESS': 'SAP', 'MAXITER': 500, 'REFERENCE': 'UKS', 'function_kwargs': {}}
2025-07-17:10:50:29,426 INFO     [psi4.driver.driver:636] Compute gradient(): method=b3lyp, basis=cc-pvdz, molecule=default, nre=32.2645340054278
2025-07-17:10:50:30,436 INFO     [psi4.driver.driver:639] Return gradient(): -262.16683928511634
2025-07-17:10:50:30,436 INFO     [psi4.driver.driver:640] [[ 0.00000000  0.00000000 -0.16000842]
 [-0.00000000  0.00000000  0.15965808]]
2025-07-17:10:50:30,438 INFO     [psi4.optking.history:257] 	Performing BFGS update.
2025-07-17:10:50:30,438 INFO     [psi4.optking.history:268] 	Using 3 previous steps for update.
2025-07-17:10:50:30,438 WARNING  [psi4.optking.history:286] 	Change in internal coordinate of 5.05e-01 exceeds limit of 5.00e-01.
2025-07-17:10:50:30,438 WARNING  [psi4.optking.history:291] 	Skipping Hessian update for step 2.
2025-07-17:10:50:30,438 WARNING  [psi4.optking.history:286] 	Change in internal coordinate of 8.01e-01 exceeds limit of 5.00e-01.
2025-07-17:10:50:30,438 WARNING  [psi4.optking.history:291] 	Skipping Hessian update for step 1.
2025-07-17:10:50:30,438 INFO     [psi4.optking.history:302] 	Steps to be used in Hessian update:  3

2025-07-17:10:50:30,438 INFO     [psi4.optking.history:400] 	Updated Hessian (in au) 
 	   0.693009

2025-07-17:10:50:30,438 INFO     [psi4.optking.molsys:874] Projected (PHP) Hessian matrix
	   0.693009

2025-07-17:10:50:30,438 INFO     [psi4.optking.opt_helper:168] 
	         Geometry (au)                                       Gradient (au)
   0.0000000000   0.0000000000   1.6800315526		   0.0000000000   0.0000000000  -0.1600084162
   0.0000000000   0.0000000000  -1.3883530701		  -0.0000000000   0.0000000000   0.1596580822

2025-07-17:10:50:30,438 INFO     [psi4.optking.stepAlgorithms:315] 	Current Step Report 
 
	Current energy:      -262.1668392851
	Energy change for the previous step:
		Actual       :        -0.0572070000
		Projected    :        -0.0398590977

2025-07-17:10:50:30,438 INFO     [psi4.optking.stepAlgorithms:318] 	Energy ratio =    1.43523
2025-07-17:10:50:30,438 INFO     [psi4.optking.stepAlgorithms:750] 	Using RFO solution 1.
2025-07-17:10:50:30,438 INFO     [psi4.optking.displace:73] 	Determining Cartesian step for fragment 1.
2025-07-17:10:50:30,439 INFO     [psi4.optking.displace:378] 	Successfully converged to displaced geometry.
2025-07-17:10:50:30,439 INFO     [psi4.optking.displace:379] 	RMS(dx):  0.000e+00 	Max(dx):  0.000e+00 	RMS(dq):  0.000e+00
2025-07-17:10:50:30,439 INFO     [psi4.optking.displace:132] 

	        --- Internal Coordinate Step in ANG or DEG, aJ/ANG or AJ/DEG ---
	-------------------------------------------------------------------------------
	           Coordinate      Previous         Force          Change          New 
	           ----------      --------        ------          ------        ------
	               R(1,2)       1.62372        1.31682        0.11617       1.73989
	-------------------------------------------------------------------------------

2025-07-17:10:50:30,439 INFO     [psi4.optking.stepAlgorithms:96] 	|target step| :    0.2195221607
2025-07-17:10:50:30,439 INFO     [psi4.optking.stepAlgorithms:97] 	gradient     :   -0.1598332492
2025-07-17:10:50:30,439 INFO     [psi4.optking.stepAlgorithms:98] 	hessian      :    0.6930092515
2025-07-17:10:50:30,439 INFO     [psi4.optking.stepAlgorithms:177] 	Norm of achieved step-size    0.2195221607
2025-07-17:10:50:30,439 INFO     [psi4.optking.stepAlgorithms:179] 	Norm of achieved step-size (cart):    0.1552256084
2025-07-17:10:50:30,439 INFO     [psi4.optking.opt_helper:151] Molsys:

	                            ===> Fragment 1 <== 

	 Z (Atomic Numbers)          Masses                          Geom                  
	       9.000000            18.998403          0.00000000  0.00000000  1.78979263   
	      11.000000            22.989769          0.00000000  0.00000000 -1.49811415   

	 - Coordinate -           - BOHR/RAD -       - ANG/DEG -
	 R(1,2)           =         3.287907           1.739885

2025-07-17:10:50:30,439 INFO     [psi4.optking.convcheck:71] Performing convergence check.
2025-07-17:10:50:30,439 INFO     [psi4.optking.convcheck:263] 
	                                 ==> Convergence Check <==                                  
    
	Measures of convergence in internal coordinates in au.
    
	Criteria marked as inactive (o), active & met (*), and active & unmet ( ).

	----------------------------------------------------------------------------------------------
	   Step    Total Energy     Delta E     Max Force     RMS Force      Max Disp      RMS Disp   
	----------------------------------------------------------------------------------------------
	  Convergence Criteria     1.00e-06 *    3.00e-04 *             o    1.20e-03 *             o
	----------------------------------------------------------------------------------------------
	     4    -262.16683929   -5.72e-02      1.60e-01      1.60e-01 o    2.20e-01      2.20e-01 o  ~
	----------------------------------------------------------------------------------------------


2025-07-17:10:50:30,439 INFO     [psi4.optking.stepAlgorithms:266] 	Convergence check returned False
2025-07-17:10:50:30,455 INFO     [psi4.driver.task_planner:285] PLANNING Atomic:  keywords={'DAMPING_PERCENTAGE': 1.0, 'GEOM_MAXITER': 500, 'SCF__GUESS': 'READ', 'GUESS': 'SAP', 'MAXITER': 500, 'REFERENCE': 'UKS', 'function_kwargs': {}}
2025-07-17:10:50:30,456 INFO     [psi4.driver.driver:636] Compute gradient(): method=b3lyp, basis=cc-pvdz, molecule=default, nre=30.110342696067157
2025-07-17:10:50:31,702 INFO     [psi4.driver.driver:639] Return gradient(): -262.19159812192083
2025-07-17:10:50:31,702 INFO     [psi4.driver.driver:640] [[ 0.00000000  0.00000000 -0.07412847]
 [ 0.00000000  0.00000000  0.07383684]]
2025-07-17:10:50:31,705 INFO     [psi4.optking.history:257] 	Performing BFGS update.
2025-07-17:10:50:31,705 INFO     [psi4.optking.history:268] 	Using 4 previous steps for update.
2025-07-17:10:50:31,707 WARNING  [psi4.optking.history:286] 	Change in internal coordinate of 7.24e-01 exceeds limit of 5.00e-01.
2025-07-17:10:50:31,707 WARNING  [psi4.optking.history:291] 	Skipping Hessian update for step 2.
2025-07-17:10:50:31,708 WARNING  [psi4.optking.history:286] 	Change in internal coordinate of 1.02e+00 exceeds limit of 5.00e-01.
2025-07-17:10:50:31,708 WARNING  [psi4.optking.history:291] 	Skipping Hessian update for step 1.
2025-07-17:10:50:31,708 INFO     [psi4.optking.history:302] 	Steps to be used in Hessian update:  4 3

2025-07-17:10:50:31,708 INFO     [psi4.optking.history:400] 	Updated Hessian (in au) 
 	   0.549681

2025-07-17:10:50:31,708 INFO     [psi4.optking.molsys:874] Projected (PHP) Hessian matrix
	   0.549681

2025-07-17:10:50:31,708 INFO     [psi4.optking.opt_helper:168] 
	         Geometry (au)                                       Gradient (au)
   0.0000000000   0.0000000000   1.8002264440		   0.0000000000   0.0000000000  -0.0741284750
   0.0000000000   0.0000000000  -1.4876803394		   0.0000000000   0.0000000000   0.0738368383

2025-07-17:10:50:31,708 INFO     [psi4.optking.stepAlgorithms:315] 	Current Step Report 
 
	Current energy:      -262.1915981219
	Energy change for the previous step:
		Actual       :        -0.0247588368
		Projected    :        -0.0175434701

2025-07-17:10:50:31,708 INFO     [psi4.optking.stepAlgorithms:318] 	Energy ratio =    1.41129
2025-07-17:10:50:31,708 INFO     [psi4.optking.stepAlgorithms:750] 	Using RFO solution 1.
2025-07-17:10:50:31,708 INFO     [psi4.optking.displace:73] 	Determining Cartesian step for fragment 1.
2025-07-17:10:50:31,708 INFO     [psi4.optking.displace:378] 	Successfully converged to displaced geometry.
2025-07-17:10:50:31,708 INFO     [psi4.optking.displace:379] 	RMS(dx):  0.000e+00 	Max(dx):  0.000e+00 	RMS(dq):  0.000e+00
2025-07-17:10:50:31,708 INFO     [psi4.optking.displace:132] 

	        --- Internal Coordinate Step in ANG or DEG, aJ/ANG or AJ/DEG ---
	-------------------------------------------------------------------------------
	           Coordinate      Previous         Force          Change          New 
	           ----------      --------        ------          ------        ------
	               R(1,2)       1.73989        0.60952        0.06998       1.80986
	-------------------------------------------------------------------------------

2025-07-17:10:50:31,708 INFO     [psi4.optking.stepAlgorithms:96] 	|target step| :    0.1322384530
2025-07-17:10:50:31,708 INFO     [psi4.optking.stepAlgorithms:97] 	gradient     :   -0.0739826567
2025-07-17:10:50:31,708 INFO     [psi4.optking.stepAlgorithms:98] 	hessian      :    0.5496806691
2025-07-17:10:50:31,709 INFO     [psi4.optking.stepAlgorithms:177] 	Norm of achieved step-size    0.1322384530
2025-07-17:10:50:31,709 INFO     [psi4.optking.stepAlgorithms:179] 	Norm of achieved step-size (cart):    0.0935067068
2025-07-17:10:50:31,709 INFO     [psi4.optking.opt_helper:151] Molsys:

	                            ===> Fragment 1 <== 

	 Z (Atomic Numbers)          Masses                          Geom                  
	       9.000000            18.998403          0.00000000  0.00000000  1.86634567   
	      11.000000            22.989769          0.00000000  0.00000000 -1.55379957   

	 - Coordinate -           - BOHR/RAD -       - ANG/DEG -
	 R(1,2)           =         3.420145           1.809863

2025-07-17:10:50:31,709 INFO     [psi4.optking.convcheck:71] Performing convergence check.
2025-07-17:10:50:31,709 INFO     [psi4.optking.convcheck:263] 
	                                 ==> Convergence Check <==                                  
    
	Measures of convergence in internal coordinates in au.
    
	Criteria marked as inactive (o), active & met (*), and active & unmet ( ).

	----------------------------------------------------------------------------------------------
	   Step    Total Energy     Delta E     Max Force     RMS Force      Max Disp      RMS Disp   
	----------------------------------------------------------------------------------------------
	  Convergence Criteria     1.00e-06 *    3.00e-04 *             o    1.20e-03 *             o
	----------------------------------------------------------------------------------------------
	     5    -262.19159812   -2.48e-02      7.40e-02      7.40e-02 o    1.32e-01      1.32e-01 o  ~
	----------------------------------------------------------------------------------------------


2025-07-17:10:50:31,709 INFO     [psi4.optking.stepAlgorithms:266] 	Convergence check returned False
2025-07-17:10:50:31,725 INFO     [psi4.driver.task_planner:285] PLANNING Atomic:  keywords={'DAMPING_PERCENTAGE': 1.0, 'GEOM_MAXITER': 500, 'SCF__GUESS': 'READ', 'GUESS': 'SAP', 'MAXITER': 500, 'REFERENCE': 'UKS', 'function_kwargs': {}}
2025-07-17:10:50:31,726 INFO     [psi4.driver.driver:636] Compute gradient(): method=b3lyp, basis=cc-pvdz, molecule=default, nre=28.946139172101653
2025-07-17:10:50:32,756 INFO     [psi4.driver.driver:639] Return gradient(): -262.1990761333239
2025-07-17:10:50:32,756 INFO     [psi4.driver.driver:640] [[ 0.00000000  0.00000000 -0.04110638]
 [ 0.00000000 -0.00000000  0.04087773]]
2025-07-17:10:50:32,757 INFO     [psi4.optking.history:257] 	Performing BFGS update.
2025-07-17:10:50:32,757 INFO     [psi4.optking.history:268] 	Using 4 previous steps for update.
2025-07-17:10:50:32,757 WARNING  [psi4.optking.history:286] 	Change in internal coordinate of 5.95e-01 exceeds limit of 5.00e-01.
2025-07-17:10:50:32,757 WARNING  [psi4.optking.history:291] 	Skipping Hessian update for step 3.
2025-07-17:10:50:32,757 WARNING  [psi4.optking.history:286] 	Change in internal coordinate of 8.56e-01 exceeds limit of 5.00e-01.
2025-07-17:10:50:32,757 WARNING  [psi4.optking.history:291] 	Skipping Hessian update for step 2.
2025-07-17:10:50:32,757 WARNING  [psi4.optking.history:286] 	Change in internal coordinate of 1.15e+00 exceeds limit of 5.00e-01.
2025-07-17:10:50:32,757 WARNING  [psi4.optking.history:291] 	Skipping Hessian update for step 1.
2025-07-17:10:50:32,757 INFO     [psi4.optking.history:302] 	Steps to be used in Hessian update:  5 4

2025-07-17:10:50:32,757 INFO     [psi4.optking.history:400] 	Updated Hessian (in au) 
 	   0.337847

2025-07-17:10:50:32,758 INFO     [psi4.optking.molsys:874] Projected (PHP) Hessian matrix
	   0.337847

2025-07-17:10:50:32,758 INFO     [psi4.optking.opt_helper:168] 
	         Geometry (au)                                       Gradient (au)
   0.0000000000   0.0000000000   1.8726309176		   0.0000000000   0.0000000000  -0.0411063827
   0.0000000000   0.0000000000  -1.5475143187		   0.0000000000  -0.0000000000   0.0408777264

2025-07-17:10:50:32,758 INFO     [psi4.optking.stepAlgorithms:315] 	Current Step Report 
 
	Current energy:      -262.1990761333
	Energy change for the previous step:
		Actual       :        -0.0074780114
		Projected    :        -0.0048916760

2025-07-17:10:50:32,758 INFO     [psi4.optking.stepAlgorithms:318] 	Energy ratio =    1.52872
2025-07-17:10:50:32,758 INFO     [psi4.optking.stepAlgorithms:750] 	Using RFO solution 1.
2025-07-17:10:50:32,758 INFO     [psi4.optking.displace:73] 	Determining Cartesian step for fragment 1.
2025-07-17:10:50:32,758 INFO     [psi4.optking.displace:378] 	Successfully converged to displaced geometry.
2025-07-17:10:50:32,758 INFO     [psi4.optking.displace:379] 	RMS(dx):  0.000e+00 	Max(dx):  0.000e+00 	RMS(dq):  0.000e+00
2025-07-17:10:50:32,758 INFO     [psi4.optking.displace:132] 

	        --- Internal Coordinate Step in ANG or DEG, aJ/ANG or AJ/DEG ---
	-------------------------------------------------------------------------------
	           Coordinate      Previous         Force          Change          New 
	           ----------      --------        ------          ------        ------
	               R(1,2)       1.80986        0.33772        0.06329       1.87315
	-------------------------------------------------------------------------------

2025-07-17:10:50:32,758 INFO     [psi4.optking.stepAlgorithms:96] 	|target step| :    0.1195977604
2025-07-17:10:50:32,758 INFO     [psi4.optking.stepAlgorithms:97] 	gradient     :   -0.0409920546
2025-07-17:10:50:32,758 INFO     [psi4.optking.stepAlgorithms:98] 	hessian      :    0.3378467914
2025-07-17:10:50:32,758 INFO     [psi4.optking.stepAlgorithms:177] 	Norm of achieved step-size    0.1195977604
2025-07-17:10:50:32,758 INFO     [psi4.optking.stepAlgorithms:179] 	Norm of achieved step-size (cart):    0.0845683874
2025-07-17:10:50:32,758 INFO     [psi4.optking.opt_helper:151] Molsys:

	                            ===> Fragment 1 <== 

	 Z (Atomic Numbers)          Masses                          Geom                  
	       9.000000            18.998403          0.00000000  0.00000000  1.93242980   
	      11.000000            22.989769          0.00000000  0.00000000 -1.60731320   

	 - Coordinate -           - BOHR/RAD -       - ANG/DEG -
	 R(1,2)           =         3.539743           1.873151

2025-07-17:10:50:32,759 INFO     [psi4.optking.convcheck:71] Performing convergence check.
2025-07-17:10:50:32,759 INFO     [psi4.optking.convcheck:263] 
	                                 ==> Convergence Check <==                                  
    
	Measures of convergence in internal coordinates in au.
    
	Criteria marked as inactive (o), active & met (*), and active & unmet ( ).

	----------------------------------------------------------------------------------------------
	   Step    Total Energy     Delta E     Max Force     RMS Force      Max Disp      RMS Disp   
	----------------------------------------------------------------------------------------------
	  Convergence Criteria     1.00e-06 *    3.00e-04 *             o    1.20e-03 *             o
	----------------------------------------------------------------------------------------------
	     6    -262.19907613   -7.48e-03      4.10e-02      4.10e-02 o    1.20e-01      1.20e-01 o  ~
	----------------------------------------------------------------------------------------------


2025-07-17:10:50:32,759 INFO     [psi4.optking.stepAlgorithms:266] 	Convergence check returned False
2025-07-17:10:50:32,770 INFO     [psi4.driver.task_planner:285] PLANNING Atomic:  keywords={'DAMPING_PERCENTAGE': 1.0, 'GEOM_MAXITER': 500, 'SCF__GUESS': 'READ', 'GUESS': 'SAP', 'MAXITER': 500, 'REFERENCE': 'UKS', 'function_kwargs': {}}
2025-07-17:10:50:32,771 INFO     [psi4.driver.driver:636] Compute gradient(): method=b3lyp, basis=cc-pvdz, molecule=default, nre=27.96813217529962
2025-07-17:10:50:34,26 INFO     [psi4.driver.driver:639] Return gradient(): -262.2026249301308
2025-07-17:10:50:34,26 INFO     [psi4.driver.driver:640] [[-0.00000000  0.00000000 -0.01967283]
 [ 0.00000000  0.00000000  0.01949157]]
2025-07-17:10:50:34,27 INFO     [psi4.optking.history:257] 	Performing BFGS update.
2025-07-17:10:50:34,27 INFO     [psi4.optking.history:268] 	Using 4 previous steps for update.
2025-07-17:10:50:34,27 WARNING  [psi4.optking.history:286] 	Change in internal coordinate of 7.14e-01 exceeds limit of 5.00e-01.
2025-07-17:10:50:34,28 WARNING  [psi4.optking.history:291] 	Skipping Hessian update for step 3.
2025-07-17:10:50:34,28 WARNING  [psi4.optking.history:286] 	Change in internal coordinate of 9.76e-01 exceeds limit of 5.00e-01.
2025-07-17:10:50:34,28 WARNING  [psi4.optking.history:291] 	Skipping Hessian update for step 2.
2025-07-17:10:50:34,28 WARNING  [psi4.optking.history:286] 	Change in internal coordinate of 1.27e+00 exceeds limit of 5.00e-01.
2025-07-17:10:50:34,28 WARNING  [psi4.optking.history:291] 	Skipping Hessian update for step 1.
2025-07-17:10:50:34,28 INFO     [psi4.optking.history:302] 	Steps to be used in Hessian update:  6 5 4

2025-07-17:10:50:34,28 INFO     [psi4.optking.history:400] 	Updated Hessian (in au) 
 	   0.297547

2025-07-17:10:50:34,28 INFO     [psi4.optking.molsys:874] Projected (PHP) Hessian matrix
	   0.297547

2025-07-17:10:50:34,28 INFO     [psi4.optking.opt_helper:168] 
	         Geometry (au)                                       Gradient (au)
   0.0000000000   0.0000000000   1.9381142373		  -0.0000000000   0.0000000000  -0.0196728323
   0.0000000000   0.0000000000  -1.6016287595		   0.0000000000   0.0000000000   0.0194915687

2025-07-17:10:50:34,28 INFO     [psi4.optking.stepAlgorithms:315] 	Current Step Report 
 
	Current energy:      -262.2026249301
	Energy change for the previous step:
		Actual       :        -0.0035487968
		Projected    :        -0.0024512790

2025-07-17:10:50:34,28 INFO     [psi4.optking.stepAlgorithms:318] 	Energy ratio =    1.44773
2025-07-17:10:50:34,28 INFO     [psi4.optking.stepAlgorithms:750] 	Using RFO solution 1.
2025-07-17:10:50:34,28 INFO     [psi4.optking.displace:73] 	Determining Cartesian step for fragment 1.
2025-07-17:10:50:34,28 INFO     [psi4.optking.displace:378] 	Successfully converged to displaced geometry.
2025-07-17:10:50:34,28 INFO     [psi4.optking.displace:379] 	RMS(dx):  1.282e-16 	Max(dx):  2.220e-16 	RMS(dq):  4.441e-16
2025-07-17:10:50:34,29 INFO     [psi4.optking.displace:132] 

	        --- Internal Coordinate Step in ANG or DEG, aJ/ANG or AJ/DEG ---
	-------------------------------------------------------------------------------
	           Coordinate      Previous         Force          Change          New 
	           ----------      --------        ------          ------        ------
	               R(1,2)       1.87315        0.16133        0.03468       1.90783
	-------------------------------------------------------------------------------

2025-07-17:10:50:34,29 INFO     [psi4.optking.stepAlgorithms:96] 	|target step| :    0.0655296230
2025-07-17:10:50:34,29 INFO     [psi4.optking.stepAlgorithms:97] 	gradient     :   -0.0195822005
2025-07-17:10:50:34,29 INFO     [psi4.optking.stepAlgorithms:98] 	hessian      :    0.2975465302
2025-07-17:10:50:34,29 INFO     [psi4.optking.stepAlgorithms:177] 	Norm of achieved step-size    0.0655296230
2025-07-17:10:50:34,29 INFO     [psi4.optking.stepAlgorithms:179] 	Norm of achieved step-size (cart):    0.0463364408
2025-07-17:10:50:34,29 INFO     [psi4.optking.opt_helper:151] Molsys:

	                            ===> Fragment 1 <== 

	 Z (Atomic Numbers)          Masses                          Geom                  
	       9.000000            18.998403          0.00000000  0.00000000  1.97087905   
	      11.000000            22.989769          0.00000000  0.00000000 -1.63439357   

	 - Coordinate -           - BOHR/RAD -       - ANG/DEG -
	 R(1,2)           =         3.605273           1.907828

2025-07-17:10:50:34,29 INFO     [psi4.optking.convcheck:71] Performing convergence check.
2025-07-17:10:50:34,29 INFO     [psi4.optking.convcheck:263] 
	                                 ==> Convergence Check <==                                  
    
	Measures of convergence in internal coordinates in au.
    
	Criteria marked as inactive (o), active & met (*), and active & unmet ( ).

	----------------------------------------------------------------------------------------------
	   Step    Total Energy     Delta E     Max Force     RMS Force      Max Disp      RMS Disp   
	----------------------------------------------------------------------------------------------
	  Convergence Criteria     1.00e-06 *    3.00e-04 *             o    1.20e-03 *             o
	----------------------------------------------------------------------------------------------
	     7    -262.20262493   -3.55e-03      1.96e-02      1.96e-02 o    6.55e-02      6.55e-02 o  ~
	----------------------------------------------------------------------------------------------


2025-07-17:10:50:34,29 INFO     [psi4.optking.stepAlgorithms:266] 	Convergence check returned False
2025-07-17:10:50:34,46 INFO     [psi4.driver.task_planner:285] PLANNING Atomic:  keywords={'DAMPING_PERCENTAGE': 1.0, 'GEOM_MAXITER': 500, 'SCF__GUESS': 'READ', 'GUESS': 'SAP', 'MAXITER': 500, 'REFERENCE': 'UKS', 'function_kwargs': {}}
2025-07-17:10:50:34,47 INFO     [psi4.driver.driver:636] Compute gradient(): method=b3lyp, basis=cc-pvdz, molecule=default, nre=27.45978194725997
2025-07-17:10:50:34,997 INFO     [psi4.driver.driver:639] Return gradient(): -262.2036004961153
2025-07-17:10:50:34,997 INFO     [psi4.driver.driver:640] [[ 0.00000000 -0.00000000 -0.01047786]
 [ 0.00000000 -0.00000000  0.01036017]]
2025-07-17:10:50:34,998 INFO     [psi4.optking.history:257] 	Performing BFGS update.
2025-07-17:10:50:34,998 INFO     [psi4.optking.history:268] 	Using 4 previous steps for update.
2025-07-17:10:50:34,998 WARNING  [psi4.optking.history:286] 	Change in internal coordinate of 5.37e-01 exceeds limit of 5.00e-01.
2025-07-17:10:50:34,998 WARNING  [psi4.optking.history:291] 	Skipping Hessian update for step 4.
2025-07-17:10:50:34,998 WARNING  [psi4.optking.history:286] 	Change in internal coordinate of 7.80e-01 exceeds limit of 5.00e-01.
2025-07-17:10:50:34,998 WARNING  [psi4.optking.history:291] 	Skipping Hessian update for step 3.
2025-07-17:10:50:34,998 WARNING  [psi4.optking.history:286] 	Change in internal coordinate of 1.04e+00 exceeds limit of 5.00e-01.
2025-07-17:10:50:34,999 WARNING  [psi4.optking.history:291] 	Skipping Hessian update for step 2.
2025-07-17:10:50:34,999 WARNING  [psi4.optking.history:286] 	Change in internal coordinate of 1.34e+00 exceeds limit of 5.00e-01.
2025-07-17:10:50:34,999 WARNING  [psi4.optking.history:291] 	Skipping Hessian update for step 1.
2025-07-17:10:50:34,999 INFO     [psi4.optking.history:302] 	Steps to be used in Hessian update:  7 6 5

2025-07-17:10:50:34,999 INFO     [psi4.optking.history:400] 	Updated Hessian (in au) 
 	   0.200285

2025-07-17:10:50:34,999 INFO     [psi4.optking.molsys:874] Projected (PHP) Hessian matrix
	   0.200285

2025-07-17:10:50:34,999 INFO     [psi4.optking.opt_helper:168] 
	         Geometry (au)                                       Gradient (au)
   0.0000000000   0.0000000000   1.9739936487		   0.0000000000  -0.0000000000  -0.0104778643
   0.0000000000   0.0000000000  -1.6312789711		   0.0000000000  -0.0000000000   0.0103601746

2025-07-17:10:50:34,999 INFO     [psi4.optking.stepAlgorithms:315] 	Current Step Report 
 
	Current energy:      -262.2036004961
	Energy change for the previous step:
		Actual       :        -0.0009755660
		Projected    :        -0.0006416071

2025-07-17:10:50:34,999 INFO     [psi4.optking.stepAlgorithms:318] 	Energy ratio =    1.52050
2025-07-17:10:50:34,999 INFO     [psi4.optking.stepAlgorithms:750] 	Using RFO solution 1.
2025-07-17:10:50:34,999 INFO     [psi4.optking.displace:73] 	Determining Cartesian step for fragment 1.
2025-07-17:10:50:34,999 INFO     [psi4.optking.displace:378] 	Successfully converged to displaced geometry.
2025-07-17:10:50:34,999 INFO     [psi4.optking.displace:379] 	RMS(dx):  0.000e+00 	Max(dx):  0.000e+00 	RMS(dq):  0.000e+00
2025-07-17:10:50:34,999 INFO     [psi4.optking.displace:132] 

	        --- Internal Coordinate Step in ANG or DEG, aJ/ANG or AJ/DEG ---
	-------------------------------------------------------------------------------
	           Coordinate      Previous         Force          Change          New 
	           ----------      --------        ------          ------        ------
	               R(1,2)       1.90783        0.08584        0.02745       1.93528
	-------------------------------------------------------------------------------

2025-07-17:10:50:34,999 INFO     [psi4.optking.stepAlgorithms:96] 	|target step| :    0.0518809292
2025-07-17:10:50:34,999 INFO     [psi4.optking.stepAlgorithms:97] 	gradient     :   -0.0104190194
2025-07-17:10:50:35,0 INFO     [psi4.optking.stepAlgorithms:98] 	hessian      :    0.2002850651
2025-07-17:10:50:35,0 INFO     [psi4.optking.stepAlgorithms:177] 	Norm of achieved step-size    0.0518809292
2025-07-17:10:50:35,0 INFO     [psi4.optking.stepAlgorithms:179] 	Norm of achieved step-size (cart):    0.0366853569
2025-07-17:10:50:35,0 INFO     [psi4.optking.opt_helper:151] Molsys:

	                            ===> Fragment 1 <== 

	 Z (Atomic Numbers)          Masses                          Geom                  
	       9.000000            18.998403          0.00000000  0.00000000  1.99993411   
	      11.000000            22.989769          0.00000000  0.00000000 -1.65721944   

	 - Coordinate -           - BOHR/RAD -       - ANG/DEG -
	 R(1,2)           =         3.657154           1.935282

2025-07-17:10:50:35,0 INFO     [psi4.optking.convcheck:71] Performing convergence check.
2025-07-17:10:50:35,0 INFO     [psi4.optking.convcheck:263] 
	                                 ==> Convergence Check <==                                  
    
	Measures of convergence in internal coordinates in au.
    
	Criteria marked as inactive (o), active & met (*), and active & unmet ( ).

	----------------------------------------------------------------------------------------------
	   Step    Total Energy     Delta E     Max Force     RMS Force      Max Disp      RMS Disp   
	----------------------------------------------------------------------------------------------
	  Convergence Criteria     1.00e-06 *    3.00e-04 *             o    1.20e-03 *             o
	----------------------------------------------------------------------------------------------
	     8    -262.20360050   -9.76e-04      1.04e-02      1.04e-02 o    5.19e-02      5.19e-02 o  ~
	----------------------------------------------------------------------------------------------


2025-07-17:10:50:35,0 INFO     [psi4.optking.stepAlgorithms:266] 	Convergence check returned False
2025-07-17:10:50:35,18 INFO     [psi4.driver.task_planner:285] PLANNING Atomic:  keywords={'DAMPING_PERCENTAGE': 1.0, 'GEOM_MAXITER': 500, 'SCF__GUESS': 'READ', 'GUESS': 'SAP', 'MAXITER': 500, 'REFERENCE': 'UKS', 'function_kwargs': {}}
2025-07-17:10:50:35,20 INFO     [psi4.driver.driver:636] Compute gradient(): method=b3lyp, basis=cc-pvdz, molecule=default, nre=27.07023335863048
2025-07-17:10:50:36,107 INFO     [psi4.driver.driver:639] Return gradient(): -262.2039813749682
2025-07-17:10:50:36,108 INFO     [psi4.driver.driver:640] [[ 0.00000000  0.00000000 -0.00423389]
 [ 0.00000000  0.00000000  0.00418649]]
2025-07-17:10:50:36,110 INFO     [psi4.optking.history:257] 	Performing BFGS update.
2025-07-17:10:50:36,110 INFO     [psi4.optking.history:268] 	Using 4 previous steps for update.
2025-07-17:10:50:36,110 INFO     [psi4.optking.history:302] 	Steps to be used in Hessian update:  8 7 6 5

2025-07-17:10:50:36,111 INFO     [psi4.optking.history:400] 	Updated Hessian (in au) 
 	   0.188959

2025-07-17:10:50:36,111 INFO     [psi4.optking.molsys:874] Projected (PHP) Hessian matrix
	   0.188959

2025-07-17:10:50:36,111 INFO     [psi4.optking.opt_helper:168] 
	         Geometry (au)                                       Gradient (au)
   0.0000000000   0.0000000000   2.0023999956		   0.0000000000   0.0000000000  -0.0042338904
   0.0000000000   0.0000000000  -1.6547535534		   0.0000000000   0.0000000000   0.0041864919

2025-07-17:10:50:36,111 INFO     [psi4.optking.stepAlgorithms:315] 	Current Step Report 
 
	Current energy:      -262.2039813750
	Energy change for the previous step:
		Actual       :        -0.0003808789
		Projected    :        -0.0002702742

2025-07-17:10:50:36,111 INFO     [psi4.optking.stepAlgorithms:318] 	Energy ratio =    1.40923
2025-07-17:10:50:36,111 INFO     [psi4.optking.stepAlgorithms:750] 	Using RFO solution 1.
2025-07-17:10:50:36,111 INFO     [psi4.optking.displace:73] 	Determining Cartesian step for fragment 1.
2025-07-17:10:50:36,111 INFO     [psi4.optking.displace:378] 	Successfully converged to displaced geometry.
2025-07-17:10:50:36,111 INFO     [psi4.optking.displace:379] 	RMS(dx):  0.000e+00 	Max(dx):  0.000e+00 	RMS(dq):  0.000e+00
2025-07-17:10:50:36,111 INFO     [psi4.optking.displace:132] 

	        --- Internal Coordinate Step in ANG or DEG, aJ/ANG or AJ/DEG ---
	-------------------------------------------------------------------------------
	           Coordinate      Previous         Force          Change          New 
	           ----------      --------        ------          ------        ------
	               R(1,2)       1.93528        0.03469        0.01178       1.94707
	-------------------------------------------------------------------------------

2025-07-17:10:50:36,111 INFO     [psi4.optking.stepAlgorithms:96] 	|target step| :    0.0222699379
2025-07-17:10:50:36,111 INFO     [psi4.optking.stepAlgorithms:97] 	gradient     :   -0.0042101912
2025-07-17:10:50:36,111 INFO     [psi4.optking.stepAlgorithms:98] 	hessian      :    0.1889589076
2025-07-17:10:50:36,111 INFO     [psi4.optking.stepAlgorithms:177] 	Norm of achieved step-size    0.0222699379
2025-07-17:10:50:36,111 INFO     [psi4.optking.stepAlgorithms:179] 	Norm of achieved step-size (cart):    0.0157472241
2025-07-17:10:50:36,111 INFO     [psi4.optking.opt_helper:151] Molsys:

	                            ===> Fragment 1 <== 

	 Z (Atomic Numbers)          Masses                          Geom                  
	       9.000000            18.998403          0.00000000  0.00000000  2.01353496   
	      11.000000            22.989769          0.00000000  0.00000000 -1.66588852   

	 - Coordinate -           - BOHR/RAD -       - ANG/DEG -
	 R(1,2)           =         3.679423           1.947067

2025-07-17:10:50:36,111 INFO     [psi4.optking.convcheck:71] Performing convergence check.
2025-07-17:10:50:36,111 INFO     [psi4.optking.convcheck:263] 
	                                 ==> Convergence Check <==                                  
    
	Measures of convergence in internal coordinates in au.
    
	Criteria marked as inactive (o), active & met (*), and active & unmet ( ).

	----------------------------------------------------------------------------------------------
	   Step    Total Energy     Delta E     Max Force     RMS Force      Max Disp      RMS Disp   
	----------------------------------------------------------------------------------------------
	  Convergence Criteria     1.00e-06 *    3.00e-04 *             o    1.20e-03 *             o
	----------------------------------------------------------------------------------------------
	     9    -262.20398137   -3.81e-04      4.21e-03      4.21e-03 o    2.23e-02      2.23e-02 o  ~
	----------------------------------------------------------------------------------------------


2025-07-17:10:50:36,112 INFO     [psi4.optking.stepAlgorithms:266] 	Convergence check returned False
2025-07-17:10:50:36,127 INFO     [psi4.driver.task_planner:285] PLANNING Atomic:  keywords={'DAMPING_PERCENTAGE': 1.0, 'GEOM_MAXITER': 500, 'SCF__GUESS': 'READ', 'GUESS': 'SAP', 'MAXITER': 500, 'REFERENCE': 'UKS', 'function_kwargs': {}}
2025-07-17:10:50:36,129 INFO     [psi4.driver.driver:636] Compute gradient(): method=b3lyp, basis=cc-pvdz, molecule=default, nre=26.906389099423333
2025-07-17:10:50:37,300 INFO     [psi4.driver.driver:639] Return gradient(): -262.20405065284507
2025-07-17:10:50:37,300 INFO     [psi4.driver.driver:640] [[ 0.00000000  0.00000000 -0.00181763]
 [ 0.00000000  0.00000000  0.00179158]]
2025-07-17:10:50:37,305 INFO     [psi4.optking.history:257] 	Performing BFGS update.
2025-07-17:10:50:37,305 INFO     [psi4.optking.history:268] 	Using 4 previous steps for update.
2025-07-17:10:50:37,309 INFO     [psi4.optking.history:302] 	Steps to be used in Hessian update:  9 8 7 6

2025-07-17:10:50:37,309 INFO     [psi4.optking.history:400] 	Updated Hessian (in au) 
 	   0.151141

2025-07-17:10:50:37,309 INFO     [psi4.optking.molsys:874] Projected (PHP) Hessian matrix
	   0.151141

2025-07-17:10:50:37,309 INFO     [psi4.optking.opt_helper:168] 
	         Geometry (au)                                       Gradient (au)
   0.0000000000   0.0000000000   2.0145934469		   0.0000000000   0.0000000000  -0.0018176304
   0.0000000000   0.0000000000  -1.6648300400		   0.0000000000   0.0000000000   0.0017915783

2025-07-17:10:50:37,309 INFO     [psi4.optking.stepAlgorithms:315] 	Current Step Report 
 
	Current energy:      -262.2040506528
	Energy change for the previous step:
		Actual       :        -0.0000692779
		Projected    :        -0.0000468803

2025-07-17:10:50:37,309 INFO     [psi4.optking.stepAlgorithms:318] 	Energy ratio =    1.47776
2025-07-17:10:50:37,309 INFO     [psi4.optking.stepAlgorithms:750] 	Using RFO solution 1.
2025-07-17:10:50:37,310 INFO     [psi4.optking.displace:73] 	Determining Cartesian step for fragment 1.
2025-07-17:10:50:37,310 INFO     [psi4.optking.displace:378] 	Successfully converged to displaced geometry.
2025-07-17:10:50:37,310 INFO     [psi4.optking.displace:379] 	RMS(dx):  0.000e+00 	Max(dx):  0.000e+00 	RMS(dq):  0.000e+00
2025-07-17:10:50:37,310 INFO     [psi4.optking.displace:132] 

	        --- Internal Coordinate Step in ANG or DEG, aJ/ANG or AJ/DEG ---
	-------------------------------------------------------------------------------
	           Coordinate      Previous         Force          Change          New 
	           ----------      --------        ------          ------        ------
	               R(1,2)       1.94707        0.01487        0.00632       1.95338
	-------------------------------------------------------------------------------

2025-07-17:10:50:37,310 INFO     [psi4.optking.stepAlgorithms:96] 	|target step| :    0.0119382091
2025-07-17:10:50:37,310 INFO     [psi4.optking.stepAlgorithms:97] 	gradient     :   -0.0018046043
2025-07-17:10:50:37,310 INFO     [psi4.optking.stepAlgorithms:98] 	hessian      :    0.1511405223
2025-07-17:10:50:37,310 INFO     [psi4.optking.stepAlgorithms:177] 	Norm of achieved step-size    0.0119382091
2025-07-17:10:50:37,310 INFO     [psi4.optking.stepAlgorithms:179] 	Norm of achieved step-size (cart):    0.0084415886
2025-07-17:10:50:37,310 INFO     [psi4.optking.opt_helper:151] Molsys:

	                            ===> Fragment 1 <== 

	 Z (Atomic Numbers)          Masses                          Geom                  
	       9.000000            18.998403          0.00000000  0.00000000  2.02056255   
	      11.000000            22.989769          0.00000000  0.00000000 -1.67079914   

	 - Coordinate -           - BOHR/RAD -       - ANG/DEG -
	 R(1,2)           =         3.691362           1.953384

2025-07-17:10:50:37,310 INFO     [psi4.optking.convcheck:71] Performing convergence check.
2025-07-17:10:50:37,310 INFO     [psi4.optking.convcheck:263] 
	                                 ==> Convergence Check <==                                  
    
	Measures of convergence in internal coordinates in au.
    
	Criteria marked as inactive (o), active & met (*), and active & unmet ( ).

	----------------------------------------------------------------------------------------------
	   Step    Total Energy     Delta E     Max Force     RMS Force      Max Disp      RMS Disp   
	----------------------------------------------------------------------------------------------
	  Convergence Criteria     1.00e-06 *    3.00e-04 *             o    1.20e-03 *             o
	----------------------------------------------------------------------------------------------
	    10    -262.20405065   -6.93e-05      1.80e-03      1.80e-03 o    1.19e-02      1.19e-02 o  ~
	----------------------------------------------------------------------------------------------


2025-07-17:10:50:37,310 INFO     [psi4.optking.stepAlgorithms:266] 	Convergence check returned False
2025-07-17:10:50:37,322 INFO     [psi4.driver.task_planner:285] PLANNING Atomic:  keywords={'DAMPING_PERCENTAGE': 1.0, 'GEOM_MAXITER': 500, 'SCF__GUESS': 'READ', 'GUESS': 'SAP', 'MAXITER': 500, 'REFERENCE': 'UKS', 'function_kwargs': {}}
2025-07-17:10:50:37,323 INFO     [psi4.driver.driver:636] Compute gradient(): method=b3lyp, basis=cc-pvdz, molecule=default, nre=26.819371319942228
2025-07-17:10:50:38,305 INFO     [psi4.driver.driver:639] Return gradient(): -262.2040661713558
2025-07-17:10:50:38,305 INFO     [psi4.driver.driver:640] [[-0.00000000  0.00000000 -0.00058463]
 [ 0.00000000 -0.00000000  0.00056668]]
2025-07-17:10:50:38,306 INFO     [psi4.optking.history:257] 	Performing BFGS update.
2025-07-17:10:50:38,306 INFO     [psi4.optking.history:268] 	Using 4 previous steps for update.
2025-07-17:10:50:38,306 INFO     [psi4.optking.history:302] 	Steps to be used in Hessian update:  10 9 8 7

2025-07-17:10:50:38,306 INFO     [psi4.optking.history:400] 	Updated Hessian (in au) 
 	   0.125358

2025-07-17:10:50:38,307 INFO     [psi4.optking.molsys:874] Projected (PHP) Hessian matrix
	   0.125358

2025-07-17:10:50:38,307 INFO     [psi4.optking.opt_helper:168] 
	         Geometry (au)                                       Gradient (au)
   0.0000000000   0.0000000000   2.0211299703		  -0.0000000000   0.0000000000  -0.0005846285
   0.0000000000   0.0000000000  -1.6702317256		   0.0000000000  -0.0000000000   0.0005666790

2025-07-17:10:50:38,307 INFO     [psi4.optking.stepAlgorithms:315] 	Current Step Report 
 
	Current energy:      -262.2040661714
	Energy change for the previous step:
		Actual       :        -0.0000155185
		Projected    :        -0.0000107719

2025-07-17:10:50:38,307 INFO     [psi4.optking.stepAlgorithms:318] 	Energy ratio =    1.44065
2025-07-17:10:50:38,307 INFO     [psi4.optking.stepAlgorithms:750] 	Using RFO solution 1.
2025-07-17:10:50:38,307 INFO     [psi4.optking.displace:73] 	Determining Cartesian step for fragment 1.
2025-07-17:10:50:38,307 INFO     [psi4.optking.displace:378] 	Successfully converged to displaced geometry.
2025-07-17:10:50:38,307 INFO     [psi4.optking.displace:379] 	RMS(dx):  0.000e+00 	Max(dx):  0.000e+00 	RMS(dq):  0.000e+00
2025-07-17:10:50:38,307 INFO     [psi4.optking.displace:132] 

	        --- Internal Coordinate Step in ANG or DEG, aJ/ANG or AJ/DEG ---
	-------------------------------------------------------------------------------
	           Coordinate      Previous         Force          Change          New 
	           ----------      --------        ------          ------        ------
	               R(1,2)       1.95338        0.00474        0.00243       1.95581
	-------------------------------------------------------------------------------

2025-07-17:10:50:38,307 INFO     [psi4.optking.stepAlgorithms:96] 	|target step| :    0.0045919982
2025-07-17:10:50:38,307 INFO     [psi4.optking.stepAlgorithms:97] 	gradient     :   -0.0005756537
2025-07-17:10:50:38,307 INFO     [psi4.optking.stepAlgorithms:98] 	hessian      :    0.1253575375
2025-07-17:10:50:38,307 INFO     [psi4.optking.stepAlgorithms:177] 	Norm of achieved step-size    0.0045919982
2025-07-17:10:50:38,307 INFO     [psi4.optking.stepAlgorithms:179] 	Norm of achieved step-size (cart):    0.0032470331
2025-07-17:10:50:38,307 INFO     [psi4.optking.opt_helper:151] Molsys:

	                            ===> Fragment 1 <== 

	 Z (Atomic Numbers)          Masses                          Geom                  
	       9.000000            18.998403          0.00000000  0.00000000  2.02342597   
	      11.000000            22.989769          0.00000000  0.00000000 -1.67252772   

	 - Coordinate -           - BOHR/RAD -       - ANG/DEG -
	 R(1,2)           =         3.695954           1.955814

2025-07-17:10:50:38,308 INFO     [psi4.optking.convcheck:71] Performing convergence check.
2025-07-17:10:50:38,308 INFO     [psi4.optking.convcheck:263] 
	                                 ==> Convergence Check <==                                  
    
	Measures of convergence in internal coordinates in au.
    
	Criteria marked as inactive (o), active & met (*), and active & unmet ( ).

	----------------------------------------------------------------------------------------------
	   Step    Total Energy     Delta E     Max Force     RMS Force      Max Disp      RMS Disp   
	----------------------------------------------------------------------------------------------
	  Convergence Criteria     1.00e-06 *    3.00e-04 *             o    1.20e-03 *             o
	----------------------------------------------------------------------------------------------
	    11    -262.20406617   -1.55e-05      5.76e-04      5.76e-04 o    4.59e-03      4.59e-03 o  ~
	----------------------------------------------------------------------------------------------


2025-07-17:10:50:38,308 INFO     [psi4.optking.stepAlgorithms:266] 	Convergence check returned False
2025-07-17:10:50:38,329 INFO     [psi4.driver.task_planner:285] PLANNING Atomic:  keywords={'DAMPING_PERCENTAGE': 1.0, 'GEOM_MAXITER': 500, 'SCF__GUESS': 'READ', 'GUESS': 'SAP', 'MAXITER': 500, 'REFERENCE': 'UKS', 'function_kwargs': {}}
2025-07-17:10:50:38,331 INFO     [psi4.driver.driver:636] Compute gradient(): method=b3lyp, basis=cc-pvdz, molecule=default, nre=26.786049878123393
2025-07-17:10:50:39,365 INFO     [psi4.driver.driver:639] Return gradient(): -262.20406825779935
2025-07-17:10:50:39,365 INFO     [psi4.driver.driver:640] [[ 0.00000000 -0.00000000 -0.00012165]
 [-0.00000000  0.00000000  0.00010615]]
2025-07-17:10:50:39,366 INFO     [psi4.optking.history:257] 	Performing BFGS update.
2025-07-17:10:50:39,366 INFO     [psi4.optking.history:268] 	Using 4 previous steps for update.
2025-07-17:10:50:39,366 INFO     [psi4.optking.history:302] 	Steps to be used in Hessian update:  11 10 9 8

2025-07-17:10:50:39,367 INFO     [psi4.optking.history:400] 	Updated Hessian (in au) 
 	   0.113641

2025-07-17:10:50:39,367 INFO     [psi4.optking.molsys:874] Projected (PHP) Hessian matrix
	   0.113641

2025-07-17:10:50:39,367 INFO     [psi4.optking.opt_helper:168] 
	         Geometry (au)                                       Gradient (au)
   0.0000000000   0.0000000000   2.0236442255		   0.0000000000  -0.0000000000  -0.0001216458
   0.0000000000   0.0000000000  -1.6723094687		  -0.0000000000   0.0000000000   0.0001061548

2025-07-17:10:50:39,367 INFO     [psi4.optking.stepAlgorithms:315] 	Current Step Report 
 
	Current energy:      -262.2040682578
	Energy change for the previous step:
		Actual       :        -0.0000020864
		Projected    :        -0.0000013217

2025-07-17:10:50:39,367 INFO     [psi4.optking.stepAlgorithms:318] 	Energy ratio =    1.57861
2025-07-17:10:50:39,367 INFO     [psi4.optking.stepAlgorithms:750] 	Using RFO solution 1.
2025-07-17:10:50:39,367 INFO     [psi4.optking.displace:73] 	Determining Cartesian step for fragment 1.
2025-07-17:10:50:39,367 INFO     [psi4.optking.displace:378] 	Successfully converged to displaced geometry.
2025-07-17:10:50:39,367 INFO     [psi4.optking.displace:379] 	RMS(dx):  0.000e+00 	Max(dx):  0.000e+00 	RMS(dq):  0.000e+00
2025-07-17:10:50:39,367 INFO     [psi4.optking.displace:132] 

	        --- Internal Coordinate Step in ANG or DEG, aJ/ANG or AJ/DEG ---
	-------------------------------------------------------------------------------
	           Coordinate      Previous         Force          Change          New 
	           ----------      --------        ------          ------        ------
	               R(1,2)       1.95581        0.00094        0.00053       1.95634
	-------------------------------------------------------------------------------

2025-07-17:10:50:39,367 INFO     [psi4.optking.stepAlgorithms:96] 	|target step| :    0.0010022777
2025-07-17:10:50:39,367 INFO     [psi4.optking.stepAlgorithms:97] 	gradient     :   -0.0001139003
2025-07-17:10:50:39,367 INFO     [psi4.optking.stepAlgorithms:98] 	hessian      :    0.1136413437
2025-07-17:10:50:39,367 INFO     [psi4.optking.stepAlgorithms:177] 	Norm of achieved step-size    0.0010022777
2025-07-17:10:50:39,367 INFO     [psi4.optking.stepAlgorithms:179] 	Norm of achieved step-size (cart):    0.0007087174
2025-07-17:10:50:39,368 INFO     [psi4.optking.opt_helper:151] Molsys:

	                            ===> Fragment 1 <== 

	 Z (Atomic Numbers)          Masses                          Geom                  
	       9.000000            18.998403          0.00000000  0.00000000  2.02414536   
	      11.000000            22.989769          0.00000000  0.00000000 -1.67281061   

	 - Coordinate -           - BOHR/RAD -       - ANG/DEG -
	 R(1,2)           =         3.696956           1.956345

2025-07-17:10:50:39,368 INFO     [psi4.optking.convcheck:71] Performing convergence check.
2025-07-17:10:50:39,368 INFO     [psi4.optking.convcheck:263] 
	                                 ==> Convergence Check <==                                  
    
	Measures of convergence in internal coordinates in au.
    
	Criteria marked as inactive (o), active & met (*), and active & unmet ( ).

	----------------------------------------------------------------------------------------------
	   Step    Total Energy     Delta E     Max Force     RMS Force      Max Disp      RMS Disp   
	----------------------------------------------------------------------------------------------
	  Convergence Criteria     1.00e-06 *    3.00e-04 *             o    1.20e-03 *             o
	----------------------------------------------------------------------------------------------
	    12    -262.20406826   -2.09e-06      1.14e-04 *    1.14e-04 o    1.00e-03 *    1.00e-03 o  ~
	----------------------------------------------------------------------------------------------


2025-07-17:10:50:39,368 INFO     [psi4.optking.convcheck:193] 
	                      ===> Final Convergence Report <===                     

	----------------------------------------------------------------------------
	|   Required Criteria    |  One or More Criteria  |   Alternate Criteria   |
	----------------------------------------------------------------------------
	| [x]     max_force      | [ ]       max_DE       |                        |
	|                        | [x]      max_disp      |                        |
	----------------------------------------------------------------------------


2025-07-17:10:50:39,368 INFO     [psi4.optking.stepAlgorithms:266] 	Convergence check returned True
2025-07-17:10:50:39,368 INFO     [psi4.optking.optimize:286] 	Converged in 12 steps!
2025-07-17:10:50:39,368 INFO     [psi4.optking.optimize:287] 	Final energy is   -262.2040682577993
2025-07-17:10:50:39,368 INFO     [psi4.optking.optimize:288] 	Final structure (Angstroms): 
	Fragment 1 (Ang)

	    F   0.0000000000   0.0000000000   1.0711315979
	   Na   0.0000000000   0.0000000000  -0.8852132513


2025-07-17:10:50:39,369 INFO     [psi4.optking.optimize:432] 	Optimization Finished

	==> Optimization Summary <==

        
	Measures of convergence in internal coordinates in au. (Any backward steps not shown.)
        
	---------------------------------------------------------------------------------------------------------------  ~
        
	 Step         Total Energy             Delta E       MAX Force       RMS Force        MAX Disp        RMS Disp   ~
        
	---------------------------------------------------------------------------------------------------------------  ~
        
	     1    -261.695935498763   -261.695935498763      1.35742853      1.35742853      0.29611219      0.29611219  ~
	     2    -261.984714333465     -0.288778834702      0.66085107      0.66085107      0.26168724      0.26168724  ~
	     3    -262.109632285072     -0.124917951608      0.32817478      0.32817478      0.24291383      0.24291383  ~
	     4    -262.166839285116     -0.057207000044      0.15983325      0.15983325      0.21952216      0.21952216  ~
	     5    -262.191598121921     -0.024758836804      0.07398266      0.07398266      0.13223845      0.13223845  ~
	     6    -262.199076133324     -0.007478011403      0.04099205      0.04099205      0.11959776      0.11959776  ~
	     7    -262.202624930131     -0.003548796807      0.01958220      0.01958220      0.06552962      0.06552962  ~
	     8    -262.203600496115     -0.000975565985      0.01041902      0.01041902      0.05188093      0.05188093  ~
	     9    -262.203981374968     -0.000380878853      0.00421019      0.00421019      0.02226994      0.02226994  ~
	    10    -262.204050652845     -0.000069277877      0.00180460      0.00180460      0.01193821      0.01193821  ~
	    11    -262.204066171356     -0.000015518511      0.00057565      0.00057565      0.00459200      0.00459200  ~
	    12    -262.204068257799     -0.000002086444      0.00011390      0.00011390      0.00100228      0.00100228  ~
	----------------------------------------------------------------------------------------------------------------


2025-07-17:10:50:39,369 INFO     [psi4.optking.optimize:640] Preparing OptimizationResult
