2025-07-17:11:37:18,66 INFO     [psi4.optking.optwrapper:214] Creating a UserComputer
2025-07-17:11:37:18,66 INFO     [psi4.optking.optwrapper:222] 
    			-----------------------------------------

    			 OPTKING 3.0: for geometry optimizations 

    			     By R.A. King, Bethel University     

    			        with contributions from          

    			    A.V. Copan, J. Cayton, A. Heide      

    			-----------------------------------------

    
2025-07-17:11:37:18,66 INFO     [psi4.optking.optwrapper:238] 
		 -- Optimization Parameters --
	accept_symmetry_breaking       =           False
	alg_geom_maxiter               =             500
	bt_dx_conv                     =           1e-07
	bt_dx_rms_change_conv          =           1e-12
	bt_max_iter                    =              25
	cart_hess_read                 =           False
	consecutive_backsteps_allowed  =               0
	conv_max_DE                    =           1e-06
	conv_max_disp                  =          0.0012
	conv_max_force                 =          0.0003
	conv_rms_disp                  =              -1
	conv_rms_force                 =              -1
	covalent_connect               =             1.3
	dynamic_level                  =               0
	dynamic_level_max              =               0
	ensure_bt_convergence          =           False
	ext_force_bend                 =              []
	ext_force_cartesian            =              []
	ext_force_dihedral             =              []
	ext_force_distance             =              []
	ext_force_oofp                 =              []
	fix_val_near_pi                =            1.57
	flexible_g_convergence         =           False
	frag_mode                      =          SINGLE
	frag_ref_atoms                 =            None
	freeze_intrafrag               =           False
	frozen_bend                    =              []
	frozen_cartesian               =              []
	frozen_dihedral                =              []
	frozen_distance                =              []
	frozen_oofp                    =              []
	full_hess_every                =              -1
	g_convergence                  =           QCHEM
	generate_intcos_exit           =           False
	geom_maxiter                   =             500
	h_bond_connect                 =             4.3
	hess_update                    =            BFGS
	hess_update_den_tol            =           1e-07
	hess_update_dq_tol             =             0.5
	hess_update_limit              =            True
	hess_update_limit_max          =             1.0
	hess_update_limit_scale        =             0.5
	hess_update_use_last           =               4
	hessian_file                   =            None
	i_max_DE                       =            True
	i_max_disp                     =            True
	i_max_force                    =            True
	i_rms_disp                     =           False
	i_rms_force                    =           False
	i_untampered                   =            True
	include_oofp                   =           False
	interfrag_collinear_tol        =            0.01
	interfrag_coords               =            None
	interfrag_dist_inv             =           False
	interfrag_mode                 =           FIXED
	interfrag_trust                =             0.5
	interfrag_trust_max            =             1.0
	interfrag_trust_min            =           0.001
	interfragment_connect          =             1.8
	intrafrag_hess                 =        SCHLEGEL
	intrafrag_trust                =             0.5
	intrafrag_trust_max            =             1.0
	intrafrag_trust_min            =           0.001
	irc_direction                  =         FORWARD
	irc_points                     =              20
	irc_step_size                  =             0.2
	keep_intcos                    =           False
	linear_bend_threshold          =            3.05
	linesearch                     =           False
	linesearch_step                =             0.1
	max_disp_g_convergence         =          0.0012
	max_energy_g_convergence       =           1e-06
	max_force_g_convergence        =          0.0003
	opt_coordinates                =       REDUNDANT
	opt_type                       =             MIN
	output_type                    =            FILE
	print_lvl                      =               1
	program                        =            psi4
	ranged_bend                    =              []
	ranged_cartesian               =              []
	ranged_dihedral                =              []
	ranged_distance                =              []
	ranged_oofp                    =              []
	redundant_eval_tol             =           1e-10
	rfo_follow_root                =           False
	rfo_normalization_max          =             100
	rfo_root                       =               0
	rms_disp_g_convergence         =          0.0012
	rms_force_g_convergence        =          0.0003
	rsrfo_alpha_max                =     100000000.0
	sd_hessian                     =             1.0
	simple_step_scaling            =           False
	small_bend_fix_threshold       =            0.35
	steepest_descent_type          =         OVERLAP
	step_type                      =             RFO
	test_B                         =           False
	test_derivative_B              =           False
	trajectory                     =           False
	v3d_tors_angle_lim             =           0.017
	v3d_tors_cos_tol               =           1e-10
	working_consecutive_backsteps  =               0
	working_steps_since_last_H     =               0


2025-07-17:11:37:18,716 INFO     [psi4.optking.opt_helper:151] Molsys:

	                            ===> Fragment 1 <== 

	 Z (Atomic Numbers)          Masses                          Geom                  
	      13.000000            26.981539          0.00000000  0.00000000  1.21193941   
	      15.000000            30.973762          0.00000000  0.00000000 -1.05573194   

	 - Coordinate -           - BOHR/RAD -       - ANG/DEG -
	 R(1,2)           =         2.267671           1.200000

2025-07-17:11:37:18,727 INFO     [psi4.driver.task_planner:285] PLANNING Atomic:  keywords={'DAMPING_PERCENTAGE': 1.0, 'GEOM_MAXITER': 500, 'GUESS': 'SAP', 'MAXITER': 500, 'REFERENCE': 'UKS', 'function_kwargs': {}}
2025-07-17:11:37:18,728 INFO     [psi4.driver.driver:636] Compute gradient(): method=b3lyp, basis=cc-pvdz, molecule=default, nre=85.99129673387502
2025-07-17:11:37:21,917 INFO     [psi4.driver.driver:639] Return gradient(): -582.69873006747
2025-07-17:11:37:21,917 INFO     [psi4.driver.driver:640] [[-0.00000000  0.00000000 -2.12113083]
 [ 0.00000000 -0.00000000  2.12111415]]
2025-07-17:11:37:21,918 INFO     [psi4.optking.molsys:874] Projected (PHP) Hessian matrix
	 217.822043

2025-07-17:11:37:21,918 INFO     [psi4.optking.opt_helper:168] 
	         Geometry (au)                                       Gradient (au)
   0.0000000000   0.0000000000   1.2119394095		  -0.0000000000   0.0000000000  -2.1211308270
   0.0000000000   0.0000000000  -1.0557319410		   0.0000000000  -0.0000000000   2.1211141531

2025-07-17:11:37:21,919 INFO     [psi4.optking.stepAlgorithms:750] 	Using RFO solution 1.
2025-07-17:11:37:21,919 INFO     [psi4.optking.displace:73] 	Determining Cartesian step for fragment 1.
2025-07-17:11:37:21,919 INFO     [psi4.optking.displace:378] 	Successfully converged to displaced geometry.
2025-07-17:11:37:21,919 INFO     [psi4.optking.displace:379] 	RMS(dx):  0.000e+00 	Max(dx):  0.000e+00 	RMS(dq):  0.000e+00
2025-07-17:11:37:21,919 INFO     [psi4.optking.displace:132] 

	        --- Internal Coordinate Step in ANG or DEG, aJ/ANG or AJ/DEG ---
	-------------------------------------------------------------------------------
	           Coordinate      Previous         Force          Change          New 
	           ----------      --------        ------          ------        ------
	               R(1,2)       1.20000       17.47534        0.00515       1.20515
	-------------------------------------------------------------------------------

2025-07-17:11:37:21,919 INFO     [psi4.optking.stepAlgorithms:96] 	|target step| :    0.0097369456
2025-07-17:11:37:21,919 INFO     [psi4.optking.stepAlgorithms:97] 	gradient     :   -2.1211224901
2025-07-17:11:37:21,919 INFO     [psi4.optking.stepAlgorithms:98] 	hessian      :  217.8220428578
2025-07-17:11:37:21,919 INFO     [psi4.optking.stepAlgorithms:177] 	Norm of achieved step-size    0.0097369456
2025-07-17:11:37:21,919 INFO     [psi4.optking.stepAlgorithms:179] 	Norm of achieved step-size (cart):    0.0068850603
2025-07-17:11:37:21,919 INFO     [psi4.optking.opt_helper:151] Molsys:

	                            ===> Fragment 1 <== 

	 Z (Atomic Numbers)          Masses                          Geom                  
	      13.000000            26.981539          0.00000000  0.00000000  1.21680788   
	      15.000000            30.973762          0.00000000  0.00000000 -1.06060041   

	 - Coordinate -           - BOHR/RAD -       - ANG/DEG -
	 R(1,2)           =         2.277408           1.205153

2025-07-17:11:37:21,919 INFO     [psi4.optking.convcheck:71] Performing convergence check.
2025-07-17:11:37:21,919 INFO     [psi4.optking.convcheck:263] 
	                                 ==> Convergence Check <==                                  
    
	Measures of convergence in internal coordinates in au.
    
	Criteria marked as inactive (o), active & met (*), and active & unmet ( ).

	----------------------------------------------------------------------------------------------
	   Step    Total Energy     Delta E     Max Force     RMS Force      Max Disp      RMS Disp   
	----------------------------------------------------------------------------------------------
	  Convergence Criteria     1.00e-06 *    3.00e-04 *             o    1.20e-03 *             o
	----------------------------------------------------------------------------------------------
	     1    -582.69873007   -5.83e+02      2.12e+00      2.12e+00 o    9.74e-03      9.74e-03 o  ~
	----------------------------------------------------------------------------------------------


2025-07-17:11:37:21,920 INFO     [psi4.optking.stepAlgorithms:266] 	Convergence check returned False
2025-07-17:11:37:21,939 INFO     [psi4.driver.task_planner:285] PLANNING Atomic:  keywords={'DAMPING_PERCENTAGE': 1.0, 'GEOM_MAXITER': 500, 'SCF__GUESS': 'READ', 'GUESS': 'SAP', 'MAXITER': 500, 'REFERENCE': 'UKS', 'function_kwargs': {}}
2025-07-17:11:37:21,940 INFO     [psi4.driver.driver:636] Compute gradient(): method=b3lyp, basis=cc-pvdz, molecule=default, nre=85.62364523142082
2025-07-17:11:37:24,388 INFO     [psi4.driver.driver:639] Return gradient(): -582.7192204670896
2025-07-17:11:37:24,388 INFO     [psi4.driver.driver:640] [[ 0.00000000  0.00000000 -2.08787240]
 [ 0.00000000 -0.00000000  2.08786002]]
2025-07-17:11:37:24,390 INFO     [psi4.optking.history:257] 	Performing BFGS update.
2025-07-17:11:37:24,390 INFO     [psi4.optking.history:268] 	Using 1 previous steps for update.
2025-07-17:11:37:24,390 INFO     [psi4.optking.history:302] 	Steps to be used in Hessian update:  1

2025-07-17:11:37:24,390 INFO     [psi4.optking.history:400] 	Updated Hessian (in au) 
 	 108.911021

2025-07-17:11:37:24,390 INFO     [psi4.optking.molsys:874] Projected (PHP) Hessian matrix
	 108.911021

2025-07-17:11:37:24,390 INFO     [psi4.optking.opt_helper:168] 
	         Geometry (au)                                       Gradient (au)
   0.0000000000   0.0000000000   1.2171432448		   0.0000000000   0.0000000000  -2.0878723991
   0.0000000000   0.0000000000  -1.0602650514		   0.0000000000  -0.0000000000   2.0878600243

2025-07-17:11:37:24,390 INFO     [psi4.optking.stepAlgorithms:315] 	Current Step Report 
 
	Current energy:      -582.7192204671
	Energy change for the previous step:
		Actual       :        -0.0204903996
		Projected    :        -0.0103266272

2025-07-17:11:37:24,390 INFO     [psi4.optking.stepAlgorithms:318] 	Energy ratio =    1.98423
2025-07-17:11:37:24,390 INFO     [psi4.optking.stepAlgorithms:346] 	Energy ratio indicates good step.
2025-07-17:11:37:24,390 INFO     [psi4.optking.stepAlgorithms:347] 	Intrafrag trust radius increased to 1.000e+00.
2025-07-17:11:37:24,392 INFO     [psi4.optking.stepAlgorithms:750] 	Using RFO solution 1.
2025-07-17:11:37:24,392 INFO     [psi4.optking.displace:73] 	Determining Cartesian step for fragment 1.
2025-07-17:11:37:24,393 INFO     [psi4.optking.displace:378] 	Successfully converged to displaced geometry.
2025-07-17:11:37:24,393 INFO     [psi4.optking.displace:379] 	RMS(dx):  0.000e+00 	Max(dx):  0.000e+00 	RMS(dq):  0.000e+00
2025-07-17:11:37:24,393 INFO     [psi4.optking.displace:132] 

	        --- Internal Coordinate Step in ANG or DEG, aJ/ANG or AJ/DEG ---
	-------------------------------------------------------------------------------
	           Coordinate      Previous         Force          Change          New 
	           ----------      --------        ------          ------        ------
	               R(1,2)       1.20515       17.20135        0.01014       1.21529
	-------------------------------------------------------------------------------

2025-07-17:11:37:24,393 INFO     [psi4.optking.stepAlgorithms:96] 	|target step| :    0.0191633450
2025-07-17:11:37:24,393 INFO     [psi4.optking.stepAlgorithms:97] 	gradient     :   -2.0878662117
2025-07-17:11:37:24,393 INFO     [psi4.optking.stepAlgorithms:98] 	hessian      :  108.9110214289
2025-07-17:11:37:24,393 INFO     [psi4.optking.stepAlgorithms:177] 	Norm of achieved step-size    0.0191633450
2025-07-17:11:37:24,393 INFO     [psi4.optking.stepAlgorithms:179] 	Norm of achieved step-size (cart):    0.0135505312
2025-07-17:11:37:24,393 INFO     [psi4.optking.opt_helper:151] Molsys:

	                            ===> Fragment 1 <== 

	 Z (Atomic Numbers)          Masses                          Geom                  
	      13.000000            26.981539          0.00000000  0.00000000  1.22672492   
	      15.000000            30.973762          0.00000000  0.00000000 -1.06984672   

	 - Coordinate -           - BOHR/RAD -       - ANG/DEG -
	 R(1,2)           =         2.296572           1.215293

2025-07-17:11:37:24,393 INFO     [psi4.optking.convcheck:71] Performing convergence check.
2025-07-17:11:37:24,393 INFO     [psi4.optking.convcheck:263] 
	                                 ==> Convergence Check <==                                  
    
	Measures of convergence in internal coordinates in au.
    
	Criteria marked as inactive (o), active & met (*), and active & unmet ( ).

	----------------------------------------------------------------------------------------------
	   Step    Total Energy     Delta E     Max Force     RMS Force      Max Disp      RMS Disp   
	----------------------------------------------------------------------------------------------
	  Convergence Criteria     1.00e-06 *    3.00e-04 *             o    1.20e-03 *             o
	----------------------------------------------------------------------------------------------
	     2    -582.71922047   -2.05e-02      2.09e+00      2.09e+00 o    1.92e-02      1.92e-02 o  ~
	----------------------------------------------------------------------------------------------


2025-07-17:11:37:24,393 INFO     [psi4.optking.stepAlgorithms:266] 	Convergence check returned False
2025-07-17:11:37:24,412 INFO     [psi4.driver.task_planner:285] PLANNING Atomic:  keywords={'DAMPING_PERCENTAGE': 1.0, 'GEOM_MAXITER': 500, 'SCF__GUESS': 'READ', 'GUESS': 'SAP', 'MAXITER': 500, 'REFERENCE': 'UKS', 'function_kwargs': {}}
2025-07-17:11:37:24,413 INFO     [psi4.driver.driver:636] Compute gradient(): method=b3lyp, basis=cc-pvdz, molecule=default, nre=84.90917352790014
2025-07-17:11:37:27,155 INFO     [psi4.driver.driver:639] Return gradient(): -582.758615611104
2025-07-17:11:37:27,155 INFO     [psi4.driver.driver:640] [[-0.00000000  0.00000000 -2.02407133]
 [ 0.00000000  0.00000000  2.02406850]]
2025-07-17:11:37:27,156 INFO     [psi4.optking.history:257] 	Performing BFGS update.
2025-07-17:11:37:27,157 INFO     [psi4.optking.history:268] 	Using 2 previous steps for update.
2025-07-17:11:37:27,157 INFO     [psi4.optking.history:302] 	Steps to be used in Hessian update:  2 1

2025-07-17:11:37:27,157 INFO     [psi4.optking.history:400] 	Updated Hessian (in au) 
 	  27.227755

2025-07-17:11:37:27,157 INFO     [psi4.optking.molsys:874] Projected (PHP) Hessian matrix
	  27.227755

2025-07-17:11:37:27,157 INFO     [psi4.optking.opt_helper:168] 
	         Geometry (au)                                       Gradient (au)
   0.0000000000   0.0000000000   1.2273849463		  -0.0000000000   0.0000000000  -2.0240713276
   0.0000000000   0.0000000000  -1.0691866949		   0.0000000000   0.0000000000   2.0240684987

2025-07-17:11:37:27,157 INFO     [psi4.optking.stepAlgorithms:315] 	Current Step Report 
 
	Current energy:      -582.7586156111
	Energy change for the previous step:
		Actual       :        -0.0393951440
		Projected    :        -0.0200052503

2025-07-17:11:37:27,157 INFO     [psi4.optking.stepAlgorithms:318] 	Energy ratio =    1.96924
2025-07-17:11:37:27,157 INFO     [psi4.optking.stepAlgorithms:750] 	Using RFO solution 1.
2025-07-17:11:37:27,157 INFO     [psi4.optking.displace:73] 	Determining Cartesian step for fragment 1.
2025-07-17:11:37:27,157 INFO     [psi4.optking.displace:378] 	Successfully converged to displaced geometry.
2025-07-17:11:37:27,157 INFO     [psi4.optking.displace:379] 	RMS(dx):  0.000e+00 	Max(dx):  0.000e+00 	RMS(dq):  0.000e+00
2025-07-17:11:37:27,157 INFO     [psi4.optking.displace:132] 

	        --- Internal Coordinate Step in ANG or DEG, aJ/ANG or AJ/DEG ---
	-------------------------------------------------------------------------------
	           Coordinate      Previous         Force          Change          New 
	           ----------      --------        ------          ------        ------
	               R(1,2)       1.21529       16.67575        0.03912       1.25442
	-------------------------------------------------------------------------------

2025-07-17:11:37:27,157 INFO     [psi4.optking.stepAlgorithms:96] 	|target step| :    0.0739321474
2025-07-17:11:37:27,157 INFO     [psi4.optking.stepAlgorithms:97] 	gradient     :   -2.0240699132
2025-07-17:11:37:27,157 INFO     [psi4.optking.stepAlgorithms:98] 	hessian      :   27.2277553572
2025-07-17:11:37:27,157 INFO     [psi4.optking.stepAlgorithms:177] 	Norm of achieved step-size    0.0739321474
2025-07-17:11:37:27,157 INFO     [psi4.optking.stepAlgorithms:179] 	Norm of achieved step-size (cart):    0.0522779228
2025-07-17:11:37:27,158 INFO     [psi4.optking.opt_helper:151] Molsys:

	                            ===> Fragment 1 <== 

	 Z (Atomic Numbers)          Masses                          Geom                  
	      13.000000            26.981539          0.00000000  0.00000000  1.26435102   
	      15.000000            30.973762          0.00000000  0.00000000 -1.10615277   

	 - Coordinate -           - BOHR/RAD -       - ANG/DEG -
	 R(1,2)           =         2.370504           1.254417

2025-07-17:11:37:27,158 INFO     [psi4.optking.convcheck:71] Performing convergence check.
2025-07-17:11:37:27,158 INFO     [psi4.optking.convcheck:263] 
	                                 ==> Convergence Check <==                                  
    
	Measures of convergence in internal coordinates in au.
    
	Criteria marked as inactive (o), active & met (*), and active & unmet ( ).

	----------------------------------------------------------------------------------------------
	   Step    Total Energy     Delta E     Max Force     RMS Force      Max Disp      RMS Disp   
	----------------------------------------------------------------------------------------------
	  Convergence Criteria     1.00e-06 *    3.00e-04 *             o    1.20e-03 *             o
	----------------------------------------------------------------------------------------------
	     3    -582.75861561   -3.94e-02      2.02e+00      2.02e+00 o    7.39e-02      7.39e-02 o  ~
	----------------------------------------------------------------------------------------------


2025-07-17:11:37:27,158 INFO     [psi4.optking.stepAlgorithms:266] 	Convergence check returned False
2025-07-17:11:37:27,175 INFO     [psi4.driver.task_planner:285] PLANNING Atomic:  keywords={'DAMPING_PERCENTAGE': 1.0, 'GEOM_MAXITER': 500, 'SCF__GUESS': 'READ', 'GUESS': 'SAP', 'MAXITER': 500, 'REFERENCE': 'UKS', 'function_kwargs': {}}
2025-07-17:11:37:27,177 INFO     [psi4.driver.driver:636] Compute gradient(): method=b3lyp, basis=cc-pvdz, molecule=default, nre=82.26099487279285
2025-07-17:11:37:29,511 INFO     [psi4.driver.driver:639] Return gradient(): -582.899669384307
2025-07-17:11:37:29,512 INFO     [psi4.driver.driver:640] [[ 0.00000000 -0.00000000 -1.79625835]
 [ 0.00000000 -0.00000000  1.79629349]]
2025-07-17:11:37:29,513 INFO     [psi4.optking.history:257] 	Performing BFGS update.
2025-07-17:11:37:29,513 INFO     [psi4.optking.history:268] 	Using 3 previous steps for update.
2025-07-17:11:37:29,513 INFO     [psi4.optking.history:302] 	Steps to be used in Hessian update:  3 2 1

2025-07-17:11:37:29,514 INFO     [psi4.optking.history:400] 	Updated Hessian (in au) 
 	   3.403469

2025-07-17:11:37:29,514 INFO     [psi4.optking.molsys:874] Projected (PHP) Hessian matrix
	   3.403469

2025-07-17:11:37:29,514 INFO     [psi4.optking.opt_helper:168] 
	         Geometry (au)                                       Gradient (au)
   0.0000000000   0.0000000000   1.2668974105		   0.0000000000  -0.0000000000  -1.7962583496
   0.0000000000   0.0000000000  -1.1036063781		   0.0000000000  -0.0000000000   1.7962934906

2025-07-17:11:37:29,514 INFO     [psi4.optking.stepAlgorithms:315] 	Current Step Report 
 
	Current energy:      -582.8996693843
	Energy change for the previous step:
		Actual       :        -0.1410537732
		Projected    :        -0.0748219176

2025-07-17:11:37:29,514 INFO     [psi4.optking.stepAlgorithms:318] 	Energy ratio =    1.88519
2025-07-17:11:37:29,514 INFO     [psi4.optking.stepAlgorithms:750] 	Using RFO solution 1.
2025-07-17:11:37:29,514 INFO     [psi4.optking.displace:73] 	Determining Cartesian step for fragment 1.
2025-07-17:11:37:29,514 INFO     [psi4.optking.displace:378] 	Successfully converged to displaced geometry.
2025-07-17:11:37:29,514 INFO     [psi4.optking.displace:379] 	RMS(dx):  0.000e+00 	Max(dx):  0.000e+00 	RMS(dq):  0.000e+00
2025-07-17:11:37:29,514 INFO     [psi4.optking.displace:132] 

	        --- Internal Coordinate Step in ANG or DEG, aJ/ANG or AJ/DEG ---
	-------------------------------------------------------------------------------
	           Coordinate      Previous         Force          Change          New 
	           ----------      --------        ------          ------        ------
	               R(1,2)       1.25442       14.79902        0.22762       1.48203
	-------------------------------------------------------------------------------

2025-07-17:11:37:29,514 INFO     [psi4.optking.stepAlgorithms:96] 	|target step| :    0.4301318888
2025-07-17:11:37:29,514 INFO     [psi4.optking.stepAlgorithms:97] 	gradient     :   -1.7962759201
2025-07-17:11:37:29,514 INFO     [psi4.optking.stepAlgorithms:98] 	hessian      :    3.4034694197
2025-07-17:11:37:29,514 INFO     [psi4.optking.stepAlgorithms:177] 	Norm of achieved step-size    0.4301318888
2025-07-17:11:37:29,514 INFO     [psi4.optking.stepAlgorithms:179] 	Norm of achieved step-size (cart):    0.3041491753
2025-07-17:11:37:29,514 INFO     [psi4.optking.opt_helper:151] Molsys:

	                            ===> Fragment 1 <== 

	 Z (Atomic Numbers)          Masses                          Geom                  
	      13.000000            26.981539          0.00000000  0.00000000  1.48196335   
	      15.000000            30.973762          0.00000000  0.00000000 -1.31867232   

	 - Coordinate -           - BOHR/RAD -       - ANG/DEG -
	 R(1,2)           =         2.800636           1.482033

2025-07-17:11:37:29,515 INFO     [psi4.optking.convcheck:71] Performing convergence check.
2025-07-17:11:37:29,515 INFO     [psi4.optking.convcheck:263] 
	                                 ==> Convergence Check <==                                  
    
	Measures of convergence in internal coordinates in au.
    
	Criteria marked as inactive (o), active & met (*), and active & unmet ( ).

	----------------------------------------------------------------------------------------------
	   Step    Total Energy     Delta E     Max Force     RMS Force      Max Disp      RMS Disp   
	----------------------------------------------------------------------------------------------
	  Convergence Criteria     1.00e-06 *    3.00e-04 *             o    1.20e-03 *             o
	----------------------------------------------------------------------------------------------
	     4    -582.89966938   -1.41e-01      1.80e+00      1.80e+00 o    4.30e-01      4.30e-01 o  ~
	----------------------------------------------------------------------------------------------


2025-07-17:11:37:29,515 INFO     [psi4.optking.stepAlgorithms:266] 	Convergence check returned False
2025-07-17:11:37:29,535 INFO     [psi4.driver.task_planner:285] PLANNING Atomic:  keywords={'DAMPING_PERCENTAGE': 1.0, 'GEOM_MAXITER': 500, 'SCF__GUESS': 'READ', 'GUESS': 'SAP', 'MAXITER': 500, 'REFERENCE': 'UKS', 'function_kwargs': {}}
2025-07-17:11:37:29,538 INFO     [psi4.driver.driver:636] Compute gradient(): method=b3lyp, basis=cc-pvdz, molecule=default, nre=69.62704987881028
2025-07-17:11:37:31,770 INFO     [psi4.driver.driver:639] Return gradient(): -583.4498976233419
2025-07-17:11:37:31,770 INFO     [psi4.driver.driver:640] [[-0.00000000  0.00000000 -0.85162586]
 [-0.00000000  0.00000000  0.85159212]]
2025-07-17:11:37:31,773 INFO     [psi4.optking.history:257] 	Performing BFGS update.
2025-07-17:11:37:31,773 INFO     [psi4.optking.history:268] 	Using 4 previous steps for update.
2025-07-17:11:37:31,773 WARNING  [psi4.optking.history:286] 	Change in internal coordinate of 5.04e-01 exceeds limit of 5.00e-01.
2025-07-17:11:37:31,773 WARNING  [psi4.optking.history:291] 	Skipping Hessian update for step 3.
2025-07-17:11:37:31,773 WARNING  [psi4.optking.history:286] 	Change in internal coordinate of 5.23e-01 exceeds limit of 5.00e-01.
2025-07-17:11:37:31,773 WARNING  [psi4.optking.history:291] 	Skipping Hessian update for step 2.
2025-07-17:11:37:31,774 WARNING  [psi4.optking.history:286] 	Change in internal coordinate of 5.33e-01 exceeds limit of 5.00e-01.
2025-07-17:11:37:31,774 WARNING  [psi4.optking.history:291] 	Skipping Hessian update for step 1.
2025-07-17:11:37:31,774 INFO     [psi4.optking.history:302] 	Steps to be used in Hessian update:  4

2025-07-17:11:37:31,774 INFO     [psi4.optking.history:400] 	Updated Hessian (in au) 
 	   2.196226

2025-07-17:11:37:31,774 INFO     [psi4.optking.molsys:874] Projected (PHP) Hessian matrix
	   2.196226

2025-07-17:11:37:31,774 INFO     [psi4.optking.opt_helper:168] 
	         Geometry (au)                                       Gradient (au)
   0.0000000000   0.0000000000   1.4967780708		  -0.0000000000   0.0000000000  -0.8516258644
   0.0000000000   0.0000000000  -1.3038576066		  -0.0000000000   0.0000000000   0.8515921230

2025-07-17:11:37:31,774 INFO     [psi4.optking.stepAlgorithms:315] 	Current Step Report 
 
	Current energy:      -583.4498976233
	Energy change for the previous step:
		Actual       :        -0.5502282390
		Projected    :        -0.3863177771

2025-07-17:11:37:31,774 INFO     [psi4.optking.stepAlgorithms:318] 	Energy ratio =    1.42429
2025-07-17:11:37:31,774 INFO     [psi4.optking.stepAlgorithms:750] 	Using RFO solution 1.
2025-07-17:11:37:31,775 INFO     [psi4.optking.displace:73] 	Determining Cartesian step for fragment 1.
2025-07-17:11:37:31,775 INFO     [psi4.optking.displace:378] 	Successfully converged to displaced geometry.
2025-07-17:11:37:31,775 INFO     [psi4.optking.displace:379] 	RMS(dx):  0.000e+00 	Max(dx):  0.000e+00 	RMS(dq):  0.000e+00
2025-07-17:11:37:31,775 INFO     [psi4.optking.displace:132] 

	        --- Internal Coordinate Step in ANG or DEG, aJ/ANG or AJ/DEG ---
	-------------------------------------------------------------------------------
	           Coordinate      Previous         Force          Change          New 
	           ----------      --------        ------          ------        ------
	               R(1,2)       1.48203        7.01617        0.18115       1.66318
	-------------------------------------------------------------------------------

2025-07-17:11:37:31,775 INFO     [psi4.optking.stepAlgorithms:96] 	|target step| :    0.3423209920
2025-07-17:11:37:31,775 INFO     [psi4.optking.stepAlgorithms:97] 	gradient     :   -0.8516089937
2025-07-17:11:37:31,775 INFO     [psi4.optking.stepAlgorithms:98] 	hessian      :    2.1962262066
2025-07-17:11:37:31,776 INFO     [psi4.optking.stepAlgorithms:177] 	Norm of achieved step-size    0.3423209920
2025-07-17:11:37:31,776 INFO     [psi4.optking.stepAlgorithms:179] 	Norm of achieved step-size (cart):    0.2420574948
2025-07-17:11:37:31,776 INFO     [psi4.optking.opt_helper:151] Molsys:

	                            ===> Fragment 1 <== 

	 Z (Atomic Numbers)          Masses                          Geom                  
	      13.000000            26.981539          0.00000000  0.00000000  1.66793857   
	      15.000000            30.973762          0.00000000  0.00000000 -1.47501810   

	 - Coordinate -           - BOHR/RAD -       - ANG/DEG -
	 R(1,2)           =         3.142957           1.663181

2025-07-17:11:37:31,776 INFO     [psi4.optking.convcheck:71] Performing convergence check.
2025-07-17:11:37:31,776 INFO     [psi4.optking.convcheck:263] 
	                                 ==> Convergence Check <==                                  
    
	Measures of convergence in internal coordinates in au.
    
	Criteria marked as inactive (o), active & met (*), and active & unmet ( ).

	----------------------------------------------------------------------------------------------
	   Step    Total Energy     Delta E     Max Force     RMS Force      Max Disp      RMS Disp   
	----------------------------------------------------------------------------------------------
	  Convergence Criteria     1.00e-06 *    3.00e-04 *             o    1.20e-03 *             o
	----------------------------------------------------------------------------------------------
	     5    -583.44989762   -5.50e-01      8.52e-01      8.52e-01 o    3.42e-01      3.42e-01 o  ~
	----------------------------------------------------------------------------------------------


2025-07-17:11:37:31,776 INFO     [psi4.optking.stepAlgorithms:266] 	Convergence check returned False
2025-07-17:11:37:31,793 INFO     [psi4.driver.task_planner:285] PLANNING Atomic:  keywords={'DAMPING_PERCENTAGE': 1.0, 'GEOM_MAXITER': 500, 'SCF__GUESS': 'READ', 'GUESS': 'SAP', 'MAXITER': 500, 'REFERENCE': 'UKS', 'function_kwargs': {}}
2025-07-17:11:37:31,795 INFO     [psi4.driver.driver:636] Compute gradient(): method=b3lyp, basis=cc-pvdz, molecule=default, nre=62.043489782651605
2025-07-17:11:37:33,987 INFO     [psi4.driver.driver:639] Return gradient(): -583.6609065616262
2025-07-17:11:37:33,987 INFO     [psi4.driver.driver:640] [[-0.00000000  0.00000000 -0.42005222]
 [ 0.00000000  0.00000000  0.41999976]]
2025-07-17:11:37:33,991 INFO     [psi4.optking.history:257] 	Performing BFGS update.
2025-07-17:11:37:33,991 INFO     [psi4.optking.history:268] 	Using 4 previous steps for update.
2025-07-17:11:37:33,992 WARNING  [psi4.optking.history:286] 	Change in internal coordinate of 7.72e-01 exceeds limit of 5.00e-01.
2025-07-17:11:37:33,992 WARNING  [psi4.optking.history:291] 	Skipping Hessian update for step 4.
2025-07-17:11:37:33,992 WARNING  [psi4.optking.history:286] 	Change in internal coordinate of 8.46e-01 exceeds limit of 5.00e-01.
2025-07-17:11:37:33,992 WARNING  [psi4.optking.history:291] 	Skipping Hessian update for step 3.
2025-07-17:11:37:33,992 WARNING  [psi4.optking.history:286] 	Change in internal coordinate of 8.66e-01 exceeds limit of 5.00e-01.
2025-07-17:11:37:33,992 WARNING  [psi4.optking.history:291] 	Skipping Hessian update for step 2.
2025-07-17:11:37:33,992 WARNING  [psi4.optking.history:286] 	Change in internal coordinate of 8.75e-01 exceeds limit of 5.00e-01.
2025-07-17:11:37:33,992 WARNING  [psi4.optking.history:291] 	Skipping Hessian update for step 1.
2025-07-17:11:37:33,992 INFO     [psi4.optking.history:302] 	Steps to be used in Hessian update:  5

2025-07-17:11:37:33,992 INFO     [psi4.optking.history:400] 	Updated Hessian (in au) 
 	   1.260755

2025-07-17:11:37:33,992 INFO     [psi4.optking.molsys:874] Projected (PHP) Hessian matrix
	   1.260755

2025-07-17:11:37:33,992 INFO     [psi4.optking.opt_helper:168] 
	         Geometry (au)                                       Gradient (au)
   0.0000000000   0.0000000000   1.6797288766		  -0.0000000000   0.0000000000  -0.4200522181
   0.0000000000   0.0000000000  -1.4632277928		   0.0000000000   0.0000000000   0.4199997579

2025-07-17:11:37:33,992 INFO     [psi4.optking.stepAlgorithms:315] 	Current Step Report 
 
	Current energy:      -583.6609065616
	Energy change for the previous step:
		Actual       :        -0.2110089383
		Projected    :        -0.1457618177

2025-07-17:11:37:33,992 INFO     [psi4.optking.stepAlgorithms:318] 	Energy ratio =    1.44763
2025-07-17:11:37:33,992 INFO     [psi4.optking.stepAlgorithms:750] 	Using RFO solution 1.
2025-07-17:11:37:33,992 INFO     [psi4.optking.displace:73] 	Determining Cartesian step for fragment 1.
2025-07-17:11:37:33,993 INFO     [psi4.optking.displace:378] 	Successfully converged to displaced geometry.
2025-07-17:11:37:33,993 INFO     [psi4.optking.displace:379] 	RMS(dx):  1.282e-16 	Max(dx):  2.220e-16 	RMS(dq):  0.000e+00
2025-07-17:11:37:33,993 INFO     [psi4.optking.displace:132] 

	        --- Internal Coordinate Step in ANG or DEG, aJ/ANG or AJ/DEG ---
	-------------------------------------------------------------------------------
	           Coordinate      Previous         Force          Change          New 
	           ----------      --------        ------          ------        ------
	               R(1,2)       1.66318        3.46048        0.16015       1.82333
	-------------------------------------------------------------------------------

2025-07-17:11:37:33,993 INFO     [psi4.optking.stepAlgorithms:96] 	|target step| :    0.3026402745
2025-07-17:11:37:33,993 INFO     [psi4.optking.stepAlgorithms:97] 	gradient     :   -0.4200259880
2025-07-17:11:37:33,993 INFO     [psi4.optking.stepAlgorithms:98] 	hessian      :    1.2607553022
2025-07-17:11:37:33,993 INFO     [psi4.optking.stepAlgorithms:177] 	Norm of achieved step-size    0.3026402745
2025-07-17:11:37:33,993 INFO     [psi4.optking.stepAlgorithms:179] 	Norm of achieved step-size (cart):    0.2139989904
2025-07-17:11:37:33,993 INFO     [psi4.optking.opt_helper:151] Molsys:

	                            ===> Fragment 1 <== 

	 Z (Atomic Numbers)          Masses                          Geom                  
	      13.000000            26.981539          0.00000000  0.00000000  1.83104901   
	      15.000000            30.973762          0.00000000  0.00000000 -1.61454793   

	 - Coordinate -           - BOHR/RAD -       - ANG/DEG -
	 R(1,2)           =         3.445597           1.823331

2025-07-17:11:37:33,993 INFO     [psi4.optking.convcheck:71] Performing convergence check.
2025-07-17:11:37:33,993 INFO     [psi4.optking.convcheck:263] 
	                                 ==> Convergence Check <==                                  
    
	Measures of convergence in internal coordinates in au.
    
	Criteria marked as inactive (o), active & met (*), and active & unmet ( ).

	----------------------------------------------------------------------------------------------
	   Step    Total Energy     Delta E     Max Force     RMS Force      Max Disp      RMS Disp   
	----------------------------------------------------------------------------------------------
	  Convergence Criteria     1.00e-06 *    3.00e-04 *             o    1.20e-03 *             o
	----------------------------------------------------------------------------------------------
	     6    -583.66090656   -2.11e-01      4.20e-01      4.20e-01 o    3.03e-01      3.03e-01 o  ~
	----------------------------------------------------------------------------------------------


2025-07-17:11:37:33,993 INFO     [psi4.optking.stepAlgorithms:266] 	Convergence check returned False
2025-07-17:11:37:34,6 INFO     [psi4.driver.task_planner:285] PLANNING Atomic:  keywords={'DAMPING_PERCENTAGE': 1.0, 'GEOM_MAXITER': 500, 'SCF__GUESS': 'READ', 'GUESS': 'SAP', 'MAXITER': 500, 'REFERENCE': 'UKS', 'function_kwargs': {}}
2025-07-17:11:37:34,8 INFO     [psi4.driver.driver:636] Compute gradient(): method=b3lyp, basis=cc-pvdz, molecule=default, nre=56.59396707707997
2025-07-17:11:37:36,564 INFO     [psi4.driver.driver:639] Return gradient(): -583.7516047602898
2025-07-17:11:37:36,564 INFO     [psi4.driver.driver:640] [[ 0.00000000  0.00000000 -0.19907621]
 [ 0.00000000 -0.00000000  0.19904988]]
2025-07-17:11:37:36,565 INFO     [psi4.optking.history:257] 	Performing BFGS update.
2025-07-17:11:37:36,565 INFO     [psi4.optking.history:268] 	Using 4 previous steps for update.
2025-07-17:11:37:36,565 WARNING  [psi4.optking.history:286] 	Change in internal coordinate of 6.45e-01 exceeds limit of 5.00e-01.
2025-07-17:11:37:36,565 WARNING  [psi4.optking.history:291] 	Skipping Hessian update for step 5.
2025-07-17:11:37:36,566 WARNING  [psi4.optking.history:286] 	Change in internal coordinate of 1.08e+00 exceeds limit of 5.00e-01.
2025-07-17:11:37:36,566 WARNING  [psi4.optking.history:291] 	Skipping Hessian update for step 4.
2025-07-17:11:37:36,566 WARNING  [psi4.optking.history:286] 	Change in internal coordinate of 1.15e+00 exceeds limit of 5.00e-01.
2025-07-17:11:37:36,566 WARNING  [psi4.optking.history:291] 	Skipping Hessian update for step 3.
2025-07-17:11:37:36,566 WARNING  [psi4.optking.history:286] 	Change in internal coordinate of 1.17e+00 exceeds limit of 5.00e-01.
2025-07-17:11:37:36,566 WARNING  [psi4.optking.history:291] 	Skipping Hessian update for step 2.
2025-07-17:11:37:36,566 WARNING  [psi4.optking.history:286] 	Change in internal coordinate of 1.18e+00 exceeds limit of 5.00e-01.
2025-07-17:11:37:36,566 WARNING  [psi4.optking.history:291] 	Skipping Hessian update for step 1.
2025-07-17:11:37:36,566 INFO     [psi4.optking.history:302] 	Steps to be used in Hessian update:  6

2025-07-17:11:37:36,566 INFO     [psi4.optking.history:400] 	Updated Hessian (in au) 
 	   0.730117

2025-07-17:11:37:36,566 INFO     [psi4.optking.molsys:874] Projected (PHP) Hessian matrix
	   0.730117

2025-07-17:11:37:36,566 INFO     [psi4.optking.opt_helper:168] 
	         Geometry (au)                                       Gradient (au)
   0.0000000000   0.0000000000   1.8414726299		   0.0000000000   0.0000000000  -0.1990762056
   0.0000000000   0.0000000000  -1.6041243139		   0.0000000000  -0.0000000000   0.1990498753

2025-07-17:11:37:36,566 INFO     [psi4.optking.stepAlgorithms:315] 	Current Step Report 
 
	Current energy:      -583.7516047603
	Energy change for the previous step:
		Actual       :        -0.0906981987
		Projected    :        -0.0635583902

2025-07-17:11:37:36,566 INFO     [psi4.optking.stepAlgorithms:318] 	Energy ratio =    1.42701
2025-07-17:11:37:36,566 INFO     [psi4.optking.stepAlgorithms:750] 	Using RFO solution 1.
2025-07-17:11:37:36,566 INFO     [psi4.optking.displace:73] 	Determining Cartesian step for fragment 1.
2025-07-17:11:37:36,566 INFO     [psi4.optking.displace:378] 	Successfully converged to displaced geometry.
2025-07-17:11:37:36,566 INFO     [psi4.optking.displace:379] 	RMS(dx):  0.000e+00 	Max(dx):  0.000e+00 	RMS(dq):  0.000e+00
2025-07-17:11:37:36,566 INFO     [psi4.optking.displace:132] 

	        --- Internal Coordinate Step in ANG or DEG, aJ/ANG or AJ/DEG ---
	-------------------------------------------------------------------------------
	           Coordinate      Previous         Force          Change          New 
	           ----------      --------        ------          ------        ------
	               R(1,2)       1.82333        1.64003        0.13490       1.95823
	-------------------------------------------------------------------------------

2025-07-17:11:37:36,566 INFO     [psi4.optking.stepAlgorithms:96] 	|target step| :    0.2549266674
2025-07-17:11:37:36,566 INFO     [psi4.optking.stepAlgorithms:97] 	gradient     :   -0.1990630405
2025-07-17:11:37:36,566 INFO     [psi4.optking.stepAlgorithms:98] 	hessian      :    0.7301174569
2025-07-17:11:37:36,566 INFO     [psi4.optking.stepAlgorithms:177] 	Norm of achieved step-size    0.2549266674
2025-07-17:11:37:36,566 INFO     [psi4.optking.stepAlgorithms:179] 	Norm of achieved step-size (cart):    0.1802603752
2025-07-17:11:37:36,567 INFO     [psi4.optking.opt_helper:151] Molsys:

	                            ===> Fragment 1 <== 

	 Z (Atomic Numbers)          Masses                          Geom                  
	      13.000000            26.981539          0.00000000  0.00000000  1.96893596   
	      15.000000            30.973762          0.00000000  0.00000000 -1.73158765   

	 - Coordinate -           - BOHR/RAD -       - ANG/DEG -
	 R(1,2)           =         3.700524           1.958233

2025-07-17:11:37:36,567 INFO     [psi4.optking.convcheck:71] Performing convergence check.
2025-07-17:11:37:36,567 INFO     [psi4.optking.convcheck:263] 
	                                 ==> Convergence Check <==                                  
    
	Measures of convergence in internal coordinates in au.
    
	Criteria marked as inactive (o), active & met (*), and active & unmet ( ).

	----------------------------------------------------------------------------------------------
	   Step    Total Energy     Delta E     Max Force     RMS Force      Max Disp      RMS Disp   
	----------------------------------------------------------------------------------------------
	  Convergence Criteria     1.00e-06 *    3.00e-04 *             o    1.20e-03 *             o
	----------------------------------------------------------------------------------------------
	     7    -583.75160476   -9.07e-02      1.99e-01      1.99e-01 o    2.55e-01      2.55e-01 o  ~
	----------------------------------------------------------------------------------------------


2025-07-17:11:37:36,567 INFO     [psi4.optking.stepAlgorithms:266] 	Convergence check returned False
2025-07-17:11:37:36,597 INFO     [psi4.driver.task_planner:285] PLANNING Atomic:  keywords={'DAMPING_PERCENTAGE': 1.0, 'GEOM_MAXITER': 500, 'SCF__GUESS': 'READ', 'GUESS': 'SAP', 'MAXITER': 500, 'REFERENCE': 'UKS', 'function_kwargs': {}}
2025-07-17:11:37:36,599 INFO     [psi4.driver.driver:636] Compute gradient(): method=b3lyp, basis=cc-pvdz, molecule=default, nre=52.69524545397095
2025-07-17:11:37:38,850 INFO     [psi4.driver.driver:639] Return gradient(): -583.7870465728207
2025-07-17:11:37:38,850 INFO     [psi4.driver.driver:640] [[-0.00000000 -0.00000000 -0.08792950]
 [ 0.00000000  0.00000000  0.08792589]]
2025-07-17:11:37:38,851 INFO     [psi4.optking.history:257] 	Performing BFGS update.
2025-07-17:11:37:38,851 INFO     [psi4.optking.history:268] 	Using 4 previous steps for update.
2025-07-17:11:37:38,852 WARNING  [psi4.optking.history:286] 	Change in internal coordinate of 5.58e-01 exceeds limit of 5.00e-01.
2025-07-17:11:37:38,852 WARNING  [psi4.optking.history:291] 	Skipping Hessian update for step 6.
2025-07-17:11:37:38,852 WARNING  [psi4.optking.history:286] 	Change in internal coordinate of 9.00e-01 exceeds limit of 5.00e-01.
2025-07-17:11:37:38,852 WARNING  [psi4.optking.history:291] 	Skipping Hessian update for step 5.
2025-07-17:11:37:38,852 WARNING  [psi4.optking.history:286] 	Change in internal coordinate of 1.33e+00 exceeds limit of 5.00e-01.
2025-07-17:11:37:38,852 WARNING  [psi4.optking.history:291] 	Skipping Hessian update for step 4.
2025-07-17:11:37:38,852 WARNING  [psi4.optking.history:286] 	Change in internal coordinate of 1.40e+00 exceeds limit of 5.00e-01.
2025-07-17:11:37:38,852 WARNING  [psi4.optking.history:291] 	Skipping Hessian update for step 3.
2025-07-17:11:37:38,852 WARNING  [psi4.optking.history:286] 	Change in internal coordinate of 1.42e+00 exceeds limit of 5.00e-01.
2025-07-17:11:37:38,852 WARNING  [psi4.optking.history:291] 	Skipping Hessian update for step 2.
2025-07-17:11:37:38,852 WARNING  [psi4.optking.history:286] 	Change in internal coordinate of 1.43e+00 exceeds limit of 5.00e-01.
2025-07-17:11:37:38,852 WARNING  [psi4.optking.history:291] 	Skipping Hessian update for step 1.
2025-07-17:11:37:38,852 INFO     [psi4.optking.history:302] 	Steps to be used in Hessian update:  7

2025-07-17:11:37:38,852 INFO     [psi4.optking.history:400] 	Updated Hessian (in au) 
 	   0.435950

2025-07-17:11:37:38,852 INFO     [psi4.optking.molsys:874] Projected (PHP) Hessian matrix
	   0.435950

2025-07-17:11:37:38,852 INFO     [psi4.optking.opt_helper:168] 
	         Geometry (au)                                       Gradient (au)
   0.0000000000   0.0000000000   1.9777162150		  -0.0000000000  -0.0000000000  -0.0879294975
   0.0000000000   0.0000000000  -1.7228073962		   0.0000000000   0.0000000000   0.0879258922

2025-07-17:11:37:38,852 INFO     [psi4.optking.stepAlgorithms:315] 	Current Step Report 
 
	Current energy:      -583.7870465728
	Energy change for the previous step:
		Actual       :        -0.0354418125
		Projected    :        -0.0253732387

2025-07-17:11:37:38,852 INFO     [psi4.optking.stepAlgorithms:318] 	Energy ratio =    1.39682
2025-07-17:11:37:38,852 INFO     [psi4.optking.stepAlgorithms:750] 	Using RFO solution 1.
2025-07-17:11:37:38,852 INFO     [psi4.optking.displace:73] 	Determining Cartesian step for fragment 1.
2025-07-17:11:37:38,852 INFO     [psi4.optking.displace:378] 	Successfully converged to displaced geometry.
2025-07-17:11:37:38,852 INFO     [psi4.optking.displace:379] 	RMS(dx):  1.282e-16 	Max(dx):  2.220e-16 	RMS(dq):  0.000e+00
2025-07-17:11:37:38,853 INFO     [psi4.optking.displace:132] 

	        --- Internal Coordinate Step in ANG or DEG, aJ/ANG or AJ/DEG ---
	-------------------------------------------------------------------------------
	           Coordinate      Previous         Force          Change          New 
	           ----------      --------        ------          ------        ------
	               R(1,2)       1.95823        0.72441        0.10271       2.06094
	-------------------------------------------------------------------------------

2025-07-17:11:37:38,853 INFO     [psi4.optking.stepAlgorithms:96] 	|target step| :    0.1940938122
2025-07-17:11:37:38,853 INFO     [psi4.optking.stepAlgorithms:97] 	gradient     :   -0.0879276949
2025-07-17:11:37:38,853 INFO     [psi4.optking.stepAlgorithms:98] 	hessian      :    0.4359502547
2025-07-17:11:37:38,853 INFO     [psi4.optking.stepAlgorithms:177] 	Norm of achieved step-size    0.1940938122
2025-07-17:11:37:38,853 INFO     [psi4.optking.stepAlgorithms:179] 	Norm of achieved step-size (cart):    0.1372450508
2025-07-17:11:37:38,853 INFO     [psi4.optking.opt_helper:151] Molsys:

	                            ===> Fragment 1 <== 

	 Z (Atomic Numbers)          Masses                          Geom                  
	      13.000000            26.981539          0.00000000  0.00000000  2.07476312   
	      15.000000            30.973762          0.00000000  0.00000000 -1.81985430   

	 - Coordinate -           - BOHR/RAD -       - ANG/DEG -
	 R(1,2)           =         3.894617           2.060943

2025-07-17:11:37:38,853 INFO     [psi4.optking.convcheck:71] Performing convergence check.
2025-07-17:11:37:38,853 INFO     [psi4.optking.convcheck:263] 
	                                 ==> Convergence Check <==                                  
    
	Measures of convergence in internal coordinates in au.
    
	Criteria marked as inactive (o), active & met (*), and active & unmet ( ).

	----------------------------------------------------------------------------------------------
	   Step    Total Energy     Delta E     Max Force     RMS Force      Max Disp      RMS Disp   
	----------------------------------------------------------------------------------------------
	  Convergence Criteria     1.00e-06 *    3.00e-04 *             o    1.20e-03 *             o
	----------------------------------------------------------------------------------------------
	     8    -583.78704657   -3.54e-02      8.79e-02      8.79e-02 o    1.94e-01      1.94e-01 o  ~
	----------------------------------------------------------------------------------------------


2025-07-17:11:37:38,853 INFO     [psi4.optking.stepAlgorithms:266] 	Convergence check returned False
2025-07-17:11:37:38,866 INFO     [psi4.driver.task_planner:285] PLANNING Atomic:  keywords={'DAMPING_PERCENTAGE': 1.0, 'GEOM_MAXITER': 500, 'SCF__GUESS': 'READ', 'GUESS': 'SAP', 'MAXITER': 500, 'REFERENCE': 'UKS', 'function_kwargs': {}}
2025-07-17:11:37:38,867 INFO     [psi4.driver.driver:636] Compute gradient(): method=b3lyp, basis=cc-pvdz, molecule=default, nre=50.06910276399658
2025-07-17:11:37:41,256 INFO     [psi4.driver.driver:639] Return gradient(): -583.7985039551817
2025-07-17:11:37:41,256 INFO     [psi4.driver.driver:640] [[ 0.00000000  0.00000000 -0.03368210]
 [-0.00000000  0.00000000  0.03369028]]
2025-07-17:11:37:41,260 INFO     [psi4.optking.history:257] 	Performing BFGS update.
2025-07-17:11:37:41,260 INFO     [psi4.optking.history:268] 	Using 4 previous steps for update.
2025-07-17:11:37:41,261 WARNING  [psi4.optking.history:286] 	Change in internal coordinate of 7.52e-01 exceeds limit of 5.00e-01.
2025-07-17:11:37:41,261 WARNING  [psi4.optking.history:291] 	Skipping Hessian update for step 6.
2025-07-17:11:37:41,261 WARNING  [psi4.optking.history:286] 	Change in internal coordinate of 1.09e+00 exceeds limit of 5.00e-01.
2025-07-17:11:37:41,261 WARNING  [psi4.optking.history:291] 	Skipping Hessian update for step 5.
2025-07-17:11:37:41,261 WARNING  [psi4.optking.history:286] 	Change in internal coordinate of 1.52e+00 exceeds limit of 5.00e-01.
2025-07-17:11:37:41,261 WARNING  [psi4.optking.history:291] 	Skipping Hessian update for step 4.
2025-07-17:11:37:41,261 WARNING  [psi4.optking.history:286] 	Change in internal coordinate of 1.60e+00 exceeds limit of 5.00e-01.
2025-07-17:11:37:41,261 WARNING  [psi4.optking.history:291] 	Skipping Hessian update for step 3.
2025-07-17:11:37:41,261 WARNING  [psi4.optking.history:286] 	Change in internal coordinate of 1.62e+00 exceeds limit of 5.00e-01.
2025-07-17:11:37:41,261 WARNING  [psi4.optking.history:291] 	Skipping Hessian update for step 2.
2025-07-17:11:37:41,261 WARNING  [psi4.optking.history:286] 	Change in internal coordinate of 1.63e+00 exceeds limit of 5.00e-01.
2025-07-17:11:37:41,261 WARNING  [psi4.optking.history:291] 	Skipping Hessian update for step 1.
2025-07-17:11:37:41,261 INFO     [psi4.optking.history:302] 	Steps to be used in Hessian update:  8 7

2025-07-17:11:37:41,261 INFO     [psi4.optking.history:400] 	Updated Hessian (in au) 
 	   0.368306

2025-07-17:11:37:41,261 INFO     [psi4.optking.molsys:874] Projected (PHP) Hessian matrix
	   0.368306

2025-07-17:11:37:41,261 INFO     [psi4.optking.opt_helper:168] 
	         Geometry (au)                                       Gradient (au)
   0.0000000000   0.0000000000   2.0814481514		   0.0000000000   0.0000000000  -0.0336820984
   0.0000000000   0.0000000000  -1.8131692720		  -0.0000000000   0.0000000000   0.0336902826

2025-07-17:11:37:41,261 INFO     [psi4.optking.stepAlgorithms:315] 	Current Step Report 
 
	Current energy:      -583.7985039552
	Energy change for the previous step:
		Actual       :        -0.0114573824
		Projected    :        -0.0085331107

2025-07-17:11:37:41,261 INFO     [psi4.optking.stepAlgorithms:318] 	Energy ratio =    1.34270
2025-07-17:11:37:41,262 INFO     [psi4.optking.stepAlgorithms:750] 	Using RFO solution 1.
2025-07-17:11:37:41,262 INFO     [psi4.optking.displace:73] 	Determining Cartesian step for fragment 1.
2025-07-17:11:37:41,262 INFO     [psi4.optking.displace:378] 	Successfully converged to displaced geometry.
2025-07-17:11:37:41,262 INFO     [psi4.optking.displace:379] 	RMS(dx):  0.000e+00 	Max(dx):  0.000e+00 	RMS(dq):  0.000e+00
2025-07-17:11:37:41,262 INFO     [psi4.optking.displace:132] 

	        --- Internal Coordinate Step in ANG or DEG, aJ/ANG or AJ/DEG ---
	-------------------------------------------------------------------------------
	           Coordinate      Previous         Force          Change          New 
	           ----------      --------        ------          ------        ------
	               R(1,2)       2.06094        0.27753        0.04800       2.10894
	-------------------------------------------------------------------------------

2025-07-17:11:37:41,262 INFO     [psi4.optking.stepAlgorithms:96] 	|target step| :    0.0907099748
2025-07-17:11:37:41,262 INFO     [psi4.optking.stepAlgorithms:97] 	gradient     :   -0.0336861905
2025-07-17:11:37:41,262 INFO     [psi4.optking.stepAlgorithms:98] 	hessian      :    0.3683058067
2025-07-17:11:37:41,262 INFO     [psi4.optking.stepAlgorithms:177] 	Norm of achieved step-size    0.0907099748
2025-07-17:11:37:41,262 INFO     [psi4.optking.stepAlgorithms:179] 	Norm of achieved step-size (cart):    0.0641416383
2025-07-17:11:37:41,262 INFO     [psi4.optking.opt_helper:151] Molsys:

	                            ===> Fragment 1 <== 

	 Z (Atomic Numbers)          Masses                          Geom                  
	      13.000000            26.981539          0.00000000  0.00000000  2.12680314   
	      15.000000            30.973762          0.00000000  0.00000000 -1.85852426   

	 - Coordinate -           - BOHR/RAD -       - ANG/DEG -
	 R(1,2)           =         3.985327           2.108944

2025-07-17:11:37:41,262 INFO     [psi4.optking.convcheck:71] Performing convergence check.
2025-07-17:11:37:41,262 INFO     [psi4.optking.convcheck:263] 
	                                 ==> Convergence Check <==                                  
    
	Measures of convergence in internal coordinates in au.
    
	Criteria marked as inactive (o), active & met (*), and active & unmet ( ).

	----------------------------------------------------------------------------------------------
	   Step    Total Energy     Delta E     Max Force     RMS Force      Max Disp      RMS Disp   
	----------------------------------------------------------------------------------------------
	  Convergence Criteria     1.00e-06 *    3.00e-04 *             o    1.20e-03 *             o
	----------------------------------------------------------------------------------------------
	     9    -583.79850396   -1.15e-02      3.37e-02      3.37e-02 o    9.07e-02      9.07e-02 o  ~
	----------------------------------------------------------------------------------------------


2025-07-17:11:37:41,262 INFO     [psi4.optking.stepAlgorithms:266] 	Convergence check returned False
2025-07-17:11:37:41,276 INFO     [psi4.driver.task_planner:285] PLANNING Atomic:  keywords={'DAMPING_PERCENTAGE': 1.0, 'GEOM_MAXITER': 500, 'SCF__GUESS': 'READ', 'GUESS': 'SAP', 'MAXITER': 500, 'REFERENCE': 'UKS', 'function_kwargs': {}}
2025-07-17:11:37:41,277 INFO     [psi4.driver.driver:636] Compute gradient(): method=b3lyp, basis=cc-pvdz, molecule=default, nre=48.92948069679913
2025-07-17:11:37:43,616 INFO     [psi4.driver.driver:639] Return gradient(): -583.8006816254166
2025-07-17:11:37:43,616 INFO     [psi4.driver.driver:640] [[ 0.00000000  0.00000000 -0.01492242]
 [-0.00000000  0.00000000  0.01492733]]
2025-07-17:11:37:43,618 INFO     [psi4.optking.history:257] 	Performing BFGS update.
2025-07-17:11:37:43,618 INFO     [psi4.optking.history:268] 	Using 4 previous steps for update.
2025-07-17:11:37:43,618 WARNING  [psi4.optking.history:286] 	Change in internal coordinate of 5.40e-01 exceeds limit of 5.00e-01.
2025-07-17:11:37:43,618 WARNING  [psi4.optking.history:291] 	Skipping Hessian update for step 7.
2025-07-17:11:37:43,618 WARNING  [psi4.optking.history:286] 	Change in internal coordinate of 8.42e-01 exceeds limit of 5.00e-01.
2025-07-17:11:37:43,618 WARNING  [psi4.optking.history:291] 	Skipping Hessian update for step 6.
2025-07-17:11:37:43,618 WARNING  [psi4.optking.history:286] 	Change in internal coordinate of 1.18e+00 exceeds limit of 5.00e-01.
2025-07-17:11:37:43,618 WARNING  [psi4.optking.history:291] 	Skipping Hessian update for step 5.
2025-07-17:11:37:43,618 WARNING  [psi4.optking.history:286] 	Change in internal coordinate of 1.61e+00 exceeds limit of 5.00e-01.
2025-07-17:11:37:43,618 WARNING  [psi4.optking.history:291] 	Skipping Hessian update for step 4.
2025-07-17:11:37:43,618 WARNING  [psi4.optking.history:286] 	Change in internal coordinate of 1.69e+00 exceeds limit of 5.00e-01.
2025-07-17:11:37:43,618 WARNING  [psi4.optking.history:291] 	Skipping Hessian update for step 3.
2025-07-17:11:37:43,618 WARNING  [psi4.optking.history:286] 	Change in internal coordinate of 1.71e+00 exceeds limit of 5.00e-01.
2025-07-17:11:37:43,618 WARNING  [psi4.optking.history:291] 	Skipping Hessian update for step 2.
2025-07-17:11:37:43,618 WARNING  [psi4.optking.history:286] 	Change in internal coordinate of 1.72e+00 exceeds limit of 5.00e-01.
2025-07-17:11:37:43,618 WARNING  [psi4.optking.history:291] 	Skipping Hessian update for step 1.
2025-07-17:11:37:43,618 INFO     [psi4.optking.history:302] 	Steps to be used in Hessian update:  9 8

2025-07-17:11:37:43,618 INFO     [psi4.optking.history:400] 	Updated Hessian (in au) 
 	   0.256327

2025-07-17:11:37:43,618 INFO     [psi4.optking.molsys:874] Projected (PHP) Hessian matrix
	   0.256327

2025-07-17:11:37:43,618 INFO     [psi4.optking.opt_helper:168] 
	         Geometry (au)                                       Gradient (au)
   0.0000000000   0.0000000000   2.1299273956		   0.0000000000   0.0000000000  -0.0149224158
   0.0000000000   0.0000000000  -1.8554000026		  -0.0000000000   0.0000000000   0.0149273252

2025-07-17:11:37:43,618 INFO     [psi4.optking.stepAlgorithms:315] 	Current Step Report 
 
	Current energy:      -583.8006816254
	Energy change for the previous step:
		Actual       :        -0.0021776702
		Projected    :        -0.0015278367

2025-07-17:11:37:43,618 INFO     [psi4.optking.stepAlgorithms:318] 	Energy ratio =    1.42533
2025-07-17:11:37:43,619 INFO     [psi4.optking.stepAlgorithms:750] 	Using RFO solution 1.
2025-07-17:11:37:43,619 INFO     [psi4.optking.displace:73] 	Determining Cartesian step for fragment 1.
2025-07-17:11:37:43,619 INFO     [psi4.optking.displace:378] 	Successfully converged to displaced geometry.
2025-07-17:11:37:43,619 INFO     [psi4.optking.displace:379] 	RMS(dx):  0.000e+00 	Max(dx):  0.000e+00 	RMS(dq):  0.000e+00
2025-07-17:11:37:43,619 INFO     [psi4.optking.displace:132] 

	        --- Internal Coordinate Step in ANG or DEG, aJ/ANG or AJ/DEG ---
	-------------------------------------------------------------------------------
	           Coordinate      Previous         Force          Change          New 
	           ----------      --------        ------          ------        ------
	               R(1,2)       2.10894        0.12296        0.03071       2.13965
	-------------------------------------------------------------------------------

2025-07-17:11:37:43,619 INFO     [psi4.optking.stepAlgorithms:96] 	|target step| :    0.0580298875
2025-07-17:11:37:43,619 INFO     [psi4.optking.stepAlgorithms:97] 	gradient     :   -0.0149248705
2025-07-17:11:37:43,619 INFO     [psi4.optking.stepAlgorithms:98] 	hessian      :    0.2563267333
2025-07-17:11:37:43,619 INFO     [psi4.optking.stepAlgorithms:177] 	Norm of achieved step-size    0.0580298875
2025-07-17:11:37:43,619 INFO     [psi4.optking.stepAlgorithms:179] 	Norm of achieved step-size (cart):    0.0410333270
2025-07-17:11:37:43,619 INFO     [psi4.optking.opt_helper:151] Molsys:

	                            ===> Fragment 1 <== 

	 Z (Atomic Numbers)          Masses                          Geom                  
	      13.000000            26.981539          0.00000000  0.00000000  2.15894234   
	      15.000000            30.973762          0.00000000  0.00000000 -1.88441495   

	 - Coordinate -           - BOHR/RAD -       - ANG/DEG -
	 R(1,2)           =         4.043357           2.139653

2025-07-17:11:37:43,619 INFO     [psi4.optking.convcheck:71] Performing convergence check.
2025-07-17:11:37:43,619 INFO     [psi4.optking.convcheck:263] 
	                                 ==> Convergence Check <==                                  
    
	Measures of convergence in internal coordinates in au.
    
	Criteria marked as inactive (o), active & met (*), and active & unmet ( ).

	----------------------------------------------------------------------------------------------
	   Step    Total Energy     Delta E     Max Force     RMS Force      Max Disp      RMS Disp   
	----------------------------------------------------------------------------------------------
	  Convergence Criteria     1.00e-06 *    3.00e-04 *             o    1.20e-03 *             o
	----------------------------------------------------------------------------------------------
	    10    -583.80068163   -2.18e-03      1.49e-02      1.49e-02 o    5.80e-02      5.80e-02 o  ~
	----------------------------------------------------------------------------------------------


2025-07-17:11:37:43,619 INFO     [psi4.optking.stepAlgorithms:266] 	Convergence check returned False
2025-07-17:11:37:43,637 INFO     [psi4.driver.task_planner:285] PLANNING Atomic:  keywords={'DAMPING_PERCENTAGE': 1.0, 'GEOM_MAXITER': 500, 'SCF__GUESS': 'READ', 'GUESS': 'SAP', 'MAXITER': 500, 'REFERENCE': 'UKS', 'function_kwargs': {}}
2025-07-17:11:37:43,639 INFO     [psi4.driver.driver:636] Compute gradient(): method=b3lyp, basis=cc-pvdz, molecule=default, nre=48.2272493428368
2025-07-17:11:37:45,899 INFO     [psi4.driver.driver:639] Return gradient(): -583.8012453308256
2025-07-17:11:37:45,899 INFO     [psi4.driver.driver:640] [[ 0.00000000  0.00000000 -0.00472016]
 [-0.00000000  0.00000000  0.00472761]]
2025-07-17:11:37:45,900 INFO     [psi4.optking.history:257] 	Performing BFGS update.
2025-07-17:11:37:45,900 INFO     [psi4.optking.history:268] 	Using 4 previous steps for update.
2025-07-17:11:37:45,900 WARNING  [psi4.optking.history:286] 	Change in internal coordinate of 5.98e-01 exceeds limit of 5.00e-01.
2025-07-17:11:37:45,900 WARNING  [psi4.optking.history:291] 	Skipping Hessian update for step 7.
2025-07-17:11:37:45,901 WARNING  [psi4.optking.history:286] 	Change in internal coordinate of 9.00e-01 exceeds limit of 5.00e-01.
2025-07-17:11:37:45,901 WARNING  [psi4.optking.history:291] 	Skipping Hessian update for step 6.
2025-07-17:11:37:45,901 WARNING  [psi4.optking.history:286] 	Change in internal coordinate of 1.24e+00 exceeds limit of 5.00e-01.
2025-07-17:11:37:45,901 WARNING  [psi4.optking.history:291] 	Skipping Hessian update for step 5.
2025-07-17:11:37:45,901 WARNING  [psi4.optking.history:286] 	Change in internal coordinate of 1.67e+00 exceeds limit of 5.00e-01.
2025-07-17:11:37:45,901 WARNING  [psi4.optking.history:291] 	Skipping Hessian update for step 4.
2025-07-17:11:37:45,901 WARNING  [psi4.optking.history:286] 	Change in internal coordinate of 1.75e+00 exceeds limit of 5.00e-01.
2025-07-17:11:37:45,901 WARNING  [psi4.optking.history:291] 	Skipping Hessian update for step 3.
2025-07-17:11:37:45,901 WARNING  [psi4.optking.history:286] 	Change in internal coordinate of 1.77e+00 exceeds limit of 5.00e-01.
2025-07-17:11:37:45,901 WARNING  [psi4.optking.history:291] 	Skipping Hessian update for step 2.
2025-07-17:11:37:45,901 WARNING  [psi4.optking.history:286] 	Change in internal coordinate of 1.78e+00 exceeds limit of 5.00e-01.
2025-07-17:11:37:45,901 WARNING  [psi4.optking.history:291] 	Skipping Hessian update for step 1.
2025-07-17:11:37:45,901 INFO     [psi4.optking.history:302] 	Steps to be used in Hessian update:  10 9 8

2025-07-17:11:37:45,902 INFO     [psi4.optking.history:400] 	Updated Hessian (in au) 
 	   0.242694

2025-07-17:11:37:45,902 INFO     [psi4.optking.molsys:874] Projected (PHP) Hessian matrix
	   0.242694

2025-07-17:11:37:45,902 INFO     [psi4.optking.opt_helper:168] 
	         Geometry (au)                                       Gradient (au)
   0.0000000000   0.0000000000   2.1609410201		   0.0000000000   0.0000000000  -0.0047201628
   0.0000000000   0.0000000000  -1.8824162656		  -0.0000000000   0.0000000000   0.0047276084

2025-07-17:11:37:45,902 INFO     [psi4.optking.stepAlgorithms:315] 	Current Step Report 
 
	Current energy:      -583.8012453308
	Energy change for the previous step:
		Actual       :        -0.0005637054
		Projected    :        -0.0004330443

2025-07-17:11:37:45,902 INFO     [psi4.optking.stepAlgorithms:318] 	Energy ratio =    1.30173
2025-07-17:11:37:45,902 INFO     [psi4.optking.stepAlgorithms:750] 	Using RFO solution 1.
2025-07-17:11:37:45,902 INFO     [psi4.optking.displace:73] 	Determining Cartesian step for fragment 1.
2025-07-17:11:37:45,903 INFO     [psi4.optking.displace:378] 	Successfully converged to displaced geometry.
2025-07-17:11:37:45,903 INFO     [psi4.optking.displace:379] 	RMS(dx):  0.000e+00 	Max(dx):  0.000e+00 	RMS(dq):  0.000e+00
2025-07-17:11:37:45,903 INFO     [psi4.optking.displace:132] 

	        --- Internal Coordinate Step in ANG or DEG, aJ/ANG or AJ/DEG ---
	-------------------------------------------------------------------------------
	           Coordinate      Previous         Force          Change          New 
	           ----------      --------        ------          ------        ------
	               R(1,2)       2.13965        0.03892        0.01030       2.14995
	-------------------------------------------------------------------------------

2025-07-17:11:37:45,903 INFO     [psi4.optking.stepAlgorithms:96] 	|target step| :    0.0194569691
2025-07-17:11:37:45,903 INFO     [psi4.optking.stepAlgorithms:97] 	gradient     :   -0.0047238856
2025-07-17:11:37:45,903 INFO     [psi4.optking.stepAlgorithms:98] 	hessian      :    0.2426943894
2025-07-17:11:37:45,903 INFO     [psi4.optking.stepAlgorithms:177] 	Norm of achieved step-size    0.0194569691
2025-07-17:11:37:45,903 INFO     [psi4.optking.stepAlgorithms:179] 	Norm of achieved step-size (cart):    0.0137581548
2025-07-17:11:37:45,903 INFO     [psi4.optking.opt_helper:151] Molsys:

	                            ===> Fragment 1 <== 

	 Z (Atomic Numbers)          Masses                          Geom                  
	      13.000000            26.981539          0.00000000  0.00000000  2.17066950   
	      15.000000            30.973762          0.00000000  0.00000000 -1.89214475   

	 - Coordinate -           - BOHR/RAD -       - ANG/DEG -
	 R(1,2)           =         4.062814           2.149949

2025-07-17:11:37:45,904 INFO     [psi4.optking.convcheck:71] Performing convergence check.
2025-07-17:11:37:45,905 INFO     [psi4.optking.convcheck:263] 
	                                 ==> Convergence Check <==                                  
    
	Measures of convergence in internal coordinates in au.
    
	Criteria marked as inactive (o), active & met (*), and active & unmet ( ).

	----------------------------------------------------------------------------------------------
	   Step    Total Energy     Delta E     Max Force     RMS Force      Max Disp      RMS Disp   
	----------------------------------------------------------------------------------------------
	  Convergence Criteria     1.00e-06 *    3.00e-04 *             o    1.20e-03 *             o
	----------------------------------------------------------------------------------------------
	    11    -583.80124533   -5.64e-04      4.72e-03      4.72e-03 o    1.95e-02      1.95e-02 o  ~
	----------------------------------------------------------------------------------------------


2025-07-17:11:37:45,905 INFO     [psi4.optking.stepAlgorithms:266] 	Convergence check returned False
2025-07-17:11:37:45,926 INFO     [psi4.driver.task_planner:285] PLANNING Atomic:  keywords={'DAMPING_PERCENTAGE': 1.0, 'GEOM_MAXITER': 500, 'SCF__GUESS': 'READ', 'GUESS': 'SAP', 'MAXITER': 500, 'REFERENCE': 'UKS', 'function_kwargs': {}}
2025-07-17:11:37:45,929 INFO     [psi4.driver.driver:636] Compute gradient(): method=b3lyp, basis=cc-pvdz, molecule=default, nre=47.9962872462855
2025-07-17:11:37:48,194 INFO     [psi4.driver.driver:639] Return gradient(): -583.8013064129537
2025-07-17:11:37:48,194 INFO     [psi4.driver.driver:640] [[-0.00000000  0.00000000 -0.00158346]
 [ 0.00000000 -0.00000000  0.00159264]]
2025-07-17:11:37:48,195 INFO     [psi4.optking.history:257] 	Performing BFGS update.
2025-07-17:11:37:48,195 INFO     [psi4.optking.history:268] 	Using 4 previous steps for update.
2025-07-17:11:37:48,195 INFO     [psi4.optking.history:302] 	Steps to be used in Hessian update:  11 10 9 8

2025-07-17:11:37:48,196 INFO     [psi4.optking.history:400] 	Updated Hessian (in au) 
 	   0.238316

2025-07-17:11:37:48,196 INFO     [psi4.optking.molsys:874] Projected (PHP) Hessian matrix
	   0.238316

2025-07-17:11:37:48,196 INFO     [psi4.optking.opt_helper:168] 
	         Geometry (au)                                       Gradient (au)
   0.0000000000   0.0000000000   2.1713396467		  -0.0000000000   0.0000000000  -0.0015834605
   0.0000000000   0.0000000000  -1.8914746081		   0.0000000000  -0.0000000000   0.0015926401

2025-07-17:11:37:48,196 INFO     [psi4.optking.stepAlgorithms:315] 	Current Step Report 
 
	Current energy:      -583.8013064130
	Energy change for the previous step:
		Actual       :        -0.0000610821
		Projected    :        -0.0000459562

2025-07-17:11:37:48,196 INFO     [psi4.optking.stepAlgorithms:318] 	Energy ratio =    1.32914
2025-07-17:11:37:48,196 INFO     [psi4.optking.stepAlgorithms:750] 	Using RFO solution 1.
2025-07-17:11:37:48,196 INFO     [psi4.optking.displace:73] 	Determining Cartesian step for fragment 1.
2025-07-17:11:37:48,196 INFO     [psi4.optking.displace:378] 	Successfully converged to displaced geometry.
2025-07-17:11:37:48,196 INFO     [psi4.optking.displace:379] 	RMS(dx):  0.000e+00 	Max(dx):  0.000e+00 	RMS(dq):  0.000e+00
2025-07-17:11:37:48,196 INFO     [psi4.optking.displace:132] 

	        --- Internal Coordinate Step in ANG or DEG, aJ/ANG or AJ/DEG ---
	-------------------------------------------------------------------------------
	           Coordinate      Previous         Force          Change          New 
	           ----------      --------        ------          ------        ------
	               R(1,2)       2.14995        0.01308        0.00353       2.15347
	-------------------------------------------------------------------------------

2025-07-17:11:37:48,196 INFO     [psi4.optking.stepAlgorithms:96] 	|target step| :    0.0066633379
2025-07-17:11:37:48,196 INFO     [psi4.optking.stepAlgorithms:97] 	gradient     :   -0.0015880503
2025-07-17:11:37:48,196 INFO     [psi4.optking.stepAlgorithms:98] 	hessian      :    0.2383159656
2025-07-17:11:37:48,196 INFO     [psi4.optking.stepAlgorithms:177] 	Norm of achieved step-size    0.0066633379
2025-07-17:11:37:48,196 INFO     [psi4.optking.stepAlgorithms:179] 	Norm of achieved step-size (cart):    0.0047116914
2025-07-17:11:37:48,196 INFO     [psi4.optking.opt_helper:151] Molsys:

	                            ===> Fragment 1 <== 

	 Z (Atomic Numbers)          Masses                          Geom                  
	      13.000000            26.981539          0.00000000  0.00000000  2.17467132   
	      15.000000            30.973762          0.00000000  0.00000000 -1.89480628   

	 - Coordinate -           - BOHR/RAD -       - ANG/DEG -
	 R(1,2)           =         4.069478           2.153475

2025-07-17:11:37:48,196 INFO     [psi4.optking.convcheck:71] Performing convergence check.
2025-07-17:11:37:48,197 INFO     [psi4.optking.convcheck:263] 
	                                 ==> Convergence Check <==                                  
    
	Measures of convergence in internal coordinates in au.
    
	Criteria marked as inactive (o), active & met (*), and active & unmet ( ).

	----------------------------------------------------------------------------------------------
	   Step    Total Energy     Delta E     Max Force     RMS Force      Max Disp      RMS Disp   
	----------------------------------------------------------------------------------------------
	  Convergence Criteria     1.00e-06 *    3.00e-04 *             o    1.20e-03 *             o
	----------------------------------------------------------------------------------------------
	    12    -583.80130641   -6.11e-05      1.59e-03      1.59e-03 o    6.66e-03      6.66e-03 o  ~
	----------------------------------------------------------------------------------------------


2025-07-17:11:37:48,197 INFO     [psi4.optking.stepAlgorithms:266] 	Convergence check returned False
2025-07-17:11:37:48,212 INFO     [psi4.driver.task_planner:285] PLANNING Atomic:  keywords={'DAMPING_PERCENTAGE': 1.0, 'GEOM_MAXITER': 500, 'SCF__GUESS': 'READ', 'GUESS': 'SAP', 'MAXITER': 500, 'REFERENCE': 'UKS', 'function_kwargs': {}}
2025-07-17:11:37:48,213 INFO     [psi4.driver.driver:636] Compute gradient(): method=b3lyp, basis=cc-pvdz, molecule=default, nre=47.917698416895036
2025-07-17:11:37:50,199 INFO     [psi4.driver.driver:639] Return gradient(): -583.801313462643
2025-07-17:11:37:50,200 INFO     [psi4.driver.driver:640] [[ 0.00000000 -0.00000000 -0.00054042]
 [ 0.00000000  0.00000000  0.00055023]]
2025-07-17:11:37:50,201 INFO     [psi4.optking.history:257] 	Performing BFGS update.
2025-07-17:11:37:50,201 INFO     [psi4.optking.history:268] 	Using 4 previous steps for update.
2025-07-17:11:37:50,201 INFO     [psi4.optking.history:302] 	Steps to be used in Hessian update:  12 11 10 9

2025-07-17:11:37:50,201 INFO     [psi4.optking.history:400] 	Updated Hessian (in au) 
 	   0.189528

2025-07-17:11:37:50,201 INFO     [psi4.optking.molsys:874] Projected (PHP) Hessian matrix
	   0.189528

2025-07-17:11:37:50,202 INFO     [psi4.optking.opt_helper:168] 
	         Geometry (au)                                       Gradient (au)
   0.0000000000   0.0000000000   2.1749008160		   0.0000000000  -0.0000000000  -0.0005404193
   0.0000000000   0.0000000000  -1.8945767766		   0.0000000000   0.0000000000   0.0005502256

2025-07-17:11:37:50,202 INFO     [psi4.optking.stepAlgorithms:315] 	Current Step Report 
 
	Current energy:      -583.8013134626
	Energy change for the previous step:
		Actual       :        -0.0000070497
		Projected    :        -0.0000052909

2025-07-17:11:37:50,202 INFO     [psi4.optking.stepAlgorithms:318] 	Energy ratio =    1.33243
2025-07-17:11:37:50,202 INFO     [psi4.optking.stepAlgorithms:750] 	Using RFO solution 1.
2025-07-17:11:37:50,202 INFO     [psi4.optking.displace:73] 	Determining Cartesian step for fragment 1.
2025-07-17:11:37:50,202 INFO     [psi4.optking.displace:378] 	Successfully converged to displaced geometry.
2025-07-17:11:37:50,202 INFO     [psi4.optking.displace:379] 	RMS(dx):  0.000e+00 	Max(dx):  0.000e+00 	RMS(dq):  0.000e+00
2025-07-17:11:37:50,202 INFO     [psi4.optking.displace:132] 

	        --- Internal Coordinate Step in ANG or DEG, aJ/ANG or AJ/DEG ---
	-------------------------------------------------------------------------------
	           Coordinate      Previous         Force          Change          New 
	           ----------      --------        ------          ------        ------
	               R(1,2)       2.15347        0.00449        0.00152       2.15500
	-------------------------------------------------------------------------------

2025-07-17:11:37:50,202 INFO     [psi4.optking.stepAlgorithms:96] 	|target step| :    0.0028772446
2025-07-17:11:37:50,202 INFO     [psi4.optking.stepAlgorithms:97] 	gradient     :   -0.0005453224
2025-07-17:11:37:50,202 INFO     [psi4.optking.stepAlgorithms:98] 	hessian      :    0.1895278279
2025-07-17:11:37:50,202 INFO     [psi4.optking.stepAlgorithms:177] 	Norm of achieved step-size    0.0028772446
2025-07-17:11:37:50,202 INFO     [psi4.optking.stepAlgorithms:179] 	Norm of achieved step-size (cart):    0.0020345191
2025-07-17:11:37:50,202 INFO     [psi4.optking.opt_helper:151] Molsys:

	                            ===> Fragment 1 <== 

	 Z (Atomic Numbers)          Masses                          Geom                  
	      13.000000            26.981539          0.00000000  0.00000000  2.17633944   
	      15.000000            30.973762          0.00000000  0.00000000 -1.89601540   

	 - Coordinate -           - BOHR/RAD -       - ANG/DEG -
	 R(1,2)           =         4.072355           2.154997

2025-07-17:11:37:50,202 INFO     [psi4.optking.convcheck:71] Performing convergence check.
2025-07-17:11:37:50,202 INFO     [psi4.optking.convcheck:263] 
	                                 ==> Convergence Check <==                                  
    
	Measures of convergence in internal coordinates in au.
    
	Criteria marked as inactive (o), active & met (*), and active & unmet ( ).

	----------------------------------------------------------------------------------------------
	   Step    Total Energy     Delta E     Max Force     RMS Force      Max Disp      RMS Disp   
	----------------------------------------------------------------------------------------------
	  Convergence Criteria     1.00e-06 *    3.00e-04 *             o    1.20e-03 *             o
	----------------------------------------------------------------------------------------------
	    13    -583.80131346   -7.05e-06      5.45e-04      5.45e-04 o    2.88e-03      2.88e-03 o  ~
	----------------------------------------------------------------------------------------------


2025-07-17:11:37:50,202 INFO     [psi4.optking.stepAlgorithms:266] 	Convergence check returned False
2025-07-17:11:37:50,221 INFO     [psi4.driver.task_planner:285] PLANNING Atomic:  keywords={'DAMPING_PERCENTAGE': 1.0, 'GEOM_MAXITER': 500, 'SCF__GUESS': 'READ', 'GUESS': 'SAP', 'MAXITER': 500, 'REFERENCE': 'UKS', 'function_kwargs': {}}
2025-07-17:11:37:50,223 INFO     [psi4.driver.driver:636] Compute gradient(): method=b3lyp, basis=cc-pvdz, molecule=default, nre=47.88384308178971
2025-07-17:11:37:52,166 INFO     [psi4.driver.driver:639] Return gradient(): -583.8013143773632
2025-07-17:11:37:52,167 INFO     [psi4.driver.driver:640] [[ 0.00000000 -0.00000000 -0.00009487]
 [ 0.00000000  0.00000000  0.00010494]]
2025-07-17:11:37:52,168 INFO     [psi4.optking.history:257] 	Performing BFGS update.
2025-07-17:11:37:52,168 INFO     [psi4.optking.history:268] 	Using 4 previous steps for update.
2025-07-17:11:37:52,168 INFO     [psi4.optking.history:302] 	Steps to be used in Hessian update:  13 12 11 10

2025-07-17:11:37:52,168 INFO     [psi4.optking.history:400] 	Updated Hessian (in au) 
 	   0.170348

2025-07-17:11:37:52,168 INFO     [psi4.optking.molsys:874] Projected (PHP) Hessian matrix
	   0.170348

2025-07-17:11:37:52,168 INFO     [psi4.optking.opt_helper:168] 
	         Geometry (au)                                       Gradient (au)
   0.0000000000   0.0000000000   2.1764385371		   0.0000000000  -0.0000000000  -0.0000948661
   0.0000000000   0.0000000000  -1.8959163001		   0.0000000000   0.0000000000   0.0001049439

2025-07-17:11:37:52,168 INFO     [psi4.optking.stepAlgorithms:315] 	Current Step Report 
 
	Current energy:      -583.8013143774
	Energy change for the previous step:
		Actual       :        -0.0000009147
		Projected    :        -0.0000007845

2025-07-17:11:37:52,168 INFO     [psi4.optking.stepAlgorithms:318] 	Energy ratio =    1.16597
2025-07-17:11:37:52,168 INFO     [psi4.optking.stepAlgorithms:750] 	Using RFO solution 1.
2025-07-17:11:37:52,168 INFO     [psi4.optking.displace:73] 	Determining Cartesian step for fragment 1.
2025-07-17:11:37:52,169 INFO     [psi4.optking.displace:378] 	Successfully converged to displaced geometry.
2025-07-17:11:37:52,169 INFO     [psi4.optking.displace:379] 	RMS(dx):  0.000e+00 	Max(dx):  0.000e+00 	RMS(dq):  0.000e+00
2025-07-17:11:37:52,169 INFO     [psi4.optking.displace:132] 

	        --- Internal Coordinate Step in ANG or DEG, aJ/ANG or AJ/DEG ---
	-------------------------------------------------------------------------------
	           Coordinate      Previous         Force          Change          New 
	           ----------      --------        ------          ------        ------
	               R(1,2)       2.15500        0.00082        0.00031       2.15531
	-------------------------------------------------------------------------------

2025-07-17:11:37:52,169 INFO     [psi4.optking.stepAlgorithms:96] 	|target step| :    0.0005864749
2025-07-17:11:37:52,169 INFO     [psi4.optking.stepAlgorithms:97] 	gradient     :   -0.0000999050
2025-07-17:11:37:52,169 INFO     [psi4.optking.stepAlgorithms:98] 	hessian      :    0.1703481765
2025-07-17:11:37:52,169 INFO     [psi4.optking.stepAlgorithms:177] 	Norm of achieved step-size    0.0005864749
2025-07-17:11:37:52,169 INFO     [psi4.optking.stepAlgorithms:179] 	Norm of achieved step-size (cart):    0.0004147004
2025-07-17:11:37:52,169 INFO     [psi4.optking.opt_helper:151] Molsys:

	                            ===> Fragment 1 <== 

	 Z (Atomic Numbers)          Masses                          Geom                  
	      13.000000            26.981539          0.00000000  0.00000000  2.17673177   
	      15.000000            30.973762          0.00000000  0.00000000 -1.89620954   

	 - Coordinate -           - BOHR/RAD -       - ANG/DEG -
	 R(1,2)           =         4.072941           2.155308

2025-07-17:11:37:52,169 INFO     [psi4.optking.convcheck:71] Performing convergence check.
2025-07-17:11:37:52,169 INFO     [psi4.optking.convcheck:263] 
	                                 ==> Convergence Check <==                                  
    
	Measures of convergence in internal coordinates in au.
    
	Criteria marked as inactive (o), active & met (*), and active & unmet ( ).

	----------------------------------------------------------------------------------------------
	   Step    Total Energy     Delta E     Max Force     RMS Force      Max Disp      RMS Disp   
	----------------------------------------------------------------------------------------------
	  Convergence Criteria     1.00e-06 *    3.00e-04 *             o    1.20e-03 *             o
	----------------------------------------------------------------------------------------------
	    14    -583.80131438   -9.15e-07 *    9.99e-05 *    9.99e-05 o    5.86e-04 *    5.86e-04 o  ~
	----------------------------------------------------------------------------------------------


2025-07-17:11:37:52,169 INFO     [psi4.optking.convcheck:193] 
	                      ===> Final Convergence Report <===                     

	----------------------------------------------------------------------------
	|   Required Criteria    |  One or More Criteria  |   Alternate Criteria   |
	----------------------------------------------------------------------------
	| [x]     max_force      | [x]       max_DE       |                        |
	|                        | [x]      max_disp      |                        |
	----------------------------------------------------------------------------


2025-07-17:11:37:52,169 INFO     [psi4.optking.stepAlgorithms:266] 	Convergence check returned True
2025-07-17:11:37:52,169 INFO     [psi4.optking.optimize:286] 	Converged in 14 steps!
2025-07-17:11:37:52,169 INFO     [psi4.optking.optimize:287] 	Final energy is   -583.8013143773632
2025-07-17:11:37:52,169 INFO     [psi4.optking.optimize:288] 	Final structure (Angstroms): 
	Fragment 1 (Ang)

	   Al   0.0000000000   0.0000000000   1.1518768489
	    P   0.0000000000   0.0000000000  -1.0034308739


2025-07-17:11:37:52,170 INFO     [psi4.optking.optimize:432] 	Optimization Finished

	==> Optimization Summary <==

        
	Measures of convergence in internal coordinates in au. (Any backward steps not shown.)
        
	---------------------------------------------------------------------------------------------------------------  ~
        
	 Step         Total Energy             Delta E       MAX Force       RMS Force        MAX Disp        RMS Disp   ~
        
	---------------------------------------------------------------------------------------------------------------  ~
        
	     1    -582.698730067470   -582.698730067470      2.12112249      2.12112249      0.00973695      0.00973695  ~
	     2    -582.719220467090     -0.020490399620      2.08786621      2.08786621      0.01916334      0.01916334  ~
	     3    -582.758615611104     -0.039395144014      2.02406991      2.02406991      0.07393215      0.07393215  ~
	     4    -582.899669384307     -0.141053773203      1.79627592      1.79627592      0.43013189      0.43013189  ~
	     5    -583.449897623342     -0.550228239035      0.85160899      0.85160899      0.34232099      0.34232099  ~
	     6    -583.660906561626     -0.211008938284      0.42002599      0.42002599      0.30264027      0.30264027  ~
	     7    -583.751604760290     -0.090698198664      0.19906304      0.19906304      0.25492667      0.25492667  ~
	     8    -583.787046572821     -0.035441812531      0.08792769      0.08792769      0.19409381      0.19409381  ~
	     9    -583.798503955182     -0.011457382361      0.03368619      0.03368619      0.09070997      0.09070997  ~
	    10    -583.800681625417     -0.002177670235      0.01492487      0.01492487      0.05802989      0.05802989  ~
	    11    -583.801245330826     -0.000563705409      0.00472389      0.00472389      0.01945697      0.01945697  ~
	    12    -583.801306412954     -0.000061082128      0.00158805      0.00158805      0.00666334      0.00666334  ~
	    13    -583.801313462643     -0.000007049689      0.00054532      0.00054532      0.00287724      0.00287724  ~
	    14    -583.801314377363     -0.000000914720      0.00009990      0.00009990      0.00058647      0.00058647  ~
	----------------------------------------------------------------------------------------------------------------


2025-07-17:11:37:52,170 INFO     [psi4.optking.optimize:640] Preparing OptimizationResult
