2025-07-17:11:33:41,334 INFO     [psi4.optking.optwrapper:214] Creating a UserComputer
2025-07-17:11:33:41,334 INFO     [psi4.optking.optwrapper:222] 
    			-----------------------------------------

    			 OPTKING 3.0: for geometry optimizations 

    			     By R.A. King, Bethel University     

    			        with contributions from          

    			    A.V. Copan, J. Cayton, A. Heide      

    			-----------------------------------------

    
2025-07-17:11:33:41,334 INFO     [psi4.optking.optwrapper:238] 
		 -- Optimization Parameters --
	accept_symmetry_breaking       =           False
	alg_geom_maxiter               =             500
	bt_dx_conv                     =           1e-07
	bt_dx_rms_change_conv          =           1e-12
	bt_max_iter                    =              25
	cart_hess_read                 =           False
	consecutive_backsteps_allowed  =               0
	conv_max_DE                    =           1e-06
	conv_max_disp                  =          0.0012
	conv_max_force                 =          0.0003
	conv_rms_disp                  =              -1
	conv_rms_force                 =              -1
	covalent_connect               =             1.3
	dynamic_level                  =               0
	dynamic_level_max              =               0
	ensure_bt_convergence          =           False
	ext_force_bend                 =              []
	ext_force_cartesian            =              []
	ext_force_dihedral             =              []
	ext_force_distance             =              []
	ext_force_oofp                 =              []
	fix_val_near_pi                =            1.57
	flexible_g_convergence         =           False
	frag_mode                      =          SINGLE
	frag_ref_atoms                 =            None
	freeze_intrafrag               =           False
	frozen_bend                    =              []
	frozen_cartesian               =              []
	frozen_dihedral                =              []
	frozen_distance                =              []
	frozen_oofp                    =              []
	full_hess_every                =              -1
	g_convergence                  =           QCHEM
	generate_intcos_exit           =           False
	geom_maxiter                   =             500
	h_bond_connect                 =             4.3
	hess_update                    =            BFGS
	hess_update_den_tol            =           1e-07
	hess_update_dq_tol             =             0.5
	hess_update_limit              =            True
	hess_update_limit_max          =             1.0
	hess_update_limit_scale        =             0.5
	hess_update_use_last           =               4
	hessian_file                   =            None
	i_max_DE                       =            True
	i_max_disp                     =            True
	i_max_force                    =            True
	i_rms_disp                     =           False
	i_rms_force                    =           False
	i_untampered                   =            True
	include_oofp                   =           False
	interfrag_collinear_tol        =            0.01
	interfrag_coords               =            None
	interfrag_dist_inv             =           False
	interfrag_mode                 =           FIXED
	interfrag_trust                =             0.5
	interfrag_trust_max            =             1.0
	interfrag_trust_min            =           0.001
	interfragment_connect          =             1.8
	intrafrag_hess                 =        SCHLEGEL
	intrafrag_trust                =             0.5
	intrafrag_trust_max            =             1.0
	intrafrag_trust_min            =           0.001
	irc_direction                  =         FORWARD
	irc_points                     =              20
	irc_step_size                  =             0.2
	keep_intcos                    =           False
	linear_bend_threshold          =            3.05
	linesearch                     =           False
	linesearch_step                =             0.1
	max_disp_g_convergence         =          0.0012
	max_energy_g_convergence       =           1e-06
	max_force_g_convergence        =          0.0003
	opt_coordinates                =       REDUNDANT
	opt_type                       =             MIN
	output_type                    =            FILE
	print_lvl                      =               1
	program                        =            psi4
	ranged_bend                    =              []
	ranged_cartesian               =              []
	ranged_dihedral                =              []
	ranged_distance                =              []
	ranged_oofp                    =              []
	redundant_eval_tol             =           1e-10
	rfo_follow_root                =           False
	rfo_normalization_max          =             100
	rfo_root                       =               0
	rms_disp_g_convergence         =          0.0012
	rms_force_g_convergence        =          0.0003
	rsrfo_alpha_max                =     100000000.0
	sd_hessian                     =             1.0
	simple_step_scaling            =           False
	small_bend_fix_threshold       =            0.35
	steepest_descent_type          =         OVERLAP
	step_type                      =             RFO
	test_B                         =           False
	test_derivative_B              =           False
	trajectory                     =           False
	v3d_tors_angle_lim             =           0.017
	v3d_tors_cos_tol               =           1e-10
	working_consecutive_backsteps  =               0
	working_steps_since_last_H     =               0


2025-07-17:11:33:41,967 INFO     [psi4.optking.opt_helper:151] Molsys:

	                            ===> Fragment 1 <== 

	 Z (Atomic Numbers)          Masses                          Geom                  
	      13.000000            26.981539         -0.00000000  1.13383568  0.00000000   
	      13.000000            26.981539          0.00000000 -1.13383568  0.00000000   

	 - Coordinate -           - BOHR/RAD -       - ANG/DEG -
	 R(1,2)           =         2.267671           1.200000

2025-07-17:11:33:41,977 INFO     [psi4.driver.task_planner:285] PLANNING Atomic:  keywords={'DAMPING_PERCENTAGE': 1.0, 'GEOM_MAXITER': 500, 'GUESS': 'SAP', 'MAXITER': 500, 'REFERENCE': 'UKS', 'function_kwargs': {}}
2025-07-17:11:33:41,978 INFO     [psi4.driver.driver:636] Compute gradient(): method=b3lyp, basis=cc-pvdz, molecule=default, nre=74.52579050269168
2025-07-17:11:33:44,268 INFO     [psi4.driver.driver:639] Return gradient(): -483.8575959739124
2025-07-17:11:33:44,268 INFO     [psi4.driver.driver:640] [[ 0.00000000 -1.56407562 -0.00000000]
 [-0.00000000  1.56407562 -0.00000000]]
2025-07-17:11:33:44,269 INFO     [psi4.optking.molsys:874] Projected (PHP) Hessian matrix
	 217.822043

2025-07-17:11:33:44,269 INFO     [psi4.optking.opt_helper:168] 
	         Geometry (au)                                       Gradient (au)
  -0.0000000000   1.1338356753   0.0000000000		   0.0000000000  -1.5640756226  -0.0000000000
   0.0000000000  -1.1338356753   0.0000000000		  -0.0000000000   1.5640756226  -0.0000000000

2025-07-17:11:33:44,270 INFO     [psi4.optking.stepAlgorithms:750] 	Using RFO solution 1.
2025-07-17:11:33:44,270 INFO     [psi4.optking.displace:73] 	Determining Cartesian step for fragment 1.
2025-07-17:11:33:44,270 INFO     [psi4.optking.displace:378] 	Successfully converged to displaced geometry.
2025-07-17:11:33:44,270 INFO     [psi4.optking.displace:379] 	RMS(dx):  0.000e+00 	Max(dx):  0.000e+00 	RMS(dq):  0.000e+00
2025-07-17:11:33:44,270 INFO     [psi4.optking.displace:132] 

	        --- Internal Coordinate Step in ANG or DEG, aJ/ANG or AJ/DEG ---
	-------------------------------------------------------------------------------
	           Coordinate      Previous         Force          Change          New 
	           ----------      --------        ------          ------        ------
	               R(1,2)       1.20000       12.88599        0.00380       1.20380
	-------------------------------------------------------------------------------

2025-07-17:11:33:44,270 INFO     [psi4.optking.stepAlgorithms:96] 	|target step| :    0.0071801502
2025-07-17:11:33:44,270 INFO     [psi4.optking.stepAlgorithms:97] 	gradient     :   -1.5640756226
2025-07-17:11:33:44,270 INFO     [psi4.optking.stepAlgorithms:98] 	hessian      :  217.8220428578
2025-07-17:11:33:44,270 INFO     [psi4.optking.stepAlgorithms:177] 	Norm of achieved step-size    0.0071801502
2025-07-17:11:33:44,270 INFO     [psi4.optking.stepAlgorithms:179] 	Norm of achieved step-size (cart):    0.0050771329
2025-07-17:11:33:44,270 INFO     [psi4.optking.opt_helper:151] Molsys:

	                            ===> Fragment 1 <== 

	 Z (Atomic Numbers)          Masses                          Geom                  
	      13.000000            26.981539         -0.00000000  1.13742575  0.00000000   
	      13.000000            26.981539          0.00000000 -1.13742575  0.00000000   

	 - Coordinate -           - BOHR/RAD -       - ANG/DEG -
	 R(1,2)           =         2.274852           1.203800

2025-07-17:11:33:44,270 INFO     [psi4.optking.convcheck:71] Performing convergence check.
2025-07-17:11:33:44,270 INFO     [psi4.optking.convcheck:263] 
	                                 ==> Convergence Check <==                                  
    
	Measures of convergence in internal coordinates in au.
    
	Criteria marked as inactive (o), active & met (*), and active & unmet ( ).

	----------------------------------------------------------------------------------------------
	   Step    Total Energy     Delta E     Max Force     RMS Force      Max Disp      RMS Disp   
	----------------------------------------------------------------------------------------------
	  Convergence Criteria     1.00e-06 *    3.00e-04 *             o    1.20e-03 *             o
	----------------------------------------------------------------------------------------------
	     1    -483.85759597   -4.84e+02      1.56e+00      1.56e+00 o    7.18e-03      7.18e-03 o  ~
	----------------------------------------------------------------------------------------------


2025-07-17:11:33:44,270 INFO     [psi4.optking.stepAlgorithms:266] 	Convergence check returned False
2025-07-17:11:33:44,282 INFO     [psi4.driver.task_planner:285] PLANNING Atomic:  keywords={'DAMPING_PERCENTAGE': 1.0, 'GEOM_MAXITER': 500, 'SCF__GUESS': 'READ', 'GUESS': 'SAP', 'MAXITER': 500, 'REFERENCE': 'UKS', 'function_kwargs': {}}
2025-07-17:11:33:44,283 INFO     [psi4.driver.driver:636] Compute gradient(): method=b3lyp, basis=cc-pvdz, molecule=default, nre=74.29056355694881
2025-07-17:11:33:45,578 INFO     [psi4.driver.driver:639] Return gradient(): -483.86875255271923
2025-07-17:11:33:45,578 INFO     [psi4.driver.driver:640] [[ 0.00000000 -1.54356403  0.00000000]
 [-0.00000000  1.54356403  0.00000000]]
2025-07-17:11:33:45,586 INFO     [psi4.optking.history:257] 	Performing BFGS update.
2025-07-17:11:33:45,586 INFO     [psi4.optking.history:268] 	Using 1 previous steps for update.
2025-07-17:11:33:45,586 INFO     [psi4.optking.history:302] 	Steps to be used in Hessian update:  1

2025-07-17:11:33:45,586 INFO     [psi4.optking.history:400] 	Updated Hessian (in au) 
 	 108.911021

2025-07-17:11:33:45,586 INFO     [psi4.optking.molsys:874] Projected (PHP) Hessian matrix
	 108.911021

2025-07-17:11:33:45,586 INFO     [psi4.optking.opt_helper:168] 
	         Geometry (au)                                       Gradient (au)
  -0.0000000000   1.1374257504   0.0000000000		   0.0000000000  -1.5435640297   0.0000000000
   0.0000000000  -1.1374257504   0.0000000000		  -0.0000000000   1.5435640297   0.0000000000

2025-07-17:11:33:45,586 INFO     [psi4.optking.stepAlgorithms:315] 	Current Step Report 
 
	Current energy:      -483.8687525527
	Energy change for the previous step:
		Actual       :        -0.0111565788
		Projected    :        -0.0056151490

2025-07-17:11:33:45,586 INFO     [psi4.optking.stepAlgorithms:318] 	Energy ratio =    1.98687
2025-07-17:11:33:45,586 INFO     [psi4.optking.stepAlgorithms:346] 	Energy ratio indicates good step.
2025-07-17:11:33:45,586 INFO     [psi4.optking.stepAlgorithms:347] 	Intrafrag trust radius increased to 1.000e+00.
2025-07-17:11:33:45,587 INFO     [psi4.optking.stepAlgorithms:750] 	Using RFO solution 1.
2025-07-17:11:33:45,587 INFO     [psi4.optking.displace:73] 	Determining Cartesian step for fragment 1.
2025-07-17:11:33:45,587 INFO     [psi4.optking.displace:378] 	Successfully converged to displaced geometry.
2025-07-17:11:33:45,587 INFO     [psi4.optking.displace:379] 	RMS(dx):  0.000e+00 	Max(dx):  0.000e+00 	RMS(dq):  0.000e+00
2025-07-17:11:33:45,587 INFO     [psi4.optking.displace:132] 

	        --- Internal Coordinate Step in ANG or DEG, aJ/ANG or AJ/DEG ---
	-------------------------------------------------------------------------------
	           Coordinate      Previous         Force          Change          New 
	           ----------      --------        ------          ------        ------
	               R(1,2)       1.20380       12.71700        0.00750       1.21130
	-------------------------------------------------------------------------------

2025-07-17:11:33:45,587 INFO     [psi4.optking.stepAlgorithms:96] 	|target step| :    0.0141698616
2025-07-17:11:33:45,587 INFO     [psi4.optking.stepAlgorithms:97] 	gradient     :   -1.5435640297
2025-07-17:11:33:45,587 INFO     [psi4.optking.stepAlgorithms:98] 	hessian      :  108.9110214289
2025-07-17:11:33:45,587 INFO     [psi4.optking.stepAlgorithms:177] 	Norm of achieved step-size    0.0141698616
2025-07-17:11:33:45,587 INFO     [psi4.optking.stepAlgorithms:179] 	Norm of achieved step-size (cart):    0.0100196053
2025-07-17:11:33:45,587 INFO     [psi4.optking.opt_helper:151] Molsys:

	                            ===> Fragment 1 <== 

	 Z (Atomic Numbers)          Masses                          Geom                  
	      13.000000            26.981539         -0.00000000  1.14451068  0.00000000   
	      13.000000            26.981539          0.00000000 -1.14451068  0.00000000   

	 - Coordinate -           - BOHR/RAD -       - ANG/DEG -
	 R(1,2)           =         2.289021           1.211298

2025-07-17:11:33:45,587 INFO     [psi4.optking.convcheck:71] Performing convergence check.
2025-07-17:11:33:45,587 INFO     [psi4.optking.convcheck:263] 
	                                 ==> Convergence Check <==                                  
    
	Measures of convergence in internal coordinates in au.
    
	Criteria marked as inactive (o), active & met (*), and active & unmet ( ).

	----------------------------------------------------------------------------------------------
	   Step    Total Energy     Delta E     Max Force     RMS Force      Max Disp      RMS Disp   
	----------------------------------------------------------------------------------------------
	  Convergence Criteria     1.00e-06 *    3.00e-04 *             o    1.20e-03 *             o
	----------------------------------------------------------------------------------------------
	     2    -483.86875255   -1.12e-02      1.54e+00      1.54e+00 o    1.42e-02      1.42e-02 o  ~
	----------------------------------------------------------------------------------------------


2025-07-17:11:33:45,587 INFO     [psi4.optking.stepAlgorithms:266] 	Convergence check returned False
2025-07-17:11:33:45,600 INFO     [psi4.driver.task_planner:285] PLANNING Atomic:  keywords={'DAMPING_PERCENTAGE': 1.0, 'GEOM_MAXITER': 500, 'SCF__GUESS': 'READ', 'GUESS': 'SAP', 'MAXITER': 500, 'REFERENCE': 'UKS', 'function_kwargs': {}}
2025-07-17:11:33:45,602 INFO     [psi4.driver.driver:636] Compute gradient(): method=b3lyp, basis=cc-pvdz, molecule=default, nre=73.83067837440208
2025-07-17:11:33:46,890 INFO     [psi4.driver.driver:639] Return gradient(): -483.89034369490355
2025-07-17:11:33:46,890 INFO     [psi4.driver.driver:640] [[ 0.00000000 -1.50415368  0.00000000]
 [-0.00000000  1.50415368  0.00000000]]
2025-07-17:11:33:46,891 INFO     [psi4.optking.history:257] 	Performing BFGS update.
2025-07-17:11:33:46,892 INFO     [psi4.optking.history:268] 	Using 2 previous steps for update.
2025-07-17:11:33:46,892 INFO     [psi4.optking.history:302] 	Steps to be used in Hessian update:  2 1

2025-07-17:11:33:46,892 INFO     [psi4.optking.history:400] 	Updated Hessian (in au) 
 	  27.227755

2025-07-17:11:33:46,892 INFO     [psi4.optking.molsys:874] Projected (PHP) Hessian matrix
	  27.227755

2025-07-17:11:33:46,892 INFO     [psi4.optking.opt_helper:168] 
	         Geometry (au)                                       Gradient (au)
  -0.0000000000   1.1445106812   0.0000000000		   0.0000000000  -1.5041536814   0.0000000000
   0.0000000000  -1.1445106812   0.0000000000		  -0.0000000000   1.5041536814   0.0000000000

2025-07-17:11:33:46,892 INFO     [psi4.optking.stepAlgorithms:315] 	Current Step Report 
 
	Current energy:      -483.8903436949
	Energy change for the previous step:
		Actual       :        -0.0215911422
		Projected    :        -0.0109360444

2025-07-17:11:33:46,892 INFO     [psi4.optking.stepAlgorithms:318] 	Energy ratio =    1.97431
2025-07-17:11:33:46,892 INFO     [psi4.optking.stepAlgorithms:750] 	Using RFO solution 1.
2025-07-17:11:33:46,892 INFO     [psi4.optking.displace:73] 	Determining Cartesian step for fragment 1.
2025-07-17:11:33:46,892 INFO     [psi4.optking.displace:378] 	Successfully converged to displaced geometry.
2025-07-17:11:33:46,892 INFO     [psi4.optking.displace:379] 	RMS(dx):  0.000e+00 	Max(dx):  0.000e+00 	RMS(dq):  0.000e+00
2025-07-17:11:33:46,892 INFO     [psi4.optking.displace:132] 

	        --- Internal Coordinate Step in ANG or DEG, aJ/ANG or AJ/DEG ---
	-------------------------------------------------------------------------------
	           Coordinate      Previous         Force          Change          New 
	           ----------      --------        ------          ------        ------
	               R(1,2)       1.21130       12.39231        0.02914       1.24044
	-------------------------------------------------------------------------------

2025-07-17:11:33:46,892 INFO     [psi4.optking.stepAlgorithms:96] 	|target step| :    0.0550758240
2025-07-17:11:33:46,892 INFO     [psi4.optking.stepAlgorithms:97] 	gradient     :   -1.5041536814
2025-07-17:11:33:46,892 INFO     [psi4.optking.stepAlgorithms:98] 	hessian      :   27.2277553572
2025-07-17:11:33:46,892 INFO     [psi4.optking.stepAlgorithms:177] 	Norm of achieved step-size    0.0550758240
2025-07-17:11:33:46,892 INFO     [psi4.optking.stepAlgorithms:179] 	Norm of achieved step-size (cart):    0.0389444886
2025-07-17:11:33:46,893 INFO     [psi4.optking.opt_helper:151] Molsys:

	                            ===> Fragment 1 <== 

	 Z (Atomic Numbers)          Masses                          Geom                  
	      13.000000            26.981539         -0.00000000  1.17204859  0.00000000   
	      13.000000            26.981539          0.00000000 -1.17204859  0.00000000   

	 - Coordinate -           - BOHR/RAD -       - ANG/DEG -
	 R(1,2)           =         2.344097           1.240443

2025-07-17:11:33:46,893 INFO     [psi4.optking.convcheck:71] Performing convergence check.
2025-07-17:11:33:46,893 INFO     [psi4.optking.convcheck:263] 
	                                 ==> Convergence Check <==                                  
    
	Measures of convergence in internal coordinates in au.
    
	Criteria marked as inactive (o), active & met (*), and active & unmet ( ).

	----------------------------------------------------------------------------------------------
	   Step    Total Energy     Delta E     Max Force     RMS Force      Max Disp      RMS Disp   
	----------------------------------------------------------------------------------------------
	  Convergence Criteria     1.00e-06 *    3.00e-04 *             o    1.20e-03 *             o
	----------------------------------------------------------------------------------------------
	     3    -483.89034369   -2.16e-02      1.50e+00      1.50e+00 o    5.51e-02      5.51e-02 o  ~
	----------------------------------------------------------------------------------------------


2025-07-17:11:33:46,893 INFO     [psi4.optking.stepAlgorithms:266] 	Convergence check returned False
2025-07-17:11:33:46,909 INFO     [psi4.driver.task_planner:285] PLANNING Atomic:  keywords={'DAMPING_PERCENTAGE': 1.0, 'GEOM_MAXITER': 500, 'SCF__GUESS': 'READ', 'GUESS': 'SAP', 'MAXITER': 500, 'REFERENCE': 'UKS', 'function_kwargs': {}}
2025-07-17:11:33:46,910 INFO     [psi4.driver.driver:636] Compute gradient(): method=b3lyp, basis=cc-pvdz, molecule=default, nre=72.09598688111777
2025-07-17:11:33:48,564 INFO     [psi4.driver.driver:639] Return gradient(): -483.96921828319586
2025-07-17:11:33:48,564 INFO     [psi4.driver.driver:640] [[ 0.00000000 -1.36334244 -0.00000000]
 [-0.00000000  1.36334244  0.00000000]]
2025-07-17:11:33:48,567 INFO     [psi4.optking.history:257] 	Performing BFGS update.
2025-07-17:11:33:48,567 INFO     [psi4.optking.history:268] 	Using 3 previous steps for update.
2025-07-17:11:33:48,567 INFO     [psi4.optking.history:302] 	Steps to be used in Hessian update:  3 2 1

2025-07-17:11:33:48,567 INFO     [psi4.optking.history:400] 	Updated Hessian (in au) 
 	   3.403469

2025-07-17:11:33:48,568 INFO     [psi4.optking.molsys:874] Projected (PHP) Hessian matrix
	   3.403469

2025-07-17:11:33:48,568 INFO     [psi4.optking.opt_helper:168] 
	         Geometry (au)                                       Gradient (au)
  -0.0000000000   1.1720485932   0.0000000000		   0.0000000000  -1.3633424444  -0.0000000000
   0.0000000000  -1.1720485932   0.0000000000		  -0.0000000000   1.3633424444   0.0000000000

2025-07-17:11:33:48,568 INFO     [psi4.optking.stepAlgorithms:315] 	Current Step Report 
 
	Current energy:      -483.9692182832
	Energy change for the previous step:
		Actual       :        -0.0788745883
		Projected    :        -0.0414212517

2025-07-17:11:33:48,568 INFO     [psi4.optking.stepAlgorithms:318] 	Energy ratio =    1.90421
2025-07-17:11:33:48,568 INFO     [psi4.optking.stepAlgorithms:750] 	Using RFO solution 1.
2025-07-17:11:33:48,568 INFO     [psi4.optking.displace:73] 	Determining Cartesian step for fragment 1.
2025-07-17:11:33:48,569 INFO     [psi4.optking.displace:378] 	Successfully converged to displaced geometry.
2025-07-17:11:33:48,569 INFO     [psi4.optking.displace:379] 	RMS(dx):  0.000e+00 	Max(dx):  0.000e+00 	RMS(dq):  0.000e+00
2025-07-17:11:33:48,569 INFO     [psi4.optking.displace:132] 

	        --- Internal Coordinate Step in ANG or DEG, aJ/ANG or AJ/DEG ---
	-------------------------------------------------------------------------------
	           Coordinate      Previous         Force          Change          New 
	           ----------      --------        ------          ------        ------
	               R(1,2)       1.24044       11.23220        0.18583       1.42628
	-------------------------------------------------------------------------------

2025-07-17:11:33:48,569 INFO     [psi4.optking.stepAlgorithms:96] 	|target step| :    0.3511741722
2025-07-17:11:33:48,569 INFO     [psi4.optking.stepAlgorithms:97] 	gradient     :   -1.3633424444
2025-07-17:11:33:48,569 INFO     [psi4.optking.stepAlgorithms:98] 	hessian      :    3.4034694197
2025-07-17:11:33:48,569 INFO     [psi4.optking.stepAlgorithms:177] 	Norm of achieved step-size    0.3511741722
2025-07-17:11:33:48,569 INFO     [psi4.optking.stepAlgorithms:179] 	Norm of achieved step-size (cart):    0.2483176386
2025-07-17:11:33:48,569 INFO     [psi4.optking.opt_helper:151] Molsys:

	                            ===> Fragment 1 <== 

	 Z (Atomic Numbers)          Masses                          Geom                  
	      13.000000            26.981539         -0.00000000  1.34763568  0.00000000   
	      13.000000            26.981539          0.00000000 -1.34763568  0.00000000   

	 - Coordinate -           - BOHR/RAD -       - ANG/DEG -
	 R(1,2)           =         2.695271           1.426276

2025-07-17:11:33:48,570 INFO     [psi4.optking.convcheck:71] Performing convergence check.
2025-07-17:11:33:48,570 INFO     [psi4.optking.convcheck:263] 
	                                 ==> Convergence Check <==                                  
    
	Measures of convergence in internal coordinates in au.
    
	Criteria marked as inactive (o), active & met (*), and active & unmet ( ).

	----------------------------------------------------------------------------------------------
	   Step    Total Energy     Delta E     Max Force     RMS Force      Max Disp      RMS Disp   
	----------------------------------------------------------------------------------------------
	  Convergence Criteria     1.00e-06 *    3.00e-04 *             o    1.20e-03 *             o
	----------------------------------------------------------------------------------------------
	     4    -483.96921828   -7.89e-02      1.36e+00      1.36e+00 o    3.51e-01      3.51e-01 o  ~
	----------------------------------------------------------------------------------------------


2025-07-17:11:33:48,570 INFO     [psi4.optking.stepAlgorithms:266] 	Convergence check returned False
2025-07-17:11:33:48,582 INFO     [psi4.driver.task_planner:285] PLANNING Atomic:  keywords={'DAMPING_PERCENTAGE': 1.0, 'GEOM_MAXITER': 500, 'SCF__GUESS': 'READ', 'GUESS': 'SAP', 'MAXITER': 500, 'REFERENCE': 'UKS', 'function_kwargs': {}}
2025-07-17:11:33:48,584 INFO     [psi4.driver.driver:636] Compute gradient(): method=b3lyp, basis=cc-pvdz, molecule=default, nre=62.70240636712744
2025-07-17:11:33:49,956 INFO     [psi4.driver.driver:639] Return gradient(): -484.33166807957303
2025-07-17:11:33:49,957 INFO     [psi4.driver.driver:640] [[ 0.00000000 -0.76869544  0.00000000]
 [-0.00000000  0.76869544  0.00000000]]
2025-07-17:11:33:49,958 INFO     [psi4.optking.history:257] 	Performing BFGS update.
2025-07-17:11:33:49,958 INFO     [psi4.optking.history:268] 	Using 4 previous steps for update.
2025-07-17:11:33:49,958 INFO     [psi4.optking.history:302] 	Steps to be used in Hessian update:  4 3 2 1

2025-07-17:11:33:49,958 INFO     [psi4.optking.history:400] 	Updated Hessian (in au) 
 	   1.860103

2025-07-17:11:33:49,958 INFO     [psi4.optking.molsys:874] Projected (PHP) Hessian matrix
	   1.860103

2025-07-17:11:33:49,958 INFO     [psi4.optking.opt_helper:168] 
	         Geometry (au)                                       Gradient (au)
  -0.0000000000   1.3476356793   0.0000000000		   0.0000000000  -0.7686954413   0.0000000000
   0.0000000000  -1.3476356793   0.0000000000		  -0.0000000000   0.7686954413   0.0000000000

2025-07-17:11:33:49,958 INFO     [psi4.optking.stepAlgorithms:315] 	Current Step Report 
 
	Current energy:      -484.3316680796
	Energy change for the previous step:
		Actual       :        -0.3624497964
		Projected    :        -0.2393853272

2025-07-17:11:33:49,958 INFO     [psi4.optking.stepAlgorithms:318] 	Energy ratio =    1.51409
2025-07-17:11:33:49,958 INFO     [psi4.optking.stepAlgorithms:750] 	Using RFO solution 1.
2025-07-17:11:33:49,958 INFO     [psi4.optking.displace:73] 	Determining Cartesian step for fragment 1.
2025-07-17:11:33:49,959 INFO     [psi4.optking.displace:378] 	Successfully converged to displaced geometry.
2025-07-17:11:33:49,959 INFO     [psi4.optking.displace:379] 	RMS(dx):  0.000e+00 	Max(dx):  0.000e+00 	RMS(dq):  0.000e+00
2025-07-17:11:33:49,959 INFO     [psi4.optking.displace:132] 

	        --- Internal Coordinate Step in ANG or DEG, aJ/ANG or AJ/DEG ---
	-------------------------------------------------------------------------------
	           Coordinate      Previous         Force          Change          New 
	           ----------      --------        ------          ------        ------
	               R(1,2)       1.42628        6.33307        0.19038       1.61666
	-------------------------------------------------------------------------------

2025-07-17:11:33:49,959 INFO     [psi4.optking.stepAlgorithms:96] 	|target step| :    0.3597660249
2025-07-17:11:33:49,959 INFO     [psi4.optking.stepAlgorithms:97] 	gradient     :   -0.7686954413
2025-07-17:11:33:49,959 INFO     [psi4.optking.stepAlgorithms:98] 	hessian      :    1.8601032886
2025-07-17:11:33:49,959 INFO     [psi4.optking.stepAlgorithms:177] 	Norm of achieved step-size    0.3597660249
2025-07-17:11:33:49,959 INFO     [psi4.optking.stepAlgorithms:179] 	Norm of achieved step-size (cart):    0.2543929959
2025-07-17:11:33:49,959 INFO     [psi4.optking.opt_helper:151] Molsys:

	                            ===> Fragment 1 <== 

	 Z (Atomic Numbers)          Masses                          Geom                  
	      13.000000            26.981539         -0.00000000  1.52751869  0.00000000   
	      13.000000            26.981539          0.00000000 -1.52751869  0.00000000   

	 - Coordinate -           - BOHR/RAD -       - ANG/DEG -
	 R(1,2)           =         3.055037           1.616656

2025-07-17:11:33:49,959 INFO     [psi4.optking.convcheck:71] Performing convergence check.
2025-07-17:11:33:49,959 INFO     [psi4.optking.convcheck:263] 
	                                 ==> Convergence Check <==                                  
    
	Measures of convergence in internal coordinates in au.
    
	Criteria marked as inactive (o), active & met (*), and active & unmet ( ).

	----------------------------------------------------------------------------------------------
	   Step    Total Energy     Delta E     Max Force     RMS Force      Max Disp      RMS Disp   
	----------------------------------------------------------------------------------------------
	  Convergence Criteria     1.00e-06 *    3.00e-04 *             o    1.20e-03 *             o
	----------------------------------------------------------------------------------------------
	     5    -484.33166808   -3.62e-01      7.69e-01      7.69e-01 o    3.60e-01      3.60e-01 o  ~
	----------------------------------------------------------------------------------------------


2025-07-17:11:33:49,959 INFO     [psi4.optking.stepAlgorithms:266] 	Convergence check returned False
2025-07-17:11:33:49,974 INFO     [psi4.driver.task_planner:285] PLANNING Atomic:  keywords={'DAMPING_PERCENTAGE': 1.0, 'GEOM_MAXITER': 500, 'SCF__GUESS': 'READ', 'GUESS': 'SAP', 'MAXITER': 500, 'REFERENCE': 'UKS', 'function_kwargs': {}}
2025-07-17:11:33:49,976 INFO     [psi4.driver.driver:636] Compute gradient(): method=b3lyp, basis=cc-pvdz, molecule=default, nre=55.31847201261605
2025-07-17:11:33:51,680 INFO     [psi4.driver.driver:639] Return gradient(): -484.58875068077964
2025-07-17:11:33:51,680 INFO     [psi4.driver.driver:640] [[ 0.00000000 -0.48057516  0.00000000]
 [-0.00000000  0.48057516  0.00000000]]
2025-07-17:11:33:51,681 INFO     [psi4.optking.history:257] 	Performing BFGS update.
2025-07-17:11:33:51,681 INFO     [psi4.optking.history:268] 	Using 4 previous steps for update.
2025-07-17:11:33:51,681 WARNING  [psi4.optking.history:286] 	Change in internal coordinate of 7.11e-01 exceeds limit of 5.00e-01.
2025-07-17:11:33:51,681 WARNING  [psi4.optking.history:291] 	Skipping Hessian update for step 4.
2025-07-17:11:33:51,681 WARNING  [psi4.optking.history:286] 	Change in internal coordinate of 7.66e-01 exceeds limit of 5.00e-01.
2025-07-17:11:33:51,681 WARNING  [psi4.optking.history:291] 	Skipping Hessian update for step 3.
2025-07-17:11:33:51,681 WARNING  [psi4.optking.history:286] 	Change in internal coordinate of 7.80e-01 exceeds limit of 5.00e-01.
2025-07-17:11:33:51,681 WARNING  [psi4.optking.history:291] 	Skipping Hessian update for step 2.
2025-07-17:11:33:51,681 WARNING  [psi4.optking.history:286] 	Change in internal coordinate of 7.87e-01 exceeds limit of 5.00e-01.
2025-07-17:11:33:51,681 WARNING  [psi4.optking.history:291] 	Skipping Hessian update for step 1.
2025-07-17:11:33:51,681 INFO     [psi4.optking.history:302] 	Steps to be used in Hessian update:  5

2025-07-17:11:33:51,681 INFO     [psi4.optking.history:400] 	Updated Hessian (in au) 
 	   0.860103

2025-07-17:11:33:51,681 INFO     [psi4.optking.molsys:874] Projected (PHP) Hessian matrix
	   0.860103

2025-07-17:11:33:51,681 INFO     [psi4.optking.opt_helper:168] 
	         Geometry (au)                                       Gradient (au)
  -0.0000000000   1.5275186918   0.0000000000		   0.0000000000  -0.4805751594   0.0000000000
   0.0000000000  -1.5275186918   0.0000000000		  -0.0000000000   0.4805751594   0.0000000000

2025-07-17:11:33:51,682 INFO     [psi4.optking.stepAlgorithms:315] 	Current Step Report 
 
	Current energy:      -484.5887506808
	Energy change for the previous step:
		Actual       :        -0.2570826012
		Projected    :        -0.1382752516

2025-07-17:11:33:51,682 INFO     [psi4.optking.stepAlgorithms:318] 	Energy ratio =    1.85921
2025-07-17:11:33:51,682 INFO     [psi4.optking.stepAlgorithms:750] 	Using RFO solution 1.
2025-07-17:11:33:51,682 INFO     [psi4.optking.displace:73] 	Determining Cartesian step for fragment 1.
2025-07-17:11:33:51,682 INFO     [psi4.optking.displace:378] 	Successfully converged to displaced geometry.
2025-07-17:11:33:51,682 INFO     [psi4.optking.displace:379] 	RMS(dx):  0.000e+00 	Max(dx):  0.000e+00 	RMS(dq):  0.000e+00
2025-07-17:11:33:51,682 INFO     [psi4.optking.displace:132] 

	        --- Internal Coordinate Step in ANG or DEG, aJ/ANG or AJ/DEG ---
	-------------------------------------------------------------------------------
	           Coordinate      Previous         Force          Change          New 
	           ----------      --------        ------          ------        ------
	               R(1,2)       1.61666        3.95933        0.23658       1.85323
	-------------------------------------------------------------------------------

2025-07-17:11:33:51,682 INFO     [psi4.optking.stepAlgorithms:96] 	|target step| :    0.4470664827
2025-07-17:11:33:51,682 INFO     [psi4.optking.stepAlgorithms:97] 	gradient     :   -0.4805751594
2025-07-17:11:33:51,682 INFO     [psi4.optking.stepAlgorithms:98] 	hessian      :    0.8601032886
2025-07-17:11:33:51,682 INFO     [psi4.optking.stepAlgorithms:177] 	Norm of achieved step-size    0.4470664827
2025-07-17:11:33:51,682 INFO     [psi4.optking.stepAlgorithms:179] 	Norm of achieved step-size (cart):    0.3161237415
2025-07-17:11:33:51,682 INFO     [psi4.optking.opt_helper:151] Molsys:

	                            ===> Fragment 1 <== 

	 Z (Atomic Numbers)          Masses                          Geom                  
	      13.000000            26.981539         -0.00000000  1.75105193  0.00000000   
	      13.000000            26.981539          0.00000000 -1.75105193  0.00000000   

	 - Coordinate -           - BOHR/RAD -       - ANG/DEG -
	 R(1,2)           =         3.502104           1.853234

2025-07-17:11:33:51,682 INFO     [psi4.optking.convcheck:71] Performing convergence check.
2025-07-17:11:33:51,682 INFO     [psi4.optking.convcheck:263] 
	                                 ==> Convergence Check <==                                  
    
	Measures of convergence in internal coordinates in au.
    
	Criteria marked as inactive (o), active & met (*), and active & unmet ( ).

	----------------------------------------------------------------------------------------------
	   Step    Total Energy     Delta E     Max Force     RMS Force      Max Disp      RMS Disp   
	----------------------------------------------------------------------------------------------
	  Convergence Criteria     1.00e-06 *    3.00e-04 *             o    1.20e-03 *             o
	----------------------------------------------------------------------------------------------
	     6    -484.58875068   -2.57e-01      4.81e-01      4.81e-01 o    4.47e-01      4.47e-01 o  ~
	----------------------------------------------------------------------------------------------


2025-07-17:11:33:51,682 INFO     [psi4.optking.stepAlgorithms:266] 	Convergence check returned False
2025-07-17:11:33:51,699 INFO     [psi4.driver.task_planner:285] PLANNING Atomic:  keywords={'DAMPING_PERCENTAGE': 1.0, 'GEOM_MAXITER': 500, 'SCF__GUESS': 'READ', 'GUESS': 'SAP', 'MAXITER': 500, 'REFERENCE': 'UKS', 'function_kwargs': {}}
2025-07-17:11:33:51,700 INFO     [psi4.driver.driver:636] Compute gradient(): method=b3lyp, basis=cc-pvdz, molecule=default, nre=48.25670695538337
2025-07-17:11:33:53,102 INFO     [psi4.driver.driver:639] Return gradient(): -484.74128295986685
2025-07-17:11:33:53,102 INFO     [psi4.driver.driver:640] [[ 0.00000000 -0.22594014  0.00000000]
 [-0.00000000  0.22594014  0.00000000]]
2025-07-17:11:33:53,103 INFO     [psi4.optking.history:257] 	Performing BFGS update.
2025-07-17:11:33:53,103 INFO     [psi4.optking.history:268] 	Using 4 previous steps for update.
2025-07-17:11:33:53,103 WARNING  [psi4.optking.history:286] 	Change in internal coordinate of 8.07e-01 exceeds limit of 5.00e-01.
2025-07-17:11:33:53,103 WARNING  [psi4.optking.history:291] 	Skipping Hessian update for step 5.
2025-07-17:11:33:53,104 WARNING  [psi4.optking.history:286] 	Change in internal coordinate of 1.16e+00 exceeds limit of 5.00e-01.
2025-07-17:11:33:53,104 WARNING  [psi4.optking.history:291] 	Skipping Hessian update for step 4.
2025-07-17:11:33:53,104 WARNING  [psi4.optking.history:286] 	Change in internal coordinate of 1.21e+00 exceeds limit of 5.00e-01.
2025-07-17:11:33:53,104 WARNING  [psi4.optking.history:291] 	Skipping Hessian update for step 3.
2025-07-17:11:33:53,104 WARNING  [psi4.optking.history:286] 	Change in internal coordinate of 1.23e+00 exceeds limit of 5.00e-01.
2025-07-17:11:33:53,104 WARNING  [psi4.optking.history:291] 	Skipping Hessian update for step 2.
2025-07-17:11:33:53,104 WARNING  [psi4.optking.history:286] 	Change in internal coordinate of 1.23e+00 exceeds limit of 5.00e-01.
2025-07-17:11:33:53,104 WARNING  [psi4.optking.history:291] 	Skipping Hessian update for step 1.
2025-07-17:11:33:53,104 INFO     [psi4.optking.history:302] 	Steps to be used in Hessian update:  6

2025-07-17:11:33:53,104 INFO     [psi4.optking.history:400] 	Updated Hessian (in au) 
 	   0.569569

2025-07-17:11:33:53,104 INFO     [psi4.optking.molsys:874] Projected (PHP) Hessian matrix
	   0.569569

2025-07-17:11:33:53,104 INFO     [psi4.optking.opt_helper:168] 
	         Geometry (au)                                       Gradient (au)
  -0.0000000000   1.7510519331   0.0000000000		   0.0000000000  -0.2259401418   0.0000000000
   0.0000000000  -1.7510519331   0.0000000000		  -0.0000000000   0.2259401418   0.0000000000

2025-07-17:11:33:53,104 INFO     [psi4.optking.stepAlgorithms:315] 	Current Step Report 
 
	Current energy:      -484.7412829599
	Energy change for the previous step:
		Actual       :        -0.1525322791
		Projected    :        -0.1074245231

2025-07-17:11:33:53,105 INFO     [psi4.optking.stepAlgorithms:318] 	Energy ratio =    1.41990
2025-07-17:11:33:53,105 INFO     [psi4.optking.stepAlgorithms:750] 	Using RFO solution 1.
2025-07-17:11:33:53,105 INFO     [psi4.optking.displace:73] 	Determining Cartesian step for fragment 1.
2025-07-17:11:33:53,105 INFO     [psi4.optking.displace:378] 	Successfully converged to displaced geometry.
2025-07-17:11:33:53,105 INFO     [psi4.optking.displace:379] 	RMS(dx):  0.000e+00 	Max(dx):  0.000e+00 	RMS(dq):  0.000e+00
2025-07-17:11:33:53,105 INFO     [psi4.optking.displace:132] 

	        --- Internal Coordinate Step in ANG or DEG, aJ/ANG or AJ/DEG ---
	-------------------------------------------------------------------------------
	           Coordinate      Previous         Force          Change          New 
	           ----------      --------        ------          ------        ------
	               R(1,2)       1.85323        1.86146        0.18442       2.03766
	-------------------------------------------------------------------------------

2025-07-17:11:33:53,105 INFO     [psi4.optking.stepAlgorithms:96] 	|target step| :    0.3485062668
2025-07-17:11:33:53,105 INFO     [psi4.optking.stepAlgorithms:97] 	gradient     :   -0.2259401418
2025-07-17:11:33:53,105 INFO     [psi4.optking.stepAlgorithms:98] 	hessian      :    0.5695685708
2025-07-17:11:33:53,106 INFO     [psi4.optking.stepAlgorithms:177] 	Norm of achieved step-size    0.3485062668
2025-07-17:11:33:53,106 INFO     [psi4.optking.stepAlgorithms:179] 	Norm of achieved step-size (cart):    0.2464311445
2025-07-17:11:33:53,106 INFO     [psi4.optking.opt_helper:151] Molsys:

	                            ===> Fragment 1 <== 

	 Z (Atomic Numbers)          Masses                          Geom                  
	      13.000000            26.981539         -0.00000000  1.92530507  0.00000000   
	      13.000000            26.981539          0.00000000 -1.92530507  0.00000000   

	 - Coordinate -           - BOHR/RAD -       - ANG/DEG -
	 R(1,2)           =         3.850610           2.037655

2025-07-17:11:33:53,106 INFO     [psi4.optking.convcheck:71] Performing convergence check.
2025-07-17:11:33:53,106 INFO     [psi4.optking.convcheck:263] 
	                                 ==> Convergence Check <==                                  
    
	Measures of convergence in internal coordinates in au.
    
	Criteria marked as inactive (o), active & met (*), and active & unmet ( ).

	----------------------------------------------------------------------------------------------
	   Step    Total Energy     Delta E     Max Force     RMS Force      Max Disp      RMS Disp   
	----------------------------------------------------------------------------------------------
	  Convergence Criteria     1.00e-06 *    3.00e-04 *             o    1.20e-03 *             o
	----------------------------------------------------------------------------------------------
	     7    -484.74128296   -1.53e-01      2.26e-01      2.26e-01 o    3.49e-01      3.49e-01 o  ~
	----------------------------------------------------------------------------------------------


2025-07-17:11:33:53,106 INFO     [psi4.optking.stepAlgorithms:266] 	Convergence check returned False
2025-07-17:11:33:53,126 INFO     [psi4.driver.task_planner:285] PLANNING Atomic:  keywords={'DAMPING_PERCENTAGE': 1.0, 'GEOM_MAXITER': 500, 'SCF__GUESS': 'READ', 'GUESS': 'SAP', 'MAXITER': 500, 'REFERENCE': 'UKS', 'function_kwargs': {}}
2025-07-17:11:33:53,127 INFO     [psi4.driver.driver:636] Compute gradient(): method=b3lyp, basis=cc-pvdz, molecule=default, nre=43.88914851489478
2025-07-17:11:33:54,568 INFO     [psi4.driver.driver:639] Return gradient(): -484.79832740693996
2025-07-17:11:33:54,568 INFO     [psi4.driver.driver:640] [[ 0.00000000 -0.11110679  0.00000000]
 [-0.00000000  0.11110679  0.00000000]]
2025-07-17:11:33:54,571 INFO     [psi4.optking.history:257] 	Performing BFGS update.
2025-07-17:11:33:54,572 INFO     [psi4.optking.history:268] 	Using 4 previous steps for update.
2025-07-17:11:33:54,572 WARNING  [psi4.optking.history:286] 	Change in internal coordinate of 7.96e-01 exceeds limit of 5.00e-01.
2025-07-17:11:33:54,572 WARNING  [psi4.optking.history:291] 	Skipping Hessian update for step 6.
2025-07-17:11:33:54,572 WARNING  [psi4.optking.history:286] 	Change in internal coordinate of 1.16e+00 exceeds limit of 5.00e-01.
2025-07-17:11:33:54,572 WARNING  [psi4.optking.history:291] 	Skipping Hessian update for step 5.
2025-07-17:11:33:54,572 WARNING  [psi4.optking.history:286] 	Change in internal coordinate of 1.51e+00 exceeds limit of 5.00e-01.
2025-07-17:11:33:54,572 WARNING  [psi4.optking.history:291] 	Skipping Hessian update for step 4.
2025-07-17:11:33:54,572 WARNING  [psi4.optking.history:286] 	Change in internal coordinate of 1.56e+00 exceeds limit of 5.00e-01.
2025-07-17:11:33:54,572 WARNING  [psi4.optking.history:291] 	Skipping Hessian update for step 3.
2025-07-17:11:33:54,572 WARNING  [psi4.optking.history:286] 	Change in internal coordinate of 1.58e+00 exceeds limit of 5.00e-01.
2025-07-17:11:33:54,572 WARNING  [psi4.optking.history:291] 	Skipping Hessian update for step 2.
2025-07-17:11:33:54,572 WARNING  [psi4.optking.history:286] 	Change in internal coordinate of 1.58e+00 exceeds limit of 5.00e-01.
2025-07-17:11:33:54,572 WARNING  [psi4.optking.history:291] 	Skipping Hessian update for step 1.
2025-07-17:11:33:54,572 INFO     [psi4.optking.history:302] 	Steps to be used in Hessian update:  7

2025-07-17:11:33:54,572 INFO     [psi4.optking.history:400] 	Updated Hessian (in au) 
 	   0.329502

2025-07-17:11:33:54,572 INFO     [psi4.optking.molsys:874] Projected (PHP) Hessian matrix
	   0.329502

2025-07-17:11:33:54,572 INFO     [psi4.optking.opt_helper:168] 
	         Geometry (au)                                       Gradient (au)
  -0.0000000000   1.9253050665   0.0000000000		   0.0000000000  -0.1111067860   0.0000000000
   0.0000000000  -1.9253050665   0.0000000000		  -0.0000000000   0.1111067860   0.0000000000

2025-07-17:11:33:54,572 INFO     [psi4.optking.stepAlgorithms:315] 	Current Step Report 
 
	Current energy:      -484.7983274069
	Energy change for the previous step:
		Actual       :        -0.0570444471
		Projected    :        -0.0393707777

2025-07-17:11:33:54,572 INFO     [psi4.optking.stepAlgorithms:318] 	Energy ratio =    1.44890
2025-07-17:11:33:54,573 INFO     [psi4.optking.stepAlgorithms:750] 	Using RFO solution 1.
2025-07-17:11:33:54,573 INFO     [psi4.optking.displace:73] 	Determining Cartesian step for fragment 1.
2025-07-17:11:33:54,573 INFO     [psi4.optking.displace:378] 	Successfully converged to displaced geometry.
2025-07-17:11:33:54,573 INFO     [psi4.optking.displace:379] 	RMS(dx):  0.000e+00 	Max(dx):  0.000e+00 	RMS(dq):  0.000e+00
2025-07-17:11:33:54,573 INFO     [psi4.optking.displace:132] 

	        --- Internal Coordinate Step in ANG or DEG, aJ/ANG or AJ/DEG ---
	-------------------------------------------------------------------------------
	           Coordinate      Previous         Force          Change          New 
	           ----------      --------        ------          ------        ------
	               R(1,2)       2.03766        0.91538        0.16176       2.19942
	-------------------------------------------------------------------------------

2025-07-17:11:33:54,573 INFO     [psi4.optking.stepAlgorithms:96] 	|target step| :    0.3056873079
2025-07-17:11:33:54,573 INFO     [psi4.optking.stepAlgorithms:97] 	gradient     :   -0.1111067860
2025-07-17:11:33:54,573 INFO     [psi4.optking.stepAlgorithms:98] 	hessian      :    0.3295015519
2025-07-17:11:33:54,573 INFO     [psi4.optking.stepAlgorithms:177] 	Norm of achieved step-size    0.3056873079
2025-07-17:11:33:54,573 INFO     [psi4.optking.stepAlgorithms:179] 	Norm of achieved step-size (cart):    0.2161535683
2025-07-17:11:33:54,573 INFO     [psi4.optking.opt_helper:151] Molsys:

	                            ===> Fragment 1 <== 

	 Z (Atomic Numbers)          Masses                          Geom                  
	      13.000000            26.981539         -0.00000000  2.07814872  0.00000000   
	      13.000000            26.981539          0.00000000 -2.07814872  0.00000000   

	 - Coordinate -           - BOHR/RAD -       - ANG/DEG -
	 R(1,2)           =         4.156297           2.199418

2025-07-17:11:33:54,573 INFO     [psi4.optking.convcheck:71] Performing convergence check.
2025-07-17:11:33:54,573 INFO     [psi4.optking.convcheck:263] 
	                                 ==> Convergence Check <==                                  
    
	Measures of convergence in internal coordinates in au.
    
	Criteria marked as inactive (o), active & met (*), and active & unmet ( ).

	----------------------------------------------------------------------------------------------
	   Step    Total Energy     Delta E     Max Force     RMS Force      Max Disp      RMS Disp   
	----------------------------------------------------------------------------------------------
	  Convergence Criteria     1.00e-06 *    3.00e-04 *             o    1.20e-03 *             o
	----------------------------------------------------------------------------------------------
	     8    -484.79832741   -5.70e-02      1.11e-01      1.11e-01 o    3.06e-01      3.06e-01 o  ~
	----------------------------------------------------------------------------------------------


2025-07-17:11:33:54,573 INFO     [psi4.optking.stepAlgorithms:266] 	Convergence check returned False
2025-07-17:11:33:54,590 INFO     [psi4.driver.task_planner:285] PLANNING Atomic:  keywords={'DAMPING_PERCENTAGE': 1.0, 'GEOM_MAXITER': 500, 'SCF__GUESS': 'READ', 'GUESS': 'SAP', 'MAXITER': 500, 'REFERENCE': 'UKS', 'function_kwargs': {}}
2025-07-17:11:33:54,591 INFO     [psi4.driver.driver:636] Compute gradient(): method=b3lyp, basis=cc-pvdz, molecule=default, nre=40.66119001413924
2025-07-17:11:33:56,8 INFO     [psi4.driver.driver:639] Return gradient(): -484.8222384225866
2025-07-17:11:33:56,8 INFO     [psi4.driver.driver:640] [[ 0.00000000 -0.05031041 -0.00000000]
 [-0.00000000  0.05031041  0.00000000]]
2025-07-17:11:33:56,9 INFO     [psi4.optking.history:257] 	Performing BFGS update.
2025-07-17:11:33:56,9 INFO     [psi4.optking.history:268] 	Using 4 previous steps for update.
2025-07-17:11:33:56,9 WARNING  [psi4.optking.history:286] 	Change in internal coordinate of 6.54e-01 exceeds limit of 5.00e-01.
2025-07-17:11:33:56,9 WARNING  [psi4.optking.history:291] 	Skipping Hessian update for step 7.
2025-07-17:11:33:56,9 WARNING  [psi4.optking.history:286] 	Change in internal coordinate of 1.10e+00 exceeds limit of 5.00e-01.
2025-07-17:11:33:56,9 WARNING  [psi4.optking.history:291] 	Skipping Hessian update for step 6.
2025-07-17:11:33:56,9 WARNING  [psi4.optking.history:286] 	Change in internal coordinate of 1.46e+00 exceeds limit of 5.00e-01.
2025-07-17:11:33:56,9 WARNING  [psi4.optking.history:291] 	Skipping Hessian update for step 5.
2025-07-17:11:33:56,10 WARNING  [psi4.optking.history:286] 	Change in internal coordinate of 1.81e+00 exceeds limit of 5.00e-01.
2025-07-17:11:33:56,10 WARNING  [psi4.optking.history:291] 	Skipping Hessian update for step 4.
2025-07-17:11:33:56,10 WARNING  [psi4.optking.history:286] 	Change in internal coordinate of 1.87e+00 exceeds limit of 5.00e-01.
2025-07-17:11:33:56,10 WARNING  [psi4.optking.history:291] 	Skipping Hessian update for step 3.
2025-07-17:11:33:56,10 WARNING  [psi4.optking.history:286] 	Change in internal coordinate of 1.88e+00 exceeds limit of 5.00e-01.
2025-07-17:11:33:56,10 WARNING  [psi4.optking.history:291] 	Skipping Hessian update for step 2.
2025-07-17:11:33:56,10 WARNING  [psi4.optking.history:286] 	Change in internal coordinate of 1.89e+00 exceeds limit of 5.00e-01.
2025-07-17:11:33:56,10 WARNING  [psi4.optking.history:291] 	Skipping Hessian update for step 1.
2025-07-17:11:33:56,10 INFO     [psi4.optking.history:302] 	Steps to be used in Hessian update:  8

2025-07-17:11:33:56,10 INFO     [psi4.optking.history:400] 	Updated Hessian (in au) 
 	   0.198884

2025-07-17:11:33:56,10 INFO     [psi4.optking.molsys:874] Projected (PHP) Hessian matrix
	   0.198884

2025-07-17:11:33:56,10 INFO     [psi4.optking.opt_helper:168] 
	         Geometry (au)                                       Gradient (au)
  -0.0000000000   2.0781487205   0.0000000000		   0.0000000000  -0.0503104069  -0.0000000000
   0.0000000000  -2.0781487205   0.0000000000		  -0.0000000000   0.0503104069   0.0000000000

2025-07-17:11:33:56,10 INFO     [psi4.optking.stepAlgorithms:315] 	Current Step Report 
 
	Current energy:      -484.8222384226
	Energy change for the previous step:
		Actual       :        -0.0239110156
		Projected    :        -0.0169819672

2025-07-17:11:33:56,10 INFO     [psi4.optking.stepAlgorithms:318] 	Energy ratio =    1.40802
2025-07-17:11:33:56,10 INFO     [psi4.optking.stepAlgorithms:750] 	Using RFO solution 1.
2025-07-17:11:33:56,10 INFO     [psi4.optking.displace:73] 	Determining Cartesian step for fragment 1.
2025-07-17:11:33:56,10 INFO     [psi4.optking.displace:378] 	Successfully converged to displaced geometry.
2025-07-17:11:33:56,10 INFO     [psi4.optking.displace:379] 	RMS(dx):  0.000e+00 	Max(dx):  0.000e+00 	RMS(dq):  0.000e+00
2025-07-17:11:33:56,10 INFO     [psi4.optking.displace:132] 

	        --- Internal Coordinate Step in ANG or DEG, aJ/ANG or AJ/DEG ---
	-------------------------------------------------------------------------------
	           Coordinate      Previous         Force          Change          New 
	           ----------      --------        ------          ------        ------
	               R(1,2)       2.19942        0.41449        0.12624       2.32566
	-------------------------------------------------------------------------------

2025-07-17:11:33:56,11 INFO     [psi4.optking.stepAlgorithms:96] 	|target step| :    0.2385661928
2025-07-17:11:33:56,11 INFO     [psi4.optking.stepAlgorithms:97] 	gradient     :   -0.0503104069
2025-07-17:11:33:56,11 INFO     [psi4.optking.stepAlgorithms:98] 	hessian      :    0.1988842111
2025-07-17:11:33:56,11 INFO     [psi4.optking.stepAlgorithms:177] 	Norm of achieved step-size    0.2385661928
2025-07-17:11:33:56,11 INFO     [psi4.optking.stepAlgorithms:179] 	Norm of achieved step-size (cart):    0.1686917727
2025-07-17:11:33:56,11 INFO     [psi4.optking.opt_helper:151] Molsys:

	                            ===> Fragment 1 <== 

	 Z (Atomic Numbers)          Masses                          Geom                  
	      13.000000            26.981539         -0.00000000  2.19743182  0.00000000   
	      13.000000            26.981539          0.00000000 -2.19743182  0.00000000   

	 - Coordinate -           - BOHR/RAD -       - ANG/DEG -
	 R(1,2)           =         4.394864           2.325662

2025-07-17:11:33:56,11 INFO     [psi4.optking.convcheck:71] Performing convergence check.
2025-07-17:11:33:56,11 INFO     [psi4.optking.convcheck:263] 
	                                 ==> Convergence Check <==                                  
    
	Measures of convergence in internal coordinates in au.
    
	Criteria marked as inactive (o), active & met (*), and active & unmet ( ).

	----------------------------------------------------------------------------------------------
	   Step    Total Energy     Delta E     Max Force     RMS Force      Max Disp      RMS Disp   
	----------------------------------------------------------------------------------------------
	  Convergence Criteria     1.00e-06 *    3.00e-04 *             o    1.20e-03 *             o
	----------------------------------------------------------------------------------------------
	     9    -484.82223842   -2.39e-02      5.03e-02      5.03e-02 o    2.39e-01      2.39e-01 o  ~
	----------------------------------------------------------------------------------------------


2025-07-17:11:33:56,11 INFO     [psi4.optking.stepAlgorithms:266] 	Convergence check returned False
2025-07-17:11:33:56,26 INFO     [psi4.driver.task_planner:285] PLANNING Atomic:  keywords={'DAMPING_PERCENTAGE': 1.0, 'GEOM_MAXITER': 500, 'SCF__GUESS': 'READ', 'GUESS': 'SAP', 'MAXITER': 500, 'REFERENCE': 'UKS', 'function_kwargs': {}}
2025-07-17:11:33:56,28 INFO     [psi4.driver.driver:636] Compute gradient(): method=b3lyp, basis=cc-pvdz, molecule=default, nre=38.45398039329655
2025-07-17:11:33:57,413 INFO     [psi4.driver.driver:639] Return gradient(): -484.8304289800836
2025-07-17:11:33:57,413 INFO     [psi4.driver.driver:640] [[ 0.00000000 -0.02043225  0.00000000]
 [-0.00000000  0.02043225  0.00000000]]
2025-07-17:11:33:57,414 INFO     [psi4.optking.history:257] 	Performing BFGS update.
2025-07-17:11:33:57,414 INFO     [psi4.optking.history:268] 	Using 4 previous steps for update.
2025-07-17:11:33:57,414 WARNING  [psi4.optking.history:286] 	Change in internal coordinate of 5.44e-01 exceeds limit of 5.00e-01.
2025-07-17:11:33:57,414 WARNING  [psi4.optking.history:291] 	Skipping Hessian update for step 8.
2025-07-17:11:33:57,414 WARNING  [psi4.optking.history:286] 	Change in internal coordinate of 8.93e-01 exceeds limit of 5.00e-01.
2025-07-17:11:33:57,414 WARNING  [psi4.optking.history:291] 	Skipping Hessian update for step 7.
2025-07-17:11:33:57,414 WARNING  [psi4.optking.history:286] 	Change in internal coordinate of 1.34e+00 exceeds limit of 5.00e-01.
2025-07-17:11:33:57,415 WARNING  [psi4.optking.history:291] 	Skipping Hessian update for step 6.
2025-07-17:11:33:57,415 WARNING  [psi4.optking.history:286] 	Change in internal coordinate of 1.70e+00 exceeds limit of 5.00e-01.
2025-07-17:11:33:57,415 WARNING  [psi4.optking.history:291] 	Skipping Hessian update for step 5.
2025-07-17:11:33:57,415 WARNING  [psi4.optking.history:286] 	Change in internal coordinate of 2.05e+00 exceeds limit of 5.00e-01.
2025-07-17:11:33:57,415 WARNING  [psi4.optking.history:291] 	Skipping Hessian update for step 4.
2025-07-17:11:33:57,415 WARNING  [psi4.optking.history:286] 	Change in internal coordinate of 2.11e+00 exceeds limit of 5.00e-01.
2025-07-17:11:33:57,415 WARNING  [psi4.optking.history:291] 	Skipping Hessian update for step 3.
2025-07-17:11:33:57,415 WARNING  [psi4.optking.history:286] 	Change in internal coordinate of 2.12e+00 exceeds limit of 5.00e-01.
2025-07-17:11:33:57,415 WARNING  [psi4.optking.history:291] 	Skipping Hessian update for step 2.
2025-07-17:11:33:57,415 WARNING  [psi4.optking.history:286] 	Change in internal coordinate of 2.13e+00 exceeds limit of 5.00e-01.
2025-07-17:11:33:57,415 WARNING  [psi4.optking.history:291] 	Skipping Hessian update for step 1.
2025-07-17:11:33:57,415 INFO     [psi4.optking.history:302] 	Steps to be used in Hessian update:  9

2025-07-17:11:33:57,415 INFO     [psi4.optking.history:400] 	Updated Hessian (in au) 
 	   0.125241

2025-07-17:11:33:57,415 INFO     [psi4.optking.molsys:874] Projected (PHP) Hessian matrix
	   0.125241

2025-07-17:11:33:57,415 INFO     [psi4.optking.opt_helper:168] 
	         Geometry (au)                                       Gradient (au)
  -0.0000000000   2.1974318168   0.0000000000		   0.0000000000  -0.0204322476   0.0000000000
   0.0000000000  -2.1974318168   0.0000000000		  -0.0000000000   0.0204322476   0.0000000000

2025-07-17:11:33:57,415 INFO     [psi4.optking.stepAlgorithms:315] 	Current Step Report 
 
	Current energy:      -484.8304289801
	Energy change for the previous step:
		Actual       :        -0.0081905575
		Projected    :        -0.0060011811

2025-07-17:11:33:57,415 INFO     [psi4.optking.stepAlgorithms:318] 	Energy ratio =    1.36482
2025-07-17:11:33:57,415 INFO     [psi4.optking.stepAlgorithms:750] 	Using RFO solution 1.
2025-07-17:11:33:57,415 INFO     [psi4.optking.displace:73] 	Determining Cartesian step for fragment 1.
2025-07-17:11:33:57,415 INFO     [psi4.optking.displace:378] 	Successfully converged to displaced geometry.
2025-07-17:11:33:57,415 INFO     [psi4.optking.displace:379] 	RMS(dx):  0.000e+00 	Max(dx):  0.000e+00 	RMS(dq):  0.000e+00
2025-07-17:11:33:57,415 INFO     [psi4.optking.displace:132] 

	        --- Internal Coordinate Step in ANG or DEG, aJ/ANG or AJ/DEG ---
	-------------------------------------------------------------------------------
	           Coordinate      Previous         Force          Change          New 
	           ----------      --------        ------          ------        ------
	               R(1,2)       2.32566        0.16834        0.08415       2.40981
	-------------------------------------------------------------------------------

2025-07-17:11:33:57,415 INFO     [psi4.optking.stepAlgorithms:96] 	|target step| :    0.1590186254
2025-07-17:11:33:57,415 INFO     [psi4.optking.stepAlgorithms:97] 	gradient     :   -0.0204322476
2025-07-17:11:33:57,415 INFO     [psi4.optking.stepAlgorithms:98] 	hessian      :    0.1252405423
2025-07-17:11:33:57,415 INFO     [psi4.optking.stepAlgorithms:177] 	Norm of achieved step-size    0.1590186254
2025-07-17:11:33:57,415 INFO     [psi4.optking.stepAlgorithms:179] 	Norm of achieved step-size (cart):    0.1124431484
2025-07-17:11:33:57,416 INFO     [psi4.optking.opt_helper:151] Molsys:

	                            ===> Fragment 1 <== 

	 Z (Atomic Numbers)          Masses                          Geom                  
	      13.000000            26.981539         -0.00000000  2.27694113  0.00000000   
	      13.000000            26.981539          0.00000000 -2.27694113  0.00000000   

	 - Coordinate -           - BOHR/RAD -       - ANG/DEG -
	 R(1,2)           =         4.553882           2.409811

2025-07-17:11:33:57,416 INFO     [psi4.optking.convcheck:71] Performing convergence check.
2025-07-17:11:33:57,416 INFO     [psi4.optking.convcheck:263] 
	                                 ==> Convergence Check <==                                  
    
	Measures of convergence in internal coordinates in au.
    
	Criteria marked as inactive (o), active & met (*), and active & unmet ( ).

	----------------------------------------------------------------------------------------------
	   Step    Total Energy     Delta E     Max Force     RMS Force      Max Disp      RMS Disp   
	----------------------------------------------------------------------------------------------
	  Convergence Criteria     1.00e-06 *    3.00e-04 *             o    1.20e-03 *             o
	----------------------------------------------------------------------------------------------
	    10    -484.83042898   -8.19e-03      2.04e-02      2.04e-02 o    1.59e-01      1.59e-01 o  ~
	----------------------------------------------------------------------------------------------


2025-07-17:11:33:57,416 INFO     [psi4.optking.stepAlgorithms:266] 	Convergence check returned False
2025-07-17:11:33:57,431 INFO     [psi4.driver.task_planner:285] PLANNING Atomic:  keywords={'DAMPING_PERCENTAGE': 1.0, 'GEOM_MAXITER': 500, 'SCF__GUESS': 'READ', 'GUESS': 'SAP', 'MAXITER': 500, 'REFERENCE': 'UKS', 'function_kwargs': {}}
2025-07-17:11:33:57,433 INFO     [psi4.driver.driver:636] Compute gradient(): method=b3lyp, basis=cc-pvdz, molecule=default, nre=37.11119224989079
2025-07-17:11:33:58,801 INFO     [psi4.driver.driver:639] Return gradient(): -484.83252577260646
2025-07-17:11:33:58,801 INFO     [psi4.driver.driver:640] [[ 0.00000000 -0.00662559  0.00000000]
 [-0.00000000  0.00662559 -0.00000000]]
2025-07-17:11:33:58,802 INFO     [psi4.optking.history:257] 	Performing BFGS update.
2025-07-17:11:33:58,802 INFO     [psi4.optking.history:268] 	Using 4 previous steps for update.
2025-07-17:11:33:58,803 WARNING  [psi4.optking.history:286] 	Change in internal coordinate of 7.03e-01 exceeds limit of 5.00e-01.
2025-07-17:11:33:58,803 WARNING  [psi4.optking.history:291] 	Skipping Hessian update for step 8.
2025-07-17:11:33:58,803 WARNING  [psi4.optking.history:286] 	Change in internal coordinate of 1.05e+00 exceeds limit of 5.00e-01.
2025-07-17:11:33:58,803 WARNING  [psi4.optking.history:291] 	Skipping Hessian update for step 7.
2025-07-17:11:33:58,803 WARNING  [psi4.optking.history:286] 	Change in internal coordinate of 1.50e+00 exceeds limit of 5.00e-01.
2025-07-17:11:33:58,803 WARNING  [psi4.optking.history:291] 	Skipping Hessian update for step 6.
2025-07-17:11:33:58,803 WARNING  [psi4.optking.history:286] 	Change in internal coordinate of 1.86e+00 exceeds limit of 5.00e-01.
2025-07-17:11:33:58,803 WARNING  [psi4.optking.history:291] 	Skipping Hessian update for step 5.
2025-07-17:11:33:58,803 WARNING  [psi4.optking.history:286] 	Change in internal coordinate of 2.21e+00 exceeds limit of 5.00e-01.
2025-07-17:11:33:58,803 WARNING  [psi4.optking.history:291] 	Skipping Hessian update for step 4.
2025-07-17:11:33:58,803 WARNING  [psi4.optking.history:286] 	Change in internal coordinate of 2.26e+00 exceeds limit of 5.00e-01.
2025-07-17:11:33:58,803 WARNING  [psi4.optking.history:291] 	Skipping Hessian update for step 3.
2025-07-17:11:33:58,803 WARNING  [psi4.optking.history:286] 	Change in internal coordinate of 2.28e+00 exceeds limit of 5.00e-01.
2025-07-17:11:33:58,803 WARNING  [psi4.optking.history:291] 	Skipping Hessian update for step 2.
2025-07-17:11:33:58,803 WARNING  [psi4.optking.history:286] 	Change in internal coordinate of 2.29e+00 exceeds limit of 5.00e-01.
2025-07-17:11:33:58,803 WARNING  [psi4.optking.history:291] 	Skipping Hessian update for step 1.
2025-07-17:11:33:58,803 INFO     [psi4.optking.history:302] 	Steps to be used in Hessian update:  10 9

2025-07-17:11:33:58,803 INFO     [psi4.optking.history:400] 	Updated Hessian (in au) 
 	   0.109875

2025-07-17:11:33:58,803 INFO     [psi4.optking.molsys:874] Projected (PHP) Hessian matrix
	   0.109875

2025-07-17:11:33:58,803 INFO     [psi4.optking.opt_helper:168] 
	         Geometry (au)                                       Gradient (au)
  -0.0000000000   2.2769411295   0.0000000000		   0.0000000000  -0.0066255902   0.0000000000
   0.0000000000  -2.2769411295   0.0000000000		  -0.0000000000   0.0066255902  -0.0000000000

2025-07-17:11:33:58,803 INFO     [psi4.optking.stepAlgorithms:315] 	Current Step Report 
 
	Current energy:      -484.8325257726
	Energy change for the previous step:
		Actual       :        -0.0020967925
		Projected    :        -0.0016245540

2025-07-17:11:33:58,803 INFO     [psi4.optking.stepAlgorithms:318] 	Energy ratio =    1.29069
2025-07-17:11:33:58,803 INFO     [psi4.optking.stepAlgorithms:750] 	Using RFO solution 1.
2025-07-17:11:33:58,803 INFO     [psi4.optking.displace:73] 	Determining Cartesian step for fragment 1.
2025-07-17:11:33:58,804 INFO     [psi4.optking.displace:378] 	Successfully converged to displaced geometry.
2025-07-17:11:33:58,804 INFO     [psi4.optking.displace:379] 	RMS(dx):  0.000e+00 	Max(dx):  0.000e+00 	RMS(dq):  0.000e+00
2025-07-17:11:33:58,804 INFO     [psi4.optking.displace:132] 

	        --- Internal Coordinate Step in ANG or DEG, aJ/ANG or AJ/DEG ---
	-------------------------------------------------------------------------------
	           Coordinate      Previous         Force          Change          New 
	           ----------      --------        ------          ------        ------
	               R(1,2)       2.40981        0.05459        0.03179       2.44161
	-------------------------------------------------------------------------------

2025-07-17:11:33:58,804 INFO     [psi4.optking.stepAlgorithms:96] 	|target step| :    0.0600832216
2025-07-17:11:33:58,804 INFO     [psi4.optking.stepAlgorithms:97] 	gradient     :   -0.0066255902
2025-07-17:11:33:58,804 INFO     [psi4.optking.stepAlgorithms:98] 	hessian      :    0.1098754648
2025-07-17:11:33:58,804 INFO     [psi4.optking.stepAlgorithms:177] 	Norm of achieved step-size    0.0600832216
2025-07-17:11:33:58,804 INFO     [psi4.optking.stepAlgorithms:179] 	Norm of achieved step-size (cart):    0.0424852534
2025-07-17:11:33:58,804 INFO     [psi4.optking.opt_helper:151] Molsys:

	                            ===> Fragment 1 <== 

	 Z (Atomic Numbers)          Masses                          Geom                  
	      13.000000            26.981539         -0.00000000  2.30698274  0.00000000   
	      13.000000            26.981539          0.00000000 -2.30698274  0.00000000   

	 - Coordinate -           - BOHR/RAD -       - ANG/DEG -
	 R(1,2)           =         4.613965           2.441605

2025-07-17:11:33:58,804 INFO     [psi4.optking.convcheck:71] Performing convergence check.
2025-07-17:11:33:58,804 INFO     [psi4.optking.convcheck:263] 
	                                 ==> Convergence Check <==                                  
    
	Measures of convergence in internal coordinates in au.
    
	Criteria marked as inactive (o), active & met (*), and active & unmet ( ).

	----------------------------------------------------------------------------------------------
	   Step    Total Energy     Delta E     Max Force     RMS Force      Max Disp      RMS Disp   
	----------------------------------------------------------------------------------------------
	  Convergence Criteria     1.00e-06 *    3.00e-04 *             o    1.20e-03 *             o
	----------------------------------------------------------------------------------------------
	    11    -484.83252577   -2.10e-03      6.63e-03      6.63e-03 o    6.01e-02      6.01e-02 o  ~
	----------------------------------------------------------------------------------------------


2025-07-17:11:33:58,804 INFO     [psi4.optking.stepAlgorithms:266] 	Convergence check returned False
2025-07-17:11:33:58,820 INFO     [psi4.driver.task_planner:285] PLANNING Atomic:  keywords={'DAMPING_PERCENTAGE': 1.0, 'GEOM_MAXITER': 500, 'SCF__GUESS': 'READ', 'GUESS': 'SAP', 'MAXITER': 500, 'REFERENCE': 'UKS', 'function_kwargs': {}}
2025-07-17:11:33:58,823 INFO     [psi4.driver.driver:636] Compute gradient(): method=b3lyp, basis=cc-pvdz, molecule=default, nre=36.6279289922482
2025-07-17:11:34:00,180 INFO     [psi4.driver.driver:639] Return gradient(): -484.83279514769976
2025-07-17:11:34:00,180 INFO     [psi4.driver.driver:640] [[ 0.00000000 -0.00241716  0.00000000]
 [-0.00000000  0.00241716  0.00000000]]
2025-07-17:11:34:00,181 INFO     [psi4.optking.history:257] 	Performing BFGS update.
2025-07-17:11:34:00,182 INFO     [psi4.optking.history:268] 	Using 4 previous steps for update.
2025-07-17:11:34:00,182 WARNING  [psi4.optking.history:286] 	Change in internal coordinate of 7.63e-01 exceeds limit of 5.00e-01.
2025-07-17:11:34:00,182 WARNING  [psi4.optking.history:291] 	Skipping Hessian update for step 8.
2025-07-17:11:34:00,182 WARNING  [psi4.optking.history:286] 	Change in internal coordinate of 1.11e+00 exceeds limit of 5.00e-01.
2025-07-17:11:34:00,182 WARNING  [psi4.optking.history:291] 	Skipping Hessian update for step 7.
2025-07-17:11:34:00,182 WARNING  [psi4.optking.history:286] 	Change in internal coordinate of 1.56e+00 exceeds limit of 5.00e-01.
2025-07-17:11:34:00,182 WARNING  [psi4.optking.history:291] 	Skipping Hessian update for step 6.
2025-07-17:11:34:00,182 WARNING  [psi4.optking.history:286] 	Change in internal coordinate of 1.92e+00 exceeds limit of 5.00e-01.
2025-07-17:11:34:00,182 WARNING  [psi4.optking.history:291] 	Skipping Hessian update for step 5.
2025-07-17:11:34:00,182 WARNING  [psi4.optking.history:286] 	Change in internal coordinate of 2.27e+00 exceeds limit of 5.00e-01.
2025-07-17:11:34:00,182 WARNING  [psi4.optking.history:291] 	Skipping Hessian update for step 4.
2025-07-17:11:34:00,182 WARNING  [psi4.optking.history:286] 	Change in internal coordinate of 2.32e+00 exceeds limit of 5.00e-01.
2025-07-17:11:34:00,182 WARNING  [psi4.optking.history:291] 	Skipping Hessian update for step 3.
2025-07-17:11:34:00,182 WARNING  [psi4.optking.history:286] 	Change in internal coordinate of 2.34e+00 exceeds limit of 5.00e-01.
2025-07-17:11:34:00,182 WARNING  [psi4.optking.history:291] 	Skipping Hessian update for step 2.
2025-07-17:11:34:00,182 WARNING  [psi4.optking.history:286] 	Change in internal coordinate of 2.35e+00 exceeds limit of 5.00e-01.
2025-07-17:11:34:00,182 WARNING  [psi4.optking.history:291] 	Skipping Hessian update for step 1.
2025-07-17:11:34:00,182 INFO     [psi4.optking.history:302] 	Steps to be used in Hessian update:  11 10 9

2025-07-17:11:34:00,182 INFO     [psi4.optking.history:400] 	Updated Hessian (in au) 
 	   0.104646

2025-07-17:11:34:00,183 INFO     [psi4.optking.molsys:874] Projected (PHP) Hessian matrix
	   0.104646

2025-07-17:11:34:00,183 INFO     [psi4.optking.opt_helper:168] 
	         Geometry (au)                                       Gradient (au)
  -0.0000000000   2.3069827404   0.0000000000		   0.0000000000  -0.0024171601   0.0000000000
   0.0000000000  -2.3069827404   0.0000000000		  -0.0000000000   0.0024171601   0.0000000000

2025-07-17:11:34:00,183 INFO     [psi4.optking.stepAlgorithms:315] 	Current Step Report 
 
	Current energy:      -484.8327951477
	Energy change for the previous step:
		Actual       :        -0.0002693751
		Projected    :        -0.0001990434

2025-07-17:11:34:00,183 INFO     [psi4.optking.stepAlgorithms:318] 	Energy ratio =    1.35335
2025-07-17:11:34:00,183 INFO     [psi4.optking.stepAlgorithms:750] 	Using RFO solution 1.
2025-07-17:11:34:00,183 INFO     [psi4.optking.displace:73] 	Determining Cartesian step for fragment 1.
2025-07-17:11:34:00,183 INFO     [psi4.optking.displace:378] 	Successfully converged to displaced geometry.
2025-07-17:11:34:00,183 INFO     [psi4.optking.displace:379] 	RMS(dx):  0.000e+00 	Max(dx):  0.000e+00 	RMS(dq):  0.000e+00
2025-07-17:11:34:00,183 INFO     [psi4.optking.displace:132] 

	        --- Internal Coordinate Step in ANG or DEG, aJ/ANG or AJ/DEG ---
	-------------------------------------------------------------------------------
	           Coordinate      Previous         Force          Change          New 
	           ----------      --------        ------          ------        ------
	               R(1,2)       2.44161        0.01991        0.01222       2.45382
	-------------------------------------------------------------------------------

2025-07-17:11:34:00,183 INFO     [psi4.optking.stepAlgorithms:96] 	|target step| :    0.0230860805
2025-07-17:11:34:00,183 INFO     [psi4.optking.stepAlgorithms:97] 	gradient     :   -0.0024171601
2025-07-17:11:34:00,183 INFO     [psi4.optking.stepAlgorithms:98] 	hessian      :    0.1046462558
2025-07-17:11:34:00,183 INFO     [psi4.optking.stepAlgorithms:177] 	Norm of achieved step-size    0.0230860805
2025-07-17:11:34:00,183 INFO     [psi4.optking.stepAlgorithms:179] 	Norm of achieved step-size (cart):    0.0163243240
2025-07-17:11:34:00,184 INFO     [psi4.optking.opt_helper:151] Molsys:

	                            ===> Fragment 1 <== 

	 Z (Atomic Numbers)          Masses                          Geom                  
	      13.000000            26.981539         -0.00000000  2.31852578  0.00000000   
	      13.000000            26.981539          0.00000000 -2.31852578  0.00000000   

	 - Coordinate -           - BOHR/RAD -       - ANG/DEG -
	 R(1,2)           =         4.637052           2.453822

2025-07-17:11:34:00,184 INFO     [psi4.optking.convcheck:71] Performing convergence check.
2025-07-17:11:34:00,184 INFO     [psi4.optking.convcheck:263] 
	                                 ==> Convergence Check <==                                  
    
	Measures of convergence in internal coordinates in au.
    
	Criteria marked as inactive (o), active & met (*), and active & unmet ( ).

	----------------------------------------------------------------------------------------------
	   Step    Total Energy     Delta E     Max Force     RMS Force      Max Disp      RMS Disp   
	----------------------------------------------------------------------------------------------
	  Convergence Criteria     1.00e-06 *    3.00e-04 *             o    1.20e-03 *             o
	----------------------------------------------------------------------------------------------
	    12    -484.83279515   -2.69e-04      2.42e-03      2.42e-03 o    2.31e-02      2.31e-02 o  ~
	----------------------------------------------------------------------------------------------


2025-07-17:11:34:00,184 INFO     [psi4.optking.stepAlgorithms:266] 	Convergence check returned False
2025-07-17:11:34:00,200 INFO     [psi4.driver.task_planner:285] PLANNING Atomic:  keywords={'DAMPING_PERCENTAGE': 1.0, 'GEOM_MAXITER': 500, 'SCF__GUESS': 'READ', 'GUESS': 'SAP', 'MAXITER': 500, 'REFERENCE': 'UKS', 'function_kwargs': {}}
2025-07-17:11:34:00,201 INFO     [psi4.driver.driver:636] Compute gradient(): method=b3lyp, basis=cc-pvdz, molecule=default, nre=36.44557274617921
2025-07-17:11:34:01,484 INFO     [psi4.driver.driver:639] Return gradient(): -484.83283370861943
2025-07-17:11:34:01,484 INFO     [psi4.driver.driver:640] [[ 0.00000000 -0.00092998  0.00000000]
 [-0.00000000  0.00092998  0.00000000]]
2025-07-17:11:34:01,485 INFO     [psi4.optking.history:257] 	Performing BFGS update.
2025-07-17:11:34:01,485 INFO     [psi4.optking.history:268] 	Using 4 previous steps for update.
2025-07-17:11:34:01,486 INFO     [psi4.optking.history:302] 	Steps to be used in Hessian update:  12 11 10 9

2025-07-17:11:34:01,486 INFO     [psi4.optking.history:400] 	Updated Hessian (in au) 
 	   0.102715

2025-07-17:11:34:01,486 INFO     [psi4.optking.molsys:874] Projected (PHP) Hessian matrix
	   0.102715

2025-07-17:11:34:01,486 INFO     [psi4.optking.opt_helper:168] 
	         Geometry (au)                                       Gradient (au)
  -0.0000000000   2.3185257806   0.0000000000		   0.0000000000  -0.0009299781   0.0000000000
   0.0000000000  -2.3185257806   0.0000000000		  -0.0000000000   0.0009299781   0.0000000000

2025-07-17:11:34:01,486 INFO     [psi4.optking.stepAlgorithms:315] 	Current Step Report 
 
	Current energy:      -484.8328337086
	Energy change for the previous step:
		Actual       :        -0.0000385609
		Projected    :        -0.0000279014

2025-07-17:11:34:01,486 INFO     [psi4.optking.stepAlgorithms:318] 	Energy ratio =    1.38204
2025-07-17:11:34:01,486 INFO     [psi4.optking.stepAlgorithms:750] 	Using RFO solution 1.
2025-07-17:11:34:01,486 INFO     [psi4.optking.displace:73] 	Determining Cartesian step for fragment 1.
2025-07-17:11:34:01,486 INFO     [psi4.optking.displace:378] 	Successfully converged to displaced geometry.
2025-07-17:11:34:01,486 INFO     [psi4.optking.displace:379] 	RMS(dx):  0.000e+00 	Max(dx):  0.000e+00 	RMS(dq):  0.000e+00
2025-07-17:11:34:01,486 INFO     [psi4.optking.displace:132] 

	        --- Internal Coordinate Step in ANG or DEG, aJ/ANG or AJ/DEG ---
	-------------------------------------------------------------------------------
	           Coordinate      Previous         Force          Change          New 
	           ----------      --------        ------          ------        ------
	               R(1,2)       2.45382        0.00766        0.00479       2.45861
	-------------------------------------------------------------------------------

2025-07-17:11:34:01,486 INFO     [psi4.optking.stepAlgorithms:96] 	|target step| :    0.0090532663
2025-07-17:11:34:01,486 INFO     [psi4.optking.stepAlgorithms:97] 	gradient     :   -0.0009299781
2025-07-17:11:34:01,486 INFO     [psi4.optking.stepAlgorithms:98] 	hessian      :    0.1027145202
2025-07-17:11:34:01,486 INFO     [psi4.optking.stepAlgorithms:177] 	Norm of achieved step-size    0.0090532663
2025-07-17:11:34:01,486 INFO     [psi4.optking.stepAlgorithms:179] 	Norm of achieved step-size (cart):    0.0064016260
2025-07-17:11:34:01,487 INFO     [psi4.optking.opt_helper:151] Molsys:

	                            ===> Fragment 1 <== 

	 Z (Atomic Numbers)          Masses                          Geom                  
	      13.000000            26.981539         -0.00000000  2.32305241  0.00000000   
	      13.000000            26.981539          0.00000000 -2.32305241  0.00000000   

	 - Coordinate -           - BOHR/RAD -       - ANG/DEG -
	 R(1,2)           =         4.646105           2.458613

2025-07-17:11:34:01,487 INFO     [psi4.optking.convcheck:71] Performing convergence check.
2025-07-17:11:34:01,487 INFO     [psi4.optking.convcheck:263] 
	                                 ==> Convergence Check <==                                  
    
	Measures of convergence in internal coordinates in au.
    
	Criteria marked as inactive (o), active & met (*), and active & unmet ( ).

	----------------------------------------------------------------------------------------------
	   Step    Total Energy     Delta E     Max Force     RMS Force      Max Disp      RMS Disp   
	----------------------------------------------------------------------------------------------
	  Convergence Criteria     1.00e-06 *    3.00e-04 *             o    1.20e-03 *             o
	----------------------------------------------------------------------------------------------
	    13    -484.83283371   -3.86e-05      9.30e-04      9.30e-04 o    9.05e-03      9.05e-03 o  ~
	----------------------------------------------------------------------------------------------


2025-07-17:11:34:01,487 INFO     [psi4.optking.stepAlgorithms:266] 	Convergence check returned False
2025-07-17:11:34:01,502 INFO     [psi4.driver.task_planner:285] PLANNING Atomic:  keywords={'DAMPING_PERCENTAGE': 1.0, 'GEOM_MAXITER': 500, 'SCF__GUESS': 'READ', 'GUESS': 'SAP', 'MAXITER': 500, 'REFERENCE': 'UKS', 'function_kwargs': {}}
2025-07-17:11:34:01,503 INFO     [psi4.driver.driver:636] Compute gradient(): method=b3lyp, basis=cc-pvdz, molecule=default, nre=36.374555950974965
2025-07-17:11:34:02,794 INFO     [psi4.driver.driver:639] Return gradient(): -484.8328395809593
2025-07-17:11:34:02,794 INFO     [psi4.driver.driver:640] [[ 0.00000000 -0.00036553  0.00000000]
 [-0.00000000  0.00036553  0.00000000]]
2025-07-17:11:34:02,796 INFO     [psi4.optking.history:257] 	Performing BFGS update.
2025-07-17:11:34:02,796 INFO     [psi4.optking.history:268] 	Using 4 previous steps for update.
2025-07-17:11:34:02,796 INFO     [psi4.optking.history:302] 	Steps to be used in Hessian update:  13 12 11 10

2025-07-17:11:34:02,797 INFO     [psi4.optking.history:400] 	Updated Hessian (in au) 
 	   0.079870

2025-07-17:11:34:02,797 INFO     [psi4.optking.molsys:874] Projected (PHP) Hessian matrix
	   0.079870

2025-07-17:11:34:02,797 INFO     [psi4.optking.opt_helper:168] 
	         Geometry (au)                                       Gradient (au)
  -0.0000000000   2.3230524137   0.0000000000		   0.0000000000  -0.0003655267   0.0000000000
   0.0000000000  -2.3230524137   0.0000000000		  -0.0000000000   0.0003655267   0.0000000000

2025-07-17:11:34:02,797 INFO     [psi4.optking.stepAlgorithms:315] 	Current Step Report 
 
	Current energy:      -484.8328395810
	Energy change for the previous step:
		Actual       :        -0.0000058723
		Projected    :        -0.0000042097

2025-07-17:11:34:02,797 INFO     [psi4.optking.stepAlgorithms:318] 	Energy ratio =    1.39496
2025-07-17:11:34:02,797 INFO     [psi4.optking.stepAlgorithms:750] 	Using RFO solution 1.
2025-07-17:11:34:02,798 INFO     [psi4.optking.displace:73] 	Determining Cartesian step for fragment 1.
2025-07-17:11:34:02,798 INFO     [psi4.optking.displace:378] 	Successfully converged to displaced geometry.
2025-07-17:11:34:02,798 INFO     [psi4.optking.displace:379] 	RMS(dx):  0.000e+00 	Max(dx):  0.000e+00 	RMS(dq):  0.000e+00
2025-07-17:11:34:02,798 INFO     [psi4.optking.displace:132] 

	        --- Internal Coordinate Step in ANG or DEG, aJ/ANG or AJ/DEG ---
	-------------------------------------------------------------------------------
	           Coordinate      Previous         Force          Change          New 
	           ----------      --------        ------          ------        ------
	               R(1,2)       2.45861        0.00301        0.00242       2.46103
	-------------------------------------------------------------------------------

2025-07-17:11:34:02,798 INFO     [psi4.optking.stepAlgorithms:96] 	|target step| :    0.0045764047
2025-07-17:11:34:02,798 INFO     [psi4.optking.stepAlgorithms:97] 	gradient     :   -0.0003655267
2025-07-17:11:34:02,798 INFO     [psi4.optking.stepAlgorithms:98] 	hessian      :    0.0798703452
2025-07-17:11:34:02,798 INFO     [psi4.optking.stepAlgorithms:177] 	Norm of achieved step-size    0.0045764047
2025-07-17:11:34:02,798 INFO     [psi4.optking.stepAlgorithms:179] 	Norm of achieved step-size (cart):    0.0032360068
2025-07-17:11:34:02,799 INFO     [psi4.optking.opt_helper:151] Molsys:

	                            ===> Fragment 1 <== 

	 Z (Atomic Numbers)          Masses                          Geom                  
	      13.000000            26.981539         -0.00000000  2.32534062  0.00000000   
	      13.000000            26.981539          0.00000000 -2.32534062  0.00000000   

	 - Coordinate -           - BOHR/RAD -       - ANG/DEG -
	 R(1,2)           =         4.650681           2.461035

2025-07-17:11:34:02,799 INFO     [psi4.optking.convcheck:71] Performing convergence check.
2025-07-17:11:34:02,799 INFO     [psi4.optking.convcheck:263] 
	                                 ==> Convergence Check <==                                  
    
	Measures of convergence in internal coordinates in au.
    
	Criteria marked as inactive (o), active & met (*), and active & unmet ( ).

	----------------------------------------------------------------------------------------------
	   Step    Total Energy     Delta E     Max Force     RMS Force      Max Disp      RMS Disp   
	----------------------------------------------------------------------------------------------
	  Convergence Criteria     1.00e-06 *    3.00e-04 *             o    1.20e-03 *             o
	----------------------------------------------------------------------------------------------
	    14    -484.83283958   -5.87e-06      3.66e-04      3.66e-04 o    4.58e-03      4.58e-03 o  ~
	----------------------------------------------------------------------------------------------


2025-07-17:11:34:02,799 INFO     [psi4.optking.stepAlgorithms:266] 	Convergence check returned False
2025-07-17:11:34:02,816 INFO     [psi4.driver.task_planner:285] PLANNING Atomic:  keywords={'DAMPING_PERCENTAGE': 1.0, 'GEOM_MAXITER': 500, 'SCF__GUESS': 'READ', 'GUESS': 'SAP', 'MAXITER': 500, 'REFERENCE': 'UKS', 'function_kwargs': {}}
2025-07-17:11:34:02,817 INFO     [psi4.driver.driver:636] Compute gradient(): method=b3lyp, basis=cc-pvdz, molecule=default, nre=36.33876233660843
2025-07-17:11:34:04,61 INFO     [psi4.driver.driver:639] Return gradient(): -484.8328406143467
2025-07-17:11:34:04,61 INFO     [psi4.driver.driver:640] [[ 0.00000000 -0.00008414 -0.00000000]
 [-0.00000000  0.00008414 -0.00000000]]
2025-07-17:11:34:04,62 INFO     [psi4.optking.history:257] 	Performing BFGS update.
2025-07-17:11:34:04,62 INFO     [psi4.optking.history:268] 	Using 4 previous steps for update.
2025-07-17:11:34:04,62 INFO     [psi4.optking.history:302] 	Steps to be used in Hessian update:  14 13 12 11

2025-07-17:11:34:04,62 INFO     [psi4.optking.history:400] 	Updated Hessian (in au) 
 	   0.067578

2025-07-17:11:34:04,62 INFO     [psi4.optking.molsys:874] Projected (PHP) Hessian matrix
	   0.067578

2025-07-17:11:34:04,62 INFO     [psi4.optking.opt_helper:168] 
	         Geometry (au)                                       Gradient (au)
  -0.0000000000   2.3253406161   0.0000000000		   0.0000000000  -0.0000841405  -0.0000000000
   0.0000000000  -2.3253406161   0.0000000000		  -0.0000000000   0.0000841405  -0.0000000000

2025-07-17:11:34:04,62 INFO     [psi4.optking.stepAlgorithms:315] 	Current Step Report 
 
	Current energy:      -484.8328406143
	Energy change for the previous step:
		Actual       :        -0.0000010334
		Projected    :        -0.0000008364

2025-07-17:11:34:04,62 INFO     [psi4.optking.stepAlgorithms:318] 	Energy ratio =    1.23552
2025-07-17:11:34:04,63 INFO     [psi4.optking.stepAlgorithms:750] 	Using RFO solution 1.
2025-07-17:11:34:04,63 INFO     [psi4.optking.displace:73] 	Determining Cartesian step for fragment 1.
2025-07-17:11:34:04,63 INFO     [psi4.optking.displace:378] 	Successfully converged to displaced geometry.
2025-07-17:11:34:04,63 INFO     [psi4.optking.displace:379] 	RMS(dx):  0.000e+00 	Max(dx):  0.000e+00 	RMS(dq):  0.000e+00
2025-07-17:11:34:04,63 INFO     [psi4.optking.displace:132] 

	        --- Internal Coordinate Step in ANG or DEG, aJ/ANG or AJ/DEG ---
	-------------------------------------------------------------------------------
	           Coordinate      Previous         Force          Change          New 
	           ----------      --------        ------          ------        ------
	               R(1,2)       2.46103        0.00069        0.00066       2.46169
	-------------------------------------------------------------------------------

2025-07-17:11:34:04,63 INFO     [psi4.optking.stepAlgorithms:96] 	|target step| :    0.0012450919
2025-07-17:11:34:04,63 INFO     [psi4.optking.stepAlgorithms:97] 	gradient     :   -0.0000841405
2025-07-17:11:34:04,63 INFO     [psi4.optking.stepAlgorithms:98] 	hessian      :    0.0675776765
2025-07-17:11:34:04,63 INFO     [psi4.optking.stepAlgorithms:177] 	Norm of achieved step-size    0.0012450919
2025-07-17:11:34:04,63 INFO     [psi4.optking.stepAlgorithms:179] 	Norm of achieved step-size (cart):    0.0008804129
2025-07-17:11:34:04,63 INFO     [psi4.optking.opt_helper:151] Molsys:

	                            ===> Fragment 1 <== 

	 Z (Atomic Numbers)          Masses                          Geom                  
	      13.000000            26.981539         -0.00000000  2.32596316  0.00000000   
	      13.000000            26.981539          0.00000000 -2.32596316  0.00000000   

	 - Coordinate -           - BOHR/RAD -       - ANG/DEG -
	 R(1,2)           =         4.651926           2.461693

2025-07-17:11:34:04,63 INFO     [psi4.optking.convcheck:71] Performing convergence check.
2025-07-17:11:34:04,63 INFO     [psi4.optking.convcheck:263] 
	                                 ==> Convergence Check <==                                  
    
	Measures of convergence in internal coordinates in au.
    
	Criteria marked as inactive (o), active & met (*), and active & unmet ( ).

	----------------------------------------------------------------------------------------------
	   Step    Total Energy     Delta E     Max Force     RMS Force      Max Disp      RMS Disp   
	----------------------------------------------------------------------------------------------
	  Convergence Criteria     1.00e-06 *    3.00e-04 *             o    1.20e-03 *             o
	----------------------------------------------------------------------------------------------
	    15    -484.83284061   -1.03e-06      8.41e-05 *    8.41e-05 o    1.25e-03      1.25e-03 o  ~
	----------------------------------------------------------------------------------------------


2025-07-17:11:34:04,63 INFO     [psi4.optking.stepAlgorithms:266] 	Convergence check returned False
2025-07-17:11:34:04,82 INFO     [psi4.driver.task_planner:285] PLANNING Atomic:  keywords={'DAMPING_PERCENTAGE': 1.0, 'GEOM_MAXITER': 500, 'SCF__GUESS': 'READ', 'GUESS': 'SAP', 'MAXITER': 500, 'REFERENCE': 'UKS', 'function_kwargs': {}}
2025-07-17:11:34:04,83 INFO     [psi4.driver.driver:636] Compute gradient(): method=b3lyp, basis=cc-pvdz, molecule=default, nre=36.329036237076174
2025-07-17:11:34:05,261 INFO     [psi4.driver.driver:639] Return gradient(): -484.8328406762564
2025-07-17:11:34:05,261 INFO     [psi4.driver.driver:640] [[ 0.00000000 -0.00000804  0.00000000]
 [-0.00000000  0.00000804 -0.00000000]]
2025-07-17:11:34:05,262 INFO     [psi4.optking.history:257] 	Performing BFGS update.
2025-07-17:11:34:05,262 INFO     [psi4.optking.history:268] 	Using 4 previous steps for update.
2025-07-17:11:34:05,262 WARNING  [psi4.optking.history:282] 	Denominators (dg)(dq) or (dq)(dq) are very small.
2025-07-17:11:34:05,262 WARNING  [psi4.optking.history:283] 	Skipping Hessian update for step 15.
2025-07-17:11:34:05,262 INFO     [psi4.optking.history:302] 	Steps to be used in Hessian update:  14 13 12 11

2025-07-17:11:34:05,262 INFO     [psi4.optking.history:400] 	Updated Hessian (in au) 
 	   0.067496

2025-07-17:11:34:05,262 INFO     [psi4.optking.molsys:874] Projected (PHP) Hessian matrix
	   0.067496

2025-07-17:11:34:05,262 INFO     [psi4.optking.opt_helper:168] 
	         Geometry (au)                                       Gradient (au)
  -0.0000000000   2.3259631620   0.0000000000		   0.0000000000  -0.0000080391   0.0000000000
   0.0000000000  -2.3259631620   0.0000000000		  -0.0000000000   0.0000080391  -0.0000000000

2025-07-17:11:34:05,263 INFO     [psi4.optking.stepAlgorithms:315] 	Current Step Report 
 
	Current energy:      -484.8328406763
	Energy change for the previous step:
		Actual       :        -0.0000000619
		Projected    :        -0.0000000524

2025-07-17:11:34:05,263 INFO     [psi4.optking.stepAlgorithms:318] 	Energy ratio =    1.18190
2025-07-17:11:34:05,263 INFO     [psi4.optking.stepAlgorithms:750] 	Using RFO solution 1.
2025-07-17:11:34:05,263 INFO     [psi4.optking.displace:73] 	Determining Cartesian step for fragment 1.
2025-07-17:11:34:05,263 INFO     [psi4.optking.displace:378] 	Successfully converged to displaced geometry.
2025-07-17:11:34:05,263 INFO     [psi4.optking.displace:379] 	RMS(dx):  0.000e+00 	Max(dx):  0.000e+00 	RMS(dq):  0.000e+00
2025-07-17:11:34:05,263 INFO     [psi4.optking.displace:132] 

	        --- Internal Coordinate Step in ANG or DEG, aJ/ANG or AJ/DEG ---
	-------------------------------------------------------------------------------
	           Coordinate      Previous         Force          Change          New 
	           ----------      --------        ------          ------        ------
	               R(1,2)       2.46169        0.00007        0.00006       2.46176
	-------------------------------------------------------------------------------

2025-07-17:11:34:05,263 INFO     [psi4.optking.stepAlgorithms:96] 	|target step| :    0.0001191058
2025-07-17:11:34:05,263 INFO     [psi4.optking.stepAlgorithms:97] 	gradient     :   -0.0000080391
2025-07-17:11:34:05,263 INFO     [psi4.optking.stepAlgorithms:98] 	hessian      :    0.0674956828
2025-07-17:11:34:05,263 INFO     [psi4.optking.stepAlgorithms:177] 	Norm of achieved step-size    0.0001191058
2025-07-17:11:34:05,263 INFO     [psi4.optking.stepAlgorithms:179] 	Norm of achieved step-size (cart):    0.0000842205
2025-07-17:11:34:05,263 INFO     [psi4.optking.opt_helper:151] Molsys:

	                            ===> Fragment 1 <== 

	 Z (Atomic Numbers)          Masses                          Geom                  
	      13.000000            26.981539         -0.00000000  2.32602271  0.00000000   
	      13.000000            26.981539          0.00000000 -2.32602271  0.00000000   

	 - Coordinate -           - BOHR/RAD -       - ANG/DEG -
	 R(1,2)           =         4.652045           2.461756

2025-07-17:11:34:05,263 INFO     [psi4.optking.convcheck:71] Performing convergence check.
2025-07-17:11:34:05,263 INFO     [psi4.optking.convcheck:263] 
	                                 ==> Convergence Check <==                                  
    
	Measures of convergence in internal coordinates in au.
    
	Criteria marked as inactive (o), active & met (*), and active & unmet ( ).

	----------------------------------------------------------------------------------------------
	   Step    Total Energy     Delta E     Max Force     RMS Force      Max Disp      RMS Disp   
	----------------------------------------------------------------------------------------------
	  Convergence Criteria     1.00e-06 *    3.00e-04 *             o    1.20e-03 *             o
	----------------------------------------------------------------------------------------------
	    16    -484.83284068   -6.19e-08 *    8.04e-06 *    8.04e-06 o    1.19e-04 *    1.19e-04 o  ~
	----------------------------------------------------------------------------------------------


2025-07-17:11:34:05,263 INFO     [psi4.optking.convcheck:193] 
	                      ===> Final Convergence Report <===                     

	----------------------------------------------------------------------------
	|   Required Criteria    |  One or More Criteria  |   Alternate Criteria   |
	----------------------------------------------------------------------------
	| [x]     max_force      | [x]       max_DE       |                        |
	|                        | [x]      max_disp      |                        |
	----------------------------------------------------------------------------


2025-07-17:11:34:05,263 INFO     [psi4.optking.stepAlgorithms:266] 	Convergence check returned True
2025-07-17:11:34:05,264 INFO     [psi4.optking.optimize:286] 	Converged in 16 steps!
2025-07-17:11:34:05,264 INFO     [psi4.optking.optimize:287] 	Final energy is   -484.8328406762564
2025-07-17:11:34:05,264 INFO     [psi4.optking.optimize:288] 	Final structure (Angstroms): 
	Fragment 1 (Ang)

	   Al  -0.0000000000   1.2308782122   0.0000000000
	   Al   0.0000000000  -1.2308782122   0.0000000000


2025-07-17:11:34:05,264 INFO     [psi4.optking.optimize:432] 	Optimization Finished

	==> Optimization Summary <==

        
	Measures of convergence in internal coordinates in au. (Any backward steps not shown.)
        
	---------------------------------------------------------------------------------------------------------------  ~
        
	 Step         Total Energy             Delta E       MAX Force       RMS Force        MAX Disp        RMS Disp   ~
        
	---------------------------------------------------------------------------------------------------------------  ~
        
	     1    -483.857595973912   -483.857595973912      1.56407562      1.56407562      0.00718015      0.00718015  ~
	     2    -483.868752552719     -0.011156578807      1.54356403      1.54356403      0.01416986      0.01416986  ~
	     3    -483.890343694904     -0.021591142184      1.50415368      1.50415368      0.05507582      0.05507582  ~
	     4    -483.969218283196     -0.078874588292      1.36334244      1.36334244      0.35117417      0.35117417  ~
	     5    -484.331668079573     -0.362449796377      0.76869544      0.76869544      0.35976602      0.35976602  ~
	     6    -484.588750680780     -0.257082601207      0.48057516      0.48057516      0.44706648      0.44706648  ~
	     7    -484.741282959867     -0.152532279087      0.22594014      0.22594014      0.34850627      0.34850627  ~
	     8    -484.798327406940     -0.057044447073      0.11110679      0.11110679      0.30568731      0.30568731  ~
	     9    -484.822238422587     -0.023911015647      0.05031041      0.05031041      0.23856619      0.23856619  ~
	    10    -484.830428980084     -0.008190557497      0.02043225      0.02043225      0.15901863      0.15901863  ~
	    11    -484.832525772606     -0.002096792523      0.00662559      0.00662559      0.06008322      0.06008322  ~
	    12    -484.832795147700     -0.000269375093      0.00241716      0.00241716      0.02308608      0.02308608  ~
	    13    -484.832833708619     -0.000038560920      0.00092998      0.00092998      0.00905327      0.00905327  ~
	    14    -484.832839580959     -0.000005872340      0.00036553      0.00036553      0.00457640      0.00457640  ~
	    15    -484.832840614347     -0.000001033387      0.00008414      0.00008414      0.00124509      0.00124509  ~
	    16    -484.832840676256     -0.000000061910      0.00000804      0.00000804      0.00011911      0.00011911  ~
	----------------------------------------------------------------------------------------------------------------


2025-07-17:11:34:05,264 INFO     [psi4.optking.optimize:640] Preparing OptimizationResult
