2025-07-17:09:53:29,831 INFO     [psi4.optking.optwrapper:214] Creating a UserComputer
2025-07-17:09:53:29,831 INFO     [psi4.optking.optwrapper:222] 
    			-----------------------------------------

    			 OPTKING 3.0: for geometry optimizations 

    			     By R.A. King, Bethel University     

    			        with contributions from          

    			    A.V. Copan, J. Cayton, A. Heide      

    			-----------------------------------------

    
2025-07-17:09:53:29,831 INFO     [psi4.optking.optwrapper:238] 
		 -- Optimization Parameters --
	accept_symmetry_breaking       =           False
	alg_geom_maxiter               =             500
	bt_dx_conv                     =           1e-07
	bt_dx_rms_change_conv          =           1e-12
	bt_max_iter                    =              25
	cart_hess_read                 =           False
	consecutive_backsteps_allowed  =               0
	conv_max_DE                    =           1e-06
	conv_max_disp                  =          0.0012
	conv_max_force                 =          0.0003
	conv_rms_disp                  =              -1
	conv_rms_force                 =              -1
	covalent_connect               =             1.3
	dynamic_level                  =               0
	dynamic_level_max              =               0
	ensure_bt_convergence          =           False
	ext_force_bend                 =              []
	ext_force_cartesian            =              []
	ext_force_dihedral             =              []
	ext_force_distance             =              []
	ext_force_oofp                 =              []
	fix_val_near_pi                =            1.57
	flexible_g_convergence         =           False
	frag_mode                      =          SINGLE
	frag_ref_atoms                 =            None
	freeze_intrafrag               =           False
	frozen_bend                    =              []
	frozen_cartesian               =              []
	frozen_dihedral                =              []
	frozen_distance                =              []
	frozen_oofp                    =              []
	full_hess_every                =              -1
	g_convergence                  =           QCHEM
	generate_intcos_exit           =           False
	geom_maxiter                   =             500
	h_bond_connect                 =             4.3
	hess_update                    =            BFGS
	hess_update_den_tol            =           1e-07
	hess_update_dq_tol             =             0.5
	hess_update_limit              =            True
	hess_update_limit_max          =             1.0
	hess_update_limit_scale        =             0.5
	hess_update_use_last           =               4
	hessian_file                   =            None
	i_max_DE                       =            True
	i_max_disp                     =            True
	i_max_force                    =            True
	i_rms_disp                     =           False
	i_rms_force                    =           False
	i_untampered                   =            True
	include_oofp                   =           False
	interfrag_collinear_tol        =            0.01
	interfrag_coords               =            None
	interfrag_dist_inv             =           False
	interfrag_mode                 =           FIXED
	interfrag_trust                =             0.5
	interfrag_trust_max            =             1.0
	interfrag_trust_min            =           0.001
	interfragment_connect          =             1.8
	intrafrag_hess                 =        SCHLEGEL
	intrafrag_trust                =             0.5
	intrafrag_trust_max            =             1.0
	intrafrag_trust_min            =           0.001
	irc_direction                  =         FORWARD
	irc_points                     =              20
	irc_step_size                  =             0.2
	keep_intcos                    =           False
	linear_bend_threshold          =            3.05
	linesearch                     =           False
	linesearch_step                =             0.1
	max_disp_g_convergence         =          0.0012
	max_energy_g_convergence       =           1e-06
	max_force_g_convergence        =          0.0003
	opt_coordinates                =       REDUNDANT
	opt_type                       =             MIN
	output_type                    =            FILE
	print_lvl                      =               1
	program                        =            psi4
	ranged_bend                    =              []
	ranged_cartesian               =              []
	ranged_dihedral                =              []
	ranged_distance                =              []
	ranged_oofp                    =              []
	redundant_eval_tol             =           1e-10
	rfo_follow_root                =           False
	rfo_normalization_max          =             100
	rfo_root                       =               0
	rms_disp_g_convergence         =          0.0012
	rms_force_g_convergence        =          0.0003
	rsrfo_alpha_max                =     100000000.0
	sd_hessian                     =             1.0
	simple_step_scaling            =           False
	small_bend_fix_threshold       =            0.35
	steepest_descent_type          =         OVERLAP
	step_type                      =             RFO
	test_B                         =           False
	test_derivative_B              =           False
	trajectory                     =           False
	v3d_tors_angle_lim             =           0.017
	v3d_tors_cos_tol               =           1e-10
	working_consecutive_backsteps  =               0
	working_steps_since_last_H     =               0


2025-07-17:09:53:30,318 INFO     [psi4.optking.opt_helper:151] Molsys:

	                            ===> Fragment 1 <== 

	 Z (Atomic Numbers)          Masses                          Geom                  
	       5.000000            11.009305          0.00000000  0.00000000  1.61052653   
	      13.000000            26.981539          0.00000000  0.00000000 -0.65714482   

	 - Coordinate -           - BOHR/RAD -       - ANG/DEG -
	 R(1,2)           =         2.267671           1.200000

2025-07-17:09:53:30,329 INFO     [psi4.driver.task_planner:285] PLANNING Atomic:  keywords={'DAMPING_PERCENTAGE': 1.0, 'GEOM_MAXITER': 500, 'GUESS': 'SAP', 'MAXITER': 500, 'REFERENCE': 'UKS', 'function_kwargs': {}}
2025-07-17:09:53:30,330 INFO     [psi4.driver.driver:636] Compute gradient(): method=b3lyp, basis=cc-pvdz, molecule=default, nre=28.663765577958337
2025-07-17:09:53:31,611 INFO     [psi4.driver.driver:639] Return gradient(): -266.59719750875723
2025-07-17:09:53:31,611 INFO     [psi4.driver.driver:640] [[ 0.00000000  0.00000000 -1.09262822]
 [ 0.00000000  0.00000000  1.09263859]]
2025-07-17:09:53:31,614 INFO     [psi4.optking.molsys:874] Projected (PHP) Hessian matrix
	   4.182219

2025-07-17:09:53:31,615 INFO     [psi4.optking.opt_helper:168] 
	         Geometry (au)                                       Gradient (au)
   0.0000000000   0.0000000000   1.6105265283		   0.0000000000   0.0000000000  -1.0926282185
   0.0000000000   0.0000000000  -0.6571448222		   0.0000000000   0.0000000000   1.0926385948

2025-07-17:09:53:31,615 INFO     [psi4.optking.stepAlgorithms:750] 	Using RFO solution 1.
2025-07-17:09:53:31,615 INFO     [psi4.optking.displace:73] 	Determining Cartesian step for fragment 1.
2025-07-17:09:53:31,615 INFO     [psi4.optking.displace:378] 	Successfully converged to displaced geometry.
2025-07-17:09:53:31,615 INFO     [psi4.optking.displace:379] 	RMS(dx):  0.000e+00 	Max(dx):  0.000e+00 	RMS(dq):  0.000e+00
2025-07-17:09:53:31,616 INFO     [psi4.optking.displace:132] 

	        --- Internal Coordinate Step in ANG or DEG, aJ/ANG or AJ/DEG ---
	-------------------------------------------------------------------------------
	           Coordinate      Previous         Force          Change          New 
	           ----------      --------        ------          ------        ------
	               R(1,2)       1.20000        9.00190        0.12992       1.32992
	-------------------------------------------------------------------------------

2025-07-17:09:53:31,616 INFO     [psi4.optking.stepAlgorithms:96] 	|target step| :    0.2455096363
2025-07-17:09:53:31,616 INFO     [psi4.optking.stepAlgorithms:97] 	gradient     :   -1.0926334066
2025-07-17:09:53:31,616 INFO     [psi4.optking.stepAlgorithms:98] 	hessian      :    4.1822185214
2025-07-17:09:53:31,616 INFO     [psi4.optking.stepAlgorithms:177] 	Norm of achieved step-size    0.2455096363
2025-07-17:09:53:31,616 INFO     [psi4.optking.stepAlgorithms:179] 	Norm of achieved step-size (cart):    0.1736015287
2025-07-17:09:53:31,616 INFO     [psi4.optking.opt_helper:151] Molsys:

	                            ===> Fragment 1 <== 

	 Z (Atomic Numbers)          Masses                          Geom                  
	       5.000000            11.009305          0.00000000  0.00000000  1.73328135   
	      13.000000            26.981539          0.00000000  0.00000000 -0.77989964   

	 - Coordinate -           - BOHR/RAD -       - ANG/DEG -
	 R(1,2)           =         2.513181           1.329918

2025-07-17:09:53:31,616 INFO     [psi4.optking.convcheck:71] Performing convergence check.
2025-07-17:09:53:31,617 INFO     [psi4.optking.convcheck:263] 
	                                 ==> Convergence Check <==                                  
    
	Measures of convergence in internal coordinates in au.
    
	Criteria marked as inactive (o), active & met (*), and active & unmet ( ).

	----------------------------------------------------------------------------------------------
	   Step    Total Energy     Delta E     Max Force     RMS Force      Max Disp      RMS Disp   
	----------------------------------------------------------------------------------------------
	  Convergence Criteria     1.00e-06 *    3.00e-04 *             o    1.20e-03 *             o
	----------------------------------------------------------------------------------------------
	     1    -266.59719751   -2.67e+02      1.09e+00      1.09e+00 o    2.46e-01      2.46e-01 o  ~
	----------------------------------------------------------------------------------------------


2025-07-17:09:53:31,617 INFO     [psi4.optking.stepAlgorithms:266] 	Convergence check returned False
2025-07-17:09:53:31,638 INFO     [psi4.driver.task_planner:285] PLANNING Atomic:  keywords={'DAMPING_PERCENTAGE': 1.0, 'GEOM_MAXITER': 500, 'SCF__GUESS': 'READ', 'GUESS': 'SAP', 'MAXITER': 500, 'REFERENCE': 'UKS', 'function_kwargs': {}}
2025-07-17:09:53:31,640 INFO     [psi4.driver.driver:636] Compute gradient(): method=b3lyp, basis=cc-pvdz, molecule=default, nre=25.863636697647642
2025-07-17:09:53:32,584 INFO     [psi4.driver.driver:639] Return gradient(): -266.8146016728854
2025-07-17:09:53:32,584 INFO     [psi4.driver.driver:640] [[ 0.00000000  0.00000000 -0.69803493]
 [ 0.00000000  0.00000000  0.69803920]]
2025-07-17:09:53:32,586 INFO     [psi4.optking.history:257] 	Performing BFGS update.
2025-07-17:09:53:32,586 INFO     [psi4.optking.history:268] 	Using 1 previous steps for update.
2025-07-17:09:53:32,586 INFO     [psi4.optking.history:302] 	Steps to be used in Hessian update:  1

2025-07-17:09:53:32,586 INFO     [psi4.optking.history:400] 	Updated Hessian (in au) 
 	   2.091109

2025-07-17:09:53:32,586 INFO     [psi4.optking.molsys:874] Projected (PHP) Hessian matrix
	   2.091109

2025-07-17:09:53:32,586 INFO     [psi4.optking.opt_helper:168] 
	         Geometry (au)                                       Gradient (au)
   0.0000000000   0.0000000000   1.7848903232		   0.0000000000   0.0000000000  -0.6980349294
   0.0000000000   0.0000000000  -0.7282906637		   0.0000000000   0.0000000000   0.6980392021

2025-07-17:09:53:32,587 INFO     [psi4.optking.stepAlgorithms:315] 	Current Step Report 
 
	Current energy:      -266.8146016729
	Energy change for the previous step:
		Actual       :        -0.2174041641
		Projected    :        -0.1341260152

2025-07-17:09:53:32,587 INFO     [psi4.optking.stepAlgorithms:318] 	Energy ratio =    1.62089
2025-07-17:09:53:32,587 INFO     [psi4.optking.stepAlgorithms:346] 	Energy ratio indicates good step.
2025-07-17:09:53:32,587 INFO     [psi4.optking.stepAlgorithms:347] 	Intrafrag trust radius increased to 1.000e+00.
2025-07-17:09:53:32,587 INFO     [psi4.optking.stepAlgorithms:750] 	Using RFO solution 1.
2025-07-17:09:53:32,587 INFO     [psi4.optking.displace:73] 	Determining Cartesian step for fragment 1.
2025-07-17:09:53:32,587 INFO     [psi4.optking.displace:378] 	Successfully converged to displaced geometry.
2025-07-17:09:53:32,587 INFO     [psi4.optking.displace:379] 	RMS(dx):  1.282e-16 	Max(dx):  2.220e-16 	RMS(dq):  4.441e-16
2025-07-17:09:53:32,588 INFO     [psi4.optking.displace:132] 

	        --- Internal Coordinate Step in ANG or DEG, aJ/ANG or AJ/DEG ---
	-------------------------------------------------------------------------------
	           Coordinate      Previous         Force          Change          New 
	           ----------      --------        ------          ------        ------
	               R(1,2)       1.32992        5.75093        0.16041       1.49033
	-------------------------------------------------------------------------------

2025-07-17:09:53:32,588 INFO     [psi4.optking.stepAlgorithms:96] 	|target step| :    0.3031371699
2025-07-17:09:53:32,588 INFO     [psi4.optking.stepAlgorithms:97] 	gradient     :   -0.6980370657
2025-07-17:09:53:32,588 INFO     [psi4.optking.stepAlgorithms:98] 	hessian      :    2.0911092607
2025-07-17:09:53:32,588 INFO     [psi4.optking.stepAlgorithms:177] 	Norm of achieved step-size    0.3031371699
2025-07-17:09:53:32,588 INFO     [psi4.optking.stepAlgorithms:179] 	Norm of achieved step-size (cart):    0.2143503485
2025-07-17:09:53:32,588 INFO     [psi4.optking.opt_helper:151] Molsys:

	                            ===> Fragment 1 <== 

	 Z (Atomic Numbers)          Masses                          Geom                  
	       5.000000            11.009305          0.00000000  0.00000000  1.93645891   
	      13.000000            26.981539          0.00000000  0.00000000 -0.87985925   

	 - Coordinate -           - BOHR/RAD -       - ANG/DEG -
	 R(1,2)           =         2.816318           1.490331

2025-07-17:09:53:32,588 INFO     [psi4.optking.convcheck:71] Performing convergence check.
2025-07-17:09:53:32,588 INFO     [psi4.optking.convcheck:263] 
	                                 ==> Convergence Check <==                                  
    
	Measures of convergence in internal coordinates in au.
    
	Criteria marked as inactive (o), active & met (*), and active & unmet ( ).

	----------------------------------------------------------------------------------------------
	   Step    Total Energy     Delta E     Max Force     RMS Force      Max Disp      RMS Disp   
	----------------------------------------------------------------------------------------------
	  Convergence Criteria     1.00e-06 *    3.00e-04 *             o    1.20e-03 *             o
	----------------------------------------------------------------------------------------------
	     2    -266.81460167   -2.17e-01      6.98e-01      6.98e-01 o    3.03e-01      3.03e-01 o  ~
	----------------------------------------------------------------------------------------------


2025-07-17:09:53:32,589 INFO     [psi4.optking.stepAlgorithms:266] 	Convergence check returned False
2025-07-17:09:53:32,607 INFO     [psi4.driver.task_planner:285] PLANNING Atomic:  keywords={'DAMPING_PERCENTAGE': 1.0, 'GEOM_MAXITER': 500, 'SCF__GUESS': 'READ', 'GUESS': 'SAP', 'MAXITER': 500, 'REFERENCE': 'UKS', 'function_kwargs': {}}
2025-07-17:09:53:32,608 INFO     [psi4.driver.driver:636] Compute gradient(): method=b3lyp, basis=cc-pvdz, molecule=default, nre=23.07977876815616
2025-07-17:09:53:33,907 INFO     [psi4.driver.driver:639] Return gradient(): -266.9716378715337
2025-07-17:09:53:33,907 INFO     [psi4.driver.driver:640] [[ 0.00000000 -0.00000000 -0.36398340]
 [-0.00000000  0.00000000  0.36397184]]
2025-07-17:09:53:33,908 INFO     [psi4.optking.history:257] 	Performing BFGS update.
2025-07-17:09:53:33,908 INFO     [psi4.optking.history:268] 	Using 2 previous steps for update.
2025-07-17:09:53:33,909 WARNING  [psi4.optking.history:286] 	Change in internal coordinate of 5.49e-01 exceeds limit of 5.00e-01.
2025-07-17:09:53:33,909 WARNING  [psi4.optking.history:291] 	Skipping Hessian update for step 1.
2025-07-17:09:53:33,909 INFO     [psi4.optking.history:302] 	Steps to be used in Hessian update:  2

2025-07-17:09:53:33,909 INFO     [psi4.optking.history:400] 	Updated Hessian (in au) 
 	   1.102008

2025-07-17:09:53:33,909 INFO     [psi4.optking.molsys:874] Projected (PHP) Hessian matrix
	   1.102008

2025-07-17:09:53:33,909 INFO     [psi4.optking.opt_helper:168] 
	         Geometry (au)                                       Gradient (au)
   0.0000000000   0.0000000000   2.0001818617		   0.0000000000  -0.0000000000  -0.3639833984
   0.0000000000   0.0000000000  -0.8161362951		  -0.0000000000   0.0000000000   0.3639718399

2025-07-17:09:53:33,909 INFO     [psi4.optking.stepAlgorithms:315] 	Current Step Report 
 
	Current energy:      -266.9716378715
	Energy change for the previous step:
		Actual       :        -0.1570361986
		Projected    :        -0.1058004903

2025-07-17:09:53:33,909 INFO     [psi4.optking.stepAlgorithms:318] 	Energy ratio =    1.48427
2025-07-17:09:53:33,909 INFO     [psi4.optking.stepAlgorithms:750] 	Using RFO solution 1.
2025-07-17:09:53:33,909 INFO     [psi4.optking.displace:73] 	Determining Cartesian step for fragment 1.
2025-07-17:09:53:33,909 INFO     [psi4.optking.displace:378] 	Successfully converged to displaced geometry.
2025-07-17:09:53:33,909 INFO     [psi4.optking.displace:379] 	RMS(dx):  0.000e+00 	Max(dx):  0.000e+00 	RMS(dq):  0.000e+00
2025-07-17:09:53:33,909 INFO     [psi4.optking.displace:132] 

	        --- Internal Coordinate Step in ANG or DEG, aJ/ANG or AJ/DEG ---
	-------------------------------------------------------------------------------
	           Coordinate      Previous         Force          Change          New 
	           ----------      --------        ------          ------        ------
	               R(1,2)       1.49033        2.99871        0.15900       1.64933
	-------------------------------------------------------------------------------

2025-07-17:09:53:33,909 INFO     [psi4.optking.stepAlgorithms:96] 	|target step| :    0.3004675060
2025-07-17:09:53:33,909 INFO     [psi4.optking.stepAlgorithms:97] 	gradient     :   -0.3639776192
2025-07-17:09:53:33,910 INFO     [psi4.optking.stepAlgorithms:98] 	hessian      :    1.1020075389
2025-07-17:09:53:33,910 INFO     [psi4.optking.stepAlgorithms:177] 	Norm of achieved step-size    0.3004675060
2025-07-17:09:53:33,910 INFO     [psi4.optking.stepAlgorithms:179] 	Norm of achieved step-size (cart):    0.2124626110
2025-07-17:09:53:33,910 INFO     [psi4.optking.opt_helper:151] Molsys:

	                            ===> Fragment 1 <== 

	 Z (Atomic Numbers)          Masses                          Geom                  
	       5.000000            11.009305          0.00000000  0.00000000  2.15041561   
	      13.000000            26.981539          0.00000000  0.00000000 -0.96637005   

	 - Coordinate -           - BOHR/RAD -       - ANG/DEG -
	 R(1,2)           =         3.116786           1.649332

2025-07-17:09:53:33,910 INFO     [psi4.optking.convcheck:71] Performing convergence check.
2025-07-17:09:53:33,910 INFO     [psi4.optking.convcheck:263] 
	                                 ==> Convergence Check <==                                  
    
	Measures of convergence in internal coordinates in au.
    
	Criteria marked as inactive (o), active & met (*), and active & unmet ( ).

	----------------------------------------------------------------------------------------------
	   Step    Total Energy     Delta E     Max Force     RMS Force      Max Disp      RMS Disp   
	----------------------------------------------------------------------------------------------
	  Convergence Criteria     1.00e-06 *    3.00e-04 *             o    1.20e-03 *             o
	----------------------------------------------------------------------------------------------
	     3    -266.97163787   -1.57e-01      3.64e-01      3.64e-01 o    3.00e-01      3.00e-01 o  ~
	----------------------------------------------------------------------------------------------


2025-07-17:09:53:33,910 INFO     [psi4.optking.stepAlgorithms:266] 	Convergence check returned False
2025-07-17:09:53:33,926 INFO     [psi4.driver.task_planner:285] PLANNING Atomic:  keywords={'DAMPING_PERCENTAGE': 1.0, 'GEOM_MAXITER': 500, 'SCF__GUESS': 'READ', 'GUESS': 'SAP', 'MAXITER': 500, 'REFERENCE': 'UKS', 'function_kwargs': {}}
2025-07-17:09:53:33,927 INFO     [psi4.driver.driver:636] Compute gradient(): method=b3lyp, basis=cc-pvdz, molecule=default, nre=20.854818723905872
2025-07-17:09:53:35,45 INFO     [psi4.driver.driver:639] Return gradient(): -267.0482044452147
2025-07-17:09:53:35,45 INFO     [psi4.driver.driver:640] [[ 0.00000000 -0.00000000 -0.16340454]
 [ 0.00000000 -0.00000000  0.16339616]]
2025-07-17:09:53:35,48 INFO     [psi4.optking.history:257] 	Performing BFGS update.
2025-07-17:09:53:35,48 INFO     [psi4.optking.history:268] 	Using 3 previous steps for update.
2025-07-17:09:53:35,48 WARNING  [psi4.optking.history:286] 	Change in internal coordinate of 6.04e-01 exceeds limit of 5.00e-01.
2025-07-17:09:53:35,48 WARNING  [psi4.optking.history:291] 	Skipping Hessian update for step 2.
2025-07-17:09:53:35,48 WARNING  [psi4.optking.history:286] 	Change in internal coordinate of 8.49e-01 exceeds limit of 5.00e-01.
2025-07-17:09:53:35,48 WARNING  [psi4.optking.history:291] 	Skipping Hessian update for step 1.
2025-07-17:09:53:35,48 INFO     [psi4.optking.history:302] 	Steps to be used in Hessian update:  3

2025-07-17:09:53:35,48 INFO     [psi4.optking.history:400] 	Updated Hessian (in au) 
 	   0.667551

2025-07-17:09:53:35,48 INFO     [psi4.optking.molsys:874] Projected (PHP) Hessian matrix
	   0.667551

2025-07-17:09:53:35,48 INFO     [psi4.optking.opt_helper:168] 
	         Geometry (au)                                       Gradient (au)
   0.0000000000   0.0000000000   2.2135773739		   0.0000000000  -0.0000000000  -0.1634045363
   0.0000000000   0.0000000000  -0.9032082889		   0.0000000000  -0.0000000000   0.1633961577

2025-07-17:09:53:35,49 INFO     [psi4.optking.stepAlgorithms:315] 	Current Step Report 
 
	Current energy:      -267.0482044452
	Energy change for the previous step:
		Actual       :        -0.0765665737
		Projected    :        -0.0546817237

2025-07-17:09:53:35,49 INFO     [psi4.optking.stepAlgorithms:318] 	Energy ratio =    1.40022
2025-07-17:09:53:35,49 INFO     [psi4.optking.stepAlgorithms:750] 	Using RFO solution 1.
2025-07-17:09:53:35,49 INFO     [psi4.optking.displace:73] 	Determining Cartesian step for fragment 1.
2025-07-17:09:53:35,50 INFO     [psi4.optking.displace:378] 	Successfully converged to displaced geometry.
2025-07-17:09:53:35,50 INFO     [psi4.optking.displace:379] 	RMS(dx):  0.000e+00 	Max(dx):  0.000e+00 	RMS(dq):  0.000e+00
2025-07-17:09:53:35,50 INFO     [psi4.optking.displace:132] 

	        --- Internal Coordinate Step in ANG or DEG, aJ/ANG or AJ/DEG ---
	-------------------------------------------------------------------------------
	           Coordinate      Previous         Force          Change          New 
	           ----------      --------        ------          ------        ------
	               R(1,2)       1.64933        1.34621        0.12258       1.77191
	-------------------------------------------------------------------------------

2025-07-17:09:53:35,50 INFO     [psi4.optking.stepAlgorithms:96] 	|target step| :    0.2316417929
2025-07-17:09:53:35,50 INFO     [psi4.optking.stepAlgorithms:97] 	gradient     :   -0.1634003470
2025-07-17:09:53:35,50 INFO     [psi4.optking.stepAlgorithms:98] 	hessian      :    0.6675506274
2025-07-17:09:53:35,50 INFO     [psi4.optking.stepAlgorithms:177] 	Norm of achieved step-size    0.2316417929
2025-07-17:09:53:35,50 INFO     [psi4.optking.stepAlgorithms:179] 	Norm of achieved step-size (cart):    0.1637954826
2025-07-17:09:53:35,50 INFO     [psi4.optking.opt_helper:151] Molsys:

	                            ===> Fragment 1 <== 

	 Z (Atomic Numbers)          Masses                          Geom                  
	       5.000000            11.009305          0.00000000  0.00000000  2.32939827   
	      13.000000            26.981539          0.00000000  0.00000000 -1.01902919   

	 - Coordinate -           - BOHR/RAD -       - ANG/DEG -
	 R(1,2)           =         3.348427           1.771912

2025-07-17:09:53:35,51 INFO     [psi4.optking.convcheck:71] Performing convergence check.
2025-07-17:09:53:35,51 INFO     [psi4.optking.convcheck:263] 
	                                 ==> Convergence Check <==                                  
    
	Measures of convergence in internal coordinates in au.
    
	Criteria marked as inactive (o), active & met (*), and active & unmet ( ).

	----------------------------------------------------------------------------------------------
	   Step    Total Energy     Delta E     Max Force     RMS Force      Max Disp      RMS Disp   
	----------------------------------------------------------------------------------------------
	  Convergence Criteria     1.00e-06 *    3.00e-04 *             o    1.20e-03 *             o
	----------------------------------------------------------------------------------------------
	     4    -267.04820445   -7.66e-02      1.63e-01      1.63e-01 o    2.32e-01      2.32e-01 o  ~
	----------------------------------------------------------------------------------------------


2025-07-17:09:53:35,51 INFO     [psi4.optking.stepAlgorithms:266] 	Convergence check returned False
2025-07-17:09:53:35,66 INFO     [psi4.driver.task_planner:285] PLANNING Atomic:  keywords={'DAMPING_PERCENTAGE': 1.0, 'GEOM_MAXITER': 500, 'SCF__GUESS': 'READ', 'GUESS': 'SAP', 'MAXITER': 500, 'REFERENCE': 'UKS', 'function_kwargs': {}}
2025-07-17:09:53:35,67 INFO     [psi4.driver.driver:636] Compute gradient(): method=b3lyp, basis=cc-pvdz, molecule=default, nre=19.412097427274155
2025-07-17:09:53:36,179 INFO     [psi4.driver.driver:639] Return gradient(): -267.1333168736293
2025-07-17:09:53:36,179 INFO     [psi4.driver.driver:640] [[-0.00000000  0.00000000 -0.12008603]
 [ 0.00000000  0.00000000  0.12007478]]
2025-07-17:09:53:36,180 INFO     [psi4.optking.history:257] 	Performing BFGS update.
2025-07-17:09:53:36,181 INFO     [psi4.optking.history:268] 	Using 4 previous steps for update.
2025-07-17:09:53:36,181 WARNING  [psi4.optking.history:286] 	Change in internal coordinate of 5.32e-01 exceeds limit of 5.00e-01.
2025-07-17:09:53:36,181 WARNING  [psi4.optking.history:291] 	Skipping Hessian update for step 3.
2025-07-17:09:53:36,181 WARNING  [psi4.optking.history:286] 	Change in internal coordinate of 8.35e-01 exceeds limit of 5.00e-01.
2025-07-17:09:53:36,181 WARNING  [psi4.optking.history:291] 	Skipping Hessian update for step 2.
2025-07-17:09:53:36,181 WARNING  [psi4.optking.history:286] 	Change in internal coordinate of 1.08e+00 exceeds limit of 5.00e-01.
2025-07-17:09:53:36,181 WARNING  [psi4.optking.history:291] 	Skipping Hessian update for step 1.
2025-07-17:09:53:36,181 INFO     [psi4.optking.history:302] 	Steps to be used in Hessian update:  4

2025-07-17:09:53:36,181 INFO     [psi4.optking.history:400] 	Updated Hessian (in au) 
 	   0.187013

2025-07-17:09:53:36,181 INFO     [psi4.optking.molsys:874] Projected (PHP) Hessian matrix
	   0.187013

2025-07-17:09:53:36,181 INFO     [psi4.optking.opt_helper:168] 
	         Geometry (au)                                       Gradient (au)
   0.0000000000   0.0000000000   2.3780920654		  -0.0000000000   0.0000000000  -0.1200860286
   0.0000000000   0.0000000000  -0.9703353904		   0.0000000000   0.0000000000   0.1200747794

2025-07-17:09:53:36,181 INFO     [psi4.optking.stepAlgorithms:315] 	Current Step Report 
 
	Current energy:      -267.1333168736
	Energy change for the previous step:
		Actual       :        -0.0851124284
		Projected    :        -0.0189251747

2025-07-17:09:53:36,181 INFO     [psi4.optking.stepAlgorithms:318] 	Energy ratio =    4.49731
2025-07-17:09:53:36,181 INFO     [psi4.optking.stepAlgorithms:750] 	Using RFO solution 1.
2025-07-17:09:53:36,181 INFO     [psi4.optking.displace:73] 	Determining Cartesian step for fragment 1.
2025-07-17:09:53:36,181 INFO     [psi4.optking.displace:378] 	Successfully converged to displaced geometry.
2025-07-17:09:53:36,182 INFO     [psi4.optking.displace:379] 	RMS(dx):  0.000e+00 	Max(dx):  0.000e+00 	RMS(dq):  0.000e+00
2025-07-17:09:53:36,182 INFO     [psi4.optking.displace:132] 

	        --- Internal Coordinate Step in ANG or DEG, aJ/ANG or AJ/DEG ---
	-------------------------------------------------------------------------------
	           Coordinate      Previous         Force          Change          New 
	           ----------      --------        ------          ------        ------
	               R(1,2)       1.77191        0.98931        0.25862       2.03054
	-------------------------------------------------------------------------------

2025-07-17:09:53:36,182 INFO     [psi4.optking.stepAlgorithms:96] 	|target step| :    0.4887289172
2025-07-17:09:53:36,182 INFO     [psi4.optking.stepAlgorithms:97] 	gradient     :   -0.1200804040
2025-07-17:09:53:36,182 INFO     [psi4.optking.stepAlgorithms:98] 	hessian      :    0.1870126389
2025-07-17:09:53:36,182 INFO     [psi4.optking.stepAlgorithms:177] 	Norm of achieved step-size    0.4887289172
2025-07-17:09:53:36,182 INFO     [psi4.optking.stepAlgorithms:179] 	Norm of achieved step-size (cart):    0.3455835315
2025-07-17:09:53:36,182 INFO     [psi4.optking.opt_helper:151] Molsys:

	                            ===> Fragment 1 <== 

	 Z (Atomic Numbers)          Masses                          Geom                  
	       5.000000            11.009305          0.00000000  0.00000000  2.62245652   
	      13.000000            26.981539          0.00000000  0.00000000 -1.21469985   

	 - Coordinate -           - BOHR/RAD -       - ANG/DEG -
	 R(1,2)           =         3.837156           2.030536

2025-07-17:09:53:36,182 INFO     [psi4.optking.convcheck:71] Performing convergence check.
2025-07-17:09:53:36,182 INFO     [psi4.optking.convcheck:263] 
	                                 ==> Convergence Check <==                                  
    
	Measures of convergence in internal coordinates in au.
    
	Criteria marked as inactive (o), active & met (*), and active & unmet ( ).

	----------------------------------------------------------------------------------------------
	   Step    Total Energy     Delta E     Max Force     RMS Force      Max Disp      RMS Disp   
	----------------------------------------------------------------------------------------------
	  Convergence Criteria     1.00e-06 *    3.00e-04 *             o    1.20e-03 *             o
	----------------------------------------------------------------------------------------------
	     5    -267.13331687   -8.51e-02      1.20e-01      1.20e-01 o    4.89e-01      4.89e-01 o  ~
	----------------------------------------------------------------------------------------------


2025-07-17:09:53:36,182 INFO     [psi4.optking.stepAlgorithms:266] 	Convergence check returned False
2025-07-17:09:53:36,197 INFO     [psi4.driver.task_planner:285] PLANNING Atomic:  keywords={'DAMPING_PERCENTAGE': 1.0, 'GEOM_MAXITER': 500, 'SCF__GUESS': 'READ', 'GUESS': 'SAP', 'MAXITER': 500, 'REFERENCE': 'UKS', 'function_kwargs': {}}
2025-07-17:09:53:36,198 INFO     [psi4.driver.driver:636] Compute gradient(): method=b3lyp, basis=cc-pvdz, molecule=default, nre=16.939627599491697
2025-07-17:09:53:37,277 INFO     [psi4.driver.driver:639] Return gradient(): -267.16183455266577
2025-07-17:09:53:37,277 INFO     [psi4.driver.driver:640] [[ 0.00000000 -0.00000000 -0.01358379]
 [ 0.00000000  0.00000000  0.01357452]]
2025-07-17:09:53:37,279 INFO     [psi4.optking.history:257] 	Performing BFGS update.
2025-07-17:09:53:37,280 INFO     [psi4.optking.history:268] 	Using 4 previous steps for update.
2025-07-17:09:53:37,280 WARNING  [psi4.optking.history:286] 	Change in internal coordinate of 7.20e-01 exceeds limit of 5.00e-01.
2025-07-17:09:53:37,280 WARNING  [psi4.optking.history:291] 	Skipping Hessian update for step 4.
2025-07-17:09:53:37,280 WARNING  [psi4.optking.history:286] 	Change in internal coordinate of 1.02e+00 exceeds limit of 5.00e-01.
2025-07-17:09:53:37,280 WARNING  [psi4.optking.history:291] 	Skipping Hessian update for step 3.
2025-07-17:09:53:37,280 WARNING  [psi4.optking.history:286] 	Change in internal coordinate of 1.32e+00 exceeds limit of 5.00e-01.
2025-07-17:09:53:37,280 WARNING  [psi4.optking.history:291] 	Skipping Hessian update for step 2.
2025-07-17:09:53:37,280 WARNING  [psi4.optking.history:286] 	Change in internal coordinate of 1.57e+00 exceeds limit of 5.00e-01.
2025-07-17:09:53:37,280 WARNING  [psi4.optking.history:291] 	Skipping Hessian update for step 1.
2025-07-17:09:53:37,280 INFO     [psi4.optking.history:302] 	Steps to be used in Hessian update:  5

2025-07-17:09:53:37,281 INFO     [psi4.optking.history:400] 	Updated Hessian (in au) 
 	   0.217915

2025-07-17:09:53:37,281 INFO     [psi4.optking.molsys:874] Projected (PHP) Hessian matrix
	   0.217915

2025-07-17:09:53:37,281 INFO     [psi4.optking.opt_helper:168] 
	         Geometry (au)                                       Gradient (au)
   0.0000000000   0.0000000000   2.7251930182		   0.0000000000  -0.0000000000  -0.0135837913
   0.0000000000   0.0000000000  -1.1119633548		   0.0000000000   0.0000000000   0.0135745215

2025-07-17:09:53:37,281 INFO     [psi4.optking.stepAlgorithms:315] 	Current Step Report 
 
	Current energy:      -267.1618345527
	Energy change for the previous step:
		Actual       :        -0.0285176790
		Projected    :        -0.0293433829

2025-07-17:09:53:37,281 INFO     [psi4.optking.stepAlgorithms:318] 	Energy ratio =    0.97186
2025-07-17:09:53:37,281 INFO     [psi4.optking.stepAlgorithms:750] 	Using RFO solution 1.
2025-07-17:09:53:37,281 INFO     [psi4.optking.displace:73] 	Determining Cartesian step for fragment 1.
2025-07-17:09:53:37,282 INFO     [psi4.optking.displace:378] 	Successfully converged to displaced geometry.
2025-07-17:09:53:37,282 INFO     [psi4.optking.displace:379] 	RMS(dx):  1.282e-16 	Max(dx):  2.220e-16 	RMS(dq):  4.441e-16
2025-07-17:09:53:37,282 INFO     [psi4.optking.displace:132] 

	        --- Internal Coordinate Step in ANG or DEG, aJ/ANG or AJ/DEG ---
	-------------------------------------------------------------------------------
	           Coordinate      Previous         Force          Change          New 
	           ----------      --------        ------          ------        ------
	               R(1,2)       2.03054        0.11187        0.03285       2.06338
	-------------------------------------------------------------------------------

2025-07-17:09:53:37,282 INFO     [psi4.optking.stepAlgorithms:96] 	|target step| :    0.0620739647
2025-07-17:09:53:37,282 INFO     [psi4.optking.stepAlgorithms:97] 	gradient     :   -0.0135791564
2025-07-17:09:53:37,282 INFO     [psi4.optking.stepAlgorithms:98] 	hessian      :    0.2179147660
2025-07-17:09:53:37,282 INFO     [psi4.optking.stepAlgorithms:177] 	Norm of achieved step-size    0.0620739647
2025-07-17:09:53:37,282 INFO     [psi4.optking.stepAlgorithms:179] 	Norm of achieved step-size (cart):    0.0438929214
2025-07-17:09:53:37,282 INFO     [psi4.optking.opt_helper:151] Molsys:

	                            ===> Fragment 1 <== 

	 Z (Atomic Numbers)          Masses                          Geom                  
	       5.000000            11.009305          0.00000000  0.00000000  2.75623000   
	      13.000000            26.981539          0.00000000  0.00000000 -1.14300034   

	 - Coordinate -           - BOHR/RAD -       - ANG/DEG -
	 R(1,2)           =         3.899230           2.063384

2025-07-17:09:53:37,283 INFO     [psi4.optking.convcheck:71] Performing convergence check.
2025-07-17:09:53:37,283 INFO     [psi4.optking.convcheck:263] 
	                                 ==> Convergence Check <==                                  
    
	Measures of convergence in internal coordinates in au.
    
	Criteria marked as inactive (o), active & met (*), and active & unmet ( ).

	----------------------------------------------------------------------------------------------
	   Step    Total Energy     Delta E     Max Force     RMS Force      Max Disp      RMS Disp   
	----------------------------------------------------------------------------------------------
	  Convergence Criteria     1.00e-06 *    3.00e-04 *             o    1.20e-03 *             o
	----------------------------------------------------------------------------------------------
	     6    -267.16183455   -2.85e-02      1.36e-02      1.36e-02 o    6.21e-02      6.21e-02 o  ~
	----------------------------------------------------------------------------------------------


2025-07-17:09:53:37,283 INFO     [psi4.optking.stepAlgorithms:266] 	Convergence check returned False
2025-07-17:09:53:37,296 INFO     [psi4.driver.task_planner:285] PLANNING Atomic:  keywords={'DAMPING_PERCENTAGE': 1.0, 'GEOM_MAXITER': 500, 'SCF__GUESS': 'READ', 'GUESS': 'SAP', 'MAXITER': 500, 'REFERENCE': 'UKS', 'function_kwargs': {}}
2025-07-17:09:53:37,297 INFO     [psi4.driver.driver:636] Compute gradient(): method=b3lyp, basis=cc-pvdz, molecule=default, nre=16.669956470808394
2025-07-17:09:53:38,293 INFO     [psi4.driver.driver:639] Return gradient(): -267.1624418406028
2025-07-17:09:53:38,293 INFO     [psi4.driver.driver:640] [[ 0.00000000 -0.00000000 -0.00616176]
 [ 0.00000000  0.00000000  0.00615355]]
2025-07-17:09:53:38,294 INFO     [psi4.optking.history:257] 	Performing BFGS update.
2025-07-17:09:53:38,294 INFO     [psi4.optking.history:268] 	Using 4 previous steps for update.
2025-07-17:09:53:38,294 WARNING  [psi4.optking.history:286] 	Change in internal coordinate of 5.51e-01 exceeds limit of 5.00e-01.
2025-07-17:09:53:38,294 WARNING  [psi4.optking.history:291] 	Skipping Hessian update for step 5.
2025-07-17:09:53:38,294 WARNING  [psi4.optking.history:286] 	Change in internal coordinate of 7.82e-01 exceeds limit of 5.00e-01.
2025-07-17:09:53:38,294 WARNING  [psi4.optking.history:291] 	Skipping Hessian update for step 4.
2025-07-17:09:53:38,294 WARNING  [psi4.optking.history:286] 	Change in internal coordinate of 1.08e+00 exceeds limit of 5.00e-01.
2025-07-17:09:53:38,294 WARNING  [psi4.optking.history:291] 	Skipping Hessian update for step 3.
2025-07-17:09:53:38,295 WARNING  [psi4.optking.history:286] 	Change in internal coordinate of 1.39e+00 exceeds limit of 5.00e-01.
2025-07-17:09:53:38,295 WARNING  [psi4.optking.history:291] 	Skipping Hessian update for step 2.
2025-07-17:09:53:38,295 WARNING  [psi4.optking.history:286] 	Change in internal coordinate of 1.63e+00 exceeds limit of 5.00e-01.
2025-07-17:09:53:38,295 WARNING  [psi4.optking.history:291] 	Skipping Hessian update for step 1.
2025-07-17:09:53:38,295 INFO     [psi4.optking.history:302] 	Steps to be used in Hessian update:  6

2025-07-17:09:53:38,295 INFO     [psi4.optking.history:400] 	Updated Hessian (in au) 
 	   0.119559

2025-07-17:09:53:38,295 INFO     [psi4.optking.molsys:874] Projected (PHP) Hessian matrix
	   0.119559

2025-07-17:09:53:38,295 INFO     [psi4.optking.opt_helper:168] 
	         Geometry (au)                                       Gradient (au)
   0.0000000000   0.0000000000   2.7692786688		   0.0000000000  -0.0000000000  -0.0061617612
   0.0000000000   0.0000000000  -1.1299516689		   0.0000000000   0.0000000000   0.0061535509

2025-07-17:09:53:38,296 INFO     [psi4.optking.stepAlgorithms:315] 	Current Step Report 
 
	Current energy:      -267.1624418406
	Energy change for the previous step:
		Actual       :        -0.0006072879
		Projected    :        -0.0004214560

2025-07-17:09:53:38,296 INFO     [psi4.optking.stepAlgorithms:318] 	Energy ratio =    1.44093
2025-07-17:09:53:38,296 INFO     [psi4.optking.stepAlgorithms:750] 	Using RFO solution 1.
2025-07-17:09:53:38,296 INFO     [psi4.optking.displace:73] 	Determining Cartesian step for fragment 1.
2025-07-17:09:53:38,296 INFO     [psi4.optking.displace:378] 	Successfully converged to displaced geometry.
2025-07-17:09:53:38,296 INFO     [psi4.optking.displace:379] 	RMS(dx):  1.282e-16 	Max(dx):  2.220e-16 	RMS(dq):  4.441e-16
2025-07-17:09:53:38,296 INFO     [psi4.optking.displace:132] 

	        --- Internal Coordinate Step in ANG or DEG, aJ/ANG or AJ/DEG ---
	-------------------------------------------------------------------------------
	           Coordinate      Previous         Force          Change          New 
	           ----------      --------        ------          ------        ------
	               R(1,2)       2.06338        0.05073        0.02718       2.09057
	-------------------------------------------------------------------------------

2025-07-17:09:53:38,296 INFO     [psi4.optking.stepAlgorithms:96] 	|target step| :    0.0513671842
2025-07-17:09:53:38,296 INFO     [psi4.optking.stepAlgorithms:97] 	gradient     :   -0.0061576560
2025-07-17:09:53:38,296 INFO     [psi4.optking.stepAlgorithms:98] 	hessian      :    0.1195589872
2025-07-17:09:53:38,297 INFO     [psi4.optking.stepAlgorithms:177] 	Norm of achieved step-size    0.0513671842
2025-07-17:09:53:38,297 INFO     [psi4.optking.stepAlgorithms:179] 	Norm of achieved step-size (cart):    0.0363220843
2025-07-17:09:53:38,297 INFO     [psi4.optking.opt_helper:151] Molsys:

	                            ===> Fragment 1 <== 

	 Z (Atomic Numbers)          Masses                          Geom                  
	       5.000000            11.009305          0.00000000  0.00000000  2.79496226   
	      13.000000            26.981539          0.00000000  0.00000000 -1.15563526   

	 - Coordinate -           - BOHR/RAD -       - ANG/DEG -
	 R(1,2)           =         3.950598           2.090566

2025-07-17:09:53:38,297 INFO     [psi4.optking.convcheck:71] Performing convergence check.
2025-07-17:09:53:38,297 INFO     [psi4.optking.convcheck:263] 
	                                 ==> Convergence Check <==                                  
    
	Measures of convergence in internal coordinates in au.
    
	Criteria marked as inactive (o), active & met (*), and active & unmet ( ).

	----------------------------------------------------------------------------------------------
	   Step    Total Energy     Delta E     Max Force     RMS Force      Max Disp      RMS Disp   
	----------------------------------------------------------------------------------------------
	  Convergence Criteria     1.00e-06 *    3.00e-04 *             o    1.20e-03 *             o
	----------------------------------------------------------------------------------------------
	     7    -267.16244184   -6.07e-04      6.16e-03      6.16e-03 o    5.14e-02      5.14e-02 o  ~
	----------------------------------------------------------------------------------------------


2025-07-17:09:53:38,297 INFO     [psi4.optking.stepAlgorithms:266] 	Convergence check returned False
2025-07-17:09:53:38,312 INFO     [psi4.driver.task_planner:285] PLANNING Atomic:  keywords={'DAMPING_PERCENTAGE': 1.0, 'GEOM_MAXITER': 500, 'SCF__GUESS': 'READ', 'GUESS': 'SAP', 'MAXITER': 500, 'REFERENCE': 'UKS', 'function_kwargs': {}}
2025-07-17:09:53:38,313 INFO     [psi4.driver.driver:636] Compute gradient(): method=b3lyp, basis=cc-pvdz, molecule=default, nre=16.453207302976608
2025-07-17:09:53:39,253 INFO     [psi4.driver.driver:639] Return gradient(): -267.16261584656786
2025-07-17:09:53:39,253 INFO     [psi4.driver.driver:640] [[ 0.00000000  0.00000000 -0.00073261]
 [ 0.00000000  0.00000000  0.00072386]]
2025-07-17:09:53:39,254 INFO     [psi4.optking.history:257] 	Performing BFGS update.
2025-07-17:09:53:39,254 INFO     [psi4.optking.history:268] 	Using 4 previous steps for update.
2025-07-17:09:53:39,254 WARNING  [psi4.optking.history:286] 	Change in internal coordinate of 6.02e-01 exceeds limit of 5.00e-01.
2025-07-17:09:53:39,254 WARNING  [psi4.optking.history:291] 	Skipping Hessian update for step 5.
2025-07-17:09:53:39,254 WARNING  [psi4.optking.history:286] 	Change in internal coordinate of 8.34e-01 exceeds limit of 5.00e-01.
2025-07-17:09:53:39,254 WARNING  [psi4.optking.history:291] 	Skipping Hessian update for step 4.
2025-07-17:09:53:39,254 WARNING  [psi4.optking.history:286] 	Change in internal coordinate of 1.13e+00 exceeds limit of 5.00e-01.
2025-07-17:09:53:39,254 WARNING  [psi4.optking.history:291] 	Skipping Hessian update for step 3.
2025-07-17:09:53:39,255 WARNING  [psi4.optking.history:286] 	Change in internal coordinate of 1.44e+00 exceeds limit of 5.00e-01.
2025-07-17:09:53:39,255 WARNING  [psi4.optking.history:291] 	Skipping Hessian update for step 2.
2025-07-17:09:53:39,255 WARNING  [psi4.optking.history:286] 	Change in internal coordinate of 1.68e+00 exceeds limit of 5.00e-01.
2025-07-17:09:53:39,255 WARNING  [psi4.optking.history:291] 	Skipping Hessian update for step 1.
2025-07-17:09:53:39,255 INFO     [psi4.optking.history:302] 	Steps to be used in Hessian update:  7 6

2025-07-17:09:53:39,255 INFO     [psi4.optking.history:400] 	Updated Hessian (in au) 
 	   0.113283

2025-07-17:09:53:39,255 INFO     [psi4.optking.molsys:874] Projected (PHP) Hessian matrix
	   0.113283

2025-07-17:09:53:39,255 INFO     [psi4.optking.opt_helper:168] 
	         Geometry (au)                                       Gradient (au)
   0.0000000000   0.0000000000   2.8057602396		   0.0000000000   0.0000000000  -0.0007326068
   0.0000000000   0.0000000000  -1.1448372824		   0.0000000000   0.0000000000   0.0007238641

2025-07-17:09:53:39,255 INFO     [psi4.optking.stepAlgorithms:315] 	Current Step Report 
 
	Current energy:      -267.1626158466
	Energy change for the previous step:
		Actual       :        -0.0001740060
		Projected    :        -0.0001581507

2025-07-17:09:53:39,256 INFO     [psi4.optking.stepAlgorithms:318] 	Energy ratio =    1.10025
2025-07-17:09:53:39,256 INFO     [psi4.optking.stepAlgorithms:750] 	Using RFO solution 1.
2025-07-17:09:53:39,256 INFO     [psi4.optking.displace:73] 	Determining Cartesian step for fragment 1.
2025-07-17:09:53:39,256 INFO     [psi4.optking.displace:378] 	Successfully converged to displaced geometry.
2025-07-17:09:53:39,256 INFO     [psi4.optking.displace:379] 	RMS(dx):  0.000e+00 	Max(dx):  0.000e+00 	RMS(dq):  0.000e+00
2025-07-17:09:53:39,256 INFO     [psi4.optking.displace:132] 

	        --- Internal Coordinate Step in ANG or DEG, aJ/ANG or AJ/DEG ---
	-------------------------------------------------------------------------------
	           Coordinate      Previous         Force          Change          New 
	           ----------      --------        ------          ------        ------
	               R(1,2)       2.09057        0.00600        0.00340       2.09397
	-------------------------------------------------------------------------------

2025-07-17:09:53:39,256 INFO     [psi4.optking.stepAlgorithms:96] 	|target step| :    0.0064282128
2025-07-17:09:53:39,256 INFO     [psi4.optking.stepAlgorithms:97] 	gradient     :   -0.0007282355
2025-07-17:09:53:39,256 INFO     [psi4.optking.stepAlgorithms:98] 	hessian      :    0.1132827113
2025-07-17:09:53:39,256 INFO     [psi4.optking.stepAlgorithms:177] 	Norm of achieved step-size    0.0064282128
2025-07-17:09:53:39,257 INFO     [psi4.optking.stepAlgorithms:179] 	Norm of achieved step-size (cart):    0.0045454329
2025-07-17:09:53:39,257 INFO     [psi4.optking.opt_helper:151] Molsys:

	                            ===> Fragment 1 <== 

	 Z (Atomic Numbers)          Masses                          Geom                  
	       5.000000            11.009305          0.00000000  0.00000000  2.80897435   
	      13.000000            26.981539          0.00000000  0.00000000 -1.14805139   

	 - Coordinate -           - BOHR/RAD -       - ANG/DEG -
	 R(1,2)           =         3.957026           2.093968

2025-07-17:09:53:39,257 INFO     [psi4.optking.convcheck:71] Performing convergence check.
2025-07-17:09:53:39,257 INFO     [psi4.optking.convcheck:263] 
	                                 ==> Convergence Check <==                                  
    
	Measures of convergence in internal coordinates in au.
    
	Criteria marked as inactive (o), active & met (*), and active & unmet ( ).

	----------------------------------------------------------------------------------------------
	   Step    Total Energy     Delta E     Max Force     RMS Force      Max Disp      RMS Disp   
	----------------------------------------------------------------------------------------------
	  Convergence Criteria     1.00e-06 *    3.00e-04 *             o    1.20e-03 *             o
	----------------------------------------------------------------------------------------------
	     8    -267.16261585   -1.74e-04      7.28e-04      7.28e-04 o    6.43e-03      6.43e-03 o  ~
	----------------------------------------------------------------------------------------------


2025-07-17:09:53:39,257 INFO     [psi4.optking.stepAlgorithms:266] 	Convergence check returned False
2025-07-17:09:53:39,272 INFO     [psi4.driver.task_planner:285] PLANNING Atomic:  keywords={'DAMPING_PERCENTAGE': 1.0, 'GEOM_MAXITER': 500, 'SCF__GUESS': 'READ', 'GUESS': 'SAP', 'MAXITER': 500, 'REFERENCE': 'UKS', 'function_kwargs': {}}
2025-07-17:09:53:39,273 INFO     [psi4.driver.driver:636] Compute gradient(): method=b3lyp, basis=cc-pvdz, molecule=default, nre=16.426478965864654
2025-07-17:09:53:40,169 INFO     [psi4.driver.driver:639] Return gradient(): -267.1626184394625
2025-07-17:09:53:40,169 INFO     [psi4.driver.driver:640] [[ 0.00000000  0.00000000 -0.00009548]
 [ 0.00000000  0.00000000  0.00008658]]
2025-07-17:09:53:40,172 INFO     [psi4.optking.history:257] 	Performing BFGS update.
2025-07-17:09:53:40,172 INFO     [psi4.optking.history:268] 	Using 4 previous steps for update.
2025-07-17:09:53:40,173 WARNING  [psi4.optking.history:286] 	Change in internal coordinate of 6.09e-01 exceeds limit of 5.00e-01.
2025-07-17:09:53:40,173 WARNING  [psi4.optking.history:291] 	Skipping Hessian update for step 5.
2025-07-17:09:53:40,173 WARNING  [psi4.optking.history:286] 	Change in internal coordinate of 8.40e-01 exceeds limit of 5.00e-01.
2025-07-17:09:53:40,173 WARNING  [psi4.optking.history:291] 	Skipping Hessian update for step 4.
2025-07-17:09:53:40,173 WARNING  [psi4.optking.history:286] 	Change in internal coordinate of 1.14e+00 exceeds limit of 5.00e-01.
2025-07-17:09:53:40,173 WARNING  [psi4.optking.history:291] 	Skipping Hessian update for step 3.
2025-07-17:09:53:40,173 WARNING  [psi4.optking.history:286] 	Change in internal coordinate of 1.44e+00 exceeds limit of 5.00e-01.
2025-07-17:09:53:40,173 WARNING  [psi4.optking.history:291] 	Skipping Hessian update for step 2.
2025-07-17:09:53:40,173 WARNING  [psi4.optking.history:286] 	Change in internal coordinate of 1.69e+00 exceeds limit of 5.00e-01.
2025-07-17:09:53:40,173 WARNING  [psi4.optking.history:291] 	Skipping Hessian update for step 1.
2025-07-17:09:53:40,173 INFO     [psi4.optking.history:302] 	Steps to be used in Hessian update:  8 7 6

2025-07-17:09:53:40,174 INFO     [psi4.optking.history:400] 	Updated Hessian (in au) 
 	   0.112524

2025-07-17:09:53:40,174 INFO     [psi4.optking.molsys:874] Projected (PHP) Hessian matrix
	   0.112524

2025-07-17:09:53:40,174 INFO     [psi4.optking.opt_helper:168] 
	         Geometry (au)                                       Gradient (au)
   0.0000000000   0.0000000000   2.8103256310		   0.0000000000   0.0000000000  -0.0000954773
   0.0000000000   0.0000000000  -1.1467001038		   0.0000000000   0.0000000000   0.0000865846

2025-07-17:09:53:40,174 INFO     [psi4.optking.stepAlgorithms:315] 	Current Step Report 
 
	Current energy:      -267.1626184395
	Energy change for the previous step:
		Actual       :        -0.0000025929
		Projected    :        -0.0000023406

2025-07-17:09:53:40,174 INFO     [psi4.optking.stepAlgorithms:318] 	Energy ratio =    1.10778
2025-07-17:09:53:40,174 INFO     [psi4.optking.stepAlgorithms:750] 	Using RFO solution 1.
2025-07-17:09:53:40,174 INFO     [psi4.optking.displace:73] 	Determining Cartesian step for fragment 1.
2025-07-17:09:53:40,175 INFO     [psi4.optking.displace:378] 	Successfully converged to displaced geometry.
2025-07-17:09:53:40,175 INFO     [psi4.optking.displace:379] 	RMS(dx):  1.282e-16 	Max(dx):  2.220e-16 	RMS(dq):  4.441e-16
2025-07-17:09:53:40,175 INFO     [psi4.optking.displace:132] 

	        --- Internal Coordinate Step in ANG or DEG, aJ/ANG or AJ/DEG ---
	-------------------------------------------------------------------------------
	           Coordinate      Previous         Force          Change          New 
	           ----------      --------        ------          ------        ------
	               R(1,2)       2.09397        0.00075        0.00043       2.09440
	-------------------------------------------------------------------------------

2025-07-17:09:53:40,175 INFO     [psi4.optking.stepAlgorithms:96] 	|target step| :    0.0008089942
2025-07-17:09:53:40,175 INFO     [psi4.optking.stepAlgorithms:97] 	gradient     :   -0.0000910310
2025-07-17:09:53:40,175 INFO     [psi4.optking.stepAlgorithms:98] 	hessian      :    0.1125235443
2025-07-17:09:53:40,175 INFO     [psi4.optking.stepAlgorithms:177] 	Norm of achieved step-size    0.0008089942
2025-07-17:09:53:40,175 INFO     [psi4.optking.stepAlgorithms:179] 	Norm of achieved step-size (cart):    0.0005720453
2025-07-17:09:53:40,175 INFO     [psi4.optking.opt_helper:151] Molsys:

	                            ===> Fragment 1 <== 

	 Z (Atomic Numbers)          Masses                          Geom                  
	       5.000000            11.009305          0.00000000  0.00000000  2.81073013   
	      13.000000            26.981539          0.00000000  0.00000000 -1.14710460   

	 - Coordinate -           - BOHR/RAD -       - ANG/DEG -
	 R(1,2)           =         3.957835           2.094396

2025-07-17:09:53:40,176 INFO     [psi4.optking.convcheck:71] Performing convergence check.
2025-07-17:09:53:40,176 INFO     [psi4.optking.convcheck:263] 
	                                 ==> Convergence Check <==                                  
    
	Measures of convergence in internal coordinates in au.
    
	Criteria marked as inactive (o), active & met (*), and active & unmet ( ).

	----------------------------------------------------------------------------------------------
	   Step    Total Energy     Delta E     Max Force     RMS Force      Max Disp      RMS Disp   
	----------------------------------------------------------------------------------------------
	  Convergence Criteria     1.00e-06 *    3.00e-04 *             o    1.20e-03 *             o
	----------------------------------------------------------------------------------------------
	     9    -267.16261844   -2.59e-06      9.10e-05 *    9.10e-05 o    8.09e-04 *    8.09e-04 o  ~
	----------------------------------------------------------------------------------------------


2025-07-17:09:53:40,176 INFO     [psi4.optking.convcheck:193] 
	                      ===> Final Convergence Report <===                     

	----------------------------------------------------------------------------
	|   Required Criteria    |  One or More Criteria  |   Alternate Criteria   |
	----------------------------------------------------------------------------
	| [x]     max_force      | [ ]       max_DE       |                        |
	|                        | [x]      max_disp      |                        |
	----------------------------------------------------------------------------


2025-07-17:09:53:40,176 INFO     [psi4.optking.stepAlgorithms:266] 	Convergence check returned True
2025-07-17:09:53:40,176 INFO     [psi4.optking.optimize:286] 	Converged in 9 steps!
2025-07-17:09:53:40,176 INFO     [psi4.optking.optimize:287] 	Final energy is   -267.1626184394625
2025-07-17:09:53:40,176 INFO     [psi4.optking.optimize:288] 	Final structure (Angstroms): 
	Fragment 1 (Ang)

	    B   0.0000000000   0.0000000000   1.4873743291
	   Al   0.0000000000   0.0000000000  -0.6070216130


2025-07-17:09:53:40,177 INFO     [psi4.optking.optimize:432] 	Optimization Finished

	==> Optimization Summary <==

        
	Measures of convergence in internal coordinates in au. (Any backward steps not shown.)
        
	---------------------------------------------------------------------------------------------------------------  ~
        
	 Step         Total Energy             Delta E       MAX Force       RMS Force        MAX Disp        RMS Disp   ~
        
	---------------------------------------------------------------------------------------------------------------  ~
        
	     1    -266.597197508757   -266.597197508757      1.09263341      1.09263341      0.24550964      0.24550964  ~
	     2    -266.814601672885     -0.217404164128      0.69803707      0.69803707      0.30313717      0.30313717  ~
	     3    -266.971637871534     -0.157036198648      0.36397762      0.36397762      0.30046751      0.30046751  ~
	     4    -267.048204445215     -0.076566573681      0.16340035      0.16340035      0.23164179      0.23164179  ~
	     5    -267.133316873629     -0.085112428415      0.12008040      0.12008040      0.48872892      0.48872892  ~
	     6    -267.161834552666     -0.028517679036      0.01357916      0.01357916      0.06207396      0.06207396  ~
	     7    -267.162441840603     -0.000607287937      0.00615766      0.00615766      0.05136718      0.05136718  ~
	     8    -267.162615846568     -0.000174005965      0.00072824      0.00072824      0.00642821      0.00642821  ~
	     9    -267.162618439463     -0.000002592895      0.00009103      0.00009103      0.00080899      0.00080899  ~
	----------------------------------------------------------------------------------------------------------------


2025-07-17:09:53:40,177 INFO     [psi4.optking.optimize:640] Preparing OptimizationResult
