2025-07-17:09:17:39,203 INFO     [psi4.optking.optwrapper:214] Creating a UserComputer
2025-07-17:09:17:39,203 INFO     [psi4.optking.optwrapper:222] 
    			-----------------------------------------

    			 OPTKING 3.0: for geometry optimizations 

    			     By R.A. King, Bethel University     

    			        with contributions from          

    			    A.V. Copan, J. Cayton, A. Heide      

    			-----------------------------------------

    
2025-07-17:09:17:39,203 INFO     [psi4.optking.optwrapper:238] 
		 -- Optimization Parameters --
	accept_symmetry_breaking       =           False
	alg_geom_maxiter               =             500
	bt_dx_conv                     =           1e-07
	bt_dx_rms_change_conv          =           1e-12
	bt_max_iter                    =              25
	cart_hess_read                 =           False
	consecutive_backsteps_allowed  =               0
	conv_max_DE                    =           1e-06
	conv_max_disp                  =          0.0012
	conv_max_force                 =          0.0003
	conv_rms_disp                  =              -1
	conv_rms_force                 =              -1
	covalent_connect               =             1.3
	dynamic_level                  =               0
	dynamic_level_max              =               0
	ensure_bt_convergence          =           False
	ext_force_bend                 =              []
	ext_force_cartesian            =              []
	ext_force_dihedral             =              []
	ext_force_distance             =              []
	ext_force_oofp                 =              []
	fix_val_near_pi                =            1.57
	flexible_g_convergence         =           False
	frag_mode                      =          SINGLE
	frag_ref_atoms                 =            None
	freeze_intrafrag               =           False
	frozen_bend                    =              []
	frozen_cartesian               =              []
	frozen_dihedral                =              []
	frozen_distance                =              []
	frozen_oofp                    =              []
	full_hess_every                =              -1
	g_convergence                  =           QCHEM
	generate_intcos_exit           =           False
	geom_maxiter                   =             500
	h_bond_connect                 =             4.3
	hess_update                    =            BFGS
	hess_update_den_tol            =           1e-07
	hess_update_dq_tol             =             0.5
	hess_update_limit              =            True
	hess_update_limit_max          =             1.0
	hess_update_limit_scale        =             0.5
	hess_update_use_last           =               4
	hessian_file                   =            None
	i_max_DE                       =            True
	i_max_disp                     =            True
	i_max_force                    =            True
	i_rms_disp                     =           False
	i_rms_force                    =           False
	i_untampered                   =            True
	include_oofp                   =           False
	interfrag_collinear_tol        =            0.01
	interfrag_coords               =            None
	interfrag_dist_inv             =           False
	interfrag_mode                 =           FIXED
	interfrag_trust                =             0.5
	interfrag_trust_max            =             1.0
	interfrag_trust_min            =           0.001
	interfragment_connect          =             1.8
	intrafrag_hess                 =        SCHLEGEL
	intrafrag_trust                =             0.5
	intrafrag_trust_max            =             1.0
	intrafrag_trust_min            =           0.001
	irc_direction                  =         FORWARD
	irc_points                     =              20
	irc_step_size                  =             0.2
	keep_intcos                    =           False
	linear_bend_threshold          =            3.05
	linesearch                     =           False
	linesearch_step                =             0.1
	max_disp_g_convergence         =          0.0012
	max_energy_g_convergence       =           1e-06
	max_force_g_convergence        =          0.0003
	opt_coordinates                =       REDUNDANT
	opt_type                       =             MIN
	output_type                    =            FILE
	print_lvl                      =               1
	program                        =            psi4
	ranged_bend                    =              []
	ranged_cartesian               =              []
	ranged_dihedral                =              []
	ranged_distance                =              []
	ranged_oofp                    =              []
	redundant_eval_tol             =           1e-10
	rfo_follow_root                =           False
	rfo_normalization_max          =             100
	rfo_root                       =               0
	rms_disp_g_convergence         =          0.0012
	rms_force_g_convergence        =          0.0003
	rsrfo_alpha_max                =     100000000.0
	sd_hessian                     =             1.0
	simple_step_scaling            =           False
	small_bend_fix_threshold       =            0.35
	steepest_descent_type          =         OVERLAP
	step_type                      =             RFO
	test_B                         =           False
	test_derivative_B              =           False
	trajectory                     =           False
	v3d_tors_angle_lim             =           0.017
	v3d_tors_cos_tol               =           1e-10
	working_consecutive_backsteps  =               0
	working_steps_since_last_H     =               0


2025-07-17:09:17:39,693 INFO     [psi4.optking.opt_helper:151] Molsys:

	                            ===> Fragment 1 <== 

	 Z (Atomic Numbers)          Masses                          Geom                  
	       2.000000             4.002603          0.00000000  0.00000000  1.44392031   
	       3.000000             7.016003          0.00000000  0.00000000 -0.82375104   

	 - Coordinate -           - BOHR/RAD -       - ANG/DEG -
	 R(1,2)           =         2.267671           1.200000

2025-07-17:09:17:39,704 INFO     [psi4.driver.task_planner:285] PLANNING Atomic:  keywords={'DAMPING_PERCENTAGE': 1.0, 'GEOM_MAXITER': 500, 'GUESS': 'SAP', 'MAXITER': 500, 'REFERENCE': 'UKS', 'function_kwargs': {}}
2025-07-17:09:17:39,705 INFO     [psi4.driver.driver:636] Compute gradient(): method=b3lyp, basis=cc-pvdz, molecule=default, nre=2.6458860533500004
2025-07-17:09:17:40,344 INFO     [psi4.driver.driver:639] Return gradient(): -9.533616798312545
2025-07-17:09:17:40,344 INFO     [psi4.driver.driver:640] [[-0.00000000  0.00000000 -0.14088660]
 [ 0.00000000  0.00000000  0.14087420]]
2025-07-17:09:17:40,346 INFO     [psi4.optking.molsys:874] Projected (PHP) Hessian matrix
	   0.246653

2025-07-17:09:17:40,346 INFO     [psi4.optking.opt_helper:168] 
	         Geometry (au)                                       Gradient (au)
   0.0000000000   0.0000000000   1.4439203100		  -0.0000000000   0.0000000000  -0.1408865979
   0.0000000000   0.0000000000  -0.8237510406		   0.0000000000   0.0000000000   0.1408741994

2025-07-17:09:17:40,346 INFO     [psi4.optking.stepAlgorithms:750] 	Using RFO solution 1.
2025-07-17:09:17:40,346 INFO     [psi4.optking.displace:73] 	Determining Cartesian step for fragment 1.
2025-07-17:09:17:40,346 INFO     [psi4.optking.displace:378] 	Successfully converged to displaced geometry.
2025-07-17:09:17:40,346 INFO     [psi4.optking.displace:379] 	RMS(dx):  0.000e+00 	Max(dx):  0.000e+00 	RMS(dq):  0.000e+00
2025-07-17:09:17:40,346 INFO     [psi4.optking.displace:132] 

	        --- Internal Coordinate Step in ANG or DEG, aJ/ANG or AJ/DEG ---
	-------------------------------------------------------------------------------
	           Coordinate      Previous         Force          Change          New 
	           ----------      --------        ------          ------        ------
	               R(1,2)       1.20000        1.16067        0.24005       1.44005
	-------------------------------------------------------------------------------

2025-07-17:09:17:40,346 INFO     [psi4.optking.stepAlgorithms:96] 	|target step| :    0.4536323709
2025-07-17:09:17:40,346 INFO     [psi4.optking.stepAlgorithms:97] 	gradient     :   -0.1408803987
2025-07-17:09:17:40,346 INFO     [psi4.optking.stepAlgorithms:98] 	hessian      :    0.2466528172
2025-07-17:09:17:40,346 INFO     [psi4.optking.stepAlgorithms:177] 	Norm of achieved step-size    0.4536323709
2025-07-17:09:17:40,346 INFO     [psi4.optking.stepAlgorithms:179] 	Norm of achieved step-size (cart):    0.3207665256
2025-07-17:09:17:40,347 INFO     [psi4.optking.opt_helper:151] Molsys:

	                            ===> Fragment 1 <== 

	 Z (Atomic Numbers)          Masses                          Geom                  
	       2.000000             4.002603          0.00000000  0.00000000  1.67073650   
	       3.000000             7.016003          0.00000000  0.00000000 -1.05056723   

	 - Coordinate -           - BOHR/RAD -       - ANG/DEG -
	 R(1,2)           =         2.721304           1.440052

2025-07-17:09:17:40,347 INFO     [psi4.optking.convcheck:71] Performing convergence check.
2025-07-17:09:17:40,347 INFO     [psi4.optking.convcheck:263] 
	                                 ==> Convergence Check <==                                  
    
	Measures of convergence in internal coordinates in au.
    
	Criteria marked as inactive (o), active & met (*), and active & unmet ( ).

	----------------------------------------------------------------------------------------------
	   Step    Total Energy     Delta E     Max Force     RMS Force      Max Disp      RMS Disp   
	----------------------------------------------------------------------------------------------
	  Convergence Criteria     1.00e-06 *    3.00e-04 *             o    1.20e-03 *             o
	----------------------------------------------------------------------------------------------
	     1      -9.53361680   -9.53e+00      1.41e-01      1.41e-01 o    4.54e-01      4.54e-01 o  ~
	----------------------------------------------------------------------------------------------


2025-07-17:09:17:40,347 INFO     [psi4.optking.stepAlgorithms:266] 	Convergence check returned False
2025-07-17:09:17:40,363 INFO     [psi4.driver.task_planner:285] PLANNING Atomic:  keywords={'DAMPING_PERCENTAGE': 1.0, 'GEOM_MAXITER': 500, 'SCF__GUESS': 'READ', 'GUESS': 'SAP', 'MAXITER': 500, 'REFERENCE': 'UKS', 'function_kwargs': {}}
2025-07-17:09:17:40,368 INFO     [psi4.driver.driver:636] Compute gradient(): method=b3lyp, basis=cc-pvdz, molecule=default, nre=2.204825559414572
2025-07-17:09:17:40,955 INFO     [psi4.driver.driver:639] Return gradient(): -9.579432085355618
2025-07-17:09:17:40,955 INFO     [psi4.driver.driver:640] [[-0.00000000  0.00000000 -0.07178157]
 [-0.00000000 -0.00000000  0.07176398]]
2025-07-17:09:17:40,957 INFO     [psi4.optking.history:257] 	Performing BFGS update.
2025-07-17:09:17:40,957 INFO     [psi4.optking.history:268] 	Using 1 previous steps for update.
2025-07-17:09:17:40,957 INFO     [psi4.optking.history:302] 	Steps to be used in Hessian update:  1

2025-07-17:09:17:40,957 INFO     [psi4.optking.history:400] 	Updated Hessian (in au) 
 	   0.152343

2025-07-17:09:17:40,957 INFO     [psi4.optking.molsys:874] Projected (PHP) Hessian matrix
	   0.152343

2025-07-17:09:17:40,957 INFO     [psi4.optking.opt_helper:168] 
	         Geometry (au)                                       Gradient (au)
   0.0000000000   0.0000000000   1.7327668368		  -0.0000000000   0.0000000000  -0.0717815695
   0.0000000000   0.0000000000  -0.9885368846		  -0.0000000000  -0.0000000000   0.0717639812

2025-07-17:09:17:40,957 INFO     [psi4.optking.stepAlgorithms:315] 	Current Step Report 
 
	Current energy:        -9.5794320854
	Energy change for the previous step:
		Actual       :        -0.0458152870
		Projected    :        -0.0319539546

2025-07-17:09:17:40,957 INFO     [psi4.optking.stepAlgorithms:318] 	Energy ratio =    1.43379
2025-07-17:09:17:40,957 INFO     [psi4.optking.stepAlgorithms:346] 	Energy ratio indicates good step.
2025-07-17:09:17:40,957 INFO     [psi4.optking.stepAlgorithms:347] 	Intrafrag trust radius increased to 1.000e+00.
2025-07-17:09:17:40,958 INFO     [psi4.optking.stepAlgorithms:750] 	Using RFO solution 1.
2025-07-17:09:17:40,958 INFO     [psi4.optking.displace:73] 	Determining Cartesian step for fragment 1.
2025-07-17:09:17:40,958 INFO     [psi4.optking.displace:378] 	Successfully converged to displaced geometry.
2025-07-17:09:17:40,958 INFO     [psi4.optking.displace:379] 	RMS(dx):  0.000e+00 	Max(dx):  0.000e+00 	RMS(dq):  0.000e+00
2025-07-17:09:17:40,958 INFO     [psi4.optking.displace:132] 

	        --- Internal Coordinate Step in ANG or DEG, aJ/ANG or AJ/DEG ---
	-------------------------------------------------------------------------------
	           Coordinate      Previous         Force          Change          New 
	           ----------      --------        ------          ------        ------
	               R(1,2)       1.44005        0.59132        0.21003       1.65009
	-------------------------------------------------------------------------------

2025-07-17:09:17:40,958 INFO     [psi4.optking.stepAlgorithms:96] 	|target step| :    0.3969075614
2025-07-17:09:17:40,958 INFO     [psi4.optking.stepAlgorithms:97] 	gradient     :   -0.0717727754
2025-07-17:09:17:40,958 INFO     [psi4.optking.stepAlgorithms:98] 	hessian      :    0.1523427950
2025-07-17:09:17:40,958 INFO     [psi4.optking.stepAlgorithms:177] 	Norm of achieved step-size    0.3969075614
2025-07-17:09:17:40,958 INFO     [psi4.optking.stepAlgorithms:179] 	Norm of achieved step-size (cart):    0.2806560282
2025-07-17:09:17:40,958 INFO     [psi4.optking.opt_helper:151] Molsys:

	                            ===> Fragment 1 <== 

	 Z (Atomic Numbers)          Masses                          Geom                  
	       2.000000             4.002603          0.00000000  0.00000000  1.93122062   
	       3.000000             7.016003          0.00000000  0.00000000 -1.18699067   

	 - Coordinate -           - BOHR/RAD -       - ANG/DEG -
	 R(1,2)           =         3.118211           1.650086

2025-07-17:09:17:40,958 INFO     [psi4.optking.convcheck:71] Performing convergence check.
2025-07-17:09:17:40,958 INFO     [psi4.optking.convcheck:263] 
	                                 ==> Convergence Check <==                                  
    
	Measures of convergence in internal coordinates in au.
    
	Criteria marked as inactive (o), active & met (*), and active & unmet ( ).

	----------------------------------------------------------------------------------------------
	   Step    Total Energy     Delta E     Max Force     RMS Force      Max Disp      RMS Disp   
	----------------------------------------------------------------------------------------------
	  Convergence Criteria     1.00e-06 *    3.00e-04 *             o    1.20e-03 *             o
	----------------------------------------------------------------------------------------------
	     2      -9.57943209   -4.58e-02      7.18e-02      7.18e-02 o    3.97e-01      3.97e-01 o  ~
	----------------------------------------------------------------------------------------------


2025-07-17:09:17:40,958 INFO     [psi4.optking.stepAlgorithms:266] 	Convergence check returned False
2025-07-17:09:17:40,977 INFO     [psi4.driver.task_planner:285] PLANNING Atomic:  keywords={'DAMPING_PERCENTAGE': 1.0, 'GEOM_MAXITER': 500, 'SCF__GUESS': 'READ', 'GUESS': 'SAP', 'MAXITER': 500, 'REFERENCE': 'UKS', 'function_kwargs': {}}
2025-07-17:09:17:40,979 INFO     [psi4.driver.driver:636] Compute gradient(): method=b3lyp, basis=cc-pvdz, molecule=default, nre=1.9241800685306092
2025-07-17:09:17:41,564 INFO     [psi4.driver.driver:639] Return gradient(): -9.601927633002463
2025-07-17:09:17:41,564 INFO     [psi4.driver.driver:640] [[ 0.00000000  0.00000000 -0.04433106]
 [-0.00000000  0.00000000  0.04430944]]
2025-07-17:09:17:41,565 INFO     [psi4.optking.history:257] 	Performing BFGS update.
2025-07-17:09:17:41,566 INFO     [psi4.optking.history:268] 	Using 2 previous steps for update.
2025-07-17:09:17:41,566 WARNING  [psi4.optking.history:286] 	Change in internal coordinate of 8.51e-01 exceeds limit of 5.00e-01.
2025-07-17:09:17:41,566 WARNING  [psi4.optking.history:291] 	Skipping Hessian update for step 1.
2025-07-17:09:17:41,566 INFO     [psi4.optking.history:302] 	Steps to be used in Hessian update:  2

2025-07-17:09:17:41,566 INFO     [psi4.optking.history:400] 	Updated Hessian (in au) 
 	   0.069166

2025-07-17:09:17:41,566 INFO     [psi4.optking.molsys:874] Projected (PHP) Hessian matrix
	   0.069166

2025-07-17:09:17:41,566 INFO     [psi4.optking.opt_helper:168] 
	         Geometry (au)                                       Gradient (au)
   0.0000000000   0.0000000000   1.9854943271		   0.0000000000   0.0000000000  -0.0443310554
   0.0000000000   0.0000000000  -1.1327169558		  -0.0000000000   0.0000000000   0.0443094439

2025-07-17:09:17:41,566 INFO     [psi4.optking.stepAlgorithms:315] 	Current Step Report 
 
	Current energy:        -9.6019276330
	Energy change for the previous step:
		Actual       :        -0.0224955476
		Projected    :        -0.0142435786

2025-07-17:09:17:41,566 INFO     [psi4.optking.stepAlgorithms:318] 	Energy ratio =    1.57935
2025-07-17:09:17:41,566 INFO     [psi4.optking.stepAlgorithms:750] 	Using RFO solution 1.
2025-07-17:09:17:41,566 INFO     [psi4.optking.displace:73] 	Determining Cartesian step for fragment 1.
2025-07-17:09:17:41,566 INFO     [psi4.optking.displace:378] 	Successfully converged to displaced geometry.
2025-07-17:09:17:41,566 INFO     [psi4.optking.displace:379] 	RMS(dx):  1.282e-16 	Max(dx):  2.220e-16 	RMS(dq):  0.000e+00
2025-07-17:09:17:41,566 INFO     [psi4.optking.displace:132] 

	        --- Internal Coordinate Step in ANG or DEG, aJ/ANG or AJ/DEG ---
	-------------------------------------------------------------------------------
	           Coordinate      Previous         Force          Change          New 
	           ----------      --------        ------          ------        ------
	               R(1,2)       1.65009        0.36514        0.25830       1.90838
	-------------------------------------------------------------------------------

2025-07-17:09:17:41,566 INFO     [psi4.optking.stepAlgorithms:96] 	|target step| :    0.4881122392
2025-07-17:09:17:41,567 INFO     [psi4.optking.stepAlgorithms:97] 	gradient     :   -0.0443202496
2025-07-17:09:17:41,567 INFO     [psi4.optking.stepAlgorithms:98] 	hessian      :    0.0691660437
2025-07-17:09:17:41,567 INFO     [psi4.optking.stepAlgorithms:177] 	Norm of achieved step-size    0.4881122392
2025-07-17:09:17:41,567 INFO     [psi4.optking.stepAlgorithms:179] 	Norm of achieved step-size (cart):    0.3451474743
2025-07-17:09:17:41,567 INFO     [psi4.optking.opt_helper:151] Molsys:

	                            ===> Fragment 1 <== 

	 Z (Atomic Numbers)          Masses                          Geom                  
	       2.000000             4.002603          0.00000000  0.00000000  2.22955045   
	       3.000000             7.016003          0.00000000  0.00000000 -1.37677308   

	 - Coordinate -           - BOHR/RAD -       - ANG/DEG -
	 R(1,2)           =         3.606324           1.908384

2025-07-17:09:17:41,567 INFO     [psi4.optking.convcheck:71] Performing convergence check.
2025-07-17:09:17:41,567 INFO     [psi4.optking.convcheck:263] 
	                                 ==> Convergence Check <==                                  
    
	Measures of convergence in internal coordinates in au.
    
	Criteria marked as inactive (o), active & met (*), and active & unmet ( ).

	----------------------------------------------------------------------------------------------
	   Step    Total Energy     Delta E     Max Force     RMS Force      Max Disp      RMS Disp   
	----------------------------------------------------------------------------------------------
	  Convergence Criteria     1.00e-06 *    3.00e-04 *             o    1.20e-03 *             o
	----------------------------------------------------------------------------------------------
	     3      -9.60192763   -2.25e-02      4.43e-02      4.43e-02 o    4.88e-01      4.88e-01 o  ~
	----------------------------------------------------------------------------------------------


2025-07-17:09:17:41,567 INFO     [psi4.optking.stepAlgorithms:266] 	Convergence check returned False
2025-07-17:09:17:41,582 INFO     [psi4.driver.task_planner:285] PLANNING Atomic:  keywords={'DAMPING_PERCENTAGE': 1.0, 'GEOM_MAXITER': 500, 'SCF__GUESS': 'READ', 'GUESS': 'SAP', 'MAXITER': 500, 'REFERENCE': 'UKS', 'function_kwargs': {}}
2025-07-17:09:17:41,584 INFO     [psi4.driver.driver:636] Compute gradient(): method=b3lyp, basis=cc-pvdz, molecule=default, nre=1.663744243477685
2025-07-17:09:17:42,159 INFO     [psi4.driver.driver:639] Return gradient(): -9.618353800353699
2025-07-17:09:17:42,159 INFO     [psi4.driver.driver:640] [[ 0.00000000  0.00000000 -0.02433574]
 [ 0.00000000 -0.00000000  0.02437101]]
2025-07-17:09:17:42,160 INFO     [psi4.optking.history:257] 	Performing BFGS update.
2025-07-17:09:17:42,160 INFO     [psi4.optking.history:268] 	Using 3 previous steps for update.
2025-07-17:09:17:42,161 WARNING  [psi4.optking.history:286] 	Change in internal coordinate of 8.85e-01 exceeds limit of 5.00e-01.
2025-07-17:09:17:42,161 WARNING  [psi4.optking.history:291] 	Skipping Hessian update for step 2.
2025-07-17:09:17:42,161 WARNING  [psi4.optking.history:286] 	Change in internal coordinate of 1.34e+00 exceeds limit of 5.00e-01.
2025-07-17:09:17:42,161 WARNING  [psi4.optking.history:291] 	Skipping Hessian update for step 1.
2025-07-17:09:17:42,161 INFO     [psi4.optking.history:302] 	Steps to be used in Hessian update:  3

2025-07-17:09:17:42,161 INFO     [psi4.optking.history:400] 	Updated Hessian (in au) 
 	   0.040906

2025-07-17:09:17:42,161 INFO     [psi4.optking.molsys:874] Projected (PHP) Hessian matrix
	   0.040906

2025-07-17:09:17:42,161 INFO     [psi4.optking.opt_helper:168] 
	         Geometry (au)                                       Gradient (au)
   0.0000000000   0.0000000000   2.2962956147		   0.0000000000   0.0000000000  -0.0243357357
   0.0000000000   0.0000000000  -1.3100279074		   0.0000000000  -0.0000000000   0.0243710084

2025-07-17:09:17:42,161 INFO     [psi4.optking.stepAlgorithms:315] 	Current Step Report 
 
	Current energy:        -9.6183538004
	Energy change for the previous step:
		Actual       :        -0.0164261674
		Projected    :        -0.0108166281

2025-07-17:09:17:42,161 INFO     [psi4.optking.stepAlgorithms:318] 	Energy ratio =    1.51860
2025-07-17:09:17:42,161 INFO     [psi4.optking.stepAlgorithms:750] 	Using RFO solution 1.
2025-07-17:09:17:42,161 INFO     [psi4.optking.displace:73] 	Determining Cartesian step for fragment 1.
2025-07-17:09:17:42,161 INFO     [psi4.optking.displace:378] 	Successfully converged to displaced geometry.
2025-07-17:09:17:42,161 INFO     [psi4.optking.displace:379] 	RMS(dx):  0.000e+00 	Max(dx):  0.000e+00 	RMS(dq):  0.000e+00
2025-07-17:09:17:42,161 INFO     [psi4.optking.displace:132] 

	        --- Internal Coordinate Step in ANG or DEG, aJ/ANG or AJ/DEG ---
	-------------------------------------------------------------------------------
	           Coordinate      Previous         Force          Change          New 
	           ----------      --------        ------          ------        ------
	               R(1,2)       1.90838        0.20064        0.24662       2.15500
	-------------------------------------------------------------------------------

2025-07-17:09:17:42,161 INFO     [psi4.optking.stepAlgorithms:96] 	|target step| :    0.4660399973
2025-07-17:09:17:42,162 INFO     [psi4.optking.stepAlgorithms:97] 	gradient     :   -0.0243533720
2025-07-17:09:17:42,162 INFO     [psi4.optking.stepAlgorithms:98] 	hessian      :    0.0409063244
2025-07-17:09:17:42,162 INFO     [psi4.optking.stepAlgorithms:177] 	Norm of achieved step-size    0.4660399973
2025-07-17:09:17:42,162 INFO     [psi4.optking.stepAlgorithms:179] 	Norm of achieved step-size (cart):    0.3295400424
2025-07-17:09:17:42,162 INFO     [psi4.optking.opt_helper:151] Molsys:

	                            ===> Fragment 1 <== 

	 Z (Atomic Numbers)          Masses                          Geom                  
	       2.000000             4.002603          0.00000000  0.00000000  2.52931561   
	       3.000000             7.016003          0.00000000  0.00000000 -1.54304791   

	 - Coordinate -           - BOHR/RAD -       - ANG/DEG -
	 R(1,2)           =         4.072364           2.155002

2025-07-17:09:17:42,162 INFO     [psi4.optking.convcheck:71] Performing convergence check.
2025-07-17:09:17:42,162 INFO     [psi4.optking.convcheck:263] 
	                                 ==> Convergence Check <==                                  
    
	Measures of convergence in internal coordinates in au.
    
	Criteria marked as inactive (o), active & met (*), and active & unmet ( ).

	----------------------------------------------------------------------------------------------
	   Step    Total Energy     Delta E     Max Force     RMS Force      Max Disp      RMS Disp   
	----------------------------------------------------------------------------------------------
	  Convergence Criteria     1.00e-06 *    3.00e-04 *             o    1.20e-03 *             o
	----------------------------------------------------------------------------------------------
	     4      -9.61835380   -1.64e-02      2.44e-02      2.44e-02 o    4.66e-01      4.66e-01 o  ~
	----------------------------------------------------------------------------------------------


2025-07-17:09:17:42,162 INFO     [psi4.optking.stepAlgorithms:266] 	Convergence check returned False
2025-07-17:09:17:42,177 INFO     [psi4.driver.task_planner:285] PLANNING Atomic:  keywords={'DAMPING_PERCENTAGE': 1.0, 'GEOM_MAXITER': 500, 'SCF__GUESS': 'READ', 'GUESS': 'SAP', 'MAXITER': 500, 'REFERENCE': 'UKS', 'function_kwargs': {}}
2025-07-17:09:17:42,178 INFO     [psi4.driver.driver:636] Compute gradient(): method=b3lyp, basis=cc-pvdz, molecule=default, nre=1.4733458767804053
2025-07-17:09:17:42,728 INFO     [psi4.driver.driver:639] Return gradient(): -9.62628765015198
2025-07-17:09:17:42,729 INFO     [psi4.driver.driver:640] [[ 0.00000000  0.00000000 -0.01020707]
 [ 0.00000000  0.00000000  0.01020779]]
2025-07-17:09:17:42,731 INFO     [psi4.optking.history:257] 	Performing BFGS update.
2025-07-17:09:17:42,731 INFO     [psi4.optking.history:268] 	Using 4 previous steps for update.
2025-07-17:09:17:42,731 WARNING  [psi4.optking.history:286] 	Change in internal coordinate of 9.54e-01 exceeds limit of 5.00e-01.
2025-07-17:09:17:42,731 WARNING  [psi4.optking.history:291] 	Skipping Hessian update for step 3.
2025-07-17:09:17:42,731 WARNING  [psi4.optking.history:286] 	Change in internal coordinate of 1.35e+00 exceeds limit of 5.00e-01.
2025-07-17:09:17:42,731 WARNING  [psi4.optking.history:291] 	Skipping Hessian update for step 2.
2025-07-17:09:17:42,731 WARNING  [psi4.optking.history:286] 	Change in internal coordinate of 1.80e+00 exceeds limit of 5.00e-01.
2025-07-17:09:17:42,731 WARNING  [psi4.optking.history:291] 	Skipping Hessian update for step 1.
2025-07-17:09:17:42,731 INFO     [psi4.optking.history:302] 	Steps to be used in Hessian update:  4

2025-07-17:09:17:42,731 INFO     [psi4.optking.history:400] 	Updated Hessian (in au) 
 	   0.030353

2025-07-17:09:17:42,731 INFO     [psi4.optking.molsys:874] Projected (PHP) Hessian matrix
	   0.030353

2025-07-17:09:17:42,731 INFO     [psi4.optking.opt_helper:168] 
	         Geometry (au)                                       Gradient (au)
   0.0000000000   0.0000000000   2.5930425914		   0.0000000000   0.0000000000  -0.0102070709
   0.0000000000   0.0000000000  -1.4793209280		   0.0000000000   0.0000000000   0.0102077857

2025-07-17:09:17:42,731 INFO     [psi4.optking.stepAlgorithms:315] 	Current Step Report 
 
	Current energy:        -9.6262876502
	Energy change for the previous step:
		Actual       :        -0.0079338498
		Projected    :        -0.0056748227

2025-07-17:09:17:42,732 INFO     [psi4.optking.stepAlgorithms:318] 	Energy ratio =    1.39808
2025-07-17:09:17:42,732 INFO     [psi4.optking.stepAlgorithms:750] 	Using RFO solution 1.
2025-07-17:09:17:42,732 INFO     [psi4.optking.displace:73] 	Determining Cartesian step for fragment 1.
2025-07-17:09:17:42,732 INFO     [psi4.optking.displace:378] 	Successfully converged to displaced geometry.
2025-07-17:09:17:42,732 INFO     [psi4.optking.displace:379] 	RMS(dx):  2.564e-16 	Max(dx):  4.441e-16 	RMS(dq):  8.882e-16
2025-07-17:09:17:42,732 INFO     [psi4.optking.displace:132] 

	        --- Internal Coordinate Step in ANG or DEG, aJ/ANG or AJ/DEG ---
	-------------------------------------------------------------------------------
	           Coordinate      Previous         Force          Change          New 
	           ----------      --------        ------          ------        ------
	               R(1,2)       2.15500        0.08410        0.16140       2.31640
	-------------------------------------------------------------------------------

2025-07-17:09:17:42,732 INFO     [psi4.optking.stepAlgorithms:96] 	|target step| :    0.3050017946
2025-07-17:09:17:42,732 INFO     [psi4.optking.stepAlgorithms:97] 	gradient     :   -0.0102074283
2025-07-17:09:17:42,732 INFO     [psi4.optking.stepAlgorithms:98] 	hessian      :    0.0303534972
2025-07-17:09:17:42,732 INFO     [psi4.optking.stepAlgorithms:177] 	Norm of achieved step-size    0.3050017946
2025-07-17:09:17:42,732 INFO     [psi4.optking.stepAlgorithms:179] 	Norm of achieved step-size (cart):    0.2156688372
2025-07-17:09:17:42,732 INFO     [psi4.optking.opt_helper:151] Molsys:

	                            ===> Fragment 1 <== 

	 Z (Atomic Numbers)          Masses                          Geom                  
	       2.000000             4.002603          0.00000000  0.00000000  2.74554349   
	       3.000000             7.016003          0.00000000  0.00000000 -1.63182183   

	 - Coordinate -           - BOHR/RAD -       - ANG/DEG -
	 R(1,2)           =         4.377365           2.316402

2025-07-17:09:17:42,732 INFO     [psi4.optking.convcheck:71] Performing convergence check.
2025-07-17:09:17:42,732 INFO     [psi4.optking.convcheck:263] 
	                                 ==> Convergence Check <==                                  
    
	Measures of convergence in internal coordinates in au.
    
	Criteria marked as inactive (o), active & met (*), and active & unmet ( ).

	----------------------------------------------------------------------------------------------
	   Step    Total Energy     Delta E     Max Force     RMS Force      Max Disp      RMS Disp   
	----------------------------------------------------------------------------------------------
	  Convergence Criteria     1.00e-06 *    3.00e-04 *             o    1.20e-03 *             o
	----------------------------------------------------------------------------------------------
	     5      -9.62628765   -7.93e-03      1.02e-02      1.02e-02 o    3.05e-01      3.05e-01 o  ~
	----------------------------------------------------------------------------------------------


2025-07-17:09:17:42,732 INFO     [psi4.optking.stepAlgorithms:266] 	Convergence check returned False
2025-07-17:09:17:42,747 INFO     [psi4.driver.task_planner:285] PLANNING Atomic:  keywords={'DAMPING_PERCENTAGE': 1.0, 'GEOM_MAXITER': 500, 'SCF__GUESS': 'READ', 'GUESS': 'SAP', 'MAXITER': 500, 'REFERENCE': 'UKS', 'function_kwargs': {}}
2025-07-17:09:17:42,749 INFO     [psi4.driver.driver:636] Compute gradient(): method=b3lyp, basis=cc-pvdz, molecule=default, nre=1.3706875185702772
2025-07-17:09:17:43,299 INFO     [psi4.driver.driver:639] Return gradient(): -9.628197549587478
2025-07-17:09:17:43,299 INFO     [psi4.driver.driver:640] [[-0.00000000  0.00000000 -0.00254821]
 [ 0.00000000  0.00000000  0.00253380]]
2025-07-17:09:17:43,302 INFO     [psi4.optking.history:257] 	Performing BFGS update.
2025-07-17:09:17:43,302 INFO     [psi4.optking.history:268] 	Using 4 previous steps for update.
2025-07-17:09:17:43,302 WARNING  [psi4.optking.history:286] 	Change in internal coordinate of 7.71e-01 exceeds limit of 5.00e-01.
2025-07-17:09:17:43,302 WARNING  [psi4.optking.history:291] 	Skipping Hessian update for step 4.
2025-07-17:09:17:43,302 WARNING  [psi4.optking.history:286] 	Change in internal coordinate of 1.26e+00 exceeds limit of 5.00e-01.
2025-07-17:09:17:43,302 WARNING  [psi4.optking.history:291] 	Skipping Hessian update for step 3.
2025-07-17:09:17:43,302 WARNING  [psi4.optking.history:286] 	Change in internal coordinate of 1.66e+00 exceeds limit of 5.00e-01.
2025-07-17:09:17:43,303 WARNING  [psi4.optking.history:291] 	Skipping Hessian update for step 2.
2025-07-17:09:17:43,303 WARNING  [psi4.optking.history:286] 	Change in internal coordinate of 2.11e+00 exceeds limit of 5.00e-01.
2025-07-17:09:17:43,303 WARNING  [psi4.optking.history:291] 	Skipping Hessian update for step 1.
2025-07-17:09:17:43,303 INFO     [psi4.optking.history:302] 	Steps to be used in Hessian update:  5

2025-07-17:09:17:43,303 INFO     [psi4.optking.history:400] 	Updated Hessian (in au) 
 	   0.025136

2025-07-17:09:17:43,303 INFO     [psi4.optking.molsys:874] Projected (PHP) Hessian matrix
	   0.025136

2025-07-17:09:17:43,303 INFO     [psi4.optking.opt_helper:168] 
	         Geometry (au)                                       Gradient (au)
   0.0000000000   0.0000000000   2.7872498718		  -0.0000000000   0.0000000000  -0.0025482084
   0.0000000000   0.0000000000  -1.5901154422		   0.0000000000   0.0000000000   0.0025337970

2025-07-17:09:17:43,303 INFO     [psi4.optking.stepAlgorithms:315] 	Current Step Report 
 
	Current energy:        -9.6281975496
	Energy change for the previous step:
		Actual       :        -0.0019098994
		Projected    :        -0.0015566420

2025-07-17:09:17:43,303 INFO     [psi4.optking.stepAlgorithms:318] 	Energy ratio =    1.22694
2025-07-17:09:17:43,303 INFO     [psi4.optking.stepAlgorithms:750] 	Using RFO solution 1.
2025-07-17:09:17:43,304 INFO     [psi4.optking.displace:73] 	Determining Cartesian step for fragment 1.
2025-07-17:09:17:43,304 INFO     [psi4.optking.displace:378] 	Successfully converged to displaced geometry.
2025-07-17:09:17:43,304 INFO     [psi4.optking.displace:379] 	RMS(dx):  0.000e+00 	Max(dx):  0.000e+00 	RMS(dq):  0.000e+00
2025-07-17:09:17:43,304 INFO     [psi4.optking.displace:132] 

	        --- Internal Coordinate Step in ANG or DEG, aJ/ANG or AJ/DEG ---
	-------------------------------------------------------------------------------
	           Coordinate      Previous         Force          Change          New 
	           ----------      --------        ------          ------        ------
	               R(1,2)       2.31640        0.02093        0.05296       2.36936
	-------------------------------------------------------------------------------

2025-07-17:09:17:43,304 INFO     [psi4.optking.stepAlgorithms:96] 	|target step| :    0.1000789770
2025-07-17:09:17:43,304 INFO     [psi4.optking.stepAlgorithms:97] 	gradient     :   -0.0025410027
2025-07-17:09:17:43,304 INFO     [psi4.optking.stepAlgorithms:98] 	hessian      :    0.0251356738
2025-07-17:09:17:43,304 INFO     [psi4.optking.stepAlgorithms:177] 	Norm of achieved step-size    0.1000789770
2025-07-17:09:17:43,304 INFO     [psi4.optking.stepAlgorithms:179] 	Norm of achieved step-size (cart):    0.0707665233
2025-07-17:09:17:43,305 INFO     [psi4.optking.opt_helper:151] Molsys:

	                            ===> Fragment 1 <== 

	 Z (Atomic Numbers)          Masses                          Geom                  
	       2.000000             4.002603          0.00000000  0.00000000  2.83728936   
	       3.000000             7.016003          0.00000000  0.00000000 -1.64015493   

	 - Coordinate -           - BOHR/RAD -       - ANG/DEG -
	 R(1,2)           =         4.477444           2.369361

2025-07-17:09:17:43,305 INFO     [psi4.optking.convcheck:71] Performing convergence check.
2025-07-17:09:17:43,305 INFO     [psi4.optking.convcheck:263] 
	                                 ==> Convergence Check <==                                  
    
	Measures of convergence in internal coordinates in au.
    
	Criteria marked as inactive (o), active & met (*), and active & unmet ( ).

	----------------------------------------------------------------------------------------------
	   Step    Total Energy     Delta E     Max Force     RMS Force      Max Disp      RMS Disp   
	----------------------------------------------------------------------------------------------
	  Convergence Criteria     1.00e-06 *    3.00e-04 *             o    1.20e-03 *             o
	----------------------------------------------------------------------------------------------
	     6      -9.62819755   -1.91e-03      2.54e-03      2.54e-03 o    1.00e-01      1.00e-01 o  ~
	----------------------------------------------------------------------------------------------


2025-07-17:09:17:43,305 INFO     [psi4.optking.stepAlgorithms:266] 	Convergence check returned False
2025-07-17:09:17:43,319 INFO     [psi4.driver.task_planner:285] PLANNING Atomic:  keywords={'DAMPING_PERCENTAGE': 1.0, 'GEOM_MAXITER': 500, 'SCF__GUESS': 'READ', 'GUESS': 'SAP', 'MAXITER': 500, 'REFERENCE': 'UKS', 'function_kwargs': {}}
2025-07-17:09:17:43,320 INFO     [psi4.driver.driver:636] Compute gradient(): method=b3lyp, basis=cc-pvdz, molecule=default, nre=1.340050173755101
2025-07-17:09:17:43,880 INFO     [psi4.driver.driver:639] Return gradient(): -9.628338554190801
2025-07-17:09:17:43,880 INFO     [psi4.driver.driver:640] [[-0.00000000  0.00000000 -0.00032500]
 [ 0.00000000 -0.00000000  0.00030595]]
2025-07-17:09:17:43,881 INFO     [psi4.optking.history:257] 	Performing BFGS update.
2025-07-17:09:17:43,882 INFO     [psi4.optking.history:268] 	Using 4 previous steps for update.
2025-07-17:09:17:43,882 WARNING  [psi4.optking.history:286] 	Change in internal coordinate of 8.71e-01 exceeds limit of 5.00e-01.
2025-07-17:09:17:43,882 WARNING  [psi4.optking.history:291] 	Skipping Hessian update for step 4.
2025-07-17:09:17:43,882 WARNING  [psi4.optking.history:286] 	Change in internal coordinate of 1.36e+00 exceeds limit of 5.00e-01.
2025-07-17:09:17:43,882 WARNING  [psi4.optking.history:291] 	Skipping Hessian update for step 3.
2025-07-17:09:17:43,882 WARNING  [psi4.optking.history:286] 	Change in internal coordinate of 1.76e+00 exceeds limit of 5.00e-01.
2025-07-17:09:17:43,882 WARNING  [psi4.optking.history:291] 	Skipping Hessian update for step 2.
2025-07-17:09:17:43,882 WARNING  [psi4.optking.history:286] 	Change in internal coordinate of 2.21e+00 exceeds limit of 5.00e-01.
2025-07-17:09:17:43,882 WARNING  [psi4.optking.history:291] 	Skipping Hessian update for step 1.
2025-07-17:09:17:43,882 INFO     [psi4.optking.history:302] 	Steps to be used in Hessian update:  6 5

2025-07-17:09:17:43,882 INFO     [psi4.optking.history:400] 	Updated Hessian (in au) 
 	   0.024420

2025-07-17:09:17:43,882 INFO     [psi4.optking.molsys:874] Projected (PHP) Hessian matrix
	   0.024420

2025-07-17:09:17:43,882 INFO     [psi4.optking.opt_helper:168] 
	         Geometry (au)                                       Gradient (au)
   0.0000000000   0.0000000000   2.8509743032		  -0.0000000000   0.0000000000  -0.0003249982
   0.0000000000   0.0000000000  -1.6264699877		   0.0000000000  -0.0000000000   0.0003059503

2025-07-17:09:17:43,882 INFO     [psi4.optking.stepAlgorithms:315] 	Current Step Report 
 
	Current energy:        -9.6283385542
	Energy change for the previous step:
		Actual       :        -0.0001410046
		Projected    :        -0.0001271505

2025-07-17:09:17:43,882 INFO     [psi4.optking.stepAlgorithms:318] 	Energy ratio =    1.10896
2025-07-17:09:17:43,882 INFO     [psi4.optking.stepAlgorithms:750] 	Using RFO solution 1.
2025-07-17:09:17:43,882 INFO     [psi4.optking.displace:73] 	Determining Cartesian step for fragment 1.
2025-07-17:09:17:43,883 INFO     [psi4.optking.displace:378] 	Successfully converged to displaced geometry.
2025-07-17:09:17:43,883 INFO     [psi4.optking.displace:379] 	RMS(dx):  0.000e+00 	Max(dx):  0.000e+00 	RMS(dq):  0.000e+00
2025-07-17:09:17:43,883 INFO     [psi4.optking.displace:132] 

	        --- Internal Coordinate Step in ANG or DEG, aJ/ANG or AJ/DEG ---
	-------------------------------------------------------------------------------
	           Coordinate      Previous         Force          Change          New 
	           ----------      --------        ------          ------        ------
	               R(1,2)       2.36936        0.00260        0.00684       2.37620
	-------------------------------------------------------------------------------

2025-07-17:09:17:43,883 INFO     [psi4.optking.stepAlgorithms:96] 	|target step| :    0.0129166840
2025-07-17:09:17:43,883 INFO     [psi4.optking.stepAlgorithms:97] 	gradient     :   -0.0003154743
2025-07-17:09:17:43,883 INFO     [psi4.optking.stepAlgorithms:98] 	hessian      :    0.0244197077
2025-07-17:09:17:43,883 INFO     [psi4.optking.stepAlgorithms:177] 	Norm of achieved step-size    0.0129166840
2025-07-17:09:17:43,883 INFO     [psi4.optking.stepAlgorithms:179] 	Norm of achieved step-size (cart):    0.0091334748
2025-07-17:09:17:43,883 INFO     [psi4.optking.opt_helper:151] Molsys:

	                            ===> Fragment 1 <== 

	 Z (Atomic Numbers)          Masses                          Geom                  
	       2.000000             4.002603          0.00000000  0.00000000  2.85743265   
	       3.000000             7.016003          0.00000000  0.00000000 -1.63292833   

	 - Coordinate -           - BOHR/RAD -       - ANG/DEG -
	 R(1,2)           =         4.490361           2.376197

2025-07-17:09:17:43,883 INFO     [psi4.optking.convcheck:71] Performing convergence check.
2025-07-17:09:17:43,883 INFO     [psi4.optking.convcheck:263] 
	                                 ==> Convergence Check <==                                  
    
	Measures of convergence in internal coordinates in au.
    
	Criteria marked as inactive (o), active & met (*), and active & unmet ( ).

	----------------------------------------------------------------------------------------------
	   Step    Total Energy     Delta E     Max Force     RMS Force      Max Disp      RMS Disp   
	----------------------------------------------------------------------------------------------
	  Convergence Criteria     1.00e-06 *    3.00e-04 *             o    1.20e-03 *             o
	----------------------------------------------------------------------------------------------
	     7      -9.62833855   -1.41e-04      3.15e-04      3.15e-04 o    1.29e-02      1.29e-02 o  ~
	----------------------------------------------------------------------------------------------


2025-07-17:09:17:43,883 INFO     [psi4.optking.stepAlgorithms:266] 	Convergence check returned False
2025-07-17:09:17:43,897 INFO     [psi4.driver.task_planner:285] PLANNING Atomic:  keywords={'DAMPING_PERCENTAGE': 1.0, 'GEOM_MAXITER': 500, 'SCF__GUESS': 'READ', 'GUESS': 'SAP', 'MAXITER': 500, 'REFERENCE': 'UKS', 'function_kwargs': {}}
2025-07-17:09:17:43,899 INFO     [psi4.driver.driver:636] Compute gradient(): method=b3lyp, basis=cc-pvdz, molecule=default, nre=1.3361954714960775
2025-07-17:09:17:44,466 INFO     [psi4.driver.driver:639] Return gradient(): -9.628340778660384
2025-07-17:09:17:44,466 INFO     [psi4.driver.driver:640] [[-0.00000000  0.00000000 -0.00004841]
 [-0.00000000  0.00000000  0.00002915]]
2025-07-17:09:17:44,467 INFO     [psi4.optking.history:257] 	Performing BFGS update.
2025-07-17:09:17:44,467 INFO     [psi4.optking.history:268] 	Using 4 previous steps for update.
2025-07-17:09:17:44,467 WARNING  [psi4.optking.history:286] 	Change in internal coordinate of 8.84e-01 exceeds limit of 5.00e-01.
2025-07-17:09:17:44,467 WARNING  [psi4.optking.history:291] 	Skipping Hessian update for step 4.
2025-07-17:09:17:44,467 WARNING  [psi4.optking.history:286] 	Change in internal coordinate of 1.37e+00 exceeds limit of 5.00e-01.
2025-07-17:09:17:44,468 WARNING  [psi4.optking.history:291] 	Skipping Hessian update for step 3.
2025-07-17:09:17:44,468 WARNING  [psi4.optking.history:286] 	Change in internal coordinate of 1.77e+00 exceeds limit of 5.00e-01.
2025-07-17:09:17:44,468 WARNING  [psi4.optking.history:291] 	Skipping Hessian update for step 2.
2025-07-17:09:17:44,468 WARNING  [psi4.optking.history:286] 	Change in internal coordinate of 2.22e+00 exceeds limit of 5.00e-01.
2025-07-17:09:17:44,468 WARNING  [psi4.optking.history:291] 	Skipping Hessian update for step 1.
2025-07-17:09:17:44,468 INFO     [psi4.optking.history:302] 	Steps to be used in Hessian update:  7 6 5

2025-07-17:09:17:44,468 INFO     [psi4.optking.history:400] 	Updated Hessian (in au) 
 	   0.024327

2025-07-17:09:17:44,468 INFO     [psi4.optking.molsys:874] Projected (PHP) Hessian matrix
	   0.024327

2025-07-17:09:17:44,469 INFO     [psi4.optking.opt_helper:168] 
	         Geometry (au)                                       Gradient (au)
   0.0000000000   0.0000000000   2.8591988911		  -0.0000000000   0.0000000000  -0.0000484138
   0.0000000000   0.0000000000  -1.6311620838		  -0.0000000000   0.0000000000   0.0000291508

2025-07-17:09:17:44,469 INFO     [psi4.optking.stepAlgorithms:315] 	Current Step Report 
 
	Current energy:        -9.6283407787
	Energy change for the previous step:
		Actual       :        -0.0000022245
		Projected    :        -0.0000020374

2025-07-17:09:17:44,469 INFO     [psi4.optking.stepAlgorithms:318] 	Energy ratio =    1.09180
2025-07-17:09:17:44,469 INFO     [psi4.optking.stepAlgorithms:750] 	Using RFO solution 1.
2025-07-17:09:17:44,469 INFO     [psi4.optking.displace:73] 	Determining Cartesian step for fragment 1.
2025-07-17:09:17:44,469 INFO     [psi4.optking.displace:378] 	Successfully converged to displaced geometry.
2025-07-17:09:17:44,469 INFO     [psi4.optking.displace:379] 	RMS(dx):  0.000e+00 	Max(dx):  0.000e+00 	RMS(dq):  0.000e+00
2025-07-17:09:17:44,470 INFO     [psi4.optking.displace:132] 

	        --- Internal Coordinate Step in ANG or DEG, aJ/ANG or AJ/DEG ---
	-------------------------------------------------------------------------------
	           Coordinate      Previous         Force          Change          New 
	           ----------      --------        ------          ------        ------
	               R(1,2)       2.37620        0.00032        0.00084       2.37704
	-------------------------------------------------------------------------------

2025-07-17:09:17:44,470 INFO     [psi4.optking.stepAlgorithms:96] 	|target step| :    0.0015942001
2025-07-17:09:17:44,470 INFO     [psi4.optking.stepAlgorithms:97] 	gradient     :   -0.0000387823
2025-07-17:09:17:44,470 INFO     [psi4.optking.stepAlgorithms:98] 	hessian      :    0.0243270524
2025-07-17:09:17:44,470 INFO     [psi4.optking.stepAlgorithms:177] 	Norm of achieved step-size    0.0015942001
2025-07-17:09:17:44,470 INFO     [psi4.optking.stepAlgorithms:179] 	Norm of achieved step-size (cart):    0.0011272697
2025-07-17:09:17:44,470 INFO     [psi4.optking.opt_helper:151] Molsys:

	                            ===> Fragment 1 <== 

	 Z (Atomic Numbers)          Masses                          Geom                  
	       2.000000             4.002603          0.00000000  0.00000000  2.85999599   
	       3.000000             7.016003          0.00000000  0.00000000 -1.63195918   

	 - Coordinate -           - BOHR/RAD -       - ANG/DEG -
	 R(1,2)           =         4.491955           2.377040

2025-07-17:09:17:44,470 INFO     [psi4.optking.convcheck:71] Performing convergence check.
2025-07-17:09:17:44,470 INFO     [psi4.optking.convcheck:263] 
	                                 ==> Convergence Check <==                                  
    
	Measures of convergence in internal coordinates in au.
    
	Criteria marked as inactive (o), active & met (*), and active & unmet ( ).

	----------------------------------------------------------------------------------------------
	   Step    Total Energy     Delta E     Max Force     RMS Force      Max Disp      RMS Disp   
	----------------------------------------------------------------------------------------------
	  Convergence Criteria     1.00e-06 *    3.00e-04 *             o    1.20e-03 *             o
	----------------------------------------------------------------------------------------------
	     8      -9.62834078   -2.22e-06      3.88e-05 *    3.88e-05 o    1.59e-03      1.59e-03 o  ~
	----------------------------------------------------------------------------------------------


2025-07-17:09:17:44,471 INFO     [psi4.optking.stepAlgorithms:266] 	Convergence check returned False
2025-07-17:09:17:44,485 INFO     [psi4.driver.task_planner:285] PLANNING Atomic:  keywords={'DAMPING_PERCENTAGE': 1.0, 'GEOM_MAXITER': 500, 'SCF__GUESS': 'READ', 'GUESS': 'SAP', 'MAXITER': 500, 'REFERENCE': 'UKS', 'function_kwargs': {}}
2025-07-17:09:17:44,486 INFO     [psi4.driver.driver:636] Compute gradient(): method=b3lyp, basis=cc-pvdz, molecule=default, nre=1.3357212541870565
2025-07-17:09:17:44,974 INFO     [psi4.driver.driver:639] Return gradient(): -9.628340811072508
2025-07-17:09:17:44,974 INFO     [psi4.driver.driver:640] [[-0.00000000  0.00000000 -0.00001444]
 [ 0.00000000  0.00000000 -0.00000484]]
2025-07-17:09:17:44,975 INFO     [psi4.optking.history:257] 	Performing BFGS update.
2025-07-17:09:17:44,976 INFO     [psi4.optking.history:268] 	Using 4 previous steps for update.
2025-07-17:09:17:44,976 WARNING  [psi4.optking.history:282] 	Denominators (dg)(dq) or (dq)(dq) are very small.
2025-07-17:09:17:44,976 WARNING  [psi4.optking.history:283] 	Skipping Hessian update for step 8.
2025-07-17:09:17:44,976 WARNING  [psi4.optking.history:286] 	Change in internal coordinate of 8.86e-01 exceeds limit of 5.00e-01.
2025-07-17:09:17:44,976 WARNING  [psi4.optking.history:291] 	Skipping Hessian update for step 4.
2025-07-17:09:17:44,976 WARNING  [psi4.optking.history:286] 	Change in internal coordinate of 1.37e+00 exceeds limit of 5.00e-01.
2025-07-17:09:17:44,976 WARNING  [psi4.optking.history:291] 	Skipping Hessian update for step 3.
2025-07-17:09:17:44,976 WARNING  [psi4.optking.history:286] 	Change in internal coordinate of 1.77e+00 exceeds limit of 5.00e-01.
2025-07-17:09:17:44,976 WARNING  [psi4.optking.history:291] 	Skipping Hessian update for step 2.
2025-07-17:09:17:44,976 WARNING  [psi4.optking.history:286] 	Change in internal coordinate of 2.22e+00 exceeds limit of 5.00e-01.
2025-07-17:09:17:44,976 WARNING  [psi4.optking.history:291] 	Skipping Hessian update for step 1.
2025-07-17:09:17:44,976 INFO     [psi4.optking.history:302] 	Steps to be used in Hessian update:  7 6 5

2025-07-17:09:17:44,976 INFO     [psi4.optking.history:400] 	Updated Hessian (in au) 
 	   0.024316

2025-07-17:09:17:44,976 INFO     [psi4.optking.molsys:874] Projected (PHP) Hessian matrix
	   0.024316

2025-07-17:09:17:44,976 INFO     [psi4.optking.opt_helper:168] 
	         Geometry (au)                                       Gradient (au)
   0.0000000000   0.0000000000   2.8602139843		  -0.0000000000   0.0000000000  -0.0000144390
   0.0000000000   0.0000000000  -1.6317411906		   0.0000000000   0.0000000000  -0.0000048419

2025-07-17:09:17:44,976 INFO     [psi4.optking.stepAlgorithms:315] 	Current Step Report 
 
	Current energy:        -9.6283408111
	Energy change for the previous step:
		Actual       :        -0.0000000324
		Projected    :        -0.0000000309

2025-07-17:09:17:44,976 INFO     [psi4.optking.stepAlgorithms:318] 	Energy ratio =    1.04848
2025-07-17:09:17:44,977 INFO     [psi4.optking.stepAlgorithms:750] 	Using RFO solution 1.
2025-07-17:09:17:44,977 INFO     [psi4.optking.displace:73] 	Determining Cartesian step for fragment 1.
2025-07-17:09:17:44,977 INFO     [psi4.optking.displace:378] 	Successfully converged to displaced geometry.
2025-07-17:09:17:44,977 INFO     [psi4.optking.displace:379] 	RMS(dx):  0.000e+00 	Max(dx):  0.000e+00 	RMS(dq):  0.000e+00
2025-07-17:09:17:44,977 INFO     [psi4.optking.displace:132] 

	        --- Internal Coordinate Step in ANG or DEG, aJ/ANG or AJ/DEG ---
	-------------------------------------------------------------------------------
	           Coordinate      Previous         Force          Change          New 
	           ----------      --------        ------          ------        ------
	               R(1,2)       2.37704        0.00004        0.00010       2.37714
	-------------------------------------------------------------------------------

2025-07-17:09:17:44,977 INFO     [psi4.optking.stepAlgorithms:96] 	|target step| :    0.0001973435
2025-07-17:09:17:44,977 INFO     [psi4.optking.stepAlgorithms:97] 	gradient     :   -0.0000047985
2025-07-17:09:17:44,977 INFO     [psi4.optking.stepAlgorithms:98] 	hessian      :    0.0243156165
2025-07-17:09:17:44,977 INFO     [psi4.optking.stepAlgorithms:177] 	Norm of achieved step-size    0.0001973435
2025-07-17:09:17:44,977 INFO     [psi4.optking.stepAlgorithms:179] 	Norm of achieved step-size (cart):    0.0001395429
2025-07-17:09:17:44,977 INFO     [psi4.optking.opt_helper:151] Molsys:

	                            ===> Fragment 1 <== 

	 Z (Atomic Numbers)          Masses                          Geom                  
	       2.000000             4.002603          0.00000000  0.00000000  2.86031266   
	       3.000000             7.016003          0.00000000  0.00000000 -1.63183986   

	 - Coordinate -           - BOHR/RAD -       - ANG/DEG -
	 R(1,2)           =         4.492153           2.377145

2025-07-17:09:17:44,977 INFO     [psi4.optking.convcheck:71] Performing convergence check.
2025-07-17:09:17:44,977 INFO     [psi4.optking.convcheck:263] 
	                                 ==> Convergence Check <==                                  
    
	Measures of convergence in internal coordinates in au.
    
	Criteria marked as inactive (o), active & met (*), and active & unmet ( ).

	----------------------------------------------------------------------------------------------
	   Step    Total Energy     Delta E     Max Force     RMS Force      Max Disp      RMS Disp   
	----------------------------------------------------------------------------------------------
	  Convergence Criteria     1.00e-06 *    3.00e-04 *             o    1.20e-03 *             o
	----------------------------------------------------------------------------------------------
	     9      -9.62834081   -3.24e-08 *    4.80e-06 *    4.80e-06 o    1.97e-04 *    1.97e-04 o  ~
	----------------------------------------------------------------------------------------------


2025-07-17:09:17:44,977 INFO     [psi4.optking.convcheck:193] 
	                      ===> Final Convergence Report <===                     

	----------------------------------------------------------------------------
	|   Required Criteria    |  One or More Criteria  |   Alternate Criteria   |
	----------------------------------------------------------------------------
	| [x]     max_force      | [x]       max_DE       |                        |
	|                        | [x]      max_disp      |                        |
	----------------------------------------------------------------------------


2025-07-17:09:17:44,977 INFO     [psi4.optking.stepAlgorithms:266] 	Convergence check returned True
2025-07-17:09:17:44,977 INFO     [psi4.optking.optimize:286] 	Converged in 9 steps!
2025-07-17:09:17:44,977 INFO     [psi4.optking.optimize:287] 	Final energy is     -9.6283408110725
2025-07-17:09:17:44,977 INFO     [psi4.optking.optimize:288] 	Final structure (Angstroms): 
	Fragment 1 (Ang)

	   He   0.0000000000   0.0000000000   1.5136122730
	   Li   0.0000000000   0.0000000000  -0.8635324666


2025-07-17:09:17:44,978 INFO     [psi4.optking.optimize:432] 	Optimization Finished

	==> Optimization Summary <==

        
	Measures of convergence in internal coordinates in au. (Any backward steps not shown.)
        
	---------------------------------------------------------------------------------------------------------------  ~
        
	 Step         Total Energy             Delta E       MAX Force       RMS Force        MAX Disp        RMS Disp   ~
        
	---------------------------------------------------------------------------------------------------------------  ~
        
	     1      -9.533616798313     -9.533616798313      0.14088040      0.14088040      0.45363237      0.45363237  ~
	     2      -9.579432085356     -0.045815287043      0.07177278      0.07177278      0.39690756      0.39690756  ~
	     3      -9.601927633002     -0.022495547647      0.04432025      0.04432025      0.48811224      0.48811224  ~
	     4      -9.618353800354     -0.016426167351      0.02435337      0.02435337      0.46604000      0.46604000  ~
	     5      -9.626287650152     -0.007933849798      0.01020743      0.01020743      0.30500179      0.30500179  ~
	     6      -9.628197549587     -0.001909899435      0.00254100      0.00254100      0.10007898      0.10007898  ~
	     7      -9.628338554191     -0.000141004603      0.00031547      0.00031547      0.01291668      0.01291668  ~
	     8      -9.628340778660     -0.000002224470      0.00003878      0.00003878      0.00159420      0.00159420  ~
	     9      -9.628340811073     -0.000000032412      0.00000480      0.00000480      0.00019734      0.00019734  ~
	----------------------------------------------------------------------------------------------------------------


2025-07-17:09:17:44,978 INFO     [psi4.optking.optimize:640] Preparing OptimizationResult
