2025-07-17:09:17:06,632 INFO     [psi4.optking.optwrapper:214] Creating a UserComputer
2025-07-17:09:17:06,632 INFO     [psi4.optking.optwrapper:222] 
    			-----------------------------------------

    			 OPTKING 3.0: for geometry optimizations 

    			     By R.A. King, Bethel University     

    			        with contributions from          

    			    A.V. Copan, J. Cayton, A. Heide      

    			-----------------------------------------

    
2025-07-17:09:17:06,632 INFO     [psi4.optking.optwrapper:238] 
		 -- Optimization Parameters --
	accept_symmetry_breaking       =           False
	alg_geom_maxiter               =             500
	bt_dx_conv                     =           1e-07
	bt_dx_rms_change_conv          =           1e-12
	bt_max_iter                    =              25
	cart_hess_read                 =           False
	consecutive_backsteps_allowed  =               0
	conv_max_DE                    =           1e-06
	conv_max_disp                  =          0.0012
	conv_max_force                 =          0.0003
	conv_rms_disp                  =              -1
	conv_rms_force                 =              -1
	covalent_connect               =             1.3
	dynamic_level                  =               0
	dynamic_level_max              =               0
	ensure_bt_convergence          =           False
	ext_force_bend                 =              []
	ext_force_cartesian            =              []
	ext_force_dihedral             =              []
	ext_force_distance             =              []
	ext_force_oofp                 =              []
	fix_val_near_pi                =            1.57
	flexible_g_convergence         =           False
	frag_mode                      =          SINGLE
	frag_ref_atoms                 =            None
	freeze_intrafrag               =           False
	frozen_bend                    =              []
	frozen_cartesian               =              []
	frozen_dihedral                =              []
	frozen_distance                =              []
	frozen_oofp                    =              []
	full_hess_every                =              -1
	g_convergence                  =           QCHEM
	generate_intcos_exit           =           False
	geom_maxiter                   =             500
	h_bond_connect                 =             4.3
	hess_update                    =            BFGS
	hess_update_den_tol            =           1e-07
	hess_update_dq_tol             =             0.5
	hess_update_limit              =            True
	hess_update_limit_max          =             1.0
	hess_update_limit_scale        =             0.5
	hess_update_use_last           =               4
	hessian_file                   =            None
	i_max_DE                       =            True
	i_max_disp                     =            True
	i_max_force                    =            True
	i_rms_disp                     =           False
	i_rms_force                    =           False
	i_untampered                   =            True
	include_oofp                   =           False
	interfrag_collinear_tol        =            0.01
	interfrag_coords               =            None
	interfrag_dist_inv             =           False
	interfrag_mode                 =           FIXED
	interfrag_trust                =             0.5
	interfrag_trust_max            =             1.0
	interfrag_trust_min            =           0.001
	interfragment_connect          =             1.8
	intrafrag_hess                 =        SCHLEGEL
	intrafrag_trust                =             0.5
	intrafrag_trust_max            =             1.0
	intrafrag_trust_min            =           0.001
	irc_direction                  =         FORWARD
	irc_points                     =              20
	irc_step_size                  =             0.2
	keep_intcos                    =           False
	linear_bend_threshold          =            3.05
	linesearch                     =           False
	linesearch_step                =             0.1
	max_disp_g_convergence         =          0.0012
	max_energy_g_convergence       =           1e-06
	max_force_g_convergence        =          0.0003
	opt_coordinates                =       REDUNDANT
	opt_type                       =             MIN
	output_type                    =            FILE
	print_lvl                      =               1
	program                        =            psi4
	ranged_bend                    =              []
	ranged_cartesian               =              []
	ranged_dihedral                =              []
	ranged_distance                =              []
	ranged_oofp                    =              []
	redundant_eval_tol             =           1e-10
	rfo_follow_root                =           False
	rfo_normalization_max          =             100
	rfo_root                       =               0
	rms_disp_g_convergence         =          0.0012
	rms_force_g_convergence        =          0.0003
	rsrfo_alpha_max                =     100000000.0
	sd_hessian                     =             1.0
	simple_step_scaling            =           False
	small_bend_fix_threshold       =            0.35
	steepest_descent_type          =         OVERLAP
	step_type                      =             RFO
	test_B                         =           False
	test_derivative_B              =           False
	trajectory                     =           False
	v3d_tors_angle_lim             =           0.017
	v3d_tors_cos_tol               =           1e-10
	working_consecutive_backsteps  =               0
	working_steps_since_last_H     =               0


2025-07-17:09:17:07,121 INFO     [psi4.optking.molsys:599] 	Increasing scaling to  1.500 to connect fragments.
2025-07-17:09:17:07,121 INFO     [psi4.optking.molsys:599] 	Increasing scaling to  1.700 to connect fragments.
2025-07-17:09:17:07,121 INFO     [psi4.optking.molsys:599] 	Increasing scaling to  1.900 to connect fragments.
2025-07-17:09:17:07,121 INFO     [psi4.optking.molsys:599] 	Increasing scaling to  2.100 to connect fragments.
2025-07-17:09:17:07,121 INFO     [psi4.optking.molsys:599] 	Increasing scaling to  2.300 to connect fragments.
2025-07-17:09:17:07,121 INFO     [psi4.optking.molsys:576] 	Connecting fragments with atoms 1 and 2
2025-07-17:09:17:07,121 INFO     [psi4.optking.molsys:595] 	All fragments are connected in connectivity matrix.
2025-07-17:09:17:07,121 INFO     [psi4.optking.molsys:470] 	Consolidating multiple fragments into one for optimization.
2025-07-17:09:17:07,122 INFO     [psi4.optking.opt_helper:151] Molsys:

	                            ===> Fragment 1 <== 

	 Z (Atomic Numbers)          Masses                          Geom                  
	       2.000000             4.002603         -0.00000000  1.13383568  0.00000000   
	       2.000000             4.002603          0.00000000 -1.13383568  0.00000000   

	 - Coordinate -           - BOHR/RAD -       - ANG/DEG -
	 R(1,2)           =         2.267671           1.200000

2025-07-17:09:17:07,132 INFO     [psi4.driver.task_planner:285] PLANNING Atomic:  keywords={'DAMPING_PERCENTAGE': 1.0, 'GEOM_MAXITER': 500, 'GUESS': 'SAP', 'MAXITER': 500, 'REFERENCE': 'UKS', 'function_kwargs': {}}
2025-07-17:09:17:07,133 INFO     [psi4.driver.driver:636] Compute gradient(): method=b3lyp, basis=cc-pvdz, molecule=default, nre=1.763924035566667
2025-07-17:09:17:07,553 INFO     [psi4.driver.driver:639] Return gradient(): -0.9095344945080286
2025-07-17:09:17:07,553 INFO     [psi4.driver.driver:640] [[ 0.00000000 -0.01808554 -0.00000000]
 [-0.00000000  0.01808554  0.00000000]]
2025-07-17:09:17:07,554 INFO     [psi4.optking.molsys:874] Projected (PHP) Hessian matrix
	   0.109436

2025-07-17:09:17:07,554 INFO     [psi4.optking.opt_helper:168] 
	         Geometry (au)                                       Gradient (au)
  -0.0000000000   1.1338356753   0.0000000000		   0.0000000000  -0.0180855389  -0.0000000000
   0.0000000000  -1.1338356753   0.0000000000		  -0.0000000000   0.0180855389   0.0000000000

2025-07-17:09:17:07,554 INFO     [psi4.optking.stepAlgorithms:750] 	Using RFO solution 1.
2025-07-17:09:17:07,554 INFO     [psi4.optking.displace:73] 	Determining Cartesian step for fragment 1.
2025-07-17:09:17:07,555 INFO     [psi4.optking.displace:378] 	Successfully converged to displaced geometry.
2025-07-17:09:17:07,555 INFO     [psi4.optking.displace:379] 	RMS(dx):  0.000e+00 	Max(dx):  0.000e+00 	RMS(dq):  0.000e+00
2025-07-17:09:17:07,555 INFO     [psi4.optking.displace:132] 

	        --- Internal Coordinate Step in ANG or DEG, aJ/ANG or AJ/DEG ---
	-------------------------------------------------------------------------------
	           Coordinate      Previous         Force          Change          New 
	           ----------      --------        ------          ------        ------
	               R(1,2)       1.20000        0.14900        0.08519       1.28519
	-------------------------------------------------------------------------------

2025-07-17:09:17:07,555 INFO     [psi4.optking.stepAlgorithms:96] 	|target step| :    0.1609785655
2025-07-17:09:17:07,555 INFO     [psi4.optking.stepAlgorithms:97] 	gradient     :   -0.0180855389
2025-07-17:09:17:07,555 INFO     [psi4.optking.stepAlgorithms:98] 	hessian      :    0.1094361126
2025-07-17:09:17:07,555 INFO     [psi4.optking.stepAlgorithms:177] 	Norm of achieved step-size    0.1609785655
2025-07-17:09:17:07,555 INFO     [psi4.optking.stepAlgorithms:179] 	Norm of achieved step-size (cart):    0.1138290353
2025-07-17:09:17:07,555 INFO     [psi4.optking.opt_helper:151] Molsys:

	                            ===> Fragment 1 <== 

	 Z (Atomic Numbers)          Masses                          Geom                  
	       2.000000             4.002603         -0.00000000  1.21432496  0.00000000   
	       2.000000             4.002603          0.00000000 -1.21432496  0.00000000   

	 - Coordinate -           - BOHR/RAD -       - ANG/DEG -
	 R(1,2)           =         2.428650           1.285186

2025-07-17:09:17:07,555 INFO     [psi4.optking.convcheck:71] Performing convergence check.
2025-07-17:09:17:07,555 INFO     [psi4.optking.convcheck:263] 
	                                 ==> Convergence Check <==                                  
    
	Measures of convergence in internal coordinates in au.
    
	Criteria marked as inactive (o), active & met (*), and active & unmet ( ).

	----------------------------------------------------------------------------------------------
	   Step    Total Energy     Delta E     Max Force     RMS Force      Max Disp      RMS Disp   
	----------------------------------------------------------------------------------------------
	  Convergence Criteria     1.00e-06 *    3.00e-04 *             o    1.20e-03 *             o
	----------------------------------------------------------------------------------------------
	     1      -0.90953449   -9.10e-01      1.81e-02      1.81e-02 o    1.61e-01      1.61e-01 o  ~
	----------------------------------------------------------------------------------------------


2025-07-17:09:17:07,555 INFO     [psi4.optking.stepAlgorithms:266] 	Convergence check returned False
2025-07-17:09:17:07,571 INFO     [psi4.driver.task_planner:285] PLANNING Atomic:  keywords={'DAMPING_PERCENTAGE': 1.0, 'GEOM_MAXITER': 500, 'SCF__GUESS': 'READ', 'GUESS': 'SAP', 'MAXITER': 500, 'REFERENCE': 'UKS', 'function_kwargs': {}}
2025-07-17:09:17:07,572 INFO     [psi4.driver.driver:636] Compute gradient(): method=b3lyp, basis=cc-pvdz, molecule=default, nre=1.6470055950091542
2025-07-17:09:17:07,935 INFO     [psi4.driver.driver:639] Return gradient(): -0.8954089350830645
2025-07-17:09:17:07,935 INFO     [psi4.driver.driver:640] [[-0.00000000  0.17976335 -0.00000000]
 [ 0.00000000 -0.17976335 -0.00000000]]
2025-07-17:09:17:07,937 INFO     [psi4.optking.history:257] 	Performing BFGS update.
2025-07-17:09:17:07,937 INFO     [psi4.optking.history:268] 	Using 1 previous steps for update.
2025-07-17:09:17:07,937 INFO     [psi4.optking.history:302] 	Steps to be used in Hessian update:  1

2025-07-17:09:17:07,937 INFO     [psi4.optking.history:400] 	Updated Hessian (in au) 
 	   1.109436

2025-07-17:09:17:07,937 INFO     [psi4.optking.molsys:874] Projected (PHP) Hessian matrix
	   1.109436

2025-07-17:09:17:07,937 INFO     [psi4.optking.opt_helper:168] 
	         Geometry (au)                                       Gradient (au)
  -0.0000000000   1.2143249580   0.0000000000		  -0.0000000000   0.1797633507  -0.0000000000
   0.0000000000  -1.2143249580   0.0000000000		   0.0000000000  -0.1797633507  -0.0000000000

2025-07-17:09:17:07,937 INFO     [psi4.optking.stepAlgorithms:315] 	Current Step Report 
 
	Current energy:        -0.8954089351
	Energy change for the previous step:
		Actual       :         0.0141255594
		Projected    :        -0.0014556921

2025-07-17:09:17:07,937 INFO     [psi4.optking.stepAlgorithms:318] 	Energy ratio =   -9.70367
2025-07-17:09:17:07,937 WARNING  [psi4.optking.stepAlgorithms:326] 	Energy has increased in a minimization.
2025-07-17:09:17:07,937 WARNING  [psi4.optking.stepAlgorithms:365] 	Energy ratio indicates iffy step.
2025-07-17:09:17:07,937 WARNING  [psi4.optking.stepAlgorithms:366] 	Intrafrag trust radius decreased to 1.250e-01.
2025-07-17:09:17:07,937 INFO     [psi4.optking.stepAlgorithms:286] 	Near start of optimization, so ignoring bad step.

2025-07-17:09:17:07,937 INFO     [psi4.optking.stepAlgorithms:750] 	Using RFO solution 1.
2025-07-17:09:17:07,938 INFO     [psi4.optking.displace:73] 	Determining Cartesian step for fragment 1.
2025-07-17:09:17:07,938 INFO     [psi4.optking.displace:378] 	Successfully converged to displaced geometry.
2025-07-17:09:17:07,938 INFO     [psi4.optking.displace:379] 	RMS(dx):  0.000e+00 	Max(dx):  0.000e+00 	RMS(dq):  0.000e+00
2025-07-17:09:17:07,938 INFO     [psi4.optking.displace:132] 

	        --- Internal Coordinate Step in ANG or DEG, aJ/ANG or AJ/DEG ---
	-------------------------------------------------------------------------------
	           Coordinate      Previous         Force          Change          New 
	           ----------      --------        ------          ------        ------
	               R(1,2)       1.28519       -1.48102       -0.06615       1.21904
	-------------------------------------------------------------------------------

2025-07-17:09:17:07,938 INFO     [psi4.optking.stepAlgorithms:96] 	|target step| :    0.1250000029
2025-07-17:09:17:07,938 INFO     [psi4.optking.stepAlgorithms:97] 	gradient     :   -0.1797633507
2025-07-17:09:17:07,938 INFO     [psi4.optking.stepAlgorithms:98] 	hessian      :    1.1094361126
2025-07-17:09:17:07,938 INFO     [psi4.optking.stepAlgorithms:177] 	Norm of achieved step-size    0.1250000029
2025-07-17:09:17:07,938 INFO     [psi4.optking.stepAlgorithms:179] 	Norm of achieved step-size (cart):    0.0883883497
2025-07-17:09:17:07,938 INFO     [psi4.optking.opt_helper:151] Molsys:

	                            ===> Fragment 1 <== 

	 Z (Atomic Numbers)          Masses                          Geom                  
	       2.000000             4.002603         -0.00000000  1.15182496  0.00000000   
	       2.000000             4.002603          0.00000000 -1.15182496  0.00000000   

	 - Coordinate -           - BOHR/RAD -       - ANG/DEG -
	 R(1,2)           =         2.303650           1.219039

2025-07-17:09:17:07,938 INFO     [psi4.optking.convcheck:71] Performing convergence check.
2025-07-17:09:17:07,938 INFO     [psi4.optking.convcheck:263] 
	                                 ==> Convergence Check <==                                  
    
	Measures of convergence in internal coordinates in au.
    
	Criteria marked as inactive (o), active & met (*), and active & unmet ( ).

	----------------------------------------------------------------------------------------------
	   Step    Total Energy     Delta E     Max Force     RMS Force      Max Disp      RMS Disp   
	----------------------------------------------------------------------------------------------
	  Convergence Criteria     1.00e-06 *    3.00e-04 *             o    1.20e-03 *             o
	----------------------------------------------------------------------------------------------
	     2      -0.89540894    1.41e-02      1.80e-01      1.80e-01 o    1.25e-01      1.25e-01 o  ~
	----------------------------------------------------------------------------------------------


2025-07-17:09:17:07,938 INFO     [psi4.optking.stepAlgorithms:266] 	Convergence check returned False
2025-07-17:09:17:07,949 INFO     [psi4.driver.task_planner:285] PLANNING Atomic:  keywords={'DAMPING_PERCENTAGE': 1.0, 'GEOM_MAXITER': 500, 'SCF__GUESS': 'READ', 'GUESS': 'SAP', 'MAXITER': 500, 'REFERENCE': 'UKS', 'function_kwargs': {}}
2025-07-17:09:17:07,950 INFO     [psi4.driver.driver:636] Compute gradient(): method=b3lyp, basis=cc-pvdz, molecule=default, nre=1.7363749488355937
2025-07-17:09:17:08,308 INFO     [psi4.driver.driver:639] Return gradient(): -0.9092509246153662
2025-07-17:09:17:08,308 INFO     [psi4.driver.driver:640] [[-0.00000000  0.03321135 -0.00000000]
 [ 0.00000000 -0.03321135  0.00000000]]
2025-07-17:09:17:08,309 INFO     [psi4.optking.history:257] 	Performing BFGS update.
2025-07-17:09:17:08,309 INFO     [psi4.optking.history:268] 	Using 2 previous steps for update.
2025-07-17:09:17:08,309 INFO     [psi4.optking.history:302] 	Steps to be used in Hessian update:  2 1

2025-07-17:09:17:08,309 INFO     [psi4.optking.history:400] 	Updated Hessian (in au) 
 	   1.425763

2025-07-17:09:17:08,309 INFO     [psi4.optking.molsys:874] Projected (PHP) Hessian matrix
	   1.425763

2025-07-17:09:17:08,309 INFO     [psi4.optking.opt_helper:168] 
	         Geometry (au)                                       Gradient (au)
  -0.0000000000   1.1518249566   0.0000000000		  -0.0000000000   0.0332113523  -0.0000000000
   0.0000000000  -1.1518249566   0.0000000000		   0.0000000000  -0.0332113523   0.0000000000

2025-07-17:09:17:08,309 INFO     [psi4.optking.stepAlgorithms:315] 	Current Step Report 
 
	Current energy:        -0.9092509246
	Energy change for the previous step:
		Actual       :        -0.0138419895
		Projected    :        -0.0135905963

2025-07-17:09:17:08,309 INFO     [psi4.optking.stepAlgorithms:318] 	Energy ratio =    1.01850
2025-07-17:09:17:08,309 INFO     [psi4.optking.stepAlgorithms:346] 	Energy ratio indicates good step.
2025-07-17:09:17:08,309 INFO     [psi4.optking.stepAlgorithms:347] 	Intrafrag trust radius increased to 3.750e-01.
2025-07-17:09:17:08,309 INFO     [psi4.optking.stepAlgorithms:750] 	Using RFO solution 1.
2025-07-17:09:17:08,310 INFO     [psi4.optking.displace:73] 	Determining Cartesian step for fragment 1.
2025-07-17:09:17:08,310 INFO     [psi4.optking.displace:378] 	Successfully converged to displaced geometry.
2025-07-17:09:17:08,310 INFO     [psi4.optking.displace:379] 	RMS(dx):  0.000e+00 	Max(dx):  0.000e+00 	RMS(dq):  0.000e+00
2025-07-17:09:17:08,310 INFO     [psi4.optking.displace:132] 

	        --- Internal Coordinate Step in ANG or DEG, aJ/ANG or AJ/DEG ---
	-------------------------------------------------------------------------------
	           Coordinate      Previous         Force          Change          New 
	           ----------      --------        ------          ------        ------
	               R(1,2)       1.21904       -0.27362       -0.01232       1.20672
	-------------------------------------------------------------------------------

2025-07-17:09:17:08,310 INFO     [psi4.optking.stepAlgorithms:96] 	|target step| :    0.0232811198
2025-07-17:09:17:08,310 INFO     [psi4.optking.stepAlgorithms:97] 	gradient     :   -0.0332113523
2025-07-17:09:17:08,310 INFO     [psi4.optking.stepAlgorithms:98] 	hessian      :    1.4257626618
2025-07-17:09:17:08,310 INFO     [psi4.optking.stepAlgorithms:177] 	Norm of achieved step-size    0.0232811198
2025-07-17:09:17:08,310 INFO     [psi4.optking.stepAlgorithms:179] 	Norm of achieved step-size (cart):    0.0164622377
2025-07-17:09:17:08,310 INFO     [psi4.optking.opt_helper:151] Molsys:

	                            ===> Fragment 1 <== 

	 Z (Atomic Numbers)          Masses                          Geom                  
	       2.000000             4.002603         -0.00000000  1.14018440  0.00000000   
	       2.000000             4.002603          0.00000000 -1.14018440  0.00000000   

	 - Coordinate -           - BOHR/RAD -       - ANG/DEG -
	 R(1,2)           =         2.280369           1.206719

2025-07-17:09:17:08,310 INFO     [psi4.optking.convcheck:71] Performing convergence check.
2025-07-17:09:17:08,310 INFO     [psi4.optking.convcheck:263] 
	                                 ==> Convergence Check <==                                  
    
	Measures of convergence in internal coordinates in au.
    
	Criteria marked as inactive (o), active & met (*), and active & unmet ( ).

	----------------------------------------------------------------------------------------------
	   Step    Total Energy     Delta E     Max Force     RMS Force      Max Disp      RMS Disp   
	----------------------------------------------------------------------------------------------
	  Convergence Criteria     1.00e-06 *    3.00e-04 *             o    1.20e-03 *             o
	----------------------------------------------------------------------------------------------
	     3      -0.90925092   -1.38e-02      3.32e-02      3.32e-02 o    2.33e-02      2.33e-02 o  ~
	----------------------------------------------------------------------------------------------


2025-07-17:09:17:08,310 INFO     [psi4.optking.stepAlgorithms:266] 	Convergence check returned False
2025-07-17:09:17:08,325 INFO     [psi4.driver.task_planner:285] PLANNING Atomic:  keywords={'DAMPING_PERCENTAGE': 1.0, 'GEOM_MAXITER': 500, 'SCF__GUESS': 'READ', 'GUESS': 'SAP', 'MAXITER': 500, 'REFERENCE': 'UKS', 'function_kwargs': {}}
2025-07-17:09:17:08,326 INFO     [psi4.driver.driver:636] Compute gradient(): method=b3lyp, basis=cc-pvdz, molecule=default, nre=1.754102236345316
2025-07-17:09:17:08,678 INFO     [psi4.driver.driver:639] Return gradient(): -0.9096459406975195
2025-07-17:09:17:08,678 INFO     [psi4.driver.driver:640] [[-0.00000000  0.00045283  0.00000000]
 [ 0.00000000 -0.00045283  0.00000000]]
2025-07-17:09:17:08,679 INFO     [psi4.optking.history:257] 	Performing BFGS update.
2025-07-17:09:17:08,679 INFO     [psi4.optking.history:268] 	Using 3 previous steps for update.
2025-07-17:09:17:08,679 INFO     [psi4.optking.history:302] 	Steps to be used in Hessian update:  3 2 1

2025-07-17:09:17:08,679 INFO     [psi4.optking.history:400] 	Updated Hessian (in au) 
 	   1.460008

2025-07-17:09:17:08,679 INFO     [psi4.optking.molsys:874] Projected (PHP) Hessian matrix
	   1.460008

2025-07-17:09:17:08,679 INFO     [psi4.optking.opt_helper:168] 
	         Geometry (au)                                       Gradient (au)
  -0.0000000000   1.1401843966   0.0000000000		  -0.0000000000   0.0004528254   0.0000000000
   0.0000000000  -1.1401843966   0.0000000000		   0.0000000000  -0.0004528254   0.0000000000

2025-07-17:09:17:08,679 INFO     [psi4.optking.stepAlgorithms:315] 	Current Step Report 
 
	Current energy:        -0.9096459407
	Energy change for the previous step:
		Actual       :        -0.0003950161
		Projected    :        -0.0003865987

2025-07-17:09:17:08,679 INFO     [psi4.optking.stepAlgorithms:318] 	Energy ratio =    1.02177
2025-07-17:09:17:08,679 INFO     [psi4.optking.stepAlgorithms:346] 	Energy ratio indicates good step.
2025-07-17:09:17:08,679 INFO     [psi4.optking.stepAlgorithms:347] 	Intrafrag trust radius increased to 1.000e+00.
2025-07-17:09:17:08,679 INFO     [psi4.optking.stepAlgorithms:750] 	Using RFO solution 1.
2025-07-17:09:17:08,680 INFO     [psi4.optking.displace:73] 	Determining Cartesian step for fragment 1.
2025-07-17:09:17:08,680 INFO     [psi4.optking.displace:378] 	Successfully converged to displaced geometry.
2025-07-17:09:17:08,680 INFO     [psi4.optking.displace:379] 	RMS(dx):  0.000e+00 	Max(dx):  0.000e+00 	RMS(dq):  0.000e+00
2025-07-17:09:17:08,680 INFO     [psi4.optking.displace:132] 

	        --- Internal Coordinate Step in ANG or DEG, aJ/ANG or AJ/DEG ---
	-------------------------------------------------------------------------------
	           Coordinate      Previous         Force          Change          New 
	           ----------      --------        ------          ------        ------
	               R(1,2)       1.20672       -0.00373       -0.00016       1.20656
	-------------------------------------------------------------------------------

2025-07-17:09:17:08,680 INFO     [psi4.optking.stepAlgorithms:96] 	|target step| :    0.0003101527
2025-07-17:09:17:08,680 INFO     [psi4.optking.stepAlgorithms:97] 	gradient     :   -0.0004528254
2025-07-17:09:17:08,680 INFO     [psi4.optking.stepAlgorithms:98] 	hessian      :    1.4600077082
2025-07-17:09:17:08,680 INFO     [psi4.optking.stepAlgorithms:177] 	Norm of achieved step-size    0.0003101527
2025-07-17:09:17:08,680 INFO     [psi4.optking.stepAlgorithms:179] 	Norm of achieved step-size (cart):    0.0002193111
2025-07-17:09:17:08,680 INFO     [psi4.optking.opt_helper:151] Molsys:

	                            ===> Fragment 1 <== 

	 Z (Atomic Numbers)          Masses                          Geom                  
	       2.000000             4.002603         -0.00000000  1.14002932  0.00000000   
	       2.000000             4.002603          0.00000000 -1.14002932  0.00000000   

	 - Coordinate -           - BOHR/RAD -       - ANG/DEG -
	 R(1,2)           =         2.280059           1.206555

2025-07-17:09:17:08,680 INFO     [psi4.optking.convcheck:71] Performing convergence check.
2025-07-17:09:17:08,680 INFO     [psi4.optking.convcheck:263] 
	                                 ==> Convergence Check <==                                  
    
	Measures of convergence in internal coordinates in au.
    
	Criteria marked as inactive (o), active & met (*), and active & unmet ( ).

	----------------------------------------------------------------------------------------------
	   Step    Total Energy     Delta E     Max Force     RMS Force      Max Disp      RMS Disp   
	----------------------------------------------------------------------------------------------
	  Convergence Criteria     1.00e-06 *    3.00e-04 *             o    1.20e-03 *             o
	----------------------------------------------------------------------------------------------
	     4      -0.90964594   -3.95e-04      4.53e-04      4.53e-04 o    3.10e-04 *    3.10e-04 o  ~
	----------------------------------------------------------------------------------------------


2025-07-17:09:17:08,680 INFO     [psi4.optking.stepAlgorithms:266] 	Convergence check returned False
2025-07-17:09:17:08,696 INFO     [psi4.driver.task_planner:285] PLANNING Atomic:  keywords={'DAMPING_PERCENTAGE': 1.0, 'GEOM_MAXITER': 500, 'SCF__GUESS': 'READ', 'GUESS': 'SAP', 'MAXITER': 500, 'REFERENCE': 'UKS', 'function_kwargs': {}}
2025-07-17:09:17:08,697 INFO     [psi4.driver.driver:636] Compute gradient(): method=b3lyp, basis=cc-pvdz, molecule=default, nre=1.7543408440657922
2025-07-17:09:17:08,981 INFO     [psi4.driver.driver:639] Return gradient(): -0.9096460121962742
2025-07-17:09:17:08,981 INFO     [psi4.driver.driver:640] [[-0.00000000  0.00000557  0.00000000]
 [ 0.00000000 -0.00000557  0.00000000]]
2025-07-17:09:17:08,983 INFO     [psi4.optking.history:257] 	Performing BFGS update.
2025-07-17:09:17:08,983 INFO     [psi4.optking.history:268] 	Using 4 previous steps for update.
2025-07-17:09:17:08,983 WARNING  [psi4.optking.history:282] 	Denominators (dg)(dq) or (dq)(dq) are very small.
2025-07-17:09:17:08,983 WARNING  [psi4.optking.history:283] 	Skipping Hessian update for step 4.
2025-07-17:09:17:08,984 INFO     [psi4.optking.history:302] 	Steps to be used in Hessian update:  3 2 1

2025-07-17:09:17:08,984 INFO     [psi4.optking.history:400] 	Updated Hessian (in au) 
 	   1.460458

2025-07-17:09:17:08,984 INFO     [psi4.optking.molsys:874] Projected (PHP) Hessian matrix
	   1.460458

2025-07-17:09:17:08,984 INFO     [psi4.optking.opt_helper:168] 
	         Geometry (au)                                       Gradient (au)
  -0.0000000000   1.1400293203   0.0000000000		  -0.0000000000   0.0000055738   0.0000000000
   0.0000000000  -1.1400293203   0.0000000000		   0.0000000000  -0.0000055738   0.0000000000

2025-07-17:09:17:08,984 INFO     [psi4.optking.stepAlgorithms:315] 	Current Step Report 
 
	Current energy:        -0.9096460122
	Energy change for the previous step:
		Actual       :        -0.0000000715
		Projected    :        -0.0000000702

2025-07-17:09:17:08,984 INFO     [psi4.optking.stepAlgorithms:318] 	Energy ratio =    1.01817
2025-07-17:09:17:08,984 INFO     [psi4.optking.stepAlgorithms:750] 	Using RFO solution 1.
2025-07-17:09:17:08,985 INFO     [psi4.optking.displace:73] 	Determining Cartesian step for fragment 1.
2025-07-17:09:17:08,985 INFO     [psi4.optking.displace:378] 	Successfully converged to displaced geometry.
2025-07-17:09:17:08,985 INFO     [psi4.optking.displace:379] 	RMS(dx):  0.000e+00 	Max(dx):  0.000e+00 	RMS(dq):  0.000e+00
2025-07-17:09:17:08,985 INFO     [psi4.optking.displace:132] 

	        --- Internal Coordinate Step in ANG or DEG, aJ/ANG or AJ/DEG ---
	-------------------------------------------------------------------------------
	           Coordinate      Previous         Force          Change          New 
	           ----------      --------        ------          ------        ------
	               R(1,2)       1.20656       -0.00005       -0.00000       1.20655
	-------------------------------------------------------------------------------

2025-07-17:09:17:08,985 INFO     [psi4.optking.stepAlgorithms:96] 	|target step| :    0.0000038165
2025-07-17:09:17:08,985 INFO     [psi4.optking.stepAlgorithms:97] 	gradient     :   -0.0000055738
2025-07-17:09:17:08,985 INFO     [psi4.optking.stepAlgorithms:98] 	hessian      :    1.4604576660
2025-07-17:09:17:08,985 INFO     [psi4.optking.stepAlgorithms:177] 	Norm of achieved step-size    0.0000038165
2025-07-17:09:17:08,985 INFO     [psi4.optking.stepAlgorithms:179] 	Norm of achieved step-size (cart):    0.0000026987
2025-07-17:09:17:08,986 INFO     [psi4.optking.opt_helper:151] Molsys:

	                            ===> Fragment 1 <== 

	 Z (Atomic Numbers)          Masses                          Geom                  
	       2.000000             4.002603         -0.00000000  1.14002741  0.00000000   
	       2.000000             4.002603          0.00000000 -1.14002741  0.00000000   

	 - Coordinate -           - BOHR/RAD -       - ANG/DEG -
	 R(1,2)           =         2.280055           1.206553

2025-07-17:09:17:08,986 INFO     [psi4.optking.convcheck:71] Performing convergence check.
2025-07-17:09:17:08,986 INFO     [psi4.optking.convcheck:263] 
	                                 ==> Convergence Check <==                                  
    
	Measures of convergence in internal coordinates in au.
    
	Criteria marked as inactive (o), active & met (*), and active & unmet ( ).

	----------------------------------------------------------------------------------------------
	   Step    Total Energy     Delta E     Max Force     RMS Force      Max Disp      RMS Disp   
	----------------------------------------------------------------------------------------------
	  Convergence Criteria     1.00e-06 *    3.00e-04 *             o    1.20e-03 *             o
	----------------------------------------------------------------------------------------------
	     5      -0.90964601   -7.15e-08 *    5.57e-06 *    5.57e-06 o    3.82e-06 *    3.82e-06 o  ~
	----------------------------------------------------------------------------------------------


2025-07-17:09:17:08,986 INFO     [psi4.optking.convcheck:193] 
	                      ===> Final Convergence Report <===                     

	----------------------------------------------------------------------------
	|   Required Criteria    |  One or More Criteria  |   Alternate Criteria   |
	----------------------------------------------------------------------------
	| [x]     max_force      | [x]       max_DE       |                        |
	|                        | [x]      max_disp      |                        |
	----------------------------------------------------------------------------


2025-07-17:09:17:08,986 INFO     [psi4.optking.stepAlgorithms:266] 	Convergence check returned True
2025-07-17:09:17:08,986 INFO     [psi4.optking.optimize:286] 	Converged in 5 steps!
2025-07-17:09:17:08,986 INFO     [psi4.optking.optimize:287] 	Final energy is     -0.9096460121963
2025-07-17:09:17:08,986 INFO     [psi4.optking.optimize:288] 	Final structure (Angstroms): 
	Fragment 1 (Ang)

	   He  -0.0000000000   0.6032765260   0.0000000000
	   He   0.0000000000  -0.6032765260   0.0000000000


2025-07-17:09:17:08,987 INFO     [psi4.optking.optimize:432] 	Optimization Finished

	==> Optimization Summary <==

        
	Measures of convergence in internal coordinates in au. (Any backward steps not shown.)
        
	---------------------------------------------------------------------------------------------------------------  ~
        
	 Step         Total Energy             Delta E       MAX Force       RMS Force        MAX Disp        RMS Disp   ~
        
	---------------------------------------------------------------------------------------------------------------  ~
        
	     1      -0.909534494508     -0.909534494508      0.01808554      0.01808554      0.16097857      0.16097857  ~
	     2      -0.895408935083      0.014125559425      0.17976335      0.17976335      0.12500000      0.12500000  ~
	     3      -0.909250924615     -0.013841989532      0.03321135      0.03321135      0.02328112      0.02328112  ~
	     4      -0.909645940698     -0.000395016082      0.00045283      0.00045283      0.00031015      0.00031015  ~
	     5      -0.909646012196     -0.000000071499      0.00000557      0.00000557      0.00000382      0.00000382  ~
	----------------------------------------------------------------------------------------------------------------


2025-07-17:09:17:08,987 INFO     [psi4.optking.optimize:640] Preparing OptimizationResult
