2025-07-17:09:19:07,367 INFO     [psi4.optking.optwrapper:214] Creating a UserComputer
2025-07-17:09:19:07,367 INFO     [psi4.optking.optwrapper:222] 
    			-----------------------------------------

    			 OPTKING 3.0: for geometry optimizations 

    			     By R.A. King, Bethel University     

    			        with contributions from          

    			    A.V. Copan, J. Cayton, A. Heide      

    			-----------------------------------------

    
2025-07-17:09:19:07,367 INFO     [psi4.optking.optwrapper:238] 
		 -- Optimization Parameters --
	accept_symmetry_breaking       =           False
	alg_geom_maxiter               =             500
	bt_dx_conv                     =           1e-07
	bt_dx_rms_change_conv          =           1e-12
	bt_max_iter                    =              25
	cart_hess_read                 =           False
	consecutive_backsteps_allowed  =               0
	conv_max_DE                    =           1e-06
	conv_max_disp                  =          0.0012
	conv_max_force                 =          0.0003
	conv_rms_disp                  =              -1
	conv_rms_force                 =              -1
	covalent_connect               =             1.3
	dynamic_level                  =               0
	dynamic_level_max              =               0
	ensure_bt_convergence          =           False
	ext_force_bend                 =              []
	ext_force_cartesian            =              []
	ext_force_dihedral             =              []
	ext_force_distance             =              []
	ext_force_oofp                 =              []
	fix_val_near_pi                =            1.57
	flexible_g_convergence         =           False
	frag_mode                      =          SINGLE
	frag_ref_atoms                 =            None
	freeze_intrafrag               =           False
	frozen_bend                    =              []
	frozen_cartesian               =              []
	frozen_dihedral                =              []
	frozen_distance                =              []
	frozen_oofp                    =              []
	full_hess_every                =              -1
	g_convergence                  =           QCHEM
	generate_intcos_exit           =           False
	geom_maxiter                   =             500
	h_bond_connect                 =             4.3
	hess_update                    =            BFGS
	hess_update_den_tol            =           1e-07
	hess_update_dq_tol             =             0.5
	hess_update_limit              =            True
	hess_update_limit_max          =             1.0
	hess_update_limit_scale        =             0.5
	hess_update_use_last           =               4
	hessian_file                   =            None
	i_max_DE                       =            True
	i_max_disp                     =            True
	i_max_force                    =            True
	i_rms_disp                     =           False
	i_rms_force                    =           False
	i_untampered                   =            True
	include_oofp                   =           False
	interfrag_collinear_tol        =            0.01
	interfrag_coords               =            None
	interfrag_dist_inv             =           False
	interfrag_mode                 =           FIXED
	interfrag_trust                =             0.5
	interfrag_trust_max            =             1.0
	interfrag_trust_min            =           0.001
	interfragment_connect          =             1.8
	intrafrag_hess                 =        SCHLEGEL
	intrafrag_trust                =             0.5
	intrafrag_trust_max            =             1.0
	intrafrag_trust_min            =           0.001
	irc_direction                  =         FORWARD
	irc_points                     =              20
	irc_step_size                  =             0.2
	keep_intcos                    =           False
	linear_bend_threshold          =            3.05
	linesearch                     =           False
	linesearch_step                =             0.1
	max_disp_g_convergence         =          0.0012
	max_energy_g_convergence       =           1e-06
	max_force_g_convergence        =          0.0003
	opt_coordinates                =       REDUNDANT
	opt_type                       =             MIN
	output_type                    =            FILE
	print_lvl                      =               1
	program                        =            psi4
	ranged_bend                    =              []
	ranged_cartesian               =              []
	ranged_dihedral                =              []
	ranged_distance                =              []
	ranged_oofp                    =              []
	redundant_eval_tol             =           1e-10
	rfo_follow_root                =           False
	rfo_normalization_max          =             100
	rfo_root                       =               0
	rms_disp_g_convergence         =          0.0012
	rms_force_g_convergence        =          0.0003
	rsrfo_alpha_max                =     100000000.0
	sd_hessian                     =             1.0
	simple_step_scaling            =           False
	small_bend_fix_threshold       =            0.35
	steepest_descent_type          =         OVERLAP
	step_type                      =             RFO
	test_B                         =           False
	test_derivative_B              =           False
	trajectory                     =           False
	v3d_tors_angle_lim             =           0.017
	v3d_tors_cos_tol               =           1e-10
	working_consecutive_backsteps  =               0
	working_steps_since_last_H     =               0


2025-07-17:09:19:07,855 INFO     [psi4.optking.opt_helper:151] Molsys:

	                            ===> Fragment 1 <== 

	 Z (Atomic Numbers)          Masses                          Geom                  
	       2.000000             4.002603          0.00000000  0.00000000  1.70047684   
	       6.000000            12.000000          0.00000000  0.00000000 -0.56719451   

	 - Coordinate -           - BOHR/RAD -       - ANG/DEG -
	 R(1,2)           =         2.267671           1.200000

2025-07-17:09:19:07,866 INFO     [psi4.driver.task_planner:285] PLANNING Atomic:  keywords={'DAMPING_PERCENTAGE': 1.0, 'GEOM_MAXITER': 500, 'GUESS': 'SAP', 'MAXITER': 500, 'REFERENCE': 'UKS', 'function_kwargs': {}}
2025-07-17:09:19:07,867 INFO     [psi4.driver.driver:636] Compute gradient(): method=b3lyp, basis=cc-pvdz, molecule=default, nre=5.291772106700001
2025-07-17:09:19:08,493 INFO     [psi4.driver.driver:639] Return gradient(): -39.929837934215065
2025-07-17:09:19:08,494 INFO     [psi4.driver.driver:640] [[ 0.00000000  0.00000000 -0.11785407]
 [ 0.00000000  0.00000000  0.11786237]]
2025-07-17:09:19:08,496 INFO     [psi4.optking.molsys:874] Projected (PHP) Hessian matrix
	   0.246653

2025-07-17:09:19:08,496 INFO     [psi4.optking.opt_helper:168] 
	         Geometry (au)                                       Gradient (au)
   0.0000000000   0.0000000000   1.7004768396		   0.0000000000   0.0000000000  -0.1178540709
   0.0000000000   0.0000000000  -0.5671945110		   0.0000000000   0.0000000000   0.1178623675

2025-07-17:09:19:08,497 INFO     [psi4.optking.stepAlgorithms:750] 	Using RFO solution 1.
2025-07-17:09:19:08,497 INFO     [psi4.optking.displace:73] 	Determining Cartesian step for fragment 1.
2025-07-17:09:19:08,497 INFO     [psi4.optking.displace:378] 	Successfully converged to displaced geometry.
2025-07-17:09:19:08,497 INFO     [psi4.optking.displace:379] 	RMS(dx):  0.000e+00 	Max(dx):  0.000e+00 	RMS(dq):  0.000e+00
2025-07-17:09:19:08,497 INFO     [psi4.optking.displace:132] 

	        --- Internal Coordinate Step in ANG or DEG, aJ/ANG or AJ/DEG ---
	-------------------------------------------------------------------------------
	           Coordinate      Previous         Force          Change          New 
	           ----------      --------        ------          ------        ------
	               R(1,2)       1.20000        0.97100        0.21220       1.41220
	-------------------------------------------------------------------------------

2025-07-17:09:19:08,497 INFO     [psi4.optking.stepAlgorithms:96] 	|target step| :    0.4009962483
2025-07-17:09:19:08,497 INFO     [psi4.optking.stepAlgorithms:97] 	gradient     :   -0.1178582192
2025-07-17:09:19:08,497 INFO     [psi4.optking.stepAlgorithms:98] 	hessian      :    0.2466528172
2025-07-17:09:19:08,497 INFO     [psi4.optking.stepAlgorithms:177] 	Norm of achieved step-size    0.4009962483
2025-07-17:09:19:08,498 INFO     [psi4.optking.stepAlgorithms:179] 	Norm of achieved step-size (cart):    0.2835471664
2025-07-17:09:19:08,498 INFO     [psi4.optking.opt_helper:151] Molsys:

	                            ===> Fragment 1 <== 

	 Z (Atomic Numbers)          Masses                          Geom                  
	       2.000000             4.002603          0.00000000  0.00000000  1.90097496   
	       6.000000            12.000000          0.00000000  0.00000000 -0.76769264   

	 - Coordinate -           - BOHR/RAD -       - ANG/DEG -
	 R(1,2)           =         2.668668           1.412198

2025-07-17:09:19:08,498 INFO     [psi4.optking.convcheck:71] Performing convergence check.
2025-07-17:09:19:08,498 INFO     [psi4.optking.convcheck:263] 
	                                 ==> Convergence Check <==                                  
    
	Measures of convergence in internal coordinates in au.
    
	Criteria marked as inactive (o), active & met (*), and active & unmet ( ).

	----------------------------------------------------------------------------------------------
	   Step    Total Energy     Delta E     Max Force     RMS Force      Max Disp      RMS Disp   
	----------------------------------------------------------------------------------------------
	  Convergence Criteria     1.00e-06 *    3.00e-04 *             o    1.20e-03 *             o
	----------------------------------------------------------------------------------------------
	     1     -39.92983793   -3.99e+01      1.18e-01      1.18e-01 o    4.01e-01      4.01e-01 o  ~
	----------------------------------------------------------------------------------------------


2025-07-17:09:19:08,498 INFO     [psi4.optking.stepAlgorithms:266] 	Convergence check returned False
2025-07-17:09:19:08,519 INFO     [psi4.driver.task_planner:285] PLANNING Atomic:  keywords={'DAMPING_PERCENTAGE': 1.0, 'GEOM_MAXITER': 500, 'SCF__GUESS': 'READ', 'GUESS': 'SAP', 'MAXITER': 500, 'REFERENCE': 'UKS', 'function_kwargs': {}}
2025-07-17:09:19:08,522 INFO     [psi4.driver.driver:636] Compute gradient(): method=b3lyp, basis=cc-pvdz, molecule=default, nre=4.496625958713035
2025-07-17:09:19:09,123 INFO     [psi4.driver.driver:639] Return gradient(): -39.95841242138315
2025-07-17:09:19:09,123 INFO     [psi4.driver.driver:640] [[ 0.00000000  0.00000000 -0.04507303]
 [ 0.00000000  0.00000000  0.04506838]]
2025-07-17:09:19:09,124 INFO     [psi4.optking.history:257] 	Performing BFGS update.
2025-07-17:09:19:09,124 INFO     [psi4.optking.history:268] 	Using 1 previous steps for update.
2025-07-17:09:19:09,124 INFO     [psi4.optking.history:302] 	Steps to be used in Hessian update:  1

2025-07-17:09:19:09,125 INFO     [psi4.optking.history:400] 	Updated Hessian (in au) 
 	   0.181517

2025-07-17:09:19:09,125 INFO     [psi4.optking.molsys:874] Projected (PHP) Hessian matrix
	   0.181517

2025-07-17:09:19:09,125 INFO     [psi4.optking.opt_helper:168] 
	         Geometry (au)                                       Gradient (au)
   0.0000000000   0.0000000000   2.0011751012		   0.0000000000   0.0000000000  -0.0450730276
   0.0000000000   0.0000000000  -0.6674924977		   0.0000000000   0.0000000000   0.0450683837

2025-07-17:09:19:09,125 INFO     [psi4.optking.stepAlgorithms:315] 	Current Step Report 
 
	Current energy:       -39.9584124214
	Energy change for the previous step:
		Actual       :        -0.0285744872
		Projected    :        -0.0236303519

2025-07-17:09:19:09,125 INFO     [psi4.optking.stepAlgorithms:318] 	Energy ratio =    1.20923
2025-07-17:09:19:09,125 INFO     [psi4.optking.stepAlgorithms:346] 	Energy ratio indicates good step.
2025-07-17:09:19:09,125 INFO     [psi4.optking.stepAlgorithms:347] 	Intrafrag trust radius increased to 1.000e+00.
2025-07-17:09:19:09,125 INFO     [psi4.optking.stepAlgorithms:750] 	Using RFO solution 1.
2025-07-17:09:19:09,125 INFO     [psi4.optking.displace:73] 	Determining Cartesian step for fragment 1.
2025-07-17:09:19:09,125 INFO     [psi4.optking.displace:378] 	Successfully converged to displaced geometry.
2025-07-17:09:19:09,125 INFO     [psi4.optking.displace:379] 	RMS(dx):  0.000e+00 	Max(dx):  0.000e+00 	RMS(dq):  0.000e+00
2025-07-17:09:19:09,125 INFO     [psi4.optking.displace:132] 

	        --- Internal Coordinate Step in ANG or DEG, aJ/ANG or AJ/DEG ---
	-------------------------------------------------------------------------------
	           Coordinate      Previous         Force          Change          New 
	           ----------      --------        ------          ------        ------
	               R(1,2)       1.41220        0.37133        0.12416       1.53636
	-------------------------------------------------------------------------------

2025-07-17:09:19:09,125 INFO     [psi4.optking.stepAlgorithms:96] 	|target step| :    0.2346312113
2025-07-17:09:19:09,125 INFO     [psi4.optking.stepAlgorithms:97] 	gradient     :   -0.0450707057
2025-07-17:09:19:09,125 INFO     [psi4.optking.stepAlgorithms:98] 	hessian      :    0.1815166947
2025-07-17:09:19:09,125 INFO     [psi4.optking.stepAlgorithms:177] 	Norm of achieved step-size    0.2346312113
2025-07-17:09:19:09,125 INFO     [psi4.optking.stepAlgorithms:179] 	Norm of achieved step-size (cart):    0.1659093206
2025-07-17:09:19:09,126 INFO     [psi4.optking.opt_helper:151] Molsys:

	                            ===> Fragment 1 <== 

	 Z (Atomic Numbers)          Masses                          Geom                  
	       2.000000             4.002603          0.00000000  0.00000000  2.11849071   
	       6.000000            12.000000          0.00000000  0.00000000 -0.78480810   

	 - Coordinate -           - BOHR/RAD -       - ANG/DEG -
	 R(1,2)           =         2.903299           1.536360

2025-07-17:09:19:09,126 INFO     [psi4.optking.convcheck:71] Performing convergence check.
2025-07-17:09:19:09,126 INFO     [psi4.optking.convcheck:263] 
	                                 ==> Convergence Check <==                                  
    
	Measures of convergence in internal coordinates in au.
    
	Criteria marked as inactive (o), active & met (*), and active & unmet ( ).

	----------------------------------------------------------------------------------------------
	   Step    Total Energy     Delta E     Max Force     RMS Force      Max Disp      RMS Disp   
	----------------------------------------------------------------------------------------------
	  Convergence Criteria     1.00e-06 *    3.00e-04 *             o    1.20e-03 *             o
	----------------------------------------------------------------------------------------------
	     2     -39.95841242   -2.86e-02      4.51e-02      4.51e-02 o    2.35e-01      2.35e-01 o  ~
	----------------------------------------------------------------------------------------------


2025-07-17:09:19:09,126 INFO     [psi4.optking.stepAlgorithms:266] 	Convergence check returned False
2025-07-17:09:19:09,145 INFO     [psi4.driver.task_planner:285] PLANNING Atomic:  keywords={'DAMPING_PERCENTAGE': 1.0, 'GEOM_MAXITER': 500, 'SCF__GUESS': 'READ', 'GUESS': 'SAP', 'MAXITER': 500, 'REFERENCE': 'UKS', 'function_kwargs': {}}
2025-07-17:09:19:09,147 INFO     [psi4.driver.driver:636] Compute gradient(): method=b3lyp, basis=cc-pvdz, molecule=default, nre=4.133229400327189
2025-07-17:09:19:09,739 INFO     [psi4.driver.driver:639] Return gradient(): -39.96756230092147
2025-07-17:09:19:09,739 INFO     [psi4.driver.driver:640] [[ 0.00000000  0.00000000 -0.03414456]
 [-0.00000000 -0.00000000  0.03413937]]
2025-07-17:09:19:09,740 INFO     [psi4.optking.history:257] 	Performing BFGS update.
2025-07-17:09:19:09,740 INFO     [psi4.optking.history:268] 	Using 2 previous steps for update.
2025-07-17:09:19:09,740 WARNING  [psi4.optking.history:286] 	Change in internal coordinate of 6.36e-01 exceeds limit of 5.00e-01.
2025-07-17:09:19:09,740 WARNING  [psi4.optking.history:291] 	Skipping Hessian update for step 1.
2025-07-17:09:19:09,740 INFO     [psi4.optking.history:302] 	Steps to be used in Hessian update:  2

2025-07-17:09:19:09,740 INFO     [psi4.optking.history:400] 	Updated Hessian (in au) 
 	   0.046578

2025-07-17:09:19:09,740 INFO     [psi4.optking.molsys:874] Projected (PHP) Hessian matrix
	   0.046578

2025-07-17:09:19:09,740 INFO     [psi4.optking.opt_helper:168] 
	         Geometry (au)                                       Gradient (au)
   0.0000000000   0.0000000000   2.1771198828		   0.0000000000   0.0000000000  -0.0341445555
   0.0000000000   0.0000000000  -0.7261789273		  -0.0000000000  -0.0000000000   0.0341393655

2025-07-17:09:19:09,740 INFO     [psi4.optking.stepAlgorithms:315] 	Current Step Report 
 
	Current energy:       -39.9675623009
	Energy change for the previous step:
		Actual       :        -0.0091498795
		Projected    :        -0.0052874971

2025-07-17:09:19:09,741 INFO     [psi4.optking.stepAlgorithms:318] 	Energy ratio =    1.73047
2025-07-17:09:19:09,741 INFO     [psi4.optking.stepAlgorithms:750] 	Using RFO solution 1.
2025-07-17:09:19:09,741 INFO     [psi4.optking.displace:73] 	Determining Cartesian step for fragment 1.
2025-07-17:09:19:09,741 INFO     [psi4.optking.displace:378] 	Successfully converged to displaced geometry.
2025-07-17:09:19:09,741 INFO     [psi4.optking.displace:379] 	RMS(dx):  0.000e+00 	Max(dx):  0.000e+00 	RMS(dq):  0.000e+00
2025-07-17:09:19:09,741 INFO     [psi4.optking.displace:132] 

	        --- Internal Coordinate Step in ANG or DEG, aJ/ANG or AJ/DEG ---
	-------------------------------------------------------------------------------
	           Coordinate      Previous         Force          Change          New 
	           ----------      --------        ------          ------        ------
	               R(1,2)       1.53636        0.28129        0.27960       1.81596
	-------------------------------------------------------------------------------

2025-07-17:09:19:09,741 INFO     [psi4.optking.stepAlgorithms:96] 	|target step| :    0.5283670631
2025-07-17:09:19:09,741 INFO     [psi4.optking.stepAlgorithms:97] 	gradient     :   -0.0341419605
2025-07-17:09:19:09,741 INFO     [psi4.optking.stepAlgorithms:98] 	hessian      :    0.0465783946
2025-07-17:09:19:09,741 INFO     [psi4.optking.stepAlgorithms:177] 	Norm of achieved step-size    0.5283670631
2025-07-17:09:19:09,741 INFO     [psi4.optking.stepAlgorithms:179] 	Norm of achieved step-size (cart):    0.3736119332
2025-07-17:09:19:09,741 INFO     [psi4.optking.opt_helper:151] Molsys:

	                            ===> Fragment 1 <== 

	 Z (Atomic Numbers)          Masses                          Geom                  
	       2.000000             4.002603          0.00000000  0.00000000  2.44130341   
	       6.000000            12.000000          0.00000000  0.00000000 -0.99036246   

	 - Coordinate -           - BOHR/RAD -       - ANG/DEG -
	 R(1,2)           =         3.431666           1.815959

2025-07-17:09:19:09,741 INFO     [psi4.optking.convcheck:71] Performing convergence check.
2025-07-17:09:19:09,741 INFO     [psi4.optking.convcheck:263] 
	                                 ==> Convergence Check <==                                  
    
	Measures of convergence in internal coordinates in au.
    
	Criteria marked as inactive (o), active & met (*), and active & unmet ( ).

	----------------------------------------------------------------------------------------------
	   Step    Total Energy     Delta E     Max Force     RMS Force      Max Disp      RMS Disp   
	----------------------------------------------------------------------------------------------
	  Convergence Criteria     1.00e-06 *    3.00e-04 *             o    1.20e-03 *             o
	----------------------------------------------------------------------------------------------
	     3     -39.96756230   -9.15e-03      3.41e-02      3.41e-02 o    5.28e-01      5.28e-01 o  ~
	----------------------------------------------------------------------------------------------


2025-07-17:09:19:09,741 INFO     [psi4.optking.stepAlgorithms:266] 	Convergence check returned False
2025-07-17:09:19:09,757 INFO     [psi4.driver.task_planner:285] PLANNING Atomic:  keywords={'DAMPING_PERCENTAGE': 1.0, 'GEOM_MAXITER': 500, 'SCF__GUESS': 'READ', 'GUESS': 'SAP', 'MAXITER': 500, 'REFERENCE': 'UKS', 'function_kwargs': {}}
2025-07-17:09:19:09,758 INFO     [psi4.driver.driver:636] Compute gradient(): method=b3lyp, basis=cc-pvdz, molecule=default, nre=3.496843936277702
2025-07-17:09:19:10,345 INFO     [psi4.driver.driver:639] Return gradient(): -39.982099359070986
2025-07-17:09:19:10,345 INFO     [psi4.driver.driver:640] [[ 0.00000000 -0.00000000 -0.02346702]
 [ 0.00000000 -0.00000000  0.02347030]]
2025-07-17:09:19:10,346 INFO     [psi4.optking.history:257] 	Performing BFGS update.
2025-07-17:09:19:10,346 INFO     [psi4.optking.history:268] 	Using 3 previous steps for update.
2025-07-17:09:19:10,346 WARNING  [psi4.optking.history:286] 	Change in internal coordinate of 5.28e-01 exceeds limit of 5.00e-01.
2025-07-17:09:19:10,346 WARNING  [psi4.optking.history:291] 	Skipping Hessian update for step 3.
2025-07-17:09:19:10,346 WARNING  [psi4.optking.history:286] 	Change in internal coordinate of 7.63e-01 exceeds limit of 5.00e-01.
2025-07-17:09:19:10,346 WARNING  [psi4.optking.history:291] 	Skipping Hessian update for step 2.
2025-07-17:09:19:10,346 INFO     [psi4.optking.history:302] 	Steps to be used in Hessian update:  1

2025-07-17:09:19:10,346 INFO     [psi4.optking.history:400] 	Updated Hessian (in au) 
 	   0.081091

2025-07-17:09:19:10,346 INFO     [psi4.optking.molsys:874] Projected (PHP) Hessian matrix
	   0.081091

2025-07-17:09:19:10,346 INFO     [psi4.optking.opt_helper:168] 
	         Geometry (au)                                       Gradient (au)
   0.0000000000   0.0000000000   2.5733307153		   0.0000000000  -0.0000000000  -0.0234670151
   0.0000000000   0.0000000000  -0.8583351579		   0.0000000000  -0.0000000000   0.0234703046

2025-07-17:09:19:10,346 INFO     [psi4.optking.stepAlgorithms:315] 	Current Step Report 
 
	Current energy:       -39.9820993591
	Energy change for the previous step:
		Actual       :        -0.0145370581
		Projected    :        -0.0090197437

2025-07-17:09:19:10,346 INFO     [psi4.optking.stepAlgorithms:318] 	Energy ratio =    1.61169
2025-07-17:09:19:10,347 INFO     [psi4.optking.stepAlgorithms:750] 	Using RFO solution 1.
2025-07-17:09:19:10,347 INFO     [psi4.optking.displace:73] 	Determining Cartesian step for fragment 1.
2025-07-17:09:19:10,347 INFO     [psi4.optking.displace:378] 	Successfully converged to displaced geometry.
2025-07-17:09:19:10,347 INFO     [psi4.optking.displace:379] 	RMS(dx):  1.282e-16 	Max(dx):  2.220e-16 	RMS(dq):  0.000e+00
2025-07-17:09:19:10,347 INFO     [psi4.optking.displace:132] 

	        --- Internal Coordinate Step in ANG or DEG, aJ/ANG or AJ/DEG ---
	-------------------------------------------------------------------------------
	           Coordinate      Previous         Force          Change          New 
	           ----------      --------        ------          ------        ------
	               R(1,2)       1.81596        0.19335        0.14211       1.95806
	-------------------------------------------------------------------------------

2025-07-17:09:19:10,347 INFO     [psi4.optking.stepAlgorithms:96] 	|target step| :    0.2685405518
2025-07-17:09:19:10,347 INFO     [psi4.optking.stepAlgorithms:97] 	gradient     :   -0.0234686598
2025-07-17:09:19:10,347 INFO     [psi4.optking.stepAlgorithms:98] 	hessian      :    0.0810910683
2025-07-17:09:19:10,347 INFO     [psi4.optking.stepAlgorithms:177] 	Norm of achieved step-size    0.2685405518
2025-07-17:09:19:10,347 INFO     [psi4.optking.stepAlgorithms:179] 	Norm of achieved step-size (cart):    0.1898868452
2025-07-17:09:19:10,347 INFO     [psi4.optking.opt_helper:151] Molsys:

	                            ===> Fragment 1 <== 

	 Z (Atomic Numbers)          Masses                          Geom                  
	       2.000000             4.002603          0.00000000  0.00000000  2.70760099   
	       6.000000            12.000000          0.00000000  0.00000000 -0.99260543   

	 - Coordinate -           - BOHR/RAD -       - ANG/DEG -
	 R(1,2)           =         3.700206           1.958065

2025-07-17:09:19:10,347 INFO     [psi4.optking.convcheck:71] Performing convergence check.
2025-07-17:09:19:10,347 INFO     [psi4.optking.convcheck:263] 
	                                 ==> Convergence Check <==                                  
    
	Measures of convergence in internal coordinates in au.
    
	Criteria marked as inactive (o), active & met (*), and active & unmet ( ).

	----------------------------------------------------------------------------------------------
	   Step    Total Energy     Delta E     Max Force     RMS Force      Max Disp      RMS Disp   
	----------------------------------------------------------------------------------------------
	  Convergence Criteria     1.00e-06 *    3.00e-04 *             o    1.20e-03 *             o
	----------------------------------------------------------------------------------------------
	     4     -39.98209936   -1.45e-02      2.35e-02      2.35e-02 o    2.69e-01      2.69e-01 o  ~
	----------------------------------------------------------------------------------------------


2025-07-17:09:19:10,347 INFO     [psi4.optking.stepAlgorithms:266] 	Convergence check returned False
2025-07-17:09:19:10,367 INFO     [psi4.driver.task_planner:285] PLANNING Atomic:  keywords={'DAMPING_PERCENTAGE': 1.0, 'GEOM_MAXITER': 500, 'SCF__GUESS': 'READ', 'GUESS': 'SAP', 'MAXITER': 500, 'REFERENCE': 'UKS', 'function_kwargs': {}}
2025-07-17:09:19:10,368 INFO     [psi4.driver.driver:636] Compute gradient(): method=b3lyp, basis=cc-pvdz, molecule=default, nre=3.243062311031524
2025-07-17:09:19:10,932 INFO     [psi4.driver.driver:639] Return gradient(): -39.98851859057699
2025-07-17:09:19:10,932 INFO     [psi4.driver.driver:640] [[-0.00000000  0.00000000 -0.02523484]
 [ 0.00000000 -0.00000000  0.02524100]]
2025-07-17:09:19:10,933 INFO     [psi4.optking.history:257] 	Performing BFGS update.
2025-07-17:09:19:10,933 INFO     [psi4.optking.history:268] 	Using 4 previous steps for update.
2025-07-17:09:19:10,934 WARNING  [psi4.optking.history:286] 	Change in internal coordinate of 7.97e-01 exceeds limit of 5.00e-01.
2025-07-17:09:19:10,934 WARNING  [psi4.optking.history:291] 	Skipping Hessian update for step 3.
2025-07-17:09:19:10,934 WARNING  [psi4.optking.history:286] 	Change in internal coordinate of 1.03e+00 exceeds limit of 5.00e-01.
2025-07-17:09:19:10,934 WARNING  [psi4.optking.history:291] 	Skipping Hessian update for step 2.
2025-07-17:09:19:10,934 WARNING  [psi4.optking.history:286] 	Change in internal coordinate of 1.43e+00 exceeds limit of 5.00e-01.
2025-07-17:09:19:10,934 WARNING  [psi4.optking.history:291] 	Skipping Hessian update for step 1.
2025-07-17:09:19:10,934 INFO     [psi4.optking.history:302] 	Steps to be used in Hessian update:  4

2025-07-17:09:19:10,934 INFO     [psi4.optking.history:400] 	Updated Hessian (in au) 
 	  -0.006588

2025-07-17:09:19:10,934 INFO     [psi4.optking.molsys:874] Projected (PHP) Hessian matrix
	  -0.006588

2025-07-17:09:19:10,934 INFO     [psi4.optking.opt_helper:168] 
	         Geometry (au)                                       Gradient (au)
   0.0000000000   0.0000000000   2.7747033651		  -0.0000000000   0.0000000000  -0.0252348419
   0.0000000000   0.0000000000  -0.9255030599		   0.0000000000  -0.0000000000   0.0252410008

2025-07-17:09:19:10,934 INFO     [psi4.optking.stepAlgorithms:315] 	Current Step Report 
 
	Current energy:       -39.9885185906
	Energy change for the previous step:
		Actual       :        -0.0064192315
		Projected    :        -0.0031511434

2025-07-17:09:19:10,934 INFO     [psi4.optking.stepAlgorithms:318] 	Energy ratio =    2.03711
2025-07-17:09:19:10,934 INFO     [psi4.optking.stepAlgorithms:750] 	Using RFO solution 1.
2025-07-17:09:19:10,934 INFO     [psi4.optking.displace:73] 	Determining Cartesian step for fragment 1.
2025-07-17:09:19:10,935 INFO     [psi4.optking.displace:378] 	Successfully converged to displaced geometry.
2025-07-17:09:19:10,935 INFO     [psi4.optking.displace:379] 	RMS(dx):  2.564e-16 	Max(dx):  4.441e-16 	RMS(dq):  8.882e-16
2025-07-17:09:19:10,935 INFO     [psi4.optking.displace:132] 

	        --- Internal Coordinate Step in ANG or DEG, aJ/ANG or AJ/DEG ---
	-------------------------------------------------------------------------------
	           Coordinate      Previous         Force          Change          New 
	           ----------      --------        ------          ------        ------
	               R(1,2)       1.95806        0.20793        0.52918       2.48724
	-------------------------------------------------------------------------------

2025-07-17:09:19:10,935 INFO     [psi4.optking.stepAlgorithms:96] 	|target step| :    1.0000004733
2025-07-17:09:19:10,935 INFO     [psi4.optking.stepAlgorithms:97] 	gradient     :   -0.0252379213
2025-07-17:09:19:10,935 INFO     [psi4.optking.stepAlgorithms:98] 	hessian      :   -0.0065884333
2025-07-17:09:19:10,935 INFO     [psi4.optking.stepAlgorithms:177] 	Norm of achieved step-size    1.0000004733
2025-07-17:09:19:10,935 INFO     [psi4.optking.stepAlgorithms:179] 	Norm of achieved step-size (cart):    0.7071071158
2025-07-17:09:19:10,935 INFO     [psi4.optking.opt_helper:151] Molsys:

	                            ===> Fragment 1 <== 

	 Z (Atomic Numbers)          Masses                          Geom                  
	       2.000000             4.002603          0.00000000  0.00000000  3.27470360   
	       6.000000            12.000000          0.00000000  0.00000000 -1.42550330   

	 - Coordinate -           - BOHR/RAD -       - ANG/DEG -
	 R(1,2)           =         4.700207           2.487242

2025-07-17:09:19:10,935 INFO     [psi4.optking.convcheck:71] Performing convergence check.
2025-07-17:09:19:10,935 INFO     [psi4.optking.convcheck:263] 
	                                 ==> Convergence Check <==                                  
    
	Measures of convergence in internal coordinates in au.
    
	Criteria marked as inactive (o), active & met (*), and active & unmet ( ).

	----------------------------------------------------------------------------------------------
	   Step    Total Energy     Delta E     Max Force     RMS Force      Max Disp      RMS Disp   
	----------------------------------------------------------------------------------------------
	  Convergence Criteria     1.00e-06 *    3.00e-04 *             o    1.20e-03 *             o
	----------------------------------------------------------------------------------------------
	     5     -39.98851859   -6.42e-03      2.52e-02      2.52e-02 o    1.00e+00      1.00e+00 o  ~
	----------------------------------------------------------------------------------------------


2025-07-17:09:19:10,935 INFO     [psi4.optking.stepAlgorithms:266] 	Convergence check returned False
2025-07-17:09:19:10,951 INFO     [psi4.driver.task_planner:285] PLANNING Atomic:  keywords={'DAMPING_PERCENTAGE': 1.0, 'GEOM_MAXITER': 500, 'SCF__GUESS': 'READ', 'GUESS': 'SAP', 'MAXITER': 500, 'REFERENCE': 'UKS', 'function_kwargs': {}}
2025-07-17:09:19:10,952 INFO     [psi4.driver.driver:636] Compute gradient(): method=b3lyp, basis=cc-pvdz, molecule=default, nre=2.5530791004967885
2025-07-17:09:19:11,526 INFO     [psi4.driver.driver:639] Return gradient(): -40.021729525373175
2025-07-17:09:19:11,526 INFO     [psi4.driver.driver:640] [[-0.00000000  0.00000000 -0.03286897]
 [ 0.00000000  0.00000000  0.03286702]]
2025-07-17:09:19:11,528 INFO     [psi4.optking.history:257] 	Performing BFGS update.
2025-07-17:09:19:11,528 INFO     [psi4.optking.history:268] 	Using 4 previous steps for update.
2025-07-17:09:19:11,528 WARNING  [psi4.optking.history:286] 	Change in internal coordinate of 1.00e+00 exceeds limit of 5.00e-01.
2025-07-17:09:19:11,528 WARNING  [psi4.optking.history:291] 	Skipping Hessian update for step 5.
2025-07-17:09:19:11,529 WARNING  [psi4.optking.history:286] 	Change in internal coordinate of 1.27e+00 exceeds limit of 5.00e-01.
2025-07-17:09:19:11,529 WARNING  [psi4.optking.history:291] 	Skipping Hessian update for step 4.
2025-07-17:09:19:11,529 WARNING  [psi4.optking.history:286] 	Change in internal coordinate of 1.80e+00 exceeds limit of 5.00e-01.
2025-07-17:09:19:11,529 WARNING  [psi4.optking.history:291] 	Skipping Hessian update for step 3.
2025-07-17:09:19:11,529 WARNING  [psi4.optking.history:286] 	Change in internal coordinate of 2.03e+00 exceeds limit of 5.00e-01.
2025-07-17:09:19:11,529 WARNING  [psi4.optking.history:291] 	Skipping Hessian update for step 2.
2025-07-17:09:19:11,529 INFO     [psi4.optking.history:302] 	Steps to be used in Hessian update:  1

2025-07-17:09:19:11,529 INFO     [psi4.optking.history:400] 	Updated Hessian (in au) 
 	   0.034939

2025-07-17:09:19:11,529 INFO     [psi4.optking.molsys:874] Projected (PHP) Hessian matrix
	   0.034939

2025-07-17:09:19:11,529 INFO     [psi4.optking.opt_helper:168] 
	         Geometry (au)                                       Gradient (au)
   0.0000000000   0.0000000000   3.5245817123		  -0.0000000000   0.0000000000  -0.0328689742
   0.0000000000   0.0000000000  -1.1756251859		   0.0000000000   0.0000000000   0.0328670212

2025-07-17:09:19:11,530 INFO     [psi4.optking.stepAlgorithms:315] 	Current Step Report 
 
	Current energy:       -40.0217295254
	Energy change for the previous step:
		Actual       :        -0.0332109348
		Projected    :        -0.0142660698

2025-07-17:09:19:11,530 INFO     [psi4.optking.stepAlgorithms:318] 	Energy ratio =    2.32797
2025-07-17:09:19:11,530 INFO     [psi4.optking.stepAlgorithms:750] 	Using RFO solution 1.
2025-07-17:09:19:11,530 INFO     [psi4.optking.displace:73] 	Determining Cartesian step for fragment 1.
2025-07-17:09:19:11,530 INFO     [psi4.optking.displace:378] 	Successfully converged to displaced geometry.
2025-07-17:09:19:11,530 INFO     [psi4.optking.displace:379] 	RMS(dx):  2.564e-16 	Max(dx):  4.441e-16 	RMS(dq):  8.882e-16
2025-07-17:09:19:11,530 INFO     [psi4.optking.displace:132] 

	        --- Internal Coordinate Step in ANG or DEG, aJ/ANG or AJ/DEG ---
	-------------------------------------------------------------------------------
	           Coordinate      Previous         Force          Change          New 
	           ----------      --------        ------          ------        ------
	               R(1,2)       2.48724        0.27079        0.31802       2.80526
	-------------------------------------------------------------------------------

2025-07-17:09:19:11,530 INFO     [psi4.optking.stepAlgorithms:96] 	|target step| :    0.6009696310
2025-07-17:09:19:11,530 INFO     [psi4.optking.stepAlgorithms:97] 	gradient     :   -0.0328679977
2025-07-17:09:19:11,531 INFO     [psi4.optking.stepAlgorithms:98] 	hessian      :    0.0349389433
2025-07-17:09:19:11,531 INFO     [psi4.optking.stepAlgorithms:177] 	Norm of achieved step-size    0.6009696310
2025-07-17:09:19:11,531 INFO     [psi4.optking.stepAlgorithms:179] 	Norm of achieved step-size (cart):    0.4249497013
2025-07-17:09:19:11,531 INFO     [psi4.optking.opt_helper:151] Molsys:

	                            ===> Fragment 1 <== 

	 Z (Atomic Numbers)          Masses                          Geom                  
	       2.000000             4.002603          0.00000000  0.00000000  3.82506653   
	       6.000000            12.000000          0.00000000  0.00000000 -1.47611000   

	 - Coordinate -           - BOHR/RAD -       - ANG/DEG -
	 R(1,2)           =         5.301177           2.805262

2025-07-17:09:19:11,531 INFO     [psi4.optking.convcheck:71] Performing convergence check.
2025-07-17:09:19:11,531 INFO     [psi4.optking.convcheck:263] 
	                                 ==> Convergence Check <==                                  
    
	Measures of convergence in internal coordinates in au.
    
	Criteria marked as inactive (o), active & met (*), and active & unmet ( ).

	----------------------------------------------------------------------------------------------
	   Step    Total Energy     Delta E     Max Force     RMS Force      Max Disp      RMS Disp   
	----------------------------------------------------------------------------------------------
	  Convergence Criteria     1.00e-06 *    3.00e-04 *             o    1.20e-03 *             o
	----------------------------------------------------------------------------------------------
	     6     -40.02172953   -3.32e-02      3.29e-02      3.29e-02 o    6.01e-01      6.01e-01 o  ~
	----------------------------------------------------------------------------------------------


2025-07-17:09:19:11,531 INFO     [psi4.optking.stepAlgorithms:266] 	Convergence check returned False
2025-07-17:09:19:11,544 INFO     [psi4.driver.task_planner:285] PLANNING Atomic:  keywords={'DAMPING_PERCENTAGE': 1.0, 'GEOM_MAXITER': 500, 'SCF__GUESS': 'READ', 'GUESS': 'SAP', 'MAXITER': 500, 'REFERENCE': 'UKS', 'function_kwargs': {}}
2025-07-17:09:19:11,546 INFO     [psi4.driver.driver:636] Compute gradient(): method=b3lyp, basis=cc-pvdz, molecule=default, nre=2.263648443664538
2025-07-17:09:19:12,101 INFO     [psi4.driver.driver:639] Return gradient(): -40.036413487520996
2025-07-17:09:19:12,101 INFO     [psi4.driver.driver:640] [[ 0.00000000  0.00000000 -0.01545444]
 [ 0.00000000  0.00000000  0.01545031]]
2025-07-17:09:19:12,102 INFO     [psi4.optking.history:257] 	Performing BFGS update.
2025-07-17:09:19:12,102 INFO     [psi4.optking.history:268] 	Using 4 previous steps for update.
2025-07-17:09:19:12,102 WARNING  [psi4.optking.history:286] 	Change in internal coordinate of 6.01e-01 exceeds limit of 5.00e-01.
2025-07-17:09:19:12,102 WARNING  [psi4.optking.history:291] 	Skipping Hessian update for step 6.
2025-07-17:09:19:12,102 WARNING  [psi4.optking.history:286] 	Change in internal coordinate of 1.60e+00 exceeds limit of 5.00e-01.
2025-07-17:09:19:12,102 WARNING  [psi4.optking.history:291] 	Skipping Hessian update for step 5.
2025-07-17:09:19:12,102 WARNING  [psi4.optking.history:286] 	Change in internal coordinate of 1.87e+00 exceeds limit of 5.00e-01.
2025-07-17:09:19:12,102 WARNING  [psi4.optking.history:291] 	Skipping Hessian update for step 4.
2025-07-17:09:19:12,102 WARNING  [psi4.optking.history:286] 	Change in internal coordinate of 2.40e+00 exceeds limit of 5.00e-01.
2025-07-17:09:19:12,102 WARNING  [psi4.optking.history:291] 	Skipping Hessian update for step 3.
2025-07-17:09:19:12,102 WARNING  [psi4.optking.history:286] 	Change in internal coordinate of 2.63e+00 exceeds limit of 5.00e-01.
2025-07-17:09:19:12,102 WARNING  [psi4.optking.history:291] 	Skipping Hessian update for step 2.
2025-07-17:09:19:12,102 INFO     [psi4.optking.history:302] 	Steps to be used in Hessian update:  1

2025-07-17:09:19:12,103 INFO     [psi4.optking.history:400] 	Updated Hessian (in au) 
 	   0.033758

2025-07-17:09:19:12,103 INFO     [psi4.optking.molsys:874] Projected (PHP) Hessian matrix
	   0.033758

2025-07-17:09:19:12,103 INFO     [psi4.optking.opt_helper:168] 
	         Geometry (au)                                       Gradient (au)
   0.0000000000   0.0000000000   3.9752356126		   0.0000000000   0.0000000000  -0.0154544439
   0.0000000000   0.0000000000  -1.3259409166		   0.0000000000   0.0000000000   0.0154503113

2025-07-17:09:19:12,103 INFO     [psi4.optking.stepAlgorithms:315] 	Current Step Report 
 
	Current energy:       -40.0364134875
	Energy change for the previous step:
		Actual       :        -0.0146839621
		Projected    :        -0.0098763342

2025-07-17:09:19:12,103 INFO     [psi4.optking.stepAlgorithms:318] 	Energy ratio =    1.48678
2025-07-17:09:19:12,103 INFO     [psi4.optking.stepAlgorithms:750] 	Using RFO solution 1.
2025-07-17:09:19:12,103 INFO     [psi4.optking.displace:73] 	Determining Cartesian step for fragment 1.
2025-07-17:09:19:12,103 INFO     [psi4.optking.displace:378] 	Successfully converged to displaced geometry.
2025-07-17:09:19:12,103 INFO     [psi4.optking.displace:379] 	RMS(dx):  2.564e-16 	Max(dx):  4.441e-16 	RMS(dq):  0.000e+00
2025-07-17:09:19:12,103 INFO     [psi4.optking.displace:132] 

	        --- Internal Coordinate Step in ANG or DEG, aJ/ANG or AJ/DEG ---
	-------------------------------------------------------------------------------
	           Coordinate      Previous         Force          Change          New 
	           ----------      --------        ------          ------        ------
	               R(1,2)       2.80526        0.12731        0.20564       3.01091
	-------------------------------------------------------------------------------

2025-07-17:09:19:12,103 INFO     [psi4.optking.stepAlgorithms:96] 	|target step| :    0.3886099801
2025-07-17:09:19:12,103 INFO     [psi4.optking.stepAlgorithms:97] 	gradient     :   -0.0154523776
2025-07-17:09:19:12,103 INFO     [psi4.optking.stepAlgorithms:98] 	hessian      :    0.0337582551
2025-07-17:09:19:12,103 INFO     [psi4.optking.stepAlgorithms:177] 	Norm of achieved step-size    0.3886099801
2025-07-17:09:19:12,103 INFO     [psi4.optking.stepAlgorithms:179] 	Norm of achieved step-size (cart):    0.2747887522
2025-07-17:09:19:12,103 INFO     [psi4.optking.opt_helper:151] Molsys:

	                            ===> Fragment 1 <== 

	 Z (Atomic Numbers)          Masses                          Geom                  
	       2.000000             4.002603          0.00000000  0.00000000  4.16954060   
	       6.000000            12.000000          0.00000000  0.00000000 -1.52024591   

	 - Coordinate -           - BOHR/RAD -       - ANG/DEG -
	 R(1,2)           =         5.689787           3.010905

2025-07-17:09:19:12,104 INFO     [psi4.optking.convcheck:71] Performing convergence check.
2025-07-17:09:19:12,104 INFO     [psi4.optking.convcheck:263] 
	                                 ==> Convergence Check <==                                  
    
	Measures of convergence in internal coordinates in au.
    
	Criteria marked as inactive (o), active & met (*), and active & unmet ( ).

	----------------------------------------------------------------------------------------------
	   Step    Total Energy     Delta E     Max Force     RMS Force      Max Disp      RMS Disp   
	----------------------------------------------------------------------------------------------
	  Convergence Criteria     1.00e-06 *    3.00e-04 *             o    1.20e-03 *             o
	----------------------------------------------------------------------------------------------
	     7     -40.03641349   -1.47e-02      1.55e-02      1.55e-02 o    3.89e-01      3.89e-01 o  ~
	----------------------------------------------------------------------------------------------


2025-07-17:09:19:12,104 INFO     [psi4.optking.stepAlgorithms:266] 	Convergence check returned False
2025-07-17:09:19:12,115 INFO     [psi4.driver.task_planner:285] PLANNING Atomic:  keywords={'DAMPING_PERCENTAGE': 1.0, 'GEOM_MAXITER': 500, 'SCF__GUESS': 'READ', 'GUESS': 'SAP', 'MAXITER': 500, 'REFERENCE': 'UKS', 'function_kwargs': {}}
2025-07-17:09:19:12,117 INFO     [psi4.driver.driver:636] Compute gradient(): method=b3lyp, basis=cc-pvdz, molecule=default, nre=2.1090422250845444
2025-07-17:09:19:12,644 INFO     [psi4.driver.driver:639] Return gradient(): -40.04046997837439
2025-07-17:09:19:12,644 INFO     [psi4.driver.driver:640] [[ 0.00000000 -0.00000000 -0.00606639]
 [ 0.00000000 -0.00000000  0.00606277]]
2025-07-17:09:19:12,645 INFO     [psi4.optking.history:257] 	Performing BFGS update.
2025-07-17:09:19:12,645 INFO     [psi4.optking.history:268] 	Using 4 previous steps for update.
2025-07-17:09:19:12,645 WARNING  [psi4.optking.history:286] 	Change in internal coordinate of 9.90e-01 exceeds limit of 5.00e-01.
2025-07-17:09:19:12,646 WARNING  [psi4.optking.history:291] 	Skipping Hessian update for step 6.
2025-07-17:09:19:12,646 WARNING  [psi4.optking.history:286] 	Change in internal coordinate of 1.99e+00 exceeds limit of 5.00e-01.
2025-07-17:09:19:12,646 WARNING  [psi4.optking.history:291] 	Skipping Hessian update for step 5.
2025-07-17:09:19:12,646 WARNING  [psi4.optking.history:286] 	Change in internal coordinate of 2.26e+00 exceeds limit of 5.00e-01.
2025-07-17:09:19:12,646 WARNING  [psi4.optking.history:291] 	Skipping Hessian update for step 4.
2025-07-17:09:19:12,646 WARNING  [psi4.optking.history:286] 	Change in internal coordinate of 2.79e+00 exceeds limit of 5.00e-01.
2025-07-17:09:19:12,646 WARNING  [psi4.optking.history:291] 	Skipping Hessian update for step 3.
2025-07-17:09:19:12,646 WARNING  [psi4.optking.history:286] 	Change in internal coordinate of 3.02e+00 exceeds limit of 5.00e-01.
2025-07-17:09:19:12,646 WARNING  [psi4.optking.history:291] 	Skipping Hessian update for step 2.
2025-07-17:09:19:12,646 WARNING  [psi4.optking.history:286] 	Change in internal coordinate of 3.42e+00 exceeds limit of 5.00e-01.
2025-07-17:09:19:12,646 WARNING  [psi4.optking.history:291] 	Skipping Hessian update for step 1.
2025-07-17:09:19:12,646 INFO     [psi4.optking.history:302] 	Steps to be used in Hessian update:  7

2025-07-17:09:19:12,646 INFO     [psi4.optking.history:400] 	Updated Hessian (in au) 
 	   0.024157

2025-07-17:09:19:12,646 INFO     [psi4.optking.molsys:874] Projected (PHP) Hessian matrix
	   0.024157

2025-07-17:09:19:12,646 INFO     [psi4.optking.opt_helper:168] 
	         Geometry (au)                                       Gradient (au)
   0.0000000000   0.0000000000   4.2666456843		   0.0000000000  -0.0000000000  -0.0060663937
   0.0000000000   0.0000000000  -1.4231408250		   0.0000000000  -0.0000000000   0.0060627677

2025-07-17:09:19:12,646 INFO     [psi4.optking.stepAlgorithms:315] 	Current Step Report 
 
	Current energy:       -40.0404699784
	Energy change for the previous step:
		Actual       :        -0.0040564909
		Projected    :        -0.0030024741

2025-07-17:09:19:12,646 INFO     [psi4.optking.stepAlgorithms:318] 	Energy ratio =    1.35105
2025-07-17:09:19:12,646 INFO     [psi4.optking.stepAlgorithms:750] 	Using RFO solution 1.
2025-07-17:09:19:12,646 INFO     [psi4.optking.displace:73] 	Determining Cartesian step for fragment 1.
2025-07-17:09:19:12,647 INFO     [psi4.optking.displace:378] 	Successfully converged to displaced geometry.
2025-07-17:09:19:12,647 INFO     [psi4.optking.displace:379] 	RMS(dx):  0.000e+00 	Max(dx):  0.000e+00 	RMS(dq):  0.000e+00
2025-07-17:09:19:12,647 INFO     [psi4.optking.displace:132] 

	        --- Internal Coordinate Step in ANG or DEG, aJ/ANG or AJ/DEG ---
	-------------------------------------------------------------------------------
	           Coordinate      Previous         Force          Change          New 
	           ----------      --------        ------          ------        ------
	               R(1,2)       3.01091        0.04996        0.12539       3.13629
	-------------------------------------------------------------------------------

2025-07-17:09:19:12,647 INFO     [psi4.optking.stepAlgorithms:96] 	|target step| :    0.2369497438
2025-07-17:09:19:12,647 INFO     [psi4.optking.stepAlgorithms:97] 	gradient     :   -0.0060645807
2025-07-17:09:19:12,647 INFO     [psi4.optking.stepAlgorithms:98] 	hessian      :    0.0241573747
2025-07-17:09:19:12,647 INFO     [psi4.optking.stepAlgorithms:177] 	Norm of achieved step-size    0.2369497438
2025-07-17:09:19:12,647 INFO     [psi4.optking.stepAlgorithms:179] 	Norm of achieved step-size (cart):    0.1675487707
2025-07-17:09:19:12,647 INFO     [psi4.optking.opt_helper:151] Molsys:

	                            ===> Fragment 1 <== 

	 Z (Atomic Numbers)          Masses                          Geom                  
	       2.000000             4.002603          0.00000000  0.00000000  4.38512056   
	       6.000000            12.000000          0.00000000  0.00000000 -1.54161570   

	 - Coordinate -           - BOHR/RAD -       - ANG/DEG -
	 R(1,2)           =         5.926736           3.136294

2025-07-17:09:19:12,647 INFO     [psi4.optking.convcheck:71] Performing convergence check.
2025-07-17:09:19:12,647 INFO     [psi4.optking.convcheck:263] 
	                                 ==> Convergence Check <==                                  
    
	Measures of convergence in internal coordinates in au.
    
	Criteria marked as inactive (o), active & met (*), and active & unmet ( ).

	----------------------------------------------------------------------------------------------
	   Step    Total Energy     Delta E     Max Force     RMS Force      Max Disp      RMS Disp   
	----------------------------------------------------------------------------------------------
	  Convergence Criteria     1.00e-06 *    3.00e-04 *             o    1.20e-03 *             o
	----------------------------------------------------------------------------------------------
	     8     -40.04046998   -4.06e-03      6.06e-03      6.06e-03 o    2.37e-01      2.37e-01 o  ~
	----------------------------------------------------------------------------------------------


2025-07-17:09:19:12,647 INFO     [psi4.optking.stepAlgorithms:266] 	Convergence check returned False
2025-07-17:09:19:12,658 INFO     [psi4.driver.task_planner:285] PLANNING Atomic:  keywords={'DAMPING_PERCENTAGE': 1.0, 'GEOM_MAXITER': 500, 'SCF__GUESS': 'READ', 'GUESS': 'SAP', 'MAXITER': 500, 'REFERENCE': 'UKS', 'function_kwargs': {}}
2025-07-17:09:19:12,659 INFO     [psi4.driver.driver:636] Compute gradient(): method=b3lyp, basis=cc-pvdz, molecule=default, nre=2.0247231338330085
2025-07-17:09:19:13,175 INFO     [psi4.driver.driver:639] Return gradient(): -40.04143462633812
2025-07-17:09:19:13,175 INFO     [psi4.driver.driver:640] [[ 0.00000000  0.00000000 -0.00233477]
 [ 0.00000000 -0.00000000  0.00233053]]
2025-07-17:09:19:13,176 INFO     [psi4.optking.history:257] 	Performing BFGS update.
2025-07-17:09:19:13,176 INFO     [psi4.optking.history:268] 	Using 4 previous steps for update.
2025-07-17:09:19:13,176 WARNING  [psi4.optking.history:286] 	Change in internal coordinate of 6.26e-01 exceeds limit of 5.00e-01.
2025-07-17:09:19:13,176 WARNING  [psi4.optking.history:291] 	Skipping Hessian update for step 7.
2025-07-17:09:19:13,176 WARNING  [psi4.optking.history:286] 	Change in internal coordinate of 1.23e+00 exceeds limit of 5.00e-01.
2025-07-17:09:19:13,176 WARNING  [psi4.optking.history:291] 	Skipping Hessian update for step 6.
2025-07-17:09:19:13,176 WARNING  [psi4.optking.history:286] 	Change in internal coordinate of 2.23e+00 exceeds limit of 5.00e-01.
2025-07-17:09:19:13,176 WARNING  [psi4.optking.history:291] 	Skipping Hessian update for step 5.
2025-07-17:09:19:13,176 WARNING  [psi4.optking.history:286] 	Change in internal coordinate of 2.50e+00 exceeds limit of 5.00e-01.
2025-07-17:09:19:13,176 WARNING  [psi4.optking.history:291] 	Skipping Hessian update for step 4.
2025-07-17:09:19:13,176 WARNING  [psi4.optking.history:286] 	Change in internal coordinate of 3.02e+00 exceeds limit of 5.00e-01.
2025-07-17:09:19:13,176 WARNING  [psi4.optking.history:291] 	Skipping Hessian update for step 3.
2025-07-17:09:19:13,176 WARNING  [psi4.optking.history:286] 	Change in internal coordinate of 3.26e+00 exceeds limit of 5.00e-01.
2025-07-17:09:19:13,177 WARNING  [psi4.optking.history:291] 	Skipping Hessian update for step 2.
2025-07-17:09:19:13,177 WARNING  [psi4.optking.history:286] 	Change in internal coordinate of 3.66e+00 exceeds limit of 5.00e-01.
2025-07-17:09:19:13,177 WARNING  [psi4.optking.history:291] 	Skipping Hessian update for step 1.
2025-07-17:09:19:13,177 INFO     [psi4.optking.history:302] 	Steps to be used in Hessian update:  8

2025-07-17:09:19:13,177 INFO     [psi4.optking.history:400] 	Updated Hessian (in au) 
 	   0.015750

2025-07-17:09:19:13,177 INFO     [psi4.optking.molsys:874] Projected (PHP) Hessian matrix
	   0.015750

2025-07-17:09:19:13,177 INFO     [psi4.optking.opt_helper:168] 
	         Geometry (au)                                       Gradient (au)
   0.0000000000   0.0000000000   4.4443290825		   0.0000000000   0.0000000000  -0.0023347662
   0.0000000000   0.0000000000  -1.4824071707		   0.0000000000  -0.0000000000   0.0023305251

2025-07-17:09:19:13,177 INFO     [psi4.optking.stepAlgorithms:315] 	Current Step Report 
 
	Current energy:       -40.0414346263
	Energy change for the previous step:
		Actual       :        -0.0009646480
		Projected    :        -0.0007185004

2025-07-17:09:19:13,177 INFO     [psi4.optking.stepAlgorithms:318] 	Energy ratio =    1.34259
2025-07-17:09:19:13,177 INFO     [psi4.optking.stepAlgorithms:750] 	Using RFO solution 1.
2025-07-17:09:19:13,177 INFO     [psi4.optking.displace:73] 	Determining Cartesian step for fragment 1.
2025-07-17:09:19:13,177 INFO     [psi4.optking.displace:378] 	Successfully converged to displaced geometry.
2025-07-17:09:19:13,177 INFO     [psi4.optking.displace:379] 	RMS(dx):  2.564e-16 	Max(dx):  4.441e-16 	RMS(dq):  0.000e+00
2025-07-17:09:19:13,177 INFO     [psi4.optking.displace:132] 

	        --- Internal Coordinate Step in ANG or DEG, aJ/ANG or AJ/DEG ---
	-------------------------------------------------------------------------------
	           Coordinate      Previous         Force          Change          New 
	           ----------      --------        ------          ------        ------
	               R(1,2)       3.13629        0.01922        0.07673       3.21302
	-------------------------------------------------------------------------------

2025-07-17:09:19:13,177 INFO     [psi4.optking.stepAlgorithms:96] 	|target step| :    0.1449918465
2025-07-17:09:19:13,177 INFO     [psi4.optking.stepAlgorithms:97] 	gradient     :   -0.0023326456
2025-07-17:09:19:13,177 INFO     [psi4.optking.stepAlgorithms:98] 	hessian      :    0.0157499013
2025-07-17:09:19:13,177 INFO     [psi4.optking.stepAlgorithms:177] 	Norm of achieved step-size    0.1449918465
2025-07-17:09:19:13,177 INFO     [psi4.optking.stepAlgorithms:179] 	Norm of achieved step-size (cart):    0.1025247179
2025-07-17:09:19:13,178 INFO     [psi4.optking.opt_helper:151] Molsys:

	                            ===> Fragment 1 <== 

	 Z (Atomic Numbers)          Masses                          Geom                  
	       2.000000             4.002603          0.00000000  0.00000000  4.51682501   
	       6.000000            12.000000          0.00000000  0.00000000 -1.55490309   

	 - Coordinate -           - BOHR/RAD -       - ANG/DEG -
	 R(1,2)           =         6.071728           3.213020

2025-07-17:09:19:13,178 INFO     [psi4.optking.convcheck:71] Performing convergence check.
2025-07-17:09:19:13,178 INFO     [psi4.optking.convcheck:263] 
	                                 ==> Convergence Check <==                                  
    
	Measures of convergence in internal coordinates in au.
    
	Criteria marked as inactive (o), active & met (*), and active & unmet ( ).

	----------------------------------------------------------------------------------------------
	   Step    Total Energy     Delta E     Max Force     RMS Force      Max Disp      RMS Disp   
	----------------------------------------------------------------------------------------------
	  Convergence Criteria     1.00e-06 *    3.00e-04 *             o    1.20e-03 *             o
	----------------------------------------------------------------------------------------------
	     9     -40.04143463   -9.65e-04      2.33e-03      2.33e-03 o    1.45e-01      1.45e-01 o  ~
	----------------------------------------------------------------------------------------------


2025-07-17:09:19:13,178 INFO     [psi4.optking.stepAlgorithms:266] 	Convergence check returned False
2025-07-17:09:19:13,199 INFO     [psi4.driver.task_planner:285] PLANNING Atomic:  keywords={'DAMPING_PERCENTAGE': 1.0, 'GEOM_MAXITER': 500, 'SCF__GUESS': 'READ', 'GUESS': 'SAP', 'MAXITER': 500, 'REFERENCE': 'UKS', 'function_kwargs': {}}
2025-07-17:09:19:13,200 INFO     [psi4.driver.driver:636] Compute gradient(): method=b3lyp, basis=cc-pvdz, molecule=default, nre=1.9763730857005475
2025-07-17:09:19:13,710 INFO     [psi4.driver.driver:639] Return gradient(): -40.04165318450273
2025-07-17:09:19:13,711 INFO     [psi4.driver.driver:640] [[ 0.00000000 -0.00000000 -0.00076583]
 [ 0.00000000  0.00000000  0.00076363]]
2025-07-17:09:19:13,713 INFO     [psi4.optking.history:257] 	Performing BFGS update.
2025-07-17:09:19:13,713 INFO     [psi4.optking.history:268] 	Using 4 previous steps for update.
2025-07-17:09:19:13,713 WARNING  [psi4.optking.history:286] 	Change in internal coordinate of 7.71e-01 exceeds limit of 5.00e-01.
2025-07-17:09:19:13,713 WARNING  [psi4.optking.history:291] 	Skipping Hessian update for step 7.
2025-07-17:09:19:13,714 WARNING  [psi4.optking.history:286] 	Change in internal coordinate of 1.37e+00 exceeds limit of 5.00e-01.
2025-07-17:09:19:13,714 WARNING  [psi4.optking.history:291] 	Skipping Hessian update for step 6.
2025-07-17:09:19:13,714 WARNING  [psi4.optking.history:286] 	Change in internal coordinate of 2.37e+00 exceeds limit of 5.00e-01.
2025-07-17:09:19:13,714 WARNING  [psi4.optking.history:291] 	Skipping Hessian update for step 5.
2025-07-17:09:19:13,714 WARNING  [psi4.optking.history:286] 	Change in internal coordinate of 2.64e+00 exceeds limit of 5.00e-01.
2025-07-17:09:19:13,714 WARNING  [psi4.optking.history:291] 	Skipping Hessian update for step 4.
2025-07-17:09:19:13,714 WARNING  [psi4.optking.history:286] 	Change in internal coordinate of 3.17e+00 exceeds limit of 5.00e-01.
2025-07-17:09:19:13,714 WARNING  [psi4.optking.history:291] 	Skipping Hessian update for step 3.
2025-07-17:09:19:13,714 WARNING  [psi4.optking.history:286] 	Change in internal coordinate of 3.40e+00 exceeds limit of 5.00e-01.
2025-07-17:09:19:13,714 WARNING  [psi4.optking.history:291] 	Skipping Hessian update for step 2.
2025-07-17:09:19:13,714 WARNING  [psi4.optking.history:286] 	Change in internal coordinate of 3.80e+00 exceeds limit of 5.00e-01.
2025-07-17:09:19:13,714 WARNING  [psi4.optking.history:291] 	Skipping Hessian update for step 1.
2025-07-17:09:19:13,714 INFO     [psi4.optking.history:302] 	Steps to be used in Hessian update:  9 8

2025-07-17:09:19:13,715 INFO     [psi4.optking.history:400] 	Updated Hessian (in au) 
 	   0.013876

2025-07-17:09:19:13,715 INFO     [psi4.optking.molsys:874] Projected (PHP) Hessian matrix
	   0.013876

2025-07-17:09:19:13,715 INFO     [psi4.optking.opt_helper:168] 
	         Geometry (au)                                       Gradient (au)
   0.0000000000   0.0000000000   4.5530552773		   0.0000000000  -0.0000000000  -0.0007658259
   0.0000000000   0.0000000000  -1.5186728224		   0.0000000000   0.0000000000   0.0007636341

2025-07-17:09:19:13,715 INFO     [psi4.optking.stepAlgorithms:315] 	Current Step Report 
 
	Current energy:       -40.0416531845
	Energy change for the previous step:
		Actual       :        -0.0002185582
		Projected    :        -0.0001691073

2025-07-17:09:19:13,715 INFO     [psi4.optking.stepAlgorithms:318] 	Energy ratio =    1.29242
2025-07-17:09:19:13,715 INFO     [psi4.optking.stepAlgorithms:750] 	Using RFO solution 1.
2025-07-17:09:19:13,715 INFO     [psi4.optking.displace:73] 	Determining Cartesian step for fragment 1.
2025-07-17:09:19:13,716 INFO     [psi4.optking.displace:378] 	Successfully converged to displaced geometry.
2025-07-17:09:19:13,716 INFO     [psi4.optking.displace:379] 	RMS(dx):  0.000e+00 	Max(dx):  0.000e+00 	RMS(dq):  0.000e+00
2025-07-17:09:19:13,716 INFO     [psi4.optking.displace:132] 

	        --- Internal Coordinate Step in ANG or DEG, aJ/ANG or AJ/DEG ---
	-------------------------------------------------------------------------------
	           Coordinate      Previous         Force          Change          New 
	           ----------      --------        ------          ------        ------
	               R(1,2)       3.21302        0.00630        0.02908       3.24210
	-------------------------------------------------------------------------------

2025-07-17:09:19:13,716 INFO     [psi4.optking.stepAlgorithms:96] 	|target step| :    0.0549450234
2025-07-17:09:19:13,716 INFO     [psi4.optking.stepAlgorithms:97] 	gradient     :   -0.0007647300
2025-07-17:09:19:13,716 INFO     [psi4.optking.stepAlgorithms:98] 	hessian      :    0.0138760764
2025-07-17:09:19:13,716 INFO     [psi4.optking.stepAlgorithms:177] 	Norm of achieved step-size    0.0549450234
2025-07-17:09:19:13,716 INFO     [psi4.optking.stepAlgorithms:179] 	Norm of achieved step-size (cart):    0.0388519987
2025-07-17:09:19:13,716 INFO     [psi4.optking.opt_helper:151] Molsys:

	                            ===> Fragment 1 <== 

	 Z (Atomic Numbers)          Masses                          Geom                  
	       2.000000             4.002603          0.00000000  0.00000000  4.58052779   
	       6.000000            12.000000          0.00000000  0.00000000 -1.54614533   

	 - Coordinate -           - BOHR/RAD -       - ANG/DEG -
	 R(1,2)           =         6.126673           3.242096

2025-07-17:09:19:13,717 INFO     [psi4.optking.convcheck:71] Performing convergence check.
2025-07-17:09:19:13,717 INFO     [psi4.optking.convcheck:263] 
	                                 ==> Convergence Check <==                                  
    
	Measures of convergence in internal coordinates in au.
    
	Criteria marked as inactive (o), active & met (*), and active & unmet ( ).

	----------------------------------------------------------------------------------------------
	   Step    Total Energy     Delta E     Max Force     RMS Force      Max Disp      RMS Disp   
	----------------------------------------------------------------------------------------------
	  Convergence Criteria     1.00e-06 *    3.00e-04 *             o    1.20e-03 *             o
	----------------------------------------------------------------------------------------------
	    10     -40.04165318   -2.19e-04      7.65e-04      7.65e-04 o    5.49e-02      5.49e-02 o  ~
	----------------------------------------------------------------------------------------------


2025-07-17:09:19:13,717 INFO     [psi4.optking.stepAlgorithms:266] 	Convergence check returned False
2025-07-17:09:19:13,728 INFO     [psi4.driver.task_planner:285] PLANNING Atomic:  keywords={'DAMPING_PERCENTAGE': 1.0, 'GEOM_MAXITER': 500, 'SCF__GUESS': 'READ', 'GUESS': 'SAP', 'MAXITER': 500, 'REFERENCE': 'UKS', 'function_kwargs': {}}
2025-07-17:09:19:13,730 INFO     [psi4.driver.driver:636] Compute gradient(): method=b3lyp, basis=cc-pvdz, molecule=default, nre=1.9586486431964631
2025-07-17:09:19:14,221 INFO     [psi4.driver.driver:639] Return gradient(): -40.04168208717197
2025-07-17:09:19:14,221 INFO     [psi4.driver.driver:640] [[ 0.00000000  0.00000000 -0.00029800]
 [ 0.00000000  0.00000000  0.00029606]]
2025-07-17:09:19:14,222 INFO     [psi4.optking.history:257] 	Performing BFGS update.
2025-07-17:09:19:14,222 INFO     [psi4.optking.history:268] 	Using 4 previous steps for update.
2025-07-17:09:19:14,222 WARNING  [psi4.optking.history:286] 	Change in internal coordinate of 8.25e-01 exceeds limit of 5.00e-01.
2025-07-17:09:19:14,222 WARNING  [psi4.optking.history:291] 	Skipping Hessian update for step 7.
2025-07-17:09:19:14,222 WARNING  [psi4.optking.history:286] 	Change in internal coordinate of 1.43e+00 exceeds limit of 5.00e-01.
2025-07-17:09:19:14,222 WARNING  [psi4.optking.history:291] 	Skipping Hessian update for step 6.
2025-07-17:09:19:14,222 WARNING  [psi4.optking.history:286] 	Change in internal coordinate of 2.43e+00 exceeds limit of 5.00e-01.
2025-07-17:09:19:14,222 WARNING  [psi4.optking.history:291] 	Skipping Hessian update for step 5.
2025-07-17:09:19:14,222 WARNING  [psi4.optking.history:286] 	Change in internal coordinate of 2.70e+00 exceeds limit of 5.00e-01.
2025-07-17:09:19:14,222 WARNING  [psi4.optking.history:291] 	Skipping Hessian update for step 4.
2025-07-17:09:19:14,222 WARNING  [psi4.optking.history:286] 	Change in internal coordinate of 3.22e+00 exceeds limit of 5.00e-01.
2025-07-17:09:19:14,222 WARNING  [psi4.optking.history:291] 	Skipping Hessian update for step 3.
2025-07-17:09:19:14,222 WARNING  [psi4.optking.history:286] 	Change in internal coordinate of 3.46e+00 exceeds limit of 5.00e-01.
2025-07-17:09:19:14,222 WARNING  [psi4.optking.history:291] 	Skipping Hessian update for step 2.
2025-07-17:09:19:14,223 WARNING  [psi4.optking.history:286] 	Change in internal coordinate of 3.86e+00 exceeds limit of 5.00e-01.
2025-07-17:09:19:14,223 WARNING  [psi4.optking.history:291] 	Skipping Hessian update for step 1.
2025-07-17:09:19:14,223 INFO     [psi4.optking.history:302] 	Steps to be used in Hessian update:  10 9 8

2025-07-17:09:19:14,223 INFO     [psi4.optking.history:400] 	Updated Hessian (in au) 
 	   0.013201

2025-07-17:09:19:14,223 INFO     [psi4.optking.molsys:874] Projected (PHP) Hessian matrix
	   0.013201

2025-07-17:09:19:14,223 INFO     [psi4.optking.opt_helper:168] 
	         Geometry (au)                                       Gradient (au)
   0.0000000000   0.0000000000   4.5942573412		   0.0000000000   0.0000000000  -0.0002979954
   0.0000000000   0.0000000000  -1.5324157820		   0.0000000000   0.0000000000   0.0002960628

2025-07-17:09:19:14,223 INFO     [psi4.optking.stepAlgorithms:315] 	Current Step Report 
 
	Current energy:       -40.0416820872
	Energy change for the previous step:
		Actual       :        -0.0000289027
		Projected    :        -0.0000210091

2025-07-17:09:19:14,223 INFO     [psi4.optking.stepAlgorithms:318] 	Energy ratio =    1.37572
2025-07-17:09:19:14,223 INFO     [psi4.optking.stepAlgorithms:750] 	Using RFO solution 1.
2025-07-17:09:19:14,223 INFO     [psi4.optking.displace:73] 	Determining Cartesian step for fragment 1.
2025-07-17:09:19:14,223 INFO     [psi4.optking.displace:378] 	Successfully converged to displaced geometry.
2025-07-17:09:19:14,224 INFO     [psi4.optking.displace:379] 	RMS(dx):  2.564e-16 	Max(dx):  4.441e-16 	RMS(dq):  0.000e+00
2025-07-17:09:19:14,224 INFO     [psi4.optking.displace:132] 

	        --- Internal Coordinate Step in ANG or DEG, aJ/ANG or AJ/DEG ---
	-------------------------------------------------------------------------------
	           Coordinate      Previous         Force          Change          New 
	           ----------      --------        ------          ------        ------
	               R(1,2)       3.24210        0.00245        0.01190       3.25400
	-------------------------------------------------------------------------------

2025-07-17:09:19:14,224 INFO     [psi4.optking.stepAlgorithms:96] 	|target step| :    0.0224882968
2025-07-17:09:19:14,224 INFO     [psi4.optking.stepAlgorithms:97] 	gradient     :   -0.0002970291
2025-07-17:09:19:14,224 INFO     [psi4.optking.stepAlgorithms:98] 	hessian      :    0.0132014840
2025-07-17:09:19:14,224 INFO     [psi4.optking.stepAlgorithms:177] 	Norm of achieved step-size    0.0224882968
2025-07-17:09:19:14,224 INFO     [psi4.optking.stepAlgorithms:179] 	Norm of achieved step-size (cart):    0.0159016272
2025-07-17:09:19:14,224 INFO     [psi4.optking.opt_helper:151] Molsys:

	                            ===> Fragment 1 <== 

	 Z (Atomic Numbers)          Masses                          Geom                  
	       2.000000             4.002603          0.00000000  0.00000000  4.60550149   
	       6.000000            12.000000          0.00000000  0.00000000 -1.54365993   

	 - Coordinate -           - BOHR/RAD -       - ANG/DEG -
	 R(1,2)           =         6.149161           3.253996

2025-07-17:09:19:14,225 INFO     [psi4.optking.convcheck:71] Performing convergence check.
2025-07-17:09:19:14,225 INFO     [psi4.optking.convcheck:263] 
	                                 ==> Convergence Check <==                                  
    
	Measures of convergence in internal coordinates in au.
    
	Criteria marked as inactive (o), active & met (*), and active & unmet ( ).

	----------------------------------------------------------------------------------------------
	   Step    Total Energy     Delta E     Max Force     RMS Force      Max Disp      RMS Disp   
	----------------------------------------------------------------------------------------------
	  Convergence Criteria     1.00e-06 *    3.00e-04 *             o    1.20e-03 *             o
	----------------------------------------------------------------------------------------------
	    11     -40.04168209   -2.89e-05      2.97e-04 *    2.97e-04 o    2.25e-02      2.25e-02 o  ~
	----------------------------------------------------------------------------------------------


2025-07-17:09:19:14,225 INFO     [psi4.optking.stepAlgorithms:266] 	Convergence check returned False
2025-07-17:09:19:14,245 INFO     [psi4.driver.task_planner:285] PLANNING Atomic:  keywords={'DAMPING_PERCENTAGE': 1.0, 'GEOM_MAXITER': 500, 'SCF__GUESS': 'READ', 'GUESS': 'SAP', 'MAXITER': 500, 'REFERENCE': 'UKS', 'function_kwargs': {}}
2025-07-17:09:19:14,246 INFO     [psi4.driver.driver:636] Compute gradient(): method=b3lyp, basis=cc-pvdz, molecule=default, nre=1.9514856059845722
2025-07-17:09:19:14,752 INFO     [psi4.driver.driver:639] Return gradient(): -40.04168682191343
2025-07-17:09:19:14,752 INFO     [psi4.driver.driver:640] [[ 0.00000000  0.00000000 -0.00012505]
 [-0.00000000 -0.00000000  0.00012310]]
2025-07-17:09:19:14,753 INFO     [psi4.optking.history:257] 	Performing BFGS update.
2025-07-17:09:19:14,753 INFO     [psi4.optking.history:268] 	Using 4 previous steps for update.
2025-07-17:09:19:14,753 INFO     [psi4.optking.history:302] 	Steps to be used in Hessian update:  11 10 9 8

2025-07-17:09:19:14,753 INFO     [psi4.optking.history:400] 	Updated Hessian (in au) 
 	   0.012932

2025-07-17:09:19:14,753 INFO     [psi4.optking.molsys:874] Projected (PHP) Hessian matrix
	   0.012932

2025-07-17:09:19:14,753 INFO     [psi4.optking.opt_helper:168] 
	         Geometry (au)                                       Gradient (au)
   0.0000000000   0.0000000000   4.6111208200		   0.0000000000   0.0000000000  -0.0001250542
   0.0000000000   0.0000000000  -1.5380406000		  -0.0000000000  -0.0000000000   0.0001230995

2025-07-17:09:19:14,753 INFO     [psi4.optking.stepAlgorithms:315] 	Current Step Report 
 
	Current energy:       -40.0416868219
	Energy change for the previous step:
		Actual       :        -0.0000047347
		Projected    :        -0.0000033398

2025-07-17:09:19:14,753 INFO     [psi4.optking.stepAlgorithms:318] 	Energy ratio =    1.41766
2025-07-17:09:19:14,753 INFO     [psi4.optking.stepAlgorithms:750] 	Using RFO solution 1.
2025-07-17:09:19:14,753 INFO     [psi4.optking.displace:73] 	Determining Cartesian step for fragment 1.
2025-07-17:09:19:14,754 INFO     [psi4.optking.displace:378] 	Successfully converged to displaced geometry.
2025-07-17:09:19:14,754 INFO     [psi4.optking.displace:379] 	RMS(dx):  2.564e-16 	Max(dx):  4.441e-16 	RMS(dq):  8.882e-16
2025-07-17:09:19:14,754 INFO     [psi4.optking.displace:132] 

	        --- Internal Coordinate Step in ANG or DEG, aJ/ANG or AJ/DEG ---
	-------------------------------------------------------------------------------
	           Coordinate      Previous         Force          Change          New 
	           ----------      --------        ------          ------        ------
	               R(1,2)       3.25400        0.00102        0.00508       3.25907
	-------------------------------------------------------------------------------

2025-07-17:09:19:14,754 INFO     [psi4.optking.stepAlgorithms:96] 	|target step| :    0.0095938914
2025-07-17:09:19:14,754 INFO     [psi4.optking.stepAlgorithms:97] 	gradient     :   -0.0001240769
2025-07-17:09:19:14,754 INFO     [psi4.optking.stepAlgorithms:98] 	hessian      :    0.0129317116
2025-07-17:09:19:14,754 INFO     [psi4.optking.stepAlgorithms:177] 	Norm of achieved step-size    0.0095938914
2025-07-17:09:19:14,754 INFO     [psi4.optking.stepAlgorithms:179] 	Norm of achieved step-size (cart):    0.0067839056
2025-07-17:09:19:14,754 INFO     [psi4.optking.opt_helper:151] Molsys:

	                            ===> Fragment 1 <== 

	 Z (Atomic Numbers)          Masses                          Geom                  
	       2.000000             4.002603          0.00000000  0.00000000  4.61591777   
	       6.000000            12.000000          0.00000000  0.00000000 -1.54283755   

	 - Coordinate -           - BOHR/RAD -       - ANG/DEG -
	 R(1,2)           =         6.158755           3.259073

2025-07-17:09:19:14,754 INFO     [psi4.optking.convcheck:71] Performing convergence check.
2025-07-17:09:19:14,754 INFO     [psi4.optking.convcheck:263] 
	                                 ==> Convergence Check <==                                  
    
	Measures of convergence in internal coordinates in au.
    
	Criteria marked as inactive (o), active & met (*), and active & unmet ( ).

	----------------------------------------------------------------------------------------------
	   Step    Total Energy     Delta E     Max Force     RMS Force      Max Disp      RMS Disp   
	----------------------------------------------------------------------------------------------
	  Convergence Criteria     1.00e-06 *    3.00e-04 *             o    1.20e-03 *             o
	----------------------------------------------------------------------------------------------
	    12     -40.04168682   -4.73e-06      1.24e-04 *    1.24e-04 o    9.59e-03      9.59e-03 o  ~
	----------------------------------------------------------------------------------------------


2025-07-17:09:19:14,754 INFO     [psi4.optking.stepAlgorithms:266] 	Convergence check returned False
2025-07-17:09:19:14,765 INFO     [psi4.driver.task_planner:285] PLANNING Atomic:  keywords={'DAMPING_PERCENTAGE': 1.0, 'GEOM_MAXITER': 500, 'SCF__GUESS': 'READ', 'GUESS': 'SAP', 'MAXITER': 500, 'REFERENCE': 'UKS', 'function_kwargs': {}}
2025-07-17:09:19:14,766 INFO     [psi4.driver.driver:636] Compute gradient(): method=b3lyp, basis=cc-pvdz, molecule=default, nre=1.9484456506752756
2025-07-17:09:19:15,225 INFO     [psi4.driver.driver:639] Return gradient(): -40.04168768213854
2025-07-17:09:19:15,225 INFO     [psi4.driver.driver:640] [[ 0.00000000 -0.00000000 -0.00005443]
 [-0.00000000  0.00000000  0.00005245]]
2025-07-17:09:19:15,227 INFO     [psi4.optking.history:257] 	Performing BFGS update.
2025-07-17:09:19:15,227 INFO     [psi4.optking.history:268] 	Using 4 previous steps for update.
2025-07-17:09:19:15,227 INFO     [psi4.optking.history:302] 	Steps to be used in Hessian update:  12 11 10 9

2025-07-17:09:19:15,227 INFO     [psi4.optking.history:400] 	Updated Hessian (in au) 
 	   0.009823

2025-07-17:09:19:15,227 INFO     [psi4.optking.molsys:874] Projected (PHP) Hessian matrix
	   0.009823

2025-07-17:09:19:15,227 INFO     [psi4.optking.opt_helper:168] 
	         Geometry (au)                                       Gradient (au)
   0.0000000000   0.0000000000   4.6183150680		   0.0000000000  -0.0000000000  -0.0000544340
   0.0000000000   0.0000000000  -1.5404402433		  -0.0000000000   0.0000000000   0.0000524493

2025-07-17:09:19:15,227 INFO     [psi4.optking.stepAlgorithms:315] 	Current Step Report 
 
	Current energy:       -40.0416876821
	Energy change for the previous step:
		Actual       :        -0.0000008602
		Projected    :        -0.0000005952

2025-07-17:09:19:15,227 INFO     [psi4.optking.stepAlgorithms:318] 	Energy ratio =    1.44530
2025-07-17:09:19:15,227 INFO     [psi4.optking.stepAlgorithms:750] 	Using RFO solution 1.
2025-07-17:09:19:15,227 INFO     [psi4.optking.displace:73] 	Determining Cartesian step for fragment 1.
2025-07-17:09:19:15,228 INFO     [psi4.optking.displace:378] 	Successfully converged to displaced geometry.
2025-07-17:09:19:15,228 INFO     [psi4.optking.displace:379] 	RMS(dx):  0.000e+00 	Max(dx):  0.000e+00 	RMS(dq):  0.000e+00
2025-07-17:09:19:15,228 INFO     [psi4.optking.displace:132] 

	        --- Internal Coordinate Step in ANG or DEG, aJ/ANG or AJ/DEG ---
	-------------------------------------------------------------------------------
	           Coordinate      Previous         Force          Change          New 
	           ----------      --------        ------          ------        ------
	               R(1,2)       3.25907        0.00044        0.00288       3.26195
	-------------------------------------------------------------------------------

2025-07-17:09:19:15,228 INFO     [psi4.optking.stepAlgorithms:96] 	|target step| :    0.0054401077
2025-07-17:09:19:15,228 INFO     [psi4.optking.stepAlgorithms:97] 	gradient     :   -0.0000534417
2025-07-17:09:19:15,228 INFO     [psi4.optking.stepAlgorithms:98] 	hessian      :    0.0098233481
2025-07-17:09:19:15,228 INFO     [psi4.optking.stepAlgorithms:177] 	Norm of achieved step-size    0.0054401077
2025-07-17:09:19:15,228 INFO     [psi4.optking.stepAlgorithms:179] 	Norm of achieved step-size (cart):    0.0038467371
2025-07-17:09:19:15,228 INFO     [psi4.optking.opt_helper:151] Molsys:

	                            ===> Fragment 1 <== 

	 Z (Atomic Numbers)          Masses                          Geom                  
	       2.000000             4.002603          0.00000000  0.00000000  4.62103512   
	       6.000000            12.000000          0.00000000  0.00000000 -1.54316030   

	 - Coordinate -           - BOHR/RAD -       - ANG/DEG -
	 R(1,2)           =         6.164195           3.261952

2025-07-17:09:19:15,228 INFO     [psi4.optking.convcheck:71] Performing convergence check.
2025-07-17:09:19:15,228 INFO     [psi4.optking.convcheck:263] 
	                                 ==> Convergence Check <==                                  
    
	Measures of convergence in internal coordinates in au.
    
	Criteria marked as inactive (o), active & met (*), and active & unmet ( ).

	----------------------------------------------------------------------------------------------
	   Step    Total Energy     Delta E     Max Force     RMS Force      Max Disp      RMS Disp   
	----------------------------------------------------------------------------------------------
	  Convergence Criteria     1.00e-06 *    3.00e-04 *             o    1.20e-03 *             o
	----------------------------------------------------------------------------------------------
	    13     -40.04168768   -8.60e-07 *    5.34e-05 *    5.34e-05 o    5.44e-03      5.44e-03 o  ~
	----------------------------------------------------------------------------------------------


2025-07-17:09:19:15,228 INFO     [psi4.optking.convcheck:193] 
	                      ===> Final Convergence Report <===                     

	----------------------------------------------------------------------------
	|   Required Criteria    |  One or More Criteria  |   Alternate Criteria   |
	----------------------------------------------------------------------------
	| [x]     max_force      | [x]       max_DE       |                        |
	|                        | [ ]      max_disp      |                        |
	----------------------------------------------------------------------------


2025-07-17:09:19:15,228 INFO     [psi4.optking.stepAlgorithms:266] 	Convergence check returned True
2025-07-17:09:19:15,228 INFO     [psi4.optking.optimize:286] 	Converged in 13 steps!
2025-07-17:09:19:15,228 INFO     [psi4.optking.optimize:287] 	Final energy is    -40.0416876821385
2025-07-17:09:19:15,228 INFO     [psi4.optking.optimize:288] 	Final structure (Angstroms): 
	Fragment 1 (Ang)

	   He   0.0000000000   0.0000000000   2.4453464762
	    C   0.0000000000   0.0000000000  -0.8166052617


2025-07-17:09:19:15,229 INFO     [psi4.optking.optimize:432] 	Optimization Finished

	==> Optimization Summary <==

        
	Measures of convergence in internal coordinates in au. (Any backward steps not shown.)
        
	---------------------------------------------------------------------------------------------------------------  ~
        
	 Step         Total Energy             Delta E       MAX Force       RMS Force        MAX Disp        RMS Disp   ~
        
	---------------------------------------------------------------------------------------------------------------  ~
        
	     1     -39.929837934215    -39.929837934215      0.11785822      0.11785822      0.40099625      0.40099625  ~
	     2     -39.958412421383     -0.028574487168      0.04507071      0.04507071      0.23463121      0.23463121  ~
	     3     -39.967562300921     -0.009149879538      0.03414196      0.03414196      0.52836706      0.52836706  ~
	     4     -39.982099359071     -0.014537058150      0.02346866      0.02346866      0.26854055      0.26854055  ~
	     5     -39.988518590577     -0.006419231506      0.02523792      0.02523792      1.00000047      1.00000047  ~
	     6     -40.021729525373     -0.033210934796      0.03286800      0.03286800      0.60096963      0.60096963  ~
	     7     -40.036413487521     -0.014683962148      0.01545238      0.01545238      0.38860998      0.38860998  ~
	     8     -40.040469978374     -0.004056490853      0.00606458      0.00606458      0.23694974      0.23694974  ~
	     9     -40.041434626338     -0.000964647964      0.00233265      0.00233265      0.14499185      0.14499185  ~
	    10     -40.041653184503     -0.000218558165      0.00076473      0.00076473      0.05494502      0.05494502  ~
	    11     -40.041682087172     -0.000028902669      0.00029703      0.00029703      0.02248830      0.02248830  ~
	    12     -40.041686821913     -0.000004734741      0.00012408      0.00012408      0.00959389      0.00959389  ~
	    13     -40.041687682139     -0.000000860225      0.00005344      0.00005344      0.00544011      0.00544011  ~
	----------------------------------------------------------------------------------------------------------------


2025-07-17:09:19:15,229 INFO     [psi4.optking.optimize:640] Preparing OptimizationResult
