2025-07-17:09:30:44,151 INFO     [psi4.optking.optwrapper:214] Creating a UserComputer
2025-07-17:09:30:44,152 INFO     [psi4.optking.optwrapper:222] 
    			-----------------------------------------

    			 OPTKING 3.0: for geometry optimizations 

    			     By R.A. King, Bethel University     

    			        with contributions from          

    			    A.V. Copan, J. Cayton, A. Heide      

    			-----------------------------------------

    
2025-07-17:09:30:44,152 INFO     [psi4.optking.optwrapper:238] 
		 -- Optimization Parameters --
	accept_symmetry_breaking       =           False
	alg_geom_maxiter               =             500
	bt_dx_conv                     =           1e-07
	bt_dx_rms_change_conv          =           1e-12
	bt_max_iter                    =              25
	cart_hess_read                 =           False
	consecutive_backsteps_allowed  =               0
	conv_max_DE                    =           1e-06
	conv_max_disp                  =          0.0012
	conv_max_force                 =          0.0003
	conv_rms_disp                  =              -1
	conv_rms_force                 =              -1
	covalent_connect               =             1.3
	dynamic_level                  =               0
	dynamic_level_max              =               0
	ensure_bt_convergence          =           False
	ext_force_bend                 =              []
	ext_force_cartesian            =              []
	ext_force_dihedral             =              []
	ext_force_distance             =              []
	ext_force_oofp                 =              []
	fix_val_near_pi                =            1.57
	flexible_g_convergence         =           False
	frag_mode                      =          SINGLE
	frag_ref_atoms                 =            None
	freeze_intrafrag               =           False
	frozen_bend                    =              []
	frozen_cartesian               =              []
	frozen_dihedral                =              []
	frozen_distance                =              []
	frozen_oofp                    =              []
	full_hess_every                =              -1
	g_convergence                  =           QCHEM
	generate_intcos_exit           =           False
	geom_maxiter                   =             500
	h_bond_connect                 =             4.3
	hess_update                    =            BFGS
	hess_update_den_tol            =           1e-07
	hess_update_dq_tol             =             0.5
	hess_update_limit              =            True
	hess_update_limit_max          =             1.0
	hess_update_limit_scale        =             0.5
	hess_update_use_last           =               4
	hessian_file                   =            None
	i_max_DE                       =            True
	i_max_disp                     =            True
	i_max_force                    =            True
	i_rms_disp                     =           False
	i_rms_force                    =           False
	i_untampered                   =            True
	include_oofp                   =           False
	interfrag_collinear_tol        =            0.01
	interfrag_coords               =            None
	interfrag_dist_inv             =           False
	interfrag_mode                 =           FIXED
	interfrag_trust                =             0.5
	interfrag_trust_max            =             1.0
	interfrag_trust_min            =           0.001
	interfragment_connect          =             1.8
	intrafrag_hess                 =        SCHLEGEL
	intrafrag_trust                =             0.5
	intrafrag_trust_max            =             1.0
	intrafrag_trust_min            =           0.001
	irc_direction                  =         FORWARD
	irc_points                     =              20
	irc_step_size                  =             0.2
	keep_intcos                    =           False
	linear_bend_threshold          =            3.05
	linesearch                     =           False
	linesearch_step                =             0.1
	max_disp_g_convergence         =          0.0012
	max_energy_g_convergence       =           1e-06
	max_force_g_convergence        =          0.0003
	opt_coordinates                =       REDUNDANT
	opt_type                       =             MIN
	output_type                    =            FILE
	print_lvl                      =               1
	program                        =            psi4
	ranged_bend                    =              []
	ranged_cartesian               =              []
	ranged_dihedral                =              []
	ranged_distance                =              []
	ranged_oofp                    =              []
	redundant_eval_tol             =           1e-10
	rfo_follow_root                =           False
	rfo_normalization_max          =             100
	rfo_root                       =               0
	rms_disp_g_convergence         =          0.0012
	rms_force_g_convergence        =          0.0003
	rsrfo_alpha_max                =     100000000.0
	sd_hessian                     =             1.0
	simple_step_scaling            =           False
	small_bend_fix_threshold       =            0.35
	steepest_descent_type          =         OVERLAP
	step_type                      =             RFO
	test_B                         =           False
	test_derivative_B              =           False
	trajectory                     =           False
	v3d_tors_angle_lim             =           0.017
	v3d_tors_cos_tol               =           1e-10
	working_consecutive_backsteps  =               0
	working_steps_since_last_H     =               0


2025-07-17:09:30:44,782 INFO     [psi4.optking.opt_helper:151] Molsys:

	                            ===> Fragment 1 <== 

	 Z (Atomic Numbers)          Masses                          Geom                  
	       3.000000             7.016003          0.00000000  0.00000000  1.65608754   
	       9.000000            18.998403          0.00000000  0.00000000 -0.61158381   

	 - Coordinate -           - BOHR/RAD -       - ANG/DEG -
	 R(1,2)           =         2.267671           1.200000

2025-07-17:09:30:44,793 INFO     [psi4.driver.task_planner:285] PLANNING Atomic:  keywords={'DAMPING_PERCENTAGE': 1.0, 'GEOM_MAXITER': 500, 'GUESS': 'SAP', 'MAXITER': 500, 'REFERENCE': 'UKS', 'function_kwargs': {}}
2025-07-17:09:30:44,794 INFO     [psi4.driver.driver:636] Compute gradient(): method=b3lyp, basis=cc-pvdz, molecule=default, nre=11.906487240075002
2025-07-17:09:30:45,954 INFO     [psi4.driver.driver:639] Return gradient(): -106.46573111795368
2025-07-17:09:30:45,954 INFO     [psi4.driver.driver:640] [[ 0.00000000  0.00000000 -0.44692695]
 [-0.00000000  0.00000000  0.44707367]]
2025-07-17:09:30:45,956 INFO     [psi4.optking.molsys:874] Projected (PHP) Hessian matrix
	   1.048231

2025-07-17:09:30:45,957 INFO     [psi4.optking.opt_helper:168] 
	         Geometry (au)                                       Gradient (au)
   0.0000000000   0.0000000000   1.6560875373		   0.0000000000   0.0000000000  -0.4469269496
   0.0000000000   0.0000000000  -0.6115838133		  -0.0000000000   0.0000000000   0.4470736680

2025-07-17:09:30:45,957 INFO     [psi4.optking.stepAlgorithms:750] 	Using RFO solution 1.
2025-07-17:09:30:45,957 INFO     [psi4.optking.displace:73] 	Determining Cartesian step for fragment 1.
2025-07-17:09:30:45,957 INFO     [psi4.optking.displace:378] 	Successfully converged to displaced geometry.
2025-07-17:09:30:45,957 INFO     [psi4.optking.displace:379] 	RMS(dx):  0.000e+00 	Max(dx):  0.000e+00 	RMS(dq):  0.000e+00
2025-07-17:09:30:45,958 INFO     [psi4.optking.displace:132] 

	        --- Internal Coordinate Step in ANG or DEG, aJ/ANG or AJ/DEG ---
	-------------------------------------------------------------------------------
	           Coordinate      Previous         Force          Change          New 
	           ----------      --------        ------          ------        ------
	               R(1,2)       1.20000        3.68271        0.19501       1.39501
	-------------------------------------------------------------------------------

2025-07-17:09:30:45,958 INFO     [psi4.optking.stepAlgorithms:96] 	|target step| :    0.3685204170
2025-07-17:09:30:45,958 INFO     [psi4.optking.stepAlgorithms:97] 	gradient     :   -0.4470003088
2025-07-17:09:30:45,958 INFO     [psi4.optking.stepAlgorithms:98] 	hessian      :    1.0482306732
2025-07-17:09:30:45,958 INFO     [psi4.optking.stepAlgorithms:177] 	Norm of achieved step-size    0.3685204170
2025-07-17:09:30:45,958 INFO     [psi4.optking.stepAlgorithms:179] 	Norm of achieved step-size (cart):    0.2605832858
2025-07-17:09:30:45,958 INFO     [psi4.optking.opt_helper:151] Molsys:

	                            ===> Fragment 1 <== 

	 Z (Atomic Numbers)          Masses                          Geom                  
	       3.000000             7.016003          0.00000000  0.00000000  1.84034775   
	       9.000000            18.998403          0.00000000  0.00000000 -0.79584402   

	 - Coordinate -           - BOHR/RAD -       - ANG/DEG -
	 R(1,2)           =         2.636192           1.395013

2025-07-17:09:30:45,958 INFO     [psi4.optking.convcheck:71] Performing convergence check.
2025-07-17:09:30:45,958 INFO     [psi4.optking.convcheck:263] 
	                                 ==> Convergence Check <==                                  
    
	Measures of convergence in internal coordinates in au.
    
	Criteria marked as inactive (o), active & met (*), and active & unmet ( ).

	----------------------------------------------------------------------------------------------
	   Step    Total Energy     Delta E     Max Force     RMS Force      Max Disp      RMS Disp   
	----------------------------------------------------------------------------------------------
	  Convergence Criteria     1.00e-06 *    3.00e-04 *             o    1.20e-03 *             o
	----------------------------------------------------------------------------------------------
	     1    -106.46573112   -1.06e+02      4.47e-01      4.47e-01 o    3.69e-01      3.69e-01 o  ~
	----------------------------------------------------------------------------------------------


2025-07-17:09:30:45,959 INFO     [psi4.optking.stepAlgorithms:266] 	Convergence check returned False
2025-07-17:09:30:45,974 INFO     [psi4.driver.task_planner:285] PLANNING Atomic:  keywords={'DAMPING_PERCENTAGE': 1.0, 'GEOM_MAXITER': 500, 'SCF__GUESS': 'READ', 'GUESS': 'SAP', 'MAXITER': 500, 'REFERENCE': 'UKS', 'function_kwargs': {}}
2025-07-17:09:30:45,975 INFO     [psi4.driver.driver:636] Compute gradient(): method=b3lyp, basis=cc-pvdz, molecule=default, nre=10.242047006140275
2025-07-17:09:30:46,986 INFO     [psi4.driver.driver:639] Return gradient(): -106.58035113151068
2025-07-17:09:30:46,986 INFO     [psi4.driver.driver:640] [[-0.00000000  0.00000000 -0.20948220]
 [ 0.00000000 -0.00000000  0.20965443]]
2025-07-17:09:30:46,987 INFO     [psi4.optking.history:257] 	Performing BFGS update.
2025-07-17:09:30:46,987 INFO     [psi4.optking.history:268] 	Using 1 previous steps for update.
2025-07-17:09:30:46,988 INFO     [psi4.optking.history:302] 	Steps to be used in Hessian update:  1

2025-07-17:09:30:46,988 INFO     [psi4.optking.history:400] 	Updated Hessian (in au) 
 	   0.644285

2025-07-17:09:30:46,988 INFO     [psi4.optking.molsys:874] Projected (PHP) Hessian matrix
	   0.644285

2025-07-17:09:30:46,988 INFO     [psi4.optking.opt_helper:168] 
	         Geometry (au)                                       Gradient (au)
   0.0000000000   0.0000000000   1.9252191597		  -0.0000000000   0.0000000000  -0.2094822036
   0.0000000000   0.0000000000  -0.7109726078		   0.0000000000  -0.0000000000   0.2096544251

2025-07-17:09:30:46,988 INFO     [psi4.optking.stepAlgorithms:315] 	Current Step Report 
 
	Current energy:      -106.5803511315
	Energy change for the previous step:
		Actual       :        -0.1146200136
		Projected    :        -0.0823643701

2025-07-17:09:30:46,988 INFO     [psi4.optking.stepAlgorithms:318] 	Energy ratio =    1.39162
2025-07-17:09:30:46,989 INFO     [psi4.optking.stepAlgorithms:346] 	Energy ratio indicates good step.
2025-07-17:09:30:46,989 INFO     [psi4.optking.stepAlgorithms:347] 	Intrafrag trust radius increased to 1.000e+00.
2025-07-17:09:30:46,989 INFO     [psi4.optking.stepAlgorithms:750] 	Using RFO solution 1.
2025-07-17:09:30:46,989 INFO     [psi4.optking.displace:73] 	Determining Cartesian step for fragment 1.
2025-07-17:09:30:46,989 INFO     [psi4.optking.displace:378] 	Successfully converged to displaced geometry.
2025-07-17:09:30:46,989 INFO     [psi4.optking.displace:379] 	RMS(dx):  0.000e+00 	Max(dx):  0.000e+00 	RMS(dq):  0.000e+00
2025-07-17:09:30:46,989 INFO     [psi4.optking.displace:132] 

	        --- Internal Coordinate Step in ANG or DEG, aJ/ANG or AJ/DEG ---
	-------------------------------------------------------------------------------
	           Coordinate      Previous         Force          Change          New 
	           ----------      --------        ------          ------        ------
	               R(1,2)       1.39501        1.72658        0.15698       1.55199
	-------------------------------------------------------------------------------

2025-07-17:09:30:46,989 INFO     [psi4.optking.stepAlgorithms:96] 	|target step| :    0.2966487615
2025-07-17:09:30:46,990 INFO     [psi4.optking.stepAlgorithms:97] 	gradient     :   -0.2095683143
2025-07-17:09:30:46,990 INFO     [psi4.optking.stepAlgorithms:98] 	hessian      :    0.6442845050
2025-07-17:09:30:46,990 INFO     [psi4.optking.stepAlgorithms:177] 	Norm of achieved step-size    0.2966487615
2025-07-17:09:30:46,990 INFO     [psi4.optking.stepAlgorithms:179] 	Norm of achieved step-size (cart):    0.2097623509
2025-07-17:09:30:46,990 INFO     [psi4.optking.opt_helper:151] Molsys:

	                            ===> Fragment 1 <== 

	 Z (Atomic Numbers)          Masses                          Geom                  
	       3.000000             7.016003          0.00000000  0.00000000  2.07354354   
	       9.000000            18.998403          0.00000000  0.00000000 -0.85929699   

	 - Coordinate -           - BOHR/RAD -       - ANG/DEG -
	 R(1,2)           =         2.932841           1.551992

2025-07-17:09:30:46,990 INFO     [psi4.optking.convcheck:71] Performing convergence check.
2025-07-17:09:30:46,990 INFO     [psi4.optking.convcheck:263] 
	                                 ==> Convergence Check <==                                  
    
	Measures of convergence in internal coordinates in au.
    
	Criteria marked as inactive (o), active & met (*), and active & unmet ( ).

	----------------------------------------------------------------------------------------------
	   Step    Total Energy     Delta E     Max Force     RMS Force      Max Disp      RMS Disp   
	----------------------------------------------------------------------------------------------
	  Convergence Criteria     1.00e-06 *    3.00e-04 *             o    1.20e-03 *             o
	----------------------------------------------------------------------------------------------
	     2    -106.58035113   -1.15e-01      2.10e-01      2.10e-01 o    2.97e-01      2.97e-01 o  ~
	----------------------------------------------------------------------------------------------


2025-07-17:09:30:46,990 INFO     [psi4.optking.stepAlgorithms:266] 	Convergence check returned False
2025-07-17:09:30:47,6 INFO     [psi4.driver.task_planner:285] PLANNING Atomic:  keywords={'DAMPING_PERCENTAGE': 1.0, 'GEOM_MAXITER': 500, 'SCF__GUESS': 'READ', 'GUESS': 'SAP', 'MAXITER': 500, 'REFERENCE': 'UKS', 'function_kwargs': {}}
2025-07-17:09:30:47,7 INFO     [psi4.driver.driver:636] Compute gradient(): method=b3lyp, basis=cc-pvdz, molecule=default, nre=9.206092091595014
2025-07-17:09:30:48,83 INFO     [psi4.driver.driver:639] Return gradient(): -106.62828670954968
2025-07-17:09:30:48,84 INFO     [psi4.driver.driver:640] [[ 0.00000000  0.00000000 -0.12358066]
 [-0.00000000  0.00000000  0.12376362]]
2025-07-17:09:30:48,85 INFO     [psi4.optking.history:257] 	Performing BFGS update.
2025-07-17:09:30:48,85 INFO     [psi4.optking.history:268] 	Using 2 previous steps for update.
2025-07-17:09:30:48,85 WARNING  [psi4.optking.history:286] 	Change in internal coordinate of 6.65e-01 exceeds limit of 5.00e-01.
2025-07-17:09:30:48,85 WARNING  [psi4.optking.history:291] 	Skipping Hessian update for step 1.
2025-07-17:09:30:48,85 INFO     [psi4.optking.history:302] 	Steps to be used in Hessian update:  2

2025-07-17:09:30:48,85 INFO     [psi4.optking.history:400] 	Updated Hessian (in au) 
 	   0.289555

2025-07-17:09:30:48,85 INFO     [psi4.optking.molsys:874] Projected (PHP) Hessian matrix
	   0.289555

2025-07-17:09:30:48,85 INFO     [psi4.optking.opt_helper:168] 
	         Geometry (au)                                       Gradient (au)
   0.0000000000   0.0000000000   2.1418626856		   0.0000000000   0.0000000000  -0.1235806566
   0.0000000000   0.0000000000  -0.7909778434		  -0.0000000000   0.0000000000   0.1237636185

2025-07-17:09:30:48,85 INFO     [psi4.optking.stepAlgorithms:315] 	Current Step Report 
 
	Current energy:      -106.6282867095
	Energy change for the previous step:
		Actual       :        -0.0479355780
		Projected    :        -0.0310840904

2025-07-17:09:30:48,85 INFO     [psi4.optking.stepAlgorithms:318] 	Energy ratio =    1.54213
2025-07-17:09:30:48,85 INFO     [psi4.optking.stepAlgorithms:750] 	Using RFO solution 1.
2025-07-17:09:30:48,86 INFO     [psi4.optking.displace:73] 	Determining Cartesian step for fragment 1.
2025-07-17:09:30:48,86 INFO     [psi4.optking.displace:378] 	Successfully converged to displaced geometry.
2025-07-17:09:30:48,86 INFO     [psi4.optking.displace:379] 	RMS(dx):  0.000e+00 	Max(dx):  0.000e+00 	RMS(dq):  0.000e+00
2025-07-17:09:30:48,86 INFO     [psi4.optking.displace:132] 

	        --- Internal Coordinate Step in ANG or DEG, aJ/ANG or AJ/DEG ---
	-------------------------------------------------------------------------------
	           Coordinate      Previous         Force          Change          New 
	           ----------      --------        ------          ------        ------
	               R(1,2)       1.55199        1.01890        0.19525       1.74724
	-------------------------------------------------------------------------------

2025-07-17:09:30:48,86 INFO     [psi4.optking.stepAlgorithms:96] 	|target step| :    0.3689657715
2025-07-17:09:30:48,86 INFO     [psi4.optking.stepAlgorithms:97] 	gradient     :   -0.1236721375
2025-07-17:09:30:48,86 INFO     [psi4.optking.stepAlgorithms:98] 	hessian      :    0.2895551506
2025-07-17:09:30:48,86 INFO     [psi4.optking.stepAlgorithms:177] 	Norm of achieved step-size    0.3689657715
2025-07-17:09:30:48,86 INFO     [psi4.optking.stepAlgorithms:179] 	Norm of achieved step-size (cart):    0.2608981991
2025-07-17:09:30:48,86 INFO     [psi4.optking.opt_helper:151] Molsys:

	                            ===> Fragment 1 <== 

	 Z (Atomic Numbers)          Masses                          Geom                  
	       3.000000             7.016003          0.00000000  0.00000000  2.32634557   
	       9.000000            18.998403          0.00000000  0.00000000 -0.97546073   

	 - Coordinate -           - BOHR/RAD -       - ANG/DEG -
	 R(1,2)           =         3.301806           1.747241

2025-07-17:09:30:48,86 INFO     [psi4.optking.convcheck:71] Performing convergence check.
2025-07-17:09:30:48,86 INFO     [psi4.optking.convcheck:263] 
	                                 ==> Convergence Check <==                                  
    
	Measures of convergence in internal coordinates in au.
    
	Criteria marked as inactive (o), active & met (*), and active & unmet ( ).

	----------------------------------------------------------------------------------------------
	   Step    Total Energy     Delta E     Max Force     RMS Force      Max Disp      RMS Disp   
	----------------------------------------------------------------------------------------------
	  Convergence Criteria     1.00e-06 *    3.00e-04 *             o    1.20e-03 *             o
	----------------------------------------------------------------------------------------------
	     3    -106.62828671   -4.79e-02      1.24e-01      1.24e-01 o    3.69e-01      3.69e-01 o  ~
	----------------------------------------------------------------------------------------------


2025-07-17:09:30:48,86 INFO     [psi4.optking.stepAlgorithms:266] 	Convergence check returned False
2025-07-17:09:30:48,102 INFO     [psi4.driver.task_planner:285] PLANNING Atomic:  keywords={'DAMPING_PERCENTAGE': 1.0, 'GEOM_MAXITER': 500, 'SCF__GUESS': 'READ', 'GUESS': 'SAP', 'MAXITER': 500, 'REFERENCE': 'UKS', 'function_kwargs': {}}
2025-07-17:09:30:48,103 INFO     [psi4.driver.driver:636] Compute gradient(): method=b3lyp, basis=cc-pvdz, molecule=default, nre=8.1773422008075
2025-07-17:09:30:49,120 INFO     [psi4.driver.driver:639] Return gradient(): -106.66309817318107
2025-07-17:09:30:49,120 INFO     [psi4.driver.driver:640] [[ 0.00000000  0.00000000 -0.07159898]
 [ 0.00000000  0.00000000  0.07174205]]
2025-07-17:09:30:49,121 INFO     [psi4.optking.history:257] 	Performing BFGS update.
2025-07-17:09:30:49,121 INFO     [psi4.optking.history:268] 	Using 3 previous steps for update.
2025-07-17:09:30:49,121 WARNING  [psi4.optking.history:286] 	Change in internal coordinate of 6.66e-01 exceeds limit of 5.00e-01.
2025-07-17:09:30:49,121 WARNING  [psi4.optking.history:291] 	Skipping Hessian update for step 2.
2025-07-17:09:30:49,121 WARNING  [psi4.optking.history:286] 	Change in internal coordinate of 1.03e+00 exceeds limit of 5.00e-01.
2025-07-17:09:30:49,121 WARNING  [psi4.optking.history:291] 	Skipping Hessian update for step 1.
2025-07-17:09:30:49,121 INFO     [psi4.optking.history:302] 	Steps to be used in Hessian update:  3

2025-07-17:09:30:49,121 INFO     [psi4.optking.history:400] 	Updated Hessian (in au) 
 	   0.140939

2025-07-17:09:30:49,121 INFO     [psi4.optking.molsys:874] Projected (PHP) Hessian matrix
	   0.140939

2025-07-17:09:30:49,121 INFO     [psi4.optking.opt_helper:168] 
	         Geometry (au)                                       Gradient (au)
   0.0000000000   0.0000000000   2.4113195518		   0.0000000000   0.0000000000  -0.0715989785
   0.0000000000   0.0000000000  -0.8904867487		   0.0000000000   0.0000000000   0.0717420486

2025-07-17:09:30:49,121 INFO     [psi4.optking.stepAlgorithms:315] 	Current Step Report 
 
	Current energy:      -106.6630981732
	Energy change for the previous step:
		Actual       :        -0.0348114636
		Projected    :        -0.0228153928

2025-07-17:09:30:49,121 INFO     [psi4.optking.stepAlgorithms:318] 	Energy ratio =    1.52579
2025-07-17:09:30:49,122 INFO     [psi4.optking.stepAlgorithms:750] 	Using RFO solution 1.
2025-07-17:09:30:49,122 INFO     [psi4.optking.displace:73] 	Determining Cartesian step for fragment 1.
2025-07-17:09:30:49,122 INFO     [psi4.optking.displace:378] 	Successfully converged to displaced geometry.
2025-07-17:09:30:49,122 INFO     [psi4.optking.displace:379] 	RMS(dx):  1.282e-16 	Max(dx):  2.220e-16 	RMS(dq):  0.000e+00
2025-07-17:09:30:49,122 INFO     [psi4.optking.displace:132] 

	        --- Internal Coordinate Step in ANG or DEG, aJ/ANG or AJ/DEG ---
	-------------------------------------------------------------------------------
	           Coordinate      Previous         Force          Change          New 
	           ----------      --------        ------          ------        ------
	               R(1,2)       1.74724        0.59047        0.22182       1.96906
	-------------------------------------------------------------------------------

2025-07-17:09:30:49,122 INFO     [psi4.optking.stepAlgorithms:96] 	|target step| :    0.4191720017
2025-07-17:09:30:49,122 INFO     [psi4.optking.stepAlgorithms:97] 	gradient     :   -0.0716705136
2025-07-17:09:30:49,122 INFO     [psi4.optking.stepAlgorithms:98] 	hessian      :    0.1409388837
2025-07-17:09:30:49,122 INFO     [psi4.optking.stepAlgorithms:177] 	Norm of achieved step-size    0.4191720017
2025-07-17:09:30:49,122 INFO     [psi4.optking.stepAlgorithms:179] 	Norm of achieved step-size (cart):    0.2963993649
2025-07-17:09:30:49,122 INFO     [psi4.optking.opt_helper:151] Molsys:

	                            ===> Fragment 1 <== 

	 Z (Atomic Numbers)          Masses                          Geom                  
	       3.000000             7.016003          0.00000000  0.00000000  2.62090555   
	       9.000000            18.998403          0.00000000  0.00000000 -1.10007275   

	 - Coordinate -           - BOHR/RAD -       - ANG/DEG -
	 R(1,2)           =         3.720978           1.969057

2025-07-17:09:30:49,122 INFO     [psi4.optking.convcheck:71] Performing convergence check.
2025-07-17:09:30:49,122 INFO     [psi4.optking.convcheck:263] 
	                                 ==> Convergence Check <==                                  
    
	Measures of convergence in internal coordinates in au.
    
	Criteria marked as inactive (o), active & met (*), and active & unmet ( ).

	----------------------------------------------------------------------------------------------
	   Step    Total Energy     Delta E     Max Force     RMS Force      Max Disp      RMS Disp   
	----------------------------------------------------------------------------------------------
	  Convergence Criteria     1.00e-06 *    3.00e-04 *             o    1.20e-03 *             o
	----------------------------------------------------------------------------------------------
	     4    -106.66309817   -3.48e-02      7.17e-02      7.17e-02 o    4.19e-01      4.19e-01 o  ~
	----------------------------------------------------------------------------------------------


2025-07-17:09:30:49,122 INFO     [psi4.optking.stepAlgorithms:266] 	Convergence check returned False
2025-07-17:09:30:49,138 INFO     [psi4.driver.task_planner:285] PLANNING Atomic:  keywords={'DAMPING_PERCENTAGE': 1.0, 'GEOM_MAXITER': 500, 'SCF__GUESS': 'READ', 'GUESS': 'SAP', 'MAXITER': 500, 'REFERENCE': 'UKS', 'function_kwargs': {}}
2025-07-17:09:30:49,148 INFO     [psi4.driver.driver:636] Compute gradient(): method=b3lyp, basis=cc-pvdz, molecule=default, nre=7.2561562597321485
2025-07-17:09:30:50,119 INFO     [psi4.driver.driver:639] Return gradient(): -106.68626141861948
2025-07-17:09:30:50,120 INFO     [psi4.driver.driver:640] [[ 0.00000000 -0.00000000 -0.04177382]
 [-0.00000000  0.00000000  0.04180238]]
2025-07-17:09:30:50,121 INFO     [psi4.optking.history:257] 	Performing BFGS update.
2025-07-17:09:30:50,121 INFO     [psi4.optking.history:268] 	Using 4 previous steps for update.
2025-07-17:09:30:50,121 WARNING  [psi4.optking.history:286] 	Change in internal coordinate of 7.88e-01 exceeds limit of 5.00e-01.
2025-07-17:09:30:50,121 WARNING  [psi4.optking.history:291] 	Skipping Hessian update for step 3.
2025-07-17:09:30:50,121 WARNING  [psi4.optking.history:286] 	Change in internal coordinate of 1.08e+00 exceeds limit of 5.00e-01.
2025-07-17:09:30:50,121 WARNING  [psi4.optking.history:291] 	Skipping Hessian update for step 2.
2025-07-17:09:30:50,121 WARNING  [psi4.optking.history:286] 	Change in internal coordinate of 1.45e+00 exceeds limit of 5.00e-01.
2025-07-17:09:30:50,121 WARNING  [psi4.optking.history:291] 	Skipping Hessian update for step 1.
2025-07-17:09:30:50,121 INFO     [psi4.optking.history:302] 	Steps to be used in Hessian update:  4

2025-07-17:09:30:50,121 INFO     [psi4.optking.history:400] 	Updated Hessian (in au) 
 	   0.071289

2025-07-17:09:30:50,121 INFO     [psi4.optking.molsys:874] Projected (PHP) Hessian matrix
	   0.071289

2025-07-17:09:30:50,122 INFO     [psi4.optking.opt_helper:168] 
	         Geometry (au)                                       Gradient (au)
   0.0000000000   0.0000000000   2.7174421863		   0.0000000000  -0.0000000000  -0.0417738167
   0.0000000000   0.0000000000  -1.0035361159		  -0.0000000000   0.0000000000   0.0418023811

2025-07-17:09:30:50,122 INFO     [psi4.optking.stepAlgorithms:315] 	Current Step Report 
 
	Current energy:      -106.6862614186
	Energy change for the previous step:
		Actual       :        -0.0231632454
		Projected    :        -0.0150211363

2025-07-17:09:30:50,122 INFO     [psi4.optking.stepAlgorithms:318] 	Energy ratio =    1.54204
2025-07-17:09:30:50,122 INFO     [psi4.optking.stepAlgorithms:750] 	Using RFO solution 1.
2025-07-17:09:30:50,122 INFO     [psi4.optking.displace:73] 	Determining Cartesian step for fragment 1.
2025-07-17:09:30:50,122 INFO     [psi4.optking.displace:378] 	Successfully converged to displaced geometry.
2025-07-17:09:30:50,122 INFO     [psi4.optking.displace:379] 	RMS(dx):  0.000e+00 	Max(dx):  0.000e+00 	RMS(dq):  0.000e+00
2025-07-17:09:30:50,122 INFO     [psi4.optking.displace:132] 

	        --- Internal Coordinate Step in ANG or DEG, aJ/ANG or AJ/DEG ---
	-------------------------------------------------------------------------------
	           Coordinate      Previous         Force          Change          New 
	           ----------      --------        ------          ------        ------
	               R(1,2)       1.96906        0.34428        0.24416       2.21321
	-------------------------------------------------------------------------------

2025-07-17:09:30:50,122 INFO     [psi4.optking.stepAlgorithms:96] 	|target step| :    0.4613910753
2025-07-17:09:30:50,122 INFO     [psi4.optking.stepAlgorithms:97] 	gradient     :   -0.0417880989
2025-07-17:09:30:50,122 INFO     [psi4.optking.stepAlgorithms:98] 	hessian      :    0.0712891474
2025-07-17:09:30:50,122 INFO     [psi4.optking.stepAlgorithms:177] 	Norm of achieved step-size    0.4613910753
2025-07-17:09:30:50,122 INFO     [psi4.optking.stepAlgorithms:179] 	Norm of achieved step-size (cart):    0.3262527581
2025-07-17:09:30:50,122 INFO     [psi4.optking.opt_helper:151] Molsys:

	                            ===> Fragment 1 <== 

	 Z (Atomic Numbers)          Masses                          Geom                  
	       3.000000             7.016003          0.00000000  0.00000000  2.94813772   
	       9.000000            18.998403          0.00000000  0.00000000 -1.23423165   

	 - Coordinate -           - BOHR/RAD -       - ANG/DEG -
	 R(1,2)           =         4.182369           2.213215

2025-07-17:09:30:50,122 INFO     [psi4.optking.convcheck:71] Performing convergence check.
2025-07-17:09:30:50,123 INFO     [psi4.optking.convcheck:263] 
	                                 ==> Convergence Check <==                                  
    
	Measures of convergence in internal coordinates in au.
    
	Criteria marked as inactive (o), active & met (*), and active & unmet ( ).

	----------------------------------------------------------------------------------------------
	   Step    Total Energy     Delta E     Max Force     RMS Force      Max Disp      RMS Disp   
	----------------------------------------------------------------------------------------------
	  Convergence Criteria     1.00e-06 *    3.00e-04 *             o    1.20e-03 *             o
	----------------------------------------------------------------------------------------------
	     5    -106.68626142   -2.32e-02      4.18e-02      4.18e-02 o    4.61e-01      4.61e-01 o  ~
	----------------------------------------------------------------------------------------------


2025-07-17:09:30:50,123 INFO     [psi4.optking.stepAlgorithms:266] 	Convergence check returned False
2025-07-17:09:30:50,139 INFO     [psi4.driver.task_planner:285] PLANNING Atomic:  keywords={'DAMPING_PERCENTAGE': 1.0, 'GEOM_MAXITER': 500, 'SCF__GUESS': 'READ', 'GUESS': 'SAP', 'MAXITER': 500, 'REFERENCE': 'UKS', 'function_kwargs': {}}
2025-07-17:09:30:50,140 INFO     [psi4.driver.driver:636] Compute gradient(): method=b3lyp, basis=cc-pvdz, molecule=default, nre=6.455670832215228
2025-07-17:09:30:51,160 INFO     [psi4.driver.driver:639] Return gradient(): -106.70064289496587
2025-07-17:09:30:51,161 INFO     [psi4.driver.driver:640] [[ 0.00000000  0.00000000 -0.02181214]
 [ 0.00000000 -0.00000000  0.02169023]]
2025-07-17:09:30:51,162 INFO     [psi4.optking.history:257] 	Performing BFGS update.
2025-07-17:09:30:51,162 INFO     [psi4.optking.history:268] 	Using 4 previous steps for update.
2025-07-17:09:30:51,162 WARNING  [psi4.optking.history:286] 	Change in internal coordinate of 8.81e-01 exceeds limit of 5.00e-01.
2025-07-17:09:30:51,162 WARNING  [psi4.optking.history:291] 	Skipping Hessian update for step 4.
2025-07-17:09:30:51,162 WARNING  [psi4.optking.history:286] 	Change in internal coordinate of 1.25e+00 exceeds limit of 5.00e-01.
2025-07-17:09:30:51,162 WARNING  [psi4.optking.history:291] 	Skipping Hessian update for step 3.
2025-07-17:09:30:51,162 WARNING  [psi4.optking.history:286] 	Change in internal coordinate of 1.55e+00 exceeds limit of 5.00e-01.
2025-07-17:09:30:51,162 WARNING  [psi4.optking.history:291] 	Skipping Hessian update for step 2.
2025-07-17:09:30:51,162 WARNING  [psi4.optking.history:286] 	Change in internal coordinate of 1.91e+00 exceeds limit of 5.00e-01.
2025-07-17:09:30:51,162 WARNING  [psi4.optking.history:291] 	Skipping Hessian update for step 1.
2025-07-17:09:30:51,162 INFO     [psi4.optking.history:302] 	Steps to be used in Hessian update:  5

2025-07-17:09:30:51,163 INFO     [psi4.optking.history:400] 	Updated Hessian (in au) 
 	   0.043427

2025-07-17:09:30:51,163 INFO     [psi4.optking.molsys:874] Projected (PHP) Hessian matrix
	   0.043427

2025-07-17:09:30:51,163 INFO     [psi4.optking.opt_helper:168] 
	         Geometry (au)                                       Gradient (au)
   0.0000000000   0.0000000000   3.0543975434		   0.0000000000   0.0000000000  -0.0218121359
   0.0000000000   0.0000000000  -1.1279718341		   0.0000000000  -0.0000000000   0.0216902260

2025-07-17:09:30:51,163 INFO     [psi4.optking.stepAlgorithms:315] 	Current Step Report 
 
	Current energy:      -106.7006428950
	Energy change for the previous step:
		Actual       :        -0.0143814763
		Projected    :        -0.0096403280

2025-07-17:09:30:51,163 INFO     [psi4.optking.stepAlgorithms:318] 	Energy ratio =    1.49180
2025-07-17:09:30:51,163 INFO     [psi4.optking.stepAlgorithms:750] 	Using RFO solution 1.
2025-07-17:09:30:51,163 INFO     [psi4.optking.displace:73] 	Determining Cartesian step for fragment 1.
2025-07-17:09:30:51,163 INFO     [psi4.optking.displace:378] 	Successfully converged to displaced geometry.
2025-07-17:09:30:51,163 INFO     [psi4.optking.displace:379] 	RMS(dx):  0.000e+00 	Max(dx):  0.000e+00 	RMS(dq):  0.000e+00
2025-07-17:09:30:51,163 INFO     [psi4.optking.displace:132] 

	        --- Internal Coordinate Step in ANG or DEG, aJ/ANG or AJ/DEG ---
	-------------------------------------------------------------------------------
	           Coordinate      Previous         Force          Change          New 
	           ----------      --------        ------          ------        ------
	               R(1,2)       2.21321        0.17920        0.21946       2.43268
	-------------------------------------------------------------------------------

2025-07-17:09:30:51,163 INFO     [psi4.optking.stepAlgorithms:96] 	|target step| :    0.4147202079
2025-07-17:09:30:51,163 INFO     [psi4.optking.stepAlgorithms:97] 	gradient     :   -0.0217511810
2025-07-17:09:30:51,163 INFO     [psi4.optking.stepAlgorithms:98] 	hessian      :    0.0434271902
2025-07-17:09:30:51,163 INFO     [psi4.optking.stepAlgorithms:177] 	Norm of achieved step-size    0.4147202079
2025-07-17:09:30:51,163 INFO     [psi4.optking.stepAlgorithms:179] 	Norm of achieved step-size (cart):    0.2932514713
2025-07-17:09:30:51,164 INFO     [psi4.optking.opt_helper:151] Molsys:

	                            ===> Fragment 1 <== 

	 Z (Atomic Numbers)          Masses                          Geom                  
	       3.000000             7.016003          0.00000000  0.00000000  3.26175765   
	       9.000000            18.998403          0.00000000  0.00000000 -1.33533194   

	 - Coordinate -           - BOHR/RAD -       - ANG/DEG -
	 R(1,2)           =         4.597090           2.432675

2025-07-17:09:30:51,164 INFO     [psi4.optking.convcheck:71] Performing convergence check.
2025-07-17:09:30:51,164 INFO     [psi4.optking.convcheck:263] 
	                                 ==> Convergence Check <==                                  
    
	Measures of convergence in internal coordinates in au.
    
	Criteria marked as inactive (o), active & met (*), and active & unmet ( ).

	----------------------------------------------------------------------------------------------
	   Step    Total Energy     Delta E     Max Force     RMS Force      Max Disp      RMS Disp   
	----------------------------------------------------------------------------------------------
	  Convergence Criteria     1.00e-06 *    3.00e-04 *             o    1.20e-03 *             o
	----------------------------------------------------------------------------------------------
	     6    -106.70064289   -1.44e-02      2.18e-02      2.18e-02 o    4.15e-01      4.15e-01 o  ~
	----------------------------------------------------------------------------------------------


2025-07-17:09:30:51,164 INFO     [psi4.optking.stepAlgorithms:266] 	Convergence check returned False
2025-07-17:09:30:51,178 INFO     [psi4.driver.task_planner:285] PLANNING Atomic:  keywords={'DAMPING_PERCENTAGE': 1.0, 'GEOM_MAXITER': 500, 'SCF__GUESS': 'READ', 'GUESS': 'SAP', 'MAXITER': 500, 'REFERENCE': 'UKS', 'function_kwargs': {}}
2025-07-17:09:30:51,180 INFO     [psi4.driver.driver:636] Compute gradient(): method=b3lyp, basis=cc-pvdz, molecule=default, nre=5.873281235449533
2025-07-17:09:30:52,298 INFO     [psi4.driver.driver:639] Return gradient(): -106.70689014675112
2025-07-17:09:30:52,298 INFO     [psi4.driver.driver:640] [[-0.00000000 -0.00000000 -0.00897470]
 [ 0.00000000  0.00000000  0.00887682]]
2025-07-17:09:30:52,299 INFO     [psi4.optking.history:257] 	Performing BFGS update.
2025-07-17:09:30:52,300 INFO     [psi4.optking.history:268] 	Using 4 previous steps for update.
2025-07-17:09:30:52,300 WARNING  [psi4.optking.history:286] 	Change in internal coordinate of 8.76e-01 exceeds limit of 5.00e-01.
2025-07-17:09:30:52,300 WARNING  [psi4.optking.history:291] 	Skipping Hessian update for step 5.
2025-07-17:09:30:52,300 WARNING  [psi4.optking.history:286] 	Change in internal coordinate of 1.30e+00 exceeds limit of 5.00e-01.
2025-07-17:09:30:52,300 WARNING  [psi4.optking.history:291] 	Skipping Hessian update for step 4.
2025-07-17:09:30:52,300 WARNING  [psi4.optking.history:286] 	Change in internal coordinate of 1.66e+00 exceeds limit of 5.00e-01.
2025-07-17:09:30:52,300 WARNING  [psi4.optking.history:291] 	Skipping Hessian update for step 3.
2025-07-17:09:30:52,300 WARNING  [psi4.optking.history:286] 	Change in internal coordinate of 1.96e+00 exceeds limit of 5.00e-01.
2025-07-17:09:30:52,300 WARNING  [psi4.optking.history:291] 	Skipping Hessian update for step 2.
2025-07-17:09:30:52,300 WARNING  [psi4.optking.history:286] 	Change in internal coordinate of 2.33e+00 exceeds limit of 5.00e-01.
2025-07-17:09:30:52,300 WARNING  [psi4.optking.history:291] 	Skipping Hessian update for step 1.
2025-07-17:09:30:52,300 INFO     [psi4.optking.history:302] 	Steps to be used in Hessian update:  6

2025-07-17:09:30:52,300 INFO     [psi4.optking.history:400] 	Updated Hessian (in au) 
 	   0.030925

2025-07-17:09:30:52,300 INFO     [psi4.optking.molsys:874] Projected (PHP) Hessian matrix
	   0.030925

2025-07-17:09:30:52,300 INFO     [psi4.optking.opt_helper:168] 
	         Geometry (au)                                       Gradient (au)
   0.0000000000   0.0000000000   3.3572690189		  -0.0000000000  -0.0000000000  -0.0089747000
   0.0000000000   0.0000000000  -1.2398205666		   0.0000000000   0.0000000000   0.0088768201

2025-07-17:09:30:52,300 INFO     [psi4.optking.stepAlgorithms:315] 	Current Step Report 
 
	Current energy:      -106.7068901468
	Energy change for the previous step:
		Actual       :        -0.0062472518
		Projected    :        -0.0045103271

2025-07-17:09:30:52,300 INFO     [psi4.optking.stepAlgorithms:318] 	Energy ratio =    1.38510
2025-07-17:09:30:52,300 INFO     [psi4.optking.stepAlgorithms:750] 	Using RFO solution 1.
2025-07-17:09:30:52,301 INFO     [psi4.optking.displace:73] 	Determining Cartesian step for fragment 1.
2025-07-17:09:30:52,301 INFO     [psi4.optking.displace:378] 	Successfully converged to displaced geometry.
2025-07-17:09:30:52,301 INFO     [psi4.optking.displace:379] 	RMS(dx):  0.000e+00 	Max(dx):  0.000e+00 	RMS(dq):  0.000e+00
2025-07-17:09:30:52,301 INFO     [psi4.optking.displace:132] 

	        --- Internal Coordinate Step in ANG or DEG, aJ/ANG or AJ/DEG ---
	-------------------------------------------------------------------------------
	           Coordinate      Previous         Force          Change          New 
	           ----------      --------        ------          ------        ------
	               R(1,2)       2.43268        0.07354        0.14177       2.57444
	-------------------------------------------------------------------------------

2025-07-17:09:30:52,301 INFO     [psi4.optking.stepAlgorithms:96] 	|target step| :    0.2679061295
2025-07-17:09:30:52,301 INFO     [psi4.optking.stepAlgorithms:97] 	gradient     :   -0.0089257600
2025-07-17:09:30:52,301 INFO     [psi4.optking.stepAlgorithms:98] 	hessian      :    0.0309254786
2025-07-17:09:30:52,301 INFO     [psi4.optking.stepAlgorithms:177] 	Norm of achieved step-size    0.2679061295
2025-07-17:09:30:52,301 INFO     [psi4.optking.stepAlgorithms:179] 	Norm of achieved step-size (cart):    0.1894382409
2025-07-17:09:30:52,301 INFO     [psi4.optking.opt_helper:151] Molsys:

	                            ===> Fragment 1 <== 

	 Z (Atomic Numbers)          Masses                          Geom                  
	       3.000000             7.016003          0.00000000  0.00000000  3.49122208   
	       9.000000            18.998403          0.00000000  0.00000000 -1.37377363   

	 - Coordinate -           - BOHR/RAD -       - ANG/DEG -
	 R(1,2)           =         4.864996           2.574445

2025-07-17:09:30:52,301 INFO     [psi4.optking.convcheck:71] Performing convergence check.
2025-07-17:09:30:52,301 INFO     [psi4.optking.convcheck:263] 
	                                 ==> Convergence Check <==                                  
    
	Measures of convergence in internal coordinates in au.
    
	Criteria marked as inactive (o), active & met (*), and active & unmet ( ).

	----------------------------------------------------------------------------------------------
	   Step    Total Energy     Delta E     Max Force     RMS Force      Max Disp      RMS Disp   
	----------------------------------------------------------------------------------------------
	  Convergence Criteria     1.00e-06 *    3.00e-04 *             o    1.20e-03 *             o
	----------------------------------------------------------------------------------------------
	     7    -106.70689015   -6.25e-03      8.93e-03      8.93e-03 o    2.68e-01      2.68e-01 o  ~
	----------------------------------------------------------------------------------------------


2025-07-17:09:30:52,301 INFO     [psi4.optking.stepAlgorithms:266] 	Convergence check returned False
2025-07-17:09:30:52,319 INFO     [psi4.driver.task_planner:285] PLANNING Atomic:  keywords={'DAMPING_PERCENTAGE': 1.0, 'GEOM_MAXITER': 500, 'SCF__GUESS': 'READ', 'GUESS': 'SAP', 'MAXITER': 500, 'REFERENCE': 'UKS', 'function_kwargs': {}}
2025-07-17:09:30:52,321 INFO     [psi4.driver.driver:636] Compute gradient(): method=b3lyp, basis=cc-pvdz, molecule=default, nre=5.54985072590492
2025-07-17:09:30:53,398 INFO     [psi4.driver.driver:639] Return gradient(): -106.70837784395646
2025-07-17:09:30:53,398 INFO     [psi4.driver.driver:640] [[ 0.00000000 -0.00000000 -0.00242259]
 [ 0.00000000  0.00000000  0.00237269]]
2025-07-17:09:30:53,406 INFO     [psi4.optking.history:257] 	Performing BFGS update.
2025-07-17:09:30:53,406 INFO     [psi4.optking.history:268] 	Using 4 previous steps for update.
2025-07-17:09:30:53,406 WARNING  [psi4.optking.history:286] 	Change in internal coordinate of 6.83e-01 exceeds limit of 5.00e-01.
2025-07-17:09:30:53,406 WARNING  [psi4.optking.history:291] 	Skipping Hessian update for step 6.
2025-07-17:09:30:53,406 WARNING  [psi4.optking.history:286] 	Change in internal coordinate of 1.14e+00 exceeds limit of 5.00e-01.
2025-07-17:09:30:53,406 WARNING  [psi4.optking.history:291] 	Skipping Hessian update for step 5.
2025-07-17:09:30:53,406 WARNING  [psi4.optking.history:286] 	Change in internal coordinate of 1.56e+00 exceeds limit of 5.00e-01.
2025-07-17:09:30:53,406 WARNING  [psi4.optking.history:291] 	Skipping Hessian update for step 4.
2025-07-17:09:30:53,406 WARNING  [psi4.optking.history:286] 	Change in internal coordinate of 1.93e+00 exceeds limit of 5.00e-01.
2025-07-17:09:30:53,407 WARNING  [psi4.optking.history:291] 	Skipping Hessian update for step 3.
2025-07-17:09:30:53,407 WARNING  [psi4.optking.history:286] 	Change in internal coordinate of 2.23e+00 exceeds limit of 5.00e-01.
2025-07-17:09:30:53,407 WARNING  [psi4.optking.history:291] 	Skipping Hessian update for step 2.
2025-07-17:09:30:53,407 WARNING  [psi4.optking.history:286] 	Change in internal coordinate of 2.60e+00 exceeds limit of 5.00e-01.
2025-07-17:09:30:53,407 WARNING  [psi4.optking.history:291] 	Skipping Hessian update for step 1.
2025-07-17:09:30:53,407 INFO     [psi4.optking.history:302] 	Steps to be used in Hessian update:  7

2025-07-17:09:30:53,407 INFO     [psi4.optking.history:400] 	Updated Hessian (in au) 
 	   0.024367

2025-07-17:09:30:53,407 INFO     [psi4.optking.molsys:874] Projected (PHP) Hessian matrix
	   0.024367

2025-07-17:09:30:53,407 INFO     [psi4.optking.opt_helper:168] 
	         Geometry (au)                                       Gradient (au)
   0.0000000000   0.0000000000   3.5529217099		   0.0000000000  -0.0000000000  -0.0024225930
   0.0000000000   0.0000000000  -1.3120740050		   0.0000000000   0.0000000000   0.0023726918

2025-07-17:09:30:53,407 INFO     [psi4.optking.stepAlgorithms:315] 	Current Step Report 
 
	Current energy:      -106.7083778440
	Energy change for the previous step:
		Actual       :        -0.0014876972
		Projected    :        -0.0011956329

2025-07-17:09:30:53,407 INFO     [psi4.optking.stepAlgorithms:318] 	Energy ratio =    1.24428
2025-07-17:09:30:53,408 INFO     [psi4.optking.stepAlgorithms:750] 	Using RFO solution 1.
2025-07-17:09:30:53,408 INFO     [psi4.optking.displace:73] 	Determining Cartesian step for fragment 1.
2025-07-17:09:30:53,408 INFO     [psi4.optking.displace:378] 	Successfully converged to displaced geometry.
2025-07-17:09:30:53,408 INFO     [psi4.optking.displace:379] 	RMS(dx):  0.000e+00 	Max(dx):  0.000e+00 	RMS(dq):  0.000e+00
2025-07-17:09:30:53,408 INFO     [psi4.optking.displace:132] 

	        --- Internal Coordinate Step in ANG or DEG, aJ/ANG or AJ/DEG ---
	-------------------------------------------------------------------------------
	           Coordinate      Previous         Force          Change          New 
	           ----------      --------        ------          ------        ------
	               R(1,2)       2.57444        0.01975        0.05157       2.62602
	-------------------------------------------------------------------------------

2025-07-17:09:30:53,408 INFO     [psi4.optking.stepAlgorithms:96] 	|target step| :    0.0974617276
2025-07-17:09:30:53,408 INFO     [psi4.optking.stepAlgorithms:97] 	gradient     :   -0.0023976424
2025-07-17:09:30:53,408 INFO     [psi4.optking.stepAlgorithms:98] 	hessian      :    0.0243671828
2025-07-17:09:30:53,408 INFO     [psi4.optking.stepAlgorithms:177] 	Norm of achieved step-size    0.0974617276
2025-07-17:09:30:53,409 INFO     [psi4.optking.stepAlgorithms:179] 	Norm of achieved step-size (cart):    0.0689158485
2025-07-17:09:30:53,409 INFO     [psi4.optking.opt_helper:151] Molsys:

	                            ===> Fragment 1 <== 

	 Z (Atomic Numbers)          Masses                          Geom                  
	       3.000000             7.016003          0.00000000  0.00000000  3.60165257   
	       9.000000            18.998403          0.00000000  0.00000000 -1.36080487   

	 - Coordinate -           - BOHR/RAD -       - ANG/DEG -
	 R(1,2)           =         4.962457           2.626019

2025-07-17:09:30:53,409 INFO     [psi4.optking.convcheck:71] Performing convergence check.
2025-07-17:09:30:53,409 INFO     [psi4.optking.convcheck:263] 
	                                 ==> Convergence Check <==                                  
    
	Measures of convergence in internal coordinates in au.
    
	Criteria marked as inactive (o), active & met (*), and active & unmet ( ).

	----------------------------------------------------------------------------------------------
	   Step    Total Energy     Delta E     Max Force     RMS Force      Max Disp      RMS Disp   
	----------------------------------------------------------------------------------------------
	  Convergence Criteria     1.00e-06 *    3.00e-04 *             o    1.20e-03 *             o
	----------------------------------------------------------------------------------------------
	     8    -106.70837784   -1.49e-03      2.40e-03      2.40e-03 o    9.75e-02      9.75e-02 o  ~
	----------------------------------------------------------------------------------------------


2025-07-17:09:30:53,409 INFO     [psi4.optking.stepAlgorithms:266] 	Convergence check returned False
2025-07-17:09:30:53,430 INFO     [psi4.driver.task_planner:285] PLANNING Atomic:  keywords={'DAMPING_PERCENTAGE': 1.0, 'GEOM_MAXITER': 500, 'SCF__GUESS': 'READ', 'GUESS': 'SAP', 'MAXITER': 500, 'REFERENCE': 'UKS', 'function_kwargs': {}}
2025-07-17:09:30:53,431 INFO     [psi4.driver.driver:636] Compute gradient(): method=b3lyp, basis=cc-pvdz, molecule=default, nre=5.440852705041963
2025-07-17:09:30:54,278 INFO     [psi4.driver.driver:639] Return gradient(): -106.70850752326746
2025-07-17:09:30:54,278 INFO     [psi4.driver.driver:640] [[ 0.00000000  0.00000000 -0.00033827]
 [ 0.00000000  0.00000000  0.00029775]]
2025-07-17:09:30:54,282 INFO     [psi4.optking.history:257] 	Performing BFGS update.
2025-07-17:09:30:54,282 INFO     [psi4.optking.history:268] 	Using 4 previous steps for update.
2025-07-17:09:30:54,282 WARNING  [psi4.optking.history:286] 	Change in internal coordinate of 7.80e-01 exceeds limit of 5.00e-01.
2025-07-17:09:30:54,282 WARNING  [psi4.optking.history:291] 	Skipping Hessian update for step 6.
2025-07-17:09:30:54,282 WARNING  [psi4.optking.history:286] 	Change in internal coordinate of 1.24e+00 exceeds limit of 5.00e-01.
2025-07-17:09:30:54,282 WARNING  [psi4.optking.history:291] 	Skipping Hessian update for step 5.
2025-07-17:09:30:54,282 WARNING  [psi4.optking.history:286] 	Change in internal coordinate of 1.66e+00 exceeds limit of 5.00e-01.
2025-07-17:09:30:54,282 WARNING  [psi4.optking.history:291] 	Skipping Hessian update for step 4.
2025-07-17:09:30:54,282 WARNING  [psi4.optking.history:286] 	Change in internal coordinate of 2.03e+00 exceeds limit of 5.00e-01.
2025-07-17:09:30:54,282 WARNING  [psi4.optking.history:291] 	Skipping Hessian update for step 3.
2025-07-17:09:30:54,282 WARNING  [psi4.optking.history:286] 	Change in internal coordinate of 2.33e+00 exceeds limit of 5.00e-01.
2025-07-17:09:30:54,282 WARNING  [psi4.optking.history:291] 	Skipping Hessian update for step 2.
2025-07-17:09:30:54,282 WARNING  [psi4.optking.history:286] 	Change in internal coordinate of 2.69e+00 exceeds limit of 5.00e-01.
2025-07-17:09:30:54,282 WARNING  [psi4.optking.history:291] 	Skipping Hessian update for step 1.
2025-07-17:09:30:54,282 INFO     [psi4.optking.history:302] 	Steps to be used in Hessian update:  8 7

2025-07-17:09:30:54,283 INFO     [psi4.optking.history:400] 	Updated Hessian (in au) 
 	   0.023559

2025-07-17:09:30:54,283 INFO     [psi4.optking.molsys:874] Projected (PHP) Hessian matrix
	   0.023559

2025-07-17:09:30:54,283 INFO     [psi4.optking.opt_helper:168] 
	         Geometry (au)                                       Gradient (au)
   0.0000000000   0.0000000000   3.6240983169		   0.0000000000   0.0000000000  -0.0003382739
   0.0000000000   0.0000000000  -1.3383591257		   0.0000000000   0.0000000000   0.0002977473

2025-07-17:09:30:54,283 INFO     [psi4.optking.stepAlgorithms:315] 	Current Step Report 
 
	Current energy:      -106.7085075233
	Energy change for the previous step:
		Actual       :        -0.0001296793
		Projected    :        -0.0001168392

2025-07-17:09:30:54,283 INFO     [psi4.optking.stepAlgorithms:318] 	Energy ratio =    1.10990
2025-07-17:09:30:54,283 INFO     [psi4.optking.stepAlgorithms:750] 	Using RFO solution 1.
2025-07-17:09:30:54,283 INFO     [psi4.optking.displace:73] 	Determining Cartesian step for fragment 1.
2025-07-17:09:30:54,283 INFO     [psi4.optking.displace:378] 	Successfully converged to displaced geometry.
2025-07-17:09:30:54,283 INFO     [psi4.optking.displace:379] 	RMS(dx):  0.000e+00 	Max(dx):  0.000e+00 	RMS(dq):  0.000e+00
2025-07-17:09:30:54,283 INFO     [psi4.optking.displace:132] 

	        --- Internal Coordinate Step in ANG or DEG, aJ/ANG or AJ/DEG ---
	-------------------------------------------------------------------------------
	           Coordinate      Previous         Force          Change          New 
	           ----------      --------        ------          ------        ------
	               R(1,2)       2.62602        0.00262        0.00714       2.63316
	-------------------------------------------------------------------------------

2025-07-17:09:30:54,283 INFO     [psi4.optking.stepAlgorithms:96] 	|target step| :    0.0134959423
2025-07-17:09:30:54,283 INFO     [psi4.optking.stepAlgorithms:97] 	gradient     :   -0.0003180106
2025-07-17:09:30:54,283 INFO     [psi4.optking.stepAlgorithms:98] 	hessian      :    0.0235591316
2025-07-17:09:30:54,283 INFO     [psi4.optking.stepAlgorithms:177] 	Norm of achieved step-size    0.0134959423
2025-07-17:09:30:54,283 INFO     [psi4.optking.stepAlgorithms:179] 	Norm of achieved step-size (cart):    0.0095430723
2025-07-17:09:30:54,284 INFO     [psi4.optking.opt_helper:151] Molsys:

	                            ===> Fragment 1 <== 

	 Z (Atomic Numbers)          Masses                          Geom                  
	       3.000000             7.016003          0.00000000  0.00000000  3.63084629   
	       9.000000            18.998403          0.00000000  0.00000000 -1.34510710   

	 - Coordinate -           - BOHR/RAD -       - ANG/DEG -
	 R(1,2)           =         4.975953           2.633161

2025-07-17:09:30:54,284 INFO     [psi4.optking.convcheck:71] Performing convergence check.
2025-07-17:09:30:54,284 INFO     [psi4.optking.convcheck:263] 
	                                 ==> Convergence Check <==                                  
    
	Measures of convergence in internal coordinates in au.
    
	Criteria marked as inactive (o), active & met (*), and active & unmet ( ).

	----------------------------------------------------------------------------------------------
	   Step    Total Energy     Delta E     Max Force     RMS Force      Max Disp      RMS Disp   
	----------------------------------------------------------------------------------------------
	  Convergence Criteria     1.00e-06 *    3.00e-04 *             o    1.20e-03 *             o
	----------------------------------------------------------------------------------------------
	     9    -106.70850752   -1.30e-04      3.18e-04      3.18e-04 o    1.35e-02      1.35e-02 o  ~
	----------------------------------------------------------------------------------------------


2025-07-17:09:30:54,284 INFO     [psi4.optking.stepAlgorithms:266] 	Convergence check returned False
2025-07-17:09:30:54,299 INFO     [psi4.driver.task_planner:285] PLANNING Atomic:  keywords={'DAMPING_PERCENTAGE': 1.0, 'GEOM_MAXITER': 500, 'SCF__GUESS': 'READ', 'GUESS': 'SAP', 'MAXITER': 500, 'REFERENCE': 'UKS', 'function_kwargs': {}}
2025-07-17:09:30:54,301 INFO     [psi4.driver.driver:636] Compute gradient(): method=b3lyp, basis=cc-pvdz, molecule=default, nre=5.426095847673147
2025-07-17:09:30:55,214 INFO     [psi4.driver.driver:639] Return gradient(): -106.70850984038417
2025-07-17:09:30:55,214 INFO     [psi4.driver.driver:640] [[-0.00000000  0.00000000 -0.00006104]
 [ 0.00000000 -0.00000000  0.00002012]]
2025-07-17:09:30:55,215 INFO     [psi4.optking.history:257] 	Performing BFGS update.
2025-07-17:09:30:55,215 INFO     [psi4.optking.history:268] 	Using 4 previous steps for update.
2025-07-17:09:30:55,215 WARNING  [psi4.optking.history:286] 	Change in internal coordinate of 7.94e-01 exceeds limit of 5.00e-01.
2025-07-17:09:30:55,215 WARNING  [psi4.optking.history:291] 	Skipping Hessian update for step 6.
2025-07-17:09:30:55,216 WARNING  [psi4.optking.history:286] 	Change in internal coordinate of 1.25e+00 exceeds limit of 5.00e-01.
2025-07-17:09:30:55,216 WARNING  [psi4.optking.history:291] 	Skipping Hessian update for step 5.
2025-07-17:09:30:55,216 WARNING  [psi4.optking.history:286] 	Change in internal coordinate of 1.67e+00 exceeds limit of 5.00e-01.
2025-07-17:09:30:55,216 WARNING  [psi4.optking.history:291] 	Skipping Hessian update for step 4.
2025-07-17:09:30:55,216 WARNING  [psi4.optking.history:286] 	Change in internal coordinate of 2.04e+00 exceeds limit of 5.00e-01.
2025-07-17:09:30:55,216 WARNING  [psi4.optking.history:291] 	Skipping Hessian update for step 3.
2025-07-17:09:30:55,216 WARNING  [psi4.optking.history:286] 	Change in internal coordinate of 2.34e+00 exceeds limit of 5.00e-01.
2025-07-17:09:30:55,216 WARNING  [psi4.optking.history:291] 	Skipping Hessian update for step 2.
2025-07-17:09:30:55,216 WARNING  [psi4.optking.history:286] 	Change in internal coordinate of 2.71e+00 exceeds limit of 5.00e-01.
2025-07-17:09:30:55,216 WARNING  [psi4.optking.history:291] 	Skipping Hessian update for step 1.
2025-07-17:09:30:55,216 INFO     [psi4.optking.history:302] 	Steps to be used in Hessian update:  9 8 7

2025-07-17:09:30:55,216 INFO     [psi4.optking.history:400] 	Updated Hessian (in au) 
 	   0.023452

2025-07-17:09:30:55,216 INFO     [psi4.optking.molsys:874] Projected (PHP) Hessian matrix
	   0.023452

2025-07-17:09:30:55,216 INFO     [psi4.optking.opt_helper:168] 
	         Geometry (au)                                       Gradient (au)
   0.0000000000   0.0000000000   3.6339544461		  -0.0000000000   0.0000000000  -0.0000610371
   0.0000000000   0.0000000000  -1.3419989388		   0.0000000000  -0.0000000000   0.0000201228

2025-07-17:09:30:55,216 INFO     [psi4.optking.stepAlgorithms:315] 	Current Step Report 
 
	Current energy:      -106.7085098404
	Energy change for the previous step:
		Actual       :        -0.0000023171
		Projected    :        -0.0000021459

2025-07-17:09:30:55,216 INFO     [psi4.optking.stepAlgorithms:318] 	Energy ratio =    1.07977
2025-07-17:09:30:55,216 INFO     [psi4.optking.stepAlgorithms:750] 	Using RFO solution 1.
2025-07-17:09:30:55,216 INFO     [psi4.optking.displace:73] 	Determining Cartesian step for fragment 1.
2025-07-17:09:30:55,217 INFO     [psi4.optking.displace:378] 	Successfully converged to displaced geometry.
2025-07-17:09:30:55,217 INFO     [psi4.optking.displace:379] 	RMS(dx):  0.000e+00 	Max(dx):  0.000e+00 	RMS(dq):  0.000e+00
2025-07-17:09:30:55,217 INFO     [psi4.optking.displace:132] 

	        --- Internal Coordinate Step in ANG or DEG, aJ/ANG or AJ/DEG ---
	-------------------------------------------------------------------------------
	           Coordinate      Previous         Force          Change          New 
	           ----------      --------        ------          ------        ------
	               R(1,2)       2.63316        0.00033        0.00092       2.63408
	-------------------------------------------------------------------------------

2025-07-17:09:30:55,217 INFO     [psi4.optking.stepAlgorithms:96] 	|target step| :    0.0017303230
2025-07-17:09:30:55,217 INFO     [psi4.optking.stepAlgorithms:97] 	gradient     :   -0.0000405800
2025-07-17:09:30:55,217 INFO     [psi4.optking.stepAlgorithms:98] 	hessian      :    0.0234521749
2025-07-17:09:30:55,217 INFO     [psi4.optking.stepAlgorithms:177] 	Norm of achieved step-size    0.0017303230
2025-07-17:09:30:55,217 INFO     [psi4.optking.stepAlgorithms:179] 	Norm of achieved step-size (cart):    0.0012235231
2025-07-17:09:30:55,217 INFO     [psi4.optking.opt_helper:151] Molsys:

	                            ===> Fragment 1 <== 

	 Z (Atomic Numbers)          Masses                          Geom                  
	       3.000000             7.016003          0.00000000  0.00000000  3.63481961   
	       9.000000            18.998403          0.00000000  0.00000000 -1.34286410   

	 - Coordinate -           - BOHR/RAD -       - ANG/DEG -
	 R(1,2)           =         4.977684           2.634077

2025-07-17:09:30:55,217 INFO     [psi4.optking.convcheck:71] Performing convergence check.
2025-07-17:09:30:55,217 INFO     [psi4.optking.convcheck:263] 
	                                 ==> Convergence Check <==                                  
    
	Measures of convergence in internal coordinates in au.
    
	Criteria marked as inactive (o), active & met (*), and active & unmet ( ).

	----------------------------------------------------------------------------------------------
	   Step    Total Energy     Delta E     Max Force     RMS Force      Max Disp      RMS Disp   
	----------------------------------------------------------------------------------------------
	  Convergence Criteria     1.00e-06 *    3.00e-04 *             o    1.20e-03 *             o
	----------------------------------------------------------------------------------------------
	    10    -106.70850984   -2.32e-06      4.06e-05 *    4.06e-05 o    1.73e-03      1.73e-03 o  ~
	----------------------------------------------------------------------------------------------


2025-07-17:09:30:55,217 INFO     [psi4.optking.stepAlgorithms:266] 	Convergence check returned False
2025-07-17:09:30:55,240 INFO     [psi4.driver.task_planner:285] PLANNING Atomic:  keywords={'DAMPING_PERCENTAGE': 1.0, 'GEOM_MAXITER': 500, 'SCF__GUESS': 'READ', 'GUESS': 'SAP', 'MAXITER': 500, 'REFERENCE': 'UKS', 'function_kwargs': {}}
2025-07-17:09:30:55,241 INFO     [psi4.driver.driver:636] Compute gradient(): method=b3lyp, basis=cc-pvdz, molecule=default, nre=5.424209649358523
2025-07-17:09:30:56,7 INFO     [psi4.driver.driver:639] Return gradient(): -106.70850986804213
2025-07-17:09:30:56,7 INFO     [psi4.driver.driver:640] [[-0.00000000  0.00000000 -0.00002569]
 [-0.00000000  0.00000000 -0.00001528]]
2025-07-17:09:30:56,8 INFO     [psi4.optking.history:257] 	Performing BFGS update.
2025-07-17:09:30:56,8 INFO     [psi4.optking.history:268] 	Using 4 previous steps for update.
2025-07-17:09:30:56,8 WARNING  [psi4.optking.history:282] 	Denominators (dg)(dq) or (dq)(dq) are very small.
2025-07-17:09:30:56,9 WARNING  [psi4.optking.history:283] 	Skipping Hessian update for step 10.
2025-07-17:09:30:56,9 WARNING  [psi4.optking.history:286] 	Change in internal coordinate of 7.95e-01 exceeds limit of 5.00e-01.
2025-07-17:09:30:56,9 WARNING  [psi4.optking.history:291] 	Skipping Hessian update for step 6.
2025-07-17:09:30:56,9 WARNING  [psi4.optking.history:286] 	Change in internal coordinate of 1.26e+00 exceeds limit of 5.00e-01.
2025-07-17:09:30:56,9 WARNING  [psi4.optking.history:291] 	Skipping Hessian update for step 5.
2025-07-17:09:30:56,9 WARNING  [psi4.optking.history:286] 	Change in internal coordinate of 1.68e+00 exceeds limit of 5.00e-01.
2025-07-17:09:30:56,9 WARNING  [psi4.optking.history:291] 	Skipping Hessian update for step 4.
2025-07-17:09:30:56,9 WARNING  [psi4.optking.history:286] 	Change in internal coordinate of 2.04e+00 exceeds limit of 5.00e-01.
2025-07-17:09:30:56,9 WARNING  [psi4.optking.history:291] 	Skipping Hessian update for step 3.
2025-07-17:09:30:56,9 WARNING  [psi4.optking.history:286] 	Change in internal coordinate of 2.34e+00 exceeds limit of 5.00e-01.
2025-07-17:09:30:56,9 WARNING  [psi4.optking.history:291] 	Skipping Hessian update for step 2.
2025-07-17:09:30:56,9 WARNING  [psi4.optking.history:286] 	Change in internal coordinate of 2.71e+00 exceeds limit of 5.00e-01.
2025-07-17:09:30:56,9 WARNING  [psi4.optking.history:291] 	Skipping Hessian update for step 1.
2025-07-17:09:30:56,9 INFO     [psi4.optking.history:302] 	Steps to be used in Hessian update:  9 8 7

2025-07-17:09:30:56,9 INFO     [psi4.optking.history:400] 	Updated Hessian (in au) 
 	   0.023438

2025-07-17:09:30:56,9 INFO     [psi4.optking.molsys:874] Projected (PHP) Hessian matrix
	   0.023438

2025-07-17:09:30:56,9 INFO     [psi4.optking.opt_helper:168] 
	         Geometry (au)                                       Gradient (au)
   0.0000000000   0.0000000000   3.6352181065		  -0.0000000000   0.0000000000  -0.0000256917
   0.0000000000   0.0000000000  -1.3424656014		  -0.0000000000   0.0000000000  -0.0000152781

2025-07-17:09:30:56,10 INFO     [psi4.optking.stepAlgorithms:315] 	Current Step Report 
 
	Current energy:      -106.7085098680
	Energy change for the previous step:
		Actual       :        -0.0000000277
		Projected    :        -0.0000000351

2025-07-17:09:30:56,10 INFO     [psi4.optking.stepAlgorithms:318] 	Energy ratio =    0.78779
2025-07-17:09:30:56,10 INFO     [psi4.optking.stepAlgorithms:750] 	Using RFO solution 1.
2025-07-17:09:30:56,10 INFO     [psi4.optking.displace:73] 	Determining Cartesian step for fragment 1.
2025-07-17:09:30:56,10 INFO     [psi4.optking.displace:378] 	Successfully converged to displaced geometry.
2025-07-17:09:30:56,10 INFO     [psi4.optking.displace:379] 	RMS(dx):  0.000e+00 	Max(dx):  0.000e+00 	RMS(dq):  0.000e+00
2025-07-17:09:30:56,10 INFO     [psi4.optking.displace:132] 

	        --- Internal Coordinate Step in ANG or DEG, aJ/ANG or AJ/DEG ---
	-------------------------------------------------------------------------------
	           Coordinate      Previous         Force          Change          New 
	           ----------      --------        ------          ------        ------
	               R(1,2)       2.63408        0.00004        0.00012       2.63419
	-------------------------------------------------------------------------------

2025-07-17:09:30:56,10 INFO     [psi4.optking.stepAlgorithms:96] 	|target step| :    0.0002221475
2025-07-17:09:30:56,10 INFO     [psi4.optking.stepAlgorithms:97] 	gradient     :   -0.0000052068
2025-07-17:09:30:56,10 INFO     [psi4.optking.stepAlgorithms:98] 	hessian      :    0.0234384945
2025-07-17:09:30:56,10 INFO     [psi4.optking.stepAlgorithms:177] 	Norm of achieved step-size    0.0002221475
2025-07-17:09:30:56,10 INFO     [psi4.optking.stepAlgorithms:179] 	Norm of achieved step-size (cart):    0.0001570820
2025-07-17:09:30:56,10 INFO     [psi4.optking.opt_helper:151] Molsys:

	                            ===> Fragment 1 <== 

	 Z (Atomic Numbers)          Masses                          Geom                  
	       3.000000             7.016003          0.00000000  0.00000000  3.63532918   
	       9.000000            18.998403          0.00000000  0.00000000 -1.34257668   

	 - Coordinate -           - BOHR/RAD -       - ANG/DEG -
	 R(1,2)           =         4.977906           2.634194

2025-07-17:09:30:56,10 INFO     [psi4.optking.convcheck:71] Performing convergence check.
2025-07-17:09:30:56,10 INFO     [psi4.optking.convcheck:263] 
	                                 ==> Convergence Check <==                                  
    
	Measures of convergence in internal coordinates in au.
    
	Criteria marked as inactive (o), active & met (*), and active & unmet ( ).

	----------------------------------------------------------------------------------------------
	   Step    Total Energy     Delta E     Max Force     RMS Force      Max Disp      RMS Disp   
	----------------------------------------------------------------------------------------------
	  Convergence Criteria     1.00e-06 *    3.00e-04 *             o    1.20e-03 *             o
	----------------------------------------------------------------------------------------------
	    11    -106.70850987   -2.77e-08 *    5.21e-06 *    5.21e-06 o    2.22e-04 *    2.22e-04 o  ~
	----------------------------------------------------------------------------------------------


2025-07-17:09:30:56,12 INFO     [psi4.optking.convcheck:193] 
	                      ===> Final Convergence Report <===                     

	----------------------------------------------------------------------------
	|   Required Criteria    |  One or More Criteria  |   Alternate Criteria   |
	----------------------------------------------------------------------------
	| [x]     max_force      | [x]       max_DE       |                        |
	|                        | [x]      max_disp      |                        |
	----------------------------------------------------------------------------


2025-07-17:09:30:56,12 INFO     [psi4.optking.stepAlgorithms:266] 	Convergence check returned True
2025-07-17:09:30:56,12 INFO     [psi4.optking.optimize:286] 	Converged in 11 steps!
2025-07-17:09:30:56,12 INFO     [psi4.optking.optimize:287] 	Final energy is   -106.7085098680421
2025-07-17:09:30:56,12 INFO     [psi4.optking.optimize:288] 	Final structure (Angstroms): 
	Fragment 1 (Ang)

	   Li   0.0000000000   0.0000000000   1.9237333555
	    F   0.0000000000   0.0000000000  -0.7104609801


2025-07-17:09:30:56,14 INFO     [psi4.optking.optimize:432] 	Optimization Finished

	==> Optimization Summary <==

        
	Measures of convergence in internal coordinates in au. (Any backward steps not shown.)
        
	---------------------------------------------------------------------------------------------------------------  ~
        
	 Step         Total Energy             Delta E       MAX Force       RMS Force        MAX Disp        RMS Disp   ~
        
	---------------------------------------------------------------------------------------------------------------  ~
        
	     1    -106.465731117954   -106.465731117954      0.44700031      0.44700031      0.36852042      0.36852042  ~
	     2    -106.580351131511     -0.114620013557      0.20956831      0.20956831      0.29664876      0.29664876  ~
	     3    -106.628286709550     -0.047935578039      0.12367214      0.12367214      0.36896577      0.36896577  ~
	     4    -106.663098173181     -0.034811463631      0.07167051      0.07167051      0.41917200      0.41917200  ~
	     5    -106.686261418619     -0.023163245438      0.04178810      0.04178810      0.46139108      0.46139108  ~
	     6    -106.700642894966     -0.014381476346      0.02175118      0.02175118      0.41472021      0.41472021  ~
	     7    -106.706890146751     -0.006247251785      0.00892576      0.00892576      0.26790613      0.26790613  ~
	     8    -106.708377843956     -0.001487697205      0.00239764      0.00239764      0.09746173      0.09746173  ~
	     9    -106.708507523267     -0.000129679311      0.00031801      0.00031801      0.01349594      0.01349594  ~
	    10    -106.708509840384     -0.000002317117      0.00004058      0.00004058      0.00173032      0.00173032  ~
	    11    -106.708509868042     -0.000000027658      0.00000521      0.00000521      0.00022215      0.00022215  ~
	----------------------------------------------------------------------------------------------------------------


2025-07-17:09:30:56,14 INFO     [psi4.optking.optimize:640] Preparing OptimizationResult
