2025-07-17:09:52:11,588 INFO     [psi4.optking.optwrapper:214] Creating a UserComputer
2025-07-17:09:52:11,588 INFO     [psi4.optking.optwrapper:222] 
    			-----------------------------------------

    			 OPTKING 3.0: for geometry optimizations 

    			     By R.A. King, Bethel University     

    			        with contributions from          

    			    A.V. Copan, J. Cayton, A. Heide      

    			-----------------------------------------

    
2025-07-17:09:52:11,589 INFO     [psi4.optking.optwrapper:238] 
		 -- Optimization Parameters --
	accept_symmetry_breaking       =           False
	alg_geom_maxiter               =             500
	bt_dx_conv                     =           1e-07
	bt_dx_rms_change_conv          =           1e-12
	bt_max_iter                    =              25
	cart_hess_read                 =           False
	consecutive_backsteps_allowed  =               0
	conv_max_DE                    =           1e-06
	conv_max_disp                  =          0.0012
	conv_max_force                 =          0.0003
	conv_rms_disp                  =              -1
	conv_rms_force                 =              -1
	covalent_connect               =             1.3
	dynamic_level                  =               0
	dynamic_level_max              =               0
	ensure_bt_convergence          =           False
	ext_force_bend                 =              []
	ext_force_cartesian            =              []
	ext_force_dihedral             =              []
	ext_force_distance             =              []
	ext_force_oofp                 =              []
	fix_val_near_pi                =            1.57
	flexible_g_convergence         =           False
	frag_mode                      =          SINGLE
	frag_ref_atoms                 =            None
	freeze_intrafrag               =           False
	frozen_bend                    =              []
	frozen_cartesian               =              []
	frozen_dihedral                =              []
	frozen_distance                =              []
	frozen_oofp                    =              []
	full_hess_every                =              -1
	g_convergence                  =           QCHEM
	generate_intcos_exit           =           False
	geom_maxiter                   =             500
	h_bond_connect                 =             4.3
	hess_update                    =            BFGS
	hess_update_den_tol            =           1e-07
	hess_update_dq_tol             =             0.5
	hess_update_limit              =            True
	hess_update_limit_max          =             1.0
	hess_update_limit_scale        =             0.5
	hess_update_use_last           =               4
	hessian_file                   =            None
	i_max_DE                       =            True
	i_max_disp                     =            True
	i_max_force                    =            True
	i_rms_disp                     =           False
	i_rms_force                    =           False
	i_untampered                   =            True
	include_oofp                   =           False
	interfrag_collinear_tol        =            0.01
	interfrag_coords               =            None
	interfrag_dist_inv             =           False
	interfrag_mode                 =           FIXED
	interfrag_trust                =             0.5
	interfrag_trust_max            =             1.0
	interfrag_trust_min            =           0.001
	interfragment_connect          =             1.8
	intrafrag_hess                 =        SCHLEGEL
	intrafrag_trust                =             0.5
	intrafrag_trust_max            =             1.0
	intrafrag_trust_min            =           0.001
	irc_direction                  =         FORWARD
	irc_points                     =              20
	irc_step_size                  =             0.2
	keep_intcos                    =           False
	linear_bend_threshold          =            3.05
	linesearch                     =           False
	linesearch_step                =             0.1
	max_disp_g_convergence         =          0.0012
	max_energy_g_convergence       =           1e-06
	max_force_g_convergence        =          0.0003
	opt_coordinates                =       REDUNDANT
	opt_type                       =             MIN
	output_type                    =            FILE
	print_lvl                      =               1
	program                        =            psi4
	ranged_bend                    =              []
	ranged_cartesian               =              []
	ranged_dihedral                =              []
	ranged_distance                =              []
	ranged_oofp                    =              []
	redundant_eval_tol             =           1e-10
	rfo_follow_root                =           False
	rfo_normalization_max          =             100
	rfo_root                       =               0
	rms_disp_g_convergence         =          0.0012
	rms_force_g_convergence        =          0.0003
	rsrfo_alpha_max                =     100000000.0
	sd_hessian                     =             1.0
	simple_step_scaling            =           False
	small_bend_fix_threshold       =            0.35
	steepest_descent_type          =         OVERLAP
	step_type                      =             RFO
	test_B                         =           False
	test_derivative_B              =           False
	trajectory                     =           False
	v3d_tors_angle_lim             =           0.017
	v3d_tors_cos_tol               =           1e-10
	working_consecutive_backsteps  =               0
	working_steps_since_last_H     =               0


2025-07-17:09:52:12,208 INFO     [psi4.optking.opt_helper:151] Molsys:

	                            ===> Fragment 1 <== 

	 Z (Atomic Numbers)          Masses                          Geom                  
	       5.000000            11.009305          0.00000000  0.00000000  1.53337236   
	      11.000000            22.989769          0.00000000  0.00000000 -0.73429900   

	 - Coordinate -           - BOHR/RAD -       - ANG/DEG -
	 R(1,2)           =         2.267671           1.200000

2025-07-17:09:52:12,219 INFO     [psi4.driver.task_planner:285] PLANNING Atomic:  keywords={'DAMPING_PERCENTAGE': 1.0, 'GEOM_MAXITER': 500, 'GUESS': 'SAP', 'MAXITER': 500, 'REFERENCE': 'UKS', 'function_kwargs': {}}
2025-07-17:09:52:12,220 INFO     [psi4.driver.driver:636] Compute gradient(): method=b3lyp, basis=cc-pvdz, molecule=default, nre=24.25395548904167
2025-07-17:09:52:13,761 INFO     [psi4.driver.driver:639] Return gradient(): -186.44302678438987
2025-07-17:09:52:13,761 INFO     [psi4.driver.driver:640] [[ 0.00000000 -0.00000000 -0.60687431]
 [ 0.00000000  0.00000000  0.60678877]]
2025-07-17:09:52:13,767 INFO     [psi4.optking.molsys:874] Projected (PHP) Hessian matrix
	   4.182219

2025-07-17:09:52:13,768 INFO     [psi4.optking.opt_helper:168] 
	         Geometry (au)                                       Gradient (au)
   0.0000000000   0.0000000000   1.5333723551		   0.0000000000  -0.0000000000  -0.6068743067
   0.0000000000   0.0000000000  -0.7342989954		   0.0000000000   0.0000000000   0.6067887694

2025-07-17:09:52:13,768 INFO     [psi4.optking.stepAlgorithms:750] 	Using RFO solution 1.
2025-07-17:09:52:13,768 INFO     [psi4.optking.displace:73] 	Determining Cartesian step for fragment 1.
2025-07-17:09:52:13,768 INFO     [psi4.optking.displace:378] 	Successfully converged to displaced geometry.
2025-07-17:09:52:13,768 INFO     [psi4.optking.displace:379] 	RMS(dx):  1.282e-16 	Max(dx):  2.220e-16 	RMS(dq):  4.441e-16
2025-07-17:09:52:13,768 INFO     [psi4.optking.displace:132] 

	        --- Internal Coordinate Step in ANG or DEG, aJ/ANG or AJ/DEG ---
	-------------------------------------------------------------------------------
	           Coordinate      Previous         Force          Change          New 
	           ----------      --------        ------          ------        ------
	               R(1,2)       1.20000        4.99952        0.07523       1.27523
	-------------------------------------------------------------------------------

2025-07-17:09:52:13,768 INFO     [psi4.optking.stepAlgorithms:96] 	|target step| :    0.1421654221
2025-07-17:09:52:13,768 INFO     [psi4.optking.stepAlgorithms:97] 	gradient     :   -0.6068315381
2025-07-17:09:52:13,768 INFO     [psi4.optking.stepAlgorithms:98] 	hessian      :    4.1822185214
2025-07-17:09:52:13,768 INFO     [psi4.optking.stepAlgorithms:177] 	Norm of achieved step-size    0.1421654221
2025-07-17:09:52:13,768 INFO     [psi4.optking.stepAlgorithms:179] 	Norm of achieved step-size (cart):    0.1005261340
2025-07-17:09:52:13,768 INFO     [psi4.optking.opt_helper:151] Molsys:

	                            ===> Fragment 1 <== 

	 Z (Atomic Numbers)          Masses                          Geom                  
	       5.000000            11.009305          0.00000000  0.00000000  1.60445507   
	      11.000000            22.989769          0.00000000  0.00000000 -0.80538171   

	 - Coordinate -           - BOHR/RAD -       - ANG/DEG -
	 R(1,2)           =         2.409837           1.275231

2025-07-17:09:52:13,768 INFO     [psi4.optking.convcheck:71] Performing convergence check.
2025-07-17:09:52:13,769 INFO     [psi4.optking.convcheck:263] 
	                                 ==> Convergence Check <==                                  
    
	Measures of convergence in internal coordinates in au.
    
	Criteria marked as inactive (o), active & met (*), and active & unmet ( ).

	----------------------------------------------------------------------------------------------
	   Step    Total Energy     Delta E     Max Force     RMS Force      Max Disp      RMS Disp   
	----------------------------------------------------------------------------------------------
	  Convergence Criteria     1.00e-06 *    3.00e-04 *             o    1.20e-03 *             o
	----------------------------------------------------------------------------------------------
	     1    -186.44302678   -1.86e+02      6.07e-01      6.07e-01 o    1.42e-01      1.42e-01 o  ~
	----------------------------------------------------------------------------------------------


2025-07-17:09:52:13,769 INFO     [psi4.optking.stepAlgorithms:266] 	Convergence check returned False
2025-07-17:09:52:13,783 INFO     [psi4.driver.task_planner:285] PLANNING Atomic:  keywords={'DAMPING_PERCENTAGE': 1.0, 'GEOM_MAXITER': 500, 'SCF__GUESS': 'READ', 'GUESS': 'SAP', 'MAXITER': 500, 'REFERENCE': 'UKS', 'function_kwargs': {}}
2025-07-17:09:52:13,785 INFO     [psi4.driver.driver:636] Compute gradient(): method=b3lyp, basis=cc-pvdz, molecule=default, nre=22.823122554981175
2025-07-17:09:52:15,27 INFO     [psi4.driver.driver:639] Return gradient(): -186.5195864383158
2025-07-17:09:52:15,27 INFO     [psi4.driver.driver:640] [[ 0.00000000  0.00000000 -0.47850611]
 [-0.00000000  0.00000000  0.47852637]]
2025-07-17:09:52:15,28 INFO     [psi4.optking.history:257] 	Performing BFGS update.
2025-07-17:09:52:15,28 INFO     [psi4.optking.history:268] 	Using 1 previous steps for update.
2025-07-17:09:52:15,28 INFO     [psi4.optking.history:302] 	Steps to be used in Hessian update:  1

2025-07-17:09:52:15,29 INFO     [psi4.optking.history:400] 	Updated Hessian (in au) 
 	   2.091109

2025-07-17:09:52:15,29 INFO     [psi4.optking.molsys:874] Projected (PHP) Hessian matrix
	   2.091109

2025-07-17:09:52:15,29 INFO     [psi4.optking.opt_helper:168] 
	         Geometry (au)                                       Gradient (au)
   0.0000000000   0.0000000000   1.6295029201		   0.0000000000   0.0000000000  -0.4785061075
   0.0000000000   0.0000000000  -0.7803338525		  -0.0000000000   0.0000000000   0.4785263687

2025-07-17:09:52:15,29 INFO     [psi4.optking.stepAlgorithms:315] 	Current Step Report 
 
	Current energy:      -186.5195864383
	Energy change for the previous step:
		Actual       :        -0.0765596539
		Projected    :        -0.0431352309

2025-07-17:09:52:15,29 INFO     [psi4.optking.stepAlgorithms:318] 	Energy ratio =    1.77488
2025-07-17:09:52:15,29 INFO     [psi4.optking.stepAlgorithms:346] 	Energy ratio indicates good step.
2025-07-17:09:52:15,29 INFO     [psi4.optking.stepAlgorithms:347] 	Intrafrag trust radius increased to 1.000e+00.
2025-07-17:09:52:15,29 INFO     [psi4.optking.stepAlgorithms:750] 	Using RFO solution 1.
2025-07-17:09:52:15,29 INFO     [psi4.optking.displace:73] 	Determining Cartesian step for fragment 1.
2025-07-17:09:52:15,29 INFO     [psi4.optking.displace:378] 	Successfully converged to displaced geometry.
2025-07-17:09:52:15,29 INFO     [psi4.optking.displace:379] 	RMS(dx):  0.000e+00 	Max(dx):  0.000e+00 	RMS(dq):  0.000e+00
2025-07-17:09:52:15,29 INFO     [psi4.optking.displace:132] 

	        --- Internal Coordinate Step in ANG or DEG, aJ/ANG or AJ/DEG ---
	-------------------------------------------------------------------------------
	           Coordinate      Previous         Force          Change          New 
	           ----------      --------        ------          ------        ------
	               R(1,2)       1.27523        3.94236        0.11534       1.39057
	-------------------------------------------------------------------------------

2025-07-17:09:52:15,29 INFO     [psi4.optking.stepAlgorithms:96] 	|target step| :    0.2179623492
2025-07-17:09:52:15,29 INFO     [psi4.optking.stepAlgorithms:97] 	gradient     :   -0.4785162381
2025-07-17:09:52:15,29 INFO     [psi4.optking.stepAlgorithms:98] 	hessian      :    2.0911092607
2025-07-17:09:52:15,29 INFO     [psi4.optking.stepAlgorithms:177] 	Norm of achieved step-size    0.2179623492
2025-07-17:09:52:15,29 INFO     [psi4.optking.stepAlgorithms:179] 	Norm of achieved step-size (cart):    0.1541226552
2025-07-17:09:52:15,30 INFO     [psi4.optking.opt_helper:151] Molsys:

	                            ===> Fragment 1 <== 

	 Z (Atomic Numbers)          Masses                          Geom                  
	       5.000000            11.009305          0.00000000  0.00000000  1.73848409   
	      11.000000            22.989769          0.00000000  0.00000000 -0.88931503   

	 - Coordinate -           - BOHR/RAD -       - ANG/DEG -
	 R(1,2)           =         2.627799           1.390571

2025-07-17:09:52:15,30 INFO     [psi4.optking.convcheck:71] Performing convergence check.
2025-07-17:09:52:15,30 INFO     [psi4.optking.convcheck:263] 
	                                 ==> Convergence Check <==                                  
    
	Measures of convergence in internal coordinates in au.
    
	Criteria marked as inactive (o), active & met (*), and active & unmet ( ).

	----------------------------------------------------------------------------------------------
	   Step    Total Energy     Delta E     Max Force     RMS Force      Max Disp      RMS Disp   
	----------------------------------------------------------------------------------------------
	  Convergence Criteria     1.00e-06 *    3.00e-04 *             o    1.20e-03 *             o
	----------------------------------------------------------------------------------------------
	     2    -186.51958644   -7.66e-02      4.79e-01      4.79e-01 o    2.18e-01      2.18e-01 o  ~
	----------------------------------------------------------------------------------------------


2025-07-17:09:52:15,30 INFO     [psi4.optking.stepAlgorithms:266] 	Convergence check returned False
2025-07-17:09:52:15,47 INFO     [psi4.driver.task_planner:285] PLANNING Atomic:  keywords={'DAMPING_PERCENTAGE': 1.0, 'GEOM_MAXITER': 500, 'SCF__GUESS': 'READ', 'GUESS': 'SAP', 'MAXITER': 500, 'REFERENCE': 'UKS', 'function_kwargs': {}}
2025-07-17:09:52:15,48 INFO     [psi4.driver.driver:636] Compute gradient(): method=b3lyp, basis=cc-pvdz, molecule=default, nre=20.930062553979027
2025-07-17:09:52:16,324 INFO     [psi4.driver.driver:639] Return gradient(): -186.60890108006782
2025-07-17:09:52:16,325 INFO     [psi4.driver.driver:640] [[ 0.00000000  0.00000000 -0.35087769]
 [ 0.00000000  0.00000000  0.35089214]]
2025-07-17:09:52:16,327 INFO     [psi4.optking.history:257] 	Performing BFGS update.
2025-07-17:09:52:16,327 INFO     [psi4.optking.history:268] 	Using 2 previous steps for update.
2025-07-17:09:52:16,327 INFO     [psi4.optking.history:302] 	Steps to be used in Hessian update:  2 1

2025-07-17:09:52:16,327 INFO     [psi4.optking.history:400] 	Updated Hessian (in au) 
 	   0.710711

2025-07-17:09:52:16,328 INFO     [psi4.optking.molsys:874] Projected (PHP) Hessian matrix
	   0.710711

2025-07-17:09:52:16,328 INFO     [psi4.optking.opt_helper:168] 
	         Geometry (au)                                       Gradient (au)
   0.0000000000   0.0000000000   1.7768864643		   0.0000000000   0.0000000000  -0.3508776902
   0.0000000000   0.0000000000  -0.8509126575		   0.0000000000   0.0000000000   0.3508921389

2025-07-17:09:52:16,328 INFO     [psi4.optking.stepAlgorithms:315] 	Current Step Report 
 
	Current energy:      -186.6089010801
	Energy change for the previous step:
		Actual       :        -0.0893146418
		Projected    :        -0.0521492617

2025-07-17:09:52:16,328 INFO     [psi4.optking.stepAlgorithms:318] 	Energy ratio =    1.71267
2025-07-17:09:52:16,328 INFO     [psi4.optking.stepAlgorithms:750] 	Using RFO solution 1.
2025-07-17:09:52:16,328 INFO     [psi4.optking.displace:73] 	Determining Cartesian step for fragment 1.
2025-07-17:09:52:16,328 INFO     [psi4.optking.displace:378] 	Successfully converged to displaced geometry.
2025-07-17:09:52:16,328 INFO     [psi4.optking.displace:379] 	RMS(dx):  0.000e+00 	Max(dx):  0.000e+00 	RMS(dq):  0.000e+00
2025-07-17:09:52:16,328 INFO     [psi4.optking.displace:132] 

	        --- Internal Coordinate Step in ANG or DEG, aJ/ANG or AJ/DEG ---
	-------------------------------------------------------------------------------
	           Coordinate      Previous         Force          Change          New 
	           ----------      --------        ------          ------        ------
	               R(1,2)       1.39057        2.89084        0.21723       1.60780
	-------------------------------------------------------------------------------

2025-07-17:09:52:16,328 INFO     [psi4.optking.stepAlgorithms:96] 	|target step| :    0.4105105224
2025-07-17:09:52:16,328 INFO     [psi4.optking.stepAlgorithms:97] 	gradient     :   -0.3508849146
2025-07-17:09:52:16,328 INFO     [psi4.optking.stepAlgorithms:98] 	hessian      :    0.7107105974
2025-07-17:09:52:16,328 INFO     [psi4.optking.stepAlgorithms:177] 	Norm of achieved step-size    0.4105105224
2025-07-17:09:52:16,328 INFO     [psi4.optking.stepAlgorithms:179] 	Norm of achieved step-size (cart):    0.2902747741
2025-07-17:09:52:16,328 INFO     [psi4.optking.opt_helper:151] Molsys:

	                            ===> Fragment 1 <== 

	 Z (Atomic Numbers)          Masses                          Geom                  
	       5.000000            11.009305          0.00000000  0.00000000  1.98214173   
	      11.000000            22.989769          0.00000000  0.00000000 -1.05616792   

	 - Coordinate -           - BOHR/RAD -       - ANG/DEG -
	 R(1,2)           =         3.038310           1.607804

2025-07-17:09:52:16,329 INFO     [psi4.optking.convcheck:71] Performing convergence check.
2025-07-17:09:52:16,329 INFO     [psi4.optking.convcheck:263] 
	                                 ==> Convergence Check <==                                  
    
	Measures of convergence in internal coordinates in au.
    
	Criteria marked as inactive (o), active & met (*), and active & unmet ( ).

	----------------------------------------------------------------------------------------------
	   Step    Total Energy     Delta E     Max Force     RMS Force      Max Disp      RMS Disp   
	----------------------------------------------------------------------------------------------
	  Convergence Criteria     1.00e-06 *    3.00e-04 *             o    1.20e-03 *             o
	----------------------------------------------------------------------------------------------
	     3    -186.60890108   -8.93e-02      3.51e-01      3.51e-01 o    4.11e-01      4.11e-01 o  ~
	----------------------------------------------------------------------------------------------


2025-07-17:09:52:16,329 INFO     [psi4.optking.stepAlgorithms:266] 	Convergence check returned False
2025-07-17:09:52:16,343 INFO     [psi4.driver.task_planner:285] PLANNING Atomic:  keywords={'DAMPING_PERCENTAGE': 1.0, 'GEOM_MAXITER': 500, 'SCF__GUESS': 'READ', 'GUESS': 'SAP', 'MAXITER': 500, 'REFERENCE': 'UKS', 'function_kwargs': {}}
2025-07-17:09:52:16,345 INFO     [psi4.driver.driver:636] Compute gradient(): method=b3lyp, basis=cc-pvdz, molecule=default, nre=18.102170759432678
2025-07-17:09:52:17,823 INFO     [psi4.driver.driver:639] Return gradient(): -186.7489984011232
2025-07-17:09:52:17,823 INFO     [psi4.driver.driver:640] [[-0.00000000  0.00000000 -0.23099255]
 [-0.00000000  0.00000000  0.23094467]]
2025-07-17:09:52:17,826 INFO     [psi4.optking.history:257] 	Performing BFGS update.
2025-07-17:09:52:17,826 INFO     [psi4.optking.history:268] 	Using 3 previous steps for update.
2025-07-17:09:52:17,826 WARNING  [psi4.optking.history:286] 	Change in internal coordinate of 6.28e-01 exceeds limit of 5.00e-01.
2025-07-17:09:52:17,826 WARNING  [psi4.optking.history:291] 	Skipping Hessian update for step 2.
2025-07-17:09:52:17,826 WARNING  [psi4.optking.history:286] 	Change in internal coordinate of 7.71e-01 exceeds limit of 5.00e-01.
2025-07-17:09:52:17,826 WARNING  [psi4.optking.history:291] 	Skipping Hessian update for step 1.
2025-07-17:09:52:17,826 INFO     [psi4.optking.history:302] 	Steps to be used in Hessian update:  3

2025-07-17:09:52:17,827 INFO     [psi4.optking.history:400] 	Updated Hessian (in au) 
 	   0.292115

2025-07-17:09:52:17,827 INFO     [psi4.optking.molsys:874] Projected (PHP) Hessian matrix
	   0.292115

2025-07-17:09:52:17,827 INFO     [psi4.optking.opt_helper:168] 
	         Geometry (au)                                       Gradient (au)
   0.0000000000   0.0000000000   2.0544687896		  -0.0000000000   0.0000000000  -0.2309925534
   0.0000000000   0.0000000000  -0.9838408546		  -0.0000000000   0.0000000000   0.2309446681

2025-07-17:09:52:17,827 INFO     [psi4.optking.stepAlgorithms:315] 	Current Step Report 
 
	Current energy:      -186.7489984011
	Energy change for the previous step:
		Actual       :        -0.1400973211
		Projected    :        -0.0720209748

2025-07-17:09:52:17,827 INFO     [psi4.optking.stepAlgorithms:318] 	Energy ratio =    1.94523
2025-07-17:09:52:17,827 INFO     [psi4.optking.stepAlgorithms:750] 	Using RFO solution 1.
2025-07-17:09:52:17,827 INFO     [psi4.optking.displace:73] 	Determining Cartesian step for fragment 1.
2025-07-17:09:52:17,828 INFO     [psi4.optking.displace:378] 	Successfully converged to displaced geometry.
2025-07-17:09:52:17,828 INFO     [psi4.optking.displace:379] 	RMS(dx):  0.000e+00 	Max(dx):  0.000e+00 	RMS(dq):  0.000e+00
2025-07-17:09:52:17,828 INFO     [psi4.optking.displace:132] 

	        --- Internal Coordinate Step in ANG or DEG, aJ/ANG or AJ/DEG ---
	-------------------------------------------------------------------------------
	           Coordinate      Previous         Force          Change          New 
	           ----------      --------        ------          ------        ------
	               R(1,2)       1.60780        1.90289        0.29147       1.89928
	-------------------------------------------------------------------------------

2025-07-17:09:52:17,828 INFO     [psi4.optking.stepAlgorithms:96] 	|target step| :    0.5508004272
2025-07-17:09:52:17,828 INFO     [psi4.optking.stepAlgorithms:97] 	gradient     :   -0.2309686107
2025-07-17:09:52:17,828 INFO     [psi4.optking.stepAlgorithms:98] 	hessian      :    0.2921150550
2025-07-17:09:52:17,828 INFO     [psi4.optking.stepAlgorithms:177] 	Norm of achieved step-size    0.5508004272
2025-07-17:09:52:17,828 INFO     [psi4.optking.stepAlgorithms:179] 	Norm of achieved step-size (cart):    0.3894747171
2025-07-17:09:52:17,828 INFO     [psi4.optking.opt_helper:151] Molsys:

	                            ===> Fragment 1 <== 

	 Z (Atomic Numbers)          Masses                          Geom                  
	       5.000000            11.009305          0.00000000  0.00000000  2.32986900   
	      11.000000            22.989769          0.00000000  0.00000000 -1.25924107   

	 - Coordinate -           - BOHR/RAD -       - ANG/DEG -
	 R(1,2)           =         3.589110           1.899275

2025-07-17:09:52:17,829 INFO     [psi4.optking.convcheck:71] Performing convergence check.
2025-07-17:09:52:17,829 INFO     [psi4.optking.convcheck:263] 
	                                 ==> Convergence Check <==                                  
    
	Measures of convergence in internal coordinates in au.
    
	Criteria marked as inactive (o), active & met (*), and active & unmet ( ).

	----------------------------------------------------------------------------------------------
	   Step    Total Energy     Delta E     Max Force     RMS Force      Max Disp      RMS Disp   
	----------------------------------------------------------------------------------------------
	  Convergence Criteria     1.00e-06 *    3.00e-04 *             o    1.20e-03 *             o
	----------------------------------------------------------------------------------------------
	     4    -186.74899840   -1.40e-01      2.31e-01      2.31e-01 o    5.51e-01      5.51e-01 o  ~
	----------------------------------------------------------------------------------------------


2025-07-17:09:52:17,829 INFO     [psi4.optking.stepAlgorithms:266] 	Convergence check returned False
2025-07-17:09:52:17,844 INFO     [psi4.driver.task_planner:285] PLANNING Atomic:  keywords={'DAMPING_PERCENTAGE': 1.0, 'GEOM_MAXITER': 500, 'SCF__GUESS': 'READ', 'GUESS': 'SAP', 'MAXITER': 500, 'REFERENCE': 'UKS', 'function_kwargs': {}}
2025-07-17:09:52:17,846 INFO     [psi4.driver.driver:636] Compute gradient(): method=b3lyp, basis=cc-pvdz, molecule=default, nre=15.324132975995292
2025-07-17:09:52:19,234 INFO     [psi4.driver.driver:639] Return gradient(): -186.83368400115796
2025-07-17:09:52:19,234 INFO     [psi4.driver.driver:640] [[ 0.00000000  0.00000000 -0.09390819]
 [ 0.00000000  0.00000000  0.09388353]]
2025-07-17:09:52:19,235 INFO     [psi4.optking.history:257] 	Performing BFGS update.
2025-07-17:09:52:19,236 INFO     [psi4.optking.history:268] 	Using 4 previous steps for update.
2025-07-17:09:52:19,236 WARNING  [psi4.optking.history:286] 	Change in internal coordinate of 5.51e-01 exceeds limit of 5.00e-01.
2025-07-17:09:52:19,236 WARNING  [psi4.optking.history:291] 	Skipping Hessian update for step 4.
2025-07-17:09:52:19,236 WARNING  [psi4.optking.history:286] 	Change in internal coordinate of 9.61e-01 exceeds limit of 5.00e-01.
2025-07-17:09:52:19,236 WARNING  [psi4.optking.history:291] 	Skipping Hessian update for step 3.
2025-07-17:09:52:19,236 WARNING  [psi4.optking.history:286] 	Change in internal coordinate of 1.18e+00 exceeds limit of 5.00e-01.
2025-07-17:09:52:19,236 WARNING  [psi4.optking.history:291] 	Skipping Hessian update for step 2.
2025-07-17:09:52:19,236 INFO     [psi4.optking.history:302] 	Steps to be used in Hessian update:  1

2025-07-17:09:52:19,236 INFO     [psi4.optking.history:400] 	Updated Hessian (in au) 
 	   0.388165

2025-07-17:09:52:19,236 INFO     [psi4.optking.molsys:874] Projected (PHP) Hessian matrix
	   0.388165

2025-07-17:09:52:19,236 INFO     [psi4.optking.opt_helper:168] 
	         Geometry (au)                                       Gradient (au)
   0.0000000000   0.0000000000   2.4269134775		   0.0000000000   0.0000000000  -0.0939081904
   0.0000000000   0.0000000000  -1.1621965940		   0.0000000000   0.0000000000   0.0938835319

2025-07-17:09:52:19,236 INFO     [psi4.optking.stepAlgorithms:315] 	Current Step Report 
 
	Current energy:      -186.8336840012
	Energy change for the previous step:
		Actual       :        -0.0846856000
		Projected    :        -0.0636088047

2025-07-17:09:52:19,236 INFO     [psi4.optking.stepAlgorithms:318] 	Energy ratio =    1.33135
2025-07-17:09:52:19,236 INFO     [psi4.optking.stepAlgorithms:750] 	Using RFO solution 1.
2025-07-17:09:52:19,236 INFO     [psi4.optking.displace:73] 	Determining Cartesian step for fragment 1.
2025-07-17:09:52:19,236 INFO     [psi4.optking.displace:378] 	Successfully converged to displaced geometry.
2025-07-17:09:52:19,236 INFO     [psi4.optking.displace:379] 	RMS(dx):  0.000e+00 	Max(dx):  0.000e+00 	RMS(dq):  0.000e+00
2025-07-17:09:52:19,237 INFO     [psi4.optking.displace:132] 

	        --- Internal Coordinate Step in ANG or DEG, aJ/ANG or AJ/DEG ---
	-------------------------------------------------------------------------------
	           Coordinate      Previous         Force          Change          New 
	           ----------      --------        ------          ------        ------
	               R(1,2)       1.89928        0.77358        0.12128       2.02056
	-------------------------------------------------------------------------------

2025-07-17:09:52:19,237 INFO     [psi4.optking.stepAlgorithms:96] 	|target step| :    0.2291906007
2025-07-17:09:52:19,237 INFO     [psi4.optking.stepAlgorithms:97] 	gradient     :   -0.0938958611
2025-07-17:09:52:19,237 INFO     [psi4.optking.stepAlgorithms:98] 	hessian      :    0.3881645580
2025-07-17:09:52:19,237 INFO     [psi4.optking.stepAlgorithms:177] 	Norm of achieved step-size    0.2291906007
2025-07-17:09:52:19,237 INFO     [psi4.optking.stepAlgorithms:179] 	Norm of achieved step-size (cart):    0.1620622279
2025-07-17:09:52:19,237 INFO     [psi4.optking.opt_helper:151] Molsys:

	                            ===> Fragment 1 <== 

	 Z (Atomic Numbers)          Masses                          Geom                  
	       5.000000            11.009305          0.00000000  0.00000000  2.54150878   
	      11.000000            22.989769          0.00000000  0.00000000 -1.27679189   

	 - Coordinate -           - BOHR/RAD -       - ANG/DEG -
	 R(1,2)           =         3.818301           2.020558

2025-07-17:09:52:19,237 INFO     [psi4.optking.convcheck:71] Performing convergence check.
2025-07-17:09:52:19,237 INFO     [psi4.optking.convcheck:263] 
	                                 ==> Convergence Check <==                                  
    
	Measures of convergence in internal coordinates in au.
    
	Criteria marked as inactive (o), active & met (*), and active & unmet ( ).

	----------------------------------------------------------------------------------------------
	   Step    Total Energy     Delta E     Max Force     RMS Force      Max Disp      RMS Disp   
	----------------------------------------------------------------------------------------------
	  Convergence Criteria     1.00e-06 *    3.00e-04 *             o    1.20e-03 *             o
	----------------------------------------------------------------------------------------------
	     5    -186.83368400   -8.47e-02      9.39e-02      9.39e-02 o    2.29e-01      2.29e-01 o  ~
	----------------------------------------------------------------------------------------------


2025-07-17:09:52:19,237 INFO     [psi4.optking.stepAlgorithms:266] 	Convergence check returned False
2025-07-17:09:52:19,254 INFO     [psi4.driver.task_planner:285] PLANNING Atomic:  keywords={'DAMPING_PERCENTAGE': 1.0, 'GEOM_MAXITER': 500, 'SCF__GUESS': 'READ', 'GUESS': 'SAP', 'MAXITER': 500, 'REFERENCE': 'UKS', 'function_kwargs': {}}
2025-07-17:09:52:19,255 INFO     [psi4.driver.driver:636] Compute gradient(): method=b3lyp, basis=cc-pvdz, molecule=default, nre=14.404313521486326
2025-07-17:09:52:20,484 INFO     [psi4.driver.driver:639] Return gradient(): -186.85134885787087
2025-07-17:09:52:20,485 INFO     [psi4.driver.driver:640] [[ 0.00000000 -0.00000000 -0.06208266]
 [ 0.00000000  0.00000000  0.06206922]]
2025-07-17:09:52:20,486 INFO     [psi4.optking.history:257] 	Performing BFGS update.
2025-07-17:09:52:20,486 INFO     [psi4.optking.history:268] 	Using 4 previous steps for update.
2025-07-17:09:52:20,486 WARNING  [psi4.optking.history:286] 	Change in internal coordinate of 7.80e-01 exceeds limit of 5.00e-01.
2025-07-17:09:52:20,486 WARNING  [psi4.optking.history:291] 	Skipping Hessian update for step 4.
2025-07-17:09:52:20,486 WARNING  [psi4.optking.history:286] 	Change in internal coordinate of 1.19e+00 exceeds limit of 5.00e-01.
2025-07-17:09:52:20,486 WARNING  [psi4.optking.history:291] 	Skipping Hessian update for step 3.
2025-07-17:09:52:20,486 WARNING  [psi4.optking.history:286] 	Change in internal coordinate of 1.41e+00 exceeds limit of 5.00e-01.
2025-07-17:09:52:20,486 WARNING  [psi4.optking.history:291] 	Skipping Hessian update for step 2.
2025-07-17:09:52:20,486 WARNING  [psi4.optking.history:286] 	Change in internal coordinate of 1.55e+00 exceeds limit of 5.00e-01.
2025-07-17:09:52:20,486 WARNING  [psi4.optking.history:291] 	Skipping Hessian update for step 1.
2025-07-17:09:52:20,486 INFO     [psi4.optking.history:302] 	Steps to be used in Hessian update:  5

2025-07-17:09:52:20,486 INFO     [psi4.optking.history:400] 	Updated Hessian (in au) 
 	   0.138836

2025-07-17:09:52:20,486 INFO     [psi4.optking.molsys:874] Projected (PHP) Hessian matrix
	   0.138836

2025-07-17:09:52:20,486 INFO     [psi4.optking.opt_helper:168] 
	         Geometry (au)                                       Gradient (au)
   0.0000000000   0.0000000000   2.5818894315		   0.0000000000  -0.0000000000  -0.0620826586
   0.0000000000   0.0000000000  -1.2364112405		   0.0000000000   0.0000000000   0.0620692219

2025-07-17:09:52:20,487 INFO     [psi4.optking.stepAlgorithms:315] 	Current Step Report 
 
	Current energy:      -186.8513488579
	Energy change for the previous step:
		Actual       :        -0.0176648567
		Projected    :        -0.0107600244

2025-07-17:09:52:20,487 INFO     [psi4.optking.stepAlgorithms:318] 	Energy ratio =    1.64171
2025-07-17:09:52:20,487 INFO     [psi4.optking.stepAlgorithms:750] 	Using RFO solution 1.
2025-07-17:09:52:20,487 INFO     [psi4.optking.displace:73] 	Determining Cartesian step for fragment 1.
2025-07-17:09:52:20,487 INFO     [psi4.optking.displace:378] 	Successfully converged to displaced geometry.
2025-07-17:09:52:20,487 INFO     [psi4.optking.displace:379] 	RMS(dx):  2.564e-16 	Max(dx):  4.441e-16 	RMS(dq):  8.882e-16
2025-07-17:09:52:20,487 INFO     [psi4.optking.displace:132] 

	        --- Internal Coordinate Step in ANG or DEG, aJ/ANG or AJ/DEG ---
	-------------------------------------------------------------------------------
	           Coordinate      Previous         Force          Change          New 
	           ----------      --------        ------          ------        ------
	               R(1,2)       2.02056        0.51143        0.20210       2.22265
	-------------------------------------------------------------------------------

2025-07-17:09:52:20,487 INFO     [psi4.optking.stepAlgorithms:96] 	|target step| :    0.3819044023
2025-07-17:09:52:20,487 INFO     [psi4.optking.stepAlgorithms:97] 	gradient     :   -0.0620759402
2025-07-17:09:52:20,487 INFO     [psi4.optking.stepAlgorithms:98] 	hessian      :    0.1388360639
2025-07-17:09:52:20,487 INFO     [psi4.optking.stepAlgorithms:177] 	Norm of achieved step-size    0.3819044023
2025-07-17:09:52:20,487 INFO     [psi4.optking.stepAlgorithms:179] 	Norm of achieved step-size (cart):    0.2700471926
2025-07-17:09:52:20,487 INFO     [psi4.optking.opt_helper:151] Molsys:

	                            ===> Fragment 1 <== 

	 Z (Atomic Numbers)          Masses                          Geom                  
	       5.000000            11.009305          0.00000000  0.00000000  2.77284163   
	      11.000000            22.989769          0.00000000  0.00000000 -1.42736344   

	 - Coordinate -           - BOHR/RAD -       - ANG/DEG -
	 R(1,2)           =         4.200205           2.222653

2025-07-17:09:52:20,487 INFO     [psi4.optking.convcheck:71] Performing convergence check.
2025-07-17:09:52:20,487 INFO     [psi4.optking.convcheck:263] 
	                                 ==> Convergence Check <==                                  
    
	Measures of convergence in internal coordinates in au.
    
	Criteria marked as inactive (o), active & met (*), and active & unmet ( ).

	----------------------------------------------------------------------------------------------
	   Step    Total Energy     Delta E     Max Force     RMS Force      Max Disp      RMS Disp   
	----------------------------------------------------------------------------------------------
	  Convergence Criteria     1.00e-06 *    3.00e-04 *             o    1.20e-03 *             o
	----------------------------------------------------------------------------------------------
	     6    -186.85134886   -1.77e-02      6.21e-02      6.21e-02 o    3.82e-01      3.82e-01 o  ~
	----------------------------------------------------------------------------------------------


2025-07-17:09:52:20,487 INFO     [psi4.optking.stepAlgorithms:266] 	Convergence check returned False
2025-07-17:09:52:20,503 INFO     [psi4.driver.task_planner:285] PLANNING Atomic:  keywords={'DAMPING_PERCENTAGE': 1.0, 'GEOM_MAXITER': 500, 'SCF__GUESS': 'READ', 'GUESS': 'SAP', 'MAXITER': 500, 'REFERENCE': 'UKS', 'function_kwargs': {}}
2025-07-17:09:52:20,509 INFO     [psi4.driver.driver:636] Compute gradient(): method=b3lyp, basis=cc-pvdz, molecule=default, nre=13.09459872232816
2025-07-17:09:52:22,597 INFO     [psi4.driver.driver:639] Return gradient(): -186.8680047720107
2025-07-17:09:52:22,597 INFO     [psi4.driver.driver:640] [[ 0.00000000  0.00000000 -0.02851690]
 [ 0.00000000 -0.00000000  0.02849401]]
2025-07-17:09:52:22,598 INFO     [psi4.optking.history:257] 	Performing BFGS update.
2025-07-17:09:52:22,598 INFO     [psi4.optking.history:268] 	Using 4 previous steps for update.
2025-07-17:09:52:22,598 WARNING  [psi4.optking.history:286] 	Change in internal coordinate of 6.11e-01 exceeds limit of 5.00e-01.
2025-07-17:09:52:22,599 WARNING  [psi4.optking.history:291] 	Skipping Hessian update for step 5.
2025-07-17:09:52:22,599 WARNING  [psi4.optking.history:286] 	Change in internal coordinate of 1.16e+00 exceeds limit of 5.00e-01.
2025-07-17:09:52:22,599 WARNING  [psi4.optking.history:291] 	Skipping Hessian update for step 4.
2025-07-17:09:52:22,599 WARNING  [psi4.optking.history:286] 	Change in internal coordinate of 1.57e+00 exceeds limit of 5.00e-01.
2025-07-17:09:52:22,599 WARNING  [psi4.optking.history:291] 	Skipping Hessian update for step 3.
2025-07-17:09:52:22,599 WARNING  [psi4.optking.history:286] 	Change in internal coordinate of 1.79e+00 exceeds limit of 5.00e-01.
2025-07-17:09:52:22,599 WARNING  [psi4.optking.history:291] 	Skipping Hessian update for step 2.
2025-07-17:09:52:22,599 WARNING  [psi4.optking.history:286] 	Change in internal coordinate of 1.93e+00 exceeds limit of 5.00e-01.
2025-07-17:09:52:22,599 WARNING  [psi4.optking.history:291] 	Skipping Hessian update for step 1.
2025-07-17:09:52:22,599 INFO     [psi4.optking.history:302] 	Steps to be used in Hessian update:  6

2025-07-17:09:52:22,599 INFO     [psi4.optking.history:400] 	Updated Hessian (in au) 
 	   0.087903

2025-07-17:09:52:22,599 INFO     [psi4.optking.molsys:874] Projected (PHP) Hessian matrix
	   0.087903

2025-07-17:09:52:22,599 INFO     [psi4.optking.opt_helper:168] 
	         Geometry (au)                                       Gradient (au)
   0.0000000000   0.0000000000   2.8401286392		   0.0000000000   0.0000000000  -0.0285169025
   0.0000000000   0.0000000000  -1.3600764352		   0.0000000000  -0.0000000000   0.0284940055

2025-07-17:09:52:22,599 INFO     [psi4.optking.stepAlgorithms:315] 	Current Step Report 
 
	Current energy:      -186.8680047720
	Energy change for the previous step:
		Actual       :        -0.0166559141
		Projected    :        -0.0118535374

2025-07-17:09:52:22,599 INFO     [psi4.optking.stepAlgorithms:318] 	Energy ratio =    1.40514
2025-07-17:09:52:22,599 INFO     [psi4.optking.stepAlgorithms:750] 	Using RFO solution 1.
2025-07-17:09:52:22,599 INFO     [psi4.optking.displace:73] 	Determining Cartesian step for fragment 1.
2025-07-17:09:52:22,599 INFO     [psi4.optking.displace:378] 	Successfully converged to displaced geometry.
2025-07-17:09:52:22,599 INFO     [psi4.optking.displace:379] 	RMS(dx):  0.000e+00 	Max(dx):  0.000e+00 	RMS(dq):  0.000e+00
2025-07-17:09:52:22,599 INFO     [psi4.optking.displace:132] 

	        --- Internal Coordinate Step in ANG or DEG, aJ/ANG or AJ/DEG ---
	-------------------------------------------------------------------------------
	           Coordinate      Previous         Force          Change          New 
	           ----------      --------        ------          ------        ------
	               R(1,2)       2.22265        0.23485        0.15658       2.37923
	-------------------------------------------------------------------------------

2025-07-17:09:52:22,599 INFO     [psi4.optking.stepAlgorithms:96] 	|target step| :    0.2958919195
2025-07-17:09:52:22,599 INFO     [psi4.optking.stepAlgorithms:97] 	gradient     :   -0.0285054540
2025-07-17:09:52:22,599 INFO     [psi4.optking.stepAlgorithms:98] 	hessian      :    0.0879028522
2025-07-17:09:52:22,599 INFO     [psi4.optking.stepAlgorithms:177] 	Norm of achieved step-size    0.2958919195
2025-07-17:09:52:22,600 INFO     [psi4.optking.stepAlgorithms:179] 	Norm of achieved step-size (cart):    0.2092271828
2025-07-17:09:52:22,600 INFO     [psi4.optking.opt_helper:151] Molsys:

	                            ===> Fragment 1 <== 

	 Z (Atomic Numbers)          Masses                          Geom                  
	       5.000000            11.009305          0.00000000  0.00000000  2.98807460   
	      11.000000            22.989769          0.00000000  0.00000000 -1.50802239   

	 - Coordinate -           - BOHR/RAD -       - ANG/DEG -
	 R(1,2)           =         4.496097           2.379232

2025-07-17:09:52:22,600 INFO     [psi4.optking.convcheck:71] Performing convergence check.
2025-07-17:09:52:22,600 INFO     [psi4.optking.convcheck:263] 
	                                 ==> Convergence Check <==                                  
    
	Measures of convergence in internal coordinates in au.
    
	Criteria marked as inactive (o), active & met (*), and active & unmet ( ).

	----------------------------------------------------------------------------------------------
	   Step    Total Energy     Delta E     Max Force     RMS Force      Max Disp      RMS Disp   
	----------------------------------------------------------------------------------------------
	  Convergence Criteria     1.00e-06 *    3.00e-04 *             o    1.20e-03 *             o
	----------------------------------------------------------------------------------------------
	     7    -186.86800477   -1.67e-02      2.85e-02      2.85e-02 o    2.96e-01      2.96e-01 o  ~
	----------------------------------------------------------------------------------------------


2025-07-17:09:52:22,600 INFO     [psi4.optking.stepAlgorithms:266] 	Convergence check returned False
2025-07-17:09:52:22,611 INFO     [psi4.driver.task_planner:285] PLANNING Atomic:  keywords={'DAMPING_PERCENTAGE': 1.0, 'GEOM_MAXITER': 500, 'SCF__GUESS': 'READ', 'GUESS': 'SAP', 'MAXITER': 500, 'REFERENCE': 'UKS', 'function_kwargs': {}}
2025-07-17:09:52:22,612 INFO     [psi4.driver.driver:636] Compute gradient(): method=b3lyp, basis=cc-pvdz, molecule=default, nre=12.232832181950299
2025-07-17:09:52:24,177 INFO     [psi4.driver.driver:639] Return gradient(): -186.87405243759784
2025-07-17:09:52:24,177 INFO     [psi4.driver.driver:640] [[ 0.00000000  0.00000000 -0.01362706]
 [ 0.00000000  0.00000000  0.01361046]]
2025-07-17:09:52:24,178 INFO     [psi4.optking.history:257] 	Performing BFGS update.
2025-07-17:09:52:24,178 INFO     [psi4.optking.history:268] 	Using 4 previous steps for update.
2025-07-17:09:52:24,178 WARNING  [psi4.optking.history:286] 	Change in internal coordinate of 6.78e-01 exceeds limit of 5.00e-01.
2025-07-17:09:52:24,178 WARNING  [psi4.optking.history:291] 	Skipping Hessian update for step 6.
2025-07-17:09:52:24,178 WARNING  [psi4.optking.history:286] 	Change in internal coordinate of 9.07e-01 exceeds limit of 5.00e-01.
2025-07-17:09:52:24,178 WARNING  [psi4.optking.history:291] 	Skipping Hessian update for step 5.
2025-07-17:09:52:24,178 WARNING  [psi4.optking.history:286] 	Change in internal coordinate of 1.46e+00 exceeds limit of 5.00e-01.
2025-07-17:09:52:24,178 WARNING  [psi4.optking.history:291] 	Skipping Hessian update for step 4.
2025-07-17:09:52:24,178 WARNING  [psi4.optking.history:286] 	Change in internal coordinate of 1.87e+00 exceeds limit of 5.00e-01.
2025-07-17:09:52:24,178 WARNING  [psi4.optking.history:291] 	Skipping Hessian update for step 3.
2025-07-17:09:52:24,178 WARNING  [psi4.optking.history:286] 	Change in internal coordinate of 2.09e+00 exceeds limit of 5.00e-01.
2025-07-17:09:52:24,178 WARNING  [psi4.optking.history:291] 	Skipping Hessian update for step 2.
2025-07-17:09:52:24,179 WARNING  [psi4.optking.history:286] 	Change in internal coordinate of 2.23e+00 exceeds limit of 5.00e-01.
2025-07-17:09:52:24,179 WARNING  [psi4.optking.history:291] 	Skipping Hessian update for step 1.
2025-07-17:09:52:24,179 INFO     [psi4.optking.history:302] 	Steps to be used in Hessian update:  7

2025-07-17:09:52:24,179 INFO     [psi4.optking.history:400] 	Updated Hessian (in au) 
 	   0.050311

2025-07-17:09:52:24,179 INFO     [psi4.optking.molsys:874] Projected (PHP) Hessian matrix
	   0.050311

2025-07-17:09:52:24,179 INFO     [psi4.optking.opt_helper:168] 
	         Geometry (au)                                       Gradient (au)
   0.0000000000   0.0000000000   3.0402072306		   0.0000000000   0.0000000000  -0.0136270623
   0.0000000000   0.0000000000  -1.4558897633		   0.0000000000   0.0000000000   0.0136104625

2025-07-17:09:52:24,179 INFO     [psi4.optking.stepAlgorithms:315] 	Current Step Report 
 
	Current energy:      -186.8740524376
	Energy change for the previous step:
		Actual       :        -0.0060476656
		Projected    :        -0.0042172667

2025-07-17:09:52:24,179 INFO     [psi4.optking.stepAlgorithms:318] 	Energy ratio =    1.43402
2025-07-17:09:52:24,179 INFO     [psi4.optking.stepAlgorithms:750] 	Using RFO solution 1.
2025-07-17:09:52:24,179 INFO     [psi4.optking.displace:73] 	Determining Cartesian step for fragment 1.
2025-07-17:09:52:24,179 INFO     [psi4.optking.displace:378] 	Successfully converged to displaced geometry.
2025-07-17:09:52:24,179 INFO     [psi4.optking.displace:379] 	RMS(dx):  0.000e+00 	Max(dx):  0.000e+00 	RMS(dq):  0.000e+00
2025-07-17:09:52:24,179 INFO     [psi4.optking.displace:132] 

	        --- Internal Coordinate Step in ANG or DEG, aJ/ANG or AJ/DEG ---
	-------------------------------------------------------------------------------
	           Coordinate      Previous         Force          Change          New 
	           ----------      --------        ------          ------        ------
	               R(1,2)       2.37923        0.11220        0.13405       2.51328
	-------------------------------------------------------------------------------

2025-07-17:09:52:24,179 INFO     [psi4.optking.stepAlgorithms:96] 	|target step| :    0.2533197775
2025-07-17:09:52:24,179 INFO     [psi4.optking.stepAlgorithms:97] 	gradient     :   -0.0136187624
2025-07-17:09:52:24,179 INFO     [psi4.optking.stepAlgorithms:98] 	hessian      :    0.0503112475
2025-07-17:09:52:24,179 INFO     [psi4.optking.stepAlgorithms:177] 	Norm of achieved step-size    0.2533197775
2025-07-17:09:52:24,179 INFO     [psi4.optking.stepAlgorithms:179] 	Norm of achieved step-size (cart):    0.1791241325
2025-07-17:09:52:24,180 INFO     [psi4.optking.opt_helper:151] Molsys:

	                            ===> Fragment 1 <== 

	 Z (Atomic Numbers)          Masses                          Geom                  
	       5.000000            11.009305          0.00000000  0.00000000  3.16686712   
	      11.000000            22.989769          0.00000000  0.00000000 -1.58254965   

	 - Coordinate -           - BOHR/RAD -       - ANG/DEG -
	 R(1,2)           =         4.749417           2.513283

2025-07-17:09:52:24,180 INFO     [psi4.optking.convcheck:71] Performing convergence check.
2025-07-17:09:52:24,180 INFO     [psi4.optking.convcheck:263] 
	                                 ==> Convergence Check <==                                  
    
	Measures of convergence in internal coordinates in au.
    
	Criteria marked as inactive (o), active & met (*), and active & unmet ( ).

	----------------------------------------------------------------------------------------------
	   Step    Total Energy     Delta E     Max Force     RMS Force      Max Disp      RMS Disp   
	----------------------------------------------------------------------------------------------
	  Convergence Criteria     1.00e-06 *    3.00e-04 *             o    1.20e-03 *             o
	----------------------------------------------------------------------------------------------
	     8    -186.87405244   -6.05e-03      1.36e-02      1.36e-02 o    2.53e-01      2.53e-01 o  ~
	----------------------------------------------------------------------------------------------


2025-07-17:09:52:24,180 INFO     [psi4.optking.stepAlgorithms:266] 	Convergence check returned False
2025-07-17:09:52:24,195 INFO     [psi4.driver.task_planner:285] PLANNING Atomic:  keywords={'DAMPING_PERCENTAGE': 1.0, 'GEOM_MAXITER': 500, 'SCF__GUESS': 'READ', 'GUESS': 'SAP', 'MAXITER': 500, 'REFERENCE': 'UKS', 'function_kwargs': {}}
2025-07-17:09:52:24,196 INFO     [psi4.driver.driver:636] Compute gradient(): method=b3lyp, basis=cc-pvdz, molecule=default, nre=11.580369263699632
2025-07-17:09:52:25,410 INFO     [psi4.driver.driver:639] Return gradient(): -186.8764188135196
2025-07-17:09:52:25,410 INFO     [psi4.driver.driver:640] [[ 0.00000000  0.00000000 -0.00564996]
 [ 0.00000000  0.00000000  0.00563951]]
2025-07-17:09:52:25,413 INFO     [psi4.optking.history:257] 	Performing BFGS update.
2025-07-17:09:52:25,413 INFO     [psi4.optking.history:268] 	Using 4 previous steps for update.
2025-07-17:09:52:25,413 WARNING  [psi4.optking.history:286] 	Change in internal coordinate of 5.49e-01 exceeds limit of 5.00e-01.
2025-07-17:09:52:25,413 WARNING  [psi4.optking.history:291] 	Skipping Hessian update for step 7.
2025-07-17:09:52:25,413 WARNING  [psi4.optking.history:286] 	Change in internal coordinate of 9.31e-01 exceeds limit of 5.00e-01.
2025-07-17:09:52:25,413 WARNING  [psi4.optking.history:291] 	Skipping Hessian update for step 6.
2025-07-17:09:52:25,413 WARNING  [psi4.optking.history:286] 	Change in internal coordinate of 1.16e+00 exceeds limit of 5.00e-01.
2025-07-17:09:52:25,413 WARNING  [psi4.optking.history:291] 	Skipping Hessian update for step 5.
2025-07-17:09:52:25,413 WARNING  [psi4.optking.history:286] 	Change in internal coordinate of 1.71e+00 exceeds limit of 5.00e-01.
2025-07-17:09:52:25,413 WARNING  [psi4.optking.history:291] 	Skipping Hessian update for step 4.
2025-07-17:09:52:25,414 WARNING  [psi4.optking.history:286] 	Change in internal coordinate of 2.12e+00 exceeds limit of 5.00e-01.
2025-07-17:09:52:25,414 WARNING  [psi4.optking.history:291] 	Skipping Hessian update for step 3.
2025-07-17:09:52:25,414 WARNING  [psi4.optking.history:286] 	Change in internal coordinate of 2.34e+00 exceeds limit of 5.00e-01.
2025-07-17:09:52:25,414 WARNING  [psi4.optking.history:291] 	Skipping Hessian update for step 2.
2025-07-17:09:52:25,414 WARNING  [psi4.optking.history:286] 	Change in internal coordinate of 2.48e+00 exceeds limit of 5.00e-01.
2025-07-17:09:52:25,414 WARNING  [psi4.optking.history:291] 	Skipping Hessian update for step 1.
2025-07-17:09:52:25,414 INFO     [psi4.optking.history:302] 	Steps to be used in Hessian update:  8

2025-07-17:09:52:25,414 INFO     [psi4.optking.history:400] 	Updated Hessian (in au) 
 	   0.031478

2025-07-17:09:52:25,418 INFO     [psi4.optking.molsys:874] Projected (PHP) Hessian matrix
	   0.031478

2025-07-17:09:52:25,418 INFO     [psi4.optking.opt_helper:168] 
	         Geometry (au)                                       Gradient (au)
   0.0000000000   0.0000000000   3.2114990466		   0.0000000000   0.0000000000  -0.0056499614
   0.0000000000   0.0000000000  -1.5379177248		   0.0000000000   0.0000000000   0.0056395123

2025-07-17:09:52:25,418 INFO     [psi4.optking.stepAlgorithms:315] 	Current Step Report 
 
	Current energy:      -186.8764188135
	Energy change for the previous step:
		Actual       :        -0.0023663759
		Projected    :        -0.0017249509

2025-07-17:09:52:25,418 INFO     [psi4.optking.stepAlgorithms:318] 	Energy ratio =    1.37185
2025-07-17:09:52:25,418 INFO     [psi4.optking.stepAlgorithms:750] 	Using RFO solution 1.
2025-07-17:09:52:25,418 INFO     [psi4.optking.displace:73] 	Determining Cartesian step for fragment 1.
2025-07-17:09:52:25,418 INFO     [psi4.optking.displace:378] 	Successfully converged to displaced geometry.
2025-07-17:09:52:25,418 INFO     [psi4.optking.displace:379] 	RMS(dx):  0.000e+00 	Max(dx):  0.000e+00 	RMS(dq):  0.000e+00
2025-07-17:09:52:25,418 INFO     [psi4.optking.displace:132] 

	        --- Internal Coordinate Step in ANG or DEG, aJ/ANG or AJ/DEG ---
	-------------------------------------------------------------------------------
	           Coordinate      Previous         Force          Change          New 
	           ----------      --------        ------          ------        ------
	               R(1,2)       2.51328        0.04651        0.09202       2.60531
	-------------------------------------------------------------------------------

2025-07-17:09:52:25,418 INFO     [psi4.optking.stepAlgorithms:96] 	|target step| :    0.1738997444
2025-07-17:09:52:25,418 INFO     [psi4.optking.stepAlgorithms:97] 	gradient     :   -0.0056447369
2025-07-17:09:52:25,418 INFO     [psi4.optking.stepAlgorithms:98] 	hessian      :    0.0314781009
2025-07-17:09:52:25,418 INFO     [psi4.optking.stepAlgorithms:177] 	Norm of achieved step-size    0.1738997444
2025-07-17:09:52:25,419 INFO     [psi4.optking.stepAlgorithms:179] 	Norm of achieved step-size (cart):    0.1229656885
2025-07-17:09:52:25,419 INFO     [psi4.optking.opt_helper:151] Molsys:

	                            ===> Fragment 1 <== 

	 Z (Atomic Numbers)          Masses                          Geom                  
	       5.000000            11.009305          0.00000000  0.00000000  3.29844892   
	      11.000000            22.989769          0.00000000  0.00000000 -1.62486760   

	 - Coordinate -           - BOHR/RAD -       - ANG/DEG -
	 R(1,2)           =         4.923317           2.605307

2025-07-17:09:52:25,419 INFO     [psi4.optking.convcheck:71] Performing convergence check.
2025-07-17:09:52:25,419 INFO     [psi4.optking.convcheck:263] 
	                                 ==> Convergence Check <==                                  
    
	Measures of convergence in internal coordinates in au.
    
	Criteria marked as inactive (o), active & met (*), and active & unmet ( ).

	----------------------------------------------------------------------------------------------
	   Step    Total Energy     Delta E     Max Force     RMS Force      Max Disp      RMS Disp   
	----------------------------------------------------------------------------------------------
	  Convergence Criteria     1.00e-06 *    3.00e-04 *             o    1.20e-03 *             o
	----------------------------------------------------------------------------------------------
	     9    -186.87641881   -2.37e-03      5.64e-03      5.64e-03 o    1.74e-01      1.74e-01 o  ~
	----------------------------------------------------------------------------------------------


2025-07-17:09:52:25,419 INFO     [psi4.optking.stepAlgorithms:266] 	Convergence check returned False
2025-07-17:09:52:25,433 INFO     [psi4.driver.task_planner:285] PLANNING Atomic:  keywords={'DAMPING_PERCENTAGE': 1.0, 'GEOM_MAXITER': 500, 'SCF__GUESS': 'READ', 'GUESS': 'SAP', 'MAXITER': 500, 'REFERENCE': 'UKS', 'function_kwargs': {}}
2025-07-17:09:52:25,436 INFO     [psi4.driver.driver:636] Compute gradient(): method=b3lyp, basis=cc-pvdz, molecule=default, nre=11.171331321701473
2025-07-17:09:52:26,603 INFO     [psi4.driver.driver:639] Return gradient(): -186.87705184464716
2025-07-17:09:52:26,603 INFO     [psi4.driver.driver:640] [[ 0.00000000 -0.00000000 -0.00184382]
 [ 0.00000000 -0.00000000  0.00182234]]
2025-07-17:09:52:26,604 INFO     [psi4.optking.history:257] 	Performing BFGS update.
2025-07-17:09:52:26,605 INFO     [psi4.optking.history:268] 	Using 4 previous steps for update.
2025-07-17:09:52:26,605 WARNING  [psi4.optking.history:286] 	Change in internal coordinate of 7.23e-01 exceeds limit of 5.00e-01.
2025-07-17:09:52:26,605 WARNING  [psi4.optking.history:291] 	Skipping Hessian update for step 7.
2025-07-17:09:52:26,605 WARNING  [psi4.optking.history:286] 	Change in internal coordinate of 1.11e+00 exceeds limit of 5.00e-01.
2025-07-17:09:52:26,605 WARNING  [psi4.optking.history:291] 	Skipping Hessian update for step 6.
2025-07-17:09:52:26,605 WARNING  [psi4.optking.history:286] 	Change in internal coordinate of 1.33e+00 exceeds limit of 5.00e-01.
2025-07-17:09:52:26,605 WARNING  [psi4.optking.history:291] 	Skipping Hessian update for step 5.
2025-07-17:09:52:26,605 WARNING  [psi4.optking.history:286] 	Change in internal coordinate of 1.89e+00 exceeds limit of 5.00e-01.
2025-07-17:09:52:26,605 WARNING  [psi4.optking.history:291] 	Skipping Hessian update for step 4.
2025-07-17:09:52:26,605 WARNING  [psi4.optking.history:286] 	Change in internal coordinate of 2.30e+00 exceeds limit of 5.00e-01.
2025-07-17:09:52:26,605 WARNING  [psi4.optking.history:291] 	Skipping Hessian update for step 3.
2025-07-17:09:52:26,605 WARNING  [psi4.optking.history:286] 	Change in internal coordinate of 2.51e+00 exceeds limit of 5.00e-01.
2025-07-17:09:52:26,605 WARNING  [psi4.optking.history:291] 	Skipping Hessian update for step 2.
2025-07-17:09:52:26,605 WARNING  [psi4.optking.history:286] 	Change in internal coordinate of 2.66e+00 exceeds limit of 5.00e-01.
2025-07-17:09:52:26,605 WARNING  [psi4.optking.history:291] 	Skipping Hessian update for step 1.
2025-07-17:09:52:26,605 INFO     [psi4.optking.history:302] 	Steps to be used in Hessian update:  9 8

2025-07-17:09:52:26,605 INFO     [psi4.optking.history:400] 	Updated Hessian (in au) 
 	   0.027587

2025-07-17:09:52:26,605 INFO     [psi4.optking.molsys:874] Projected (PHP) Hessian matrix
	   0.027587

2025-07-17:09:52:26,605 INFO     [psi4.optking.opt_helper:168] 
	         Geometry (au)                                       Gradient (au)
   0.0000000000   0.0000000000   3.3290879823		   0.0000000000  -0.0000000000  -0.0018438178
   0.0000000000   0.0000000000  -1.5942285335		   0.0000000000  -0.0000000000   0.0018223426

2025-07-17:09:52:26,606 INFO     [psi4.optking.stepAlgorithms:315] 	Current Step Report 
 
	Current energy:      -186.8770518446
	Energy change for the previous step:
		Actual       :        -0.0006330311
		Projected    :        -0.0004908092

2025-07-17:09:52:26,606 INFO     [psi4.optking.stepAlgorithms:318] 	Energy ratio =    1.28977
2025-07-17:09:52:26,606 INFO     [psi4.optking.stepAlgorithms:750] 	Using RFO solution 1.
2025-07-17:09:52:26,606 INFO     [psi4.optking.displace:73] 	Determining Cartesian step for fragment 1.
2025-07-17:09:52:26,606 INFO     [psi4.optking.displace:378] 	Successfully converged to displaced geometry.
2025-07-17:09:52:26,606 INFO     [psi4.optking.displace:379] 	RMS(dx):  0.000e+00 	Max(dx):  0.000e+00 	RMS(dq):  0.000e+00
2025-07-17:09:52:26,606 INFO     [psi4.optking.displace:132] 

	        --- Internal Coordinate Step in ANG or DEG, aJ/ANG or AJ/DEG ---
	-------------------------------------------------------------------------------
	           Coordinate      Previous         Force          Change          New 
	           ----------      --------        ------          ------        ------
	               R(1,2)       2.60531        0.01510        0.03501       2.64032
	-------------------------------------------------------------------------------

2025-07-17:09:52:26,606 INFO     [psi4.optking.stepAlgorithms:96] 	|target step| :    0.0661565564
2025-07-17:09:52:26,606 INFO     [psi4.optking.stepAlgorithms:97] 	gradient     :   -0.0018330802
2025-07-17:09:52:26,606 INFO     [psi4.optking.stepAlgorithms:98] 	hessian      :    0.0275869467
2025-07-17:09:52:26,606 INFO     [psi4.optking.stepAlgorithms:177] 	Norm of achieved step-size    0.0661565564
2025-07-17:09:52:26,606 INFO     [psi4.optking.stepAlgorithms:179] 	Norm of achieved step-size (cart):    0.0467797496
2025-07-17:09:52:26,606 INFO     [psi4.optking.opt_helper:151] Molsys:

	                            ===> Fragment 1 <== 

	 Z (Atomic Numbers)          Masses                          Geom                  
	       5.000000            11.009305          0.00000000  0.00000000  3.36216626   
	      11.000000            22.989769          0.00000000  0.00000000 -1.62730681   

	 - Coordinate -           - BOHR/RAD -       - ANG/DEG -
	 R(1,2)           =         4.989473           2.640315

2025-07-17:09:52:26,606 INFO     [psi4.optking.convcheck:71] Performing convergence check.
2025-07-17:09:52:26,606 INFO     [psi4.optking.convcheck:263] 
	                                 ==> Convergence Check <==                                  
    
	Measures of convergence in internal coordinates in au.
    
	Criteria marked as inactive (o), active & met (*), and active & unmet ( ).

	----------------------------------------------------------------------------------------------
	   Step    Total Energy     Delta E     Max Force     RMS Force      Max Disp      RMS Disp   
	----------------------------------------------------------------------------------------------
	  Convergence Criteria     1.00e-06 *    3.00e-04 *             o    1.20e-03 *             o
	----------------------------------------------------------------------------------------------
	    10    -186.87705184   -6.33e-04      1.83e-03      1.83e-03 o    6.62e-02      6.62e-02 o  ~
	----------------------------------------------------------------------------------------------


2025-07-17:09:52:26,606 INFO     [psi4.optking.stepAlgorithms:266] 	Convergence check returned False
2025-07-17:09:52:26,624 INFO     [psi4.driver.task_planner:285] PLANNING Atomic:  keywords={'DAMPING_PERCENTAGE': 1.0, 'GEOM_MAXITER': 500, 'SCF__GUESS': 'READ', 'GUESS': 'SAP', 'MAXITER': 500, 'REFERENCE': 'UKS', 'function_kwargs': {}}
2025-07-17:09:52:26,625 INFO     [psi4.driver.driver:636] Compute gradient(): method=b3lyp, basis=cc-pvdz, molecule=default, nre=11.02320810309372
2025-07-17:09:52:27,776 INFO     [psi4.driver.driver:639] Return gradient(): -186.87713295556597
2025-07-17:09:52:27,777 INFO     [psi4.driver.driver:640] [[ 0.00000000  0.00000000 -0.00065952]
 [-0.00000000  0.00000000  0.00063794]]
2025-07-17:09:52:27,779 INFO     [psi4.optking.history:257] 	Performing BFGS update.
2025-07-17:09:52:27,780 INFO     [psi4.optking.history:268] 	Using 4 previous steps for update.
2025-07-17:09:52:27,780 WARNING  [psi4.optking.history:286] 	Change in internal coordinate of 7.89e-01 exceeds limit of 5.00e-01.
2025-07-17:09:52:27,780 WARNING  [psi4.optking.history:291] 	Skipping Hessian update for step 7.
2025-07-17:09:52:27,780 WARNING  [psi4.optking.history:286] 	Change in internal coordinate of 1.17e+00 exceeds limit of 5.00e-01.
2025-07-17:09:52:27,780 WARNING  [psi4.optking.history:291] 	Skipping Hessian update for step 6.
2025-07-17:09:52:27,780 WARNING  [psi4.optking.history:286] 	Change in internal coordinate of 1.40e+00 exceeds limit of 5.00e-01.
2025-07-17:09:52:27,780 WARNING  [psi4.optking.history:291] 	Skipping Hessian update for step 5.
2025-07-17:09:52:27,780 WARNING  [psi4.optking.history:286] 	Change in internal coordinate of 1.95e+00 exceeds limit of 5.00e-01.
2025-07-17:09:52:27,780 WARNING  [psi4.optking.history:291] 	Skipping Hessian update for step 4.
2025-07-17:09:52:27,780 WARNING  [psi4.optking.history:286] 	Change in internal coordinate of 2.36e+00 exceeds limit of 5.00e-01.
2025-07-17:09:52:27,781 WARNING  [psi4.optking.history:291] 	Skipping Hessian update for step 3.
2025-07-17:09:52:27,781 WARNING  [psi4.optking.history:286] 	Change in internal coordinate of 2.58e+00 exceeds limit of 5.00e-01.
2025-07-17:09:52:27,781 WARNING  [psi4.optking.history:291] 	Skipping Hessian update for step 2.
2025-07-17:09:52:27,781 WARNING  [psi4.optking.history:286] 	Change in internal coordinate of 2.72e+00 exceeds limit of 5.00e-01.
2025-07-17:09:52:27,781 WARNING  [psi4.optking.history:291] 	Skipping Hessian update for step 1.
2025-07-17:09:52:27,781 INFO     [psi4.optking.history:302] 	Steps to be used in Hessian update:  10 9 8

2025-07-17:09:52:27,781 INFO     [psi4.optking.history:400] 	Updated Hessian (in au) 
 	   0.026288

2025-07-17:09:52:27,781 INFO     [psi4.optking.molsys:874] Projected (PHP) Hessian matrix
	   0.026288

2025-07-17:09:52:27,781 INFO     [psi4.optking.opt_helper:168] 
	         Geometry (au)                                       Gradient (au)
   0.0000000000   0.0000000000   3.3738222577		   0.0000000000   0.0000000000  -0.0006595173
   0.0000000000   0.0000000000  -1.6156508145		  -0.0000000000   0.0000000000   0.0006379372

2025-07-17:09:52:27,781 INFO     [psi4.optking.stepAlgorithms:315] 	Current Step Report 
 
	Current energy:      -186.8771329556
	Energy change for the previous step:
		Actual       :        -0.0000811109
		Projected    :        -0.0000606351

2025-07-17:09:52:27,782 INFO     [psi4.optking.stepAlgorithms:318] 	Energy ratio =    1.33769
2025-07-17:09:52:27,782 INFO     [psi4.optking.stepAlgorithms:750] 	Using RFO solution 1.
2025-07-17:09:52:27,782 INFO     [psi4.optking.displace:73] 	Determining Cartesian step for fragment 1.
2025-07-17:09:52:27,782 INFO     [psi4.optking.displace:378] 	Successfully converged to displaced geometry.
2025-07-17:09:52:27,782 INFO     [psi4.optking.displace:379] 	RMS(dx):  0.000e+00 	Max(dx):  0.000e+00 	RMS(dq):  0.000e+00
2025-07-17:09:52:27,782 INFO     [psi4.optking.displace:132] 

	        --- Internal Coordinate Step in ANG or DEG, aJ/ANG or AJ/DEG ---
	-------------------------------------------------------------------------------
	           Coordinate      Previous         Force          Change          New 
	           ----------      --------        ------          ------        ------
	               R(1,2)       2.64032        0.00534        0.01305       2.65337
	-------------------------------------------------------------------------------

2025-07-17:09:52:27,782 INFO     [psi4.optking.stepAlgorithms:96] 	|target step| :    0.0246623715
2025-07-17:09:52:27,782 INFO     [psi4.optking.stepAlgorithms:97] 	gradient     :   -0.0006487272
2025-07-17:09:52:27,782 INFO     [psi4.optking.stepAlgorithms:98] 	hessian      :    0.0262883340
2025-07-17:09:52:27,782 INFO     [psi4.optking.stepAlgorithms:177] 	Norm of achieved step-size    0.0246623715
2025-07-17:09:52:27,782 INFO     [psi4.optking.stepAlgorithms:179] 	Norm of achieved step-size (cart):    0.0174389302
2025-07-17:09:52:27,782 INFO     [psi4.optking.opt_helper:151] Molsys:

	                            ===> Fragment 1 <== 

	 Z (Atomic Numbers)          Masses                          Geom                  
	       5.000000            11.009305          0.00000000  0.00000000  3.38615344   
	      11.000000            22.989769          0.00000000  0.00000000 -1.62798200   

	 - Coordinate -           - BOHR/RAD -       - ANG/DEG -
	 R(1,2)           =         5.014135           2.653366

2025-07-17:09:52:27,782 INFO     [psi4.optking.convcheck:71] Performing convergence check.
2025-07-17:09:52:27,782 INFO     [psi4.optking.convcheck:263] 
	                                 ==> Convergence Check <==                                  
    
	Measures of convergence in internal coordinates in au.
    
	Criteria marked as inactive (o), active & met (*), and active & unmet ( ).

	----------------------------------------------------------------------------------------------
	   Step    Total Energy     Delta E     Max Force     RMS Force      Max Disp      RMS Disp   
	----------------------------------------------------------------------------------------------
	  Convergence Criteria     1.00e-06 *    3.00e-04 *             o    1.20e-03 *             o
	----------------------------------------------------------------------------------------------
	    11    -186.87713296   -8.11e-05      6.49e-04      6.49e-04 o    2.47e-02      2.47e-02 o  ~
	----------------------------------------------------------------------------------------------


2025-07-17:09:52:27,782 INFO     [psi4.optking.stepAlgorithms:266] 	Convergence check returned False
2025-07-17:09:52:27,797 INFO     [psi4.driver.task_planner:285] PLANNING Atomic:  keywords={'DAMPING_PERCENTAGE': 1.0, 'GEOM_MAXITER': 500, 'SCF__GUESS': 'READ', 'GUESS': 'SAP', 'MAXITER': 500, 'REFERENCE': 'UKS', 'function_kwargs': {}}
2025-07-17:09:52:27,800 INFO     [psi4.driver.driver:636] Compute gradient(): method=b3lyp, basis=cc-pvdz, molecule=default, nre=10.968989692574926
2025-07-17:09:52:28,844 INFO     [psi4.driver.driver:639] Return gradient(): -186.8771438276827
2025-07-17:09:52:28,845 INFO     [psi4.driver.driver:640] [[ 0.00000000  0.00000000 -0.00025018]
 [ 0.00000000 -0.00000000  0.00022916]]
2025-07-17:09:52:28,846 INFO     [psi4.optking.history:257] 	Performing BFGS update.
2025-07-17:09:52:28,846 INFO     [psi4.optking.history:268] 	Using 4 previous steps for update.
2025-07-17:09:52:28,846 WARNING  [psi4.optking.history:286] 	Change in internal coordinate of 5.18e-01 exceeds limit of 5.00e-01.
2025-07-17:09:52:28,846 WARNING  [psi4.optking.history:291] 	Skipping Hessian update for step 8.
2025-07-17:09:52:28,846 WARNING  [psi4.optking.history:286] 	Change in internal coordinate of 8.14e-01 exceeds limit of 5.00e-01.
2025-07-17:09:52:28,846 WARNING  [psi4.optking.history:291] 	Skipping Hessian update for step 7.
2025-07-17:09:52:28,847 WARNING  [psi4.optking.history:286] 	Change in internal coordinate of 1.20e+00 exceeds limit of 5.00e-01.
2025-07-17:09:52:28,847 WARNING  [psi4.optking.history:291] 	Skipping Hessian update for step 6.
2025-07-17:09:52:28,847 WARNING  [psi4.optking.history:286] 	Change in internal coordinate of 1.43e+00 exceeds limit of 5.00e-01.
2025-07-17:09:52:28,847 WARNING  [psi4.optking.history:291] 	Skipping Hessian update for step 5.
2025-07-17:09:52:28,847 WARNING  [psi4.optking.history:286] 	Change in internal coordinate of 1.98e+00 exceeds limit of 5.00e-01.
2025-07-17:09:52:28,847 WARNING  [psi4.optking.history:291] 	Skipping Hessian update for step 4.
2025-07-17:09:52:28,847 WARNING  [psi4.optking.history:286] 	Change in internal coordinate of 2.39e+00 exceeds limit of 5.00e-01.
2025-07-17:09:52:28,847 WARNING  [psi4.optking.history:291] 	Skipping Hessian update for step 3.
2025-07-17:09:52:28,847 WARNING  [psi4.optking.history:286] 	Change in internal coordinate of 2.60e+00 exceeds limit of 5.00e-01.
2025-07-17:09:52:28,847 WARNING  [psi4.optking.history:291] 	Skipping Hessian update for step 2.
2025-07-17:09:52:28,847 WARNING  [psi4.optking.history:286] 	Change in internal coordinate of 2.75e+00 exceeds limit of 5.00e-01.
2025-07-17:09:52:28,847 WARNING  [psi4.optking.history:291] 	Skipping Hessian update for step 1.
2025-07-17:09:52:28,847 INFO     [psi4.optking.history:302] 	Steps to be used in Hessian update:  11 10 9

2025-07-17:09:52:28,847 INFO     [psi4.optking.history:400] 	Updated Hessian (in au) 
 	   0.020418

2025-07-17:09:52:28,847 INFO     [psi4.optking.molsys:874] Projected (PHP) Hessian matrix
	   0.020418

2025-07-17:09:52:28,847 INFO     [psi4.optking.opt_helper:168] 
	         Geometry (au)                                       Gradient (au)
   0.0000000000   0.0000000000   3.3904986596		   0.0000000000   0.0000000000  -0.0002501754
   0.0000000000   0.0000000000  -1.6236367842		   0.0000000000  -0.0000000000   0.0002291640

2025-07-17:09:52:28,847 INFO     [psi4.optking.stepAlgorithms:315] 	Current Step Report 
 
	Current energy:      -186.8771438277
	Energy change for the previous step:
		Actual       :        -0.0000108721
		Projected    :        -0.0000079996

2025-07-17:09:52:28,847 INFO     [psi4.optking.stepAlgorithms:318] 	Energy ratio =    1.35909
2025-07-17:09:52:28,847 INFO     [psi4.optking.stepAlgorithms:750] 	Using RFO solution 1.
2025-07-17:09:52:28,848 INFO     [psi4.optking.displace:73] 	Determining Cartesian step for fragment 1.
2025-07-17:09:52:28,848 INFO     [psi4.optking.displace:378] 	Successfully converged to displaced geometry.
2025-07-17:09:52:28,848 INFO     [psi4.optking.displace:379] 	RMS(dx):  0.000e+00 	Max(dx):  0.000e+00 	RMS(dq):  0.000e+00
2025-07-17:09:52:28,848 INFO     [psi4.optking.displace:132] 

	        --- Internal Coordinate Step in ANG or DEG, aJ/ANG or AJ/DEG ---
	-------------------------------------------------------------------------------
	           Coordinate      Previous         Force          Change          New 
	           ----------      --------        ------          ------        ------
	               R(1,2)       2.65337        0.00197        0.00621       2.65958
	-------------------------------------------------------------------------------

2025-07-17:09:52:28,848 INFO     [psi4.optking.stepAlgorithms:96] 	|target step| :    0.0117364526
2025-07-17:09:52:28,848 INFO     [psi4.optking.stepAlgorithms:97] 	gradient     :   -0.0002396697
2025-07-17:09:52:28,848 INFO     [psi4.optking.stepAlgorithms:98] 	hessian      :    0.0204181560
2025-07-17:09:52:28,848 INFO     [psi4.optking.stepAlgorithms:177] 	Norm of achieved step-size    0.0117364526
2025-07-17:09:52:28,848 INFO     [psi4.optking.stepAlgorithms:179] 	Norm of achieved step-size (cart):    0.0082989252
2025-07-17:09:52:28,848 INFO     [psi4.optking.opt_helper:151] Molsys:

	                            ===> Fragment 1 <== 

	 Z (Atomic Numbers)          Masses                          Geom                  
	       5.000000            11.009305          0.00000000  0.00000000  3.39636689   
	      11.000000            22.989769          0.00000000  0.00000000 -1.62950501   

	 - Coordinate -           - BOHR/RAD -       - ANG/DEG -
	 R(1,2)           =         5.025872           2.659577

2025-07-17:09:52:28,848 INFO     [psi4.optking.convcheck:71] Performing convergence check.
2025-07-17:09:52:28,848 INFO     [psi4.optking.convcheck:263] 
	                                 ==> Convergence Check <==                                  
    
	Measures of convergence in internal coordinates in au.
    
	Criteria marked as inactive (o), active & met (*), and active & unmet ( ).

	----------------------------------------------------------------------------------------------
	   Step    Total Energy     Delta E     Max Force     RMS Force      Max Disp      RMS Disp   
	----------------------------------------------------------------------------------------------
	  Convergence Criteria     1.00e-06 *    3.00e-04 *             o    1.20e-03 *             o
	----------------------------------------------------------------------------------------------
	    12    -186.87714383   -1.09e-05      2.40e-04 *    2.40e-04 o    1.17e-02      1.17e-02 o  ~
	----------------------------------------------------------------------------------------------


2025-07-17:09:52:28,848 INFO     [psi4.optking.stepAlgorithms:266] 	Convergence check returned False
2025-07-17:09:52:28,864 INFO     [psi4.driver.task_planner:285] PLANNING Atomic:  keywords={'DAMPING_PERCENTAGE': 1.0, 'GEOM_MAXITER': 500, 'SCF__GUESS': 'READ', 'GUESS': 'SAP', 'MAXITER': 500, 'REFERENCE': 'UKS', 'function_kwargs': {}}
2025-07-17:09:52:28,867 INFO     [psi4.driver.driver:636] Compute gradient(): method=b3lyp, basis=cc-pvdz, molecule=default, nre=10.9433748280123
2025-07-17:09:52:30,93 INFO     [psi4.driver.driver:639] Return gradient(): -186.87714551509956
2025-07-17:09:52:30,93 INFO     [psi4.driver.driver:640] [[-0.00000000  0.00000000 -0.00006123]
 [ 0.00000000 -0.00000000  0.00004059]]
2025-07-17:09:52:30,94 INFO     [psi4.optking.history:257] 	Performing BFGS update.
2025-07-17:09:52:30,94 INFO     [psi4.optking.history:268] 	Using 4 previous steps for update.
2025-07-17:09:52:30,94 INFO     [psi4.optking.history:302] 	Steps to be used in Hessian update:  12 11 10 9

2025-07-17:09:52:30,95 INFO     [psi4.optking.history:400] 	Updated Hessian (in au) 
 	   0.020234

2025-07-17:09:52:30,95 INFO     [psi4.optking.molsys:874] Projected (PHP) Hessian matrix
	   0.020234

2025-07-17:09:52:30,95 INFO     [psi4.optking.opt_helper:168] 
	         Geometry (au)                                       Gradient (au)
   0.0000000000   0.0000000000   3.3984347091		  -0.0000000000   0.0000000000  -0.0000612350
   0.0000000000   0.0000000000  -1.6274371873		   0.0000000000  -0.0000000000   0.0000405879

2025-07-17:09:52:30,95 INFO     [psi4.optking.stepAlgorithms:315] 	Current Step Report 
 
	Current energy:      -186.8771455151
	Energy change for the previous step:
		Actual       :        -0.0000016874
		Projected    :        -0.0000014064

2025-07-17:09:52:30,95 INFO     [psi4.optking.stepAlgorithms:318] 	Energy ratio =    1.19978
2025-07-17:09:52:30,95 INFO     [psi4.optking.stepAlgorithms:750] 	Using RFO solution 1.
2025-07-17:09:52:30,95 INFO     [psi4.optking.displace:73] 	Determining Cartesian step for fragment 1.
2025-07-17:09:52:30,95 INFO     [psi4.optking.displace:378] 	Successfully converged to displaced geometry.
2025-07-17:09:52:30,95 INFO     [psi4.optking.displace:379] 	RMS(dx):  0.000e+00 	Max(dx):  0.000e+00 	RMS(dq):  0.000e+00
2025-07-17:09:52:30,95 INFO     [psi4.optking.displace:132] 

	        --- Internal Coordinate Step in ANG or DEG, aJ/ANG or AJ/DEG ---
	-------------------------------------------------------------------------------
	           Coordinate      Previous         Force          Change          New 
	           ----------      --------        ------          ------        ------
	               R(1,2)       2.65958        0.00042        0.00133       2.66091
	-------------------------------------------------------------------------------

2025-07-17:09:52:30,95 INFO     [psi4.optking.stepAlgorithms:96] 	|target step| :    0.0025161023
2025-07-17:09:52:30,95 INFO     [psi4.optking.stepAlgorithms:97] 	gradient     :   -0.0000509114
2025-07-17:09:52:30,95 INFO     [psi4.optking.stepAlgorithms:98] 	hessian      :    0.0202341174
2025-07-17:09:52:30,95 INFO     [psi4.optking.stepAlgorithms:177] 	Norm of achieved step-size    0.0025161023
2025-07-17:09:52:30,95 INFO     [psi4.optking.stepAlgorithms:179] 	Norm of achieved step-size (cart):    0.0017791530
2025-07-17:09:52:30,96 INFO     [psi4.optking.opt_helper:151] Molsys:

	                            ===> Fragment 1 <== 

	 Z (Atomic Numbers)          Masses                          Geom                  
	       5.000000            11.009305          0.00000000  0.00000000  3.39969276   
	      11.000000            22.989769          0.00000000  0.00000000 -1.62869524   

	 - Coordinate -           - BOHR/RAD -       - ANG/DEG -
	 R(1,2)           =         5.028388           2.660908

2025-07-17:09:52:30,96 INFO     [psi4.optking.convcheck:71] Performing convergence check.
2025-07-17:09:52:30,96 INFO     [psi4.optking.convcheck:263] 
	                                 ==> Convergence Check <==                                  
    
	Measures of convergence in internal coordinates in au.
    
	Criteria marked as inactive (o), active & met (*), and active & unmet ( ).

	----------------------------------------------------------------------------------------------
	   Step    Total Energy     Delta E     Max Force     RMS Force      Max Disp      RMS Disp   
	----------------------------------------------------------------------------------------------
	  Convergence Criteria     1.00e-06 *    3.00e-04 *             o    1.20e-03 *             o
	----------------------------------------------------------------------------------------------
	    13    -186.87714552   -1.69e-06      5.09e-05 *    5.09e-05 o    2.52e-03      2.52e-03 o  ~
	----------------------------------------------------------------------------------------------


2025-07-17:09:52:30,96 INFO     [psi4.optking.stepAlgorithms:266] 	Convergence check returned False
2025-07-17:09:52:30,112 INFO     [psi4.driver.task_planner:285] PLANNING Atomic:  keywords={'DAMPING_PERCENTAGE': 1.0, 'GEOM_MAXITER': 500, 'SCF__GUESS': 'READ', 'GUESS': 'SAP', 'MAXITER': 500, 'REFERENCE': 'UKS', 'function_kwargs': {}}
2025-07-17:09:52:30,113 INFO     [psi4.driver.driver:636] Compute gradient(): method=b3lyp, basis=cc-pvdz, molecule=default, nre=10.937898987529609
2025-07-17:09:52:31,109 INFO     [psi4.driver.driver:639] Return gradient(): -186.87714559318468
2025-07-17:09:52:31,110 INFO     [psi4.driver.driver:640] [[ 0.00000000  0.00000000 -0.00002121]
 [ 0.00000000  0.00000000  0.00000065]]
2025-07-17:09:52:31,111 INFO     [psi4.optking.history:257] 	Performing BFGS update.
2025-07-17:09:52:31,111 INFO     [psi4.optking.history:268] 	Using 4 previous steps for update.
2025-07-17:09:52:31,111 INFO     [psi4.optking.history:302] 	Steps to be used in Hessian update:  13 12 11 10

2025-07-17:09:52:31,111 INFO     [psi4.optking.history:400] 	Updated Hessian (in au) 
 	   0.017342

2025-07-17:09:52:31,111 INFO     [psi4.optking.molsys:874] Projected (PHP) Hessian matrix
	   0.017342

2025-07-17:09:52:31,111 INFO     [psi4.optking.opt_helper:168] 
	         Geometry (au)                                       Gradient (au)
   0.0000000000   0.0000000000   3.4001360675		   0.0000000000   0.0000000000  -0.0000212111
   0.0000000000   0.0000000000  -1.6282519312		   0.0000000000   0.0000000000   0.0000006522

2025-07-17:09:52:31,111 INFO     [psi4.optking.stepAlgorithms:315] 	Current Step Report 
 
	Current energy:      -186.8771455932
	Energy change for the previous step:
		Actual       :        -0.0000000781
		Projected    :        -0.0000000640

2025-07-17:09:52:31,112 INFO     [psi4.optking.stepAlgorithms:318] 	Energy ratio =    1.21914
2025-07-17:09:52:31,112 INFO     [psi4.optking.stepAlgorithms:750] 	Using RFO solution 1.
2025-07-17:09:52:31,112 INFO     [psi4.optking.displace:73] 	Determining Cartesian step for fragment 1.
2025-07-17:09:52:31,112 INFO     [psi4.optking.displace:378] 	Successfully converged to displaced geometry.
2025-07-17:09:52:31,112 INFO     [psi4.optking.displace:379] 	RMS(dx):  0.000e+00 	Max(dx):  0.000e+00 	RMS(dq):  0.000e+00
2025-07-17:09:52:31,113 INFO     [psi4.optking.displace:132] 

	        --- Internal Coordinate Step in ANG or DEG, aJ/ANG or AJ/DEG ---
	-------------------------------------------------------------------------------
	           Coordinate      Previous         Force          Change          New 
	           ----------      --------        ------          ------        ------
	               R(1,2)       2.66091        0.00009        0.00033       2.66124
	-------------------------------------------------------------------------------

2025-07-17:09:52:31,113 INFO     [psi4.optking.stepAlgorithms:96] 	|target step| :    0.0006303576
2025-07-17:09:52:31,113 INFO     [psi4.optking.stepAlgorithms:97] 	gradient     :   -0.0000109317
2025-07-17:09:52:31,113 INFO     [psi4.optking.stepAlgorithms:98] 	hessian      :    0.0173419896
2025-07-17:09:52:31,113 INFO     [psi4.optking.stepAlgorithms:177] 	Norm of achieved step-size    0.0006303576
2025-07-17:09:52:31,113 INFO     [psi4.optking.stepAlgorithms:179] 	Norm of achieved step-size (cart):    0.0004457301
2025-07-17:09:52:31,113 INFO     [psi4.optking.opt_helper:151] Molsys:

	                            ===> Fragment 1 <== 

	 Z (Atomic Numbers)          Masses                          Geom                  
	       5.000000            11.009305          0.00000000  0.00000000  3.40045125   
	      11.000000            22.989769          0.00000000  0.00000000 -1.62856711   

	 - Coordinate -           - BOHR/RAD -       - ANG/DEG -
	 R(1,2)           =         5.029018           2.661242

2025-07-17:09:52:31,113 INFO     [psi4.optking.convcheck:71] Performing convergence check.
2025-07-17:09:52:31,113 INFO     [psi4.optking.convcheck:263] 
	                                 ==> Convergence Check <==                                  
    
	Measures of convergence in internal coordinates in au.
    
	Criteria marked as inactive (o), active & met (*), and active & unmet ( ).

	----------------------------------------------------------------------------------------------
	   Step    Total Energy     Delta E     Max Force     RMS Force      Max Disp      RMS Disp   
	----------------------------------------------------------------------------------------------
	  Convergence Criteria     1.00e-06 *    3.00e-04 *             o    1.20e-03 *             o
	----------------------------------------------------------------------------------------------
	    14    -186.87714559   -7.81e-08 *    1.09e-05 *    1.09e-05 o    6.30e-04 *    6.30e-04 o  ~
	----------------------------------------------------------------------------------------------


2025-07-17:09:52:31,114 INFO     [psi4.optking.convcheck:193] 
	                      ===> Final Convergence Report <===                     

	----------------------------------------------------------------------------
	|   Required Criteria    |  One or More Criteria  |   Alternate Criteria   |
	----------------------------------------------------------------------------
	| [x]     max_force      | [x]       max_DE       |                        |
	|                        | [x]      max_disp      |                        |
	----------------------------------------------------------------------------


2025-07-17:09:52:31,114 INFO     [psi4.optking.stepAlgorithms:266] 	Convergence check returned True
2025-07-17:09:52:31,114 INFO     [psi4.optking.optimize:286] 	Converged in 14 steps!
2025-07-17:09:52:31,114 INFO     [psi4.optking.optimize:287] 	Final energy is   -186.8771455931847
2025-07-17:09:52:31,114 INFO     [psi4.optking.optimize:288] 	Final structure (Angstroms): 
	Fragment 1 (Ang)

	    B   0.0000000000   0.0000000000   1.7994413055
	   Na   0.0000000000   0.0000000000  -0.8618006007


2025-07-17:09:52:31,115 INFO     [psi4.optking.optimize:432] 	Optimization Finished

	==> Optimization Summary <==

        
	Measures of convergence in internal coordinates in au. (Any backward steps not shown.)
        
	---------------------------------------------------------------------------------------------------------------  ~
        
	 Step         Total Energy             Delta E       MAX Force       RMS Force        MAX Disp        RMS Disp   ~
        
	---------------------------------------------------------------------------------------------------------------  ~
        
	     1    -186.443026784390   -186.443026784390      0.60683154      0.60683154      0.14216542      0.14216542  ~
	     2    -186.519586438316     -0.076559653926      0.47851624      0.47851624      0.21796235      0.21796235  ~
	     3    -186.608901080068     -0.089314641752      0.35088491      0.35088491      0.41051052      0.41051052  ~
	     4    -186.748998401123     -0.140097321055      0.23096861      0.23096861      0.55080043      0.55080043  ~
	     5    -186.833684001158     -0.084685600035      0.09389586      0.09389586      0.22919060      0.22919060  ~
	     6    -186.851348857871     -0.017664856713      0.06207594      0.06207594      0.38190440      0.38190440  ~
	     7    -186.868004772011     -0.016655914140      0.02850545      0.02850545      0.29589192      0.29589192  ~
	     8    -186.874052437598     -0.006047665587      0.01361876      0.01361876      0.25331978      0.25331978  ~
	     9    -186.876418813520     -0.002366375922      0.00564474      0.00564474      0.17389974      0.17389974  ~
	    10    -186.877051844647     -0.000633031128      0.00183308      0.00183308      0.06615656      0.06615656  ~
	    11    -186.877132955566     -0.000081110919      0.00064873      0.00064873      0.02466237      0.02466237  ~
	    12    -186.877143827683     -0.000010872117      0.00023967      0.00023967      0.01173645      0.01173645  ~
	    13    -186.877145515100     -0.000001687417      0.00005091      0.00005091      0.00251610      0.00251610  ~
	    14    -186.877145593185     -0.000000078085      0.00001093      0.00001093      0.00063036      0.00063036  ~
	----------------------------------------------------------------------------------------------------------------


2025-07-17:09:52:31,115 INFO     [psi4.optking.optimize:640] Preparing OptimizationResult
