2025-07-17:09:19:15,869 INFO     [psi4.optking.optwrapper:214] Creating a UserComputer
2025-07-17:09:19:15,869 INFO     [psi4.optking.optwrapper:222] 
    			-----------------------------------------

    			 OPTKING 3.0: for geometry optimizations 

    			     By R.A. King, Bethel University     

    			        with contributions from          

    			    A.V. Copan, J. Cayton, A. Heide      

    			-----------------------------------------

    
2025-07-17:09:19:15,869 INFO     [psi4.optking.optwrapper:238] 
		 -- Optimization Parameters --
	accept_symmetry_breaking       =           False
	alg_geom_maxiter               =             500
	bt_dx_conv                     =           1e-07
	bt_dx_rms_change_conv          =           1e-12
	bt_max_iter                    =              25
	cart_hess_read                 =           False
	consecutive_backsteps_allowed  =               0
	conv_max_DE                    =           1e-06
	conv_max_disp                  =          0.0012
	conv_max_force                 =          0.0003
	conv_rms_disp                  =              -1
	conv_rms_force                 =              -1
	covalent_connect               =             1.3
	dynamic_level                  =               0
	dynamic_level_max              =               0
	ensure_bt_convergence          =           False
	ext_force_bend                 =              []
	ext_force_cartesian            =              []
	ext_force_dihedral             =              []
	ext_force_distance             =              []
	ext_force_oofp                 =              []
	fix_val_near_pi                =            1.57
	flexible_g_convergence         =           False
	frag_mode                      =          SINGLE
	frag_ref_atoms                 =            None
	freeze_intrafrag               =           False
	frozen_bend                    =              []
	frozen_cartesian               =              []
	frozen_dihedral                =              []
	frozen_distance                =              []
	frozen_oofp                    =              []
	full_hess_every                =              -1
	g_convergence                  =           QCHEM
	generate_intcos_exit           =           False
	geom_maxiter                   =             500
	h_bond_connect                 =             4.3
	hess_update                    =            BFGS
	hess_update_den_tol            =           1e-07
	hess_update_dq_tol             =             0.5
	hess_update_limit              =            True
	hess_update_limit_max          =             1.0
	hess_update_limit_scale        =             0.5
	hess_update_use_last           =               4
	hessian_file                   =            None
	i_max_DE                       =            True
	i_max_disp                     =            True
	i_max_force                    =            True
	i_rms_disp                     =           False
	i_rms_force                    =           False
	i_untampered                   =            True
	include_oofp                   =           False
	interfrag_collinear_tol        =            0.01
	interfrag_coords               =            None
	interfrag_dist_inv             =           False
	interfrag_mode                 =           FIXED
	interfrag_trust                =             0.5
	interfrag_trust_max            =             1.0
	interfrag_trust_min            =           0.001
	interfragment_connect          =             1.8
	intrafrag_hess                 =        SCHLEGEL
	intrafrag_trust                =             0.5
	intrafrag_trust_max            =             1.0
	intrafrag_trust_min            =           0.001
	irc_direction                  =         FORWARD
	irc_points                     =              20
	irc_step_size                  =             0.2
	keep_intcos                    =           False
	linear_bend_threshold          =            3.05
	linesearch                     =           False
	linesearch_step                =             0.1
	max_disp_g_convergence         =          0.0012
	max_energy_g_convergence       =           1e-06
	max_force_g_convergence        =          0.0003
	opt_coordinates                =       REDUNDANT
	opt_type                       =             MIN
	output_type                    =            FILE
	print_lvl                      =               1
	program                        =            psi4
	ranged_bend                    =              []
	ranged_cartesian               =              []
	ranged_dihedral                =              []
	ranged_distance                =              []
	ranged_oofp                    =              []
	redundant_eval_tol             =           1e-10
	rfo_follow_root                =           False
	rfo_normalization_max          =             100
	rfo_root                       =               0
	rms_disp_g_convergence         =          0.0012
	rms_force_g_convergence        =          0.0003
	rsrfo_alpha_max                =     100000000.0
	sd_hessian                     =             1.0
	simple_step_scaling            =           False
	small_bend_fix_threshold       =            0.35
	steepest_descent_type          =         OVERLAP
	step_type                      =             RFO
	test_B                         =           False
	test_derivative_B              =           False
	trajectory                     =           False
	v3d_tors_angle_lim             =           0.017
	v3d_tors_cos_tol               =           1e-10
	working_consecutive_backsteps  =               0
	working_steps_since_last_H     =               0


2025-07-17:09:19:16,359 INFO     [psi4.optking.opt_helper:151] Molsys:

	                            ===> Fragment 1 <== 

	 Z (Atomic Numbers)          Masses                          Geom                  
	       2.000000             4.002603          0.00000000  0.00000000  1.76357541   
	       7.000000            14.003074          0.00000000  0.00000000 -0.50409594   

	 - Coordinate -           - BOHR/RAD -       - ANG/DEG -
	 R(1,2)           =         2.267671           1.200000

2025-07-17:09:19:16,369 INFO     [psi4.driver.task_planner:285] PLANNING Atomic:  keywords={'DAMPING_PERCENTAGE': 1.0, 'GEOM_MAXITER': 500, 'GUESS': 'SAP', 'MAXITER': 500, 'REFERENCE': 'UKS', 'function_kwargs': {}}
2025-07-17:09:19:16,371 INFO     [psi4.driver.driver:636] Compute gradient(): method=b3lyp, basis=cc-pvdz, molecule=default, nre=6.173734124483334
2025-07-17:09:19:16,974 INFO     [psi4.driver.driver:639] Return gradient(): -57.319344346999706
2025-07-17:09:19:16,974 INFO     [psi4.driver.driver:640] [[ 0.00000000  0.00000000 -0.06543690]
 [-0.00000000  0.00000000  0.06543552]]
2025-07-17:09:19:16,981 INFO     [psi4.optking.molsys:874] Projected (PHP) Hessian matrix
	   0.246653

2025-07-17:09:19:16,981 INFO     [psi4.optking.opt_helper:168] 
	         Geometry (au)                                       Gradient (au)
   0.0000000000   0.0000000000   1.7635754148		   0.0000000000   0.0000000000  -0.0654368989
   0.0000000000   0.0000000000  -0.5040959358		  -0.0000000000   0.0000000000   0.0654355175

2025-07-17:09:19:16,981 INFO     [psi4.optking.stepAlgorithms:750] 	Using RFO solution 1.
2025-07-17:09:19:16,981 INFO     [psi4.optking.displace:73] 	Determining Cartesian step for fragment 1.
2025-07-17:09:19:16,981 INFO     [psi4.optking.displace:378] 	Successfully converged to displaced geometry.
2025-07-17:09:19:16,981 INFO     [psi4.optking.displace:379] 	RMS(dx):  0.000e+00 	Max(dx):  0.000e+00 	RMS(dq):  0.000e+00
2025-07-17:09:19:16,981 INFO     [psi4.optking.displace:132] 

	        --- Internal Coordinate Step in ANG or DEG, aJ/ANG or AJ/DEG ---
	-------------------------------------------------------------------------------
	           Coordinate      Previous         Force          Change          New 
	           ----------      --------        ------          ------        ------
	               R(1,2)       1.20000        0.53911        0.13169       1.33169
	-------------------------------------------------------------------------------

2025-07-17:09:19:16,982 INFO     [psi4.optking.stepAlgorithms:96] 	|target step| :    0.2488658688
2025-07-17:09:19:16,982 INFO     [psi4.optking.stepAlgorithms:97] 	gradient     :   -0.0654362082
2025-07-17:09:19:16,982 INFO     [psi4.optking.stepAlgorithms:98] 	hessian      :    0.2466528172
2025-07-17:09:19:16,982 INFO     [psi4.optking.stepAlgorithms:177] 	Norm of achieved step-size    0.2488658688
2025-07-17:09:19:16,982 INFO     [psi4.optking.stepAlgorithms:179] 	Norm of achieved step-size (cart):    0.1759747435
2025-07-17:09:19:16,982 INFO     [psi4.optking.opt_helper:151] Molsys:

	                            ===> Fragment 1 <== 

	 Z (Atomic Numbers)          Masses                          Geom                  
	       2.000000             4.002603          0.00000000  0.00000000  1.88800835   
	       7.000000            14.003074          0.00000000  0.00000000 -0.62852887   

	 - Coordinate -           - BOHR/RAD -       - ANG/DEG -
	 R(1,2)           =         2.516537           1.331694

2025-07-17:09:19:16,982 INFO     [psi4.optking.convcheck:71] Performing convergence check.
2025-07-17:09:19:16,982 INFO     [psi4.optking.convcheck:263] 
	                                 ==> Convergence Check <==                                  
    
	Measures of convergence in internal coordinates in au.
    
	Criteria marked as inactive (o), active & met (*), and active & unmet ( ).

	----------------------------------------------------------------------------------------------
	   Step    Total Energy     Delta E     Max Force     RMS Force      Max Disp      RMS Disp   
	----------------------------------------------------------------------------------------------
	  Convergence Criteria     1.00e-06 *    3.00e-04 *             o    1.20e-03 *             o
	----------------------------------------------------------------------------------------------
	     1     -57.31934435   -5.73e+01      6.54e-02      6.54e-02 o    2.49e-01      2.49e-01 o  ~
	----------------------------------------------------------------------------------------------


2025-07-17:09:19:16,982 INFO     [psi4.optking.stepAlgorithms:266] 	Convergence check returned False
2025-07-17:09:19:16,997 INFO     [psi4.driver.task_planner:285] PLANNING Atomic:  keywords={'DAMPING_PERCENTAGE': 1.0, 'GEOM_MAXITER': 500, 'SCF__GUESS': 'READ', 'GUESS': 'SAP', 'MAXITER': 500, 'REFERENCE': 'UKS', 'function_kwargs': {}}
2025-07-17:09:19:16,999 INFO     [psi4.driver.driver:636] Compute gradient(): method=b3lyp, basis=cc-pvdz, molecule=default, nre=5.563200056089785
2025-07-17:09:19:17,621 INFO     [psi4.driver.driver:639] Return gradient(): -57.332547990240336
2025-07-17:09:19:17,621 INFO     [psi4.driver.driver:640] [[ 0.00000000 -0.00000000 -0.04280297]
 [ 0.00000000  0.00000000  0.04280238]]
2025-07-17:09:19:17,623 INFO     [psi4.optking.history:257] 	Performing BFGS update.
2025-07-17:09:19:17,623 INFO     [psi4.optking.history:268] 	Using 1 previous steps for update.
2025-07-17:09:19:17,623 INFO     [psi4.optking.history:302] 	Steps to be used in Hessian update:  1

2025-07-17:09:19:17,623 INFO     [psi4.optking.history:400] 	Updated Hessian (in au) 
 	   0.090947

2025-07-17:09:19:17,624 INFO     [psi4.optking.molsys:874] Projected (PHP) Hessian matrix
	   0.090947

2025-07-17:09:19:17,624 INFO     [psi4.optking.opt_helper:168] 
	         Geometry (au)                                       Gradient (au)
   0.0000000000   0.0000000000   1.9571192137		   0.0000000000  -0.0000000000  -0.0428029667
   0.0000000000   0.0000000000  -0.5594180057		   0.0000000000   0.0000000000   0.0428023814

2025-07-17:09:19:17,624 INFO     [psi4.optking.stepAlgorithms:315] 	Current Step Report 
 
	Current energy:       -57.3325479902
	Energy change for the previous step:
		Actual       :        -0.0132036432
		Projected    :        -0.0081424194

2025-07-17:09:19:17,624 INFO     [psi4.optking.stepAlgorithms:318] 	Energy ratio =    1.62159
2025-07-17:09:19:17,624 INFO     [psi4.optking.stepAlgorithms:346] 	Energy ratio indicates good step.
2025-07-17:09:19:17,624 INFO     [psi4.optking.stepAlgorithms:347] 	Intrafrag trust radius increased to 1.000e+00.
2025-07-17:09:19:17,624 INFO     [psi4.optking.stepAlgorithms:750] 	Using RFO solution 1.
2025-07-17:09:19:17,624 INFO     [psi4.optking.displace:73] 	Determining Cartesian step for fragment 1.
2025-07-17:09:19:17,624 INFO     [psi4.optking.displace:378] 	Successfully converged to displaced geometry.
2025-07-17:09:19:17,624 INFO     [psi4.optking.displace:379] 	RMS(dx):  0.000e+00 	Max(dx):  0.000e+00 	RMS(dq):  0.000e+00
2025-07-17:09:19:17,625 INFO     [psi4.optking.displace:132] 

	        --- Internal Coordinate Step in ANG or DEG, aJ/ANG or AJ/DEG ---
	-------------------------------------------------------------------------------
	           Coordinate      Previous         Force          Change          New 
	           ----------      --------        ------          ------        ------
	               R(1,2)       1.33169        0.35264        0.20987       1.54157
	-------------------------------------------------------------------------------

2025-07-17:09:19:17,625 INFO     [psi4.optking.stepAlgorithms:96] 	|target step| :    0.3966056524
2025-07-17:09:19:17,625 INFO     [psi4.optking.stepAlgorithms:97] 	gradient     :   -0.0428026740
2025-07-17:09:19:17,625 INFO     [psi4.optking.stepAlgorithms:98] 	hessian      :    0.0909467188
2025-07-17:09:19:17,625 INFO     [psi4.optking.stepAlgorithms:177] 	Norm of achieved step-size    0.3966056524
2025-07-17:09:19:17,625 INFO     [psi4.optking.stepAlgorithms:179] 	Norm of achieved step-size (cart):    0.2804425463
2025-07-17:09:19:17,625 INFO     [psi4.optking.opt_helper:151] Molsys:

	                            ===> Fragment 1 <== 

	 Z (Atomic Numbers)          Masses                          Geom                  
	       2.000000             4.002603          0.00000000  0.00000000  2.15542204   
	       7.000000            14.003074          0.00000000  0.00000000 -0.75772083   

	 - Coordinate -           - BOHR/RAD -       - ANG/DEG -
	 R(1,2)           =         2.913143           1.541569

2025-07-17:09:19:17,625 INFO     [psi4.optking.convcheck:71] Performing convergence check.
2025-07-17:09:19:17,625 INFO     [psi4.optking.convcheck:263] 
	                                 ==> Convergence Check <==                                  
    
	Measures of convergence in internal coordinates in au.
    
	Criteria marked as inactive (o), active & met (*), and active & unmet ( ).

	----------------------------------------------------------------------------------------------
	   Step    Total Energy     Delta E     Max Force     RMS Force      Max Disp      RMS Disp   
	----------------------------------------------------------------------------------------------
	  Convergence Criteria     1.00e-06 *    3.00e-04 *             o    1.20e-03 *             o
	----------------------------------------------------------------------------------------------
	     2     -57.33254799   -1.32e-02      4.28e-02      4.28e-02 o    3.97e-01      3.97e-01 o  ~
	----------------------------------------------------------------------------------------------


2025-07-17:09:19:17,625 INFO     [psi4.optking.stepAlgorithms:266] 	Convergence check returned False
2025-07-17:09:19:17,639 INFO     [psi4.driver.task_planner:285] PLANNING Atomic:  keywords={'DAMPING_PERCENTAGE': 1.0, 'GEOM_MAXITER': 500, 'SCF__GUESS': 'READ', 'GUESS': 'SAP', 'MAXITER': 500, 'REFERENCE': 'UKS', 'function_kwargs': {}}
2025-07-17:09:19:17,641 INFO     [psi4.driver.driver:636] Compute gradient(): method=b3lyp, basis=cc-pvdz, molecule=default, nre=4.805806174340992
2025-07-17:09:19:18,220 INFO     [psi4.driver.driver:639] Return gradient(): -57.34507012024553
2025-07-17:09:19:18,220 INFO     [psi4.driver.driver:640] [[ 0.00000000 -0.00000000 -0.02233175]
 [ 0.00000000 -0.00000000  0.02233114]]
2025-07-17:09:19:18,223 INFO     [psi4.optking.history:257] 	Performing BFGS update.
2025-07-17:09:19:18,224 INFO     [psi4.optking.history:268] 	Using 2 previous steps for update.
2025-07-17:09:19:18,224 WARNING  [psi4.optking.history:286] 	Change in internal coordinate of 6.45e-01 exceeds limit of 5.00e-01.
2025-07-17:09:19:18,224 WARNING  [psi4.optking.history:291] 	Skipping Hessian update for step 1.
2025-07-17:09:19:18,224 INFO     [psi4.optking.history:302] 	Steps to be used in Hessian update:  2

2025-07-17:09:19:18,224 INFO     [psi4.optking.history:400] 	Updated Hessian (in au) 
 	   0.051616

2025-07-17:09:19:18,225 INFO     [psi4.optking.molsys:874] Projected (PHP) Hessian matrix
	   0.051616

2025-07-17:09:19:18,225 INFO     [psi4.optking.opt_helper:168] 
	         Geometry (au)                                       Gradient (au)
   0.0000000000   0.0000000000   2.2655607247		   0.0000000000  -0.0000000000  -0.0223317491
   0.0000000000   0.0000000000  -0.6475821471		   0.0000000000  -0.0000000000   0.0223311437

2025-07-17:09:19:18,225 INFO     [psi4.optking.stepAlgorithms:315] 	Current Step Report 
 
	Current energy:       -57.3450701202
	Energy change for the previous step:
		Actual       :        -0.0125221300
		Projected    :        -0.0084878912

2025-07-17:09:19:18,225 INFO     [psi4.optking.stepAlgorithms:318] 	Energy ratio =    1.47529
2025-07-17:09:19:18,225 INFO     [psi4.optking.stepAlgorithms:750] 	Using RFO solution 1.
2025-07-17:09:19:18,225 INFO     [psi4.optking.displace:73] 	Determining Cartesian step for fragment 1.
2025-07-17:09:19:18,226 INFO     [psi4.optking.displace:378] 	Successfully converged to displaced geometry.
2025-07-17:09:19:18,226 INFO     [psi4.optking.displace:379] 	RMS(dx):  1.282e-16 	Max(dx):  2.220e-16 	RMS(dq):  4.441e-16
2025-07-17:09:19:18,226 INFO     [psi4.optking.displace:132] 

	        --- Internal Coordinate Step in ANG or DEG, aJ/ANG or AJ/DEG ---
	-------------------------------------------------------------------------------
	           Coordinate      Previous         Force          Change          New 
	           ----------      --------        ------          ------        ------
	               R(1,2)       1.54157        0.18398        0.19716       1.73873
	-------------------------------------------------------------------------------

2025-07-17:09:19:18,226 INFO     [psi4.optking.stepAlgorithms:96] 	|target step| :    0.3725854176
2025-07-17:09:19:18,226 INFO     [psi4.optking.stepAlgorithms:97] 	gradient     :   -0.0223314464
2025-07-17:09:19:18,227 INFO     [psi4.optking.stepAlgorithms:98] 	hessian      :    0.0516160764
2025-07-17:09:19:18,227 INFO     [psi4.optking.stepAlgorithms:177] 	Norm of achieved step-size    0.3725854176
2025-07-17:09:19:18,227 INFO     [psi4.optking.stepAlgorithms:179] 	Norm of achieved step-size (cart):    0.2634576754
2025-07-17:09:19:18,227 INFO     [psi4.optking.opt_helper:151] Molsys:

	                            ===> Fragment 1 <== 

	 Z (Atomic Numbers)          Masses                          Geom                  
	       2.000000             4.002603          0.00000000  0.00000000  2.45185343   
	       7.000000            14.003074          0.00000000  0.00000000 -0.83387486   

	 - Coordinate -           - BOHR/RAD -       - ANG/DEG -
	 R(1,2)           =         3.285728           1.738733

2025-07-17:09:19:18,227 INFO     [psi4.optking.convcheck:71] Performing convergence check.
2025-07-17:09:19:18,228 INFO     [psi4.optking.convcheck:263] 
	                                 ==> Convergence Check <==                                  
    
	Measures of convergence in internal coordinates in au.
    
	Criteria marked as inactive (o), active & met (*), and active & unmet ( ).

	----------------------------------------------------------------------------------------------
	   Step    Total Energy     Delta E     Max Force     RMS Force      Max Disp      RMS Disp   
	----------------------------------------------------------------------------------------------
	  Convergence Criteria     1.00e-06 *    3.00e-04 *             o    1.20e-03 *             o
	----------------------------------------------------------------------------------------------
	     3     -57.34507012   -1.25e-02      2.23e-02      2.23e-02 o    3.73e-01      3.73e-01 o  ~
	----------------------------------------------------------------------------------------------


2025-07-17:09:19:18,228 INFO     [psi4.optking.stepAlgorithms:266] 	Convergence check returned False
2025-07-17:09:19:18,246 INFO     [psi4.driver.task_planner:285] PLANNING Atomic:  keywords={'DAMPING_PERCENTAGE': 1.0, 'GEOM_MAXITER': 500, 'SCF__GUESS': 'READ', 'GUESS': 'SAP', 'MAXITER': 500, 'REFERENCE': 'UKS', 'function_kwargs': {}}
2025-07-17:09:19:18,248 INFO     [psi4.driver.driver:636] Compute gradient(): method=b3lyp, basis=cc-pvdz, molecule=default, nre=4.260851405456099
2025-07-17:09:19:18,822 INFO     [psi4.driver.driver:639] Return gradient(): -57.35112755242791
2025-07-17:09:19:18,823 INFO     [psi4.driver.driver:640] [[ 0.00000000  0.00000000 -0.01115155]
 [ 0.00000000  0.00000000  0.01115596]]
2025-07-17:09:19:18,824 INFO     [psi4.optking.history:257] 	Performing BFGS update.
2025-07-17:09:19:18,824 INFO     [psi4.optking.history:268] 	Using 3 previous steps for update.
2025-07-17:09:19:18,824 WARNING  [psi4.optking.history:286] 	Change in internal coordinate of 7.69e-01 exceeds limit of 5.00e-01.
2025-07-17:09:19:18,824 WARNING  [psi4.optking.history:291] 	Skipping Hessian update for step 2.
2025-07-17:09:19:18,824 WARNING  [psi4.optking.history:286] 	Change in internal coordinate of 1.02e+00 exceeds limit of 5.00e-01.
2025-07-17:09:19:18,824 WARNING  [psi4.optking.history:291] 	Skipping Hessian update for step 1.
2025-07-17:09:19:18,824 INFO     [psi4.optking.history:302] 	Steps to be used in Hessian update:  3

2025-07-17:09:19:18,824 INFO     [psi4.optking.history:400] 	Updated Hessian (in au) 
 	   0.030000

2025-07-17:09:19:18,824 INFO     [psi4.optking.molsys:874] Projected (PHP) Hessian matrix
	   0.030000

2025-07-17:09:19:18,824 INFO     [psi4.optking.opt_helper:168] 
	         Geometry (au)                                       Gradient (au)
   0.0000000000   0.0000000000   2.5553216208		   0.0000000000   0.0000000000  -0.0111515467
   0.0000000000   0.0000000000  -0.7304066687		   0.0000000000   0.0000000000   0.0111559563

2025-07-17:09:19:18,824 INFO     [psi4.optking.stepAlgorithms:315] 	Current Step Report 
 
	Current energy:       -57.3511275524
	Energy change for the previous step:
		Actual       :        -0.0060574322
		Projected    :        -0.0041601856

2025-07-17:09:19:18,824 INFO     [psi4.optking.stepAlgorithms:318] 	Energy ratio =    1.45605
2025-07-17:09:19:18,825 INFO     [psi4.optking.stepAlgorithms:750] 	Using RFO solution 1.
2025-07-17:09:19:18,825 INFO     [psi4.optking.displace:73] 	Determining Cartesian step for fragment 1.
2025-07-17:09:19:18,825 INFO     [psi4.optking.displace:378] 	Successfully converged to displaced geometry.
2025-07-17:09:19:18,825 INFO     [psi4.optking.displace:379] 	RMS(dx):  0.000e+00 	Max(dx):  0.000e+00 	RMS(dq):  0.000e+00
2025-07-17:09:19:18,825 INFO     [psi4.optking.displace:132] 

	        --- Internal Coordinate Step in ANG or DEG, aJ/ANG or AJ/DEG ---
	-------------------------------------------------------------------------------
	           Coordinate      Previous         Force          Change          New 
	           ----------      --------        ------          ------        ------
	               R(1,2)       1.73873        0.09189        0.17518       1.91391
	-------------------------------------------------------------------------------

2025-07-17:09:19:18,825 INFO     [psi4.optking.stepAlgorithms:96] 	|target step| :    0.3310432734
2025-07-17:09:19:18,825 INFO     [psi4.optking.stepAlgorithms:97] 	gradient     :   -0.0111537515
2025-07-17:09:19:18,825 INFO     [psi4.optking.stepAlgorithms:98] 	hessian      :    0.0300003552
2025-07-17:09:19:18,825 INFO     [psi4.optking.stepAlgorithms:177] 	Norm of achieved step-size    0.3310432734
2025-07-17:09:19:18,825 INFO     [psi4.optking.stepAlgorithms:179] 	Norm of achieved step-size (cart):    0.2340829435
2025-07-17:09:19:18,825 INFO     [psi4.optking.opt_helper:151] Molsys:

	                            ===> Fragment 1 <== 

	 Z (Atomic Numbers)          Masses                          Geom                  
	       2.000000             4.002603          0.00000000  0.00000000  2.72084326   
	       7.000000            14.003074          0.00000000  0.00000000 -0.89592831   

	 - Coordinate -           - BOHR/RAD -       - ANG/DEG -
	 R(1,2)           =         3.616772           1.913913

2025-07-17:09:19:18,825 INFO     [psi4.optking.convcheck:71] Performing convergence check.
2025-07-17:09:19:18,825 INFO     [psi4.optking.convcheck:263] 
	                                 ==> Convergence Check <==                                  
    
	Measures of convergence in internal coordinates in au.
    
	Criteria marked as inactive (o), active & met (*), and active & unmet ( ).

	----------------------------------------------------------------------------------------------
	   Step    Total Energy     Delta E     Max Force     RMS Force      Max Disp      RMS Disp   
	----------------------------------------------------------------------------------------------
	  Convergence Criteria     1.00e-06 *    3.00e-04 *             o    1.20e-03 *             o
	----------------------------------------------------------------------------------------------
	     4     -57.35112755   -6.06e-03      1.12e-02      1.12e-02 o    3.31e-01      3.31e-01 o  ~
	----------------------------------------------------------------------------------------------


2025-07-17:09:19:18,825 INFO     [psi4.optking.stepAlgorithms:266] 	Convergence check returned False
2025-07-17:09:19:18,837 INFO     [psi4.driver.task_planner:285] PLANNING Atomic:  keywords={'DAMPING_PERCENTAGE': 1.0, 'GEOM_MAXITER': 500, 'SCF__GUESS': 'READ', 'GUESS': 'SAP', 'MAXITER': 500, 'REFERENCE': 'UKS', 'function_kwargs': {}}
2025-07-17:09:19:18,837 INFO     [psi4.driver.driver:636] Compute gradient(): method=b3lyp, basis=cc-pvdz, molecule=default, nre=3.8708554733510816
2025-07-17:09:19:19,423 INFO     [psi4.driver.driver:639] Return gradient(): -57.35377141545986
2025-07-17:09:19:19,428 INFO     [psi4.driver.driver:640] [[ 0.00000000 -0.00000000 -0.00534808]
 [ 0.00000000  0.00000000  0.00535002]]
2025-07-17:09:19:19,429 INFO     [psi4.optking.history:257] 	Performing BFGS update.
2025-07-17:09:19:19,429 INFO     [psi4.optking.history:268] 	Using 4 previous steps for update.
2025-07-17:09:19:19,429 WARNING  [psi4.optking.history:286] 	Change in internal coordinate of 7.04e-01 exceeds limit of 5.00e-01.
2025-07-17:09:19:19,429 WARNING  [psi4.optking.history:291] 	Skipping Hessian update for step 3.
2025-07-17:09:19:19,429 WARNING  [psi4.optking.history:286] 	Change in internal coordinate of 1.10e+00 exceeds limit of 5.00e-01.
2025-07-17:09:19:19,429 WARNING  [psi4.optking.history:291] 	Skipping Hessian update for step 2.
2025-07-17:09:19:19,429 WARNING  [psi4.optking.history:286] 	Change in internal coordinate of 1.35e+00 exceeds limit of 5.00e-01.
2025-07-17:09:19:19,429 WARNING  [psi4.optking.history:291] 	Skipping Hessian update for step 1.
2025-07-17:09:19:19,429 INFO     [psi4.optking.history:302] 	Steps to be used in Hessian update:  4

2025-07-17:09:19:19,429 INFO     [psi4.optking.history:400] 	Updated Hessian (in au) 
 	   0.017535

2025-07-17:09:19:19,429 INFO     [psi4.optking.molsys:874] Projected (PHP) Hessian matrix
	   0.017535

2025-07-17:09:19:19,430 INFO     [psi4.optking.opt_helper:168] 
	         Geometry (au)                                       Gradient (au)
   0.0000000000   0.0000000000   2.8127750556		   0.0000000000  -0.0000000000  -0.0053480769
   0.0000000000   0.0000000000  -0.8039965073		   0.0000000000   0.0000000000   0.0053500208

2025-07-17:09:19:19,430 INFO     [psi4.optking.stepAlgorithms:315] 	Current Step Report 
 
	Current energy:       -57.3537714155
	Energy change for the previous step:
		Actual       :        -0.0026438630
		Projected    :        -0.0018461872

2025-07-17:09:19:19,430 INFO     [psi4.optking.stepAlgorithms:318] 	Energy ratio =    1.43207
2025-07-17:09:19:19,430 INFO     [psi4.optking.stepAlgorithms:750] 	Using RFO solution 1.
2025-07-17:09:19:19,430 INFO     [psi4.optking.displace:73] 	Determining Cartesian step for fragment 1.
2025-07-17:09:19:19,430 INFO     [psi4.optking.displace:378] 	Successfully converged to displaced geometry.
2025-07-17:09:19:19,430 INFO     [psi4.optking.displace:379] 	RMS(dx):  0.000e+00 	Max(dx):  0.000e+00 	RMS(dq):  0.000e+00
2025-07-17:09:19:19,430 INFO     [psi4.optking.displace:132] 

	        --- Internal Coordinate Step in ANG or DEG, aJ/ANG or AJ/DEG ---
	-------------------------------------------------------------------------------
	           Coordinate      Previous         Force          Change          New 
	           ----------      --------        ------          ------        ------
	               R(1,2)       1.91391        0.04407        0.14869       2.06260
	-------------------------------------------------------------------------------

2025-07-17:09:19:19,430 INFO     [psi4.optking.stepAlgorithms:96] 	|target step| :    0.2809740709
2025-07-17:09:19:19,430 INFO     [psi4.optking.stepAlgorithms:97] 	gradient     :   -0.0053490488
2025-07-17:09:19:19,430 INFO     [psi4.optking.stepAlgorithms:98] 	hessian      :    0.0175345737
2025-07-17:09:19:19,430 INFO     [psi4.optking.stepAlgorithms:177] 	Norm of achieved step-size    0.2809740709
2025-07-17:09:19:19,430 INFO     [psi4.optking.stepAlgorithms:179] 	Norm of achieved step-size (cart):    0.1986786709
2025-07-17:09:19:19,430 INFO     [psi4.optking.opt_helper:151] Molsys:

	                            ===> Fragment 1 <== 

	 Z (Atomic Numbers)          Masses                          Geom                  
	       2.000000             4.002603          0.00000000  0.00000000  2.95326209   
	       7.000000            14.003074          0.00000000  0.00000000 -0.94448354   

	 - Coordinate -           - BOHR/RAD -       - ANG/DEG -
	 R(1,2)           =         3.897746           2.062598

2025-07-17:09:19:19,430 INFO     [psi4.optking.convcheck:71] Performing convergence check.
2025-07-17:09:19:19,431 INFO     [psi4.optking.convcheck:263] 
	                                 ==> Convergence Check <==                                  
    
	Measures of convergence in internal coordinates in au.
    
	Criteria marked as inactive (o), active & met (*), and active & unmet ( ).

	----------------------------------------------------------------------------------------------
	   Step    Total Energy     Delta E     Max Force     RMS Force      Max Disp      RMS Disp   
	----------------------------------------------------------------------------------------------
	  Convergence Criteria     1.00e-06 *    3.00e-04 *             o    1.20e-03 *             o
	----------------------------------------------------------------------------------------------
	     5     -57.35377142   -2.64e-03      5.35e-03      5.35e-03 o    2.81e-01      2.81e-01 o  ~
	----------------------------------------------------------------------------------------------


2025-07-17:09:19:19,431 INFO     [psi4.optking.stepAlgorithms:266] 	Convergence check returned False
2025-07-17:09:19:19,447 INFO     [psi4.driver.task_planner:285] PLANNING Atomic:  keywords={'DAMPING_PERCENTAGE': 1.0, 'GEOM_MAXITER': 500, 'SCF__GUESS': 'READ', 'GUESS': 'SAP', 'MAXITER': 500, 'REFERENCE': 'UKS', 'function_kwargs': {}}
2025-07-17:09:19:19,449 INFO     [psi4.driver.driver:636] Compute gradient(): method=b3lyp, basis=cc-pvdz, molecule=default, nre=3.5918198146977645
2025-07-17:09:19:20,13 INFO     [psi4.driver.driver:639] Return gradient(): -57.35484737099689
2025-07-17:09:19:20,13 INFO     [psi4.driver.driver:640] [[ 0.00000000 -0.00000000 -0.00257204]
 [-0.00000000 -0.00000000  0.00257295]]
2025-07-17:09:19:20,14 INFO     [psi4.optking.history:257] 	Performing BFGS update.
2025-07-17:09:19:20,14 INFO     [psi4.optking.history:268] 	Using 4 previous steps for update.
2025-07-17:09:19:20,14 WARNING  [psi4.optking.history:286] 	Change in internal coordinate of 6.12e-01 exceeds limit of 5.00e-01.
2025-07-17:09:19:20,14 WARNING  [psi4.optking.history:291] 	Skipping Hessian update for step 4.
2025-07-17:09:19:20,14 WARNING  [psi4.optking.history:286] 	Change in internal coordinate of 9.85e-01 exceeds limit of 5.00e-01.
2025-07-17:09:19:20,14 WARNING  [psi4.optking.history:291] 	Skipping Hessian update for step 3.
2025-07-17:09:19:20,14 WARNING  [psi4.optking.history:286] 	Change in internal coordinate of 1.38e+00 exceeds limit of 5.00e-01.
2025-07-17:09:19:20,14 WARNING  [psi4.optking.history:291] 	Skipping Hessian update for step 2.
2025-07-17:09:19:20,14 WARNING  [psi4.optking.history:286] 	Change in internal coordinate of 1.63e+00 exceeds limit of 5.00e-01.
2025-07-17:09:19:20,14 WARNING  [psi4.optking.history:291] 	Skipping Hessian update for step 1.
2025-07-17:09:19:20,14 INFO     [psi4.optking.history:302] 	Steps to be used in Hessian update:  5

2025-07-17:09:19:20,15 INFO     [psi4.optking.history:400] 	Updated Hessian (in au) 
 	   0.009882

2025-07-17:09:19:20,15 INFO     [psi4.optking.molsys:874] Projected (PHP) Hessian matrix
	   0.009882

2025-07-17:09:19:20,15 INFO     [psi4.optking.opt_helper:168] 
	         Geometry (au)                                       Gradient (au)
   0.0000000000   0.0000000000   3.0312895081		   0.0000000000  -0.0000000000  -0.0025720357
   0.0000000000   0.0000000000  -0.8664561257		  -0.0000000000  -0.0000000000   0.0025729452

2025-07-17:09:19:20,15 INFO     [psi4.optking.stepAlgorithms:315] 	Current Step Report 
 
	Current energy:       -57.3548473710
	Energy change for the previous step:
		Actual       :        -0.0010759555
		Projected    :        -0.0007514720

2025-07-17:09:19:20,15 INFO     [psi4.optking.stepAlgorithms:318] 	Energy ratio =    1.43180
2025-07-17:09:19:20,15 INFO     [psi4.optking.stepAlgorithms:750] 	Using RFO solution 1.
2025-07-17:09:19:20,15 INFO     [psi4.optking.displace:73] 	Determining Cartesian step for fragment 1.
2025-07-17:09:19:20,15 INFO     [psi4.optking.displace:378] 	Successfully converged to displaced geometry.
2025-07-17:09:19:20,15 INFO     [psi4.optking.displace:379] 	RMS(dx):  2.564e-16 	Max(dx):  4.441e-16 	RMS(dq):  0.000e+00
2025-07-17:09:19:20,15 INFO     [psi4.optking.displace:132] 

	        --- Internal Coordinate Step in ANG or DEG, aJ/ANG or AJ/DEG ---
	-------------------------------------------------------------------------------
	           Coordinate      Previous         Force          Change          New 
	           ----------      --------        ------          ------        ------
	               R(1,2)       2.06260        0.02119        0.12951       2.19210
	-------------------------------------------------------------------------------

2025-07-17:09:19:20,15 INFO     [psi4.optking.stepAlgorithms:96] 	|target step| :    0.2447316889
2025-07-17:09:19:20,15 INFO     [psi4.optking.stepAlgorithms:97] 	gradient     :   -0.0025724904
2025-07-17:09:19:20,15 INFO     [psi4.optking.stepAlgorithms:98] 	hessian      :    0.0098819026
2025-07-17:09:19:20,15 INFO     [psi4.optking.stepAlgorithms:177] 	Norm of achieved step-size    0.2447316889
2025-07-17:09:19:20,15 INFO     [psi4.optking.stepAlgorithms:179] 	Norm of achieved step-size (cart):    0.1730514368
2025-07-17:09:19:20,15 INFO     [psi4.optking.opt_helper:151] Molsys:

	                            ===> Fragment 1 <== 

	 Z (Atomic Numbers)          Masses                          Geom                  
	       2.000000             4.002603          0.00000000  0.00000000  3.15365535   
	       7.000000            14.003074          0.00000000  0.00000000 -0.98882197   

	 - Coordinate -           - BOHR/RAD -       - ANG/DEG -
	 R(1,2)           =         4.142477           2.192105

2025-07-17:09:19:20,16 INFO     [psi4.optking.convcheck:71] Performing convergence check.
2025-07-17:09:19:20,16 INFO     [psi4.optking.convcheck:263] 
	                                 ==> Convergence Check <==                                  
    
	Measures of convergence in internal coordinates in au.
    
	Criteria marked as inactive (o), active & met (*), and active & unmet ( ).

	----------------------------------------------------------------------------------------------
	   Step    Total Energy     Delta E     Max Force     RMS Force      Max Disp      RMS Disp   
	----------------------------------------------------------------------------------------------
	  Convergence Criteria     1.00e-06 *    3.00e-04 *             o    1.20e-03 *             o
	----------------------------------------------------------------------------------------------
	     6     -57.35484737   -1.08e-03      2.57e-03      2.57e-03 o    2.45e-01      2.45e-01 o  ~
	----------------------------------------------------------------------------------------------


2025-07-17:09:19:20,16 INFO     [psi4.optking.stepAlgorithms:266] 	Convergence check returned False
2025-07-17:09:19:20,31 INFO     [psi4.driver.task_planner:285] PLANNING Atomic:  keywords={'DAMPING_PERCENTAGE': 1.0, 'GEOM_MAXITER': 500, 'SCF__GUESS': 'READ', 'GUESS': 'SAP', 'MAXITER': 500, 'REFERENCE': 'UKS', 'function_kwargs': {}}
2025-07-17:09:19:20,32 INFO     [psi4.driver.driver:636] Compute gradient(): method=b3lyp, basis=cc-pvdz, molecule=default, nre=3.3796201908590646
2025-07-17:09:19:20,612 INFO     [psi4.driver.driver:639] Return gradient(): -57.35529701551009
2025-07-17:09:19:20,612 INFO     [psi4.driver.driver:640] [[ 0.00000000  0.00000000 -0.00122938]
 [-0.00000000  0.00000000  0.00123361]]
2025-07-17:09:19:20,613 INFO     [psi4.optking.history:257] 	Performing BFGS update.
2025-07-17:09:19:20,613 INFO     [psi4.optking.history:268] 	Using 4 previous steps for update.
2025-07-17:09:19:20,613 WARNING  [psi4.optking.history:286] 	Change in internal coordinate of 5.26e-01 exceeds limit of 5.00e-01.
2025-07-17:09:19:20,613 WARNING  [psi4.optking.history:291] 	Skipping Hessian update for step 5.
2025-07-17:09:19:20,614 WARNING  [psi4.optking.history:286] 	Change in internal coordinate of 8.57e-01 exceeds limit of 5.00e-01.
2025-07-17:09:19:20,614 WARNING  [psi4.optking.history:291] 	Skipping Hessian update for step 4.
2025-07-17:09:19:20,614 WARNING  [psi4.optking.history:286] 	Change in internal coordinate of 1.23e+00 exceeds limit of 5.00e-01.
2025-07-17:09:19:20,614 WARNING  [psi4.optking.history:291] 	Skipping Hessian update for step 3.
2025-07-17:09:19:20,614 WARNING  [psi4.optking.history:286] 	Change in internal coordinate of 1.63e+00 exceeds limit of 5.00e-01.
2025-07-17:09:19:20,614 WARNING  [psi4.optking.history:291] 	Skipping Hessian update for step 2.
2025-07-17:09:19:20,614 WARNING  [psi4.optking.history:286] 	Change in internal coordinate of 1.87e+00 exceeds limit of 5.00e-01.
2025-07-17:09:19:20,614 WARNING  [psi4.optking.history:291] 	Skipping Hessian update for step 1.
2025-07-17:09:19:20,614 INFO     [psi4.optking.history:302] 	Steps to be used in Hessian update:  6

2025-07-17:09:19:20,614 INFO     [psi4.optking.history:400] 	Updated Hessian (in au) 
 	   0.005479

2025-07-17:09:19:20,614 INFO     [psi4.optking.molsys:874] Projected (PHP) Hessian matrix
	   0.005479

2025-07-17:09:19:20,614 INFO     [psi4.optking.opt_helper:168] 
	         Geometry (au)                                       Gradient (au)
   0.0000000000   0.0000000000   3.2216181418		   0.0000000000   0.0000000000  -0.0012293790
   0.0000000000   0.0000000000  -0.9208591809		  -0.0000000000   0.0000000000   0.0012336078

2025-07-17:09:19:20,614 INFO     [psi4.optking.stepAlgorithms:315] 	Current Step Report 
 
	Current energy:       -57.3552970155
	Energy change for the previous step:
		Actual       :        -0.0004496445
		Projected    :        -0.0003147850

2025-07-17:09:19:20,614 INFO     [psi4.optking.stepAlgorithms:318] 	Energy ratio =    1.42842
2025-07-17:09:19:20,614 INFO     [psi4.optking.stepAlgorithms:750] 	Using RFO solution 1.
2025-07-17:09:19:20,614 INFO     [psi4.optking.displace:73] 	Determining Cartesian step for fragment 1.
2025-07-17:09:19:20,614 INFO     [psi4.optking.displace:378] 	Successfully converged to displaced geometry.
2025-07-17:09:19:20,614 INFO     [psi4.optking.displace:379] 	RMS(dx):  0.000e+00 	Max(dx):  0.000e+00 	RMS(dq):  0.000e+00
2025-07-17:09:19:20,615 INFO     [psi4.optking.displace:132] 

	        --- Internal Coordinate Step in ANG or DEG, aJ/ANG or AJ/DEG ---
	-------------------------------------------------------------------------------
	           Coordinate      Previous         Force          Change          New 
	           ----------      --------        ------          ------        ------
	               R(1,2)       2.19210        0.01015        0.11346       2.30557
	-------------------------------------------------------------------------------

2025-07-17:09:19:20,615 INFO     [psi4.optking.stepAlgorithms:96] 	|target step| :    0.2144148227
2025-07-17:09:19:20,615 INFO     [psi4.optking.stepAlgorithms:97] 	gradient     :   -0.0012314934
2025-07-17:09:19:20,615 INFO     [psi4.optking.stepAlgorithms:98] 	hessian      :    0.0054794582
2025-07-17:09:19:20,615 INFO     [psi4.optking.stepAlgorithms:177] 	Norm of achieved step-size    0.2144148227
2025-07-17:09:19:20,615 INFO     [psi4.optking.stepAlgorithms:179] 	Norm of achieved step-size (cart):    0.1516141751
2025-07-17:09:19:20,615 INFO     [psi4.optking.opt_helper:151] Molsys:

	                            ===> Fragment 1 <== 

	 Z (Atomic Numbers)          Masses                          Geom                  
	       2.000000             4.002603          0.00000000  0.00000000  3.32882555   
	       7.000000            14.003074          0.00000000  0.00000000 -1.02806659   

	 - Coordinate -           - BOHR/RAD -       - ANG/DEG -
	 R(1,2)           =         4.356892           2.305568

2025-07-17:09:19:20,615 INFO     [psi4.optking.convcheck:71] Performing convergence check.
2025-07-17:09:19:20,615 INFO     [psi4.optking.convcheck:263] 
	                                 ==> Convergence Check <==                                  
    
	Measures of convergence in internal coordinates in au.
    
	Criteria marked as inactive (o), active & met (*), and active & unmet ( ).

	----------------------------------------------------------------------------------------------
	   Step    Total Energy     Delta E     Max Force     RMS Force      Max Disp      RMS Disp   
	----------------------------------------------------------------------------------------------
	  Convergence Criteria     1.00e-06 *    3.00e-04 *             o    1.20e-03 *             o
	----------------------------------------------------------------------------------------------
	     7     -57.35529702   -4.50e-04      1.23e-03      1.23e-03 o    2.14e-01      2.14e-01 o  ~
	----------------------------------------------------------------------------------------------


2025-07-17:09:19:20,615 INFO     [psi4.optking.stepAlgorithms:266] 	Convergence check returned False
2025-07-17:09:19:20,637 INFO     [psi4.driver.task_planner:285] PLANNING Atomic:  keywords={'DAMPING_PERCENTAGE': 1.0, 'GEOM_MAXITER': 500, 'SCF__GUESS': 'READ', 'GUESS': 'SAP', 'MAXITER': 500, 'REFERENCE': 'UKS', 'function_kwargs': {}}
2025-07-17:09:19:20,639 INFO     [psi4.driver.driver:636] Compute gradient(): method=b3lyp, basis=cc-pvdz, molecule=default, nre=3.213299648607511
2025-07-17:09:19:21,211 INFO     [psi4.driver.driver:639] Return gradient(): -57.355484138296994
2025-07-17:09:19:21,211 INFO     [psi4.driver.driver:640] [[ 0.00000000  0.00000000 -0.00057397]
 [ 0.00000000  0.00000000  0.00057683]]
2025-07-17:09:19:21,213 INFO     [psi4.optking.history:257] 	Performing BFGS update.
2025-07-17:09:19:21,213 INFO     [psi4.optking.history:268] 	Using 4 previous steps for update.
2025-07-17:09:19:21,213 WARNING  [psi4.optking.history:286] 	Change in internal coordinate of 7.40e-01 exceeds limit of 5.00e-01.
2025-07-17:09:19:21,213 WARNING  [psi4.optking.history:291] 	Skipping Hessian update for step 5.
2025-07-17:09:19:21,213 WARNING  [psi4.optking.history:286] 	Change in internal coordinate of 1.07e+00 exceeds limit of 5.00e-01.
2025-07-17:09:19:21,213 WARNING  [psi4.optking.history:291] 	Skipping Hessian update for step 4.
2025-07-17:09:19:21,213 WARNING  [psi4.optking.history:286] 	Change in internal coordinate of 1.44e+00 exceeds limit of 5.00e-01.
2025-07-17:09:19:21,213 WARNING  [psi4.optking.history:291] 	Skipping Hessian update for step 3.
2025-07-17:09:19:21,213 WARNING  [psi4.optking.history:286] 	Change in internal coordinate of 1.84e+00 exceeds limit of 5.00e-01.
2025-07-17:09:19:21,213 WARNING  [psi4.optking.history:291] 	Skipping Hessian update for step 2.
2025-07-17:09:19:21,213 WARNING  [psi4.optking.history:286] 	Change in internal coordinate of 2.09e+00 exceeds limit of 5.00e-01.
2025-07-17:09:19:21,213 WARNING  [psi4.optking.history:291] 	Skipping Hessian update for step 1.
2025-07-17:09:19:21,213 INFO     [psi4.optking.history:302] 	Steps to be used in Hessian update:  7 6

2025-07-17:09:19:21,213 INFO     [psi4.optking.history:400] 	Updated Hessian (in au) 
 	   0.004350

2025-07-17:09:19:21,213 INFO     [psi4.optking.molsys:874] Projected (PHP) Hessian matrix
	   0.004350

2025-07-17:09:19:21,213 INFO     [psi4.optking.opt_helper:168] 
	         Geometry (au)                                       Gradient (au)
   0.0000000000   0.0000000000   3.3883692497		   0.0000000000   0.0000000000  -0.0005739678
   0.0000000000   0.0000000000  -0.9685228958		   0.0000000000   0.0000000000   0.0005768327

2025-07-17:09:19:21,214 INFO     [psi4.optking.stepAlgorithms:315] 	Current Step Report 
 
	Current energy:       -57.3554841383
	Energy change for the previous step:
		Actual       :        -0.0001871228
		Projected    :        -0.0001320252

2025-07-17:09:19:21,214 INFO     [psi4.optking.stepAlgorithms:318] 	Energy ratio =    1.41733
2025-07-17:09:19:21,214 INFO     [psi4.optking.stepAlgorithms:750] 	Using RFO solution 1.
2025-07-17:09:19:21,214 INFO     [psi4.optking.displace:73] 	Determining Cartesian step for fragment 1.
2025-07-17:09:19:21,214 INFO     [psi4.optking.displace:378] 	Successfully converged to displaced geometry.
2025-07-17:09:19:21,214 INFO     [psi4.optking.displace:379] 	RMS(dx):  0.000e+00 	Max(dx):  0.000e+00 	RMS(dq):  0.000e+00
2025-07-17:09:19:21,214 INFO     [psi4.optking.displace:132] 

	        --- Internal Coordinate Step in ANG or DEG, aJ/ANG or AJ/DEG ---
	-------------------------------------------------------------------------------
	           Coordinate      Previous         Force          Change          New 
	           ----------      --------        ------          ------        ------
	               R(1,2)       2.30557        0.00474        0.06882       2.37439
	-------------------------------------------------------------------------------

2025-07-17:09:19:21,214 INFO     [psi4.optking.stepAlgorithms:96] 	|target step| :    0.1300515238
2025-07-17:09:19:21,214 INFO     [psi4.optking.stepAlgorithms:97] 	gradient     :   -0.0005754003
2025-07-17:09:19:21,214 INFO     [psi4.optking.stepAlgorithms:98] 	hessian      :    0.0043495706
2025-07-17:09:19:21,214 INFO     [psi4.optking.stepAlgorithms:177] 	Norm of achieved step-size    0.1300515238
2025-07-17:09:19:21,214 INFO     [psi4.optking.stepAlgorithms:179] 	Norm of achieved step-size (cart):    0.0919603144
2025-07-17:09:19:21,214 INFO     [psi4.optking.opt_helper:151] Molsys:

	                            ===> Fragment 1 <== 

	 Z (Atomic Numbers)          Masses                          Geom                  
	       2.000000             4.002603          0.00000000  0.00000000  3.45339501   
	       7.000000            14.003074          0.00000000  0.00000000 -1.03354866   

	 - Coordinate -           - BOHR/RAD -       - ANG/DEG -
	 R(1,2)           =         4.486944           2.374388

2025-07-17:09:19:21,214 INFO     [psi4.optking.convcheck:71] Performing convergence check.
2025-07-17:09:19:21,214 INFO     [psi4.optking.convcheck:263] 
	                                 ==> Convergence Check <==                                  
    
	Measures of convergence in internal coordinates in au.
    
	Criteria marked as inactive (o), active & met (*), and active & unmet ( ).

	----------------------------------------------------------------------------------------------
	   Step    Total Energy     Delta E     Max Force     RMS Force      Max Disp      RMS Disp   
	----------------------------------------------------------------------------------------------
	  Convergence Criteria     1.00e-06 *    3.00e-04 *             o    1.20e-03 *             o
	----------------------------------------------------------------------------------------------
	     8     -57.35548414   -1.87e-04      5.75e-04      5.75e-04 o    1.30e-01      1.30e-01 o  ~
	----------------------------------------------------------------------------------------------


2025-07-17:09:19:21,215 INFO     [psi4.optking.stepAlgorithms:266] 	Convergence check returned False
2025-07-17:09:19:21,230 INFO     [psi4.driver.task_planner:285] PLANNING Atomic:  keywords={'DAMPING_PERCENTAGE': 1.0, 'GEOM_MAXITER': 500, 'SCF__GUESS': 'READ', 'GUESS': 'SAP', 'MAXITER': 500, 'REFERENCE': 'UKS', 'function_kwargs': {}}
2025-07-17:09:19:21,231 INFO     [psi4.driver.driver:636] Compute gradient(): method=b3lyp, basis=cc-pvdz, molecule=default, nre=3.120163976188043
2025-07-17:09:19:21,736 INFO     [psi4.driver.driver:639] Return gradient(): -57.35554144344246
2025-07-17:09:19:21,736 INFO     [psi4.driver.driver:640] [[ 0.00000000  0.00000000 -0.00032971]
 [ 0.00000000 -0.00000000  0.00032895]]
2025-07-17:09:19:21,737 INFO     [psi4.optking.history:257] 	Performing BFGS update.
2025-07-17:09:19:21,737 INFO     [psi4.optking.history:268] 	Using 4 previous steps for update.
2025-07-17:09:19:21,738 WARNING  [psi4.optking.history:286] 	Change in internal coordinate of 5.89e-01 exceeds limit of 5.00e-01.
2025-07-17:09:19:21,738 WARNING  [psi4.optking.history:291] 	Skipping Hessian update for step 6.
2025-07-17:09:19:21,738 WARNING  [psi4.optking.history:286] 	Change in internal coordinate of 8.70e-01 exceeds limit of 5.00e-01.
2025-07-17:09:19:21,738 WARNING  [psi4.optking.history:291] 	Skipping Hessian update for step 5.
2025-07-17:09:19:21,738 WARNING  [psi4.optking.history:286] 	Change in internal coordinate of 1.20e+00 exceeds limit of 5.00e-01.
2025-07-17:09:19:21,738 WARNING  [psi4.optking.history:291] 	Skipping Hessian update for step 4.
2025-07-17:09:19:21,738 WARNING  [psi4.optking.history:286] 	Change in internal coordinate of 1.57e+00 exceeds limit of 5.00e-01.
2025-07-17:09:19:21,738 WARNING  [psi4.optking.history:291] 	Skipping Hessian update for step 3.
2025-07-17:09:19:21,738 WARNING  [psi4.optking.history:286] 	Change in internal coordinate of 1.97e+00 exceeds limit of 5.00e-01.
2025-07-17:09:19:21,738 WARNING  [psi4.optking.history:291] 	Skipping Hessian update for step 2.
2025-07-17:09:19:21,739 WARNING  [psi4.optking.history:286] 	Change in internal coordinate of 2.22e+00 exceeds limit of 5.00e-01.
2025-07-17:09:19:21,739 WARNING  [psi4.optking.history:291] 	Skipping Hessian update for step 1.
2025-07-17:09:19:21,739 INFO     [psi4.optking.history:302] 	Steps to be used in Hessian update:  8 7

2025-07-17:09:19:21,739 INFO     [psi4.optking.history:400] 	Updated Hessian (in au) 
 	   0.002619

2025-07-17:09:19:21,739 INFO     [psi4.optking.molsys:874] Projected (PHP) Hessian matrix
	   0.002619

2025-07-17:09:19:21,739 INFO     [psi4.optking.opt_helper:168] 
	         Geometry (au)                                       Gradient (au)
   0.0000000000   0.0000000000   3.4895107444		   0.0000000000   0.0000000000  -0.0003297142
   0.0000000000   0.0000000000  -0.9974329248		   0.0000000000  -0.0000000000   0.0003289527

2025-07-17:09:19:21,739 INFO     [psi4.optking.stepAlgorithms:315] 	Current Step Report 
 
	Current energy:       -57.3555414434
	Energy change for the previous step:
		Actual       :        -0.0000573051
		Projected    :        -0.0000374158

2025-07-17:09:19:21,739 INFO     [psi4.optking.stepAlgorithms:318] 	Energy ratio =    1.53157
2025-07-17:09:19:21,740 INFO     [psi4.optking.stepAlgorithms:750] 	Using RFO solution 1.
2025-07-17:09:19:21,740 INFO     [psi4.optking.displace:73] 	Determining Cartesian step for fragment 1.
2025-07-17:09:19:21,740 INFO     [psi4.optking.displace:378] 	Successfully converged to displaced geometry.
2025-07-17:09:19:21,740 INFO     [psi4.optking.displace:379] 	RMS(dx):  0.000e+00 	Max(dx):  0.000e+00 	RMS(dq):  0.000e+00
2025-07-17:09:19:21,740 INFO     [psi4.optking.displace:132] 

	        --- Internal Coordinate Step in ANG or DEG, aJ/ANG or AJ/DEG ---
	-------------------------------------------------------------------------------
	           Coordinate      Previous         Force          Change          New 
	           ----------      --------        ------          ------        ------
	               R(1,2)       2.37439        0.00271        0.06552       2.43991
	-------------------------------------------------------------------------------

2025-07-17:09:19:21,740 INFO     [psi4.optking.stepAlgorithms:96] 	|target step| :    0.1238195609
2025-07-17:09:19:21,740 INFO     [psi4.optking.stepAlgorithms:97] 	gradient     :   -0.0003293335
2025-07-17:09:19:21,740 INFO     [psi4.optking.stepAlgorithms:98] 	hessian      :    0.0026190074
2025-07-17:09:19:21,740 INFO     [psi4.optking.stepAlgorithms:177] 	Norm of achieved step-size    0.1238195609
2025-07-17:09:19:21,740 INFO     [psi4.optking.stepAlgorithms:179] 	Norm of achieved step-size (cart):    0.0875536511
2025-07-17:09:19:21,741 INFO     [psi4.optking.opt_helper:151] Molsys:

	                            ===> Fragment 1 <== 

	 Z (Atomic Numbers)          Masses                          Geom                  
	       2.000000             4.002603          0.00000000  0.00000000  3.55142052   
	       7.000000            14.003074          0.00000000  0.00000000 -1.05934271   

	 - Coordinate -           - BOHR/RAD -       - ANG/DEG -
	 R(1,2)           =         4.610763           2.439911

2025-07-17:09:19:21,741 INFO     [psi4.optking.convcheck:71] Performing convergence check.
2025-07-17:09:19:21,741 INFO     [psi4.optking.convcheck:263] 
	                                 ==> Convergence Check <==                                  
    
	Measures of convergence in internal coordinates in au.
    
	Criteria marked as inactive (o), active & met (*), and active & unmet ( ).

	----------------------------------------------------------------------------------------------
	   Step    Total Energy     Delta E     Max Force     RMS Force      Max Disp      RMS Disp   
	----------------------------------------------------------------------------------------------
	  Convergence Criteria     1.00e-06 *    3.00e-04 *             o    1.20e-03 *             o
	----------------------------------------------------------------------------------------------
	     9     -57.35554144   -5.73e-05      3.29e-04      3.29e-04 o    1.24e-01      1.24e-01 o  ~
	----------------------------------------------------------------------------------------------


2025-07-17:09:19:21,741 INFO     [psi4.optking.stepAlgorithms:266] 	Convergence check returned False
2025-07-17:09:19:21,760 INFO     [psi4.driver.task_planner:285] PLANNING Atomic:  keywords={'DAMPING_PERCENTAGE': 1.0, 'GEOM_MAXITER': 500, 'SCF__GUESS': 'READ', 'GUESS': 'SAP', 'MAXITER': 500, 'REFERENCE': 'UKS', 'function_kwargs': {}}
2025-07-17:09:19:21,762 INFO     [psi4.driver.driver:636] Compute gradient(): method=b3lyp, basis=cc-pvdz, molecule=default, nre=3.0363736547017477
2025-07-17:09:19:22,288 INFO     [psi4.driver.driver:639] Return gradient(): -57.35557157092371
2025-07-17:09:19:22,289 INFO     [psi4.driver.driver:640] [[-0.00000000 -0.00000000 -0.00016957]
 [-0.00000000  0.00000000  0.00016458]]
2025-07-17:09:19:22,291 INFO     [psi4.optking.history:257] 	Performing BFGS update.
2025-07-17:09:19:22,291 INFO     [psi4.optking.history:268] 	Using 4 previous steps for update.
2025-07-17:09:19:22,291 WARNING  [psi4.optking.history:286] 	Change in internal coordinate of 7.13e-01 exceeds limit of 5.00e-01.
2025-07-17:09:19:22,291 WARNING  [psi4.optking.history:291] 	Skipping Hessian update for step 6.
2025-07-17:09:19:22,291 WARNING  [psi4.optking.history:286] 	Change in internal coordinate of 9.94e-01 exceeds limit of 5.00e-01.
2025-07-17:09:19:22,291 WARNING  [psi4.optking.history:291] 	Skipping Hessian update for step 5.
2025-07-17:09:19:22,292 WARNING  [psi4.optking.history:286] 	Change in internal coordinate of 1.33e+00 exceeds limit of 5.00e-01.
2025-07-17:09:19:22,292 WARNING  [psi4.optking.history:291] 	Skipping Hessian update for step 4.
2025-07-17:09:19:22,292 WARNING  [psi4.optking.history:286] 	Change in internal coordinate of 1.70e+00 exceeds limit of 5.00e-01.
2025-07-17:09:19:22,292 WARNING  [psi4.optking.history:291] 	Skipping Hessian update for step 3.
2025-07-17:09:19:22,292 WARNING  [psi4.optking.history:286] 	Change in internal coordinate of 2.09e+00 exceeds limit of 5.00e-01.
2025-07-17:09:19:22,292 WARNING  [psi4.optking.history:291] 	Skipping Hessian update for step 2.
2025-07-17:09:19:22,292 WARNING  [psi4.optking.history:286] 	Change in internal coordinate of 2.34e+00 exceeds limit of 5.00e-01.
2025-07-17:09:19:22,292 WARNING  [psi4.optking.history:291] 	Skipping Hessian update for step 1.
2025-07-17:09:19:22,292 INFO     [psi4.optking.history:302] 	Steps to be used in Hessian update:  9 8 7

2025-07-17:09:19:22,293 INFO     [psi4.optking.history:400] 	Updated Hessian (in au) 
 	   0.002273

2025-07-17:09:19:22,293 INFO     [psi4.optking.molsys:874] Projected (PHP) Hessian matrix
	   0.002273

2025-07-17:09:19:22,293 INFO     [psi4.optking.opt_helper:168] 
	         Geometry (au)                                       Gradient (au)
   0.0000000000   0.0000000000   3.5858056213		  -0.0000000000  -0.0000000000  -0.0001695665
   0.0000000000   0.0000000000  -1.0249576089		  -0.0000000000   0.0000000000   0.0001645796

2025-07-17:09:19:22,293 INFO     [psi4.optking.stepAlgorithms:315] 	Current Step Report 
 
	Current energy:       -57.3555715709
	Energy change for the previous step:
		Actual       :        -0.0000301275
		Projected    :        -0.0000203890

2025-07-17:09:19:22,293 INFO     [psi4.optking.stepAlgorithms:318] 	Energy ratio =    1.47764
2025-07-17:09:19:22,293 INFO     [psi4.optking.stepAlgorithms:750] 	Using RFO solution 1.
2025-07-17:09:19:22,293 INFO     [psi4.optking.displace:73] 	Determining Cartesian step for fragment 1.
2025-07-17:09:19:22,294 INFO     [psi4.optking.displace:378] 	Successfully converged to displaced geometry.
2025-07-17:09:19:22,294 INFO     [psi4.optking.displace:379] 	RMS(dx):  0.000e+00 	Max(dx):  0.000e+00 	RMS(dq):  0.000e+00
2025-07-17:09:19:22,294 INFO     [psi4.optking.displace:132] 

	        --- Internal Coordinate Step in ANG or DEG, aJ/ANG or AJ/DEG ---
	-------------------------------------------------------------------------------
	           Coordinate      Previous         Force          Change          New 
	           ----------      --------        ------          ------        ------
	               R(1,2)       2.43991        0.00138        0.03869       2.47860
	-------------------------------------------------------------------------------

2025-07-17:09:19:22,294 INFO     [psi4.optking.stepAlgorithms:96] 	|target step| :    0.0731099952
2025-07-17:09:19:22,294 INFO     [psi4.optking.stepAlgorithms:97] 	gradient     :   -0.0001670730
2025-07-17:09:19:22,294 INFO     [psi4.optking.stepAlgorithms:98] 	hessian      :    0.0022730138
2025-07-17:09:19:22,294 INFO     [psi4.optking.stepAlgorithms:177] 	Norm of achieved step-size    0.0731099952
2025-07-17:09:19:22,294 INFO     [psi4.optking.stepAlgorithms:179] 	Norm of achieved step-size (cart):    0.0516965734
2025-07-17:09:19:22,294 INFO     [psi4.optking.opt_helper:151] Molsys:

	                            ===> Fragment 1 <== 

	 Z (Atomic Numbers)          Masses                          Geom                  
	       2.000000             4.002603          0.00000000  0.00000000  3.62236062   
	       7.000000            14.003074          0.00000000  0.00000000 -1.06151261   

	 - Coordinate -           - BOHR/RAD -       - ANG/DEG -
	 R(1,2)           =         4.683873           2.478599

2025-07-17:09:19:22,295 INFO     [psi4.optking.convcheck:71] Performing convergence check.
2025-07-17:09:19:22,295 INFO     [psi4.optking.convcheck:263] 
	                                 ==> Convergence Check <==                                  
    
	Measures of convergence in internal coordinates in au.
    
	Criteria marked as inactive (o), active & met (*), and active & unmet ( ).

	----------------------------------------------------------------------------------------------
	   Step    Total Energy     Delta E     Max Force     RMS Force      Max Disp      RMS Disp   
	----------------------------------------------------------------------------------------------
	  Convergence Criteria     1.00e-06 *    3.00e-04 *             o    1.20e-03 *             o
	----------------------------------------------------------------------------------------------
	    10     -57.35557157   -3.01e-05      1.67e-04 *    1.67e-04 o    7.31e-02      7.31e-02 o  ~
	----------------------------------------------------------------------------------------------


2025-07-17:09:19:22,295 INFO     [psi4.optking.stepAlgorithms:266] 	Convergence check returned False
2025-07-17:09:19:22,307 INFO     [psi4.driver.task_planner:285] PLANNING Atomic:  keywords={'DAMPING_PERCENTAGE': 1.0, 'GEOM_MAXITER': 500, 'SCF__GUESS': 'READ', 'GUESS': 'SAP', 'MAXITER': 500, 'REFERENCE': 'UKS', 'function_kwargs': {}}
2025-07-17:09:19:22,308 INFO     [psi4.driver.driver:636] Compute gradient(): method=b3lyp, basis=cc-pvdz, molecule=default, nre=2.9889792755983393
2025-07-17:09:19:22,798 INFO     [psi4.driver.driver:639] Return gradient(): -57.35558090920871
2025-07-17:09:19:22,798 INFO     [psi4.driver.driver:640] [[-0.00000000  0.00000000 -0.00009637]
 [ 0.00000000 -0.00000000  0.00009603]]
2025-07-17:09:19:22,801 INFO     [psi4.optking.history:257] 	Performing BFGS update.
2025-07-17:09:19:22,801 INFO     [psi4.optking.history:268] 	Using 4 previous steps for update.
2025-07-17:09:19:22,805 WARNING  [psi4.optking.history:286] 	Change in internal coordinate of 5.41e-01 exceeds limit of 5.00e-01.
2025-07-17:09:19:22,805 WARNING  [psi4.optking.history:291] 	Skipping Hessian update for step 7.
2025-07-17:09:19:22,805 WARNING  [psi4.optking.history:286] 	Change in internal coordinate of 7.86e-01 exceeds limit of 5.00e-01.
2025-07-17:09:19:22,805 WARNING  [psi4.optking.history:291] 	Skipping Hessian update for step 6.
2025-07-17:09:19:22,806 WARNING  [psi4.optking.history:286] 	Change in internal coordinate of 1.07e+00 exceeds limit of 5.00e-01.
2025-07-17:09:19:22,806 WARNING  [psi4.optking.history:291] 	Skipping Hessian update for step 5.
2025-07-17:09:19:22,806 WARNING  [psi4.optking.history:286] 	Change in internal coordinate of 1.40e+00 exceeds limit of 5.00e-01.
2025-07-17:09:19:22,806 WARNING  [psi4.optking.history:291] 	Skipping Hessian update for step 4.
2025-07-17:09:19:22,806 WARNING  [psi4.optking.history:286] 	Change in internal coordinate of 1.77e+00 exceeds limit of 5.00e-01.
2025-07-17:09:19:22,806 WARNING  [psi4.optking.history:291] 	Skipping Hessian update for step 3.
2025-07-17:09:19:22,806 WARNING  [psi4.optking.history:286] 	Change in internal coordinate of 2.17e+00 exceeds limit of 5.00e-01.
2025-07-17:09:19:22,806 WARNING  [psi4.optking.history:291] 	Skipping Hessian update for step 2.
2025-07-17:09:19:22,806 WARNING  [psi4.optking.history:286] 	Change in internal coordinate of 2.42e+00 exceeds limit of 5.00e-01.
2025-07-17:09:19:22,806 WARNING  [psi4.optking.history:291] 	Skipping Hessian update for step 1.
2025-07-17:09:19:22,806 INFO     [psi4.optking.history:302] 	Steps to be used in Hessian update:  10 9 8

2025-07-17:09:19:22,807 INFO     [psi4.optking.history:400] 	Updated Hessian (in au) 
 	   0.001466

2025-07-17:09:19:22,807 INFO     [psi4.optking.molsys:874] Projected (PHP) Hessian matrix
	   0.001466

2025-07-17:09:19:22,807 INFO     [psi4.optking.opt_helper:168] 
	         Geometry (au)                                       Gradient (au)
   0.0000000000   0.0000000000   3.6426635033		  -0.0000000000   0.0000000000  -0.0000963678
   0.0000000000   0.0000000000  -1.0412097220		   0.0000000000  -0.0000000000   0.0000960271

2025-07-17:09:19:22,807 INFO     [psi4.optking.stepAlgorithms:315] 	Current Step Report 
 
	Current energy:       -57.3555809092
	Energy change for the previous step:
		Actual       :        -0.0000093383
		Projected    :        -0.0000061074

2025-07-17:09:19:22,807 INFO     [psi4.optking.stepAlgorithms:318] 	Energy ratio =    1.52902
2025-07-17:09:19:22,807 INFO     [psi4.optking.stepAlgorithms:750] 	Using RFO solution 1.
2025-07-17:09:19:22,807 INFO     [psi4.optking.displace:73] 	Determining Cartesian step for fragment 1.
2025-07-17:09:19:22,808 INFO     [psi4.optking.displace:378] 	Successfully converged to displaced geometry.
2025-07-17:09:19:22,808 INFO     [psi4.optking.displace:379] 	RMS(dx):  0.000e+00 	Max(dx):  0.000e+00 	RMS(dq):  0.000e+00
2025-07-17:09:19:22,808 INFO     [psi4.optking.displace:132] 

	        --- Internal Coordinate Step in ANG or DEG, aJ/ANG or AJ/DEG ---
	-------------------------------------------------------------------------------
	           Coordinate      Previous         Force          Change          New 
	           ----------      --------        ------          ------        ------
	               R(1,2)       2.47860        0.00079        0.03459       2.51319
	-------------------------------------------------------------------------------

2025-07-17:09:19:22,808 INFO     [psi4.optking.stepAlgorithms:96] 	|target step| :    0.0653593290
2025-07-17:09:19:22,808 INFO     [psi4.optking.stepAlgorithms:97] 	gradient     :   -0.0000961974
2025-07-17:09:19:22,808 INFO     [psi4.optking.stepAlgorithms:98] 	hessian      :    0.0014655368
2025-07-17:09:19:22,808 INFO     [psi4.optking.stepAlgorithms:177] 	Norm of achieved step-size    0.0653593290
2025-07-17:09:19:22,808 INFO     [psi4.optking.stepAlgorithms:179] 	Norm of achieved step-size (cart):    0.0462160247
2025-07-17:09:19:22,809 INFO     [psi4.optking.opt_helper:151] Molsys:

	                            ===> Fragment 1 <== 

	 Z (Atomic Numbers)          Masses                          Geom                  
	       2.000000             4.002603          0.00000000  0.00000000  3.67534317   
	       7.000000            14.003074          0.00000000  0.00000000 -1.07388939   

	 - Coordinate -           - BOHR/RAD -       - ANG/DEG -
	 R(1,2)           =         4.749233           2.513186

2025-07-17:09:19:22,809 INFO     [psi4.optking.convcheck:71] Performing convergence check.
2025-07-17:09:19:22,809 INFO     [psi4.optking.convcheck:263] 
	                                 ==> Convergence Check <==                                  
    
	Measures of convergence in internal coordinates in au.
    
	Criteria marked as inactive (o), active & met (*), and active & unmet ( ).

	----------------------------------------------------------------------------------------------
	   Step    Total Energy     Delta E     Max Force     RMS Force      Max Disp      RMS Disp   
	----------------------------------------------------------------------------------------------
	  Convergence Criteria     1.00e-06 *    3.00e-04 *             o    1.20e-03 *             o
	----------------------------------------------------------------------------------------------
	    11     -57.35558091   -9.34e-06      9.62e-05 *    9.62e-05 o    6.54e-02      6.54e-02 o  ~
	----------------------------------------------------------------------------------------------


2025-07-17:09:19:22,809 INFO     [psi4.optking.stepAlgorithms:266] 	Convergence check returned False
2025-07-17:09:19:22,826 INFO     [psi4.driver.task_planner:285] PLANNING Atomic:  keywords={'DAMPING_PERCENTAGE': 1.0, 'GEOM_MAXITER': 500, 'SCF__GUESS': 'READ', 'GUESS': 'SAP', 'MAXITER': 500, 'REFERENCE': 'UKS', 'function_kwargs': {}}
2025-07-17:09:19:22,827 INFO     [psi4.driver.driver:636] Compute gradient(): method=b3lyp, basis=cc-pvdz, molecule=default, nre=2.9478446969956154
2025-07-17:09:19:23,332 INFO     [psi4.driver.driver:639] Return gradient(): -57.35558508051137
2025-07-17:09:19:23,332 INFO     [psi4.driver.driver:640] [[ 0.00000000  0.00000000 -0.00004366]
 [ 0.00000000  0.00000000  0.00004709]]
2025-07-17:09:19:23,333 INFO     [psi4.optking.history:257] 	Performing BFGS update.
2025-07-17:09:19:23,333 INFO     [psi4.optking.history:268] 	Using 4 previous steps for update.
2025-07-17:09:19:23,333 INFO     [psi4.optking.history:302] 	Steps to be used in Hessian update:  11 10 9 8

2025-07-17:09:19:23,333 INFO     [psi4.optking.history:400] 	Updated Hessian (in au) 
 	   0.001351

2025-07-17:09:19:23,333 INFO     [psi4.optking.molsys:874] Projected (PHP) Hessian matrix
	   0.001351

2025-07-17:09:19:23,333 INFO     [psi4.optking.opt_helper:168] 
	         Geometry (au)                                       Gradient (au)
   0.0000000000   0.0000000000   3.6934936669		   0.0000000000   0.0000000000  -0.0000436642
   0.0000000000   0.0000000000  -1.0557388874		   0.0000000000   0.0000000000   0.0000470899

2025-07-17:09:19:23,334 INFO     [psi4.optking.stepAlgorithms:315] 	Current Step Report 
 
	Current energy:       -57.3555850805
	Energy change for the previous step:
		Actual       :        -0.0000041713
		Projected    :        -0.0000031437

2025-07-17:09:19:23,334 INFO     [psi4.optking.stepAlgorithms:318] 	Energy ratio =    1.32688
2025-07-17:09:19:23,334 INFO     [psi4.optking.stepAlgorithms:750] 	Using RFO solution 1.
2025-07-17:09:19:23,334 INFO     [psi4.optking.displace:73] 	Determining Cartesian step for fragment 1.
2025-07-17:09:19:23,334 INFO     [psi4.optking.displace:378] 	Successfully converged to displaced geometry.
2025-07-17:09:19:23,334 INFO     [psi4.optking.displace:379] 	RMS(dx):  2.564e-16 	Max(dx):  4.441e-16 	RMS(dq):  8.882e-16
2025-07-17:09:19:23,334 INFO     [psi4.optking.displace:132] 

	        --- Internal Coordinate Step in ANG or DEG, aJ/ANG or AJ/DEG ---
	-------------------------------------------------------------------------------
	           Coordinate      Previous         Force          Change          New 
	           ----------      --------        ------          ------        ------
	               R(1,2)       2.51319        0.00037        0.01775       2.53094
	-------------------------------------------------------------------------------

2025-07-17:09:19:23,334 INFO     [psi4.optking.stepAlgorithms:96] 	|target step| :    0.0335517552
2025-07-17:09:19:23,334 INFO     [psi4.optking.stepAlgorithms:97] 	gradient     :   -0.0000453771
2025-07-17:09:19:23,334 INFO     [psi4.optking.stepAlgorithms:98] 	hessian      :    0.0013509269
2025-07-17:09:19:23,334 INFO     [psi4.optking.stepAlgorithms:177] 	Norm of achieved step-size    0.0335517552
2025-07-17:09:19:23,334 INFO     [psi4.optking.stepAlgorithms:179] 	Norm of achieved step-size (cart):    0.0237246736
2025-07-17:09:19:23,334 INFO     [psi4.optking.opt_helper:151] Molsys:

	                            ===> Fragment 1 <== 

	 Z (Atomic Numbers)          Masses                          Geom                  
	       2.000000             4.002603          0.00000000  0.00000000  3.71026954   
	       7.000000            14.003074          0.00000000  0.00000000 -1.07251477   

	 - Coordinate -           - BOHR/RAD -       - ANG/DEG -
	 R(1,2)           =         4.782784           2.530940

2025-07-17:09:19:23,334 INFO     [psi4.optking.convcheck:71] Performing convergence check.
2025-07-17:09:19:23,334 INFO     [psi4.optking.convcheck:263] 
	                                 ==> Convergence Check <==                                  
    
	Measures of convergence in internal coordinates in au.
    
	Criteria marked as inactive (o), active & met (*), and active & unmet ( ).

	----------------------------------------------------------------------------------------------
	   Step    Total Energy     Delta E     Max Force     RMS Force      Max Disp      RMS Disp   
	----------------------------------------------------------------------------------------------
	  Convergence Criteria     1.00e-06 *    3.00e-04 *             o    1.20e-03 *             o
	----------------------------------------------------------------------------------------------
	    12     -57.35558508   -4.17e-06      4.54e-05 *    4.54e-05 o    3.36e-02      3.36e-02 o  ~
	----------------------------------------------------------------------------------------------


2025-07-17:09:19:23,334 INFO     [psi4.optking.stepAlgorithms:266] 	Convergence check returned False
2025-07-17:09:19:23,350 INFO     [psi4.driver.task_planner:285] PLANNING Atomic:  keywords={'DAMPING_PERCENTAGE': 1.0, 'GEOM_MAXITER': 500, 'SCF__GUESS': 'READ', 'GUESS': 'SAP', 'MAXITER': 500, 'REFERENCE': 'UKS', 'function_kwargs': {}}
2025-07-17:09:19:23,351 INFO     [psi4.driver.driver:636] Compute gradient(): method=b3lyp, basis=cc-pvdz, molecule=default, nre=2.927165243952966
2025-07-17:09:19:23,853 INFO     [psi4.driver.driver:639] Return gradient(): -57.355586029216
2025-07-17:09:19:23,853 INFO     [psi4.driver.driver:640] [[ 0.00000000  0.00000000 -0.00002188]
 [-0.00000000 -0.00000000  0.00002455]]
2025-07-17:09:19:23,855 INFO     [psi4.optking.history:257] 	Performing BFGS update.
2025-07-17:09:19:23,855 INFO     [psi4.optking.history:268] 	Using 4 previous steps for update.
2025-07-17:09:19:23,855 INFO     [psi4.optking.history:302] 	Steps to be used in Hessian update:  12 11 10 9

2025-07-17:09:19:23,855 INFO     [psi4.optking.history:400] 	Updated Hessian (in au) 
 	   0.001035

2025-07-17:09:19:23,855 INFO     [psi4.optking.molsys:874] Projected (PHP) Hessian matrix
	   0.001035

2025-07-17:09:19:23,855 INFO     [psi4.optking.opt_helper:168] 
	         Geometry (au)                                       Gradient (au)
   0.0000000000   0.0000000000   3.7195869764		   0.0000000000   0.0000000000  -0.0000218808
   0.0000000000   0.0000000000  -1.0631973330		  -0.0000000000  -0.0000000000   0.0000245506

2025-07-17:09:19:23,855 INFO     [psi4.optking.stepAlgorithms:315] 	Current Step Report 
 
	Current energy:       -57.3555860292
	Energy change for the previous step:
		Actual       :        -0.0000009487
		Projected    :        -0.0000007612

2025-07-17:09:19:23,855 INFO     [psi4.optking.stepAlgorithms:318] 	Energy ratio =    1.24626
2025-07-17:09:19:23,855 INFO     [psi4.optking.stepAlgorithms:750] 	Using RFO solution 1.
2025-07-17:09:19:23,855 INFO     [psi4.optking.displace:73] 	Determining Cartesian step for fragment 1.
2025-07-17:09:19:23,856 INFO     [psi4.optking.displace:378] 	Successfully converged to displaced geometry.
2025-07-17:09:19:23,856 INFO     [psi4.optking.displace:379] 	RMS(dx):  0.000e+00 	Max(dx):  0.000e+00 	RMS(dq):  0.000e+00
2025-07-17:09:19:23,856 INFO     [psi4.optking.displace:132] 

	        --- Internal Coordinate Step in ANG or DEG, aJ/ANG or AJ/DEG ---
	-------------------------------------------------------------------------------
	           Coordinate      Previous         Force          Change          New 
	           ----------      --------        ------          ------        ------
	               R(1,2)       2.53094        0.00019        0.01187       2.54281
	-------------------------------------------------------------------------------

2025-07-17:09:19:23,856 INFO     [psi4.optking.stepAlgorithms:96] 	|target step| :    0.0224249668
2025-07-17:09:19:23,856 INFO     [psi4.optking.stepAlgorithms:97] 	gradient     :   -0.0000232157
2025-07-17:09:19:23,856 INFO     [psi4.optking.stepAlgorithms:98] 	hessian      :    0.0010347388
2025-07-17:09:19:23,856 INFO     [psi4.optking.stepAlgorithms:177] 	Norm of achieved step-size    0.0224249668
2025-07-17:09:19:23,856 INFO     [psi4.optking.stepAlgorithms:179] 	Norm of achieved step-size (cart):    0.0158568461
2025-07-17:09:19:23,856 INFO     [psi4.optking.opt_helper:151] Molsys:

	                            ===> Fragment 1 <== 

	 Z (Atomic Numbers)          Masses                          Geom                  
	       2.000000             4.002603          0.00000000  0.00000000  3.73079946   
	       7.000000            14.003074          0.00000000  0.00000000 -1.07440982   

	 - Coordinate -           - BOHR/RAD -       - ANG/DEG -
	 R(1,2)           =         4.805209           2.542807

2025-07-17:09:19:23,856 INFO     [psi4.optking.convcheck:71] Performing convergence check.
2025-07-17:09:19:23,856 INFO     [psi4.optking.convcheck:263] 
	                                 ==> Convergence Check <==                                  
    
	Measures of convergence in internal coordinates in au.
    
	Criteria marked as inactive (o), active & met (*), and active & unmet ( ).

	----------------------------------------------------------------------------------------------
	   Step    Total Energy     Delta E     Max Force     RMS Force      Max Disp      RMS Disp   
	----------------------------------------------------------------------------------------------
	  Convergence Criteria     1.00e-06 *    3.00e-04 *             o    1.20e-03 *             o
	----------------------------------------------------------------------------------------------
	    13     -57.35558603   -9.49e-07 *    2.32e-05 *    2.32e-05 o    2.24e-02      2.24e-02 o  ~
	----------------------------------------------------------------------------------------------


2025-07-17:09:19:23,856 INFO     [psi4.optking.convcheck:193] 
	                      ===> Final Convergence Report <===                     

	----------------------------------------------------------------------------
	|   Required Criteria    |  One or More Criteria  |   Alternate Criteria   |
	----------------------------------------------------------------------------
	| [x]     max_force      | [x]       max_DE       |                        |
	|                        | [ ]      max_disp      |                        |
	----------------------------------------------------------------------------


2025-07-17:09:19:23,856 INFO     [psi4.optking.stepAlgorithms:266] 	Convergence check returned True
2025-07-17:09:19:23,856 INFO     [psi4.optking.optimize:286] 	Converged in 13 steps!
2025-07-17:09:19:23,856 INFO     [psi4.optking.optimize:287] 	Final energy is    -57.3555860292160
2025-07-17:09:19:23,856 INFO     [psi4.optking.optimize:288] 	Final structure (Angstroms): 
	Fragment 1 (Ang)

	   He   0.0000000000   0.0000000000   1.9742540517
	    N   0.0000000000   0.0000000000  -0.5685531898


2025-07-17:09:19:23,857 INFO     [psi4.optking.optimize:432] 	Optimization Finished

	==> Optimization Summary <==

        
	Measures of convergence in internal coordinates in au. (Any backward steps not shown.)
        
	---------------------------------------------------------------------------------------------------------------  ~
        
	 Step         Total Energy             Delta E       MAX Force       RMS Force        MAX Disp        RMS Disp   ~
        
	---------------------------------------------------------------------------------------------------------------  ~
        
	     1     -57.319344347000    -57.319344347000      0.06543621      0.06543621      0.24886587      0.24886587  ~
	     2     -57.332547990240     -0.013203643241      0.04280267      0.04280267      0.39660565      0.39660565  ~
	     3     -57.345070120246     -0.012522130005      0.02233145      0.02233145      0.37258542      0.37258542  ~
	     4     -57.351127552428     -0.006057432182      0.01115375      0.01115375      0.33104327      0.33104327  ~
	     5     -57.353771415460     -0.002643863032      0.00534905      0.00534905      0.28097407      0.28097407  ~
	     6     -57.354847370997     -0.001075955537      0.00257249      0.00257249      0.24473169      0.24473169  ~
	     7     -57.355297015510     -0.000449644513      0.00123149      0.00123149      0.21441482      0.21441482  ~
	     8     -57.355484138297     -0.000187122787      0.00057540      0.00057540      0.13005152      0.13005152  ~
	     9     -57.355541443442     -0.000057305145      0.00032933      0.00032933      0.12381956      0.12381956  ~
	    10     -57.355571570924     -0.000030127481      0.00016707      0.00016707      0.07311000      0.07311000  ~
	    11     -57.355580909209     -0.000009338285      0.00009620      0.00009620      0.06535933      0.06535933  ~
	    12     -57.355585080511     -0.000004171303      0.00004538      0.00004538      0.03355176      0.03355176  ~
	    13     -57.355586029216     -0.000000948705      0.00002322      0.00002322      0.02242497      0.02242497  ~
	----------------------------------------------------------------------------------------------------------------


2025-07-17:09:19:23,857 INFO     [psi4.optking.optimize:640] Preparing OptimizationResult
