2025-07-17:09:42:06,6 INFO     [psi4.optking.optwrapper:214] Creating a UserComputer
2025-07-17:09:42:06,6 INFO     [psi4.optking.optwrapper:222] 
    			-----------------------------------------

    			 OPTKING 3.0: for geometry optimizations 

    			     By R.A. King, Bethel University     

    			        with contributions from          

    			    A.V. Copan, J. Cayton, A. Heide      

    			-----------------------------------------

    
2025-07-17:09:42:06,6 INFO     [psi4.optking.optwrapper:238] 
		 -- Optimization Parameters --
	accept_symmetry_breaking       =           False
	alg_geom_maxiter               =             500
	bt_dx_conv                     =           1e-07
	bt_dx_rms_change_conv          =           1e-12
	bt_max_iter                    =              25
	cart_hess_read                 =           False
	consecutive_backsteps_allowed  =               0
	conv_max_DE                    =           1e-06
	conv_max_disp                  =          0.0012
	conv_max_force                 =          0.0003
	conv_rms_disp                  =              -1
	conv_rms_force                 =              -1
	covalent_connect               =             1.3
	dynamic_level                  =               0
	dynamic_level_max              =               0
	ensure_bt_convergence          =           False
	ext_force_bend                 =              []
	ext_force_cartesian            =              []
	ext_force_dihedral             =              []
	ext_force_distance             =              []
	ext_force_oofp                 =              []
	fix_val_near_pi                =            1.57
	flexible_g_convergence         =           False
	frag_mode                      =          SINGLE
	frag_ref_atoms                 =            None
	freeze_intrafrag               =           False
	frozen_bend                    =              []
	frozen_cartesian               =              []
	frozen_dihedral                =              []
	frozen_distance                =              []
	frozen_oofp                    =              []
	full_hess_every                =              -1
	g_convergence                  =           QCHEM
	generate_intcos_exit           =           False
	geom_maxiter                   =             500
	h_bond_connect                 =             4.3
	hess_update                    =            BFGS
	hess_update_den_tol            =           1e-07
	hess_update_dq_tol             =             0.5
	hess_update_limit              =            True
	hess_update_limit_max          =             1.0
	hess_update_limit_scale        =             0.5
	hess_update_use_last           =               4
	hessian_file                   =            None
	i_max_DE                       =            True
	i_max_disp                     =            True
	i_max_force                    =            True
	i_rms_disp                     =           False
	i_rms_force                    =           False
	i_untampered                   =            True
	include_oofp                   =           False
	interfrag_collinear_tol        =            0.01
	interfrag_coords               =            None
	interfrag_dist_inv             =           False
	interfrag_mode                 =           FIXED
	interfrag_trust                =             0.5
	interfrag_trust_max            =             1.0
	interfrag_trust_min            =           0.001
	interfragment_connect          =             1.8
	intrafrag_hess                 =        SCHLEGEL
	intrafrag_trust                =             0.5
	intrafrag_trust_max            =             1.0
	intrafrag_trust_min            =           0.001
	irc_direction                  =         FORWARD
	irc_points                     =              20
	irc_step_size                  =             0.2
	keep_intcos                    =           False
	linear_bend_threshold          =            3.05
	linesearch                     =           False
	linesearch_step                =             0.1
	max_disp_g_convergence         =          0.0012
	max_energy_g_convergence       =           1e-06
	max_force_g_convergence        =          0.0003
	opt_coordinates                =       REDUNDANT
	opt_type                       =             MIN
	output_type                    =            FILE
	print_lvl                      =               1
	program                        =            psi4
	ranged_bend                    =              []
	ranged_cartesian               =              []
	ranged_dihedral                =              []
	ranged_distance                =              []
	ranged_oofp                    =              []
	redundant_eval_tol             =           1e-10
	rfo_follow_root                =           False
	rfo_normalization_max          =             100
	rfo_root                       =               0
	rms_disp_g_convergence         =          0.0012
	rms_force_g_convergence        =          0.0003
	rsrfo_alpha_max                =     100000000.0
	sd_hessian                     =             1.0
	simple_step_scaling            =           False
	small_bend_fix_threshold       =            0.35
	steepest_descent_type          =         OVERLAP
	step_type                      =             RFO
	test_B                         =           False
	test_derivative_B              =           False
	trajectory                     =           False
	v3d_tors_angle_lim             =           0.017
	v3d_tors_cos_tol               =           1e-10
	working_consecutive_backsteps  =               0
	working_steps_since_last_H     =               0


2025-07-17:09:42:06,497 INFO     [psi4.optking.opt_helper:151] Molsys:

	                            ===> Fragment 1 <== 

	 Z (Atomic Numbers)          Masses                          Geom                  
	       4.000000             9.012183          0.00000000  0.00000000  1.62906440   
	      11.000000            22.989769          0.00000000  0.00000000 -0.63860696   

	 - Coordinate -           - BOHR/RAD -       - ANG/DEG -
	 R(1,2)           =         2.267671           1.200000

2025-07-17:09:42:06,507 INFO     [psi4.driver.task_planner:285] PLANNING Atomic:  keywords={'DAMPING_PERCENTAGE': 1.0, 'GEOM_MAXITER': 500, 'GUESS': 'SAP', 'MAXITER': 500, 'REFERENCE': 'UKS', 'function_kwargs': {}}
2025-07-17:09:42:06,508 INFO     [psi4.driver.driver:636] Compute gradient(): method=b3lyp, basis=cc-pvdz, molecule=default, nre=19.403164391233336
2025-07-17:09:42:07,951 INFO     [psi4.driver.driver:639] Return gradient(): -176.616943048574
2025-07-17:09:42:07,951 INFO     [psi4.driver.driver:640] [[ 0.00000000  0.00000000 -0.49178341]
 [ 0.00000000  0.00000000  0.49181435]]
2025-07-17:09:42:07,952 INFO     [psi4.optking.molsys:874] Projected (PHP) Hessian matrix
	   4.182219

2025-07-17:09:42:07,952 INFO     [psi4.optking.opt_helper:168] 
	         Geometry (au)                                       Gradient (au)
   0.0000000000   0.0000000000   1.6290643955		   0.0000000000   0.0000000000  -0.4917834141
   0.0000000000   0.0000000000  -0.6386069550		   0.0000000000   0.0000000000   0.4918143533

2025-07-17:09:42:07,952 INFO     [psi4.optking.stepAlgorithms:750] 	Using RFO solution 1.
2025-07-17:09:42:07,952 INFO     [psi4.optking.displace:73] 	Determining Cartesian step for fragment 1.
2025-07-17:09:42:07,953 INFO     [psi4.optking.displace:378] 	Successfully converged to displaced geometry.
2025-07-17:09:42:07,953 INFO     [psi4.optking.displace:379] 	RMS(dx):  0.000e+00 	Max(dx):  0.000e+00 	RMS(dq):  0.000e+00
2025-07-17:09:42:07,953 INFO     [psi4.optking.displace:132] 

	        --- Internal Coordinate Step in ANG or DEG, aJ/ANG or AJ/DEG ---
	-------------------------------------------------------------------------------
	           Coordinate      Previous         Force          Change          New 
	           ----------      --------        ------          ------        ------
	               R(1,2)       1.20000        4.05179        0.06139       1.26139
	-------------------------------------------------------------------------------

2025-07-17:09:42:07,953 INFO     [psi4.optking.stepAlgorithms:96] 	|target step| :    0.1160102156
2025-07-17:09:42:07,953 INFO     [psi4.optking.stepAlgorithms:97] 	gradient     :   -0.4917988837
2025-07-17:09:42:07,953 INFO     [psi4.optking.stepAlgorithms:98] 	hessian      :    4.1822185214
2025-07-17:09:42:07,953 INFO     [psi4.optking.stepAlgorithms:177] 	Norm of achieved step-size    0.1160102156
2025-07-17:09:42:07,953 INFO     [psi4.optking.stepAlgorithms:179] 	Norm of achieved step-size (cart):    0.0820316101
2025-07-17:09:42:07,953 INFO     [psi4.optking.opt_helper:151] Molsys:

	                            ===> Fragment 1 <== 

	 Z (Atomic Numbers)          Masses                          Geom                  
	       4.000000             9.012183          0.00000000  0.00000000  1.68706950   
	      11.000000            22.989769          0.00000000  0.00000000 -0.69661206   

	 - Coordinate -           - BOHR/RAD -       - ANG/DEG -
	 R(1,2)           =         2.383682           1.261390

2025-07-17:09:42:07,953 INFO     [psi4.optking.convcheck:71] Performing convergence check.
2025-07-17:09:42:07,953 INFO     [psi4.optking.convcheck:263] 
	                                 ==> Convergence Check <==                                  
    
	Measures of convergence in internal coordinates in au.
    
	Criteria marked as inactive (o), active & met (*), and active & unmet ( ).

	----------------------------------------------------------------------------------------------
	   Step    Total Energy     Delta E     Max Force     RMS Force      Max Disp      RMS Disp   
	----------------------------------------------------------------------------------------------
	  Convergence Criteria     1.00e-06 *    3.00e-04 *             o    1.20e-03 *             o
	----------------------------------------------------------------------------------------------
	     1    -176.61694305   -1.77e+02      4.92e-01      4.92e-01 o    1.16e-01      1.16e-01 o  ~
	----------------------------------------------------------------------------------------------


2025-07-17:09:42:07,953 INFO     [psi4.optking.stepAlgorithms:266] 	Convergence check returned False
2025-07-17:09:42:07,973 INFO     [psi4.driver.task_planner:285] PLANNING Atomic:  keywords={'DAMPING_PERCENTAGE': 1.0, 'GEOM_MAXITER': 500, 'SCF__GUESS': 'READ', 'GUESS': 'SAP', 'MAXITER': 500, 'REFERENCE': 'UKS', 'function_kwargs': {}}
2025-07-17:09:42:07,974 INFO     [psi4.driver.driver:636] Compute gradient(): method=b3lyp, basis=cc-pvdz, molecule=default, nre=18.458841409441664
2025-07-17:09:42:09,114 INFO     [psi4.driver.driver:639] Return gradient(): -176.66816055613376
2025-07-17:09:42:09,114 INFO     [psi4.driver.driver:640] [[ 0.00000000  0.00000000 -0.39631382]
 [ 0.00000000 -0.00000000  0.39626945]]
2025-07-17:09:42:09,115 INFO     [psi4.optking.history:257] 	Performing BFGS update.
2025-07-17:09:42:09,115 INFO     [psi4.optking.history:268] 	Using 1 previous steps for update.
2025-07-17:09:42:09,115 INFO     [psi4.optking.history:302] 	Steps to be used in Hessian update:  1

2025-07-17:09:42:09,116 INFO     [psi4.optking.history:400] 	Updated Hessian (in au) 
 	   2.091109

2025-07-17:09:42:09,116 INFO     [psi4.optking.molsys:874] Projected (PHP) Hessian matrix
	   2.091109

2025-07-17:09:42:09,116 INFO     [psi4.optking.opt_helper:168] 
	         Geometry (au)                                       Gradient (au)
   0.0000000000   0.0000000000   1.7124045637		   0.0000000000   0.0000000000  -0.3963138239
   0.0000000000   0.0000000000  -0.6712770024		   0.0000000000  -0.0000000000   0.3962694488

2025-07-17:09:42:09,116 INFO     [psi4.optking.stepAlgorithms:315] 	Current Step Report 
 
	Current energy:      -176.6681605561
	Energy change for the previous step:
		Actual       :        -0.0512175076
		Projected    :        -0.0285268473

2025-07-17:09:42:09,116 INFO     [psi4.optking.stepAlgorithms:318] 	Energy ratio =    1.79541
2025-07-17:09:42:09,116 INFO     [psi4.optking.stepAlgorithms:346] 	Energy ratio indicates good step.
2025-07-17:09:42:09,116 INFO     [psi4.optking.stepAlgorithms:347] 	Intrafrag trust radius increased to 1.000e+00.
2025-07-17:09:42:09,116 INFO     [psi4.optking.stepAlgorithms:750] 	Using RFO solution 1.
2025-07-17:09:42:09,116 INFO     [psi4.optking.displace:73] 	Determining Cartesian step for fragment 1.
2025-07-17:09:42:09,116 INFO     [psi4.optking.displace:378] 	Successfully converged to displaced geometry.
2025-07-17:09:42:09,116 INFO     [psi4.optking.displace:379] 	RMS(dx):  0.000e+00 	Max(dx):  0.000e+00 	RMS(dq):  0.000e+00
2025-07-17:09:42:09,116 INFO     [psi4.optking.displace:132] 

	        --- Internal Coordinate Step in ANG or DEG, aJ/ANG or AJ/DEG ---
	-------------------------------------------------------------------------------
	           Coordinate      Previous         Force          Change          New 
	           ----------      --------        ------          ------        ------
	               R(1,2)       1.26139        3.26494        0.09692       1.35831
	-------------------------------------------------------------------------------

2025-07-17:09:42:09,116 INFO     [psi4.optking.stepAlgorithms:96] 	|target step| :    0.1831552763
2025-07-17:09:42:09,116 INFO     [psi4.optking.stepAlgorithms:97] 	gradient     :   -0.3962916363
2025-07-17:09:42:09,116 INFO     [psi4.optking.stepAlgorithms:98] 	hessian      :    2.0911092607
2025-07-17:09:42:09,116 INFO     [psi4.optking.stepAlgorithms:177] 	Norm of achieved step-size    0.1831552763
2025-07-17:09:42:09,116 INFO     [psi4.optking.stepAlgorithms:179] 	Norm of achieved step-size (cart):    0.1295103379
2025-07-17:09:42:09,117 INFO     [psi4.optking.opt_helper:151] Molsys:

	                            ===> Fragment 1 <== 

	 Z (Atomic Numbers)          Masses                          Geom                  
	       4.000000             9.012183          0.00000000  0.00000000  1.80398220   
	      11.000000            22.989769          0.00000000  0.00000000 -0.76285464   

	 - Coordinate -           - BOHR/RAD -       - ANG/DEG -
	 R(1,2)           =         2.566837           1.358312

2025-07-17:09:42:09,117 INFO     [psi4.optking.convcheck:71] Performing convergence check.
2025-07-17:09:42:09,117 INFO     [psi4.optking.convcheck:263] 
	                                 ==> Convergence Check <==                                  
    
	Measures of convergence in internal coordinates in au.
    
	Criteria marked as inactive (o), active & met (*), and active & unmet ( ).

	----------------------------------------------------------------------------------------------
	   Step    Total Energy     Delta E     Max Force     RMS Force      Max Disp      RMS Disp   
	----------------------------------------------------------------------------------------------
	  Convergence Criteria     1.00e-06 *    3.00e-04 *             o    1.20e-03 *             o
	----------------------------------------------------------------------------------------------
	     2    -176.66816056   -5.12e-02      3.96e-01      3.96e-01 o    1.83e-01      1.83e-01 o  ~
	----------------------------------------------------------------------------------------------


2025-07-17:09:42:09,117 INFO     [psi4.optking.stepAlgorithms:266] 	Convergence check returned False
2025-07-17:09:42:09,136 INFO     [psi4.driver.task_planner:285] PLANNING Atomic:  keywords={'DAMPING_PERCENTAGE': 1.0, 'GEOM_MAXITER': 500, 'SCF__GUESS': 'READ', 'GUESS': 'SAP', 'MAXITER': 500, 'REFERENCE': 'UKS', 'function_kwargs': {}}
2025-07-17:09:42:09,138 INFO     [psi4.driver.driver:636] Compute gradient(): method=b3lyp, basis=cc-pvdz, molecule=default, nre=17.141720608094197
2025-07-17:09:42:10,279 INFO     [psi4.driver.driver:639] Return gradient(): -176.73066932434526
2025-07-17:09:42:10,279 INFO     [psi4.driver.driver:640] [[ 0.00000000 -0.00000000 -0.29415761]
 [-0.00000000 -0.00000000  0.29411043]]
2025-07-17:09:42:10,281 INFO     [psi4.optking.history:257] 	Performing BFGS update.
2025-07-17:09:42:10,281 INFO     [psi4.optking.history:268] 	Using 2 previous steps for update.
2025-07-17:09:42:10,281 INFO     [psi4.optking.history:302] 	Steps to be used in Hessian update:  2 1

2025-07-17:09:42:10,281 INFO     [psi4.optking.history:400] 	Updated Hessian (in au) 
 	   0.660721

2025-07-17:09:42:10,281 INFO     [psi4.optking.molsys:874] Projected (PHP) Hessian matrix
	   0.660721

2025-07-17:09:42:10,281 INFO     [psi4.optking.opt_helper:168] 
	         Geometry (au)                                       Gradient (au)
   0.0000000000   0.0000000000   1.8439808344		   0.0000000000  -0.0000000000  -0.2941576124
   0.0000000000   0.0000000000  -0.7228560080		  -0.0000000000  -0.0000000000   0.2941104275

2025-07-17:09:42:10,281 INFO     [psi4.optking.stepAlgorithms:315] 	Current Step Report 
 
	Current energy:      -176.7306693243
	Energy change for the previous step:
		Actual       :        -0.0625087682
		Projected    :        -0.0362914521

2025-07-17:09:42:10,281 INFO     [psi4.optking.stepAlgorithms:318] 	Energy ratio =    1.72241
2025-07-17:09:42:10,281 INFO     [psi4.optking.stepAlgorithms:750] 	Using RFO solution 1.
2025-07-17:09:42:10,281 INFO     [psi4.optking.displace:73] 	Determining Cartesian step for fragment 1.
2025-07-17:09:42:10,281 INFO     [psi4.optking.displace:378] 	Successfully converged to displaced geometry.
2025-07-17:09:42:10,281 INFO     [psi4.optking.displace:379] 	RMS(dx):  0.000e+00 	Max(dx):  0.000e+00 	RMS(dq):  0.000e+00
2025-07-17:09:42:10,281 INFO     [psi4.optking.displace:132] 

	        --- Internal Coordinate Step in ANG or DEG, aJ/ANG or AJ/DEG ---
	-------------------------------------------------------------------------------
	           Coordinate      Previous         Force          Change          New 
	           ----------      --------        ------          ------        ------
	               R(1,2)       1.35831        2.42329        0.20144       1.55975
	-------------------------------------------------------------------------------

2025-07-17:09:42:10,282 INFO     [psi4.optking.stepAlgorithms:96] 	|target step| :    0.3806638674
2025-07-17:09:42:10,282 INFO     [psi4.optking.stepAlgorithms:97] 	gradient     :   -0.2941340200
2025-07-17:09:42:10,282 INFO     [psi4.optking.stepAlgorithms:98] 	hessian      :    0.6607208020
2025-07-17:09:42:10,282 INFO     [psi4.optking.stepAlgorithms:177] 	Norm of achieved step-size    0.3806638674
2025-07-17:09:42:10,282 INFO     [psi4.optking.stepAlgorithms:179] 	Norm of achieved step-size (cart):    0.2691700020
2025-07-17:09:42:10,282 INFO     [psi4.optking.opt_helper:151] Molsys:

	                            ===> Fragment 1 <== 

	 Z (Atomic Numbers)          Masses                          Geom                  
	       4.000000             9.012183          0.00000000  0.00000000  2.03431277   
	      11.000000            22.989769          0.00000000  0.00000000 -0.91318794   

	 - Coordinate -           - BOHR/RAD -       - ANG/DEG -
	 R(1,2)           =         2.947501           1.559750

2025-07-17:09:42:10,282 INFO     [psi4.optking.convcheck:71] Performing convergence check.
2025-07-17:09:42:10,282 INFO     [psi4.optking.convcheck:263] 
	                                 ==> Convergence Check <==                                  
    
	Measures of convergence in internal coordinates in au.
    
	Criteria marked as inactive (o), active & met (*), and active & unmet ( ).

	----------------------------------------------------------------------------------------------
	   Step    Total Energy     Delta E     Max Force     RMS Force      Max Disp      RMS Disp   
	----------------------------------------------------------------------------------------------
	  Convergence Criteria     1.00e-06 *    3.00e-04 *             o    1.20e-03 *             o
	----------------------------------------------------------------------------------------------
	     3    -176.73066932   -6.25e-02      2.94e-01      2.94e-01 o    3.81e-01      3.81e-01 o  ~
	----------------------------------------------------------------------------------------------


2025-07-17:09:42:10,282 INFO     [psi4.optking.stepAlgorithms:266] 	Convergence check returned False
2025-07-17:09:42:10,298 INFO     [psi4.driver.task_planner:285] PLANNING Atomic:  keywords={'DAMPING_PERCENTAGE': 1.0, 'GEOM_MAXITER': 500, 'SCF__GUESS': 'READ', 'GUESS': 'SAP', 'MAXITER': 500, 'REFERENCE': 'UKS', 'function_kwargs': {}}
2025-07-17:09:42:10,299 INFO     [psi4.driver.driver:636] Compute gradient(): method=b3lyp, basis=cc-pvdz, molecule=default, nre=14.927901409285996
2025-07-17:09:42:11,395 INFO     [psi4.driver.driver:639] Return gradient(): -176.817610588616
2025-07-17:09:42:11,395 INFO     [psi4.driver.driver:640] [[-0.00000000 -0.00000000 -0.17625498]
 [ 0.00000000 -0.00000000  0.17625426]]
2025-07-17:09:42:11,396 INFO     [psi4.optking.history:257] 	Performing BFGS update.
2025-07-17:09:42:11,397 INFO     [psi4.optking.history:268] 	Using 3 previous steps for update.
2025-07-17:09:42:11,397 WARNING  [psi4.optking.history:286] 	Change in internal coordinate of 5.64e-01 exceeds limit of 5.00e-01.
2025-07-17:09:42:11,397 WARNING  [psi4.optking.history:291] 	Skipping Hessian update for step 2.
2025-07-17:09:42:11,397 WARNING  [psi4.optking.history:286] 	Change in internal coordinate of 6.80e-01 exceeds limit of 5.00e-01.
2025-07-17:09:42:11,397 WARNING  [psi4.optking.history:291] 	Skipping Hessian update for step 1.
2025-07-17:09:42:11,397 INFO     [psi4.optking.history:302] 	Steps to be used in Hessian update:  3

2025-07-17:09:42:11,397 INFO     [psi4.optking.history:400] 	Updated Hessian (in au) 
 	   0.309668

2025-07-17:09:42:11,397 INFO     [psi4.optking.molsys:874] Projected (PHP) Hessian matrix
	   0.309668

2025-07-17:09:42:11,397 INFO     [psi4.optking.opt_helper:168] 
	         Geometry (au)                                       Gradient (au)
   0.0000000000   0.0000000000   2.1174446028		  -0.0000000000  -0.0000000000  -0.1762549847
   0.0000000000   0.0000000000  -0.8300561070		   0.0000000000  -0.0000000000   0.1762542622

2025-07-17:09:42:11,397 INFO     [psi4.optking.stepAlgorithms:315] 	Current Step Report 
 
	Current energy:      -176.8176105886
	Energy change for the previous step:
		Actual       :        -0.0869412643
		Projected    :        -0.0559830968

2025-07-17:09:42:11,397 INFO     [psi4.optking.stepAlgorithms:318] 	Energy ratio =    1.55299
2025-07-17:09:42:11,397 INFO     [psi4.optking.stepAlgorithms:750] 	Using RFO solution 1.
2025-07-17:09:42:11,397 INFO     [psi4.optking.displace:73] 	Determining Cartesian step for fragment 1.
2025-07-17:09:42:11,397 INFO     [psi4.optking.displace:378] 	Successfully converged to displaced geometry.
2025-07-17:09:42:11,397 INFO     [psi4.optking.displace:379] 	RMS(dx):  1.282e-16 	Max(dx):  2.220e-16 	RMS(dq):  4.441e-16
2025-07-17:09:42:11,397 INFO     [psi4.optking.displace:132] 

	        --- Internal Coordinate Step in ANG or DEG, aJ/ANG or AJ/DEG ---
	-------------------------------------------------------------------------------
	           Coordinate      Previous         Force          Change          New 
	           ----------      --------        ------          ------        ------
	               R(1,2)       1.55975        1.45211        0.23950       1.79925
	-------------------------------------------------------------------------------

2025-07-17:09:42:11,398 INFO     [psi4.optking.stepAlgorithms:96] 	|target step| :    0.4525866248
2025-07-17:09:42:11,398 INFO     [psi4.optking.stepAlgorithms:97] 	gradient     :   -0.1762546234
2025-07-17:09:42:11,398 INFO     [psi4.optking.stepAlgorithms:98] 	hessian      :    0.3096679424
2025-07-17:09:42:11,398 INFO     [psi4.optking.stepAlgorithms:177] 	Norm of achieved step-size    0.4525866248
2025-07-17:09:42:11,398 INFO     [psi4.optking.stepAlgorithms:179] 	Norm of achieved step-size (cart):    0.3200270714
2025-07-17:09:42:11,398 INFO     [psi4.optking.opt_helper:151] Molsys:

	                            ===> Fragment 1 <== 

	 Z (Atomic Numbers)          Masses                          Geom                  
	       4.000000             9.012183          0.00000000  0.00000000  2.34373792   
	      11.000000            22.989769          0.00000000  0.00000000 -1.05634942   

	 - Coordinate -           - BOHR/RAD -       - ANG/DEG -
	 R(1,2)           =         3.400087           1.799249

2025-07-17:09:42:11,398 INFO     [psi4.optking.convcheck:71] Performing convergence check.
2025-07-17:09:42:11,398 INFO     [psi4.optking.convcheck:263] 
	                                 ==> Convergence Check <==                                  
    
	Measures of convergence in internal coordinates in au.
    
	Criteria marked as inactive (o), active & met (*), and active & unmet ( ).

	----------------------------------------------------------------------------------------------
	   Step    Total Energy     Delta E     Max Force     RMS Force      Max Disp      RMS Disp   
	----------------------------------------------------------------------------------------------
	  Convergence Criteria     1.00e-06 *    3.00e-04 *             o    1.20e-03 *             o
	----------------------------------------------------------------------------------------------
	     4    -176.81761059   -8.69e-02      1.76e-01      1.76e-01 o    4.53e-01      4.53e-01 o  ~
	----------------------------------------------------------------------------------------------


2025-07-17:09:42:11,398 INFO     [psi4.optking.stepAlgorithms:266] 	Convergence check returned False
2025-07-17:09:42:11,414 INFO     [psi4.driver.task_planner:285] PLANNING Atomic:  keywords={'DAMPING_PERCENTAGE': 1.0, 'GEOM_MAXITER': 500, 'SCF__GUESS': 'READ', 'GUESS': 'SAP', 'MAXITER': 500, 'REFERENCE': 'UKS', 'function_kwargs': {}}
2025-07-17:09:42:11,415 INFO     [psi4.driver.driver:636] Compute gradient(): method=b3lyp, basis=cc-pvdz, molecule=default, nre=12.940844063771465
2025-07-17:09:42:12,444 INFO     [psi4.driver.driver:639] Return gradient(): -176.87829837558783
2025-07-17:09:42:12,444 INFO     [psi4.driver.driver:640] [[ 0.00000000 -0.00000000 -0.09824259]
 [ 0.00000000  0.00000000  0.09823797]]
2025-07-17:09:42:12,445 INFO     [psi4.optking.history:257] 	Performing BFGS update.
2025-07-17:09:42:12,445 INFO     [psi4.optking.history:268] 	Using 4 previous steps for update.
2025-07-17:09:42:12,445 WARNING  [psi4.optking.history:286] 	Change in internal coordinate of 8.33e-01 exceeds limit of 5.00e-01.
2025-07-17:09:42:12,445 WARNING  [psi4.optking.history:291] 	Skipping Hessian update for step 3.
2025-07-17:09:42:12,445 WARNING  [psi4.optking.history:286] 	Change in internal coordinate of 1.02e+00 exceeds limit of 5.00e-01.
2025-07-17:09:42:12,445 WARNING  [psi4.optking.history:291] 	Skipping Hessian update for step 2.
2025-07-17:09:42:12,445 WARNING  [psi4.optking.history:286] 	Change in internal coordinate of 1.13e+00 exceeds limit of 5.00e-01.
2025-07-17:09:42:12,445 WARNING  [psi4.optking.history:291] 	Skipping Hessian update for step 1.
2025-07-17:09:42:12,445 INFO     [psi4.optking.history:302] 	Steps to be used in Hessian update:  4

2025-07-17:09:42:12,446 INFO     [psi4.optking.history:400] 	Updated Hessian (in au) 
 	   0.172374

2025-07-17:09:42:12,446 INFO     [psi4.optking.molsys:874] Projected (PHP) Hessian matrix
	   0.172374

2025-07-17:09:42:12,446 INFO     [psi4.optking.opt_helper:168] 
	         Geometry (au)                                       Gradient (au)
   0.0000000000   0.0000000000   2.4425767064		   0.0000000000  -0.0000000000  -0.0982425922
   0.0000000000   0.0000000000  -0.9575106282		   0.0000000000   0.0000000000   0.0982379662

2025-07-17:09:42:12,446 INFO     [psi4.optking.stepAlgorithms:315] 	Current Step Report 
 
	Current energy:      -176.8782983756
	Energy change for the previous step:
		Actual       :        -0.0606877870
		Projected    :        -0.0398852426

2025-07-17:09:42:12,446 INFO     [psi4.optking.stepAlgorithms:318] 	Energy ratio =    1.52156
2025-07-17:09:42:12,446 INFO     [psi4.optking.stepAlgorithms:750] 	Using RFO solution 1.
2025-07-17:09:42:12,446 INFO     [psi4.optking.displace:73] 	Determining Cartesian step for fragment 1.
2025-07-17:09:42:12,446 INFO     [psi4.optking.displace:378] 	Successfully converged to displaced geometry.
2025-07-17:09:42:12,446 INFO     [psi4.optking.displace:379] 	RMS(dx):  1.282e-16 	Max(dx):  2.220e-16 	RMS(dq):  4.441e-16
2025-07-17:09:42:12,446 INFO     [psi4.optking.displace:132] 

	        --- Internal Coordinate Step in ANG or DEG, aJ/ANG or AJ/DEG ---
	-------------------------------------------------------------------------------
	           Coordinate      Previous         Force          Change          New 
	           ----------      --------        ------          ------        ------
	               R(1,2)       1.79925        0.80937        0.23971       2.03896
	-------------------------------------------------------------------------------

2025-07-17:09:42:12,446 INFO     [psi4.optking.stepAlgorithms:96] 	|target step| :    0.4529804505
2025-07-17:09:42:12,446 INFO     [psi4.optking.stepAlgorithms:97] 	gradient     :   -0.0982402792
2025-07-17:09:42:12,446 INFO     [psi4.optking.stepAlgorithms:98] 	hessian      :    0.1723743920
2025-07-17:09:42:12,446 INFO     [psi4.optking.stepAlgorithms:177] 	Norm of achieved step-size    0.4529804505
2025-07-17:09:42:12,446 INFO     [psi4.optking.stepAlgorithms:179] 	Norm of achieved step-size (cart):    0.3203055483
2025-07-17:09:42:12,446 INFO     [psi4.optking.opt_helper:151] Molsys:

	                            ===> Fragment 1 <== 

	 Z (Atomic Numbers)          Masses                          Geom                  
	       4.000000             9.012183          0.00000000  0.00000000  2.66906693   
	      11.000000            22.989769          0.00000000  0.00000000 -1.18400085   

	 - Coordinate -           - BOHR/RAD -       - ANG/DEG -
	 R(1,2)           =         3.853068           2.038956

2025-07-17:09:42:12,447 INFO     [psi4.optking.convcheck:71] Performing convergence check.
2025-07-17:09:42:12,447 INFO     [psi4.optking.convcheck:263] 
	                                 ==> Convergence Check <==                                  
    
	Measures of convergence in internal coordinates in au.
    
	Criteria marked as inactive (o), active & met (*), and active & unmet ( ).

	----------------------------------------------------------------------------------------------
	   Step    Total Energy     Delta E     Max Force     RMS Force      Max Disp      RMS Disp   
	----------------------------------------------------------------------------------------------
	  Convergence Criteria     1.00e-06 *    3.00e-04 *             o    1.20e-03 *             o
	----------------------------------------------------------------------------------------------
	     5    -176.87829838   -6.07e-02      9.82e-02      9.82e-02 o    4.53e-01      4.53e-01 o  ~
	----------------------------------------------------------------------------------------------


2025-07-17:09:42:12,447 INFO     [psi4.optking.stepAlgorithms:266] 	Convergence check returned False
2025-07-17:09:42:12,460 INFO     [psi4.driver.task_planner:285] PLANNING Atomic:  keywords={'DAMPING_PERCENTAGE': 1.0, 'GEOM_MAXITER': 500, 'SCF__GUESS': 'READ', 'GUESS': 'SAP', 'MAXITER': 500, 'REFERENCE': 'UKS', 'function_kwargs': {}}
2025-07-17:09:42:12,462 INFO     [psi4.driver.driver:636] Compute gradient(): method=b3lyp, basis=cc-pvdz, molecule=default, nre=11.419472081636542
2025-07-17:09:42:13,491 INFO     [psi4.driver.driver:639] Return gradient(): -176.91070960551966
2025-07-17:09:42:13,491 INFO     [psi4.driver.driver:640] [[ 0.00000000  0.00000000 -0.04858143]
 [ 0.00000000 -0.00000000  0.04857415]]
2025-07-17:09:42:13,494 INFO     [psi4.optking.history:257] 	Performing BFGS update.
2025-07-17:09:42:13,494 INFO     [psi4.optking.history:268] 	Using 4 previous steps for update.
2025-07-17:09:42:13,495 WARNING  [psi4.optking.history:286] 	Change in internal coordinate of 9.06e-01 exceeds limit of 5.00e-01.
2025-07-17:09:42:13,495 WARNING  [psi4.optking.history:291] 	Skipping Hessian update for step 4.
2025-07-17:09:42:13,495 WARNING  [psi4.optking.history:286] 	Change in internal coordinate of 1.29e+00 exceeds limit of 5.00e-01.
2025-07-17:09:42:13,495 WARNING  [psi4.optking.history:291] 	Skipping Hessian update for step 3.
2025-07-17:09:42:13,495 WARNING  [psi4.optking.history:286] 	Change in internal coordinate of 1.47e+00 exceeds limit of 5.00e-01.
2025-07-17:09:42:13,495 WARNING  [psi4.optking.history:291] 	Skipping Hessian update for step 2.
2025-07-17:09:42:13,495 WARNING  [psi4.optking.history:286] 	Change in internal coordinate of 1.59e+00 exceeds limit of 5.00e-01.
2025-07-17:09:42:13,495 WARNING  [psi4.optking.history:291] 	Skipping Hessian update for step 1.
2025-07-17:09:42:13,495 INFO     [psi4.optking.history:302] 	Steps to be used in Hessian update:  5

2025-07-17:09:42:13,495 INFO     [psi4.optking.history:400] 	Updated Hessian (in au) 
 	   0.109635

2025-07-17:09:42:13,496 INFO     [psi4.optking.molsys:874] Projected (PHP) Hessian matrix
	   0.109635

2025-07-17:09:42:13,496 INFO     [psi4.optking.opt_helper:168] 
	         Geometry (au)                                       Gradient (au)
   0.0000000000   0.0000000000   2.7679917289		   0.0000000000   0.0000000000  -0.0485814280
   0.0000000000   0.0000000000  -1.0850760561		   0.0000000000  -0.0000000000   0.0485741480

2025-07-17:09:42:13,496 INFO     [psi4.optking.stepAlgorithms:315] 	Current Step Report 
 
	Current energy:      -176.9107096055
	Energy change for the previous step:
		Actual       :        -0.0324112299
		Projected    :        -0.0222504630

2025-07-17:09:42:13,496 INFO     [psi4.optking.stepAlgorithms:318] 	Energy ratio =    1.45665
2025-07-17:09:42:13,496 INFO     [psi4.optking.stepAlgorithms:750] 	Using RFO solution 1.
2025-07-17:09:42:13,496 INFO     [psi4.optking.displace:73] 	Determining Cartesian step for fragment 1.
2025-07-17:09:42:13,496 INFO     [psi4.optking.displace:378] 	Successfully converged to displaced geometry.
2025-07-17:09:42:13,497 INFO     [psi4.optking.displace:379] 	RMS(dx):  0.000e+00 	Max(dx):  0.000e+00 	RMS(dq):  0.000e+00
2025-07-17:09:42:13,497 INFO     [psi4.optking.displace:132] 

	        --- Internal Coordinate Step in ANG or DEG, aJ/ANG or AJ/DEG ---
	-------------------------------------------------------------------------------
	           Coordinate      Previous         Force          Change          New 
	           ----------      --------        ------          ------        ------
	               R(1,2)       2.03896        0.40022        0.20073       2.23969
	-------------------------------------------------------------------------------

2025-07-17:09:42:13,497 INFO     [psi4.optking.stepAlgorithms:96] 	|target step| :    0.3793302871
2025-07-17:09:42:13,497 INFO     [psi4.optking.stepAlgorithms:97] 	gradient     :   -0.0485777880
2025-07-17:09:42:13,497 INFO     [psi4.optking.stepAlgorithms:98] 	hessian      :    0.1096349547
2025-07-17:09:42:13,497 INFO     [psi4.optking.stepAlgorithms:177] 	Norm of achieved step-size    0.3793302871
2025-07-17:09:42:13,497 INFO     [psi4.optking.stepAlgorithms:179] 	Norm of achieved step-size (cart):    0.2682270183
2025-07-17:09:42:13,497 INFO     [psi4.optking.opt_helper:151] Molsys:

	                            ===> Fragment 1 <== 

	 Z (Atomic Numbers)          Masses                          Geom                  
	       4.000000             9.012183          0.00000000  0.00000000  2.95765687   
	      11.000000            22.989769          0.00000000  0.00000000 -1.27474120   

	 - Coordinate -           - BOHR/RAD -       - ANG/DEG -
	 R(1,2)           =         4.232398           2.239689

2025-07-17:09:42:13,497 INFO     [psi4.optking.convcheck:71] Performing convergence check.
2025-07-17:09:42:13,498 INFO     [psi4.optking.convcheck:263] 
	                                 ==> Convergence Check <==                                  
    
	Measures of convergence in internal coordinates in au.
    
	Criteria marked as inactive (o), active & met (*), and active & unmet ( ).

	----------------------------------------------------------------------------------------------
	   Step    Total Energy     Delta E     Max Force     RMS Force      Max Disp      RMS Disp   
	----------------------------------------------------------------------------------------------
	  Convergence Criteria     1.00e-06 *    3.00e-04 *             o    1.20e-03 *             o
	----------------------------------------------------------------------------------------------
	     6    -176.91070961   -3.24e-02      4.86e-02      4.86e-02 o    3.79e-01      3.79e-01 o  ~
	----------------------------------------------------------------------------------------------


2025-07-17:09:42:13,498 INFO     [psi4.optking.stepAlgorithms:266] 	Convergence check returned False
2025-07-17:09:42:13,518 INFO     [psi4.driver.task_planner:285] PLANNING Atomic:  keywords={'DAMPING_PERCENTAGE': 1.0, 'GEOM_MAXITER': 500, 'SCF__GUESS': 'READ', 'GUESS': 'SAP', 'MAXITER': 500, 'REFERENCE': 'UKS', 'function_kwargs': {}}
2025-07-17:09:42:13,520 INFO     [psi4.driver.driver:636] Compute gradient(): method=b3lyp, basis=cc-pvdz, molecule=default, nre=10.39599755259128
2025-07-17:09:42:14,836 INFO     [psi4.driver.driver:639] Return gradient(): -176.96361904516505
2025-07-17:09:42:14,836 INFO     [psi4.driver.driver:640] [[-0.00000000 -0.00000000 -0.04826795]
 [ 0.00000000  0.00000000  0.04825939]]
2025-07-17:09:42:14,839 INFO     [psi4.optking.history:257] 	Performing BFGS update.
2025-07-17:09:42:14,839 INFO     [psi4.optking.history:268] 	Using 4 previous steps for update.
2025-07-17:09:42:14,839 WARNING  [psi4.optking.history:286] 	Change in internal coordinate of 8.32e-01 exceeds limit of 5.00e-01.
2025-07-17:09:42:14,839 WARNING  [psi4.optking.history:291] 	Skipping Hessian update for step 5.
2025-07-17:09:42:14,839 WARNING  [psi4.optking.history:286] 	Change in internal coordinate of 1.28e+00 exceeds limit of 5.00e-01.
2025-07-17:09:42:14,839 WARNING  [psi4.optking.history:291] 	Skipping Hessian update for step 4.
2025-07-17:09:42:14,839 WARNING  [psi4.optking.history:286] 	Change in internal coordinate of 1.67e+00 exceeds limit of 5.00e-01.
2025-07-17:09:42:14,839 WARNING  [psi4.optking.history:291] 	Skipping Hessian update for step 3.
2025-07-17:09:42:14,839 WARNING  [psi4.optking.history:286] 	Change in internal coordinate of 1.85e+00 exceeds limit of 5.00e-01.
2025-07-17:09:42:14,839 WARNING  [psi4.optking.history:291] 	Skipping Hessian update for step 2.
2025-07-17:09:42:14,840 WARNING  [psi4.optking.history:286] 	Change in internal coordinate of 1.96e+00 exceeds limit of 5.00e-01.
2025-07-17:09:42:14,840 WARNING  [psi4.optking.history:291] 	Skipping Hessian update for step 1.
2025-07-17:09:42:14,840 INFO     [psi4.optking.history:302] 	Steps to be used in Hessian update:  6

2025-07-17:09:42:14,840 INFO     [psi4.optking.history:400] 	Updated Hessian (in au) 
 	   0.000828

2025-07-17:09:42:14,840 INFO     [psi4.optking.molsys:874] Projected (PHP) Hessian matrix
	   0.000828

2025-07-17:09:42:14,840 INFO     [psi4.optking.opt_helper:168] 
	         Geometry (au)                                       Gradient (au)
   0.0000000000   0.0000000000   3.0404974713		  -0.0000000000  -0.0000000000  -0.0482679536
   0.0000000000   0.0000000000  -1.1919006008		   0.0000000000   0.0000000000   0.0482593876

2025-07-17:09:42:14,840 INFO     [psi4.optking.stepAlgorithms:315] 	Current Step Report 
 
	Current energy:      -176.9636190452
	Energy change for the previous step:
		Actual       :        -0.0529094396
		Projected    :        -0.0092135131

2025-07-17:09:42:14,840 INFO     [psi4.optking.stepAlgorithms:318] 	Energy ratio =    5.74259
2025-07-17:09:42:14,840 INFO     [psi4.optking.stepAlgorithms:750] 	Using RFO solution 1.
2025-07-17:09:42:14,841 INFO     [psi4.optking.displace:73] 	Determining Cartesian step for fragment 1.
2025-07-17:09:42:14,841 INFO     [psi4.optking.displace:378] 	Successfully converged to displaced geometry.
2025-07-17:09:42:14,841 INFO     [psi4.optking.displace:379] 	RMS(dx):  0.000e+00 	Max(dx):  0.000e+00 	RMS(dq):  0.000e+00
2025-07-17:09:42:14,841 INFO     [psi4.optking.displace:132] 

	        --- Internal Coordinate Step in ANG or DEG, aJ/ANG or AJ/DEG ---
	-------------------------------------------------------------------------------
	           Coordinate      Previous         Force          Change          New 
	           ----------      --------        ------          ------        ------
	               R(1,2)       2.23969        0.39763        0.52466       2.76435
	-------------------------------------------------------------------------------

2025-07-17:09:42:14,841 INFO     [psi4.optking.stepAlgorithms:96] 	|target step| :    0.9914580439
2025-07-17:09:42:14,841 INFO     [psi4.optking.stepAlgorithms:97] 	gradient     :   -0.0482636706
2025-07-17:09:42:14,841 INFO     [psi4.optking.stepAlgorithms:98] 	hessian      :    0.0008280842
2025-07-17:09:42:14,842 INFO     [psi4.optking.stepAlgorithms:177] 	Norm of achieved step-size    0.9914580439
2025-07-17:09:42:14,842 INFO     [psi4.optking.stepAlgorithms:179] 	Norm of achieved step-size (cart):    0.7010667061
2025-07-17:09:42:14,842 INFO     [psi4.optking.opt_helper:151] Molsys:

	                            ===> Fragment 1 <== 

	 Z (Atomic Numbers)          Masses                          Geom                  
	       4.000000             9.012183          0.00000000  0.00000000  3.53622649   
	      11.000000            22.989769          0.00000000  0.00000000 -1.68762962   

	 - Coordinate -           - BOHR/RAD -       - ANG/DEG -
	 R(1,2)           =         5.223856           2.764346

2025-07-17:09:42:14,842 INFO     [psi4.optking.convcheck:71] Performing convergence check.
2025-07-17:09:42:14,842 INFO     [psi4.optking.convcheck:263] 
	                                 ==> Convergence Check <==                                  
    
	Measures of convergence in internal coordinates in au.
    
	Criteria marked as inactive (o), active & met (*), and active & unmet ( ).

	----------------------------------------------------------------------------------------------
	   Step    Total Energy     Delta E     Max Force     RMS Force      Max Disp      RMS Disp   
	----------------------------------------------------------------------------------------------
	  Convergence Criteria     1.00e-06 *    3.00e-04 *             o    1.20e-03 *             o
	----------------------------------------------------------------------------------------------
	     7    -176.96361905   -5.29e-02      4.83e-02      4.83e-02 o    9.91e-01      9.91e-01 o  ~
	----------------------------------------------------------------------------------------------


2025-07-17:09:42:14,842 INFO     [psi4.optking.stepAlgorithms:266] 	Convergence check returned False
2025-07-17:09:42:14,857 INFO     [psi4.driver.task_planner:285] PLANNING Atomic:  keywords={'DAMPING_PERCENTAGE': 1.0, 'GEOM_MAXITER': 500, 'SCF__GUESS': 'READ', 'GUESS': 'SAP', 'MAXITER': 500, 'REFERENCE': 'UKS', 'function_kwargs': {}}
2025-07-17:09:42:14,858 INFO     [psi4.driver.driver:636] Compute gradient(): method=b3lyp, basis=cc-pvdz, molecule=default, nre=8.422896615451181
2025-07-17:09:42:15,909 INFO     [psi4.driver.driver:639] Return gradient(): -176.98873315801686
2025-07-17:09:42:15,909 INFO     [psi4.driver.driver:640] [[ 0.00000000  0.00000000 -0.01023474]
 [-0.00000000  0.00000000  0.01022711]]
2025-07-17:09:42:15,910 INFO     [psi4.optking.history:257] 	Performing BFGS update.
2025-07-17:09:42:15,910 INFO     [psi4.optking.history:268] 	Using 4 previous steps for update.
2025-07-17:09:42:15,910 WARNING  [psi4.optking.history:286] 	Change in internal coordinate of 9.91e-01 exceeds limit of 5.00e-01.
2025-07-17:09:42:15,910 WARNING  [psi4.optking.history:291] 	Skipping Hessian update for step 7.
2025-07-17:09:42:15,910 WARNING  [psi4.optking.history:286] 	Change in internal coordinate of 1.37e+00 exceeds limit of 5.00e-01.
2025-07-17:09:42:15,910 WARNING  [psi4.optking.history:291] 	Skipping Hessian update for step 6.
2025-07-17:09:42:15,910 WARNING  [psi4.optking.history:286] 	Change in internal coordinate of 1.82e+00 exceeds limit of 5.00e-01.
2025-07-17:09:42:15,910 WARNING  [psi4.optking.history:291] 	Skipping Hessian update for step 5.
2025-07-17:09:42:15,911 WARNING  [psi4.optking.history:286] 	Change in internal coordinate of 2.28e+00 exceeds limit of 5.00e-01.
2025-07-17:09:42:15,911 WARNING  [psi4.optking.history:291] 	Skipping Hessian update for step 4.
2025-07-17:09:42:15,911 WARNING  [psi4.optking.history:286] 	Change in internal coordinate of 2.66e+00 exceeds limit of 5.00e-01.
2025-07-17:09:42:15,911 WARNING  [psi4.optking.history:291] 	Skipping Hessian update for step 3.
2025-07-17:09:42:15,911 WARNING  [psi4.optking.history:286] 	Change in internal coordinate of 2.84e+00 exceeds limit of 5.00e-01.
2025-07-17:09:42:15,911 WARNING  [psi4.optking.history:291] 	Skipping Hessian update for step 2.
2025-07-17:09:42:15,911 INFO     [psi4.optking.history:302] 	Steps to be used in Hessian update:  1

2025-07-17:09:42:15,911 INFO     [psi4.optking.history:400] 	Updated Hessian (in au) 
 	   0.162902

2025-07-17:09:42:15,911 INFO     [psi4.optking.molsys:874] Projected (PHP) Hessian matrix
	   0.162902

2025-07-17:09:42:15,911 INFO     [psi4.optking.opt_helper:168] 
	         Geometry (au)                                       Gradient (au)
   0.0000000000   0.0000000000   3.7527475065		   0.0000000000   0.0000000000  -0.0102347432
   0.0000000000   0.0000000000  -1.4711086097		  -0.0000000000   0.0000000000   0.0102271059

2025-07-17:09:42:15,911 INFO     [psi4.optking.stepAlgorithms:315] 	Current Step Report 
 
	Current energy:      -176.9887331580
	Energy change for the previous step:
		Actual       :        -0.0251141129
		Projected    :        -0.0239257022

2025-07-17:09:42:15,911 INFO     [psi4.optking.stepAlgorithms:318] 	Energy ratio =    1.04967
2025-07-17:09:42:15,911 INFO     [psi4.optking.stepAlgorithms:750] 	Using RFO solution 1.
2025-07-17:09:42:15,911 INFO     [psi4.optking.displace:73] 	Determining Cartesian step for fragment 1.
2025-07-17:09:42:15,911 INFO     [psi4.optking.displace:378] 	Successfully converged to displaced geometry.
2025-07-17:09:42:15,911 INFO     [psi4.optking.displace:379] 	RMS(dx):  0.000e+00 	Max(dx):  0.000e+00 	RMS(dq):  0.000e+00
2025-07-17:09:42:15,912 INFO     [psi4.optking.displace:132] 

	        --- Internal Coordinate Step in ANG or DEG, aJ/ANG or AJ/DEG ---
	-------------------------------------------------------------------------------
	           Coordinate      Previous         Force          Change          New 
	           ----------      --------        ------          ------        ------
	               R(1,2)       2.76435        0.08429        0.03310       2.79745
	-------------------------------------------------------------------------------

2025-07-17:09:42:15,912 INFO     [psi4.optking.stepAlgorithms:96] 	|target step| :    0.0625584385
2025-07-17:09:42:15,912 INFO     [psi4.optking.stepAlgorithms:97] 	gradient     :   -0.0102309245
2025-07-17:09:42:15,912 INFO     [psi4.optking.stepAlgorithms:98] 	hessian      :    0.1629018473
2025-07-17:09:42:15,912 INFO     [psi4.optking.stepAlgorithms:177] 	Norm of achieved step-size    0.0625584385
2025-07-17:09:42:15,912 INFO     [psi4.optking.stepAlgorithms:179] 	Norm of achieved step-size (cart):    0.0442354961
2025-07-17:09:42:15,912 INFO     [psi4.optking.opt_helper:151] Molsys:

	                            ===> Fragment 1 <== 

	 Z (Atomic Numbers)          Masses                          Geom                  
	       4.000000             9.012183          0.00000000  0.00000000  3.78402673   
	      11.000000            22.989769          0.00000000  0.00000000 -1.50238783   

	 - Coordinate -           - BOHR/RAD -       - ANG/DEG -
	 R(1,2)           =         5.286415           2.797450

2025-07-17:09:42:15,912 INFO     [psi4.optking.convcheck:71] Performing convergence check.
2025-07-17:09:42:15,912 INFO     [psi4.optking.convcheck:263] 
	                                 ==> Convergence Check <==                                  
    
	Measures of convergence in internal coordinates in au.
    
	Criteria marked as inactive (o), active & met (*), and active & unmet ( ).

	----------------------------------------------------------------------------------------------
	   Step    Total Energy     Delta E     Max Force     RMS Force      Max Disp      RMS Disp   
	----------------------------------------------------------------------------------------------
	  Convergence Criteria     1.00e-06 *    3.00e-04 *             o    1.20e-03 *             o
	----------------------------------------------------------------------------------------------
	     8    -176.98873316   -2.51e-02      1.02e-02      1.02e-02 o    6.26e-02      6.26e-02 o  ~
	----------------------------------------------------------------------------------------------


2025-07-17:09:42:15,912 INFO     [psi4.optking.stepAlgorithms:266] 	Convergence check returned False
2025-07-17:09:42:15,928 INFO     [psi4.driver.task_planner:285] PLANNING Atomic:  keywords={'DAMPING_PERCENTAGE': 1.0, 'GEOM_MAXITER': 500, 'SCF__GUESS': 'READ', 'GUESS': 'SAP', 'MAXITER': 500, 'REFERENCE': 'UKS', 'function_kwargs': {}}
2025-07-17:09:42:15,929 INFO     [psi4.driver.driver:636] Compute gradient(): method=b3lyp, basis=cc-pvdz, molecule=default, nre=8.323221636363467
2025-07-17:09:42:16,797 INFO     [psi4.driver.driver:639] Return gradient(): -176.98933735017116
2025-07-17:09:42:16,798 INFO     [psi4.driver.driver:640] [[-0.00000000  0.00000000 -0.00911758]
 [ 0.00000000  0.00000000  0.00910848]]
2025-07-17:09:42:16,799 INFO     [psi4.optking.history:257] 	Performing BFGS update.
2025-07-17:09:42:16,799 INFO     [psi4.optking.history:268] 	Using 4 previous steps for update.
2025-07-17:09:42:16,799 WARNING  [psi4.optking.history:286] 	Change in internal coordinate of 1.05e+00 exceeds limit of 5.00e-01.
2025-07-17:09:42:16,799 WARNING  [psi4.optking.history:291] 	Skipping Hessian update for step 7.
2025-07-17:09:42:16,799 WARNING  [psi4.optking.history:286] 	Change in internal coordinate of 1.43e+00 exceeds limit of 5.00e-01.
2025-07-17:09:42:16,799 WARNING  [psi4.optking.history:291] 	Skipping Hessian update for step 6.
2025-07-17:09:42:16,799 WARNING  [psi4.optking.history:286] 	Change in internal coordinate of 1.89e+00 exceeds limit of 5.00e-01.
2025-07-17:09:42:16,799 WARNING  [psi4.optking.history:291] 	Skipping Hessian update for step 5.
2025-07-17:09:42:16,799 WARNING  [psi4.optking.history:286] 	Change in internal coordinate of 2.34e+00 exceeds limit of 5.00e-01.
2025-07-17:09:42:16,799 WARNING  [psi4.optking.history:291] 	Skipping Hessian update for step 4.
2025-07-17:09:42:16,799 WARNING  [psi4.optking.history:286] 	Change in internal coordinate of 2.72e+00 exceeds limit of 5.00e-01.
2025-07-17:09:42:16,799 WARNING  [psi4.optking.history:291] 	Skipping Hessian update for step 3.
2025-07-17:09:42:16,799 WARNING  [psi4.optking.history:286] 	Change in internal coordinate of 2.90e+00 exceeds limit of 5.00e-01.
2025-07-17:09:42:16,799 WARNING  [psi4.optking.history:291] 	Skipping Hessian update for step 2.
2025-07-17:09:42:16,799 WARNING  [psi4.optking.history:286] 	Change in internal coordinate of 3.02e+00 exceeds limit of 5.00e-01.
2025-07-17:09:42:16,799 WARNING  [psi4.optking.history:291] 	Skipping Hessian update for step 1.
2025-07-17:09:42:16,799 INFO     [psi4.optking.history:302] 	Steps to be used in Hessian update:  8

2025-07-17:09:42:16,800 INFO     [psi4.optking.history:400] 	Updated Hessian (in au) 
 	   0.017870

2025-07-17:09:42:16,800 INFO     [psi4.optking.molsys:874] Projected (PHP) Hessian matrix
	   0.017870

2025-07-17:09:42:16,800 INFO     [psi4.optking.opt_helper:168] 
	         Geometry (au)                                       Gradient (au)
   0.0000000000   0.0000000000   3.7976886417		  -0.0000000000   0.0000000000  -0.0091175755
   0.0000000000   0.0000000000  -1.4887259129		   0.0000000000   0.0000000000   0.0091084829

2025-07-17:09:42:16,800 INFO     [psi4.optking.stepAlgorithms:315] 	Current Step Report 
 
	Current energy:      -176.9893373502
	Energy change for the previous step:
		Actual       :        -0.0006041922
		Projected    :        -0.0003200153

2025-07-17:09:42:16,800 INFO     [psi4.optking.stepAlgorithms:318] 	Energy ratio =    1.88801
2025-07-17:09:42:16,800 INFO     [psi4.optking.stepAlgorithms:750] 	Using RFO solution 1.
2025-07-17:09:42:16,800 INFO     [psi4.optking.displace:73] 	Determining Cartesian step for fragment 1.
2025-07-17:09:42:16,800 INFO     [psi4.optking.displace:378] 	Successfully converged to displaced geometry.
2025-07-17:09:42:16,800 INFO     [psi4.optking.displace:379] 	RMS(dx):  2.564e-16 	Max(dx):  4.441e-16 	RMS(dq):  0.000e+00
2025-07-17:09:42:16,800 INFO     [psi4.optking.displace:132] 

	        --- Internal Coordinate Step in ANG or DEG, aJ/ANG or AJ/DEG ---
	-------------------------------------------------------------------------------
	           Coordinate      Previous         Force          Change          New 
	           ----------      --------        ------          ------        ------
	               R(1,2)       2.79745        0.07508        0.22226       3.01971
	-------------------------------------------------------------------------------

2025-07-17:09:42:16,800 INFO     [psi4.optking.stepAlgorithms:96] 	|target step| :    0.4200098704
2025-07-17:09:42:16,800 INFO     [psi4.optking.stepAlgorithms:97] 	gradient     :   -0.0091130292
2025-07-17:09:42:16,800 INFO     [psi4.optking.stepAlgorithms:98] 	hessian      :    0.0178696165
2025-07-17:09:42:16,800 INFO     [psi4.optking.stepAlgorithms:177] 	Norm of achieved step-size    0.4200098704
2025-07-17:09:42:16,800 INFO     [psi4.optking.stepAlgorithms:179] 	Norm of achieved step-size (cart):    0.2969918275
2025-07-17:09:42:16,800 INFO     [psi4.optking.opt_helper:151] Molsys:

	                            ===> Fragment 1 <== 

	 Z (Atomic Numbers)          Masses                          Geom                  
	       4.000000             9.012183          0.00000000  0.00000000  4.00769358   
	      11.000000            22.989769          0.00000000  0.00000000 -1.69873085   

	 - Coordinate -           - BOHR/RAD -       - ANG/DEG -
	 R(1,2)           =         5.706424           3.019710

2025-07-17:09:42:16,801 INFO     [psi4.optking.convcheck:71] Performing convergence check.
2025-07-17:09:42:16,801 INFO     [psi4.optking.convcheck:263] 
	                                 ==> Convergence Check <==                                  
    
	Measures of convergence in internal coordinates in au.
    
	Criteria marked as inactive (o), active & met (*), and active & unmet ( ).

	----------------------------------------------------------------------------------------------
	   Step    Total Energy     Delta E     Max Force     RMS Force      Max Disp      RMS Disp   
	----------------------------------------------------------------------------------------------
	  Convergence Criteria     1.00e-06 *    3.00e-04 *             o    1.20e-03 *             o
	----------------------------------------------------------------------------------------------
	     9    -176.98933735   -6.04e-04      9.11e-03      9.11e-03 o    4.20e-01      4.20e-01 o  ~
	----------------------------------------------------------------------------------------------


2025-07-17:09:42:16,801 INFO     [psi4.optking.stepAlgorithms:266] 	Convergence check returned False
2025-07-17:09:42:16,812 INFO     [psi4.driver.task_planner:285] PLANNING Atomic:  keywords={'DAMPING_PERCENTAGE': 1.0, 'GEOM_MAXITER': 500, 'SCF__GUESS': 'READ', 'GUESS': 'SAP', 'MAXITER': 500, 'REFERENCE': 'UKS', 'function_kwargs': {}}
2025-07-17:09:42:16,814 INFO     [psi4.driver.driver:636] Compute gradient(): method=b3lyp, basis=cc-pvdz, molecule=default, nre=7.710607680493423
2025-07-17:09:42:17,820 INFO     [psi4.driver.driver:639] Return gradient(): -176.9919096150144
2025-07-17:09:42:17,821 INFO     [psi4.driver.driver:640] [[ 0.00000000 -0.00000000 -0.00368166]
 [ 0.00000000 -0.00000000  0.00367379]]
2025-07-17:09:42:17,822 INFO     [psi4.optking.history:257] 	Performing BFGS update.
2025-07-17:09:42:17,822 INFO     [psi4.optking.history:268] 	Using 4 previous steps for update.
2025-07-17:09:42:17,822 WARNING  [psi4.optking.history:286] 	Change in internal coordinate of 1.47e+00 exceeds limit of 5.00e-01.
2025-07-17:09:42:17,822 WARNING  [psi4.optking.history:291] 	Skipping Hessian update for step 7.
2025-07-17:09:42:17,822 WARNING  [psi4.optking.history:286] 	Change in internal coordinate of 1.85e+00 exceeds limit of 5.00e-01.
2025-07-17:09:42:17,822 WARNING  [psi4.optking.history:291] 	Skipping Hessian update for step 6.
2025-07-17:09:42:17,822 WARNING  [psi4.optking.history:286] 	Change in internal coordinate of 2.31e+00 exceeds limit of 5.00e-01.
2025-07-17:09:42:17,822 WARNING  [psi4.optking.history:291] 	Skipping Hessian update for step 5.
2025-07-17:09:42:17,822 WARNING  [psi4.optking.history:286] 	Change in internal coordinate of 2.76e+00 exceeds limit of 5.00e-01.
2025-07-17:09:42:17,822 WARNING  [psi4.optking.history:291] 	Skipping Hessian update for step 4.
2025-07-17:09:42:17,822 WARNING  [psi4.optking.history:286] 	Change in internal coordinate of 3.14e+00 exceeds limit of 5.00e-01.
2025-07-17:09:42:17,822 WARNING  [psi4.optking.history:291] 	Skipping Hessian update for step 3.
2025-07-17:09:42:17,822 WARNING  [psi4.optking.history:286] 	Change in internal coordinate of 3.32e+00 exceeds limit of 5.00e-01.
2025-07-17:09:42:17,822 WARNING  [psi4.optking.history:291] 	Skipping Hessian update for step 2.
2025-07-17:09:42:17,822 WARNING  [psi4.optking.history:286] 	Change in internal coordinate of 3.44e+00 exceeds limit of 5.00e-01.
2025-07-17:09:42:17,822 WARNING  [psi4.optking.history:291] 	Skipping Hessian update for step 1.
2025-07-17:09:42:17,822 INFO     [psi4.optking.history:302] 	Steps to be used in Hessian update:  9 8

2025-07-17:09:42:17,823 INFO     [psi4.optking.history:400] 	Updated Hessian (in au) 
 	   0.013580

2025-07-17:09:42:17,823 INFO     [psi4.optking.molsys:874] Projected (PHP) Hessian matrix
	   0.013580

2025-07-17:09:42:17,823 INFO     [psi4.optking.opt_helper:168] 
	         Geometry (au)                                       Gradient (au)
   0.0000000000   0.0000000000   4.0994180460		   0.0000000000  -0.0000000000  -0.0036816617
   0.0000000000   0.0000000000  -1.6070063791		   0.0000000000  -0.0000000000   0.0036737906

2025-07-17:09:42:17,823 INFO     [psi4.optking.stepAlgorithms:315] 	Current Step Report 
 
	Current energy:      -176.9919096150
	Energy change for the previous step:
		Actual       :        -0.0025722648
		Projected    :        -0.0019137811

2025-07-17:09:42:17,823 INFO     [psi4.optking.stepAlgorithms:318] 	Energy ratio =    1.34407
2025-07-17:09:42:17,823 INFO     [psi4.optking.stepAlgorithms:750] 	Using RFO solution 1.
2025-07-17:09:42:17,823 INFO     [psi4.optking.displace:73] 	Determining Cartesian step for fragment 1.
2025-07-17:09:42:17,823 INFO     [psi4.optking.displace:378] 	Successfully converged to displaced geometry.
2025-07-17:09:42:17,823 INFO     [psi4.optking.displace:379] 	RMS(dx):  0.000e+00 	Max(dx):  0.000e+00 	RMS(dq):  0.000e+00
2025-07-17:09:42:17,823 INFO     [psi4.optking.displace:132] 

	        --- Internal Coordinate Step in ANG or DEG, aJ/ANG or AJ/DEG ---
	-------------------------------------------------------------------------------
	           Coordinate      Previous         Force          Change          New 
	           ----------      --------        ------          ------        ------
	               R(1,2)       3.01971        0.03030        0.13411       3.15382
	-------------------------------------------------------------------------------

2025-07-17:09:42:17,823 INFO     [psi4.optking.stepAlgorithms:96] 	|target step| :    0.2534286967
2025-07-17:09:42:17,823 INFO     [psi4.optking.stepAlgorithms:97] 	gradient     :   -0.0036777261
2025-07-17:09:42:17,823 INFO     [psi4.optking.stepAlgorithms:98] 	hessian      :    0.0135798358
2025-07-17:09:42:17,823 INFO     [psi4.optking.stepAlgorithms:177] 	Norm of achieved step-size    0.2534286967
2025-07-17:09:42:17,823 INFO     [psi4.optking.stepAlgorithms:179] 	Norm of achieved step-size (cart):    0.1792011500
2025-07-17:09:42:17,823 INFO     [psi4.optking.opt_helper:151] Molsys:

	                            ===> Fragment 1 <== 

	 Z (Atomic Numbers)          Masses                          Geom                  
	       4.000000             9.012183          0.00000000  0.00000000  4.22613239   
	      11.000000            22.989769          0.00000000  0.00000000 -1.73372073   

	 - Coordinate -           - BOHR/RAD -       - ANG/DEG -
	 R(1,2)           =         5.959853           3.153818

2025-07-17:09:42:17,824 INFO     [psi4.optking.convcheck:71] Performing convergence check.
2025-07-17:09:42:17,824 INFO     [psi4.optking.convcheck:263] 
	                                 ==> Convergence Check <==                                  
    
	Measures of convergence in internal coordinates in au.
    
	Criteria marked as inactive (o), active & met (*), and active & unmet ( ).

	----------------------------------------------------------------------------------------------
	   Step    Total Energy     Delta E     Max Force     RMS Force      Max Disp      RMS Disp   
	----------------------------------------------------------------------------------------------
	  Convergence Criteria     1.00e-06 *    3.00e-04 *             o    1.20e-03 *             o
	----------------------------------------------------------------------------------------------
	    10    -176.99190962   -2.57e-03      3.68e-03      3.68e-03 o    2.53e-01      2.53e-01 o  ~
	----------------------------------------------------------------------------------------------


2025-07-17:09:42:17,824 INFO     [psi4.optking.stepAlgorithms:266] 	Convergence check returned False
2025-07-17:09:42:17,835 INFO     [psi4.driver.task_planner:285] PLANNING Atomic:  keywords={'DAMPING_PERCENTAGE': 1.0, 'GEOM_MAXITER': 500, 'SCF__GUESS': 'READ', 'GUESS': 'SAP', 'MAXITER': 500, 'REFERENCE': 'UKS', 'function_kwargs': {}}
2025-07-17:09:42:17,836 INFO     [psi4.driver.driver:636] Compute gradient(): method=b3lyp, basis=cc-pvdz, molecule=default, nre=7.382732275679562
2025-07-17:09:42:18,882 INFO     [psi4.driver.driver:639] Return gradient(): -176.99257124389658
2025-07-17:09:42:18,882 INFO     [psi4.driver.driver:640] [[ 0.00000000  0.00000000 -0.00167813]
 [-0.00000000  0.00000000  0.00167183]]
2025-07-17:09:42:18,884 INFO     [psi4.optking.history:257] 	Performing BFGS update.
2025-07-17:09:42:18,884 INFO     [psi4.optking.history:268] 	Using 4 previous steps for update.
2025-07-17:09:42:18,884 WARNING  [psi4.optking.history:286] 	Change in internal coordinate of 6.73e-01 exceeds limit of 5.00e-01.
2025-07-17:09:42:18,885 WARNING  [psi4.optking.history:291] 	Skipping Hessian update for step 9.
2025-07-17:09:42:18,885 WARNING  [psi4.optking.history:286] 	Change in internal coordinate of 7.36e-01 exceeds limit of 5.00e-01.
2025-07-17:09:42:18,885 WARNING  [psi4.optking.history:291] 	Skipping Hessian update for step 8.
2025-07-17:09:42:18,885 WARNING  [psi4.optking.history:286] 	Change in internal coordinate of 1.73e+00 exceeds limit of 5.00e-01.
2025-07-17:09:42:18,885 WARNING  [psi4.optking.history:291] 	Skipping Hessian update for step 7.
2025-07-17:09:42:18,885 WARNING  [psi4.optking.history:286] 	Change in internal coordinate of 2.11e+00 exceeds limit of 5.00e-01.
2025-07-17:09:42:18,885 WARNING  [psi4.optking.history:291] 	Skipping Hessian update for step 6.
2025-07-17:09:42:18,885 WARNING  [psi4.optking.history:286] 	Change in internal coordinate of 2.56e+00 exceeds limit of 5.00e-01.
2025-07-17:09:42:18,885 WARNING  [psi4.optking.history:291] 	Skipping Hessian update for step 5.
2025-07-17:09:42:18,885 WARNING  [psi4.optking.history:286] 	Change in internal coordinate of 3.01e+00 exceeds limit of 5.00e-01.
2025-07-17:09:42:18,885 WARNING  [psi4.optking.history:291] 	Skipping Hessian update for step 4.
2025-07-17:09:42:18,885 WARNING  [psi4.optking.history:286] 	Change in internal coordinate of 3.39e+00 exceeds limit of 5.00e-01.
2025-07-17:09:42:18,885 WARNING  [psi4.optking.history:291] 	Skipping Hessian update for step 3.
2025-07-17:09:42:18,886 WARNING  [psi4.optking.history:286] 	Change in internal coordinate of 3.58e+00 exceeds limit of 5.00e-01.
2025-07-17:09:42:18,886 WARNING  [psi4.optking.history:291] 	Skipping Hessian update for step 2.
2025-07-17:09:42:18,886 WARNING  [psi4.optking.history:286] 	Change in internal coordinate of 3.69e+00 exceeds limit of 5.00e-01.
2025-07-17:09:42:18,886 WARNING  [psi4.optking.history:291] 	Skipping Hessian update for step 1.
2025-07-17:09:42:18,886 INFO     [psi4.optking.history:302] 	Steps to be used in Hessian update:  10

2025-07-17:09:42:18,886 INFO     [psi4.optking.history:400] 	Updated Hessian (in au) 
 	   0.007903

2025-07-17:09:42:18,886 INFO     [psi4.optking.molsys:874] Projected (PHP) Hessian matrix
	   0.007903

2025-07-17:09:42:18,886 INFO     [psi4.optking.opt_helper:168] 
	         Geometry (au)                                       Gradient (au)
   0.0000000000   0.0000000000   4.2814777904		   0.0000000000   0.0000000000  -0.0016781326
   0.0000000000   0.0000000000  -1.6783753313		  -0.0000000000   0.0000000000   0.0016718321

2025-07-17:09:42:18,886 INFO     [psi4.optking.stepAlgorithms:315] 	Current Step Report 
 
	Current energy:      -176.9925712439
	Energy change for the previous step:
		Actual       :        -0.0006616289
		Projected    :        -0.0004660207

2025-07-17:09:42:18,886 INFO     [psi4.optking.stepAlgorithms:318] 	Energy ratio =    1.41974
2025-07-17:09:42:18,887 INFO     [psi4.optking.stepAlgorithms:750] 	Using RFO solution 1.
2025-07-17:09:42:18,887 INFO     [psi4.optking.displace:73] 	Determining Cartesian step for fragment 1.
2025-07-17:09:42:18,887 INFO     [psi4.optking.displace:378] 	Successfully converged to displaced geometry.
2025-07-17:09:42:18,887 INFO     [psi4.optking.displace:379] 	RMS(dx):  2.564e-16 	Max(dx):  4.441e-16 	RMS(dq):  0.000e+00
2025-07-17:09:42:18,887 INFO     [psi4.optking.displace:132] 

	        --- Internal Coordinate Step in ANG or DEG, aJ/ANG or AJ/DEG ---
	-------------------------------------------------------------------------------
	           Coordinate      Previous         Force          Change          New 
	           ----------      --------        ------          ------        ------
	               R(1,2)       3.15382        0.01380        0.10753       3.26135
	-------------------------------------------------------------------------------

2025-07-17:09:42:18,887 INFO     [psi4.optking.stepAlgorithms:96] 	|target step| :    0.2032017566
2025-07-17:09:42:18,887 INFO     [psi4.optking.stepAlgorithms:97] 	gradient     :   -0.0016749823
2025-07-17:09:42:18,887 INFO     [psi4.optking.stepAlgorithms:98] 	hessian      :    0.0079025927
2025-07-17:09:42:18,887 INFO     [psi4.optking.stepAlgorithms:177] 	Norm of achieved step-size    0.2032017566
2025-07-17:09:42:18,888 INFO     [psi4.optking.stepAlgorithms:179] 	Norm of achieved step-size (cart):    0.1436853400
2025-07-17:09:42:18,888 INFO     [psi4.optking.opt_helper:151] Molsys:

	                            ===> Fragment 1 <== 

	 Z (Atomic Numbers)          Masses                          Geom                  
	       4.000000             9.012183          0.00000000  0.00000000  4.38307867   
	      11.000000            22.989769          0.00000000  0.00000000 -1.77997621   

	 - Coordinate -           - BOHR/RAD -       - ANG/DEG -
	 R(1,2)           =         6.163055           3.261348

2025-07-17:09:42:18,888 INFO     [psi4.optking.convcheck:71] Performing convergence check.
2025-07-17:09:42:18,888 INFO     [psi4.optking.convcheck:263] 
	                                 ==> Convergence Check <==                                  
    
	Measures of convergence in internal coordinates in au.
    
	Criteria marked as inactive (o), active & met (*), and active & unmet ( ).

	----------------------------------------------------------------------------------------------
	   Step    Total Energy     Delta E     Max Force     RMS Force      Max Disp      RMS Disp   
	----------------------------------------------------------------------------------------------
	  Convergence Criteria     1.00e-06 *    3.00e-04 *             o    1.20e-03 *             o
	----------------------------------------------------------------------------------------------
	    11    -176.99257124   -6.62e-04      1.67e-03      1.67e-03 o    2.03e-01      2.03e-01 o  ~
	----------------------------------------------------------------------------------------------


2025-07-17:09:42:18,888 INFO     [psi4.optking.stepAlgorithms:266] 	Convergence check returned False
2025-07-17:09:42:18,902 INFO     [psi4.driver.task_planner:285] PLANNING Atomic:  keywords={'DAMPING_PERCENTAGE': 1.0, 'GEOM_MAXITER': 500, 'SCF__GUESS': 'READ', 'GUESS': 'SAP', 'MAXITER': 500, 'REFERENCE': 'UKS', 'function_kwargs': {}}
2025-07-17:09:42:18,903 INFO     [psi4.driver.driver:636] Compute gradient(): method=b3lyp, basis=cc-pvdz, molecule=default, nre=7.139316600137353
2025-07-17:09:42:19,888 INFO     [psi4.driver.driver:639] Return gradient(): -176.99278950158936
2025-07-17:09:42:19,889 INFO     [psi4.driver.driver:640] [[ 0.00000000 -0.00000000 -0.00054110]
 [ 0.00000000  0.00000000  0.00053498]]
2025-07-17:09:42:19,891 INFO     [psi4.optking.history:257] 	Performing BFGS update.
2025-07-17:09:42:19,892 INFO     [psi4.optking.history:268] 	Using 4 previous steps for update.
2025-07-17:09:42:19,892 WARNING  [psi4.optking.history:286] 	Change in internal coordinate of 8.77e-01 exceeds limit of 5.00e-01.
2025-07-17:09:42:19,892 WARNING  [psi4.optking.history:291] 	Skipping Hessian update for step 9.
2025-07-17:09:42:19,892 WARNING  [psi4.optking.history:286] 	Change in internal coordinate of 9.39e-01 exceeds limit of 5.00e-01.
2025-07-17:09:42:19,892 WARNING  [psi4.optking.history:291] 	Skipping Hessian update for step 8.
2025-07-17:09:42:19,892 WARNING  [psi4.optking.history:286] 	Change in internal coordinate of 1.93e+00 exceeds limit of 5.00e-01.
2025-07-17:09:42:19,892 WARNING  [psi4.optking.history:291] 	Skipping Hessian update for step 7.
2025-07-17:09:42:19,893 WARNING  [psi4.optking.history:286] 	Change in internal coordinate of 2.31e+00 exceeds limit of 5.00e-01.
2025-07-17:09:42:19,893 WARNING  [psi4.optking.history:291] 	Skipping Hessian update for step 6.
2025-07-17:09:42:19,893 WARNING  [psi4.optking.history:286] 	Change in internal coordinate of 2.76e+00 exceeds limit of 5.00e-01.
2025-07-17:09:42:19,893 WARNING  [psi4.optking.history:291] 	Skipping Hessian update for step 5.
2025-07-17:09:42:19,893 WARNING  [psi4.optking.history:286] 	Change in internal coordinate of 3.22e+00 exceeds limit of 5.00e-01.
2025-07-17:09:42:19,893 WARNING  [psi4.optking.history:291] 	Skipping Hessian update for step 4.
2025-07-17:09:42:19,893 WARNING  [psi4.optking.history:286] 	Change in internal coordinate of 3.60e+00 exceeds limit of 5.00e-01.
2025-07-17:09:42:19,893 WARNING  [psi4.optking.history:291] 	Skipping Hessian update for step 3.
2025-07-17:09:42:19,893 WARNING  [psi4.optking.history:286] 	Change in internal coordinate of 3.78e+00 exceeds limit of 5.00e-01.
2025-07-17:09:42:19,893 WARNING  [psi4.optking.history:291] 	Skipping Hessian update for step 2.
2025-07-17:09:42:19,893 WARNING  [psi4.optking.history:286] 	Change in internal coordinate of 3.90e+00 exceeds limit of 5.00e-01.
2025-07-17:09:42:19,893 WARNING  [psi4.optking.history:291] 	Skipping Hessian update for step 1.
2025-07-17:09:42:19,893 INFO     [psi4.optking.history:302] 	Steps to be used in Hessian update:  11 10

2025-07-17:09:42:19,894 INFO     [psi4.optking.history:400] 	Updated Hessian (in au) 
 	   0.006876

2025-07-17:09:42:19,894 INFO     [psi4.optking.molsys:874] Projected (PHP) Hessian matrix
	   0.006876

2025-07-17:09:42:19,894 INFO     [psi4.optking.opt_helper:168] 
	         Geometry (au)                                       Gradient (au)
   0.0000000000   0.0000000000   4.4274551811		   0.0000000000  -0.0000000000  -0.0005410994
   0.0000000000   0.0000000000  -1.7355996972		   0.0000000000   0.0000000000   0.0005349766

2025-07-17:09:42:19,894 INFO     [psi4.optking.stepAlgorithms:315] 	Current Step Report 
 
	Current energy:      -176.9927895016
	Energy change for the previous step:
		Actual       :        -0.0002182577
		Projected    :        -0.0001701797

2025-07-17:09:42:19,894 INFO     [psi4.optking.stepAlgorithms:318] 	Energy ratio =    1.28251
2025-07-17:09:42:19,894 INFO     [psi4.optking.stepAlgorithms:750] 	Using RFO solution 1.
2025-07-17:09:42:19,894 INFO     [psi4.optking.displace:73] 	Determining Cartesian step for fragment 1.
2025-07-17:09:42:19,895 INFO     [psi4.optking.displace:378] 	Successfully converged to displaced geometry.
2025-07-17:09:42:19,895 INFO     [psi4.optking.displace:379] 	RMS(dx):  2.564e-16 	Max(dx):  4.441e-16 	RMS(dq):  0.000e+00
2025-07-17:09:42:19,895 INFO     [psi4.optking.displace:132] 

	        --- Internal Coordinate Step in ANG or DEG, aJ/ANG or AJ/DEG ---
	-------------------------------------------------------------------------------
	           Coordinate      Previous         Force          Change          New 
	           ----------      --------        ------          ------        ------
	               R(1,2)       3.26135        0.00443        0.04116       3.30251
	-------------------------------------------------------------------------------

2025-07-17:09:42:19,895 INFO     [psi4.optking.stepAlgorithms:96] 	|target step| :    0.0777778873
2025-07-17:09:42:19,895 INFO     [psi4.optking.stepAlgorithms:97] 	gradient     :   -0.0005380380
2025-07-17:09:42:19,895 INFO     [psi4.optking.stepAlgorithms:98] 	hessian      :    0.0068757746
2025-07-17:09:42:19,895 INFO     [psi4.optking.stepAlgorithms:177] 	Norm of achieved step-size    0.0777778873
2025-07-17:09:42:19,895 INFO     [psi4.optking.stepAlgorithms:179] 	Norm of achieved step-size (cart):    0.0549972715
2025-07-17:09:42:19,895 INFO     [psi4.optking.opt_helper:151] Molsys:

	                            ===> Fragment 1 <== 

	 Z (Atomic Numbers)          Masses                          Geom                  
	       4.000000             9.012183          0.00000000  0.00000000  4.46634412   
	      11.000000            22.989769          0.00000000  0.00000000 -1.77448864   

	 - Coordinate -           - BOHR/RAD -       - ANG/DEG -
	 R(1,2)           =         6.240833           3.302506

2025-07-17:09:42:19,895 INFO     [psi4.optking.convcheck:71] Performing convergence check.
2025-07-17:09:42:19,895 INFO     [psi4.optking.convcheck:263] 
	                                 ==> Convergence Check <==                                  
    
	Measures of convergence in internal coordinates in au.
    
	Criteria marked as inactive (o), active & met (*), and active & unmet ( ).

	----------------------------------------------------------------------------------------------
	   Step    Total Energy     Delta E     Max Force     RMS Force      Max Disp      RMS Disp   
	----------------------------------------------------------------------------------------------
	  Convergence Criteria     1.00e-06 *    3.00e-04 *             o    1.20e-03 *             o
	----------------------------------------------------------------------------------------------
	    12    -176.99278950   -2.18e-04      5.38e-04      5.38e-04 o    7.78e-02      7.78e-02 o  ~
	----------------------------------------------------------------------------------------------


2025-07-17:09:42:19,895 INFO     [psi4.optking.stepAlgorithms:266] 	Convergence check returned False
2025-07-17:09:42:19,907 INFO     [psi4.driver.task_planner:285] PLANNING Atomic:  keywords={'DAMPING_PERCENTAGE': 1.0, 'GEOM_MAXITER': 500, 'SCF__GUESS': 'READ', 'GUESS': 'SAP', 'MAXITER': 500, 'REFERENCE': 'UKS', 'function_kwargs': {}}
2025-07-17:09:42:19,908 INFO     [psi4.driver.driver:636] Compute gradient(): method=b3lyp, basis=cc-pvdz, molecule=default, nre=7.050341140857414
2025-07-17:09:42:20,876 INFO     [psi4.driver.driver:639] Return gradient(): -176.99281725258484
2025-07-17:09:42:20,876 INFO     [psi4.driver.driver:640] [[-0.00000000  0.00000000 -0.00019210]
 [ 0.00000000  0.00000000  0.00018636]]
2025-07-17:09:42:20,878 INFO     [psi4.optking.history:257] 	Performing BFGS update.
2025-07-17:09:42:20,878 INFO     [psi4.optking.history:268] 	Using 4 previous steps for update.
2025-07-17:09:42:20,878 WARNING  [psi4.optking.history:286] 	Change in internal coordinate of 5.34e-01 exceeds limit of 5.00e-01.
2025-07-17:09:42:20,878 WARNING  [psi4.optking.history:291] 	Skipping Hessian update for step 10.
2025-07-17:09:42:20,878 WARNING  [psi4.optking.history:286] 	Change in internal coordinate of 9.54e-01 exceeds limit of 5.00e-01.
2025-07-17:09:42:20,878 WARNING  [psi4.optking.history:291] 	Skipping Hessian update for step 9.
2025-07-17:09:42:20,878 WARNING  [psi4.optking.history:286] 	Change in internal coordinate of 1.02e+00 exceeds limit of 5.00e-01.
2025-07-17:09:42:20,878 WARNING  [psi4.optking.history:291] 	Skipping Hessian update for step 8.
2025-07-17:09:42:20,878 WARNING  [psi4.optking.history:286] 	Change in internal coordinate of 2.01e+00 exceeds limit of 5.00e-01.
2025-07-17:09:42:20,878 WARNING  [psi4.optking.history:291] 	Skipping Hessian update for step 7.
2025-07-17:09:42:20,878 WARNING  [psi4.optking.history:286] 	Change in internal coordinate of 2.39e+00 exceeds limit of 5.00e-01.
2025-07-17:09:42:20,878 WARNING  [psi4.optking.history:291] 	Skipping Hessian update for step 6.
2025-07-17:09:42:20,878 WARNING  [psi4.optking.history:286] 	Change in internal coordinate of 2.84e+00 exceeds limit of 5.00e-01.
2025-07-17:09:42:20,878 WARNING  [psi4.optking.history:291] 	Skipping Hessian update for step 5.
2025-07-17:09:42:20,878 WARNING  [psi4.optking.history:286] 	Change in internal coordinate of 3.29e+00 exceeds limit of 5.00e-01.
2025-07-17:09:42:20,878 WARNING  [psi4.optking.history:291] 	Skipping Hessian update for step 4.
2025-07-17:09:42:20,878 WARNING  [psi4.optking.history:286] 	Change in internal coordinate of 3.67e+00 exceeds limit of 5.00e-01.
2025-07-17:09:42:20,878 WARNING  [psi4.optking.history:291] 	Skipping Hessian update for step 3.
2025-07-17:09:42:20,878 WARNING  [psi4.optking.history:286] 	Change in internal coordinate of 3.86e+00 exceeds limit of 5.00e-01.
2025-07-17:09:42:20,879 WARNING  [psi4.optking.history:291] 	Skipping Hessian update for step 2.
2025-07-17:09:42:20,879 WARNING  [psi4.optking.history:286] 	Change in internal coordinate of 3.97e+00 exceeds limit of 5.00e-01.
2025-07-17:09:42:20,879 WARNING  [psi4.optking.history:291] 	Skipping Hessian update for step 1.
2025-07-17:09:42:20,879 INFO     [psi4.optking.history:302] 	Steps to be used in Hessian update:  12 11

2025-07-17:09:42:20,879 INFO     [psi4.optking.history:400] 	Updated Hessian (in au) 
 	   0.005288

2025-07-17:09:42:20,879 INFO     [psi4.optking.molsys:874] Projected (PHP) Hessian matrix
	   0.005288

2025-07-17:09:42:20,879 INFO     [psi4.optking.opt_helper:168] 
	         Geometry (au)                                       Gradient (au)
   0.0000000000   0.0000000000   4.4833297622		  -0.0000000000   0.0000000000  -0.0001921044
   0.0000000000   0.0000000000  -1.7575030033		   0.0000000000   0.0000000000   0.0001863572

2025-07-17:09:42:20,879 INFO     [psi4.optking.stepAlgorithms:315] 	Current Step Report 
 
	Current energy:      -176.9928172526
	Energy change for the previous step:
		Actual       :        -0.0000277510
		Projected    :        -0.0000209237

2025-07-17:09:42:20,879 INFO     [psi4.optking.stepAlgorithms:318] 	Energy ratio =    1.32629
2025-07-17:09:42:20,879 INFO     [psi4.optking.stepAlgorithms:750] 	Using RFO solution 1.
2025-07-17:09:42:20,879 INFO     [psi4.optking.displace:73] 	Determining Cartesian step for fragment 1.
2025-07-17:09:42:20,879 INFO     [psi4.optking.displace:378] 	Successfully converged to displaced geometry.
2025-07-17:09:42:20,879 INFO     [psi4.optking.displace:379] 	RMS(dx):  2.564e-16 	Max(dx):  4.441e-16 	RMS(dq):  8.882e-16
2025-07-17:09:42:20,879 INFO     [psi4.optking.displace:132] 

	        --- Internal Coordinate Step in ANG or DEG, aJ/ANG or AJ/DEG ---
	-------------------------------------------------------------------------------
	           Coordinate      Previous         Force          Change          New 
	           ----------      --------        ------          ------        ------
	               R(1,2)       3.30251        0.00156        0.01891       3.32142
	-------------------------------------------------------------------------------

2025-07-17:09:42:20,879 INFO     [psi4.optking.stepAlgorithms:96] 	|target step| :    0.0357408870
2025-07-17:09:42:20,879 INFO     [psi4.optking.stepAlgorithms:97] 	gradient     :   -0.0001892308
2025-07-17:09:42:20,879 INFO     [psi4.optking.stepAlgorithms:98] 	hessian      :    0.0052877551
2025-07-17:09:42:20,879 INFO     [psi4.optking.stepAlgorithms:177] 	Norm of achieved step-size    0.0357408870
2025-07-17:09:42:20,880 INFO     [psi4.optking.stepAlgorithms:179] 	Norm of achieved step-size (cart):    0.0252726236
2025-07-17:09:42:20,880 INFO     [psi4.optking.opt_helper:151] Molsys:

	                            ===> Fragment 1 <== 

	 Z (Atomic Numbers)          Masses                          Geom                  
	       4.000000             9.012183          0.00000000  0.00000000  4.50120021   
	      11.000000            22.989769          0.00000000  0.00000000 -1.77537345   

	 - Coordinate -           - BOHR/RAD -       - ANG/DEG -
	 R(1,2)           =         6.276574           3.321420

2025-07-17:09:42:20,880 INFO     [psi4.optking.convcheck:71] Performing convergence check.
2025-07-17:09:42:20,880 INFO     [psi4.optking.convcheck:263] 
	                                 ==> Convergence Check <==                                  
    
	Measures of convergence in internal coordinates in au.
    
	Criteria marked as inactive (o), active & met (*), and active & unmet ( ).

	----------------------------------------------------------------------------------------------
	   Step    Total Energy     Delta E     Max Force     RMS Force      Max Disp      RMS Disp   
	----------------------------------------------------------------------------------------------
	  Convergence Criteria     1.00e-06 *    3.00e-04 *             o    1.20e-03 *             o
	----------------------------------------------------------------------------------------------
	    13    -176.99281725   -2.78e-05      1.89e-04 *    1.89e-04 o    3.57e-02      3.57e-02 o  ~
	----------------------------------------------------------------------------------------------


2025-07-17:09:42:20,880 INFO     [psi4.optking.stepAlgorithms:266] 	Convergence check returned False
2025-07-17:09:42:20,894 INFO     [psi4.driver.task_planner:285] PLANNING Atomic:  keywords={'DAMPING_PERCENTAGE': 1.0, 'GEOM_MAXITER': 500, 'SCF__GUESS': 'READ', 'GUESS': 'SAP', 'MAXITER': 500, 'REFERENCE': 'UKS', 'function_kwargs': {}}
2025-07-17:09:42:20,897 INFO     [psi4.driver.driver:636] Compute gradient(): method=b3lyp, basis=cc-pvdz, molecule=default, nre=7.010194165770267
2025-07-17:09:42:21,987 INFO     [psi4.driver.driver:639] Return gradient(): -176.99282128197703
2025-07-17:09:42:21,987 INFO     [psi4.driver.driver:640] [[ 0.00000000 -0.00000000 -0.00004562]
 [ 0.00000000  0.00000000  0.00004003]]
2025-07-17:09:42:21,989 INFO     [psi4.optking.history:257] 	Performing BFGS update.
2025-07-17:09:42:21,989 INFO     [psi4.optking.history:268] 	Using 4 previous steps for update.
2025-07-17:09:42:21,989 WARNING  [psi4.optking.history:286] 	Change in internal coordinate of 5.70e-01 exceeds limit of 5.00e-01.
2025-07-17:09:42:21,989 WARNING  [psi4.optking.history:291] 	Skipping Hessian update for step 10.
2025-07-17:09:42:21,989 WARNING  [psi4.optking.history:286] 	Change in internal coordinate of 9.90e-01 exceeds limit of 5.00e-01.
2025-07-17:09:42:21,989 WARNING  [psi4.optking.history:291] 	Skipping Hessian update for step 9.
2025-07-17:09:42:21,989 WARNING  [psi4.optking.history:286] 	Change in internal coordinate of 1.05e+00 exceeds limit of 5.00e-01.
2025-07-17:09:42:21,989 WARNING  [psi4.optking.history:291] 	Skipping Hessian update for step 8.
2025-07-17:09:42:21,989 WARNING  [psi4.optking.history:286] 	Change in internal coordinate of 2.04e+00 exceeds limit of 5.00e-01.
2025-07-17:09:42:21,989 WARNING  [psi4.optking.history:291] 	Skipping Hessian update for step 7.
2025-07-17:09:42:21,989 WARNING  [psi4.optking.history:286] 	Change in internal coordinate of 2.42e+00 exceeds limit of 5.00e-01.
2025-07-17:09:42:21,989 WARNING  [psi4.optking.history:291] 	Skipping Hessian update for step 6.
2025-07-17:09:42:21,989 WARNING  [psi4.optking.history:286] 	Change in internal coordinate of 2.88e+00 exceeds limit of 5.00e-01.
2025-07-17:09:42:21,989 WARNING  [psi4.optking.history:291] 	Skipping Hessian update for step 5.
2025-07-17:09:42:21,989 WARNING  [psi4.optking.history:286] 	Change in internal coordinate of 3.33e+00 exceeds limit of 5.00e-01.
2025-07-17:09:42:21,989 WARNING  [psi4.optking.history:291] 	Skipping Hessian update for step 4.
2025-07-17:09:42:21,989 WARNING  [psi4.optking.history:286] 	Change in internal coordinate of 3.71e+00 exceeds limit of 5.00e-01.
2025-07-17:09:42:21,989 WARNING  [psi4.optking.history:291] 	Skipping Hessian update for step 3.
2025-07-17:09:42:21,989 WARNING  [psi4.optking.history:286] 	Change in internal coordinate of 3.89e+00 exceeds limit of 5.00e-01.
2025-07-17:09:42:21,989 WARNING  [psi4.optking.history:291] 	Skipping Hessian update for step 2.
2025-07-17:09:42:21,990 WARNING  [psi4.optking.history:286] 	Change in internal coordinate of 4.01e+00 exceeds limit of 5.00e-01.
2025-07-17:09:42:21,990 WARNING  [psi4.optking.history:291] 	Skipping Hessian update for step 1.
2025-07-17:09:42:21,990 INFO     [psi4.optking.history:302] 	Steps to be used in Hessian update:  13 12 11

2025-07-17:09:42:21,990 INFO     [psi4.optking.history:400] 	Updated Hessian (in au) 
 	   0.005153

2025-07-17:09:42:21,990 INFO     [psi4.optking.molsys:874] Projected (PHP) Hessian matrix
	   0.005153

2025-07-17:09:42:21,990 INFO     [psi4.optking.opt_helper:168] 
	         Geometry (au)                                       Gradient (au)
   0.0000000000   0.0000000000   4.5090055316		   0.0000000000  -0.0000000000  -0.0000456171
   0.0000000000   0.0000000000  -1.7675681210		   0.0000000000   0.0000000000   0.0000400326

2025-07-17:09:42:21,990 INFO     [psi4.optking.stepAlgorithms:315] 	Current Step Report 
 
	Current energy:      -176.9928212820
	Energy change for the previous step:
		Actual       :        -0.0000040294
		Projected    :        -0.0000033816

2025-07-17:09:42:21,990 INFO     [psi4.optking.stepAlgorithms:318] 	Energy ratio =    1.19155
2025-07-17:09:42:21,990 INFO     [psi4.optking.stepAlgorithms:750] 	Using RFO solution 1.
2025-07-17:09:42:21,990 INFO     [psi4.optking.displace:73] 	Determining Cartesian step for fragment 1.
2025-07-17:09:42:21,990 INFO     [psi4.optking.displace:378] 	Successfully converged to displaced geometry.
2025-07-17:09:42:21,990 INFO     [psi4.optking.displace:379] 	RMS(dx):  2.564e-16 	Max(dx):  4.441e-16 	RMS(dq):  0.000e+00
2025-07-17:09:42:21,990 INFO     [psi4.optking.displace:132] 

	        --- Internal Coordinate Step in ANG or DEG, aJ/ANG or AJ/DEG ---
	-------------------------------------------------------------------------------
	           Coordinate      Previous         Force          Change          New 
	           ----------      --------        ------          ------        ------
	               R(1,2)       3.32142        0.00035        0.00440       3.32582
	-------------------------------------------------------------------------------

2025-07-17:09:42:21,990 INFO     [psi4.optking.stepAlgorithms:96] 	|target step| :    0.0083095972
2025-07-17:09:42:21,990 INFO     [psi4.optking.stepAlgorithms:97] 	gradient     :   -0.0000428248
2025-07-17:09:42:21,991 INFO     [psi4.optking.stepAlgorithms:98] 	hessian      :    0.0051533050
2025-07-17:09:42:21,991 INFO     [psi4.optking.stepAlgorithms:177] 	Norm of achieved step-size    0.0083095972
2025-07-17:09:42:21,991 INFO     [psi4.optking.stepAlgorithms:179] 	Norm of achieved step-size (cart):    0.0058757725
2025-07-17:09:42:21,991 INFO     [psi4.optking.opt_helper:151] Molsys:

	                            ===> Fragment 1 <== 

	 Z (Atomic Numbers)          Masses                          Geom                  
	       4.000000             9.012183          0.00000000  0.00000000  4.51316033   
	      11.000000            22.989769          0.00000000  0.00000000 -1.77172292   

	 - Coordinate -           - BOHR/RAD -       - ANG/DEG -
	 R(1,2)           =         6.284883           3.325817

2025-07-17:09:42:21,991 INFO     [psi4.optking.convcheck:71] Performing convergence check.
2025-07-17:09:42:21,992 INFO     [psi4.optking.convcheck:263] 
	                                 ==> Convergence Check <==                                  
    
	Measures of convergence in internal coordinates in au.
    
	Criteria marked as inactive (o), active & met (*), and active & unmet ( ).

	----------------------------------------------------------------------------------------------
	   Step    Total Energy     Delta E     Max Force     RMS Force      Max Disp      RMS Disp   
	----------------------------------------------------------------------------------------------
	  Convergence Criteria     1.00e-06 *    3.00e-04 *             o    1.20e-03 *             o
	----------------------------------------------------------------------------------------------
	    14    -176.99282128   -4.03e-06      4.28e-05 *    4.28e-05 o    8.31e-03      8.31e-03 o  ~
	----------------------------------------------------------------------------------------------


2025-07-17:09:42:21,992 INFO     [psi4.optking.stepAlgorithms:266] 	Convergence check returned False
2025-07-17:09:42:22,13 INFO     [psi4.driver.task_planner:285] PLANNING Atomic:  keywords={'DAMPING_PERCENTAGE': 1.0, 'GEOM_MAXITER': 500, 'SCF__GUESS': 'READ', 'GUESS': 'SAP', 'MAXITER': 500, 'REFERENCE': 'UKS', 'function_kwargs': {}}
2025-07-17:09:42:22,15 INFO     [psi4.driver.driver:636] Compute gradient(): method=b3lyp, basis=cc-pvdz, molecule=default, nre=7.000925594288842
2025-07-17:09:42:22,905 INFO     [psi4.driver.driver:639] Return gradient(): -176.99282147965494
2025-07-17:09:42:22,905 INFO     [psi4.driver.driver:640] [[-0.00000000 -0.00000000 -0.00001274]
 [ 0.00000000  0.00000000  0.00000720]]
2025-07-17:09:42:22,906 INFO     [psi4.optking.history:257] 	Performing BFGS update.
2025-07-17:09:42:22,906 INFO     [psi4.optking.history:268] 	Using 4 previous steps for update.
2025-07-17:09:42:22,907 INFO     [psi4.optking.history:302] 	Steps to be used in Hessian update:  14 13 12 11

2025-07-17:09:42:22,907 INFO     [psi4.optking.history:400] 	Updated Hessian (in au) 
 	   0.005123

2025-07-17:09:42:22,907 INFO     [psi4.optking.molsys:874] Projected (PHP) Hessian matrix
	   0.005123

2025-07-17:09:42:22,907 INFO     [psi4.optking.opt_helper:168] 
	         Geometry (au)                                       Gradient (au)
   0.0000000000   0.0000000000   4.5149750337		  -0.0000000000  -0.0000000000  -0.0000127401
   0.0000000000   0.0000000000  -1.7699082160		   0.0000000000   0.0000000000   0.0000071952

2025-07-17:09:42:22,907 INFO     [psi4.optking.stepAlgorithms:315] 	Current Step Report 
 
	Current energy:      -176.9928214797
	Energy change for the previous step:
		Actual       :        -0.0000001977
		Projected    :        -0.0000001779

2025-07-17:09:42:22,907 INFO     [psi4.optking.stepAlgorithms:318] 	Energy ratio =    1.11100
2025-07-17:09:42:22,907 INFO     [psi4.optking.stepAlgorithms:750] 	Using RFO solution 1.
2025-07-17:09:42:22,907 INFO     [psi4.optking.displace:73] 	Determining Cartesian step for fragment 1.
2025-07-17:09:42:22,907 INFO     [psi4.optking.displace:378] 	Successfully converged to displaced geometry.
2025-07-17:09:42:22,907 INFO     [psi4.optking.displace:379] 	RMS(dx):  2.564e-16 	Max(dx):  4.441e-16 	RMS(dq):  8.882e-16
2025-07-17:09:42:22,907 INFO     [psi4.optking.displace:132] 

	        --- Internal Coordinate Step in ANG or DEG, aJ/ANG or AJ/DEG ---
	-------------------------------------------------------------------------------
	           Coordinate      Previous         Force          Change          New 
	           ----------      --------        ------          ------        ------
	               R(1,2)       3.32582        0.00008        0.00103       3.32685
	-------------------------------------------------------------------------------

2025-07-17:09:42:22,907 INFO     [psi4.optking.stepAlgorithms:96] 	|target step| :    0.0019457952
2025-07-17:09:42:22,907 INFO     [psi4.optking.stepAlgorithms:97] 	gradient     :   -0.0000099677
2025-07-17:09:42:22,907 INFO     [psi4.optking.stepAlgorithms:98] 	hessian      :    0.0051226472
2025-07-17:09:42:22,907 INFO     [psi4.optking.stepAlgorithms:177] 	Norm of achieved step-size    0.0019457952
2025-07-17:09:42:22,908 INFO     [psi4.optking.stepAlgorithms:179] 	Norm of achieved step-size (cart):    0.0013758850
2025-07-17:09:42:22,908 INFO     [psi4.optking.opt_helper:151] Molsys:

	                            ===> Fragment 1 <== 

	 Z (Atomic Numbers)          Masses                          Geom                  
	       4.000000             9.012183          0.00000000  0.00000000  4.51594793   
	      11.000000            22.989769          0.00000000  0.00000000 -1.77088111   

	 - Coordinate -           - BOHR/RAD -       - ANG/DEG -
	 R(1,2)           =         6.286829           3.326847

2025-07-17:09:42:22,908 INFO     [psi4.optking.convcheck:71] Performing convergence check.
2025-07-17:09:42:22,908 INFO     [psi4.optking.convcheck:263] 
	                                 ==> Convergence Check <==                                  
    
	Measures of convergence in internal coordinates in au.
    
	Criteria marked as inactive (o), active & met (*), and active & unmet ( ).

	----------------------------------------------------------------------------------------------
	   Step    Total Energy     Delta E     Max Force     RMS Force      Max Disp      RMS Disp   
	----------------------------------------------------------------------------------------------
	  Convergence Criteria     1.00e-06 *    3.00e-04 *             o    1.20e-03 *             o
	----------------------------------------------------------------------------------------------
	    15    -176.99282148   -1.98e-07 *    9.97e-06 *    9.97e-06 o    1.95e-03      1.95e-03 o  ~
	----------------------------------------------------------------------------------------------


2025-07-17:09:42:22,908 INFO     [psi4.optking.convcheck:193] 
	                      ===> Final Convergence Report <===                     

	----------------------------------------------------------------------------
	|   Required Criteria    |  One or More Criteria  |   Alternate Criteria   |
	----------------------------------------------------------------------------
	| [x]     max_force      | [x]       max_DE       |                        |
	|                        | [ ]      max_disp      |                        |
	----------------------------------------------------------------------------


2025-07-17:09:42:22,908 INFO     [psi4.optking.stepAlgorithms:266] 	Convergence check returned True
2025-07-17:09:42:22,908 INFO     [psi4.optking.optimize:286] 	Converged in 15 steps!
2025-07-17:09:42:22,908 INFO     [psi4.optking.optimize:287] 	Final energy is   -176.9928214796549
2025-07-17:09:42:22,908 INFO     [psi4.optking.optimize:288] 	Final structure (Angstroms): 
	Fragment 1 (Ang)

	   Be   0.0000000000   0.0000000000   2.3897367298
	   Na   0.0000000000   0.0000000000  -0.9371099282


2025-07-17:09:42:22,909 INFO     [psi4.optking.optimize:432] 	Optimization Finished

	==> Optimization Summary <==

        
	Measures of convergence in internal coordinates in au. (Any backward steps not shown.)
        
	---------------------------------------------------------------------------------------------------------------  ~
        
	 Step         Total Energy             Delta E       MAX Force       RMS Force        MAX Disp        RMS Disp   ~
        
	---------------------------------------------------------------------------------------------------------------  ~
        
	     1    -176.616943048574   -176.616943048574      0.49179888      0.49179888      0.11601022      0.11601022  ~
	     2    -176.668160556134     -0.051217507560      0.39629164      0.39629164      0.18315528      0.18315528  ~
	     3    -176.730669324345     -0.062508768212      0.29413402      0.29413402      0.38066387      0.38066387  ~
	     4    -176.817610588616     -0.086941264271      0.17625462      0.17625462      0.45258662      0.45258662  ~
	     5    -176.878298375588     -0.060687786972      0.09824028      0.09824028      0.45298045      0.45298045  ~
	     6    -176.910709605520     -0.032411229932      0.04857779      0.04857779      0.37933029      0.37933029  ~
	     7    -176.963619045165     -0.052909439645      0.04826367      0.04826367      0.99145804      0.99145804  ~
	     8    -176.988733158017     -0.025114112852      0.01023092      0.01023092      0.06255844      0.06255844  ~
	     9    -176.989337350171     -0.000604192154      0.00911303      0.00911303      0.42000987      0.42000987  ~
	    10    -176.991909615014     -0.002572264843      0.00367773      0.00367773      0.25342870      0.25342870  ~
	    11    -176.992571243897     -0.000661628882      0.00167498      0.00167498      0.20320176      0.20320176  ~
	    12    -176.992789501589     -0.000218257693      0.00053804      0.00053804      0.07777789      0.07777789  ~
	    13    -176.992817252585     -0.000027750995      0.00018923      0.00018923      0.03574089      0.03574089  ~
	    14    -176.992821281977     -0.000004029392      0.00004282      0.00004282      0.00830960      0.00830960  ~
	    15    -176.992821479655     -0.000000197678      0.00000997      0.00000997      0.00194580      0.00194580  ~
	----------------------------------------------------------------------------------------------------------------


2025-07-17:09:42:22,909 INFO     [psi4.optking.optimize:640] Preparing OptimizationResult
