2025-07-17:09:15:45,913 INFO     [psi4.optking.optwrapper:214] Creating a UserComputer
2025-07-17:09:15:45,913 INFO     [psi4.optking.optwrapper:222] 
    			-----------------------------------------

    			 OPTKING 3.0: for geometry optimizations 

    			     By R.A. King, Bethel University     

    			        with contributions from          

    			    A.V. Copan, J. Cayton, A. Heide      

    			-----------------------------------------

    
2025-07-17:09:15:45,914 INFO     [psi4.optking.optwrapper:238] 
		 -- Optimization Parameters --
	accept_symmetry_breaking       =           False
	alg_geom_maxiter               =             500
	bt_dx_conv                     =           1e-07
	bt_dx_rms_change_conv          =           1e-12
	bt_max_iter                    =              25
	cart_hess_read                 =           False
	consecutive_backsteps_allowed  =               0
	conv_max_DE                    =           1e-06
	conv_max_disp                  =          0.0012
	conv_max_force                 =          0.0003
	conv_rms_disp                  =              -1
	conv_rms_force                 =              -1
	covalent_connect               =             1.3
	dynamic_level                  =               0
	dynamic_level_max              =               0
	ensure_bt_convergence          =           False
	ext_force_bend                 =              []
	ext_force_cartesian            =              []
	ext_force_dihedral             =              []
	ext_force_distance             =              []
	ext_force_oofp                 =              []
	fix_val_near_pi                =            1.57
	flexible_g_convergence         =           False
	frag_mode                      =          SINGLE
	frag_ref_atoms                 =            None
	freeze_intrafrag               =           False
	frozen_bend                    =              []
	frozen_cartesian               =              []
	frozen_dihedral                =              []
	frozen_distance                =              []
	frozen_oofp                    =              []
	full_hess_every                =              -1
	g_convergence                  =           QCHEM
	generate_intcos_exit           =           False
	geom_maxiter                   =             500
	h_bond_connect                 =             4.3
	hess_update                    =            BFGS
	hess_update_den_tol            =           1e-07
	hess_update_dq_tol             =             0.5
	hess_update_limit              =            True
	hess_update_limit_max          =             1.0
	hess_update_limit_scale        =             0.5
	hess_update_use_last           =               4
	hessian_file                   =            None
	i_max_DE                       =            True
	i_max_disp                     =            True
	i_max_force                    =            True
	i_rms_disp                     =           False
	i_rms_force                    =           False
	i_untampered                   =            True
	include_oofp                   =           False
	interfrag_collinear_tol        =            0.01
	interfrag_coords               =            None
	interfrag_dist_inv             =           False
	interfrag_mode                 =           FIXED
	interfrag_trust                =             0.5
	interfrag_trust_max            =             1.0
	interfrag_trust_min            =           0.001
	interfragment_connect          =             1.8
	intrafrag_hess                 =        SCHLEGEL
	intrafrag_trust                =             0.5
	intrafrag_trust_max            =             1.0
	intrafrag_trust_min            =           0.001
	irc_direction                  =         FORWARD
	irc_points                     =              20
	irc_step_size                  =             0.2
	keep_intcos                    =           False
	linear_bend_threshold          =            3.05
	linesearch                     =           False
	linesearch_step                =             0.1
	max_disp_g_convergence         =          0.0012
	max_energy_g_convergence       =           1e-06
	max_force_g_convergence        =          0.0003
	opt_coordinates                =       REDUNDANT
	opt_type                       =             MIN
	output_type                    =            FILE
	print_lvl                      =               1
	program                        =            psi4
	ranged_bend                    =              []
	ranged_cartesian               =              []
	ranged_dihedral                =              []
	ranged_distance                =              []
	ranged_oofp                    =              []
	redundant_eval_tol             =           1e-10
	rfo_follow_root                =           False
	rfo_normalization_max          =             100
	rfo_root                       =               0
	rms_disp_g_convergence         =          0.0012
	rms_force_g_convergence        =          0.0003
	rsrfo_alpha_max                =     100000000.0
	sd_hessian                     =             1.0
	simple_step_scaling            =           False
	small_bend_fix_threshold       =            0.35
	steepest_descent_type          =         OVERLAP
	step_type                      =             RFO
	test_B                         =           False
	test_derivative_B              =           False
	trajectory                     =           False
	v3d_tors_angle_lim             =           0.017
	v3d_tors_cos_tol               =           1e-10
	working_consecutive_backsteps  =               0
	working_steps_since_last_H     =               0


2025-07-17:09:15:46,403 INFO     [psi4.optking.opt_helper:151] Molsys:

	                            ===> Fragment 1 <== 

	 Z (Atomic Numbers)          Masses                          Geom                  
	       1.000000             1.007825          0.00000000  0.00000000  2.19837411   
	      16.000000            31.972071          0.00000000  0.00000000 -0.06929725   

	 - Coordinate -           - BOHR/RAD -       - ANG/DEG -
	 R(1,2)           =         2.267671           1.200000

2025-07-17:09:15:46,414 INFO     [psi4.driver.task_planner:285] PLANNING Atomic:  keywords={'DAMPING_PERCENTAGE': 1.0, 'GEOM_MAXITER': 500, 'GUESS': 'SAP', 'MAXITER': 500, 'REFERENCE': 'UKS', 'function_kwargs': {}}
2025-07-17:09:15:46,415 INFO     [psi4.driver.driver:636] Compute gradient(): method=b3lyp, basis=cc-pvdz, molecule=default, nre=7.055696142266668
2025-07-17:09:15:47,379 INFO     [psi4.driver.driver:639] Return gradient(): -398.8019497471741
2025-07-17:09:15:47,379 INFO     [psi4.driver.driver:640] [[-0.00000000  0.00000000 -0.12323145]
 [-0.00000000  0.00000000  0.12323199]]
2025-07-17:09:15:47,383 INFO     [psi4.optking.molsys:874] Projected (PHP) Hessian matrix
	   0.417309

2025-07-17:09:15:47,383 INFO     [psi4.optking.opt_helper:168] 
	         Geometry (au)                                       Gradient (au)
   0.0000000000   0.0000000000   2.1983741054		  -0.0000000000   0.0000000000  -0.1232314477
   0.0000000000   0.0000000000  -0.0692972451		  -0.0000000000   0.0000000000   0.1232319941

2025-07-17:09:15:47,383 INFO     [psi4.optking.stepAlgorithms:750] 	Using RFO solution 1.
2025-07-17:09:15:47,384 INFO     [psi4.optking.displace:73] 	Determining Cartesian step for fragment 1.
2025-07-17:09:15:47,384 INFO     [psi4.optking.displace:378] 	Successfully converged to displaced geometry.
2025-07-17:09:15:47,384 INFO     [psi4.optking.displace:379] 	RMS(dx):  1.282e-16 	Max(dx):  2.220e-16 	RMS(dq):  4.441e-16
2025-07-17:09:15:47,384 INFO     [psi4.optking.displace:132] 

	        --- Internal Coordinate Step in ANG or DEG, aJ/ANG or AJ/DEG ---
	-------------------------------------------------------------------------------
	           Coordinate      Previous         Force          Change          New 
	           ----------      --------        ------          ------        ------
	               R(1,2)       1.20000        1.01527        0.14460       1.34460
	-------------------------------------------------------------------------------

2025-07-17:09:15:47,384 INFO     [psi4.optking.stepAlgorithms:96] 	|target step| :    0.2732520545
2025-07-17:09:15:47,384 INFO     [psi4.optking.stepAlgorithms:97] 	gradient     :   -0.1232317209
2025-07-17:09:15:47,384 INFO     [psi4.optking.stepAlgorithms:98] 	hessian      :    0.4173085431
2025-07-17:09:15:47,384 INFO     [psi4.optking.stepAlgorithms:177] 	Norm of achieved step-size    0.2732520545
2025-07-17:09:15:47,387 INFO     [psi4.optking.stepAlgorithms:179] 	Norm of achieved step-size (cart):    0.1932183807
2025-07-17:09:15:47,388 INFO     [psi4.optking.opt_helper:151] Molsys:

	                            ===> Fragment 1 <== 

	 Z (Atomic Numbers)          Masses                          Geom                  
	       1.000000             1.007825          0.00000000  0.00000000  2.33500013   
	      16.000000            31.972071          0.00000000  0.00000000 -0.20592327   

	 - Coordinate -           - BOHR/RAD -       - ANG/DEG -
	 R(1,2)           =         2.540923           1.344599

2025-07-17:09:15:47,388 INFO     [psi4.optking.convcheck:71] Performing convergence check.
2025-07-17:09:15:47,388 INFO     [psi4.optking.convcheck:263] 
	                                 ==> Convergence Check <==                                  
    
	Measures of convergence in internal coordinates in au.
    
	Criteria marked as inactive (o), active & met (*), and active & unmet ( ).

	----------------------------------------------------------------------------------------------
	   Step    Total Energy     Delta E     Max Force     RMS Force      Max Disp      RMS Disp   
	----------------------------------------------------------------------------------------------
	  Convergence Criteria     1.00e-06 *    3.00e-04 *             o    1.20e-03 *             o
	----------------------------------------------------------------------------------------------
	     1    -398.80194975   -3.99e+02      1.23e-01      1.23e-01 o    2.73e-01      2.73e-01 o  ~
	----------------------------------------------------------------------------------------------


2025-07-17:09:15:47,388 INFO     [psi4.optking.stepAlgorithms:266] 	Convergence check returned False
2025-07-17:09:15:47,405 INFO     [psi4.driver.task_planner:285] PLANNING Atomic:  keywords={'DAMPING_PERCENTAGE': 1.0, 'GEOM_MAXITER': 500, 'SCF__GUESS': 'READ', 'GUESS': 'SAP', 'MAXITER': 500, 'REFERENCE': 'UKS', 'function_kwargs': {}}
2025-07-17:09:15:47,406 INFO     [psi4.driver.driver:636] Compute gradient(): method=b3lyp, basis=cc-pvdz, molecule=default, nre=6.296923381485617
2025-07-17:09:15:48,160 INFO     [psi4.driver.driver:639] Return gradient(): -398.8186355091461
2025-07-17:09:15:48,160 INFO     [psi4.driver.driver:640] [[-0.00000000 -0.00000000 -0.01236393]
 [ 0.00000000  0.00000000  0.01236417]]
2025-07-17:09:15:48,162 INFO     [psi4.optking.history:257] 	Performing BFGS update.
2025-07-17:09:15:48,162 INFO     [psi4.optking.history:268] 	Using 1 previous steps for update.
2025-07-17:09:15:48,162 INFO     [psi4.optking.history:302] 	Steps to be used in Hessian update:  1

2025-07-17:09:15:48,162 INFO     [psi4.optking.history:400] 	Updated Hessian (in au) 
 	   0.405734

2025-07-17:09:15:48,163 INFO     [psi4.optking.molsys:874] Projected (PHP) Hessian matrix
	   0.405734

2025-07-17:09:15:48,163 INFO     [psi4.optking.opt_helper:168] 
	         Geometry (au)                                       Gradient (au)
   0.0000000000   0.0000000000   2.4632759135		  -0.0000000000  -0.0000000000  -0.0123639323
   0.0000000000   0.0000000000  -0.0776474916		   0.0000000000   0.0000000000   0.0123641681

2025-07-17:09:15:48,163 INFO     [psi4.optking.stepAlgorithms:315] 	Current Step Report 
 
	Current energy:      -398.8186355091
	Energy change for the previous step:
		Actual       :        -0.0166857620
		Projected    :        -0.0168366605

2025-07-17:09:15:48,163 INFO     [psi4.optking.stepAlgorithms:318] 	Energy ratio =    0.99104
2025-07-17:09:15:48,163 INFO     [psi4.optking.stepAlgorithms:346] 	Energy ratio indicates good step.
2025-07-17:09:15:48,163 INFO     [psi4.optking.stepAlgorithms:347] 	Intrafrag trust radius increased to 1.000e+00.
2025-07-17:09:15:48,163 INFO     [psi4.optking.stepAlgorithms:750] 	Using RFO solution 1.
2025-07-17:09:15:48,163 INFO     [psi4.optking.displace:73] 	Determining Cartesian step for fragment 1.
2025-07-17:09:15:48,164 INFO     [psi4.optking.displace:378] 	Successfully converged to displaced geometry.
2025-07-17:09:15:48,164 INFO     [psi4.optking.displace:379] 	RMS(dx):  0.000e+00 	Max(dx):  0.000e+00 	RMS(dq):  0.000e+00
2025-07-17:09:15:48,164 INFO     [psi4.optking.displace:132] 

	        --- Internal Coordinate Step in ANG or DEG, aJ/ANG or AJ/DEG ---
	-------------------------------------------------------------------------------
	           Coordinate      Previous         Force          Change          New 
	           ----------      --------        ------          ------        ------
	               R(1,2)       1.34460        0.10186        0.01611       1.36071
	-------------------------------------------------------------------------------

2025-07-17:09:15:48,164 INFO     [psi4.optking.stepAlgorithms:96] 	|target step| :    0.0304450392
2025-07-17:09:15:48,164 INFO     [psi4.optking.stepAlgorithms:97] 	gradient     :   -0.0123640502
2025-07-17:09:15:48,164 INFO     [psi4.optking.stepAlgorithms:98] 	hessian      :    0.4057340791
2025-07-17:09:15:48,164 INFO     [psi4.optking.stepAlgorithms:177] 	Norm of achieved step-size    0.0304450392
2025-07-17:09:15:48,164 INFO     [psi4.optking.stepAlgorithms:179] 	Norm of achieved step-size (cart):    0.0215278937
2025-07-17:09:15:48,164 INFO     [psi4.optking.opt_helper:151] Molsys:

	                            ===> Fragment 1 <== 

	 Z (Atomic Numbers)          Masses                          Geom                  
	       1.000000             1.007825          0.00000000  0.00000000  2.47849843   
	      16.000000            31.972071          0.00000000  0.00000000 -0.09287001   

	 - Coordinate -           - BOHR/RAD -       - ANG/DEG -
	 R(1,2)           =         2.571368           1.360710

2025-07-17:09:15:48,165 INFO     [psi4.optking.convcheck:71] Performing convergence check.
2025-07-17:09:15:48,165 INFO     [psi4.optking.convcheck:263] 
	                                 ==> Convergence Check <==                                  
    
	Measures of convergence in internal coordinates in au.
    
	Criteria marked as inactive (o), active & met (*), and active & unmet ( ).

	----------------------------------------------------------------------------------------------
	   Step    Total Energy     Delta E     Max Force     RMS Force      Max Disp      RMS Disp   
	----------------------------------------------------------------------------------------------
	  Convergence Criteria     1.00e-06 *    3.00e-04 *             o    1.20e-03 *             o
	----------------------------------------------------------------------------------------------
	     2    -398.81863551   -1.67e-02      1.24e-02      1.24e-02 o    3.04e-02      3.04e-02 o  ~
	----------------------------------------------------------------------------------------------


2025-07-17:09:15:48,165 INFO     [psi4.optking.stepAlgorithms:266] 	Convergence check returned False
2025-07-17:09:15:48,179 INFO     [psi4.driver.task_planner:285] PLANNING Atomic:  keywords={'DAMPING_PERCENTAGE': 1.0, 'GEOM_MAXITER': 500, 'SCF__GUESS': 'READ', 'GUESS': 'SAP', 'MAXITER': 500, 'REFERENCE': 'UKS', 'function_kwargs': {}}
2025-07-17:09:15:48,180 INFO     [psi4.driver.driver:636] Compute gradient(): method=b3lyp, basis=cc-pvdz, molecule=default, nre=6.222367718430251
2025-07-17:09:15:48,909 INFO     [psi4.driver.driver:639] Return gradient(): -398.81888900085363
2025-07-17:09:15:48,909 INFO     [psi4.driver.driver:640] [[ 0.00000000  0.00000000 -0.00440066]
 [ 0.00000000 -0.00000000  0.00440079]]
2025-07-17:09:15:48,911 INFO     [psi4.optking.history:257] 	Performing BFGS update.
2025-07-17:09:15:48,911 INFO     [psi4.optking.history:268] 	Using 2 previous steps for update.
2025-07-17:09:15:48,911 INFO     [psi4.optking.history:302] 	Steps to be used in Hessian update:  2 1

2025-07-17:09:15:48,911 INFO     [psi4.optking.history:400] 	Updated Hessian (in au) 
 	   0.391281

2025-07-17:09:15:48,911 INFO     [psi4.optking.molsys:874] Projected (PHP) Hessian matrix
	   0.391281

2025-07-17:09:15:48,911 INFO     [psi4.optking.opt_helper:168] 
	         Geometry (au)                                       Gradient (au)
   0.0000000000   0.0000000000   2.4927905898		   0.0000000000   0.0000000000  -0.0044006591
   0.0000000000   0.0000000000  -0.0785778545		   0.0000000000  -0.0000000000   0.0044007919

2025-07-17:09:15:48,911 INFO     [psi4.optking.stepAlgorithms:315] 	Current Step Report 
 
	Current energy:      -398.8188890009
	Energy change for the previous step:
		Actual       :        -0.0002534917
		Projected    :        -0.0001882120

2025-07-17:09:15:48,911 INFO     [psi4.optking.stepAlgorithms:318] 	Energy ratio =    1.34684
2025-07-17:09:15:48,911 INFO     [psi4.optking.stepAlgorithms:750] 	Using RFO solution 1.
2025-07-17:09:15:48,911 INFO     [psi4.optking.displace:73] 	Determining Cartesian step for fragment 1.
2025-07-17:09:15:48,911 INFO     [psi4.optking.displace:378] 	Successfully converged to displaced geometry.
2025-07-17:09:15:48,912 INFO     [psi4.optking.displace:379] 	RMS(dx):  1.282e-16 	Max(dx):  2.220e-16 	RMS(dq):  4.441e-16
2025-07-17:09:15:48,912 INFO     [psi4.optking.displace:132] 

	        --- Internal Coordinate Step in ANG or DEG, aJ/ANG or AJ/DEG ---
	-------------------------------------------------------------------------------
	           Coordinate      Previous         Force          Change          New 
	           ----------      --------        ------          ------        ------
	               R(1,2)       1.36071        0.03626        0.00595       1.36666
	-------------------------------------------------------------------------------

2025-07-17:09:15:48,912 INFO     [psi4.optking.stepAlgorithms:96] 	|target step| :    0.0112455385
2025-07-17:09:15:48,912 INFO     [psi4.optking.stepAlgorithms:97] 	gradient     :   -0.0044007255
2025-07-17:09:15:48,912 INFO     [psi4.optking.stepAlgorithms:98] 	hessian      :    0.3912813057
2025-07-17:09:15:48,912 INFO     [psi4.optking.stepAlgorithms:177] 	Norm of achieved step-size    0.0112455385
2025-07-17:09:15:48,912 INFO     [psi4.optking.stepAlgorithms:179] 	Norm of achieved step-size (cart):    0.0079517965
2025-07-17:09:15:48,912 INFO     [psi4.optking.opt_helper:151] Molsys:

	                            ===> Fragment 1 <== 

	 Z (Atomic Numbers)          Masses                          Geom                  
	       1.000000             1.007825          0.00000000  0.00000000  2.49841336   
	      16.000000            31.972071          0.00000000  0.00000000 -0.08420062   

	 - Coordinate -           - BOHR/RAD -       - ANG/DEG -
	 R(1,2)           =         2.582614           1.366660

2025-07-17:09:15:48,912 INFO     [psi4.optking.convcheck:71] Performing convergence check.
2025-07-17:09:15:48,912 INFO     [psi4.optking.convcheck:263] 
	                                 ==> Convergence Check <==                                  
    
	Measures of convergence in internal coordinates in au.
    
	Criteria marked as inactive (o), active & met (*), and active & unmet ( ).

	----------------------------------------------------------------------------------------------
	   Step    Total Energy     Delta E     Max Force     RMS Force      Max Disp      RMS Disp   
	----------------------------------------------------------------------------------------------
	  Convergence Criteria     1.00e-06 *    3.00e-04 *             o    1.20e-03 *             o
	----------------------------------------------------------------------------------------------
	     3    -398.81888900   -2.53e-04      4.40e-03      4.40e-03 o    1.12e-02      1.12e-02 o  ~
	----------------------------------------------------------------------------------------------


2025-07-17:09:15:48,912 INFO     [psi4.optking.stepAlgorithms:266] 	Convergence check returned False
2025-07-17:09:15:48,923 INFO     [psi4.driver.task_planner:285] PLANNING Atomic:  keywords={'DAMPING_PERCENTAGE': 1.0, 'GEOM_MAXITER': 500, 'SCF__GUESS': 'READ', 'GUESS': 'SAP', 'MAXITER': 500, 'REFERENCE': 'UKS', 'function_kwargs': {}}
2025-07-17:09:15:48,924 INFO     [psi4.driver.driver:636] Compute gradient(): method=b3lyp, basis=cc-pvdz, molecule=default, nre=6.195273512280354
2025-07-17:09:15:49,595 INFO     [psi4.driver.driver:639] Return gradient(): -398.8189228346714
2025-07-17:09:15:49,595 INFO     [psi4.driver.driver:640] [[-0.00000000  0.00000000 -0.00162948]
 [-0.00000000  0.00000000  0.00162958]]
2025-07-17:09:15:49,596 INFO     [psi4.optking.history:257] 	Performing BFGS update.
2025-07-17:09:15:49,596 INFO     [psi4.optking.history:268] 	Using 3 previous steps for update.
2025-07-17:09:15:49,596 INFO     [psi4.optking.history:302] 	Steps to be used in Hessian update:  3 2 1

2025-07-17:09:15:49,597 INFO     [psi4.optking.history:400] 	Updated Hessian (in au) 
 	   0.386109

2025-07-17:09:15:49,597 INFO     [psi4.optking.molsys:874] Projected (PHP) Hessian matrix
	   0.386109

2025-07-17:09:15:49,597 INFO     [psi4.optking.opt_helper:168] 
	         Geometry (au)                                       Gradient (au)
   0.0000000000   0.0000000000   2.5036924785		  -0.0000000000   0.0000000000  -0.0016294809
   0.0000000000   0.0000000000  -0.0789215043		  -0.0000000000   0.0000000000   0.0016295793

2025-07-17:09:15:49,597 INFO     [psi4.optking.stepAlgorithms:315] 	Current Step Report 
 
	Current energy:      -398.8189228347
	Energy change for the previous step:
		Actual       :        -0.0000338338
		Projected    :        -0.0000247443

2025-07-17:09:15:49,597 INFO     [psi4.optking.stepAlgorithms:318] 	Energy ratio =    1.36734
2025-07-17:09:15:49,597 INFO     [psi4.optking.stepAlgorithms:750] 	Using RFO solution 1.
2025-07-17:09:15:49,597 INFO     [psi4.optking.displace:73] 	Determining Cartesian step for fragment 1.
2025-07-17:09:15:49,598 INFO     [psi4.optking.displace:378] 	Successfully converged to displaced geometry.
2025-07-17:09:15:49,598 INFO     [psi4.optking.displace:379] 	RMS(dx):  1.282e-16 	Max(dx):  2.220e-16 	RMS(dq):  0.000e+00
2025-07-17:09:15:49,598 INFO     [psi4.optking.displace:132] 

	        --- Internal Coordinate Step in ANG or DEG, aJ/ANG or AJ/DEG ---
	-------------------------------------------------------------------------------
	           Coordinate      Previous         Force          Change          New 
	           ----------      --------        ------          ------        ------
	               R(1,2)       1.36666        0.01343        0.00223       1.36889
	-------------------------------------------------------------------------------

2025-07-17:09:15:49,598 INFO     [psi4.optking.stepAlgorithms:96] 	|target step| :    0.0042203135
2025-07-17:09:15:49,598 INFO     [psi4.optking.stepAlgorithms:97] 	gradient     :   -0.0016295301
2025-07-17:09:15:49,598 INFO     [psi4.optking.stepAlgorithms:98] 	hessian      :    0.3861090190
2025-07-17:09:15:49,598 INFO     [psi4.optking.stepAlgorithms:177] 	Norm of achieved step-size    0.0042203135
2025-07-17:09:15:49,598 INFO     [psi4.optking.stepAlgorithms:179] 	Norm of achieved step-size (cart):    0.0029842123
2025-07-17:09:15:49,598 INFO     [psi4.optking.opt_helper:151] Molsys:

	                            ===> Fragment 1 <== 

	 Z (Atomic Numbers)          Masses                          Geom                  
	       1.000000             1.007825          0.00000000  0.00000000  2.50580264   
	      16.000000            31.972071          0.00000000  0.00000000 -0.08103166   

	 - Coordinate -           - BOHR/RAD -       - ANG/DEG -
	 R(1,2)           =         2.586834           1.368894

2025-07-17:09:15:49,599 INFO     [psi4.optking.convcheck:71] Performing convergence check.
2025-07-17:09:15:49,599 INFO     [psi4.optking.convcheck:263] 
	                                 ==> Convergence Check <==                                  
    
	Measures of convergence in internal coordinates in au.
    
	Criteria marked as inactive (o), active & met (*), and active & unmet ( ).

	----------------------------------------------------------------------------------------------
	   Step    Total Energy     Delta E     Max Force     RMS Force      Max Disp      RMS Disp   
	----------------------------------------------------------------------------------------------
	  Convergence Criteria     1.00e-06 *    3.00e-04 *             o    1.20e-03 *             o
	----------------------------------------------------------------------------------------------
	     4    -398.81892283   -3.38e-05      1.63e-03      1.63e-03 o    4.22e-03      4.22e-03 o  ~
	----------------------------------------------------------------------------------------------


2025-07-17:09:15:49,599 INFO     [psi4.optking.stepAlgorithms:266] 	Convergence check returned False
2025-07-17:09:15:49,619 INFO     [psi4.driver.task_planner:285] PLANNING Atomic:  keywords={'DAMPING_PERCENTAGE': 1.0, 'GEOM_MAXITER': 500, 'SCF__GUESS': 'READ', 'GUESS': 'SAP', 'MAXITER': 500, 'REFERENCE': 'UKS', 'function_kwargs': {}}
2025-07-17:09:15:49,620 INFO     [psi4.driver.driver:636] Compute gradient(): method=b3lyp, basis=cc-pvdz, molecule=default, nre=6.185166179068489
2025-07-17:09:15:50,268 INFO     [psi4.driver.driver:639] Return gradient(): -398.8189275658246
2025-07-17:09:15:50,268 INFO     [psi4.driver.driver:640] [[ 0.00000000  0.00000000 -0.00061232]
 [ 0.00000000  0.00000000  0.00061240]]
2025-07-17:09:15:50,269 INFO     [psi4.optking.history:257] 	Performing BFGS update.
2025-07-17:09:15:50,269 INFO     [psi4.optking.history:268] 	Using 4 previous steps for update.
2025-07-17:09:15:50,270 INFO     [psi4.optking.history:302] 	Steps to be used in Hessian update:  4 3 2 1

2025-07-17:09:15:50,270 INFO     [psi4.optking.history:400] 	Updated Hessian (in au) 
 	   0.384190

2025-07-17:09:15:50,270 INFO     [psi4.optking.molsys:874] Projected (PHP) Hessian matrix
	   0.384190

2025-07-17:09:15:50,270 INFO     [psi4.optking.opt_helper:168] 
	         Geometry (au)                                       Gradient (au)
   0.0000000000   0.0000000000   2.5077838244		   0.0000000000   0.0000000000  -0.0006123169
   0.0000000000   0.0000000000  -0.0790504719		   0.0000000000   0.0000000000   0.0006124027

2025-07-17:09:15:50,270 INFO     [psi4.optking.stepAlgorithms:315] 	Current Step Report 
 
	Current energy:      -398.8189275658
	Energy change for the previous step:
		Actual       :        -0.0000047312
		Projected    :        -0.0000034386

2025-07-17:09:15:50,270 INFO     [psi4.optking.stepAlgorithms:318] 	Energy ratio =    1.37591
2025-07-17:09:15:50,270 INFO     [psi4.optking.stepAlgorithms:750] 	Using RFO solution 1.
2025-07-17:09:15:50,270 INFO     [psi4.optking.displace:73] 	Determining Cartesian step for fragment 1.
2025-07-17:09:15:50,270 INFO     [psi4.optking.displace:378] 	Successfully converged to displaced geometry.
2025-07-17:09:15:50,270 INFO     [psi4.optking.displace:379] 	RMS(dx):  0.000e+00 	Max(dx):  0.000e+00 	RMS(dq):  0.000e+00
2025-07-17:09:15:50,270 INFO     [psi4.optking.displace:132] 

	        --- Internal Coordinate Step in ANG or DEG, aJ/ANG or AJ/DEG ---
	-------------------------------------------------------------------------------
	           Coordinate      Previous         Force          Change          New 
	           ----------      --------        ------          ------        ------
	               R(1,2)       1.36889        0.00505        0.00084       1.36974
	-------------------------------------------------------------------------------

2025-07-17:09:15:50,270 INFO     [psi4.optking.stepAlgorithms:96] 	|target step| :    0.0015938924
2025-07-17:09:15:50,270 INFO     [psi4.optking.stepAlgorithms:97] 	gradient     :   -0.0006123598
2025-07-17:09:15:50,270 INFO     [psi4.optking.stepAlgorithms:98] 	hessian      :    0.3841904667
2025-07-17:09:15:50,270 INFO     [psi4.optking.stepAlgorithms:177] 	Norm of achieved step-size    0.0015938924
2025-07-17:09:15:50,270 INFO     [psi4.optking.stepAlgorithms:179] 	Norm of achieved step-size (cart):    0.0011270522
2025-07-17:09:15:50,271 INFO     [psi4.optking.opt_helper:151] Molsys:

	                            ===> Fragment 1 <== 

	 Z (Atomic Numbers)          Masses                          Geom                  
	       1.000000             1.007825          0.00000000  0.00000000  2.50858077   
	      16.000000            31.972071          0.00000000  0.00000000 -0.07984742   

	 - Coordinate -           - BOHR/RAD -       - ANG/DEG -
	 R(1,2)           =         2.588428           1.369737

2025-07-17:09:15:50,271 INFO     [psi4.optking.convcheck:71] Performing convergence check.
2025-07-17:09:15:50,271 INFO     [psi4.optking.convcheck:263] 
	                                 ==> Convergence Check <==                                  
    
	Measures of convergence in internal coordinates in au.
    
	Criteria marked as inactive (o), active & met (*), and active & unmet ( ).

	----------------------------------------------------------------------------------------------
	   Step    Total Energy     Delta E     Max Force     RMS Force      Max Disp      RMS Disp   
	----------------------------------------------------------------------------------------------
	  Convergence Criteria     1.00e-06 *    3.00e-04 *             o    1.20e-03 *             o
	----------------------------------------------------------------------------------------------
	     5    -398.81892757   -4.73e-06      6.12e-04      6.12e-04 o    1.59e-03      1.59e-03 o  ~
	----------------------------------------------------------------------------------------------


2025-07-17:09:15:50,271 INFO     [psi4.optking.stepAlgorithms:266] 	Convergence check returned False
2025-07-17:09:15:50,287 INFO     [psi4.driver.task_planner:285] PLANNING Atomic:  keywords={'DAMPING_PERCENTAGE': 1.0, 'GEOM_MAXITER': 500, 'SCF__GUESS': 'READ', 'GUESS': 'SAP', 'MAXITER': 500, 'REFERENCE': 'UKS', 'function_kwargs': {}}
2025-07-17:09:15:50,288 INFO     [psi4.driver.driver:636] Compute gradient(): method=b3lyp, basis=cc-pvdz, molecule=default, nre=6.181357501027371
2025-07-17:09:15:50,979 INFO     [psi4.driver.driver:639] Return gradient(): -398.81892823901677
2025-07-17:09:15:50,979 INFO     [psi4.driver.driver:640] [[-0.00000000  0.00000000 -0.00023136]
 [-0.00000000 -0.00000000  0.00023144]]
2025-07-17:09:15:50,980 INFO     [psi4.optking.history:257] 	Performing BFGS update.
2025-07-17:09:15:50,980 INFO     [psi4.optking.history:268] 	Using 4 previous steps for update.
2025-07-17:09:15:50,981 INFO     [psi4.optking.history:302] 	Steps to be used in Hessian update:  5 4 3 2

2025-07-17:09:15:50,981 INFO     [psi4.optking.history:400] 	Updated Hessian (in au) 
 	   0.255399

2025-07-17:09:15:50,981 INFO     [psi4.optking.molsys:874] Projected (PHP) Hessian matrix
	   0.255399

2025-07-17:09:15:50,981 INFO     [psi4.optking.opt_helper:168] 
	         Geometry (au)                                       Gradient (au)
   0.0000000000   0.0000000000   2.5093290094		  -0.0000000000   0.0000000000  -0.0002313591
   0.0000000000   0.0000000000  -0.0790991793		  -0.0000000000  -0.0000000000   0.0002314401

2025-07-17:09:15:50,981 INFO     [psi4.optking.stepAlgorithms:315] 	Current Step Report 
 
	Current energy:      -398.8189282390
	Energy change for the previous step:
		Actual       :        -0.0000006732
		Projected    :        -0.0000004880

2025-07-17:09:15:50,981 INFO     [psi4.optking.stepAlgorithms:318] 	Energy ratio =    1.37944
2025-07-17:09:15:50,981 INFO     [psi4.optking.stepAlgorithms:750] 	Using RFO solution 1.
2025-07-17:09:15:50,981 INFO     [psi4.optking.displace:73] 	Determining Cartesian step for fragment 1.
2025-07-17:09:15:50,981 INFO     [psi4.optking.displace:378] 	Successfully converged to displaced geometry.
2025-07-17:09:15:50,981 INFO     [psi4.optking.displace:379] 	RMS(dx):  0.000e+00 	Max(dx):  0.000e+00 	RMS(dq):  0.000e+00
2025-07-17:09:15:50,981 INFO     [psi4.optking.displace:132] 

	        --- Internal Coordinate Step in ANG or DEG, aJ/ANG or AJ/DEG ---
	-------------------------------------------------------------------------------
	           Coordinate      Previous         Force          Change          New 
	           ----------      --------        ------          ------        ------
	               R(1,2)       1.36974        0.00191        0.00048       1.37022
	-------------------------------------------------------------------------------

2025-07-17:09:15:50,981 INFO     [psi4.optking.stepAlgorithms:96] 	|target step| :    0.0009060326
2025-07-17:09:15:50,981 INFO     [psi4.optking.stepAlgorithms:97] 	gradient     :   -0.0002313996
2025-07-17:09:15:50,981 INFO     [psi4.optking.stepAlgorithms:98] 	hessian      :    0.2553985031
2025-07-17:09:15:50,981 INFO     [psi4.optking.stepAlgorithms:177] 	Norm of achieved step-size    0.0009060326
2025-07-17:09:15:50,981 INFO     [psi4.optking.stepAlgorithms:179] 	Norm of achieved step-size (cart):    0.0006406618
2025-07-17:09:15:50,982 INFO     [psi4.optking.opt_helper:151] Molsys:

	                            ===> Fragment 1 <== 

	 Z (Atomic Numbers)          Masses                          Geom                  
	       1.000000             1.007825          0.00000000  0.00000000  2.50978203   
	      16.000000            31.972071          0.00000000  0.00000000 -0.07955220   

	 - Coordinate -           - BOHR/RAD -       - ANG/DEG -
	 R(1,2)           =         2.589334           1.370217

2025-07-17:09:15:50,982 INFO     [psi4.optking.convcheck:71] Performing convergence check.
2025-07-17:09:15:50,982 INFO     [psi4.optking.convcheck:263] 
	                                 ==> Convergence Check <==                                  
    
	Measures of convergence in internal coordinates in au.
    
	Criteria marked as inactive (o), active & met (*), and active & unmet ( ).

	----------------------------------------------------------------------------------------------
	   Step    Total Energy     Delta E     Max Force     RMS Force      Max Disp      RMS Disp   
	----------------------------------------------------------------------------------------------
	  Convergence Criteria     1.00e-06 *    3.00e-04 *             o    1.20e-03 *             o
	----------------------------------------------------------------------------------------------
	     6    -398.81892824   -6.73e-07 *    2.31e-04 *    2.31e-04 o    9.06e-04 *    9.06e-04 o  ~
	----------------------------------------------------------------------------------------------


2025-07-17:09:15:50,982 INFO     [psi4.optking.convcheck:193] 
	                      ===> Final Convergence Report <===                     

	----------------------------------------------------------------------------
	|   Required Criteria    |  One or More Criteria  |   Alternate Criteria   |
	----------------------------------------------------------------------------
	| [x]     max_force      | [x]       max_DE       |                        |
	|                        | [x]      max_disp      |                        |
	----------------------------------------------------------------------------


2025-07-17:09:15:50,982 INFO     [psi4.optking.stepAlgorithms:266] 	Convergence check returned True
2025-07-17:09:15:50,982 INFO     [psi4.optking.optimize:286] 	Converged in 6 steps!
2025-07-17:09:15:50,982 INFO     [psi4.optking.optimize:287] 	Final energy is   -398.8189282390168
2025-07-17:09:15:50,982 INFO     [psi4.optking.optimize:288] 	Final structure (Angstroms): 
	Fragment 1 (Ang)

	    H   0.0000000000   0.0000000000   1.3281194518
	    S   0.0000000000   0.0000000000  -0.0420972090


2025-07-17:09:15:50,983 INFO     [psi4.optking.optimize:432] 	Optimization Finished

	==> Optimization Summary <==

        
	Measures of convergence in internal coordinates in au. (Any backward steps not shown.)
        
	---------------------------------------------------------------------------------------------------------------  ~
        
	 Step         Total Energy             Delta E       MAX Force       RMS Force        MAX Disp        RMS Disp   ~
        
	---------------------------------------------------------------------------------------------------------------  ~
        
	     1    -398.801949747174   -398.801949747174      0.12323172      0.12323172      0.27325205      0.27325205  ~
	     2    -398.818635509146     -0.016685761972      0.01236405      0.01236405      0.03044504      0.03044504  ~
	     3    -398.818889000854     -0.000253491708      0.00440073      0.00440073      0.01124554      0.01124554  ~
	     4    -398.818922834671     -0.000033833818      0.00162953      0.00162953      0.00422031      0.00422031  ~
	     5    -398.818927565825     -0.000004731153      0.00061236      0.00061236      0.00159389      0.00159389  ~
	     6    -398.818928239017     -0.000000673192      0.00023140      0.00023140      0.00090603      0.00090603  ~
	----------------------------------------------------------------------------------------------------------------


2025-07-17:09:15:50,983 INFO     [psi4.optking.optimize:640] Preparing OptimizationResult
