2025-07-17:09:49:21,549 INFO     [psi4.optking.optwrapper:214] Creating a UserComputer
2025-07-17:09:49:21,549 INFO     [psi4.optking.optwrapper:222] 
    			-----------------------------------------

    			 OPTKING 3.0: for geometry optimizations 

    			     By R.A. King, Bethel University     

    			        with contributions from          

    			    A.V. Copan, J. Cayton, A. Heide      

    			-----------------------------------------

    
2025-07-17:09:49:21,550 INFO     [psi4.optking.optwrapper:238] 
		 -- Optimization Parameters --
	accept_symmetry_breaking       =           False
	alg_geom_maxiter               =             500
	bt_dx_conv                     =           1e-07
	bt_dx_rms_change_conv          =           1e-12
	bt_max_iter                    =              25
	cart_hess_read                 =           False
	consecutive_backsteps_allowed  =               0
	conv_max_DE                    =           1e-06
	conv_max_disp                  =          0.0012
	conv_max_force                 =          0.0003
	conv_rms_disp                  =              -1
	conv_rms_force                 =              -1
	covalent_connect               =             1.3
	dynamic_level                  =               0
	dynamic_level_max              =               0
	ensure_bt_convergence          =           False
	ext_force_bend                 =              []
	ext_force_cartesian            =              []
	ext_force_dihedral             =              []
	ext_force_distance             =              []
	ext_force_oofp                 =              []
	fix_val_near_pi                =            1.57
	flexible_g_convergence         =           False
	frag_mode                      =          SINGLE
	frag_ref_atoms                 =            None
	freeze_intrafrag               =           False
	frozen_bend                    =              []
	frozen_cartesian               =              []
	frozen_dihedral                =              []
	frozen_distance                =              []
	frozen_oofp                    =              []
	full_hess_every                =              -1
	g_convergence                  =           QCHEM
	generate_intcos_exit           =           False
	geom_maxiter                   =             500
	h_bond_connect                 =             4.3
	hess_update                    =            BFGS
	hess_update_den_tol            =           1e-07
	hess_update_dq_tol             =             0.5
	hess_update_limit              =            True
	hess_update_limit_max          =             1.0
	hess_update_limit_scale        =             0.5
	hess_update_use_last           =               4
	hessian_file                   =            None
	i_max_DE                       =            True
	i_max_disp                     =            True
	i_max_force                    =            True
	i_rms_disp                     =           False
	i_rms_force                    =           False
	i_untampered                   =            True
	include_oofp                   =           False
	interfrag_collinear_tol        =            0.01
	interfrag_coords               =            None
	interfrag_dist_inv             =           False
	interfrag_mode                 =           FIXED
	interfrag_trust                =             0.5
	interfrag_trust_max            =             1.0
	interfrag_trust_min            =           0.001
	interfragment_connect          =             1.8
	intrafrag_hess                 =        SCHLEGEL
	intrafrag_trust                =             0.5
	intrafrag_trust_max            =             1.0
	intrafrag_trust_min            =           0.001
	irc_direction                  =         FORWARD
	irc_points                     =              20
	irc_step_size                  =             0.2
	keep_intcos                    =           False
	linear_bend_threshold          =            3.05
	linesearch                     =           False
	linesearch_step                =             0.1
	max_disp_g_convergence         =          0.0012
	max_energy_g_convergence       =           1e-06
	max_force_g_convergence        =          0.0003
	opt_coordinates                =       REDUNDANT
	opt_type                       =             MIN
	output_type                    =            FILE
	print_lvl                      =               1
	program                        =            psi4
	ranged_bend                    =              []
	ranged_cartesian               =              []
	ranged_dihedral                =              []
	ranged_distance                =              []
	ranged_oofp                    =              []
	redundant_eval_tol             =           1e-10
	rfo_follow_root                =           False
	rfo_normalization_max          =             100
	rfo_root                       =               0
	rms_disp_g_convergence         =          0.0012
	rms_force_g_convergence        =          0.0003
	rsrfo_alpha_max                =     100000000.0
	sd_hessian                     =             1.0
	simple_step_scaling            =           False
	small_bend_fix_threshold       =            0.35
	steepest_descent_type          =         OVERLAP
	step_type                      =             RFO
	test_B                         =           False
	test_derivative_B              =           False
	trajectory                     =           False
	v3d_tors_angle_lim             =           0.017
	v3d_tors_cos_tol               =           1e-10
	working_consecutive_backsteps  =               0
	working_steps_since_last_H     =               0


2025-07-17:09:49:22,38 INFO     [psi4.optking.opt_helper:151] Molsys:

	                            ===> Fragment 1 <== 

	 Z (Atomic Numbers)          Masses                          Geom                  
	       5.000000            11.009305          0.00000000  0.00000000  1.18265440   
	       6.000000            12.000000          0.00000000  0.00000000 -1.08501695   

	 - Coordinate -           - BOHR/RAD -       - ANG/DEG -
	 R(1,2)           =         2.267671           1.200000

2025-07-17:09:49:22,48 INFO     [psi4.driver.task_planner:285] PLANNING Atomic:  keywords={'DAMPING_PERCENTAGE': 1.0, 'GEOM_MAXITER': 500, 'GUESS': 'SAP', 'MAXITER': 500, 'REFERENCE': 'UKS', 'function_kwargs': {}}
2025-07-17:09:49:22,49 INFO     [psi4.driver.driver:636] Compute gradient(): method=b3lyp, basis=cc-pvdz, molecule=default, nre=13.229430266750002
2025-07-17:09:49:23,149 INFO     [psi4.driver.driver:639] Return gradient(): -62.6583031355549
2025-07-17:09:49:23,150 INFO     [psi4.driver.driver:640] [[ 0.00000000  0.00000000 -0.23208893]
 [ 0.00000000  0.00000000  0.23209821]]
2025-07-17:09:49:23,151 INFO     [psi4.optking.molsys:874] Projected (PHP) Hessian matrix
	   1.048231

2025-07-17:09:49:23,151 INFO     [psi4.optking.opt_helper:168] 
	         Geometry (au)                                       Gradient (au)
   0.0000000000   0.0000000000   1.1826543992		   0.0000000000   0.0000000000  -0.2320889253
   0.0000000000   0.0000000000  -1.0850169513		   0.0000000000   0.0000000000   0.2320982061

2025-07-17:09:49:23,151 INFO     [psi4.optking.stepAlgorithms:750] 	Using RFO solution 1.
2025-07-17:09:49:23,151 INFO     [psi4.optking.displace:73] 	Determining Cartesian step for fragment 1.
2025-07-17:09:49:23,152 INFO     [psi4.optking.displace:378] 	Successfully converged to displaced geometry.
2025-07-17:09:49:23,152 INFO     [psi4.optking.displace:379] 	RMS(dx):  0.000e+00 	Max(dx):  0.000e+00 	RMS(dq):  0.000e+00
2025-07-17:09:49:23,152 INFO     [psi4.optking.displace:132] 

	        --- Internal Coordinate Step in ANG or DEG, aJ/ANG or AJ/DEG ---
	-------------------------------------------------------------------------------
	           Coordinate      Previous         Force          Change          New 
	           ----------      --------        ------          ------        ------
	               R(1,2)       1.20000        1.91215        0.11193       1.31193
	-------------------------------------------------------------------------------

2025-07-17:09:49:23,152 INFO     [psi4.optking.stepAlgorithms:96] 	|target step| :    0.2115093430
2025-07-17:09:49:23,152 INFO     [psi4.optking.stepAlgorithms:97] 	gradient     :   -0.2320935657
2025-07-17:09:49:23,152 INFO     [psi4.optking.stepAlgorithms:98] 	hessian      :    1.0482306732
2025-07-17:09:49:23,152 INFO     [psi4.optking.stepAlgorithms:177] 	Norm of achieved step-size    0.2115093430
2025-07-17:09:49:23,152 INFO     [psi4.optking.stepAlgorithms:179] 	Norm of achieved step-size (cart):    0.1495596907
2025-07-17:09:49:23,152 INFO     [psi4.optking.opt_helper:151] Molsys:

	                            ===> Fragment 1 <== 

	 Z (Atomic Numbers)          Masses                          Geom                  
	       5.000000            11.009305          0.00000000  0.00000000  1.28840907   
	       6.000000            12.000000          0.00000000  0.00000000 -1.19077162   

	 - Coordinate -           - BOHR/RAD -       - ANG/DEG -
	 R(1,2)           =         2.479181           1.311926

2025-07-17:09:49:23,152 INFO     [psi4.optking.convcheck:71] Performing convergence check.
2025-07-17:09:49:23,152 INFO     [psi4.optking.convcheck:263] 
	                                 ==> Convergence Check <==                                  
    
	Measures of convergence in internal coordinates in au.
    
	Criteria marked as inactive (o), active & met (*), and active & unmet ( ).

	----------------------------------------------------------------------------------------------
	   Step    Total Energy     Delta E     Max Force     RMS Force      Max Disp      RMS Disp   
	----------------------------------------------------------------------------------------------
	  Convergence Criteria     1.00e-06 *    3.00e-04 *             o    1.20e-03 *             o
	----------------------------------------------------------------------------------------------
	     1     -62.65830314   -6.27e+01      2.32e-01      2.32e-01 o    2.12e-01      2.12e-01 o  ~
	----------------------------------------------------------------------------------------------


2025-07-17:09:49:23,152 INFO     [psi4.optking.stepAlgorithms:266] 	Convergence check returned False
2025-07-17:09:49:23,169 INFO     [psi4.driver.task_planner:285] PLANNING Atomic:  keywords={'DAMPING_PERCENTAGE': 1.0, 'GEOM_MAXITER': 500, 'SCF__GUESS': 'READ', 'GUESS': 'SAP', 'MAXITER': 500, 'REFERENCE': 'UKS', 'function_kwargs': {}}
2025-07-17:09:49:23,170 INFO     [psi4.driver.driver:636] Compute gradient(): method=b3lyp, basis=cc-pvdz, molecule=default, nre=12.10077187100143
2025-07-17:09:49:24,49 INFO     [psi4.driver.driver:639] Return gradient(): -62.683790158159596
2025-07-17:09:49:24,49 INFO     [psi4.driver.driver:640] [[ 0.00000000 -0.00000000 -0.02798847]
 [ 0.00000000 -0.00000000  0.02799756]]
2025-07-17:09:49:24,51 INFO     [psi4.optking.history:257] 	Performing BFGS update.
2025-07-17:09:49:24,51 INFO     [psi4.optking.history:268] 	Using 1 previous steps for update.
2025-07-17:09:49:24,51 INFO     [psi4.optking.history:302] 	Steps to be used in Hessian update:  1

2025-07-17:09:49:24,51 INFO     [psi4.optking.history:400] 	Updated Hessian (in au) 
 	   0.964972

2025-07-17:09:49:24,51 INFO     [psi4.optking.molsys:874] Projected (PHP) Hessian matrix
	   0.964972

2025-07-17:09:49:24,51 INFO     [psi4.optking.opt_helper:168] 
	         Geometry (au)                                       Gradient (au)
   0.0000000000   0.0000000000   1.2929624714		   0.0000000000  -0.0000000000  -0.0279884674
   0.0000000000   0.0000000000  -1.1862182222		   0.0000000000  -0.0000000000   0.0279975580

2025-07-17:09:49:24,51 INFO     [psi4.optking.stepAlgorithms:315] 	Current Step Report 
 
	Current energy:       -62.6837901582
	Energy change for the previous step:
		Actual       :        -0.0254870226
		Projected    :        -0.0245449788

2025-07-17:09:49:24,51 INFO     [psi4.optking.stepAlgorithms:318] 	Energy ratio =    1.03838
2025-07-17:09:49:24,51 INFO     [psi4.optking.stepAlgorithms:346] 	Energy ratio indicates good step.
2025-07-17:09:49:24,51 INFO     [psi4.optking.stepAlgorithms:347] 	Intrafrag trust radius increased to 1.000e+00.
2025-07-17:09:49:24,51 INFO     [psi4.optking.stepAlgorithms:750] 	Using RFO solution 1.
2025-07-17:09:49:24,52 INFO     [psi4.optking.displace:73] 	Determining Cartesian step for fragment 1.
2025-07-17:09:49:24,52 INFO     [psi4.optking.displace:378] 	Successfully converged to displaced geometry.
2025-07-17:09:49:24,52 INFO     [psi4.optking.displace:379] 	RMS(dx):  0.000e+00 	Max(dx):  0.000e+00 	RMS(dq):  0.000e+00
2025-07-17:09:49:24,52 INFO     [psi4.optking.displace:132] 

	        --- Internal Coordinate Step in ANG or DEG, aJ/ANG or AJ/DEG ---
	-------------------------------------------------------------------------------
	           Coordinate      Previous         Force          Change          New 
	           ----------      --------        ------          ------        ------
	               R(1,2)       1.31193        0.23063        0.01534       1.32726
	-------------------------------------------------------------------------------

2025-07-17:09:49:24,52 INFO     [psi4.optking.stepAlgorithms:96] 	|target step| :    0.0289847798
2025-07-17:09:49:24,52 INFO     [psi4.optking.stepAlgorithms:97] 	gradient     :   -0.0279930127
2025-07-17:09:49:24,52 INFO     [psi4.optking.stepAlgorithms:98] 	hessian      :    0.9649718073
2025-07-17:09:49:24,52 INFO     [psi4.optking.stepAlgorithms:177] 	Norm of achieved step-size    0.0289847798
2025-07-17:09:49:24,52 INFO     [psi4.optking.stepAlgorithms:179] 	Norm of achieved step-size (cart):    0.0204953343
2025-07-17:09:49:24,52 INFO     [psi4.optking.opt_helper:151] Molsys:

	                            ===> Fragment 1 <== 

	 Z (Atomic Numbers)          Masses                          Geom                  
	       5.000000            11.009305          0.00000000  0.00000000  1.30745486   
	       6.000000            12.000000          0.00000000  0.00000000 -1.20071061   

	 - Coordinate -           - BOHR/RAD -       - ANG/DEG -
	 R(1,2)           =         2.508165           1.327264

2025-07-17:09:49:24,52 INFO     [psi4.optking.convcheck:71] Performing convergence check.
2025-07-17:09:49:24,52 INFO     [psi4.optking.convcheck:263] 
	                                 ==> Convergence Check <==                                  
    
	Measures of convergence in internal coordinates in au.
    
	Criteria marked as inactive (o), active & met (*), and active & unmet ( ).

	----------------------------------------------------------------------------------------------
	   Step    Total Energy     Delta E     Max Force     RMS Force      Max Disp      RMS Disp   
	----------------------------------------------------------------------------------------------
	  Convergence Criteria     1.00e-06 *    3.00e-04 *             o    1.20e-03 *             o
	----------------------------------------------------------------------------------------------
	     2     -62.68379016   -2.55e-02      2.80e-02      2.80e-02 o    2.90e-02      2.90e-02 o  ~
	----------------------------------------------------------------------------------------------


2025-07-17:09:49:24,52 INFO     [psi4.optking.stepAlgorithms:266] 	Convergence check returned False
2025-07-17:09:49:24,68 INFO     [psi4.driver.task_planner:285] PLANNING Atomic:  keywords={'DAMPING_PERCENTAGE': 1.0, 'GEOM_MAXITER': 500, 'SCF__GUESS': 'READ', 'GUESS': 'SAP', 'MAXITER': 500, 'REFERENCE': 'UKS', 'function_kwargs': {}}
2025-07-17:09:49:24,69 INFO     [psi4.driver.driver:636] Compute gradient(): method=b3lyp, basis=cc-pvdz, molecule=default, nre=11.960933327164998
2025-07-17:09:49:24,864 INFO     [psi4.driver.driver:639] Return gradient(): -62.684308620174036
2025-07-17:09:49:24,864 INFO     [psi4.driver.driver:640] [[ 0.00000000 -0.00000000 -0.00805154]
 [ 0.00000000  0.00000000  0.00806074]]
2025-07-17:09:49:24,865 INFO     [psi4.optking.history:257] 	Performing BFGS update.
2025-07-17:09:49:24,865 INFO     [psi4.optking.history:268] 	Using 2 previous steps for update.
2025-07-17:09:49:24,865 INFO     [psi4.optking.history:302] 	Steps to be used in Hessian update:  2 1

2025-07-17:09:49:24,865 INFO     [psi4.optking.history:400] 	Updated Hessian (in au) 
 	   0.931571

2025-07-17:09:49:24,865 INFO     [psi4.optking.molsys:874] Projected (PHP) Hessian matrix
	   0.931571

2025-07-17:09:49:24,865 INFO     [psi4.optking.opt_helper:168] 
	         Geometry (au)                                       Gradient (au)
   0.0000000000   0.0000000000   1.3080788494		   0.0000000000  -0.0000000000  -0.0080515423
   0.0000000000   0.0000000000  -1.2000866240		   0.0000000000   0.0000000000   0.0080607384

2025-07-17:09:49:24,865 INFO     [psi4.optking.stepAlgorithms:315] 	Current Step Report 
 
	Current energy:       -62.6843086202
	Energy change for the previous step:
		Actual       :        -0.0005184620
		Projected    :        -0.0004056857

2025-07-17:09:49:24,865 INFO     [psi4.optking.stepAlgorithms:318] 	Energy ratio =    1.27799
2025-07-17:09:49:24,865 INFO     [psi4.optking.stepAlgorithms:750] 	Using RFO solution 1.
2025-07-17:09:49:24,865 INFO     [psi4.optking.displace:73] 	Determining Cartesian step for fragment 1.
2025-07-17:09:49:24,866 INFO     [psi4.optking.displace:378] 	Successfully converged to displaced geometry.
2025-07-17:09:49:24,866 INFO     [psi4.optking.displace:379] 	RMS(dx):  0.000e+00 	Max(dx):  0.000e+00 	RMS(dq):  0.000e+00
2025-07-17:09:49:24,866 INFO     [psi4.optking.displace:132] 

	        --- Internal Coordinate Step in ANG or DEG, aJ/ANG or AJ/DEG ---
	-------------------------------------------------------------------------------
	           Coordinate      Previous         Force          Change          New 
	           ----------      --------        ------          ------        ------
	               R(1,2)       1.32726        0.06637        0.00458       1.33184
	-------------------------------------------------------------------------------

2025-07-17:09:49:24,866 INFO     [psi4.optking.stepAlgorithms:96] 	|target step| :    0.0086472585
2025-07-17:09:49:24,866 INFO     [psi4.optking.stepAlgorithms:97] 	gradient     :   -0.0080561404
2025-07-17:09:49:24,866 INFO     [psi4.optking.stepAlgorithms:98] 	hessian      :    0.9315713114
2025-07-17:09:49:24,866 INFO     [psi4.optking.stepAlgorithms:177] 	Norm of achieved step-size    0.0086472585
2025-07-17:09:49:24,866 INFO     [psi4.optking.stepAlgorithms:179] 	Norm of achieved step-size (cart):    0.0061145351
2025-07-17:09:49:24,866 INFO     [psi4.optking.opt_helper:151] Molsys:

	                            ===> Fragment 1 <== 

	 Z (Atomic Numbers)          Masses                          Geom                  
	       5.000000            11.009305          0.00000000  0.00000000  1.31240248   
	       6.000000            12.000000          0.00000000  0.00000000 -1.20441025   

	 - Coordinate -           - BOHR/RAD -       - ANG/DEG -
	 R(1,2)           =         2.516813           1.331840

2025-07-17:09:49:24,866 INFO     [psi4.optking.convcheck:71] Performing convergence check.
2025-07-17:09:49:24,866 INFO     [psi4.optking.convcheck:263] 
	                                 ==> Convergence Check <==                                  
    
	Measures of convergence in internal coordinates in au.
    
	Criteria marked as inactive (o), active & met (*), and active & unmet ( ).

	----------------------------------------------------------------------------------------------
	   Step    Total Energy     Delta E     Max Force     RMS Force      Max Disp      RMS Disp   
	----------------------------------------------------------------------------------------------
	  Convergence Criteria     1.00e-06 *    3.00e-04 *             o    1.20e-03 *             o
	----------------------------------------------------------------------------------------------
	     3     -62.68430862   -5.18e-04      8.06e-03      8.06e-03 o    8.65e-03      8.65e-03 o  ~
	----------------------------------------------------------------------------------------------


2025-07-17:09:49:24,866 INFO     [psi4.optking.stepAlgorithms:266] 	Convergence check returned False
2025-07-17:09:49:24,883 INFO     [psi4.driver.task_planner:285] PLANNING Atomic:  keywords={'DAMPING_PERCENTAGE': 1.0, 'GEOM_MAXITER': 500, 'SCF__GUESS': 'READ', 'GUESS': 'SAP', 'MAXITER': 500, 'REFERENCE': 'UKS', 'function_kwargs': {}}
2025-07-17:09:49:24,885 INFO     [psi4.driver.driver:636] Compute gradient(): method=b3lyp, basis=cc-pvdz, molecule=default, nre=11.91983798404963
2025-07-17:09:49:25,606 INFO     [psi4.driver.driver:639] Return gradient(): -62.684353753728786
2025-07-17:09:49:25,606 INFO     [psi4.driver.driver:640] [[ 0.00000000 -0.00000000 -0.00240912]
 [ 0.00000000 -0.00000000  0.00241826]]
2025-07-17:09:49:25,607 INFO     [psi4.optking.history:257] 	Performing BFGS update.
2025-07-17:09:49:25,607 INFO     [psi4.optking.history:268] 	Using 3 previous steps for update.
2025-07-17:09:49:25,607 INFO     [psi4.optking.history:302] 	Steps to be used in Hessian update:  3 2 1

2025-07-17:09:49:25,607 INFO     [psi4.optking.history:400] 	Updated Hessian (in au) 
 	   0.921886

2025-07-17:09:49:25,607 INFO     [psi4.optking.molsys:874] Projected (PHP) Hessian matrix
	   0.921886

2025-07-17:09:49:25,607 INFO     [psi4.optking.opt_helper:168] 
	         Geometry (au)                                       Gradient (au)
   0.0000000000   0.0000000000   1.3125886379		   0.0000000000  -0.0000000000  -0.0024091213
   0.0000000000   0.0000000000  -1.2042240939		   0.0000000000  -0.0000000000   0.0024182603

2025-07-17:09:49:25,608 INFO     [psi4.optking.stepAlgorithms:315] 	Current Step Report 
 
	Current energy:       -62.6843537537
	Energy change for the previous step:
		Actual       :        -0.0000451336
		Projected    :        -0.0000348318

2025-07-17:09:49:25,608 INFO     [psi4.optking.stepAlgorithms:318] 	Energy ratio =    1.29576
2025-07-17:09:49:25,608 INFO     [psi4.optking.stepAlgorithms:750] 	Using RFO solution 1.
2025-07-17:09:49:25,608 INFO     [psi4.optking.displace:73] 	Determining Cartesian step for fragment 1.
2025-07-17:09:49:25,608 INFO     [psi4.optking.displace:378] 	Successfully converged to displaced geometry.
2025-07-17:09:49:25,608 INFO     [psi4.optking.displace:379] 	RMS(dx):  0.000e+00 	Max(dx):  0.000e+00 	RMS(dq):  0.000e+00
2025-07-17:09:49:25,608 INFO     [psi4.optking.displace:132] 

	        --- Internal Coordinate Step in ANG or DEG, aJ/ANG or AJ/DEG ---
	-------------------------------------------------------------------------------
	           Coordinate      Previous         Force          Change          New 
	           ----------      --------        ------          ------        ------
	               R(1,2)       1.33184        0.01989        0.00139       1.33323
	-------------------------------------------------------------------------------

2025-07-17:09:49:25,608 INFO     [psi4.optking.stepAlgorithms:96] 	|target step| :    0.0026181925
2025-07-17:09:49:25,608 INFO     [psi4.optking.stepAlgorithms:97] 	gradient     :   -0.0024136908
2025-07-17:09:49:25,608 INFO     [psi4.optking.stepAlgorithms:98] 	hessian      :    0.9218856929
2025-07-17:09:49:25,608 INFO     [psi4.optking.stepAlgorithms:177] 	Norm of achieved step-size    0.0026181925
2025-07-17:09:49:25,608 INFO     [psi4.optking.stepAlgorithms:179] 	Norm of achieved step-size (cart):    0.0018513417
2025-07-17:09:49:25,608 INFO     [psi4.optking.opt_helper:151] Molsys:

	                            ===> Fragment 1 <== 

	 Z (Atomic Numbers)          Masses                          Geom                  
	       5.000000            11.009305          0.00000000  0.00000000  1.31389773   
	       6.000000            12.000000          0.00000000  0.00000000 -1.20553319   

	 - Coordinate -           - BOHR/RAD -       - ANG/DEG -
	 R(1,2)           =         2.519431           1.333225

2025-07-17:09:49:25,608 INFO     [psi4.optking.convcheck:71] Performing convergence check.
2025-07-17:09:49:25,608 INFO     [psi4.optking.convcheck:263] 
	                                 ==> Convergence Check <==                                  
    
	Measures of convergence in internal coordinates in au.
    
	Criteria marked as inactive (o), active & met (*), and active & unmet ( ).

	----------------------------------------------------------------------------------------------
	   Step    Total Energy     Delta E     Max Force     RMS Force      Max Disp      RMS Disp   
	----------------------------------------------------------------------------------------------
	  Convergence Criteria     1.00e-06 *    3.00e-04 *             o    1.20e-03 *             o
	----------------------------------------------------------------------------------------------
	     4     -62.68435375   -4.51e-05      2.41e-03      2.41e-03 o    2.62e-03      2.62e-03 o  ~
	----------------------------------------------------------------------------------------------


2025-07-17:09:49:25,608 INFO     [psi4.optking.stepAlgorithms:266] 	Convergence check returned False
2025-07-17:09:49:25,624 INFO     [psi4.driver.task_planner:285] PLANNING Atomic:  keywords={'DAMPING_PERCENTAGE': 1.0, 'GEOM_MAXITER': 500, 'SCF__GUESS': 'READ', 'GUESS': 'SAP', 'MAXITER': 500, 'REFERENCE': 'UKS', 'function_kwargs': {}}
2025-07-17:09:49:25,625 INFO     [psi4.driver.driver:636] Compute gradient(): method=b3lyp, basis=cc-pvdz, molecule=default, nre=11.907450888864448
2025-07-17:09:49:26,405 INFO     [psi4.driver.driver:639] Return gradient(): -62.68435786031059
2025-07-17:09:49:26,405 INFO     [psi4.driver.driver:640] [[ 0.00000000  0.00000000 -0.00072755]
 [ 0.00000000 -0.00000000  0.00073666]]
2025-07-17:09:49:26,407 INFO     [psi4.optking.history:257] 	Performing BFGS update.
2025-07-17:09:49:26,407 INFO     [psi4.optking.history:268] 	Using 4 previous steps for update.
2025-07-17:09:49:26,407 INFO     [psi4.optking.history:302] 	Steps to be used in Hessian update:  4 3 2 1

2025-07-17:09:49:26,407 INFO     [psi4.optking.history:400] 	Updated Hessian (in au) 
 	   0.918978

2025-07-17:09:49:26,407 INFO     [psi4.optking.molsys:874] Projected (PHP) Hessian matrix
	   0.918978

2025-07-17:09:49:26,407 INFO     [psi4.optking.opt_helper:168] 
	         Geometry (au)                                       Gradient (au)
   0.0000000000   0.0000000000   1.3139540990		   0.0000000000   0.0000000000  -0.0007275489
   0.0000000000   0.0000000000  -1.2054768254		   0.0000000000  -0.0000000000   0.0007366596

2025-07-17:09:49:26,407 INFO     [psi4.optking.stepAlgorithms:315] 	Current Step Report 
 
	Current energy:       -62.6843578603
	Energy change for the previous step:
		Actual       :        -0.0000041066
		Projected    :        -0.0000031598

2025-07-17:09:49:26,407 INFO     [psi4.optking.stepAlgorithms:318] 	Energy ratio =    1.29965
2025-07-17:09:49:26,407 INFO     [psi4.optking.stepAlgorithms:750] 	Using RFO solution 1.
2025-07-17:09:49:26,407 INFO     [psi4.optking.displace:73] 	Determining Cartesian step for fragment 1.
2025-07-17:09:49:26,408 INFO     [psi4.optking.displace:378] 	Successfully converged to displaced geometry.
2025-07-17:09:49:26,408 INFO     [psi4.optking.displace:379] 	RMS(dx):  0.000e+00 	Max(dx):  0.000e+00 	RMS(dq):  0.000e+00
2025-07-17:09:49:26,408 INFO     [psi4.optking.displace:132] 

	        --- Internal Coordinate Step in ANG or DEG, aJ/ANG or AJ/DEG ---
	-------------------------------------------------------------------------------
	           Coordinate      Previous         Force          Change          New 
	           ----------      --------        ------          ------        ------
	               R(1,2)       1.33323        0.00603        0.00042       1.33365
	-------------------------------------------------------------------------------

2025-07-17:09:49:26,408 INFO     [psi4.optking.stepAlgorithms:96] 	|target step| :    0.0007966502
2025-07-17:09:49:26,408 INFO     [psi4.optking.stepAlgorithms:97] 	gradient     :   -0.0007321043
2025-07-17:09:49:26,408 INFO     [psi4.optking.stepAlgorithms:98] 	hessian      :    0.9189778085
2025-07-17:09:49:26,408 INFO     [psi4.optking.stepAlgorithms:177] 	Norm of achieved step-size    0.0007966502
2025-07-17:09:49:26,408 INFO     [psi4.optking.stepAlgorithms:179] 	Norm of achieved step-size (cart):    0.0005633167
2025-07-17:09:49:26,408 INFO     [psi4.optking.opt_helper:151] Molsys:

	                            ===> Fragment 1 <== 

	 Z (Atomic Numbers)          Masses                          Geom                  
	       5.000000            11.009305          0.00000000  0.00000000  1.31435242   
	       6.000000            12.000000          0.00000000  0.00000000 -1.20587515   

	 - Coordinate -           - BOHR/RAD -       - ANG/DEG -
	 R(1,2)           =         2.520228           1.333647

2025-07-17:09:49:26,408 INFO     [psi4.optking.convcheck:71] Performing convergence check.
2025-07-17:09:49:26,408 INFO     [psi4.optking.convcheck:263] 
	                                 ==> Convergence Check <==                                  
    
	Measures of convergence in internal coordinates in au.
    
	Criteria marked as inactive (o), active & met (*), and active & unmet ( ).

	----------------------------------------------------------------------------------------------
	   Step    Total Energy     Delta E     Max Force     RMS Force      Max Disp      RMS Disp   
	----------------------------------------------------------------------------------------------
	  Convergence Criteria     1.00e-06 *    3.00e-04 *             o    1.20e-03 *             o
	----------------------------------------------------------------------------------------------
	     5     -62.68435786   -4.11e-06      7.32e-04      7.32e-04 o    7.97e-04 *    7.97e-04 o  ~
	----------------------------------------------------------------------------------------------


2025-07-17:09:49:26,408 INFO     [psi4.optking.stepAlgorithms:266] 	Convergence check returned False
2025-07-17:09:49:26,423 INFO     [psi4.driver.task_planner:285] PLANNING Atomic:  keywords={'DAMPING_PERCENTAGE': 1.0, 'GEOM_MAXITER': 500, 'SCF__GUESS': 'READ', 'GUESS': 'SAP', 'MAXITER': 500, 'REFERENCE': 'UKS', 'function_kwargs': {}}
2025-07-17:09:49:26,424 INFO     [psi4.driver.driver:636] Compute gradient(): method=b3lyp, basis=cc-pvdz, molecule=default, nre=11.903686914235154
2025-07-17:09:49:27,126 INFO     [psi4.driver.driver:639] Return gradient(): -62.68435823717343
2025-07-17:09:49:27,126 INFO     [psi4.driver.driver:640] [[ 0.00000000 -0.00000000 -0.00021834]
 [ 0.00000000 -0.00000000  0.00022744]]
2025-07-17:09:49:27,129 INFO     [psi4.optking.history:257] 	Performing BFGS update.
2025-07-17:09:49:27,129 INFO     [psi4.optking.history:268] 	Using 4 previous steps for update.
2025-07-17:09:49:27,130 INFO     [psi4.optking.history:302] 	Steps to be used in Hessian update:  5 4 3 2

2025-07-17:09:49:27,130 INFO     [psi4.optking.history:400] 	Updated Hessian (in au) 
 	   0.676546

2025-07-17:09:49:27,130 INFO     [psi4.optking.molsys:874] Projected (PHP) Hessian matrix
	   0.676546

2025-07-17:09:49:27,130 INFO     [psi4.optking.opt_helper:168] 
	         Geometry (au)                                       Gradient (au)
   0.0000000000   0.0000000000   1.3143695745		   0.0000000000  -0.0000000000  -0.0002183397
   0.0000000000   0.0000000000  -1.2058580001		   0.0000000000  -0.0000000000   0.0002274408

2025-07-17:09:49:27,130 INFO     [psi4.optking.stepAlgorithms:315] 	Current Step Report 
 
	Current energy:       -62.6843582372
	Energy change for the previous step:
		Actual       :        -0.0000003769
		Projected    :        -0.0000002916

2025-07-17:09:49:27,130 INFO     [psi4.optking.stepAlgorithms:318] 	Energy ratio =    1.29233
2025-07-17:09:49:27,130 INFO     [psi4.optking.stepAlgorithms:750] 	Using RFO solution 1.
2025-07-17:09:49:27,131 INFO     [psi4.optking.displace:73] 	Determining Cartesian step for fragment 1.
2025-07-17:09:49:27,131 INFO     [psi4.optking.displace:378] 	Successfully converged to displaced geometry.
2025-07-17:09:49:27,131 INFO     [psi4.optking.displace:379] 	RMS(dx):  0.000e+00 	Max(dx):  0.000e+00 	RMS(dq):  0.000e+00
2025-07-17:09:49:27,131 INFO     [psi4.optking.displace:132] 

	        --- Internal Coordinate Step in ANG or DEG, aJ/ANG or AJ/DEG ---
	-------------------------------------------------------------------------------
	           Coordinate      Previous         Force          Change          New 
	           ----------      --------        ------          ------        ------
	               R(1,2)       1.33365        0.00184        0.00017       1.33382
	-------------------------------------------------------------------------------

2025-07-17:09:49:27,131 INFO     [psi4.optking.stepAlgorithms:96] 	|target step| :    0.0003294529
2025-07-17:09:49:27,131 INFO     [psi4.optking.stepAlgorithms:97] 	gradient     :   -0.0002228902
2025-07-17:09:49:27,131 INFO     [psi4.optking.stepAlgorithms:98] 	hessian      :    0.6765464714
2025-07-17:09:49:27,131 INFO     [psi4.optking.stepAlgorithms:177] 	Norm of achieved step-size    0.0003294529
2025-07-17:09:49:27,131 INFO     [psi4.optking.stepAlgorithms:179] 	Norm of achieved step-size (cart):    0.0002329584
2025-07-17:09:49:27,132 INFO     [psi4.optking.opt_helper:151] Molsys:

	                            ===> Fragment 1 <== 

	 Z (Atomic Numbers)          Masses                          Geom                  
	       5.000000            11.009305          0.00000000  0.00000000  1.31453430   
	       6.000000            12.000000          0.00000000  0.00000000 -1.20602273   

	 - Coordinate -           - BOHR/RAD -       - ANG/DEG -
	 R(1,2)           =         2.520557           1.333821

2025-07-17:09:49:27,132 INFO     [psi4.optking.convcheck:71] Performing convergence check.
2025-07-17:09:49:27,132 INFO     [psi4.optking.convcheck:263] 
	                                 ==> Convergence Check <==                                  
    
	Measures of convergence in internal coordinates in au.
    
	Criteria marked as inactive (o), active & met (*), and active & unmet ( ).

	----------------------------------------------------------------------------------------------
	   Step    Total Energy     Delta E     Max Force     RMS Force      Max Disp      RMS Disp   
	----------------------------------------------------------------------------------------------
	  Convergence Criteria     1.00e-06 *    3.00e-04 *             o    1.20e-03 *             o
	----------------------------------------------------------------------------------------------
	     6     -62.68435824   -3.77e-07 *    2.23e-04 *    2.23e-04 o    3.29e-04 *    3.29e-04 o  ~
	----------------------------------------------------------------------------------------------


2025-07-17:09:49:27,132 INFO     [psi4.optking.convcheck:193] 
	                      ===> Final Convergence Report <===                     

	----------------------------------------------------------------------------
	|   Required Criteria    |  One or More Criteria  |   Alternate Criteria   |
	----------------------------------------------------------------------------
	| [x]     max_force      | [x]       max_DE       |                        |
	|                        | [x]      max_disp      |                        |
	----------------------------------------------------------------------------


2025-07-17:09:49:27,132 INFO     [psi4.optking.stepAlgorithms:266] 	Convergence check returned True
2025-07-17:09:49:27,132 INFO     [psi4.optking.optimize:286] 	Converged in 6 steps!
2025-07-17:09:49:27,132 INFO     [psi4.optking.optimize:287] 	Final energy is    -62.6843582371734
2025-07-17:09:49:27,132 INFO     [psi4.optking.optimize:288] 	Final structure (Angstroms): 
	Fragment 1 (Ang)

	    B   0.0000000000   0.0000000000   0.6956215947
	    C   0.0000000000   0.0000000000  -0.6381997424


2025-07-17:09:49:27,134 INFO     [psi4.optking.optimize:432] 	Optimization Finished

	==> Optimization Summary <==

        
	Measures of convergence in internal coordinates in au. (Any backward steps not shown.)
        
	---------------------------------------------------------------------------------------------------------------  ~
        
	 Step         Total Energy             Delta E       MAX Force       RMS Force        MAX Disp        RMS Disp   ~
        
	---------------------------------------------------------------------------------------------------------------  ~
        
	     1     -62.658303135555    -62.658303135555      0.23209357      0.23209357      0.21150934      0.21150934  ~
	     2     -62.683790158160     -0.025487022605      0.02799301      0.02799301      0.02898478      0.02898478  ~
	     3     -62.684308620174     -0.000518462014      0.00805614      0.00805614      0.00864726      0.00864726  ~
	     4     -62.684353753729     -0.000045133555      0.00241369      0.00241369      0.00261819      0.00261819  ~
	     5     -62.684357860311     -0.000004106582      0.00073210      0.00073210      0.00079665      0.00079665  ~
	     6     -62.684358237173     -0.000000376863      0.00022289      0.00022289      0.00032945      0.00032945  ~
	----------------------------------------------------------------------------------------------------------------


2025-07-17:09:49:27,134 INFO     [psi4.optking.optimize:640] Preparing OptimizationResult
