2025-07-17:09:12:31,18 INFO     [psi4.optking.optwrapper:214] Creating a UserComputer
2025-07-17:09:12:31,19 INFO     [psi4.optking.optwrapper:222] 
    			-----------------------------------------

    			 OPTKING 3.0: for geometry optimizations 

    			     By R.A. King, Bethel University     

    			        with contributions from          

    			    A.V. Copan, J. Cayton, A. Heide      

    			-----------------------------------------

    
2025-07-17:09:12:31,19 INFO     [psi4.optking.optwrapper:238] 
		 -- Optimization Parameters --
	accept_symmetry_breaking       =           False
	alg_geom_maxiter               =             500
	bt_dx_conv                     =           1e-07
	bt_dx_rms_change_conv          =           1e-12
	bt_max_iter                    =              25
	cart_hess_read                 =           False
	consecutive_backsteps_allowed  =               0
	conv_max_DE                    =           1e-06
	conv_max_disp                  =          0.0012
	conv_max_force                 =          0.0003
	conv_rms_disp                  =              -1
	conv_rms_force                 =              -1
	covalent_connect               =             1.3
	dynamic_level                  =               0
	dynamic_level_max              =               0
	ensure_bt_convergence          =           False
	ext_force_bend                 =              []
	ext_force_cartesian            =              []
	ext_force_dihedral             =              []
	ext_force_distance             =              []
	ext_force_oofp                 =              []
	fix_val_near_pi                =            1.57
	flexible_g_convergence         =           False
	frag_mode                      =          SINGLE
	frag_ref_atoms                 =            None
	freeze_intrafrag               =           False
	frozen_bend                    =              []
	frozen_cartesian               =              []
	frozen_dihedral                =              []
	frozen_distance                =              []
	frozen_oofp                    =              []
	full_hess_every                =              -1
	g_convergence                  =           QCHEM
	generate_intcos_exit           =           False
	geom_maxiter                   =             500
	h_bond_connect                 =             4.3
	hess_update                    =            BFGS
	hess_update_den_tol            =           1e-07
	hess_update_dq_tol             =             0.5
	hess_update_limit              =            True
	hess_update_limit_max          =             1.0
	hess_update_limit_scale        =             0.5
	hess_update_use_last           =               4
	hessian_file                   =            None
	i_max_DE                       =            True
	i_max_disp                     =            True
	i_max_force                    =            True
	i_rms_disp                     =           False
	i_rms_force                    =           False
	i_untampered                   =            True
	include_oofp                   =           False
	interfrag_collinear_tol        =            0.01
	interfrag_coords               =            None
	interfrag_dist_inv             =           False
	interfrag_mode                 =           FIXED
	interfrag_trust                =             0.5
	interfrag_trust_max            =             1.0
	interfrag_trust_min            =           0.001
	interfragment_connect          =             1.8
	intrafrag_hess                 =        SCHLEGEL
	intrafrag_trust                =             0.5
	intrafrag_trust_max            =             1.0
	intrafrag_trust_min            =           0.001
	irc_direction                  =         FORWARD
	irc_points                     =              20
	irc_step_size                  =             0.2
	keep_intcos                    =           False
	linear_bend_threshold          =            3.05
	linesearch                     =           False
	linesearch_step                =             0.1
	max_disp_g_convergence         =          0.0012
	max_energy_g_convergence       =           1e-06
	max_force_g_convergence        =          0.0003
	opt_coordinates                =       REDUNDANT
	opt_type                       =             MIN
	output_type                    =            FILE
	print_lvl                      =               1
	program                        =            psi4
	ranged_bend                    =              []
	ranged_cartesian               =              []
	ranged_dihedral                =              []
	ranged_distance                =              []
	ranged_oofp                    =              []
	redundant_eval_tol             =           1e-10
	rfo_follow_root                =           False
	rfo_normalization_max          =             100
	rfo_root                       =               0
	rms_disp_g_convergence         =          0.0012
	rms_force_g_convergence        =          0.0003
	rsrfo_alpha_max                =     100000000.0
	sd_hessian                     =             1.0
	simple_step_scaling            =           False
	small_bend_fix_threshold       =            0.35
	steepest_descent_type          =         OVERLAP
	step_type                      =             RFO
	test_B                         =           False
	test_derivative_B              =           False
	trajectory                     =           False
	v3d_tors_angle_lim             =           0.017
	v3d_tors_cos_tol               =           1e-10
	working_consecutive_backsteps  =               0
	working_steps_since_last_H     =               0


2025-07-17:09:12:31,508 INFO     [psi4.optking.molsys:599] 	Increasing scaling to  1.500 to connect fragments.
2025-07-17:09:12:31,508 INFO     [psi4.optking.molsys:576] 	Connecting fragments with atoms 1 and 2
2025-07-17:09:12:31,508 INFO     [psi4.optking.molsys:595] 	All fragments are connected in connectivity matrix.
2025-07-17:09:12:31,508 INFO     [psi4.optking.molsys:470] 	Consolidating multiple fragments into one for optimization.
2025-07-17:09:12:31,508 INFO     [psi4.optking.opt_helper:151] Molsys:

	                            ===> Fragment 1 <== 

	 Z (Atomic Numbers)          Masses                          Geom                  
	       1.000000             1.007825          0.00000000  0.00000000  2.15884339   
	      10.000000            19.992440          0.00000000  0.00000000 -0.10882796   

	 - Coordinate -           - BOHR/RAD -       - ANG/DEG -
	 R(1,2)           =         2.267671           1.200000

2025-07-17:09:12:31,519 INFO     [psi4.driver.task_planner:285] PLANNING Atomic:  keywords={'DAMPING_PERCENTAGE': 1.0, 'GEOM_MAXITER': 500, 'GUESS': 'SAP', 'MAXITER': 500, 'REFERENCE': 'UKS', 'function_kwargs': {}}
2025-07-17:09:12:31,520 INFO     [psi4.driver.driver:636] Compute gradient(): method=b3lyp, basis=cc-pvdz, molecule=default, nre=4.409810088916667
2025-07-17:09:12:32,187 INFO     [psi4.driver.driver:639] Return gradient(): -128.78635056925495
2025-07-17:09:12:32,188 INFO     [psi4.driver.driver:640] [[ 0.00000000  0.00000000 -0.17049825]
 [ 0.00000000  0.00000000  0.17050006]]
2025-07-17:09:12:32,190 INFO     [psi4.optking.molsys:874] Projected (PHP) Hessian matrix
	   0.246653

2025-07-17:09:12:32,190 INFO     [psi4.optking.opt_helper:168] 
	         Geometry (au)                                       Gradient (au)
   0.0000000000   0.0000000000   2.1588433939		   0.0000000000   0.0000000000  -0.1704982534
   0.0000000000   0.0000000000  -0.1088279567		   0.0000000000   0.0000000000   0.1705000567

2025-07-17:09:12:32,191 INFO     [psi4.optking.stepAlgorithms:750] 	Using RFO solution 1.
2025-07-17:09:12:32,191 INFO     [psi4.optking.displace:73] 	Determining Cartesian step for fragment 1.
2025-07-17:09:12:32,191 INFO     [psi4.optking.displace:378] 	Successfully converged to displaced geometry.
2025-07-17:09:12:32,191 INFO     [psi4.optking.displace:379] 	RMS(dx):  0.000e+00 	Max(dx):  0.000e+00 	RMS(dq):  0.000e+00
2025-07-17:09:12:32,192 INFO     [psi4.optking.displace:132] 

	        --- Internal Coordinate Step in ANG or DEG, aJ/ANG or AJ/DEG ---
	-------------------------------------------------------------------------------
	           Coordinate      Previous         Force          Change          New 
	           ----------      --------        ------          ------        ------
	               R(1,2)       1.20000        1.40470        0.26459       1.46459
	-------------------------------------------------------------------------------

2025-07-17:09:12:32,192 INFO     [psi4.optking.stepAlgorithms:96] 	|target step| :    0.5000005568
2025-07-17:09:12:32,192 INFO     [psi4.optking.stepAlgorithms:97] 	gradient     :   -0.1704991550
2025-07-17:09:12:32,192 INFO     [psi4.optking.stepAlgorithms:98] 	hessian      :    0.2466528172
2025-07-17:09:12:32,192 INFO     [psi4.optking.stepAlgorithms:177] 	Norm of achieved step-size    0.5000005568
2025-07-17:09:12:32,192 INFO     [psi4.optking.stepAlgorithms:179] 	Norm of achieved step-size (cart):    0.3535537843
2025-07-17:09:12:32,192 INFO     [psi4.optking.opt_helper:151] Molsys:

	                            ===> Fragment 1 <== 

	 Z (Atomic Numbers)          Masses                          Geom                  
	       1.000000             1.007825          0.00000000  0.00000000  2.40884367   
	      10.000000            19.992440          0.00000000  0.00000000 -0.35882824   

	 - Coordinate -           - BOHR/RAD -       - ANG/DEG -
	 R(1,2)           =         2.767672           1.464589

2025-07-17:09:12:32,192 INFO     [psi4.optking.convcheck:71] Performing convergence check.
2025-07-17:09:12:32,193 INFO     [psi4.optking.convcheck:263] 
	                                 ==> Convergence Check <==                                  
    
	Measures of convergence in internal coordinates in au.
    
	Criteria marked as inactive (o), active & met (*), and active & unmet ( ).

	----------------------------------------------------------------------------------------------
	   Step    Total Energy     Delta E     Max Force     RMS Force      Max Disp      RMS Disp   
	----------------------------------------------------------------------------------------------
	  Convergence Criteria     1.00e-06 *    3.00e-04 *             o    1.20e-03 *             o
	----------------------------------------------------------------------------------------------
	     1    -128.78635057   -1.29e+02      1.70e-01      1.70e-01 o    5.00e-01      5.00e-01 o  ~
	----------------------------------------------------------------------------------------------


2025-07-17:09:12:32,193 INFO     [psi4.optking.stepAlgorithms:266] 	Convergence check returned False
2025-07-17:09:12:32,206 INFO     [psi4.driver.task_planner:285] PLANNING Atomic:  keywords={'DAMPING_PERCENTAGE': 1.0, 'GEOM_MAXITER': 500, 'SCF__GUESS': 'READ', 'GUESS': 'SAP', 'MAXITER': 500, 'REFERENCE': 'UKS', 'function_kwargs': {}}
2025-07-17:09:12:32,207 INFO     [psi4.driver.driver:636] Compute gradient(): method=b3lyp, basis=cc-pvdz, molecule=default, nre=3.6131450311629103
2025-07-17:09:12:32,781 INFO     [psi4.driver.driver:639] Return gradient(): -128.83180746630052
2025-07-17:09:12:32,781 INFO     [psi4.driver.driver:640] [[-0.00000000  0.00000000 -0.03357093]
 [ 0.00000000 -0.00000000  0.03357665]]
2025-07-17:09:12:32,783 INFO     [psi4.optking.history:257] 	Performing BFGS update.
2025-07-17:09:12:32,784 INFO     [psi4.optking.history:268] 	Using 1 previous steps for update.
2025-07-17:09:12:32,784 INFO     [psi4.optking.history:302] 	Steps to be used in Hessian update:  1

2025-07-17:09:12:32,784 INFO     [psi4.optking.history:400] 	Updated Hessian (in au) 
 	   0.273850

2025-07-17:09:12:32,784 INFO     [psi4.optking.molsys:874] Projected (PHP) Hessian matrix
	   0.273850

2025-07-17:09:12:32,784 INFO     [psi4.optking.opt_helper:168] 
	         Geometry (au)                                       Gradient (au)
   0.0000000000   0.0000000000   2.6348483929		  -0.0000000000   0.0000000000  -0.0335709306
   0.0000000000   0.0000000000  -0.1328235144		   0.0000000000  -0.0000000000   0.0335766472

2025-07-17:09:12:32,784 INFO     [psi4.optking.stepAlgorithms:315] 	Current Step Report 
 
	Current energy:      -128.8318074663
	Energy change for the previous step:
		Actual       :        -0.0454568970
		Projected    :        -0.0435343819

2025-07-17:09:12:32,784 INFO     [psi4.optking.stepAlgorithms:318] 	Energy ratio =    1.04416
2025-07-17:09:12:32,785 INFO     [psi4.optking.stepAlgorithms:346] 	Energy ratio indicates good step.
2025-07-17:09:12:32,785 INFO     [psi4.optking.stepAlgorithms:347] 	Intrafrag trust radius increased to 1.000e+00.
2025-07-17:09:12:32,785 INFO     [psi4.optking.stepAlgorithms:750] 	Using RFO solution 1.
2025-07-17:09:12:32,785 INFO     [psi4.optking.displace:73] 	Determining Cartesian step for fragment 1.
2025-07-17:09:12:32,785 INFO     [psi4.optking.displace:378] 	Successfully converged to displaced geometry.
2025-07-17:09:12:32,786 INFO     [psi4.optking.displace:379] 	RMS(dx):  0.000e+00 	Max(dx):  0.000e+00 	RMS(dq):  0.000e+00
2025-07-17:09:12:32,786 INFO     [psi4.optking.displace:132] 

	        --- Internal Coordinate Step in ANG or DEG, aJ/ANG or AJ/DEG ---
	-------------------------------------------------------------------------------
	           Coordinate      Previous         Force          Change          New 
	           ----------      --------        ------          ------        ------
	               R(1,2)       1.46459        0.27661        0.06393       1.52852
	-------------------------------------------------------------------------------

2025-07-17:09:12:32,786 INFO     [psi4.optking.stepAlgorithms:96] 	|target step| :    0.1208096716
2025-07-17:09:12:32,786 INFO     [psi4.optking.stepAlgorithms:97] 	gradient     :   -0.0335737889
2025-07-17:09:12:32,786 INFO     [psi4.optking.stepAlgorithms:98] 	hessian      :    0.2738504274
2025-07-17:09:12:32,786 INFO     [psi4.optking.stepAlgorithms:177] 	Norm of achieved step-size    0.1208096716
2025-07-17:09:12:32,786 INFO     [psi4.optking.stepAlgorithms:179] 	Norm of achieved step-size (cart):    0.0854253380
2025-07-17:09:12:32,786 INFO     [psi4.optking.opt_helper:151] Molsys:

	                            ===> Fragment 1 <== 

	 Z (Atomic Numbers)          Masses                          Geom                  
	       1.000000             1.007825          0.00000000  0.00000000  2.69525323   
	      10.000000            19.992440          0.00000000  0.00000000 -0.19322835   

	 - Coordinate -           - BOHR/RAD -       - ANG/DEG -
	 R(1,2)           =         2.888482           1.528519

2025-07-17:09:12:32,787 INFO     [psi4.optking.convcheck:71] Performing convergence check.
2025-07-17:09:12:32,787 INFO     [psi4.optking.convcheck:263] 
	                                 ==> Convergence Check <==                                  
    
	Measures of convergence in internal coordinates in au.
    
	Criteria marked as inactive (o), active & met (*), and active & unmet ( ).

	----------------------------------------------------------------------------------------------
	   Step    Total Energy     Delta E     Max Force     RMS Force      Max Disp      RMS Disp   
	----------------------------------------------------------------------------------------------
	  Convergence Criteria     1.00e-06 *    3.00e-04 *             o    1.20e-03 *             o
	----------------------------------------------------------------------------------------------
	     2    -128.83180747   -4.55e-02      3.36e-02      3.36e-02 o    1.21e-01      1.21e-01 o  ~
	----------------------------------------------------------------------------------------------


2025-07-17:09:12:32,787 INFO     [psi4.optking.stepAlgorithms:266] 	Convergence check returned False
2025-07-17:09:12:32,801 INFO     [psi4.driver.task_planner:285] PLANNING Atomic:  keywords={'DAMPING_PERCENTAGE': 1.0, 'GEOM_MAXITER': 500, 'SCF__GUESS': 'READ', 'GUESS': 'SAP', 'MAXITER': 500, 'REFERENCE': 'UKS', 'function_kwargs': {}}
2025-07-17:09:12:32,802 INFO     [psi4.driver.driver:636] Compute gradient(): method=b3lyp, basis=cc-pvdz, molecule=default, nre=3.462026579181551
2025-07-17:09:12:33,376 INFO     [psi4.driver.driver:639] Return gradient(): -128.83481254611485
2025-07-17:09:12:33,377 INFO     [psi4.driver.driver:640] [[-0.00000000  0.00000000 -0.01698066]
 [ 0.00000000  0.00000000  0.01698665]]
2025-07-17:09:12:33,379 INFO     [psi4.optking.history:257] 	Performing BFGS update.
2025-07-17:09:12:33,379 INFO     [psi4.optking.history:268] 	Using 2 previous steps for update.
2025-07-17:09:12:33,379 WARNING  [psi4.optking.history:286] 	Change in internal coordinate of 6.21e-01 exceeds limit of 5.00e-01.
2025-07-17:09:12:33,379 WARNING  [psi4.optking.history:291] 	Skipping Hessian update for step 1.
2025-07-17:09:12:33,379 INFO     [psi4.optking.history:302] 	Steps to be used in Hessian update:  2

2025-07-17:09:12:33,380 INFO     [psi4.optking.history:400] 	Updated Hessian (in au) 
 	   0.137325

2025-07-17:09:12:33,380 INFO     [psi4.optking.molsys:874] Projected (PHP) Hessian matrix
	   0.137325

2025-07-17:09:12:33,380 INFO     [psi4.optking.opt_helper:168] 
	         Geometry (au)                                       Gradient (au)
   0.0000000000   0.0000000000   2.7498602801		  -0.0000000000   0.0000000000  -0.0169806593
   0.0000000000   0.0000000000  -0.1386212989		   0.0000000000   0.0000000000   0.0169866482

2025-07-17:09:12:33,380 INFO     [psi4.optking.stepAlgorithms:315] 	Current Step Report 
 
	Current energy:      -128.8348125461
	Energy change for the previous step:
		Actual       :        -0.0030050798
		Projected    :        -0.0020280192

2025-07-17:09:12:33,380 INFO     [psi4.optking.stepAlgorithms:318] 	Energy ratio =    1.48178
2025-07-17:09:12:33,380 INFO     [psi4.optking.stepAlgorithms:750] 	Using RFO solution 1.
2025-07-17:09:12:33,380 INFO     [psi4.optking.displace:73] 	Determining Cartesian step for fragment 1.
2025-07-17:09:12:33,381 INFO     [psi4.optking.displace:378] 	Successfully converged to displaced geometry.
2025-07-17:09:12:33,381 INFO     [psi4.optking.displace:379] 	RMS(dx):  0.000e+00 	Max(dx):  0.000e+00 	RMS(dq):  0.000e+00
2025-07-17:09:12:33,381 INFO     [psi4.optking.displace:132] 

	        --- Internal Coordinate Step in ANG or DEG, aJ/ANG or AJ/DEG ---
	-------------------------------------------------------------------------------
	           Coordinate      Previous         Force          Change          New 
	           ----------      --------        ------          ------        ------
	               R(1,2)       1.52852        0.13992        0.06447       1.59299
	-------------------------------------------------------------------------------

2025-07-17:09:12:33,381 INFO     [psi4.optking.stepAlgorithms:96] 	|target step| :    0.1218393435
2025-07-17:09:12:33,381 INFO     [psi4.optking.stepAlgorithms:97] 	gradient     :   -0.0169836537
2025-07-17:09:12:33,381 INFO     [psi4.optking.stepAlgorithms:98] 	hessian      :    0.1373245611
2025-07-17:09:12:33,381 INFO     [psi4.optking.stepAlgorithms:177] 	Norm of achieved step-size    0.1218393435
2025-07-17:09:12:33,381 INFO     [psi4.optking.stepAlgorithms:179] 	Norm of achieved step-size (cart):    0.0861534260
2025-07-17:09:12:33,381 INFO     [psi4.optking.opt_helper:151] Molsys:

	                            ===> Fragment 1 <== 

	 Z (Atomic Numbers)          Masses                          Geom                  
	       1.000000             1.007825          0.00000000  0.00000000  2.81077995   
	      10.000000            19.992440          0.00000000  0.00000000 -0.19954097   

	 - Coordinate -           - BOHR/RAD -       - ANG/DEG -
	 R(1,2)           =         3.010321           1.592993

2025-07-17:09:12:33,381 INFO     [psi4.optking.convcheck:71] Performing convergence check.
2025-07-17:09:12:33,381 INFO     [psi4.optking.convcheck:263] 
	                                 ==> Convergence Check <==                                  
    
	Measures of convergence in internal coordinates in au.
    
	Criteria marked as inactive (o), active & met (*), and active & unmet ( ).

	----------------------------------------------------------------------------------------------
	   Step    Total Energy     Delta E     Max Force     RMS Force      Max Disp      RMS Disp   
	----------------------------------------------------------------------------------------------
	  Convergence Criteria     1.00e-06 *    3.00e-04 *             o    1.20e-03 *             o
	----------------------------------------------------------------------------------------------
	     3    -128.83481255   -3.01e-03      1.70e-02      1.70e-02 o    1.22e-01      1.22e-01 o  ~
	----------------------------------------------------------------------------------------------


2025-07-17:09:12:33,381 INFO     [psi4.optking.stepAlgorithms:266] 	Convergence check returned False
2025-07-17:09:12:33,395 INFO     [psi4.driver.task_planner:285] PLANNING Atomic:  keywords={'DAMPING_PERCENTAGE': 1.0, 'GEOM_MAXITER': 500, 'SCF__GUESS': 'READ', 'GUESS': 'SAP', 'MAXITER': 500, 'REFERENCE': 'UKS', 'function_kwargs': {}}
2025-07-17:09:12:33,397 INFO     [psi4.driver.driver:636] Compute gradient(): method=b3lyp, basis=cc-pvdz, molecule=default, nre=3.3219049588156344
2025-07-17:09:12:33,946 INFO     [psi4.driver.driver:639] Return gradient(): -128.83609700952684
2025-07-17:09:12:33,946 INFO     [psi4.driver.driver:640] [[ 0.00000000 -0.00000000 -0.00483587]
 [ 0.00000000  0.00000000  0.00483999]]
2025-07-17:09:12:33,947 INFO     [psi4.optking.history:257] 	Performing BFGS update.
2025-07-17:09:12:33,947 INFO     [psi4.optking.history:268] 	Using 3 previous steps for update.
2025-07-17:09:12:33,947 WARNING  [psi4.optking.history:286] 	Change in internal coordinate of 7.43e-01 exceeds limit of 5.00e-01.
2025-07-17:09:12:33,947 WARNING  [psi4.optking.history:291] 	Skipping Hessian update for step 1.
2025-07-17:09:12:33,947 INFO     [psi4.optking.history:302] 	Steps to be used in Hessian update:  3 2

2025-07-17:09:12:33,948 INFO     [psi4.optking.history:400] 	Updated Hessian (in au) 
 	   0.118426

2025-07-17:09:12:33,948 INFO     [psi4.optking.molsys:874] Projected (PHP) Hessian matrix
	   0.118426

2025-07-17:09:12:33,948 INFO     [psi4.optking.opt_helper:168] 
	         Geometry (au)                                       Gradient (au)
   0.0000000000   0.0000000000   2.8658524241		   0.0000000000  -0.0000000000  -0.0048358666
   0.0000000000   0.0000000000  -0.1444684984		   0.0000000000   0.0000000000   0.0048399942

2025-07-17:09:12:33,948 INFO     [psi4.optking.stepAlgorithms:315] 	Current Step Report 
 
	Current energy:      -128.8360970095
	Energy change for the previous step:
		Actual       :        -0.0012844634
		Projected    :        -0.0010346386

2025-07-17:09:12:33,948 INFO     [psi4.optking.stepAlgorithms:318] 	Energy ratio =    1.24146
2025-07-17:09:12:33,948 INFO     [psi4.optking.stepAlgorithms:750] 	Using RFO solution 1.
2025-07-17:09:12:33,948 INFO     [psi4.optking.displace:73] 	Determining Cartesian step for fragment 1.
2025-07-17:09:12:33,948 INFO     [psi4.optking.displace:378] 	Successfully converged to displaced geometry.
2025-07-17:09:12:33,948 INFO     [psi4.optking.displace:379] 	RMS(dx):  0.000e+00 	Max(dx):  0.000e+00 	RMS(dq):  0.000e+00
2025-07-17:09:12:33,948 INFO     [psi4.optking.displace:132] 

	        --- Internal Coordinate Step in ANG or DEG, aJ/ANG or AJ/DEG ---
	-------------------------------------------------------------------------------
	           Coordinate      Previous         Force          Change          New 
	           ----------      --------        ------          ------        ------
	               R(1,2)       1.59299        0.03986        0.02158       1.61458
	-------------------------------------------------------------------------------

2025-07-17:09:12:33,948 INFO     [psi4.optking.stepAlgorithms:96] 	|target step| :    0.0407841103
2025-07-17:09:12:33,948 INFO     [psi4.optking.stepAlgorithms:97] 	gradient     :   -0.0048379304
2025-07-17:09:12:33,948 INFO     [psi4.optking.stepAlgorithms:98] 	hessian      :    0.1184256134
2025-07-17:09:12:33,948 INFO     [psi4.optking.stepAlgorithms:177] 	Norm of achieved step-size    0.0407841103
2025-07-17:09:12:33,948 INFO     [psi4.optking.stepAlgorithms:179] 	Norm of achieved step-size (cart):    0.0288387210
2025-07-17:09:12:33,948 INFO     [psi4.optking.opt_helper:151] Molsys:

	                            ===> Fragment 1 <== 

	 Z (Atomic Numbers)          Masses                          Geom                  
	       1.000000             1.007825          0.00000000  0.00000000  2.88624448   
	      10.000000            19.992440          0.00000000  0.00000000 -0.16486055   

	 - Coordinate -           - BOHR/RAD -       - ANG/DEG -
	 R(1,2)           =         3.051105           1.614575

2025-07-17:09:12:33,949 INFO     [psi4.optking.convcheck:71] Performing convergence check.
2025-07-17:09:12:33,949 INFO     [psi4.optking.convcheck:263] 
	                                 ==> Convergence Check <==                                  
    
	Measures of convergence in internal coordinates in au.
    
	Criteria marked as inactive (o), active & met (*), and active & unmet ( ).

	----------------------------------------------------------------------------------------------
	   Step    Total Energy     Delta E     Max Force     RMS Force      Max Disp      RMS Disp   
	----------------------------------------------------------------------------------------------
	  Convergence Criteria     1.00e-06 *    3.00e-04 *             o    1.20e-03 *             o
	----------------------------------------------------------------------------------------------
	     4    -128.83609701   -1.28e-03      4.84e-03      4.84e-03 o    4.08e-02      4.08e-02 o  ~
	----------------------------------------------------------------------------------------------


2025-07-17:09:12:33,949 INFO     [psi4.optking.stepAlgorithms:266] 	Convergence check returned False
2025-07-17:09:12:33,962 INFO     [psi4.driver.task_planner:285] PLANNING Atomic:  keywords={'DAMPING_PERCENTAGE': 1.0, 'GEOM_MAXITER': 500, 'SCF__GUESS': 'READ', 'GUESS': 'SAP', 'MAXITER': 500, 'REFERENCE': 'UKS', 'function_kwargs': {}}
2025-07-17:09:12:33,964 INFO     [psi4.driver.driver:636] Compute gradient(): method=b3lyp, basis=cc-pvdz, molecule=default, nre=3.277501066829476
2025-07-17:09:12:34,474 INFO     [psi4.driver.driver:639] Return gradient(): -128.83622898678473
2025-07-17:09:12:34,474 INFO     [psi4.driver.driver:640] [[-0.00000000 -0.00000000 -0.00171902]
 [ 0.00000000  0.00000000  0.00172152]]
2025-07-17:09:12:34,477 INFO     [psi4.optking.history:257] 	Performing BFGS update.
2025-07-17:09:12:34,477 INFO     [psi4.optking.history:268] 	Using 4 previous steps for update.
2025-07-17:09:12:34,477 WARNING  [psi4.optking.history:286] 	Change in internal coordinate of 7.83e-01 exceeds limit of 5.00e-01.
2025-07-17:09:12:34,477 WARNING  [psi4.optking.history:291] 	Skipping Hessian update for step 1.
2025-07-17:09:12:34,477 INFO     [psi4.optking.history:302] 	Steps to be used in Hessian update:  4 3 2

2025-07-17:09:12:34,477 INFO     [psi4.optking.history:400] 	Updated Hessian (in au) 
 	   0.112385

2025-07-17:09:12:34,477 INFO     [psi4.optking.molsys:874] Projected (PHP) Hessian matrix
	   0.112385

2025-07-17:09:12:34,477 INFO     [psi4.optking.opt_helper:168] 
	         Geometry (au)                                       Gradient (au)
   0.0000000000   0.0000000000   2.9046792616		  -0.0000000000  -0.0000000000  -0.0017190207
   0.0000000000   0.0000000000  -0.1464257712		   0.0000000000   0.0000000000   0.0017215245

2025-07-17:09:12:34,477 INFO     [psi4.optking.stepAlgorithms:315] 	Current Step Report 
 
	Current energy:      -128.8362289868
	Energy change for the previous step:
		Actual       :        -0.0001319773
		Projected    :        -0.0000986553

2025-07-17:09:12:34,477 INFO     [psi4.optking.stepAlgorithms:318] 	Energy ratio =    1.33776
2025-07-17:09:12:34,478 INFO     [psi4.optking.stepAlgorithms:750] 	Using RFO solution 1.
2025-07-17:09:12:34,478 INFO     [psi4.optking.displace:73] 	Determining Cartesian step for fragment 1.
2025-07-17:09:12:34,478 INFO     [psi4.optking.displace:378] 	Successfully converged to displaced geometry.
2025-07-17:09:12:34,478 INFO     [psi4.optking.displace:379] 	RMS(dx):  1.282e-16 	Max(dx):  2.220e-16 	RMS(dq):  0.000e+00
2025-07-17:09:12:34,478 INFO     [psi4.optking.displace:132] 

	        --- Internal Coordinate Step in ANG or DEG, aJ/ANG or AJ/DEG ---
	-------------------------------------------------------------------------------
	           Coordinate      Previous         Force          Change          New 
	           ----------      --------        ------          ------        ------
	               R(1,2)       1.61458        0.01417        0.00810       1.62267
	-------------------------------------------------------------------------------

2025-07-17:09:12:34,478 INFO     [psi4.optking.stepAlgorithms:96] 	|target step| :    0.0153034301
2025-07-17:09:12:34,478 INFO     [psi4.optking.stepAlgorithms:97] 	gradient     :   -0.0017202726
2025-07-17:09:12:34,478 INFO     [psi4.optking.stepAlgorithms:98] 	hessian      :    0.1123845923
2025-07-17:09:12:34,478 INFO     [psi4.optking.stepAlgorithms:177] 	Norm of achieved step-size    0.0153034301
2025-07-17:09:12:34,478 INFO     [psi4.optking.stepAlgorithms:179] 	Norm of achieved step-size (cart):    0.0108211592
2025-07-17:09:12:34,478 INFO     [psi4.optking.opt_helper:151] Molsys:

	                            ===> Fragment 1 <== 

	 Z (Atomic Numbers)          Masses                          Geom                  
	       1.000000             1.007825          0.00000000  0.00000000  2.91233098   
	      10.000000            19.992440          0.00000000  0.00000000 -0.15407749   

	 - Coordinate -           - BOHR/RAD -       - ANG/DEG -
	 R(1,2)           =         3.066408           1.622673

2025-07-17:09:12:34,478 INFO     [psi4.optking.convcheck:71] Performing convergence check.
2025-07-17:09:12:34,478 INFO     [psi4.optking.convcheck:263] 
	                                 ==> Convergence Check <==                                  
    
	Measures of convergence in internal coordinates in au.
    
	Criteria marked as inactive (o), active & met (*), and active & unmet ( ).

	----------------------------------------------------------------------------------------------
	   Step    Total Energy     Delta E     Max Force     RMS Force      Max Disp      RMS Disp   
	----------------------------------------------------------------------------------------------
	  Convergence Criteria     1.00e-06 *    3.00e-04 *             o    1.20e-03 *             o
	----------------------------------------------------------------------------------------------
	     5    -128.83622899   -1.32e-04      1.72e-03      1.72e-03 o    1.53e-02      1.53e-02 o  ~
	----------------------------------------------------------------------------------------------


2025-07-17:09:12:34,478 INFO     [psi4.optking.stepAlgorithms:266] 	Convergence check returned False
2025-07-17:09:12:34,490 INFO     [psi4.driver.task_planner:285] PLANNING Atomic:  keywords={'DAMPING_PERCENTAGE': 1.0, 'GEOM_MAXITER': 500, 'SCF__GUESS': 'READ', 'GUESS': 'SAP', 'MAXITER': 500, 'REFERENCE': 'UKS', 'function_kwargs': {}}
2025-07-17:09:12:34,491 INFO     [psi4.driver.driver:636] Compute gradient(): method=b3lyp, basis=cc-pvdz, molecule=default, nre=3.261144143402969
2025-07-17:09:12:34,996 INFO     [psi4.driver.driver:639] Return gradient(): -128.8362471067737
2025-07-17:09:12:34,996 INFO     [psi4.driver.driver:640] [[ 0.00000000 -0.00000000 -0.00066668]
 [ 0.00000000 -0.00000000  0.00066873]]
2025-07-17:09:12:34,997 INFO     [psi4.optking.history:257] 	Performing BFGS update.
2025-07-17:09:12:34,997 INFO     [psi4.optking.history:268] 	Using 4 previous steps for update.
2025-07-17:09:12:34,998 INFO     [psi4.optking.history:302] 	Steps to be used in Hessian update:  5 4 3 2

2025-07-17:09:12:34,998 INFO     [psi4.optking.history:400] 	Updated Hessian (in au) 
 	   0.110151

2025-07-17:09:12:34,998 INFO     [psi4.optking.molsys:874] Projected (PHP) Hessian matrix
	   0.110151

2025-07-17:09:12:34,998 INFO     [psi4.optking.opt_helper:168] 
	         Geometry (au)                                       Gradient (au)
   0.0000000000   0.0000000000   2.9192482638		   0.0000000000  -0.0000000000  -0.0006666770
   0.0000000000   0.0000000000  -0.1471601990		   0.0000000000  -0.0000000000   0.0006687338

2025-07-17:09:12:34,998 INFO     [psi4.optking.stepAlgorithms:315] 	Current Step Report 
 
	Current energy:      -128.8362471068
	Energy change for the previous step:
		Actual       :        -0.0000181200
		Projected    :        -0.0000131630

2025-07-17:09:12:34,998 INFO     [psi4.optking.stepAlgorithms:318] 	Energy ratio =    1.37658
2025-07-17:09:12:34,998 INFO     [psi4.optking.stepAlgorithms:750] 	Using RFO solution 1.
2025-07-17:09:12:34,998 INFO     [psi4.optking.displace:73] 	Determining Cartesian step for fragment 1.
2025-07-17:09:12:34,998 INFO     [psi4.optking.displace:378] 	Successfully converged to displaced geometry.
2025-07-17:09:12:34,998 INFO     [psi4.optking.displace:379] 	RMS(dx):  0.000e+00 	Max(dx):  0.000e+00 	RMS(dq):  0.000e+00
2025-07-17:09:12:34,998 INFO     [psi4.optking.displace:132] 

	        --- Internal Coordinate Step in ANG or DEG, aJ/ANG or AJ/DEG ---
	-------------------------------------------------------------------------------
	           Coordinate      Previous         Force          Change          New 
	           ----------      --------        ------          ------        ------
	               R(1,2)       1.62267        0.00550        0.00321       1.62588
	-------------------------------------------------------------------------------

2025-07-17:09:12:34,998 INFO     [psi4.optking.stepAlgorithms:96] 	|target step| :    0.0060615138
2025-07-17:09:12:34,998 INFO     [psi4.optking.stepAlgorithms:97] 	gradient     :   -0.0006677054
2025-07-17:09:12:34,998 INFO     [psi4.optking.stepAlgorithms:98] 	hessian      :    0.1101508432
2025-07-17:09:12:34,998 INFO     [psi4.optking.stepAlgorithms:177] 	Norm of achieved step-size    0.0060615138
2025-07-17:09:12:34,998 INFO     [psi4.optking.stepAlgorithms:179] 	Norm of achieved step-size (cart):    0.0042861375
2025-07-17:09:12:34,998 INFO     [psi4.optking.opt_helper:151] Molsys:

	                            ===> Fragment 1 <== 

	 Z (Atomic Numbers)          Masses                          Geom                  
	       1.000000             1.007825          0.00000000  0.00000000  2.92227902   
	      10.000000            19.992440          0.00000000  0.00000000 -0.15019096   

	 - Coordinate -           - BOHR/RAD -       - ANG/DEG -
	 R(1,2)           =         3.072470           1.625881

2025-07-17:09:12:34,999 INFO     [psi4.optking.convcheck:71] Performing convergence check.
2025-07-17:09:12:34,999 INFO     [psi4.optking.convcheck:263] 
	                                 ==> Convergence Check <==                                  
    
	Measures of convergence in internal coordinates in au.
    
	Criteria marked as inactive (o), active & met (*), and active & unmet ( ).

	----------------------------------------------------------------------------------------------
	   Step    Total Energy     Delta E     Max Force     RMS Force      Max Disp      RMS Disp   
	----------------------------------------------------------------------------------------------
	  Convergence Criteria     1.00e-06 *    3.00e-04 *             o    1.20e-03 *             o
	----------------------------------------------------------------------------------------------
	     6    -128.83624711   -1.81e-05      6.68e-04      6.68e-04 o    6.06e-03      6.06e-03 o  ~
	----------------------------------------------------------------------------------------------


2025-07-17:09:12:34,999 INFO     [psi4.optking.stepAlgorithms:266] 	Convergence check returned False
2025-07-17:09:12:35,11 INFO     [psi4.driver.task_planner:285] PLANNING Atomic:  keywords={'DAMPING_PERCENTAGE': 1.0, 'GEOM_MAXITER': 500, 'SCF__GUESS': 'READ', 'GUESS': 'SAP', 'MAXITER': 500, 'REFERENCE': 'UKS', 'function_kwargs': {}}
2025-07-17:09:12:35,14 INFO     [psi4.driver.driver:636] Compute gradient(): method=b3lyp, basis=cc-pvdz, molecule=default, nre=3.2547104043006234
2025-07-17:09:12:35,529 INFO     [psi4.driver.driver:639] Return gradient(): -128.8362499107963
2025-07-17:09:12:35,530 INFO     [psi4.driver.driver:640] [[ 0.00000000 -0.00000000 -0.00026726]
 [-0.00000000  0.00000000  0.00026917]]
2025-07-17:09:12:35,532 INFO     [psi4.optking.history:257] 	Performing BFGS update.
2025-07-17:09:12:35,532 INFO     [psi4.optking.history:268] 	Using 4 previous steps for update.
2025-07-17:09:12:35,533 INFO     [psi4.optking.history:302] 	Steps to be used in Hessian update:  6 5 4 3

2025-07-17:09:12:35,533 INFO     [psi4.optking.history:400] 	Updated Hessian (in au) 
 	   0.090850

2025-07-17:09:12:35,533 INFO     [psi4.optking.molsys:874] Projected (PHP) Hessian matrix
	   0.090850

2025-07-17:09:12:35,533 INFO     [psi4.optking.opt_helper:168] 
	         Geometry (au)                                       Gradient (au)
   0.0000000000   0.0000000000   2.9250188792		   0.0000000000  -0.0000000000  -0.0002672619
   0.0000000000   0.0000000000  -0.1474510975		  -0.0000000000   0.0000000000   0.0002691737

2025-07-17:09:12:35,533 INFO     [psi4.optking.stepAlgorithms:315] 	Current Step Report 
 
	Current energy:      -128.8362499108
	Energy change for the previous step:
		Actual       :        -0.0000028040
		Projected    :        -0.0000020237

2025-07-17:09:12:35,533 INFO     [psi4.optking.stepAlgorithms:318] 	Energy ratio =    1.38562
2025-07-17:09:12:35,534 INFO     [psi4.optking.stepAlgorithms:750] 	Using RFO solution 1.
2025-07-17:09:12:35,534 INFO     [psi4.optking.displace:73] 	Determining Cartesian step for fragment 1.
2025-07-17:09:12:35,534 INFO     [psi4.optking.displace:378] 	Successfully converged to displaced geometry.
2025-07-17:09:12:35,534 INFO     [psi4.optking.displace:379] 	RMS(dx):  1.282e-16 	Max(dx):  2.220e-16 	RMS(dq):  4.441e-16
2025-07-17:09:12:35,534 INFO     [psi4.optking.displace:132] 

	        --- Internal Coordinate Step in ANG or DEG, aJ/ANG or AJ/DEG ---
	-------------------------------------------------------------------------------
	           Coordinate      Previous         Force          Change          New 
	           ----------      --------        ------          ------        ------
	               R(1,2)       1.62588        0.00221        0.00156       1.62744
	-------------------------------------------------------------------------------

2025-07-17:09:12:35,534 INFO     [psi4.optking.stepAlgorithms:96] 	|target step| :    0.0029522730
2025-07-17:09:12:35,534 INFO     [psi4.optking.stepAlgorithms:97] 	gradient     :   -0.0002682178
2025-07-17:09:12:35,534 INFO     [psi4.optking.stepAlgorithms:98] 	hessian      :    0.0908504893
2025-07-17:09:12:35,534 INFO     [psi4.optking.stepAlgorithms:177] 	Norm of achieved step-size    0.0029522730
2025-07-17:09:12:35,534 INFO     [psi4.optking.stepAlgorithms:179] 	Norm of achieved step-size (cart):    0.0020875723
2025-07-17:09:12:35,535 INFO     [psi4.optking.opt_helper:151] Molsys:

	                            ===> Fragment 1 <== 

	 Z (Atomic Numbers)          Masses                          Geom                  
	       1.000000             1.007825          0.00000000  0.00000000  2.92649502   
	      10.000000            19.992440          0.00000000  0.00000000 -0.14892723   

	 - Coordinate -           - BOHR/RAD -       - ANG/DEG -
	 R(1,2)           =         3.075422           1.627443

2025-07-17:09:12:35,535 INFO     [psi4.optking.convcheck:71] Performing convergence check.
2025-07-17:09:12:35,535 INFO     [psi4.optking.convcheck:263] 
	                                 ==> Convergence Check <==                                  
    
	Measures of convergence in internal coordinates in au.
    
	Criteria marked as inactive (o), active & met (*), and active & unmet ( ).

	----------------------------------------------------------------------------------------------
	   Step    Total Energy     Delta E     Max Force     RMS Force      Max Disp      RMS Disp   
	----------------------------------------------------------------------------------------------
	  Convergence Criteria     1.00e-06 *    3.00e-04 *             o    1.20e-03 *             o
	----------------------------------------------------------------------------------------------
	     7    -128.83624991   -2.80e-06      2.68e-04 *    2.68e-04 o    2.95e-03      2.95e-03 o  ~
	----------------------------------------------------------------------------------------------


2025-07-17:09:12:35,535 INFO     [psi4.optking.stepAlgorithms:266] 	Convergence check returned False
2025-07-17:09:12:35,547 INFO     [psi4.driver.task_planner:285] PLANNING Atomic:  keywords={'DAMPING_PERCENTAGE': 1.0, 'GEOM_MAXITER': 500, 'SCF__GUESS': 'READ', 'GUESS': 'SAP', 'MAXITER': 500, 'REFERENCE': 'UKS', 'function_kwargs': {}}
2025-07-17:09:12:35,548 INFO     [psi4.driver.driver:636] Compute gradient(): method=b3lyp, basis=cc-pvdz, molecule=default, nre=3.251586022375563
2025-07-17:09:12:36,45 INFO     [psi4.driver.driver:639] Return gradient(): -128.83625040675867
2025-07-17:09:12:36,45 INFO     [psi4.driver.driver:640] [[ 0.00000000 -0.00000000 -0.00007628]
 [-0.00000000  0.00000000  0.00007813]]
2025-07-17:09:12:36,46 INFO     [psi4.optking.history:257] 	Performing BFGS update.
2025-07-17:09:12:36,46 INFO     [psi4.optking.history:268] 	Using 4 previous steps for update.
2025-07-17:09:12:36,47 INFO     [psi4.optking.history:302] 	Steps to be used in Hessian update:  7 6 5 4

2025-07-17:09:12:36,47 INFO     [psi4.optking.history:400] 	Updated Hessian (in au) 
 	   0.073128

2025-07-17:09:12:36,47 INFO     [psi4.optking.molsys:874] Projected (PHP) Hessian matrix
	   0.073128

2025-07-17:09:12:36,47 INFO     [psi4.optking.opt_helper:168] 
	         Geometry (au)                                       Gradient (au)
   0.0000000000   0.0000000000   2.9278294695		   0.0000000000  -0.0000000000  -0.0000762808
   0.0000000000   0.0000000000  -0.1475927802		  -0.0000000000   0.0000000000   0.0000781285

2025-07-17:09:12:36,47 INFO     [psi4.optking.stepAlgorithms:315] 	Current Step Report 
 
	Current energy:      -128.8362504068
	Energy change for the previous step:
		Actual       :        -0.0000004960
		Projected    :        -0.0000003959

2025-07-17:09:12:36,47 INFO     [psi4.optking.stepAlgorithms:318] 	Energy ratio =    1.25266
2025-07-17:09:12:36,47 INFO     [psi4.optking.stepAlgorithms:750] 	Using RFO solution 1.
2025-07-17:09:12:36,47 INFO     [psi4.optking.displace:73] 	Determining Cartesian step for fragment 1.
2025-07-17:09:12:36,47 INFO     [psi4.optking.displace:378] 	Successfully converged to displaced geometry.
2025-07-17:09:12:36,47 INFO     [psi4.optking.displace:379] 	RMS(dx):  0.000e+00 	Max(dx):  0.000e+00 	RMS(dq):  0.000e+00
2025-07-17:09:12:36,47 INFO     [psi4.optking.displace:132] 

	        --- Internal Coordinate Step in ANG or DEG, aJ/ANG or AJ/DEG ---
	-------------------------------------------------------------------------------
	           Coordinate      Previous         Force          Change          New 
	           ----------      --------        ------          ------        ------
	               R(1,2)       1.62744        0.00064        0.00056       1.62800
	-------------------------------------------------------------------------------

2025-07-17:09:12:36,47 INFO     [psi4.optking.stepAlgorithms:96] 	|target step| :    0.0010557459
2025-07-17:09:12:36,47 INFO     [psi4.optking.stepAlgorithms:97] 	gradient     :   -0.0000772046
2025-07-17:09:12:36,48 INFO     [psi4.optking.stepAlgorithms:98] 	hessian      :    0.0731279379
2025-07-17:09:12:36,48 INFO     [psi4.optking.stepAlgorithms:177] 	Norm of achieved step-size    0.0010557459
2025-07-17:09:12:36,48 INFO     [psi4.optking.stepAlgorithms:179] 	Norm of achieved step-size (cart):    0.0007465251
2025-07-17:09:12:36,48 INFO     [psi4.optking.opt_helper:151] Molsys:

	                            ===> Fragment 1 <== 

	 Z (Atomic Numbers)          Masses                          Geom                  
	       1.000000             1.007825          0.00000000  0.00000000  2.92835734   
	      10.000000            19.992440          0.00000000  0.00000000 -0.14812065   

	 - Coordinate -           - BOHR/RAD -       - ANG/DEG -
	 R(1,2)           =         3.076478           1.628002

2025-07-17:09:12:36,48 INFO     [psi4.optking.convcheck:71] Performing convergence check.
2025-07-17:09:12:36,48 INFO     [psi4.optking.convcheck:263] 
	                                 ==> Convergence Check <==                                  
    
	Measures of convergence in internal coordinates in au.
    
	Criteria marked as inactive (o), active & met (*), and active & unmet ( ).

	----------------------------------------------------------------------------------------------
	   Step    Total Energy     Delta E     Max Force     RMS Force      Max Disp      RMS Disp   
	----------------------------------------------------------------------------------------------
	  Convergence Criteria     1.00e-06 *    3.00e-04 *             o    1.20e-03 *             o
	----------------------------------------------------------------------------------------------
	     8    -128.83625041   -4.96e-07 *    7.72e-05 *    7.72e-05 o    1.06e-03 *    1.06e-03 o  ~
	----------------------------------------------------------------------------------------------


2025-07-17:09:12:36,48 INFO     [psi4.optking.convcheck:193] 
	                      ===> Final Convergence Report <===                     

	----------------------------------------------------------------------------
	|   Required Criteria    |  One or More Criteria  |   Alternate Criteria   |
	----------------------------------------------------------------------------
	| [x]     max_force      | [x]       max_DE       |                        |
	|                        | [x]      max_disp      |                        |
	----------------------------------------------------------------------------


2025-07-17:09:12:36,48 INFO     [psi4.optking.stepAlgorithms:266] 	Convergence check returned True
2025-07-17:09:12:36,48 INFO     [psi4.optking.optimize:286] 	Converged in 8 steps!
2025-07-17:09:12:36,48 INFO     [psi4.optking.optimize:287] 	Final energy is   -128.8362504067587
2025-07-17:09:12:36,48 INFO     [psi4.optking.optimize:288] 	Final structure (Angstroms): 
	Fragment 1 (Ang)

	    H   0.0000000000   0.0000000000   1.5496199703
	   Ne   0.0000000000   0.0000000000  -0.0783820741


2025-07-17:09:12:36,49 INFO     [psi4.optking.optimize:432] 	Optimization Finished

	==> Optimization Summary <==

        
	Measures of convergence in internal coordinates in au. (Any backward steps not shown.)
        
	---------------------------------------------------------------------------------------------------------------  ~
        
	 Step         Total Energy             Delta E       MAX Force       RMS Force        MAX Disp        RMS Disp   ~
        
	---------------------------------------------------------------------------------------------------------------  ~
        
	     1    -128.786350569255   -128.786350569255      0.17049916      0.17049916      0.50000056      0.50000056  ~
	     2    -128.831807466301     -0.045456897046      0.03357379      0.03357379      0.12080967      0.12080967  ~
	     3    -128.834812546115     -0.003005079814      0.01698365      0.01698365      0.12183934      0.12183934  ~
	     4    -128.836097009527     -0.001284463412      0.00483793      0.00483793      0.04078411      0.04078411  ~
	     5    -128.836228986785     -0.000131977258      0.00172027      0.00172027      0.01530343      0.01530343  ~
	     6    -128.836247106774     -0.000018119989      0.00066771      0.00066771      0.00606151      0.00606151  ~
	     7    -128.836249910796     -0.000002804023      0.00026822      0.00026822      0.00295227      0.00295227  ~
	     8    -128.836250406759     -0.000000495962      0.00007720      0.00007720      0.00105575      0.00105575  ~
	----------------------------------------------------------------------------------------------------------------


2025-07-17:09:12:36,49 INFO     [psi4.optking.optimize:640] Preparing OptimizationResult
