2025-07-17:11:48:22,744 INFO     [psi4.optking.optwrapper:214] Creating a UserComputer
2025-07-17:11:48:22,744 INFO     [psi4.optking.optwrapper:222] 
    			-----------------------------------------

    			 OPTKING 3.0: for geometry optimizations 

    			     By R.A. King, Bethel University     

    			        with contributions from          

    			    A.V. Copan, J. Cayton, A. Heide      

    			-----------------------------------------

    
2025-07-17:11:48:22,744 INFO     [psi4.optking.optwrapper:238] 
		 -- Optimization Parameters --
	accept_symmetry_breaking       =           False
	alg_geom_maxiter               =             500
	bt_dx_conv                     =           1e-07
	bt_dx_rms_change_conv          =           1e-12
	bt_max_iter                    =              25
	cart_hess_read                 =           False
	consecutive_backsteps_allowed  =               0
	conv_max_DE                    =           1e-06
	conv_max_disp                  =          0.0012
	conv_max_force                 =          0.0003
	conv_rms_disp                  =              -1
	conv_rms_force                 =              -1
	covalent_connect               =             1.3
	dynamic_level                  =               0
	dynamic_level_max              =               0
	ensure_bt_convergence          =           False
	ext_force_bend                 =              []
	ext_force_cartesian            =              []
	ext_force_dihedral             =              []
	ext_force_distance             =              []
	ext_force_oofp                 =              []
	fix_val_near_pi                =            1.57
	flexible_g_convergence         =           False
	frag_mode                      =          SINGLE
	frag_ref_atoms                 =            None
	freeze_intrafrag               =           False
	frozen_bend                    =              []
	frozen_cartesian               =              []
	frozen_dihedral                =              []
	frozen_distance                =              []
	frozen_oofp                    =              []
	full_hess_every                =              -1
	g_convergence                  =           QCHEM
	generate_intcos_exit           =           False
	geom_maxiter                   =             500
	h_bond_connect                 =             4.3
	hess_update                    =            BFGS
	hess_update_den_tol            =           1e-07
	hess_update_dq_tol             =             0.5
	hess_update_limit              =            True
	hess_update_limit_max          =             1.0
	hess_update_limit_scale        =             0.5
	hess_update_use_last           =               4
	hessian_file                   =            None
	i_max_DE                       =            True
	i_max_disp                     =            True
	i_max_force                    =            True
	i_rms_disp                     =           False
	i_rms_force                    =           False
	i_untampered                   =            True
	include_oofp                   =           False
	interfrag_collinear_tol        =            0.01
	interfrag_coords               =            None
	interfrag_dist_inv             =           False
	interfrag_mode                 =           FIXED
	interfrag_trust                =             0.5
	interfrag_trust_max            =             1.0
	interfrag_trust_min            =           0.001
	interfragment_connect          =             1.8
	intrafrag_hess                 =        SCHLEGEL
	intrafrag_trust                =             0.5
	intrafrag_trust_max            =             1.0
	intrafrag_trust_min            =           0.001
	irc_direction                  =         FORWARD
	irc_points                     =              20
	irc_step_size                  =             0.2
	keep_intcos                    =           False
	linear_bend_threshold          =            3.05
	linesearch                     =           False
	linesearch_step                =             0.1
	max_disp_g_convergence         =          0.0012
	max_energy_g_convergence       =           1e-06
	max_force_g_convergence        =          0.0003
	opt_coordinates                =       REDUNDANT
	opt_type                       =             MIN
	output_type                    =            FILE
	print_lvl                      =               1
	program                        =            psi4
	ranged_bend                    =              []
	ranged_cartesian               =              []
	ranged_dihedral                =              []
	ranged_distance                =              []
	ranged_oofp                    =              []
	redundant_eval_tol             =           1e-10
	rfo_follow_root                =           False
	rfo_normalization_max          =             100
	rfo_root                       =               0
	rms_disp_g_convergence         =          0.0012
	rms_force_g_convergence        =          0.0003
	rsrfo_alpha_max                =     100000000.0
	sd_hessian                     =             1.0
	simple_step_scaling            =           False
	small_bend_fix_threshold       =            0.35
	steepest_descent_type          =         OVERLAP
	step_type                      =             RFO
	test_B                         =           False
	test_derivative_B              =           False
	trajectory                     =           False
	v3d_tors_angle_lim             =           0.017
	v3d_tors_cos_tol               =           1e-10
	working_consecutive_backsteps  =               0
	working_steps_since_last_H     =               0


2025-07-17:11:48:23,390 INFO     [psi4.optking.opt_helper:151] Molsys:

	                            ===> Fragment 1 <== 

	 Z (Atomic Numbers)          Masses                          Geom                  
	      14.000000            27.976927          0.00000000  0.00000000  1.19147570   
	      15.000000            30.973762          0.00000000  0.00000000 -1.07619565   

	 - Coordinate -           - BOHR/RAD -       - ANG/DEG -
	 R(1,2)           =         2.267671           1.200000

2025-07-17:11:48:23,400 INFO     [psi4.driver.task_planner:285] PLANNING Atomic:  keywords={'DAMPING_PERCENTAGE': 1.0, 'GEOM_MAXITER': 500, 'GUESS': 'SAP', 'MAXITER': 500, 'REFERENCE': 'UKS', 'function_kwargs': {}}
2025-07-17:11:48:23,401 INFO     [psi4.driver.driver:636] Compute gradient(): method=b3lyp, basis=cc-pvdz, molecule=default, nre=92.60601186725002
2025-07-17:11:48:26,802 INFO     [psi4.driver.driver:639] Return gradient(): -629.5909429726212
2025-07-17:11:48:26,802 INFO     [psi4.driver.driver:640] [[-0.00000000  0.00000000 -2.47629777]
 [-0.00000000  0.00000000  2.47631351]]
2025-07-17:11:48:26,805 INFO     [psi4.optking.molsys:874] Projected (PHP) Hessian matrix
	 217.822043

2025-07-17:11:48:26,805 INFO     [psi4.optking.opt_helper:168] 
	         Geometry (au)                                       Gradient (au)
   0.0000000000   0.0000000000   1.1914756969		  -0.0000000000   0.0000000000  -2.4762977731
   0.0000000000   0.0000000000  -1.0761956537		  -0.0000000000   0.0000000000   2.4763135148

2025-07-17:11:48:26,806 INFO     [psi4.optking.stepAlgorithms:750] 	Using RFO solution 1.
2025-07-17:11:48:26,806 INFO     [psi4.optking.displace:73] 	Determining Cartesian step for fragment 1.
2025-07-17:11:48:26,806 INFO     [psi4.optking.displace:378] 	Successfully converged to displaced geometry.
2025-07-17:11:48:26,806 INFO     [psi4.optking.displace:379] 	RMS(dx):  0.000e+00 	Max(dx):  0.000e+00 	RMS(dq):  0.000e+00
2025-07-17:11:48:26,806 INFO     [psi4.optking.displace:132] 

	        --- Internal Coordinate Step in ANG or DEG, aJ/ANG or AJ/DEG ---
	-------------------------------------------------------------------------------
	           Coordinate      Previous         Force          Change          New 
	           ----------      --------        ------          ------        ------
	               R(1,2)       1.20000       20.40160        0.00602       1.20602
	-------------------------------------------------------------------------------

2025-07-17:11:48:26,806 INFO     [psi4.optking.stepAlgorithms:96] 	|target step| :    0.0113670116
2025-07-17:11:48:26,806 INFO     [psi4.optking.stepAlgorithms:97] 	gradient     :   -2.4763056439
2025-07-17:11:48:26,806 INFO     [psi4.optking.stepAlgorithms:98] 	hessian      :  217.8220428578
2025-07-17:11:48:26,807 INFO     [psi4.optking.stepAlgorithms:177] 	Norm of achieved step-size    0.0113670116
2025-07-17:11:48:26,807 INFO     [psi4.optking.stepAlgorithms:179] 	Norm of achieved step-size (cart):    0.0080376910
2025-07-17:11:48:26,807 INFO     [psi4.optking.opt_helper:151] Molsys:

	                            ===> Fragment 1 <== 

	 Z (Atomic Numbers)          Masses                          Geom                  
	      14.000000            27.976927          0.00000000  0.00000000  1.19715920   
	      15.000000            30.973762          0.00000000  0.00000000 -1.08187916   

	 - Coordinate -           - BOHR/RAD -       - ANG/DEG -
	 R(1,2)           =         2.279038           1.206015

2025-07-17:11:48:26,807 INFO     [psi4.optking.convcheck:71] Performing convergence check.
2025-07-17:11:48:26,807 INFO     [psi4.optking.convcheck:263] 
	                                 ==> Convergence Check <==                                  
    
	Measures of convergence in internal coordinates in au.
    
	Criteria marked as inactive (o), active & met (*), and active & unmet ( ).

	----------------------------------------------------------------------------------------------
	   Step    Total Energy     Delta E     Max Force     RMS Force      Max Disp      RMS Disp   
	----------------------------------------------------------------------------------------------
	  Convergence Criteria     1.00e-06 *    3.00e-04 *             o    1.20e-03 *             o
	----------------------------------------------------------------------------------------------
	     1    -629.59094297   -6.30e+02      2.48e+00      2.48e+00 o    1.14e-02      1.14e-02 o  ~
	----------------------------------------------------------------------------------------------


2025-07-17:11:48:26,807 INFO     [psi4.optking.stepAlgorithms:266] 	Convergence check returned False
2025-07-17:11:48:26,820 INFO     [psi4.driver.task_planner:285] PLANNING Atomic:  keywords={'DAMPING_PERCENTAGE': 1.0, 'GEOM_MAXITER': 500, 'SCF__GUESS': 'READ', 'GUESS': 'SAP', 'MAXITER': 500, 'REFERENCE': 'UKS', 'function_kwargs': {}}
2025-07-17:11:48:26,822 INFO     [psi4.driver.driver:636] Compute gradient(): method=b3lyp, basis=cc-pvdz, molecule=default, nre=92.14412687813766
2025-07-17:11:48:28,180 INFO     [psi4.driver.driver:639] Return gradient(): -629.6188202385104
2025-07-17:11:48:28,180 INFO     [psi4.driver.driver:640] [[-0.00000000  0.00000000 -2.42885989]
 [-0.00000000 -0.00000000  2.42888168]]
2025-07-17:11:48:28,183 INFO     [psi4.optking.history:257] 	Performing BFGS update.
2025-07-17:11:48:28,183 INFO     [psi4.optking.history:268] 	Using 1 previous steps for update.
2025-07-17:11:48:28,184 INFO     [psi4.optking.history:302] 	Steps to be used in Hessian update:  1

2025-07-17:11:48:28,184 INFO     [psi4.optking.history:400] 	Updated Hessian (in au) 
 	 108.911021

2025-07-17:11:48:28,184 INFO     [psi4.optking.molsys:874] Projected (PHP) Hessian matrix
	 108.911021

2025-07-17:11:48:28,184 INFO     [psi4.optking.opt_helper:168] 
	         Geometry (au)                                       Gradient (au)
   0.0000000000   0.0000000000   1.1974481311		  -0.0000000000   0.0000000000  -2.4288598939
   0.0000000000   0.0000000000  -1.0815902310		  -0.0000000000  -0.0000000000   2.4288816791

2025-07-17:11:48:28,184 INFO     [psi4.optking.stepAlgorithms:315] 	Current Step Report 
 
	Current energy:      -629.6188202385
	Energy change for the previous step:
		Actual       :        -0.0278772659
		Projected    :        -0.0140740975

2025-07-17:11:48:28,184 INFO     [psi4.optking.stepAlgorithms:318] 	Energy ratio =    1.98075
2025-07-17:11:48:28,184 INFO     [psi4.optking.stepAlgorithms:346] 	Energy ratio indicates good step.
2025-07-17:11:48:28,184 INFO     [psi4.optking.stepAlgorithms:347] 	Intrafrag trust radius increased to 1.000e+00.
2025-07-17:11:48:28,184 INFO     [psi4.optking.stepAlgorithms:750] 	Using RFO solution 1.
2025-07-17:11:48:28,184 INFO     [psi4.optking.displace:73] 	Determining Cartesian step for fragment 1.
2025-07-17:11:48:28,184 INFO     [psi4.optking.displace:378] 	Successfully converged to displaced geometry.
2025-07-17:11:48:28,184 INFO     [psi4.optking.displace:379] 	RMS(dx):  0.000e+00 	Max(dx):  0.000e+00 	RMS(dq):  0.000e+00
2025-07-17:11:48:28,184 INFO     [psi4.optking.displace:132] 

	        --- Internal Coordinate Step in ANG or DEG, aJ/ANG or AJ/DEG ---
	-------------------------------------------------------------------------------
	           Coordinate      Previous         Force          Change          New 
	           ----------      --------        ------          ------        ------
	               R(1,2)       1.20602       20.01079        0.01180       1.21781
	-------------------------------------------------------------------------------

2025-07-17:11:48:28,184 INFO     [psi4.optking.stepAlgorithms:96] 	|target step| :    0.0222903426
2025-07-17:11:48:28,184 INFO     [psi4.optking.stepAlgorithms:97] 	gradient     :   -2.4288707865
2025-07-17:11:48:28,184 INFO     [psi4.optking.stepAlgorithms:98] 	hessian      :  108.9110214289
2025-07-17:11:48:28,184 INFO     [psi4.optking.stepAlgorithms:177] 	Norm of achieved step-size    0.0222903426
2025-07-17:11:48:28,184 INFO     [psi4.optking.stepAlgorithms:179] 	Norm of achieved step-size (cart):    0.0157616524
2025-07-17:11:48:28,185 INFO     [psi4.optking.opt_helper:151] Molsys:

	                            ===> Fragment 1 <== 

	 Z (Atomic Numbers)          Masses                          Geom                  
	      14.000000            27.976927          0.00000000  0.00000000  1.20859330   
	      15.000000            30.973762          0.00000000  0.00000000 -1.09273540   

	 - Coordinate -           - BOHR/RAD -       - ANG/DEG -
	 R(1,2)           =         2.301329           1.217811

2025-07-17:11:48:28,185 INFO     [psi4.optking.convcheck:71] Performing convergence check.
2025-07-17:11:48:28,185 INFO     [psi4.optking.convcheck:263] 
	                                 ==> Convergence Check <==                                  
    
	Measures of convergence in internal coordinates in au.
    
	Criteria marked as inactive (o), active & met (*), and active & unmet ( ).

	----------------------------------------------------------------------------------------------
	   Step    Total Energy     Delta E     Max Force     RMS Force      Max Disp      RMS Disp   
	----------------------------------------------------------------------------------------------
	  Convergence Criteria     1.00e-06 *    3.00e-04 *             o    1.20e-03 *             o
	----------------------------------------------------------------------------------------------
	     2    -629.61882024   -2.79e-02      2.43e+00      2.43e+00 o    2.23e-02      2.23e-02 o  ~
	----------------------------------------------------------------------------------------------


2025-07-17:11:48:28,185 INFO     [psi4.optking.stepAlgorithms:266] 	Convergence check returned False
2025-07-17:11:48:28,202 INFO     [psi4.driver.task_planner:285] PLANNING Atomic:  keywords={'DAMPING_PERCENTAGE': 1.0, 'GEOM_MAXITER': 500, 'SCF__GUESS': 'READ', 'GUESS': 'SAP', 'MAXITER': 500, 'REFERENCE': 'UKS', 'function_kwargs': {}}
2025-07-17:11:48:28,204 INFO     [psi4.driver.driver:636] Compute gradient(): method=b3lyp, basis=cc-pvdz, molecule=default, nre=91.25163196795533
2025-07-17:11:48:29,956 INFO     [psi4.driver.driver:639] Return gradient(): -629.6719420771976
2025-07-17:11:48:29,957 INFO     [psi4.driver.driver:640] [[ 0.00000000  0.00000000 -2.33805599]
 [ 0.00000000  0.00000000  2.33808967]]
2025-07-17:11:48:29,958 INFO     [psi4.optking.history:257] 	Performing BFGS update.
2025-07-17:11:48:29,958 INFO     [psi4.optking.history:268] 	Using 2 previous steps for update.
2025-07-17:11:48:29,958 INFO     [psi4.optking.history:302] 	Steps to be used in Hessian update:  2 1

2025-07-17:11:48:29,958 INFO     [psi4.optking.history:400] 	Updated Hessian (in au) 
 	  27.227755

2025-07-17:11:48:29,958 INFO     [psi4.optking.molsys:874] Projected (PHP) Hessian matrix
	  27.227755

2025-07-17:11:48:29,958 INFO     [psi4.optking.opt_helper:168] 
	         Geometry (au)                                       Gradient (au)
   0.0000000000   0.0000000000   1.2091598818		   0.0000000000   0.0000000000  -2.3380559919
   0.0000000000   0.0000000000  -1.0921688229		   0.0000000000   0.0000000000   2.3380896746

2025-07-17:11:48:29,958 INFO     [psi4.optking.stepAlgorithms:315] 	Current Step Report 
 
	Current energy:      -629.6719420772
	Energy change for the previous step:
		Actual       :        -0.0531218387
		Projected    :        -0.0270701810

2025-07-17:11:48:29,958 INFO     [psi4.optking.stepAlgorithms:318] 	Energy ratio =    1.96237
2025-07-17:11:48:29,958 INFO     [psi4.optking.stepAlgorithms:750] 	Using RFO solution 1.
2025-07-17:11:48:29,958 INFO     [psi4.optking.displace:73] 	Determining Cartesian step for fragment 1.
2025-07-17:11:48:29,958 INFO     [psi4.optking.displace:378] 	Successfully converged to displaced geometry.
2025-07-17:11:48:29,958 INFO     [psi4.optking.displace:379] 	RMS(dx):  0.000e+00 	Max(dx):  0.000e+00 	RMS(dq):  0.000e+00
2025-07-17:11:48:29,959 INFO     [psi4.optking.displace:132] 

	        --- Internal Coordinate Step in ANG or DEG, aJ/ANG or AJ/DEG ---
	-------------------------------------------------------------------------------
	           Coordinate      Previous         Force          Change          New 
	           ----------      --------        ------          ------        ------
	               R(1,2)       1.21781       19.26274        0.04511       1.26292
	-------------------------------------------------------------------------------

2025-07-17:11:48:29,959 INFO     [psi4.optking.stepAlgorithms:96] 	|target step| :    0.0852469087
2025-07-17:11:48:29,959 INFO     [psi4.optking.stepAlgorithms:97] 	gradient     :   -2.3380728333
2025-07-17:11:48:29,959 INFO     [psi4.optking.stepAlgorithms:98] 	hessian      :   27.2277553572
2025-07-17:11:48:29,959 INFO     [psi4.optking.stepAlgorithms:177] 	Norm of achieved step-size    0.0852469087
2025-07-17:11:48:29,959 INFO     [psi4.optking.stepAlgorithms:179] 	Norm of achieved step-size (cart):    0.0602786672
2025-07-17:11:48:29,959 INFO     [psi4.optking.opt_helper:151] Molsys:

	                            ===> Fragment 1 <== 

	 Z (Atomic Numbers)          Masses                          Geom                  
	      14.000000            27.976927          0.00000000  0.00000000  1.25178334   
	      15.000000            30.973762          0.00000000  0.00000000 -1.13479228   

	 - Coordinate -           - BOHR/RAD -       - ANG/DEG -
	 R(1,2)           =         2.386576           1.262921

2025-07-17:11:48:29,959 INFO     [psi4.optking.convcheck:71] Performing convergence check.
2025-07-17:11:48:29,959 INFO     [psi4.optking.convcheck:263] 
	                                 ==> Convergence Check <==                                  
    
	Measures of convergence in internal coordinates in au.
    
	Criteria marked as inactive (o), active & met (*), and active & unmet ( ).

	----------------------------------------------------------------------------------------------
	   Step    Total Energy     Delta E     Max Force     RMS Force      Max Disp      RMS Disp   
	----------------------------------------------------------------------------------------------
	  Convergence Criteria     1.00e-06 *    3.00e-04 *             o    1.20e-03 *             o
	----------------------------------------------------------------------------------------------
	     3    -629.67194208   -5.31e-02      2.34e+00      2.34e+00 o    8.52e-02      8.52e-02 o  ~
	----------------------------------------------------------------------------------------------


2025-07-17:11:48:29,959 INFO     [psi4.optking.stepAlgorithms:266] 	Convergence check returned False
2025-07-17:11:48:29,979 INFO     [psi4.driver.task_planner:285] PLANNING Atomic:  keywords={'DAMPING_PERCENTAGE': 1.0, 'GEOM_MAXITER': 500, 'SCF__GUESS': 'READ', 'GUESS': 'SAP', 'MAXITER': 500, 'REFERENCE': 'UKS', 'function_kwargs': {}}
2025-07-17:11:48:29,981 INFO     [psi4.driver.driver:636] Compute gradient(): method=b3lyp, basis=cc-pvdz, molecule=default, nre=87.99218378803677
2025-07-17:11:48:31,353 INFO     [psi4.driver.driver:639] Return gradient(): -629.8572492189276
2025-07-17:11:48:31,354 INFO     [psi4.driver.driver:640] [[-0.00000000  0.00000000 -2.01589348]
 [-0.00000000  0.00000000  2.01594407]]
2025-07-17:11:48:31,355 INFO     [psi4.optking.history:257] 	Performing BFGS update.
2025-07-17:11:48:31,355 INFO     [psi4.optking.history:268] 	Using 3 previous steps for update.
2025-07-17:11:48:31,355 INFO     [psi4.optking.history:302] 	Steps to be used in Hessian update:  3 2 1

2025-07-17:11:48:31,355 INFO     [psi4.optking.history:400] 	Updated Hessian (in au) 
 	   3.871912

2025-07-17:11:48:31,355 INFO     [psi4.optking.molsys:874] Projected (PHP) Hessian matrix
	   3.871912

2025-07-17:11:48:31,355 INFO     [psi4.optking.opt_helper:168] 
	         Geometry (au)                                       Gradient (au)
   0.0000000000   0.0000000000   1.2539501553		  -0.0000000000   0.0000000000  -2.0158934805
   0.0000000000   0.0000000000  -1.1326254581		  -0.0000000000   0.0000000000   2.0159440683

2025-07-17:11:48:31,355 INFO     [psi4.optking.stepAlgorithms:315] 	Current Step Report 
 
	Current energy:      -629.8572492189
	Energy change for the previous step:
		Actual       :        -0.1853071417
		Projected    :        -0.0996567407

2025-07-17:11:48:31,355 INFO     [psi4.optking.stepAlgorithms:318] 	Energy ratio =    1.85945
2025-07-17:11:48:31,355 INFO     [psi4.optking.stepAlgorithms:750] 	Using RFO solution 1.
2025-07-17:11:48:31,356 INFO     [psi4.optking.displace:73] 	Determining Cartesian step for fragment 1.
2025-07-17:11:48:31,356 INFO     [psi4.optking.displace:378] 	Successfully converged to displaced geometry.
2025-07-17:11:48:31,356 INFO     [psi4.optking.displace:379] 	RMS(dx):  0.000e+00 	Max(dx):  0.000e+00 	RMS(dq):  0.000e+00
2025-07-17:11:48:31,356 INFO     [psi4.optking.displace:132] 

	        --- Internal Coordinate Step in ANG or DEG, aJ/ANG or AJ/DEG ---
	-------------------------------------------------------------------------------
	           Coordinate      Previous         Force          Change          New 
	           ----------      --------        ------          ------        ------
	               R(1,2)       1.26292       16.60860        0.22549       1.48841
	-------------------------------------------------------------------------------

2025-07-17:11:48:31,356 INFO     [psi4.optking.stepAlgorithms:96] 	|target step| :    0.4261150846
2025-07-17:11:48:31,356 INFO     [psi4.optking.stepAlgorithms:97] 	gradient     :   -2.0159187744
2025-07-17:11:48:31,356 INFO     [psi4.optking.stepAlgorithms:98] 	hessian      :    3.8719122294
2025-07-17:11:48:31,356 INFO     [psi4.optking.stepAlgorithms:177] 	Norm of achieved step-size    0.4261150846
2025-07-17:11:48:31,356 INFO     [psi4.optking.stepAlgorithms:179] 	Norm of achieved step-size (cart):    0.3013088659
2025-07-17:11:48:31,356 INFO     [psi4.optking.opt_helper:151] Molsys:

	                            ===> Fragment 1 <== 

	 Z (Atomic Numbers)          Masses                          Geom                  
	      14.000000            27.976927          0.00000000  0.00000000  1.46700770   
	      15.000000            30.973762          0.00000000  0.00000000 -1.34568300   

	 - Coordinate -           - BOHR/RAD -       - ANG/DEG -
	 R(1,2)           =         2.812691           1.488412

2025-07-17:11:48:31,356 INFO     [psi4.optking.convcheck:71] Performing convergence check.
2025-07-17:11:48:31,356 INFO     [psi4.optking.convcheck:263] 
	                                 ==> Convergence Check <==                                  
    
	Measures of convergence in internal coordinates in au.
    
	Criteria marked as inactive (o), active & met (*), and active & unmet ( ).

	----------------------------------------------------------------------------------------------
	   Step    Total Energy     Delta E     Max Force     RMS Force      Max Disp      RMS Disp   
	----------------------------------------------------------------------------------------------
	  Convergence Criteria     1.00e-06 *    3.00e-04 *             o    1.20e-03 *             o
	----------------------------------------------------------------------------------------------
	     4    -629.85724922   -1.85e-01      2.02e+00      2.02e+00 o    4.26e-01      4.26e-01 o  ~
	----------------------------------------------------------------------------------------------


2025-07-17:11:48:31,356 INFO     [psi4.optking.stepAlgorithms:266] 	Convergence check returned False
2025-07-17:11:48:31,372 INFO     [psi4.driver.task_planner:285] PLANNING Atomic:  keywords={'DAMPING_PERCENTAGE': 1.0, 'GEOM_MAXITER': 500, 'SCF__GUESS': 'READ', 'GUESS': 'SAP', 'MAXITER': 500, 'REFERENCE': 'UKS', 'function_kwargs': {}}
2025-07-17:11:48:31,374 INFO     [psi4.driver.driver:636] Compute gradient(): method=b3lyp, basis=cc-pvdz, molecule=default, nre=74.66160433061164
2025-07-17:11:48:32,935 INFO     [psi4.driver.driver:639] Return gradient(): -630.4501134226991
2025-07-17:11:48:32,935 INFO     [psi4.driver.driver:640] [[ 0.00000000 -0.00000000 -0.88719921]
 [-0.00000000  0.00000000  0.88716756]]
2025-07-17:11:48:32,937 INFO     [psi4.optking.history:257] 	Performing BFGS update.
2025-07-17:11:48:32,937 INFO     [psi4.optking.history:268] 	Using 4 previous steps for update.
2025-07-17:11:48:32,937 WARNING  [psi4.optking.history:286] 	Change in internal coordinate of 5.11e-01 exceeds limit of 5.00e-01.
2025-07-17:11:48:32,937 WARNING  [psi4.optking.history:291] 	Skipping Hessian update for step 3.
2025-07-17:11:48:32,937 WARNING  [psi4.optking.history:286] 	Change in internal coordinate of 5.34e-01 exceeds limit of 5.00e-01.
2025-07-17:11:48:32,937 WARNING  [psi4.optking.history:291] 	Skipping Hessian update for step 2.
2025-07-17:11:48:32,937 WARNING  [psi4.optking.history:286] 	Change in internal coordinate of 5.45e-01 exceeds limit of 5.00e-01.
2025-07-17:11:48:32,937 WARNING  [psi4.optking.history:291] 	Skipping Hessian update for step 1.
2025-07-17:11:48:32,937 INFO     [psi4.optking.history:302] 	Steps to be used in Hessian update:  4

2025-07-17:11:48:32,937 INFO     [psi4.optking.history:400] 	Updated Hessian (in au) 
 	   2.648898

2025-07-17:11:48:32,937 INFO     [psi4.optking.molsys:874] Projected (PHP) Hessian matrix
	   2.648898

2025-07-17:11:48:32,937 INFO     [psi4.optking.opt_helper:168] 
	         Geometry (au)                                       Gradient (au)
   0.0000000000   0.0000000000   1.4778387568		   0.0000000000  -0.0000000000  -0.8871992054
   0.0000000000   0.0000000000  -1.3348519412		  -0.0000000000   0.0000000000   0.8871675582

2025-07-17:11:48:32,937 INFO     [psi4.optking.stepAlgorithms:315] 	Current Step Report 
 
	Current energy:      -630.4501134227
	Energy change for the previous step:
		Actual       :        -0.5928642038
		Projected    :        -0.4295066996

2025-07-17:11:48:32,937 INFO     [psi4.optking.stepAlgorithms:318] 	Energy ratio =    1.38034
2025-07-17:11:48:32,937 INFO     [psi4.optking.stepAlgorithms:750] 	Using RFO solution 1.
2025-07-17:11:48:32,937 INFO     [psi4.optking.displace:73] 	Determining Cartesian step for fragment 1.
2025-07-17:11:48:32,937 INFO     [psi4.optking.displace:378] 	Successfully converged to displaced geometry.
2025-07-17:11:48:32,937 INFO     [psi4.optking.displace:379] 	RMS(dx):  0.000e+00 	Max(dx):  0.000e+00 	RMS(dq):  0.000e+00
2025-07-17:11:48:32,938 INFO     [psi4.optking.displace:132] 

	        --- Internal Coordinate Step in ANG or DEG, aJ/ANG or AJ/DEG ---
	-------------------------------------------------------------------------------
	           Coordinate      Previous         Force          Change          New 
	           ----------      --------        ------          ------        ------
	               R(1,2)       1.48841        7.30926        0.16086       1.64927
	-------------------------------------------------------------------------------

2025-07-17:11:48:32,938 INFO     [psi4.optking.stepAlgorithms:96] 	|target step| :    0.3039775592
2025-07-17:11:48:32,938 INFO     [psi4.optking.stepAlgorithms:97] 	gradient     :   -0.8871833818
2025-07-17:11:48:32,938 INFO     [psi4.optking.stepAlgorithms:98] 	hessian      :    2.6488979936
2025-07-17:11:48:32,938 INFO     [psi4.optking.stepAlgorithms:177] 	Norm of achieved step-size    0.3039775592
2025-07-17:11:48:32,938 INFO     [psi4.optking.stepAlgorithms:179] 	Norm of achieved step-size (cart):    0.2149445934
2025-07-17:11:48:32,938 INFO     [psi4.optking.opt_helper:151] Molsys:

	                            ===> Fragment 1 <== 

	 Z (Atomic Numbers)          Masses                          Geom                  
	      14.000000            27.976927          0.00000000  0.00000000  1.62982754   
	      15.000000            30.973762          0.00000000  0.00000000 -1.48684072   

	 - Coordinate -           - BOHR/RAD -       - ANG/DEG -
	 R(1,2)           =         3.116668           1.649270

2025-07-17:11:48:32,938 INFO     [psi4.optking.convcheck:71] Performing convergence check.
2025-07-17:11:48:32,938 INFO     [psi4.optking.convcheck:263] 
	                                 ==> Convergence Check <==                                  
    
	Measures of convergence in internal coordinates in au.
    
	Criteria marked as inactive (o), active & met (*), and active & unmet ( ).

	----------------------------------------------------------------------------------------------
	   Step    Total Energy     Delta E     Max Force     RMS Force      Max Disp      RMS Disp   
	----------------------------------------------------------------------------------------------
	  Convergence Criteria     1.00e-06 *    3.00e-04 *             o    1.20e-03 *             o
	----------------------------------------------------------------------------------------------
	     5    -630.45011342   -5.93e-01      8.87e-01      8.87e-01 o    3.04e-01      3.04e-01 o  ~
	----------------------------------------------------------------------------------------------


2025-07-17:11:48:32,938 INFO     [psi4.optking.stepAlgorithms:266] 	Convergence check returned False
2025-07-17:11:48:32,954 INFO     [psi4.driver.task_planner:285] PLANNING Atomic:  keywords={'DAMPING_PERCENTAGE': 1.0, 'GEOM_MAXITER': 500, 'SCF__GUESS': 'READ', 'GUESS': 'SAP', 'MAXITER': 500, 'REFERENCE': 'UKS', 'function_kwargs': {}}
2025-07-17:11:48:32,956 INFO     [psi4.driver.driver:636] Compute gradient(): method=b3lyp, basis=cc-pvdz, molecule=default, nre=67.37964475784555
2025-07-17:11:48:34,372 INFO     [psi4.driver.driver:639] Return gradient(): -630.6471742574822
2025-07-17:11:48:34,373 INFO     [psi4.driver.driver:640] [[ 0.00000000  0.00000000 -0.44873415]
 [-0.00000000 -0.00000000  0.44870288]]
2025-07-17:11:48:34,375 INFO     [psi4.optking.history:257] 	Performing BFGS update.
2025-07-17:11:48:34,376 INFO     [psi4.optking.history:268] 	Using 4 previous steps for update.
2025-07-17:11:48:34,376 WARNING  [psi4.optking.history:286] 	Change in internal coordinate of 7.30e-01 exceeds limit of 5.00e-01.
2025-07-17:11:48:34,376 WARNING  [psi4.optking.history:291] 	Skipping Hessian update for step 4.
2025-07-17:11:48:34,376 WARNING  [psi4.optking.history:286] 	Change in internal coordinate of 8.15e-01 exceeds limit of 5.00e-01.
2025-07-17:11:48:34,376 WARNING  [psi4.optking.history:291] 	Skipping Hessian update for step 3.
2025-07-17:11:48:34,376 WARNING  [psi4.optking.history:286] 	Change in internal coordinate of 8.38e-01 exceeds limit of 5.00e-01.
2025-07-17:11:48:34,376 WARNING  [psi4.optking.history:291] 	Skipping Hessian update for step 2.
2025-07-17:11:48:34,376 WARNING  [psi4.optking.history:286] 	Change in internal coordinate of 8.49e-01 exceeds limit of 5.00e-01.
2025-07-17:11:48:34,376 WARNING  [psi4.optking.history:291] 	Skipping Hessian update for step 1.
2025-07-17:11:48:34,376 INFO     [psi4.optking.history:302] 	Steps to be used in Hessian update:  5

2025-07-17:11:48:34,376 INFO     [psi4.optking.history:400] 	Updated Hessian (in au) 
 	   1.442425

2025-07-17:11:48:34,377 INFO     [psi4.optking.molsys:874] Projected (PHP) Hessian matrix
	   1.442425

2025-07-17:11:48:34,377 INFO     [psi4.optking.opt_helper:168] 
	         Geometry (au)                                       Gradient (au)
   0.0000000000   0.0000000000   1.6375540851		   0.0000000000   0.0000000000  -0.4487341469
   0.0000000000   0.0000000000  -1.4791141721		  -0.0000000000  -0.0000000000   0.4487028772

2025-07-17:11:48:34,377 INFO     [psi4.optking.stepAlgorithms:315] 	Current Step Report 
 
	Current energy:      -630.6471742575
	Energy change for the previous step:
		Actual       :        -0.1970608348
		Projected    :        -0.1348419195

2025-07-17:11:48:34,377 INFO     [psi4.optking.stepAlgorithms:318] 	Energy ratio =    1.46142
2025-07-17:11:48:34,377 INFO     [psi4.optking.stepAlgorithms:750] 	Using RFO solution 1.
2025-07-17:11:48:34,377 INFO     [psi4.optking.displace:73] 	Determining Cartesian step for fragment 1.
2025-07-17:11:48:34,377 INFO     [psi4.optking.displace:378] 	Successfully converged to displaced geometry.
2025-07-17:11:48:34,378 INFO     [psi4.optking.displace:379] 	RMS(dx):  0.000e+00 	Max(dx):  0.000e+00 	RMS(dq):  0.000e+00
2025-07-17:11:48:34,378 INFO     [psi4.optking.displace:132] 

	        --- Internal Coordinate Step in ANG or DEG, aJ/ANG or AJ/DEG ---
	-------------------------------------------------------------------------------
	           Coordinate      Previous         Force          Change          New 
	           ----------      --------        ------          ------        ------
	               R(1,2)       1.64927        3.69687        0.15118       1.80045
	-------------------------------------------------------------------------------

2025-07-17:11:48:34,378 INFO     [psi4.optking.stepAlgorithms:96] 	|target step| :    0.2856948395
2025-07-17:11:48:34,378 INFO     [psi4.optking.stepAlgorithms:97] 	gradient     :   -0.4487185120
2025-07-17:11:48:34,378 INFO     [psi4.optking.stepAlgorithms:98] 	hessian      :    1.4424251280
2025-07-17:11:48:34,378 INFO     [psi4.optking.stepAlgorithms:177] 	Norm of achieved step-size    0.2856948395
2025-07-17:11:48:34,378 INFO     [psi4.optking.stepAlgorithms:179] 	Norm of achieved step-size (cart):    0.2020167584
2025-07-17:11:48:34,378 INFO     [psi4.optking.opt_helper:151] Molsys:

	                            ===> Fragment 1 <== 

	 Z (Atomic Numbers)          Masses                          Geom                  
	      14.000000            27.976927          0.00000000  0.00000000  1.78040150   
	      15.000000            30.973762          0.00000000  0.00000000 -1.62196159   

	 - Coordinate -           - BOHR/RAD -       - ANG/DEG -
	 R(1,2)           =         3.402363           1.800453

2025-07-17:11:48:34,378 INFO     [psi4.optking.convcheck:71] Performing convergence check.
2025-07-17:11:48:34,378 INFO     [psi4.optking.convcheck:263] 
	                                 ==> Convergence Check <==                                  
    
	Measures of convergence in internal coordinates in au.
    
	Criteria marked as inactive (o), active & met (*), and active & unmet ( ).

	----------------------------------------------------------------------------------------------
	   Step    Total Energy     Delta E     Max Force     RMS Force      Max Disp      RMS Disp   
	----------------------------------------------------------------------------------------------
	  Convergence Criteria     1.00e-06 *    3.00e-04 *             o    1.20e-03 *             o
	----------------------------------------------------------------------------------------------
	     6    -630.64717426   -1.97e-01      4.49e-01      4.49e-01 o    2.86e-01      2.86e-01 o  ~
	----------------------------------------------------------------------------------------------


2025-07-17:11:48:34,379 INFO     [psi4.optking.stepAlgorithms:266] 	Convergence check returned False
2025-07-17:11:48:34,399 INFO     [psi4.driver.task_planner:285] PLANNING Atomic:  keywords={'DAMPING_PERCENTAGE': 1.0, 'GEOM_MAXITER': 500, 'SCF__GUESS': 'READ', 'GUESS': 'SAP', 'MAXITER': 500, 'REFERENCE': 'UKS', 'function_kwargs': {}}
2025-07-17:11:48:34,401 INFO     [psi4.driver.driver:636] Compute gradient(): method=b3lyp, basis=cc-pvdz, molecule=default, nre=61.7218074697913
2025-07-17:11:48:35,833 INFO     [psi4.driver.driver:639] Return gradient(): -630.7382808349737
2025-07-17:11:48:35,833 INFO     [psi4.driver.driver:640] [[ 0.00000000  0.00000000 -0.21092583]
 [ 0.00000000  0.00000000  0.21091685]]
2025-07-17:11:48:35,834 INFO     [psi4.optking.history:257] 	Performing BFGS update.
2025-07-17:11:48:35,834 INFO     [psi4.optking.history:268] 	Using 4 previous steps for update.
2025-07-17:11:48:35,834 WARNING  [psi4.optking.history:286] 	Change in internal coordinate of 5.90e-01 exceeds limit of 5.00e-01.
2025-07-17:11:48:35,834 WARNING  [psi4.optking.history:291] 	Skipping Hessian update for step 5.
2025-07-17:11:48:35,834 WARNING  [psi4.optking.history:286] 	Change in internal coordinate of 1.02e+00 exceeds limit of 5.00e-01.
2025-07-17:11:48:35,834 WARNING  [psi4.optking.history:291] 	Skipping Hessian update for step 4.
2025-07-17:11:48:35,834 WARNING  [psi4.optking.history:286] 	Change in internal coordinate of 1.10e+00 exceeds limit of 5.00e-01.
2025-07-17:11:48:35,834 WARNING  [psi4.optking.history:291] 	Skipping Hessian update for step 3.
2025-07-17:11:48:35,834 WARNING  [psi4.optking.history:286] 	Change in internal coordinate of 1.12e+00 exceeds limit of 5.00e-01.
2025-07-17:11:48:35,835 WARNING  [psi4.optking.history:291] 	Skipping Hessian update for step 2.
2025-07-17:11:48:35,835 WARNING  [psi4.optking.history:286] 	Change in internal coordinate of 1.13e+00 exceeds limit of 5.00e-01.
2025-07-17:11:48:35,835 WARNING  [psi4.optking.history:291] 	Skipping Hessian update for step 1.
2025-07-17:11:48:35,835 INFO     [psi4.optking.history:302] 	Steps to be used in Hessian update:  6

2025-07-17:11:48:35,835 INFO     [psi4.optking.history:400] 	Updated Hessian (in au) 
 	   0.832347

2025-07-17:11:48:35,835 INFO     [psi4.optking.molsys:874] Projected (PHP) Hessian matrix
	   0.832347

2025-07-17:11:48:35,835 INFO     [psi4.optking.opt_helper:168] 
	         Geometry (au)                                       Gradient (au)
   0.0000000000   0.0000000000   1.7876633406		   0.0000000000   0.0000000000  -0.2109258297
   0.0000000000   0.0000000000  -1.6146997562		   0.0000000000   0.0000000000   0.2109168498

2025-07-17:11:48:35,835 INFO     [psi4.optking.stepAlgorithms:315] 	Current Step Report 
 
	Current energy:      -630.7382808350
	Energy change for the previous step:
		Actual       :        -0.0911065775
		Projected    :        -0.0640982816

2025-07-17:11:48:35,835 INFO     [psi4.optking.stepAlgorithms:318] 	Energy ratio =    1.42136
2025-07-17:11:48:35,835 INFO     [psi4.optking.stepAlgorithms:750] 	Using RFO solution 1.
2025-07-17:11:48:35,835 INFO     [psi4.optking.displace:73] 	Determining Cartesian step for fragment 1.
2025-07-17:11:48:35,835 INFO     [psi4.optking.displace:378] 	Successfully converged to displaced geometry.
2025-07-17:11:48:35,835 INFO     [psi4.optking.displace:379] 	RMS(dx):  1.282e-16 	Max(dx):  2.220e-16 	RMS(dq):  0.000e+00
2025-07-17:11:48:35,835 INFO     [psi4.optking.displace:132] 

	        --- Internal Coordinate Step in ANG or DEG, aJ/ANG or AJ/DEG ---
	-------------------------------------------------------------------------------
	           Coordinate      Previous         Force          Change          New 
	           ----------      --------        ------          ------        ------
	               R(1,2)       1.80045        1.73772        0.12644       1.92689
	-------------------------------------------------------------------------------

2025-07-17:11:48:35,835 INFO     [psi4.optking.stepAlgorithms:96] 	|target step| :    0.2389383036
2025-07-17:11:48:35,835 INFO     [psi4.optking.stepAlgorithms:97] 	gradient     :   -0.2109213398
2025-07-17:11:48:35,835 INFO     [psi4.optking.stepAlgorithms:98] 	hessian      :    0.8323467539
2025-07-17:11:48:35,835 INFO     [psi4.optking.stepAlgorithms:177] 	Norm of achieved step-size    0.2389383036
2025-07-17:11:48:35,835 INFO     [psi4.optking.stepAlgorithms:179] 	Norm of achieved step-size (cart):    0.1689548947
2025-07-17:11:48:35,835 INFO     [psi4.optking.opt_helper:151] Molsys:

	                            ===> Fragment 1 <== 

	 Z (Atomic Numbers)          Masses                          Geom                  
	      14.000000            27.976927          0.00000000  0.00000000  1.90713249   
	      15.000000            30.973762          0.00000000  0.00000000 -1.73416891   

	 - Coordinate -           - BOHR/RAD -       - ANG/DEG -
	 R(1,2)           =         3.641301           1.926894

2025-07-17:11:48:35,836 INFO     [psi4.optking.convcheck:71] Performing convergence check.
2025-07-17:11:48:35,836 INFO     [psi4.optking.convcheck:263] 
	                                 ==> Convergence Check <==                                  
    
	Measures of convergence in internal coordinates in au.
    
	Criteria marked as inactive (o), active & met (*), and active & unmet ( ).

	----------------------------------------------------------------------------------------------
	   Step    Total Energy     Delta E     Max Force     RMS Force      Max Disp      RMS Disp   
	----------------------------------------------------------------------------------------------
	  Convergence Criteria     1.00e-06 *    3.00e-04 *             o    1.20e-03 *             o
	----------------------------------------------------------------------------------------------
	     7    -630.73828083   -9.11e-02      2.11e-01      2.11e-01 o    2.39e-01      2.39e-01 o  ~
	----------------------------------------------------------------------------------------------


2025-07-17:11:48:35,836 INFO     [psi4.optking.stepAlgorithms:266] 	Convergence check returned False
2025-07-17:11:48:35,848 INFO     [psi4.driver.task_planner:285] PLANNING Atomic:  keywords={'DAMPING_PERCENTAGE': 1.0, 'GEOM_MAXITER': 500, 'SCF__GUESS': 'READ', 'GUESS': 'SAP', 'MAXITER': 500, 'REFERENCE': 'UKS', 'function_kwargs': {}}
2025-07-17:11:48:35,850 INFO     [psi4.driver.driver:636] Compute gradient(): method=b3lyp, basis=cc-pvdz, molecule=default, nre=57.67168847405234
2025-07-17:11:48:37,757 INFO     [psi4.driver.driver:639] Return gradient(): -630.7735398313563
2025-07-17:11:48:37,757 INFO     [psi4.driver.driver:640] [[ 0.00000000 -0.00000000 -0.09383823]
 [ 0.00000000 -0.00000000  0.09384065]]
2025-07-17:11:48:37,758 INFO     [psi4.optking.history:257] 	Performing BFGS update.
2025-07-17:11:48:37,758 INFO     [psi4.optking.history:268] 	Using 4 previous steps for update.
2025-07-17:11:48:37,759 WARNING  [psi4.optking.history:286] 	Change in internal coordinate of 5.25e-01 exceeds limit of 5.00e-01.
2025-07-17:11:48:37,759 WARNING  [psi4.optking.history:291] 	Skipping Hessian update for step 6.
2025-07-17:11:48:37,759 WARNING  [psi4.optking.history:286] 	Change in internal coordinate of 8.29e-01 exceeds limit of 5.00e-01.
2025-07-17:11:48:37,759 WARNING  [psi4.optking.history:291] 	Skipping Hessian update for step 5.
2025-07-17:11:48:37,759 WARNING  [psi4.optking.history:286] 	Change in internal coordinate of 1.25e+00 exceeds limit of 5.00e-01.
2025-07-17:11:48:37,759 WARNING  [psi4.optking.history:291] 	Skipping Hessian update for step 4.
2025-07-17:11:48:37,759 WARNING  [psi4.optking.history:286] 	Change in internal coordinate of 1.34e+00 exceeds limit of 5.00e-01.
2025-07-17:11:48:37,759 WARNING  [psi4.optking.history:291] 	Skipping Hessian update for step 3.
2025-07-17:11:48:37,759 WARNING  [psi4.optking.history:286] 	Change in internal coordinate of 1.36e+00 exceeds limit of 5.00e-01.
2025-07-17:11:48:37,759 WARNING  [psi4.optking.history:291] 	Skipping Hessian update for step 2.
2025-07-17:11:48:37,759 WARNING  [psi4.optking.history:286] 	Change in internal coordinate of 1.37e+00 exceeds limit of 5.00e-01.
2025-07-17:11:48:37,759 WARNING  [psi4.optking.history:291] 	Skipping Hessian update for step 1.
2025-07-17:11:48:37,759 INFO     [psi4.optking.history:302] 	Steps to be used in Hessian update:  7

2025-07-17:11:48:37,759 INFO     [psi4.optking.history:400] 	Updated Hessian (in au) 
 	   0.490009

2025-07-17:11:48:37,759 INFO     [psi4.optking.molsys:874] Projected (PHP) Hessian matrix
	   0.490009

2025-07-17:11:48:37,759 INFO     [psi4.optking.opt_helper:168] 
	         Geometry (au)                                       Gradient (au)
   0.0000000000   0.0000000000   1.9132058632		   0.0000000000  -0.0000000000  -0.0938382335
   0.0000000000   0.0000000000  -1.7280955372		   0.0000000000  -0.0000000000   0.0938406462

2025-07-17:11:48:37,759 INFO     [psi4.optking.stepAlgorithms:315] 	Current Step Report 
 
	Current energy:      -630.7735398314
	Energy change for the previous step:
		Actual       :        -0.0352589964
		Projected    :        -0.0251985936

2025-07-17:11:48:37,759 INFO     [psi4.optking.stepAlgorithms:318] 	Energy ratio =    1.39924
2025-07-17:11:48:37,759 INFO     [psi4.optking.stepAlgorithms:750] 	Using RFO solution 1.
2025-07-17:11:48:37,759 INFO     [psi4.optking.displace:73] 	Determining Cartesian step for fragment 1.
2025-07-17:11:48:37,759 INFO     [psi4.optking.displace:378] 	Successfully converged to displaced geometry.
2025-07-17:11:48:37,759 INFO     [psi4.optking.displace:379] 	RMS(dx):  1.282e-16 	Max(dx):  2.220e-16 	RMS(dq):  0.000e+00
2025-07-17:11:48:37,760 INFO     [psi4.optking.displace:132] 

	        --- Internal Coordinate Step in ANG or DEG, aJ/ANG or AJ/DEG ---
	-------------------------------------------------------------------------------
	           Coordinate      Previous         Force          Change          New 
	           ----------      --------        ------          ------        ------
	               R(1,2)       1.92689        0.77312        0.09787       2.02477
	-------------------------------------------------------------------------------

2025-07-17:11:48:37,760 INFO     [psi4.optking.stepAlgorithms:96] 	|target step| :    0.1849545190
2025-07-17:11:48:37,760 INFO     [psi4.optking.stepAlgorithms:97] 	gradient     :   -0.0938394399
2025-07-17:11:48:37,760 INFO     [psi4.optking.stepAlgorithms:98] 	hessian      :    0.4900089192
2025-07-17:11:48:37,760 INFO     [psi4.optking.stepAlgorithms:177] 	Norm of achieved step-size    0.1849545190
2025-07-17:11:48:37,760 INFO     [psi4.optking.stepAlgorithms:179] 	Norm of achieved step-size (cart):    0.1307825946
2025-07-17:11:48:37,760 INFO     [psi4.optking.opt_helper:151] Molsys:

	                            ===> Fragment 1 <== 

	 Z (Atomic Numbers)          Masses                          Geom                  
	      14.000000            27.976927          0.00000000  0.00000000  2.00568312   
	      15.000000            30.973762          0.00000000  0.00000000 -1.82057280   

	 - Coordinate -           - BOHR/RAD -       - ANG/DEG -
	 R(1,2)           =         3.826256           2.024767

2025-07-17:11:48:37,760 INFO     [psi4.optking.convcheck:71] Performing convergence check.
2025-07-17:11:48:37,760 INFO     [psi4.optking.convcheck:263] 
	                                 ==> Convergence Check <==                                  
    
	Measures of convergence in internal coordinates in au.
    
	Criteria marked as inactive (o), active & met (*), and active & unmet ( ).

	----------------------------------------------------------------------------------------------
	   Step    Total Energy     Delta E     Max Force     RMS Force      Max Disp      RMS Disp   
	----------------------------------------------------------------------------------------------
	  Convergence Criteria     1.00e-06 *    3.00e-04 *             o    1.20e-03 *             o
	----------------------------------------------------------------------------------------------
	     8    -630.77353983   -3.53e-02      9.38e-02      9.38e-02 o    1.85e-01      1.85e-01 o  ~
	----------------------------------------------------------------------------------------------


2025-07-17:11:48:37,760 INFO     [psi4.optking.stepAlgorithms:266] 	Convergence check returned False
2025-07-17:11:48:37,771 INFO     [psi4.driver.task_planner:285] PLANNING Atomic:  keywords={'DAMPING_PERCENTAGE': 1.0, 'GEOM_MAXITER': 500, 'SCF__GUESS': 'READ', 'GUESS': 'SAP', 'MAXITER': 500, 'REFERENCE': 'UKS', 'function_kwargs': {}}
2025-07-17:11:48:37,772 INFO     [psi4.driver.driver:636] Compute gradient(): method=b3lyp, basis=cc-pvdz, molecule=default, nre=54.88393992062905
2025-07-17:11:48:39,279 INFO     [psi4.driver.driver:639] Return gradient(): -630.7852295803708
2025-07-17:11:48:39,279 INFO     [psi4.driver.driver:640] [[-0.00000000  0.00000000 -0.03644614]
 [ 0.00000000  0.00000000  0.03645036]]
2025-07-17:11:48:39,281 INFO     [psi4.optking.history:257] 	Performing BFGS update.
2025-07-17:11:48:39,281 INFO     [psi4.optking.history:268] 	Using 4 previous steps for update.
2025-07-17:11:48:39,281 WARNING  [psi4.optking.history:286] 	Change in internal coordinate of 7.10e-01 exceeds limit of 5.00e-01.
2025-07-17:11:48:39,281 WARNING  [psi4.optking.history:291] 	Skipping Hessian update for step 6.
2025-07-17:11:48:39,281 WARNING  [psi4.optking.history:286] 	Change in internal coordinate of 1.01e+00 exceeds limit of 5.00e-01.
2025-07-17:11:48:39,281 WARNING  [psi4.optking.history:291] 	Skipping Hessian update for step 5.
2025-07-17:11:48:39,282 WARNING  [psi4.optking.history:286] 	Change in internal coordinate of 1.44e+00 exceeds limit of 5.00e-01.
2025-07-17:11:48:39,282 WARNING  [psi4.optking.history:291] 	Skipping Hessian update for step 4.
2025-07-17:11:48:39,282 WARNING  [psi4.optking.history:286] 	Change in internal coordinate of 1.52e+00 exceeds limit of 5.00e-01.
2025-07-17:11:48:39,282 WARNING  [psi4.optking.history:291] 	Skipping Hessian update for step 3.
2025-07-17:11:48:39,282 WARNING  [psi4.optking.history:286] 	Change in internal coordinate of 1.55e+00 exceeds limit of 5.00e-01.
2025-07-17:11:48:39,282 WARNING  [psi4.optking.history:291] 	Skipping Hessian update for step 2.
2025-07-17:11:48:39,282 WARNING  [psi4.optking.history:286] 	Change in internal coordinate of 1.56e+00 exceeds limit of 5.00e-01.
2025-07-17:11:48:39,282 WARNING  [psi4.optking.history:291] 	Skipping Hessian update for step 1.
2025-07-17:11:48:39,282 INFO     [psi4.optking.history:302] 	Steps to be used in Hessian update:  8 7

2025-07-17:11:48:39,282 INFO     [psi4.optking.history:400] 	Updated Hessian (in au) 
 	   0.411597

2025-07-17:11:48:39,282 INFO     [psi4.optking.molsys:874] Projected (PHP) Hessian matrix
	   0.411597

2025-07-17:11:48:39,282 INFO     [psi4.optking.opt_helper:168] 
	         Geometry (au)                                       Gradient (au)
   0.0000000000   0.0000000000   2.0103843253		  -0.0000000000   0.0000000000  -0.0364461439
   0.0000000000   0.0000000000  -1.8158715941		   0.0000000000   0.0000000000   0.0364503577

2025-07-17:11:48:39,283 INFO     [psi4.optking.stepAlgorithms:315] 	Current Step Report 
 
	Current energy:      -630.7852295804
	Energy change for the previous step:
		Actual       :        -0.0116897490
		Projected    :        -0.0086780142

2025-07-17:11:48:39,283 INFO     [psi4.optking.stepAlgorithms:318] 	Energy ratio =    1.34705
2025-07-17:11:48:39,283 INFO     [psi4.optking.stepAlgorithms:750] 	Using RFO solution 1.
2025-07-17:11:48:39,283 INFO     [psi4.optking.displace:73] 	Determining Cartesian step for fragment 1.
2025-07-17:11:48:39,283 INFO     [psi4.optking.displace:378] 	Successfully converged to displaced geometry.
2025-07-17:11:48:39,283 INFO     [psi4.optking.displace:379] 	RMS(dx):  0.000e+00 	Max(dx):  0.000e+00 	RMS(dq):  0.000e+00
2025-07-17:11:48:39,283 INFO     [psi4.optking.displace:132] 

	        --- Internal Coordinate Step in ANG or DEG, aJ/ANG or AJ/DEG ---
	-------------------------------------------------------------------------------
	           Coordinate      Previous         Force          Change          New 
	           ----------      --------        ------          ------        ------
	               R(1,2)       2.02477        0.30029        0.04650       2.07127
	-------------------------------------------------------------------------------

2025-07-17:11:48:39,283 INFO     [psi4.optking.stepAlgorithms:96] 	|target step| :    0.0878694855
2025-07-17:11:48:39,283 INFO     [psi4.optking.stepAlgorithms:97] 	gradient     :   -0.0364482508
2025-07-17:11:48:39,283 INFO     [psi4.optking.stepAlgorithms:98] 	hessian      :    0.4115971766
2025-07-17:11:48:39,283 INFO     [psi4.optking.stepAlgorithms:177] 	Norm of achieved step-size    0.0878694855
2025-07-17:11:48:39,283 INFO     [psi4.optking.stepAlgorithms:179] 	Norm of achieved step-size (cart):    0.0621331090
2025-07-17:11:48:39,284 INFO     [psi4.optking.opt_helper:151] Molsys:

	                            ===> Fragment 1 <== 

	 Z (Atomic Numbers)          Masses                          Geom                  
	      14.000000            27.976927          0.00000000  0.00000000  2.05431907   
	      15.000000            30.973762          0.00000000  0.00000000 -1.85980634   

	 - Coordinate -           - BOHR/RAD -       - ANG/DEG -
	 R(1,2)           =         3.914125           2.071266

2025-07-17:11:48:39,284 INFO     [psi4.optking.convcheck:71] Performing convergence check.
2025-07-17:11:48:39,284 INFO     [psi4.optking.convcheck:263] 
	                                 ==> Convergence Check <==                                  
    
	Measures of convergence in internal coordinates in au.
    
	Criteria marked as inactive (o), active & met (*), and active & unmet ( ).

	----------------------------------------------------------------------------------------------
	   Step    Total Energy     Delta E     Max Force     RMS Force      Max Disp      RMS Disp   
	----------------------------------------------------------------------------------------------
	  Convergence Criteria     1.00e-06 *    3.00e-04 *             o    1.20e-03 *             o
	----------------------------------------------------------------------------------------------
	     9    -630.78522958   -1.17e-02      3.64e-02      3.64e-02 o    8.79e-02      8.79e-02 o  ~
	----------------------------------------------------------------------------------------------


2025-07-17:11:48:39,284 INFO     [psi4.optking.stepAlgorithms:266] 	Convergence check returned False
2025-07-17:11:48:39,303 INFO     [psi4.driver.task_planner:285] PLANNING Atomic:  keywords={'DAMPING_PERCENTAGE': 1.0, 'GEOM_MAXITER': 500, 'SCF__GUESS': 'READ', 'GUESS': 'SAP', 'MAXITER': 500, 'REFERENCE': 'UKS', 'function_kwargs': {}}
2025-07-17:11:48:39,304 INFO     [psi4.driver.driver:636] Compute gradient(): method=b3lyp, basis=cc-pvdz, molecule=default, nre=53.65183234564051
2025-07-17:11:48:40,683 INFO     [psi4.driver.driver:639] Return gradient(): -630.787526444413
2025-07-17:11:48:40,683 INFO     [psi4.driver.driver:640] [[ 0.00000000  0.00000000 -0.01649931]
 [ 0.00000000 -0.00000000  0.01650840]]
2025-07-17:11:48:40,685 INFO     [psi4.optking.history:257] 	Performing BFGS update.
2025-07-17:11:48:40,685 INFO     [psi4.optking.history:268] 	Using 4 previous steps for update.
2025-07-17:11:48:40,685 WARNING  [psi4.optking.history:286] 	Change in internal coordinate of 5.12e-01 exceeds limit of 5.00e-01.
2025-07-17:11:48:40,685 WARNING  [psi4.optking.history:291] 	Skipping Hessian update for step 7.
2025-07-17:11:48:40,685 WARNING  [psi4.optking.history:286] 	Change in internal coordinate of 7.97e-01 exceeds limit of 5.00e-01.
2025-07-17:11:48:40,685 WARNING  [psi4.optking.history:291] 	Skipping Hessian update for step 6.
2025-07-17:11:48:40,685 WARNING  [psi4.optking.history:286] 	Change in internal coordinate of 1.10e+00 exceeds limit of 5.00e-01.
2025-07-17:11:48:40,685 WARNING  [psi4.optking.history:291] 	Skipping Hessian update for step 5.
2025-07-17:11:48:40,685 WARNING  [psi4.optking.history:286] 	Change in internal coordinate of 1.53e+00 exceeds limit of 5.00e-01.
2025-07-17:11:48:40,685 WARNING  [psi4.optking.history:291] 	Skipping Hessian update for step 4.
2025-07-17:11:48:40,685 WARNING  [psi4.optking.history:286] 	Change in internal coordinate of 1.61e+00 exceeds limit of 5.00e-01.
2025-07-17:11:48:40,685 WARNING  [psi4.optking.history:291] 	Skipping Hessian update for step 3.
2025-07-17:11:48:40,685 WARNING  [psi4.optking.history:286] 	Change in internal coordinate of 1.64e+00 exceeds limit of 5.00e-01.
2025-07-17:11:48:40,685 WARNING  [psi4.optking.history:291] 	Skipping Hessian update for step 2.
2025-07-17:11:48:40,685 WARNING  [psi4.optking.history:286] 	Change in internal coordinate of 1.65e+00 exceeds limit of 5.00e-01.
2025-07-17:11:48:40,685 WARNING  [psi4.optking.history:291] 	Skipping Hessian update for step 1.
2025-07-17:11:48:40,685 INFO     [psi4.optking.history:302] 	Steps to be used in Hessian update:  9 8

2025-07-17:11:48:40,685 INFO     [psi4.optking.history:400] 	Updated Hessian (in au) 
 	   0.283463

2025-07-17:11:48:40,685 INFO     [psi4.optking.molsys:874] Projected (PHP) Hessian matrix
	   0.283463

2025-07-17:11:48:40,685 INFO     [psi4.optking.opt_helper:168] 
	         Geometry (au)                                       Gradient (au)
   0.0000000000   0.0000000000   2.0565525482		   0.0000000000   0.0000000000  -0.0164993139
   0.0000000000   0.0000000000  -1.8575728566		   0.0000000000  -0.0000000000   0.0165083973

2025-07-17:11:48:40,685 INFO     [psi4.optking.stepAlgorithms:315] 	Current Step Report 
 
	Current energy:      -630.7875264444
	Energy change for the previous step:
		Actual       :        -0.0022968640
		Projected    :        -0.0016013445

2025-07-17:11:48:40,685 INFO     [psi4.optking.stepAlgorithms:318] 	Energy ratio =    1.43433
2025-07-17:11:48:40,686 INFO     [psi4.optking.stepAlgorithms:750] 	Using RFO solution 1.
2025-07-17:11:48:40,686 INFO     [psi4.optking.displace:73] 	Determining Cartesian step for fragment 1.
2025-07-17:11:48:40,686 INFO     [psi4.optking.displace:378] 	Successfully converged to displaced geometry.
2025-07-17:11:48:40,686 INFO     [psi4.optking.displace:379] 	RMS(dx):  1.282e-16 	Max(dx):  2.220e-16 	RMS(dq):  4.441e-16
2025-07-17:11:48:40,686 INFO     [psi4.optking.displace:132] 

	        --- Internal Coordinate Step in ANG or DEG, aJ/ANG or AJ/DEG ---
	-------------------------------------------------------------------------------
	           Coordinate      Previous         Force          Change          New 
	           ----------      --------        ------          ------        ------
	               R(1,2)       2.07127        0.13597        0.03071       2.10197
	-------------------------------------------------------------------------------

2025-07-17:11:48:40,686 INFO     [psi4.optking.stepAlgorithms:96] 	|target step| :    0.0580261652
2025-07-17:11:48:40,686 INFO     [psi4.optking.stepAlgorithms:97] 	gradient     :   -0.0165038556
2025-07-17:11:48:40,686 INFO     [psi4.optking.stepAlgorithms:98] 	hessian      :    0.2834632694
2025-07-17:11:48:40,686 INFO     [psi4.optking.stepAlgorithms:177] 	Norm of achieved step-size    0.0580261652
2025-07-17:11:48:40,686 INFO     [psi4.optking.stepAlgorithms:179] 	Norm of achieved step-size (cart):    0.0410306949
2025-07-17:11:48:40,686 INFO     [psi4.optking.opt_helper:151] Molsys:

	                            ===> Fragment 1 <== 

	 Z (Atomic Numbers)          Masses                          Geom                  
	      14.000000            27.976927          0.00000000  0.00000000  2.08556563   
	      15.000000            30.973762          0.00000000  0.00000000 -1.88658594   

	 - Coordinate -           - BOHR/RAD -       - ANG/DEG -
	 R(1,2)           =         3.972152           2.101972

2025-07-17:11:48:40,686 INFO     [psi4.optking.convcheck:71] Performing convergence check.
2025-07-17:11:48:40,686 INFO     [psi4.optking.convcheck:263] 
	                                 ==> Convergence Check <==                                  
    
	Measures of convergence in internal coordinates in au.
    
	Criteria marked as inactive (o), active & met (*), and active & unmet ( ).

	----------------------------------------------------------------------------------------------
	   Step    Total Energy     Delta E     Max Force     RMS Force      Max Disp      RMS Disp   
	----------------------------------------------------------------------------------------------
	  Convergence Criteria     1.00e-06 *    3.00e-04 *             o    1.20e-03 *             o
	----------------------------------------------------------------------------------------------
	    10    -630.78752644   -2.30e-03      1.65e-02      1.65e-02 o    5.80e-02      5.80e-02 o  ~
	----------------------------------------------------------------------------------------------


2025-07-17:11:48:40,686 INFO     [psi4.optking.stepAlgorithms:266] 	Convergence check returned False
2025-07-17:11:48:40,700 INFO     [psi4.driver.task_planner:285] PLANNING Atomic:  keywords={'DAMPING_PERCENTAGE': 1.0, 'GEOM_MAXITER': 500, 'SCF__GUESS': 'READ', 'GUESS': 'SAP', 'MAXITER': 500, 'REFERENCE': 'UKS', 'function_kwargs': {}}
2025-07-17:11:48:40,702 INFO     [psi4.driver.driver:636] Compute gradient(): method=b3lyp, basis=cc-pvdz, molecule=default, nre=52.86807320809111
2025-07-17:11:48:42,107 INFO     [psi4.driver.driver:639] Return gradient(): -630.7881550201474
2025-07-17:11:48:42,107 INFO     [psi4.driver.driver:640] [[ 0.00000000  0.00000000 -0.00540684]
 [ 0.00000000 -0.00000000  0.00541696]]
2025-07-17:11:48:42,108 INFO     [psi4.optking.history:257] 	Performing BFGS update.
2025-07-17:11:48:42,109 INFO     [psi4.optking.history:268] 	Using 4 previous steps for update.
2025-07-17:11:48:42,109 WARNING  [psi4.optking.history:286] 	Change in internal coordinate of 5.70e-01 exceeds limit of 5.00e-01.
2025-07-17:11:48:42,109 WARNING  [psi4.optking.history:291] 	Skipping Hessian update for step 7.
2025-07-17:11:48:42,109 WARNING  [psi4.optking.history:286] 	Change in internal coordinate of 8.55e-01 exceeds limit of 5.00e-01.
2025-07-17:11:48:42,109 WARNING  [psi4.optking.history:291] 	Skipping Hessian update for step 6.
2025-07-17:11:48:42,109 WARNING  [psi4.optking.history:286] 	Change in internal coordinate of 1.16e+00 exceeds limit of 5.00e-01.
2025-07-17:11:48:42,109 WARNING  [psi4.optking.history:291] 	Skipping Hessian update for step 5.
2025-07-17:11:48:42,109 WARNING  [psi4.optking.history:286] 	Change in internal coordinate of 1.59e+00 exceeds limit of 5.00e-01.
2025-07-17:11:48:42,109 WARNING  [psi4.optking.history:291] 	Skipping Hessian update for step 4.
2025-07-17:11:48:42,109 WARNING  [psi4.optking.history:286] 	Change in internal coordinate of 1.67e+00 exceeds limit of 5.00e-01.
2025-07-17:11:48:42,109 WARNING  [psi4.optking.history:291] 	Skipping Hessian update for step 3.
2025-07-17:11:48:42,109 WARNING  [psi4.optking.history:286] 	Change in internal coordinate of 1.69e+00 exceeds limit of 5.00e-01.
2025-07-17:11:48:42,109 WARNING  [psi4.optking.history:291] 	Skipping Hessian update for step 2.
2025-07-17:11:48:42,109 WARNING  [psi4.optking.history:286] 	Change in internal coordinate of 1.70e+00 exceeds limit of 5.00e-01.
2025-07-17:11:48:42,109 WARNING  [psi4.optking.history:291] 	Skipping Hessian update for step 1.
2025-07-17:11:48:42,109 INFO     [psi4.optking.history:302] 	Steps to be used in Hessian update:  10 9 8

2025-07-17:11:48:42,109 INFO     [psi4.optking.history:400] 	Updated Hessian (in au) 
 	   0.267274

2025-07-17:11:48:42,109 INFO     [psi4.optking.molsys:874] Projected (PHP) Hessian matrix
	   0.267274

2025-07-17:11:48:42,109 INFO     [psi4.optking.opt_helper:168] 
	         Geometry (au)                                       Gradient (au)
   0.0000000000   0.0000000000   2.0870405489		   0.0000000000   0.0000000000  -0.0054068437
   0.0000000000   0.0000000000  -1.8851110212		   0.0000000000  -0.0000000000   0.0054169611

2025-07-17:11:48:42,109 INFO     [psi4.optking.stepAlgorithms:315] 	Current Step Report 
 
	Current energy:      -630.7881550201
	Energy change for the previous step:
		Actual       :        -0.0006285757
		Projected    :        -0.0004788277

2025-07-17:11:48:42,109 INFO     [psi4.optking.stepAlgorithms:318] 	Energy ratio =    1.31274
2025-07-17:11:48:42,109 INFO     [psi4.optking.stepAlgorithms:750] 	Using RFO solution 1.
2025-07-17:11:48:42,110 INFO     [psi4.optking.displace:73] 	Determining Cartesian step for fragment 1.
2025-07-17:11:48:42,110 INFO     [psi4.optking.displace:378] 	Successfully converged to displaced geometry.
2025-07-17:11:48:42,110 INFO     [psi4.optking.displace:379] 	RMS(dx):  0.000e+00 	Max(dx):  0.000e+00 	RMS(dq):  0.000e+00
2025-07-17:11:48:42,110 INFO     [psi4.optking.displace:132] 

	        --- Internal Coordinate Step in ANG or DEG, aJ/ANG or AJ/DEG ---
	-------------------------------------------------------------------------------
	           Coordinate      Previous         Force          Change          New 
	           ----------      --------        ------          ------        ------
	               R(1,2)       2.10197        0.04459        0.01071       2.11268
	-------------------------------------------------------------------------------

2025-07-17:11:48:42,110 INFO     [psi4.optking.stepAlgorithms:96] 	|target step| :    0.0202402482
2025-07-17:11:48:42,110 INFO     [psi4.optking.stepAlgorithms:97] 	gradient     :   -0.0054119024
2025-07-17:11:48:42,110 INFO     [psi4.optking.stepAlgorithms:98] 	hessian      :    0.2672736651
2025-07-17:11:48:42,110 INFO     [psi4.optking.stepAlgorithms:177] 	Norm of achieved step-size    0.0202402482
2025-07-17:11:48:42,110 INFO     [psi4.optking.stepAlgorithms:179] 	Norm of achieved step-size (cart):    0.0143120168
2025-07-17:11:48:42,110 INFO     [psi4.optking.opt_helper:151] Molsys:

	                            ===> Fragment 1 <== 

	 Z (Atomic Numbers)          Masses                          Geom                  
	      14.000000            27.976927          0.00000000  0.00000000  2.09716067   
	      15.000000            30.973762          0.00000000  0.00000000 -1.89523115   

	 - Coordinate -           - BOHR/RAD -       - ANG/DEG -
	 R(1,2)           =         3.992392           2.112683

2025-07-17:11:48:42,110 INFO     [psi4.optking.convcheck:71] Performing convergence check.
2025-07-17:11:48:42,110 INFO     [psi4.optking.convcheck:263] 
	                                 ==> Convergence Check <==                                  
    
	Measures of convergence in internal coordinates in au.
    
	Criteria marked as inactive (o), active & met (*), and active & unmet ( ).

	----------------------------------------------------------------------------------------------
	   Step    Total Energy     Delta E     Max Force     RMS Force      Max Disp      RMS Disp   
	----------------------------------------------------------------------------------------------
	  Convergence Criteria     1.00e-06 *    3.00e-04 *             o    1.20e-03 *             o
	----------------------------------------------------------------------------------------------
	    11    -630.78815502   -6.29e-04      5.41e-03      5.41e-03 o    2.02e-02      2.02e-02 o  ~
	----------------------------------------------------------------------------------------------


2025-07-17:11:48:42,110 INFO     [psi4.optking.stepAlgorithms:266] 	Convergence check returned False
2025-07-17:11:48:42,129 INFO     [psi4.driver.task_planner:285] PLANNING Atomic:  keywords={'DAMPING_PERCENTAGE': 1.0, 'GEOM_MAXITER': 500, 'SCF__GUESS': 'READ', 'GUESS': 'SAP', 'MAXITER': 500, 'REFERENCE': 'UKS', 'function_kwargs': {}}
2025-07-17:11:48:42,131 INFO     [psi4.driver.driver:636] Compute gradient(): method=b3lyp, basis=cc-pvdz, molecule=default, nre=52.60004768029189
2025-07-17:11:48:43,474 INFO     [psi4.driver.driver:639] Return gradient(): -630.7882286938502
2025-07-17:11:48:43,474 INFO     [psi4.driver.driver:640] [[ 0.00000000  0.00000000 -0.00188645]
 [ 0.00000000 -0.00000000  0.00189578]]
2025-07-17:11:48:43,476 INFO     [psi4.optking.history:257] 	Performing BFGS update.
2025-07-17:11:48:43,476 INFO     [psi4.optking.history:268] 	Using 4 previous steps for update.
2025-07-17:11:48:43,476 INFO     [psi4.optking.history:302] 	Steps to be used in Hessian update:  11 10 9 8

2025-07-17:11:48:43,476 INFO     [psi4.optking.history:400] 	Updated Hessian (in au) 
 	   0.261894

2025-07-17:11:48:43,476 INFO     [psi4.optking.molsys:874] Projected (PHP) Hessian matrix
	   0.261894

2025-07-17:11:48:43,476 INFO     [psi4.optking.opt_helper:168] 
	         Geometry (au)                                       Gradient (au)
   0.0000000000   0.0000000000   2.0976751428		   0.0000000000   0.0000000000  -0.0018864480
   0.0000000000   0.0000000000  -1.8947166755		   0.0000000000  -0.0000000000   0.0018957831

2025-07-17:11:48:43,476 INFO     [psi4.optking.stepAlgorithms:315] 	Current Step Report 
 
	Current energy:      -630.7882286939
	Energy change for the previous step:
		Actual       :        -0.0000736737
		Projected    :        -0.0000547691

2025-07-17:11:48:43,476 INFO     [psi4.optking.stepAlgorithms:318] 	Energy ratio =    1.34517
2025-07-17:11:48:43,476 INFO     [psi4.optking.stepAlgorithms:750] 	Using RFO solution 1.
2025-07-17:11:48:43,477 INFO     [psi4.optking.displace:73] 	Determining Cartesian step for fragment 1.
2025-07-17:11:48:43,477 INFO     [psi4.optking.displace:378] 	Successfully converged to displaced geometry.
2025-07-17:11:48:43,477 INFO     [psi4.optking.displace:379] 	RMS(dx):  0.000e+00 	Max(dx):  0.000e+00 	RMS(dq):  0.000e+00
2025-07-17:11:48:43,477 INFO     [psi4.optking.displace:132] 

	        --- Internal Coordinate Step in ANG or DEG, aJ/ANG or AJ/DEG ---
	-------------------------------------------------------------------------------
	           Coordinate      Previous         Force          Change          New 
	           ----------      --------        ------          ------        ------
	               R(1,2)       2.11268        0.01558        0.00382       2.11650
	-------------------------------------------------------------------------------

2025-07-17:11:48:43,477 INFO     [psi4.optking.stepAlgorithms:96] 	|target step| :    0.0072205550
2025-07-17:11:48:43,477 INFO     [psi4.optking.stepAlgorithms:97] 	gradient     :   -0.0018911155
2025-07-17:11:48:43,477 INFO     [psi4.optking.stepAlgorithms:98] 	hessian      :    0.2618935739
2025-07-17:11:48:43,477 INFO     [psi4.optking.stepAlgorithms:177] 	Norm of achieved step-size    0.0072205550
2025-07-17:11:48:43,477 INFO     [psi4.optking.stepAlgorithms:179] 	Norm of achieved step-size (cart):    0.0051057034
2025-07-17:11:48:43,477 INFO     [psi4.optking.opt_helper:151] Molsys:

	                            ===> Fragment 1 <== 

	 Z (Atomic Numbers)          Masses                          Geom                  
	      14.000000            27.976927          0.00000000  0.00000000  2.10128542   
	      15.000000            30.973762          0.00000000  0.00000000 -1.89832695   

	 - Coordinate -           - BOHR/RAD -       - ANG/DEG -
	 R(1,2)           =         3.999612           2.116504

2025-07-17:11:48:43,477 INFO     [psi4.optking.convcheck:71] Performing convergence check.
2025-07-17:11:48:43,477 INFO     [psi4.optking.convcheck:263] 
	                                 ==> Convergence Check <==                                  
    
	Measures of convergence in internal coordinates in au.
    
	Criteria marked as inactive (o), active & met (*), and active & unmet ( ).

	----------------------------------------------------------------------------------------------
	   Step    Total Energy     Delta E     Max Force     RMS Force      Max Disp      RMS Disp   
	----------------------------------------------------------------------------------------------
	  Convergence Criteria     1.00e-06 *    3.00e-04 *             o    1.20e-03 *             o
	----------------------------------------------------------------------------------------------
	    12    -630.78822869   -7.37e-05      1.89e-03      1.89e-03 o    7.22e-03      7.22e-03 o  ~
	----------------------------------------------------------------------------------------------


2025-07-17:11:48:43,477 INFO     [psi4.optking.stepAlgorithms:266] 	Convergence check returned False
2025-07-17:11:48:43,488 INFO     [psi4.driver.task_planner:285] PLANNING Atomic:  keywords={'DAMPING_PERCENTAGE': 1.0, 'GEOM_MAXITER': 500, 'SCF__GUESS': 'READ', 'GUESS': 'SAP', 'MAXITER': 500, 'REFERENCE': 'UKS', 'function_kwargs': {}}
2025-07-17:11:48:43,489 INFO     [psi4.driver.driver:636] Compute gradient(): method=b3lyp, basis=cc-pvdz, molecule=default, nre=52.505088094102305
2025-07-17:11:48:44,826 INFO     [psi4.driver.driver:639] Return gradient(): -630.7882379700269
2025-07-17:11:48:44,826 INFO     [psi4.driver.driver:640] [[-0.00000000 -0.00000000 -0.00067180]
 [ 0.00000000  0.00000000  0.00068077]]
2025-07-17:11:48:44,829 INFO     [psi4.optking.history:257] 	Performing BFGS update.
2025-07-17:11:48:44,829 INFO     [psi4.optking.history:268] 	Using 4 previous steps for update.
2025-07-17:11:48:44,829 INFO     [psi4.optking.history:302] 	Steps to be used in Hessian update:  12 11 10 9

2025-07-17:11:48:44,830 INFO     [psi4.optking.history:400] 	Updated Hessian (in au) 
 	   0.206349

2025-07-17:11:48:44,830 INFO     [psi4.optking.molsys:874] Projected (PHP) Hessian matrix
	   0.206349

2025-07-17:11:48:44,830 INFO     [psi4.optking.opt_helper:168] 
	         Geometry (au)                                       Gradient (au)
   0.0000000000   0.0000000000   2.1014689534		  -0.0000000000  -0.0000000000  -0.0006717958
   0.0000000000   0.0000000000  -1.8981434198		   0.0000000000   0.0000000000   0.0006807677

2025-07-17:11:48:44,830 INFO     [psi4.optking.stepAlgorithms:315] 	Current Step Report 
 
	Current energy:      -630.7882379700
	Energy change for the previous step:
		Actual       :        -0.0000092762
		Projected    :        -0.0000068275

2025-07-17:11:48:44,830 INFO     [psi4.optking.stepAlgorithms:318] 	Energy ratio =    1.35866
2025-07-17:11:48:44,830 INFO     [psi4.optking.stepAlgorithms:750] 	Using RFO solution 1.
2025-07-17:11:48:44,830 INFO     [psi4.optking.displace:73] 	Determining Cartesian step for fragment 1.
2025-07-17:11:48:44,831 INFO     [psi4.optking.displace:378] 	Successfully converged to displaced geometry.
2025-07-17:11:48:44,831 INFO     [psi4.optking.displace:379] 	RMS(dx):  0.000e+00 	Max(dx):  0.000e+00 	RMS(dq):  0.000e+00
2025-07-17:11:48:44,831 INFO     [psi4.optking.displace:132] 

	        --- Internal Coordinate Step in ANG or DEG, aJ/ANG or AJ/DEG ---
	-------------------------------------------------------------------------------
	           Coordinate      Previous         Force          Change          New 
	           ----------      --------        ------          ------        ------
	               R(1,2)       2.11650        0.00557        0.00173       2.11824
	-------------------------------------------------------------------------------

2025-07-17:11:48:44,831 INFO     [psi4.optking.stepAlgorithms:96] 	|target step| :    0.0032773299
2025-07-17:11:48:44,831 INFO     [psi4.optking.stepAlgorithms:97] 	gradient     :   -0.0006762817
2025-07-17:11:48:44,831 INFO     [psi4.optking.stepAlgorithms:98] 	hessian      :    0.2063492199
2025-07-17:11:48:44,831 INFO     [psi4.optking.stepAlgorithms:177] 	Norm of achieved step-size    0.0032773299
2025-07-17:11:48:44,831 INFO     [psi4.optking.stepAlgorithms:179] 	Norm of achieved step-size (cart):    0.0023174222
2025-07-17:11:48:44,831 INFO     [psi4.optking.opt_helper:151] Molsys:

	                            ===> Fragment 1 <== 

	 Z (Atomic Numbers)          Masses                          Geom                  
	      14.000000            27.976927          0.00000000  0.00000000  2.10310762   
	      15.000000            30.973762          0.00000000  0.00000000 -1.89978208   

	 - Coordinate -           - BOHR/RAD -       - ANG/DEG -
	 R(1,2)           =         4.002890           2.118238

2025-07-17:11:48:44,832 INFO     [psi4.optking.convcheck:71] Performing convergence check.
2025-07-17:11:48:44,832 INFO     [psi4.optking.convcheck:263] 
	                                 ==> Convergence Check <==                                  
    
	Measures of convergence in internal coordinates in au.
    
	Criteria marked as inactive (o), active & met (*), and active & unmet ( ).

	----------------------------------------------------------------------------------------------
	   Step    Total Energy     Delta E     Max Force     RMS Force      Max Disp      RMS Disp   
	----------------------------------------------------------------------------------------------
	  Convergence Criteria     1.00e-06 *    3.00e-04 *             o    1.20e-03 *             o
	----------------------------------------------------------------------------------------------
	    13    -630.78823797   -9.28e-06      6.76e-04      6.76e-04 o    3.28e-03      3.28e-03 o  ~
	----------------------------------------------------------------------------------------------


2025-07-17:11:48:44,832 INFO     [psi4.optking.stepAlgorithms:266] 	Convergence check returned False
2025-07-17:11:48:44,846 INFO     [psi4.driver.task_planner:285] PLANNING Atomic:  keywords={'DAMPING_PERCENTAGE': 1.0, 'GEOM_MAXITER': 500, 'SCF__GUESS': 'READ', 'GUESS': 'SAP', 'MAXITER': 500, 'REFERENCE': 'UKS', 'function_kwargs': {}}
2025-07-17:11:48:44,846 INFO     [psi4.driver.driver:636] Compute gradient(): method=b3lyp, basis=cc-pvdz, molecule=default, nre=52.46210002555574
2025-07-17:11:48:46,72 INFO     [psi4.driver.driver:639] Return gradient(): -630.7882393001735
2025-07-17:11:48:46,72 INFO     [psi4.driver.driver:640] [[ 0.00000000 -0.00000000 -0.00012749]
 [-0.00000000  0.00000000  0.00013629]]
2025-07-17:11:48:46,74 INFO     [psi4.optking.history:257] 	Performing BFGS update.
2025-07-17:11:48:46,74 INFO     [psi4.optking.history:268] 	Using 4 previous steps for update.
2025-07-17:11:48:46,74 INFO     [psi4.optking.history:302] 	Steps to be used in Hessian update:  13 12 11 10

2025-07-17:11:48:46,74 INFO     [psi4.optking.history:400] 	Updated Hessian (in au) 
 	   0.184443

2025-07-17:11:48:46,74 INFO     [psi4.optking.molsys:874] Projected (PHP) Hessian matrix
	   0.184443

2025-07-17:11:48:46,74 INFO     [psi4.optking.opt_helper:168] 
	         Geometry (au)                                       Gradient (au)
   0.0000000000   0.0000000000   2.1031909221		   0.0000000000  -0.0000000000  -0.0001274931
   0.0000000000   0.0000000000  -1.8996987811		  -0.0000000000   0.0000000000   0.0001362921

2025-07-17:11:48:46,74 INFO     [psi4.optking.stepAlgorithms:315] 	Current Step Report 
 
	Current energy:      -630.7882393002
	Energy change for the previous step:
		Actual       :        -0.0000013301
		Projected    :        -0.0000011082

2025-07-17:11:48:46,74 INFO     [psi4.optking.stepAlgorithms:318] 	Energy ratio =    1.20028
2025-07-17:11:48:46,75 INFO     [psi4.optking.stepAlgorithms:750] 	Using RFO solution 1.
2025-07-17:11:48:46,75 INFO     [psi4.optking.displace:73] 	Determining Cartesian step for fragment 1.
2025-07-17:11:48:46,75 INFO     [psi4.optking.displace:378] 	Successfully converged to displaced geometry.
2025-07-17:11:48:46,75 INFO     [psi4.optking.displace:379] 	RMS(dx):  0.000e+00 	Max(dx):  0.000e+00 	RMS(dq):  0.000e+00
2025-07-17:11:48:46,75 INFO     [psi4.optking.displace:132] 

	        --- Internal Coordinate Step in ANG or DEG, aJ/ANG or AJ/DEG ---
	-------------------------------------------------------------------------------
	           Coordinate      Previous         Force          Change          New 
	           ----------      --------        ------          ------        ------
	               R(1,2)       2.11824        0.00109        0.00038       2.11862
	-------------------------------------------------------------------------------

2025-07-17:11:48:46,75 INFO     [psi4.optking.stepAlgorithms:96] 	|target step| :    0.0007150853
2025-07-17:11:48:46,75 INFO     [psi4.optking.stepAlgorithms:97] 	gradient     :   -0.0001318926
2025-07-17:11:48:46,75 INFO     [psi4.optking.stepAlgorithms:98] 	hessian      :    0.1844431067
2025-07-17:11:48:46,75 INFO     [psi4.optking.stepAlgorithms:177] 	Norm of achieved step-size    0.0007150853
2025-07-17:11:48:46,75 INFO     [psi4.optking.stepAlgorithms:179] 	Norm of achieved step-size (cart):    0.0005056417
2025-07-17:11:48:46,75 INFO     [psi4.optking.opt_helper:151] Molsys:

	                            ===> Fragment 1 <== 

	 Z (Atomic Numbers)          Masses                          Geom                  
	      14.000000            27.976927          0.00000000  0.00000000  2.10354846   
	      15.000000            30.973762          0.00000000  0.00000000 -1.90005632   

	 - Coordinate -           - BOHR/RAD -       - ANG/DEG -
	 R(1,2)           =         4.003605           2.118616

2025-07-17:11:48:46,75 INFO     [psi4.optking.convcheck:71] Performing convergence check.
2025-07-17:11:48:46,75 INFO     [psi4.optking.convcheck:263] 
	                                 ==> Convergence Check <==                                  
    
	Measures of convergence in internal coordinates in au.
    
	Criteria marked as inactive (o), active & met (*), and active & unmet ( ).

	----------------------------------------------------------------------------------------------
	   Step    Total Energy     Delta E     Max Force     RMS Force      Max Disp      RMS Disp   
	----------------------------------------------------------------------------------------------
	  Convergence Criteria     1.00e-06 *    3.00e-04 *             o    1.20e-03 *             o
	----------------------------------------------------------------------------------------------
	    14    -630.78823930   -1.33e-06      1.32e-04 *    1.32e-04 o    7.15e-04 *    7.15e-04 o  ~
	----------------------------------------------------------------------------------------------


2025-07-17:11:48:46,75 INFO     [psi4.optking.convcheck:193] 
	                      ===> Final Convergence Report <===                     

	----------------------------------------------------------------------------
	|   Required Criteria    |  One or More Criteria  |   Alternate Criteria   |
	----------------------------------------------------------------------------
	| [x]     max_force      | [ ]       max_DE       |                        |
	|                        | [x]      max_disp      |                        |
	----------------------------------------------------------------------------


2025-07-17:11:48:46,75 INFO     [psi4.optking.stepAlgorithms:266] 	Convergence check returned True
2025-07-17:11:48:46,75 INFO     [psi4.optking.optimize:286] 	Converged in 14 steps!
2025-07-17:11:48:46,75 INFO     [psi4.optking.optimize:287] 	Final energy is   -630.7882393001735
2025-07-17:11:48:46,75 INFO     [psi4.optking.optimize:288] 	Final structure (Angstroms): 
	Fragment 1 (Ang)

	   Si   0.0000000000   0.0000000000   1.1131499091
	    P   0.0000000000   0.0000000000  -1.0054665055


2025-07-17:11:48:46,76 INFO     [psi4.optking.optimize:432] 	Optimization Finished

	==> Optimization Summary <==

        
	Measures of convergence in internal coordinates in au. (Any backward steps not shown.)
        
	---------------------------------------------------------------------------------------------------------------  ~
        
	 Step         Total Energy             Delta E       MAX Force       RMS Force        MAX Disp        RMS Disp   ~
        
	---------------------------------------------------------------------------------------------------------------  ~
        
	     1    -629.590942972621   -629.590942972621      2.47630564      2.47630564      0.01136701      0.01136701  ~
	     2    -629.618820238510     -0.027877265889      2.42887079      2.42887079      0.02229034      0.02229034  ~
	     3    -629.671942077198     -0.053121838687      2.33807283      2.33807283      0.08524691      0.08524691  ~
	     4    -629.857249218928     -0.185307141730      2.01591877      2.01591877      0.42611508      0.42611508  ~
	     5    -630.450113422699     -0.592864203772      0.88718338      0.88718338      0.30397756      0.30397756  ~
	     6    -630.647174257482     -0.197060834783      0.44871851      0.44871851      0.28569484      0.28569484  ~
	     7    -630.738280834974     -0.091106577491      0.21092134      0.21092134      0.23893830      0.23893830  ~
	     8    -630.773539831356     -0.035258996383      0.09383944      0.09383944      0.18495452      0.18495452  ~
	     9    -630.785229580371     -0.011689749015      0.03644825      0.03644825      0.08786949      0.08786949  ~
	    10    -630.787526444413     -0.002296864042      0.01650386      0.01650386      0.05802617      0.05802617  ~
	    11    -630.788155020147     -0.000628575734      0.00541190      0.00541190      0.02024025      0.02024025  ~
	    12    -630.788228693850     -0.000073673703      0.00189112      0.00189112      0.00722055      0.00722055  ~
	    13    -630.788237970027     -0.000009276177      0.00067628      0.00067628      0.00327733      0.00327733  ~
	    14    -630.788239300173     -0.000001330147      0.00013189      0.00013189      0.00071509      0.00071509  ~
	----------------------------------------------------------------------------------------------------------------


2025-07-17:11:48:46,76 INFO     [psi4.optking.optimize:640] Preparing OptimizationResult
