2025-07-17:10:53:26,859 INFO     [psi4.optking.optwrapper:214] Creating a UserComputer
2025-07-17:10:53:26,859 INFO     [psi4.optking.optwrapper:222] 
    			-----------------------------------------

    			 OPTKING 3.0: for geometry optimizations 

    			     By R.A. King, Bethel University     

    			        with contributions from          

    			    A.V. Copan, J. Cayton, A. Heide      

    			-----------------------------------------

    
2025-07-17:10:53:26,859 INFO     [psi4.optking.optwrapper:238] 
		 -- Optimization Parameters --
	accept_symmetry_breaking       =           False
	alg_geom_maxiter               =             500
	bt_dx_conv                     =           1e-07
	bt_dx_rms_change_conv          =           1e-12
	bt_max_iter                    =              25
	cart_hess_read                 =           False
	consecutive_backsteps_allowed  =               0
	conv_max_DE                    =           1e-06
	conv_max_disp                  =          0.0012
	conv_max_force                 =          0.0003
	conv_rms_disp                  =              -1
	conv_rms_force                 =              -1
	covalent_connect               =             1.3
	dynamic_level                  =               0
	dynamic_level_max              =               0
	ensure_bt_convergence          =           False
	ext_force_bend                 =              []
	ext_force_cartesian            =              []
	ext_force_dihedral             =              []
	ext_force_distance             =              []
	ext_force_oofp                 =              []
	fix_val_near_pi                =            1.57
	flexible_g_convergence         =           False
	frag_mode                      =          SINGLE
	frag_ref_atoms                 =            None
	freeze_intrafrag               =           False
	frozen_bend                    =              []
	frozen_cartesian               =              []
	frozen_dihedral                =              []
	frozen_distance                =              []
	frozen_oofp                    =              []
	full_hess_every                =              -1
	g_convergence                  =           QCHEM
	generate_intcos_exit           =           False
	geom_maxiter                   =             500
	h_bond_connect                 =             4.3
	hess_update                    =            BFGS
	hess_update_den_tol            =           1e-07
	hess_update_dq_tol             =             0.5
	hess_update_limit              =            True
	hess_update_limit_max          =             1.0
	hess_update_limit_scale        =             0.5
	hess_update_use_last           =               4
	hessian_file                   =            None
	i_max_DE                       =            True
	i_max_disp                     =            True
	i_max_force                    =            True
	i_rms_disp                     =           False
	i_rms_force                    =           False
	i_untampered                   =            True
	include_oofp                   =           False
	interfrag_collinear_tol        =            0.01
	interfrag_coords               =            None
	interfrag_dist_inv             =           False
	interfrag_mode                 =           FIXED
	interfrag_trust                =             0.5
	interfrag_trust_max            =             1.0
	interfrag_trust_min            =           0.001
	interfragment_connect          =             1.8
	intrafrag_hess                 =        SCHLEGEL
	intrafrag_trust                =             0.5
	intrafrag_trust_max            =             1.0
	intrafrag_trust_min            =           0.001
	irc_direction                  =         FORWARD
	irc_points                     =              20
	irc_step_size                  =             0.2
	keep_intcos                    =           False
	linear_bend_threshold          =            3.05
	linesearch                     =           False
	linesearch_step                =             0.1
	max_disp_g_convergence         =          0.0012
	max_energy_g_convergence       =           1e-06
	max_force_g_convergence        =          0.0003
	opt_coordinates                =       REDUNDANT
	opt_type                       =             MIN
	output_type                    =            FILE
	print_lvl                      =               1
	program                        =            psi4
	ranged_bend                    =              []
	ranged_cartesian               =              []
	ranged_dihedral                =              []
	ranged_distance                =              []
	ranged_oofp                    =              []
	redundant_eval_tol             =           1e-10
	rfo_follow_root                =           False
	rfo_normalization_max          =             100
	rfo_root                       =               0
	rms_disp_g_convergence         =          0.0012
	rms_force_g_convergence        =          0.0003
	rsrfo_alpha_max                =     100000000.0
	sd_hessian                     =             1.0
	simple_step_scaling            =           False
	small_bend_fix_threshold       =            0.35
	steepest_descent_type          =         OVERLAP
	step_type                      =             RFO
	test_B                         =           False
	test_derivative_B              =           False
	trajectory                     =           False
	v3d_tors_angle_lim             =           0.017
	v3d_tors_cos_tol               =           1e-10
	working_consecutive_backsteps  =               0
	working_steps_since_last_H     =               0


2025-07-17:10:53:27,361 INFO     [psi4.optking.opt_helper:151] Molsys:

	                            ===> Fragment 1 <== 

	 Z (Atomic Numbers)          Masses                          Geom                  
	       9.000000            18.998403          0.00000000  0.00000000  1.35054879   
	      14.000000            27.976927          0.00000000  0.00000000 -0.91712256   

	 - Coordinate -           - BOHR/RAD -       - ANG/DEG -
	 R(1,2)           =         2.267671           1.200000

2025-07-17:10:53:27,371 INFO     [psi4.driver.task_planner:285] PLANNING Atomic:  keywords={'DAMPING_PERCENTAGE': 1.0, 'GEOM_MAXITER': 500, 'GUESS': 'SAP', 'MAXITER': 500, 'REFERENCE': 'UKS', 'function_kwargs': {}}
2025-07-17:10:53:27,372 INFO     [psi4.driver.driver:636] Compute gradient(): method=b3lyp, basis=cc-pvdz, molecule=default, nre=55.56360712035001
2025-07-17:10:53:28,575 INFO     [psi4.driver.driver:639] Return gradient(): -389.00962669289845
2025-07-17:10:53:28,575 INFO     [psi4.driver.driver:640] [[ 0.00000000  0.00000000 -1.05308646]
 [ 0.00000000 -0.00000000  1.05306085]]
2025-07-17:10:53:28,579 INFO     [psi4.optking.molsys:874] Projected (PHP) Hessian matrix
	   4.182219

2025-07-17:10:53:28,579 INFO     [psi4.optking.opt_helper:168] 
	         Geometry (au)                                       Gradient (au)
   0.0000000000   0.0000000000   1.3505487921		   0.0000000000   0.0000000000  -1.0530864604
   0.0000000000   0.0000000000  -0.9171225585		   0.0000000000  -0.0000000000   1.0530608453

2025-07-17:10:53:28,579 INFO     [psi4.optking.stepAlgorithms:750] 	Using RFO solution 1.
2025-07-17:10:53:28,579 INFO     [psi4.optking.displace:73] 	Determining Cartesian step for fragment 1.
2025-07-17:10:53:28,580 INFO     [psi4.optking.displace:378] 	Successfully converged to displaced geometry.
2025-07-17:10:53:28,580 INFO     [psi4.optking.displace:379] 	RMS(dx):  1.282e-16 	Max(dx):  2.220e-16 	RMS(dq):  4.441e-16
2025-07-17:10:53:28,580 INFO     [psi4.optking.displace:132] 

	        --- Internal Coordinate Step in ANG or DEG, aJ/ANG or AJ/DEG ---
	-------------------------------------------------------------------------------
	           Coordinate      Previous         Force          Change          New 
	           ----------      --------        ------          ------        ------
	               R(1,2)       1.20000        8.67598        0.12572       1.32572
	-------------------------------------------------------------------------------

2025-07-17:10:53:28,580 INFO     [psi4.optking.stepAlgorithms:96] 	|target step| :    0.2375847446
2025-07-17:10:53:28,580 INFO     [psi4.optking.stepAlgorithms:97] 	gradient     :   -1.0530736529
2025-07-17:10:53:28,580 INFO     [psi4.optking.stepAlgorithms:98] 	hessian      :    4.1822185214
2025-07-17:10:53:28,580 INFO     [psi4.optking.stepAlgorithms:177] 	Norm of achieved step-size    0.2375847446
2025-07-17:10:53:28,582 INFO     [psi4.optking.stepAlgorithms:179] 	Norm of achieved step-size (cart):    0.1679977840
2025-07-17:10:53:28,582 INFO     [psi4.optking.opt_helper:151] Molsys:

	                            ===> Fragment 1 <== 

	 Z (Atomic Numbers)          Masses                          Geom                  
	       9.000000            18.998403          0.00000000  0.00000000  1.46934116   
	      14.000000            27.976927          0.00000000  0.00000000 -1.03591493   

	 - Coordinate -           - BOHR/RAD -       - ANG/DEG -
	 R(1,2)           =         2.505256           1.325724

2025-07-17:10:53:28,582 INFO     [psi4.optking.convcheck:71] Performing convergence check.
2025-07-17:10:53:28,582 INFO     [psi4.optking.convcheck:263] 
	                                 ==> Convergence Check <==                                  
    
	Measures of convergence in internal coordinates in au.
    
	Criteria marked as inactive (o), active & met (*), and active & unmet ( ).

	----------------------------------------------------------------------------------------------
	   Step    Total Energy     Delta E     Max Force     RMS Force      Max Disp      RMS Disp   
	----------------------------------------------------------------------------------------------
	  Convergence Criteria     1.00e-06 *    3.00e-04 *             o    1.20e-03 *             o
	----------------------------------------------------------------------------------------------
	     1    -389.00962669   -3.89e+02      1.05e+00      1.05e+00 o    2.38e-01      2.38e-01 o  ~
	----------------------------------------------------------------------------------------------


2025-07-17:10:53:28,582 INFO     [psi4.optking.stepAlgorithms:266] 	Convergence check returned False
2025-07-17:10:53:28,594 INFO     [psi4.driver.task_planner:285] PLANNING Atomic:  keywords={'DAMPING_PERCENTAGE': 1.0, 'GEOM_MAXITER': 500, 'SCF__GUESS': 'READ', 'GUESS': 'SAP', 'MAXITER': 500, 'REFERENCE': 'UKS', 'function_kwargs': {}}
2025-07-17:10:53:28,595 INFO     [psi4.driver.driver:636] Compute gradient(): method=b3lyp, basis=cc-pvdz, molecule=default, nre=50.29425943393379
2025-07-17:10:53:29,678 INFO     [psi4.driver.driver:639] Return gradient(): -389.1917137190554
2025-07-17:10:53:29,678 INFO     [psi4.driver.driver:640] [[-0.00000000 -0.00000000 -0.53433679]
 [-0.00000000  0.00000000  0.53423128]]
2025-07-17:10:53:29,680 INFO     [psi4.optking.history:257] 	Performing BFGS update.
2025-07-17:10:53:29,680 INFO     [psi4.optking.history:268] 	Using 1 previous steps for update.
2025-07-17:10:53:29,680 INFO     [psi4.optking.history:302] 	Steps to be used in Hessian update:  1

2025-07-17:10:53:29,680 INFO     [psi4.optking.history:400] 	Updated Hessian (in au) 
 	   2.183598

2025-07-17:10:53:29,681 INFO     [psi4.optking.molsys:874] Projected (PHP) Hessian matrix
	   2.183598

2025-07-17:10:53:29,681 INFO     [psi4.optking.opt_helper:168] 
	         Geometry (au)                                       Gradient (au)
   0.0000000000   0.0000000000   1.4920462757		  -0.0000000000  -0.0000000000  -0.5343367884
   0.0000000000   0.0000000000  -1.0132098195		  -0.0000000000   0.0000000000   0.5342312790

2025-07-17:10:53:29,681 INFO     [psi4.optking.stepAlgorithms:315] 	Current Step Report 
 
	Current energy:      -389.1917137191
	Energy change for the previous step:
		Actual       :        -0.1820870262
		Projected    :        -0.1250971175

2025-07-17:10:53:29,681 INFO     [psi4.optking.stepAlgorithms:318] 	Energy ratio =    1.45557
2025-07-17:10:53:29,681 INFO     [psi4.optking.stepAlgorithms:346] 	Energy ratio indicates good step.
2025-07-17:10:53:29,681 INFO     [psi4.optking.stepAlgorithms:347] 	Intrafrag trust radius increased to 1.000e+00.
2025-07-17:10:53:29,681 INFO     [psi4.optking.stepAlgorithms:750] 	Using RFO solution 1.
2025-07-17:10:53:29,681 INFO     [psi4.optking.displace:73] 	Determining Cartesian step for fragment 1.
2025-07-17:10:53:29,681 INFO     [psi4.optking.displace:378] 	Successfully converged to displaced geometry.
2025-07-17:10:53:29,681 INFO     [psi4.optking.displace:379] 	RMS(dx):  0.000e+00 	Max(dx):  0.000e+00 	RMS(dq):  0.000e+00
2025-07-17:10:53:29,681 INFO     [psi4.optking.displace:132] 

	        --- Internal Coordinate Step in ANG or DEG, aJ/ANG or AJ/DEG ---
	-------------------------------------------------------------------------------
	           Coordinate      Previous         Force          Change          New 
	           ----------      --------        ------          ------        ------
	               R(1,2)       1.32572        4.40182        0.12254       1.44826
	-------------------------------------------------------------------------------

2025-07-17:10:53:29,681 INFO     [psi4.optking.stepAlgorithms:96] 	|target step| :    0.2315607027
2025-07-17:10:53:29,681 INFO     [psi4.optking.stepAlgorithms:97] 	gradient     :   -0.5342840337
2025-07-17:10:53:29,681 INFO     [psi4.optking.stepAlgorithms:98] 	hessian      :    2.1835981932
2025-07-17:10:53:29,681 INFO     [psi4.optking.stepAlgorithms:177] 	Norm of achieved step-size    0.2315607027
2025-07-17:10:53:29,681 INFO     [psi4.optking.stepAlgorithms:179] 	Norm of achieved step-size (cart):    0.1637381431
2025-07-17:10:53:29,681 INFO     [psi4.optking.opt_helper:151] Molsys:

	                            ===> Fragment 1 <== 

	 Z (Atomic Numbers)          Masses                          Geom                  
	       9.000000            18.998403          0.00000000  0.00000000  1.60782663   
	      14.000000            27.976927          0.00000000  0.00000000 -1.12899017   

	 - Coordinate -           - BOHR/RAD -       - ANG/DEG -
	 R(1,2)           =         2.736817           1.448261

2025-07-17:10:53:29,682 INFO     [psi4.optking.convcheck:71] Performing convergence check.
2025-07-17:10:53:29,682 INFO     [psi4.optking.convcheck:263] 
	                                 ==> Convergence Check <==                                  
    
	Measures of convergence in internal coordinates in au.
    
	Criteria marked as inactive (o), active & met (*), and active & unmet ( ).

	----------------------------------------------------------------------------------------------
	   Step    Total Energy     Delta E     Max Force     RMS Force      Max Disp      RMS Disp   
	----------------------------------------------------------------------------------------------
	  Convergence Criteria     1.00e-06 *    3.00e-04 *             o    1.20e-03 *             o
	----------------------------------------------------------------------------------------------
	     2    -389.19171372   -1.82e-01      5.34e-01      5.34e-01 o    2.32e-01      2.32e-01 o  ~
	----------------------------------------------------------------------------------------------


2025-07-17:10:53:29,682 INFO     [psi4.optking.stepAlgorithms:266] 	Convergence check returned False
2025-07-17:10:53:29,699 INFO     [psi4.driver.task_planner:285] PLANNING Atomic:  keywords={'DAMPING_PERCENTAGE': 1.0, 'GEOM_MAXITER': 500, 'SCF__GUESS': 'READ', 'GUESS': 'SAP', 'MAXITER': 500, 'REFERENCE': 'UKS', 'function_kwargs': {}}
2025-07-17:10:53:29,700 INFO     [psi4.driver.driver:636] Compute gradient(): method=b3lyp, basis=cc-pvdz, molecule=default, nre=46.038887256851034
2025-07-17:10:53:30,772 INFO     [psi4.driver.driver:639] Return gradient(): -389.28058350087974
2025-07-17:10:53:30,772 INFO     [psi4.driver.driver:640] [[ 0.00000000  0.00000000 -0.26026695]
 [ 0.00000000  0.00000000  0.26021841]]
2025-07-17:10:53:30,775 INFO     [psi4.optking.history:257] 	Performing BFGS update.
2025-07-17:10:53:30,775 INFO     [psi4.optking.history:268] 	Using 2 previous steps for update.
2025-07-17:10:53:30,775 INFO     [psi4.optking.history:302] 	Steps to be used in Hessian update:  2 1

2025-07-17:10:53:30,775 INFO     [psi4.optking.history:400] 	Updated Hessian (in au) 
 	   1.689947

2025-07-17:10:53:30,776 INFO     [psi4.optking.molsys:874] Projected (PHP) Hessian matrix
	   1.689947

2025-07-17:10:53:30,776 INFO     [psi4.optking.opt_helper:168] 
	         Geometry (au)                                       Gradient (au)
   0.0000000000   0.0000000000   1.6299560426		   0.0000000000   0.0000000000  -0.2602669495
   0.0000000000   0.0000000000  -1.1068607553		   0.0000000000   0.0000000000   0.2602184135

2025-07-17:10:53:30,776 INFO     [psi4.optking.stepAlgorithms:315] 	Current Step Report 
 
	Current energy:      -389.2805835009
	Energy change for the previous step:
		Actual       :        -0.0888697818
		Projected    :        -0.0618595931

2025-07-17:10:53:30,776 INFO     [psi4.optking.stepAlgorithms:318] 	Energy ratio =    1.43664
2025-07-17:10:53:30,776 INFO     [psi4.optking.stepAlgorithms:750] 	Using RFO solution 1.
2025-07-17:10:53:30,776 INFO     [psi4.optking.displace:73] 	Determining Cartesian step for fragment 1.
2025-07-17:10:53:30,777 INFO     [psi4.optking.displace:378] 	Successfully converged to displaced geometry.
2025-07-17:10:53:30,777 INFO     [psi4.optking.displace:379] 	RMS(dx):  1.282e-16 	Max(dx):  2.220e-16 	RMS(dq):  4.441e-16
2025-07-17:10:53:30,777 INFO     [psi4.optking.displace:132] 

	        --- Internal Coordinate Step in ANG or DEG, aJ/ANG or AJ/DEG ---
	-------------------------------------------------------------------------------
	           Coordinate      Previous         Force          Change          New 
	           ----------      --------        ------          ------        ------
	               R(1,2)       1.44826        2.14407        0.07964       1.52791
	-------------------------------------------------------------------------------

2025-07-17:10:53:30,777 INFO     [psi4.optking.stepAlgorithms:96] 	|target step| :    0.1505062697
2025-07-17:10:53:30,777 INFO     [psi4.optking.stepAlgorithms:97] 	gradient     :   -0.2602426815
2025-07-17:10:53:30,777 INFO     [psi4.optking.stepAlgorithms:98] 	hessian      :    1.6899470641
2025-07-17:10:53:30,777 INFO     [psi4.optking.stepAlgorithms:177] 	Norm of achieved step-size    0.1505062697
2025-07-17:10:53:30,777 INFO     [psi4.optking.stepAlgorithms:179] 	Norm of achieved step-size (cart):    0.1064240039
2025-07-17:10:53:30,778 INFO     [psi4.optking.opt_helper:151] Molsys:

	                            ===> Fragment 1 <== 

	 Z (Atomic Numbers)          Masses                          Geom                  
	       9.000000            18.998403          0.00000000  0.00000000  1.70520918   
	      14.000000            27.976927          0.00000000  0.00000000 -1.18211389   

	 - Coordinate -           - BOHR/RAD -       - ANG/DEG -
	 R(1,2)           =         2.887323           1.527906

2025-07-17:10:53:30,778 INFO     [psi4.optking.convcheck:71] Performing convergence check.
2025-07-17:10:53:30,778 INFO     [psi4.optking.convcheck:263] 
	                                 ==> Convergence Check <==                                  
    
	Measures of convergence in internal coordinates in au.
    
	Criteria marked as inactive (o), active & met (*), and active & unmet ( ).

	----------------------------------------------------------------------------------------------
	   Step    Total Energy     Delta E     Max Force     RMS Force      Max Disp      RMS Disp   
	----------------------------------------------------------------------------------------------
	  Convergence Criteria     1.00e-06 *    3.00e-04 *             o    1.20e-03 *             o
	----------------------------------------------------------------------------------------------
	     3    -389.28058350   -8.89e-02      2.60e-01      2.60e-01 o    1.51e-01      1.51e-01 o  ~
	----------------------------------------------------------------------------------------------


2025-07-17:10:53:30,779 INFO     [psi4.optking.stepAlgorithms:266] 	Convergence check returned False
2025-07-17:10:53:30,798 INFO     [psi4.driver.task_planner:285] PLANNING Atomic:  keywords={'DAMPING_PERCENTAGE': 1.0, 'GEOM_MAXITER': 500, 'SCF__GUESS': 'READ', 'GUESS': 'SAP', 'MAXITER': 500, 'REFERENCE': 'UKS', 'function_kwargs': {}}
2025-07-17:10:53:30,799 INFO     [psi4.driver.driver:636] Compute gradient(): method=b3lyp, basis=cc-pvdz, molecule=default, nre=43.6390376316854
2025-07-17:10:53:31,921 INFO     [psi4.driver.driver:639] Return gradient(): -389.31105239243976
2025-07-17:10:53:31,921 INFO     [psi4.driver.driver:640] [[ 0.00000000 -0.00000000 -0.15174158]
 [ 0.00000000 -0.00000000  0.15166145]]
2025-07-17:10:53:31,923 INFO     [psi4.optking.history:257] 	Performing BFGS update.
2025-07-17:10:53:31,923 INFO     [psi4.optking.history:268] 	Using 3 previous steps for update.
2025-07-17:10:53:31,923 WARNING  [psi4.optking.history:286] 	Change in internal coordinate of 6.20e-01 exceeds limit of 5.00e-01.
2025-07-17:10:53:31,923 WARNING  [psi4.optking.history:291] 	Skipping Hessian update for step 1.
2025-07-17:10:53:31,923 INFO     [psi4.optking.history:302] 	Steps to be used in Hessian update:  3 2

2025-07-17:10:53:31,923 INFO     [psi4.optking.history:400] 	Updated Hessian (in au) 
 	   1.001349

2025-07-17:10:53:31,923 INFO     [psi4.optking.molsys:874] Projected (PHP) Hessian matrix
	   1.001349

2025-07-17:10:53:31,923 INFO     [psi4.optking.opt_helper:168] 
	         Geometry (au)                                       Gradient (au)
   0.0000000000   0.0000000000   1.7195925151		   0.0000000000  -0.0000000000  -0.1517415811
   0.0000000000   0.0000000000  -1.1677305524		   0.0000000000  -0.0000000000   0.1516614485

2025-07-17:10:53:31,923 INFO     [psi4.optking.stepAlgorithms:315] 	Current Step Report 
 
	Current energy:      -389.3110523924
	Energy change for the previous step:
		Actual       :        -0.0304688916
		Projected    :        -0.0195840776

2025-07-17:10:53:31,923 INFO     [psi4.optking.stepAlgorithms:318] 	Energy ratio =    1.55580
2025-07-17:10:53:31,924 INFO     [psi4.optking.stepAlgorithms:750] 	Using RFO solution 1.
2025-07-17:10:53:31,924 INFO     [psi4.optking.displace:73] 	Determining Cartesian step for fragment 1.
2025-07-17:10:53:31,924 INFO     [psi4.optking.displace:378] 	Successfully converged to displaced geometry.
2025-07-17:10:53:31,924 INFO     [psi4.optking.displace:379] 	RMS(dx):  0.000e+00 	Max(dx):  0.000e+00 	RMS(dq):  0.000e+00
2025-07-17:10:53:31,924 INFO     [psi4.optking.displace:132] 

	        --- Internal Coordinate Step in ANG or DEG, aJ/ANG or AJ/DEG ---
	-------------------------------------------------------------------------------
	           Coordinate      Previous         Force          Change          New 
	           ----------      --------        ------          ------        ------
	               R(1,2)       1.52791        1.24983        0.07841       1.60631
	-------------------------------------------------------------------------------

2025-07-17:10:53:31,924 INFO     [psi4.optking.stepAlgorithms:96] 	|target step| :    0.1481710244
2025-07-17:10:53:31,924 INFO     [psi4.optking.stepAlgorithms:97] 	gradient     :   -0.1517015148
2025-07-17:10:53:31,924 INFO     [psi4.optking.stepAlgorithms:98] 	hessian      :    1.0013493618
2025-07-17:10:53:31,924 INFO     [psi4.optking.stepAlgorithms:177] 	Norm of achieved step-size    0.1481710244
2025-07-17:10:53:31,924 INFO     [psi4.optking.stepAlgorithms:179] 	Norm of achieved step-size (cart):    0.1047727361
2025-07-17:10:53:31,924 INFO     [psi4.optking.opt_helper:151] Molsys:

	                            ===> Fragment 1 <== 

	 Z (Atomic Numbers)          Masses                          Geom                  
	       9.000000            18.998403          0.00000000  0.00000000  1.79367803   
	      14.000000            27.976927          0.00000000  0.00000000 -1.24181606   

	 - Coordinate -           - BOHR/RAD -       - ANG/DEG -
	 R(1,2)           =         3.035494           1.606314

2025-07-17:10:53:31,924 INFO     [psi4.optking.convcheck:71] Performing convergence check.
2025-07-17:10:53:31,924 INFO     [psi4.optking.convcheck:263] 
	                                 ==> Convergence Check <==                                  
    
	Measures of convergence in internal coordinates in au.
    
	Criteria marked as inactive (o), active & met (*), and active & unmet ( ).

	----------------------------------------------------------------------------------------------
	   Step    Total Energy     Delta E     Max Force     RMS Force      Max Disp      RMS Disp   
	----------------------------------------------------------------------------------------------
	  Convergence Criteria     1.00e-06 *    3.00e-04 *             o    1.20e-03 *             o
	----------------------------------------------------------------------------------------------
	     4    -389.31105239   -3.05e-02      1.52e-01      1.52e-01 o    1.48e-01      1.48e-01 o  ~
	----------------------------------------------------------------------------------------------


2025-07-17:10:53:31,924 INFO     [psi4.optking.stepAlgorithms:266] 	Convergence check returned False
2025-07-17:10:53:31,936 INFO     [psi4.driver.task_planner:285] PLANNING Atomic:  keywords={'DAMPING_PERCENTAGE': 1.0, 'GEOM_MAXITER': 500, 'SCF__GUESS': 'READ', 'GUESS': 'SAP', 'MAXITER': 500, 'REFERENCE': 'UKS', 'function_kwargs': {}}
2025-07-17:10:53:31,937 INFO     [psi4.driver.driver:636] Compute gradient(): method=b3lyp, basis=cc-pvdz, molecule=default, nre=41.508893175914224
2025-07-17:10:53:33,58 INFO     [psi4.driver.driver:639] Return gradient(): -389.32778278716586
2025-07-17:10:53:33,59 INFO     [psi4.driver.driver:640] [[ 0.00000000  0.00000000 -0.07898798]
 [ 0.00000000  0.00000000  0.07892198]]
2025-07-17:10:53:33,61 INFO     [psi4.optking.history:257] 	Performing BFGS update.
2025-07-17:10:53:33,61 INFO     [psi4.optking.history:268] 	Using 4 previous steps for update.
2025-07-17:10:53:33,61 WARNING  [psi4.optking.history:286] 	Change in internal coordinate of 5.30e-01 exceeds limit of 5.00e-01.
2025-07-17:10:53:33,61 WARNING  [psi4.optking.history:291] 	Skipping Hessian update for step 2.
2025-07-17:10:53:33,61 WARNING  [psi4.optking.history:286] 	Change in internal coordinate of 7.68e-01 exceeds limit of 5.00e-01.
2025-07-17:10:53:33,61 WARNING  [psi4.optking.history:291] 	Skipping Hessian update for step 1.
2025-07-17:10:53:33,61 INFO     [psi4.optking.history:302] 	Steps to be used in Hessian update:  4 3

2025-07-17:10:53:33,61 INFO     [psi4.optking.history:400] 	Updated Hessian (in au) 
 	   0.606968

2025-07-17:10:53:33,61 INFO     [psi4.optking.molsys:874] Projected (PHP) Hessian matrix
	   0.606968

2025-07-17:10:53:33,61 INFO     [psi4.optking.opt_helper:168] 
	         Geometry (au)                                       Gradient (au)
   0.0000000000   0.0000000000   1.8078381941		   0.0000000000   0.0000000000  -0.0789879843
   0.0000000000   0.0000000000  -1.2276558979		   0.0000000000   0.0000000000   0.0789219833

2025-07-17:10:53:33,61 INFO     [psi4.optking.stepAlgorithms:315] 	Current Step Report 
 
	Current energy:      -389.3277827872
	Energy change for the previous step:
		Actual       :        -0.0167303947
		Projected    :        -0.0112388844

2025-07-17:10:53:33,61 INFO     [psi4.optking.stepAlgorithms:318] 	Energy ratio =    1.48862
2025-07-17:10:53:33,61 INFO     [psi4.optking.stepAlgorithms:750] 	Using RFO solution 1.
2025-07-17:10:53:33,61 INFO     [psi4.optking.displace:73] 	Determining Cartesian step for fragment 1.
2025-07-17:10:53:33,62 INFO     [psi4.optking.displace:378] 	Successfully converged to displaced geometry.
2025-07-17:10:53:33,62 INFO     [psi4.optking.displace:379] 	RMS(dx):  1.282e-16 	Max(dx):  2.220e-16 	RMS(dq):  4.441e-16
2025-07-17:10:53:33,62 INFO     [psi4.optking.displace:132] 

	        --- Internal Coordinate Step in ANG or DEG, aJ/ANG or AJ/DEG ---
	-------------------------------------------------------------------------------
	           Coordinate      Previous         Force          Change          New 
	           ----------      --------        ------          ------        ------
	               R(1,2)       1.60631        0.65049        0.06771       1.67402
	-------------------------------------------------------------------------------

2025-07-17:10:53:33,62 INFO     [psi4.optking.stepAlgorithms:96] 	|target step| :    0.1279512454
2025-07-17:10:53:33,62 INFO     [psi4.optking.stepAlgorithms:97] 	gradient     :   -0.0789549838
2025-07-17:10:53:33,62 INFO     [psi4.optking.stepAlgorithms:98] 	hessian      :    0.6069684617
2025-07-17:10:53:33,62 INFO     [psi4.optking.stepAlgorithms:177] 	Norm of achieved step-size    0.1279512454
2025-07-17:10:53:33,62 INFO     [psi4.optking.stepAlgorithms:179] 	Norm of achieved step-size (cart):    0.0904751933
2025-07-17:10:53:33,62 INFO     [psi4.optking.opt_helper:151] Molsys:

	                            ===> Fragment 1 <== 

	 Z (Atomic Numbers)          Masses                          Geom                  
	       9.000000            18.998403          0.00000000  0.00000000  1.87181382   
	      14.000000            27.976927          0.00000000  0.00000000 -1.29163152   

	 - Coordinate -           - BOHR/RAD -       - ANG/DEG -
	 R(1,2)           =         3.163445           1.674023

2025-07-17:10:53:33,62 INFO     [psi4.optking.convcheck:71] Performing convergence check.
2025-07-17:10:53:33,62 INFO     [psi4.optking.convcheck:263] 
	                                 ==> Convergence Check <==                                  
    
	Measures of convergence in internal coordinates in au.
    
	Criteria marked as inactive (o), active & met (*), and active & unmet ( ).

	----------------------------------------------------------------------------------------------
	   Step    Total Energy     Delta E     Max Force     RMS Force      Max Disp      RMS Disp   
	----------------------------------------------------------------------------------------------
	  Convergence Criteria     1.00e-06 *    3.00e-04 *             o    1.20e-03 *             o
	----------------------------------------------------------------------------------------------
	     5    -389.32778279   -1.67e-02      7.90e-02      7.90e-02 o    1.28e-01      1.28e-01 o  ~
	----------------------------------------------------------------------------------------------


2025-07-17:10:53:33,62 INFO     [psi4.optking.stepAlgorithms:266] 	Convergence check returned False
2025-07-17:10:53:33,75 INFO     [psi4.driver.task_planner:285] PLANNING Atomic:  keywords={'DAMPING_PERCENTAGE': 1.0, 'GEOM_MAXITER': 500, 'SCF__GUESS': 'READ', 'GUESS': 'SAP', 'MAXITER': 500, 'REFERENCE': 'UKS', 'function_kwargs': {}}
2025-07-17:10:53:33,76 INFO     [psi4.driver.driver:636] Compute gradient(): method=b3lyp, basis=cc-pvdz, molecule=default, nre=39.82999121599007
2025-07-17:10:53:34,93 INFO     [psi4.driver.driver:639] Return gradient(): -389.3349241711111
2025-07-17:10:53:34,93 INFO     [psi4.driver.driver:640] [[ 0.00000000  0.00000000 -0.03534906]
 [-0.00000000  0.00000000  0.03526764]]
2025-07-17:10:53:34,95 INFO     [psi4.optking.history:257] 	Performing BFGS update.
2025-07-17:10:53:34,95 INFO     [psi4.optking.history:268] 	Using 4 previous steps for update.
2025-07-17:10:53:34,95 WARNING  [psi4.optking.history:286] 	Change in internal coordinate of 6.58e-01 exceeds limit of 5.00e-01.
2025-07-17:10:53:34,95 WARNING  [psi4.optking.history:291] 	Skipping Hessian update for step 2.
2025-07-17:10:53:34,95 WARNING  [psi4.optking.history:286] 	Change in internal coordinate of 8.96e-01 exceeds limit of 5.00e-01.
2025-07-17:10:53:34,95 WARNING  [psi4.optking.history:291] 	Skipping Hessian update for step 1.
2025-07-17:10:53:34,95 INFO     [psi4.optking.history:302] 	Steps to be used in Hessian update:  5 4 3

2025-07-17:10:53:34,95 INFO     [psi4.optking.history:400] 	Updated Hessian (in au) 
 	   0.527237

2025-07-17:10:53:34,95 INFO     [psi4.optking.molsys:874] Projected (PHP) Hessian matrix
	   0.527237

2025-07-17:10:53:34,95 INFO     [psi4.optking.opt_helper:168] 
	         Geometry (au)                                       Gradient (au)
   0.0000000000   0.0000000000   1.8840416527		   0.0000000000   0.0000000000  -0.0353490636
   0.0000000000   0.0000000000  -1.2794036847		  -0.0000000000   0.0000000000   0.0352676367

2025-07-17:10:53:34,95 INFO     [psi4.optking.stepAlgorithms:315] 	Current Step Report 
 
	Current energy:      -389.3349241711
	Energy change for the previous step:
		Actual       :        -0.0071413839
		Projected    :        -0.0050511943

2025-07-17:10:53:34,95 INFO     [psi4.optking.stepAlgorithms:318] 	Energy ratio =    1.41380
2025-07-17:10:53:34,96 INFO     [psi4.optking.stepAlgorithms:750] 	Using RFO solution 1.
2025-07-17:10:53:34,96 INFO     [psi4.optking.displace:73] 	Determining Cartesian step for fragment 1.
2025-07-17:10:53:34,96 INFO     [psi4.optking.displace:378] 	Successfully converged to displaced geometry.
2025-07-17:10:53:34,96 INFO     [psi4.optking.displace:379] 	RMS(dx):  0.000e+00 	Max(dx):  0.000e+00 	RMS(dq):  0.000e+00
2025-07-17:10:53:34,96 INFO     [psi4.optking.displace:132] 

	        --- Internal Coordinate Step in ANG or DEG, aJ/ANG or AJ/DEG ---
	-------------------------------------------------------------------------------
	           Coordinate      Previous         Force          Change          New 
	           ----------      --------        ------          ------        ------
	               R(1,2)       1.67402        0.29090        0.03528       1.70930
	-------------------------------------------------------------------------------

2025-07-17:10:53:34,96 INFO     [psi4.optking.stepAlgorithms:96] 	|target step| :    0.0666709791
2025-07-17:10:53:34,96 INFO     [psi4.optking.stepAlgorithms:97] 	gradient     :   -0.0353083502
2025-07-17:10:53:34,96 INFO     [psi4.optking.stepAlgorithms:98] 	hessian      :    0.5272369532
2025-07-17:10:53:34,96 INFO     [psi4.optking.stepAlgorithms:177] 	Norm of achieved step-size    0.0666709791
2025-07-17:10:53:34,96 INFO     [psi4.optking.stepAlgorithms:179] 	Norm of achieved step-size (cart):    0.0471435014
2025-07-17:10:53:34,96 INFO     [psi4.optking.opt_helper:151] Molsys:

	                            ===> Fragment 1 <== 

	 Z (Atomic Numbers)          Masses                          Geom                  
	       9.000000            18.998403          0.00000000  0.00000000  1.91737714   
	      14.000000            27.976927          0.00000000  0.00000000 -1.31273917   

	 - Coordinate -           - BOHR/RAD -       - ANG/DEG -
	 R(1,2)           =         3.230116           1.709304

2025-07-17:10:53:34,96 INFO     [psi4.optking.convcheck:71] Performing convergence check.
2025-07-17:10:53:34,96 INFO     [psi4.optking.convcheck:263] 
	                                 ==> Convergence Check <==                                  
    
	Measures of convergence in internal coordinates in au.
    
	Criteria marked as inactive (o), active & met (*), and active & unmet ( ).

	----------------------------------------------------------------------------------------------
	   Step    Total Energy     Delta E     Max Force     RMS Force      Max Disp      RMS Disp   
	----------------------------------------------------------------------------------------------
	  Convergence Criteria     1.00e-06 *    3.00e-04 *             o    1.20e-03 *             o
	----------------------------------------------------------------------------------------------
	     6    -389.33492417   -7.14e-03      3.53e-02      3.53e-02 o    6.67e-02      6.67e-02 o  ~
	----------------------------------------------------------------------------------------------


2025-07-17:10:53:34,96 INFO     [psi4.optking.stepAlgorithms:266] 	Convergence check returned False
2025-07-17:10:53:34,114 INFO     [psi4.driver.task_planner:285] PLANNING Atomic:  keywords={'DAMPING_PERCENTAGE': 1.0, 'GEOM_MAXITER': 500, 'SCF__GUESS': 'READ', 'GUESS': 'SAP', 'MAXITER': 500, 'REFERENCE': 'UKS', 'function_kwargs': {}}
2025-07-17:10:53:34,117 INFO     [psi4.driver.driver:636] Compute gradient(): method=b3lyp, basis=cc-pvdz, molecule=default, nre=39.00788320140786
2025-07-17:10:53:35,90 INFO     [psi4.driver.driver:639] Return gradient(): -389.3366748777292
2025-07-17:10:53:35,90 INFO     [psi4.driver.driver:640] [[ 0.00000000  0.00000000 -0.01793626]
 [-0.00000000  0.00000000  0.01784454]]
2025-07-17:10:53:35,93 INFO     [psi4.optking.history:257] 	Performing BFGS update.
2025-07-17:10:53:35,93 INFO     [psi4.optking.history:268] 	Using 4 previous steps for update.
2025-07-17:10:53:35,93 INFO     [psi4.optking.history:302] 	Steps to be used in Hessian update:  6 5 4 3

2025-07-17:10:53:35,93 INFO     [psi4.optking.history:400] 	Updated Hessian (in au) 
 	   0.491288

2025-07-17:10:53:35,93 INFO     [psi4.optking.molsys:874] Projected (PHP) Hessian matrix
	   0.491288

2025-07-17:10:53:35,93 INFO     [psi4.optking.opt_helper:168] 
	         Geometry (au)                                       Gradient (au)
   0.0000000000   0.0000000000   1.9237486457		   0.0000000000   0.0000000000  -0.0179362629
   0.0000000000   0.0000000000  -1.3063676708		  -0.0000000000   0.0000000000   0.0178445431

2025-07-17:10:53:35,93 INFO     [psi4.optking.stepAlgorithms:315] 	Current Step Report 
 
	Current energy:      -389.3366748777
	Energy change for the previous step:
		Actual       :        -0.0017507066
		Projected    :        -0.0011770211

2025-07-17:10:53:35,93 INFO     [psi4.optking.stepAlgorithms:318] 	Energy ratio =    1.48740
2025-07-17:10:53:35,93 INFO     [psi4.optking.stepAlgorithms:750] 	Using RFO solution 1.
2025-07-17:10:53:35,93 INFO     [psi4.optking.displace:73] 	Determining Cartesian step for fragment 1.
2025-07-17:10:53:35,94 INFO     [psi4.optking.displace:378] 	Successfully converged to displaced geometry.
2025-07-17:10:53:35,94 INFO     [psi4.optking.displace:379] 	RMS(dx):  0.000e+00 	Max(dx):  0.000e+00 	RMS(dq):  0.000e+00
2025-07-17:10:53:35,94 INFO     [psi4.optking.displace:132] 

	        --- Internal Coordinate Step in ANG or DEG, aJ/ANG or AJ/DEG ---
	-------------------------------------------------------------------------------
	           Coordinate      Previous         Force          Change          New 
	           ----------      --------        ------          ------        ------
	               R(1,2)       1.70930        0.14739        0.01924       1.72855
	-------------------------------------------------------------------------------

2025-07-17:10:53:35,94 INFO     [psi4.optking.stepAlgorithms:96] 	|target step| :    0.0363671230
2025-07-17:10:53:35,94 INFO     [psi4.optking.stepAlgorithms:97] 	gradient     :   -0.0178904030
2025-07-17:10:53:35,94 INFO     [psi4.optking.stepAlgorithms:98] 	hessian      :    0.4912882931
2025-07-17:10:53:35,94 INFO     [psi4.optking.stepAlgorithms:177] 	Norm of achieved step-size    0.0363671230
2025-07-17:10:53:35,94 INFO     [psi4.optking.stepAlgorithms:179] 	Norm of achieved step-size (cart):    0.0257154393
2025-07-17:10:53:35,94 INFO     [psi4.optking.opt_helper:151] Molsys:

	                            ===> Fragment 1 <== 

	 Z (Atomic Numbers)          Masses                          Geom                  
	       9.000000            18.998403          0.00000000  0.00000000  1.94193221   
	      14.000000            27.976927          0.00000000  0.00000000 -1.32455123   

	 - Coordinate -           - BOHR/RAD -       - ANG/DEG -
	 R(1,2)           =         3.266483           1.728549

2025-07-17:10:53:35,94 INFO     [psi4.optking.convcheck:71] Performing convergence check.
2025-07-17:10:53:35,94 INFO     [psi4.optking.convcheck:263] 
	                                 ==> Convergence Check <==                                  
    
	Measures of convergence in internal coordinates in au.
    
	Criteria marked as inactive (o), active & met (*), and active & unmet ( ).

	----------------------------------------------------------------------------------------------
	   Step    Total Energy     Delta E     Max Force     RMS Force      Max Disp      RMS Disp   
	----------------------------------------------------------------------------------------------
	  Convergence Criteria     1.00e-06 *    3.00e-04 *             o    1.20e-03 *             o
	----------------------------------------------------------------------------------------------
	     7    -389.33667488   -1.75e-03      1.79e-02      1.79e-02 o    3.64e-02      3.64e-02 o  ~
	----------------------------------------------------------------------------------------------


2025-07-17:10:53:35,94 INFO     [psi4.optking.stepAlgorithms:266] 	Convergence check returned False
2025-07-17:10:53:35,105 INFO     [psi4.driver.task_planner:285] PLANNING Atomic:  keywords={'DAMPING_PERCENTAGE': 1.0, 'GEOM_MAXITER': 500, 'SCF__GUESS': 'READ', 'GUESS': 'SAP', 'MAXITER': 500, 'REFERENCE': 'UKS', 'function_kwargs': {}}
2025-07-17:10:53:35,106 INFO     [psi4.driver.driver:636] Compute gradient(): method=b3lyp, basis=cc-pvdz, molecule=default, nre=38.573592163042264
2025-07-17:10:53:36,45 INFO     [psi4.driver.driver:639] Return gradient(): -389.33717092784286
2025-07-17:10:53:36,45 INFO     [psi4.driver.driver:640] [[ 0.00000000 -0.00000000 -0.00970474]
 [ 0.00000000 -0.00000000  0.00961329]]
2025-07-17:10:53:36,47 INFO     [psi4.optking.history:257] 	Performing BFGS update.
2025-07-17:10:53:36,47 INFO     [psi4.optking.history:268] 	Using 4 previous steps for update.
2025-07-17:10:53:36,47 INFO     [psi4.optking.history:302] 	Steps to be used in Hessian update:  7 6 5 4

2025-07-17:10:53:36,47 INFO     [psi4.optking.history:400] 	Updated Hessian (in au) 
 	   0.374624

2025-07-17:10:53:36,47 INFO     [psi4.optking.molsys:874] Projected (PHP) Hessian matrix
	   0.374624

2025-07-17:10:53:36,47 INFO     [psi4.optking.opt_helper:168] 
	         Geometry (au)                                       Gradient (au)
   0.0000000000   0.0000000000   1.9454076810		   0.0000000000  -0.0000000000  -0.0097047384
   0.0000000000   0.0000000000  -1.3210757584		   0.0000000000  -0.0000000000   0.0096132861

2025-07-17:10:53:36,47 INFO     [psi4.optking.stepAlgorithms:315] 	Current Step Report 
 
	Current energy:      -389.3371709278
	Energy change for the previous step:
		Actual       :        -0.0004960501
		Projected    :        -0.0003253112

2025-07-17:10:53:36,47 INFO     [psi4.optking.stepAlgorithms:318] 	Energy ratio =    1.52485
2025-07-17:10:53:36,47 INFO     [psi4.optking.stepAlgorithms:750] 	Using RFO solution 1.
2025-07-17:10:53:36,47 INFO     [psi4.optking.displace:73] 	Determining Cartesian step for fragment 1.
2025-07-17:10:53:36,48 INFO     [psi4.optking.displace:378] 	Successfully converged to displaced geometry.
2025-07-17:10:53:36,48 INFO     [psi4.optking.displace:379] 	RMS(dx):  0.000e+00 	Max(dx):  0.000e+00 	RMS(dq):  0.000e+00
2025-07-17:10:53:36,48 INFO     [psi4.optking.displace:132] 

	        --- Internal Coordinate Step in ANG or DEG, aJ/ANG or AJ/DEG ---
	-------------------------------------------------------------------------------
	           Coordinate      Previous         Force          Change          New 
	           ----------      --------        ------          ------        ------
	               R(1,2)       1.72855        0.07958        0.01363       1.74218
	-------------------------------------------------------------------------------

2025-07-17:10:53:36,48 INFO     [psi4.optking.stepAlgorithms:96] 	|target step| :    0.0257661139
2025-07-17:10:53:36,48 INFO     [psi4.optking.stepAlgorithms:97] 	gradient     :   -0.0096590123
2025-07-17:10:53:36,48 INFO     [psi4.optking.stepAlgorithms:98] 	hessian      :    0.3746238084
2025-07-17:10:53:36,48 INFO     [psi4.optking.stepAlgorithms:177] 	Norm of achieved step-size    0.0257661139
2025-07-17:10:53:36,48 INFO     [psi4.optking.stepAlgorithms:179] 	Norm of achieved step-size (cart):    0.0182193938
2025-07-17:10:53:36,48 INFO     [psi4.optking.opt_helper:151] Molsys:

	                            ===> Fragment 1 <== 

	 Z (Atomic Numbers)          Masses                          Geom                  
	       9.000000            18.998403          0.00000000  0.00000000  1.95829074   
	      14.000000            27.976927          0.00000000  0.00000000 -1.33395882   

	 - Coordinate -           - BOHR/RAD -       - ANG/DEG -
	 R(1,2)           =         3.292250           1.742183

2025-07-17:10:53:36,48 INFO     [psi4.optking.convcheck:71] Performing convergence check.
2025-07-17:10:53:36,48 INFO     [psi4.optking.convcheck:263] 
	                                 ==> Convergence Check <==                                  
    
	Measures of convergence in internal coordinates in au.
    
	Criteria marked as inactive (o), active & met (*), and active & unmet ( ).

	----------------------------------------------------------------------------------------------
	   Step    Total Energy     Delta E     Max Force     RMS Force      Max Disp      RMS Disp   
	----------------------------------------------------------------------------------------------
	  Convergence Criteria     1.00e-06 *    3.00e-04 *             o    1.20e-03 *             o
	----------------------------------------------------------------------------------------------
	     8    -389.33717093   -4.96e-04      9.66e-03      9.66e-03 o    2.58e-02      2.58e-02 o  ~
	----------------------------------------------------------------------------------------------


2025-07-17:10:53:36,48 INFO     [psi4.optking.stepAlgorithms:266] 	Convergence check returned False
2025-07-17:10:53:36,62 INFO     [psi4.driver.task_planner:285] PLANNING Atomic:  keywords={'DAMPING_PERCENTAGE': 1.0, 'GEOM_MAXITER': 500, 'SCF__GUESS': 'READ', 'GUESS': 'SAP', 'MAXITER': 500, 'REFERENCE': 'UKS', 'function_kwargs': {}}
2025-07-17:10:53:36,63 INFO     [psi4.driver.driver:636] Compute gradient(): method=b3lyp, basis=cc-pvdz, molecule=default, nre=38.27170387912149
2025-07-17:10:53:36,932 INFO     [psi4.driver.driver:639] Return gradient(): -389.3373487559022
2025-07-17:10:53:36,932 INFO     [psi4.driver.driver:640] [[-0.00000000  0.00000000 -0.00435940]
 [ 0.00000000  0.00000000  0.00427089]]
2025-07-17:10:53:36,934 INFO     [psi4.optking.history:257] 	Performing BFGS update.
2025-07-17:10:53:36,934 INFO     [psi4.optking.history:268] 	Using 4 previous steps for update.
2025-07-17:10:53:36,934 INFO     [psi4.optking.history:302] 	Steps to be used in Hessian update:  8 7 6 5

2025-07-17:10:53:36,934 INFO     [psi4.optking.history:400] 	Updated Hessian (in au) 
 	   0.290704

2025-07-17:10:53:36,934 INFO     [psi4.optking.molsys:874] Projected (PHP) Hessian matrix
	   0.290704

2025-07-17:10:53:36,934 INFO     [psi4.optking.opt_helper:168] 
	         Geometry (au)                                       Gradient (au)
   0.0000000000   0.0000000000   1.9607531119		  -0.0000000000   0.0000000000  -0.0043594037
   0.0000000000   0.0000000000  -1.3314964414		   0.0000000000   0.0000000000   0.0042708924

2025-07-17:10:53:36,934 INFO     [psi4.optking.stepAlgorithms:315] 	Current Step Report 
 
	Current energy:      -389.3373487559
	Energy change for the previous step:
		Actual       :        -0.0001778281
		Projected    :        -0.0001244376

2025-07-17:10:53:36,934 INFO     [psi4.optking.stepAlgorithms:318] 	Energy ratio =    1.42905
2025-07-17:10:53:36,935 INFO     [psi4.optking.stepAlgorithms:750] 	Using RFO solution 1.
2025-07-17:10:53:36,935 INFO     [psi4.optking.displace:73] 	Determining Cartesian step for fragment 1.
2025-07-17:10:53:36,935 INFO     [psi4.optking.displace:378] 	Successfully converged to displaced geometry.
2025-07-17:10:53:36,935 INFO     [psi4.optking.displace:379] 	RMS(dx):  1.282e-16 	Max(dx):  2.220e-16 	RMS(dq):  4.441e-16
2025-07-17:10:53:36,935 INFO     [psi4.optking.displace:132] 

	        --- Internal Coordinate Step in ANG or DEG, aJ/ANG or AJ/DEG ---
	-------------------------------------------------------------------------------
	           Coordinate      Previous         Force          Change          New 
	           ----------      --------        ------          ------        ------
	               R(1,2)       1.74218        0.03555        0.00785       1.75004
	-------------------------------------------------------------------------------

2025-07-17:10:53:36,935 INFO     [psi4.optking.stepAlgorithms:96] 	|target step| :    0.0148405179
2025-07-17:10:53:36,935 INFO     [psi4.optking.stepAlgorithms:97] 	gradient     :   -0.0043151481
2025-07-17:10:53:36,935 INFO     [psi4.optking.stepAlgorithms:98] 	hessian      :    0.2907039848
2025-07-17:10:53:36,935 INFO     [psi4.optking.stepAlgorithms:177] 	Norm of achieved step-size    0.0148405179
2025-07-17:10:53:36,935 INFO     [psi4.optking.stepAlgorithms:179] 	Norm of achieved step-size (cart):    0.0104938308
2025-07-17:10:53:36,935 INFO     [psi4.optking.opt_helper:151] Molsys:

	                            ===> Fragment 1 <== 

	 Z (Atomic Numbers)          Masses                          Geom                  
	       9.000000            18.998403          0.00000000  0.00000000  1.96817337   
	      14.000000            27.976927          0.00000000  0.00000000 -1.33891670   

	 - Coordinate -           - BOHR/RAD -       - ANG/DEG -
	 R(1,2)           =         3.307090           1.750037

2025-07-17:10:53:36,935 INFO     [psi4.optking.convcheck:71] Performing convergence check.
2025-07-17:10:53:36,935 INFO     [psi4.optking.convcheck:263] 
	                                 ==> Convergence Check <==                                  
    
	Measures of convergence in internal coordinates in au.
    
	Criteria marked as inactive (o), active & met (*), and active & unmet ( ).

	----------------------------------------------------------------------------------------------
	   Step    Total Energy     Delta E     Max Force     RMS Force      Max Disp      RMS Disp   
	----------------------------------------------------------------------------------------------
	  Convergence Criteria     1.00e-06 *    3.00e-04 *             o    1.20e-03 *             o
	----------------------------------------------------------------------------------------------
	     9    -389.33734876   -1.78e-04      4.32e-03      4.32e-03 o    1.48e-02      1.48e-02 o  ~
	----------------------------------------------------------------------------------------------


2025-07-17:10:53:36,935 INFO     [psi4.optking.stepAlgorithms:266] 	Convergence check returned False
2025-07-17:10:53:36,953 INFO     [psi4.driver.task_planner:285] PLANNING Atomic:  keywords={'DAMPING_PERCENTAGE': 1.0, 'GEOM_MAXITER': 500, 'SCF__GUESS': 'READ', 'GUESS': 'SAP', 'MAXITER': 500, 'REFERENCE': 'UKS', 'function_kwargs': {}}
2025-07-17:10:53:36,955 INFO     [psi4.driver.driver:636] Compute gradient(): method=b3lyp, basis=cc-pvdz, molecule=default, nre=38.09996017271273
2025-07-17:10:53:37,873 INFO     [psi4.driver.driver:639] Return gradient(): -389.3373904149281
2025-07-17:10:53:37,873 INFO     [psi4.driver.driver:640] [[ 0.00000000 -0.00000000 -0.00145288]
 [ 0.00000000  0.00000000  0.00136689]]
2025-07-17:10:53:37,875 INFO     [psi4.optking.history:257] 	Performing BFGS update.
2025-07-17:10:53:37,875 INFO     [psi4.optking.history:268] 	Using 4 previous steps for update.
2025-07-17:10:53:37,875 INFO     [psi4.optking.history:302] 	Steps to be used in Hessian update:  9 8 7 6

2025-07-17:10:53:37,875 INFO     [psi4.optking.history:400] 	Updated Hessian (in au) 
 	   0.235988

2025-07-17:10:53:37,875 INFO     [psi4.optking.molsys:874] Projected (PHP) Hessian matrix
	   0.235988

2025-07-17:10:53:37,875 INFO     [psi4.optking.opt_helper:168] 
	         Geometry (au)                                       Gradient (au)
   0.0000000000   0.0000000000   1.9695916252		   0.0000000000  -0.0000000000  -0.0014528759
   0.0000000000   0.0000000000  -1.3374984459		   0.0000000000   0.0000000000   0.0013668891

2025-07-17:10:53:37,875 INFO     [psi4.optking.stepAlgorithms:315] 	Current Step Report 
 
	Current energy:      -389.3373904149
	Energy change for the previous step:
		Actual       :        -0.0000416590
		Projected    :        -0.0000320195

2025-07-17:10:53:37,875 INFO     [psi4.optking.stepAlgorithms:318] 	Energy ratio =    1.30105
2025-07-17:10:53:37,875 INFO     [psi4.optking.stepAlgorithms:750] 	Using RFO solution 1.
2025-07-17:10:53:37,875 INFO     [psi4.optking.displace:73] 	Determining Cartesian step for fragment 1.
2025-07-17:10:53:37,876 INFO     [psi4.optking.displace:378] 	Successfully converged to displaced geometry.
2025-07-17:10:53:37,876 INFO     [psi4.optking.displace:379] 	RMS(dx):  0.000e+00 	Max(dx):  0.000e+00 	RMS(dq):  0.000e+00
2025-07-17:10:53:37,876 INFO     [psi4.optking.displace:132] 

	        --- Internal Coordinate Step in ANG or DEG, aJ/ANG or AJ/DEG ---
	-------------------------------------------------------------------------------
	           Coordinate      Previous         Force          Change          New 
	           ----------      --------        ------          ------        ------
	               R(1,2)       1.75004        0.01162        0.00316       1.75320
	-------------------------------------------------------------------------------

2025-07-17:10:53:37,876 INFO     [psi4.optking.stepAlgorithms:96] 	|target step| :    0.0059741629
2025-07-17:10:53:37,876 INFO     [psi4.optking.stepAlgorithms:97] 	gradient     :   -0.0014098825
2025-07-17:10:53:37,876 INFO     [psi4.optking.stepAlgorithms:98] 	hessian      :    0.2359882384
2025-07-17:10:53:37,876 INFO     [psi4.optking.stepAlgorithms:177] 	Norm of achieved step-size    0.0059741629
2025-07-17:10:53:37,876 INFO     [psi4.optking.stepAlgorithms:179] 	Norm of achieved step-size (cart):    0.0042243711
2025-07-17:10:53:37,876 INFO     [psi4.optking.opt_helper:151] Molsys:

	                            ===> Fragment 1 <== 

	 Z (Atomic Numbers)          Masses                          Geom                  
	       9.000000            18.998403          0.00000000  0.00000000  1.97257871   
	      14.000000            27.976927          0.00000000  0.00000000 -1.34048553   

	 - Coordinate -           - BOHR/RAD -       - ANG/DEG -
	 R(1,2)           =         3.313064           1.753198

2025-07-17:10:53:37,876 INFO     [psi4.optking.convcheck:71] Performing convergence check.
2025-07-17:10:53:37,876 INFO     [psi4.optking.convcheck:263] 
	                                 ==> Convergence Check <==                                  
    
	Measures of convergence in internal coordinates in au.
    
	Criteria marked as inactive (o), active & met (*), and active & unmet ( ).

	----------------------------------------------------------------------------------------------
	   Step    Total Energy     Delta E     Max Force     RMS Force      Max Disp      RMS Disp   
	----------------------------------------------------------------------------------------------
	  Convergence Criteria     1.00e-06 *    3.00e-04 *             o    1.20e-03 *             o
	----------------------------------------------------------------------------------------------
	    10    -389.33739041   -4.17e-05      1.41e-03      1.41e-03 o    5.97e-03      5.97e-03 o  ~
	----------------------------------------------------------------------------------------------


2025-07-17:10:53:37,876 INFO     [psi4.optking.stepAlgorithms:266] 	Convergence check returned False
2025-07-17:10:53:37,888 INFO     [psi4.driver.task_planner:285] PLANNING Atomic:  keywords={'DAMPING_PERCENTAGE': 1.0, 'GEOM_MAXITER': 500, 'SCF__GUESS': 'READ', 'GUESS': 'SAP', 'MAXITER': 500, 'REFERENCE': 'UKS', 'function_kwargs': {}}
2025-07-17:10:53:37,890 INFO     [psi4.driver.driver:636] Compute gradient(): method=b3lyp, basis=cc-pvdz, molecule=default, nre=38.031257801262655
2025-07-17:10:53:38,847 INFO     [psi4.driver.driver:639] Return gradient(): -389.33739518872045
2025-07-17:10:53:38,848 INFO     [psi4.driver.driver:640] [[ 0.00000000  0.00000000 -0.00031712]
 [ 0.00000000  0.00000000  0.00023224]]
2025-07-17:10:53:38,850 INFO     [psi4.optking.history:257] 	Performing BFGS update.
2025-07-17:10:53:38,850 INFO     [psi4.optking.history:268] 	Using 4 previous steps for update.
2025-07-17:10:53:38,851 INFO     [psi4.optking.history:302] 	Steps to be used in Hessian update:  10 9 8 7

2025-07-17:10:53:38,851 INFO     [psi4.optking.history:400] 	Updated Hessian (in au) 
 	   0.212371

2025-07-17:10:53:38,851 INFO     [psi4.optking.molsys:874] Projected (PHP) Hessian matrix
	   0.212371

2025-07-17:10:53:38,851 INFO     [psi4.optking.opt_helper:168] 
	         Geometry (au)                                       Gradient (au)
   0.0000000000   0.0000000000   1.9731496358		   0.0000000000   0.0000000000  -0.0003171190
   0.0000000000   0.0000000000  -1.3399145984		   0.0000000000   0.0000000000   0.0002322417

2025-07-17:10:53:38,851 INFO     [psi4.optking.stepAlgorithms:315] 	Current Step Report 
 
	Current energy:      -389.3373951887
	Energy change for the previous step:
		Actual       :        -0.0000047738
		Projected    :        -0.0000042114

2025-07-17:10:53:38,852 INFO     [psi4.optking.stepAlgorithms:318] 	Energy ratio =    1.13353
2025-07-17:10:53:38,852 INFO     [psi4.optking.stepAlgorithms:750] 	Using RFO solution 1.
2025-07-17:10:53:38,852 INFO     [psi4.optking.displace:73] 	Determining Cartesian step for fragment 1.
2025-07-17:10:53:38,852 INFO     [psi4.optking.displace:378] 	Successfully converged to displaced geometry.
2025-07-17:10:53:38,852 INFO     [psi4.optking.displace:379] 	RMS(dx):  1.282e-16 	Max(dx):  2.220e-16 	RMS(dq):  4.441e-16
2025-07-17:10:53:38,852 INFO     [psi4.optking.displace:132] 

	        --- Internal Coordinate Step in ANG or DEG, aJ/ANG or AJ/DEG ---
	-------------------------------------------------------------------------------
	           Coordinate      Previous         Force          Change          New 
	           ----------      --------        ------          ------        ------
	               R(1,2)       1.75320        0.00226        0.00068       1.75388
	-------------------------------------------------------------------------------

2025-07-17:10:53:38,852 INFO     [psi4.optking.stepAlgorithms:96] 	|target step| :    0.0012933972
2025-07-17:10:53:38,852 INFO     [psi4.optking.stepAlgorithms:97] 	gradient     :   -0.0002746804
2025-07-17:10:53:38,853 INFO     [psi4.optking.stepAlgorithms:98] 	hessian      :    0.2123708847
2025-07-17:10:53:38,853 INFO     [psi4.optking.stepAlgorithms:177] 	Norm of achieved step-size    0.0012933972
2025-07-17:10:53:38,853 INFO     [psi4.optking.stepAlgorithms:179] 	Norm of achieved step-size (cart):    0.0009145700
2025-07-17:10:53:38,853 INFO     [psi4.optking.opt_helper:151] Molsys:

	                            ===> Fragment 1 <== 

	 Z (Atomic Numbers)          Masses                          Geom                  
	       9.000000            18.998403          0.00000000  0.00000000  1.97379633   
	      14.000000            27.976927          0.00000000  0.00000000 -1.34056130   

	 - Coordinate -           - BOHR/RAD -       - ANG/DEG -
	 R(1,2)           =         3.314358           1.753883

2025-07-17:10:53:38,853 INFO     [psi4.optking.convcheck:71] Performing convergence check.
2025-07-17:10:53:38,853 INFO     [psi4.optking.convcheck:263] 
	                                 ==> Convergence Check <==                                  
    
	Measures of convergence in internal coordinates in au.
    
	Criteria marked as inactive (o), active & met (*), and active & unmet ( ).

	----------------------------------------------------------------------------------------------
	   Step    Total Energy     Delta E     Max Force     RMS Force      Max Disp      RMS Disp   
	----------------------------------------------------------------------------------------------
	  Convergence Criteria     1.00e-06 *    3.00e-04 *             o    1.20e-03 *             o
	----------------------------------------------------------------------------------------------
	    11    -389.33739519   -4.77e-06      2.75e-04 *    2.75e-04 o    1.29e-03      1.29e-03 o  ~
	----------------------------------------------------------------------------------------------


2025-07-17:10:53:38,853 INFO     [psi4.optking.stepAlgorithms:266] 	Convergence check returned False
2025-07-17:10:53:38,873 INFO     [psi4.driver.task_planner:285] PLANNING Atomic:  keywords={'DAMPING_PERCENTAGE': 1.0, 'GEOM_MAXITER': 500, 'SCF__GUESS': 'READ', 'GUESS': 'SAP', 'MAXITER': 500, 'REFERENCE': 'UKS', 'function_kwargs': {}}
2025-07-17:10:53:38,874 INFO     [psi4.driver.driver:636] Compute gradient(): method=b3lyp, basis=cc-pvdz, molecule=default, nre=38.01641645668504
2025-07-17:10:53:39,759 INFO     [psi4.driver.driver:639] Return gradient(): -389.33739533409204
2025-07-17:10:53:39,759 INFO     [psi4.driver.driver:640] [[ 0.00000000 -0.00000000 -0.00007378]
 [ 0.00000000  0.00000000 -0.00001086]]
2025-07-17:10:53:39,761 INFO     [psi4.optking.history:257] 	Performing BFGS update.
2025-07-17:10:53:39,761 INFO     [psi4.optking.history:268] 	Using 4 previous steps for update.
2025-07-17:10:53:39,761 INFO     [psi4.optking.history:302] 	Steps to be used in Hessian update:  11 10 9 8

2025-07-17:10:53:39,761 INFO     [psi4.optking.history:400] 	Updated Hessian (in au) 
 	   0.201101

2025-07-17:10:53:39,761 INFO     [psi4.optking.molsys:874] Projected (PHP) Hessian matrix
	   0.201101

2025-07-17:10:53:39,761 INFO     [psi4.optking.opt_helper:168] 
	         Geometry (au)                                       Gradient (au)
   0.0000000000   0.0000000000   1.9739199397		   0.0000000000  -0.0000000000  -0.0000737783
   0.0000000000   0.0000000000  -1.3404376917		   0.0000000000   0.0000000000  -0.0000108553

2025-07-17:10:53:39,761 INFO     [psi4.optking.stepAlgorithms:315] 	Current Step Report 
 
	Current energy:      -389.3373953341
	Energy change for the previous step:
		Actual       :        -0.0000001454
		Projected    :        -0.0000001776

2025-07-17:10:53:39,761 INFO     [psi4.optking.stepAlgorithms:318] 	Energy ratio =    0.81837
2025-07-17:10:53:39,761 INFO     [psi4.optking.stepAlgorithms:750] 	Using RFO solution 1.
2025-07-17:10:53:39,761 INFO     [psi4.optking.displace:73] 	Determining Cartesian step for fragment 1.
2025-07-17:10:53:39,761 INFO     [psi4.optking.displace:378] 	Successfully converged to displaced geometry.
2025-07-17:10:53:39,762 INFO     [psi4.optking.displace:379] 	RMS(dx):  0.000e+00 	Max(dx):  0.000e+00 	RMS(dq):  0.000e+00
2025-07-17:10:53:39,762 INFO     [psi4.optking.displace:132] 

	        --- Internal Coordinate Step in ANG or DEG, aJ/ANG or AJ/DEG ---
	-------------------------------------------------------------------------------
	           Coordinate      Previous         Force          Change          New 
	           ----------      --------        ------          ------        ------
	               R(1,2)       1.75388        0.00026        0.00008       1.75397
	-------------------------------------------------------------------------------

2025-07-17:10:53:39,762 INFO     [psi4.optking.stepAlgorithms:96] 	|target step| :    0.0001564462
2025-07-17:10:53:39,762 INFO     [psi4.optking.stepAlgorithms:97] 	gradient     :   -0.0000314615
2025-07-17:10:53:39,762 INFO     [psi4.optking.stepAlgorithms:98] 	hessian      :    0.2011010603
2025-07-17:10:53:39,762 INFO     [psi4.optking.stepAlgorithms:177] 	Norm of achieved step-size    0.0001564462
2025-07-17:10:53:39,762 INFO     [psi4.optking.stepAlgorithms:179] 	Norm of achieved step-size (cart):    0.0001106242
2025-07-17:10:53:39,762 INFO     [psi4.optking.opt_helper:151] Molsys:

	                            ===> Fragment 1 <== 

	 Z (Atomic Numbers)          Masses                          Geom                  
	       9.000000            18.998403          0.00000000  0.00000000  1.97399816   
	      14.000000            27.976927          0.00000000  0.00000000 -1.34051591   

	 - Coordinate -           - BOHR/RAD -       - ANG/DEG -
	 R(1,2)           =         3.314514           1.753965

2025-07-17:10:53:39,762 INFO     [psi4.optking.convcheck:71] Performing convergence check.
2025-07-17:10:53:39,762 INFO     [psi4.optking.convcheck:263] 
	                                 ==> Convergence Check <==                                  
    
	Measures of convergence in internal coordinates in au.
    
	Criteria marked as inactive (o), active & met (*), and active & unmet ( ).

	----------------------------------------------------------------------------------------------
	   Step    Total Energy     Delta E     Max Force     RMS Force      Max Disp      RMS Disp   
	----------------------------------------------------------------------------------------------
	  Convergence Criteria     1.00e-06 *    3.00e-04 *             o    1.20e-03 *             o
	----------------------------------------------------------------------------------------------
	    12    -389.33739533   -1.45e-07 *    3.15e-05 *    3.15e-05 o    1.56e-04 *    1.56e-04 o  ~
	----------------------------------------------------------------------------------------------


2025-07-17:10:53:39,762 INFO     [psi4.optking.convcheck:193] 
	                      ===> Final Convergence Report <===                     

	----------------------------------------------------------------------------
	|   Required Criteria    |  One or More Criteria  |   Alternate Criteria   |
	----------------------------------------------------------------------------
	| [x]     max_force      | [x]       max_DE       |                        |
	|                        | [x]      max_disp      |                        |
	----------------------------------------------------------------------------


2025-07-17:10:53:39,762 INFO     [psi4.optking.stepAlgorithms:266] 	Convergence check returned True
2025-07-17:10:53:39,762 INFO     [psi4.optking.optimize:286] 	Converged in 12 steps!
2025-07-17:10:53:39,762 INFO     [psi4.optking.optimize:287] 	Final energy is   -389.3373953340920
2025-07-17:10:53:39,762 INFO     [psi4.optking.optimize:288] 	Final structure (Angstroms): 
	Fragment 1 (Ang)

	    F   0.0000000000   0.0000000000   1.0445948416
	   Si   0.0000000000   0.0000000000  -0.7093704726


2025-07-17:10:53:39,763 INFO     [psi4.optking.optimize:432] 	Optimization Finished

	==> Optimization Summary <==

        
	Measures of convergence in internal coordinates in au. (Any backward steps not shown.)
        
	---------------------------------------------------------------------------------------------------------------  ~
        
	 Step         Total Energy             Delta E       MAX Force       RMS Force        MAX Disp        RMS Disp   ~
        
	---------------------------------------------------------------------------------------------------------------  ~
        
	     1    -389.009626692898   -389.009626692898      1.05307365      1.05307365      0.23758474      0.23758474  ~
	     2    -389.191713719055     -0.182087026157      0.53428403      0.53428403      0.23156070      0.23156070  ~
	     3    -389.280583500880     -0.088869781824      0.26024268      0.26024268      0.15050627      0.15050627  ~
	     4    -389.311052392440     -0.030468891560      0.15170151      0.15170151      0.14817102      0.14817102  ~
	     5    -389.327782787166     -0.016730394726      0.07895498      0.07895498      0.12795125      0.12795125  ~
	     6    -389.334924171111     -0.007141383945      0.03530835      0.03530835      0.06667098      0.06667098  ~
	     7    -389.336674877729     -0.001750706618      0.01789040      0.01789040      0.03636712      0.03636712  ~
	     8    -389.337170927843     -0.000496050114      0.00965901      0.00965901      0.02576611      0.02576611  ~
	     9    -389.337348755902     -0.000177828059      0.00431515      0.00431515      0.01484052      0.01484052  ~
	    10    -389.337390414928     -0.000041659026      0.00140988      0.00140988      0.00597416      0.00597416  ~
	    11    -389.337395188720     -0.000004773792      0.00027468      0.00027468      0.00129340      0.00129340  ~
	    12    -389.337395334092     -0.000000145372      0.00003146      0.00003146      0.00015645      0.00015645  ~
	----------------------------------------------------------------------------------------------------------------


2025-07-17:10:53:39,763 INFO     [psi4.optking.optimize:640] Preparing OptimizationResult
