2025-08-10:18:11:00,12 INFO     [psi4.optking.optwrapper:214] Creating a UserComputer
2025-08-10:18:11:00,12 INFO     [psi4.optking.optwrapper:222] 
    			-----------------------------------------

    			 OPTKING 3.0: for geometry optimizations 

    			     By R.A. King, Bethel University     

    			        with contributions from          

    			    A.V. Copan, J. Cayton, A. Heide      

    			-----------------------------------------

    
2025-08-10:18:11:00,13 INFO     [psi4.optking.optwrapper:238] 
		 -- Optimization Parameters --
	accept_symmetry_breaking       =           False
	alg_geom_maxiter               =              50
	bt_dx_conv                     =           1e-07
	bt_dx_rms_change_conv          =           1e-12
	bt_max_iter                    =              25
	cart_hess_read                 =           False
	consecutive_backsteps_allowed  =               0
	conv_max_DE                    =           1e-06
	conv_max_disp                  =          0.0012
	conv_max_force                 =          0.0003
	conv_rms_disp                  =              -1
	conv_rms_force                 =              -1
	covalent_connect               =             1.3
	dynamic_level                  =               0
	dynamic_level_max              =               0
	ensure_bt_convergence          =           False
	ext_force_bend                 =              []
	ext_force_cartesian            =              []
	ext_force_dihedral             =              []
	ext_force_distance             =              []
	ext_force_oofp                 =              []
	fix_val_near_pi                =            1.57
	flexible_g_convergence         =           False
	frag_mode                      =          SINGLE
	frag_ref_atoms                 =            None
	freeze_intrafrag               =           False
	frozen_bend                    =              []
	frozen_cartesian               =              []
	frozen_dihedral                =              []
	frozen_distance                =              []
	frozen_oofp                    =              []
	full_hess_every                =              -1
	g_convergence                  =           QCHEM
	generate_intcos_exit           =           False
	geom_maxiter                   =              50
	h_bond_connect                 =             4.3
	hess_update                    =            BFGS
	hess_update_den_tol            =           1e-07
	hess_update_dq_tol             =             0.5
	hess_update_limit              =            True
	hess_update_limit_max          =             1.0
	hess_update_limit_scale        =             0.5
	hess_update_use_last           =               4
	hessian_file                   =            None
	i_max_DE                       =            True
	i_max_disp                     =            True
	i_max_force                    =            True
	i_rms_disp                     =           False
	i_rms_force                    =           False
	i_untampered                   =            True
	include_oofp                   =           False
	interfrag_collinear_tol        =            0.01
	interfrag_coords               =            None
	interfrag_dist_inv             =           False
	interfrag_mode                 =           FIXED
	interfrag_trust                =             0.5
	interfrag_trust_max            =             1.0
	interfrag_trust_min            =           0.001
	interfragment_connect          =             1.8
	intrafrag_hess                 =        SCHLEGEL
	intrafrag_trust                =             0.5
	intrafrag_trust_max            =             1.0
	intrafrag_trust_min            =           0.001
	irc_direction                  =         FORWARD
	irc_points                     =              20
	irc_step_size                  =             0.2
	keep_intcos                    =           False
	linear_bend_threshold          =            3.05
	linesearch                     =           False
	linesearch_step                =             0.1
	max_disp_g_convergence         =          0.0012
	max_energy_g_convergence       =           1e-06
	max_force_g_convergence        =          0.0003
	opt_coordinates                =       REDUNDANT
	opt_type                       =             MIN
	output_type                    =            FILE
	print_lvl                      =               1
	program                        =            psi4
	ranged_bend                    =              []
	ranged_cartesian               =              []
	ranged_dihedral                =              []
	ranged_distance                =              []
	ranged_oofp                    =              []
	redundant_eval_tol             =           1e-10
	rfo_follow_root                =           False
	rfo_normalization_max          =             100
	rfo_root                       =               0
	rms_disp_g_convergence         =          0.0012
	rms_force_g_convergence        =          0.0003
	rsrfo_alpha_max                =     100000000.0
	sd_hessian                     =             1.0
	simple_step_scaling            =           False
	small_bend_fix_threshold       =            0.35
	steepest_descent_type          =         OVERLAP
	step_type                      =             RFO
	test_B                         =           False
	test_derivative_B              =           False
	trajectory                     =           False
	v3d_tors_angle_lim             =           0.017
	v3d_tors_cos_tol               =           1e-10
	working_consecutive_backsteps  =               0
	working_steps_since_last_H     =               0


2025-08-10:18:11:00,823 INFO     [psi4.optking.molsys:599] 	Increasing scaling to  1.500 to connect fragments.
2025-08-10:18:11:00,823 INFO     [psi4.optking.molsys:599] 	Increasing scaling to  1.700 to connect fragments.
2025-08-10:18:11:00,823 INFO     [psi4.optking.molsys:599] 	Increasing scaling to  1.900 to connect fragments.
2025-08-10:18:11:00,823 INFO     [psi4.optking.molsys:576] 	Connecting fragments with atoms 1 and 2
2025-08-10:18:11:00,823 INFO     [psi4.optking.molsys:595] 	All fragments are connected in connectivity matrix.
2025-08-10:18:11:00,823 INFO     [psi4.optking.molsys:470] 	Consolidating multiple fragments into one for optimization.
2025-08-10:18:11:00,823 INFO     [psi4.optking.opt_helper:151] Molsys:

	                            ===> Fragment 1 <== 

	 Z (Atomic Numbers)          Masses                          Geom                  
	       1.000000             1.007825          0.00000000  0.00000000 -1.05236108   
	       1.000000             1.007825          0.00000000  0.00000000  1.05236108   

	 - Coordinate -           - BOHR/RAD -       - ANG/DEG -
	 R(1,2)           =         2.104722           1.113771

2025-08-10:18:11:00,833 INFO     [psi4.driver.task_planner:285] PLANNING Atomic:  keywords={'DAMPING_PERCENTAGE': 1.0, 'DIIS_MAX_VECS': 400, 'D_CONVERGENCE': 1e-08, 'E_CONVERGENCE': 1e-08, 'GUESS': 'SAP', 'MAXITER': 500, 'MBIS_MAXITER': 8000, 'REFERENCE': 'UKS', 'function_kwargs': {}}
2025-08-10:18:11:00,834 INFO     [psi4.driver.driver:636] Compute gradient(): method=b3lyp, basis=cc-pvtz, molecule=default, nre=0.4751220948202099
2025-08-10:18:11:01,409 INFO     [psi4.driver.driver:639] Return gradient(): -0.610251732540599
2025-08-10:18:11:01,409 INFO     [psi4.driver.driver:640] [[-0.00000000  0.00000000  0.00007571]
 [ 0.00000000  0.00000000 -0.00007571]]
2025-08-10:18:11:01,411 INFO     [psi4.optking.molsys:874] Projected (PHP) Hessian matrix
	   0.133830

2025-08-10:18:11:01,411 INFO     [psi4.optking.opt_helper:168] 
	         Geometry (au)                                       Gradient (au)
   0.0000000000   0.0000000000  -1.0523610782		  -0.0000000000   0.0000000000   0.0000757124
   0.0000000000   0.0000000000   1.0523610782		   0.0000000000   0.0000000000  -0.0000757124

2025-08-10:18:11:01,411 INFO     [psi4.optking.stepAlgorithms:750] 	Using RFO solution 1.
2025-08-10:18:11:01,411 INFO     [psi4.optking.displace:73] 	Determining Cartesian step for fragment 1.
2025-08-10:18:11:01,411 INFO     [psi4.optking.displace:378] 	Successfully converged to displaced geometry.
2025-08-10:18:11:01,411 INFO     [psi4.optking.displace:379] 	RMS(dx):  0.000e+00 	Max(dx):  0.000e+00 	RMS(dq):  0.000e+00
2025-08-10:18:11:01,411 INFO     [psi4.optking.displace:132] 

	        --- Internal Coordinate Step in ANG or DEG, aJ/ANG or AJ/DEG ---
	-------------------------------------------------------------------------------
	           Coordinate      Previous         Force          Change          New 
	           ----------      --------        ------          ------        ------
	               R(1,2)       1.11377        0.00062        0.00030       1.11407
	-------------------------------------------------------------------------------

2025-08-10:18:11:01,412 INFO     [psi4.optking.stepAlgorithms:96] 	|target step| :    0.0005657348
2025-08-10:18:11:01,412 INFO     [psi4.optking.stepAlgorithms:97] 	gradient     :   -0.0000757124
2025-08-10:18:11:01,412 INFO     [psi4.optking.stepAlgorithms:98] 	hessian      :    0.1338302099
2025-08-10:18:11:01,412 INFO     [psi4.optking.stepAlgorithms:177] 	Norm of achieved step-size    0.0005657348
2025-08-10:18:11:01,412 INFO     [psi4.optking.stepAlgorithms:179] 	Norm of achieved step-size (cart):    0.0004000349
2025-08-10:18:11:01,412 INFO     [psi4.optking.opt_helper:151] Molsys:

	                            ===> Fragment 1 <== 

	 Z (Atomic Numbers)          Masses                          Geom                  
	       1.000000             1.007825          0.00000000  0.00000000 -1.05264395   
	       1.000000             1.007825          0.00000000  0.00000000  1.05264395   

	 - Coordinate -           - BOHR/RAD -       - ANG/DEG -
	 R(1,2)           =         2.105288           1.114070

2025-08-10:18:11:01,412 INFO     [psi4.optking.convcheck:71] Performing convergence check.
2025-08-10:18:11:01,412 INFO     [psi4.optking.convcheck:263] 
	                                 ==> Convergence Check <==                                  
    
	Measures of convergence in internal coordinates in au.
    
	Criteria marked as inactive (o), active & met (*), and active & unmet ( ).

	----------------------------------------------------------------------------------------------
	   Step    Total Energy     Delta E     Max Force     RMS Force      Max Disp      RMS Disp   
	----------------------------------------------------------------------------------------------
	  Convergence Criteria     1.00e-06 *    3.00e-04 *             o    1.20e-03 *             o
	----------------------------------------------------------------------------------------------
	     1      -0.61025173   -6.10e-01      7.57e-05 *    7.57e-05 o    5.66e-04 *    5.66e-04 o  ~
	----------------------------------------------------------------------------------------------


2025-08-10:18:11:01,412 INFO     [psi4.optking.convcheck:193] 
	                      ===> Final Convergence Report <===                     

	----------------------------------------------------------------------------
	|   Required Criteria    |  One or More Criteria  |   Alternate Criteria   |
	----------------------------------------------------------------------------
	| [x]     max_force      | [ ]       max_DE       |                        |
	|                        | [x]      max_disp      |                        |
	----------------------------------------------------------------------------


2025-08-10:18:11:01,412 INFO     [psi4.optking.stepAlgorithms:266] 	Convergence check returned True
2025-08-10:18:11:01,412 INFO     [psi4.optking.optimize:286] 	Converged in 1 steps!
2025-08-10:18:11:01,412 INFO     [psi4.optking.optimize:287] 	Final energy is     -0.6102517325406
2025-08-10:18:11:01,412 INFO     [psi4.optking.optimize:288] 	Final structure (Angstroms): 
	Fragment 1 (Ang)

	    H   0.0000000000   0.0000000000  -0.5570351870
	    H   0.0000000000   0.0000000000   0.5570351870


2025-08-10:18:11:01,413 INFO     [psi4.optking.optimize:432] 	Optimization Finished

	==> Optimization Summary <==

        
	Measures of convergence in internal coordinates in au. (Any backward steps not shown.)
        
	---------------------------------------------------------------------------------------------------------------  ~
        
	 Step         Total Energy             Delta E       MAX Force       RMS Force        MAX Disp        RMS Disp   ~
        
	---------------------------------------------------------------------------------------------------------------  ~
        
	     1      -0.610251732541     -0.610251732541      0.00007571      0.00007571      0.00056573      0.00056573  ~
	----------------------------------------------------------------------------------------------------------------


2025-08-10:18:11:01,413 INFO     [psi4.optking.optimize:640] Preparing OptimizationResult
2025-08-10:18:11:01,427 INFO     [psi4.driver.task_planner:289] PLANNING FD:  dermode=(2, 1) keywords={'DAMPING_PERCENTAGE': 1.0, 'DIIS_MAX_VECS': 400, 'D_CONVERGENCE': 1e-08, 'E_CONVERGENCE': 1e-08, 'GUESS': 'SAP', 'MAXITER': 500, 'MBIS_MAXITER': 8000, 'REFERENCE': 'UKS', 'function_kwargs': {}} findif_kw={'findif_irrep': -1, 'findif_stencil_size': 3, 'findif_step_size': 0.005, 'findif_verbose': 1} kw={'wfn': <psi4.core.UHF object at 0x13e5a6bb0>}
2025-08-10:18:11:01,427 INFO     [psi4.driver.driver_findif:269] 
         ----------------------------------------------------------
                                   FINDIF
                     R. A. King and Jonathon Misiewicz
         ----------------------------------------------------------


2025-08-10:18:11:01,427 INFO     [psi4.driver.driver_findif:278]   Using finite-differences of gradients to determine vibrational frequencies and 
  normal modes. Resulting frequencies are only valid at stationary points.
    Generating geometries for use with 3-point formula.
    Displacement size will be 5.00e-03.

2025-08-10:18:11:01,427 INFO     [psi4.driver.driver_findif:297]     Number of atoms is 2.
    Number of irreps is 8.
    Number of SALCs is 3.
    Translations projected? 1. Rotations projected? 0.

2025-08-10:18:11:01,427 INFO     [psi4.driver.driver_findif:348]     Index of SALCs per irrep:
      1 :  0 
      2 : 
      3 :  1 
      4 :  2 
      5 : 
      6 : 
      7 : 
      8 : 
    Number of SALCs per irrep:
      Irrep 1: 1
      Irrep 2: 0
      Irrep 3: 1
      Irrep 4: 1
      Irrep 5: 0
      Irrep 6: 0
      Irrep 7: 0
      Irrep 8: 0

2025-08-10:18:11:01,428 INFO     [psi4.driver.driver_findif:373]     Number of geometries (including reference) is 5.
    Number of displacements per irrep:
      Irrep 1: 2
      Irrep 2: 0
      Irrep 3: 1
      Irrep 4: 1
      Irrep 5: 0
      Irrep 6: 0
      Irrep 7: 0
      Irrep 8: 0

2025-08-10:18:11:01,455 INFO     [psi4.driver.task_base:172] <<< JSON launch ... d2h 0.4751220948202099
2025-08-10:18:11:01,682 INFO     [psi4.driver.task_planner:285] PLANNING Atomic:  keywords={'DAMPING_PERCENTAGE': 1.0, 'DIIS_MAX_VECS': 400, 'D_CONVERGENCE': 1e-08, 'E_CONVERGENCE': 1e-08, 'GUESS': 'SAP', 'MAXITER': 500, 'MBIS_MAXITER': 8000, 'PARENT_SYMMETRY': 'D2H', 'REFERENCE': 'UKS', 'function_kwargs': {}}
2025-08-10:18:11:01,683 INFO     [psi4.driver.driver:636] Compute gradient(): method=b3lyp, basis=cc-pvtz, molecule=H2, nre=0.4751220948202099
2025-08-10:18:11:02,203 INFO     [psi4.driver.driver:639] Return gradient(): -0.610251732540599
2025-08-10:18:11:02,203 INFO     [psi4.driver.driver:640] [[-0.00000000  0.00000000  0.00007571]
 [ 0.00000000  0.00000000 -0.00007571]]
2025-08-10:18:11:02,223 INFO     [psi4.driver.task_base:172] <<< JSON launch ... d2h 0.4735373770680718
2025-08-10:18:11:02,237 INFO     [psi4.driver.task_planner:285] PLANNING Atomic:  keywords={'DAMPING_PERCENTAGE': 1.0, 'DIIS_MAX_VECS': 400, 'D_CONVERGENCE': 1e-08, 'E_CONVERGENCE': 1e-08, 'GUESS': 'SAP', 'MAXITER': 500, 'MBIS_MAXITER': 8000, 'PARENT_SYMMETRY': 'D2H', 'REFERENCE': 'UKS', 'function_kwargs': {}}
2025-08-10:18:11:02,239 INFO     [psi4.driver.driver:636] Compute gradient(): method=b3lyp, basis=cc-pvtz, molecule=H2, nre=0.4735373770680718
2025-08-10:18:11:02,745 INFO     [psi4.driver.driver:639] Return gradient(): -0.6102503752633972
2025-08-10:18:11:02,745 INFO     [psi4.driver.driver:640] [[ 0.00000000 -0.00000000 -0.00045947]
 [ 0.00000000 -0.00000000  0.00045947]]
2025-08-10:18:11:02,759 INFO     [psi4.driver.task_base:172] <<< JSON launch ... d2h 0.47671745487006306
2025-08-10:18:11:02,777 INFO     [psi4.driver.task_planner:285] PLANNING Atomic:  keywords={'DAMPING_PERCENTAGE': 1.0, 'DIIS_MAX_VECS': 400, 'D_CONVERGENCE': 1e-08, 'E_CONVERGENCE': 1e-08, 'GUESS': 'SAP', 'MAXITER': 500, 'MBIS_MAXITER': 8000, 'PARENT_SYMMETRY': 'D2H', 'REFERENCE': 'UKS', 'function_kwargs': {}}
2025-08-10:18:11:02,779 INFO     [psi4.driver.driver:636] Compute gradient(): method=b3lyp, basis=cc-pvtz, molecule=H2, nre=0.47671745487006295
2025-08-10:18:11:03,301 INFO     [psi4.driver.driver:639] Return gradient(): -0.6102492851714707
2025-08-10:18:11:03,301 INFO     [psi4.driver.driver:640] [[ 0.00000000  0.00000000  0.00062088]
 [-0.00000000  0.00000000 -0.00062088]]
2025-08-10:18:11:03,314 INFO     [psi4.driver.task_base:172] <<< JSON launch ... d2h 0.4751194342979252
2025-08-10:18:11:03,332 INFO     [psi4.driver.task_planner:285] PLANNING Atomic:  keywords={'DAMPING_PERCENTAGE': 1.0, 'DIIS_MAX_VECS': 400, 'D_CONVERGENCE': 1e-08, 'E_CONVERGENCE': 1e-08, 'GUESS': 'SAP', 'MAXITER': 500, 'MBIS_MAXITER': 8000, 'PARENT_SYMMETRY': 'D2H', 'REFERENCE': 'UKS', 'function_kwargs': {}}
2025-08-10:18:11:03,333 INFO     [psi4.driver.driver:636] Compute gradient(): method=b3lyp, basis=cc-pvtz, molecule=H2, nre=0.4751194342979252
2025-08-10:18:11:03,840 INFO     [psi4.driver.driver:639] Return gradient(): -0.6102517334278905
2025-08-10:18:11:03,841 INFO     [psi4.driver.driver:640] [[ 0.00000025  0.00000000  0.00007481]
 [-0.00000025  0.00000000 -0.00007481]]
2025-08-10:18:11:03,854 INFO     [psi4.driver.task_base:172] <<< JSON launch ... d2h 0.4751194342979252
2025-08-10:18:11:03,870 INFO     [psi4.driver.task_planner:285] PLANNING Atomic:  keywords={'DAMPING_PERCENTAGE': 1.0, 'DIIS_MAX_VECS': 400, 'D_CONVERGENCE': 1e-08, 'E_CONVERGENCE': 1e-08, 'GUESS': 'SAP', 'MAXITER': 500, 'MBIS_MAXITER': 8000, 'PARENT_SYMMETRY': 'D2H', 'REFERENCE': 'UKS', 'function_kwargs': {}}
2025-08-10:18:11:03,872 INFO     [psi4.driver.driver:636] Compute gradient(): method=b3lyp, basis=cc-pvtz, molecule=H2, nre=0.4751194342979252
2025-08-10:18:11:04,363 INFO     [psi4.driver.driver:639] Return gradient(): -0.6102517334278861
2025-08-10:18:11:04,363 INFO     [psi4.driver.driver:640] [[ 0.00000000  0.00000025  0.00007481]
 [ 0.00000000 -0.00000025 -0.00007481]]
2025-08-10:18:11:04,381 INFO     [psi4.driver.driver_findif:278] 
2025-08-10:18:11:04,381 INFO     [psi4.driver.driver_findif:278]   Computing second-derivative from gradients using projected, 
  symmetry-adapted, cartesian coordinates.

  5 gradients passed in, including the reference geometry.

2025-08-10:18:11:04,435 INFO     [psi4.driver.task_planner:285] PLANNING Atomic:  keywords={'DAMPING_PERCENTAGE': 1.0, 'DIIS_MAX_VECS': 400, 'D_CONVERGENCE': 1e-08, 'E_CONVERGENCE': 1e-08, 'GUESS': 'SAP', 'MAXITER': 500, 'MBIS_MAXITER': 8000, 'REFERENCE': 'UKS', 'function_kwargs': {}}
2025-08-10:18:11:04,437 INFO     [psi4.driver.driver:788] Compute properties(): method=b3lyp, basis=cc-pvtz, molecule=default, nre=0.4751220948202099
2025-08-10:18:11:04,829 INFO     [psi4.driver.driver:791] Return properties(): -0.610251732540599
